# --sessions 720 --app-url=http://shinyloadtest.rstudioservices.com/cran_explorer --output-dir test720 --overwrite-output --log-level warn --start-interval 500 15min.log
thread_id,event,timestamp,input_line_number,comment
146,PLAYER_SESSION_CREATE,1516222120114
146,PLAYER_START_INTERVAL_START,1516222120114
146,PLAYER_START_INTERVAL_END,1516222193115
146,REQ_HOME_START,1516222193115,2
146,REQ_HOME_END,1516222193216,2
146,REQ_START,1516222193216,3
146,REQ_END,1516222193247,3
146,REQ_START,1516222193247,4
146,REQ_END,1516222193278,4
146,REQ_START,1516222193278,5
146,REQ_END,1516222193311,5
146,REQ_START,1516222193311,6
146,REQ_END,1516222193343,6
146,REQ_START,1516222193343,7
146,REQ_END,1516222193375,7
146,REQ_START,1516222193375,8
146,REQ_END,1516222193407,8
146,REQ_START,1516222193407,9
146,REQ_END,1516222193443,9
146,REQ_START,1516222193443,10
146,REQ_END,1516222193450,10
146,REQ_START,1516222193450,11
146,REQ_END,1516222193481,11
146,REQ_START,1516222193481,12
146,REQ_END,1516222193490,12
146,REQ_START,1516222193490,13
146,REQ_END,1516222193525,13
146,REQ_START,1516222193525,14
146,REQ_END,1516222193539,14
146,REQ_START,1516222193539,15
146,REQ_END,1516222193573,15
146,REQ_TOK_START,1516222193573,16
146,REQ_TOK_END,1516222193581,16
146,REQ_SINF_START,1516222193581,17
146,REQ_SINF_END,1516222193587,17
146,WS_OPEN_START,1516222193587,18
146,WS_OPEN_END,1516222193594,18
146,REQ_START,1516222193594,19
146,REQ_END,1516222193620,19
146,WS_RECV_START,1516222193620,20
146,WS_RECV_END,1516222193620,20
146,PLAYER_SLEEPBEFORE_START,1516222193620,21
146,PLAYER_SLEEPBEFORE_END,1516222193625,21
146,WS_SEND_START,1516222193625,21
146,WS_SEND_END,1516222193625,21
146,PLAYER_SLEEPBEFORE_START,1516222193625,22
146,PLAYER_SLEEPBEFORE_END,1516222193626,22
146,WS_SEND_START,1516222193626,22
146,WS_SEND_END,1516222193626,22
146,WS_RECV_INIT_START,1516222193626,23
146,WS_RECV_INIT_END,1516222193643,23
146,WS_RECV_START,1516222193643,24
146,WS_RECV_END,1516222193692,24
146,PLAYER_SLEEPBEFORE_START,1516222193692,25
146,PLAYER_SLEEPBEFORE_END,1516222193699,25
146,REQ_START,1516222193699,25
146,REQ_END,1516222193731,25
146,PLAYER_SLEEPBEFORE_START,1516222193731,26
146,PLAYER_SLEEPBEFORE_END,1516222193733,26
146,REQ_START,1516222193733,26
146,REQ_END,1516222193762,26
146,PLAYER_SLEEPBEFORE_START,1516222193762,27
146,PLAYER_SLEEPBEFORE_END,1516222193765,27
146,REQ_START,1516222193765,27
146,REQ_END,1516222193797,27
146,PLAYER_SLEEPBEFORE_START,1516222193797,28
146,PLAYER_SLEEPBEFORE_END,1516222194082,28
146,REQ_START,1516222194082,28
146,REQ_END,1516222194112,28
146,PLAYER_SLEEPBEFORE_START,1516222194112,29
146,PLAYER_SLEEPBEFORE_END,1516222194287,29
146,WS_SEND_START,1516222194287,29
146,WS_SEND_END,1516222194287,29
146,WS_RECV_START,1516222194287,30
146,WS_RECV_END,1516222194414,30
146,PLAYER_SLEEPBEFORE_START,1516222194414,31
146,PLAYER_SLEEPBEFORE_END,1516222194425,31
146,REQ_START,1516222194425,31
146,REQ_END,1516222194459,31
146,PLAYER_SLEEPBEFORE_START,1516222194459,32
146,PLAYER_SLEEPBEFORE_END,1516222222604,32
146,WS_SEND_START,1516222222604,32
146,WS_SEND_END,1516222222604,32
146,WS_RECV_START,1516222222604,33
146,WS_RECV_END,1516222222696,33
146,PLAYER_SLEEPBEFORE_START,1516222222696,34
146,PLAYER_SLEEPBEFORE_END,1516222248607,34
146,WS_SEND_START,1516222248607,34
146,WS_SEND_END,1516222248607,34
146,WS_RECV_START,1516222248607,35
146,WS_RECV_END,1516222248659,35
146,PLAYER_SLEEPBEFORE_START,1516222248659,36
146,PLAYER_SLEEPBEFORE_END,1516222248668,36
146,WS_SEND_START,1516222248668,36
146,WS_SEND_END,1516222248668,36
146,WS_RECV_START,1516222248668,37
146,WS_RECV_END,1516222248712,37
146,PLAYER_SLEEPBEFORE_START,1516222248712,38
146,PLAYER_SLEEPBEFORE_END,1516222251907,38
146,WS_SEND_START,1516222251907,38
146,WS_SEND_END,1516222251907,38
146,WS_RECV_START,1516222251907,39
146,WS_RECV_END,1516222252035,39
146,PLAYER_SLEEPBEFORE_START,1516222252035,40
146,PLAYER_SLEEPBEFORE_END,1516222252081,40
146,WS_SEND_START,1516222252081,40
146,WS_SEND_END,1516222252081,40
146,WS_RECV_START,1516222252081,41
146,WS_RECV_END,1516222252208,41
146,PLAYER_SLEEPBEFORE_START,1516222252208,42
146,PLAYER_SLEEPBEFORE_END,1516222270343,42
146,WS_SEND_START,1516222270343,42
146,WS_SEND_END,1516222270343,42
146,WS_RECV_START,1516222270343,43
146,WS_RECV_END,1516222270385,43
146,PLAYER_SLEEPBEFORE_START,1516222270385,44
146,PLAYER_SLEEPBEFORE_END,1516222270397,44
146,WS_SEND_START,1516222270397,44
146,WS_SEND_END,1516222270397,44
146,WS_RECV_START,1516222270397,45
146,WS_RECV_END,1516222270439,45
146,PLAYER_SLEEPBEFORE_START,1516222270439,46
146,PLAYER_SLEEPBEFORE_END,1516222271700,46
146,WS_SEND_START,1516222271700,46
146,WS_SEND_END,1516222271700,46
146,WS_RECV_START,1516222271700,47
146,WS_RECV_END,1516222271727,47
146,PLAYER_SLEEPBEFORE_START,1516222271727,48
146,PLAYER_SLEEPBEFORE_END,1516222273048,48
146,WS_SEND_START,1516222273048,48
146,WS_SEND_END,1516222273048,48
146,WS_RECV_START,1516222273048,49
146,WS_RECV_END,1516222273188,49
146,PLAYER_SLEEPBEFORE_START,1516222273188,50
146,PLAYER_SLEEPBEFORE_END,1516222273212,50
146,WS_SEND_START,1516222273212,50
146,WS_SEND_END,1516222273212,50
146,WS_RECV_START,1516222273212,51
146,WS_RECV_END,1516222273354,51
146,PLAYER_SLEEPBEFORE_START,1516222273354,52
146,PLAYER_SLEEPBEFORE_END,1516222295919,52
146,WS_SEND_START,1516222295919,52
146,WS_SEND_END,1516222295919,52
146,WS_RECV_START,1516222295919,53
146,WS_RECV_END,1516222296095,53
146,PLAYER_SLEEPBEFORE_START,1516222296095,54
146,PLAYER_SLEEPBEFORE_END,1516222317398,54
146,WS_SEND_START,1516222317398,54
146,WS_SEND_END,1516222317398,54
146,PLAYER_SLEEPBEFORE_START,1516222317398,55
146,PLAYER_SLEEPBEFORE_END,1516222319339,55
146,WS_SEND_START,1516222319339,55
146,WS_SEND_END,1516222319339,55
146,WS_RECV_START,1516222319339,56
146,WS_RECV_END,1516222319431,56
146,PLAYER_SLEEPBEFORE_START,1516222319431,57
146,PLAYER_SLEEPBEFORE_END,1516222342303,57
146,WS_SEND_START,1516222342303,57
146,WS_SEND_END,1516222342304,57
146,WS_RECV_START,1516222342304,58
146,WS_RECV_END,1516222342394,58
146,PLAYER_SLEEPBEFORE_START,1516222342394,59
146,PLAYER_SLEEPBEFORE_END,1516222344721,59
146,WS_SEND_START,1516222344721,59
146,WS_SEND_END,1516222344721,59
146,WS_RECV_START,1516222344721,60
146,WS_RECV_END,1516222344881,60
146,PLAYER_SLEEPBEFORE_START,1516222344881,61
146,PLAYER_SLEEPBEFORE_END,1516222348472,61
146,WS_SEND_START,1516222348472,61
146,WS_SEND_END,1516222348472,61
146,WS_RECV_START,1516222348472,62
146,WS_RECV_END,1516222348636,62
146,PLAYER_SLEEPBEFORE_START,1516222348636,63
146,PLAYER_SLEEPBEFORE_END,1516222367899,63
146,WS_SEND_START,1516222367899,63
146,WS_SEND_END,1516222367899,63
146,WS_RECV_START,1516222367899,64
146,WS_RECV_END,1516222368171,64
146,PLAYER_SLEEPBEFORE_START,1516222368171,65
146,PLAYER_SLEEPBEFORE_END,1516222394988,65
146,WS_SEND_START,1516222394988,65
146,WS_SEND_END,1516222394988,65
146,WS_RECV_START,1516222394988,66
146,WS_RECV_END,1516222395743,66
146,PLAYER_SLEEPBEFORE_START,1516222395743,67
146,PLAYER_SLEEPBEFORE_END,1516222397250,67
146,WS_SEND_START,1516222397250,67
146,WS_SEND_END,1516222397250,67
146,WS_RECV_START,1516222397250,68
146,WS_RECV_END,1516222397564,68
146,PLAYER_SLEEPBEFORE_START,1516222397564,69
146,PLAYER_SLEEPBEFORE_END,1516222419562,69
146,WS_SEND_START,1516222419562,69
146,WS_SEND_END,1516222419562,69
146,WS_RECV_START,1516222419562,70
146,WS_RECV_END,1516222420851,70
146,PLAYER_SLEEPBEFORE_START,1516222420851,71
146,PLAYER_SLEEPBEFORE_END,1516222445626,71
146,WS_SEND_START,1516222445626,71
146,WS_SEND_END,1516222445626,71
146,PLAYER_SLEEPBEFORE_START,1516222445626,72
146,PLAYER_SLEEPBEFORE_END,1516222448233,72
146,WS_SEND_START,1516222448233,72
146,WS_SEND_END,1516222448233,72
146,WS_RECV_START,1516222448233,73
146,WS_RECV_END,1516222448712,73
146,PLAYER_SLEEPBEFORE_START,1516222448712,74
146,PLAYER_SLEEPBEFORE_END,1516222448721,74
146,WS_SEND_START,1516222448721,74
146,WS_SEND_END,1516222448721,74
146,WS_RECV_START,1516222448721,75
146,WS_RECV_END,1516222449772,75
146,PLAYER_SLEEPBEFORE_START,1516222449772,76
146,PLAYER_SLEEPBEFORE_END,1516222451278,76
146,WS_SEND_START,1516222451278,76
146,WS_SEND_END,1516222451278,76
146,WS_RECV_START,1516222451278,77
146,WS_RECV_END,1516222452385,77
146,PLAYER_SLEEPBEFORE_START,1516222452385,78
146,PLAYER_SLEEPBEFORE_END,1516222453253,78
146,WS_SEND_START,1516222453253,78
146,WS_SEND_END,1516222453253,78
146,WS_RECV_START,1516222453253,79
146,WS_RECV_END,1516222454250,79
146,PLAYER_SLEEPBEFORE_START,1516222454250,80
146,PLAYER_SLEEPBEFORE_END,1516222461917,80
146,WS_SEND_START,1516222461917,80
146,WS_SEND_END,1516222461917,80
146,WS_RECV_START,1516222461917,81
146,WS_RECV_END,1516222463948,81
146,PLAYER_SLEEPBEFORE_START,1516222463948,82
146,PLAYER_SLEEPBEFORE_END,1516222465050,82
146,WS_SEND_START,1516222465050,82
146,WS_SEND_END,1516222465050,82
146,WS_RECV_START,1516222465050,83
146,WS_RECV_END,1516222466032,83
146,PLAYER_SLEEPBEFORE_START,1516222466032,84
146,PLAYER_SLEEPBEFORE_END,1516222466979,84
146,WS_SEND_START,1516222466979,84
146,WS_SEND_END,1516222466979,84
146,WS_RECV_START,1516222466979,85
146,WS_RECV_END,1516222468169,85
146,PLAYER_SLEEPBEFORE_START,1516222468169,86
146,PLAYER_SLEEPBEFORE_END,1516222472341,86
146,WS_SEND_START,1516222472341,86
146,WS_SEND_END,1516222472341,86
146,WS_RECV_START,1516222472341,87
146,WS_RECV_END,1516222474144,87
146,PLAYER_SLEEPBEFORE_START,1516222474144,88
146,PLAYER_SLEEPBEFORE_END,1516222474152,88
146,WS_SEND_START,1516222474152,88
146,WS_SEND_END,1516222474152,88
146,WS_RECV_START,1516222474152,89
146,WS_RECV_END,1516222475646,89
146,PLAYER_SLEEPBEFORE_START,1516222475646,90
146,PLAYER_SLEEPBEFORE_END,1516222502843,90
146,REQ_START,1516222502843,90
146,REQ_END,1516222502852,90
146,PLAYER_SLEEPBEFORE_START,1516222502852,91
146,PLAYER_SLEEPBEFORE_END,1516222510741,91
146,WS_SEND_START,1516222510741,91
146,WS_SEND_END,1516222510741,91
146,WS_RECV_START,1516222510741,92
146,WS_RECV_END,1516222512483,92
146,PLAYER_SLEEPBEFORE_START,1516222512483,93
146,PLAYER_SLEEPBEFORE_END,1516222512498,93
146,WS_SEND_START,1516222512498,93
146,WS_SEND_END,1516222512498,93
146,WS_RECV_START,1516222512498,94
146,WS_RECV_END,1516222513465,94
146,PLAYER_SLEEPBEFORE_START,1516222513465,95
146,PLAYER_SLEEPBEFORE_END,1516222537020,95
146,WS_SEND_START,1516222537020,95
146,WS_SEND_END,1516222537020,95
146,WS_RECV_START,1516222537020,96
146,WS_RECV_END,1516222541177,96
146,PLAYER_SLEEPBEFORE_START,1516222541177,97
146,PLAYER_SLEEPBEFORE_END,1516222563618,97
146,WS_SEND_START,1516222563618,97
146,WS_SEND_END,1516222563618,97
146,WS_RECV_START,1516222563618,98
146,WS_RECV_END,1516222566942,98
146,PLAYER_SLEEPBEFORE_START,1516222566942,99
146,PLAYER_SLEEPBEFORE_END,1516222566963,99
146,WS_SEND_START,1516222566963,99
146,WS_SEND_END,1516222566963,99
146,WS_RECV_START,1516222566963,100
146,WS_RECV_END,1516222568306,100
146,PLAYER_SLEEPBEFORE_START,1516222568306,101
146,PLAYER_SLEEPBEFORE_END,1516222591865,101
146,WS_SEND_START,1516222591865,101
146,WS_SEND_END,1516222591865,101
146,WS_RECV_START,1516222591865,102
146,WS_RECV_END,1516222595204,102
146,PLAYER_SLEEPBEFORE_START,1516222595204,103
146,PLAYER_SLEEPBEFORE_END,1516222618829,103
146,WS_SEND_START,1516222618829,103
146,WS_SEND_END,1516222618829,103
146,WS_RECV_START,1516222618829,104
146,WS_RECV_END,1516222625309,104
146,PLAYER_SLEEPBEFORE_START,1516222625309,105
146,PLAYER_SLEEPBEFORE_END,1516222650687,105
146,WS_SEND_START,1516222650687,105
146,WS_SEND_END,1516222650687,105
146,WS_RECV_START,1516222650687,106
146,WS_RECV_END,1516222659011,106
146,PLAYER_SLEEPBEFORE_START,1516222659011,107
146,PLAYER_SLEEPBEFORE_END,1516222682434,107
146,WS_SEND_START,1516222682434,107
146,WS_SEND_END,1516222682434,107
146,WS_RECV_START,1516222682434,108
146,WS_RECV_END,1516222689816,108
146,PLAYER_SLEEPBEFORE_START,1516222689816,109
146,PLAYER_SLEEPBEFORE_END,1516222689825,109
146,WS_SEND_START,1516222689825,109
146,WS_SEND_END,1516222689825,109
146,WS_RECV_START,1516222689825,110
146,WS_RECV_END,1516222692803,110
146,PLAYER_SLEEPBEFORE_START,1516222692803,111
146,PLAYER_SLEEPBEFORE_END,1516222693762,111
146,WS_SEND_START,1516222693762,111
146,WS_SEND_END,1516222693762,111
146,WS_RECV_START,1516222693762,112
146,WS_RECV_END,1516222698008,112
146,PLAYER_SLEEPBEFORE_START,1516222698008,113
146,PLAYER_SLEEPBEFORE_END,1516222698570,113
146,WS_SEND_START,1516222698570,113
146,WS_SEND_END,1516222698570,113
146,WS_RECV_START,1516222698570,114
146,WS_RECV_END,1516222703598,114
146,PLAYER_SLEEPBEFORE_START,1516222703598,115
146,PLAYER_SLEEPBEFORE_END,1516222703608,115
146,WS_SEND_START,1516222703608,115
146,WS_SEND_END,1516222703608,115
146,WS_RECV_START,1516222703608,116
146,WS_RECV_END,1516222707994,116
146,PLAYER_SLEEPBEFORE_START,1516222707994,117
146,PLAYER_SLEEPBEFORE_END,1516222728354,117
146,WS_SEND_START,1516222728354,117
146,WS_SEND_END,1516222728354,117
146,PLAYER_SLEEPBEFORE_START,1516222728354,118
146,PLAYER_SLEEPBEFORE_END,1516222732106,118
146,WS_SEND_START,1516222732106,118
146,WS_SEND_END,1516222732106,118
146,WS_RECV_START,1516222732106,119
146,WS_RECV_END,1516222737288,119
146,PLAYER_SLEEPBEFORE_START,1516222737288,120
146,PLAYER_SLEEPBEFORE_END,1516222738277,120
146,WS_SEND_START,1516222738277,120
146,WS_SEND_END,1516222738277,120
146,WS_RECV_START,1516222738277,121
146,WS_RECV_END,1516222741934,121
146,PLAYER_SLEEPBEFORE_START,1516222741934,122
146,PLAYER_SLEEPBEFORE_END,1516222743119,122
146,WS_SEND_START,1516222743119,122
146,WS_SEND_END,1516222743119,122
146,WS_RECV_START,1516222743119,123
146,WS_RECV_END,1516222747299,123
146,PLAYER_SLEEPBEFORE_START,1516222747299,124
146,PLAYER_SLEEPBEFORE_END,1516222771705,124
146,WS_SEND_START,1516222771705,124
146,WS_SEND_END,1516222771705,124
146,WS_RECV_START,1516222771705,125
146,WS_RECV_END,1516222778803,125
146,PLAYER_SLEEPBEFORE_START,1516222778803,126
146,PLAYER_SLEEPBEFORE_END,1516222799315,126
146,WS_SEND_START,1516222799315,126
146,WS_SEND_END,1516222799315,126
146,PLAYER_SLEEPBEFORE_START,1516222799315,127
146,PLAYER_SLEEPBEFORE_END,1516222802369,127
146,WS_SEND_START,1516222802369,127
146,WS_SEND_END,1516222802369,127
146,WS_RECV_START,1516222802369,128
146,WS_RECV_END,1516222812050,128
146,PLAYER_SLEEPBEFORE_START,1516222812050,129
146,PLAYER_SLEEPBEFORE_END,1516222812070,129
146,WS_SEND_START,1516222812070,129
146,WS_SEND_END,1516222812070,129
146,WS_RECV_START,1516222812070,130
146,WS_RECV_END,1516222819379,130
146,PLAYER_SLEEPBEFORE_START,1516222819379,131
146,PLAYER_SLEEPBEFORE_END,1516222841003,131
146,WS_SEND_START,1516222841003,131
146,WS_SEND_END,1516222841003,131
146,PLAYER_SLEEPBEFORE_START,1516222841003,132
146,PLAYER_SLEEPBEFORE_END,1516222844083,132
146,WS_SEND_START,1516222844083,132
146,WS_SEND_END,1516222844083,132
146,WS_RECV_START,1516222844083,133
146,WS_RECV_END,1516222849591,133
146,PLAYER_SLEEPBEFORE_START,1516222849591,134
146,PLAYER_SLEEPBEFORE_END,1516222870808,134
146,WS_SEND_START,1516222870808,134
146,WS_SEND_END,1516222870808,134
146,PLAYER_SLEEPBEFORE_START,1516222870808,135
146,PLAYER_SLEEPBEFORE_END,1516222873999,135
146,WS_SEND_START,1516222873999,135
146,WS_SEND_END,1516222873999,135
146,WS_RECV_START,1516222873999,136
146,WS_RECV_END,1516222878722,136
146,PLAYER_SLEEPBEFORE_START,1516222878723,137
146,PLAYER_SLEEPBEFORE_END,1516222878730,137
146,WS_SEND_START,1516222878730,137
146,WS_SEND_END,1516222878730,137
146,WS_RECV_START,1516222878730,138
146,WS_RECV_END,1516222888757,138
146,PLAYER_SLEEPBEFORE_START,1516222888757,139
146,PLAYER_SLEEPBEFORE_END,1516222889447,139
146,WS_SEND_START,1516222889447,139
146,WS_SEND_END,1516222889447,139
146,WS_RECV_START,1516222889447,140
146,WS_RECV_END,1516222893460,140
146,PLAYER_SLEEPBEFORE_START,1516222893460,141
146,PLAYER_SLEEPBEFORE_END,1516222894115,141
146,WS_SEND_START,1516222894115,141
146,WS_SEND_END,1516222894115,141
146,WS_RECV_START,1516222894115,142
146,WS_RECV_END,1516222898210,142
146,PLAYER_SLEEPBEFORE_START,1516222898210,143
146,PLAYER_SLEEPBEFORE_END,1516222898267,143
146,WS_SEND_START,1516222898267,143
146,WS_SEND_END,1516222898267,143
146,WS_RECV_START,1516222898267,144
146,WS_RECV_END,1516222902927,144
146,PLAYER_SLEEPBEFORE_START,1516222902927,145
146,PLAYER_SLEEPBEFORE_END,1516222918989,145
146,REQ_START,1516222918989,145
146,REQ_END,1516222918996,145
146,PLAYER_SLEEPBEFORE_START,1516222918996,146
146,PLAYER_SLEEPBEFORE_END,1516222927873,146
146,WS_SEND_START,1516222927873,146
146,WS_SEND_END,1516222927873,146
146,WS_RECV_START,1516222927873,147
146,WS_RECV_END,1516222936269,147
146,PLAYER_SLEEPBEFORE_START,1516222936269,148
146,PLAYER_SLEEPBEFORE_END,1516222958192,148
146,WS_SEND_START,1516222958192,148
146,WS_SEND_END,1516222958192,148
146,PLAYER_SLEEPBEFORE_START,1516222958192,149
146,PLAYER_SLEEPBEFORE_END,1516222960620,149
146,WS_SEND_START,1516222960620,149
146,WS_SEND_END,1516222960620,149
146,WS_RECV_START,1516222960620,150
146,WS_RECV_END,1516222963873,150
146,PLAYER_SLEEPBEFORE_START,1516222963873,151
146,PLAYER_SLEEPBEFORE_END,1516222964083,151
146,WS_SEND_START,1516222964083,151
146,WS_SEND_END,1516222964083,151
146,WS_RECV_START,1516222964083,152
146,WS_RECV_END,1516222968448,152
146,PLAYER_SLEEPBEFORE_START,1516222968448,153
146,PLAYER_SLEEPBEFORE_END,1516222992375,153
146,WS_SEND_START,1516222992375,153
146,WS_SEND_END,1516222992375,153
146,WS_RECV_START,1516222992375,154
146,WS_RECV_END,1516223000850,154
146,PLAYER_SLEEPBEFORE_START,1516223000850,155
146,PLAYER_SLEEPBEFORE_END,1516223023408,155
146,WS_SEND_START,1516223023408,155
146,WS_SEND_END,1516223023408,155
146,PLAYER_SLEEPBEFORE_START,1516223023408,156
146,PLAYER_SLEEPBEFORE_END,1516223026683,156
146,WS_SEND_START,1516223026683,156
146,WS_SEND_END,1516223026683,156
146,WS_RECV_START,1516223026683,157
146,WS_RECV_END,1516223028699,157
146,PLAYER_SLEEPBEFORE_START,1516223028699,158
146,PLAYER_SLEEPBEFORE_END,1516223028709,158
146,WS_SEND_START,1516223028709,158
146,WS_SEND_END,1516223028709,158
146,WS_RECV_START,1516223028709,159
146,WS_RECV_END,1516223032129,159
146,PLAYER_SLEEPBEFORE_START,1516223032129,160
146,PLAYER_SLEEPBEFORE_END,1516223032304,160
146,WS_SEND_START,1516223032304,160
146,WS_SEND_END,1516223032304,160
146,WS_RECV_START,1516223032304,161
146,WS_RECV_END,1516223037220,161
146,PLAYER_SLEEPBEFORE_START,1516223037220,162
146,PLAYER_SLEEPBEFORE_END,1516223037246,162
146,WS_SEND_START,1516223037246,162
146,WS_SEND_END,1516223037246,162
146,WS_RECV_START,1516223037246,163
146,WS_RECV_END,1516223042888,163
146,PLAYER_SLEEPBEFORE_START,1516223042888,164
146,PLAYER_SLEEPBEFORE_END,1516223063700,164
146,WS_SEND_START,1516223063700,164
146,WS_SEND_END,1516223063700,164
146,WS_RECV_START,1516223063700,165
146,WS_RECV_END,1516223070609,165
146,PLAYER_SLEEPBEFORE_START,1516223070609,166
146,PLAYER_SLEEPBEFORE_END,1516223093064,166
146,WS_SEND_START,1516223093064,166
146,WS_SEND_END,1516223093064,166
146,WS_RECV_START,1516223093064,167
146,WS_RECV_END,1516223102857,167
146,PLAYER_SLEEPBEFORE_START,1516223102857,168
146,PLAYER_SLEEPBEFORE_END,1516223130214,168
146,WS_SEND_START,1516223130214,168
146,WS_SEND_END,1516223130214,168
146,WS_RECV_START,1516223130214,169
146,WS_RECV_END,1516223137836,169
146,PLAYER_SLEEPBEFORE_START,1516223137836,170
146,PLAYER_SLEEPBEFORE_END,1516223137845,170
146,WS_SEND_START,1516223137845,170
146,WS_SEND_END,1516223137845,170
146,WS_RECV_START,1516223137845,171
146,WS_RECV_END,1516223143067,171
146,PLAYER_SLEEPBEFORE_START,1516223143067,172
146,PLAYER_SLEEPBEFORE_END,1516223143436,172
146,WS_SEND_START,1516223143436,172
146,WS_SEND_END,1516223143436,172
146,WS_RECV_START,1516223143436,173
146,WS_RECV_END,1516223150153,173
146,PLAYER_SLEEPBEFORE_START,1516223150153,174
146,PLAYER_SLEEPBEFORE_END,1516223150194,174
146,WS_SEND_START,1516223150194,174
146,WS_SEND_END,1516223150194,174
146,WS_RECV_START,1516223150194,175
146,WS_RECV_END,1516223157723,175
146,PLAYER_SLEEPBEFORE_START,1516223157723,176
146,PLAYER_SLEEPBEFORE_END,1516223179485,176
146,WS_SEND_START,1516223179485,176
146,WS_SEND_END,1516223179485,176
146,PLAYER_SLEEPBEFORE_START,1516223179485,177
146,PLAYER_SLEEPBEFORE_END,1516223182003,177
146,WS_SEND_START,1516223182003,177
146,WS_SEND_END,1516223182003,177
146,WS_RECV_START,1516223182003,178
146,WS_RECV_END,1516223189742,178
146,PLAYER_SLEEPBEFORE_START,1516223189742,179
146,PLAYER_SLEEPBEFORE_END,1516223212082,179
146,WS_SEND_START,1516223212082,179
146,WS_SEND_END,1516223212082,179
146,WS_RECV_START,1516223212082,180
146,WS_RECV_END,1516223220342,180
146,PLAYER_SLEEPBEFORE_START,1516223220342,181
146,PLAYER_SLEEPBEFORE_END,1516223220786,181
146,WS_SEND_START,1516223220786,181
146,WS_SEND_END,1516223220786,181
146,WS_RECV_START,1516223220786,182
146,WS_RECV_END,1516223225823,182
146,PLAYER_SLEEPBEFORE_START,1516223225823,183
146,PLAYER_SLEEPBEFORE_END,1516223226347,183
146,WS_SEND_START,1516223226347,183
146,WS_SEND_END,1516223226347,183
146,WS_RECV_START,1516223226347,184
146,WS_RECV_END,1516223234063,184
146,PLAYER_SLEEPBEFORE_START,1516223234063,185
146,PLAYER_SLEEPBEFORE_END,1516223234331,185
146,WS_SEND_START,1516223234331,185
146,WS_SEND_END,1516223234331,185
146,WS_RECV_START,1516223234331,186
146,WS_RECV_END,1516223242446,186
146,PLAYER_SLEEPBEFORE_START,1516223242446,187
146,PLAYER_SLEEPBEFORE_END,1516223264946,187
146,WS_SEND_START,1516223264946,187
146,WS_SEND_END,1516223264946,187
146,WS_RECV_START,1516223264946,188
146,WS_RECV_END,1516223275826,188
146,PLAYER_SLEEPBEFORE_START,1516223275826,189
146,PLAYER_SLEEPBEFORE_END,1516223282065,189
146,WS_SEND_START,1516223282065,189
146,WS_SEND_END,1516223282065,189
146,WS_RECV_START,1516223282065,190
146,WS_RECV_END,1516223294567,190
146,PLAYER_SLEEPBEFORE_START,1516223294567,191
146,PLAYER_SLEEPBEFORE_END,1516223296482,191
146,WS_SEND_START,1516223296482,191
146,WS_SEND_END,1516223296482,191
146,WS_RECV_START,1516223296482,192
146,WS_RECV_END,1516223311685,192
146,PLAYER_SLEEPBEFORE_START,1516223311685,193
146,PLAYER_SLEEPBEFORE_END,1516223311814,193
146,WS_SEND_START,1516223311814,193
146,WS_SEND_END,1516223311814,193
146,WS_RECV_START,1516223311814,194
146,WS_RECV_END,1516223318292,194
146,PLAYER_SLEEPBEFORE_START,1516223318292,195
146,PLAYER_SLEEPBEFORE_END,1516223320047,195
146,WS_SEND_START,1516223320047,195
146,WS_SEND_END,1516223320047,195
146,WS_RECV_START,1516223320047,196
146,WS_RECV_END,1516223324626,196
146,PLAYER_SLEEPBEFORE_START,1516223324626,197
146,PLAYER_SLEEPBEFORE_END,1516223326430,197
146,WS_SEND_START,1516223326430,197
146,WS_SEND_END,1516223326430,197
146,WS_RECV_START,1516223326430,198
146,WS_RECV_END,1516223330590,198
146,PLAYER_SLEEPBEFORE_START,1516223330590,199
146,PLAYER_SLEEPBEFORE_END,1516223342444,199
146,WS_SEND_START,1516223342444,199
146,WS_SEND_END,1516223342444,199
146,PLAYER_SLEEPBEFORE_START,1516223342444,200
146,PLAYER_SLEEPBEFORE_END,1516223346532,200
146,WS_SEND_START,1516223346532,200
146,WS_SEND_END,1516223346532,200
146,WS_RECV_START,1516223346532,201
146,WS_RECV_END,1516223358111,201
146,PLAYER_SLEEPBEFORE_START,1516223358111,202
146,PLAYER_SLEEPBEFORE_END,1516223358125,202
146,WS_SEND_START,1516223358125,202
146,WS_SEND_END,1516223358125,202
146,WS_RECV_START,1516223358125,203
146,WS_RECV_END,1516223364892,203
146,PLAYER_SLEEPBEFORE_START,1516223364892,204
146,PLAYER_SLEEPBEFORE_END,1516223384541,204
146,WS_SEND_START,1516223384541,204
146,WS_SEND_END,1516223384541,204
146,PLAYER_SLEEPBEFORE_START,1516223384541,205
146,PLAYER_SLEEPBEFORE_END,1516223388439,205
146,WS_SEND_START,1516223388439,205
146,WS_SEND_END,1516223388439,205
146,WS_RECV_START,1516223388439,206
146,WS_RECV_END,1516223394868,206
146,PLAYER_SLEEPBEFORE_START,1516223394868,207
146,PLAYER_SLEEPBEFORE_END,1516223411799,207
146,REQ_START,1516223411799,207
146,REQ_END,1516223411806,207
146,PLAYER_SLEEPBEFORE_START,1516223411806,208
146,PLAYER_SLEEPBEFORE_END,1516223418659,208
146,WS_CLOSE_START,1516223418659,208
146,WS_CLOSE_END,1516223418659,208
146,PLAYER_DONE,1516223418659
