# --sessions 720 --app-url=http://shinyloadtest.rstudioservices.com/cran_explorer --output-dir test720 --overwrite-output --log-level warn --start-interval 500 15min.log
thread_id,event,timestamp,input_line_number,comment
156,PLAYER_SESSION_CREATE,1516222120114
156,PLAYER_START_INTERVAL_START,1516222120114
156,PLAYER_START_INTERVAL_END,1516222198118
156,REQ_HOME_START,1516222198118,2
156,REQ_HOME_END,1516222198206,2
156,REQ_START,1516222198206,3
156,REQ_END,1516222198238,3
156,REQ_START,1516222198238,4
156,REQ_END,1516222198269,4
156,REQ_START,1516222198269,5
156,REQ_END,1516222198302,5
156,REQ_START,1516222198302,6
156,REQ_END,1516222198336,6
156,REQ_START,1516222198336,7
156,REQ_END,1516222198370,7
156,REQ_START,1516222198370,8
156,REQ_END,1516222198422,8
156,REQ_START,1516222198422,9
156,REQ_END,1516222198456,9
156,REQ_START,1516222198456,10
156,REQ_END,1516222198469,10
156,REQ_START,1516222198469,11
156,REQ_END,1516222198498,11
156,REQ_START,1516222198498,12
156,REQ_END,1516222198508,12
156,REQ_START,1516222198508,13
156,REQ_END,1516222198542,13
156,REQ_START,1516222198542,14
156,REQ_END,1516222198556,14
156,REQ_START,1516222198556,15
156,REQ_END,1516222198592,15
156,REQ_TOK_START,1516222198592,16
156,REQ_TOK_END,1516222198599,16
156,REQ_SINF_START,1516222198599,17
156,REQ_SINF_END,1516222198606,17
156,WS_OPEN_START,1516222198606,18
156,WS_OPEN_END,1516222198612,18
156,REQ_START,1516222198612,19
156,REQ_END,1516222198639,19
156,WS_RECV_START,1516222198639,20
156,WS_RECV_END,1516222198639,20
156,PLAYER_SLEEPBEFORE_START,1516222198639,21
156,PLAYER_SLEEPBEFORE_END,1516222198644,21
156,WS_SEND_START,1516222198644,21
156,WS_SEND_END,1516222198644,21
156,PLAYER_SLEEPBEFORE_START,1516222198644,22
156,PLAYER_SLEEPBEFORE_END,1516222198646,22
156,WS_SEND_START,1516222198646,22
156,WS_SEND_END,1516222198646,22
156,WS_RECV_INIT_START,1516222198646,23
156,WS_RECV_INIT_END,1516222198664,23
156,WS_RECV_START,1516222198664,24
156,WS_RECV_END,1516222198712,24
156,PLAYER_SLEEPBEFORE_START,1516222198712,25
156,PLAYER_SLEEPBEFORE_END,1516222198719,25
156,REQ_START,1516222198719,25
156,REQ_END,1516222198762,25
156,PLAYER_SLEEPBEFORE_START,1516222198762,26
156,PLAYER_SLEEPBEFORE_END,1516222198763,26
156,REQ_START,1516222198763,26
156,REQ_END,1516222198794,26
156,PLAYER_SLEEPBEFORE_START,1516222198794,27
156,PLAYER_SLEEPBEFORE_END,1516222198797,27
156,REQ_START,1516222198797,27
156,REQ_END,1516222198828,27
156,PLAYER_SLEEPBEFORE_START,1516222198828,28
156,PLAYER_SLEEPBEFORE_END,1516222199113,28
156,REQ_START,1516222199113,28
156,REQ_END,1516222199147,28
156,PLAYER_SLEEPBEFORE_START,1516222199147,29
156,PLAYER_SLEEPBEFORE_END,1516222199322,29
156,WS_SEND_START,1516222199322,29
156,WS_SEND_END,1516222199322,29
156,WS_RECV_START,1516222199322,30
156,WS_RECV_END,1516222199450,30
156,PLAYER_SLEEPBEFORE_START,1516222199450,31
156,PLAYER_SLEEPBEFORE_END,1516222199461,31
156,REQ_START,1516222199461,31
156,REQ_END,1516222199501,31
156,PLAYER_SLEEPBEFORE_START,1516222199501,32
156,PLAYER_SLEEPBEFORE_END,1516222227646,32
156,WS_SEND_START,1516222227646,32
156,WS_SEND_END,1516222227646,32
156,WS_RECV_START,1516222227646,33
156,WS_RECV_END,1516222227749,33
156,PLAYER_SLEEPBEFORE_START,1516222227749,34
156,PLAYER_SLEEPBEFORE_END,1516222253660,34
156,WS_SEND_START,1516222253660,34
156,WS_SEND_END,1516222253660,34
156,WS_RECV_START,1516222253660,35
156,WS_RECV_END,1516222253688,35
156,PLAYER_SLEEPBEFORE_START,1516222253688,36
156,PLAYER_SLEEPBEFORE_END,1516222253697,36
156,WS_SEND_START,1516222253697,36
156,WS_SEND_END,1516222253697,36
156,WS_RECV_START,1516222253697,37
156,WS_RECV_END,1516222253827,37
156,PLAYER_SLEEPBEFORE_START,1516222253827,38
156,PLAYER_SLEEPBEFORE_END,1516222257023,38
156,WS_SEND_START,1516222257023,38
156,WS_SEND_END,1516222257023,38
156,WS_RECV_START,1516222257023,39
156,WS_RECV_END,1516222257235,39
156,PLAYER_SLEEPBEFORE_START,1516222257235,40
156,PLAYER_SLEEPBEFORE_END,1516222257281,40
156,WS_SEND_START,1516222257281,40
156,WS_SEND_END,1516222257281,40
156,WS_RECV_START,1516222257281,41
156,WS_RECV_END,1516222257422,41
156,PLAYER_SLEEPBEFORE_START,1516222257422,42
156,PLAYER_SLEEPBEFORE_END,1516222275557,42
156,WS_SEND_START,1516222275557,42
156,WS_SEND_END,1516222275557,42
156,WS_RECV_START,1516222275557,43
156,WS_RECV_END,1516222275589,43
156,PLAYER_SLEEPBEFORE_START,1516222275589,44
156,PLAYER_SLEEPBEFORE_END,1516222275601,44
156,WS_SEND_START,1516222275601,44
156,WS_SEND_END,1516222275601,44
156,WS_RECV_START,1516222275601,45
156,WS_RECV_END,1516222275655,45
156,PLAYER_SLEEPBEFORE_START,1516222275655,46
156,PLAYER_SLEEPBEFORE_END,1516222276916,46
156,WS_SEND_START,1516222276916,46
156,WS_SEND_END,1516222276916,46
156,WS_RECV_START,1516222276916,47
156,WS_RECV_END,1516222276953,47
156,PLAYER_SLEEPBEFORE_START,1516222276953,48
156,PLAYER_SLEEPBEFORE_END,1516222278273,48
156,WS_SEND_START,1516222278273,48
156,WS_SEND_END,1516222278273,48
156,WS_RECV_START,1516222278273,49
156,WS_RECV_END,1516222278424,49
156,PLAYER_SLEEPBEFORE_START,1516222278424,50
156,PLAYER_SLEEPBEFORE_END,1516222278448,50
156,WS_SEND_START,1516222278448,50
156,WS_SEND_END,1516222278448,50
156,WS_RECV_START,1516222278448,51
156,WS_RECV_END,1516222278585,51
156,PLAYER_SLEEPBEFORE_START,1516222278585,52
156,PLAYER_SLEEPBEFORE_END,1516222301149,52
156,WS_SEND_START,1516222301150,52
156,WS_SEND_END,1516222301150,52
156,WS_RECV_START,1516222301150,53
156,WS_RECV_END,1516222301260,53
156,PLAYER_SLEEPBEFORE_START,1516222301260,54
156,PLAYER_SLEEPBEFORE_END,1516222322563,54
156,WS_SEND_START,1516222322563,54
156,WS_SEND_END,1516222322563,54
156,PLAYER_SLEEPBEFORE_START,1516222322563,55
156,PLAYER_SLEEPBEFORE_END,1516222324505,55
156,WS_SEND_START,1516222324505,55
156,WS_SEND_END,1516222324505,55
156,WS_RECV_START,1516222324505,56
156,WS_RECV_END,1516222324665,56
156,PLAYER_SLEEPBEFORE_START,1516222324665,57
156,PLAYER_SLEEPBEFORE_END,1516222347537,57
156,WS_SEND_START,1516222347537,57
156,WS_SEND_END,1516222347537,57
156,WS_RECV_START,1516222347537,58
156,WS_RECV_END,1516222347656,58
156,PLAYER_SLEEPBEFORE_START,1516222347656,59
156,PLAYER_SLEEPBEFORE_END,1516222349983,59
156,WS_SEND_START,1516222349983,59
156,WS_SEND_END,1516222349983,59
156,WS_RECV_START,1516222349983,60
156,WS_RECV_END,1516222350181,60
156,PLAYER_SLEEPBEFORE_START,1516222350181,61
156,PLAYER_SLEEPBEFORE_END,1516222353772,61
156,WS_SEND_START,1516222353772,61
156,WS_SEND_END,1516222353772,61
156,WS_RECV_START,1516222353772,62
156,WS_RECV_END,1516222354122,62
156,PLAYER_SLEEPBEFORE_START,1516222354122,63
156,PLAYER_SLEEPBEFORE_END,1516222373384,63
156,WS_SEND_START,1516222373384,63
156,WS_SEND_END,1516222373384,63
156,WS_RECV_START,1516222373384,64
156,WS_RECV_END,1516222373547,64
156,PLAYER_SLEEPBEFORE_START,1516222373547,65
156,PLAYER_SLEEPBEFORE_END,1516222400364,65
156,WS_SEND_START,1516222400364,65
156,WS_SEND_END,1516222400364,65
156,WS_RECV_START,1516222400364,66
156,WS_RECV_END,1516222400840,66
156,PLAYER_SLEEPBEFORE_START,1516222400840,67
156,PLAYER_SLEEPBEFORE_END,1516222402347,67
156,WS_SEND_START,1516222402347,67
156,WS_SEND_END,1516222402347,67
156,WS_RECV_START,1516222402347,68
156,WS_RECV_END,1516222402626,68
156,PLAYER_SLEEPBEFORE_START,1516222402626,69
156,PLAYER_SLEEPBEFORE_END,1516222424625,69
156,WS_SEND_START,1516222424625,69
156,WS_SEND_END,1516222424625,69
156,WS_RECV_START,1516222424625,70
156,WS_RECV_END,1516222425230,70
156,PLAYER_SLEEPBEFORE_START,1516222425230,71
156,PLAYER_SLEEPBEFORE_END,1516222450005,71
156,WS_SEND_START,1516222450005,71
156,WS_SEND_END,1516222450005,71
156,PLAYER_SLEEPBEFORE_START,1516222450005,72
156,PLAYER_SLEEPBEFORE_END,1516222452612,72
156,WS_SEND_START,1516222452612,72
156,WS_SEND_END,1516222452612,72
156,WS_RECV_START,1516222452612,73
156,WS_RECV_END,1516222453408,73
156,PLAYER_SLEEPBEFORE_START,1516222453408,74
156,PLAYER_SLEEPBEFORE_END,1516222453418,74
156,WS_SEND_START,1516222453418,74
156,WS_SEND_END,1516222453418,74
156,WS_RECV_START,1516222453418,75
156,WS_RECV_END,1516222454508,75
156,PLAYER_SLEEPBEFORE_START,1516222454508,76
156,PLAYER_SLEEPBEFORE_END,1516222456014,76
156,WS_SEND_START,1516222456014,76
156,WS_SEND_END,1516222456014,76
156,WS_RECV_START,1516222456014,77
156,WS_RECV_END,1516222456593,77
156,PLAYER_SLEEPBEFORE_START,1516222456593,78
156,PLAYER_SLEEPBEFORE_END,1516222457461,78
156,WS_SEND_START,1516222457461,78
156,WS_SEND_END,1516222457461,78
156,WS_RECV_START,1516222457461,79
156,WS_RECV_END,1516222458271,79
156,PLAYER_SLEEPBEFORE_START,1516222458271,80
156,PLAYER_SLEEPBEFORE_END,1516222465937,80
156,WS_SEND_START,1516222465937,80
156,WS_SEND_END,1516222465937,80
156,WS_RECV_START,1516222465937,81
156,WS_RECV_END,1516222468399,81
156,PLAYER_SLEEPBEFORE_START,1516222468399,82
156,PLAYER_SLEEPBEFORE_END,1516222469501,82
156,WS_SEND_START,1516222469501,82
156,WS_SEND_END,1516222469501,82
156,WS_RECV_START,1516222469501,83
156,WS_RECV_END,1516222472136,83
156,PLAYER_SLEEPBEFORE_START,1516222472136,84
156,PLAYER_SLEEPBEFORE_END,1516222473083,84
156,WS_SEND_START,1516222473083,84
156,WS_SEND_END,1516222473083,84
156,WS_RECV_START,1516222473083,85
156,WS_RECV_END,1516222476305,85
156,PLAYER_SLEEPBEFORE_START,1516222476305,86
156,PLAYER_SLEEPBEFORE_END,1516222480477,86
156,WS_SEND_START,1516222480477,86
156,WS_SEND_END,1516222480477,86
156,WS_RECV_START,1516222480477,87
156,WS_RECV_END,1516222482062,87
156,PLAYER_SLEEPBEFORE_START,1516222482062,88
156,PLAYER_SLEEPBEFORE_END,1516222482070,88
156,WS_SEND_START,1516222482070,88
156,WS_SEND_END,1516222482070,88
156,WS_RECV_START,1516222482070,89
156,WS_RECV_END,1516222483387,89
156,PLAYER_SLEEPBEFORE_START,1516222483387,90
156,PLAYER_SLEEPBEFORE_END,1516222510584,90
156,REQ_START,1516222510584,90
156,REQ_END,1516222510592,90
156,PLAYER_SLEEPBEFORE_START,1516222510592,91
156,PLAYER_SLEEPBEFORE_END,1516222518481,91
156,WS_SEND_START,1516222518481,91
156,WS_SEND_END,1516222518481,91
156,WS_RECV_START,1516222518481,92
156,WS_RECV_END,1516222521434,92
156,PLAYER_SLEEPBEFORE_START,1516222521434,93
156,PLAYER_SLEEPBEFORE_END,1516222521449,93
156,WS_SEND_START,1516222521449,93
156,WS_SEND_END,1516222521449,93
156,WS_RECV_START,1516222521449,94
156,WS_RECV_END,1516222523880,94
156,PLAYER_SLEEPBEFORE_START,1516222523880,95
156,PLAYER_SLEEPBEFORE_END,1516222547435,95
156,WS_SEND_START,1516222547435,95
156,WS_SEND_END,1516222547435,95
156,WS_RECV_START,1516222547435,96
156,WS_RECV_END,1516222549461,96
156,PLAYER_SLEEPBEFORE_START,1516222549461,97
156,PLAYER_SLEEPBEFORE_END,1516222571901,97
156,WS_SEND_START,1516222571901,97
156,WS_SEND_END,1516222571901,97
156,WS_RECV_START,1516222571901,98
156,WS_RECV_END,1516222576491,98
156,PLAYER_SLEEPBEFORE_START,1516222576491,99
156,PLAYER_SLEEPBEFORE_END,1516222576512,99
156,WS_SEND_START,1516222576512,99
156,WS_SEND_END,1516222576512,99
156,WS_RECV_START,1516222576512,100
156,WS_RECV_END,1516222577999,100
156,PLAYER_SLEEPBEFORE_START,1516222577999,101
156,PLAYER_SLEEPBEFORE_END,1516222601558,101
156,WS_SEND_START,1516222601558,101
156,WS_SEND_END,1516222601558,101
156,WS_RECV_START,1516222601558,102
156,WS_RECV_END,1516222604402,102
156,PLAYER_SLEEPBEFORE_START,1516222604402,103
156,PLAYER_SLEEPBEFORE_END,1516222628031,103
156,WS_SEND_START,1516222628031,103
156,WS_SEND_END,1516222628031,103
156,WS_RECV_START,1516222628031,104
156,WS_RECV_END,1516222634738,104
156,PLAYER_SLEEPBEFORE_START,1516222634738,105
156,PLAYER_SLEEPBEFORE_END,1516222660115,105
156,WS_SEND_START,1516222660115,105
156,WS_SEND_END,1516222660115,105
156,WS_RECV_START,1516222660115,106
156,WS_RECV_END,1516222666744,106
156,PLAYER_SLEEPBEFORE_START,1516222666744,107
156,PLAYER_SLEEPBEFORE_END,1516222690167,107
156,WS_SEND_START,1516222690167,107
156,WS_SEND_END,1516222690167,107
156,WS_RECV_START,1516222690167,108
156,WS_RECV_END,1516222696491,108
156,PLAYER_SLEEPBEFORE_START,1516222696491,109
156,PLAYER_SLEEPBEFORE_END,1516222696500,109
156,WS_SEND_START,1516222696500,109
156,WS_SEND_END,1516222696500,109
156,WS_RECV_START,1516222696500,110
156,WS_RECV_END,1516222704805,110
156,PLAYER_SLEEPBEFORE_START,1516222704805,111
156,PLAYER_SLEEPBEFORE_END,1516222705764,111
156,WS_SEND_START,1516222705764,111
156,WS_SEND_END,1516222705764,111
156,WS_RECV_START,1516222705764,112
156,WS_RECV_END,1516222708780,112
156,PLAYER_SLEEPBEFORE_START,1516222708780,113
156,PLAYER_SLEEPBEFORE_END,1516222709342,113
156,WS_SEND_START,1516222709342,113
156,WS_SEND_END,1516222709342,113
156,WS_RECV_START,1516222709342,114
156,WS_RECV_END,1516222716149,114
156,PLAYER_SLEEPBEFORE_START,1516222716149,115
156,PLAYER_SLEEPBEFORE_END,1516222716158,115
156,WS_SEND_START,1516222716158,115
156,WS_SEND_END,1516222716158,115
156,WS_RECV_START,1516222716158,116
156,WS_RECV_END,1516222723281,116
156,PLAYER_SLEEPBEFORE_START,1516222723281,117
156,PLAYER_SLEEPBEFORE_END,1516222743641,117
156,WS_SEND_START,1516222743641,117
156,WS_SEND_END,1516222743641,117
156,PLAYER_SLEEPBEFORE_START,1516222743641,118
156,PLAYER_SLEEPBEFORE_END,1516222747393,118
156,WS_SEND_START,1516222747393,118
156,WS_SEND_END,1516222747393,118
156,WS_RECV_START,1516222747394,119
156,WS_RECV_END,1516222751573,119
156,PLAYER_SLEEPBEFORE_START,1516222751573,120
156,PLAYER_SLEEPBEFORE_END,1516222752561,120
156,WS_SEND_START,1516222752561,120
156,WS_SEND_END,1516222752561,120
156,WS_RECV_START,1516222752561,121
156,WS_RECV_END,1516222763346,121
156,PLAYER_SLEEPBEFORE_START,1516222763346,122
156,PLAYER_SLEEPBEFORE_END,1516222764531,122
156,WS_SEND_START,1516222764531,122
156,WS_SEND_END,1516222764531,122
156,WS_RECV_START,1516222764531,123
156,WS_RECV_END,1516222769929,123
156,PLAYER_SLEEPBEFORE_START,1516222769929,124
156,PLAYER_SLEEPBEFORE_END,1516222794334,124
156,WS_SEND_START,1516222794334,124
156,WS_SEND_END,1516222794334,124
156,WS_RECV_START,1516222794334,125
156,WS_RECV_END,1516222804351,125
156,PLAYER_SLEEPBEFORE_START,1516222804351,126
156,PLAYER_SLEEPBEFORE_END,1516222824864,126
156,WS_SEND_START,1516222824864,126
156,WS_SEND_END,1516222824864,126
156,PLAYER_SLEEPBEFORE_START,1516222824864,127
156,PLAYER_SLEEPBEFORE_END,1516222827918,127
156,WS_SEND_START,1516222827918,127
156,WS_SEND_END,1516222827918,127
156,WS_RECV_START,1516222827918,128
156,WS_RECV_END,1516222834479,128
156,PLAYER_SLEEPBEFORE_START,1516222834479,129
156,PLAYER_SLEEPBEFORE_END,1516222834499,129
156,WS_SEND_START,1516222834499,129
156,WS_SEND_END,1516222834499,129
156,WS_RECV_START,1516222834499,130
156,WS_RECV_END,1516222840218,130
156,PLAYER_SLEEPBEFORE_START,1516222840218,131
156,PLAYER_SLEEPBEFORE_END,1516222861842,131
156,WS_SEND_START,1516222861842,131
156,WS_SEND_END,1516222861842,131
156,PLAYER_SLEEPBEFORE_START,1516222861842,132
156,PLAYER_SLEEPBEFORE_END,1516222864922,132
156,WS_SEND_START,1516222864922,132
156,WS_SEND_END,1516222864922,132
156,WS_RECV_START,1516222864922,133
156,WS_RECV_END,1516222869283,133
156,PLAYER_SLEEPBEFORE_START,1516222869283,134
156,PLAYER_SLEEPBEFORE_END,1516222890500,134
156,WS_SEND_START,1516222890500,134
156,WS_SEND_END,1516222890500,134
156,PLAYER_SLEEPBEFORE_START,1516222890500,135
156,PLAYER_SLEEPBEFORE_END,1516222893690,135
156,WS_SEND_START,1516222893690,135
156,WS_SEND_END,1516222893691,135
156,WS_RECV_START,1516222893691,136
156,WS_RECV_END,1516222896027,136
156,PLAYER_SLEEPBEFORE_START,1516222896027,137
156,PLAYER_SLEEPBEFORE_END,1516222896034,137
156,WS_SEND_START,1516222896034,137
156,WS_SEND_END,1516222896034,137
156,WS_RECV_START,1516222896034,138
156,WS_RECV_END,1516222898947,138
156,PLAYER_SLEEPBEFORE_START,1516222898947,139
156,PLAYER_SLEEPBEFORE_END,1516222899637,139
156,WS_SEND_START,1516222899637,139
156,WS_SEND_END,1516222899637,139
156,WS_RECV_START,1516222899637,140
156,WS_RECV_END,1516222903600,140
156,PLAYER_SLEEPBEFORE_START,1516222903600,141
156,PLAYER_SLEEPBEFORE_END,1516222904256,141
156,WS_SEND_START,1516222904256,141
156,WS_SEND_END,1516222904256,141
156,WS_RECV_START,1516222904256,142
156,WS_RECV_END,1516222908779,142
156,PLAYER_SLEEPBEFORE_START,1516222908779,143
156,PLAYER_SLEEPBEFORE_END,1516222908836,143
156,WS_SEND_START,1516222908836,143
156,WS_SEND_END,1516222908836,143
156,WS_RECV_START,1516222908836,144
156,WS_RECV_END,1516222915379,144
156,PLAYER_SLEEPBEFORE_START,1516222915379,145
156,PLAYER_SLEEPBEFORE_END,1516222931441,145
156,REQ_START,1516222931441,145
156,REQ_END,1516222931449,145
156,PLAYER_SLEEPBEFORE_START,1516222931449,146
156,PLAYER_SLEEPBEFORE_END,1516222940326,146
156,WS_SEND_START,1516222940326,146
156,WS_SEND_END,1516222940326,146
156,WS_RECV_START,1516222940326,147
156,WS_RECV_END,1516222950213,147
156,PLAYER_SLEEPBEFORE_START,1516222950213,148
156,PLAYER_SLEEPBEFORE_END,1516222972136,148
156,WS_SEND_START,1516222972136,148
156,WS_SEND_END,1516222972136,148
156,PLAYER_SLEEPBEFORE_START,1516222972136,149
156,PLAYER_SLEEPBEFORE_END,1516222974564,149
156,WS_SEND_START,1516222974564,149
156,WS_SEND_END,1516222974564,149
156,WS_RECV_START,1516222974564,150
156,WS_RECV_END,1516222983124,150
156,PLAYER_SLEEPBEFORE_START,1516222983124,151
156,PLAYER_SLEEPBEFORE_END,1516222983334,151
156,WS_SEND_START,1516222983334,151
156,WS_SEND_END,1516222983334,151
156,WS_RECV_START,1516222983334,152
156,WS_RECV_END,1516222989409,152
156,PLAYER_SLEEPBEFORE_START,1516222989409,153
156,PLAYER_SLEEPBEFORE_END,1516223013337,153
156,WS_SEND_START,1516223013337,153
156,WS_SEND_END,1516223013337,153
156,WS_RECV_START,1516223013337,154
156,WS_RECV_END,1516223020974,154
156,PLAYER_SLEEPBEFORE_START,1516223020974,155
156,PLAYER_SLEEPBEFORE_END,1516223043532,155
156,WS_SEND_START,1516223043532,155
156,WS_SEND_END,1516223043532,155
156,PLAYER_SLEEPBEFORE_START,1516223043532,156
156,PLAYER_SLEEPBEFORE_END,1516223046806,156
156,WS_SEND_START,1516223046806,156
156,WS_SEND_END,1516223046806,156
156,WS_RECV_START,1516223046806,157
156,WS_RECV_END,1516223055892,157
156,PLAYER_SLEEPBEFORE_START,1516223055892,158
156,PLAYER_SLEEPBEFORE_END,1516223055902,158
156,WS_SEND_START,1516223055902,158
156,WS_SEND_END,1516223055902,158
156,WS_RECV_START,1516223055902,159
156,WS_RECV_END,1516223061456,159
156,PLAYER_SLEEPBEFORE_START,1516223061456,160
156,PLAYER_SLEEPBEFORE_END,1516223061631,160
156,WS_SEND_START,1516223061631,160
156,WS_SEND_END,1516223061631,160
156,WS_RECV_START,1516223061631,161
156,WS_RECV_END,1516223067907,161
156,PLAYER_SLEEPBEFORE_START,1516223067907,162
156,PLAYER_SLEEPBEFORE_END,1516223067932,162
156,WS_SEND_START,1516223067932,162
156,WS_SEND_END,1516223067932,162
156,WS_RECV_START,1516223067932,163
156,WS_RECV_END,1516223072572,163
156,PLAYER_SLEEPBEFORE_START,1516223072572,164
156,PLAYER_SLEEPBEFORE_END,1516223093384,164
156,WS_SEND_START,1516223093384,164
156,WS_SEND_END,1516223093384,164
156,WS_RECV_START,1516223093384,165
156,WS_RECV_END,1516223103323,165
156,PLAYER_SLEEPBEFORE_START,1516223103323,166
156,PLAYER_SLEEPBEFORE_END,1516223125778,166
156,WS_SEND_START,1516223125778,166
156,WS_SEND_END,1516223125778,166
156,WS_RECV_START,1516223125778,167
156,WS_RECV_END,1516223136339,167
156,PLAYER_SLEEPBEFORE_START,1516223136339,168
156,PLAYER_SLEEPBEFORE_END,1516223163696,168
156,WS_SEND_START,1516223163696,168
156,WS_SEND_END,1516223163696,168
156,WS_RECV_START,1516223163696,169
156,WS_RECV_END,1516223172639,169
156,PLAYER_SLEEPBEFORE_START,1516223172639,170
156,PLAYER_SLEEPBEFORE_END,1516223172648,170
156,WS_SEND_START,1516223172648,170
156,WS_SEND_END,1516223172648,170
156,WS_RECV_START,1516223172648,171
156,WS_RECV_END,1516223176150,171
156,PLAYER_SLEEPBEFORE_START,1516223176150,172
156,PLAYER_SLEEPBEFORE_END,1516223176519,172
156,WS_SEND_START,1516223176519,172
156,WS_SEND_END,1516223176519,172
156,WS_RECV_START,1516223176519,173
156,WS_RECV_END,1516223183813,173
156,PLAYER_SLEEPBEFORE_START,1516223183813,174
156,PLAYER_SLEEPBEFORE_END,1516223183854,174
156,WS_SEND_START,1516223183854,174
156,WS_SEND_END,1516223183854,174
156,WS_RECV_START,1516223183854,175
156,WS_RECV_END,1516223192108,175
156,PLAYER_SLEEPBEFORE_START,1516223192108,176
156,PLAYER_SLEEPBEFORE_END,1516223213869,176
156,WS_SEND_START,1516223213869,176
156,WS_SEND_END,1516223213869,176
156,PLAYER_SLEEPBEFORE_START,1516223213869,177
156,PLAYER_SLEEPBEFORE_END,1516223216387,177
156,WS_SEND_START,1516223216387,177
156,WS_SEND_END,1516223216387,177
156,WS_RECV_START,1516223216387,178
156,WS_RECV_END,1516223226559,178
156,PLAYER_SLEEPBEFORE_START,1516223226559,179
156,PLAYER_SLEEPBEFORE_END,1516223248899,179
156,WS_SEND_START,1516223248899,179
156,WS_SEND_END,1516223248899,179
156,WS_RECV_START,1516223248899,180
156,WS_RECV_END,1516223257519,180
156,PLAYER_SLEEPBEFORE_START,1516223257519,181
156,PLAYER_SLEEPBEFORE_END,1516223257963,181
156,WS_SEND_START,1516223257963,181
156,WS_SEND_END,1516223257963,181
156,WS_RECV_START,1516223257963,182
156,WS_RECV_END,1516223272295,182
156,PLAYER_SLEEPBEFORE_START,1516223272295,183
156,PLAYER_SLEEPBEFORE_END,1516223272818,183
156,WS_SEND_START,1516223272818,183
156,WS_SEND_END,1516223272818,183
156,WS_RECV_START,1516223272818,184
156,WS_RECV_END,1516223278768,184
156,PLAYER_SLEEPBEFORE_START,1516223278768,185
156,PLAYER_SLEEPBEFORE_END,1516223279036,185
156,WS_SEND_START,1516223279036,185
156,WS_SEND_END,1516223279037,185
156,WS_RECV_START,1516223279037,186
156,WS_RECV_END,1516223287988,186
156,PLAYER_SLEEPBEFORE_START,1516223287988,187
156,PLAYER_SLEEPBEFORE_END,1516223310488,187
156,WS_SEND_START,1516223310488,187
156,WS_SEND_END,1516223310488,187
156,WS_RECV_START,1516223310488,188
156,WS_RECV_END,1516223322731,188
156,PLAYER_SLEEPBEFORE_START,1516223322731,189
156,PLAYER_SLEEPBEFORE_END,1516223328975,189
156,WS_SEND_START,1516223328975,189
156,WS_SEND_END,1516223328975,189
156,WS_RECV_START,1516223328975,190
156,WS_RECV_END,1516223339645,190
156,PLAYER_SLEEPBEFORE_START,1516223339645,191
156,PLAYER_SLEEPBEFORE_END,1516223341560,191
156,WS_SEND_START,1516223341560,191
156,WS_SEND_END,1516223341560,191
156,WS_RECV_START,1516223341560,192
156,WS_RECV_END,1516223357682,192
156,PLAYER_SLEEPBEFORE_START,1516223357682,193
156,PLAYER_SLEEPBEFORE_END,1516223357810,193
156,WS_SEND_START,1516223357810,193
156,WS_SEND_END,1516223357810,193
156,WS_RECV_START,1516223357810,194
156,WS_RECV_END,1516223364674,194
156,PLAYER_SLEEPBEFORE_START,1516223364674,195
156,PLAYER_SLEEPBEFORE_END,1516223366429,195
156,WS_SEND_START,1516223366429,195
156,WS_SEND_END,1516223366429,195
156,WS_RECV_START,1516223366429,196
156,WS_RECV_END,1516223371959,196
156,PLAYER_SLEEPBEFORE_START,1516223371959,197
156,PLAYER_SLEEPBEFORE_END,1516223373763,197
156,WS_SEND_START,1516223373763,197
156,WS_SEND_END,1516223373763,197
156,WS_RECV_START,1516223373763,198
156,WS_RECV_END,1516223378661,198
156,PLAYER_SLEEPBEFORE_START,1516223378661,199
156,PLAYER_SLEEPBEFORE_END,1516223390515,199
156,WS_SEND_START,1516223390515,199
156,WS_SEND_END,1516223390515,199
156,PLAYER_SLEEPBEFORE_START,1516223390515,200
156,PLAYER_SLEEPBEFORE_END,1516223394603,200
156,WS_SEND_START,1516223394603,200
156,WS_SEND_END,1516223394604,200
156,WS_RECV_START,1516223394604,201
156,WS_RECV_END,1516223401365,201
156,PLAYER_SLEEPBEFORE_START,1516223401365,202
156,PLAYER_SLEEPBEFORE_END,1516223401380,202
156,WS_SEND_START,1516223401380,202
156,WS_SEND_END,1516223401380,202
156,WS_RECV_START,1516223401380,203
156,WS_RECV_END,1516223408060,203
156,PLAYER_SLEEPBEFORE_START,1516223408060,204
156,PLAYER_SLEEPBEFORE_END,1516223427709,204
156,WS_SEND_START,1516223427709,204
156,WS_SEND_END,1516223427709,204
156,PLAYER_SLEEPBEFORE_START,1516223427709,205
156,PLAYER_SLEEPBEFORE_END,1516223431612,205
156,WS_SEND_START,1516223431612,205
156,WS_SEND_END,1516223431612,205
156,WS_RECV_START,1516223431612,206
156,WS_RECV_END,1516223438603,206
156,PLAYER_SLEEPBEFORE_START,1516223438603,207
156,PLAYER_SLEEPBEFORE_END,1516223455535,207
156,REQ_START,1516223455535,207
156,REQ_END,1516223455543,207
156,PLAYER_SLEEPBEFORE_START,1516223455543,208
156,PLAYER_SLEEPBEFORE_END,1516223462395,208
156,WS_CLOSE_START,1516223462395,208
156,WS_CLOSE_END,1516223462395,208
156,PLAYER_DONE,1516223462395
