# --sessions 720 --app-url=http://shinyloadtest.rstudioservices.com/cran_explorer --output-dir test720 --overwrite-output --log-level warn --start-interval 500 15min.log
thread_id,event,timestamp,input_line_number,comment
243,PLAYER_SESSION_CREATE,1516222120166
243,PLAYER_START_INTERVAL_START,1516222120166
243,PLAYER_START_INTERVAL_END,1516222241666
243,REQ_HOME_START,1516222241666,2
243,REQ_HOME_END,1516222241759,2
243,REQ_START,1516222241759,3
243,REQ_END,1516222241810,3
243,REQ_START,1516222241810,4
243,REQ_END,1516222241843,4
243,REQ_START,1516222241843,5
243,REQ_END,1516222241881,5
243,REQ_START,1516222241881,6
243,REQ_END,1516222241933,6
243,REQ_START,1516222241933,7
243,REQ_END,1516222241976,7
243,REQ_START,1516222241976,8
243,REQ_END,1516222242010,8
243,REQ_START,1516222242010,9
243,REQ_END,1516222242200,9
243,REQ_START,1516222242200,10
243,REQ_END,1516222242208,10
243,REQ_START,1516222242208,11
243,REQ_END,1516222242355,11
243,REQ_START,1516222242355,12
243,REQ_END,1516222242366,12
243,REQ_START,1516222242366,13
243,REQ_END,1516222242397,13
243,REQ_START,1516222242397,14
243,REQ_END,1516222242412,14
243,REQ_START,1516222242412,15
243,REQ_END,1516222242567,15
243,REQ_TOK_START,1516222242567,16
243,REQ_TOK_END,1516222242580,16
243,REQ_SINF_START,1516222242580,17
243,REQ_SINF_END,1516222242586,17
243,WS_OPEN_START,1516222242586,18
243,WS_OPEN_END,1516222242593,18
243,REQ_START,1516222242593,19
243,REQ_END,1516222242761,19
243,WS_RECV_START,1516222242761,20
243,WS_RECV_END,1516222242761,20
243,PLAYER_SLEEPBEFORE_START,1516222242761,21
243,PLAYER_SLEEPBEFORE_END,1516222242766,21
243,WS_SEND_START,1516222242766,21
243,WS_SEND_END,1516222242766,21
243,PLAYER_SLEEPBEFORE_START,1516222242766,22
243,PLAYER_SLEEPBEFORE_END,1516222242767,22
243,WS_SEND_START,1516222242767,22
243,WS_SEND_END,1516222242767,22
243,WS_RECV_INIT_START,1516222242767,23
243,WS_RECV_INIT_END,1516222242790,23
243,WS_RECV_START,1516222242790,24
243,WS_RECV_END,1516222242853,24
243,PLAYER_SLEEPBEFORE_START,1516222242853,25
243,PLAYER_SLEEPBEFORE_END,1516222242860,25
243,REQ_START,1516222242860,25
243,REQ_END,1516222242894,25
243,PLAYER_SLEEPBEFORE_START,1516222242894,26
243,PLAYER_SLEEPBEFORE_END,1516222242895,26
243,REQ_START,1516222242895,26
243,REQ_END,1516222242933,26
243,PLAYER_SLEEPBEFORE_START,1516222242933,27
243,PLAYER_SLEEPBEFORE_END,1516222242936,27
243,REQ_START,1516222242936,27
243,REQ_END,1516222242972,27
243,PLAYER_SLEEPBEFORE_START,1516222242973,28
243,PLAYER_SLEEPBEFORE_END,1516222243258,28
243,REQ_START,1516222243258,28
243,REQ_END,1516222243292,28
243,PLAYER_SLEEPBEFORE_START,1516222243292,29
243,PLAYER_SLEEPBEFORE_END,1516222243467,29
243,WS_SEND_START,1516222243467,29
243,WS_SEND_END,1516222243467,29
243,WS_RECV_START,1516222243467,30
243,WS_RECV_END,1516222243624,30
243,PLAYER_SLEEPBEFORE_START,1516222243624,31
243,PLAYER_SLEEPBEFORE_END,1516222243635,31
243,REQ_START,1516222243635,31
243,REQ_END,1516222243678,31
243,PLAYER_SLEEPBEFORE_START,1516222243678,32
243,PLAYER_SLEEPBEFORE_END,1516222271823,32
243,WS_SEND_START,1516222271823,32
243,WS_SEND_END,1516222271823,32
243,WS_RECV_START,1516222271823,33
243,WS_RECV_END,1516222271950,33
243,PLAYER_SLEEPBEFORE_START,1516222271950,34
243,PLAYER_SLEEPBEFORE_END,1516222297861,34
243,WS_SEND_START,1516222297861,34
243,WS_SEND_END,1516222297861,34
243,WS_RECV_START,1516222297861,35
243,WS_RECV_END,1516222298007,35
243,PLAYER_SLEEPBEFORE_START,1516222298007,36
243,PLAYER_SLEEPBEFORE_END,1516222298016,36
243,WS_SEND_START,1516222298016,36
243,WS_SEND_END,1516222298016,36
243,WS_RECV_START,1516222298016,37
243,WS_RECV_END,1516222298060,37
243,PLAYER_SLEEPBEFORE_START,1516222298060,38
243,PLAYER_SLEEPBEFORE_END,1516222301255,38
243,WS_SEND_START,1516222301255,38
243,WS_SEND_END,1516222301255,38
243,WS_RECV_START,1516222301255,39
243,WS_RECV_END,1516222301392,39
243,PLAYER_SLEEPBEFORE_START,1516222301393,40
243,PLAYER_SLEEPBEFORE_END,1516222301439,40
243,WS_SEND_START,1516222301439,40
243,WS_SEND_END,1516222301439,40
243,WS_RECV_START,1516222301439,41
243,WS_RECV_END,1516222301593,41
243,PLAYER_SLEEPBEFORE_START,1516222301593,42
243,PLAYER_SLEEPBEFORE_END,1516222319728,42
243,WS_SEND_START,1516222319728,42
243,WS_SEND_END,1516222319728,42
243,WS_RECV_START,1516222319728,43
243,WS_RECV_END,1516222319889,43
243,PLAYER_SLEEPBEFORE_START,1516222319889,44
243,PLAYER_SLEEPBEFORE_END,1516222319903,44
243,WS_SEND_START,1516222319903,44
243,WS_SEND_END,1516222319903,44
243,WS_RECV_START,1516222319903,45
243,WS_RECV_END,1516222319944,45
243,PLAYER_SLEEPBEFORE_START,1516222319944,46
243,PLAYER_SLEEPBEFORE_END,1516222321204,46
243,WS_SEND_START,1516222321204,46
243,WS_SEND_END,1516222321204,46
243,WS_RECV_START,1516222321204,47
243,WS_RECV_END,1516222321267,47
243,PLAYER_SLEEPBEFORE_START,1516222321267,48
243,PLAYER_SLEEPBEFORE_END,1516222322587,48
243,WS_SEND_START,1516222322587,48
243,WS_SEND_END,1516222322587,48
243,WS_RECV_START,1516222322587,49
243,WS_RECV_END,1516222322700,49
243,PLAYER_SLEEPBEFORE_START,1516222322700,50
243,PLAYER_SLEEPBEFORE_END,1516222322724,50
243,WS_SEND_START,1516222322724,50
243,WS_SEND_END,1516222322724,50
243,WS_RECV_START,1516222322724,51
243,WS_RECV_END,1516222322897,51
243,PLAYER_SLEEPBEFORE_START,1516222322897,52
243,PLAYER_SLEEPBEFORE_END,1516222345463,52
243,WS_SEND_START,1516222345463,52
243,WS_SEND_END,1516222345463,52
243,WS_RECV_START,1516222345463,53
243,WS_RECV_END,1516222346102,53
243,PLAYER_SLEEPBEFORE_START,1516222346102,54
243,PLAYER_SLEEPBEFORE_END,1516222367405,54
243,WS_SEND_START,1516222367405,54
243,WS_SEND_END,1516222367405,54
243,PLAYER_SLEEPBEFORE_START,1516222367405,55
243,PLAYER_SLEEPBEFORE_END,1516222369346,55
243,WS_SEND_START,1516222369346,55
243,WS_SEND_END,1516222369346,55
243,WS_RECV_START,1516222369346,56
243,WS_RECV_END,1516222369434,56
243,PLAYER_SLEEPBEFORE_START,1516222369434,57
243,PLAYER_SLEEPBEFORE_END,1516222392306,57
243,WS_SEND_START,1516222392306,57
243,WS_SEND_END,1516222392307,57
243,WS_RECV_START,1516222392307,58
243,WS_RECV_END,1516222392473,58
243,PLAYER_SLEEPBEFORE_START,1516222392473,59
243,PLAYER_SLEEPBEFORE_END,1516222394800,59
243,WS_SEND_START,1516222394800,59
243,WS_SEND_END,1516222394800,59
243,WS_RECV_START,1516222394800,60
243,WS_RECV_END,1516222395251,60
243,PLAYER_SLEEPBEFORE_START,1516222395251,61
243,PLAYER_SLEEPBEFORE_END,1516222398842,61
243,WS_SEND_START,1516222398842,61
243,WS_SEND_END,1516222398842,61
243,WS_RECV_START,1516222398842,62
243,WS_RECV_END,1516222399343,62
243,PLAYER_SLEEPBEFORE_START,1516222399343,63
243,PLAYER_SLEEPBEFORE_END,1516222418606,63
243,WS_SEND_START,1516222418606,63
243,WS_SEND_END,1516222418606,63
243,WS_RECV_START,1516222418606,64
243,WS_RECV_END,1516222419437,64
243,PLAYER_SLEEPBEFORE_START,1516222419437,65
243,PLAYER_SLEEPBEFORE_END,1516222446254,65
243,WS_SEND_START,1516222446254,65
243,WS_SEND_END,1516222446254,65
243,WS_RECV_START,1516222446254,66
243,WS_RECV_END,1516222448134,66
243,PLAYER_SLEEPBEFORE_START,1516222448134,67
243,PLAYER_SLEEPBEFORE_END,1516222449641,67
243,WS_SEND_START,1516222449641,67
243,WS_SEND_END,1516222449641,67
243,WS_RECV_START,1516222449641,68
243,WS_RECV_END,1516222450818,68
243,PLAYER_SLEEPBEFORE_START,1516222450818,69
243,PLAYER_SLEEPBEFORE_END,1516222472816,69
243,WS_SEND_START,1516222472816,69
243,WS_SEND_END,1516222472816,69
243,WS_RECV_START,1516222472816,70
243,WS_RECV_END,1516222475006,70
243,PLAYER_SLEEPBEFORE_START,1516222475006,71
243,PLAYER_SLEEPBEFORE_END,1516222499784,71
243,WS_SEND_START,1516222499784,71
243,WS_SEND_END,1516222499784,71
243,PLAYER_SLEEPBEFORE_START,1516222499784,72
243,PLAYER_SLEEPBEFORE_END,1516222502391,72
243,WS_SEND_START,1516222502391,72
243,WS_SEND_END,1516222502391,72
243,WS_RECV_START,1516222502391,73
243,WS_RECV_END,1516222503065,73
243,PLAYER_SLEEPBEFORE_START,1516222503065,74
243,PLAYER_SLEEPBEFORE_END,1516222503074,74
243,WS_SEND_START,1516222503074,74
243,WS_SEND_END,1516222503074,74
243,WS_RECV_START,1516222503074,75
243,WS_RECV_END,1516222504340,75
243,PLAYER_SLEEPBEFORE_START,1516222504340,76
243,PLAYER_SLEEPBEFORE_END,1516222505846,76
243,WS_SEND_START,1516222505846,76
243,WS_SEND_END,1516222505846,76
243,WS_RECV_START,1516222505846,77
243,WS_RECV_END,1516222506290,77
243,PLAYER_SLEEPBEFORE_START,1516222506290,78
243,PLAYER_SLEEPBEFORE_END,1516222507158,78
243,WS_SEND_START,1516222507158,78
243,WS_SEND_END,1516222507158,78
243,WS_RECV_START,1516222507158,79
243,WS_RECV_END,1516222508815,79
243,PLAYER_SLEEPBEFORE_START,1516222508815,80
243,PLAYER_SLEEPBEFORE_END,1516222516482,80
243,WS_SEND_START,1516222516482,80
243,WS_SEND_END,1516222516482,80
243,WS_RECV_START,1516222516482,81
243,WS_RECV_END,1516222519530,81
243,PLAYER_SLEEPBEFORE_START,1516222519530,82
243,PLAYER_SLEEPBEFORE_END,1516222520632,82
243,WS_SEND_START,1516222520632,82
243,WS_SEND_END,1516222520632,82
243,WS_RECV_START,1516222520632,83
243,WS_RECV_END,1516222524106,83
243,PLAYER_SLEEPBEFORE_START,1516222524106,84
243,PLAYER_SLEEPBEFORE_END,1516222525053,84
243,WS_SEND_START,1516222525053,84
243,WS_SEND_END,1516222525053,84
243,WS_RECV_START,1516222525053,85
243,WS_RECV_END,1516222526289,85
243,PLAYER_SLEEPBEFORE_START,1516222526289,86
243,PLAYER_SLEEPBEFORE_END,1516222530461,86
243,WS_SEND_START,1516222530461,86
243,WS_SEND_END,1516222530461,86
243,WS_RECV_START,1516222530461,87
243,WS_RECV_END,1516222533868,87
243,PLAYER_SLEEPBEFORE_START,1516222533868,88
243,PLAYER_SLEEPBEFORE_END,1516222533876,88
243,WS_SEND_START,1516222533876,88
243,WS_SEND_END,1516222533876,88
243,WS_RECV_START,1516222533876,89
243,WS_RECV_END,1516222536035,89
243,PLAYER_SLEEPBEFORE_START,1516222536035,90
243,PLAYER_SLEEPBEFORE_END,1516222563232,90
243,REQ_START,1516222563232,90
243,REQ_END,1516222563242,90
243,PLAYER_SLEEPBEFORE_START,1516222563242,91
243,PLAYER_SLEEPBEFORE_END,1516222571131,91
243,WS_SEND_START,1516222571131,91
243,WS_SEND_END,1516222571131,91
243,WS_RECV_START,1516222571131,92
243,WS_RECV_END,1516222575657,92
243,PLAYER_SLEEPBEFORE_START,1516222575657,93
243,PLAYER_SLEEPBEFORE_END,1516222575672,93
243,WS_SEND_START,1516222575672,93
243,WS_SEND_END,1516222575672,93
243,WS_RECV_START,1516222575672,94
243,WS_RECV_END,1516222577033,94
243,PLAYER_SLEEPBEFORE_START,1516222577033,95
243,PLAYER_SLEEPBEFORE_END,1516222600588,95
243,WS_SEND_START,1516222600588,95
243,WS_SEND_END,1516222600588,95
243,WS_RECV_START,1516222600588,96
243,WS_RECV_END,1516222605168,96
243,PLAYER_SLEEPBEFORE_START,1516222605168,97
243,PLAYER_SLEEPBEFORE_END,1516222627608,97
243,WS_SEND_START,1516222627608,97
243,WS_SEND_END,1516222627608,97
243,WS_RECV_START,1516222627608,98
243,WS_RECV_END,1516222632504,98
243,PLAYER_SLEEPBEFORE_START,1516222632504,99
243,PLAYER_SLEEPBEFORE_END,1516222632525,99
243,WS_SEND_START,1516222632525,99
243,WS_SEND_END,1516222632525,99
243,WS_RECV_START,1516222632525,100
243,WS_RECV_END,1516222640850,100
243,PLAYER_SLEEPBEFORE_START,1516222640850,101
243,PLAYER_SLEEPBEFORE_END,1516222664409,101
243,WS_SEND_START,1516222664409,101
243,WS_SEND_END,1516222664409,101
243,WS_RECV_START,1516222664409,102
243,WS_RECV_END,1516222670622,102
243,PLAYER_SLEEPBEFORE_START,1516222670622,103
243,PLAYER_SLEEPBEFORE_END,1516222694247,103
243,WS_SEND_START,1516222694247,103
243,WS_SEND_END,1516222694247,103
243,WS_RECV_START,1516222694247,104
243,WS_RECV_END,1516222703583,104
243,PLAYER_SLEEPBEFORE_START,1516222703583,105
243,PLAYER_SLEEPBEFORE_END,1516222728960,105
243,WS_SEND_START,1516222728960,105
243,WS_SEND_END,1516222728960,105
243,WS_RECV_START,1516222728960,106
243,WS_RECV_END,1516222737124,106
243,PLAYER_SLEEPBEFORE_START,1516222737124,107
243,PLAYER_SLEEPBEFORE_END,1516222760547,107
243,WS_SEND_START,1516222760547,107
243,WS_SEND_END,1516222760547,107
243,WS_RECV_START,1516222760547,108
243,WS_RECV_END,1516222768820,108
243,PLAYER_SLEEPBEFORE_START,1516222768820,109
243,PLAYER_SLEEPBEFORE_END,1516222768829,109
243,WS_SEND_START,1516222768829,109
243,WS_SEND_END,1516222768829,109
243,WS_RECV_START,1516222768829,110
243,WS_RECV_END,1516222771981,110
243,PLAYER_SLEEPBEFORE_START,1516222771981,111
243,PLAYER_SLEEPBEFORE_END,1516222772940,111
243,WS_SEND_START,1516222772940,111
243,WS_SEND_END,1516222772940,111
243,WS_RECV_START,1516222772940,112
243,WS_RECV_END,1516222777352,112
243,PLAYER_SLEEPBEFORE_START,1516222777352,113
243,PLAYER_SLEEPBEFORE_END,1516222777914,113
243,WS_SEND_START,1516222777914,113
243,WS_SEND_END,1516222777914,113
243,WS_RECV_START,1516222777914,114
243,WS_RECV_END,1516222781805,114
243,PLAYER_SLEEPBEFORE_START,1516222781805,115
243,PLAYER_SLEEPBEFORE_END,1516222781814,115
243,WS_SEND_START,1516222781814,115
243,WS_SEND_END,1516222781814,115
243,WS_RECV_START,1516222781814,116
243,WS_RECV_END,1516222787774,116
243,PLAYER_SLEEPBEFORE_START,1516222787774,117
243,PLAYER_SLEEPBEFORE_END,1516222808134,117
243,WS_SEND_START,1516222808134,117
243,WS_SEND_END,1516222808134,117
243,PLAYER_SLEEPBEFORE_START,1516222808134,118
243,PLAYER_SLEEPBEFORE_END,1516222811886,118
243,WS_SEND_START,1516222811886,118
243,WS_SEND_END,1516222811886,118
243,WS_RECV_START,1516222811886,119
243,WS_RECV_END,1516222815545,119
243,PLAYER_SLEEPBEFORE_START,1516222815546,120
243,PLAYER_SLEEPBEFORE_END,1516222816534,120
243,WS_SEND_START,1516222816534,120
243,WS_SEND_END,1516222816534,120
243,WS_RECV_START,1516222816534,121
243,WS_RECV_END,1516222826500,121
243,PLAYER_SLEEPBEFORE_START,1516222826500,122
243,PLAYER_SLEEPBEFORE_END,1516222827685,122
243,WS_SEND_START,1516222827685,122
243,WS_SEND_END,1516222827685,122
243,WS_RECV_START,1516222827685,123
243,WS_RECV_END,1516222831662,123
243,PLAYER_SLEEPBEFORE_START,1516222831662,124
243,PLAYER_SLEEPBEFORE_END,1516222856067,124
243,WS_SEND_START,1516222856067,124
243,WS_SEND_END,1516222856067,124
243,WS_RECV_START,1516222856067,125
243,WS_RECV_END,1516222865460,125
243,PLAYER_SLEEPBEFORE_START,1516222865460,126
243,PLAYER_SLEEPBEFORE_END,1516222885972,126
243,WS_SEND_START,1516222885972,126
243,WS_SEND_END,1516222885972,126
243,PLAYER_SLEEPBEFORE_START,1516222885972,127
243,PLAYER_SLEEPBEFORE_END,1516222889026,127
243,WS_SEND_START,1516222889026,127
243,WS_SEND_END,1516222889026,127
243,WS_RECV_START,1516222889026,128
243,WS_RECV_END,1516222893429,128
243,PLAYER_SLEEPBEFORE_START,1516222893429,129
243,PLAYER_SLEEPBEFORE_END,1516222893449,129
243,WS_SEND_START,1516222893449,129
243,WS_SEND_END,1516222893449,129
243,WS_RECV_START,1516222893449,130
243,WS_RECV_END,1516222896499,130
243,PLAYER_SLEEPBEFORE_START,1516222896499,131
243,PLAYER_SLEEPBEFORE_END,1516222918123,131
243,WS_SEND_START,1516222918123,131
243,WS_SEND_END,1516222918123,131
243,PLAYER_SLEEPBEFORE_START,1516222918123,132
243,PLAYER_SLEEPBEFORE_END,1516222921203,132
243,WS_SEND_START,1516222921203,132
243,WS_SEND_END,1516222921203,132
243,WS_RECV_START,1516222921203,133
243,WS_RECV_END,1516222927268,133
243,PLAYER_SLEEPBEFORE_START,1516222927268,134
243,PLAYER_SLEEPBEFORE_END,1516222948485,134
243,WS_SEND_START,1516222948485,134
243,WS_SEND_END,1516222948485,134
243,PLAYER_SLEEPBEFORE_START,1516222948485,135
243,PLAYER_SLEEPBEFORE_END,1516222951675,135
243,WS_SEND_START,1516222951675,135
243,WS_SEND_END,1516222951675,135
243,WS_RECV_START,1516222951675,136
243,WS_RECV_END,1516222956526,136
243,PLAYER_SLEEPBEFORE_START,1516222956526,137
243,PLAYER_SLEEPBEFORE_END,1516222956533,137
243,WS_SEND_START,1516222956533,137
243,WS_SEND_END,1516222956533,137
243,WS_RECV_START,1516222956533,138
243,WS_RECV_END,1516222961833,138
243,PLAYER_SLEEPBEFORE_START,1516222961833,139
243,PLAYER_SLEEPBEFORE_END,1516222962523,139
243,WS_SEND_START,1516222962523,139
243,WS_SEND_END,1516222962523,139
243,WS_RECV_START,1516222962523,140
243,WS_RECV_END,1516222967540,140
243,PLAYER_SLEEPBEFORE_START,1516222967540,141
243,PLAYER_SLEEPBEFORE_END,1516222968195,141
243,WS_SEND_START,1516222968195,141
243,WS_SEND_END,1516222968195,141
243,WS_RECV_START,1516222968195,142
243,WS_RECV_END,1516222972934,142
243,PLAYER_SLEEPBEFORE_START,1516222972934,143
243,PLAYER_SLEEPBEFORE_END,1516222972992,143
243,WS_SEND_START,1516222972992,143
243,WS_SEND_END,1516222972992,143
243,WS_RECV_START,1516222972992,144
243,WS_RECV_END,1516222977882,144
243,PLAYER_SLEEPBEFORE_START,1516222977882,145
243,PLAYER_SLEEPBEFORE_END,1516222993944,145
243,REQ_START,1516222993944,145
243,REQ_END,1516222993952,145
243,PLAYER_SLEEPBEFORE_START,1516222993952,146
243,PLAYER_SLEEPBEFORE_END,1516223002830,146
243,WS_SEND_START,1516223002830,146
243,WS_SEND_END,1516223002830,146
243,WS_RECV_START,1516223002830,147
243,WS_RECV_END,1516223010951,147
243,PLAYER_SLEEPBEFORE_START,1516223010951,148
243,PLAYER_SLEEPBEFORE_END,1516223032874,148
243,WS_SEND_START,1516223032874,148
243,WS_SEND_END,1516223032874,148
243,PLAYER_SLEEPBEFORE_START,1516223032874,149
243,PLAYER_SLEEPBEFORE_END,1516223035302,149
243,WS_SEND_START,1516223035302,149
243,WS_SEND_END,1516223035302,149
243,WS_RECV_START,1516223035302,150
243,WS_RECV_END,1516223040085,150
243,PLAYER_SLEEPBEFORE_START,1516223040085,151
243,PLAYER_SLEEPBEFORE_END,1516223040295,151
243,WS_SEND_START,1516223040295,151
243,WS_SEND_END,1516223040295,151
243,WS_RECV_START,1516223040295,152
243,WS_RECV_END,1516223042805,152
243,PLAYER_SLEEPBEFORE_START,1516223042805,153
243,PLAYER_SLEEPBEFORE_END,1516223066732,153
243,WS_SEND_START,1516223066732,153
243,WS_SEND_END,1516223066732,153
243,WS_RECV_START,1516223066732,154
243,WS_RECV_END,1516223077437,154
243,PLAYER_SLEEPBEFORE_START,1516223077437,155
243,PLAYER_SLEEPBEFORE_END,1516223099995,155
243,WS_SEND_START,1516223099995,155
243,WS_SEND_END,1516223099995,155
243,PLAYER_SLEEPBEFORE_START,1516223099995,156
243,PLAYER_SLEEPBEFORE_END,1516223103270,156
243,WS_SEND_START,1516223103270,156
243,WS_SEND_END,1516223103270,156
243,WS_RECV_START,1516223103270,157
243,WS_RECV_END,1516223107157,157
243,PLAYER_SLEEPBEFORE_START,1516223107157,158
243,PLAYER_SLEEPBEFORE_END,1516223107167,158
243,WS_SEND_START,1516223107167,158
243,WS_SEND_END,1516223107167,158
243,WS_RECV_START,1516223107167,159
243,WS_RECV_END,1516223110851,159
243,PLAYER_SLEEPBEFORE_START,1516223110851,160
243,PLAYER_SLEEPBEFORE_END,1516223111026,160
243,WS_SEND_START,1516223111026,160
243,WS_SEND_END,1516223111026,160
243,WS_RECV_START,1516223111026,161
243,WS_RECV_END,1516223116554,161
243,PLAYER_SLEEPBEFORE_START,1516223116554,162
243,PLAYER_SLEEPBEFORE_END,1516223116579,162
243,WS_SEND_START,1516223116579,162
243,WS_SEND_END,1516223116579,162
243,WS_RECV_START,1516223116579,163
243,WS_RECV_END,1516223122145,163
243,PLAYER_SLEEPBEFORE_START,1516223122145,164
243,PLAYER_SLEEPBEFORE_END,1516223142957,164
243,WS_SEND_START,1516223142957,164
243,WS_SEND_END,1516223142957,164
243,WS_RECV_START,1516223142957,165
243,WS_RECV_END,1516223151459,165
243,PLAYER_SLEEPBEFORE_START,1516223151459,166
243,PLAYER_SLEEPBEFORE_END,1516223173914,166
243,WS_SEND_START,1516223173914,166
243,WS_SEND_END,1516223173914,166
243,WS_RECV_START,1516223173914,167
243,WS_RECV_END,1516223182722,167
243,PLAYER_SLEEPBEFORE_START,1516223182722,168
243,PLAYER_SLEEPBEFORE_END,1516223210079,168
243,WS_SEND_START,1516223210079,168
243,WS_SEND_END,1516223210079,168
243,WS_RECV_START,1516223210079,169
243,WS_RECV_END,1516223220661,169
243,PLAYER_SLEEPBEFORE_START,1516223220661,170
243,PLAYER_SLEEPBEFORE_END,1516223220670,170
243,WS_SEND_START,1516223220670,170
243,WS_SEND_END,1516223220670,170
243,WS_RECV_START,1516223220670,171
243,WS_RECV_END,1516223227163,171
243,PLAYER_SLEEPBEFORE_START,1516223227163,172
243,PLAYER_SLEEPBEFORE_END,1516223227533,172
243,WS_SEND_START,1516223227533,172
243,WS_SEND_END,1516223227533,172
243,WS_RECV_START,1516223227533,173
243,WS_RECV_END,1516223235326,173
243,PLAYER_SLEEPBEFORE_START,1516223235326,174
243,PLAYER_SLEEPBEFORE_END,1516223235367,174
243,WS_SEND_START,1516223235367,174
243,WS_SEND_END,1516223235367,174
243,WS_RECV_START,1516223235367,175
243,WS_RECV_END,1516223243720,175
243,PLAYER_SLEEPBEFORE_START,1516223243720,176
243,PLAYER_SLEEPBEFORE_END,1516223265481,176
243,WS_SEND_START,1516223265481,176
243,WS_SEND_END,1516223265481,176
243,PLAYER_SLEEPBEFORE_START,1516223265481,177
243,PLAYER_SLEEPBEFORE_END,1516223267999,177
243,WS_SEND_START,1516223267999,177
243,WS_SEND_END,1516223267999,177
243,WS_RECV_START,1516223267999,178
243,WS_RECV_END,1516223277910,178
243,PLAYER_SLEEPBEFORE_START,1516223277910,179
243,PLAYER_SLEEPBEFORE_END,1516223300251,179
243,WS_SEND_START,1516223300251,179
243,WS_SEND_END,1516223300251,179
243,WS_RECV_START,1516223300251,180
243,WS_RECV_END,1516223312684,180
243,PLAYER_SLEEPBEFORE_START,1516223312684,181
243,PLAYER_SLEEPBEFORE_END,1516223313128,181
243,WS_SEND_START,1516223313128,181
243,WS_SEND_END,1516223313128,181
243,WS_RECV_START,1516223313128,182
243,WS_RECV_END,1516223320256,182
243,PLAYER_SLEEPBEFORE_START,1516223320256,183
243,PLAYER_SLEEPBEFORE_END,1516223320779,183
243,WS_SEND_START,1516223320779,183
243,WS_SEND_END,1516223320779,183
243,WS_RECV_START,1516223320779,184
243,WS_RECV_END,1516223328439,184
243,PLAYER_SLEEPBEFORE_START,1516223328439,185
243,PLAYER_SLEEPBEFORE_END,1516223328707,185
243,WS_SEND_START,1516223328707,185
243,WS_SEND_END,1516223328707,185
243,WS_RECV_START,1516223328707,186
243,WS_RECV_END,1516223336170,186
243,PLAYER_SLEEPBEFORE_START,1516223336170,187
243,PLAYER_SLEEPBEFORE_END,1516223358671,187
243,WS_SEND_START,1516223358671,187
243,WS_SEND_END,1516223358671,187
243,WS_RECV_START,1516223358671,188
243,WS_RECV_END,1516223369809,188
243,PLAYER_SLEEPBEFORE_START,1516223369809,189
243,PLAYER_SLEEPBEFORE_END,1516223376048,189
243,WS_SEND_START,1516223376048,189
243,WS_SEND_END,1516223376048,189
243,WS_RECV_START,1516223376048,190
243,WS_RECV_END,1516223382966,190
243,PLAYER_SLEEPBEFORE_START,1516223382966,191
243,PLAYER_SLEEPBEFORE_END,1516223384881,191
243,WS_SEND_START,1516223384881,191
243,WS_SEND_END,1516223384881,191
243,WS_RECV_START,1516223384881,192
243,WS_RECV_END,1516223391027,192
243,PLAYER_SLEEPBEFORE_START,1516223391027,193
243,PLAYER_SLEEPBEFORE_END,1516223391155,193
243,WS_SEND_START,1516223391155,193
243,WS_SEND_END,1516223391155,193
243,WS_RECV_START,1516223391155,194
243,WS_RECV_END,1516223396417,194
243,PLAYER_SLEEPBEFORE_START,1516223396417,195
243,PLAYER_SLEEPBEFORE_END,1516223398172,195
243,WS_SEND_START,1516223398172,195
243,WS_SEND_END,1516223398172,195
243,WS_RECV_START,1516223398172,196
243,WS_RECV_END,1516223401373,196
243,PLAYER_SLEEPBEFORE_START,1516223401373,197
243,PLAYER_SLEEPBEFORE_END,1516223403177,197
243,WS_SEND_START,1516223403177,197
243,WS_SEND_END,1516223403177,197
243,WS_RECV_START,1516223403177,198
243,WS_RECV_END,1516223407457,198
243,PLAYER_SLEEPBEFORE_START,1516223407457,199
243,PLAYER_SLEEPBEFORE_END,1516223419311,199
243,WS_SEND_START,1516223419311,199
243,WS_SEND_END,1516223419311,199
243,PLAYER_SLEEPBEFORE_START,1516223419311,200
243,PLAYER_SLEEPBEFORE_END,1516223423399,200
243,WS_SEND_START,1516223423399,200
243,WS_SEND_END,1516223423399,200
243,WS_RECV_START,1516223423399,201
243,WS_RECV_END,1516223424956,201
243,PLAYER_SLEEPBEFORE_START,1516223424956,202
243,PLAYER_SLEEPBEFORE_END,1516223424970,202
243,WS_SEND_START,1516223424970,202
243,WS_SEND_END,1516223424970,202
243,WS_RECV_START,1516223424970,203
243,WS_RECV_END,1516223429058,203
243,PLAYER_SLEEPBEFORE_START,1516223429058,204
243,PLAYER_SLEEPBEFORE_END,1516223448707,204
243,WS_SEND_START,1516223448707,204
243,WS_SEND_END,1516223448707,204
243,PLAYER_SLEEPBEFORE_START,1516223448707,205
243,PLAYER_SLEEPBEFORE_END,1516223452605,205
243,WS_SEND_START,1516223452605,205
243,WS_SEND_END,1516223452605,205
243,WS_RECV_START,1516223452605,206
243,WS_RECV_END,1516223453646,206
243,PLAYER_SLEEPBEFORE_START,1516223453646,207
243,PLAYER_SLEEPBEFORE_END,1516223470577,207
243,REQ_START,1516223470577,207
243,REQ_END,1516223470585,207
243,PLAYER_SLEEPBEFORE_START,1516223470585,208
243,PLAYER_SLEEPBEFORE_END,1516223477437,208
243,WS_CLOSE_START,1516223477437,208
243,WS_CLOSE_END,1516223477437,208
243,PLAYER_DONE,1516223477437
