# --sessions 720 --app-url=http://shinyloadtest.rstudioservices.com/cran_explorer --output-dir test720 --overwrite-output --log-level warn --start-interval 500 15min.log
thread_id,event,timestamp,input_line_number,comment
269,PLAYER_SESSION_CREATE,1516222120166
269,PLAYER_START_INTERVAL_START,1516222120166
269,PLAYER_START_INTERVAL_END,1516222254667
269,REQ_HOME_START,1516222254667,2
269,REQ_HOME_END,1516222254766,2
269,REQ_START,1516222254766,3
269,REQ_END,1516222254801,3
269,REQ_START,1516222254801,4
269,REQ_END,1516222254837,4
269,REQ_START,1516222254838,5
269,REQ_END,1516222254874,5
269,REQ_START,1516222254874,6
269,REQ_END,1516222254907,6
269,REQ_START,1516222254907,7
269,REQ_END,1516222254947,7
269,REQ_START,1516222254947,8
269,REQ_END,1516222254986,8
269,REQ_START,1516222254986,9
269,REQ_END,1516222255025,9
269,REQ_START,1516222255025,10
269,REQ_END,1516222255073,10
269,REQ_START,1516222255073,11
269,REQ_END,1516222255117,11
269,REQ_START,1516222255117,12
269,REQ_END,1516222255127,12
269,REQ_START,1516222255127,13
269,REQ_END,1516222255291,13
269,REQ_START,1516222255291,14
269,REQ_END,1516222255307,14
269,REQ_START,1516222255307,15
269,REQ_END,1516222255343,15
269,REQ_TOK_START,1516222255343,16
269,REQ_TOK_END,1516222255350,16
269,REQ_SINF_START,1516222255350,17
269,REQ_SINF_END,1516222255357,17
269,WS_OPEN_START,1516222255357,18
269,WS_OPEN_END,1516222255364,18
269,REQ_START,1516222255364,19
269,REQ_END,1516222255392,19
269,WS_RECV_START,1516222255392,20
269,WS_RECV_END,1516222255392,20
269,PLAYER_SLEEPBEFORE_START,1516222255392,21
269,PLAYER_SLEEPBEFORE_END,1516222255397,21
269,WS_SEND_START,1516222255397,21
269,WS_SEND_END,1516222255397,21
269,PLAYER_SLEEPBEFORE_START,1516222255397,22
269,PLAYER_SLEEPBEFORE_END,1516222255398,22
269,WS_SEND_START,1516222255398,22
269,WS_SEND_END,1516222255398,22
269,WS_RECV_INIT_START,1516222255398,23
269,WS_RECV_INIT_END,1516222255659,23
269,WS_RECV_START,1516222255659,24
269,WS_RECV_END,1516222255730,24
269,PLAYER_SLEEPBEFORE_START,1516222255730,25
269,PLAYER_SLEEPBEFORE_END,1516222255737,25
269,REQ_START,1516222255737,25
269,REQ_END,1516222255773,25
269,PLAYER_SLEEPBEFORE_START,1516222255773,26
269,PLAYER_SLEEPBEFORE_END,1516222255774,26
269,REQ_START,1516222255774,26
269,REQ_END,1516222255805,26
269,PLAYER_SLEEPBEFORE_START,1516222255805,27
269,PLAYER_SLEEPBEFORE_END,1516222255808,27
269,REQ_START,1516222255808,27
269,REQ_END,1516222255842,27
269,PLAYER_SLEEPBEFORE_START,1516222255842,28
269,PLAYER_SLEEPBEFORE_END,1516222256127,28
269,REQ_START,1516222256127,28
269,REQ_END,1516222256169,28
269,PLAYER_SLEEPBEFORE_START,1516222256169,29
269,PLAYER_SLEEPBEFORE_END,1516222256344,29
269,WS_SEND_START,1516222256344,29
269,WS_SEND_END,1516222256344,29
269,WS_RECV_START,1516222256344,30
269,WS_RECV_END,1516222256511,30
269,PLAYER_SLEEPBEFORE_START,1516222256511,31
269,PLAYER_SLEEPBEFORE_END,1516222256522,31
269,REQ_START,1516222256522,31
269,REQ_END,1516222256614,31
269,PLAYER_SLEEPBEFORE_START,1516222256614,32
269,PLAYER_SLEEPBEFORE_END,1516222284759,32
269,WS_SEND_START,1516222284759,32
269,WS_SEND_END,1516222284759,32
269,WS_RECV_START,1516222284759,33
269,WS_RECV_END,1516222285059,33
269,PLAYER_SLEEPBEFORE_START,1516222285059,34
269,PLAYER_SLEEPBEFORE_END,1516222310970,34
269,WS_SEND_START,1516222310970,34
269,WS_SEND_END,1516222310970,34
269,WS_RECV_START,1516222310970,35
269,WS_RECV_END,1516222311017,35
269,PLAYER_SLEEPBEFORE_START,1516222311017,36
269,PLAYER_SLEEPBEFORE_END,1516222311027,36
269,WS_SEND_START,1516222311027,36
269,WS_SEND_END,1516222311027,36
269,WS_RECV_START,1516222311027,37
269,WS_RECV_END,1516222311080,37
269,PLAYER_SLEEPBEFORE_START,1516222311080,38
269,PLAYER_SLEEPBEFORE_END,1516222314275,38
269,WS_SEND_START,1516222314275,38
269,WS_SEND_END,1516222314275,38
269,WS_RECV_START,1516222314275,39
269,WS_RECV_END,1516222314485,39
269,PLAYER_SLEEPBEFORE_START,1516222314485,40
269,PLAYER_SLEEPBEFORE_END,1516222314531,40
269,WS_SEND_START,1516222314531,40
269,WS_SEND_END,1516222314531,40
269,WS_RECV_START,1516222314531,41
269,WS_RECV_END,1516222314695,41
269,PLAYER_SLEEPBEFORE_START,1516222314695,42
269,PLAYER_SLEEPBEFORE_END,1516222332830,42
269,WS_SEND_START,1516222332830,42
269,WS_SEND_END,1516222332830,42
269,WS_RECV_START,1516222332830,43
269,WS_RECV_END,1516222332901,43
269,PLAYER_SLEEPBEFORE_START,1516222332901,44
269,PLAYER_SLEEPBEFORE_END,1516222332913,44
269,WS_SEND_START,1516222332913,44
269,WS_SEND_END,1516222332914,44
269,WS_RECV_START,1516222332914,45
269,WS_RECV_END,1516222332964,45
269,PLAYER_SLEEPBEFORE_START,1516222332964,46
269,PLAYER_SLEEPBEFORE_END,1516222334224,46
269,WS_SEND_START,1516222334224,46
269,WS_SEND_END,1516222334224,46
269,WS_RECV_START,1516222334224,47
269,WS_RECV_END,1516222334265,47
269,PLAYER_SLEEPBEFORE_START,1516222334265,48
269,PLAYER_SLEEPBEFORE_END,1516222335585,48
269,WS_SEND_START,1516222335585,48
269,WS_SEND_END,1516222335585,48
269,WS_RECV_START,1516222335585,49
269,WS_RECV_END,1516222335710,49
269,PLAYER_SLEEPBEFORE_START,1516222335710,50
269,PLAYER_SLEEPBEFORE_END,1516222335734,50
269,WS_SEND_START,1516222335734,50
269,WS_SEND_END,1516222335734,50
269,WS_RECV_START,1516222335734,51
269,WS_RECV_END,1516222335995,51
269,PLAYER_SLEEPBEFORE_START,1516222335995,52
269,PLAYER_SLEEPBEFORE_END,1516222358559,52
269,WS_SEND_START,1516222358559,52
269,WS_SEND_END,1516222358559,52
269,WS_RECV_START,1516222358559,53
269,WS_RECV_END,1516222358719,53
269,PLAYER_SLEEPBEFORE_START,1516222358719,54
269,PLAYER_SLEEPBEFORE_END,1516222380022,54
269,WS_SEND_START,1516222380022,54
269,WS_SEND_END,1516222380022,54
269,PLAYER_SLEEPBEFORE_START,1516222380022,55
269,PLAYER_SLEEPBEFORE_END,1516222381963,55
269,WS_SEND_START,1516222381963,55
269,WS_SEND_END,1516222381963,55
269,WS_RECV_START,1516222381963,56
269,WS_RECV_END,1516222382509,56
269,PLAYER_SLEEPBEFORE_START,1516222382509,57
269,PLAYER_SLEEPBEFORE_END,1516222405381,57
269,WS_SEND_START,1516222405381,57
269,WS_SEND_END,1516222405381,57
269,WS_RECV_START,1516222405381,58
269,WS_RECV_END,1516222405964,58
269,PLAYER_SLEEPBEFORE_START,1516222405964,59
269,PLAYER_SLEEPBEFORE_END,1516222408291,59
269,WS_SEND_START,1516222408291,59
269,WS_SEND_END,1516222408291,59
269,WS_RECV_START,1516222408291,60
269,WS_RECV_END,1516222409412,60
269,PLAYER_SLEEPBEFORE_START,1516222409412,61
269,PLAYER_SLEEPBEFORE_END,1516222413003,61
269,WS_SEND_START,1516222413003,61
269,WS_SEND_END,1516222413003,61
269,WS_RECV_START,1516222413003,62
269,WS_RECV_END,1516222413951,62
269,PLAYER_SLEEPBEFORE_START,1516222413951,63
269,PLAYER_SLEEPBEFORE_END,1516222433213,63
269,WS_SEND_START,1516222433213,63
269,WS_SEND_END,1516222433213,63
269,WS_RECV_START,1516222433213,64
269,WS_RECV_END,1516222434211,64
269,PLAYER_SLEEPBEFORE_START,1516222434211,65
269,PLAYER_SLEEPBEFORE_END,1516222461028,65
269,WS_SEND_START,1516222461028,65
269,WS_SEND_END,1516222461028,65
269,WS_RECV_START,1516222461028,66
269,WS_RECV_END,1516222463993,66
269,PLAYER_SLEEPBEFORE_START,1516222463993,67
269,PLAYER_SLEEPBEFORE_END,1516222465500,67
269,WS_SEND_START,1516222465500,67
269,WS_SEND_END,1516222465500,67
269,WS_RECV_START,1516222465500,68
269,WS_RECV_END,1516222467131,68
269,PLAYER_SLEEPBEFORE_START,1516222467131,69
269,PLAYER_SLEEPBEFORE_END,1516222489129,69
269,WS_SEND_START,1516222489129,69
269,WS_SEND_END,1516222489129,69
269,WS_RECV_START,1516222489129,70
269,WS_RECV_END,1516222491185,70
269,PLAYER_SLEEPBEFORE_START,1516222491185,71
269,PLAYER_SLEEPBEFORE_END,1516222515960,71
269,WS_SEND_START,1516222515960,71
269,WS_SEND_END,1516222515960,71
269,PLAYER_SLEEPBEFORE_START,1516222515960,72
269,PLAYER_SLEEPBEFORE_END,1516222518567,72
269,WS_SEND_START,1516222518567,72
269,WS_SEND_END,1516222518567,72
269,WS_RECV_START,1516222518567,73
269,WS_RECV_END,1516222519686,73
269,PLAYER_SLEEPBEFORE_START,1516222519686,74
269,PLAYER_SLEEPBEFORE_END,1516222519695,74
269,WS_SEND_START,1516222519695,74
269,WS_SEND_END,1516222519695,74
269,WS_RECV_START,1516222519695,75
269,WS_RECV_END,1516222521332,75
269,PLAYER_SLEEPBEFORE_START,1516222521332,76
269,PLAYER_SLEEPBEFORE_END,1516222522838,76
269,WS_SEND_START,1516222522838,76
269,WS_SEND_END,1516222522838,76
269,WS_RECV_START,1516222522838,77
269,WS_RECV_END,1516222523749,77
269,PLAYER_SLEEPBEFORE_START,1516222523749,78
269,PLAYER_SLEEPBEFORE_END,1516222524617,78
269,WS_SEND_START,1516222524617,78
269,WS_SEND_END,1516222524617,78
269,WS_RECV_START,1516222524617,79
269,WS_RECV_END,1516222526175,79
269,PLAYER_SLEEPBEFORE_START,1516222526175,80
269,PLAYER_SLEEPBEFORE_END,1516222533841,80
269,WS_SEND_START,1516222533841,80
269,WS_SEND_END,1516222533841,80
269,WS_RECV_START,1516222533841,81
269,WS_RECV_END,1516222538452,81
269,PLAYER_SLEEPBEFORE_START,1516222538452,82
269,PLAYER_SLEEPBEFORE_END,1516222539554,82
269,WS_SEND_START,1516222539554,82
269,WS_SEND_END,1516222539554,82
269,WS_RECV_START,1516222539554,83
269,WS_RECV_END,1516222541242,83
269,PLAYER_SLEEPBEFORE_START,1516222541242,84
269,PLAYER_SLEEPBEFORE_END,1516222542189,84
269,WS_SEND_START,1516222542189,84
269,WS_SEND_END,1516222542189,84
269,WS_RECV_START,1516222542189,85
269,WS_RECV_END,1516222544845,85
269,PLAYER_SLEEPBEFORE_START,1516222544845,86
269,PLAYER_SLEEPBEFORE_END,1516222549017,86
269,WS_SEND_START,1516222549017,86
269,WS_SEND_END,1516222549017,86
269,WS_RECV_START,1516222549017,87
269,WS_RECV_END,1516222553521,87
269,PLAYER_SLEEPBEFORE_START,1516222553521,88
269,PLAYER_SLEEPBEFORE_END,1516222553529,88
269,WS_SEND_START,1516222553529,88
269,WS_SEND_END,1516222553529,88
269,WS_RECV_START,1516222553530,89
269,WS_RECV_END,1516222555810,89
269,PLAYER_SLEEPBEFORE_START,1516222555810,90
269,PLAYER_SLEEPBEFORE_END,1516222583007,90
269,REQ_START,1516222583007,90
269,REQ_END,1516222583015,90
269,PLAYER_SLEEPBEFORE_START,1516222583015,91
269,PLAYER_SLEEPBEFORE_END,1516222590904,91
269,WS_SEND_START,1516222590904,91
269,WS_SEND_END,1516222590904,91
269,WS_RECV_START,1516222590904,92
269,WS_RECV_END,1516222594775,92
269,PLAYER_SLEEPBEFORE_START,1516222594775,93
269,PLAYER_SLEEPBEFORE_END,1516222594790,93
269,WS_SEND_START,1516222594790,93
269,WS_SEND_END,1516222594790,93
269,WS_RECV_START,1516222594790,94
269,WS_RECV_END,1516222598243,94
269,PLAYER_SLEEPBEFORE_START,1516222598243,95
269,PLAYER_SLEEPBEFORE_END,1516222621798,95
269,WS_SEND_START,1516222621798,95
269,WS_SEND_END,1516222621798,95
269,WS_RECV_START,1516222621798,96
269,WS_RECV_END,1516222627951,96
269,PLAYER_SLEEPBEFORE_START,1516222627951,97
269,PLAYER_SLEEPBEFORE_END,1516222650391,97
269,WS_SEND_START,1516222650391,97
269,WS_SEND_END,1516222650391,97
269,WS_RECV_START,1516222650391,98
269,WS_RECV_END,1516222658976,98
269,PLAYER_SLEEPBEFORE_START,1516222658976,99
269,PLAYER_SLEEPBEFORE_END,1516222658997,99
269,WS_SEND_START,1516222658997,99
269,WS_SEND_END,1516222658997,99
269,WS_RECV_START,1516222658997,100
269,WS_RECV_END,1516222662680,100
269,PLAYER_SLEEPBEFORE_START,1516222662680,101
269,PLAYER_SLEEPBEFORE_END,1516222686239,101
269,WS_SEND_START,1516222686239,101
269,WS_SEND_END,1516222686239,101
269,WS_RECV_START,1516222686239,102
269,WS_RECV_END,1516222695365,102
269,PLAYER_SLEEPBEFORE_START,1516222695365,103
269,PLAYER_SLEEPBEFORE_END,1516222718990,103
269,WS_SEND_START,1516222718990,103
269,WS_SEND_END,1516222718990,103
269,WS_RECV_START,1516222718990,104
269,WS_RECV_END,1516222729325,104
269,PLAYER_SLEEPBEFORE_START,1516222729325,105
269,PLAYER_SLEEPBEFORE_END,1516222754702,105
269,WS_SEND_START,1516222754702,105
269,WS_SEND_END,1516222754702,105
269,WS_RECV_START,1516222754702,106
269,WS_RECV_END,1516222766089,106
269,PLAYER_SLEEPBEFORE_START,1516222766089,107
269,PLAYER_SLEEPBEFORE_END,1516222789512,107
269,WS_SEND_START,1516222789512,107
269,WS_SEND_END,1516222789512,107
269,WS_RECV_START,1516222789512,108
269,WS_RECV_END,1516222797557,108
269,PLAYER_SLEEPBEFORE_START,1516222797557,109
269,PLAYER_SLEEPBEFORE_END,1516222797566,109
269,WS_SEND_START,1516222797566,109
269,WS_SEND_END,1516222797566,109
269,WS_RECV_START,1516222797566,110
269,WS_RECV_END,1516222801661,110
269,PLAYER_SLEEPBEFORE_START,1516222801661,111
269,PLAYER_SLEEPBEFORE_END,1516222802620,111
269,WS_SEND_START,1516222802620,111
269,WS_SEND_END,1516222802620,111
269,WS_RECV_START,1516222802620,112
269,WS_RECV_END,1516222807740,112
269,PLAYER_SLEEPBEFORE_START,1516222807740,113
269,PLAYER_SLEEPBEFORE_END,1516222808303,113
269,WS_SEND_START,1516222808303,113
269,WS_SEND_END,1516222808303,113
269,WS_RECV_START,1516222808303,114
269,WS_RECV_END,1516222814538,114
269,PLAYER_SLEEPBEFORE_START,1516222814538,115
269,PLAYER_SLEEPBEFORE_END,1516222814547,115
269,WS_SEND_START,1516222814547,115
269,WS_SEND_END,1516222814548,115
269,WS_RECV_START,1516222814548,116
269,WS_RECV_END,1516222821454,116
269,PLAYER_SLEEPBEFORE_START,1516222821454,117
269,PLAYER_SLEEPBEFORE_END,1516222841814,117
269,WS_SEND_START,1516222841814,117
269,WS_SEND_END,1516222841814,117
269,PLAYER_SLEEPBEFORE_START,1516222841814,118
269,PLAYER_SLEEPBEFORE_END,1516222845566,118
269,WS_SEND_START,1516222845566,118
269,WS_SEND_END,1516222845566,118
269,WS_RECV_START,1516222845566,119
269,WS_RECV_END,1516222849733,119
269,PLAYER_SLEEPBEFORE_START,1516222849733,120
269,PLAYER_SLEEPBEFORE_END,1516222850721,120
269,WS_SEND_START,1516222850721,120
269,WS_SEND_END,1516222850721,120
269,WS_RECV_START,1516222850721,121
269,WS_RECV_END,1516222860501,121
269,PLAYER_SLEEPBEFORE_START,1516222860501,122
269,PLAYER_SLEEPBEFORE_END,1516222861687,122
269,WS_SEND_START,1516222861687,122
269,WS_SEND_END,1516222861687,122
269,WS_RECV_START,1516222861687,123
269,WS_RECV_END,1516222866396,123
269,PLAYER_SLEEPBEFORE_START,1516222866396,124
269,PLAYER_SLEEPBEFORE_END,1516222890801,124
269,WS_SEND_START,1516222890801,124
269,WS_SEND_END,1516222890801,124
269,WS_RECV_START,1516222890801,125
269,WS_RECV_END,1516222902168,125
269,PLAYER_SLEEPBEFORE_START,1516222902168,126
269,PLAYER_SLEEPBEFORE_END,1516222922680,126
269,WS_SEND_START,1516222922680,126
269,WS_SEND_END,1516222922680,126
269,PLAYER_SLEEPBEFORE_START,1516222922680,127
269,PLAYER_SLEEPBEFORE_END,1516222925734,127
269,WS_SEND_START,1516222925734,127
269,WS_SEND_END,1516222925734,127
269,WS_RECV_START,1516222925734,128
269,WS_RECV_END,1516222930451,128
269,PLAYER_SLEEPBEFORE_START,1516222930451,129
269,PLAYER_SLEEPBEFORE_END,1516222930471,129
269,WS_SEND_START,1516222930471,129
269,WS_SEND_END,1516222930471,129
269,WS_RECV_START,1516222930471,130
269,WS_RECV_END,1516222934605,130
269,PLAYER_SLEEPBEFORE_START,1516222934605,131
269,PLAYER_SLEEPBEFORE_END,1516222956229,131
269,WS_SEND_START,1516222956229,131
269,WS_SEND_END,1516222956229,131
269,PLAYER_SLEEPBEFORE_START,1516222956229,132
269,PLAYER_SLEEPBEFORE_END,1516222959309,132
269,WS_SEND_START,1516222959309,132
269,WS_SEND_END,1516222959309,132
269,WS_RECV_START,1516222959309,133
269,WS_RECV_END,1516222965140,133
269,PLAYER_SLEEPBEFORE_START,1516222965140,134
269,PLAYER_SLEEPBEFORE_END,1516222986357,134
269,WS_SEND_START,1516222986357,134
269,WS_SEND_END,1516222986357,134
269,PLAYER_SLEEPBEFORE_START,1516222986357,135
269,PLAYER_SLEEPBEFORE_END,1516222989547,135
269,WS_SEND_START,1516222989547,135
269,WS_SEND_END,1516222989547,135
269,WS_RECV_START,1516222989547,136
269,WS_RECV_END,1516222995823,136
269,PLAYER_SLEEPBEFORE_START,1516222995823,137
269,PLAYER_SLEEPBEFORE_END,1516222995830,137
269,WS_SEND_START,1516222995830,137
269,WS_SEND_END,1516222995830,137
269,WS_RECV_START,1516222995830,138
269,WS_RECV_END,1516223000501,138
269,PLAYER_SLEEPBEFORE_START,1516223000501,139
269,PLAYER_SLEEPBEFORE_END,1516223001191,139
269,WS_SEND_START,1516223001191,139
269,WS_SEND_END,1516223001191,139
269,WS_RECV_START,1516223001191,140
269,WS_RECV_END,1516223008529,140
269,PLAYER_SLEEPBEFORE_START,1516223008529,141
269,PLAYER_SLEEPBEFORE_END,1516223009184,141
269,WS_SEND_START,1516223009184,141
269,WS_SEND_END,1516223009184,141
269,WS_RECV_START,1516223009184,142
269,WS_RECV_END,1516223014841,142
269,PLAYER_SLEEPBEFORE_START,1516223014841,143
269,PLAYER_SLEEPBEFORE_END,1516223014898,143
269,WS_SEND_START,1516223014898,143
269,WS_SEND_END,1516223014898,143
269,WS_RECV_START,1516223014898,144
269,WS_RECV_END,1516223022399,144
269,PLAYER_SLEEPBEFORE_START,1516223022399,145
269,PLAYER_SLEEPBEFORE_END,1516223038461,145
269,REQ_START,1516223038461,145
269,REQ_END,1516223038468,145
269,PLAYER_SLEEPBEFORE_START,1516223038468,146
269,PLAYER_SLEEPBEFORE_END,1516223047345,146
269,WS_SEND_START,1516223047345,146
269,WS_SEND_END,1516223047345,146
269,WS_RECV_START,1516223047345,147
269,WS_RECV_END,1516223055648,147
269,PLAYER_SLEEPBEFORE_START,1516223055648,148
269,PLAYER_SLEEPBEFORE_END,1516223077570,148
269,WS_SEND_START,1516223077570,148
269,WS_SEND_END,1516223077570,148
269,PLAYER_SLEEPBEFORE_START,1516223077570,149
269,PLAYER_SLEEPBEFORE_END,1516223079998,149
269,WS_SEND_START,1516223079998,149
269,WS_SEND_END,1516223079998,149
269,WS_RECV_START,1516223079998,150
269,WS_RECV_END,1516223089245,150
269,PLAYER_SLEEPBEFORE_START,1516223089245,151
269,PLAYER_SLEEPBEFORE_END,1516223089455,151
269,WS_SEND_START,1516223089455,151
269,WS_SEND_END,1516223089455,151
269,WS_RECV_START,1516223089455,152
269,WS_RECV_END,1516223096462,152
269,PLAYER_SLEEPBEFORE_START,1516223096462,153
269,PLAYER_SLEEPBEFORE_END,1516223120389,153
269,WS_SEND_START,1516223120389,153
269,WS_SEND_END,1516223120389,153
269,WS_RECV_START,1516223120389,154
269,WS_RECV_END,1516223127862,154
269,PLAYER_SLEEPBEFORE_START,1516223127862,155
269,PLAYER_SLEEPBEFORE_END,1516223150420,155
269,WS_SEND_START,1516223150420,155
269,WS_SEND_END,1516223150420,155
269,PLAYER_SLEEPBEFORE_START,1516223150420,156
269,PLAYER_SLEEPBEFORE_END,1516223153695,156
269,WS_SEND_START,1516223153695,156
269,WS_SEND_END,1516223153695,156
269,WS_RECV_START,1516223153695,157
269,WS_RECV_END,1516223161948,157
269,PLAYER_SLEEPBEFORE_START,1516223161948,158
269,PLAYER_SLEEPBEFORE_END,1516223161958,158
269,WS_SEND_START,1516223161958,158
269,WS_SEND_END,1516223161958,158
269,WS_RECV_START,1516223161958,159
269,WS_RECV_END,1516223166357,159
269,PLAYER_SLEEPBEFORE_START,1516223166357,160
269,PLAYER_SLEEPBEFORE_END,1516223166533,160
269,WS_SEND_START,1516223166533,160
269,WS_SEND_END,1516223166533,160
269,WS_RECV_START,1516223166533,161
269,WS_RECV_END,1516223173817,161
269,PLAYER_SLEEPBEFORE_START,1516223173817,162
269,PLAYER_SLEEPBEFORE_END,1516223173842,162
269,WS_SEND_START,1516223173842,162
269,WS_SEND_END,1516223173842,162
269,WS_RECV_START,1516223173842,163
269,WS_RECV_END,1516223182499,163
269,PLAYER_SLEEPBEFORE_START,1516223182499,164
269,PLAYER_SLEEPBEFORE_END,1516223203311,164
269,WS_SEND_START,1516223203311,164
269,WS_SEND_END,1516223203311,164
269,WS_RECV_START,1516223203311,165
269,WS_RECV_END,1516223212811,165
269,PLAYER_SLEEPBEFORE_START,1516223212811,166
269,PLAYER_SLEEPBEFORE_END,1516223235266,166
269,WS_SEND_START,1516223235266,166
269,WS_SEND_END,1516223235266,166
269,WS_RECV_START,1516223235266,167
269,WS_RECV_END,1516223247122,167
269,PLAYER_SLEEPBEFORE_START,1516223247122,168
269,PLAYER_SLEEPBEFORE_END,1516223274479,168
269,WS_SEND_START,1516223274479,168
269,WS_SEND_END,1516223274479,168
269,WS_RECV_START,1516223274479,169
269,WS_RECV_END,1516223288575,169
269,PLAYER_SLEEPBEFORE_START,1516223288575,170
269,PLAYER_SLEEPBEFORE_END,1516223288584,170
269,WS_SEND_START,1516223288584,170
269,WS_SEND_END,1516223288584,170
269,WS_RECV_START,1516223288584,171
269,WS_RECV_END,1516223293533,171
269,PLAYER_SLEEPBEFORE_START,1516223293533,172
269,PLAYER_SLEEPBEFORE_END,1516223293903,172
269,WS_SEND_START,1516223293903,172
269,WS_SEND_END,1516223293903,172
269,WS_RECV_START,1516223293903,173
269,WS_RECV_END,1516223301615,173
269,PLAYER_SLEEPBEFORE_START,1516223301615,174
269,PLAYER_SLEEPBEFORE_END,1516223301656,174
269,WS_SEND_START,1516223301656,174
269,WS_SEND_END,1516223301656,174
269,WS_RECV_START,1516223301656,175
269,WS_RECV_END,1516223310075,175
269,PLAYER_SLEEPBEFORE_START,1516223310075,176
269,PLAYER_SLEEPBEFORE_END,1516223331836,176
269,WS_SEND_START,1516223331836,176
269,WS_SEND_END,1516223331836,176
269,PLAYER_SLEEPBEFORE_START,1516223331836,177
269,PLAYER_SLEEPBEFORE_END,1516223334354,177
269,WS_SEND_START,1516223334354,177
269,WS_SEND_END,1516223334354,177
269,WS_RECV_START,1516223334354,178
269,WS_RECV_END,1516223345197,178
269,PLAYER_SLEEPBEFORE_START,1516223345197,179
269,PLAYER_SLEEPBEFORE_END,1516223367537,179
269,WS_SEND_START,1516223367538,179
269,WS_SEND_END,1516223367538,179
269,WS_RECV_START,1516223367538,180
269,WS_RECV_END,1516223376785,180
269,PLAYER_SLEEPBEFORE_START,1516223376785,181
269,PLAYER_SLEEPBEFORE_END,1516223377229,181
269,WS_SEND_START,1516223377229,181
269,WS_SEND_END,1516223377229,181
269,WS_RECV_START,1516223377229,182
269,WS_RECV_END,1516223390199,182
269,PLAYER_SLEEPBEFORE_START,1516223390199,183
269,PLAYER_SLEEPBEFORE_END,1516223390722,183
269,WS_SEND_START,1516223390722,183
269,WS_SEND_END,1516223390722,183
269,WS_RECV_START,1516223390722,184
269,WS_RECV_END,1516223397602,184
269,PLAYER_SLEEPBEFORE_START,1516223397602,185
269,PLAYER_SLEEPBEFORE_END,1516223397870,185
269,WS_SEND_START,1516223397870,185
269,WS_SEND_END,1516223397870,185
269,WS_RECV_START,1516223397871,186
269,WS_RECV_END,1516223405972,186
269,PLAYER_SLEEPBEFORE_START,1516223405972,187
269,PLAYER_SLEEPBEFORE_END,1516223428472,187
269,WS_SEND_START,1516223428472,187
269,WS_SEND_END,1516223428472,187
269,WS_RECV_START,1516223428472,188
269,WS_RECV_END,1516223440344,188
269,PLAYER_SLEEPBEFORE_START,1516223440344,189
269,PLAYER_SLEEPBEFORE_END,1516223446583,189
269,WS_SEND_START,1516223446583,189
269,WS_SEND_END,1516223446584,189
269,WS_RECV_START,1516223446584,190
269,WS_RECV_END,1516223455991,190
269,PLAYER_SLEEPBEFORE_START,1516223455991,191
269,PLAYER_SLEEPBEFORE_END,1516223457906,191
269,WS_SEND_START,1516223457906,191
269,WS_SEND_END,1516223457907,191
269,WS_RECV_START,1516223457907,192
269,WS_RECV_END,1516223466297,192
269,PLAYER_SLEEPBEFORE_START,1516223466297,193
269,PLAYER_SLEEPBEFORE_END,1516223466425,193
269,WS_SEND_START,1516223466425,193
269,WS_SEND_END,1516223466425,193
269,WS_RECV_START,1516223466425,194
269,WS_RECV_END,1516223471950,194
269,PLAYER_SLEEPBEFORE_START,1516223471950,195
269,PLAYER_SLEEPBEFORE_END,1516223473705,195
269,WS_SEND_START,1516223473705,195
269,WS_SEND_END,1516223473705,195
269,WS_RECV_START,1516223473705,196
269,WS_RECV_END,1516223476603,196
269,PLAYER_SLEEPBEFORE_START,1516223476603,197
269,PLAYER_SLEEPBEFORE_END,1516223478407,197
269,WS_SEND_START,1516223478407,197
269,WS_SEND_END,1516223478407,197
269,WS_RECV_START,1516223478407,198
269,WS_RECV_END,1516223481850,198
269,PLAYER_SLEEPBEFORE_START,1516223481850,199
269,PLAYER_SLEEPBEFORE_END,1516223493704,199
269,WS_SEND_START,1516223493704,199
269,WS_SEND_END,1516223493704,199
269,PLAYER_SLEEPBEFORE_START,1516223493704,200
269,PLAYER_SLEEPBEFORE_END,1516223497792,200
269,WS_SEND_START,1516223497792,200
269,WS_SEND_END,1516223497792,200
269,WS_RECV_START,1516223497792,201
269,WS_RECV_END,1516223500248,201
269,PLAYER_SLEEPBEFORE_START,1516223500248,202
269,PLAYER_SLEEPBEFORE_END,1516223500262,202
269,WS_SEND_START,1516223500262,202
269,WS_SEND_END,1516223500262,202
269,WS_RECV_START,1516223500262,203
269,WS_RECV_END,1516223503809,203
269,PLAYER_SLEEPBEFORE_START,1516223503809,204
269,PLAYER_SLEEPBEFORE_END,1516223523458,204
269,WS_SEND_START,1516223523458,204
269,WS_SEND_END,1516223523458,204
269,PLAYER_SLEEPBEFORE_START,1516223523458,205
269,PLAYER_SLEEPBEFORE_END,1516223527356,205
269,WS_SEND_START,1516223527356,205
269,WS_SEND_END,1516223527356,205
269,WS_RECV_START,1516223527356,206
269,WS_RECV_END,1516223528772,206
269,PLAYER_SLEEPBEFORE_START,1516223528772,207
269,PLAYER_SLEEPBEFORE_END,1516223545703,207
269,REQ_START,1516223545703,207
269,REQ_END,1516223545711,207
269,PLAYER_SLEEPBEFORE_START,1516223545711,208
269,PLAYER_SLEEPBEFORE_END,1516223552563,208
269,WS_CLOSE_START,1516223552563,208
269,WS_CLOSE_END,1516223552563,208
269,PLAYER_DONE,1516223552563
