# --sessions 720 --app-url=http://shinyloadtest.rstudioservices.com/cran_explorer --output-dir test720 --overwrite-output --log-level warn --start-interval 500 15min.log
thread_id,event,timestamp,input_line_number,comment
287,PLAYER_SESSION_CREATE,1516222120165
287,PLAYER_START_INTERVAL_START,1516222120165
287,PLAYER_START_INTERVAL_END,1516222263666
287,REQ_HOME_START,1516222263666,2
287,REQ_HOME_END,1516222263817,2
287,REQ_START,1516222263817,3
287,REQ_END,1516222263849,3
287,REQ_START,1516222263849,4
287,REQ_END,1516222263879,4
287,REQ_START,1516222263879,5
287,REQ_END,1516222263915,5
287,REQ_START,1516222263915,6
287,REQ_END,1516222263953,6
287,REQ_START,1516222263953,7
287,REQ_END,1516222264294,7
287,REQ_START,1516222264294,8
287,REQ_END,1516222264348,8
287,REQ_START,1516222264348,9
287,REQ_END,1516222264385,9
287,REQ_START,1516222264385,10
287,REQ_END,1516222264393,10
287,REQ_START,1516222264393,11
287,REQ_END,1516222264428,11
287,REQ_START,1516222264428,12
287,REQ_END,1516222264438,12
287,REQ_START,1516222264438,13
287,REQ_END,1516222264472,13
287,REQ_START,1516222264472,14
287,REQ_END,1516222264486,14
287,REQ_START,1516222264486,15
287,REQ_END,1516222264523,15
287,REQ_TOK_START,1516222264523,16
287,REQ_TOK_END,1516222264530,16
287,REQ_SINF_START,1516222264530,17
287,REQ_SINF_END,1516222264538,17
287,WS_OPEN_START,1516222264538,18
287,WS_OPEN_END,1516222264544,18
287,REQ_START,1516222264544,19
287,REQ_END,1516222264795,19
287,WS_RECV_START,1516222264795,20
287,WS_RECV_END,1516222264795,20
287,PLAYER_SLEEPBEFORE_START,1516222264795,21
287,PLAYER_SLEEPBEFORE_END,1516222264800,21
287,WS_SEND_START,1516222264800,21
287,WS_SEND_END,1516222264800,21
287,PLAYER_SLEEPBEFORE_START,1516222264800,22
287,PLAYER_SLEEPBEFORE_END,1516222264801,22
287,WS_SEND_START,1516222264801,22
287,WS_SEND_END,1516222264801,22
287,WS_RECV_INIT_START,1516222264801,23
287,WS_RECV_INIT_END,1516222264823,23
287,WS_RECV_START,1516222264823,24
287,WS_RECV_END,1516222264890,24
287,PLAYER_SLEEPBEFORE_START,1516222264890,25
287,PLAYER_SLEEPBEFORE_END,1516222264897,25
287,REQ_START,1516222264897,25
287,REQ_END,1516222264938,25
287,PLAYER_SLEEPBEFORE_START,1516222264938,26
287,PLAYER_SLEEPBEFORE_END,1516222264939,26
287,REQ_START,1516222264939,26
287,REQ_END,1516222264982,26
287,PLAYER_SLEEPBEFORE_START,1516222264982,27
287,PLAYER_SLEEPBEFORE_END,1516222264990,27
287,REQ_START,1516222264990,27
287,REQ_END,1516222265030,27
287,PLAYER_SLEEPBEFORE_START,1516222265030,28
287,PLAYER_SLEEPBEFORE_END,1516222265316,28
287,REQ_START,1516222265316,28
287,REQ_END,1516222265472,28
287,PLAYER_SLEEPBEFORE_START,1516222265472,29
287,PLAYER_SLEEPBEFORE_END,1516222265648,29
287,WS_SEND_START,1516222265648,29
287,WS_SEND_END,1516222265648,29
287,WS_RECV_START,1516222265648,30
287,WS_RECV_END,1516222265818,30
287,PLAYER_SLEEPBEFORE_START,1516222265818,31
287,PLAYER_SLEEPBEFORE_END,1516222265829,31
287,REQ_START,1516222265829,31
287,REQ_END,1516222265997,31
287,PLAYER_SLEEPBEFORE_START,1516222265997,32
287,PLAYER_SLEEPBEFORE_END,1516222294142,32
287,WS_SEND_START,1516222294142,32
287,WS_SEND_END,1516222294142,32
287,WS_RECV_START,1516222294142,33
287,WS_RECV_END,1516222294295,33
287,PLAYER_SLEEPBEFORE_START,1516222294295,34
287,PLAYER_SLEEPBEFORE_END,1516222320206,34
287,WS_SEND_START,1516222320206,34
287,WS_SEND_END,1516222320206,34
287,WS_RECV_START,1516222320206,35
287,WS_RECV_END,1516222320285,35
287,PLAYER_SLEEPBEFORE_START,1516222320285,36
287,PLAYER_SLEEPBEFORE_END,1516222320294,36
287,WS_SEND_START,1516222320294,36
287,WS_SEND_END,1516222320294,36
287,WS_RECV_START,1516222320294,37
287,WS_RECV_END,1516222320360,37
287,PLAYER_SLEEPBEFORE_START,1516222320360,38
287,PLAYER_SLEEPBEFORE_END,1516222323555,38
287,WS_SEND_START,1516222323555,38
287,WS_SEND_END,1516222323555,38
287,WS_RECV_START,1516222323555,39
287,WS_RECV_END,1516222323897,39
287,PLAYER_SLEEPBEFORE_START,1516222323897,40
287,PLAYER_SLEEPBEFORE_END,1516222323943,40
287,WS_SEND_START,1516222323943,40
287,WS_SEND_END,1516222323943,40
287,WS_RECV_START,1516222323943,41
287,WS_RECV_END,1516222324151,41
287,PLAYER_SLEEPBEFORE_START,1516222324151,42
287,PLAYER_SLEEPBEFORE_END,1516222342286,42
287,WS_SEND_START,1516222342286,42
287,WS_SEND_END,1516222342286,42
287,WS_RECV_START,1516222342286,43
287,WS_RECV_END,1516222342344,43
287,PLAYER_SLEEPBEFORE_START,1516222342344,44
287,PLAYER_SLEEPBEFORE_END,1516222342356,44
287,WS_SEND_START,1516222342356,44
287,WS_SEND_END,1516222342356,44
287,WS_RECV_START,1516222342356,45
287,WS_RECV_END,1516222342404,45
287,PLAYER_SLEEPBEFORE_START,1516222342404,46
287,PLAYER_SLEEPBEFORE_END,1516222343664,46
287,WS_SEND_START,1516222343664,46
287,WS_SEND_END,1516222343664,46
287,WS_RECV_START,1516222343664,47
287,WS_RECV_END,1516222343756,47
287,PLAYER_SLEEPBEFORE_START,1516222343756,48
287,PLAYER_SLEEPBEFORE_END,1516222345076,48
287,WS_SEND_START,1516222345076,48
287,WS_SEND_END,1516222345076,48
287,WS_RECV_START,1516222345076,49
287,WS_RECV_END,1516222345468,49
287,PLAYER_SLEEPBEFORE_START,1516222345468,50
287,PLAYER_SLEEPBEFORE_END,1516222345493,50
287,WS_SEND_START,1516222345493,50
287,WS_SEND_END,1516222345493,50
287,WS_RECV_START,1516222345493,51
287,WS_RECV_END,1516222345993,51
287,PLAYER_SLEEPBEFORE_START,1516222345993,52
287,PLAYER_SLEEPBEFORE_END,1516222368557,52
287,WS_SEND_START,1516222368557,52
287,WS_SEND_END,1516222368557,52
287,WS_RECV_START,1516222368557,53
287,WS_RECV_END,1516222368783,53
287,PLAYER_SLEEPBEFORE_START,1516222368783,54
287,PLAYER_SLEEPBEFORE_END,1516222390086,54
287,WS_SEND_START,1516222390086,54
287,WS_SEND_END,1516222390086,54
287,PLAYER_SLEEPBEFORE_START,1516222390086,55
287,PLAYER_SLEEPBEFORE_END,1516222392027,55
287,WS_SEND_START,1516222392027,55
287,WS_SEND_END,1516222392027,55
287,WS_RECV_START,1516222392027,56
287,WS_RECV_END,1516222392522,56
287,PLAYER_SLEEPBEFORE_START,1516222392522,57
287,PLAYER_SLEEPBEFORE_END,1516222415394,57
287,WS_SEND_START,1516222415394,57
287,WS_SEND_END,1516222415394,57
287,WS_RECV_START,1516222415394,58
287,WS_RECV_END,1516222417000,58
287,PLAYER_SLEEPBEFORE_START,1516222417000,59
287,PLAYER_SLEEPBEFORE_END,1516222419327,59
287,WS_SEND_START,1516222419327,59
287,WS_SEND_END,1516222419328,59
287,WS_RECV_START,1516222419328,60
287,WS_RECV_END,1516222420988,60
287,PLAYER_SLEEPBEFORE_START,1516222420988,61
287,PLAYER_SLEEPBEFORE_END,1516222424579,61
287,WS_SEND_START,1516222424579,61
287,WS_SEND_END,1516222424579,61
287,WS_RECV_START,1516222424579,62
287,WS_RECV_END,1516222426521,62
287,PLAYER_SLEEPBEFORE_START,1516222426521,63
287,PLAYER_SLEEPBEFORE_END,1516222445783,63
287,WS_SEND_START,1516222445783,63
287,WS_SEND_END,1516222445783,63
287,WS_RECV_START,1516222445783,64
287,WS_RECV_END,1516222448534,64
287,PLAYER_SLEEPBEFORE_START,1516222448534,65
287,PLAYER_SLEEPBEFORE_END,1516222475351,65
287,WS_SEND_START,1516222475351,65
287,WS_SEND_END,1516222475351,65
287,WS_RECV_START,1516222475351,66
287,WS_RECV_END,1516222477694,66
287,PLAYER_SLEEPBEFORE_START,1516222477695,67
287,PLAYER_SLEEPBEFORE_END,1516222479202,67
287,WS_SEND_START,1516222479202,67
287,WS_SEND_END,1516222479202,67
287,WS_RECV_START,1516222479202,68
287,WS_RECV_END,1516222480826,68
287,PLAYER_SLEEPBEFORE_START,1516222480826,69
287,PLAYER_SLEEPBEFORE_END,1516222502824,69
287,WS_SEND_START,1516222502824,69
287,WS_SEND_END,1516222502824,69
287,WS_RECV_START,1516222502824,70
287,WS_RECV_END,1516222506371,70
287,PLAYER_SLEEPBEFORE_START,1516222506371,71
287,PLAYER_SLEEPBEFORE_END,1516222531146,71
287,WS_SEND_START,1516222531146,71
287,WS_SEND_END,1516222531146,71
287,PLAYER_SLEEPBEFORE_START,1516222531146,72
287,PLAYER_SLEEPBEFORE_END,1516222533753,72
287,WS_SEND_START,1516222533753,72
287,WS_SEND_END,1516222533753,72
287,WS_RECV_START,1516222533753,73
287,WS_RECV_END,1516222534827,73
287,PLAYER_SLEEPBEFORE_START,1516222534827,74
287,PLAYER_SLEEPBEFORE_END,1516222534836,74
287,WS_SEND_START,1516222534836,74
287,WS_SEND_END,1516222534836,74
287,WS_RECV_START,1516222534836,75
287,WS_RECV_END,1516222536848,75
287,PLAYER_SLEEPBEFORE_START,1516222536848,76
287,PLAYER_SLEEPBEFORE_END,1516222538354,76
287,WS_SEND_START,1516222538354,76
287,WS_SEND_END,1516222538354,76
287,WS_RECV_START,1516222538354,77
287,WS_RECV_END,1516222540553,77
287,PLAYER_SLEEPBEFORE_START,1516222540553,78
287,PLAYER_SLEEPBEFORE_END,1516222541421,78
287,WS_SEND_START,1516222541421,78
287,WS_SEND_END,1516222541421,78
287,WS_RECV_START,1516222541421,79
287,WS_RECV_END,1516222544700,79
287,PLAYER_SLEEPBEFORE_START,1516222544700,80
287,PLAYER_SLEEPBEFORE_END,1516222552366,80
287,WS_SEND_START,1516222552366,80
287,WS_SEND_END,1516222552366,80
287,WS_RECV_START,1516222552366,81
287,WS_RECV_END,1516222557440,81
287,PLAYER_SLEEPBEFORE_START,1516222557440,82
287,PLAYER_SLEEPBEFORE_END,1516222558542,82
287,WS_SEND_START,1516222558542,82
287,WS_SEND_END,1516222558542,82
287,WS_RECV_START,1516222558542,83
287,WS_RECV_END,1516222559465,83
287,PLAYER_SLEEPBEFORE_START,1516222559465,84
287,PLAYER_SLEEPBEFORE_END,1516222560412,84
287,WS_SEND_START,1516222560412,84
287,WS_SEND_END,1516222560412,84
287,WS_RECV_START,1516222560412,85
287,WS_RECV_END,1516222563770,85
287,PLAYER_SLEEPBEFORE_START,1516222563770,86
287,PLAYER_SLEEPBEFORE_END,1516222567942,86
287,WS_SEND_START,1516222567942,86
287,WS_SEND_END,1516222567942,86
287,WS_RECV_START,1516222567942,87
287,WS_RECV_END,1516222572332,87
287,PLAYER_SLEEPBEFORE_START,1516222572332,88
287,PLAYER_SLEEPBEFORE_END,1516222572340,88
287,WS_SEND_START,1516222572340,88
287,WS_SEND_END,1516222572340,88
287,WS_RECV_START,1516222572340,89
287,WS_RECV_END,1516222574858,89
287,PLAYER_SLEEPBEFORE_START,1516222574858,90
287,PLAYER_SLEEPBEFORE_END,1516222602055,90
287,REQ_START,1516222602055,90
287,REQ_END,1516222602084,90
287,PLAYER_SLEEPBEFORE_START,1516222602084,91
287,PLAYER_SLEEPBEFORE_END,1516222609974,91
287,WS_SEND_START,1516222609974,91
287,WS_SEND_END,1516222609974,91
287,WS_RECV_START,1516222609974,92
287,WS_RECV_END,1516222614527,92
287,PLAYER_SLEEPBEFORE_START,1516222614527,93
287,PLAYER_SLEEPBEFORE_END,1516222614542,93
287,WS_SEND_START,1516222614542,93
287,WS_SEND_END,1516222614542,93
287,WS_RECV_START,1516222614542,94
287,WS_RECV_END,1516222617732,94
287,PLAYER_SLEEPBEFORE_START,1516222617732,95
287,PLAYER_SLEEPBEFORE_END,1516222641287,95
287,WS_SEND_START,1516222641287,95
287,WS_SEND_END,1516222641287,95
287,WS_RECV_START,1516222641287,96
287,WS_RECV_END,1516222648167,96
287,PLAYER_SLEEPBEFORE_START,1516222648167,97
287,PLAYER_SLEEPBEFORE_END,1516222670607,97
287,WS_SEND_START,1516222670607,97
287,WS_SEND_END,1516222670607,97
287,WS_RECV_START,1516222670607,98
287,WS_RECV_END,1516222680120,98
287,PLAYER_SLEEPBEFORE_START,1516222680120,99
287,PLAYER_SLEEPBEFORE_END,1516222680141,99
287,WS_SEND_START,1516222680141,99
287,WS_SEND_END,1516222680141,99
287,WS_RECV_START,1516222680141,100
287,WS_RECV_END,1516222685286,100
287,PLAYER_SLEEPBEFORE_START,1516222685286,101
287,PLAYER_SLEEPBEFORE_END,1516222708845,101
287,WS_SEND_START,1516222708845,101
287,WS_SEND_END,1516222708845,101
287,WS_RECV_START,1516222708845,102
287,WS_RECV_END,1516222718822,102
287,PLAYER_SLEEPBEFORE_START,1516222718822,103
287,PLAYER_SLEEPBEFORE_END,1516222742447,103
287,WS_SEND_START,1516222742447,103
287,WS_SEND_END,1516222742447,103
287,WS_RECV_START,1516222742447,104
287,WS_RECV_END,1516222751637,104
287,PLAYER_SLEEPBEFORE_START,1516222751637,105
287,PLAYER_SLEEPBEFORE_END,1516222777014,105
287,WS_SEND_START,1516222777014,105
287,WS_SEND_END,1516222777014,105
287,WS_RECV_START,1516222777014,106
287,WS_RECV_END,1516222783447,106
287,PLAYER_SLEEPBEFORE_START,1516222783447,107
287,PLAYER_SLEEPBEFORE_END,1516222806871,107
287,WS_SEND_START,1516222806871,107
287,WS_SEND_END,1516222806871,107
287,WS_RECV_START,1516222806871,108
287,WS_RECV_END,1516222817466,108
287,PLAYER_SLEEPBEFORE_START,1516222817466,109
287,PLAYER_SLEEPBEFORE_END,1516222817475,109
287,WS_SEND_START,1516222817475,109
287,WS_SEND_END,1516222817475,109
287,WS_RECV_START,1516222817475,110
287,WS_RECV_END,1516222823377,110
287,PLAYER_SLEEPBEFORE_START,1516222823377,111
287,PLAYER_SLEEPBEFORE_END,1516222824336,111
287,WS_SEND_START,1516222824336,111
287,WS_SEND_END,1516222824336,111
287,WS_RECV_START,1516222824336,112
287,WS_RECV_END,1516222828604,112
287,PLAYER_SLEEPBEFORE_START,1516222828604,113
287,PLAYER_SLEEPBEFORE_END,1516222829166,113
287,WS_SEND_START,1516222829166,113
287,WS_SEND_END,1516222829166,113
287,WS_RECV_START,1516222829166,114
287,WS_RECV_END,1516222836274,114
287,PLAYER_SLEEPBEFORE_START,1516222836274,115
287,PLAYER_SLEEPBEFORE_END,1516222836283,115
287,WS_SEND_START,1516222836283,115
287,WS_SEND_END,1516222836283,115
287,WS_RECV_START,1516222836283,116
287,WS_RECV_END,1516222842596,116
287,PLAYER_SLEEPBEFORE_START,1516222842596,117
287,PLAYER_SLEEPBEFORE_END,1516222862956,117
287,WS_SEND_START,1516222862956,117
287,WS_SEND_END,1516222862956,117
287,PLAYER_SLEEPBEFORE_START,1516222862956,118
287,PLAYER_SLEEPBEFORE_END,1516222866708,118
287,WS_SEND_START,1516222866708,118
287,WS_SEND_END,1516222866708,118
287,WS_RECV_START,1516222866708,119
287,WS_RECV_END,1516222871159,119
287,PLAYER_SLEEPBEFORE_START,1516222871159,120
287,PLAYER_SLEEPBEFORE_END,1516222872147,120
287,WS_SEND_START,1516222872147,120
287,WS_SEND_END,1516222872147,120
287,WS_RECV_START,1516222872147,121
287,WS_RECV_END,1516222875827,121
287,PLAYER_SLEEPBEFORE_START,1516222875827,122
287,PLAYER_SLEEPBEFORE_END,1516222877012,122
287,WS_SEND_START,1516222877012,122
287,WS_SEND_END,1516222877012,122
287,WS_RECV_START,1516222877012,123
287,WS_RECV_END,1516222882753,123
287,PLAYER_SLEEPBEFORE_START,1516222882753,124
287,PLAYER_SLEEPBEFORE_END,1516222907158,124
287,WS_SEND_START,1516222907158,124
287,WS_SEND_END,1516222907158,124
287,WS_RECV_START,1516222907158,125
287,WS_RECV_END,1516222916384,125
287,PLAYER_SLEEPBEFORE_START,1516222916384,126
287,PLAYER_SLEEPBEFORE_END,1516222936896,126
287,WS_SEND_START,1516222936896,126
287,WS_SEND_END,1516222936896,126
287,PLAYER_SLEEPBEFORE_START,1516222936896,127
287,PLAYER_SLEEPBEFORE_END,1516222939950,127
287,WS_SEND_START,1516222939950,127
287,WS_SEND_END,1516222939950,127
287,WS_RECV_START,1516222939950,128
287,WS_RECV_END,1516222945690,128
287,PLAYER_SLEEPBEFORE_START,1516222945690,129
287,PLAYER_SLEEPBEFORE_END,1516222945710,129
287,WS_SEND_START,1516222945710,129
287,WS_SEND_END,1516222945710,129
287,WS_RECV_START,1516222945710,130
287,WS_RECV_END,1516222949865,130
287,PLAYER_SLEEPBEFORE_START,1516222949865,131
287,PLAYER_SLEEPBEFORE_END,1516222971489,131
287,WS_SEND_START,1516222971489,131
287,WS_SEND_END,1516222971489,131
287,PLAYER_SLEEPBEFORE_START,1516222971489,132
287,PLAYER_SLEEPBEFORE_END,1516222974570,132
287,WS_SEND_START,1516222974570,132
287,WS_SEND_END,1516222974570,132
287,WS_RECV_START,1516222974570,133
287,WS_RECV_END,1516222980012,133
287,PLAYER_SLEEPBEFORE_START,1516222980012,134
287,PLAYER_SLEEPBEFORE_END,1516223001229,134
287,WS_SEND_START,1516223001229,134
287,WS_SEND_END,1516223001229,134
287,PLAYER_SLEEPBEFORE_START,1516223001229,135
287,PLAYER_SLEEPBEFORE_END,1516223004419,135
287,WS_SEND_START,1516223004419,135
287,WS_SEND_END,1516223004419,135
287,WS_RECV_START,1516223004419,136
287,WS_RECV_END,1516223011274,136
287,PLAYER_SLEEPBEFORE_START,1516223011274,137
287,PLAYER_SLEEPBEFORE_END,1516223011281,137
287,WS_SEND_START,1516223011281,137
287,WS_SEND_END,1516223011281,137
287,WS_RECV_START,1516223011281,138
287,WS_RECV_END,1516223016617,138
287,PLAYER_SLEEPBEFORE_START,1516223016617,139
287,PLAYER_SLEEPBEFORE_END,1516223017307,139
287,WS_SEND_START,1516223017307,139
287,WS_SEND_END,1516223017307,139
287,WS_RECV_START,1516223017307,140
287,WS_RECV_END,1516223023788,140
287,PLAYER_SLEEPBEFORE_START,1516223023788,141
287,PLAYER_SLEEPBEFORE_END,1516223024444,141
287,WS_SEND_START,1516223024444,141
287,WS_SEND_END,1516223024444,141
287,WS_RECV_START,1516223024444,142
287,WS_RECV_END,1516223030868,142
287,PLAYER_SLEEPBEFORE_START,1516223030868,143
287,PLAYER_SLEEPBEFORE_END,1516223030925,143
287,WS_SEND_START,1516223030925,143
287,WS_SEND_END,1516223030925,143
287,WS_RECV_START,1516223030925,144
287,WS_RECV_END,1516223038199,144
287,PLAYER_SLEEPBEFORE_START,1516223038199,145
287,PLAYER_SLEEPBEFORE_END,1516223054261,145
287,REQ_START,1516223054261,145
287,REQ_END,1516223054269,145
287,PLAYER_SLEEPBEFORE_START,1516223054269,146
287,PLAYER_SLEEPBEFORE_END,1516223063146,146
287,WS_SEND_START,1516223063146,146
287,WS_SEND_END,1516223063146,146
287,WS_RECV_START,1516223063146,147
287,WS_RECV_END,1516223070374,147
287,PLAYER_SLEEPBEFORE_START,1516223070374,148
287,PLAYER_SLEEPBEFORE_END,1516223092296,148
287,WS_SEND_START,1516223092297,148
287,WS_SEND_END,1516223092297,148
287,PLAYER_SLEEPBEFORE_START,1516223092297,149
287,PLAYER_SLEEPBEFORE_END,1516223094725,149
287,WS_SEND_START,1516223094725,149
287,WS_SEND_END,1516223094725,149
287,WS_RECV_START,1516223094725,150
287,WS_RECV_END,1516223100859,150
287,PLAYER_SLEEPBEFORE_START,1516223100859,151
287,PLAYER_SLEEPBEFORE_END,1516223101070,151
287,WS_SEND_START,1516223101070,151
287,WS_SEND_END,1516223101070,151
287,WS_RECV_START,1516223101070,152
287,WS_RECV_END,1516223106034,152
287,PLAYER_SLEEPBEFORE_START,1516223106034,153
287,PLAYER_SLEEPBEFORE_END,1516223129961,153
287,WS_SEND_START,1516223129961,153
287,WS_SEND_END,1516223129961,153
287,WS_RECV_START,1516223129961,154
287,WS_RECV_END,1516223141741,154
287,PLAYER_SLEEPBEFORE_START,1516223141741,155
287,PLAYER_SLEEPBEFORE_END,1516223164299,155
287,WS_SEND_START,1516223164299,155
287,WS_SEND_END,1516223164299,155
287,PLAYER_SLEEPBEFORE_START,1516223164299,156
287,PLAYER_SLEEPBEFORE_END,1516223167574,156
287,WS_SEND_START,1516223167574,156
287,WS_SEND_END,1516223167574,156
287,WS_RECV_START,1516223167574,157
287,WS_RECV_END,1516223175988,157
287,PLAYER_SLEEPBEFORE_START,1516223175988,158
287,PLAYER_SLEEPBEFORE_END,1516223175998,158
287,WS_SEND_START,1516223175998,158
287,WS_SEND_END,1516223175998,158
287,WS_RECV_START,1516223175998,159
287,WS_RECV_END,1516223184021,159
287,PLAYER_SLEEPBEFORE_START,1516223184021,160
287,PLAYER_SLEEPBEFORE_END,1516223184196,160
287,WS_SEND_START,1516223184196,160
287,WS_SEND_END,1516223184196,160
287,WS_RECV_START,1516223184196,161
287,WS_RECV_END,1516223191170,161
287,PLAYER_SLEEPBEFORE_START,1516223191170,162
287,PLAYER_SLEEPBEFORE_END,1516223191195,162
287,WS_SEND_START,1516223191195,162
287,WS_SEND_END,1516223191195,162
287,WS_RECV_START,1516223191195,163
287,WS_RECV_END,1516223197108,163
287,PLAYER_SLEEPBEFORE_START,1516223197108,164
287,PLAYER_SLEEPBEFORE_END,1516223217920,164
287,WS_SEND_START,1516223217920,164
287,WS_SEND_END,1516223217921,164
287,WS_RECV_START,1516223217921,165
287,WS_RECV_END,1516223229900,165
287,PLAYER_SLEEPBEFORE_START,1516223229900,166
287,PLAYER_SLEEPBEFORE_END,1516223252355,166
287,WS_SEND_START,1516223252355,166
287,WS_SEND_END,1516223252355,166
287,WS_RECV_START,1516223252355,167
287,WS_RECV_END,1516223265699,167
287,PLAYER_SLEEPBEFORE_START,1516223265699,168
287,PLAYER_SLEEPBEFORE_END,1516223293056,168
287,WS_SEND_START,1516223293056,168
287,WS_SEND_END,1516223293056,168
287,WS_RECV_START,1516223293056,169
287,WS_RECV_END,1516223306753,169
287,PLAYER_SLEEPBEFORE_START,1516223306753,170
287,PLAYER_SLEEPBEFORE_END,1516223306762,170
287,WS_SEND_START,1516223306762,170
287,WS_SEND_END,1516223306762,170
287,WS_RECV_START,1516223306762,171
287,WS_RECV_END,1516223312750,171
287,PLAYER_SLEEPBEFORE_START,1516223312750,172
287,PLAYER_SLEEPBEFORE_END,1516223313119,172
287,WS_SEND_START,1516223313119,172
287,WS_SEND_END,1516223313119,172
287,WS_RECV_START,1516223313119,173
287,WS_RECV_END,1516223320651,173
287,PLAYER_SLEEPBEFORE_START,1516223320651,174
287,PLAYER_SLEEPBEFORE_END,1516223320692,174
287,WS_SEND_START,1516223320692,174
287,WS_SEND_END,1516223320692,174
287,WS_RECV_START,1516223320692,175
287,WS_RECV_END,1516223328838,175
287,PLAYER_SLEEPBEFORE_START,1516223328838,176
287,PLAYER_SLEEPBEFORE_END,1516223350599,176
287,WS_SEND_START,1516223350599,176
287,WS_SEND_END,1516223350599,176
287,PLAYER_SLEEPBEFORE_START,1516223350599,177
287,PLAYER_SLEEPBEFORE_END,1516223353117,177
287,WS_SEND_START,1516223353118,177
287,WS_SEND_END,1516223353118,177
287,WS_RECV_START,1516223353118,178
287,WS_RECV_END,1516223365802,178
287,PLAYER_SLEEPBEFORE_START,1516223365802,179
287,PLAYER_SLEEPBEFORE_END,1516223388143,179
287,WS_SEND_START,1516223388143,179
287,WS_SEND_END,1516223388143,179
287,WS_RECV_START,1516223388143,180
287,WS_RECV_END,1516223401263,180
287,PLAYER_SLEEPBEFORE_START,1516223401263,181
287,PLAYER_SLEEPBEFORE_END,1516223401707,181
287,WS_SEND_START,1516223401707,181
287,WS_SEND_END,1516223401707,181
287,WS_RECV_START,1516223401707,182
287,WS_RECV_END,1516223408753,182
287,PLAYER_SLEEPBEFORE_START,1516223408753,183
287,PLAYER_SLEEPBEFORE_END,1516223409277,183
287,WS_SEND_START,1516223409277,183
287,WS_SEND_END,1516223409277,183
287,WS_RECV_START,1516223409277,184
287,WS_RECV_END,1516223416104,184
287,PLAYER_SLEEPBEFORE_START,1516223416104,185
287,PLAYER_SLEEPBEFORE_END,1516223416372,185
287,WS_SEND_START,1516223416372,185
287,WS_SEND_END,1516223416372,185
287,WS_RECV_START,1516223416372,186
287,WS_RECV_END,1516223423718,186
287,PLAYER_SLEEPBEFORE_START,1516223423718,187
287,PLAYER_SLEEPBEFORE_END,1516223446218,187
287,WS_SEND_START,1516223446218,187
287,WS_SEND_END,1516223446218,187
287,WS_RECV_START,1516223446218,188
287,WS_RECV_END,1516223455772,188
287,PLAYER_SLEEPBEFORE_START,1516223455772,189
287,PLAYER_SLEEPBEFORE_END,1516223462011,189
287,WS_SEND_START,1516223462011,189
287,WS_SEND_END,1516223462011,189
287,WS_RECV_START,1516223462011,190
287,WS_RECV_END,1516223468872,190
287,PLAYER_SLEEPBEFORE_START,1516223468872,191
287,PLAYER_SLEEPBEFORE_END,1516223470787,191
287,WS_SEND_START,1516223470787,191
287,WS_SEND_END,1516223470787,191
287,WS_RECV_START,1516223470787,192
287,WS_RECV_END,1516223479659,192
287,PLAYER_SLEEPBEFORE_START,1516223479659,193
287,PLAYER_SLEEPBEFORE_END,1516223479787,193
287,WS_SEND_START,1516223479787,193
287,WS_SEND_END,1516223479787,193
287,WS_RECV_START,1516223479787,194
287,WS_RECV_END,1516223483988,194
287,PLAYER_SLEEPBEFORE_START,1516223483988,195
287,PLAYER_SLEEPBEFORE_END,1516223485743,195
287,WS_SEND_START,1516223485743,195
287,WS_SEND_END,1516223485743,195
287,WS_RECV_START,1516223485743,196
287,WS_RECV_END,1516223489739,196
287,PLAYER_SLEEPBEFORE_START,1516223489739,197
287,PLAYER_SLEEPBEFORE_END,1516223491544,197
287,WS_SEND_START,1516223491544,197
287,WS_SEND_END,1516223491544,197
287,WS_RECV_START,1516223491544,198
287,WS_RECV_END,1516223494645,198
287,PLAYER_SLEEPBEFORE_START,1516223494645,199
287,PLAYER_SLEEPBEFORE_END,1516223506499,199
287,WS_SEND_START,1516223506499,199
287,WS_SEND_END,1516223506499,199
287,PLAYER_SLEEPBEFORE_START,1516223506499,200
287,PLAYER_SLEEPBEFORE_END,1516223510587,200
287,WS_SEND_START,1516223510587,200
287,WS_SEND_END,1516223510587,200
287,WS_RECV_START,1516223510587,201
287,WS_RECV_END,1516223511989,201
287,PLAYER_SLEEPBEFORE_START,1516223511989,202
287,PLAYER_SLEEPBEFORE_END,1516223512003,202
287,WS_SEND_START,1516223512003,202
287,WS_SEND_END,1516223512003,202
287,WS_RECV_START,1516223512003,203
287,WS_RECV_END,1516223515076,203
287,PLAYER_SLEEPBEFORE_START,1516223515076,204
287,PLAYER_SLEEPBEFORE_END,1516223534725,204
287,WS_SEND_START,1516223534725,204
287,WS_SEND_END,1516223534725,204
287,PLAYER_SLEEPBEFORE_START,1516223534725,205
287,PLAYER_SLEEPBEFORE_END,1516223538623,205
287,WS_SEND_START,1516223538623,205
287,WS_SEND_END,1516223538623,205
287,WS_RECV_START,1516223538623,206
287,WS_RECV_END,1516223540568,206
287,PLAYER_SLEEPBEFORE_START,1516223540568,207
287,PLAYER_SLEEPBEFORE_END,1516223557499,207
287,REQ_START,1516223557499,207
287,REQ_END,1516223557508,207
287,PLAYER_SLEEPBEFORE_START,1516223557508,208
287,PLAYER_SLEEPBEFORE_END,1516223564360,208
287,WS_CLOSE_START,1516223564360,208
287,WS_CLOSE_END,1516223564360,208
287,PLAYER_DONE,1516223564360
