# --sessions 720 --app-url=http://shinyloadtest.rstudioservices.com/cran_explorer --output-dir test720 --overwrite-output --log-level warn --start-interval 500 15min.log
thread_id,event,timestamp,input_line_number,comment
301,PLAYER_SESSION_CREATE,1516222120165
301,PLAYER_START_INTERVAL_START,1516222120165
301,PLAYER_START_INTERVAL_END,1516222270665
301,REQ_HOME_START,1516222270665,2
301,REQ_HOME_END,1516222270798,2
301,REQ_START,1516222270798,3
301,REQ_END,1516222270831,3
301,REQ_START,1516222270831,4
301,REQ_END,1516222270863,4
301,REQ_START,1516222270863,5
301,REQ_END,1516222270898,5
301,REQ_START,1516222270898,6
301,REQ_END,1516222270935,6
301,REQ_START,1516222270935,7
301,REQ_END,1516222270971,7
301,REQ_START,1516222270971,8
301,REQ_END,1516222271077,8
301,REQ_START,1516222271077,9
301,REQ_END,1516222271114,9
301,REQ_START,1516222271114,10
301,REQ_END,1516222271123,10
301,REQ_START,1516222271123,11
301,REQ_END,1516222271160,11
301,REQ_START,1516222271160,12
301,REQ_END,1516222271175,12
301,REQ_START,1516222271175,13
301,REQ_END,1516222271208,13
301,REQ_START,1516222271208,14
301,REQ_END,1516222271225,14
301,REQ_START,1516222271225,15
301,REQ_END,1516222271260,15
301,REQ_TOK_START,1516222271260,16
301,REQ_TOK_END,1516222271268,16
301,REQ_SINF_START,1516222271268,17
301,REQ_SINF_END,1516222271275,17
301,WS_OPEN_START,1516222271275,18
301,WS_OPEN_END,1516222271282,18
301,REQ_START,1516222271282,19
301,REQ_END,1516222271306,19
301,WS_RECV_START,1516222271306,20
301,WS_RECV_END,1516222271306,20
301,PLAYER_SLEEPBEFORE_START,1516222271306,21
301,PLAYER_SLEEPBEFORE_END,1516222271311,21
301,WS_SEND_START,1516222271311,21
301,WS_SEND_END,1516222271311,21
301,PLAYER_SLEEPBEFORE_START,1516222271312,22
301,PLAYER_SLEEPBEFORE_END,1516222271313,22
301,WS_SEND_START,1516222271313,22
301,WS_SEND_END,1516222271313,22
301,WS_RECV_INIT_START,1516222271313,23
301,WS_RECV_INIT_END,1516222271332,23
301,WS_RECV_START,1516222271332,24
301,WS_RECV_END,1516222271391,24
301,PLAYER_SLEEPBEFORE_START,1516222271391,25
301,PLAYER_SLEEPBEFORE_END,1516222271398,25
301,REQ_START,1516222271398,25
301,REQ_END,1516222271443,25
301,PLAYER_SLEEPBEFORE_START,1516222271443,26
301,PLAYER_SLEEPBEFORE_END,1516222271445,26
301,REQ_START,1516222271445,26
301,REQ_END,1516222271478,26
301,PLAYER_SLEEPBEFORE_START,1516222271478,27
301,PLAYER_SLEEPBEFORE_END,1516222271481,27
301,REQ_START,1516222271481,27
301,REQ_END,1516222271521,27
301,PLAYER_SLEEPBEFORE_START,1516222271521,28
301,PLAYER_SLEEPBEFORE_END,1516222271806,28
301,REQ_START,1516222271806,28
301,REQ_END,1516222271849,28
301,PLAYER_SLEEPBEFORE_START,1516222271849,29
301,PLAYER_SLEEPBEFORE_END,1516222272024,29
301,WS_SEND_START,1516222272024,29
301,WS_SEND_END,1516222272024,29
301,WS_RECV_START,1516222272024,30
301,WS_RECV_END,1516222272172,30
301,PLAYER_SLEEPBEFORE_START,1516222272172,31
301,PLAYER_SLEEPBEFORE_END,1516222272183,31
301,REQ_START,1516222272183,31
301,REQ_END,1516222272259,31
301,PLAYER_SLEEPBEFORE_START,1516222272259,32
301,PLAYER_SLEEPBEFORE_END,1516222300404,32
301,WS_SEND_START,1516222300404,32
301,WS_SEND_END,1516222300404,32
301,WS_RECV_START,1516222300404,33
301,WS_RECV_END,1516222300546,33
301,PLAYER_SLEEPBEFORE_START,1516222300546,34
301,PLAYER_SLEEPBEFORE_END,1516222326457,34
301,WS_SEND_START,1516222326457,34
301,WS_SEND_END,1516222326457,34
301,WS_RECV_START,1516222326457,35
301,WS_RECV_END,1516222326581,35
301,PLAYER_SLEEPBEFORE_START,1516222326581,36
301,PLAYER_SLEEPBEFORE_END,1516222326590,36
301,WS_SEND_START,1516222326590,36
301,WS_SEND_END,1516222326590,36
301,WS_RECV_START,1516222326590,37
301,WS_RECV_END,1516222326632,37
301,PLAYER_SLEEPBEFORE_START,1516222326632,38
301,PLAYER_SLEEPBEFORE_END,1516222329827,38
301,WS_SEND_START,1516222329827,38
301,WS_SEND_END,1516222329827,38
301,WS_RECV_START,1516222329827,39
301,WS_RECV_END,1516222329980,39
301,PLAYER_SLEEPBEFORE_START,1516222329980,40
301,PLAYER_SLEEPBEFORE_END,1516222330026,40
301,WS_SEND_START,1516222330026,40
301,WS_SEND_END,1516222330026,40
301,WS_RECV_START,1516222330026,41
301,WS_RECV_END,1516222330151,41
301,PLAYER_SLEEPBEFORE_START,1516222330151,42
301,PLAYER_SLEEPBEFORE_END,1516222348287,42
301,WS_SEND_START,1516222348287,42
301,WS_SEND_END,1516222348287,42
301,WS_RECV_START,1516222348287,43
301,WS_RECV_END,1516222348349,43
301,PLAYER_SLEEPBEFORE_START,1516222348349,44
301,PLAYER_SLEEPBEFORE_END,1516222348361,44
301,WS_SEND_START,1516222348361,44
301,WS_SEND_END,1516222348361,44
301,WS_RECV_START,1516222348361,45
301,WS_RECV_END,1516222348412,45
301,PLAYER_SLEEPBEFORE_START,1516222348412,46
301,PLAYER_SLEEPBEFORE_END,1516222349672,46
301,WS_SEND_START,1516222349672,46
301,WS_SEND_END,1516222349672,46
301,WS_RECV_START,1516222349672,47
301,WS_RECV_END,1516222349976,47
301,PLAYER_SLEEPBEFORE_START,1516222349976,48
301,PLAYER_SLEEPBEFORE_END,1516222351296,48
301,WS_SEND_START,1516222351296,48
301,WS_SEND_END,1516222351296,48
301,WS_RECV_START,1516222351296,49
301,WS_RECV_END,1516222351491,49
301,PLAYER_SLEEPBEFORE_START,1516222351491,50
301,PLAYER_SLEEPBEFORE_END,1516222351515,50
301,WS_SEND_START,1516222351515,50
301,WS_SEND_END,1516222351515,50
301,WS_RECV_START,1516222351515,51
301,WS_RECV_END,1516222351974,51
301,PLAYER_SLEEPBEFORE_START,1516222351974,52
301,PLAYER_SLEEPBEFORE_END,1516222374538,52
301,WS_SEND_START,1516222374538,52
301,WS_SEND_END,1516222374538,52
301,WS_RECV_START,1516222374538,53
301,WS_RECV_END,1516222374845,53
301,PLAYER_SLEEPBEFORE_START,1516222374845,54
301,PLAYER_SLEEPBEFORE_END,1516222396148,54
301,WS_SEND_START,1516222396148,54
301,WS_SEND_END,1516222396148,54
301,PLAYER_SLEEPBEFORE_START,1516222396148,55
301,PLAYER_SLEEPBEFORE_END,1516222398089,55
301,WS_SEND_START,1516222398090,55
301,WS_SEND_END,1516222398090,55
301,WS_RECV_START,1516222398090,56
301,WS_RECV_END,1516222398619,56
301,PLAYER_SLEEPBEFORE_START,1516222398619,57
301,PLAYER_SLEEPBEFORE_END,1516222421491,57
301,WS_SEND_START,1516222421492,57
301,WS_SEND_END,1516222421492,57
301,WS_RECV_START,1516222421492,58
301,WS_RECV_END,1516222422158,58
301,PLAYER_SLEEPBEFORE_START,1516222422158,59
301,PLAYER_SLEEPBEFORE_END,1516222424485,59
301,WS_SEND_START,1516222424485,59
301,WS_SEND_END,1516222424485,59
301,WS_RECV_START,1516222424485,60
301,WS_RECV_END,1516222425592,60
301,PLAYER_SLEEPBEFORE_START,1516222425592,61
301,PLAYER_SLEEPBEFORE_END,1516222429183,61
301,WS_SEND_START,1516222429183,61
301,WS_SEND_END,1516222429183,61
301,WS_RECV_START,1516222429183,62
301,WS_RECV_END,1516222430565,62
301,PLAYER_SLEEPBEFORE_START,1516222430565,63
301,PLAYER_SLEEPBEFORE_END,1516222449827,63
301,WS_SEND_START,1516222449827,63
301,WS_SEND_END,1516222449827,63
301,WS_RECV_START,1516222449827,64
301,WS_RECV_END,1516222451076,64
301,PLAYER_SLEEPBEFORE_START,1516222451076,65
301,PLAYER_SLEEPBEFORE_END,1516222477893,65
301,WS_SEND_START,1516222477893,65
301,WS_SEND_END,1516222477893,65
301,WS_RECV_START,1516222477893,66
301,WS_RECV_END,1516222479440,66
301,PLAYER_SLEEPBEFORE_START,1516222479440,67
301,PLAYER_SLEEPBEFORE_END,1516222480947,67
301,WS_SEND_START,1516222480947,67
301,WS_SEND_END,1516222480947,67
301,WS_RECV_START,1516222480947,68
301,WS_RECV_END,1516222482791,68
301,PLAYER_SLEEPBEFORE_START,1516222482791,69
301,PLAYER_SLEEPBEFORE_END,1516222504789,69
301,WS_SEND_START,1516222504789,69
301,WS_SEND_END,1516222504789,69
301,WS_RECV_START,1516222504789,70
301,WS_RECV_END,1516222508030,70
301,PLAYER_SLEEPBEFORE_START,1516222508030,71
301,PLAYER_SLEEPBEFORE_END,1516222532805,71
301,WS_SEND_START,1516222532805,71
301,WS_SEND_END,1516222532805,71
301,PLAYER_SLEEPBEFORE_START,1516222532805,72
301,PLAYER_SLEEPBEFORE_END,1516222535412,72
301,WS_SEND_START,1516222535412,72
301,WS_SEND_END,1516222535412,72
301,WS_RECV_START,1516222535412,73
301,WS_RECV_END,1516222537457,73
301,PLAYER_SLEEPBEFORE_START,1516222537457,74
301,PLAYER_SLEEPBEFORE_END,1516222537466,74
301,WS_SEND_START,1516222537466,74
301,WS_SEND_END,1516222537466,74
301,WS_RECV_START,1516222537466,75
301,WS_RECV_END,1516222539396,75
301,PLAYER_SLEEPBEFORE_START,1516222539396,76
301,PLAYER_SLEEPBEFORE_END,1516222540902,76
301,WS_SEND_START,1516222540902,76
301,WS_SEND_END,1516222540902,76
301,WS_RECV_START,1516222540902,77
301,WS_RECV_END,1516222542369,77
301,PLAYER_SLEEPBEFORE_START,1516222542369,78
301,PLAYER_SLEEPBEFORE_END,1516222543237,78
301,WS_SEND_START,1516222543237,78
301,WS_SEND_END,1516222543237,78
301,WS_RECV_START,1516222543237,79
301,WS_RECV_END,1516222545780,79
301,PLAYER_SLEEPBEFORE_START,1516222545780,80
301,PLAYER_SLEEPBEFORE_END,1516222553447,80
301,WS_SEND_START,1516222553447,80
301,WS_SEND_END,1516222553447,80
301,WS_RECV_START,1516222553447,81
301,WS_RECV_END,1516222557985,81
301,PLAYER_SLEEPBEFORE_START,1516222557985,82
301,PLAYER_SLEEPBEFORE_END,1516222559087,82
301,WS_SEND_START,1516222559087,82
301,WS_SEND_END,1516222559087,82
301,WS_RECV_START,1516222559087,83
301,WS_RECV_END,1516222560459,83
301,PLAYER_SLEEPBEFORE_START,1516222560459,84
301,PLAYER_SLEEPBEFORE_END,1516222561406,84
301,WS_SEND_START,1516222561406,84
301,WS_SEND_END,1516222561406,84
301,WS_RECV_START,1516222561406,85
301,WS_RECV_END,1516222563091,85
301,PLAYER_SLEEPBEFORE_START,1516222563091,86
301,PLAYER_SLEEPBEFORE_END,1516222567263,86
301,WS_SEND_START,1516222567263,86
301,WS_SEND_END,1516222567263,86
301,WS_RECV_START,1516222567263,87
301,WS_RECV_END,1516222571579,87
301,PLAYER_SLEEPBEFORE_START,1516222571579,88
301,PLAYER_SLEEPBEFORE_END,1516222571587,88
301,WS_SEND_START,1516222571587,88
301,WS_SEND_END,1516222571587,88
301,WS_RECV_START,1516222571587,89
301,WS_RECV_END,1516222573133,89
301,PLAYER_SLEEPBEFORE_START,1516222573133,90
301,PLAYER_SLEEPBEFORE_END,1516222600330,90
301,REQ_START,1516222600330,90
301,REQ_END,1516222600343,90
301,PLAYER_SLEEPBEFORE_START,1516222600343,91
301,PLAYER_SLEEPBEFORE_END,1516222608232,91
301,WS_SEND_START,1516222608232,91
301,WS_SEND_END,1516222608232,91
301,WS_RECV_START,1516222608232,92
301,WS_RECV_END,1516222613023,92
301,PLAYER_SLEEPBEFORE_START,1516222613023,93
301,PLAYER_SLEEPBEFORE_END,1516222613038,93
301,WS_SEND_START,1516222613038,93
301,WS_SEND_END,1516222613038,93
301,WS_RECV_START,1516222613038,94
301,WS_RECV_END,1516222614631,94
301,PLAYER_SLEEPBEFORE_START,1516222614631,95
301,PLAYER_SLEEPBEFORE_END,1516222638186,95
301,WS_SEND_START,1516222638187,95
301,WS_SEND_END,1516222638187,95
301,WS_RECV_START,1516222638187,96
301,WS_RECV_END,1516222646622,96
301,PLAYER_SLEEPBEFORE_START,1516222646622,97
301,PLAYER_SLEEPBEFORE_END,1516222669062,97
301,WS_SEND_START,1516222669062,97
301,WS_SEND_END,1516222669062,97
301,WS_RECV_START,1516222669062,98
301,WS_RECV_END,1516222676664,98
301,PLAYER_SLEEPBEFORE_START,1516222676664,99
301,PLAYER_SLEEPBEFORE_END,1516222676685,99
301,WS_SEND_START,1516222676685,99
301,WS_SEND_END,1516222676685,99
301,WS_RECV_START,1516222676685,100
301,WS_RECV_END,1516222681115,100
301,PLAYER_SLEEPBEFORE_START,1516222681115,101
301,PLAYER_SLEEPBEFORE_END,1516222704674,101
301,WS_SEND_START,1516222704674,101
301,WS_SEND_END,1516222704674,101
301,WS_RECV_START,1516222704674,102
301,WS_RECV_END,1516222711741,102
301,PLAYER_SLEEPBEFORE_START,1516222711741,103
301,PLAYER_SLEEPBEFORE_END,1516222735366,103
301,WS_SEND_START,1516222735366,103
301,WS_SEND_END,1516222735366,103
301,WS_RECV_START,1516222735366,104
301,WS_RECV_END,1516222744114,104
301,PLAYER_SLEEPBEFORE_START,1516222744114,105
301,PLAYER_SLEEPBEFORE_END,1516222769491,105
301,WS_SEND_START,1516222769491,105
301,WS_SEND_END,1516222769491,105
301,WS_RECV_START,1516222769491,106
301,WS_RECV_END,1516222775485,106
301,PLAYER_SLEEPBEFORE_START,1516222775485,107
301,PLAYER_SLEEPBEFORE_END,1516222798908,107
301,WS_SEND_START,1516222798908,107
301,WS_SEND_END,1516222798908,107
301,WS_RECV_START,1516222798908,108
301,WS_RECV_END,1516222804351,108
301,PLAYER_SLEEPBEFORE_START,1516222804351,109
301,PLAYER_SLEEPBEFORE_END,1516222804360,109
301,WS_SEND_START,1516222804360,109
301,WS_SEND_END,1516222804361,109
301,WS_RECV_START,1516222804361,110
301,WS_RECV_END,1516222806641,110
301,PLAYER_SLEEPBEFORE_START,1516222806641,111
301,PLAYER_SLEEPBEFORE_END,1516222807600,111
301,WS_SEND_START,1516222807600,111
301,WS_SEND_END,1516222807600,111
301,WS_RECV_START,1516222807600,112
301,WS_RECV_END,1516222811650,112
301,PLAYER_SLEEPBEFORE_START,1516222811651,113
301,PLAYER_SLEEPBEFORE_END,1516222812213,113
301,WS_SEND_START,1516222812213,113
301,WS_SEND_END,1516222812213,113
301,WS_RECV_START,1516222812213,114
301,WS_RECV_END,1516222817740,114
301,PLAYER_SLEEPBEFORE_START,1516222817740,115
301,PLAYER_SLEEPBEFORE_END,1516222817749,115
301,WS_SEND_START,1516222817749,115
301,WS_SEND_END,1516222817749,115
301,WS_RECV_START,1516222817749,116
301,WS_RECV_END,1516222824660,116
301,PLAYER_SLEEPBEFORE_START,1516222824660,117
301,PLAYER_SLEEPBEFORE_END,1516222845020,117
301,WS_SEND_START,1516222845020,117
301,WS_SEND_END,1516222845020,117
301,PLAYER_SLEEPBEFORE_START,1516222845020,118
301,PLAYER_SLEEPBEFORE_END,1516222848772,118
301,WS_SEND_START,1516222848772,118
301,WS_SEND_END,1516222848772,118
301,WS_RECV_START,1516222848772,119
301,WS_RECV_END,1516222853223,119
301,PLAYER_SLEEPBEFORE_START,1516222853223,120
301,PLAYER_SLEEPBEFORE_END,1516222854211,120
301,WS_SEND_START,1516222854211,120
301,WS_SEND_END,1516222854211,120
301,WS_RECV_START,1516222854211,121
301,WS_RECV_END,1516222857612,121
301,PLAYER_SLEEPBEFORE_START,1516222857612,122
301,PLAYER_SLEEPBEFORE_END,1516222858798,122
301,WS_SEND_START,1516222858798,122
301,WS_SEND_END,1516222858798,122
301,WS_RECV_START,1516222858798,123
301,WS_RECV_END,1516222863471,123
301,PLAYER_SLEEPBEFORE_START,1516222863471,124
301,PLAYER_SLEEPBEFORE_END,1516222887876,124
301,WS_SEND_START,1516222887876,124
301,WS_SEND_END,1516222887876,124
301,WS_RECV_START,1516222887876,125
301,WS_RECV_END,1516222897148,125
301,PLAYER_SLEEPBEFORE_START,1516222897148,126
301,PLAYER_SLEEPBEFORE_END,1516222917660,126
301,WS_SEND_START,1516222917660,126
301,WS_SEND_END,1516222917660,126
301,PLAYER_SLEEPBEFORE_START,1516222917660,127
301,PLAYER_SLEEPBEFORE_END,1516222920714,127
301,WS_SEND_START,1516222920714,127
301,WS_SEND_END,1516222920714,127
301,WS_RECV_START,1516222920714,128
301,WS_RECV_END,1516222923156,128
301,PLAYER_SLEEPBEFORE_START,1516222923156,129
301,PLAYER_SLEEPBEFORE_END,1516222923176,129
301,WS_SEND_START,1516222923176,129
301,WS_SEND_END,1516222923176,129
301,WS_RECV_START,1516222923176,130
301,WS_RECV_END,1516222926192,130
301,PLAYER_SLEEPBEFORE_START,1516222926192,131
301,PLAYER_SLEEPBEFORE_END,1516222947816,131
301,WS_SEND_START,1516222947816,131
301,WS_SEND_END,1516222947816,131
301,PLAYER_SLEEPBEFORE_START,1516222947816,132
301,PLAYER_SLEEPBEFORE_END,1516222950896,132
301,WS_SEND_START,1516222950896,132
301,WS_SEND_END,1516222950896,132
301,WS_RECV_START,1516222950896,133
301,WS_RECV_END,1516222955858,133
301,PLAYER_SLEEPBEFORE_START,1516222955858,134
301,PLAYER_SLEEPBEFORE_END,1516222977075,134
301,WS_SEND_START,1516222977075,134
301,WS_SEND_END,1516222977075,134
301,PLAYER_SLEEPBEFORE_START,1516222977075,135
301,PLAYER_SLEEPBEFORE_END,1516222980266,135
301,WS_SEND_START,1516222980266,135
301,WS_SEND_END,1516222980266,135
301,WS_RECV_START,1516222980266,136
301,WS_RECV_END,1516222981747,136
301,PLAYER_SLEEPBEFORE_START,1516222981747,137
301,PLAYER_SLEEPBEFORE_END,1516222981755,137
301,WS_SEND_START,1516222981755,137
301,WS_SEND_END,1516222981755,137
301,WS_RECV_START,1516222981755,138
301,WS_RECV_END,1516222985573,138
301,PLAYER_SLEEPBEFORE_START,1516222985573,139
301,PLAYER_SLEEPBEFORE_END,1516222986263,139
301,WS_SEND_START,1516222986263,139
301,WS_SEND_END,1516222986263,139
301,WS_RECV_START,1516222986263,140
301,WS_RECV_END,1516222991597,140
301,PLAYER_SLEEPBEFORE_START,1516222991597,141
301,PLAYER_SLEEPBEFORE_END,1516222992252,141
301,WS_SEND_START,1516222992252,141
301,WS_SEND_END,1516222992252,141
301,WS_RECV_START,1516222992252,142
301,WS_RECV_END,1516223000281,142
301,PLAYER_SLEEPBEFORE_START,1516223000281,143
301,PLAYER_SLEEPBEFORE_END,1516223000338,143
301,WS_SEND_START,1516223000338,143
301,WS_SEND_END,1516223000338,143
301,WS_RECV_START,1516223000338,144
301,WS_RECV_END,1516223006934,144
301,PLAYER_SLEEPBEFORE_START,1516223006934,145
301,PLAYER_SLEEPBEFORE_END,1516223023000,145
301,REQ_START,1516223023001,145
301,REQ_END,1516223023009,145
301,PLAYER_SLEEPBEFORE_START,1516223023009,146
301,PLAYER_SLEEPBEFORE_END,1516223031886,146
301,WS_SEND_START,1516223031886,146
301,WS_SEND_END,1516223031886,146
301,WS_RECV_START,1516223031886,147
301,WS_RECV_END,1516223039331,147
301,PLAYER_SLEEPBEFORE_START,1516223039331,148
301,PLAYER_SLEEPBEFORE_END,1516223061253,148
301,WS_SEND_START,1516223061253,148
301,WS_SEND_END,1516223061253,148
301,PLAYER_SLEEPBEFORE_START,1516223061253,149
301,PLAYER_SLEEPBEFORE_END,1516223063681,149
301,WS_SEND_START,1516223063681,149
301,WS_SEND_END,1516223063681,149
301,WS_RECV_START,1516223063681,150
301,WS_RECV_END,1516223070518,150
301,PLAYER_SLEEPBEFORE_START,1516223070518,151
301,PLAYER_SLEEPBEFORE_END,1516223070728,151
301,WS_SEND_START,1516223070728,151
301,WS_SEND_END,1516223070728,151
301,WS_RECV_START,1516223070729,152
301,WS_RECV_END,1516223074909,152
301,PLAYER_SLEEPBEFORE_START,1516223074909,153
301,PLAYER_SLEEPBEFORE_END,1516223098836,153
301,WS_SEND_START,1516223098836,153
301,WS_SEND_END,1516223098836,153
301,WS_RECV_START,1516223098836,154
301,WS_RECV_END,1516223105939,154
301,PLAYER_SLEEPBEFORE_START,1516223105939,155
301,PLAYER_SLEEPBEFORE_END,1516223128497,155
301,WS_SEND_START,1516223128497,155
301,WS_SEND_END,1516223128497,155
301,PLAYER_SLEEPBEFORE_START,1516223128497,156
301,PLAYER_SLEEPBEFORE_END,1516223131771,156
301,WS_SEND_START,1516223131771,156
301,WS_SEND_END,1516223131771,156
301,WS_RECV_START,1516223131771,157
301,WS_RECV_END,1516223136914,157
301,PLAYER_SLEEPBEFORE_START,1516223136914,158
301,PLAYER_SLEEPBEFORE_END,1516223136925,158
301,WS_SEND_START,1516223136925,158
301,WS_SEND_END,1516223136925,158
301,WS_RECV_START,1516223136925,159
301,WS_RECV_END,1516223141893,159
301,PLAYER_SLEEPBEFORE_START,1516223141893,160
301,PLAYER_SLEEPBEFORE_END,1516223142068,160
301,WS_SEND_START,1516223142068,160
301,WS_SEND_END,1516223142069,160
301,WS_RECV_START,1516223142069,161
301,WS_RECV_END,1516223147576,161
301,PLAYER_SLEEPBEFORE_START,1516223147576,162
301,PLAYER_SLEEPBEFORE_END,1516223147601,162
301,WS_SEND_START,1516223147601,162
301,WS_SEND_END,1516223147601,162
301,WS_RECV_START,1516223147601,163
301,WS_RECV_END,1516223153214,163
301,PLAYER_SLEEPBEFORE_START,1516223153214,164
301,PLAYER_SLEEPBEFORE_END,1516223174026,164
301,WS_SEND_START,1516223174026,164
301,WS_SEND_END,1516223174026,164
301,WS_RECV_START,1516223174026,165
301,WS_RECV_END,1516223182922,165
301,PLAYER_SLEEPBEFORE_START,1516223182922,166
301,PLAYER_SLEEPBEFORE_END,1516223205377,166
301,WS_SEND_START,1516223205377,166
301,WS_SEND_END,1516223205377,166
301,WS_RECV_START,1516223205377,167
301,WS_RECV_END,1516223214643,167
301,PLAYER_SLEEPBEFORE_START,1516223214643,168
301,PLAYER_SLEEPBEFORE_END,1516223242001,168
301,WS_SEND_START,1516223242001,168
301,WS_SEND_END,1516223242001,168
301,WS_RECV_START,1516223242001,169
301,WS_RECV_END,1516223251022,169
301,PLAYER_SLEEPBEFORE_START,1516223251022,170
301,PLAYER_SLEEPBEFORE_END,1516223251031,170
301,WS_SEND_START,1516223251031,170
301,WS_SEND_END,1516223251031,170
301,WS_RECV_START,1516223251031,171
301,WS_RECV_END,1516223256165,171
301,PLAYER_SLEEPBEFORE_START,1516223256166,172
301,PLAYER_SLEEPBEFORE_END,1516223256535,172
301,WS_SEND_START,1516223256535,172
301,WS_SEND_END,1516223256535,172
301,WS_RECV_START,1516223256535,173
301,WS_RECV_END,1516223264227,173
301,PLAYER_SLEEPBEFORE_START,1516223264227,174
301,PLAYER_SLEEPBEFORE_END,1516223264268,174
301,WS_SEND_START,1516223264268,174
301,WS_SEND_END,1516223264268,174
301,WS_RECV_START,1516223264268,175
301,WS_RECV_END,1516223272187,175
301,PLAYER_SLEEPBEFORE_START,1516223272187,176
301,PLAYER_SLEEPBEFORE_END,1516223293948,176
301,WS_SEND_START,1516223293948,176
301,WS_SEND_END,1516223293948,176
301,PLAYER_SLEEPBEFORE_START,1516223293948,177
301,PLAYER_SLEEPBEFORE_END,1516223296466,177
301,WS_SEND_START,1516223296466,177
301,WS_SEND_END,1516223296466,177
301,WS_RECV_START,1516223296466,178
301,WS_RECV_END,1516223304802,178
301,PLAYER_SLEEPBEFORE_START,1516223304803,179
301,PLAYER_SLEEPBEFORE_END,1516223327143,179
301,WS_SEND_START,1516223327143,179
301,WS_SEND_END,1516223327143,179
301,WS_RECV_START,1516223327143,180
301,WS_RECV_END,1516223340524,180
301,PLAYER_SLEEPBEFORE_START,1516223340524,181
301,PLAYER_SLEEPBEFORE_END,1516223340969,181
301,WS_SEND_START,1516223340969,181
301,WS_SEND_END,1516223340969,181
301,WS_RECV_START,1516223340969,182
301,WS_RECV_END,1516223346967,182
301,PLAYER_SLEEPBEFORE_START,1516223346967,183
301,PLAYER_SLEEPBEFORE_END,1516223347490,183
301,WS_SEND_START,1516223347490,183
301,WS_SEND_END,1516223347490,183
301,WS_RECV_START,1516223347490,184
301,WS_RECV_END,1516223355471,184
301,PLAYER_SLEEPBEFORE_START,1516223355471,185
301,PLAYER_SLEEPBEFORE_END,1516223355739,185
301,WS_SEND_START,1516223355739,185
301,WS_SEND_END,1516223355739,185
301,WS_RECV_START,1516223355739,186
301,WS_RECV_END,1516223362839,186
301,PLAYER_SLEEPBEFORE_START,1516223362839,187
301,PLAYER_SLEEPBEFORE_END,1516223385339,187
301,WS_SEND_START,1516223385339,187
301,WS_SEND_END,1516223385339,187
301,WS_RECV_START,1516223385339,188
301,WS_RECV_END,1516223391847,188
301,PLAYER_SLEEPBEFORE_START,1516223391847,189
301,PLAYER_SLEEPBEFORE_END,1516223398086,189
301,WS_SEND_START,1516223398086,189
301,WS_SEND_END,1516223398086,189
301,WS_RECV_START,1516223398086,190
301,WS_RECV_END,1516223406451,190
301,PLAYER_SLEEPBEFORE_START,1516223406451,191
301,PLAYER_SLEEPBEFORE_END,1516223408366,191
301,WS_SEND_START,1516223408366,191
301,WS_SEND_END,1516223408366,191
301,WS_RECV_START,1516223408366,192
301,WS_RECV_END,1516223418058,192
301,PLAYER_SLEEPBEFORE_START,1516223418058,193
301,PLAYER_SLEEPBEFORE_END,1516223418186,193
301,WS_SEND_START,1516223418186,193
301,WS_SEND_END,1516223418186,193
301,WS_RECV_START,1516223418186,194
301,WS_RECV_END,1516223422626,194
301,PLAYER_SLEEPBEFORE_START,1516223422626,195
301,PLAYER_SLEEPBEFORE_END,1516223424381,195
301,WS_SEND_START,1516223424381,195
301,WS_SEND_END,1516223424381,195
301,WS_RECV_START,1516223424381,196
301,WS_RECV_END,1516223427741,196
301,PLAYER_SLEEPBEFORE_START,1516223427741,197
301,PLAYER_SLEEPBEFORE_END,1516223429545,197
301,WS_SEND_START,1516223429545,197
301,WS_SEND_END,1516223429545,197
301,WS_RECV_START,1516223429545,198
301,WS_RECV_END,1516223432516,198
301,PLAYER_SLEEPBEFORE_START,1516223432516,199
301,PLAYER_SLEEPBEFORE_END,1516223444370,199
301,WS_SEND_START,1516223444370,199
301,WS_SEND_END,1516223444370,199
301,PLAYER_SLEEPBEFORE_START,1516223444370,200
301,PLAYER_SLEEPBEFORE_END,1516223448458,200
301,WS_SEND_START,1516223448458,200
301,WS_SEND_END,1516223448458,200
301,WS_RECV_START,1516223448458,201
301,WS_RECV_END,1516223452571,201
301,PLAYER_SLEEPBEFORE_START,1516223452571,202
301,PLAYER_SLEEPBEFORE_END,1516223452585,202
301,WS_SEND_START,1516223452585,202
301,WS_SEND_END,1516223452585,202
301,WS_RECV_START,1516223452585,203
301,WS_RECV_END,1516223455489,203
301,PLAYER_SLEEPBEFORE_START,1516223455489,204
301,PLAYER_SLEEPBEFORE_END,1516223475139,204
301,WS_SEND_START,1516223475139,204
301,WS_SEND_END,1516223475139,204
301,PLAYER_SLEEPBEFORE_START,1516223475139,205
301,PLAYER_SLEEPBEFORE_END,1516223479037,205
301,WS_SEND_START,1516223479037,205
301,WS_SEND_END,1516223479037,205
301,WS_RECV_START,1516223479037,206
301,WS_RECV_END,1516223482248,206
301,PLAYER_SLEEPBEFORE_START,1516223482248,207
301,PLAYER_SLEEPBEFORE_END,1516223499179,207
301,REQ_START,1516223499179,207
301,REQ_END,1516223499187,207
301,PLAYER_SLEEPBEFORE_START,1516223499187,208
301,PLAYER_SLEEPBEFORE_END,1516223506039,208
301,WS_CLOSE_START,1516223506040,208
301,WS_CLOSE_END,1516223506040,208
301,PLAYER_DONE,1516223506040
