# --sessions 720 --app-url=http://shinyloadtest.rstudioservices.com/cran_explorer --output-dir test720 --overwrite-output --log-level warn --start-interval 500 15min.log
thread_id,event,timestamp,input_line_number,comment
321,PLAYER_SESSION_CREATE,1516222120183
321,PLAYER_START_INTERVAL_START,1516222120183
321,PLAYER_START_INTERVAL_END,1516222280683
321,REQ_HOME_START,1516222280683,2
321,REQ_HOME_END,1516222280792,2
321,REQ_START,1516222280792,3
321,REQ_END,1516222280829,3
321,REQ_START,1516222280829,4
321,REQ_END,1516222280861,4
321,REQ_START,1516222280861,5
321,REQ_END,1516222280896,5
321,REQ_START,1516222280896,6
321,REQ_END,1516222280930,6
321,REQ_START,1516222280930,7
321,REQ_END,1516222280969,7
321,REQ_START,1516222280969,8
321,REQ_END,1516222281008,8
321,REQ_START,1516222281008,9
321,REQ_END,1516222281045,9
321,REQ_START,1516222281045,10
321,REQ_END,1516222281054,10
321,REQ_START,1516222281054,11
321,REQ_END,1516222281118,11
321,REQ_START,1516222281118,12
321,REQ_END,1516222281128,12
321,REQ_START,1516222281128,13
321,REQ_END,1516222281159,13
321,REQ_START,1516222281159,14
321,REQ_END,1516222281173,14
321,REQ_START,1516222281173,15
321,REQ_END,1516222281209,15
321,REQ_TOK_START,1516222281209,16
321,REQ_TOK_END,1516222281216,16
321,REQ_SINF_START,1516222281216,17
321,REQ_SINF_END,1516222281223,17
321,WS_OPEN_START,1516222281223,18
321,WS_OPEN_END,1516222281230,18
321,REQ_START,1516222281230,19
321,REQ_END,1516222281278,19
321,WS_RECV_START,1516222281278,20
321,WS_RECV_END,1516222281278,20
321,PLAYER_SLEEPBEFORE_START,1516222281278,21
321,PLAYER_SLEEPBEFORE_END,1516222281283,21
321,WS_SEND_START,1516222281283,21
321,WS_SEND_END,1516222281283,21
321,PLAYER_SLEEPBEFORE_START,1516222281283,22
321,PLAYER_SLEEPBEFORE_END,1516222281284,22
321,WS_SEND_START,1516222281284,22
321,WS_SEND_END,1516222281284,22
321,WS_RECV_INIT_START,1516222281284,23
321,WS_RECV_INIT_END,1516222281306,23
321,WS_RECV_START,1516222281306,24
321,WS_RECV_END,1516222281374,24
321,PLAYER_SLEEPBEFORE_START,1516222281374,25
321,PLAYER_SLEEPBEFORE_END,1516222281382,25
321,REQ_START,1516222281382,25
321,REQ_END,1516222281414,25
321,PLAYER_SLEEPBEFORE_START,1516222281414,26
321,PLAYER_SLEEPBEFORE_END,1516222281415,26
321,REQ_START,1516222281415,26
321,REQ_END,1516222281444,26
321,PLAYER_SLEEPBEFORE_START,1516222281444,27
321,PLAYER_SLEEPBEFORE_END,1516222281447,27
321,REQ_START,1516222281447,27
321,REQ_END,1516222281480,27
321,PLAYER_SLEEPBEFORE_START,1516222281480,28
321,PLAYER_SLEEPBEFORE_END,1516222281766,28
321,REQ_START,1516222281766,28
321,REQ_END,1516222281801,28
321,PLAYER_SLEEPBEFORE_START,1516222281801,29
321,PLAYER_SLEEPBEFORE_END,1516222281977,29
321,WS_SEND_START,1516222281977,29
321,WS_SEND_END,1516222281977,29
321,WS_RECV_START,1516222281977,30
321,WS_RECV_END,1516222282188,30
321,PLAYER_SLEEPBEFORE_START,1516222282188,31
321,PLAYER_SLEEPBEFORE_END,1516222282199,31
321,REQ_START,1516222282199,31
321,REQ_END,1516222282470,31
321,PLAYER_SLEEPBEFORE_START,1516222282470,32
321,PLAYER_SLEEPBEFORE_END,1516222310615,32
321,WS_SEND_START,1516222310615,32
321,WS_SEND_END,1516222310615,32
321,WS_RECV_START,1516222310615,33
321,WS_RECV_END,1516222310747,33
321,PLAYER_SLEEPBEFORE_START,1516222310747,34
321,PLAYER_SLEEPBEFORE_END,1516222336658,34
321,WS_SEND_START,1516222336658,34
321,WS_SEND_END,1516222336658,34
321,WS_RECV_START,1516222336658,35
321,WS_RECV_END,1516222336706,35
321,PLAYER_SLEEPBEFORE_START,1516222336706,36
321,PLAYER_SLEEPBEFORE_END,1516222336715,36
321,WS_SEND_START,1516222336715,36
321,WS_SEND_END,1516222336715,36
321,WS_RECV_START,1516222336715,37
321,WS_RECV_END,1516222336768,37
321,PLAYER_SLEEPBEFORE_START,1516222336768,38
321,PLAYER_SLEEPBEFORE_END,1516222339963,38
321,WS_SEND_START,1516222339963,38
321,WS_SEND_END,1516222339963,38
321,WS_RECV_START,1516222339963,39
321,WS_RECV_END,1516222340153,39
321,PLAYER_SLEEPBEFORE_START,1516222340153,40
321,PLAYER_SLEEPBEFORE_END,1516222340199,40
321,WS_SEND_START,1516222340199,40
321,WS_SEND_END,1516222340199,40
321,WS_RECV_START,1516222340199,41
321,WS_RECV_END,1516222340771,41
321,PLAYER_SLEEPBEFORE_START,1516222340771,42
321,PLAYER_SLEEPBEFORE_END,1516222358906,42
321,WS_SEND_START,1516222358906,42
321,WS_SEND_END,1516222358906,42
321,WS_RECV_START,1516222358906,43
321,WS_RECV_END,1516222359073,43
321,PLAYER_SLEEPBEFORE_START,1516222359073,44
321,PLAYER_SLEEPBEFORE_END,1516222359085,44
321,WS_SEND_START,1516222359085,44
321,WS_SEND_END,1516222359085,44
321,WS_RECV_START,1516222359085,45
321,WS_RECV_END,1516222359140,45
321,PLAYER_SLEEPBEFORE_START,1516222359140,46
321,PLAYER_SLEEPBEFORE_END,1516222360402,46
321,WS_SEND_START,1516222360402,46
321,WS_SEND_END,1516222360402,46
321,WS_RECV_START,1516222360402,47
321,WS_RECV_END,1516222360677,47
321,PLAYER_SLEEPBEFORE_START,1516222360677,48
321,PLAYER_SLEEPBEFORE_END,1516222361997,48
321,WS_SEND_START,1516222361997,48
321,WS_SEND_END,1516222361997,48
321,WS_RECV_START,1516222361997,49
321,WS_RECV_END,1516222362637,49
321,PLAYER_SLEEPBEFORE_START,1516222362637,50
321,PLAYER_SLEEPBEFORE_END,1516222362661,50
321,WS_SEND_START,1516222362661,50
321,WS_SEND_END,1516222362661,50
321,WS_RECV_START,1516222362661,51
321,WS_RECV_END,1516222362846,51
321,PLAYER_SLEEPBEFORE_START,1516222362846,52
321,PLAYER_SLEEPBEFORE_END,1516222385410,52
321,WS_SEND_START,1516222385410,52
321,WS_SEND_END,1516222385410,52
321,WS_RECV_START,1516222385410,53
321,WS_RECV_END,1516222386359,53
321,PLAYER_SLEEPBEFORE_START,1516222386359,54
321,PLAYER_SLEEPBEFORE_END,1516222407663,54
321,WS_SEND_START,1516222407663,54
321,WS_SEND_END,1516222407663,54
321,PLAYER_SLEEPBEFORE_START,1516222407663,55
321,PLAYER_SLEEPBEFORE_END,1516222409604,55
321,WS_SEND_START,1516222409604,55
321,WS_SEND_END,1516222409604,55
321,WS_RECV_START,1516222409604,56
321,WS_RECV_END,1516222411290,56
321,PLAYER_SLEEPBEFORE_START,1516222411290,57
321,PLAYER_SLEEPBEFORE_END,1516222434162,57
321,WS_SEND_START,1516222434162,57
321,WS_SEND_END,1516222434162,57
321,WS_RECV_START,1516222434162,58
321,WS_RECV_END,1516222434955,58
321,PLAYER_SLEEPBEFORE_START,1516222434956,59
321,PLAYER_SLEEPBEFORE_END,1516222437283,59
321,WS_SEND_START,1516222437283,59
321,WS_SEND_END,1516222437283,59
321,WS_RECV_START,1516222437283,60
321,WS_RECV_END,1516222439237,60
321,PLAYER_SLEEPBEFORE_START,1516222439237,61
321,PLAYER_SLEEPBEFORE_END,1516222442828,61
321,WS_SEND_START,1516222442828,61
321,WS_SEND_END,1516222442828,61
321,WS_RECV_START,1516222442828,62
321,WS_RECV_END,1516222444675,62
321,PLAYER_SLEEPBEFORE_START,1516222444675,63
321,PLAYER_SLEEPBEFORE_END,1516222463937,63
321,WS_SEND_START,1516222463937,63
321,WS_SEND_END,1516222463937,63
321,WS_RECV_START,1516222463937,64
321,WS_RECV_END,1516222465985,64
321,PLAYER_SLEEPBEFORE_START,1516222465985,65
321,PLAYER_SLEEPBEFORE_END,1516222492802,65
321,WS_SEND_START,1516222492802,65
321,WS_SEND_END,1516222492802,65
321,WS_RECV_START,1516222492802,66
321,WS_RECV_END,1516222495308,66
321,PLAYER_SLEEPBEFORE_START,1516222495308,67
321,PLAYER_SLEEPBEFORE_END,1516222496815,67
321,WS_SEND_START,1516222496815,67
321,WS_SEND_END,1516222496815,67
321,WS_RECV_START,1516222496815,68
321,WS_RECV_END,1516222500046,68
321,PLAYER_SLEEPBEFORE_START,1516222500046,69
321,PLAYER_SLEEPBEFORE_END,1516222522044,69
321,WS_SEND_START,1516222522044,69
321,WS_SEND_END,1516222522044,69
321,WS_RECV_START,1516222522044,70
321,WS_RECV_END,1516222524992,70
321,PLAYER_SLEEPBEFORE_START,1516222524992,71
321,PLAYER_SLEEPBEFORE_END,1516222549767,71
321,WS_SEND_START,1516222549767,71
321,WS_SEND_END,1516222549767,71
321,PLAYER_SLEEPBEFORE_START,1516222549767,72
321,PLAYER_SLEEPBEFORE_END,1516222552374,72
321,WS_SEND_START,1516222552374,72
321,WS_SEND_END,1516222552374,72
321,WS_RECV_START,1516222552374,73
321,WS_RECV_END,1516222554055,73
321,PLAYER_SLEEPBEFORE_START,1516222554055,74
321,PLAYER_SLEEPBEFORE_END,1516222554064,74
321,WS_SEND_START,1516222554064,74
321,WS_SEND_END,1516222554064,74
321,WS_RECV_START,1516222554064,75
321,WS_RECV_END,1516222556140,75
321,PLAYER_SLEEPBEFORE_START,1516222556140,76
321,PLAYER_SLEEPBEFORE_END,1516222557647,76
321,WS_SEND_START,1516222557647,76
321,WS_SEND_END,1516222557647,76
321,WS_RECV_START,1516222557647,77
321,WS_RECV_END,1516222559329,77
321,PLAYER_SLEEPBEFORE_START,1516222559329,78
321,PLAYER_SLEEPBEFORE_END,1516222560197,78
321,WS_SEND_START,1516222560197,78
321,WS_SEND_END,1516222560197,78
321,WS_RECV_START,1516222560197,79
321,WS_RECV_END,1516222563679,79
321,PLAYER_SLEEPBEFORE_START,1516222563679,80
321,PLAYER_SLEEPBEFORE_END,1516222571346,80
321,WS_SEND_START,1516222571346,80
321,WS_SEND_END,1516222571346,80
321,WS_RECV_START,1516222571346,81
321,WS_RECV_END,1516222576139,81
321,PLAYER_SLEEPBEFORE_START,1516222576139,82
321,PLAYER_SLEEPBEFORE_END,1516222577241,82
321,WS_SEND_START,1516222577241,82
321,WS_SEND_END,1516222577241,82
321,WS_RECV_START,1516222577241,83
321,WS_RECV_END,1516222579475,83
321,PLAYER_SLEEPBEFORE_START,1516222579475,84
321,PLAYER_SLEEPBEFORE_END,1516222580422,84
321,WS_SEND_START,1516222580422,84
321,WS_SEND_END,1516222580422,84
321,WS_RECV_START,1516222580422,85
321,WS_RECV_END,1516222584376,85
321,PLAYER_SLEEPBEFORE_START,1516222584376,86
321,PLAYER_SLEEPBEFORE_END,1516222588549,86
321,WS_SEND_START,1516222588549,86
321,WS_SEND_END,1516222588549,86
321,WS_RECV_START,1516222588549,87
321,WS_RECV_END,1516222593556,87
321,PLAYER_SLEEPBEFORE_START,1516222593556,88
321,PLAYER_SLEEPBEFORE_END,1516222593564,88
321,WS_SEND_START,1516222593564,88
321,WS_SEND_END,1516222593564,88
321,WS_RECV_START,1516222593564,89
321,WS_RECV_END,1516222597482,89
321,PLAYER_SLEEPBEFORE_START,1516222597482,90
321,PLAYER_SLEEPBEFORE_END,1516222624679,90
321,REQ_START,1516222624679,90
321,REQ_END,1516222624687,90
321,PLAYER_SLEEPBEFORE_START,1516222624687,91
321,PLAYER_SLEEPBEFORE_END,1516222632576,91
321,WS_SEND_START,1516222632576,91
321,WS_SEND_END,1516222632576,91
321,WS_RECV_START,1516222632576,92
321,WS_RECV_END,1516222640393,92
321,PLAYER_SLEEPBEFORE_START,1516222640393,93
321,PLAYER_SLEEPBEFORE_END,1516222640408,93
321,WS_SEND_START,1516222640408,93
321,WS_SEND_END,1516222640408,93
321,WS_RECV_START,1516222640408,94
321,WS_RECV_END,1516222644531,94
321,PLAYER_SLEEPBEFORE_START,1516222644531,95
321,PLAYER_SLEEPBEFORE_END,1516222668086,95
321,WS_SEND_START,1516222668086,95
321,WS_SEND_END,1516222668086,95
321,WS_RECV_START,1516222668086,96
321,WS_RECV_END,1516222675115,96
321,PLAYER_SLEEPBEFORE_START,1516222675115,97
321,PLAYER_SLEEPBEFORE_END,1516222697555,97
321,WS_SEND_START,1516222697555,97
321,WS_SEND_END,1516222697555,97
321,WS_RECV_START,1516222697555,98
321,WS_RECV_END,1516222706272,98
321,PLAYER_SLEEPBEFORE_START,1516222706272,99
321,PLAYER_SLEEPBEFORE_END,1516222706293,99
321,WS_SEND_START,1516222706293,99
321,WS_SEND_END,1516222706293,99
321,WS_RECV_START,1516222706293,100
321,WS_RECV_END,1516222711780,100
321,PLAYER_SLEEPBEFORE_START,1516222711780,101
321,PLAYER_SLEEPBEFORE_END,1516222735339,101
321,WS_SEND_START,1516222735339,101
321,WS_SEND_END,1516222735339,101
321,WS_RECV_START,1516222735339,102
321,WS_RECV_END,1516222743986,102
321,PLAYER_SLEEPBEFORE_START,1516222743986,103
321,PLAYER_SLEEPBEFORE_END,1516222767611,103
321,WS_SEND_START,1516222767611,103
321,WS_SEND_END,1516222767611,103
321,WS_RECV_START,1516222767611,104
321,WS_RECV_END,1516222775951,104
321,PLAYER_SLEEPBEFORE_START,1516222775951,105
321,PLAYER_SLEEPBEFORE_END,1516222801328,105
321,WS_SEND_START,1516222801328,105
321,WS_SEND_END,1516222801328,105
321,WS_RECV_START,1516222801328,106
321,WS_RECV_END,1516222810848,106
321,PLAYER_SLEEPBEFORE_START,1516222810848,107
321,PLAYER_SLEEPBEFORE_END,1516222834271,107
321,WS_SEND_START,1516222834271,107
321,WS_SEND_END,1516222834271,107
321,WS_RECV_START,1516222834271,108
321,WS_RECV_END,1516222842006,108
321,PLAYER_SLEEPBEFORE_START,1516222842006,109
321,PLAYER_SLEEPBEFORE_END,1516222842015,109
321,WS_SEND_START,1516222842015,109
321,WS_SEND_END,1516222842015,109
321,WS_RECV_START,1516222842015,110
321,WS_RECV_END,1516222845949,110
321,PLAYER_SLEEPBEFORE_START,1516222845949,111
321,PLAYER_SLEEPBEFORE_END,1516222846908,111
321,WS_SEND_START,1516222846908,111
321,WS_SEND_END,1516222846908,111
321,WS_RECV_START,1516222846908,112
321,WS_RECV_END,1516222852564,112
321,PLAYER_SLEEPBEFORE_START,1516222852564,113
321,PLAYER_SLEEPBEFORE_END,1516222853126,113
321,WS_SEND_START,1516222853126,113
321,WS_SEND_END,1516222853126,113
321,WS_RECV_START,1516222853126,114
321,WS_RECV_END,1516222858248,114
321,PLAYER_SLEEPBEFORE_START,1516222858248,115
321,PLAYER_SLEEPBEFORE_END,1516222858257,115
321,WS_SEND_START,1516222858257,115
321,WS_SEND_END,1516222858257,115
321,WS_RECV_START,1516222858257,116
321,WS_RECV_END,1516222864966,116
321,PLAYER_SLEEPBEFORE_START,1516222864966,117
321,PLAYER_SLEEPBEFORE_END,1516222885326,117
321,WS_SEND_START,1516222885326,117
321,WS_SEND_END,1516222885326,117
321,PLAYER_SLEEPBEFORE_START,1516222885326,118
321,PLAYER_SLEEPBEFORE_END,1516222889078,118
321,WS_SEND_START,1516222889078,118
321,WS_SEND_END,1516222889078,118
321,WS_RECV_START,1516222889078,119
321,WS_RECV_END,1516222894884,119
321,PLAYER_SLEEPBEFORE_START,1516222894884,120
321,PLAYER_SLEEPBEFORE_END,1516222895872,120
321,WS_SEND_START,1516222895872,120
321,WS_SEND_END,1516222895872,120
321,WS_RECV_START,1516222895872,121
321,WS_RECV_END,1516222907255,121
321,PLAYER_SLEEPBEFORE_START,1516222907255,122
321,PLAYER_SLEEPBEFORE_END,1516222908440,122
321,WS_SEND_START,1516222908440,122
321,WS_SEND_END,1516222908440,122
321,WS_RECV_START,1516222908440,123
321,WS_RECV_END,1516222913150,123
321,PLAYER_SLEEPBEFORE_START,1516222913150,124
321,PLAYER_SLEEPBEFORE_END,1516222937555,124
321,WS_SEND_START,1516222937555,124
321,WS_SEND_END,1516222937555,124
321,WS_RECV_START,1516222937555,125
321,WS_RECV_END,1516222946139,125
321,PLAYER_SLEEPBEFORE_START,1516222946140,126
321,PLAYER_SLEEPBEFORE_END,1516222966652,126
321,WS_SEND_START,1516222966652,126
321,WS_SEND_END,1516222966652,126
321,PLAYER_SLEEPBEFORE_START,1516222966652,127
321,PLAYER_SLEEPBEFORE_END,1516222969706,127
321,WS_SEND_START,1516222969706,127
321,WS_SEND_END,1516222969706,127
321,WS_RECV_START,1516222969706,128
321,WS_RECV_END,1516222973856,128
321,PLAYER_SLEEPBEFORE_START,1516222973856,129
321,PLAYER_SLEEPBEFORE_END,1516222973876,129
321,WS_SEND_START,1516222973876,129
321,WS_SEND_END,1516222973876,129
321,WS_RECV_START,1516222973876,130
321,WS_RECV_END,1516222977071,130
321,PLAYER_SLEEPBEFORE_START,1516222977071,131
321,PLAYER_SLEEPBEFORE_END,1516222998695,131
321,WS_SEND_START,1516222998695,131
321,WS_SEND_END,1516222998695,131
321,PLAYER_SLEEPBEFORE_START,1516222998695,132
321,PLAYER_SLEEPBEFORE_END,1516223001775,132
321,WS_SEND_START,1516223001775,132
321,WS_SEND_END,1516223001775,132
321,WS_RECV_START,1516223001775,133
321,WS_RECV_END,1516223010093,133
321,PLAYER_SLEEPBEFORE_START,1516223010093,134
321,PLAYER_SLEEPBEFORE_END,1516223031310,134
321,WS_SEND_START,1516223031310,134
321,WS_SEND_END,1516223031310,134
321,PLAYER_SLEEPBEFORE_START,1516223031310,135
321,PLAYER_SLEEPBEFORE_END,1516223034500,135
321,WS_SEND_START,1516223034500,135
321,WS_SEND_END,1516223034500,135
321,WS_RECV_START,1516223034500,136
321,WS_RECV_END,1516223043135,136
321,PLAYER_SLEEPBEFORE_START,1516223043135,137
321,PLAYER_SLEEPBEFORE_END,1516223043142,137
321,WS_SEND_START,1516223043142,137
321,WS_SEND_END,1516223043142,137
321,WS_RECV_START,1516223043142,138
321,WS_RECV_END,1516223047581,138
321,PLAYER_SLEEPBEFORE_START,1516223047581,139
321,PLAYER_SLEEPBEFORE_END,1516223048271,139
321,WS_SEND_START,1516223048271,139
321,WS_SEND_END,1516223048271,139
321,WS_RECV_START,1516223048271,140
321,WS_RECV_END,1516223053690,140
321,PLAYER_SLEEPBEFORE_START,1516223053690,141
321,PLAYER_SLEEPBEFORE_END,1516223054345,141
321,WS_SEND_START,1516223054345,141
321,WS_SEND_END,1516223054345,141
321,WS_RECV_START,1516223054345,142
321,WS_RECV_END,1516223059351,142
321,PLAYER_SLEEPBEFORE_START,1516223059351,143
321,PLAYER_SLEEPBEFORE_END,1516223059408,143
321,WS_SEND_START,1516223059408,143
321,WS_SEND_END,1516223059408,143
321,WS_RECV_START,1516223059408,144
321,WS_RECV_END,1516223064319,144
321,PLAYER_SLEEPBEFORE_START,1516223064319,145
321,PLAYER_SLEEPBEFORE_END,1516223080381,145
321,REQ_START,1516223080381,145
321,REQ_END,1516223080390,145
321,PLAYER_SLEEPBEFORE_START,1516223080390,146
321,PLAYER_SLEEPBEFORE_END,1516223089267,146
321,WS_SEND_START,1516223089267,146
321,WS_SEND_END,1516223089267,146
321,WS_RECV_START,1516223089267,147
321,WS_RECV_END,1516223099464,147
321,PLAYER_SLEEPBEFORE_START,1516223099464,148
321,PLAYER_SLEEPBEFORE_END,1516223121386,148
321,WS_SEND_START,1516223121386,148
321,WS_SEND_END,1516223121386,148
321,PLAYER_SLEEPBEFORE_START,1516223121386,149
321,PLAYER_SLEEPBEFORE_END,1516223123814,149
321,WS_SEND_START,1516223123814,149
321,WS_SEND_END,1516223123814,149
321,WS_RECV_START,1516223123814,150
321,WS_RECV_END,1516223129048,150
321,PLAYER_SLEEPBEFORE_START,1516223129048,151
321,PLAYER_SLEEPBEFORE_END,1516223129258,151
321,WS_SEND_START,1516223129258,151
321,WS_SEND_END,1516223129258,151
321,WS_RECV_START,1516223129258,152
321,WS_RECV_END,1516223131672,152
321,PLAYER_SLEEPBEFORE_START,1516223131672,153
321,PLAYER_SLEEPBEFORE_END,1516223155601,153
321,WS_SEND_START,1516223155601,153
321,WS_SEND_END,1516223155601,153
321,WS_RECV_START,1516223155601,154
321,WS_RECV_END,1516223166875,154
321,PLAYER_SLEEPBEFORE_START,1516223166875,155
321,PLAYER_SLEEPBEFORE_END,1516223189433,155
321,WS_SEND_START,1516223189433,155
321,WS_SEND_END,1516223189433,155
321,PLAYER_SLEEPBEFORE_START,1516223189433,156
321,PLAYER_SLEEPBEFORE_END,1516223192707,156
321,WS_SEND_START,1516223192707,156
321,WS_SEND_END,1516223192707,156
321,WS_RECV_START,1516223192707,157
321,WS_RECV_END,1516223200883,157
321,PLAYER_SLEEPBEFORE_START,1516223200883,158
321,PLAYER_SLEEPBEFORE_END,1516223200893,158
321,WS_SEND_START,1516223200893,158
321,WS_SEND_END,1516223200893,158
321,WS_RECV_START,1516223200893,159
321,WS_RECV_END,1516223207553,159
321,PLAYER_SLEEPBEFORE_START,1516223207553,160
321,PLAYER_SLEEPBEFORE_END,1516223207729,160
321,WS_SEND_START,1516223207729,160
321,WS_SEND_END,1516223207729,160
321,WS_RECV_START,1516223207729,161
321,WS_RECV_END,1516223215516,161
321,PLAYER_SLEEPBEFORE_START,1516223215516,162
321,PLAYER_SLEEPBEFORE_END,1516223215541,162
321,WS_SEND_START,1516223215541,162
321,WS_SEND_END,1516223215541,162
321,WS_RECV_START,1516223215541,163
321,WS_RECV_END,1516223222664,163
321,PLAYER_SLEEPBEFORE_START,1516223222664,164
321,PLAYER_SLEEPBEFORE_END,1516223243476,164
321,WS_SEND_START,1516223243476,164
321,WS_SEND_END,1516223243476,164
321,WS_RECV_START,1516223243476,165
321,WS_RECV_END,1516223256400,165
321,PLAYER_SLEEPBEFORE_START,1516223256400,166
321,PLAYER_SLEEPBEFORE_END,1516223278855,166
321,WS_SEND_START,1516223278855,166
321,WS_SEND_END,1516223278855,166
321,WS_RECV_START,1516223278855,167
321,WS_RECV_END,1516223289239,167
321,PLAYER_SLEEPBEFORE_START,1516223289239,168
321,PLAYER_SLEEPBEFORE_END,1516223316596,168
321,WS_SEND_START,1516223316596,168
321,WS_SEND_END,1516223316596,168
321,WS_RECV_START,1516223316596,169
321,WS_RECV_END,1516223326348,169
321,PLAYER_SLEEPBEFORE_START,1516223326348,170
321,PLAYER_SLEEPBEFORE_END,1516223326357,170
321,WS_SEND_START,1516223326357,170
321,WS_SEND_END,1516223326357,170
321,WS_RECV_START,1516223326357,171
321,WS_RECV_END,1516223331158,171
321,PLAYER_SLEEPBEFORE_START,1516223331158,172
321,PLAYER_SLEEPBEFORE_END,1516223331527,172
321,WS_SEND_START,1516223331527,172
321,WS_SEND_END,1516223331527,172
321,WS_RECV_START,1516223331527,173
321,WS_RECV_END,1516223339370,173
321,PLAYER_SLEEPBEFORE_START,1516223339370,174
321,PLAYER_SLEEPBEFORE_END,1516223339411,174
321,WS_SEND_START,1516223339411,174
321,WS_SEND_END,1516223339411,174
321,WS_RECV_START,1516223339411,175
321,WS_RECV_END,1516223348533,175
321,PLAYER_SLEEPBEFORE_START,1516223348533,176
321,PLAYER_SLEEPBEFORE_END,1516223370294,176
321,WS_SEND_START,1516223370294,176
321,WS_SEND_END,1516223370294,176
321,PLAYER_SLEEPBEFORE_START,1516223370294,177
321,PLAYER_SLEEPBEFORE_END,1516223372812,177
321,WS_SEND_START,1516223372812,177
321,WS_SEND_END,1516223372812,177
321,WS_RECV_START,1516223372812,178
321,WS_RECV_END,1516223382551,178
321,PLAYER_SLEEPBEFORE_START,1516223382551,179
321,PLAYER_SLEEPBEFORE_END,1516223404891,179
321,WS_SEND_START,1516223404891,179
321,WS_SEND_END,1516223404891,179
321,WS_RECV_START,1516223404891,180
321,WS_RECV_END,1516223413481,180
321,PLAYER_SLEEPBEFORE_START,1516223413481,181
321,PLAYER_SLEEPBEFORE_END,1516223413932,181
321,WS_SEND_START,1516223413932,181
321,WS_SEND_END,1516223413932,181
321,WS_RECV_START,1516223413932,182
321,WS_RECV_END,1516223428566,182
321,PLAYER_SLEEPBEFORE_START,1516223428566,183
321,PLAYER_SLEEPBEFORE_END,1516223429089,183
321,WS_SEND_START,1516223429089,183
321,WS_SEND_END,1516223429089,183
321,WS_RECV_START,1516223429089,184
321,WS_RECV_END,1516223436436,184
321,PLAYER_SLEEPBEFORE_START,1516223436436,185
321,PLAYER_SLEEPBEFORE_END,1516223436704,185
321,WS_SEND_START,1516223436704,185
321,WS_SEND_END,1516223436704,185
321,WS_RECV_START,1516223436704,186
321,WS_RECV_END,1516223442977,186
321,PLAYER_SLEEPBEFORE_START,1516223442977,187
321,PLAYER_SLEEPBEFORE_END,1516223465477,187
321,WS_SEND_START,1516223465477,187
321,WS_SEND_END,1516223465477,187
321,WS_RECV_START,1516223465477,188
321,WS_RECV_END,1516223474139,188
321,PLAYER_SLEEPBEFORE_START,1516223474139,189
321,PLAYER_SLEEPBEFORE_END,1516223480378,189
321,WS_SEND_START,1516223480378,189
321,WS_SEND_END,1516223480378,189
321,WS_RECV_START,1516223480378,190
321,WS_RECV_END,1516223487862,190
321,PLAYER_SLEEPBEFORE_START,1516223487862,191
321,PLAYER_SLEEPBEFORE_END,1516223489777,191
321,WS_SEND_START,1516223489777,191
321,WS_SEND_END,1516223489777,191
321,WS_RECV_START,1516223489777,192
321,WS_RECV_END,1516223499153,192
321,PLAYER_SLEEPBEFORE_START,1516223499153,193
321,PLAYER_SLEEPBEFORE_END,1516223499282,193
321,WS_SEND_START,1516223499282,193
321,WS_SEND_END,1516223499282,193
321,WS_RECV_START,1516223499282,194
321,WS_RECV_END,1516223503563,194
321,PLAYER_SLEEPBEFORE_START,1516223503563,195
321,PLAYER_SLEEPBEFORE_END,1516223505318,195
321,WS_SEND_START,1516223505318,195
321,WS_SEND_END,1516223505318,195
321,WS_RECV_START,1516223505318,196
321,WS_RECV_END,1516223508686,196
321,PLAYER_SLEEPBEFORE_START,1516223508686,197
321,PLAYER_SLEEPBEFORE_END,1516223510490,197
321,WS_SEND_START,1516223510490,197
321,WS_SEND_END,1516223510490,197
321,WS_RECV_START,1516223510490,198
321,WS_RECV_END,1516223513440,198
321,PLAYER_SLEEPBEFORE_START,1516223513440,199
321,PLAYER_SLEEPBEFORE_END,1516223525294,199
321,WS_SEND_START,1516223525294,199
321,WS_SEND_END,1516223525294,199
321,PLAYER_SLEEPBEFORE_START,1516223525294,200
321,PLAYER_SLEEPBEFORE_END,1516223529382,200
321,WS_SEND_START,1516223529382,200
321,WS_SEND_END,1516223529382,200
321,WS_RECV_START,1516223529382,201
321,WS_RECV_END,1516223529944,201
321,PLAYER_SLEEPBEFORE_START,1516223529944,202
321,PLAYER_SLEEPBEFORE_END,1516223529958,202
321,WS_SEND_START,1516223529958,202
321,WS_SEND_END,1516223529958,202
321,WS_RECV_START,1516223529958,203
321,WS_RECV_END,1516223532103,203
321,PLAYER_SLEEPBEFORE_START,1516223532103,204
321,PLAYER_SLEEPBEFORE_END,1516223551752,204
321,WS_SEND_START,1516223551752,204
321,WS_SEND_END,1516223551752,204
321,PLAYER_SLEEPBEFORE_START,1516223551752,205
321,PLAYER_SLEEPBEFORE_END,1516223555650,205
321,WS_SEND_START,1516223555650,205
321,WS_SEND_END,1516223555650,205
321,WS_RECV_START,1516223555650,206
321,WS_RECV_END,1516223556706,206
321,PLAYER_SLEEPBEFORE_START,1516223556706,207
321,PLAYER_SLEEPBEFORE_END,1516223573637,207
321,REQ_START,1516223573637,207
321,REQ_END,1516223573646,207
321,PLAYER_SLEEPBEFORE_START,1516223573646,208
321,PLAYER_SLEEPBEFORE_END,1516223580498,208
321,WS_CLOSE_START,1516223580498,208
321,WS_CLOSE_END,1516223580498,208
321,PLAYER_DONE,1516223580498
