# --sessions 720 --app-url=http://shinyloadtest.rstudioservices.com/cran_explorer --output-dir test720 --overwrite-output --log-level warn --start-interval 500 15min.log
thread_id,event,timestamp,input_line_number,comment
494,PLAYER_SESSION_CREATE,1516222120234
494,PLAYER_START_INTERVAL_START,1516222120234
494,PLAYER_START_INTERVAL_END,1516222367234
494,REQ_HOME_START,1516222367234,2
494,REQ_HOME_END,1516222367333,2
494,REQ_START,1516222367333,3
494,REQ_END,1516222367369,3
494,REQ_START,1516222367369,4
494,REQ_END,1516222367454,4
494,REQ_START,1516222367454,5
494,REQ_END,1516222367525,5
494,REQ_START,1516222367525,6
494,REQ_END,1516222367562,6
494,REQ_START,1516222367562,7
494,REQ_END,1516222367596,7
494,REQ_START,1516222367596,8
494,REQ_END,1516222367642,8
494,REQ_START,1516222367642,9
494,REQ_END,1516222367680,9
494,REQ_START,1516222367680,10
494,REQ_END,1516222367688,10
494,REQ_START,1516222367688,11
494,REQ_END,1516222367723,11
494,REQ_START,1516222367723,12
494,REQ_END,1516222367732,12
494,REQ_START,1516222367733,13
494,REQ_END,1516222367765,13
494,REQ_START,1516222367765,14
494,REQ_END,1516222367780,14
494,REQ_START,1516222367780,15
494,REQ_END,1516222367815,15
494,REQ_TOK_START,1516222367815,16
494,REQ_TOK_END,1516222367822,16
494,REQ_SINF_START,1516222367822,17
494,REQ_SINF_END,1516222367828,17
494,WS_OPEN_START,1516222367828,18
494,WS_OPEN_END,1516222367835,18
494,REQ_START,1516222367835,19
494,REQ_END,1516222368064,19
494,WS_RECV_START,1516222368064,20
494,WS_RECV_END,1516222368064,20
494,PLAYER_SLEEPBEFORE_START,1516222368064,21
494,PLAYER_SLEEPBEFORE_END,1516222368069,21
494,WS_SEND_START,1516222368069,21
494,WS_SEND_END,1516222368069,21
494,PLAYER_SLEEPBEFORE_START,1516222368069,22
494,PLAYER_SLEEPBEFORE_END,1516222368071,22
494,WS_SEND_START,1516222368071,22
494,WS_SEND_END,1516222368071,22
494,WS_RECV_INIT_START,1516222368071,23
494,WS_RECV_INIT_END,1516222368615,23
494,WS_RECV_START,1516222368615,24
494,WS_RECV_END,1516222368711,24
494,PLAYER_SLEEPBEFORE_START,1516222368711,25
494,PLAYER_SLEEPBEFORE_END,1516222368724,25
494,REQ_START,1516222368724,25
494,REQ_END,1516222368793,25
494,PLAYER_SLEEPBEFORE_START,1516222368793,26
494,PLAYER_SLEEPBEFORE_END,1516222368794,26
494,REQ_START,1516222368794,26
494,REQ_END,1516222368830,26
494,PLAYER_SLEEPBEFORE_START,1516222368830,27
494,PLAYER_SLEEPBEFORE_END,1516222368833,27
494,REQ_START,1516222368833,27
494,REQ_END,1516222369009,27
494,PLAYER_SLEEPBEFORE_START,1516222369009,28
494,PLAYER_SLEEPBEFORE_END,1516222369294,28
494,REQ_START,1516222369294,28
494,REQ_END,1516222369329,28
494,PLAYER_SLEEPBEFORE_START,1516222369329,29
494,PLAYER_SLEEPBEFORE_END,1516222369504,29
494,WS_SEND_START,1516222369504,29
494,WS_SEND_END,1516222369504,29
494,WS_RECV_START,1516222369504,30
494,WS_RECV_END,1516222370076,30
494,PLAYER_SLEEPBEFORE_START,1516222370076,31
494,PLAYER_SLEEPBEFORE_END,1516222370087,31
494,REQ_START,1516222370087,31
494,REQ_END,1516222370454,31
494,PLAYER_SLEEPBEFORE_START,1516222370454,32
494,PLAYER_SLEEPBEFORE_END,1516222398599,32
494,WS_SEND_START,1516222398599,32
494,WS_SEND_END,1516222398599,32
494,WS_RECV_START,1516222398599,33
494,WS_RECV_END,1516222399069,33
494,PLAYER_SLEEPBEFORE_START,1516222399069,34
494,PLAYER_SLEEPBEFORE_END,1516222424980,34
494,WS_SEND_START,1516222424980,34
494,WS_SEND_END,1516222424980,34
494,WS_RECV_START,1516222424980,35
494,WS_RECV_END,1516222426238,35
494,PLAYER_SLEEPBEFORE_START,1516222426238,36
494,PLAYER_SLEEPBEFORE_END,1516222426247,36
494,WS_SEND_START,1516222426247,36
494,WS_SEND_END,1516222426247,36
494,WS_RECV_START,1516222426247,37
494,WS_RECV_END,1516222426648,37
494,PLAYER_SLEEPBEFORE_START,1516222426648,38
494,PLAYER_SLEEPBEFORE_END,1516222429843,38
494,WS_SEND_START,1516222429843,38
494,WS_SEND_END,1516222429843,38
494,WS_RECV_START,1516222429843,39
494,WS_RECV_END,1516222431279,39
494,PLAYER_SLEEPBEFORE_START,1516222431279,40
494,PLAYER_SLEEPBEFORE_END,1516222431325,40
494,WS_SEND_START,1516222431325,40
494,WS_SEND_END,1516222431325,40
494,WS_RECV_START,1516222431325,41
494,WS_RECV_END,1516222431817,41
494,PLAYER_SLEEPBEFORE_START,1516222431817,42
494,PLAYER_SLEEPBEFORE_END,1516222449952,42
494,WS_SEND_START,1516222449952,42
494,WS_SEND_END,1516222449952,42
494,WS_RECV_START,1516222449952,43
494,WS_RECV_END,1516222451353,43
494,PLAYER_SLEEPBEFORE_START,1516222451353,44
494,PLAYER_SLEEPBEFORE_END,1516222451366,44
494,WS_SEND_START,1516222451366,44
494,WS_SEND_END,1516222451366,44
494,WS_RECV_START,1516222451366,45
494,WS_RECV_END,1516222452151,45
494,PLAYER_SLEEPBEFORE_START,1516222452151,46
494,PLAYER_SLEEPBEFORE_END,1516222453411,46
494,WS_SEND_START,1516222453411,46
494,WS_SEND_END,1516222453411,46
494,WS_RECV_START,1516222453411,47
494,WS_RECV_END,1516222454708,47
494,PLAYER_SLEEPBEFORE_START,1516222454708,48
494,PLAYER_SLEEPBEFORE_END,1516222456028,48
494,WS_SEND_START,1516222456028,48
494,WS_SEND_END,1516222456028,48
494,WS_RECV_START,1516222456028,49
494,WS_RECV_END,1516222457244,49
494,PLAYER_SLEEPBEFORE_START,1516222457244,50
494,PLAYER_SLEEPBEFORE_END,1516222457268,50
494,WS_SEND_START,1516222457268,50
494,WS_SEND_END,1516222457268,50
494,WS_RECV_START,1516222457268,51
494,WS_RECV_END,1516222458443,51
494,PLAYER_SLEEPBEFORE_START,1516222458443,52
494,PLAYER_SLEEPBEFORE_END,1516222481007,52
494,WS_SEND_START,1516222481007,52
494,WS_SEND_END,1516222481007,52
494,WS_RECV_START,1516222481007,53
494,WS_RECV_END,1516222483053,53
494,PLAYER_SLEEPBEFORE_START,1516222483053,54
494,PLAYER_SLEEPBEFORE_END,1516222504357,54
494,WS_SEND_START,1516222504357,54
494,WS_SEND_END,1516222504357,54
494,PLAYER_SLEEPBEFORE_START,1516222504357,55
494,PLAYER_SLEEPBEFORE_END,1516222506298,55
494,WS_SEND_START,1516222506298,55
494,WS_SEND_END,1516222506298,55
494,WS_RECV_START,1516222506298,56
494,WS_RECV_END,1516222507592,56
494,PLAYER_SLEEPBEFORE_START,1516222507592,57
494,PLAYER_SLEEPBEFORE_END,1516222530464,57
494,WS_SEND_START,1516222530464,57
494,WS_SEND_END,1516222530464,57
494,WS_RECV_START,1516222530464,58
494,WS_RECV_END,1516222533987,58
494,PLAYER_SLEEPBEFORE_START,1516222533987,59
494,PLAYER_SLEEPBEFORE_END,1516222536314,59
494,WS_SEND_START,1516222536314,59
494,WS_SEND_END,1516222536314,59
494,WS_RECV_START,1516222536314,60
494,WS_RECV_END,1516222540889,60
494,PLAYER_SLEEPBEFORE_START,1516222540889,61
494,PLAYER_SLEEPBEFORE_END,1516222544480,61
494,WS_SEND_START,1516222544480,61
494,WS_SEND_END,1516222544480,61
494,WS_RECV_START,1516222544480,62
494,WS_RECV_END,1516222548522,62
494,PLAYER_SLEEPBEFORE_START,1516222548522,63
494,PLAYER_SLEEPBEFORE_END,1516222567784,63
494,WS_SEND_START,1516222567784,63
494,WS_SEND_END,1516222567784,63
494,WS_RECV_START,1516222567784,64
494,WS_RECV_END,1516222572282,64
494,PLAYER_SLEEPBEFORE_START,1516222572282,65
494,PLAYER_SLEEPBEFORE_END,1516222599104,65
494,WS_SEND_START,1516222599104,65
494,WS_SEND_END,1516222599104,65
494,WS_RECV_START,1516222599104,66
494,WS_RECV_END,1516222604245,66
494,PLAYER_SLEEPBEFORE_START,1516222604245,67
494,PLAYER_SLEEPBEFORE_END,1516222605752,67
494,WS_SEND_START,1516222605752,67
494,WS_SEND_END,1516222605752,67
494,WS_RECV_START,1516222605752,68
494,WS_RECV_END,1516222607429,68
494,PLAYER_SLEEPBEFORE_START,1516222607429,69
494,PLAYER_SLEEPBEFORE_END,1516222629427,69
494,WS_SEND_START,1516222629427,69
494,WS_SEND_END,1516222629427,69
494,WS_RECV_START,1516222629427,70
494,WS_RECV_END,1516222635923,70
494,PLAYER_SLEEPBEFORE_START,1516222635923,71
494,PLAYER_SLEEPBEFORE_END,1516222660699,71
494,WS_SEND_START,1516222660699,71
494,WS_SEND_END,1516222660699,71
494,PLAYER_SLEEPBEFORE_START,1516222660699,72
494,PLAYER_SLEEPBEFORE_END,1516222663306,72
494,WS_SEND_START,1516222663306,72
494,WS_SEND_END,1516222663306,72
494,WS_RECV_START,1516222663306,73
494,WS_RECV_END,1516222665741,73
494,PLAYER_SLEEPBEFORE_START,1516222665741,74
494,PLAYER_SLEEPBEFORE_END,1516222665750,74
494,WS_SEND_START,1516222665750,74
494,WS_SEND_END,1516222665750,74
494,WS_RECV_START,1516222665750,75
494,WS_RECV_END,1516222667208,75
494,PLAYER_SLEEPBEFORE_START,1516222667208,76
494,PLAYER_SLEEPBEFORE_END,1516222668714,76
494,WS_SEND_START,1516222668714,76
494,WS_SEND_END,1516222668715,76
494,WS_RECV_START,1516222668715,77
494,WS_RECV_END,1516222672901,77
494,PLAYER_SLEEPBEFORE_START,1516222672901,78
494,PLAYER_SLEEPBEFORE_END,1516222673769,78
494,WS_SEND_START,1516222673769,78
494,WS_SEND_END,1516222673769,78
494,WS_RECV_START,1516222673769,79
494,WS_RECV_END,1516222679870,79
494,PLAYER_SLEEPBEFORE_START,1516222679870,80
494,PLAYER_SLEEPBEFORE_END,1516222687536,80
494,WS_SEND_START,1516222687536,80
494,WS_SEND_END,1516222687536,80
494,WS_RECV_START,1516222687536,81
494,WS_RECV_END,1516222697263,81
494,PLAYER_SLEEPBEFORE_START,1516222697263,82
494,PLAYER_SLEEPBEFORE_END,1516222698365,82
494,WS_SEND_START,1516222698365,82
494,WS_SEND_END,1516222698365,82
494,WS_RECV_START,1516222698365,83
494,WS_RECV_END,1516222701965,83
494,PLAYER_SLEEPBEFORE_START,1516222701965,84
494,PLAYER_SLEEPBEFORE_END,1516222702912,84
494,WS_SEND_START,1516222702912,84
494,WS_SEND_END,1516222702912,84
494,WS_RECV_START,1516222702912,85
494,WS_RECV_END,1516222708021,85
494,PLAYER_SLEEPBEFORE_START,1516222708021,86
494,PLAYER_SLEEPBEFORE_END,1516222712193,86
494,WS_SEND_START,1516222712193,86
494,WS_SEND_END,1516222712193,86
494,WS_RECV_START,1516222712193,87
494,WS_RECV_END,1516222713804,87
494,PLAYER_SLEEPBEFORE_START,1516222713804,88
494,PLAYER_SLEEPBEFORE_END,1516222713812,88
494,WS_SEND_START,1516222713812,88
494,WS_SEND_END,1516222713812,88
494,WS_RECV_START,1516222713812,89
494,WS_RECV_END,1516222719513,89
494,PLAYER_SLEEPBEFORE_START,1516222719513,90
494,PLAYER_SLEEPBEFORE_END,1516222746711,90
494,REQ_START,1516222746711,90
494,REQ_END,1516222746718,90
494,PLAYER_SLEEPBEFORE_START,1516222746718,91
494,PLAYER_SLEEPBEFORE_END,1516222754607,91
494,WS_SEND_START,1516222754607,91
494,WS_SEND_END,1516222754607,91
494,WS_RECV_START,1516222754607,92
494,WS_RECV_END,1516222761708,92
494,PLAYER_SLEEPBEFORE_START,1516222761708,93
494,PLAYER_SLEEPBEFORE_END,1516222761723,93
494,WS_SEND_START,1516222761723,93
494,WS_SEND_END,1516222761723,93
494,WS_RECV_START,1516222761723,94
494,WS_RECV_END,1516222765603,94
494,PLAYER_SLEEPBEFORE_START,1516222765603,95
494,PLAYER_SLEEPBEFORE_END,1516222789159,95
494,WS_SEND_START,1516222789159,95
494,WS_SEND_END,1516222789159,95
494,WS_RECV_START,1516222789159,96
494,WS_RECV_END,1516222797442,96
494,PLAYER_SLEEPBEFORE_START,1516222797442,97
494,PLAYER_SLEEPBEFORE_END,1516222819882,97
494,WS_SEND_START,1516222819882,97
494,WS_SEND_END,1516222819882,97
494,WS_RECV_START,1516222819882,98
494,WS_RECV_END,1516222829510,98
494,PLAYER_SLEEPBEFORE_START,1516222829510,99
494,PLAYER_SLEEPBEFORE_END,1516222829531,99
494,WS_SEND_START,1516222829531,99
494,WS_SEND_END,1516222829531,99
494,WS_RECV_START,1516222829531,100
494,WS_RECV_END,1516222832547,100
494,PLAYER_SLEEPBEFORE_START,1516222832547,101
494,PLAYER_SLEEPBEFORE_END,1516222856107,101
494,WS_SEND_START,1516222856107,101
494,WS_SEND_END,1516222856107,101
494,WS_RECV_START,1516222856107,102
494,WS_RECV_END,1516222866083,102
494,PLAYER_SLEEPBEFORE_START,1516222866083,103
494,PLAYER_SLEEPBEFORE_END,1516222889708,103
494,WS_SEND_START,1516222889708,103
494,WS_SEND_END,1516222889708,103
494,WS_RECV_START,1516222889708,104
494,WS_RECV_END,1516222898719,104
494,PLAYER_SLEEPBEFORE_START,1516222898719,105
494,PLAYER_SLEEPBEFORE_END,1516222924096,105
494,WS_SEND_START,1516222924096,105
494,WS_SEND_END,1516222924096,105
494,WS_RECV_START,1516222924096,106
494,WS_RECV_END,1516222933965,106
494,PLAYER_SLEEPBEFORE_START,1516222933965,107
494,PLAYER_SLEEPBEFORE_END,1516222957388,107
494,WS_SEND_START,1516222957388,107
494,WS_SEND_END,1516222957388,107
494,WS_RECV_START,1516222957388,108
494,WS_RECV_END,1516222965692,108
494,PLAYER_SLEEPBEFORE_START,1516222965692,109
494,PLAYER_SLEEPBEFORE_END,1516222965701,109
494,WS_SEND_START,1516222965701,109
494,WS_SEND_END,1516222965701,109
494,WS_RECV_START,1516222965701,110
494,WS_RECV_END,1516222968521,110
494,PLAYER_SLEEPBEFORE_START,1516222968521,111
494,PLAYER_SLEEPBEFORE_END,1516222969480,111
494,WS_SEND_START,1516222969480,111
494,WS_SEND_END,1516222969480,111
494,WS_RECV_START,1516222969480,112
494,WS_RECV_END,1516222973527,112
494,PLAYER_SLEEPBEFORE_START,1516222973527,113
494,PLAYER_SLEEPBEFORE_END,1516222974089,113
494,WS_SEND_START,1516222974089,113
494,WS_SEND_END,1516222974090,113
494,WS_RECV_START,1516222974090,114
494,WS_RECV_END,1516222978531,114
494,PLAYER_SLEEPBEFORE_START,1516222978531,115
494,PLAYER_SLEEPBEFORE_END,1516222978540,115
494,WS_SEND_START,1516222978540,115
494,WS_SEND_END,1516222978540,115
494,WS_RECV_START,1516222978540,116
494,WS_RECV_END,1516222983375,116
494,PLAYER_SLEEPBEFORE_START,1516222983375,117
494,PLAYER_SLEEPBEFORE_END,1516223003735,117
494,WS_SEND_START,1516223003735,117
494,WS_SEND_END,1516223003735,117
494,PLAYER_SLEEPBEFORE_START,1516223003735,118
494,PLAYER_SLEEPBEFORE_END,1516223007488,118
494,WS_SEND_START,1516223007488,118
494,WS_SEND_END,1516223007488,118
494,WS_RECV_START,1516223007488,119
494,WS_RECV_END,1516223012451,119
494,PLAYER_SLEEPBEFORE_START,1516223012451,120
494,PLAYER_SLEEPBEFORE_END,1516223013440,120
494,WS_SEND_START,1516223013440,120
494,WS_SEND_END,1516223013440,120
494,WS_RECV_START,1516223013440,121
494,WS_RECV_END,1516223016676,121
494,PLAYER_SLEEPBEFORE_START,1516223016676,122
494,PLAYER_SLEEPBEFORE_END,1516223017861,122
494,WS_SEND_START,1516223017861,122
494,WS_SEND_END,1516223017861,122
494,WS_RECV_START,1516223017861,123
494,WS_RECV_END,1516223022083,123
494,PLAYER_SLEEPBEFORE_START,1516223022083,124
494,PLAYER_SLEEPBEFORE_END,1516223046488,124
494,WS_SEND_START,1516223046488,124
494,WS_SEND_END,1516223046488,124
494,WS_RECV_START,1516223046488,125
494,WS_RECV_END,1516223057642,125
494,PLAYER_SLEEPBEFORE_START,1516223057642,126
494,PLAYER_SLEEPBEFORE_END,1516223078155,126
494,WS_SEND_START,1516223078155,126
494,WS_SEND_END,1516223078155,126
494,PLAYER_SLEEPBEFORE_START,1516223078155,127
494,PLAYER_SLEEPBEFORE_END,1516223081209,127
494,WS_SEND_START,1516223081209,127
494,WS_SEND_END,1516223081209,127
494,WS_RECV_START,1516223081209,128
494,WS_RECV_END,1516223085089,128
494,PLAYER_SLEEPBEFORE_START,1516223085089,129
494,PLAYER_SLEEPBEFORE_END,1516223085109,129
494,WS_SEND_START,1516223085109,129
494,WS_SEND_END,1516223085109,129
494,WS_RECV_START,1516223085109,130
494,WS_RECV_END,1516223088221,130
494,PLAYER_SLEEPBEFORE_START,1516223088221,131
494,PLAYER_SLEEPBEFORE_END,1516223109845,131
494,WS_SEND_START,1516223109845,131
494,WS_SEND_END,1516223109845,131
494,PLAYER_SLEEPBEFORE_START,1516223109845,132
494,PLAYER_SLEEPBEFORE_END,1516223112927,132
494,WS_SEND_START,1516223112927,132
494,WS_SEND_END,1516223112927,132
494,WS_RECV_START,1516223112927,133
494,WS_RECV_END,1516223118689,133
494,PLAYER_SLEEPBEFORE_START,1516223118689,134
494,PLAYER_SLEEPBEFORE_END,1516223139907,134
494,WS_SEND_START,1516223139907,134
494,WS_SEND_END,1516223139907,134
494,PLAYER_SLEEPBEFORE_START,1516223139907,135
494,PLAYER_SLEEPBEFORE_END,1516223143097,135
494,WS_SEND_START,1516223143097,135
494,WS_SEND_END,1516223143097,135
494,WS_RECV_START,1516223143097,136
494,WS_RECV_END,1516223149564,136
494,PLAYER_SLEEPBEFORE_START,1516223149564,137
494,PLAYER_SLEEPBEFORE_END,1516223149571,137
494,WS_SEND_START,1516223149571,137
494,WS_SEND_END,1516223149571,137
494,WS_RECV_START,1516223149571,138
494,WS_RECV_END,1516223154345,138
494,PLAYER_SLEEPBEFORE_START,1516223154345,139
494,PLAYER_SLEEPBEFORE_END,1516223155035,139
494,WS_SEND_START,1516223155035,139
494,WS_SEND_END,1516223155035,139
494,WS_RECV_START,1516223155035,140
494,WS_RECV_END,1516223160515,140
494,PLAYER_SLEEPBEFORE_START,1516223160515,141
494,PLAYER_SLEEPBEFORE_END,1516223161170,141
494,WS_SEND_START,1516223161170,141
494,WS_SEND_END,1516223161170,141
494,WS_RECV_START,1516223161170,142
494,WS_RECV_END,1516223166907,142
494,PLAYER_SLEEPBEFORE_START,1516223166907,143
494,PLAYER_SLEEPBEFORE_END,1516223166965,143
494,WS_SEND_START,1516223166965,143
494,WS_SEND_END,1516223166965,143
494,WS_RECV_START,1516223166965,144
494,WS_RECV_END,1516223175331,144
494,PLAYER_SLEEPBEFORE_START,1516223175331,145
494,PLAYER_SLEEPBEFORE_END,1516223191394,145
494,REQ_START,1516223191394,145
494,REQ_END,1516223191402,145
494,PLAYER_SLEEPBEFORE_START,1516223191402,146
494,PLAYER_SLEEPBEFORE_END,1516223200279,146
494,WS_SEND_START,1516223200279,146
494,WS_SEND_END,1516223200279,146
494,WS_RECV_START,1516223200279,147
494,WS_RECV_END,1516223212048,147
494,PLAYER_SLEEPBEFORE_START,1516223212048,148
494,PLAYER_SLEEPBEFORE_END,1516223233970,148
494,WS_SEND_START,1516223233970,148
494,WS_SEND_END,1516223233970,148
494,PLAYER_SLEEPBEFORE_START,1516223233970,149
494,PLAYER_SLEEPBEFORE_END,1516223236398,149
494,WS_SEND_START,1516223236398,149
494,WS_SEND_END,1516223236398,149
494,WS_RECV_START,1516223236398,150
494,WS_RECV_END,1516223248930,150
494,PLAYER_SLEEPBEFORE_START,1516223248930,151
494,PLAYER_SLEEPBEFORE_END,1516223249140,151
494,WS_SEND_START,1516223249140,151
494,WS_SEND_END,1516223249140,151
494,WS_RECV_START,1516223249140,152
494,WS_RECV_END,1516223255678,152
494,PLAYER_SLEEPBEFORE_START,1516223255678,153
494,PLAYER_SLEEPBEFORE_END,1516223279605,153
494,WS_SEND_START,1516223279605,153
494,WS_SEND_END,1516223279605,153
494,WS_RECV_START,1516223279605,154
494,WS_RECV_END,1516223291585,154
494,PLAYER_SLEEPBEFORE_START,1516223291586,155
494,PLAYER_SLEEPBEFORE_END,1516223314144,155
494,WS_SEND_START,1516223314144,155
494,WS_SEND_END,1516223314144,155
494,PLAYER_SLEEPBEFORE_START,1516223314144,156
494,PLAYER_SLEEPBEFORE_END,1516223317418,156
494,WS_SEND_START,1516223317418,156
494,WS_SEND_END,1516223317418,156
494,WS_RECV_START,1516223317418,157
494,WS_RECV_END,1516223324630,157
494,PLAYER_SLEEPBEFORE_START,1516223324630,158
494,PLAYER_SLEEPBEFORE_END,1516223324640,158
494,WS_SEND_START,1516223324640,158
494,WS_SEND_END,1516223324640,158
494,WS_RECV_START,1516223324640,159
494,WS_RECV_END,1516223329721,159
494,PLAYER_SLEEPBEFORE_START,1516223329722,160
494,PLAYER_SLEEPBEFORE_END,1516223329897,160
494,WS_SEND_START,1516223329897,160
494,WS_SEND_END,1516223329897,160
494,WS_RECV_START,1516223329897,161
494,WS_RECV_END,1516223337769,161
494,PLAYER_SLEEPBEFORE_START,1516223337769,162
494,PLAYER_SLEEPBEFORE_END,1516223337794,162
494,WS_SEND_START,1516223337794,162
494,WS_SEND_END,1516223337794,162
494,WS_RECV_START,1516223337794,163
494,WS_RECV_END,1516223343674,163
494,PLAYER_SLEEPBEFORE_START,1516223343674,164
494,PLAYER_SLEEPBEFORE_END,1516223364486,164
494,WS_SEND_START,1516223364486,164
494,WS_SEND_END,1516223364486,164
494,WS_RECV_START,1516223364486,165
494,WS_RECV_END,1516223375043,165
494,PLAYER_SLEEPBEFORE_START,1516223375043,166
494,PLAYER_SLEEPBEFORE_END,1516223397498,166
494,WS_SEND_START,1516223397498,166
494,WS_SEND_END,1516223397498,166
494,WS_RECV_START,1516223397498,167
494,WS_RECV_END,1516223405890,167
494,PLAYER_SLEEPBEFORE_START,1516223405890,168
494,PLAYER_SLEEPBEFORE_END,1516223433247,168
494,WS_SEND_START,1516223433247,168
494,WS_SEND_END,1516223433247,168
494,WS_RECV_START,1516223433247,169
494,WS_RECV_END,1516223439137,169
494,PLAYER_SLEEPBEFORE_START,1516223439137,170
494,PLAYER_SLEEPBEFORE_END,1516223439146,170
494,WS_SEND_START,1516223439146,170
494,WS_SEND_END,1516223439146,170
494,WS_RECV_START,1516223439146,171
494,WS_RECV_END,1516223442174,171
494,PLAYER_SLEEPBEFORE_START,1516223442174,172
494,PLAYER_SLEEPBEFORE_END,1516223442543,172
494,WS_SEND_START,1516223442543,172
494,WS_SEND_END,1516223442543,172
494,WS_RECV_START,1516223442543,173
494,WS_RECV_END,1516223445350,173
494,PLAYER_SLEEPBEFORE_START,1516223445350,174
494,PLAYER_SLEEPBEFORE_END,1516223445391,174
494,WS_SEND_START,1516223445391,174
494,WS_SEND_END,1516223445391,174
494,WS_RECV_START,1516223445391,175
494,WS_RECV_END,1516223449709,175
494,PLAYER_SLEEPBEFORE_START,1516223449709,176
494,PLAYER_SLEEPBEFORE_END,1516223471470,176
494,WS_SEND_START,1516223471470,176
494,WS_SEND_END,1516223471470,176
494,PLAYER_SLEEPBEFORE_START,1516223471470,177
494,PLAYER_SLEEPBEFORE_END,1516223473988,177
494,WS_SEND_START,1516223473988,177
494,WS_SEND_END,1516223473989,177
494,WS_RECV_START,1516223473989,178
494,WS_RECV_END,1516223475803,178
494,PLAYER_SLEEPBEFORE_START,1516223475803,179
494,PLAYER_SLEEPBEFORE_END,1516223498143,179
494,WS_SEND_START,1516223498143,179
494,WS_SEND_END,1516223498143,179
494,WS_RECV_START,1516223498143,180
494,WS_RECV_END,1516223499935,180
494,PLAYER_SLEEPBEFORE_START,1516223499935,181
494,PLAYER_SLEEPBEFORE_END,1516223500380,181
494,WS_SEND_START,1516223500380,181
494,WS_SEND_END,1516223500380,181
494,WS_RECV_START,1516223500380,182
494,WS_RECV_END,1516223500804,182
494,PLAYER_SLEEPBEFORE_START,1516223500804,183
494,PLAYER_SLEEPBEFORE_END,1516223501327,183
494,WS_SEND_START,1516223501327,183
494,WS_SEND_END,1516223501327,183
494,WS_RECV_START,1516223501327,184
494,WS_RECV_END,1516223502179,184
494,PLAYER_SLEEPBEFORE_START,1516223502179,185
494,PLAYER_SLEEPBEFORE_END,1516223502448,185
494,WS_SEND_START,1516223502448,185
494,WS_SEND_END,1516223502448,185
494,WS_RECV_START,1516223502448,186
494,WS_RECV_END,1516223503537,186
494,PLAYER_SLEEPBEFORE_START,1516223503537,187
494,PLAYER_SLEEPBEFORE_END,1516223526037,187
494,WS_SEND_START,1516223526037,187
494,WS_SEND_END,1516223526037,187
494,WS_RECV_START,1516223526037,188
494,WS_RECV_END,1516223526687,188
494,PLAYER_SLEEPBEFORE_START,1516223526687,189
494,PLAYER_SLEEPBEFORE_END,1516223532926,189
494,WS_SEND_START,1516223532926,189
494,WS_SEND_END,1516223532926,189
494,WS_RECV_START,1516223532926,190
494,WS_RECV_END,1516223533235,190
494,PLAYER_SLEEPBEFORE_START,1516223533235,191
494,PLAYER_SLEEPBEFORE_END,1516223535150,191
494,WS_SEND_START,1516223535150,191
494,WS_SEND_END,1516223535150,191
494,WS_RECV_START,1516223535150,192
494,WS_RECV_END,1516223535537,192
494,PLAYER_SLEEPBEFORE_START,1516223535537,193
494,PLAYER_SLEEPBEFORE_END,1516223535665,193
494,WS_SEND_START,1516223535665,193
494,WS_SEND_END,1516223535665,193
494,WS_RECV_START,1516223535665,194
494,WS_RECV_END,1516223536232,194
494,PLAYER_SLEEPBEFORE_START,1516223536232,195
494,PLAYER_SLEEPBEFORE_END,1516223537987,195
494,WS_SEND_START,1516223537987,195
494,WS_SEND_END,1516223537988,195
494,WS_RECV_START,1516223537988,196
494,WS_RECV_END,1516223538274,196
494,PLAYER_SLEEPBEFORE_START,1516223538274,197
494,PLAYER_SLEEPBEFORE_END,1516223540078,197
494,WS_SEND_START,1516223540078,197
494,WS_SEND_END,1516223540078,197
494,WS_RECV_START,1516223540078,198
494,WS_RECV_END,1516223540395,198
494,PLAYER_SLEEPBEFORE_START,1516223540395,199
494,PLAYER_SLEEPBEFORE_END,1516223552249,199
494,WS_SEND_START,1516223552249,199
494,WS_SEND_END,1516223552250,199
494,PLAYER_SLEEPBEFORE_START,1516223552250,200
494,PLAYER_SLEEPBEFORE_END,1516223556338,200
494,WS_SEND_START,1516223556338,200
494,WS_SEND_END,1516223556338,200
494,WS_RECV_START,1516223556338,201
494,WS_RECV_END,1516223556530,201
494,PLAYER_SLEEPBEFORE_START,1516223556530,202
494,PLAYER_SLEEPBEFORE_END,1516223556544,202
494,WS_SEND_START,1516223556544,202
494,WS_SEND_END,1516223556544,202
494,WS_RECV_START,1516223556544,203
494,WS_RECV_END,1516223556725,203
494,PLAYER_SLEEPBEFORE_START,1516223556725,204
494,PLAYER_SLEEPBEFORE_END,1516223576374,204
494,WS_SEND_START,1516223576374,204
494,WS_SEND_END,1516223576374,204
494,PLAYER_SLEEPBEFORE_START,1516223576375,205
494,PLAYER_SLEEPBEFORE_END,1516223580273,205
494,WS_SEND_START,1516223580273,205
494,WS_SEND_END,1516223580273,205
494,WS_RECV_START,1516223580273,206
494,WS_RECV_END,1516223580424,206
494,PLAYER_SLEEPBEFORE_START,1516223580424,207
494,PLAYER_SLEEPBEFORE_END,1516223597355,207
494,REQ_START,1516223597356,207
494,REQ_END,1516223597367,207
494,PLAYER_SLEEPBEFORE_START,1516223597367,208
494,PLAYER_SLEEPBEFORE_END,1516223604219,208
494,WS_CLOSE_START,1516223604219,208
494,WS_CLOSE_END,1516223604219,208
494,PLAYER_DONE,1516223604219
