# --sessions 720 --app-url=http://shinyloadtest.rstudioservices.com/cran_explorer --output-dir test720 --overwrite-output --log-level warn --start-interval 500 15min.log
thread_id,event,timestamp,input_line_number,comment
498,PLAYER_SESSION_CREATE,1516222120234
498,PLAYER_START_INTERVAL_START,1516222120234
498,PLAYER_START_INTERVAL_END,1516222369234
498,REQ_HOME_START,1516222369234,2
498,REQ_HOME_END,1516222369488,2
498,REQ_START,1516222369488,3
498,REQ_END,1516222369524,3
498,REQ_START,1516222369524,4
498,REQ_END,1516222369559,4
498,REQ_START,1516222369559,5
498,REQ_END,1516222369592,5
498,REQ_START,1516222369592,6
498,REQ_END,1516222369627,6
498,REQ_START,1516222369627,7
498,REQ_END,1516222369662,7
498,REQ_START,1516222369662,8
498,REQ_END,1516222369888,8
498,REQ_START,1516222369888,9
498,REQ_END,1516222369944,9
498,REQ_START,1516222369944,10
498,REQ_END,1516222369951,10
498,REQ_START,1516222369951,11
498,REQ_END,1516222369982,11
498,REQ_START,1516222369982,12
498,REQ_END,1516222369992,12
498,REQ_START,1516222369992,13
498,REQ_END,1516222370457,13
498,REQ_START,1516222370457,14
498,REQ_END,1516222370479,14
498,REQ_START,1516222370479,15
498,REQ_END,1516222371037,15
498,REQ_TOK_START,1516222371037,16
498,REQ_TOK_END,1516222371043,16
498,REQ_SINF_START,1516222371043,17
498,REQ_SINF_END,1516222371050,17
498,WS_OPEN_START,1516222371050,18
498,WS_OPEN_END,1516222371057,18
498,REQ_START,1516222371057,19
498,REQ_END,1516222371084,19
498,WS_RECV_START,1516222371084,20
498,WS_RECV_END,1516222371084,20
498,PLAYER_SLEEPBEFORE_START,1516222371084,21
498,PLAYER_SLEEPBEFORE_END,1516222371090,21
498,WS_SEND_START,1516222371090,21
498,WS_SEND_END,1516222371090,21
498,PLAYER_SLEEPBEFORE_START,1516222371090,22
498,PLAYER_SLEEPBEFORE_END,1516222371091,22
498,WS_SEND_START,1516222371091,22
498,WS_SEND_END,1516222371091,22
498,WS_RECV_INIT_START,1516222371091,23
498,WS_RECV_INIT_END,1516222371109,23
498,WS_RECV_START,1516222371110,24
498,WS_RECV_END,1516222371181,24
498,PLAYER_SLEEPBEFORE_START,1516222371181,25
498,PLAYER_SLEEPBEFORE_END,1516222371188,25
498,REQ_START,1516222371188,25
498,REQ_END,1516222371225,25
498,PLAYER_SLEEPBEFORE_START,1516222371225,26
498,PLAYER_SLEEPBEFORE_END,1516222371226,26
498,REQ_START,1516222371226,26
498,REQ_END,1516222371262,26
498,PLAYER_SLEEPBEFORE_START,1516222371262,27
498,PLAYER_SLEEPBEFORE_END,1516222371265,27
498,REQ_START,1516222371265,27
498,REQ_END,1516222371307,27
498,PLAYER_SLEEPBEFORE_START,1516222371307,28
498,PLAYER_SLEEPBEFORE_END,1516222371592,28
498,REQ_START,1516222371592,28
498,REQ_END,1516222371685,28
498,PLAYER_SLEEPBEFORE_START,1516222371685,29
498,PLAYER_SLEEPBEFORE_END,1516222371860,29
498,WS_SEND_START,1516222371860,29
498,WS_SEND_END,1516222371860,29
498,WS_RECV_START,1516222371860,30
498,WS_RECV_END,1516222372067,30
498,PLAYER_SLEEPBEFORE_START,1516222372067,31
498,PLAYER_SLEEPBEFORE_END,1516222372078,31
498,REQ_START,1516222372078,31
498,REQ_END,1516222372115,31
498,PLAYER_SLEEPBEFORE_START,1516222372115,32
498,PLAYER_SLEEPBEFORE_END,1516222400260,32
498,WS_SEND_START,1516222400260,32
498,WS_SEND_END,1516222400260,32
498,WS_RECV_START,1516222400260,33
498,WS_RECV_END,1516222400577,33
498,PLAYER_SLEEPBEFORE_START,1516222400578,34
498,PLAYER_SLEEPBEFORE_END,1516222426489,34
498,WS_SEND_START,1516222426489,34
498,WS_SEND_END,1516222426489,34
498,WS_RECV_START,1516222426489,35
498,WS_RECV_END,1516222427292,35
498,PLAYER_SLEEPBEFORE_START,1516222427292,36
498,PLAYER_SLEEPBEFORE_END,1516222427301,36
498,WS_SEND_START,1516222427301,36
498,WS_SEND_END,1516222427301,36
498,WS_RECV_START,1516222427301,37
498,WS_RECV_END,1516222427452,37
498,PLAYER_SLEEPBEFORE_START,1516222427452,38
498,PLAYER_SLEEPBEFORE_END,1516222430647,38
498,WS_SEND_START,1516222430647,38
498,WS_SEND_END,1516222430647,38
498,WS_RECV_START,1516222430647,39
498,WS_RECV_END,1516222431803,39
498,PLAYER_SLEEPBEFORE_START,1516222431803,40
498,PLAYER_SLEEPBEFORE_END,1516222431849,40
498,WS_SEND_START,1516222431849,40
498,WS_SEND_END,1516222431849,40
498,WS_RECV_START,1516222431849,41
498,WS_RECV_END,1516222433442,41
498,PLAYER_SLEEPBEFORE_START,1516222433442,42
498,PLAYER_SLEEPBEFORE_END,1516222451577,42
498,WS_SEND_START,1516222451577,42
498,WS_SEND_END,1516222451577,42
498,WS_RECV_START,1516222451577,43
498,WS_RECV_END,1516222452540,43
498,PLAYER_SLEEPBEFORE_START,1516222452540,44
498,PLAYER_SLEEPBEFORE_END,1516222452552,44
498,WS_SEND_START,1516222452552,44
498,WS_SEND_END,1516222452552,44
498,WS_RECV_START,1516222452552,45
498,WS_RECV_END,1516222453232,45
498,PLAYER_SLEEPBEFORE_START,1516222453232,46
498,PLAYER_SLEEPBEFORE_END,1516222454492,46
498,WS_SEND_START,1516222454492,46
498,WS_SEND_END,1516222454492,46
498,WS_RECV_START,1516222454492,47
498,WS_RECV_END,1516222455911,47
498,PLAYER_SLEEPBEFORE_START,1516222455911,48
498,PLAYER_SLEEPBEFORE_END,1516222457232,48
498,WS_SEND_START,1516222457232,48
498,WS_SEND_END,1516222457232,48
498,WS_RECV_START,1516222457232,49
498,WS_RECV_END,1516222460122,49
498,PLAYER_SLEEPBEFORE_START,1516222460122,50
498,PLAYER_SLEEPBEFORE_END,1516222460146,50
498,WS_SEND_START,1516222460146,50
498,WS_SEND_END,1516222460146,50
498,WS_RECV_START,1516222460146,51
498,WS_RECV_END,1516222461656,51
498,PLAYER_SLEEPBEFORE_START,1516222461656,52
498,PLAYER_SLEEPBEFORE_END,1516222484221,52
498,WS_SEND_START,1516222484221,52
498,WS_SEND_END,1516222484221,52
498,WS_RECV_START,1516222484221,53
498,WS_RECV_END,1516222486115,53
498,PLAYER_SLEEPBEFORE_START,1516222486115,54
498,PLAYER_SLEEPBEFORE_END,1516222507418,54
498,WS_SEND_START,1516222507418,54
498,WS_SEND_END,1516222507419,54
498,PLAYER_SLEEPBEFORE_START,1516222507419,55
498,PLAYER_SLEEPBEFORE_END,1516222509360,55
498,WS_SEND_START,1516222509360,55
498,WS_SEND_END,1516222509360,55
498,WS_RECV_START,1516222509360,56
498,WS_RECV_END,1516222510074,56
498,PLAYER_SLEEPBEFORE_START,1516222510074,57
498,PLAYER_SLEEPBEFORE_END,1516222532946,57
498,WS_SEND_START,1516222532946,57
498,WS_SEND_END,1516222532946,57
498,WS_RECV_START,1516222532946,58
498,WS_RECV_END,1516222536589,58
498,PLAYER_SLEEPBEFORE_START,1516222536589,59
498,PLAYER_SLEEPBEFORE_END,1516222538916,59
498,WS_SEND_START,1516222538916,59
498,WS_SEND_END,1516222538916,59
498,WS_RECV_START,1516222538916,60
498,WS_RECV_END,1516222541820,60
498,PLAYER_SLEEPBEFORE_START,1516222541820,61
498,PLAYER_SLEEPBEFORE_END,1516222545411,61
498,WS_SEND_START,1516222545411,61
498,WS_SEND_END,1516222545411,61
498,WS_RECV_START,1516222545411,62
498,WS_RECV_END,1516222549259,62
498,PLAYER_SLEEPBEFORE_START,1516222549259,63
498,PLAYER_SLEEPBEFORE_END,1516222568521,63
498,WS_SEND_START,1516222568521,63
498,WS_SEND_END,1516222568521,63
498,WS_RECV_START,1516222568521,64
498,WS_RECV_END,1516222571258,64
498,PLAYER_SLEEPBEFORE_START,1516222571258,65
498,PLAYER_SLEEPBEFORE_END,1516222598075,65
498,WS_SEND_START,1516222598075,65
498,WS_SEND_END,1516222598075,65
498,WS_RECV_START,1516222598075,66
498,WS_RECV_END,1516222601461,66
498,PLAYER_SLEEPBEFORE_START,1516222601461,67
498,PLAYER_SLEEPBEFORE_END,1516222602968,67
498,WS_SEND_START,1516222602968,67
498,WS_SEND_END,1516222602968,67
498,WS_RECV_START,1516222602968,68
498,WS_RECV_END,1516222607688,68
498,PLAYER_SLEEPBEFORE_START,1516222607688,69
498,PLAYER_SLEEPBEFORE_END,1516222629686,69
498,WS_SEND_START,1516222629686,69
498,WS_SEND_END,1516222629686,69
498,WS_RECV_START,1516222629686,70
498,WS_RECV_END,1516222635264,70
498,PLAYER_SLEEPBEFORE_START,1516222635264,71
498,PLAYER_SLEEPBEFORE_END,1516222660040,71
498,WS_SEND_START,1516222660040,71
498,WS_SEND_END,1516222660040,71
498,PLAYER_SLEEPBEFORE_START,1516222660040,72
498,PLAYER_SLEEPBEFORE_END,1516222662647,72
498,WS_SEND_START,1516222662647,72
498,WS_SEND_END,1516222662647,72
498,WS_RECV_START,1516222662647,73
498,WS_RECV_END,1516222665491,73
498,PLAYER_SLEEPBEFORE_START,1516222665491,74
498,PLAYER_SLEEPBEFORE_END,1516222665500,74
498,WS_SEND_START,1516222665500,74
498,WS_SEND_END,1516222665500,74
498,WS_RECV_START,1516222665500,75
498,WS_RECV_END,1516222667744,75
498,PLAYER_SLEEPBEFORE_START,1516222667744,76
498,PLAYER_SLEEPBEFORE_END,1516222669251,76
498,WS_SEND_START,1516222669251,76
498,WS_SEND_END,1516222669251,76
498,WS_RECV_START,1516222669251,77
498,WS_RECV_END,1516222671330,77
498,PLAYER_SLEEPBEFORE_START,1516222671330,78
498,PLAYER_SLEEPBEFORE_END,1516222672198,78
498,WS_SEND_START,1516222672198,78
498,WS_SEND_END,1516222672198,78
498,WS_RECV_START,1516222672198,79
498,WS_RECV_END,1516222675956,79
498,PLAYER_SLEEPBEFORE_START,1516222675956,80
498,PLAYER_SLEEPBEFORE_END,1516222683622,80
498,WS_SEND_START,1516222683622,80
498,WS_SEND_END,1516222683622,80
498,WS_RECV_START,1516222683622,81
498,WS_RECV_END,1516222688715,81
498,PLAYER_SLEEPBEFORE_START,1516222688715,82
498,PLAYER_SLEEPBEFORE_END,1516222689817,82
498,WS_SEND_START,1516222689817,82
498,WS_SEND_END,1516222689817,82
498,WS_RECV_START,1516222689817,83
498,WS_RECV_END,1516222697387,83
498,PLAYER_SLEEPBEFORE_START,1516222697387,84
498,PLAYER_SLEEPBEFORE_END,1516222698334,84
498,WS_SEND_START,1516222698334,84
498,WS_SEND_END,1516222698334,84
498,WS_RECV_START,1516222698334,85
498,WS_RECV_END,1516222700665,85
498,PLAYER_SLEEPBEFORE_START,1516222700665,86
498,PLAYER_SLEEPBEFORE_END,1516222704837,86
498,WS_SEND_START,1516222704837,86
498,WS_SEND_END,1516222704837,86
498,WS_RECV_START,1516222704837,87
498,WS_RECV_END,1516222711956,87
498,PLAYER_SLEEPBEFORE_START,1516222711956,88
498,PLAYER_SLEEPBEFORE_END,1516222711964,88
498,WS_SEND_START,1516222711964,88
498,WS_SEND_END,1516222711965,88
498,WS_RECV_START,1516222711965,89
498,WS_RECV_END,1516222715992,89
498,PLAYER_SLEEPBEFORE_START,1516222715992,90
498,PLAYER_SLEEPBEFORE_END,1516222743189,90
498,REQ_START,1516222743189,90
498,REQ_END,1516222743196,90
498,PLAYER_SLEEPBEFORE_START,1516222743196,91
498,PLAYER_SLEEPBEFORE_END,1516222751085,91
498,WS_SEND_START,1516222751085,91
498,WS_SEND_END,1516222751085,91
498,WS_RECV_START,1516222751085,92
498,WS_RECV_END,1516222755324,92
498,PLAYER_SLEEPBEFORE_START,1516222755324,93
498,PLAYER_SLEEPBEFORE_END,1516222755340,93
498,WS_SEND_START,1516222755340,93
498,WS_SEND_END,1516222755340,93
498,WS_RECV_START,1516222755340,94
498,WS_RECV_END,1516222758120,94
498,PLAYER_SLEEPBEFORE_START,1516222758120,95
498,PLAYER_SLEEPBEFORE_END,1516222781675,95
498,WS_SEND_START,1516222781675,95
498,WS_SEND_END,1516222781675,95
498,WS_RECV_START,1516222781675,96
498,WS_RECV_END,1516222787202,96
498,PLAYER_SLEEPBEFORE_START,1516222787202,97
498,PLAYER_SLEEPBEFORE_END,1516222809642,97
498,WS_SEND_START,1516222809642,97
498,WS_SEND_END,1516222809642,97
498,WS_RECV_START,1516222809642,98
498,WS_RECV_END,1516222816531,98
498,PLAYER_SLEEPBEFORE_START,1516222816531,99
498,PLAYER_SLEEPBEFORE_END,1516222816552,99
498,WS_SEND_START,1516222816552,99
498,WS_SEND_END,1516222816552,99
498,WS_RECV_START,1516222816552,100
498,WS_RECV_END,1516222820347,100
498,PLAYER_SLEEPBEFORE_START,1516222820347,101
498,PLAYER_SLEEPBEFORE_END,1516222843906,101
498,WS_SEND_START,1516222843906,101
498,WS_SEND_END,1516222843906,101
498,WS_RECV_START,1516222843906,102
498,WS_RECV_END,1516222849653,102
498,PLAYER_SLEEPBEFORE_START,1516222849653,103
498,PLAYER_SLEEPBEFORE_END,1516222873278,103
498,WS_SEND_START,1516222873278,103
498,WS_SEND_END,1516222873278,103
498,WS_RECV_START,1516222873278,104
498,WS_RECV_END,1516222879383,104
498,PLAYER_SLEEPBEFORE_START,1516222879383,105
498,PLAYER_SLEEPBEFORE_END,1516222904760,105
498,WS_SEND_START,1516222904760,105
498,WS_SEND_END,1516222904760,105
498,WS_RECV_START,1516222904760,106
498,WS_RECV_END,1516222911807,106
498,PLAYER_SLEEPBEFORE_START,1516222911807,107
498,PLAYER_SLEEPBEFORE_END,1516222935230,107
498,WS_SEND_START,1516222935230,107
498,WS_SEND_END,1516222935230,107
498,WS_RECV_START,1516222935230,108
498,WS_RECV_END,1516222942082,108
498,PLAYER_SLEEPBEFORE_START,1516222942082,109
498,PLAYER_SLEEPBEFORE_END,1516222942091,109
498,WS_SEND_START,1516222942091,109
498,WS_SEND_END,1516222942091,109
498,WS_RECV_START,1516222942091,110
498,WS_RECV_END,1516222945917,110
498,PLAYER_SLEEPBEFORE_START,1516222945917,111
498,PLAYER_SLEEPBEFORE_END,1516222946876,111
498,WS_SEND_START,1516222946876,111
498,WS_SEND_END,1516222946876,111
498,WS_RECV_START,1516222946876,112
498,WS_RECV_END,1516222950708,112
498,PLAYER_SLEEPBEFORE_START,1516222950709,113
498,PLAYER_SLEEPBEFORE_END,1516222951271,113
498,WS_SEND_START,1516222951271,113
498,WS_SEND_END,1516222951271,113
498,WS_RECV_START,1516222951271,114
498,WS_RECV_END,1516222955769,114
498,PLAYER_SLEEPBEFORE_START,1516222955769,115
498,PLAYER_SLEEPBEFORE_END,1516222955778,115
498,WS_SEND_START,1516222955779,115
498,WS_SEND_END,1516222955779,115
498,WS_RECV_START,1516222955779,116
498,WS_RECV_END,1516222961576,116
498,PLAYER_SLEEPBEFORE_START,1516222961576,117
498,PLAYER_SLEEPBEFORE_END,1516222981936,117
498,WS_SEND_START,1516222981936,117
498,WS_SEND_END,1516222981936,117
498,PLAYER_SLEEPBEFORE_START,1516222981936,118
498,PLAYER_SLEEPBEFORE_END,1516222985688,118
498,WS_SEND_START,1516222985688,118
498,WS_SEND_END,1516222985688,118
498,WS_RECV_START,1516222985688,119
498,WS_RECV_END,1516222991410,119
498,PLAYER_SLEEPBEFORE_START,1516222991410,120
498,PLAYER_SLEEPBEFORE_END,1516222992398,120
498,WS_SEND_START,1516222992399,120
498,WS_SEND_END,1516222992399,120
498,WS_RECV_START,1516222992399,121
498,WS_RECV_END,1516222997137,121
498,PLAYER_SLEEPBEFORE_START,1516222997137,122
498,PLAYER_SLEEPBEFORE_END,1516222998322,122
498,WS_SEND_START,1516222998322,122
498,WS_SEND_END,1516222998322,122
498,WS_RECV_START,1516222998322,123
498,WS_RECV_END,1516223004029,123
498,PLAYER_SLEEPBEFORE_START,1516223004029,124
498,PLAYER_SLEEPBEFORE_END,1516223028434,124
498,WS_SEND_START,1516223028434,124
498,WS_SEND_END,1516223028434,124
498,WS_RECV_START,1516223028434,125
498,WS_RECV_END,1516223036130,125
498,PLAYER_SLEEPBEFORE_START,1516223036130,126
498,PLAYER_SLEEPBEFORE_END,1516223056642,126
498,WS_SEND_START,1516223056642,126
498,WS_SEND_END,1516223056642,126
498,PLAYER_SLEEPBEFORE_START,1516223056642,127
498,PLAYER_SLEEPBEFORE_END,1516223059696,127
498,WS_SEND_START,1516223059696,127
498,WS_SEND_END,1516223059697,127
498,WS_RECV_START,1516223059697,128
498,WS_RECV_END,1516223063092,128
498,PLAYER_SLEEPBEFORE_START,1516223063092,129
498,PLAYER_SLEEPBEFORE_END,1516223063112,129
498,WS_SEND_START,1516223063112,129
498,WS_SEND_END,1516223063112,129
498,WS_RECV_START,1516223063112,130
498,WS_RECV_END,1516223068194,130
498,PLAYER_SLEEPBEFORE_START,1516223068194,131
498,PLAYER_SLEEPBEFORE_END,1516223089818,131
498,WS_SEND_START,1516223089818,131
498,WS_SEND_END,1516223089818,131
498,PLAYER_SLEEPBEFORE_START,1516223089818,132
498,PLAYER_SLEEPBEFORE_END,1516223092899,132
498,WS_SEND_START,1516223092899,132
498,WS_SEND_END,1516223092899,132
498,WS_RECV_START,1516223092899,133
498,WS_RECV_END,1516223097287,133
498,PLAYER_SLEEPBEFORE_START,1516223097287,134
498,PLAYER_SLEEPBEFORE_END,1516223118504,134
498,WS_SEND_START,1516223118504,134
498,WS_SEND_END,1516223118504,134
498,PLAYER_SLEEPBEFORE_START,1516223118504,135
498,PLAYER_SLEEPBEFORE_END,1516223121694,135
498,WS_SEND_START,1516223121694,135
498,WS_SEND_END,1516223121694,135
498,WS_RECV_START,1516223121694,136
498,WS_RECV_END,1516223129763,136
498,PLAYER_SLEEPBEFORE_START,1516223129763,137
498,PLAYER_SLEEPBEFORE_END,1516223129771,137
498,WS_SEND_START,1516223129771,137
498,WS_SEND_END,1516223129771,137
498,WS_RECV_START,1516223129771,138
498,WS_RECV_END,1516223134358,138
498,PLAYER_SLEEPBEFORE_START,1516223134358,139
498,PLAYER_SLEEPBEFORE_END,1516223135048,139
498,WS_SEND_START,1516223135048,139
498,WS_SEND_END,1516223135048,139
498,WS_RECV_START,1516223135048,140
498,WS_RECV_END,1516223140009,140
498,PLAYER_SLEEPBEFORE_START,1516223140009,141
498,PLAYER_SLEEPBEFORE_END,1516223140665,141
498,WS_SEND_START,1516223140665,141
498,WS_SEND_END,1516223140665,141
498,WS_RECV_START,1516223140665,142
498,WS_RECV_END,1516223146291,142
498,PLAYER_SLEEPBEFORE_START,1516223146291,143
498,PLAYER_SLEEPBEFORE_END,1516223146348,143
498,WS_SEND_START,1516223146348,143
498,WS_SEND_END,1516223146348,143
498,WS_RECV_START,1516223146348,144
498,WS_RECV_END,1516223151723,144
498,PLAYER_SLEEPBEFORE_START,1516223151723,145
498,PLAYER_SLEEPBEFORE_END,1516223167785,145
498,REQ_START,1516223167785,145
498,REQ_END,1516223167792,145
498,PLAYER_SLEEPBEFORE_START,1516223167792,146
498,PLAYER_SLEEPBEFORE_END,1516223176669,146
498,WS_SEND_START,1516223176670,146
498,WS_SEND_END,1516223176670,146
498,WS_RECV_START,1516223176670,147
498,WS_RECV_END,1516223186187,147
498,PLAYER_SLEEPBEFORE_START,1516223186187,148
498,PLAYER_SLEEPBEFORE_END,1516223208109,148
498,WS_SEND_START,1516223208109,148
498,WS_SEND_END,1516223208109,148
498,PLAYER_SLEEPBEFORE_START,1516223208109,149
498,PLAYER_SLEEPBEFORE_END,1516223210537,149
498,WS_SEND_START,1516223210537,149
498,WS_SEND_END,1516223210537,149
498,WS_RECV_START,1516223210537,150
498,WS_RECV_END,1516223219689,150
498,PLAYER_SLEEPBEFORE_START,1516223219689,151
498,PLAYER_SLEEPBEFORE_END,1516223219900,151
498,WS_SEND_START,1516223219900,151
498,WS_SEND_END,1516223219900,151
498,WS_RECV_START,1516223219900,152
498,WS_RECV_END,1516223227646,152
498,PLAYER_SLEEPBEFORE_START,1516223227646,153
498,PLAYER_SLEEPBEFORE_END,1516223251573,153
498,WS_SEND_START,1516223251573,153
498,WS_SEND_END,1516223251573,153
498,WS_RECV_START,1516223251573,154
498,WS_RECV_END,1516223263402,154
498,PLAYER_SLEEPBEFORE_START,1516223263402,155
498,PLAYER_SLEEPBEFORE_END,1516223285960,155
498,WS_SEND_START,1516223285960,155
498,WS_SEND_END,1516223285960,155
498,PLAYER_SLEEPBEFORE_START,1516223285960,156
498,PLAYER_SLEEPBEFORE_END,1516223289234,156
498,WS_SEND_START,1516223289234,156
498,WS_SEND_END,1516223289234,156
498,WS_RECV_START,1516223289234,157
498,WS_RECV_END,1516223295416,157
498,PLAYER_SLEEPBEFORE_START,1516223295416,158
498,PLAYER_SLEEPBEFORE_END,1516223295426,158
498,WS_SEND_START,1516223295426,158
498,WS_SEND_END,1516223295426,158
498,WS_RECV_START,1516223295426,159
498,WS_RECV_END,1516223301854,159
498,PLAYER_SLEEPBEFORE_START,1516223301854,160
498,PLAYER_SLEEPBEFORE_END,1516223302029,160
498,WS_SEND_START,1516223302029,160
498,WS_SEND_END,1516223302029,160
498,WS_RECV_START,1516223302029,161
498,WS_RECV_END,1516223309492,161
498,PLAYER_SLEEPBEFORE_START,1516223309493,162
498,PLAYER_SLEEPBEFORE_END,1516223309518,162
498,WS_SEND_START,1516223309518,162
498,WS_SEND_END,1516223309518,162
498,WS_RECV_START,1516223309518,163
498,WS_RECV_END,1516223316862,163
498,PLAYER_SLEEPBEFORE_START,1516223316862,164
498,PLAYER_SLEEPBEFORE_END,1516223337674,164
498,WS_SEND_START,1516223337674,164
498,WS_SEND_END,1516223337674,164
498,WS_RECV_START,1516223337674,165
498,WS_RECV_END,1516223347826,165
498,PLAYER_SLEEPBEFORE_START,1516223347826,166
498,PLAYER_SLEEPBEFORE_END,1516223370281,166
498,WS_SEND_START,1516223370281,166
498,WS_SEND_END,1516223370281,166
498,WS_RECV_START,1516223370281,167
498,WS_RECV_END,1516223376757,167
498,PLAYER_SLEEPBEFORE_START,1516223376757,168
498,PLAYER_SLEEPBEFORE_END,1516223404114,168
498,WS_SEND_START,1516223404114,168
498,WS_SEND_END,1516223404114,168
498,WS_RECV_START,1516223404114,169
498,WS_RECV_END,1516223408343,169
498,PLAYER_SLEEPBEFORE_START,1516223408343,170
498,PLAYER_SLEEPBEFORE_END,1516223408353,170
498,WS_SEND_START,1516223408353,170
498,WS_SEND_END,1516223408353,170
498,WS_RECV_START,1516223408353,171
498,WS_RECV_END,1516223410366,171
498,PLAYER_SLEEPBEFORE_START,1516223410366,172
498,PLAYER_SLEEPBEFORE_END,1516223410735,172
498,WS_SEND_START,1516223410735,172
498,WS_SEND_END,1516223410735,172
498,WS_RECV_START,1516223410735,173
498,WS_RECV_END,1516223412602,173
498,PLAYER_SLEEPBEFORE_START,1516223412602,174
498,PLAYER_SLEEPBEFORE_END,1516223412644,174
498,WS_SEND_START,1516223412644,174
498,WS_SEND_END,1516223412644,174
498,WS_RECV_START,1516223412644,175
498,WS_RECV_END,1516223415763,175
498,PLAYER_SLEEPBEFORE_START,1516223415763,176
498,PLAYER_SLEEPBEFORE_END,1516223437524,176
498,WS_SEND_START,1516223437524,176
498,WS_SEND_END,1516223437524,176
498,PLAYER_SLEEPBEFORE_START,1516223437524,177
498,PLAYER_SLEEPBEFORE_END,1516223440042,177
498,WS_SEND_START,1516223440042,177
498,WS_SEND_END,1516223440042,177
498,WS_RECV_START,1516223440042,178
498,WS_RECV_END,1516223443183,178
498,PLAYER_SLEEPBEFORE_START,1516223443183,179
498,PLAYER_SLEEPBEFORE_END,1516223465524,179
498,WS_SEND_START,1516223465524,179
498,WS_SEND_END,1516223465524,179
498,WS_RECV_START,1516223465524,180
498,WS_RECV_END,1516223466450,180
498,PLAYER_SLEEPBEFORE_START,1516223466450,181
498,PLAYER_SLEEPBEFORE_END,1516223466895,181
498,WS_SEND_START,1516223466895,181
498,WS_SEND_END,1516223466895,181
498,WS_RECV_START,1516223466895,182
498,WS_RECV_END,1516223467487,182
498,PLAYER_SLEEPBEFORE_START,1516223467487,183
498,PLAYER_SLEEPBEFORE_END,1516223468010,183
498,WS_SEND_START,1516223468010,183
498,WS_SEND_END,1516223468010,183
498,WS_RECV_START,1516223468010,184
498,WS_RECV_END,1516223469295,184
498,PLAYER_SLEEPBEFORE_START,1516223469295,185
498,PLAYER_SLEEPBEFORE_END,1516223469563,185
498,WS_SEND_START,1516223469563,185
498,WS_SEND_END,1516223469563,185
498,WS_RECV_START,1516223469563,186
498,WS_RECV_END,1516223469797,186
498,PLAYER_SLEEPBEFORE_START,1516223469797,187
498,PLAYER_SLEEPBEFORE_END,1516223492297,187
498,WS_SEND_START,1516223492297,187
498,WS_SEND_END,1516223492297,187
498,WS_RECV_START,1516223492297,188
498,WS_RECV_END,1516223492470,188
498,PLAYER_SLEEPBEFORE_START,1516223492470,189
498,PLAYER_SLEEPBEFORE_END,1516223498709,189
498,WS_SEND_START,1516223498709,189
498,WS_SEND_END,1516223498709,189
498,WS_RECV_START,1516223498709,190
498,WS_RECV_END,1516223500167,190
498,PLAYER_SLEEPBEFORE_START,1516223500167,191
498,PLAYER_SLEEPBEFORE_END,1516223502083,191
498,WS_SEND_START,1516223502083,191
498,WS_SEND_END,1516223502083,191
498,WS_RECV_START,1516223502083,192
498,WS_RECV_END,1516223503013,192
498,PLAYER_SLEEPBEFORE_START,1516223503013,193
498,PLAYER_SLEEPBEFORE_END,1516223503141,193
498,WS_SEND_START,1516223503141,193
498,WS_SEND_END,1516223503141,193
498,WS_RECV_START,1516223503141,194
498,WS_RECV_END,1516223503914,194
498,PLAYER_SLEEPBEFORE_START,1516223503914,195
498,PLAYER_SLEEPBEFORE_END,1516223505669,195
498,WS_SEND_START,1516223505669,195
498,WS_SEND_END,1516223505669,195
498,WS_RECV_START,1516223505669,196
498,WS_RECV_END,1516223506454,196
498,PLAYER_SLEEPBEFORE_START,1516223506454,197
498,PLAYER_SLEEPBEFORE_END,1516223508258,197
498,WS_SEND_START,1516223508258,197
498,WS_SEND_END,1516223508258,197
498,WS_RECV_START,1516223508258,198
498,WS_RECV_END,1516223508488,198
498,PLAYER_SLEEPBEFORE_START,1516223508488,199
498,PLAYER_SLEEPBEFORE_END,1516223520343,199
498,WS_SEND_START,1516223520343,199
498,WS_SEND_END,1516223520343,199
498,PLAYER_SLEEPBEFORE_START,1516223520343,200
498,PLAYER_SLEEPBEFORE_END,1516223524431,200
498,WS_SEND_START,1516223524431,200
498,WS_SEND_END,1516223524431,200
498,WS_RECV_START,1516223524431,201
498,WS_RECV_END,1516223524631,201
498,PLAYER_SLEEPBEFORE_START,1516223524631,202
498,PLAYER_SLEEPBEFORE_END,1516223524645,202
498,WS_SEND_START,1516223524645,202
498,WS_SEND_END,1516223524645,202
498,WS_RECV_START,1516223524645,203
498,WS_RECV_END,1516223525035,203
498,PLAYER_SLEEPBEFORE_START,1516223525035,204
498,PLAYER_SLEEPBEFORE_END,1516223544684,204
498,WS_SEND_START,1516223544684,204
498,WS_SEND_END,1516223544684,204
498,PLAYER_SLEEPBEFORE_START,1516223544684,205
498,PLAYER_SLEEPBEFORE_END,1516223548582,205
498,WS_SEND_START,1516223548582,205
498,WS_SEND_END,1516223548582,205
498,WS_RECV_START,1516223548582,206
498,WS_RECV_END,1516223548883,206
498,PLAYER_SLEEPBEFORE_START,1516223548883,207
498,PLAYER_SLEEPBEFORE_END,1516223565814,207
498,REQ_START,1516223565814,207
498,REQ_END,1516223565822,207
498,PLAYER_SLEEPBEFORE_START,1516223565822,208
498,PLAYER_SLEEPBEFORE_END,1516223572674,208
498,WS_CLOSE_START,1516223572674,208
498,WS_CLOSE_END,1516223572674,208
498,PLAYER_DONE,1516223572674
