# --sessions 720 --app-url=http://shinyloadtest.rstudioservices.com/cran_explorer --output-dir test720 --overwrite-output --log-level warn --start-interval 500 15min.log
thread_id,event,timestamp,input_line_number,comment
559,PLAYER_SESSION_CREATE,1516222120245
559,PLAYER_START_INTERVAL_START,1516222120245
559,PLAYER_START_INTERVAL_END,1516222399746
559,REQ_HOME_START,1516222399746,2
559,REQ_HOME_END,1516222402241,2
559,REQ_START,1516222402241,3
559,REQ_END,1516222404122,3
559,REQ_START,1516222404122,4
559,REQ_END,1516222406273,4
559,REQ_START,1516222406273,5
559,REQ_END,1516222406970,5
559,REQ_START,1516222406970,6
559,REQ_END,1516222407190,6
559,REQ_START,1516222407191,7
559,REQ_END,1516222407285,7
559,REQ_START,1516222407285,8
559,REQ_END,1516222407572,8
559,REQ_START,1516222407572,9
559,REQ_END,1516222407823,9
559,REQ_START,1516222407823,10
559,REQ_END,1516222407831,10
559,REQ_START,1516222407831,11
559,REQ_END,1516222409529,11
559,REQ_START,1516222409529,12
559,REQ_END,1516222409550,12
559,REQ_START,1516222409550,13
559,REQ_END,1516222411683,13
559,REQ_START,1516222411683,14
559,REQ_END,1516222411702,14
559,REQ_START,1516222411702,15
559,REQ_END,1516222414708,15
559,REQ_TOK_START,1516222414708,16
559,REQ_TOK_END,1516222414729,16
559,REQ_SINF_START,1516222414729,17
559,REQ_SINF_END,1516222414741,17
559,WS_OPEN_START,1516222414741,18
559,WS_OPEN_END,1516222414749,18
559,REQ_START,1516222414749,19
559,REQ_END,1516222417899,19
559,WS_RECV_START,1516222417899,20
559,WS_RECV_END,1516222417899,20
559,PLAYER_SLEEPBEFORE_START,1516222417899,21
559,PLAYER_SLEEPBEFORE_END,1516222417904,21
559,WS_SEND_START,1516222417904,21
559,WS_SEND_END,1516222417904,21
559,PLAYER_SLEEPBEFORE_START,1516222417904,22
559,PLAYER_SLEEPBEFORE_END,1516222417905,22
559,WS_SEND_START,1516222417905,22
559,WS_SEND_END,1516222417905,22
559,WS_RECV_INIT_START,1516222417905,23
559,WS_RECV_INIT_END,1516222421030,23
559,WS_RECV_START,1516222421030,24
559,WS_RECV_END,1516222421637,24
559,PLAYER_SLEEPBEFORE_START,1516222421637,25
559,PLAYER_SLEEPBEFORE_END,1516222421644,25
559,REQ_START,1516222421644,25
559,REQ_END,1516222423056,25
559,PLAYER_SLEEPBEFORE_START,1516222423056,26
559,PLAYER_SLEEPBEFORE_END,1516222423057,26
559,REQ_START,1516222423057,26
559,REQ_END,1516222426976,26
559,PLAYER_SLEEPBEFORE_START,1516222426976,27
559,PLAYER_SLEEPBEFORE_END,1516222426979,27
559,REQ_START,1516222426979,27
559,REQ_END,1516222431630,27
559,PLAYER_SLEEPBEFORE_START,1516222431630,28
559,PLAYER_SLEEPBEFORE_END,1516222431915,28
559,REQ_START,1516222431915,28
559,REQ_END,1516222434417,28
559,PLAYER_SLEEPBEFORE_START,1516222434417,29
559,PLAYER_SLEEPBEFORE_END,1516222434592,29
559,WS_SEND_START,1516222434592,29
559,WS_SEND_END,1516222434592,29
559,WS_RECV_START,1516222434592,30
559,WS_RECV_END,1516222436751,30
559,PLAYER_SLEEPBEFORE_START,1516222436751,31
559,PLAYER_SLEEPBEFORE_END,1516222436762,31
559,REQ_START,1516222436762,31
559,REQ_END,1516222442844,31
559,PLAYER_SLEEPBEFORE_START,1516222442844,32
559,PLAYER_SLEEPBEFORE_END,1516222470990,32
559,WS_SEND_START,1516222470990,32
559,WS_SEND_END,1516222470990,32
559,WS_RECV_START,1516222470990,33
559,WS_RECV_END,1516222472608,33
559,PLAYER_SLEEPBEFORE_START,1516222472608,34
559,PLAYER_SLEEPBEFORE_END,1516222498519,34
559,WS_SEND_START,1516222498519,34
559,WS_SEND_END,1516222498519,34
559,WS_RECV_START,1516222498519,35
559,WS_RECV_END,1516222501727,35
559,PLAYER_SLEEPBEFORE_START,1516222501727,36
559,PLAYER_SLEEPBEFORE_END,1516222501736,36
559,WS_SEND_START,1516222501736,36
559,WS_SEND_END,1516222501736,36
559,WS_RECV_START,1516222501736,37
559,WS_RECV_END,1516222503080,37
559,PLAYER_SLEEPBEFORE_START,1516222503080,38
559,PLAYER_SLEEPBEFORE_END,1516222506275,38
559,WS_SEND_START,1516222506275,38
559,WS_SEND_END,1516222506275,38
559,WS_RECV_START,1516222506275,39
559,WS_RECV_END,1516222510412,39
559,PLAYER_SLEEPBEFORE_START,1516222510412,40
559,PLAYER_SLEEPBEFORE_END,1516222510458,40
559,WS_SEND_START,1516222510458,40
559,WS_SEND_END,1516222510458,40
559,WS_RECV_START,1516222510458,41
559,WS_RECV_END,1516222512003,41
559,PLAYER_SLEEPBEFORE_START,1516222512003,42
559,PLAYER_SLEEPBEFORE_END,1516222530138,42
559,WS_SEND_START,1516222530138,42
559,WS_SEND_END,1516222530138,42
559,WS_RECV_START,1516222530138,43
559,WS_RECV_END,1516222534128,43
559,PLAYER_SLEEPBEFORE_START,1516222534128,44
559,PLAYER_SLEEPBEFORE_END,1516222534140,44
559,WS_SEND_START,1516222534140,44
559,WS_SEND_END,1516222534140,44
559,WS_RECV_START,1516222534140,45
559,WS_RECV_END,1516222536345,45
559,PLAYER_SLEEPBEFORE_START,1516222536345,46
559,PLAYER_SLEEPBEFORE_END,1516222537606,46
559,WS_SEND_START,1516222537606,46
559,WS_SEND_END,1516222537606,46
559,WS_RECV_START,1516222537606,47
559,WS_RECV_END,1516222540494,47
559,PLAYER_SLEEPBEFORE_START,1516222540494,48
559,PLAYER_SLEEPBEFORE_END,1516222541815,48
559,WS_SEND_START,1516222541815,48
559,WS_SEND_END,1516222541815,48
559,WS_RECV_START,1516222541815,49
559,WS_RECV_END,1516222544615,49
559,PLAYER_SLEEPBEFORE_START,1516222544615,50
559,PLAYER_SLEEPBEFORE_END,1516222544639,50
559,WS_SEND_START,1516222544639,50
559,WS_SEND_END,1516222544639,50
559,WS_RECV_START,1516222544639,51
559,WS_RECV_END,1516222548111,51
559,PLAYER_SLEEPBEFORE_START,1516222548111,52
559,PLAYER_SLEEPBEFORE_END,1516222570675,52
559,WS_SEND_START,1516222570675,52
559,WS_SEND_END,1516222570675,52
559,WS_RECV_START,1516222570675,53
559,WS_RECV_END,1516222576087,53
559,PLAYER_SLEEPBEFORE_START,1516222576087,54
559,PLAYER_SLEEPBEFORE_END,1516222597390,54
559,WS_SEND_START,1516222597390,54
559,WS_SEND_END,1516222597390,54
559,PLAYER_SLEEPBEFORE_START,1516222597390,55
559,PLAYER_SLEEPBEFORE_END,1516222599331,55
559,WS_SEND_START,1516222599331,55
559,WS_SEND_END,1516222599331,55
559,WS_RECV_START,1516222599331,56
559,WS_RECV_END,1516222602417,56
559,PLAYER_SLEEPBEFORE_START,1516222602417,57
559,PLAYER_SLEEPBEFORE_END,1516222625289,57
559,WS_SEND_START,1516222625289,57
559,WS_SEND_END,1516222625289,57
559,WS_RECV_START,1516222625289,58
559,WS_RECV_END,1516222629912,58
559,PLAYER_SLEEPBEFORE_START,1516222629912,59
559,PLAYER_SLEEPBEFORE_END,1516222632239,59
559,WS_SEND_START,1516222632239,59
559,WS_SEND_END,1516222632240,59
559,WS_RECV_START,1516222632240,60
559,WS_RECV_END,1516222640226,60
559,PLAYER_SLEEPBEFORE_START,1516222640226,61
559,PLAYER_SLEEPBEFORE_END,1516222643817,61
559,WS_SEND_START,1516222643817,61
559,WS_SEND_END,1516222643817,61
559,WS_RECV_START,1516222643817,62
559,WS_RECV_END,1516222652765,62
559,PLAYER_SLEEPBEFORE_START,1516222652765,63
559,PLAYER_SLEEPBEFORE_END,1516222672027,63
559,WS_SEND_START,1516222672027,63
559,WS_SEND_END,1516222672027,63
559,WS_RECV_START,1516222672027,64
559,WS_RECV_END,1516222680718,64
559,PLAYER_SLEEPBEFORE_START,1516222680718,65
559,PLAYER_SLEEPBEFORE_END,1516222707535,65
559,WS_SEND_START,1516222707535,65
559,WS_SEND_END,1516222707535,65
559,WS_RECV_START,1516222707535,66
559,WS_RECV_END,1516222714864,66
559,PLAYER_SLEEPBEFORE_START,1516222714864,67
559,PLAYER_SLEEPBEFORE_END,1516222716371,67
559,WS_SEND_START,1516222716371,67
559,WS_SEND_END,1516222716371,67
559,WS_RECV_START,1516222716371,68
559,WS_RECV_END,1516222727033,68
559,PLAYER_SLEEPBEFORE_START,1516222727033,69
559,PLAYER_SLEEPBEFORE_END,1516222749031,69
559,WS_SEND_START,1516222749031,69
559,WS_SEND_END,1516222749031,69
559,WS_RECV_START,1516222749031,70
559,WS_RECV_END,1516222760235,70
559,PLAYER_SLEEPBEFORE_START,1516222760235,71
559,PLAYER_SLEEPBEFORE_END,1516222785010,71
559,WS_SEND_START,1516222785010,71
559,WS_SEND_END,1516222785010,71
559,PLAYER_SLEEPBEFORE_START,1516222785010,72
559,PLAYER_SLEEPBEFORE_END,1516222787617,72
559,WS_SEND_START,1516222787617,72
559,WS_SEND_END,1516222787617,72
559,WS_RECV_START,1516222787617,73
559,WS_RECV_END,1516222791631,73
559,PLAYER_SLEEPBEFORE_START,1516222791631,74
559,PLAYER_SLEEPBEFORE_END,1516222791640,74
559,WS_SEND_START,1516222791640,74
559,WS_SEND_END,1516222791640,74
559,WS_RECV_START,1516222791640,75
559,WS_RECV_END,1516222794290,75
559,PLAYER_SLEEPBEFORE_START,1516222794290,76
559,PLAYER_SLEEPBEFORE_END,1516222795796,76
559,WS_SEND_START,1516222795796,76
559,WS_SEND_END,1516222795796,76
559,WS_RECV_START,1516222795796,77
559,WS_RECV_END,1516222800216,77
559,PLAYER_SLEEPBEFORE_START,1516222800216,78
559,PLAYER_SLEEPBEFORE_END,1516222801091,78
559,WS_SEND_START,1516222801091,78
559,WS_SEND_END,1516222801091,78
559,WS_RECV_START,1516222801091,79
559,WS_RECV_END,1516222807378,79
559,PLAYER_SLEEPBEFORE_START,1516222807378,80
559,PLAYER_SLEEPBEFORE_END,1516222815045,80
559,WS_SEND_START,1516222815045,80
559,WS_SEND_END,1516222815045,80
559,WS_RECV_START,1516222815045,81
559,WS_RECV_END,1516222824681,81
559,PLAYER_SLEEPBEFORE_START,1516222824681,82
559,PLAYER_SLEEPBEFORE_END,1516222825784,82
559,WS_SEND_START,1516222825784,82
559,WS_SEND_END,1516222825784,82
559,WS_RECV_START,1516222825784,83
559,WS_RECV_END,1516222829500,83
559,PLAYER_SLEEPBEFORE_START,1516222829500,84
559,PLAYER_SLEEPBEFORE_END,1516222830448,84
559,WS_SEND_START,1516222830448,84
559,WS_SEND_END,1516222830448,84
559,WS_RECV_START,1516222830448,85
559,WS_RECV_END,1516222836832,85
559,PLAYER_SLEEPBEFORE_START,1516222836832,86
559,PLAYER_SLEEPBEFORE_END,1516222841004,86
559,WS_SEND_START,1516222841004,86
559,WS_SEND_END,1516222841004,86
559,WS_RECV_START,1516222841004,87
559,WS_RECV_END,1516222843284,87
559,PLAYER_SLEEPBEFORE_START,1516222843284,88
559,PLAYER_SLEEPBEFORE_END,1516222843292,88
559,WS_SEND_START,1516222843292,88
559,WS_SEND_END,1516222843292,88
559,WS_RECV_START,1516222843292,89
559,WS_RECV_END,1516222850392,89
559,PLAYER_SLEEPBEFORE_START,1516222850392,90
559,PLAYER_SLEEPBEFORE_END,1516222877590,90
559,REQ_START,1516222877590,90
559,REQ_END,1516222877599,90
559,PLAYER_SLEEPBEFORE_START,1516222877599,91
559,PLAYER_SLEEPBEFORE_END,1516222885488,91
559,WS_SEND_START,1516222885488,91
559,WS_SEND_END,1516222885488,91
559,WS_RECV_START,1516222885488,92
559,WS_RECV_END,1516222895171,92
559,PLAYER_SLEEPBEFORE_START,1516222895171,93
559,PLAYER_SLEEPBEFORE_END,1516222895186,93
559,WS_SEND_START,1516222895186,93
559,WS_SEND_END,1516222895186,93
559,WS_RECV_START,1516222895186,94
559,WS_RECV_END,1516222899492,94
559,PLAYER_SLEEPBEFORE_START,1516222899492,95
559,PLAYER_SLEEPBEFORE_END,1516222923047,95
559,WS_SEND_START,1516222923047,95
559,WS_SEND_END,1516222923047,95
559,WS_RECV_START,1516222923047,96
559,WS_RECV_END,1516222931232,96
559,PLAYER_SLEEPBEFORE_START,1516222931232,97
559,PLAYER_SLEEPBEFORE_END,1516222953672,97
559,WS_SEND_START,1516222953672,97
559,WS_SEND_END,1516222953672,97
559,WS_RECV_START,1516222953672,98
559,WS_RECV_END,1516222964055,98
559,PLAYER_SLEEPBEFORE_START,1516222964055,99
559,PLAYER_SLEEPBEFORE_END,1516222964076,99
559,WS_SEND_START,1516222964076,99
559,WS_SEND_END,1516222964076,99
559,WS_RECV_START,1516222964076,100
559,WS_RECV_END,1516222970262,100
559,PLAYER_SLEEPBEFORE_START,1516222970262,101
559,PLAYER_SLEEPBEFORE_END,1516222993821,101
559,WS_SEND_START,1516222993821,101
559,WS_SEND_END,1516222993821,101
559,WS_RECV_START,1516222993821,102
559,WS_RECV_END,1516223003563,102
559,PLAYER_SLEEPBEFORE_START,1516223003563,103
559,PLAYER_SLEEPBEFORE_END,1516223027188,103
559,WS_SEND_START,1516223027188,103
559,WS_SEND_END,1516223027188,103
559,WS_RECV_START,1516223027188,104
559,WS_RECV_END,1516223036789,104
559,PLAYER_SLEEPBEFORE_START,1516223036789,105
559,PLAYER_SLEEPBEFORE_END,1516223062166,105
559,WS_SEND_START,1516223062166,105
559,WS_SEND_END,1516223062166,105
559,WS_RECV_START,1516223062166,106
559,WS_RECV_END,1516223069895,106
559,PLAYER_SLEEPBEFORE_START,1516223069895,107
559,PLAYER_SLEEPBEFORE_END,1516223093318,107
559,WS_SEND_START,1516223093318,107
559,WS_SEND_END,1516223093318,107
559,WS_RECV_START,1516223093318,108
559,WS_RECV_END,1516223102038,108
559,PLAYER_SLEEPBEFORE_START,1516223102038,109
559,PLAYER_SLEEPBEFORE_END,1516223102047,109
559,WS_SEND_START,1516223102047,109
559,WS_SEND_END,1516223102047,109
559,WS_RECV_START,1516223102047,110
559,WS_RECV_END,1516223111572,110
559,PLAYER_SLEEPBEFORE_START,1516223111572,111
559,PLAYER_SLEEPBEFORE_END,1516223112531,111
559,WS_SEND_START,1516223112531,111
559,WS_SEND_END,1516223112531,111
559,WS_RECV_START,1516223112531,112
559,WS_RECV_END,1516223116376,112
559,PLAYER_SLEEPBEFORE_START,1516223116376,113
559,PLAYER_SLEEPBEFORE_END,1516223116938,113
559,WS_SEND_START,1516223116938,113
559,WS_SEND_END,1516223116938,113
559,WS_RECV_START,1516223116938,114
559,WS_RECV_END,1516223124348,114
559,PLAYER_SLEEPBEFORE_START,1516223124348,115
559,PLAYER_SLEEPBEFORE_END,1516223124357,115
559,WS_SEND_START,1516223124357,115
559,WS_SEND_END,1516223124357,115
559,WS_RECV_START,1516223124357,116
559,WS_RECV_END,1516223129771,116
559,PLAYER_SLEEPBEFORE_START,1516223129771,117
559,PLAYER_SLEEPBEFORE_END,1516223150132,117
559,WS_SEND_START,1516223150132,117
559,WS_SEND_END,1516223150132,117
559,PLAYER_SLEEPBEFORE_START,1516223150132,118
559,PLAYER_SLEEPBEFORE_END,1516223153884,118
559,WS_SEND_START,1516223153884,118
559,WS_SEND_END,1516223153884,118
559,WS_RECV_START,1516223153884,119
559,WS_RECV_END,1516223161831,119
559,PLAYER_SLEEPBEFORE_START,1516223161831,120
559,PLAYER_SLEEPBEFORE_END,1516223162819,120
559,WS_SEND_START,1516223162819,120
559,WS_SEND_END,1516223162819,120
559,WS_RECV_START,1516223162819,121
559,WS_RECV_END,1516223166317,121
559,PLAYER_SLEEPBEFORE_START,1516223166317,122
559,PLAYER_SLEEPBEFORE_END,1516223167502,122
559,WS_SEND_START,1516223167502,122
559,WS_SEND_END,1516223167502,122
559,WS_RECV_START,1516223167502,123
559,WS_RECV_END,1516223173636,123
559,PLAYER_SLEEPBEFORE_START,1516223173636,124
559,PLAYER_SLEEPBEFORE_END,1516223198041,124
559,WS_SEND_START,1516223198041,124
559,WS_SEND_END,1516223198041,124
559,WS_RECV_START,1516223198041,125
559,WS_RECV_END,1516223208712,125
559,PLAYER_SLEEPBEFORE_START,1516223208712,126
559,PLAYER_SLEEPBEFORE_END,1516223229224,126
559,WS_SEND_START,1516223229224,126
559,WS_SEND_END,1516223229224,126
559,PLAYER_SLEEPBEFORE_START,1516223229224,127
559,PLAYER_SLEEPBEFORE_END,1516223232278,127
559,WS_SEND_START,1516223232278,127
559,WS_SEND_END,1516223232278,127
559,WS_RECV_START,1516223232278,128
559,WS_RECV_END,1516223239419,128
559,PLAYER_SLEEPBEFORE_START,1516223239419,129
559,PLAYER_SLEEPBEFORE_END,1516223239439,129
559,WS_SEND_START,1516223239439,129
559,WS_SEND_END,1516223239439,129
559,WS_RECV_START,1516223239439,130
559,WS_RECV_END,1516223245073,130
559,PLAYER_SLEEPBEFORE_START,1516223245073,131
559,PLAYER_SLEEPBEFORE_END,1516223266698,131
559,WS_SEND_START,1516223266698,131
559,WS_SEND_END,1516223266698,131
559,PLAYER_SLEEPBEFORE_START,1516223266698,132
559,PLAYER_SLEEPBEFORE_END,1516223269778,132
559,WS_SEND_START,1516223269778,132
559,WS_SEND_END,1516223269778,132
559,WS_RECV_START,1516223269778,133
559,WS_RECV_END,1516223279500,133
559,PLAYER_SLEEPBEFORE_START,1516223279500,134
559,PLAYER_SLEEPBEFORE_END,1516223300717,134
559,WS_SEND_START,1516223300718,134
559,WS_SEND_END,1516223300718,134
559,PLAYER_SLEEPBEFORE_START,1516223300718,135
559,PLAYER_SLEEPBEFORE_END,1516223303908,135
559,WS_SEND_START,1516223303908,135
559,WS_SEND_END,1516223303908,135
559,WS_RECV_START,1516223303908,136
559,WS_RECV_END,1516223314345,136
559,PLAYER_SLEEPBEFORE_START,1516223314345,137
559,PLAYER_SLEEPBEFORE_END,1516223314352,137
559,WS_SEND_START,1516223314352,137
559,WS_SEND_END,1516223314352,137
559,WS_RECV_START,1516223314352,138
559,WS_RECV_END,1516223321744,138
559,PLAYER_SLEEPBEFORE_START,1516223321744,139
559,PLAYER_SLEEPBEFORE_END,1516223322434,139
559,WS_SEND_START,1516223322434,139
559,WS_SEND_END,1516223322434,139
559,WS_RECV_START,1516223322434,140
559,WS_RECV_END,1516223329251,140
559,PLAYER_SLEEPBEFORE_START,1516223329251,141
559,PLAYER_SLEEPBEFORE_END,1516223329906,141
559,WS_SEND_START,1516223329906,141
559,WS_SEND_END,1516223329906,141
559,WS_RECV_START,1516223329906,142
559,WS_RECV_END,1516223336721,142
559,PLAYER_SLEEPBEFORE_START,1516223336721,143
559,PLAYER_SLEEPBEFORE_END,1516223336778,143
559,WS_SEND_START,1516223336778,143
559,WS_SEND_END,1516223336778,143
559,WS_RECV_START,1516223336778,144
559,WS_RECV_END,1516223346876,144
559,PLAYER_SLEEPBEFORE_START,1516223346876,145
559,PLAYER_SLEEPBEFORE_END,1516223362938,145
559,REQ_START,1516223362938,145
559,REQ_END,1516223362945,145
559,PLAYER_SLEEPBEFORE_START,1516223362945,146
559,PLAYER_SLEEPBEFORE_END,1516223371822,146
559,WS_SEND_START,1516223371822,146
559,WS_SEND_END,1516223371822,146
559,WS_RECV_START,1516223371822,147
559,WS_RECV_END,1516223383651,147
559,PLAYER_SLEEPBEFORE_START,1516223383651,148
559,PLAYER_SLEEPBEFORE_END,1516223405573,148
559,WS_SEND_START,1516223405573,148
559,WS_SEND_END,1516223405573,148
559,PLAYER_SLEEPBEFORE_START,1516223405573,149
559,PLAYER_SLEEPBEFORE_END,1516223408003,149
559,WS_SEND_START,1516223408003,149
559,WS_SEND_END,1516223408003,149
559,WS_RECV_START,1516223408003,150
559,WS_RECV_END,1516223418882,150
559,PLAYER_SLEEPBEFORE_START,1516223418882,151
559,PLAYER_SLEEPBEFORE_END,1516223419092,151
559,WS_SEND_START,1516223419092,151
559,WS_SEND_END,1516223419092,151
559,WS_RECV_START,1516223419092,152
559,WS_RECV_END,1516223426304,152
559,PLAYER_SLEEPBEFORE_START,1516223426304,153
559,PLAYER_SLEEPBEFORE_END,1516223450231,153
559,WS_SEND_START,1516223450231,153
559,WS_SEND_END,1516223450231,153
559,WS_RECV_START,1516223450231,154
559,WS_RECV_END,1516223461292,154
559,PLAYER_SLEEPBEFORE_START,1516223461292,155
559,PLAYER_SLEEPBEFORE_END,1516223483850,155
559,WS_SEND_START,1516223483850,155
559,WS_SEND_END,1516223483850,155
559,PLAYER_SLEEPBEFORE_START,1516223483850,156
559,PLAYER_SLEEPBEFORE_END,1516223487124,156
559,WS_SEND_START,1516223487124,156
559,WS_SEND_END,1516223487124,156
559,WS_RECV_START,1516223487124,157
559,WS_RECV_END,1516223492072,157
559,PLAYER_SLEEPBEFORE_START,1516223492072,158
559,PLAYER_SLEEPBEFORE_END,1516223492082,158
559,WS_SEND_START,1516223492082,158
559,WS_SEND_END,1516223492082,158
559,WS_RECV_START,1516223492082,159
559,WS_RECV_END,1516223496877,159
559,PLAYER_SLEEPBEFORE_START,1516223496877,160
559,PLAYER_SLEEPBEFORE_END,1516223497055,160
559,WS_SEND_START,1516223497055,160
559,WS_SEND_END,1516223497055,160
559,WS_RECV_START,1516223497055,161
559,WS_RECV_END,1516223501982,161
559,PLAYER_SLEEPBEFORE_START,1516223501983,162
559,PLAYER_SLEEPBEFORE_END,1516223502008,162
559,WS_SEND_START,1516223502008,162
559,WS_SEND_END,1516223502008,162
559,WS_RECV_START,1516223502008,163
559,WS_RECV_END,1516223507108,163
559,PLAYER_SLEEPBEFORE_START,1516223507108,164
559,PLAYER_SLEEPBEFORE_END,1516223527920,164
559,WS_SEND_START,1516223527920,164
559,WS_SEND_END,1516223527920,164
559,WS_RECV_START,1516223527920,165
559,WS_RECV_END,1516223533264,165
559,PLAYER_SLEEPBEFORE_START,1516223533264,166
559,PLAYER_SLEEPBEFORE_END,1516223555719,166
559,WS_SEND_START,1516223555719,166
559,WS_SEND_END,1516223555719,166
559,WS_RECV_START,1516223555719,167
559,WS_RECV_END,1516223556946,167
559,PLAYER_SLEEPBEFORE_START,1516223556946,168
559,PLAYER_SLEEPBEFORE_END,1516223584303,168
559,WS_SEND_START,1516223584303,168
559,WS_SEND_END,1516223584303,168
559,WS_RECV_START,1516223584303,169
559,WS_RECV_END,1516223584504,169
559,PLAYER_SLEEPBEFORE_START,1516223584504,170
559,PLAYER_SLEEPBEFORE_END,1516223584513,170
559,WS_SEND_START,1516223584513,170
559,WS_SEND_END,1516223584514,170
559,WS_RECV_START,1516223584514,171
559,WS_RECV_END,1516223584694,171
559,PLAYER_SLEEPBEFORE_START,1516223584694,172
559,PLAYER_SLEEPBEFORE_END,1516223585063,172
559,WS_SEND_START,1516223585063,172
559,WS_SEND_END,1516223585063,172
559,WS_RECV_START,1516223585063,173
559,WS_RECV_END,1516223585330,173
559,PLAYER_SLEEPBEFORE_START,1516223585330,174
559,PLAYER_SLEEPBEFORE_END,1516223585371,174
559,WS_SEND_START,1516223585371,174
559,WS_SEND_END,1516223585371,174
559,WS_RECV_START,1516223585371,175
559,WS_RECV_END,1516223585749,175
559,PLAYER_SLEEPBEFORE_START,1516223585749,176
559,PLAYER_SLEEPBEFORE_END,1516223607510,176
559,WS_SEND_START,1516223607510,176
559,WS_SEND_END,1516223607510,176
559,PLAYER_SLEEPBEFORE_START,1516223607510,177
559,PLAYER_SLEEPBEFORE_END,1516223610029,177
559,WS_SEND_START,1516223610029,177
559,WS_SEND_END,1516223610029,177
559,WS_RECV_START,1516223610029,178
559,WS_RECV_END,1516223611001,178
559,PLAYER_SLEEPBEFORE_START,1516223611001,179
559,PLAYER_SLEEPBEFORE_END,1516223633341,179
559,WS_SEND_START,1516223633341,179
559,WS_SEND_END,1516223633341,179
559,WS_RECV_START,1516223633341,180
559,WS_RECV_END,1516223633505,180
559,PLAYER_SLEEPBEFORE_START,1516223633505,181
559,PLAYER_SLEEPBEFORE_END,1516223633949,181
559,WS_SEND_START,1516223633949,181
559,WS_SEND_END,1516223633949,181
559,WS_RECV_START,1516223633949,182
559,WS_RECV_END,1516223634227,182
559,PLAYER_SLEEPBEFORE_START,1516223634227,183
559,PLAYER_SLEEPBEFORE_END,1516223634750,183
559,WS_SEND_START,1516223634750,183
559,WS_SEND_END,1516223634750,183
559,WS_RECV_START,1516223634750,184
559,WS_RECV_END,1516223635053,184
559,PLAYER_SLEEPBEFORE_START,1516223635053,185
559,PLAYER_SLEEPBEFORE_END,1516223635322,185
559,WS_SEND_START,1516223635322,185
559,WS_SEND_END,1516223635322,185
559,WS_RECV_START,1516223635322,186
559,WS_RECV_END,1516223635475,186
559,PLAYER_SLEEPBEFORE_START,1516223635475,187
559,PLAYER_SLEEPBEFORE_END,1516223657975,187
559,WS_SEND_START,1516223657975,187
559,WS_SEND_END,1516223657975,187
559,WS_RECV_START,1516223657975,188
559,WS_RECV_END,1516223658084,188
559,PLAYER_SLEEPBEFORE_START,1516223658084,189
559,PLAYER_SLEEPBEFORE_END,1516223664323,189
559,WS_SEND_START,1516223664323,189
559,WS_SEND_END,1516223664323,189
559,WS_RECV_START,1516223664323,190
559,WS_RECV_END,1516223664459,190
559,PLAYER_SLEEPBEFORE_START,1516223664459,191
559,PLAYER_SLEEPBEFORE_END,1516223666374,191
559,WS_SEND_START,1516223666374,191
559,WS_SEND_END,1516223666374,191
559,WS_RECV_START,1516223666374,192
559,WS_RECV_END,1516223666600,192
559,PLAYER_SLEEPBEFORE_START,1516223666600,193
559,PLAYER_SLEEPBEFORE_END,1516223666728,193
559,WS_SEND_START,1516223666728,193
559,WS_SEND_END,1516223666728,193
559,WS_RECV_START,1516223666728,194
559,WS_RECV_END,1516223666915,194
559,PLAYER_SLEEPBEFORE_START,1516223666915,195
559,PLAYER_SLEEPBEFORE_END,1516223668670,195
559,WS_SEND_START,1516223668670,195
559,WS_SEND_END,1516223668670,195
559,WS_RECV_START,1516223668670,196
559,WS_RECV_END,1516223668840,196
559,PLAYER_SLEEPBEFORE_START,1516223668840,197
559,PLAYER_SLEEPBEFORE_END,1516223670645,197
559,WS_SEND_START,1516223670645,197
559,WS_SEND_END,1516223670645,197
559,WS_RECV_START,1516223670645,198
559,WS_RECV_END,1516223670770,198
559,PLAYER_SLEEPBEFORE_START,1516223670770,199
559,PLAYER_SLEEPBEFORE_END,1516223682625,199
559,WS_SEND_START,1516223682625,199
559,WS_SEND_END,1516223682625,199
559,PLAYER_SLEEPBEFORE_START,1516223682625,200
559,PLAYER_SLEEPBEFORE_END,1516223686713,200
559,WS_SEND_START,1516223686713,200
559,WS_SEND_END,1516223686713,200
559,WS_RECV_START,1516223686713,201
559,WS_RECV_END,1516223686828,201
559,PLAYER_SLEEPBEFORE_START,1516223686828,202
559,PLAYER_SLEEPBEFORE_END,1516223686842,202
559,WS_SEND_START,1516223686842,202
559,WS_SEND_END,1516223686842,202
559,WS_RECV_START,1516223686842,203
559,WS_RECV_END,1516223687123,203
559,PLAYER_SLEEPBEFORE_START,1516223687123,204
559,PLAYER_SLEEPBEFORE_END,1516223706772,204
559,WS_SEND_START,1516223706772,204
559,WS_SEND_END,1516223706772,204
559,PLAYER_SLEEPBEFORE_START,1516223706772,205
559,PLAYER_SLEEPBEFORE_END,1516223710670,205
559,WS_SEND_START,1516223710670,205
559,WS_SEND_END,1516223710671,205
559,WS_RECV_START,1516223710671,206
559,WS_RECV_END,1516223710990,206
559,PLAYER_SLEEPBEFORE_START,1516223710990,207
559,PLAYER_SLEEPBEFORE_END,1516223727921,207
559,REQ_START,1516223727921,207
559,REQ_END,1516223727931,207
559,PLAYER_SLEEPBEFORE_START,1516223727931,208
559,PLAYER_SLEEPBEFORE_END,1516223734783,208
559,WS_CLOSE_START,1516223734783,208
559,WS_CLOSE_END,1516223734783,208
559,PLAYER_DONE,1516223734783
