# --sessions 720 --app-url=http://shinyloadtest.rstudioservices.com/cran_explorer --output-dir test720 --overwrite-output --log-level warn --start-interval 500 15min.log
thread_id,event,timestamp,input_line_number,comment
617,PLAYER_SESSION_CREATE,1516222120262
617,PLAYER_START_INTERVAL_START,1516222120262
617,PLAYER_START_INTERVAL_END,1516222428762
617,REQ_HOME_START,1516222428762,2
617,REQ_HOME_END,1516222430745,2
617,REQ_START,1516222430745,3
617,REQ_END,1516222431031,3
617,REQ_START,1516222431031,4
617,REQ_END,1516222432018,4
617,REQ_START,1516222432018,5
617,REQ_END,1516222433682,5
617,REQ_START,1516222433682,6
617,REQ_END,1516222435875,6
617,REQ_START,1516222435875,7
617,REQ_END,1516222437788,7
617,REQ_START,1516222437788,8
617,REQ_END,1516222443964,8
617,REQ_START,1516222443964,9
617,REQ_END,1516222449618,9
617,REQ_START,1516222449618,10
617,REQ_END,1516222449633,10
617,REQ_START,1516222449633,11
617,REQ_END,1516222456107,11
617,REQ_START,1516222456107,12
617,REQ_END,1516222456124,12
617,REQ_START,1516222456124,13
617,REQ_END,1516222462620,13
617,REQ_START,1516222462620,14
617,REQ_END,1516222462643,14
617,REQ_START,1516222462643,15
617,REQ_END,1516222467017,15
617,REQ_TOK_START,1516222467017,16
617,REQ_TOK_END,1516222467027,16
617,REQ_SINF_START,1516222467027,17
617,REQ_SINF_END,1516222467034,17
617,WS_OPEN_START,1516222467034,18
617,WS_OPEN_END,1516222467045,18
617,REQ_START,1516222467045,19
617,REQ_END,1516222473188,19
617,WS_RECV_START,1516222473188,20
617,WS_RECV_END,1516222473188,20
617,PLAYER_SLEEPBEFORE_START,1516222473188,21
617,PLAYER_SLEEPBEFORE_END,1516222473193,21
617,WS_SEND_START,1516222473193,21
617,WS_SEND_END,1516222473193,21
617,PLAYER_SLEEPBEFORE_START,1516222473193,22
617,PLAYER_SLEEPBEFORE_END,1516222473194,22
617,WS_SEND_START,1516222473194,22
617,WS_SEND_END,1516222473194,22
617,WS_RECV_INIT_START,1516222473194,23
617,WS_RECV_INIT_END,1516222476784,23
617,WS_RECV_START,1516222476784,24
617,WS_RECV_END,1516222477553,24
617,PLAYER_SLEEPBEFORE_START,1516222477553,25
617,PLAYER_SLEEPBEFORE_END,1516222477560,25
617,REQ_START,1516222477560,25
617,REQ_END,1516222482016,25
617,PLAYER_SLEEPBEFORE_START,1516222482016,26
617,PLAYER_SLEEPBEFORE_END,1516222482017,26
617,REQ_START,1516222482017,26
617,REQ_END,1516222485820,26
617,PLAYER_SLEEPBEFORE_START,1516222485820,27
617,PLAYER_SLEEPBEFORE_END,1516222485823,27
617,REQ_START,1516222485823,27
617,REQ_END,1516222492890,27
617,PLAYER_SLEEPBEFORE_START,1516222492890,28
617,PLAYER_SLEEPBEFORE_END,1516222493175,28
617,REQ_START,1516222493175,28
617,REQ_END,1516222500999,28
617,PLAYER_SLEEPBEFORE_START,1516222500999,29
617,PLAYER_SLEEPBEFORE_END,1516222501175,29
617,WS_SEND_START,1516222501175,29
617,WS_SEND_END,1516222501175,29
617,WS_RECV_START,1516222501175,30
617,WS_RECV_END,1516222504723,30
617,PLAYER_SLEEPBEFORE_START,1516222504723,31
617,PLAYER_SLEEPBEFORE_END,1516222504734,31
617,REQ_START,1516222504734,31
617,REQ_END,1516222511228,31
617,PLAYER_SLEEPBEFORE_START,1516222511228,32
617,PLAYER_SLEEPBEFORE_END,1516222539373,32
617,WS_SEND_START,1516222539373,32
617,WS_SEND_END,1516222539373,32
617,WS_RECV_START,1516222539373,33
617,WS_RECV_END,1516222543981,33
617,PLAYER_SLEEPBEFORE_START,1516222543981,34
617,PLAYER_SLEEPBEFORE_END,1516222569892,34
617,WS_SEND_START,1516222569892,34
617,WS_SEND_END,1516222569892,34
617,WS_RECV_START,1516222569892,35
617,WS_RECV_END,1516222574294,35
617,PLAYER_SLEEPBEFORE_START,1516222574294,36
617,PLAYER_SLEEPBEFORE_END,1516222574304,36
617,WS_SEND_START,1516222574304,36
617,WS_SEND_END,1516222574304,36
617,WS_RECV_START,1516222574304,37
617,WS_RECV_END,1516222575208,37
617,PLAYER_SLEEPBEFORE_START,1516222575208,38
617,PLAYER_SLEEPBEFORE_END,1516222578403,38
617,WS_SEND_START,1516222578403,38
617,WS_SEND_END,1516222578403,38
617,WS_RECV_START,1516222578403,39
617,WS_RECV_END,1516222581877,39
617,PLAYER_SLEEPBEFORE_START,1516222581877,40
617,PLAYER_SLEEPBEFORE_END,1516222581923,40
617,WS_SEND_START,1516222581923,40
617,WS_SEND_END,1516222581923,40
617,WS_RECV_START,1516222581923,41
617,WS_RECV_END,1516222583571,41
617,PLAYER_SLEEPBEFORE_START,1516222583571,42
617,PLAYER_SLEEPBEFORE_END,1516222601706,42
617,WS_SEND_START,1516222601706,42
617,WS_SEND_END,1516222601706,42
617,WS_RECV_START,1516222601706,43
617,WS_RECV_END,1516222605980,43
617,PLAYER_SLEEPBEFORE_START,1516222605980,44
617,PLAYER_SLEEPBEFORE_END,1516222605992,44
617,WS_SEND_START,1516222605992,44
617,WS_SEND_END,1516222605992,44
617,WS_RECV_START,1516222605992,45
617,WS_RECV_END,1516222608752,45
617,PLAYER_SLEEPBEFORE_START,1516222608752,46
617,PLAYER_SLEEPBEFORE_END,1516222610013,46
617,WS_SEND_START,1516222610013,46
617,WS_SEND_END,1516222610013,46
617,WS_RECV_START,1516222610013,47
617,WS_RECV_END,1516222613074,47
617,PLAYER_SLEEPBEFORE_START,1516222613074,48
617,PLAYER_SLEEPBEFORE_END,1516222614394,48
617,WS_SEND_START,1516222614394,48
617,WS_SEND_END,1516222614394,48
617,WS_RECV_START,1516222614394,49
617,WS_RECV_END,1516222617269,49
617,PLAYER_SLEEPBEFORE_START,1516222617269,50
617,PLAYER_SLEEPBEFORE_END,1516222617294,50
617,WS_SEND_START,1516222617294,50
617,WS_SEND_END,1516222617294,50
617,WS_RECV_START,1516222617294,51
617,WS_RECV_END,1516222620715,51
617,PLAYER_SLEEPBEFORE_START,1516222620715,52
617,PLAYER_SLEEPBEFORE_END,1516222643279,52
617,WS_SEND_START,1516222643279,52
617,WS_SEND_END,1516222643279,52
617,WS_RECV_START,1516222643279,53
617,WS_RECV_END,1516222649475,53
617,PLAYER_SLEEPBEFORE_START,1516222649475,54
617,PLAYER_SLEEPBEFORE_END,1516222670778,54
617,WS_SEND_START,1516222670778,54
617,WS_SEND_END,1516222670778,54
617,PLAYER_SLEEPBEFORE_START,1516222670778,55
617,PLAYER_SLEEPBEFORE_END,1516222672719,55
617,WS_SEND_START,1516222672719,55
617,WS_SEND_END,1516222672719,55
617,WS_RECV_START,1516222672719,56
617,WS_RECV_END,1516222677572,56
617,PLAYER_SLEEPBEFORE_START,1516222677572,57
617,PLAYER_SLEEPBEFORE_END,1516222700444,57
617,WS_SEND_START,1516222700444,57
617,WS_SEND_END,1516222700444,57
617,WS_RECV_START,1516222700444,58
617,WS_RECV_END,1516222707420,58
617,PLAYER_SLEEPBEFORE_START,1516222707420,59
617,PLAYER_SLEEPBEFORE_END,1516222709747,59
617,WS_SEND_START,1516222709747,59
617,WS_SEND_END,1516222709747,59
617,WS_RECV_START,1516222709747,60
617,WS_RECV_END,1516222719419,60
617,PLAYER_SLEEPBEFORE_START,1516222719419,61
617,PLAYER_SLEEPBEFORE_END,1516222723010,61
617,WS_SEND_START,1516222723010,61
617,WS_SEND_END,1516222723010,61
617,WS_RECV_START,1516222723010,62
617,WS_RECV_END,1516222732661,62
617,PLAYER_SLEEPBEFORE_START,1516222732661,63
617,PLAYER_SLEEPBEFORE_END,1516222751923,63
617,WS_SEND_START,1516222751923,63
617,WS_SEND_END,1516222751923,63
617,WS_RECV_START,1516222751923,64
617,WS_RECV_END,1516222760480,64
617,PLAYER_SLEEPBEFORE_START,1516222760480,65
617,PLAYER_SLEEPBEFORE_END,1516222787297,65
617,WS_SEND_START,1516222787297,65
617,WS_SEND_END,1516222787297,65
617,WS_RECV_START,1516222787298,66
617,WS_RECV_END,1516222796202,66
617,PLAYER_SLEEPBEFORE_START,1516222796202,67
617,PLAYER_SLEEPBEFORE_END,1516222797709,67
617,WS_SEND_START,1516222797709,67
617,WS_SEND_END,1516222797709,67
617,WS_RECV_START,1516222797709,68
617,WS_RECV_END,1516222809493,68
617,PLAYER_SLEEPBEFORE_START,1516222809493,69
617,PLAYER_SLEEPBEFORE_END,1516222831491,69
617,WS_SEND_START,1516222831491,69
617,WS_SEND_END,1516222831492,69
617,WS_RECV_START,1516222831492,70
617,WS_RECV_END,1516222840122,70
617,PLAYER_SLEEPBEFORE_START,1516222840122,71
617,PLAYER_SLEEPBEFORE_END,1516222864897,71
617,WS_SEND_START,1516222864897,71
617,WS_SEND_END,1516222864897,71
617,PLAYER_SLEEPBEFORE_START,1516222864897,72
617,PLAYER_SLEEPBEFORE_END,1516222867504,72
617,WS_SEND_START,1516222867504,72
617,WS_SEND_END,1516222867504,72
617,WS_RECV_START,1516222867504,73
617,WS_RECV_END,1516222875908,73
617,PLAYER_SLEEPBEFORE_START,1516222875908,74
617,PLAYER_SLEEPBEFORE_END,1516222875917,74
617,WS_SEND_START,1516222875917,74
617,WS_SEND_END,1516222875917,74
617,WS_RECV_START,1516222875917,75
617,WS_RECV_END,1516222881117,75
617,PLAYER_SLEEPBEFORE_START,1516222881117,76
617,PLAYER_SLEEPBEFORE_END,1516222882623,76
617,WS_SEND_START,1516222882623,76
617,WS_SEND_END,1516222882623,76
617,WS_RECV_START,1516222882623,77
617,WS_RECV_END,1516222887825,77
617,PLAYER_SLEEPBEFORE_START,1516222887825,78
617,PLAYER_SLEEPBEFORE_END,1516222888693,78
617,WS_SEND_START,1516222888693,78
617,WS_SEND_END,1516222888693,78
617,WS_RECV_START,1516222888693,79
617,WS_RECV_END,1516222894635,79
617,PLAYER_SLEEPBEFORE_START,1516222894635,80
617,PLAYER_SLEEPBEFORE_END,1516222902302,80
617,WS_SEND_START,1516222902302,80
617,WS_SEND_END,1516222902302,80
617,WS_RECV_START,1516222902302,81
617,WS_RECV_END,1516222910687,81
617,PLAYER_SLEEPBEFORE_START,1516222910687,82
617,PLAYER_SLEEPBEFORE_END,1516222911789,82
617,WS_SEND_START,1516222911789,82
617,WS_SEND_END,1516222911789,82
617,WS_RECV_START,1516222911789,83
617,WS_RECV_END,1516222915461,83
617,PLAYER_SLEEPBEFORE_START,1516222915461,84
617,PLAYER_SLEEPBEFORE_END,1516222916408,84
617,WS_SEND_START,1516222916408,84
617,WS_SEND_END,1516222916408,84
617,WS_RECV_START,1516222916408,85
617,WS_RECV_END,1516222921942,85
617,PLAYER_SLEEPBEFORE_START,1516222921942,86
617,PLAYER_SLEEPBEFORE_END,1516222926114,86
617,WS_SEND_START,1516222926114,86
617,WS_SEND_END,1516222926114,86
617,WS_RECV_START,1516222926114,87
617,WS_RECV_END,1516222928060,87
617,PLAYER_SLEEPBEFORE_START,1516222928060,88
617,PLAYER_SLEEPBEFORE_END,1516222928069,88
617,WS_SEND_START,1516222928069,88
617,WS_SEND_END,1516222928069,88
617,WS_RECV_START,1516222928069,89
617,WS_RECV_END,1516222933408,89
617,PLAYER_SLEEPBEFORE_START,1516222933408,90
617,PLAYER_SLEEPBEFORE_END,1516222960605,90
617,REQ_START,1516222960605,90
617,REQ_END,1516222960613,90
617,PLAYER_SLEEPBEFORE_START,1516222960613,91
617,PLAYER_SLEEPBEFORE_END,1516222968502,91
617,WS_SEND_START,1516222968502,91
617,WS_SEND_END,1516222968502,91
617,WS_RECV_START,1516222968502,92
617,WS_RECV_END,1516222977745,92
617,PLAYER_SLEEPBEFORE_START,1516222977745,93
617,PLAYER_SLEEPBEFORE_END,1516222977760,93
617,WS_SEND_START,1516222977760,93
617,WS_SEND_END,1516222977760,93
617,WS_RECV_START,1516222977760,94
617,WS_RECV_END,1516222982225,94
617,PLAYER_SLEEPBEFORE_START,1516222982225,95
617,PLAYER_SLEEPBEFORE_END,1516223005780,95
617,WS_SEND_START,1516223005780,95
617,WS_SEND_END,1516223005780,95
617,WS_RECV_START,1516223005780,96
617,WS_RECV_END,1516223014429,96
617,PLAYER_SLEEPBEFORE_START,1516223014429,97
617,PLAYER_SLEEPBEFORE_END,1516223036869,97
617,WS_SEND_START,1516223036869,97
617,WS_SEND_END,1516223036869,97
617,WS_RECV_START,1516223036869,98
617,WS_RECV_END,1516223045032,98
617,PLAYER_SLEEPBEFORE_START,1516223045032,99
617,PLAYER_SLEEPBEFORE_END,1516223045053,99
617,WS_SEND_START,1516223045053,99
617,WS_SEND_END,1516223045053,99
617,WS_RECV_START,1516223045053,100
617,WS_RECV_END,1516223047228,100
617,PLAYER_SLEEPBEFORE_START,1516223047228,101
617,PLAYER_SLEEPBEFORE_END,1516223070787,101
617,WS_SEND_START,1516223070787,101
617,WS_SEND_END,1516223070787,101
617,WS_RECV_START,1516223070787,102
617,WS_RECV_END,1516223077243,102
617,PLAYER_SLEEPBEFORE_START,1516223077243,103
617,PLAYER_SLEEPBEFORE_END,1516223100868,103
617,WS_SEND_START,1516223100868,103
617,WS_SEND_END,1516223100868,103
617,WS_RECV_START,1516223100868,104
617,WS_RECV_END,1516223109972,104
617,PLAYER_SLEEPBEFORE_START,1516223109972,105
617,PLAYER_SLEEPBEFORE_END,1516223135349,105
617,WS_SEND_START,1516223135349,105
617,WS_SEND_END,1516223135349,105
617,WS_RECV_START,1516223135349,106
617,WS_RECV_END,1516223144110,106
617,PLAYER_SLEEPBEFORE_START,1516223144110,107
617,PLAYER_SLEEPBEFORE_END,1516223167534,107
617,WS_SEND_START,1516223167534,107
617,WS_SEND_END,1516223167534,107
617,WS_RECV_START,1516223167534,108
617,WS_RECV_END,1516223178048,108
617,PLAYER_SLEEPBEFORE_START,1516223178048,109
617,PLAYER_SLEEPBEFORE_END,1516223178058,109
617,WS_SEND_START,1516223178058,109
617,WS_SEND_END,1516223178058,109
617,WS_RECV_START,1516223178058,110
617,WS_RECV_END,1516223183924,110
617,PLAYER_SLEEPBEFORE_START,1516223183924,111
617,PLAYER_SLEEPBEFORE_END,1516223184883,111
617,WS_SEND_START,1516223184883,111
617,WS_SEND_END,1516223184883,111
617,WS_RECV_START,1516223184883,112
617,WS_RECV_END,1516223189624,112
617,PLAYER_SLEEPBEFORE_START,1516223189624,113
617,PLAYER_SLEEPBEFORE_END,1516223190186,113
617,WS_SEND_START,1516223190186,113
617,WS_SEND_END,1516223190186,113
617,WS_RECV_START,1516223190186,114
617,WS_RECV_END,1516223195514,114
617,PLAYER_SLEEPBEFORE_START,1516223195514,115
617,PLAYER_SLEEPBEFORE_END,1516223195523,115
617,WS_SEND_START,1516223195523,115
617,WS_SEND_END,1516223195523,115
617,WS_RECV_START,1516223195523,116
617,WS_RECV_END,1516223203220,116
617,PLAYER_SLEEPBEFORE_START,1516223203220,117
617,PLAYER_SLEEPBEFORE_END,1516223223580,117
617,WS_SEND_START,1516223223580,117
617,WS_SEND_END,1516223223581,117
617,PLAYER_SLEEPBEFORE_START,1516223223581,118
617,PLAYER_SLEEPBEFORE_END,1516223227333,118
617,WS_SEND_START,1516223227333,118
617,WS_SEND_END,1516223227333,118
617,WS_RECV_START,1516223227333,119
617,WS_RECV_END,1516223234992,119
617,PLAYER_SLEEPBEFORE_START,1516223234992,120
617,PLAYER_SLEEPBEFORE_END,1516223235980,120
617,WS_SEND_START,1516223235980,120
617,WS_SEND_END,1516223235980,120
617,WS_RECV_START,1516223235980,121
617,WS_RECV_END,1516223249202,121
617,PLAYER_SLEEPBEFORE_START,1516223249202,122
617,PLAYER_SLEEPBEFORE_END,1516223250387,122
617,WS_SEND_START,1516223250387,122
617,WS_SEND_END,1516223250387,122
617,WS_RECV_START,1516223250387,123
617,WS_RECV_END,1516223256369,123
617,PLAYER_SLEEPBEFORE_START,1516223256369,124
617,PLAYER_SLEEPBEFORE_END,1516223280775,124
617,WS_SEND_START,1516223280775,124
617,WS_SEND_END,1516223280775,124
617,WS_RECV_START,1516223280775,125
617,WS_RECV_END,1516223291264,125
617,PLAYER_SLEEPBEFORE_START,1516223291264,126
617,PLAYER_SLEEPBEFORE_END,1516223311776,126
617,WS_SEND_START,1516223311776,126
617,WS_SEND_END,1516223311776,126
617,PLAYER_SLEEPBEFORE_START,1516223311776,127
617,PLAYER_SLEEPBEFORE_END,1516223314831,127
617,WS_SEND_START,1516223314831,127
617,WS_SEND_END,1516223314831,127
617,WS_RECV_START,1516223314831,128
617,WS_RECV_END,1516223323059,128
617,PLAYER_SLEEPBEFORE_START,1516223323059,129
617,PLAYER_SLEEPBEFORE_END,1516223323079,129
617,WS_SEND_START,1516223323079,129
617,WS_SEND_END,1516223323079,129
617,WS_RECV_START,1516223323079,130
617,WS_RECV_END,1516223329359,130
617,PLAYER_SLEEPBEFORE_START,1516223329359,131
617,PLAYER_SLEEPBEFORE_END,1516223350983,131
617,WS_SEND_START,1516223350983,131
617,WS_SEND_END,1516223350983,131
617,PLAYER_SLEEPBEFORE_START,1516223350983,132
617,PLAYER_SLEEPBEFORE_END,1516223354063,132
617,WS_SEND_START,1516223354063,132
617,WS_SEND_END,1516223354064,132
617,WS_RECV_START,1516223354064,133
617,WS_RECV_END,1516223362927,133
617,PLAYER_SLEEPBEFORE_START,1516223362927,134
617,PLAYER_SLEEPBEFORE_END,1516223384144,134
617,WS_SEND_START,1516223384144,134
617,WS_SEND_END,1516223384144,134
617,PLAYER_SLEEPBEFORE_START,1516223384144,135
617,PLAYER_SLEEPBEFORE_END,1516223387334,135
617,WS_SEND_START,1516223387334,135
617,WS_SEND_END,1516223387334,135
617,WS_RECV_START,1516223387334,136
617,WS_RECV_END,1516223392845,136
617,PLAYER_SLEEPBEFORE_START,1516223392845,137
617,PLAYER_SLEEPBEFORE_END,1516223392852,137
617,WS_SEND_START,1516223392852,137
617,WS_SEND_END,1516223392852,137
617,WS_RECV_START,1516223392852,138
617,WS_RECV_END,1516223398022,138
617,PLAYER_SLEEPBEFORE_START,1516223398022,139
617,PLAYER_SLEEPBEFORE_END,1516223398712,139
617,WS_SEND_START,1516223398712,139
617,WS_SEND_END,1516223398712,139
617,WS_RECV_START,1516223398712,140
617,WS_RECV_END,1516223402876,140
617,PLAYER_SLEEPBEFORE_START,1516223402876,141
617,PLAYER_SLEEPBEFORE_END,1516223403531,141
617,WS_SEND_START,1516223403531,141
617,WS_SEND_END,1516223403531,141
617,WS_RECV_START,1516223403531,142
617,WS_RECV_END,1516223408871,142
617,PLAYER_SLEEPBEFORE_START,1516223408871,143
617,PLAYER_SLEEPBEFORE_END,1516223408928,143
617,WS_SEND_START,1516223408928,143
617,WS_SEND_END,1516223408928,143
617,WS_RECV_START,1516223408928,144
617,WS_RECV_END,1516223416192,144
617,PLAYER_SLEEPBEFORE_START,1516223416192,145
617,PLAYER_SLEEPBEFORE_END,1516223432254,145
617,REQ_START,1516223432254,145
617,REQ_END,1516223432262,145
617,PLAYER_SLEEPBEFORE_START,1516223432262,146
617,PLAYER_SLEEPBEFORE_END,1516223441139,146
617,WS_SEND_START,1516223441139,146
617,WS_SEND_END,1516223441139,146
617,WS_RECV_START,1516223441139,147
617,WS_RECV_END,1516223448676,147
617,PLAYER_SLEEPBEFORE_START,1516223448676,148
617,PLAYER_SLEEPBEFORE_END,1516223470599,148
617,WS_SEND_START,1516223470599,148
617,WS_SEND_END,1516223470599,148
617,PLAYER_SLEEPBEFORE_START,1516223470599,149
617,PLAYER_SLEEPBEFORE_END,1516223473027,149
617,WS_SEND_START,1516223473027,149
617,WS_SEND_END,1516223473027,149
617,WS_RECV_START,1516223473027,150
617,WS_RECV_END,1516223477839,150
617,PLAYER_SLEEPBEFORE_START,1516223477839,151
617,PLAYER_SLEEPBEFORE_END,1516223478049,151
617,WS_SEND_START,1516223478049,151
617,WS_SEND_END,1516223478049,151
617,WS_RECV_START,1516223478049,152
617,WS_RECV_END,1516223482210,152
617,PLAYER_SLEEPBEFORE_START,1516223482210,153
617,PLAYER_SLEEPBEFORE_END,1516223506137,153
617,WS_SEND_START,1516223506137,153
617,WS_SEND_END,1516223506137,153
617,WS_RECV_START,1516223506137,154
617,WS_RECV_END,1516223509136,154
617,PLAYER_SLEEPBEFORE_START,1516223509136,155
617,PLAYER_SLEEPBEFORE_END,1516223531694,155
617,WS_SEND_START,1516223531694,155
617,WS_SEND_END,1516223531694,155
617,PLAYER_SLEEPBEFORE_START,1516223531694,156
617,PLAYER_SLEEPBEFORE_END,1516223534969,156
617,WS_SEND_START,1516223534969,156
617,WS_SEND_END,1516223534969,156
617,WS_RECV_START,1516223534969,157
617,WS_RECV_END,1516223536810,157
617,PLAYER_SLEEPBEFORE_START,1516223536810,158
617,PLAYER_SLEEPBEFORE_END,1516223536820,158
617,WS_SEND_START,1516223536820,158
617,WS_SEND_END,1516223536820,158
617,WS_RECV_START,1516223536820,159
617,WS_RECV_END,1516223537322,159
617,PLAYER_SLEEPBEFORE_START,1516223537322,160
617,PLAYER_SLEEPBEFORE_END,1516223537497,160
617,WS_SEND_START,1516223537497,160
617,WS_SEND_END,1516223537497,160
617,WS_RECV_START,1516223537497,161
617,WS_RECV_END,1516223538327,161
617,PLAYER_SLEEPBEFORE_START,1516223538327,162
617,PLAYER_SLEEPBEFORE_END,1516223538352,162
617,WS_SEND_START,1516223538352,162
617,WS_SEND_END,1516223538352,162
617,WS_RECV_START,1516223538352,163
617,WS_RECV_END,1516223539359,163
617,PLAYER_SLEEPBEFORE_START,1516223539359,164
617,PLAYER_SLEEPBEFORE_END,1516223560171,164
617,WS_SEND_START,1516223560171,164
617,WS_SEND_END,1516223560171,164
617,WS_RECV_START,1516223560171,165
617,WS_RECV_END,1516223560406,165
617,PLAYER_SLEEPBEFORE_START,1516223560406,166
617,PLAYER_SLEEPBEFORE_END,1516223582861,166
617,WS_SEND_START,1516223582861,166
617,WS_SEND_END,1516223582861,166
617,WS_RECV_START,1516223582861,167
617,WS_RECV_END,1516223583062,167
617,PLAYER_SLEEPBEFORE_START,1516223583062,168
617,PLAYER_SLEEPBEFORE_END,1516223610419,168
617,WS_SEND_START,1516223610419,168
617,WS_SEND_END,1516223610419,168
617,WS_RECV_START,1516223610419,169
617,WS_RECV_END,1516223610515,169
617,PLAYER_SLEEPBEFORE_START,1516223610515,170
617,PLAYER_SLEEPBEFORE_END,1516223610524,170
617,WS_SEND_START,1516223610524,170
617,WS_SEND_END,1516223610524,170
617,WS_RECV_START,1516223610524,171
617,WS_RECV_END,1516223610566,171
617,PLAYER_SLEEPBEFORE_START,1516223610566,172
617,PLAYER_SLEEPBEFORE_END,1516223610935,172
617,WS_SEND_START,1516223610935,172
617,WS_SEND_END,1516223610935,172
617,WS_RECV_START,1516223610935,173
617,WS_RECV_END,1516223611458,173
617,PLAYER_SLEEPBEFORE_START,1516223611458,174
617,PLAYER_SLEEPBEFORE_END,1516223611499,174
617,WS_SEND_START,1516223611499,174
617,WS_SEND_END,1516223611499,174
617,WS_RECV_START,1516223611499,175
617,WS_RECV_END,1516223612258,175
617,PLAYER_SLEEPBEFORE_START,1516223612258,176
617,PLAYER_SLEEPBEFORE_END,1516223634019,176
617,WS_SEND_START,1516223634019,176
617,WS_SEND_END,1516223634019,176
617,PLAYER_SLEEPBEFORE_START,1516223634019,177
617,PLAYER_SLEEPBEFORE_END,1516223636537,177
617,WS_SEND_START,1516223636537,177
617,WS_SEND_END,1516223636537,177
617,WS_RECV_START,1516223636537,178
617,WS_RECV_END,1516223636704,178
617,PLAYER_SLEEPBEFORE_START,1516223636704,179
617,PLAYER_SLEEPBEFORE_END,1516223659044,179
617,WS_SEND_START,1516223659044,179
617,WS_SEND_END,1516223659044,179
617,WS_RECV_START,1516223659044,180
617,WS_RECV_END,1516223659183,180
617,PLAYER_SLEEPBEFORE_START,1516223659184,181
617,PLAYER_SLEEPBEFORE_END,1516223659628,181
617,WS_SEND_START,1516223659628,181
617,WS_SEND_END,1516223659628,181
617,WS_RECV_START,1516223659628,182
617,WS_RECV_END,1516223659745,182
617,PLAYER_SLEEPBEFORE_START,1516223659745,183
617,PLAYER_SLEEPBEFORE_END,1516223660268,183
617,WS_SEND_START,1516223660268,183
617,WS_SEND_END,1516223660269,183
617,WS_RECV_START,1516223660269,184
617,WS_RECV_END,1516223660424,184
617,PLAYER_SLEEPBEFORE_START,1516223660424,185
617,PLAYER_SLEEPBEFORE_END,1516223660693,185
617,WS_SEND_START,1516223660693,185
617,WS_SEND_END,1516223660693,185
617,WS_RECV_START,1516223660693,186
617,WS_RECV_END,1516223660845,186
617,PLAYER_SLEEPBEFORE_START,1516223660845,187
617,PLAYER_SLEEPBEFORE_END,1516223683345,187
617,WS_SEND_START,1516223683345,187
617,WS_SEND_END,1516223683345,187
617,WS_RECV_START,1516223683345,188
617,WS_RECV_END,1516223683387,188
617,PLAYER_SLEEPBEFORE_START,1516223683387,189
617,PLAYER_SLEEPBEFORE_END,1516223689626,189
617,WS_SEND_START,1516223689626,189
617,WS_SEND_END,1516223689626,189
617,WS_RECV_START,1516223689626,190
617,WS_RECV_END,1516223689771,190
617,PLAYER_SLEEPBEFORE_START,1516223689771,191
617,PLAYER_SLEEPBEFORE_END,1516223691687,191
617,WS_SEND_START,1516223691687,191
617,WS_SEND_END,1516223691687,191
617,WS_RECV_START,1516223691687,192
617,WS_RECV_END,1516223691833,192
617,PLAYER_SLEEPBEFORE_START,1516223691833,193
617,PLAYER_SLEEPBEFORE_END,1516223691961,193
617,WS_SEND_START,1516223691961,193
617,WS_SEND_END,1516223691961,193
617,WS_RECV_START,1516223691961,194
617,WS_RECV_END,1516223692111,194
617,PLAYER_SLEEPBEFORE_START,1516223692111,195
617,PLAYER_SLEEPBEFORE_END,1516223693866,195
617,WS_SEND_START,1516223693866,195
617,WS_SEND_END,1516223693866,195
617,WS_RECV_START,1516223693866,196
617,WS_RECV_END,1516223693999,196
617,PLAYER_SLEEPBEFORE_START,1516223693999,197
617,PLAYER_SLEEPBEFORE_END,1516223695803,197
617,WS_SEND_START,1516223695803,197
617,WS_SEND_END,1516223695803,197
617,WS_RECV_START,1516223695803,198
617,WS_RECV_END,1516223695944,198
617,PLAYER_SLEEPBEFORE_START,1516223695944,199
617,PLAYER_SLEEPBEFORE_END,1516223707798,199
617,WS_SEND_START,1516223707798,199
617,WS_SEND_END,1516223707798,199
617,PLAYER_SLEEPBEFORE_START,1516223707798,200
617,PLAYER_SLEEPBEFORE_END,1516223711886,200
617,WS_SEND_START,1516223711886,200
617,WS_SEND_END,1516223711886,200
617,WS_RECV_START,1516223711886,201
617,WS_RECV_END,1516223711990,201
617,PLAYER_SLEEPBEFORE_START,1516223711990,202
617,PLAYER_SLEEPBEFORE_END,1516223712004,202
617,WS_SEND_START,1516223712004,202
617,WS_SEND_END,1516223712005,202
617,WS_RECV_START,1516223712005,203
617,WS_RECV_END,1516223712133,203
617,PLAYER_SLEEPBEFORE_START,1516223712133,204
617,PLAYER_SLEEPBEFORE_END,1516223731782,204
617,WS_SEND_START,1516223731782,204
617,WS_SEND_END,1516223731782,204
617,PLAYER_SLEEPBEFORE_START,1516223731782,205
617,PLAYER_SLEEPBEFORE_END,1516223735680,205
617,WS_SEND_START,1516223735681,205
617,WS_SEND_END,1516223735681,205
617,WS_RECV_START,1516223735681,206
617,WS_RECV_END,1516223735818,206
617,PLAYER_SLEEPBEFORE_START,1516223735818,207
617,PLAYER_SLEEPBEFORE_END,1516223752749,207
617,REQ_START,1516223752749,207
617,REQ_END,1516223752760,207
617,PLAYER_SLEEPBEFORE_START,1516223752760,208
617,PLAYER_SLEEPBEFORE_END,1516223759613,208
617,WS_CLOSE_START,1516223759613,208
617,WS_CLOSE_END,1516223759613,208
617,PLAYER_DONE,1516223759613
