# --sessions 720 --app-url=http://shinyloadtest.rstudioservices.com/cran_explorer --output-dir test720 --overwrite-output --log-level warn --start-interval 500 15min.log
thread_id,event,timestamp,input_line_number,comment
619,PLAYER_SESSION_CREATE,1516222120262
619,PLAYER_START_INTERVAL_START,1516222120262
619,PLAYER_START_INTERVAL_END,1516222429762
619,REQ_HOME_START,1516222429763,2
619,REQ_HOME_END,1516222432170,2
619,REQ_START,1516222432170,3
619,REQ_END,1516222437203,3
619,REQ_START,1516222437203,4
619,REQ_END,1516222440987,4
619,REQ_START,1516222440987,5
619,REQ_END,1516222446994,5
619,REQ_START,1516222446994,6
619,REQ_END,1516222455885,6
619,REQ_START,1516222455885,7
619,REQ_END,1516222465428,7
619,REQ_START,1516222465428,8
619,REQ_END,1516222473187,8
619,REQ_START,1516222473187,9
619,REQ_END,1516222478991,9
619,REQ_START,1516222478991,10
619,REQ_END,1516222479029,10
619,REQ_START,1516222479029,11
619,REQ_END,1516222485549,11
619,REQ_START,1516222485549,12
619,REQ_END,1516222485569,12
619,REQ_START,1516222485569,13
619,REQ_END,1516222492397,13
619,REQ_START,1516222492397,14
619,REQ_END,1516222492419,14
619,REQ_START,1516222492419,15
619,REQ_END,1516222498267,15
619,REQ_TOK_START,1516222498267,16
619,REQ_TOK_END,1516222498319,16
619,REQ_SINF_START,1516222498319,17
619,REQ_SINF_END,1516222498326,17
619,WS_OPEN_START,1516222498326,18
619,WS_OPEN_END,1516222498335,18
619,REQ_START,1516222498335,19
619,REQ_END,1516222506050,19
619,WS_RECV_START,1516222506050,20
619,WS_RECV_END,1516222506051,20
619,PLAYER_SLEEPBEFORE_START,1516222506051,21
619,PLAYER_SLEEPBEFORE_END,1516222506056,21
619,WS_SEND_START,1516222506056,21
619,WS_SEND_END,1516222506056,21
619,PLAYER_SLEEPBEFORE_START,1516222506056,22
619,PLAYER_SLEEPBEFORE_END,1516222506057,22
619,WS_SEND_START,1516222506057,22
619,WS_SEND_END,1516222506057,22
619,WS_RECV_INIT_START,1516222506057,23
619,WS_RECV_INIT_END,1516222515014,23
619,WS_RECV_START,1516222515014,24
619,WS_RECV_END,1516222516910,24
619,PLAYER_SLEEPBEFORE_START,1516222516910,25
619,PLAYER_SLEEPBEFORE_END,1516222516917,25
619,REQ_START,1516222516917,25
619,REQ_END,1516222527408,25
619,PLAYER_SLEEPBEFORE_START,1516222527408,26
619,PLAYER_SLEEPBEFORE_END,1516222527416,26
619,REQ_START,1516222527416,26
619,REQ_END,1516222537347,26
619,PLAYER_SLEEPBEFORE_START,1516222537347,27
619,PLAYER_SLEEPBEFORE_END,1516222537351,27
619,REQ_START,1516222537351,27
619,REQ_END,1516222549783,27
619,PLAYER_SLEEPBEFORE_START,1516222549783,28
619,PLAYER_SLEEPBEFORE_END,1516222550068,28
619,REQ_START,1516222550068,28
619,REQ_END,1516222564621,28
619,PLAYER_SLEEPBEFORE_START,1516222564621,29
619,PLAYER_SLEEPBEFORE_END,1516222564796,29
619,WS_SEND_START,1516222564796,29
619,WS_SEND_END,1516222564796,29
619,WS_RECV_START,1516222564796,30
619,WS_RECV_END,1516222572662,30
619,PLAYER_SLEEPBEFORE_START,1516222572662,31
619,PLAYER_SLEEPBEFORE_END,1516222572673,31
619,REQ_START,1516222572673,31
619,REQ_END,1516222584455,31
619,PLAYER_SLEEPBEFORE_START,1516222584455,32
619,PLAYER_SLEEPBEFORE_END,1516222612600,32
619,WS_SEND_START,1516222612600,32
619,WS_SEND_END,1516222612600,32
619,WS_RECV_START,1516222612600,33
619,WS_RECV_END,1516222621548,33
619,PLAYER_SLEEPBEFORE_START,1516222621548,34
619,PLAYER_SLEEPBEFORE_END,1516222647459,34
619,WS_SEND_START,1516222647459,34
619,WS_SEND_END,1516222647459,34
619,WS_RECV_START,1516222647459,35
619,WS_RECV_END,1516222657039,35
619,PLAYER_SLEEPBEFORE_START,1516222657039,36
619,PLAYER_SLEEPBEFORE_END,1516222657049,36
619,WS_SEND_START,1516222657049,36
619,WS_SEND_END,1516222657049,36
619,WS_RECV_START,1516222657049,37
619,WS_RECV_END,1516222662657,37
619,PLAYER_SLEEPBEFORE_START,1516222662657,38
619,PLAYER_SLEEPBEFORE_END,1516222665852,38
619,WS_SEND_START,1516222665852,38
619,WS_SEND_END,1516222665852,38
619,WS_RECV_START,1516222665852,39
619,WS_RECV_END,1516222670480,39
619,PLAYER_SLEEPBEFORE_START,1516222670480,40
619,PLAYER_SLEEPBEFORE_END,1516222670526,40
619,WS_SEND_START,1516222670526,40
619,WS_SEND_END,1516222670526,40
619,WS_RECV_START,1516222670526,41
619,WS_RECV_END,1516222677265,41
619,PLAYER_SLEEPBEFORE_START,1516222677265,42
619,PLAYER_SLEEPBEFORE_END,1516222695400,42
619,WS_SEND_START,1516222695400,42
619,WS_SEND_END,1516222695400,42
619,WS_RECV_START,1516222695400,43
619,WS_RECV_END,1516222709022,43
619,PLAYER_SLEEPBEFORE_START,1516222709022,44
619,PLAYER_SLEEPBEFORE_END,1516222709035,44
619,WS_SEND_START,1516222709035,44
619,WS_SEND_END,1516222709035,44
619,WS_RECV_START,1516222709035,45
619,WS_RECV_END,1516222714592,45
619,PLAYER_SLEEPBEFORE_START,1516222714592,46
619,PLAYER_SLEEPBEFORE_END,1516222715862,46
619,WS_SEND_START,1516222715862,46
619,WS_SEND_END,1516222715862,46
619,WS_RECV_START,1516222715862,47
619,WS_RECV_END,1516222720631,47
619,PLAYER_SLEEPBEFORE_START,1516222720631,48
619,PLAYER_SLEEPBEFORE_END,1516222721951,48
619,WS_SEND_START,1516222721951,48
619,WS_SEND_END,1516222721951,48
619,WS_RECV_START,1516222721951,49
619,WS_RECV_END,1516222728003,49
619,PLAYER_SLEEPBEFORE_START,1516222728003,50
619,PLAYER_SLEEPBEFORE_END,1516222728027,50
619,WS_SEND_START,1516222728027,50
619,WS_SEND_END,1516222728027,50
619,WS_RECV_START,1516222728027,51
619,WS_RECV_END,1516222735483,51
619,PLAYER_SLEEPBEFORE_START,1516222735483,52
619,PLAYER_SLEEPBEFORE_END,1516222758047,52
619,WS_SEND_START,1516222758048,52
619,WS_SEND_END,1516222758048,52
619,WS_RECV_START,1516222758048,53
619,WS_RECV_END,1516222770749,53
619,PLAYER_SLEEPBEFORE_START,1516222770749,54
619,PLAYER_SLEEPBEFORE_END,1516222792052,54
619,WS_SEND_START,1516222792052,54
619,WS_SEND_END,1516222792052,54
619,PLAYER_SLEEPBEFORE_START,1516222792052,55
619,PLAYER_SLEEPBEFORE_END,1516222793994,55
619,WS_SEND_START,1516222793994,55
619,WS_SEND_END,1516222793994,55
619,WS_RECV_START,1516222793994,56
619,WS_RECV_END,1516222803423,56
619,PLAYER_SLEEPBEFORE_START,1516222803423,57
619,PLAYER_SLEEPBEFORE_END,1516222826295,57
619,WS_SEND_START,1516222826295,57
619,WS_SEND_END,1516222826295,57
619,WS_RECV_START,1516222826295,58
619,WS_RECV_END,1516222842324,58
619,PLAYER_SLEEPBEFORE_START,1516222842324,59
619,PLAYER_SLEEPBEFORE_END,1516222844652,59
619,WS_SEND_START,1516222844652,59
619,WS_SEND_END,1516222844652,59
619,WS_RECV_START,1516222844652,60
619,WS_RECV_END,1516222848750,60
619,PLAYER_SLEEPBEFORE_START,1516222848750,61
619,PLAYER_SLEEPBEFORE_END,1516222852342,61
619,WS_SEND_START,1516222852342,61
619,WS_SEND_END,1516222852342,61
619,WS_RECV_START,1516222852342,62
619,WS_RECV_END,1516222857810,62
619,PLAYER_SLEEPBEFORE_START,1516222857810,63
619,PLAYER_SLEEPBEFORE_END,1516222877073,63
619,WS_SEND_START,1516222877073,63
619,WS_SEND_END,1516222877073,63
619,WS_RECV_START,1516222877073,64
619,WS_RECV_END,1516222893146,64
619,PLAYER_SLEEPBEFORE_START,1516222893146,65
619,PLAYER_SLEEPBEFORE_END,1516222919963,65
619,WS_SEND_START,1516222919964,65
619,WS_SEND_END,1516222919964,65
619,WS_RECV_START,1516222919964,66
619,WS_RECV_END,1516222929955,66
619,PLAYER_SLEEPBEFORE_START,1516222929955,67
619,PLAYER_SLEEPBEFORE_END,1516222931462,67
619,WS_SEND_START,1516222931462,67
619,WS_SEND_END,1516222931462,67
619,WS_RECV_START,1516222931462,68
619,WS_RECV_END,1516222943282,68
619,PLAYER_SLEEPBEFORE_START,1516222943282,69
619,PLAYER_SLEEPBEFORE_END,1516222965280,69
619,WS_SEND_START,1516222965280,69
619,WS_SEND_END,1516222965280,69
619,WS_RECV_START,1516222965280,70
619,WS_RECV_END,1516222978516,70
619,PLAYER_SLEEPBEFORE_START,1516222978516,71
619,PLAYER_SLEEPBEFORE_END,1516223003291,71
619,WS_SEND_START,1516223003291,71
619,WS_SEND_END,1516223003291,71
619,PLAYER_SLEEPBEFORE_START,1516223003291,72
619,PLAYER_SLEEPBEFORE_END,1516223005898,72
619,WS_SEND_START,1516223005898,72
619,WS_SEND_END,1516223005898,72
619,WS_RECV_START,1516223005898,73
619,WS_RECV_END,1516223017379,73
619,PLAYER_SLEEPBEFORE_START,1516223017379,74
619,PLAYER_SLEEPBEFORE_END,1516223017388,74
619,WS_SEND_START,1516223017388,74
619,WS_SEND_END,1516223017388,74
619,WS_RECV_START,1516223017388,75
619,WS_RECV_END,1516223025225,75
619,PLAYER_SLEEPBEFORE_START,1516223025225,76
619,PLAYER_SLEEPBEFORE_END,1516223026731,76
619,WS_SEND_START,1516223026731,76
619,WS_SEND_END,1516223026731,76
619,WS_RECV_START,1516223026731,77
619,WS_RECV_END,1516223034765,77
619,PLAYER_SLEEPBEFORE_START,1516223034765,78
619,PLAYER_SLEEPBEFORE_END,1516223035633,78
619,WS_SEND_START,1516223035633,78
619,WS_SEND_END,1516223035633,78
619,WS_RECV_START,1516223035633,79
619,WS_RECV_END,1516223043733,79
619,PLAYER_SLEEPBEFORE_START,1516223043733,80
619,PLAYER_SLEEPBEFORE_END,1516223051399,80
619,WS_SEND_START,1516223051399,80
619,WS_SEND_END,1516223051399,80
619,WS_RECV_START,1516223051399,81
619,WS_RECV_END,1516223052993,81
619,PLAYER_SLEEPBEFORE_START,1516223052993,82
619,PLAYER_SLEEPBEFORE_END,1516223054095,82
619,WS_SEND_START,1516223054095,82
619,WS_SEND_END,1516223054095,82
619,WS_RECV_START,1516223054095,83
619,WS_RECV_END,1516223064225,83
619,PLAYER_SLEEPBEFORE_START,1516223064225,84
619,PLAYER_SLEEPBEFORE_END,1516223065172,84
619,WS_SEND_START,1516223065172,84
619,WS_SEND_END,1516223065172,84
619,WS_RECV_START,1516223065172,85
619,WS_RECV_END,1516223074201,85
619,PLAYER_SLEEPBEFORE_START,1516223074201,86
619,PLAYER_SLEEPBEFORE_END,1516223078373,86
619,WS_SEND_START,1516223078373,86
619,WS_SEND_END,1516223078373,86
619,WS_RECV_START,1516223078373,87
619,WS_RECV_END,1516223084070,87
619,PLAYER_SLEEPBEFORE_START,1516223084071,88
619,PLAYER_SLEEPBEFORE_END,1516223084079,88
619,WS_SEND_START,1516223084079,88
619,WS_SEND_END,1516223084079,88
619,WS_RECV_START,1516223084079,89
619,WS_RECV_END,1516223095812,89
619,PLAYER_SLEEPBEFORE_START,1516223095812,90
619,PLAYER_SLEEPBEFORE_END,1516223123010,90
619,REQ_START,1516223123010,90
619,REQ_END,1516223123017,90
619,PLAYER_SLEEPBEFORE_START,1516223123017,91
619,PLAYER_SLEEPBEFORE_END,1516223130906,91
619,WS_SEND_START,1516223130906,91
619,WS_SEND_END,1516223130906,91
619,WS_RECV_START,1516223130906,92
619,WS_RECV_END,1516223148006,92
619,PLAYER_SLEEPBEFORE_START,1516223148006,93
619,PLAYER_SLEEPBEFORE_END,1516223148021,93
619,WS_SEND_START,1516223148021,93
619,WS_SEND_END,1516223148021,93
619,WS_RECV_START,1516223148021,94
619,WS_RECV_END,1516223156307,94
619,PLAYER_SLEEPBEFORE_START,1516223156307,95
619,PLAYER_SLEEPBEFORE_END,1516223179862,95
619,WS_SEND_START,1516223179862,95
619,WS_SEND_END,1516223179862,95
619,WS_RECV_START,1516223179862,96
619,WS_RECV_END,1516223191108,96
619,PLAYER_SLEEPBEFORE_START,1516223191108,97
619,PLAYER_SLEEPBEFORE_END,1516223213548,97
619,WS_SEND_START,1516223213548,97
619,WS_SEND_END,1516223213548,97
619,WS_RECV_START,1516223213548,98
619,WS_RECV_END,1516223227762,98
619,PLAYER_SLEEPBEFORE_START,1516223227762,99
619,PLAYER_SLEEPBEFORE_END,1516223227783,99
619,WS_SEND_START,1516223227783,99
619,WS_SEND_END,1516223227783,99
619,WS_RECV_START,1516223227783,100
619,WS_RECV_END,1516223236193,100
619,PLAYER_SLEEPBEFORE_START,1516223236193,101
619,PLAYER_SLEEPBEFORE_END,1516223259752,101
619,WS_SEND_START,1516223259752,101
619,WS_SEND_END,1516223259753,101
619,WS_RECV_START,1516223259753,102
619,WS_RECV_END,1516223273003,102
619,PLAYER_SLEEPBEFORE_START,1516223273003,103
619,PLAYER_SLEEPBEFORE_END,1516223296628,103
619,WS_SEND_START,1516223296628,103
619,WS_SEND_END,1516223296628,103
619,WS_RECV_START,1516223296628,104
619,WS_RECV_END,1516223308882,104
619,PLAYER_SLEEPBEFORE_START,1516223308882,105
619,PLAYER_SLEEPBEFORE_END,1516223334259,105
619,WS_SEND_START,1516223334259,105
619,WS_SEND_END,1516223334259,105
619,WS_RECV_START,1516223334259,106
619,WS_RECV_END,1516223351738,106
619,PLAYER_SLEEPBEFORE_START,1516223351738,107
619,PLAYER_SLEEPBEFORE_END,1516223375161,107
619,WS_SEND_START,1516223375161,107
619,WS_SEND_END,1516223375161,107
619,WS_RECV_START,1516223375161,108
619,WS_RECV_END,1516223394588,108
619,PLAYER_SLEEPBEFORE_START,1516223394588,109
619,PLAYER_SLEEPBEFORE_END,1516223394597,109
619,WS_SEND_START,1516223394597,109
619,WS_SEND_END,1516223394597,109
619,WS_RECV_START,1516223394597,110
619,WS_RECV_END,1516223404742,110
619,PLAYER_SLEEPBEFORE_START,1516223404742,111
619,PLAYER_SLEEPBEFORE_END,1516223405701,111
619,WS_SEND_START,1516223405701,111
619,WS_SEND_END,1516223405701,111
619,WS_RECV_START,1516223405701,112
619,WS_RECV_END,1516223418307,112
619,PLAYER_SLEEPBEFORE_START,1516223418307,113
619,PLAYER_SLEEPBEFORE_END,1516223418869,113
619,WS_SEND_START,1516223418869,113
619,WS_SEND_END,1516223418869,113
619,WS_RECV_START,1516223418869,114
619,WS_RECV_END,1516223429704,114
619,PLAYER_SLEEPBEFORE_START,1516223429704,115
619,PLAYER_SLEEPBEFORE_END,1516223429713,115
619,WS_SEND_START,1516223429713,115
619,WS_SEND_END,1516223429713,115
619,WS_RECV_START,1516223429713,116
619,WS_RECV_END,1516223441288,116
619,PLAYER_SLEEPBEFORE_START,1516223441288,117
619,PLAYER_SLEEPBEFORE_END,1516223461648,117
619,WS_SEND_START,1516223461648,117
619,WS_SEND_END,1516223461648,117
619,PLAYER_SLEEPBEFORE_START,1516223461648,118
619,PLAYER_SLEEPBEFORE_END,1516223465400,118
619,WS_SEND_START,1516223465400,118
619,WS_SEND_END,1516223465400,118
619,WS_RECV_START,1516223465401,119
619,WS_RECV_END,1516223476269,119
619,PLAYER_SLEEPBEFORE_START,1516223476269,120
619,PLAYER_SLEEPBEFORE_END,1516223477257,120
619,WS_SEND_START,1516223477257,120
619,WS_SEND_END,1516223477257,120
619,WS_RECV_START,1516223477257,121
619,WS_RECV_END,1516223500651,121
619,PLAYER_SLEEPBEFORE_START,1516223500651,122
619,PLAYER_SLEEPBEFORE_END,1516223501836,122
619,WS_SEND_START,1516223501836,122
619,WS_SEND_END,1516223501836,122
619,WS_RECV_START,1516223501836,123
619,WS_RECV_END,1516223511904,123
619,PLAYER_SLEEPBEFORE_START,1516223511904,124
619,PLAYER_SLEEPBEFORE_END,1516223536309,124
619,WS_SEND_START,1516223536309,124
619,WS_SEND_END,1516223536309,124
619,WS_RECV_START,1516223536309,125
619,WS_RECV_END,1516223547134,125
619,PLAYER_SLEEPBEFORE_START,1516223547134,126
619,PLAYER_SLEEPBEFORE_END,1516223567646,126
619,WS_SEND_START,1516223567646,126
619,WS_SEND_END,1516223567646,126
619,PLAYER_SLEEPBEFORE_START,1516223567646,127
619,PLAYER_SLEEPBEFORE_END,1516223570700,127
619,WS_SEND_START,1516223570700,127
619,WS_SEND_END,1516223570700,127
619,WS_RECV_START,1516223570700,128
619,WS_RECV_END,1516223580693,128
619,PLAYER_SLEEPBEFORE_START,1516223580693,129
619,PLAYER_SLEEPBEFORE_END,1516223580713,129
619,WS_SEND_START,1516223580713,129
619,WS_SEND_END,1516223580713,129
619,WS_RECV_START,1516223580713,130
619,WS_RECV_END,1516223585823,130
619,PLAYER_SLEEPBEFORE_START,1516223585823,131
619,PLAYER_SLEEPBEFORE_END,1516223607447,131
619,WS_SEND_START,1516223607447,131
619,WS_SEND_END,1516223607447,131
619,PLAYER_SLEEPBEFORE_START,1516223607447,132
619,PLAYER_SLEEPBEFORE_END,1516223610527,132
619,WS_SEND_START,1516223610527,132
619,WS_SEND_END,1516223610527,132
619,WS_RECV_START,1516223610527,133
619,WS_RECV_END,1516223612975,133
619,PLAYER_SLEEPBEFORE_START,1516223612975,134
619,PLAYER_SLEEPBEFORE_END,1516223634192,134
619,WS_SEND_START,1516223634192,134
619,WS_SEND_END,1516223634192,134
619,PLAYER_SLEEPBEFORE_START,1516223634192,135
619,PLAYER_SLEEPBEFORE_END,1516223637383,135
619,WS_SEND_START,1516223637383,135
619,WS_SEND_END,1516223637383,135
619,WS_RECV_START,1516223637383,136
619,WS_RECV_END,1516223638270,136
619,PLAYER_SLEEPBEFORE_START,1516223638270,137
619,PLAYER_SLEEPBEFORE_END,1516223638278,137
619,WS_SEND_START,1516223638278,137
619,WS_SEND_END,1516223638278,137
619,WS_RECV_START,1516223638278,138
619,WS_RECV_END,1516223639862,138
619,PLAYER_SLEEPBEFORE_START,1516223639862,139
619,PLAYER_SLEEPBEFORE_END,1516223640552,139
619,WS_SEND_START,1516223640552,139
619,WS_SEND_END,1516223640552,139
619,WS_RECV_START,1516223640552,140
619,WS_RECV_END,1516223640938,140
619,PLAYER_SLEEPBEFORE_START,1516223640938,141
619,PLAYER_SLEEPBEFORE_END,1516223641593,141
619,WS_SEND_START,1516223641593,141
619,WS_SEND_END,1516223641593,141
619,WS_RECV_START,1516223641593,142
619,WS_RECV_END,1516223641921,142
619,PLAYER_SLEEPBEFORE_START,1516223641921,143
619,PLAYER_SLEEPBEFORE_END,1516223641978,143
619,WS_SEND_START,1516223641978,143
619,WS_SEND_END,1516223641978,143
619,WS_RECV_START,1516223641978,144
619,WS_RECV_END,1516223643281,144
619,PLAYER_SLEEPBEFORE_START,1516223643281,145
619,PLAYER_SLEEPBEFORE_END,1516223659343,145
619,REQ_START,1516223659343,145
619,REQ_END,1516223659351,145
619,PLAYER_SLEEPBEFORE_START,1516223659351,146
619,PLAYER_SLEEPBEFORE_END,1516223668228,146
619,WS_SEND_START,1516223668228,146
619,WS_SEND_END,1516223668228,146
619,WS_RECV_START,1516223668228,147
619,WS_RECV_END,1516223668366,147
619,PLAYER_SLEEPBEFORE_START,1516223668366,148
619,PLAYER_SLEEPBEFORE_END,1516223690289,148
619,WS_SEND_START,1516223690289,148
619,WS_SEND_END,1516223690289,148
619,PLAYER_SLEEPBEFORE_START,1516223690289,149
619,PLAYER_SLEEPBEFORE_END,1516223692717,149
619,WS_SEND_START,1516223692717,149
619,WS_SEND_END,1516223692717,149
619,WS_RECV_START,1516223692717,150
619,WS_RECV_END,1516223693101,150
619,PLAYER_SLEEPBEFORE_START,1516223693101,151
619,PLAYER_SLEEPBEFORE_END,1516223693311,151
619,WS_SEND_START,1516223693311,151
619,WS_SEND_END,1516223693311,151
619,WS_RECV_START,1516223693311,152
619,WS_RECV_END,1516223693587,152
619,PLAYER_SLEEPBEFORE_START,1516223693587,153
619,PLAYER_SLEEPBEFORE_END,1516223717514,153
619,WS_SEND_START,1516223717514,153
619,WS_SEND_END,1516223717514,153
619,WS_RECV_START,1516223717514,154
619,WS_RECV_END,1516223718169,154
619,PLAYER_SLEEPBEFORE_START,1516223718169,155
619,PLAYER_SLEEPBEFORE_END,1516223740727,155
619,WS_SEND_START,1516223740727,155
619,WS_SEND_END,1516223740727,155
619,PLAYER_SLEEPBEFORE_START,1516223740727,156
619,PLAYER_SLEEPBEFORE_END,1516223744002,156
619,WS_SEND_START,1516223744002,156
619,WS_SEND_END,1516223744002,156
619,WS_RECV_START,1516223744002,157
619,WS_RECV_END,1516223744254,157
619,PLAYER_SLEEPBEFORE_START,1516223744254,158
619,PLAYER_SLEEPBEFORE_END,1516223744264,158
619,WS_SEND_START,1516223744264,158
619,WS_SEND_END,1516223744264,158
619,WS_RECV_START,1516223744264,159
619,WS_RECV_END,1516223744310,159
619,PLAYER_SLEEPBEFORE_START,1516223744310,160
619,PLAYER_SLEEPBEFORE_END,1516223744485,160
619,WS_SEND_START,1516223744485,160
619,WS_SEND_END,1516223744485,160
619,WS_RECV_START,1516223744485,161
619,WS_RECV_END,1516223744992,161
619,PLAYER_SLEEPBEFORE_START,1516223744992,162
619,PLAYER_SLEEPBEFORE_END,1516223745017,162
619,WS_SEND_START,1516223745017,162
619,WS_SEND_END,1516223745017,162
619,WS_RECV_START,1516223745017,163
619,WS_RECV_END,1516223745298,163
619,PLAYER_SLEEPBEFORE_START,1516223745298,164
619,PLAYER_SLEEPBEFORE_END,1516223766110,164
619,WS_SEND_START,1516223766110,164
619,WS_SEND_END,1516223766110,164
619,WS_RECV_START,1516223766110,165
619,WS_RECV_END,1516223766242,165
619,PLAYER_SLEEPBEFORE_START,1516223766242,166
619,PLAYER_SLEEPBEFORE_END,1516223788697,166
619,WS_SEND_START,1516223788697,166
619,WS_SEND_END,1516223788697,166
619,WS_RECV_START,1516223788697,167
619,WS_RECV_END,1516223788876,167
619,PLAYER_SLEEPBEFORE_START,1516223788876,168
619,PLAYER_SLEEPBEFORE_END,1516223816233,168
619,WS_SEND_START,1516223816233,168
619,WS_SEND_END,1516223816233,168
619,WS_RECV_START,1516223816233,169
619,WS_RECV_END,1516223816315,169
619,PLAYER_SLEEPBEFORE_START,1516223816315,170
619,PLAYER_SLEEPBEFORE_END,1516223816324,170
619,WS_SEND_START,1516223816324,170
619,WS_SEND_END,1516223816324,170
619,WS_RECV_START,1516223816324,171
619,WS_RECV_END,1516223816367,171
619,PLAYER_SLEEPBEFORE_START,1516223816367,172
619,PLAYER_SLEEPBEFORE_END,1516223816736,172
619,WS_SEND_START,1516223816736,172
619,WS_SEND_END,1516223816736,172
619,WS_RECV_START,1516223816736,173
619,WS_RECV_END,1516223816863,173
619,PLAYER_SLEEPBEFORE_START,1516223816863,174
619,PLAYER_SLEEPBEFORE_END,1516223816905,174
619,WS_SEND_START,1516223816905,174
619,WS_SEND_END,1516223816905,174
619,WS_RECV_START,1516223816905,175
619,WS_RECV_END,1516223817031,175
619,PLAYER_SLEEPBEFORE_START,1516223817031,176
619,PLAYER_SLEEPBEFORE_END,1516223838792,176
619,WS_SEND_START,1516223838792,176
619,WS_SEND_END,1516223838792,176
619,PLAYER_SLEEPBEFORE_START,1516223838792,177
619,PLAYER_SLEEPBEFORE_END,1516223841311,177
619,WS_SEND_START,1516223841311,177
619,WS_SEND_END,1516223841311,177
619,WS_RECV_START,1516223841311,178
619,WS_RECV_END,1516223841651,178
619,PLAYER_SLEEPBEFORE_START,1516223841651,179
619,PLAYER_SLEEPBEFORE_END,1516223863991,179
619,WS_SEND_START,1516223863991,179
619,WS_SEND_END,1516223863991,179
619,WS_RECV_START,1516223863991,180
619,WS_RECV_END,1516223864123,180
619,PLAYER_SLEEPBEFORE_START,1516223864123,181
619,PLAYER_SLEEPBEFORE_END,1516223864567,181
619,WS_SEND_START,1516223864567,181
619,WS_SEND_END,1516223864567,181
619,WS_RECV_START,1516223864568,182
619,WS_RECV_END,1516223864703,182
619,PLAYER_SLEEPBEFORE_START,1516223864704,183
619,PLAYER_SLEEPBEFORE_END,1516223865227,183
619,WS_SEND_START,1516223865227,183
619,WS_SEND_END,1516223865227,183
619,WS_RECV_START,1516223865227,184
619,WS_RECV_END,1516223865431,184
619,PLAYER_SLEEPBEFORE_START,1516223865431,185
619,PLAYER_SLEEPBEFORE_END,1516223865699,185
619,WS_SEND_START,1516223865699,185
619,WS_SEND_END,1516223865699,185
619,WS_RECV_START,1516223865699,186
619,WS_RECV_END,1516223865831,186
619,PLAYER_SLEEPBEFORE_START,1516223865831,187
619,PLAYER_SLEEPBEFORE_END,1516223888331,187
619,WS_SEND_START,1516223888331,187
619,WS_SEND_END,1516223888331,187
619,WS_RECV_START,1516223888331,188
619,WS_RECV_END,1516223888384,188
619,PLAYER_SLEEPBEFORE_START,1516223888384,189
619,PLAYER_SLEEPBEFORE_END,1516223894624,189
619,WS_SEND_START,1516223894624,189
619,WS_SEND_END,1516223894624,189
619,WS_RECV_START,1516223894624,190
619,WS_RECV_END,1516223894814,190
619,PLAYER_SLEEPBEFORE_START,1516223894814,191
619,PLAYER_SLEEPBEFORE_END,1516223896729,191
619,WS_SEND_START,1516223896729,191
619,WS_SEND_END,1516223896729,191
619,WS_RECV_START,1516223896729,192
619,WS_RECV_END,1516223896916,192
619,PLAYER_SLEEPBEFORE_START,1516223896916,193
619,PLAYER_SLEEPBEFORE_END,1516223897044,193
619,WS_SEND_START,1516223897044,193
619,WS_SEND_END,1516223897044,193
619,WS_RECV_START,1516223897044,194
619,WS_RECV_END,1516223897207,194
619,PLAYER_SLEEPBEFORE_START,1516223897207,195
619,PLAYER_SLEEPBEFORE_END,1516223898962,195
619,WS_SEND_START,1516223898962,195
619,WS_SEND_END,1516223898962,195
619,WS_RECV_START,1516223898962,196
619,WS_RECV_END,1516223899099,196
619,PLAYER_SLEEPBEFORE_START,1516223899099,197
619,PLAYER_SLEEPBEFORE_END,1516223900903,197
619,WS_SEND_START,1516223900903,197
619,WS_SEND_END,1516223900903,197
619,WS_RECV_START,1516223900903,198
619,WS_RECV_END,1516223901032,198
619,PLAYER_SLEEPBEFORE_START,1516223901032,199
619,PLAYER_SLEEPBEFORE_END,1516223912886,199
619,WS_SEND_START,1516223912886,199
619,WS_SEND_END,1516223912886,199
619,PLAYER_SLEEPBEFORE_START,1516223912886,200
619,PLAYER_SLEEPBEFORE_END,1516223916974,200
619,WS_SEND_START,1516223916974,200
619,WS_SEND_END,1516223916974,200
619,WS_RECV_START,1516223916974,201
619,WS_RECV_END,1516223917093,201
619,PLAYER_SLEEPBEFORE_START,1516223917093,202
619,PLAYER_SLEEPBEFORE_END,1516223917107,202
619,WS_SEND_START,1516223917107,202
619,WS_SEND_END,1516223917107,202
619,WS_RECV_START,1516223917108,203
619,WS_RECV_END,1516223917372,203
619,PLAYER_SLEEPBEFORE_START,1516223917372,204
619,PLAYER_SLEEPBEFORE_END,1516223937021,204
619,WS_SEND_START,1516223937021,204
619,WS_SEND_END,1516223937021,204
619,PLAYER_SLEEPBEFORE_START,1516223937021,205
619,PLAYER_SLEEPBEFORE_END,1516223940919,205
619,WS_SEND_START,1516223940919,205
619,WS_SEND_END,1516223940920,205
619,WS_RECV_START,1516223940920,206
619,WS_RECV_END,1516223941054,206
619,PLAYER_SLEEPBEFORE_START,1516223941054,207
619,PLAYER_SLEEPBEFORE_END,1516223957985,207
619,REQ_START,1516223957985,207
619,REQ_END,1516223957994,207
619,PLAYER_SLEEPBEFORE_START,1516223957994,208
619,PLAYER_SLEEPBEFORE_END,1516223964846,208
619,WS_CLOSE_START,1516223964846,208
619,WS_CLOSE_END,1516223964846,208
619,PLAYER_DONE,1516223964846
