# --sessions 720 --app-url=http://shinyloadtest.rstudioservices.com/cran_explorer --output-dir test720 --overwrite-output --log-level warn --start-interval 500 15min.log
thread_id,event,timestamp,input_line_number,comment
662,PLAYER_SESSION_CREATE,1516222120272
662,PLAYER_START_INTERVAL_START,1516222120272
662,PLAYER_START_INTERVAL_END,1516222451272
662,REQ_HOME_START,1516222451272,2
662,REQ_HOME_END,1516222455880,2
662,REQ_START,1516222455880,3
662,REQ_END,1516222465426,3
662,REQ_START,1516222465426,4
662,REQ_END,1516222473186,4
662,REQ_START,1516222473186,5
662,REQ_END,1516222478993,5
662,REQ_START,1516222478993,6
662,REQ_END,1516222485552,6
662,REQ_START,1516222485552,7
662,REQ_END,1516222492390,7
662,REQ_START,1516222492390,8
662,REQ_END,1516222498273,8
662,REQ_START,1516222498273,9
662,REQ_END,1516222509583,9
662,REQ_START,1516222509583,10
662,REQ_END,1516222509607,10
662,REQ_START,1516222509607,11
662,REQ_END,1516222515481,11
662,REQ_START,1516222515481,12
662,REQ_END,1516222515495,12
662,REQ_START,1516222515495,13
662,REQ_END,1516222527403,13
662,REQ_START,1516222527403,14
662,REQ_END,1516222527424,14
662,REQ_START,1516222527424,15
662,REQ_END,1516222537351,15
662,REQ_TOK_START,1516222537351,16
662,REQ_TOK_END,1516222537371,16
662,REQ_SINF_START,1516222537371,17
662,REQ_SINF_END,1516222537383,17
662,WS_OPEN_START,1516222537383,18
662,WS_OPEN_END,1516222537391,18
662,REQ_START,1516222537391,19
662,REQ_END,1516222549788,19
662,WS_RECV_START,1516222549788,20
662,WS_RECV_END,1516222549788,20
662,PLAYER_SLEEPBEFORE_START,1516222549788,21
662,PLAYER_SLEEPBEFORE_END,1516222549793,21
662,WS_SEND_START,1516222549793,21
662,WS_SEND_END,1516222549793,21
662,PLAYER_SLEEPBEFORE_START,1516222549793,22
662,PLAYER_SLEEPBEFORE_END,1516222549794,22
662,WS_SEND_START,1516222549794,22
662,WS_SEND_END,1516222549794,22
662,WS_RECV_INIT_START,1516222549794,23
662,WS_RECV_INIT_END,1516222564400,23
662,WS_RECV_START,1516222564400,24
662,WS_RECV_END,1516222566833,24
662,PLAYER_SLEEPBEFORE_START,1516222566833,25
662,PLAYER_SLEEPBEFORE_END,1516222566841,25
662,REQ_START,1516222566841,25
662,REQ_END,1516222580083,25
662,PLAYER_SLEEPBEFORE_START,1516222580083,26
662,PLAYER_SLEEPBEFORE_END,1516222580084,26
662,REQ_START,1516222580084,26
662,REQ_END,1516222595048,26
662,PLAYER_SLEEPBEFORE_START,1516222595048,27
662,PLAYER_SLEEPBEFORE_END,1516222595051,27
662,REQ_START,1516222595051,27
662,REQ_END,1516222611281,27
662,PLAYER_SLEEPBEFORE_START,1516222611281,28
662,PLAYER_SLEEPBEFORE_END,1516222611566,28
662,REQ_START,1516222611566,28
662,REQ_END,1516222629459,28
662,PLAYER_SLEEPBEFORE_START,1516222629459,29
662,PLAYER_SLEEPBEFORE_END,1516222629634,29
662,WS_SEND_START,1516222629634,29
662,WS_SEND_END,1516222629634,29
662,WS_RECV_START,1516222629634,30
662,WS_RECV_END,1516222640970,30
662,PLAYER_SLEEPBEFORE_START,1516222640970,31
662,PLAYER_SLEEPBEFORE_END,1516222640981,31
662,REQ_START,1516222640981,31
662,REQ_END,1516222658971,31
662,PLAYER_SLEEPBEFORE_START,1516222658972,32
662,PLAYER_SLEEPBEFORE_END,1516222687117,32
662,WS_SEND_START,1516222687117,32
662,WS_SEND_END,1516222687117,32
662,WS_RECV_START,1516222687117,33
662,WS_RECV_END,1516222699429,33
662,PLAYER_SLEEPBEFORE_START,1516222699429,34
662,PLAYER_SLEEPBEFORE_END,1516222725340,34
662,WS_SEND_START,1516222725340,34
662,WS_SEND_END,1516222725341,34
662,WS_RECV_START,1516222725341,35
662,WS_RECV_END,1516222734382,35
662,PLAYER_SLEEPBEFORE_START,1516222734382,36
662,PLAYER_SLEEPBEFORE_END,1516222734391,36
662,WS_SEND_START,1516222734391,36
662,WS_SEND_END,1516222734391,36
662,WS_RECV_START,1516222734391,37
662,WS_RECV_END,1516222738998,37
662,PLAYER_SLEEPBEFORE_START,1516222738998,38
662,PLAYER_SLEEPBEFORE_END,1516222742193,38
662,WS_SEND_START,1516222742193,38
662,WS_SEND_END,1516222742193,38
662,WS_RECV_START,1516222742193,39
662,WS_RECV_END,1516222746598,39
662,PLAYER_SLEEPBEFORE_START,1516222746598,40
662,PLAYER_SLEEPBEFORE_END,1516222746644,40
662,WS_SEND_START,1516222746644,40
662,WS_SEND_END,1516222746644,40
662,WS_RECV_START,1516222746644,41
662,WS_RECV_END,1516222754715,41
662,PLAYER_SLEEPBEFORE_START,1516222754715,42
662,PLAYER_SLEEPBEFORE_END,1516222772850,42
662,WS_SEND_START,1516222772850,42
662,WS_SEND_END,1516222772850,42
662,WS_RECV_START,1516222772850,43
662,WS_RECV_END,1516222789827,43
662,PLAYER_SLEEPBEFORE_START,1516222789827,44
662,PLAYER_SLEEPBEFORE_END,1516222789839,44
662,WS_SEND_START,1516222789839,44
662,WS_SEND_END,1516222789839,44
662,WS_RECV_START,1516222789839,45
662,WS_RECV_END,1516222798303,45
662,PLAYER_SLEEPBEFORE_START,1516222798303,46
662,PLAYER_SLEEPBEFORE_END,1516222799563,46
662,WS_SEND_START,1516222799563,46
662,WS_SEND_END,1516222799563,46
662,WS_RECV_START,1516222799563,47
662,WS_RECV_END,1516222806722,47
662,PLAYER_SLEEPBEFORE_START,1516222806722,48
662,PLAYER_SLEEPBEFORE_END,1516222808042,48
662,WS_SEND_START,1516222808042,48
662,WS_SEND_END,1516222808042,48
662,WS_RECV_START,1516222808042,49
662,WS_RECV_END,1516222814995,49
662,PLAYER_SLEEPBEFORE_START,1516222814995,50
662,PLAYER_SLEEPBEFORE_END,1516222815019,50
662,WS_SEND_START,1516222815019,50
662,WS_SEND_END,1516222815019,50
662,WS_RECV_START,1516222815019,51
662,WS_RECV_END,1516222823607,51
662,PLAYER_SLEEPBEFORE_START,1516222823607,52
662,PLAYER_SLEEPBEFORE_END,1516222846171,52
662,WS_SEND_START,1516222846171,52
662,WS_SEND_END,1516222846171,52
662,WS_RECV_START,1516222846171,53
662,WS_RECV_END,1516222860990,53
662,PLAYER_SLEEPBEFORE_START,1516222860990,54
662,PLAYER_SLEEPBEFORE_END,1516222882293,54
662,WS_SEND_START,1516222882293,54
662,WS_SEND_END,1516222882293,54
662,PLAYER_SLEEPBEFORE_START,1516222882293,55
662,PLAYER_SLEEPBEFORE_END,1516222884234,55
662,WS_SEND_START,1516222884234,55
662,WS_SEND_END,1516222884234,55
662,WS_RECV_START,1516222884234,56
662,WS_RECV_END,1516222895690,56
662,PLAYER_SLEEPBEFORE_START,1516222895690,57
662,PLAYER_SLEEPBEFORE_END,1516222918562,57
662,WS_SEND_START,1516222918562,57
662,WS_SEND_END,1516222918562,57
662,WS_RECV_START,1516222918562,58
662,WS_RECV_END,1516222928934,58
662,PLAYER_SLEEPBEFORE_START,1516222928934,59
662,PLAYER_SLEEPBEFORE_END,1516222931261,59
662,WS_SEND_START,1516222931261,59
662,WS_SEND_END,1516222931261,59
662,WS_RECV_START,1516222931261,60
662,WS_RECV_END,1516222943055,60
662,PLAYER_SLEEPBEFORE_START,1516222943055,61
662,PLAYER_SLEEPBEFORE_END,1516222946646,61
662,WS_SEND_START,1516222946646,61
662,WS_SEND_END,1516222946646,61
662,WS_RECV_START,1516222946646,62
662,WS_RECV_END,1516222950977,62
662,PLAYER_SLEEPBEFORE_START,1516222950977,63
662,PLAYER_SLEEPBEFORE_END,1516222970239,63
662,WS_SEND_START,1516222970239,63
662,WS_SEND_END,1516222970239,63
662,WS_RECV_START,1516222970239,64
662,WS_RECV_END,1516222981878,64
662,PLAYER_SLEEPBEFORE_START,1516222981878,65
662,PLAYER_SLEEPBEFORE_END,1516223008695,65
662,WS_SEND_START,1516223008695,65
662,WS_SEND_END,1516223008696,65
662,WS_RECV_START,1516223008696,66
662,WS_RECV_END,1516223020333,66
662,PLAYER_SLEEPBEFORE_START,1516223020333,67
662,PLAYER_SLEEPBEFORE_END,1516223021841,67
662,WS_SEND_START,1516223021841,67
662,WS_SEND_END,1516223021841,67
662,WS_RECV_START,1516223021841,68
662,WS_RECV_END,1516223026384,68
662,PLAYER_SLEEPBEFORE_START,1516223026384,69
662,PLAYER_SLEEPBEFORE_END,1516223048382,69
662,WS_SEND_START,1516223048382,69
662,WS_SEND_END,1516223048382,69
662,WS_RECV_START,1516223048382,70
662,WS_RECV_END,1516223061171,70
662,PLAYER_SLEEPBEFORE_START,1516223061171,71
662,PLAYER_SLEEPBEFORE_END,1516223085946,71
662,WS_SEND_START,1516223085946,71
662,WS_SEND_END,1516223085947,71
662,PLAYER_SLEEPBEFORE_START,1516223085947,72
662,PLAYER_SLEEPBEFORE_END,1516223088554,72
662,WS_SEND_START,1516223088554,72
662,WS_SEND_END,1516223088554,72
662,WS_RECV_START,1516223088554,73
662,WS_RECV_END,1516223102153,73
662,PLAYER_SLEEPBEFORE_START,1516223102153,74
662,PLAYER_SLEEPBEFORE_END,1516223102162,74
662,WS_SEND_START,1516223102162,74
662,WS_SEND_END,1516223102162,74
662,WS_RECV_START,1516223102162,75
662,WS_RECV_END,1516223110159,75
662,PLAYER_SLEEPBEFORE_START,1516223110159,76
662,PLAYER_SLEEPBEFORE_END,1516223111665,76
662,WS_SEND_START,1516223111665,76
662,WS_SEND_END,1516223111665,76
662,WS_RECV_START,1516223111665,77
662,WS_RECV_END,1516223119357,77
662,PLAYER_SLEEPBEFORE_START,1516223119357,78
662,PLAYER_SLEEPBEFORE_END,1516223120225,78
662,WS_SEND_START,1516223120225,78
662,WS_SEND_END,1516223120225,78
662,WS_RECV_START,1516223120225,79
662,WS_RECV_END,1516223130269,79
662,PLAYER_SLEEPBEFORE_START,1516223130269,80
662,PLAYER_SLEEPBEFORE_END,1516223137935,80
662,WS_SEND_START,1516223137935,80
662,WS_SEND_END,1516223137935,80
662,WS_RECV_START,1516223137935,81
662,WS_RECV_END,1516223141885,81
662,PLAYER_SLEEPBEFORE_START,1516223141885,82
662,PLAYER_SLEEPBEFORE_END,1516223142987,82
662,WS_SEND_START,1516223142987,82
662,WS_SEND_END,1516223142987,82
662,WS_RECV_START,1516223142987,83
662,WS_RECV_END,1516223153060,83
662,PLAYER_SLEEPBEFORE_START,1516223153060,84
662,PLAYER_SLEEPBEFORE_END,1516223154007,84
662,WS_SEND_START,1516223154007,84
662,WS_SEND_END,1516223154007,84
662,WS_RECV_START,1516223154007,85
662,WS_RECV_END,1516223161790,85
662,PLAYER_SLEEPBEFORE_START,1516223161790,86
662,PLAYER_SLEEPBEFORE_END,1516223165962,86
662,WS_SEND_START,1516223165962,86
662,WS_SEND_END,1516223165962,86
662,WS_RECV_START,1516223165962,87
662,WS_RECV_END,1516223170760,87
662,PLAYER_SLEEPBEFORE_START,1516223170760,88
662,PLAYER_SLEEPBEFORE_END,1516223170768,88
662,WS_SEND_START,1516223170768,88
662,WS_SEND_END,1516223170768,88
662,WS_RECV_START,1516223170768,89
662,WS_RECV_END,1516223182278,89
662,PLAYER_SLEEPBEFORE_START,1516223182278,90
662,PLAYER_SLEEPBEFORE_END,1516223209475,90
662,REQ_START,1516223209475,90
662,REQ_END,1516223209483,90
662,PLAYER_SLEEPBEFORE_START,1516223209483,91
662,PLAYER_SLEEPBEFORE_END,1516223217372,91
662,WS_SEND_START,1516223217372,91
662,WS_SEND_END,1516223217372,91
662,WS_RECV_START,1516223217372,92
662,WS_RECV_END,1516223229578,92
662,PLAYER_SLEEPBEFORE_START,1516223229578,93
662,PLAYER_SLEEPBEFORE_END,1516223229593,93
662,WS_SEND_START,1516223229593,93
662,WS_SEND_END,1516223229593,93
662,WS_RECV_START,1516223229593,94
662,WS_RECV_END,1516223236934,94
662,PLAYER_SLEEPBEFORE_START,1516223236934,95
662,PLAYER_SLEEPBEFORE_END,1516223260489,95
662,WS_SEND_START,1516223260489,95
662,WS_SEND_END,1516223260489,95
662,WS_RECV_START,1516223260489,96
662,WS_RECV_END,1516223273976,96
662,PLAYER_SLEEPBEFORE_START,1516223273976,97
662,PLAYER_SLEEPBEFORE_END,1516223296416,97
662,WS_SEND_START,1516223296416,97
662,WS_SEND_END,1516223296416,97
662,WS_RECV_START,1516223296416,98
662,WS_RECV_END,1516223308634,98
662,PLAYER_SLEEPBEFORE_START,1516223308634,99
662,PLAYER_SLEEPBEFORE_END,1516223308656,99
662,WS_SEND_START,1516223308656,99
662,WS_SEND_END,1516223308656,99
662,WS_RECV_START,1516223308656,100
662,WS_RECV_END,1516223316264,100
662,PLAYER_SLEEPBEFORE_START,1516223316264,101
662,PLAYER_SLEEPBEFORE_END,1516223339823,101
662,WS_SEND_START,1516223339823,101
662,WS_SEND_END,1516223339823,101
662,WS_RECV_START,1516223339823,102
662,WS_RECV_END,1516223357140,102
662,PLAYER_SLEEPBEFORE_START,1516223357140,103
662,PLAYER_SLEEPBEFORE_END,1516223380766,103
662,WS_SEND_START,1516223380766,103
662,WS_SEND_END,1516223380766,103
662,WS_RECV_START,1516223380766,104
662,WS_RECV_END,1516223397551,104
662,PLAYER_SLEEPBEFORE_START,1516223397551,105
662,PLAYER_SLEEPBEFORE_END,1516223422928,105
662,WS_SEND_START,1516223422928,105
662,WS_SEND_END,1516223422928,105
662,WS_RECV_START,1516223422928,106
662,WS_RECV_END,1516223439429,106
662,PLAYER_SLEEPBEFORE_START,1516223439429,107
662,PLAYER_SLEEPBEFORE_END,1516223462853,107
662,WS_SEND_START,1516223462853,107
662,WS_SEND_END,1516223462853,107
662,WS_RECV_START,1516223462853,108
662,WS_RECV_END,1516223476606,108
662,PLAYER_SLEEPBEFORE_START,1516223476606,109
662,PLAYER_SLEEPBEFORE_END,1516223476615,109
662,WS_SEND_START,1516223476615,109
662,WS_SEND_END,1516223476615,109
662,WS_RECV_START,1516223476615,110
662,WS_RECV_END,1516223486264,110
662,PLAYER_SLEEPBEFORE_START,1516223486264,111
662,PLAYER_SLEEPBEFORE_END,1516223487224,111
662,WS_SEND_START,1516223487224,111
662,WS_SEND_END,1516223487224,111
662,WS_RECV_START,1516223487224,112
662,WS_RECV_END,1516223498092,112
662,PLAYER_SLEEPBEFORE_START,1516223498092,113
662,PLAYER_SLEEPBEFORE_END,1516223498654,113
662,WS_SEND_START,1516223498654,113
662,WS_SEND_END,1516223498654,113
662,WS_RECV_START,1516223498654,114
662,WS_RECV_END,1516223509349,114
662,PLAYER_SLEEPBEFORE_START,1516223509349,115
662,PLAYER_SLEEPBEFORE_END,1516223509358,115
662,WS_SEND_START,1516223509358,115
662,WS_SEND_END,1516223509358,115
662,WS_RECV_START,1516223509358,116
662,WS_RECV_END,1516223520324,116
662,PLAYER_SLEEPBEFORE_START,1516223520324,117
662,PLAYER_SLEEPBEFORE_END,1516223540684,117
662,WS_SEND_START,1516223540684,117
662,WS_SEND_END,1516223540684,117
662,PLAYER_SLEEPBEFORE_START,1516223540684,118
662,PLAYER_SLEEPBEFORE_END,1516223544436,118
662,WS_SEND_START,1516223544436,118
662,WS_SEND_END,1516223544436,118
662,WS_RECV_START,1516223544436,119
662,WS_RECV_END,1516223554579,119
662,PLAYER_SLEEPBEFORE_START,1516223554579,120
662,PLAYER_SLEEPBEFORE_END,1516223555567,120
662,WS_SEND_START,1516223555567,120
662,WS_SEND_END,1516223555567,120
662,WS_RECV_START,1516223555567,121
662,WS_RECV_END,1516223561345,121
662,PLAYER_SLEEPBEFORE_START,1516223561345,122
662,PLAYER_SLEEPBEFORE_END,1516223562530,122
662,WS_SEND_START,1516223562530,122
662,WS_SEND_END,1516223562530,122
662,WS_RECV_START,1516223562530,123
662,WS_RECV_END,1516223569049,123
662,PLAYER_SLEEPBEFORE_START,1516223569049,124
662,PLAYER_SLEEPBEFORE_END,1516223593454,124
662,WS_SEND_START,1516223593454,124
662,WS_SEND_END,1516223593455,124
662,WS_RECV_START,1516223593455,125
662,WS_RECV_END,1516223598154,125
662,PLAYER_SLEEPBEFORE_START,1516223598154,126
662,PLAYER_SLEEPBEFORE_END,1516223618666,126
662,WS_SEND_START,1516223618666,126
662,WS_SEND_END,1516223618666,126
662,PLAYER_SLEEPBEFORE_START,1516223618666,127
662,PLAYER_SLEEPBEFORE_END,1516223621721,127
662,WS_SEND_START,1516223621721,127
662,WS_SEND_END,1516223621721,127
662,WS_RECV_START,1516223621721,128
662,WS_RECV_END,1516223624177,128
662,PLAYER_SLEEPBEFORE_START,1516223624177,129
662,PLAYER_SLEEPBEFORE_END,1516223624197,129
662,WS_SEND_START,1516223624197,129
662,WS_SEND_END,1516223624197,129
662,WS_RECV_START,1516223624197,130
662,WS_RECV_END,1516223626531,130
662,PLAYER_SLEEPBEFORE_START,1516223626531,131
662,PLAYER_SLEEPBEFORE_END,1516223648155,131
662,WS_SEND_START,1516223648155,131
662,WS_SEND_END,1516223648156,131
662,PLAYER_SLEEPBEFORE_START,1516223648156,132
662,PLAYER_SLEEPBEFORE_END,1516223651236,132
662,WS_SEND_START,1516223651236,132
662,WS_SEND_END,1516223651236,132
662,WS_RECV_START,1516223651236,133
662,WS_RECV_END,1516223652108,133
662,PLAYER_SLEEPBEFORE_START,1516223652108,134
662,PLAYER_SLEEPBEFORE_END,1516223673325,134
662,WS_SEND_START,1516223673325,134
662,WS_SEND_END,1516223673325,134
662,PLAYER_SLEEPBEFORE_START,1516223673325,135
662,PLAYER_SLEEPBEFORE_END,1516223676516,135
662,WS_SEND_START,1516223676516,135
662,WS_SEND_END,1516223676516,135
662,WS_RECV_START,1516223676516,136
662,WS_RECV_END,1516223676757,136
662,PLAYER_SLEEPBEFORE_START,1516223676757,137
662,PLAYER_SLEEPBEFORE_END,1516223676764,137
662,WS_SEND_START,1516223676764,137
662,WS_SEND_END,1516223676764,137
662,WS_RECV_START,1516223676764,138
662,WS_RECV_END,1516223676814,138
662,PLAYER_SLEEPBEFORE_START,1516223676814,139
662,PLAYER_SLEEPBEFORE_END,1516223677504,139
662,WS_SEND_START,1516223677504,139
662,WS_SEND_END,1516223677504,139
662,WS_RECV_START,1516223677504,140
662,WS_RECV_END,1516223678733,140
662,PLAYER_SLEEPBEFORE_START,1516223678733,141
662,PLAYER_SLEEPBEFORE_END,1516223679388,141
662,WS_SEND_START,1516223679388,141
662,WS_SEND_END,1516223679388,141
662,WS_RECV_START,1516223679388,142
662,WS_RECV_END,1516223681501,142
662,PLAYER_SLEEPBEFORE_START,1516223681501,143
662,PLAYER_SLEEPBEFORE_END,1516223681558,143
662,WS_SEND_START,1516223681558,143
662,WS_SEND_END,1516223681558,143
662,WS_RECV_START,1516223681558,144
662,WS_RECV_END,1516223682010,144
662,PLAYER_SLEEPBEFORE_START,1516223682010,145
662,PLAYER_SLEEPBEFORE_END,1516223698072,145
662,REQ_START,1516223698072,145
662,REQ_END,1516223698080,145
662,PLAYER_SLEEPBEFORE_START,1516223698080,146
662,PLAYER_SLEEPBEFORE_END,1516223706958,146
662,WS_SEND_START,1516223706958,146
662,WS_SEND_END,1516223706958,146
662,WS_RECV_START,1516223706958,147
662,WS_RECV_END,1516223707181,147
662,PLAYER_SLEEPBEFORE_START,1516223707181,148
662,PLAYER_SLEEPBEFORE_END,1516223729103,148
662,WS_SEND_START,1516223729103,148
662,WS_SEND_END,1516223729103,148
662,PLAYER_SLEEPBEFORE_START,1516223729103,149
662,PLAYER_SLEEPBEFORE_END,1516223731531,149
662,WS_SEND_START,1516223731531,149
662,WS_SEND_END,1516223731531,149
662,WS_RECV_START,1516223731531,150
662,WS_RECV_END,1516223731743,150
662,PLAYER_SLEEPBEFORE_START,1516223731743,151
662,PLAYER_SLEEPBEFORE_END,1516223731953,151
662,WS_SEND_START,1516223731953,151
662,WS_SEND_END,1516223731953,151
662,WS_RECV_START,1516223731953,152
662,WS_RECV_END,1516223732085,152
662,PLAYER_SLEEPBEFORE_START,1516223732085,153
662,PLAYER_SLEEPBEFORE_END,1516223756012,153
662,WS_SEND_START,1516223756012,153
662,WS_SEND_END,1516223756012,153
662,WS_RECV_START,1516223756012,154
662,WS_RECV_END,1516223756215,154
662,PLAYER_SLEEPBEFORE_START,1516223756215,155
662,PLAYER_SLEEPBEFORE_END,1516223778773,155
662,WS_SEND_START,1516223778773,155
662,WS_SEND_END,1516223778773,155
662,PLAYER_SLEEPBEFORE_START,1516223778773,156
662,PLAYER_SLEEPBEFORE_END,1516223782048,156
662,WS_SEND_START,1516223782048,156
662,WS_SEND_END,1516223782048,156
662,WS_RECV_START,1516223782048,157
662,WS_RECV_END,1516223782097,157
662,PLAYER_SLEEPBEFORE_START,1516223782097,158
662,PLAYER_SLEEPBEFORE_END,1516223782107,158
662,WS_SEND_START,1516223782107,158
662,WS_SEND_END,1516223782107,158
662,WS_RECV_START,1516223782107,159
662,WS_RECV_END,1516223782150,159
662,PLAYER_SLEEPBEFORE_START,1516223782150,160
662,PLAYER_SLEEPBEFORE_END,1516223782325,160
662,WS_SEND_START,1516223782325,160
662,WS_SEND_END,1516223782325,160
662,WS_RECV_START,1516223782325,161
662,WS_RECV_END,1516223782461,161
662,PLAYER_SLEEPBEFORE_START,1516223782461,162
662,PLAYER_SLEEPBEFORE_END,1516223782486,162
662,WS_SEND_START,1516223782486,162
662,WS_SEND_END,1516223782486,162
662,WS_RECV_START,1516223782486,163
662,WS_RECV_END,1516223782636,163
662,PLAYER_SLEEPBEFORE_START,1516223782636,164
662,PLAYER_SLEEPBEFORE_END,1516223803448,164
662,WS_SEND_START,1516223803448,164
662,WS_SEND_END,1516223803448,164
662,WS_RECV_START,1516223803448,165
662,WS_RECV_END,1516223803579,165
662,PLAYER_SLEEPBEFORE_START,1516223803579,166
662,PLAYER_SLEEPBEFORE_END,1516223826034,166
662,WS_SEND_START,1516223826034,166
662,WS_SEND_END,1516223826034,166
662,WS_RECV_START,1516223826034,167
662,WS_RECV_END,1516223826225,167
662,PLAYER_SLEEPBEFORE_START,1516223826225,168
662,PLAYER_SLEEPBEFORE_END,1516223853582,168
662,WS_SEND_START,1516223853582,168
662,WS_SEND_END,1516223853582,168
662,WS_RECV_START,1516223853582,169
662,WS_RECV_END,1516223853631,169
662,PLAYER_SLEEPBEFORE_START,1516223853631,170
662,PLAYER_SLEEPBEFORE_END,1516223853640,170
662,WS_SEND_START,1516223853640,170
662,WS_SEND_END,1516223853640,170
662,WS_RECV_START,1516223853640,171
662,WS_RECV_END,1516223853682,171
662,PLAYER_SLEEPBEFORE_START,1516223853682,172
662,PLAYER_SLEEPBEFORE_END,1516223854051,172
662,WS_SEND_START,1516223854051,172
662,WS_SEND_END,1516223854051,172
662,WS_RECV_START,1516223854051,173
662,WS_RECV_END,1516223854193,173
662,PLAYER_SLEEPBEFORE_START,1516223854193,174
662,PLAYER_SLEEPBEFORE_END,1516223854234,174
662,WS_SEND_START,1516223854234,174
662,WS_SEND_END,1516223854234,174
662,WS_RECV_START,1516223854234,175
662,WS_RECV_END,1516223854363,175
662,PLAYER_SLEEPBEFORE_START,1516223854363,176
662,PLAYER_SLEEPBEFORE_END,1516223876124,176
662,WS_SEND_START,1516223876124,176
662,WS_SEND_END,1516223876124,176
662,PLAYER_SLEEPBEFORE_START,1516223876124,177
662,PLAYER_SLEEPBEFORE_END,1516223878642,177
662,WS_SEND_START,1516223878642,177
662,WS_SEND_END,1516223878642,177
662,WS_RECV_START,1516223878642,178
662,WS_RECV_END,1516223878786,178
662,PLAYER_SLEEPBEFORE_START,1516223878786,179
662,PLAYER_SLEEPBEFORE_END,1516223901126,179
662,WS_SEND_START,1516223901126,179
662,WS_SEND_END,1516223901126,179
662,WS_RECV_START,1516223901126,180
662,WS_RECV_END,1516223901465,180
662,PLAYER_SLEEPBEFORE_START,1516223901465,181
662,PLAYER_SLEEPBEFORE_END,1516223901909,181
662,WS_SEND_START,1516223901909,181
662,WS_SEND_END,1516223901909,181
662,WS_RECV_START,1516223901909,182
662,WS_RECV_END,1516223902101,182
662,PLAYER_SLEEPBEFORE_START,1516223902101,183
662,PLAYER_SLEEPBEFORE_END,1516223902624,183
662,WS_SEND_START,1516223902624,183
662,WS_SEND_END,1516223902624,183
662,WS_RECV_START,1516223902624,184
662,WS_RECV_END,1516223902805,184
662,PLAYER_SLEEPBEFORE_START,1516223902805,185
662,PLAYER_SLEEPBEFORE_END,1516223903073,185
662,WS_SEND_START,1516223903073,185
662,WS_SEND_END,1516223903073,185
662,WS_RECV_START,1516223903073,186
662,WS_RECV_END,1516223903214,186
662,PLAYER_SLEEPBEFORE_START,1516223903214,187
662,PLAYER_SLEEPBEFORE_END,1516223925714,187
662,WS_SEND_START,1516223925714,187
662,WS_SEND_END,1516223925714,187
662,WS_RECV_START,1516223925714,188
662,WS_RECV_END,1516223925766,188
662,PLAYER_SLEEPBEFORE_START,1516223925766,189
662,PLAYER_SLEEPBEFORE_END,1516223932005,189
662,WS_SEND_START,1516223932005,189
662,WS_SEND_END,1516223932005,189
662,WS_RECV_START,1516223932005,190
662,WS_RECV_END,1516223932150,190
662,PLAYER_SLEEPBEFORE_START,1516223932150,191
662,PLAYER_SLEEPBEFORE_END,1516223934065,191
662,WS_SEND_START,1516223934065,191
662,WS_SEND_END,1516223934065,191
662,WS_RECV_START,1516223934065,192
662,WS_RECV_END,1516223934197,192
662,PLAYER_SLEEPBEFORE_START,1516223934197,193
662,PLAYER_SLEEPBEFORE_END,1516223934325,193
662,WS_SEND_START,1516223934325,193
662,WS_SEND_END,1516223934325,193
662,WS_RECV_START,1516223934325,194
662,WS_RECV_END,1516223934456,194
662,PLAYER_SLEEPBEFORE_START,1516223934456,195
662,PLAYER_SLEEPBEFORE_END,1516223936211,195
662,WS_SEND_START,1516223936211,195
662,WS_SEND_END,1516223936211,195
662,WS_RECV_START,1516223936211,196
662,WS_RECV_END,1516223936375,196
662,PLAYER_SLEEPBEFORE_START,1516223936375,197
662,PLAYER_SLEEPBEFORE_END,1516223938179,197
662,WS_SEND_START,1516223938179,197
662,WS_SEND_END,1516223938179,197
662,WS_RECV_START,1516223938179,198
662,WS_RECV_END,1516223938322,198
662,PLAYER_SLEEPBEFORE_START,1516223938322,199
662,PLAYER_SLEEPBEFORE_END,1516223950176,199
662,WS_SEND_START,1516223950176,199
662,WS_SEND_END,1516223950176,199
662,PLAYER_SLEEPBEFORE_START,1516223950176,200
662,PLAYER_SLEEPBEFORE_END,1516223954264,200
662,WS_SEND_START,1516223954264,200
662,WS_SEND_END,1516223954264,200
662,WS_RECV_START,1516223954264,201
662,WS_RECV_END,1516223954390,201
662,PLAYER_SLEEPBEFORE_START,1516223954390,202
662,PLAYER_SLEEPBEFORE_END,1516223954405,202
662,WS_SEND_START,1516223954405,202
662,WS_SEND_END,1516223954405,202
662,WS_RECV_START,1516223954405,203
662,WS_RECV_END,1516223954710,203
662,PLAYER_SLEEPBEFORE_START,1516223954710,204
662,PLAYER_SLEEPBEFORE_END,1516223974360,204
662,WS_SEND_START,1516223974360,204
662,WS_SEND_END,1516223974360,204
662,PLAYER_SLEEPBEFORE_START,1516223974360,205
662,PLAYER_SLEEPBEFORE_END,1516223978258,205
662,WS_SEND_START,1516223978258,205
662,WS_SEND_END,1516223978258,205
662,WS_RECV_START,1516223978258,206
662,WS_RECV_END,1516223978479,206
662,PLAYER_SLEEPBEFORE_START,1516223978479,207
662,PLAYER_SLEEPBEFORE_END,1516223995410,207
662,REQ_START,1516223995410,207
662,REQ_END,1516223995418,207
662,PLAYER_SLEEPBEFORE_START,1516223995418,208
662,PLAYER_SLEEPBEFORE_END,1516224002270,208
662,WS_CLOSE_START,1516224002270,208
662,WS_CLOSE_END,1516224002270,208
662,PLAYER_DONE,1516224002271
