# --sessions 1080 --app-url=http://shinyloadtest.rstudioservices.com/cran_explorer --output-dir test1080 --overwrite-output --log-level warn --start-interval 250 15min.log
thread_id,event,timestamp,input_line_number,comment
1014,PLAYER_SESSION_CREATE,1516239120826
1014,PLAYER_START_INTERVAL_START,1516239120826
1014,PLAYER_START_INTERVAL_END,1516239374326
1014,REQ_HOME_START,1516239374327,2
1014,REQ_HOME_END,1516239374414,2
1014,REQ_START,1516239374414,3
1014,REQ_END,1516239374444,3
1014,REQ_START,1516239374444,4
1014,REQ_END,1516239374590,4
1014,REQ_START,1516239374590,5
1014,REQ_END,1516239374632,5
1014,REQ_START,1516239374632,6
1014,REQ_END,1516239374782,6
1014,REQ_START,1516239374782,7
1014,REQ_END,1516239374821,7
1014,REQ_START,1516239374821,8
1014,REQ_END,1516239374858,8
1014,REQ_START,1516239374858,9
1014,REQ_END,1516239374897,9
1014,REQ_START,1516239374897,10
1014,REQ_END,1516239374905,10
1014,REQ_START,1516239374905,11
1014,REQ_END,1516239374942,11
1014,REQ_START,1516239374942,12
1014,REQ_END,1516239374952,12
1014,REQ_START,1516239374952,13
1014,REQ_END,1516239374983,13
1014,REQ_START,1516239374983,14
1014,REQ_END,1516239374999,14
1014,REQ_START,1516239374999,15
1014,REQ_END,1516239375056,15
1014,REQ_TOK_START,1516239375056,16
1014,REQ_TOK_END,1516239375063,16
1014,REQ_SINF_START,1516239375063,17
1014,REQ_SINF_END,1516239375075,17
1014,WS_OPEN_START,1516239375075,18
1014,WS_OPEN_END,1516239375082,18
1014,REQ_START,1516239375082,19
1014,REQ_END,1516239375151,19
1014,WS_RECV_START,1516239375151,20
1014,WS_RECV_END,1516239375151,20
1014,PLAYER_SLEEPBEFORE_START,1516239375151,21
1014,PLAYER_SLEEPBEFORE_END,1516239375156,21
1014,WS_SEND_START,1516239375156,21
1014,WS_SEND_END,1516239375156,21
1014,PLAYER_SLEEPBEFORE_START,1516239375156,22
1014,PLAYER_SLEEPBEFORE_END,1516239375157,22
1014,WS_SEND_START,1516239375157,22
1014,WS_SEND_END,1516239375157,22
1014,WS_RECV_INIT_START,1516239375157,23
1014,WS_RECV_INIT_END,1516239375176,23
1014,WS_RECV_START,1516239375176,24
1014,WS_RECV_END,1516239375243,24
1014,PLAYER_SLEEPBEFORE_START,1516239375243,25
1014,PLAYER_SLEEPBEFORE_END,1516239375250,25
1014,REQ_START,1516239375251,25
1014,REQ_END,1516239375282,25
1014,PLAYER_SLEEPBEFORE_START,1516239375282,26
1014,PLAYER_SLEEPBEFORE_END,1516239375283,26
1014,REQ_START,1516239375283,26
1014,REQ_END,1516239375315,26
1014,PLAYER_SLEEPBEFORE_START,1516239375315,27
1014,PLAYER_SLEEPBEFORE_END,1516239375318,27
1014,REQ_START,1516239375318,27
1014,REQ_END,1516239375353,27
1014,PLAYER_SLEEPBEFORE_START,1516239375353,28
1014,PLAYER_SLEEPBEFORE_END,1516239375638,28
1014,REQ_START,1516239375638,28
1014,REQ_END,1516239375668,28
1014,PLAYER_SLEEPBEFORE_START,1516239375668,29
1014,PLAYER_SLEEPBEFORE_END,1516239375843,29
1014,WS_SEND_START,1516239375843,29
1014,WS_SEND_END,1516239375843,29
1014,WS_RECV_START,1516239375843,30
1014,WS_RECV_END,1516239375997,30
1014,PLAYER_SLEEPBEFORE_START,1516239375997,31
1014,PLAYER_SLEEPBEFORE_END,1516239376008,31
1014,REQ_START,1516239376008,31
1014,REQ_END,1516239376047,31
1014,PLAYER_SLEEPBEFORE_START,1516239376047,32
1014,PLAYER_SLEEPBEFORE_END,1516239404193,32
1014,WS_SEND_START,1516239404193,32
1014,WS_SEND_END,1516239404193,32
1014,WS_RECV_START,1516239404193,33
1014,WS_RECV_END,1516239404552,33
1014,PLAYER_SLEEPBEFORE_START,1516239404552,34
1014,PLAYER_SLEEPBEFORE_END,1516239430463,34
1014,WS_SEND_START,1516239430463,34
1014,WS_SEND_END,1516239430463,34
1014,WS_RECV_START,1516239430463,35
1014,WS_RECV_END,1516239430492,35
1014,PLAYER_SLEEPBEFORE_START,1516239430492,36
1014,PLAYER_SLEEPBEFORE_END,1516239430501,36
1014,WS_SEND_START,1516239430501,36
1014,WS_SEND_END,1516239430501,36
1014,WS_RECV_START,1516239430501,37
1014,WS_RECV_END,1516239430542,37
1014,PLAYER_SLEEPBEFORE_START,1516239430542,38
1014,PLAYER_SLEEPBEFORE_END,1516239433740,38
1014,WS_SEND_START,1516239433740,38
1014,WS_SEND_END,1516239433740,38
1014,WS_RECV_START,1516239433740,39
1014,WS_RECV_END,1516239434021,39
1014,PLAYER_SLEEPBEFORE_START,1516239434021,40
1014,PLAYER_SLEEPBEFORE_END,1516239434067,40
1014,WS_SEND_START,1516239434067,40
1014,WS_SEND_END,1516239434067,40
1014,WS_RECV_START,1516239434067,41
1014,WS_RECV_END,1516239434214,41
1014,PLAYER_SLEEPBEFORE_START,1516239434214,42
1014,PLAYER_SLEEPBEFORE_END,1516239452349,42
1014,WS_SEND_START,1516239452349,42
1014,WS_SEND_END,1516239452349,42
1014,WS_RECV_START,1516239452349,43
1014,WS_RECV_END,1516239452379,43
1014,PLAYER_SLEEPBEFORE_START,1516239452379,44
1014,PLAYER_SLEEPBEFORE_END,1516239452391,44
1014,WS_SEND_START,1516239452391,44
1014,WS_SEND_END,1516239452391,44
1014,WS_RECV_START,1516239452391,45
1014,WS_RECV_END,1516239452459,45
1014,PLAYER_SLEEPBEFORE_START,1516239452459,46
1014,PLAYER_SLEEPBEFORE_END,1516239453719,46
1014,WS_SEND_START,1516239453719,46
1014,WS_SEND_END,1516239453719,46
1014,WS_RECV_START,1516239453719,47
1014,WS_RECV_END,1516239453815,47
1014,PLAYER_SLEEPBEFORE_START,1516239453815,48
1014,PLAYER_SLEEPBEFORE_END,1516239455135,48
1014,WS_SEND_START,1516239455135,48
1014,WS_SEND_END,1516239455135,48
1014,WS_RECV_START,1516239455135,49
1014,WS_RECV_END,1516239455224,49
1014,PLAYER_SLEEPBEFORE_START,1516239455225,50
1014,PLAYER_SLEEPBEFORE_END,1516239455249,50
1014,WS_SEND_START,1516239455249,50
1014,WS_SEND_END,1516239455249,50
1014,WS_RECV_START,1516239455249,51
1014,WS_RECV_END,1516239455377,51
1014,PLAYER_SLEEPBEFORE_START,1516239455377,52
1014,PLAYER_SLEEPBEFORE_END,1516239477941,52
1014,WS_SEND_START,1516239477941,52
1014,WS_SEND_END,1516239477941,52
1014,WS_RECV_START,1516239477941,53
1014,WS_RECV_END,1516239478096,53
1014,PLAYER_SLEEPBEFORE_START,1516239478096,54
1014,PLAYER_SLEEPBEFORE_END,1516239499399,54
1014,WS_SEND_START,1516239499399,54
1014,WS_SEND_END,1516239499399,54
1014,PLAYER_SLEEPBEFORE_START,1516239499399,55
1014,PLAYER_SLEEPBEFORE_END,1516239501340,55
1014,WS_SEND_START,1516239501340,55
1014,WS_SEND_END,1516239501340,55
1014,WS_RECV_START,1516239501340,56
1014,WS_RECV_END,1516239501409,56
1014,PLAYER_SLEEPBEFORE_START,1516239501409,57
1014,PLAYER_SLEEPBEFORE_END,1516239524281,57
1014,WS_SEND_START,1516239524281,57
1014,WS_SEND_END,1516239524281,57
1014,WS_RECV_START,1516239524281,58
1014,WS_RECV_END,1516239524373,58
1014,PLAYER_SLEEPBEFORE_START,1516239524373,59
1014,PLAYER_SLEEPBEFORE_END,1516239526700,59
1014,WS_SEND_START,1516239526700,59
1014,WS_SEND_END,1516239526700,59
1014,WS_RECV_START,1516239526700,60
1014,WS_RECV_END,1516239527065,60
1014,PLAYER_SLEEPBEFORE_START,1516239527065,61
1014,PLAYER_SLEEPBEFORE_END,1516239530656,61
1014,WS_SEND_START,1516239530656,61
1014,WS_SEND_END,1516239530656,61
1014,WS_RECV_START,1516239530656,62
1014,WS_RECV_END,1516239530789,62
1014,PLAYER_SLEEPBEFORE_START,1516239530789,63
1014,PLAYER_SLEEPBEFORE_END,1516239550052,63
1014,WS_SEND_START,1516239550052,63
1014,WS_SEND_END,1516239550052,63
1014,WS_RECV_START,1516239550052,64
1014,WS_RECV_END,1516239550323,64
1014,PLAYER_SLEEPBEFORE_START,1516239550323,65
1014,PLAYER_SLEEPBEFORE_END,1516239577140,65
1014,WS_SEND_START,1516239577140,65
1014,WS_SEND_END,1516239577140,65
1014,WS_RECV_START,1516239577140,66
1014,WS_RECV_END,1516239577411,66
1014,PLAYER_SLEEPBEFORE_START,1516239577411,67
1014,PLAYER_SLEEPBEFORE_END,1516239578919,67
1014,WS_SEND_START,1516239578919,67
1014,WS_SEND_END,1516239578919,67
1014,WS_RECV_START,1516239578919,68
1014,WS_RECV_END,1516239579024,68
1014,PLAYER_SLEEPBEFORE_START,1516239579024,69
1014,PLAYER_SLEEPBEFORE_END,1516239601022,69
1014,WS_SEND_START,1516239601022,69
1014,WS_SEND_END,1516239601022,69
1014,WS_RECV_START,1516239601022,70
1014,WS_RECV_END,1516239601144,70
1014,PLAYER_SLEEPBEFORE_START,1516239601144,71
1014,PLAYER_SLEEPBEFORE_END,1516239625919,71
1014,WS_SEND_START,1516239625919,71
1014,WS_SEND_END,1516239625919,71
1014,PLAYER_SLEEPBEFORE_START,1516239625919,72
1014,PLAYER_SLEEPBEFORE_END,1516239628526,72
1014,WS_SEND_START,1516239628526,72
1014,WS_SEND_END,1516239628526,72
1014,WS_RECV_START,1516239628526,73
1014,WS_RECV_END,1516239629133,73
1014,PLAYER_SLEEPBEFORE_START,1516239629133,74
1014,PLAYER_SLEEPBEFORE_END,1516239629142,74
1014,WS_SEND_START,1516239629142,74
1014,WS_SEND_END,1516239629142,74
1014,WS_RECV_START,1516239629142,75
1014,WS_RECV_END,1516239629342,75
1014,PLAYER_SLEEPBEFORE_START,1516239629342,76
1014,PLAYER_SLEEPBEFORE_END,1516239630848,76
1014,WS_SEND_START,1516239630848,76
1014,WS_SEND_END,1516239630848,76
1014,WS_RECV_START,1516239630848,77
1014,WS_RECV_END,1516239630872,77
1014,PLAYER_SLEEPBEFORE_START,1516239630872,78
1014,PLAYER_SLEEPBEFORE_END,1516239631740,78
1014,WS_SEND_START,1516239631740,78
1014,WS_SEND_END,1516239631740,78
1014,WS_RECV_START,1516239631740,79
1014,WS_RECV_END,1516239631832,79
1014,PLAYER_SLEEPBEFORE_START,1516239631832,80
1014,PLAYER_SLEEPBEFORE_END,1516239639499,80
1014,WS_SEND_START,1516239639499,80
1014,WS_SEND_END,1516239639499,80
1014,WS_RECV_START,1516239639499,81
1014,WS_RECV_END,1516239639624,81
1014,PLAYER_SLEEPBEFORE_START,1516239639624,82
1014,PLAYER_SLEEPBEFORE_END,1516239640726,82
1014,WS_SEND_START,1516239640726,82
1014,WS_SEND_END,1516239640726,82
1014,WS_RECV_START,1516239640726,83
1014,WS_RECV_END,1516239640990,83
1014,PLAYER_SLEEPBEFORE_START,1516239640990,84
1014,PLAYER_SLEEPBEFORE_END,1516239641937,84
1014,WS_SEND_START,1516239641937,84
1014,WS_SEND_END,1516239641937,84
1014,WS_RECV_START,1516239641937,85
1014,WS_RECV_END,1516239642154,85
1014,PLAYER_SLEEPBEFORE_START,1516239642154,86
1014,PLAYER_SLEEPBEFORE_END,1516239646326,86
1014,WS_SEND_START,1516239646326,86
1014,WS_SEND_END,1516239646326,86
1014,WS_RECV_START,1516239646326,87
1014,WS_RECV_END,1516239647526,87
1014,PLAYER_SLEEPBEFORE_START,1516239647526,88
1014,PLAYER_SLEEPBEFORE_END,1516239647534,88
1014,WS_SEND_START,1516239647534,88
1014,WS_SEND_END,1516239647534,88
1014,WS_RECV_START,1516239647534,89
1014,WS_RECV_END,1516239647777,89
1014,PLAYER_SLEEPBEFORE_START,1516239647777,90
1014,PLAYER_SLEEPBEFORE_END,1516239674974,90
1014,REQ_START,1516239674974,90
1014,REQ_END,1516239674992,90
1014,PLAYER_SLEEPBEFORE_START,1516239674992,91
1014,PLAYER_SLEEPBEFORE_END,1516239682881,91
1014,WS_SEND_START,1516239682881,91
1014,WS_SEND_END,1516239682881,91
1014,WS_RECV_START,1516239682881,92
1014,WS_RECV_END,1516239683153,92
1014,PLAYER_SLEEPBEFORE_START,1516239683153,93
1014,PLAYER_SLEEPBEFORE_END,1516239683168,93
1014,WS_SEND_START,1516239683168,93
1014,WS_SEND_END,1516239683168,93
1014,WS_RECV_START,1516239683168,94
1014,WS_RECV_END,1516239683390,94
1014,PLAYER_SLEEPBEFORE_START,1516239683390,95
1014,PLAYER_SLEEPBEFORE_END,1516239706945,95
1014,WS_SEND_START,1516239706945,95
1014,WS_SEND_END,1516239706945,95
1014,WS_RECV_START,1516239706945,96
1014,WS_RECV_END,1516239707536,96
1014,PLAYER_SLEEPBEFORE_START,1516239707536,97
1014,PLAYER_SLEEPBEFORE_END,1516239729976,97
1014,WS_SEND_START,1516239729976,97
1014,WS_SEND_END,1516239729976,97
1014,WS_RECV_START,1516239729976,98
1014,WS_RECV_END,1516239731271,98
1014,PLAYER_SLEEPBEFORE_START,1516239731271,99
1014,PLAYER_SLEEPBEFORE_END,1516239731293,99
1014,WS_SEND_START,1516239731293,99
1014,WS_SEND_END,1516239731293,99
1014,WS_RECV_START,1516239731293,100
1014,WS_RECV_END,1516239733304,100
1014,PLAYER_SLEEPBEFORE_START,1516239733304,101
1014,PLAYER_SLEEPBEFORE_END,1516239756863,101
1014,WS_SEND_START,1516239756863,101
1014,WS_SEND_END,1516239756863,101
1014,WS_RECV_START,1516239756863,102
1014,WS_RECV_END,1516239757465,102
1014,PLAYER_SLEEPBEFORE_START,1516239757465,103
1014,PLAYER_SLEEPBEFORE_END,1516239781090,103
1014,WS_SEND_START,1516239781090,103
1014,WS_SEND_END,1516239781090,103
1014,WS_RECV_START,1516239781090,104
1014,WS_RECV_END,1516239781652,104
1014,PLAYER_SLEEPBEFORE_START,1516239781652,105
1014,PLAYER_SLEEPBEFORE_END,1516239807030,105
1014,WS_SEND_START,1516239807030,105
1014,WS_SEND_END,1516239807030,105
1014,WS_RECV_START,1516239807030,106
1014,WS_RECV_END,1516239807363,106
1014,PLAYER_SLEEPBEFORE_START,1516239807363,107
1014,PLAYER_SLEEPBEFORE_END,1516239830786,107
1014,WS_SEND_START,1516239830786,107
1014,WS_SEND_END,1516239830786,107
1014,WS_RECV_START,1516239830786,108
1014,WS_RECV_END,1516239830991,108
1014,PLAYER_SLEEPBEFORE_START,1516239830991,109
1014,PLAYER_SLEEPBEFORE_END,1516239831000,109
1014,WS_SEND_START,1516239831000,109
1014,WS_SEND_END,1516239831000,109
1014,WS_RECV_START,1516239831000,110
1014,WS_RECV_END,1516239831406,110
1014,PLAYER_SLEEPBEFORE_START,1516239831406,111
1014,PLAYER_SLEEPBEFORE_END,1516239832365,111
1014,WS_SEND_START,1516239832365,111
1014,WS_SEND_END,1516239832365,111
1014,WS_RECV_START,1516239832365,112
1014,WS_RECV_END,1516239832513,112
1014,PLAYER_SLEEPBEFORE_START,1516239832513,113
1014,PLAYER_SLEEPBEFORE_END,1516239833075,113
1014,WS_SEND_START,1516239833075,113
1014,WS_SEND_END,1516239833075,113
1014,WS_RECV_START,1516239833075,114
1014,WS_RECV_END,1516239833397,114
1014,PLAYER_SLEEPBEFORE_START,1516239833397,115
1014,PLAYER_SLEEPBEFORE_END,1516239833406,115
1014,WS_SEND_START,1516239833406,115
1014,WS_SEND_END,1516239833406,115
1014,WS_RECV_START,1516239833406,116
1014,WS_RECV_END,1516239833740,116
1014,PLAYER_SLEEPBEFORE_START,1516239833740,117
1014,PLAYER_SLEEPBEFORE_END,1516239854100,117
1014,WS_SEND_START,1516239854100,117
1014,WS_SEND_END,1516239854100,117
1014,PLAYER_SLEEPBEFORE_START,1516239854100,118
1014,PLAYER_SLEEPBEFORE_END,1516239857852,118
1014,WS_SEND_START,1516239857852,118
1014,WS_SEND_END,1516239857852,118
1014,WS_RECV_START,1516239857852,119
1014,WS_RECV_END,1516239858010,119
1014,PLAYER_SLEEPBEFORE_START,1516239858010,120
1014,PLAYER_SLEEPBEFORE_END,1516239858998,120
1014,WS_SEND_START,1516239858998,120
1014,WS_SEND_END,1516239858998,120
1014,WS_RECV_START,1516239858998,121
1014,WS_RECV_END,1516239859194,121
1014,PLAYER_SLEEPBEFORE_START,1516239859194,122
1014,PLAYER_SLEEPBEFORE_END,1516239860379,122
1014,WS_SEND_START,1516239860379,122
1014,WS_SEND_END,1516239860379,122
1014,WS_RECV_START,1516239860379,123
1014,WS_RECV_END,1516239860654,123
1014,PLAYER_SLEEPBEFORE_START,1516239860654,124
1014,PLAYER_SLEEPBEFORE_END,1516239885060,124
1014,WS_SEND_START,1516239885060,124
1014,WS_SEND_END,1516239885060,124
1014,WS_RECV_START,1516239885060,125
1014,WS_RECV_END,1516239885377,125
1014,PLAYER_SLEEPBEFORE_START,1516239885377,126
1014,PLAYER_SLEEPBEFORE_END,1516239905889,126
1014,WS_SEND_START,1516239905889,126
1014,WS_SEND_END,1516239905889,126
1014,PLAYER_SLEEPBEFORE_START,1516239905889,127
1014,PLAYER_SLEEPBEFORE_END,1516239908944,127
1014,WS_SEND_START,1516239908944,127
1014,WS_SEND_END,1516239908944,127
1014,WS_RECV_START,1516239908944,128
1014,WS_RECV_END,1516239909076,128
1014,PLAYER_SLEEPBEFORE_START,1516239909076,129
1014,PLAYER_SLEEPBEFORE_END,1516239909096,129
1014,WS_SEND_START,1516239909096,129
1014,WS_SEND_END,1516239909096,129
1014,WS_RECV_START,1516239909096,130
1014,WS_RECV_END,1516239909247,130
1014,PLAYER_SLEEPBEFORE_START,1516239909247,131
1014,PLAYER_SLEEPBEFORE_END,1516239930871,131
1014,WS_SEND_START,1516239930871,131
1014,WS_SEND_END,1516239930871,131
1014,PLAYER_SLEEPBEFORE_START,1516239930871,132
1014,PLAYER_SLEEPBEFORE_END,1516239933951,132
1014,WS_SEND_START,1516239933951,132
1014,WS_SEND_END,1516239933951,132
1014,WS_RECV_START,1516239933951,133
1014,WS_RECV_END,1516239934088,133
1014,PLAYER_SLEEPBEFORE_START,1516239934088,134
1014,PLAYER_SLEEPBEFORE_END,1516239955305,134
1014,WS_SEND_START,1516239955305,134
1014,WS_SEND_END,1516239955305,134
1014,PLAYER_SLEEPBEFORE_START,1516239955305,135
1014,PLAYER_SLEEPBEFORE_END,1516239958495,135
1014,WS_SEND_START,1516239958495,135
1014,WS_SEND_END,1516239958495,135
1014,WS_RECV_START,1516239958495,136
1014,WS_RECV_END,1516239959503,136
1014,PLAYER_SLEEPBEFORE_START,1516239959503,137
1014,PLAYER_SLEEPBEFORE_END,1516239959510,137
1014,WS_SEND_START,1516239959510,137
1014,WS_SEND_END,1516239959510,137
1014,WS_RECV_START,1516239959510,138
1014,WS_RECV_END,1516239959870,138
1014,PLAYER_SLEEPBEFORE_START,1516239959870,139
1014,PLAYER_SLEEPBEFORE_END,1516239960560,139
1014,WS_SEND_START,1516239960560,139
1014,WS_SEND_END,1516239960560,139
1014,WS_RECV_START,1516239960560,140
1014,WS_RECV_END,1516239961386,140
1014,PLAYER_SLEEPBEFORE_START,1516239961386,141
1014,PLAYER_SLEEPBEFORE_END,1516239962041,141
1014,WS_SEND_START,1516239962041,141
1014,WS_SEND_END,1516239962041,141
1014,WS_RECV_START,1516239962041,142
1014,WS_RECV_END,1516239963146,142
1014,PLAYER_SLEEPBEFORE_START,1516239963146,143
1014,PLAYER_SLEEPBEFORE_END,1516239963203,143
1014,WS_SEND_START,1516239963203,143
1014,WS_SEND_END,1516239963203,143
1014,WS_RECV_START,1516239963203,144
1014,WS_RECV_END,1516239963779,144
1014,PLAYER_SLEEPBEFORE_START,1516239963779,145
1014,PLAYER_SLEEPBEFORE_END,1516239979841,145
1014,REQ_START,1516239979841,145
1014,REQ_END,1516239979849,145
1014,PLAYER_SLEEPBEFORE_START,1516239979849,146
1014,PLAYER_SLEEPBEFORE_END,1516239988726,146
1014,WS_SEND_START,1516239988726,146
1014,WS_SEND_END,1516239988726,146
1014,WS_RECV_START,1516239988726,147
1014,WS_RECV_END,1516239991588,147
1014,PLAYER_SLEEPBEFORE_START,1516239991588,148
1014,PLAYER_SLEEPBEFORE_END,1516240013510,148
1014,WS_SEND_START,1516240013510,148
1014,WS_SEND_END,1516240013510,148
1014,PLAYER_SLEEPBEFORE_START,1516240013510,149
1014,PLAYER_SLEEPBEFORE_END,1516240015938,149
1014,WS_SEND_START,1516240015938,149
1014,WS_SEND_END,1516240015938,149
1014,WS_RECV_START,1516240015938,150
1014,WS_RECV_END,1516240017245,150
1014,PLAYER_SLEEPBEFORE_START,1516240017245,151
1014,PLAYER_SLEEPBEFORE_END,1516240017455,151
1014,WS_SEND_START,1516240017455,151
1014,WS_SEND_END,1516240017455,151
1014,WS_RECV_START,1516240017455,152
1014,WS_RECV_END,1516240018349,152
1014,PLAYER_SLEEPBEFORE_START,1516240018349,153
1014,PLAYER_SLEEPBEFORE_END,1516240042276,153
1014,WS_SEND_START,1516240042276,153
1014,WS_SEND_END,1516240042276,153
1014,WS_RECV_START,1516240042276,154
1014,WS_RECV_END,1516240043012,154
1014,PLAYER_SLEEPBEFORE_START,1516240043012,155
1014,PLAYER_SLEEPBEFORE_END,1516240065570,155
1014,WS_SEND_START,1516240065570,155
1014,WS_SEND_END,1516240065570,155
1014,PLAYER_SLEEPBEFORE_START,1516240065570,156
1014,PLAYER_SLEEPBEFORE_END,1516240068844,156
1014,WS_SEND_START,1516240068844,156
1014,WS_SEND_END,1516240068844,156
1014,WS_RECV_START,1516240068844,157
1014,WS_RECV_END,1516240069699,157
1014,PLAYER_SLEEPBEFORE_START,1516240069699,158
1014,PLAYER_SLEEPBEFORE_END,1516240069710,158
1014,WS_SEND_START,1516240069710,158
1014,WS_SEND_END,1516240069710,158
1014,WS_RECV_START,1516240069710,159
1014,WS_RECV_END,1516240069942,159
1014,PLAYER_SLEEPBEFORE_START,1516240069942,160
1014,PLAYER_SLEEPBEFORE_END,1516240070117,160
1014,WS_SEND_START,1516240070117,160
1014,WS_SEND_END,1516240070117,160
1014,WS_RECV_START,1516240070117,161
1014,WS_RECV_END,1516240070290,161
1014,PLAYER_SLEEPBEFORE_START,1516240070290,162
1014,PLAYER_SLEEPBEFORE_END,1516240070315,162
1014,WS_SEND_START,1516240070315,162
1014,WS_SEND_END,1516240070315,162
1014,WS_RECV_START,1516240070315,163
1014,WS_RECV_END,1516240070510,163
1014,PLAYER_SLEEPBEFORE_START,1516240070510,164
1014,PLAYER_SLEEPBEFORE_END,1516240091322,164
1014,WS_SEND_START,1516240091322,164
1014,WS_SEND_END,1516240091322,164
1014,WS_RECV_START,1516240091322,165
1014,WS_RECV_END,1516240091724,165
1014,PLAYER_SLEEPBEFORE_START,1516240091724,166
1014,PLAYER_SLEEPBEFORE_END,1516240114179,166
1014,WS_SEND_START,1516240114179,166
1014,WS_SEND_END,1516240114179,166
1014,WS_RECV_START,1516240114179,167
1014,WS_RECV_END,1516240114901,167
1014,PLAYER_SLEEPBEFORE_START,1516240114901,168
1014,PLAYER_SLEEPBEFORE_END,1516240142258,168
1014,WS_SEND_START,1516240142258,168
1014,WS_SEND_END,1516240142258,168
1014,WS_RECV_START,1516240142258,169
1014,WS_RECV_END,1516240142284,169
1014,PLAYER_SLEEPBEFORE_START,1516240142284,170
1014,PLAYER_SLEEPBEFORE_END,1516240142293,170
1014,WS_SEND_START,1516240142293,170
1014,WS_SEND_END,1516240142293,170
1014,WS_RECV_START,1516240142293,171
1014,WS_RECV_END,1516240142334,171
1014,PLAYER_SLEEPBEFORE_START,1516240142334,172
1014,PLAYER_SLEEPBEFORE_END,1516240142703,172
1014,WS_SEND_START,1516240142703,172
1014,WS_SEND_END,1516240142703,172
1014,WS_RECV_START,1516240142703,173
1014,WS_RECV_END,1516240142837,173
1014,PLAYER_SLEEPBEFORE_START,1516240142837,174
1014,PLAYER_SLEEPBEFORE_END,1516240142878,174
1014,WS_SEND_START,1516240142878,174
1014,WS_SEND_END,1516240142878,174
1014,WS_RECV_START,1516240142878,175
1014,WS_RECV_END,1516240143218,175
1014,PLAYER_SLEEPBEFORE_START,1516240143218,176
1014,PLAYER_SLEEPBEFORE_END,1516240164979,176
1014,WS_SEND_START,1516240164979,176
1014,WS_SEND_END,1516240164979,176
1014,PLAYER_SLEEPBEFORE_START,1516240164979,177
1014,PLAYER_SLEEPBEFORE_END,1516240167497,177
1014,WS_SEND_START,1516240167497,177
1014,WS_SEND_END,1516240167497,177
1014,WS_RECV_START,1516240167497,178
1014,WS_RECV_END,1516240167633,178
1014,PLAYER_SLEEPBEFORE_START,1516240167633,179
1014,PLAYER_SLEEPBEFORE_END,1516240189973,179
1014,WS_SEND_START,1516240189973,179
1014,WS_SEND_END,1516240189973,179
1014,WS_RECV_START,1516240189973,180
1014,WS_RECV_END,1516240190137,180
1014,PLAYER_SLEEPBEFORE_START,1516240190137,181
1014,PLAYER_SLEEPBEFORE_END,1516240190581,181
1014,WS_SEND_START,1516240190581,181
1014,WS_SEND_END,1516240190581,181
1014,WS_RECV_START,1516240190581,182
1014,WS_RECV_END,1516240190862,182
1014,PLAYER_SLEEPBEFORE_START,1516240190862,183
1014,PLAYER_SLEEPBEFORE_END,1516240191385,183
1014,WS_SEND_START,1516240191385,183
1014,WS_SEND_END,1516240191385,183
1014,WS_RECV_START,1516240191385,184
1014,WS_RECV_END,1516240191531,184
1014,PLAYER_SLEEPBEFORE_START,1516240191531,185
1014,PLAYER_SLEEPBEFORE_END,1516240191799,185
1014,WS_SEND_START,1516240191799,185
1014,WS_SEND_END,1516240191799,185
1014,WS_RECV_START,1516240191799,186
1014,WS_RECV_END,1516240191923,186
1014,PLAYER_SLEEPBEFORE_START,1516240191923,187
1014,PLAYER_SLEEPBEFORE_END,1516240214423,187
1014,WS_SEND_START,1516240214423,187
1014,WS_SEND_END,1516240214423,187
1014,WS_RECV_START,1516240214423,188
1014,WS_RECV_END,1516240214479,188
1014,PLAYER_SLEEPBEFORE_START,1516240214479,189
1014,PLAYER_SLEEPBEFORE_END,1516240220718,189
1014,WS_SEND_START,1516240220718,189
1014,WS_SEND_END,1516240220718,189
1014,WS_RECV_START,1516240220718,190
1014,WS_RECV_END,1516240220908,190
1014,PLAYER_SLEEPBEFORE_START,1516240220908,191
1014,PLAYER_SLEEPBEFORE_END,1516240222823,191
1014,WS_SEND_START,1516240222823,191
1014,WS_SEND_END,1516240222823,191
1014,WS_RECV_START,1516240222823,192
1014,WS_RECV_END,1516240223109,192
1014,PLAYER_SLEEPBEFORE_START,1516240223109,193
1014,PLAYER_SLEEPBEFORE_END,1516240223237,193
1014,WS_SEND_START,1516240223237,193
1014,WS_SEND_END,1516240223238,193
1014,WS_RECV_START,1516240223238,194
1014,WS_RECV_END,1516240223359,194
1014,PLAYER_SLEEPBEFORE_START,1516240223359,195
1014,PLAYER_SLEEPBEFORE_END,1516240225114,195
1014,WS_SEND_START,1516240225114,195
1014,WS_SEND_END,1516240225114,195
1014,WS_RECV_START,1516240225114,196
1014,WS_RECV_END,1516240225229,196
1014,PLAYER_SLEEPBEFORE_START,1516240225229,197
1014,PLAYER_SLEEPBEFORE_END,1516240227034,197
1014,WS_SEND_START,1516240227034,197
1014,WS_SEND_END,1516240227034,197
1014,WS_RECV_START,1516240227034,198
1014,WS_RECV_END,1516240227148,198
1014,PLAYER_SLEEPBEFORE_START,1516240227148,199
1014,PLAYER_SLEEPBEFORE_END,1516240239002,199
1014,WS_SEND_START,1516240239002,199
1014,WS_SEND_END,1516240239002,199
1014,PLAYER_SLEEPBEFORE_START,1516240239002,200
1014,PLAYER_SLEEPBEFORE_END,1516240243091,200
1014,WS_SEND_START,1516240243091,200
1014,WS_SEND_END,1516240243091,200
1014,WS_RECV_START,1516240243091,201
1014,WS_RECV_END,1516240243170,201
1014,PLAYER_SLEEPBEFORE_START,1516240243170,202
1014,PLAYER_SLEEPBEFORE_END,1516240243187,202
1014,WS_SEND_START,1516240243187,202
1014,WS_SEND_END,1516240243187,202
1014,WS_RECV_START,1516240243187,203
1014,WS_RECV_END,1516240243379,203
1014,PLAYER_SLEEPBEFORE_START,1516240243379,204
1014,PLAYER_SLEEPBEFORE_END,1516240263028,204
1014,WS_SEND_START,1516240263028,204
1014,WS_SEND_END,1516240263028,204
1014,PLAYER_SLEEPBEFORE_START,1516240263028,205
1014,PLAYER_SLEEPBEFORE_END,1516240266927,205
1014,WS_SEND_START,1516240266927,205
1014,WS_SEND_END,1516240266927,205
1014,WS_RECV_START,1516240266927,206
1014,WS_RECV_END,1516240267040,206
1014,PLAYER_SLEEPBEFORE_START,1516240267040,207
1014,PLAYER_SLEEPBEFORE_END,1516240283971,207
1014,REQ_START,1516240283971,207
1014,REQ_END,1516240283979,207
1014,PLAYER_SLEEPBEFORE_START,1516240283979,208
1014,PLAYER_SLEEPBEFORE_END,1516240290831,208
1014,WS_CLOSE_START,1516240290831,208
1014,WS_CLOSE_END,1516240290831,208
1014,PLAYER_DONE,1516240290831
