# --sessions 1080 --app-url=http://shinyloadtest.rstudioservices.com/cran_explorer --output-dir test1080 --overwrite-output --log-level warn --start-interval 250 15min.log
thread_id,event,timestamp,input_line_number,comment
161,PLAYER_SESSION_CREATE,1516239120527
161,PLAYER_START_INTERVAL_START,1516239120527
161,PLAYER_START_INTERVAL_END,1516239160777
161,REQ_HOME_START,1516239160777,2
161,REQ_HOME_END,1516239160872,2
161,REQ_START,1516239160872,3
161,REQ_END,1516239160913,3
161,REQ_START,1516239160913,4
161,REQ_END,1516239160948,4
161,REQ_START,1516239160948,5
161,REQ_END,1516239160987,5
161,REQ_START,1516239160987,6
161,REQ_END,1516239161030,6
161,REQ_START,1516239161030,7
161,REQ_END,1516239161070,7
161,REQ_START,1516239161070,8
161,REQ_END,1516239161110,8
161,REQ_START,1516239161110,9
161,REQ_END,1516239161152,9
161,REQ_START,1516239161152,10
161,REQ_END,1516239161160,10
161,REQ_START,1516239161160,11
161,REQ_END,1516239161198,11
161,REQ_START,1516239161198,12
161,REQ_END,1516239161205,12
161,REQ_START,1516239161205,13
161,REQ_END,1516239161243,13
161,REQ_START,1516239161243,14
161,REQ_END,1516239161255,14
161,REQ_START,1516239161255,15
161,REQ_END,1516239161295,15
161,REQ_TOK_START,1516239161295,16
161,REQ_TOK_END,1516239161300,16
161,REQ_SINF_START,1516239161300,17
161,REQ_SINF_END,1516239161306,17
161,WS_OPEN_START,1516239161306,18
161,WS_OPEN_END,1516239161311,18
161,REQ_START,1516239161311,19
161,REQ_END,1516239161343,19
161,WS_RECV_START,1516239161343,20
161,WS_RECV_END,1516239161343,20
161,PLAYER_SLEEPBEFORE_START,1516239161343,21
161,PLAYER_SLEEPBEFORE_END,1516239161348,21
161,WS_SEND_START,1516239161348,21
161,WS_SEND_END,1516239161348,21
161,PLAYER_SLEEPBEFORE_START,1516239161348,22
161,PLAYER_SLEEPBEFORE_END,1516239161349,22
161,WS_SEND_START,1516239161349,22
161,WS_SEND_END,1516239161349,22
161,WS_RECV_INIT_START,1516239161349,23
161,WS_RECV_INIT_END,1516239161368,23
161,WS_RECV_START,1516239161368,24
161,WS_RECV_END,1516239161420,24
161,PLAYER_SLEEPBEFORE_START,1516239161420,25
161,PLAYER_SLEEPBEFORE_END,1516239161427,25
161,REQ_START,1516239161427,25
161,REQ_END,1516239161463,25
161,PLAYER_SLEEPBEFORE_START,1516239161463,26
161,PLAYER_SLEEPBEFORE_END,1516239161465,26
161,REQ_START,1516239161465,26
161,REQ_END,1516239161519,26
161,PLAYER_SLEEPBEFORE_START,1516239161519,27
161,PLAYER_SLEEPBEFORE_END,1516239161522,27
161,REQ_START,1516239161522,27
161,REQ_END,1516239161559,27
161,PLAYER_SLEEPBEFORE_START,1516239161559,28
161,PLAYER_SLEEPBEFORE_END,1516239161845,28
161,REQ_START,1516239161845,28
161,REQ_END,1516239161882,28
161,PLAYER_SLEEPBEFORE_START,1516239161882,29
161,PLAYER_SLEEPBEFORE_END,1516239162057,29
161,WS_SEND_START,1516239162057,29
161,WS_SEND_END,1516239162057,29
161,WS_RECV_START,1516239162057,30
161,WS_RECV_END,1516239162156,30
161,PLAYER_SLEEPBEFORE_START,1516239162156,31
161,PLAYER_SLEEPBEFORE_END,1516239162168,31
161,REQ_START,1516239162168,31
161,REQ_END,1516239162207,31
161,PLAYER_SLEEPBEFORE_START,1516239162207,32
161,PLAYER_SLEEPBEFORE_END,1516239190352,32
161,WS_SEND_START,1516239190352,32
161,WS_SEND_END,1516239190352,32
161,WS_RECV_START,1516239190352,33
161,WS_RECV_END,1516239190441,33
161,PLAYER_SLEEPBEFORE_START,1516239190441,34
161,PLAYER_SLEEPBEFORE_END,1516239216352,34
161,WS_SEND_START,1516239216352,34
161,WS_SEND_END,1516239216352,34
161,WS_RECV_START,1516239216352,35
161,WS_RECV_END,1516239216540,35
161,PLAYER_SLEEPBEFORE_START,1516239216540,36
161,PLAYER_SLEEPBEFORE_END,1516239216550,36
161,WS_SEND_START,1516239216550,36
161,WS_SEND_END,1516239216550,36
161,WS_RECV_START,1516239216550,37
161,WS_RECV_END,1516239216611,37
161,PLAYER_SLEEPBEFORE_START,1516239216611,38
161,PLAYER_SLEEPBEFORE_END,1516239219806,38
161,WS_SEND_START,1516239219806,38
161,WS_SEND_END,1516239219806,38
161,WS_RECV_START,1516239219806,39
161,WS_RECV_END,1516239219920,39
161,PLAYER_SLEEPBEFORE_START,1516239219920,40
161,PLAYER_SLEEPBEFORE_END,1516239219966,40
161,WS_SEND_START,1516239219966,40
161,WS_SEND_END,1516239219966,40
161,WS_RECV_START,1516239219966,41
161,WS_RECV_END,1516239220066,41
161,PLAYER_SLEEPBEFORE_START,1516239220066,42
161,PLAYER_SLEEPBEFORE_END,1516239238201,42
161,WS_SEND_START,1516239238201,42
161,WS_SEND_END,1516239238201,42
161,WS_RECV_START,1516239238201,43
161,WS_RECV_END,1516239238299,43
161,PLAYER_SLEEPBEFORE_START,1516239238299,44
161,PLAYER_SLEEPBEFORE_END,1516239238311,44
161,WS_SEND_START,1516239238311,44
161,WS_SEND_END,1516239238311,44
161,WS_RECV_START,1516239238311,45
161,WS_RECV_END,1516239238375,45
161,PLAYER_SLEEPBEFORE_START,1516239238375,46
161,PLAYER_SLEEPBEFORE_END,1516239239635,46
161,WS_SEND_START,1516239239635,46
161,WS_SEND_END,1516239239635,46
161,WS_RECV_START,1516239239635,47
161,WS_RECV_END,1516239239676,47
161,PLAYER_SLEEPBEFORE_START,1516239239676,48
161,PLAYER_SLEEPBEFORE_END,1516239240996,48
161,WS_SEND_START,1516239240996,48
161,WS_SEND_END,1516239240996,48
161,WS_RECV_START,1516239240996,49
161,WS_RECV_END,1516239241090,49
161,PLAYER_SLEEPBEFORE_START,1516239241090,50
161,PLAYER_SLEEPBEFORE_END,1516239241114,50
161,WS_SEND_START,1516239241114,50
161,WS_SEND_END,1516239241114,50
161,WS_RECV_START,1516239241114,51
161,WS_RECV_END,1516239241208,51
161,PLAYER_SLEEPBEFORE_START,1516239241208,52
161,PLAYER_SLEEPBEFORE_END,1516239263772,52
161,WS_SEND_START,1516239263772,52
161,WS_SEND_END,1516239263772,52
161,WS_RECV_START,1516239263772,53
161,WS_RECV_END,1516239263867,53
161,PLAYER_SLEEPBEFORE_START,1516239263867,54
161,PLAYER_SLEEPBEFORE_END,1516239285170,54
161,WS_SEND_START,1516239285170,54
161,WS_SEND_END,1516239285170,54
161,PLAYER_SLEEPBEFORE_START,1516239285170,55
161,PLAYER_SLEEPBEFORE_END,1516239287112,55
161,WS_SEND_START,1516239287112,55
161,WS_SEND_END,1516239287112,55
161,WS_RECV_START,1516239287112,56
161,WS_RECV_END,1516239287204,56
161,PLAYER_SLEEPBEFORE_START,1516239287204,57
161,PLAYER_SLEEPBEFORE_END,1516239310076,57
161,WS_SEND_START,1516239310076,57
161,WS_SEND_END,1516239310076,57
161,WS_RECV_START,1516239310076,58
161,WS_RECV_END,1516239310161,58
161,PLAYER_SLEEPBEFORE_START,1516239310161,59
161,PLAYER_SLEEPBEFORE_END,1516239312488,59
161,WS_SEND_START,1516239312488,59
161,WS_SEND_END,1516239312488,59
161,WS_RECV_START,1516239312488,60
161,WS_RECV_END,1516239312586,60
161,PLAYER_SLEEPBEFORE_START,1516239312586,61
161,PLAYER_SLEEPBEFORE_END,1516239316177,61
161,WS_SEND_START,1516239316177,61
161,WS_SEND_END,1516239316177,61
161,WS_RECV_START,1516239316177,62
161,WS_RECV_END,1516239316331,62
161,PLAYER_SLEEPBEFORE_START,1516239316332,63
161,PLAYER_SLEEPBEFORE_END,1516239335594,63
161,WS_SEND_START,1516239335594,63
161,WS_SEND_END,1516239335594,63
161,WS_RECV_START,1516239335594,64
161,WS_RECV_END,1516239335721,64
161,PLAYER_SLEEPBEFORE_START,1516239335721,65
161,PLAYER_SLEEPBEFORE_END,1516239362538,65
161,WS_SEND_START,1516239362538,65
161,WS_SEND_END,1516239362538,65
161,WS_RECV_START,1516239362538,66
161,WS_RECV_END,1516239362798,66
161,PLAYER_SLEEPBEFORE_START,1516239362798,67
161,PLAYER_SLEEPBEFORE_END,1516239364305,67
161,WS_SEND_START,1516239364305,67
161,WS_SEND_END,1516239364305,67
161,WS_RECV_START,1516239364305,68
161,WS_RECV_END,1516239364422,68
161,PLAYER_SLEEPBEFORE_START,1516239364422,69
161,PLAYER_SLEEPBEFORE_END,1516239386420,69
161,WS_SEND_START,1516239386420,69
161,WS_SEND_END,1516239386420,69
161,WS_RECV_START,1516239386420,70
161,WS_RECV_END,1516239386644,70
161,PLAYER_SLEEPBEFORE_START,1516239386644,71
161,PLAYER_SLEEPBEFORE_END,1516239411419,71
161,WS_SEND_START,1516239411419,71
161,WS_SEND_END,1516239411419,71
161,PLAYER_SLEEPBEFORE_START,1516239411419,72
161,PLAYER_SLEEPBEFORE_END,1516239414026,72
161,WS_SEND_START,1516239414026,72
161,WS_SEND_END,1516239414026,72
161,WS_RECV_START,1516239414026,73
161,WS_RECV_END,1516239414543,73
161,PLAYER_SLEEPBEFORE_START,1516239414543,74
161,PLAYER_SLEEPBEFORE_END,1516239414552,74
161,WS_SEND_START,1516239414552,74
161,WS_SEND_END,1516239414552,74
161,WS_RECV_START,1516239414552,75
161,WS_RECV_END,1516239414723,75
161,PLAYER_SLEEPBEFORE_START,1516239414723,76
161,PLAYER_SLEEPBEFORE_END,1516239416229,76
161,WS_SEND_START,1516239416229,76
161,WS_SEND_END,1516239416229,76
161,WS_RECV_START,1516239416229,77
161,WS_RECV_END,1516239416255,77
161,PLAYER_SLEEPBEFORE_START,1516239416255,78
161,PLAYER_SLEEPBEFORE_END,1516239417123,78
161,WS_SEND_START,1516239417123,78
161,WS_SEND_END,1516239417123,78
161,WS_RECV_START,1516239417123,79
161,WS_RECV_END,1516239417158,79
161,PLAYER_SLEEPBEFORE_START,1516239417158,80
161,PLAYER_SLEEPBEFORE_END,1516239424824,80
161,WS_SEND_START,1516239424824,80
161,WS_SEND_END,1516239424824,80
161,WS_RECV_START,1516239424824,81
161,WS_RECV_END,1516239424910,81
161,PLAYER_SLEEPBEFORE_START,1516239424910,82
161,PLAYER_SLEEPBEFORE_END,1516239426012,82
161,WS_SEND_START,1516239426012,82
161,WS_SEND_END,1516239426012,82
161,WS_RECV_START,1516239426012,83
161,WS_RECV_END,1516239426054,83
161,PLAYER_SLEEPBEFORE_START,1516239426054,84
161,PLAYER_SLEEPBEFORE_END,1516239427001,84
161,WS_SEND_START,1516239427001,84
161,WS_SEND_END,1516239427001,84
161,WS_RECV_START,1516239427001,85
161,WS_RECV_END,1516239427095,85
161,PLAYER_SLEEPBEFORE_START,1516239427095,86
161,PLAYER_SLEEPBEFORE_END,1516239431267,86
161,WS_SEND_START,1516239431267,86
161,WS_SEND_END,1516239431267,86
161,WS_RECV_START,1516239431267,87
161,WS_RECV_END,1516239431425,87
161,PLAYER_SLEEPBEFORE_START,1516239431425,88
161,PLAYER_SLEEPBEFORE_END,1516239431433,88
161,WS_SEND_START,1516239431433,88
161,WS_SEND_END,1516239431433,88
161,WS_RECV_START,1516239431433,89
161,WS_RECV_END,1516239431557,89
161,PLAYER_SLEEPBEFORE_START,1516239431557,90
161,PLAYER_SLEEPBEFORE_END,1516239458754,90
161,REQ_START,1516239458754,90
161,REQ_END,1516239458760,90
161,PLAYER_SLEEPBEFORE_START,1516239458760,91
161,PLAYER_SLEEPBEFORE_END,1516239466649,91
161,WS_SEND_START,1516239466649,91
161,WS_SEND_END,1516239466649,91
161,WS_RECV_START,1516239466649,92
161,WS_RECV_END,1516239467041,92
161,PLAYER_SLEEPBEFORE_START,1516239467041,93
161,PLAYER_SLEEPBEFORE_END,1516239467056,93
161,WS_SEND_START,1516239467056,93
161,WS_SEND_END,1516239467056,93
161,WS_RECV_START,1516239467056,94
161,WS_RECV_END,1516239467637,94
161,PLAYER_SLEEPBEFORE_START,1516239467637,95
161,PLAYER_SLEEPBEFORE_END,1516239491192,95
161,WS_SEND_START,1516239491192,95
161,WS_SEND_END,1516239491192,95
161,WS_RECV_START,1516239491192,96
161,WS_RECV_END,1516239491371,96
161,PLAYER_SLEEPBEFORE_START,1516239491371,97
161,PLAYER_SLEEPBEFORE_END,1516239513811,97
161,WS_SEND_START,1516239513811,97
161,WS_SEND_END,1516239513811,97
161,WS_RECV_START,1516239513811,98
161,WS_RECV_END,1516239514172,98
161,PLAYER_SLEEPBEFORE_START,1516239514172,99
161,PLAYER_SLEEPBEFORE_END,1516239514194,99
161,WS_SEND_START,1516239514194,99
161,WS_SEND_END,1516239514194,99
161,WS_RECV_START,1516239514194,100
161,WS_RECV_END,1516239514412,100
161,PLAYER_SLEEPBEFORE_START,1516239514412,101
161,PLAYER_SLEEPBEFORE_END,1516239537971,101
161,WS_SEND_START,1516239537972,101
161,WS_SEND_END,1516239537972,101
161,WS_RECV_START,1516239537972,102
161,WS_RECV_END,1516239538111,102
161,PLAYER_SLEEPBEFORE_START,1516239538111,103
161,PLAYER_SLEEPBEFORE_END,1516239561736,103
161,WS_SEND_START,1516239561736,103
161,WS_SEND_END,1516239561736,103
161,WS_RECV_START,1516239561736,104
161,WS_RECV_END,1516239561854,104
161,PLAYER_SLEEPBEFORE_START,1516239561854,105
161,PLAYER_SLEEPBEFORE_END,1516239587231,105
161,WS_SEND_START,1516239587231,105
161,WS_SEND_END,1516239587231,105
161,WS_RECV_START,1516239587231,106
161,WS_RECV_END,1516239588408,106
161,PLAYER_SLEEPBEFORE_START,1516239588408,107
161,PLAYER_SLEEPBEFORE_END,1516239611831,107
161,WS_SEND_START,1516239611831,107
161,WS_SEND_END,1516239611831,107
161,WS_RECV_START,1516239611831,108
161,WS_RECV_END,1516239612244,108
161,PLAYER_SLEEPBEFORE_START,1516239612244,109
161,PLAYER_SLEEPBEFORE_END,1516239612264,109
161,WS_SEND_START,1516239612264,109
161,WS_SEND_END,1516239612264,109
161,WS_RECV_START,1516239612264,110
161,WS_RECV_END,1516239612371,110
161,PLAYER_SLEEPBEFORE_START,1516239612371,111
161,PLAYER_SLEEPBEFORE_END,1516239613330,111
161,WS_SEND_START,1516239613330,111
161,WS_SEND_END,1516239613330,111
161,WS_RECV_START,1516239613330,112
161,WS_RECV_END,1516239613421,112
161,PLAYER_SLEEPBEFORE_START,1516239613421,113
161,PLAYER_SLEEPBEFORE_END,1516239613992,113
161,WS_SEND_START,1516239613992,113
161,WS_SEND_END,1516239613992,113
161,WS_RECV_START,1516239613992,114
161,WS_RECV_END,1516239614351,114
161,PLAYER_SLEEPBEFORE_START,1516239614351,115
161,PLAYER_SLEEPBEFORE_END,1516239614360,115
161,WS_SEND_START,1516239614360,115
161,WS_SEND_END,1516239614360,115
161,WS_RECV_START,1516239614360,116
161,WS_RECV_END,1516239614740,116
161,PLAYER_SLEEPBEFORE_START,1516239614740,117
161,PLAYER_SLEEPBEFORE_END,1516239635100,117
161,WS_SEND_START,1516239635100,117
161,WS_SEND_END,1516239635100,117
161,PLAYER_SLEEPBEFORE_START,1516239635100,118
161,PLAYER_SLEEPBEFORE_END,1516239638852,118
161,WS_SEND_START,1516239638852,118
161,WS_SEND_END,1516239638852,118
161,WS_RECV_START,1516239638852,119
161,WS_RECV_END,1516239639023,119
161,PLAYER_SLEEPBEFORE_START,1516239639023,120
161,PLAYER_SLEEPBEFORE_END,1516239640011,120
161,WS_SEND_START,1516239640011,120
161,WS_SEND_END,1516239640011,120
161,WS_RECV_START,1516239640011,121
161,WS_RECV_END,1516239640192,121
161,PLAYER_SLEEPBEFORE_START,1516239640192,122
161,PLAYER_SLEEPBEFORE_END,1516239641378,122
161,WS_SEND_START,1516239641378,122
161,WS_SEND_END,1516239641378,122
161,WS_RECV_START,1516239641378,123
161,WS_RECV_END,1516239641539,123
161,PLAYER_SLEEPBEFORE_START,1516239641539,124
161,PLAYER_SLEEPBEFORE_END,1516239665944,124
161,WS_SEND_START,1516239665944,124
161,WS_SEND_END,1516239665944,124
161,WS_RECV_START,1516239665944,125
161,WS_RECV_END,1516239666389,125
161,PLAYER_SLEEPBEFORE_START,1516239666389,126
161,PLAYER_SLEEPBEFORE_END,1516239686901,126
161,WS_SEND_START,1516239686901,126
161,WS_SEND_END,1516239686901,126
161,PLAYER_SLEEPBEFORE_START,1516239686901,127
161,PLAYER_SLEEPBEFORE_END,1516239689955,127
161,WS_SEND_START,1516239689955,127
161,WS_SEND_END,1516239689955,127
161,WS_RECV_START,1516239689955,128
161,WS_RECV_END,1516239690078,128
161,PLAYER_SLEEPBEFORE_START,1516239690078,129
161,PLAYER_SLEEPBEFORE_END,1516239690098,129
161,WS_SEND_START,1516239690098,129
161,WS_SEND_END,1516239690098,129
161,WS_RECV_START,1516239690098,130
161,WS_RECV_END,1516239690287,130
161,PLAYER_SLEEPBEFORE_START,1516239690287,131
161,PLAYER_SLEEPBEFORE_END,1516239711911,131
161,WS_SEND_START,1516239711911,131
161,WS_SEND_END,1516239711911,131
161,PLAYER_SLEEPBEFORE_START,1516239711911,132
161,PLAYER_SLEEPBEFORE_END,1516239714991,132
161,WS_SEND_START,1516239714991,132
161,WS_SEND_END,1516239714991,132
161,WS_RECV_START,1516239714991,133
161,WS_RECV_END,1516239717225,133
161,PLAYER_SLEEPBEFORE_START,1516239717225,134
161,PLAYER_SLEEPBEFORE_END,1516239738442,134
161,WS_SEND_START,1516239738442,134
161,WS_SEND_END,1516239738442,134
161,PLAYER_SLEEPBEFORE_START,1516239738442,135
161,PLAYER_SLEEPBEFORE_END,1516239741633,135
161,WS_SEND_START,1516239741633,135
161,WS_SEND_END,1516239741633,135
161,WS_RECV_START,1516239741633,136
161,WS_RECV_END,1516239741888,136
161,PLAYER_SLEEPBEFORE_START,1516239741888,137
161,PLAYER_SLEEPBEFORE_END,1516239741895,137
161,WS_SEND_START,1516239741895,137
161,WS_SEND_END,1516239741895,137
161,WS_RECV_START,1516239741895,138
161,WS_RECV_END,1516239742187,138
161,PLAYER_SLEEPBEFORE_START,1516239742187,139
161,PLAYER_SLEEPBEFORE_END,1516239742877,139
161,WS_SEND_START,1516239742878,139
161,WS_SEND_END,1516239742878,139
161,WS_RECV_START,1516239742878,140
161,WS_RECV_END,1516239742945,140
161,PLAYER_SLEEPBEFORE_START,1516239742945,141
161,PLAYER_SLEEPBEFORE_END,1516239743600,141
161,WS_SEND_START,1516239743600,141
161,WS_SEND_END,1516239743600,141
161,WS_RECV_START,1516239743600,142
161,WS_RECV_END,1516239743796,142
161,PLAYER_SLEEPBEFORE_START,1516239743796,143
161,PLAYER_SLEEPBEFORE_END,1516239743853,143
161,WS_SEND_START,1516239743853,143
161,WS_SEND_END,1516239743853,143
161,WS_RECV_START,1516239743853,144
161,WS_RECV_END,1516239743986,144
161,PLAYER_SLEEPBEFORE_START,1516239743986,145
161,PLAYER_SLEEPBEFORE_END,1516239760048,145
161,REQ_START,1516239760048,145
161,REQ_END,1516239760053,145
161,PLAYER_SLEEPBEFORE_START,1516239760053,146
161,PLAYER_SLEEPBEFORE_END,1516239768930,146
161,WS_SEND_START,1516239768930,146
161,WS_SEND_END,1516239768931,146
161,WS_RECV_START,1516239768931,147
161,WS_RECV_END,1516239769093,147
161,PLAYER_SLEEPBEFORE_START,1516239769093,148
161,PLAYER_SLEEPBEFORE_END,1516239791015,148
161,WS_SEND_START,1516239791016,148
161,WS_SEND_END,1516239791016,148
161,PLAYER_SLEEPBEFORE_START,1516239791016,149
161,PLAYER_SLEEPBEFORE_END,1516239793444,149
161,WS_SEND_START,1516239793444,149
161,WS_SEND_END,1516239793444,149
161,WS_RECV_START,1516239793444,150
161,WS_RECV_END,1516239793604,150
161,PLAYER_SLEEPBEFORE_START,1516239793604,151
161,PLAYER_SLEEPBEFORE_END,1516239793814,151
161,WS_SEND_START,1516239793814,151
161,WS_SEND_END,1516239793814,151
161,WS_RECV_START,1516239793814,152
161,WS_RECV_END,1516239793958,152
161,PLAYER_SLEEPBEFORE_START,1516239793958,153
161,PLAYER_SLEEPBEFORE_END,1516239817885,153
161,WS_SEND_START,1516239817885,153
161,WS_SEND_END,1516239817885,153
161,WS_RECV_START,1516239817885,154
161,WS_RECV_END,1516239818896,154
161,PLAYER_SLEEPBEFORE_START,1516239818896,155
161,PLAYER_SLEEPBEFORE_END,1516239841454,155
161,WS_SEND_START,1516239841454,155
161,WS_SEND_END,1516239841454,155
161,PLAYER_SLEEPBEFORE_START,1516239841454,156
161,PLAYER_SLEEPBEFORE_END,1516239844728,156
161,WS_SEND_START,1516239844728,156
161,WS_SEND_END,1516239844728,156
161,WS_RECV_START,1516239844728,157
161,WS_RECV_END,1516239844807,157
161,PLAYER_SLEEPBEFORE_START,1516239844807,158
161,PLAYER_SLEEPBEFORE_END,1516239844817,158
161,WS_SEND_START,1516239844817,158
161,WS_SEND_END,1516239844817,158
161,WS_RECV_START,1516239844817,159
161,WS_RECV_END,1516239844859,159
161,PLAYER_SLEEPBEFORE_START,1516239844859,160
161,PLAYER_SLEEPBEFORE_END,1516239845034,160
161,WS_SEND_START,1516239845034,160
161,WS_SEND_END,1516239845034,160
161,WS_RECV_START,1516239845034,161
161,WS_RECV_END,1516239845160,161
161,PLAYER_SLEEPBEFORE_START,1516239845160,162
161,PLAYER_SLEEPBEFORE_END,1516239845185,162
161,WS_SEND_START,1516239845185,162
161,WS_SEND_END,1516239845185,162
161,WS_RECV_START,1516239845185,163
161,WS_RECV_END,1516239845364,163
161,PLAYER_SLEEPBEFORE_START,1516239845364,164
161,PLAYER_SLEEPBEFORE_END,1516239866176,164
161,WS_SEND_START,1516239866176,164
161,WS_SEND_END,1516239866176,164
161,WS_RECV_START,1516239866176,165
161,WS_RECV_END,1516239866303,165
161,PLAYER_SLEEPBEFORE_START,1516239866303,166
161,PLAYER_SLEEPBEFORE_END,1516239888758,166
161,WS_SEND_START,1516239888758,166
161,WS_SEND_END,1516239888758,166
161,WS_RECV_START,1516239888758,167
161,WS_RECV_END,1516239888870,167
161,PLAYER_SLEEPBEFORE_START,1516239888870,168
161,PLAYER_SLEEPBEFORE_END,1516239916227,168
161,WS_SEND_START,1516239916227,168
161,WS_SEND_END,1516239916227,168
161,WS_RECV_START,1516239916227,169
161,WS_RECV_END,1516239916265,169
161,PLAYER_SLEEPBEFORE_START,1516239916265,170
161,PLAYER_SLEEPBEFORE_END,1516239916276,170
161,WS_SEND_START,1516239916276,170
161,WS_SEND_END,1516239916276,170
161,WS_RECV_START,1516239916276,171
161,WS_RECV_END,1516239916319,171
161,PLAYER_SLEEPBEFORE_START,1516239916319,172
161,PLAYER_SLEEPBEFORE_END,1516239916688,172
161,WS_SEND_START,1516239916688,172
161,WS_SEND_END,1516239916688,172
161,WS_RECV_START,1516239916688,173
161,WS_RECV_END,1516239916856,173
161,PLAYER_SLEEPBEFORE_START,1516239916856,174
161,PLAYER_SLEEPBEFORE_END,1516239916897,174
161,WS_SEND_START,1516239916897,174
161,WS_SEND_END,1516239916897,174
161,WS_RECV_START,1516239916897,175
161,WS_RECV_END,1516239917125,175
161,PLAYER_SLEEPBEFORE_START,1516239917125,176
161,PLAYER_SLEEPBEFORE_END,1516239938886,176
161,WS_SEND_START,1516239938886,176
161,WS_SEND_END,1516239938886,176
161,PLAYER_SLEEPBEFORE_START,1516239938886,177
161,PLAYER_SLEEPBEFORE_END,1516239941404,177
161,WS_SEND_START,1516239941404,177
161,WS_SEND_END,1516239941404,177
161,WS_RECV_START,1516239941404,178
161,WS_RECV_END,1516239941671,178
161,PLAYER_SLEEPBEFORE_START,1516239941671,179
161,PLAYER_SLEEPBEFORE_END,1516239964011,179
161,WS_SEND_START,1516239964011,179
161,WS_SEND_END,1516239964011,179
161,WS_RECV_START,1516239964011,180
161,WS_RECV_END,1516239964940,180
161,PLAYER_SLEEPBEFORE_START,1516239964940,181
161,PLAYER_SLEEPBEFORE_END,1516239965385,181
161,WS_SEND_START,1516239965385,181
161,WS_SEND_END,1516239965385,181
161,WS_RECV_START,1516239965385,182
161,WS_RECV_END,1516239965927,182
161,PLAYER_SLEEPBEFORE_START,1516239965927,183
161,PLAYER_SLEEPBEFORE_END,1516239966450,183
161,WS_SEND_START,1516239966450,183
161,WS_SEND_END,1516239966450,183
161,WS_RECV_START,1516239966450,184
161,WS_RECV_END,1516239967043,184
161,PLAYER_SLEEPBEFORE_START,1516239967043,185
161,PLAYER_SLEEPBEFORE_END,1516239967311,185
161,WS_SEND_START,1516239967311,185
161,WS_SEND_END,1516239967311,185
161,WS_RECV_START,1516239967311,186
161,WS_RECV_END,1516239967606,186
161,PLAYER_SLEEPBEFORE_START,1516239967606,187
161,PLAYER_SLEEPBEFORE_END,1516239990106,187
161,WS_SEND_START,1516239990106,187
161,WS_SEND_END,1516239990106,187
161,WS_RECV_START,1516239990106,188
161,WS_RECV_END,1516239992333,188
161,PLAYER_SLEEPBEFORE_START,1516239992333,189
161,PLAYER_SLEEPBEFORE_END,1516239998572,189
161,WS_SEND_START,1516239998572,189
161,WS_SEND_END,1516239998572,189
161,WS_RECV_START,1516239998572,190
161,WS_RECV_END,1516240001158,190
161,PLAYER_SLEEPBEFORE_START,1516240001158,191
161,PLAYER_SLEEPBEFORE_END,1516240003073,191
161,WS_SEND_START,1516240003074,191
161,WS_SEND_END,1516240003074,191
161,WS_RECV_START,1516240003074,192
161,WS_RECV_END,1516240005531,192
161,PLAYER_SLEEPBEFORE_START,1516240005531,193
161,PLAYER_SLEEPBEFORE_END,1516240005659,193
161,WS_SEND_START,1516240005659,193
161,WS_SEND_END,1516240005659,193
161,WS_RECV_START,1516240005659,194
161,WS_RECV_END,1516240007520,194
161,PLAYER_SLEEPBEFORE_START,1516240007520,195
161,PLAYER_SLEEPBEFORE_END,1516240009275,195
161,WS_SEND_START,1516240009275,195
161,WS_SEND_END,1516240009275,195
161,WS_RECV_START,1516240009275,196
161,WS_RECV_END,1516240012111,196
161,PLAYER_SLEEPBEFORE_START,1516240012111,197
161,PLAYER_SLEEPBEFORE_END,1516240013915,197
161,WS_SEND_START,1516240013915,197
161,WS_SEND_END,1516240013915,197
161,WS_RECV_START,1516240013915,198
161,WS_RECV_END,1516240016783,198
161,PLAYER_SLEEPBEFORE_START,1516240016783,199
161,PLAYER_SLEEPBEFORE_END,1516240028637,199
161,WS_SEND_START,1516240028637,199
161,WS_SEND_END,1516240028637,199
161,PLAYER_SLEEPBEFORE_START,1516240028637,200
161,PLAYER_SLEEPBEFORE_END,1516240032725,200
161,WS_SEND_START,1516240032725,200
161,WS_SEND_END,1516240032725,200
161,WS_RECV_START,1516240032725,201
161,WS_RECV_END,1516240033831,201
161,PLAYER_SLEEPBEFORE_START,1516240033831,202
161,PLAYER_SLEEPBEFORE_END,1516240033845,202
161,WS_SEND_START,1516240033845,202
161,WS_SEND_END,1516240033845,202
161,WS_RECV_START,1516240033845,203
161,WS_RECV_END,1516240034199,203
161,PLAYER_SLEEPBEFORE_START,1516240034199,204
161,PLAYER_SLEEPBEFORE_END,1516240053848,204
161,WS_SEND_START,1516240053848,204
161,WS_SEND_END,1516240053848,204
161,PLAYER_SLEEPBEFORE_START,1516240053848,205
161,PLAYER_SLEEPBEFORE_END,1516240057746,205
161,WS_SEND_START,1516240057746,205
161,WS_SEND_END,1516240057746,205
161,WS_RECV_START,1516240057746,206
161,WS_RECV_END,1516240060119,206
161,PLAYER_SLEEPBEFORE_START,1516240060119,207
161,PLAYER_SLEEPBEFORE_END,1516240077050,207
161,REQ_START,1516240077050,207
161,REQ_END,1516240077055,207
161,PLAYER_SLEEPBEFORE_START,1516240077055,208
161,PLAYER_SLEEPBEFORE_END,1516240083907,208
161,WS_CLOSE_START,1516240083907,208
161,WS_CLOSE_END,1516240083907,208
161,PLAYER_DONE,1516240083907
