# --sessions 1080 --app-url=http://shinyloadtest.rstudioservices.com/cran_explorer --output-dir test1080 --overwrite-output --log-level warn --start-interval 250 15min.log
thread_id,event,timestamp,input_line_number,comment
174,PLAYER_SESSION_CREATE,1516239120534
174,PLAYER_START_INTERVAL_START,1516239120534
174,PLAYER_START_INTERVAL_END,1516239164034
174,REQ_HOME_START,1516239164034,2
174,REQ_HOME_END,1516239164109,2
174,REQ_START,1516239164110,3
174,REQ_END,1516239164140,3
174,REQ_START,1516239164140,4
174,REQ_END,1516239164170,4
174,REQ_START,1516239164170,5
174,REQ_END,1516239164203,5
174,REQ_START,1516239164203,6
174,REQ_END,1516239164236,6
174,REQ_START,1516239164236,7
174,REQ_END,1516239164266,7
174,REQ_START,1516239164266,8
174,REQ_END,1516239164303,8
174,REQ_START,1516239164303,9
174,REQ_END,1516239164338,9
174,REQ_START,1516239164338,10
174,REQ_END,1516239164346,10
174,REQ_START,1516239164346,11
174,REQ_END,1516239164373,11
174,REQ_START,1516239164373,12
174,REQ_END,1516239164382,12
174,REQ_START,1516239164382,13
174,REQ_END,1516239164413,13
174,REQ_START,1516239164413,14
174,REQ_END,1516239164427,14
174,REQ_START,1516239164427,15
174,REQ_END,1516239164458,15
174,REQ_TOK_START,1516239164458,16
174,REQ_TOK_END,1516239164465,16
174,REQ_SINF_START,1516239164465,17
174,REQ_SINF_END,1516239164472,17
174,WS_OPEN_START,1516239164472,18
174,WS_OPEN_END,1516239164479,18
174,REQ_START,1516239164479,19
174,REQ_END,1516239164505,19
174,WS_RECV_START,1516239164505,20
174,WS_RECV_END,1516239164505,20
174,PLAYER_SLEEPBEFORE_START,1516239164505,21
174,PLAYER_SLEEPBEFORE_END,1516239164510,21
174,WS_SEND_START,1516239164510,21
174,WS_SEND_END,1516239164510,21
174,PLAYER_SLEEPBEFORE_START,1516239164510,22
174,PLAYER_SLEEPBEFORE_END,1516239164511,22
174,WS_SEND_START,1516239164511,22
174,WS_SEND_END,1516239164511,22
174,WS_RECV_INIT_START,1516239164511,23
174,WS_RECV_INIT_END,1516239164526,23
174,WS_RECV_START,1516239164526,24
174,WS_RECV_END,1516239164579,24
174,PLAYER_SLEEPBEFORE_START,1516239164579,25
174,PLAYER_SLEEPBEFORE_END,1516239164586,25
174,REQ_START,1516239164586,25
174,REQ_END,1516239164617,25
174,PLAYER_SLEEPBEFORE_START,1516239164617,26
174,PLAYER_SLEEPBEFORE_END,1516239164618,26
174,REQ_START,1516239164618,26
174,REQ_END,1516239164648,26
174,PLAYER_SLEEPBEFORE_START,1516239164648,27
174,PLAYER_SLEEPBEFORE_END,1516239164651,27
174,REQ_START,1516239164651,27
174,REQ_END,1516239164685,27
174,PLAYER_SLEEPBEFORE_START,1516239164685,28
174,PLAYER_SLEEPBEFORE_END,1516239164970,28
174,REQ_START,1516239164970,28
174,REQ_END,1516239165003,28
174,PLAYER_SLEEPBEFORE_START,1516239165003,29
174,PLAYER_SLEEPBEFORE_END,1516239165178,29
174,WS_SEND_START,1516239165178,29
174,WS_SEND_END,1516239165178,29
174,WS_RECV_START,1516239165178,30
174,WS_RECV_END,1516239165268,30
174,PLAYER_SLEEPBEFORE_START,1516239165268,31
174,PLAYER_SLEEPBEFORE_END,1516239165279,31
174,REQ_START,1516239165279,31
174,REQ_END,1516239165312,31
174,PLAYER_SLEEPBEFORE_START,1516239165312,32
174,PLAYER_SLEEPBEFORE_END,1516239193457,32
174,WS_SEND_START,1516239193457,32
174,WS_SEND_END,1516239193457,32
174,WS_RECV_START,1516239193457,33
174,WS_RECV_END,1516239193552,33
174,PLAYER_SLEEPBEFORE_START,1516239193552,34
174,PLAYER_SLEEPBEFORE_END,1516239219463,34
174,WS_SEND_START,1516239219463,34
174,WS_SEND_END,1516239219463,34
174,WS_RECV_START,1516239219463,35
174,WS_RECV_END,1516239219499,35
174,PLAYER_SLEEPBEFORE_START,1516239219499,36
174,PLAYER_SLEEPBEFORE_END,1516239219508,36
174,WS_SEND_START,1516239219508,36
174,WS_SEND_END,1516239219508,36
174,WS_RECV_START,1516239219508,37
174,WS_RECV_END,1516239219550,37
174,PLAYER_SLEEPBEFORE_START,1516239219550,38
174,PLAYER_SLEEPBEFORE_END,1516239222745,38
174,WS_SEND_START,1516239222746,38
174,WS_SEND_END,1516239222746,38
174,WS_RECV_START,1516239222746,39
174,WS_RECV_END,1516239222884,39
174,PLAYER_SLEEPBEFORE_START,1516239222884,40
174,PLAYER_SLEEPBEFORE_END,1516239222930,40
174,WS_SEND_START,1516239222930,40
174,WS_SEND_END,1516239222930,40
174,WS_RECV_START,1516239222930,41
174,WS_RECV_END,1516239223024,41
174,PLAYER_SLEEPBEFORE_START,1516239223024,42
174,PLAYER_SLEEPBEFORE_END,1516239241160,42
174,WS_SEND_START,1516239241160,42
174,WS_SEND_END,1516239241160,42
174,WS_RECV_START,1516239241160,43
174,WS_RECV_END,1516239241189,43
174,PLAYER_SLEEPBEFORE_START,1516239241189,44
174,PLAYER_SLEEPBEFORE_END,1516239241202,44
174,WS_SEND_START,1516239241202,44
174,WS_SEND_END,1516239241202,44
174,WS_RECV_START,1516239241202,45
174,WS_RECV_END,1516239241242,45
174,PLAYER_SLEEPBEFORE_START,1516239241242,46
174,PLAYER_SLEEPBEFORE_END,1516239242502,46
174,WS_SEND_START,1516239242502,46
174,WS_SEND_END,1516239242502,46
174,WS_RECV_START,1516239242502,47
174,WS_RECV_END,1516239242525,47
174,PLAYER_SLEEPBEFORE_START,1516239242525,48
174,PLAYER_SLEEPBEFORE_END,1516239243845,48
174,WS_SEND_START,1516239243845,48
174,WS_SEND_END,1516239243845,48
174,WS_RECV_START,1516239243845,49
174,WS_RECV_END,1516239243974,49
174,PLAYER_SLEEPBEFORE_START,1516239243974,50
174,PLAYER_SLEEPBEFORE_END,1516239243999,50
174,WS_SEND_START,1516239243999,50
174,WS_SEND_END,1516239243999,50
174,WS_RECV_START,1516239243999,51
174,WS_RECV_END,1516239244186,51
174,PLAYER_SLEEPBEFORE_START,1516239244186,52
174,PLAYER_SLEEPBEFORE_END,1516239266750,52
174,WS_SEND_START,1516239266750,52
174,WS_SEND_END,1516239266750,52
174,WS_RECV_START,1516239266750,53
174,WS_RECV_END,1516239266875,53
174,PLAYER_SLEEPBEFORE_START,1516239266875,54
174,PLAYER_SLEEPBEFORE_END,1516239288178,54
174,WS_SEND_START,1516239288178,54
174,WS_SEND_END,1516239288179,54
174,PLAYER_SLEEPBEFORE_START,1516239288179,55
174,PLAYER_SLEEPBEFORE_END,1516239290120,55
174,WS_SEND_START,1516239290120,55
174,WS_SEND_END,1516239290120,55
174,WS_RECV_START,1516239290120,56
174,WS_RECV_END,1516239290266,56
174,PLAYER_SLEEPBEFORE_START,1516239290266,57
174,PLAYER_SLEEPBEFORE_END,1516239313138,57
174,WS_SEND_START,1516239313138,57
174,WS_SEND_END,1516239313138,57
174,WS_RECV_START,1516239313138,58
174,WS_RECV_END,1516239313200,58
174,PLAYER_SLEEPBEFORE_START,1516239313200,59
174,PLAYER_SLEEPBEFORE_END,1516239315527,59
174,WS_SEND_START,1516239315527,59
174,WS_SEND_END,1516239315527,59
174,WS_RECV_START,1516239315527,60
174,WS_RECV_END,1516239315627,60
174,PLAYER_SLEEPBEFORE_START,1516239315627,61
174,PLAYER_SLEEPBEFORE_END,1516239319219,61
174,WS_SEND_START,1516239319219,61
174,WS_SEND_END,1516239319219,61
174,WS_RECV_START,1516239319219,62
174,WS_RECV_END,1516239319318,62
174,PLAYER_SLEEPBEFORE_START,1516239319318,63
174,PLAYER_SLEEPBEFORE_END,1516239338580,63
174,WS_SEND_START,1516239338580,63
174,WS_SEND_END,1516239338580,63
174,WS_RECV_START,1516239338580,64
174,WS_RECV_END,1516239338647,64
174,PLAYER_SLEEPBEFORE_START,1516239338647,65
174,PLAYER_SLEEPBEFORE_END,1516239365464,65
174,WS_SEND_START,1516239365464,65
174,WS_SEND_END,1516239365464,65
174,WS_RECV_START,1516239365464,66
174,WS_RECV_END,1516239365550,66
174,PLAYER_SLEEPBEFORE_START,1516239365550,67
174,PLAYER_SLEEPBEFORE_END,1516239367057,67
174,WS_SEND_START,1516239367057,67
174,WS_SEND_END,1516239367057,67
174,WS_RECV_START,1516239367057,68
174,WS_RECV_END,1516239367322,68
174,PLAYER_SLEEPBEFORE_START,1516239367322,69
174,PLAYER_SLEEPBEFORE_END,1516239389320,69
174,WS_SEND_START,1516239389320,69
174,WS_SEND_END,1516239389320,69
174,WS_RECV_START,1516239389320,70
174,WS_RECV_END,1516239389764,70
174,PLAYER_SLEEPBEFORE_START,1516239389764,71
174,PLAYER_SLEEPBEFORE_END,1516239414539,71
174,WS_SEND_START,1516239414539,71
174,WS_SEND_END,1516239414539,71
174,PLAYER_SLEEPBEFORE_START,1516239414539,72
174,PLAYER_SLEEPBEFORE_END,1516239417147,72
174,WS_SEND_START,1516239417147,72
174,WS_SEND_END,1516239417147,72
174,WS_RECV_START,1516239417147,73
174,WS_RECV_END,1516239417172,73
174,PLAYER_SLEEPBEFORE_START,1516239417172,74
174,PLAYER_SLEEPBEFORE_END,1516239417181,74
174,WS_SEND_START,1516239417181,74
174,WS_SEND_END,1516239417182,74
174,WS_RECV_START,1516239417182,75
174,WS_RECV_END,1516239417226,75
174,PLAYER_SLEEPBEFORE_START,1516239417226,76
174,PLAYER_SLEEPBEFORE_END,1516239418732,76
174,WS_SEND_START,1516239418732,76
174,WS_SEND_END,1516239418732,76
174,WS_RECV_START,1516239418732,77
174,WS_RECV_END,1516239418785,77
174,PLAYER_SLEEPBEFORE_START,1516239418785,78
174,PLAYER_SLEEPBEFORE_END,1516239419653,78
174,WS_SEND_START,1516239419653,78
174,WS_SEND_END,1516239419653,78
174,WS_RECV_START,1516239419653,79
174,WS_RECV_END,1516239419681,79
174,PLAYER_SLEEPBEFORE_START,1516239419682,80
174,PLAYER_SLEEPBEFORE_END,1516239427348,80
174,WS_SEND_START,1516239427348,80
174,WS_SEND_END,1516239427348,80
174,WS_RECV_START,1516239427348,81
174,WS_RECV_END,1516239427371,81
174,PLAYER_SLEEPBEFORE_START,1516239427371,82
174,PLAYER_SLEEPBEFORE_END,1516239428473,82
174,WS_SEND_START,1516239428473,82
174,WS_SEND_END,1516239428473,82
174,WS_RECV_START,1516239428473,83
174,WS_RECV_END,1516239428502,83
174,PLAYER_SLEEPBEFORE_START,1516239428502,84
174,PLAYER_SLEEPBEFORE_END,1516239429449,84
174,WS_SEND_START,1516239429449,84
174,WS_SEND_END,1516239429449,84
174,WS_RECV_START,1516239429449,85
174,WS_RECV_END,1516239429586,85
174,PLAYER_SLEEPBEFORE_START,1516239429586,86
174,PLAYER_SLEEPBEFORE_END,1516239433758,86
174,WS_SEND_START,1516239433758,86
174,WS_SEND_END,1516239433758,86
174,WS_RECV_START,1516239433758,87
174,WS_RECV_END,1516239433937,87
174,PLAYER_SLEEPBEFORE_START,1516239433937,88
174,PLAYER_SLEEPBEFORE_END,1516239433945,88
174,WS_SEND_START,1516239433945,88
174,WS_SEND_END,1516239433945,88
174,WS_RECV_START,1516239433945,89
174,WS_RECV_END,1516239434111,89
174,PLAYER_SLEEPBEFORE_START,1516239434111,90
174,PLAYER_SLEEPBEFORE_END,1516239461308,90
174,REQ_START,1516239461308,90
174,REQ_END,1516239461317,90
174,PLAYER_SLEEPBEFORE_START,1516239461317,91
174,PLAYER_SLEEPBEFORE_END,1516239469206,91
174,WS_SEND_START,1516239469206,91
174,WS_SEND_END,1516239469206,91
174,WS_RECV_START,1516239469206,92
174,WS_RECV_END,1516239469332,92
174,PLAYER_SLEEPBEFORE_START,1516239469332,93
174,PLAYER_SLEEPBEFORE_END,1516239469347,93
174,WS_SEND_START,1516239469347,93
174,WS_SEND_END,1516239469347,93
174,WS_RECV_START,1516239469347,94
174,WS_RECV_END,1516239469599,94
174,PLAYER_SLEEPBEFORE_START,1516239469599,95
174,PLAYER_SLEEPBEFORE_END,1516239493154,95
174,WS_SEND_START,1516239493154,95
174,WS_SEND_END,1516239493154,95
174,WS_RECV_START,1516239493154,96
174,WS_RECV_END,1516239494026,96
174,PLAYER_SLEEPBEFORE_START,1516239494026,97
174,PLAYER_SLEEPBEFORE_END,1516239516467,97
174,WS_SEND_START,1516239516467,97
174,WS_SEND_END,1516239516467,97
174,WS_RECV_START,1516239516467,98
174,WS_RECV_END,1516239516849,98
174,PLAYER_SLEEPBEFORE_START,1516239516849,99
174,PLAYER_SLEEPBEFORE_END,1516239516870,99
174,WS_SEND_START,1516239516870,99
174,WS_SEND_END,1516239516870,99
174,WS_RECV_START,1516239516870,100
174,WS_RECV_END,1516239517145,100
174,PLAYER_SLEEPBEFORE_START,1516239517145,101
174,PLAYER_SLEEPBEFORE_END,1516239540705,101
174,WS_SEND_START,1516239540705,101
174,WS_SEND_END,1516239540705,101
174,WS_RECV_START,1516239540705,102
174,WS_RECV_END,1516239540864,102
174,PLAYER_SLEEPBEFORE_START,1516239540864,103
174,PLAYER_SLEEPBEFORE_END,1516239564489,103
174,WS_SEND_START,1516239564489,103
174,WS_SEND_END,1516239564489,103
174,WS_RECV_START,1516239564489,104
174,WS_RECV_END,1516239564663,104
174,PLAYER_SLEEPBEFORE_START,1516239564663,105
174,PLAYER_SLEEPBEFORE_END,1516239590040,105
174,WS_SEND_START,1516239590040,105
174,WS_SEND_END,1516239590040,105
174,WS_RECV_START,1516239590040,106
174,WS_RECV_END,1516239590823,106
174,PLAYER_SLEEPBEFORE_START,1516239590823,107
174,PLAYER_SLEEPBEFORE_END,1516239614246,107
174,WS_SEND_START,1516239614246,107
174,WS_SEND_END,1516239614246,107
174,WS_RECV_START,1516239614246,108
174,WS_RECV_END,1516239614319,108
174,PLAYER_SLEEPBEFORE_START,1516239614319,109
174,PLAYER_SLEEPBEFORE_END,1516239614328,109
174,WS_SEND_START,1516239614328,109
174,WS_SEND_END,1516239614328,109
174,WS_RECV_START,1516239614328,110
174,WS_RECV_END,1516239614378,110
174,PLAYER_SLEEPBEFORE_START,1516239614378,111
174,PLAYER_SLEEPBEFORE_END,1516239615337,111
174,WS_SEND_START,1516239615337,111
174,WS_SEND_END,1516239615337,111
174,WS_RECV_START,1516239615337,112
174,WS_RECV_END,1516239615559,112
174,PLAYER_SLEEPBEFORE_START,1516239615559,113
174,PLAYER_SLEEPBEFORE_END,1516239616121,113
174,WS_SEND_START,1516239616121,113
174,WS_SEND_END,1516239616121,113
174,WS_RECV_START,1516239616121,114
174,WS_RECV_END,1516239616533,114
174,PLAYER_SLEEPBEFORE_START,1516239616533,115
174,PLAYER_SLEEPBEFORE_END,1516239616542,115
174,WS_SEND_START,1516239616542,115
174,WS_SEND_END,1516239616542,115
174,WS_RECV_START,1516239616542,116
174,WS_RECV_END,1516239616960,116
174,PLAYER_SLEEPBEFORE_START,1516239616960,117
174,PLAYER_SLEEPBEFORE_END,1516239637320,117
174,WS_SEND_START,1516239637320,117
174,WS_SEND_END,1516239637320,117
174,PLAYER_SLEEPBEFORE_START,1516239637320,118
174,PLAYER_SLEEPBEFORE_END,1516239641072,118
174,WS_SEND_START,1516239641072,118
174,WS_SEND_END,1516239641072,118
174,WS_RECV_START,1516239641072,119
174,WS_RECV_END,1516239641191,119
174,PLAYER_SLEEPBEFORE_START,1516239641191,120
174,PLAYER_SLEEPBEFORE_END,1516239642179,120
174,WS_SEND_START,1516239642179,120
174,WS_SEND_END,1516239642179,120
174,WS_RECV_START,1516239642179,121
174,WS_RECV_END,1516239642331,121
174,PLAYER_SLEEPBEFORE_START,1516239642331,122
174,PLAYER_SLEEPBEFORE_END,1516239643516,122
174,WS_SEND_START,1516239643516,122
174,WS_SEND_END,1516239643516,122
174,WS_RECV_START,1516239643516,123
174,WS_RECV_END,1516239644144,123
174,PLAYER_SLEEPBEFORE_START,1516239644144,124
174,PLAYER_SLEEPBEFORE_END,1516239668550,124
174,WS_SEND_START,1516239668550,124
174,WS_SEND_END,1516239668550,124
174,WS_RECV_START,1516239668550,125
174,WS_RECV_END,1516239668957,125
174,PLAYER_SLEEPBEFORE_START,1516239668957,126
174,PLAYER_SLEEPBEFORE_END,1516239689469,126
174,WS_SEND_START,1516239689469,126
174,WS_SEND_END,1516239689469,126
174,PLAYER_SLEEPBEFORE_START,1516239689469,127
174,PLAYER_SLEEPBEFORE_END,1516239692523,127
174,WS_SEND_START,1516239692523,127
174,WS_SEND_END,1516239692523,127
174,WS_RECV_START,1516239692523,128
174,WS_RECV_END,1516239692671,128
174,PLAYER_SLEEPBEFORE_START,1516239692671,129
174,PLAYER_SLEEPBEFORE_END,1516239692691,129
174,WS_SEND_START,1516239692691,129
174,WS_SEND_END,1516239692691,129
174,WS_RECV_START,1516239692691,130
174,WS_RECV_END,1516239692883,130
174,PLAYER_SLEEPBEFORE_START,1516239692883,131
174,PLAYER_SLEEPBEFORE_END,1516239714507,131
174,WS_SEND_START,1516239714507,131
174,WS_SEND_END,1516239714507,131
174,PLAYER_SLEEPBEFORE_START,1516239714507,132
174,PLAYER_SLEEPBEFORE_END,1516239717587,132
174,WS_SEND_START,1516239717587,132
174,WS_SEND_END,1516239717587,132
174,WS_RECV_START,1516239717587,133
174,WS_RECV_END,1516239719120,133
174,PLAYER_SLEEPBEFORE_START,1516239719120,134
174,PLAYER_SLEEPBEFORE_END,1516239740337,134
174,WS_SEND_START,1516239740337,134
174,WS_SEND_END,1516239740337,134
174,PLAYER_SLEEPBEFORE_START,1516239740337,135
174,PLAYER_SLEEPBEFORE_END,1516239743528,135
174,WS_SEND_START,1516239743528,135
174,WS_SEND_END,1516239743528,135
174,WS_RECV_START,1516239743528,136
174,WS_RECV_END,1516239743733,136
174,PLAYER_SLEEPBEFORE_START,1516239743733,137
174,PLAYER_SLEEPBEFORE_END,1516239743740,137
174,WS_SEND_START,1516239743740,137
174,WS_SEND_END,1516239743740,137
174,WS_RECV_START,1516239743740,138
174,WS_RECV_END,1516239743926,138
174,PLAYER_SLEEPBEFORE_START,1516239743926,139
174,PLAYER_SLEEPBEFORE_END,1516239744616,139
174,WS_SEND_START,1516239744616,139
174,WS_SEND_END,1516239744616,139
174,WS_RECV_START,1516239744616,140
174,WS_RECV_END,1516239744722,140
174,PLAYER_SLEEPBEFORE_START,1516239744722,141
174,PLAYER_SLEEPBEFORE_END,1516239745377,141
174,WS_SEND_START,1516239745377,141
174,WS_SEND_END,1516239745377,141
174,WS_RECV_START,1516239745377,142
174,WS_RECV_END,1516239745688,142
174,PLAYER_SLEEPBEFORE_START,1516239745688,143
174,PLAYER_SLEEPBEFORE_END,1516239745745,143
174,WS_SEND_START,1516239745745,143
174,WS_SEND_END,1516239745745,143
174,WS_RECV_START,1516239745745,144
174,WS_RECV_END,1516239745975,144
174,PLAYER_SLEEPBEFORE_START,1516239745975,145
174,PLAYER_SLEEPBEFORE_END,1516239762037,145
174,REQ_START,1516239762037,145
174,REQ_END,1516239762046,145
174,PLAYER_SLEEPBEFORE_START,1516239762046,146
174,PLAYER_SLEEPBEFORE_END,1516239770923,146
174,WS_SEND_START,1516239770923,146
174,WS_SEND_END,1516239770923,146
174,WS_RECV_START,1516239770923,147
174,WS_RECV_END,1516239771193,147
174,PLAYER_SLEEPBEFORE_START,1516239771193,148
174,PLAYER_SLEEPBEFORE_END,1516239793115,148
174,WS_SEND_START,1516239793115,148
174,WS_SEND_END,1516239793115,148
174,PLAYER_SLEEPBEFORE_START,1516239793115,149
174,PLAYER_SLEEPBEFORE_END,1516239795543,149
174,WS_SEND_START,1516239795543,149
174,WS_SEND_END,1516239795543,149
174,WS_RECV_START,1516239795543,150
174,WS_RECV_END,1516239795699,150
174,PLAYER_SLEEPBEFORE_START,1516239795699,151
174,PLAYER_SLEEPBEFORE_END,1516239795909,151
174,WS_SEND_START,1516239795909,151
174,WS_SEND_END,1516239795909,151
174,WS_RECV_START,1516239795909,152
174,WS_RECV_END,1516239796094,152
174,PLAYER_SLEEPBEFORE_START,1516239796094,153
174,PLAYER_SLEEPBEFORE_END,1516239820021,153
174,WS_SEND_START,1516239820021,153
174,WS_SEND_END,1516239820021,153
174,WS_RECV_START,1516239820021,154
174,WS_RECV_END,1516239821024,154
174,PLAYER_SLEEPBEFORE_START,1516239821024,155
174,PLAYER_SLEEPBEFORE_END,1516239843582,155
174,WS_SEND_START,1516239843582,155
174,WS_SEND_END,1516239843582,155
174,PLAYER_SLEEPBEFORE_START,1516239843582,156
174,PLAYER_SLEEPBEFORE_END,1516239846856,156
174,WS_SEND_START,1516239846856,156
174,WS_SEND_END,1516239846856,156
174,WS_RECV_START,1516239846856,157
174,WS_RECV_END,1516239847337,157
174,PLAYER_SLEEPBEFORE_START,1516239847337,158
174,PLAYER_SLEEPBEFORE_END,1516239847347,158
174,WS_SEND_START,1516239847347,158
174,WS_SEND_END,1516239847347,158
174,WS_RECV_START,1516239847347,159
174,WS_RECV_END,1516239847786,159
174,PLAYER_SLEEPBEFORE_START,1516239847786,160
174,PLAYER_SLEEPBEFORE_END,1516239847969,160
174,WS_SEND_START,1516239847969,160
174,WS_SEND_END,1516239847969,160
174,WS_RECV_START,1516239847969,161
174,WS_RECV_END,1516239848252,161
174,PLAYER_SLEEPBEFORE_START,1516239848252,162
174,PLAYER_SLEEPBEFORE_END,1516239848277,162
174,WS_SEND_START,1516239848277,162
174,WS_SEND_END,1516239848277,162
174,WS_RECV_START,1516239848277,163
174,WS_RECV_END,1516239848621,163
174,PLAYER_SLEEPBEFORE_START,1516239848621,164
174,PLAYER_SLEEPBEFORE_END,1516239869433,164
174,WS_SEND_START,1516239869433,164
174,WS_SEND_END,1516239869433,164
174,WS_RECV_START,1516239869433,165
174,WS_RECV_END,1516239869592,165
174,PLAYER_SLEEPBEFORE_START,1516239869592,166
174,PLAYER_SLEEPBEFORE_END,1516239892048,166
174,WS_SEND_START,1516239892048,166
174,WS_SEND_END,1516239892048,166
174,WS_RECV_START,1516239892048,167
174,WS_RECV_END,1516239892560,167
174,PLAYER_SLEEPBEFORE_START,1516239892560,168
174,PLAYER_SLEEPBEFORE_END,1516239919917,168
174,WS_SEND_START,1516239919917,168
174,WS_SEND_END,1516239919917,168
174,WS_RECV_START,1516239919917,169
174,WS_RECV_END,1516239919952,169
174,PLAYER_SLEEPBEFORE_START,1516239919952,170
174,PLAYER_SLEEPBEFORE_END,1516239919961,170
174,WS_SEND_START,1516239919961,170
174,WS_SEND_END,1516239919961,170
174,WS_RECV_START,1516239919961,171
174,WS_RECV_END,1516239920014,171
174,PLAYER_SLEEPBEFORE_START,1516239920014,172
174,PLAYER_SLEEPBEFORE_END,1516239920383,172
174,WS_SEND_START,1516239920383,172
174,WS_SEND_END,1516239920383,172
174,WS_RECV_START,1516239920383,173
174,WS_RECV_END,1516239920487,173
174,PLAYER_SLEEPBEFORE_START,1516239920487,174
174,PLAYER_SLEEPBEFORE_END,1516239920529,174
174,WS_SEND_START,1516239920529,174
174,WS_SEND_END,1516239920529,174
174,WS_RECV_START,1516239920529,175
174,WS_RECV_END,1516239920702,175
174,PLAYER_SLEEPBEFORE_START,1516239920702,176
174,PLAYER_SLEEPBEFORE_END,1516239942464,176
174,WS_SEND_START,1516239942464,176
174,WS_SEND_END,1516239942464,176
174,PLAYER_SLEEPBEFORE_START,1516239942464,177
174,PLAYER_SLEEPBEFORE_END,1516239944982,177
174,WS_SEND_START,1516239944982,177
174,WS_SEND_END,1516239944982,177
174,WS_RECV_START,1516239944982,178
174,WS_RECV_END,1516239945203,178
174,PLAYER_SLEEPBEFORE_START,1516239945204,179
174,PLAYER_SLEEPBEFORE_END,1516239967544,179
174,WS_SEND_START,1516239967544,179
174,WS_SEND_END,1516239967544,179
174,WS_RECV_START,1516239967544,180
174,WS_RECV_END,1516239968171,180
174,PLAYER_SLEEPBEFORE_START,1516239968171,181
174,PLAYER_SLEEPBEFORE_END,1516239968615,181
174,WS_SEND_START,1516239968615,181
174,WS_SEND_END,1516239968615,181
174,WS_RECV_START,1516239968615,182
174,WS_RECV_END,1516239968807,182
174,PLAYER_SLEEPBEFORE_START,1516239968807,183
174,PLAYER_SLEEPBEFORE_END,1516239969330,183
174,WS_SEND_START,1516239969330,183
174,WS_SEND_END,1516239969330,183
174,WS_RECV_START,1516239969330,184
174,WS_RECV_END,1516239969669,184
174,PLAYER_SLEEPBEFORE_START,1516239969669,185
174,PLAYER_SLEEPBEFORE_END,1516239969937,185
174,WS_SEND_START,1516239969937,185
174,WS_SEND_END,1516239969937,185
174,WS_RECV_START,1516239969937,186
174,WS_RECV_END,1516239970171,186
174,PLAYER_SLEEPBEFORE_START,1516239970171,187
174,PLAYER_SLEEPBEFORE_END,1516239992671,187
174,WS_SEND_START,1516239992671,187
174,WS_SEND_END,1516239992671,187
174,WS_RECV_START,1516239992671,188
174,WS_RECV_END,1516239993828,188
174,PLAYER_SLEEPBEFORE_START,1516239993828,189
174,PLAYER_SLEEPBEFORE_END,1516240000068,189
174,WS_SEND_START,1516240000068,189
174,WS_SEND_END,1516240000068,189
174,WS_RECV_START,1516240000068,190
174,WS_RECV_END,1516240003586,190
174,PLAYER_SLEEPBEFORE_START,1516240003586,191
174,PLAYER_SLEEPBEFORE_END,1516240005501,191
174,WS_SEND_START,1516240005501,191
174,WS_SEND_END,1516240005501,191
174,WS_RECV_START,1516240005501,192
174,WS_RECV_END,1516240007886,192
174,PLAYER_SLEEPBEFORE_START,1516240007886,193
174,PLAYER_SLEEPBEFORE_END,1516240008014,193
174,WS_SEND_START,1516240008014,193
174,WS_SEND_END,1516240008014,193
174,WS_RECV_START,1516240008014,194
174,WS_RECV_END,1516240009006,194
174,PLAYER_SLEEPBEFORE_START,1516240009006,195
174,PLAYER_SLEEPBEFORE_END,1516240010761,195
174,WS_SEND_START,1516240010761,195
174,WS_SEND_END,1516240010761,195
174,WS_RECV_START,1516240010761,196
174,WS_RECV_END,1516240013742,196
174,PLAYER_SLEEPBEFORE_START,1516240013742,197
174,PLAYER_SLEEPBEFORE_END,1516240015546,197
174,WS_SEND_START,1516240015546,197
174,WS_SEND_END,1516240015546,197
174,WS_RECV_START,1516240015546,198
174,WS_RECV_END,1516240019351,198
174,PLAYER_SLEEPBEFORE_START,1516240019351,199
174,PLAYER_SLEEPBEFORE_END,1516240031205,199
174,WS_SEND_START,1516240031205,199
174,WS_SEND_END,1516240031205,199
174,PLAYER_SLEEPBEFORE_START,1516240031205,200
174,PLAYER_SLEEPBEFORE_END,1516240035293,200
174,WS_SEND_START,1516240035293,200
174,WS_SEND_END,1516240035293,200
174,WS_RECV_START,1516240035293,201
174,WS_RECV_END,1516240037563,201
174,PLAYER_SLEEPBEFORE_START,1516240037563,202
174,PLAYER_SLEEPBEFORE_END,1516240037584,202
174,WS_SEND_START,1516240037584,202
174,WS_SEND_END,1516240037584,202
174,WS_RECV_START,1516240037584,203
174,WS_RECV_END,1516240038914,203
174,PLAYER_SLEEPBEFORE_START,1516240038914,204
174,PLAYER_SLEEPBEFORE_END,1516240058563,204
174,WS_SEND_START,1516240058563,204
174,WS_SEND_END,1516240058563,204
174,PLAYER_SLEEPBEFORE_START,1516240058563,205
174,PLAYER_SLEEPBEFORE_END,1516240062461,205
174,WS_SEND_START,1516240062461,205
174,WS_SEND_END,1516240062461,205
174,WS_RECV_START,1516240062461,206
174,WS_RECV_END,1516240063718,206
174,PLAYER_SLEEPBEFORE_START,1516240063718,207
174,PLAYER_SLEEPBEFORE_END,1516240080650,207
174,REQ_START,1516240080650,207
174,REQ_END,1516240080657,207
174,PLAYER_SLEEPBEFORE_START,1516240080657,208
174,PLAYER_SLEEPBEFORE_END,1516240087509,208
174,WS_CLOSE_START,1516240087509,208
174,WS_CLOSE_END,1516240087509,208
174,PLAYER_DONE,1516240087509
