# --sessions 1080 --app-url=http://shinyloadtest.rstudioservices.com/cran_explorer --output-dir test1080 --overwrite-output --log-level warn --start-interval 250 15min.log
thread_id,event,timestamp,input_line_number,comment
190,PLAYER_SESSION_CREATE,1516239120544
190,PLAYER_START_INTERVAL_START,1516239120544
190,PLAYER_START_INTERVAL_END,1516239168045
190,REQ_HOME_START,1516239168045,2
190,REQ_HOME_END,1516239168124,2
190,REQ_START,1516239168124,3
190,REQ_END,1516239168157,3
190,REQ_START,1516239168157,4
190,REQ_END,1516239168185,4
190,REQ_START,1516239168185,5
190,REQ_END,1516239168232,5
190,REQ_START,1516239168232,6
190,REQ_END,1516239168265,6
190,REQ_START,1516239168265,7
190,REQ_END,1516239168299,7
190,REQ_START,1516239168299,8
190,REQ_END,1516239168333,8
190,REQ_START,1516239168333,9
190,REQ_END,1516239168368,9
190,REQ_START,1516239168368,10
190,REQ_END,1516239168376,10
190,REQ_START,1516239168376,11
190,REQ_END,1516239168408,11
190,REQ_START,1516239168408,12
190,REQ_END,1516239168418,12
190,REQ_START,1516239168418,13
190,REQ_END,1516239168449,13
190,REQ_START,1516239168449,14
190,REQ_END,1516239168462,14
190,REQ_START,1516239168462,15
190,REQ_END,1516239168494,15
190,REQ_TOK_START,1516239168494,16
190,REQ_TOK_END,1516239168502,16
190,REQ_SINF_START,1516239168502,17
190,REQ_SINF_END,1516239168509,17
190,WS_OPEN_START,1516239168509,18
190,WS_OPEN_END,1516239168516,18
190,REQ_START,1516239168516,19
190,REQ_END,1516239168543,19
190,WS_RECV_START,1516239168543,20
190,WS_RECV_END,1516239168543,20
190,PLAYER_SLEEPBEFORE_START,1516239168543,21
190,PLAYER_SLEEPBEFORE_END,1516239168548,21
190,WS_SEND_START,1516239168548,21
190,WS_SEND_END,1516239168548,21
190,PLAYER_SLEEPBEFORE_START,1516239168548,22
190,PLAYER_SLEEPBEFORE_END,1516239168549,22
190,WS_SEND_START,1516239168549,22
190,WS_SEND_END,1516239168549,22
190,WS_RECV_INIT_START,1516239168549,23
190,WS_RECV_INIT_END,1516239168563,23
190,WS_RECV_START,1516239168563,24
190,WS_RECV_END,1516239168607,24
190,PLAYER_SLEEPBEFORE_START,1516239168607,25
190,PLAYER_SLEEPBEFORE_END,1516239168614,25
190,REQ_START,1516239168614,25
190,REQ_END,1516239168648,25
190,PLAYER_SLEEPBEFORE_START,1516239168648,26
190,PLAYER_SLEEPBEFORE_END,1516239168649,26
190,REQ_START,1516239168649,26
190,REQ_END,1516239168681,26
190,PLAYER_SLEEPBEFORE_START,1516239168681,27
190,PLAYER_SLEEPBEFORE_END,1516239168684,27
190,REQ_START,1516239168684,27
190,REQ_END,1516239168717,27
190,PLAYER_SLEEPBEFORE_START,1516239168717,28
190,PLAYER_SLEEPBEFORE_END,1516239169002,28
190,REQ_START,1516239169002,28
190,REQ_END,1516239169032,28
190,PLAYER_SLEEPBEFORE_START,1516239169032,29
190,PLAYER_SLEEPBEFORE_END,1516239169207,29
190,WS_SEND_START,1516239169207,29
190,WS_SEND_END,1516239169207,29
190,WS_RECV_START,1516239169207,30
190,WS_RECV_END,1516239169297,30
190,PLAYER_SLEEPBEFORE_START,1516239169297,31
190,PLAYER_SLEEPBEFORE_END,1516239169308,31
190,REQ_START,1516239169308,31
190,REQ_END,1516239169413,31
190,PLAYER_SLEEPBEFORE_START,1516239169413,32
190,PLAYER_SLEEPBEFORE_END,1516239197558,32
190,WS_SEND_START,1516239197558,32
190,WS_SEND_END,1516239197558,32
190,WS_RECV_START,1516239197558,33
190,WS_RECV_END,1516239197651,33
190,PLAYER_SLEEPBEFORE_START,1516239197651,34
190,PLAYER_SLEEPBEFORE_END,1516239223562,34
190,WS_SEND_START,1516239223562,34
190,WS_SEND_END,1516239223562,34
190,WS_RECV_START,1516239223562,35
190,WS_RECV_END,1516239223617,35
190,PLAYER_SLEEPBEFORE_START,1516239223617,36
190,PLAYER_SLEEPBEFORE_END,1516239223626,36
190,WS_SEND_START,1516239223626,36
190,WS_SEND_END,1516239223626,36
190,WS_RECV_START,1516239223626,37
190,WS_RECV_END,1516239223666,37
190,PLAYER_SLEEPBEFORE_START,1516239223666,38
190,PLAYER_SLEEPBEFORE_END,1516239226861,38
190,WS_SEND_START,1516239226861,38
190,WS_SEND_END,1516239226861,38
190,WS_RECV_START,1516239226861,39
190,WS_RECV_END,1516239227026,39
190,PLAYER_SLEEPBEFORE_START,1516239227026,40
190,PLAYER_SLEEPBEFORE_END,1516239227072,40
190,WS_SEND_START,1516239227072,40
190,WS_SEND_END,1516239227072,40
190,WS_RECV_START,1516239227072,41
190,WS_RECV_END,1516239227170,41
190,PLAYER_SLEEPBEFORE_START,1516239227170,42
190,PLAYER_SLEEPBEFORE_END,1516239245305,42
190,WS_SEND_START,1516239245305,42
190,WS_SEND_END,1516239245305,42
190,WS_RECV_START,1516239245305,43
190,WS_RECV_END,1516239245332,43
190,PLAYER_SLEEPBEFORE_START,1516239245332,44
190,PLAYER_SLEEPBEFORE_END,1516239245344,44
190,WS_SEND_START,1516239245344,44
190,WS_SEND_END,1516239245344,44
190,WS_RECV_START,1516239245344,45
190,WS_RECV_END,1516239245386,45
190,PLAYER_SLEEPBEFORE_START,1516239245386,46
190,PLAYER_SLEEPBEFORE_END,1516239246646,46
190,WS_SEND_START,1516239246646,46
190,WS_SEND_END,1516239246646,46
190,WS_RECV_START,1516239246646,47
190,WS_RECV_END,1516239246846,47
190,PLAYER_SLEEPBEFORE_START,1516239246846,48
190,PLAYER_SLEEPBEFORE_END,1516239248166,48
190,WS_SEND_START,1516239248166,48
190,WS_SEND_END,1516239248166,48
190,WS_RECV_START,1516239248166,49
190,WS_RECV_END,1516239248310,49
190,PLAYER_SLEEPBEFORE_START,1516239248310,50
190,PLAYER_SLEEPBEFORE_END,1516239248335,50
190,WS_SEND_START,1516239248335,50
190,WS_SEND_END,1516239248335,50
190,WS_RECV_START,1516239248335,51
190,WS_RECV_END,1516239248473,51
190,PLAYER_SLEEPBEFORE_START,1516239248473,52
190,PLAYER_SLEEPBEFORE_END,1516239271037,52
190,WS_SEND_START,1516239271037,52
190,WS_SEND_END,1516239271037,52
190,WS_RECV_START,1516239271037,53
190,WS_RECV_END,1516239271270,53
190,PLAYER_SLEEPBEFORE_START,1516239271270,54
190,PLAYER_SLEEPBEFORE_END,1516239292573,54
190,WS_SEND_START,1516239292573,54
190,WS_SEND_END,1516239292573,54
190,PLAYER_SLEEPBEFORE_START,1516239292573,55
190,PLAYER_SLEEPBEFORE_END,1516239294514,55
190,WS_SEND_START,1516239294514,55
190,WS_SEND_END,1516239294514,55
190,WS_RECV_START,1516239294514,56
190,WS_RECV_END,1516239294604,56
190,PLAYER_SLEEPBEFORE_START,1516239294604,57
190,PLAYER_SLEEPBEFORE_END,1516239317476,57
190,WS_SEND_START,1516239317476,57
190,WS_SEND_END,1516239317476,57
190,WS_RECV_START,1516239317476,58
190,WS_RECV_END,1516239317536,58
190,PLAYER_SLEEPBEFORE_START,1516239317536,59
190,PLAYER_SLEEPBEFORE_END,1516239319863,59
190,WS_SEND_START,1516239319863,59
190,WS_SEND_END,1516239319863,59
190,WS_RECV_START,1516239319863,60
190,WS_RECV_END,1516239319960,60
190,PLAYER_SLEEPBEFORE_START,1516239319960,61
190,PLAYER_SLEEPBEFORE_END,1516239323552,61
190,WS_SEND_START,1516239323552,61
190,WS_SEND_END,1516239323552,61
190,WS_RECV_START,1516239323552,62
190,WS_RECV_END,1516239323774,62
190,PLAYER_SLEEPBEFORE_START,1516239323774,63
190,PLAYER_SLEEPBEFORE_END,1516239343036,63
190,WS_SEND_START,1516239343036,63
190,WS_SEND_END,1516239343036,63
190,WS_RECV_START,1516239343036,64
190,WS_RECV_END,1516239343281,64
190,PLAYER_SLEEPBEFORE_START,1516239343281,65
190,PLAYER_SLEEPBEFORE_END,1516239370098,65
190,WS_SEND_START,1516239370098,65
190,WS_SEND_END,1516239370098,65
190,WS_RECV_START,1516239370098,66
190,WS_RECV_END,1516239370235,66
190,PLAYER_SLEEPBEFORE_START,1516239370235,67
190,PLAYER_SLEEPBEFORE_END,1516239371742,67
190,WS_SEND_START,1516239371742,67
190,WS_SEND_END,1516239371742,67
190,WS_RECV_START,1516239371742,68
190,WS_RECV_END,1516239371983,68
190,PLAYER_SLEEPBEFORE_START,1516239371983,69
190,PLAYER_SLEEPBEFORE_END,1516239393981,69
190,WS_SEND_START,1516239393981,69
190,WS_SEND_END,1516239393981,69
190,WS_RECV_START,1516239393981,70
190,WS_RECV_END,1516239394146,70
190,PLAYER_SLEEPBEFORE_START,1516239394146,71
190,PLAYER_SLEEPBEFORE_END,1516239418921,71
190,WS_SEND_START,1516239418921,71
190,WS_SEND_END,1516239418922,71
190,PLAYER_SLEEPBEFORE_START,1516239418922,72
190,PLAYER_SLEEPBEFORE_END,1516239421529,72
190,WS_SEND_START,1516239421529,72
190,WS_SEND_END,1516239421529,72
190,WS_RECV_START,1516239421529,73
190,WS_RECV_END,1516239421565,73
190,PLAYER_SLEEPBEFORE_START,1516239421565,74
190,PLAYER_SLEEPBEFORE_END,1516239421574,74
190,WS_SEND_START,1516239421574,74
190,WS_SEND_END,1516239421574,74
190,WS_RECV_START,1516239421574,75
190,WS_RECV_END,1516239421614,75
190,PLAYER_SLEEPBEFORE_START,1516239421614,76
190,PLAYER_SLEEPBEFORE_END,1516239423120,76
190,WS_SEND_START,1516239423120,76
190,WS_SEND_END,1516239423120,76
190,WS_RECV_START,1516239423120,77
190,WS_RECV_END,1516239423217,77
190,PLAYER_SLEEPBEFORE_START,1516239423217,78
190,PLAYER_SLEEPBEFORE_END,1516239424091,78
190,WS_SEND_START,1516239424091,78
190,WS_SEND_END,1516239424091,78
190,WS_RECV_START,1516239424091,79
190,WS_RECV_END,1516239424429,79
190,PLAYER_SLEEPBEFORE_START,1516239424429,80
190,PLAYER_SLEEPBEFORE_END,1516239432095,80
190,WS_SEND_START,1516239432095,80
190,WS_SEND_END,1516239432095,80
190,WS_RECV_START,1516239432095,81
190,WS_RECV_END,1516239432134,81
190,PLAYER_SLEEPBEFORE_START,1516239432134,82
190,PLAYER_SLEEPBEFORE_END,1516239433246,82
190,WS_SEND_START,1516239433246,82
190,WS_SEND_END,1516239433246,82
190,WS_RECV_START,1516239433246,83
190,WS_RECV_END,1516239433269,83
190,PLAYER_SLEEPBEFORE_START,1516239433269,84
190,PLAYER_SLEEPBEFORE_END,1516239434217,84
190,WS_SEND_START,1516239434217,84
190,WS_SEND_END,1516239434217,84
190,WS_RECV_START,1516239434217,85
190,WS_RECV_END,1516239434285,85
190,PLAYER_SLEEPBEFORE_START,1516239434285,86
190,PLAYER_SLEEPBEFORE_END,1516239438457,86
190,WS_SEND_START,1516239438457,86
190,WS_SEND_END,1516239438457,86
190,WS_RECV_START,1516239438457,87
190,WS_RECV_END,1516239438770,87
190,PLAYER_SLEEPBEFORE_START,1516239438770,88
190,PLAYER_SLEEPBEFORE_END,1516239438779,88
190,WS_SEND_START,1516239438779,88
190,WS_SEND_END,1516239438779,88
190,WS_RECV_START,1516239438779,89
190,WS_RECV_END,1516239439004,89
190,PLAYER_SLEEPBEFORE_START,1516239439004,90
190,PLAYER_SLEEPBEFORE_END,1516239466201,90
190,REQ_START,1516239466201,90
190,REQ_END,1516239466209,90
190,PLAYER_SLEEPBEFORE_START,1516239466209,91
190,PLAYER_SLEEPBEFORE_END,1516239474098,91
190,WS_SEND_START,1516239474098,91
190,WS_SEND_END,1516239474098,91
190,WS_RECV_START,1516239474098,92
190,WS_RECV_END,1516239474232,92
190,PLAYER_SLEEPBEFORE_START,1516239474232,93
190,PLAYER_SLEEPBEFORE_END,1516239474248,93
190,WS_SEND_START,1516239474248,93
190,WS_SEND_END,1516239474248,93
190,WS_RECV_START,1516239474248,94
190,WS_RECV_END,1516239474492,94
190,PLAYER_SLEEPBEFORE_START,1516239474492,95
190,PLAYER_SLEEPBEFORE_END,1516239498047,95
190,WS_SEND_START,1516239498047,95
190,WS_SEND_END,1516239498047,95
190,WS_RECV_START,1516239498047,96
190,WS_RECV_END,1516239498191,96
190,PLAYER_SLEEPBEFORE_START,1516239498191,97
190,PLAYER_SLEEPBEFORE_END,1516239520631,97
190,WS_SEND_START,1516239520631,97
190,WS_SEND_END,1516239520631,97
190,WS_RECV_START,1516239520631,98
190,WS_RECV_END,1516239520940,98
190,PLAYER_SLEEPBEFORE_START,1516239520940,99
190,PLAYER_SLEEPBEFORE_END,1516239520961,99
190,WS_SEND_START,1516239520961,99
190,WS_SEND_END,1516239520961,99
190,WS_RECV_START,1516239520961,100
190,WS_RECV_END,1516239521156,100
190,PLAYER_SLEEPBEFORE_START,1516239521156,101
190,PLAYER_SLEEPBEFORE_END,1516239544715,101
190,WS_SEND_START,1516239544715,101
190,WS_SEND_END,1516239544715,101
190,WS_RECV_START,1516239544715,102
190,WS_RECV_END,1516239544901,102
190,PLAYER_SLEEPBEFORE_START,1516239544901,103
190,PLAYER_SLEEPBEFORE_END,1516239568526,103
190,WS_SEND_START,1516239568526,103
190,WS_SEND_END,1516239568526,103
190,WS_RECV_START,1516239568526,104
190,WS_RECV_END,1516239568657,104
190,PLAYER_SLEEPBEFORE_START,1516239568657,105
190,PLAYER_SLEEPBEFORE_END,1516239594034,105
190,WS_SEND_START,1516239594034,105
190,WS_SEND_END,1516239594034,105
190,WS_RECV_START,1516239594034,106
190,WS_RECV_END,1516239594767,106
190,PLAYER_SLEEPBEFORE_START,1516239594767,107
190,PLAYER_SLEEPBEFORE_END,1516239618190,107
190,WS_SEND_START,1516239618190,107
190,WS_SEND_END,1516239618191,107
190,WS_RECV_START,1516239618191,108
190,WS_RECV_END,1516239619112,108
190,PLAYER_SLEEPBEFORE_START,1516239619112,109
190,PLAYER_SLEEPBEFORE_END,1516239619121,109
190,WS_SEND_START,1516239619121,109
190,WS_SEND_END,1516239619121,109
190,WS_RECV_START,1516239619121,110
190,WS_RECV_END,1516239619442,110
190,PLAYER_SLEEPBEFORE_START,1516239619442,111
190,PLAYER_SLEEPBEFORE_END,1516239620401,111
190,WS_SEND_START,1516239620401,111
190,WS_SEND_END,1516239620401,111
190,WS_RECV_START,1516239620401,112
190,WS_RECV_END,1516239621053,112
190,PLAYER_SLEEPBEFORE_START,1516239621053,113
190,PLAYER_SLEEPBEFORE_END,1516239621615,113
190,WS_SEND_START,1516239621615,113
190,WS_SEND_END,1516239621615,113
190,WS_RECV_START,1516239621615,114
190,WS_RECV_END,1516239621746,114
190,PLAYER_SLEEPBEFORE_START,1516239621746,115
190,PLAYER_SLEEPBEFORE_END,1516239621755,115
190,WS_SEND_START,1516239621755,115
190,WS_SEND_END,1516239621755,115
190,WS_RECV_START,1516239621755,116
190,WS_RECV_END,1516239622845,116
190,PLAYER_SLEEPBEFORE_START,1516239622845,117
190,PLAYER_SLEEPBEFORE_END,1516239643205,117
190,WS_SEND_START,1516239643205,117
190,WS_SEND_END,1516239643205,117
190,PLAYER_SLEEPBEFORE_START,1516239643205,118
190,PLAYER_SLEEPBEFORE_END,1516239646958,118
190,WS_SEND_START,1516239646958,118
190,WS_SEND_END,1516239646958,118
190,WS_RECV_START,1516239646958,119
190,WS_RECV_END,1516239647340,119
190,PLAYER_SLEEPBEFORE_START,1516239647340,120
190,PLAYER_SLEEPBEFORE_END,1516239648328,120
190,WS_SEND_START,1516239648328,120
190,WS_SEND_END,1516239648328,120
190,WS_RECV_START,1516239648328,121
190,WS_RECV_END,1516239649456,121
190,PLAYER_SLEEPBEFORE_START,1516239649456,122
190,PLAYER_SLEEPBEFORE_END,1516239650641,122
190,WS_SEND_START,1516239650641,122
190,WS_SEND_END,1516239650641,122
190,WS_RECV_START,1516239650641,123
190,WS_RECV_END,1516239651715,123
190,PLAYER_SLEEPBEFORE_START,1516239651715,124
190,PLAYER_SLEEPBEFORE_END,1516239676121,124
190,WS_SEND_START,1516239676121,124
190,WS_SEND_END,1516239676121,124
190,WS_RECV_START,1516239676121,125
190,WS_RECV_END,1516239677130,125
190,PLAYER_SLEEPBEFORE_START,1516239677130,126
190,PLAYER_SLEEPBEFORE_END,1516239697642,126
190,WS_SEND_START,1516239697642,126
190,WS_SEND_END,1516239697642,126
190,PLAYER_SLEEPBEFORE_START,1516239697642,127
190,PLAYER_SLEEPBEFORE_END,1516239700696,127
190,WS_SEND_START,1516239700696,127
190,WS_SEND_END,1516239700696,127
190,WS_RECV_START,1516239700696,128
190,WS_RECV_END,1516239700837,128
190,PLAYER_SLEEPBEFORE_START,1516239700837,129
190,PLAYER_SLEEPBEFORE_END,1516239700863,129
190,WS_SEND_START,1516239700863,129
190,WS_SEND_END,1516239700863,129
190,WS_RECV_START,1516239700863,130
190,WS_RECV_END,1516239701052,130
190,PLAYER_SLEEPBEFORE_START,1516239701052,131
190,PLAYER_SLEEPBEFORE_END,1516239722676,131
190,WS_SEND_START,1516239722676,131
190,WS_SEND_END,1516239722676,131
190,PLAYER_SLEEPBEFORE_START,1516239722676,132
190,PLAYER_SLEEPBEFORE_END,1516239725756,132
190,WS_SEND_START,1516239725756,132
190,WS_SEND_END,1516239725756,132
190,WS_RECV_START,1516239725756,133
190,WS_RECV_END,1516239725915,133
190,PLAYER_SLEEPBEFORE_START,1516239725915,134
190,PLAYER_SLEEPBEFORE_END,1516239747132,134
190,WS_SEND_START,1516239747132,134
190,WS_SEND_END,1516239747132,134
190,PLAYER_SLEEPBEFORE_START,1516239747132,135
190,PLAYER_SLEEPBEFORE_END,1516239750322,135
190,WS_SEND_START,1516239750322,135
190,WS_SEND_END,1516239750322,135
190,WS_RECV_START,1516239750322,136
190,WS_RECV_END,1516239750510,136
190,PLAYER_SLEEPBEFORE_START,1516239750510,137
190,PLAYER_SLEEPBEFORE_END,1516239750517,137
190,WS_SEND_START,1516239750517,137
190,WS_SEND_END,1516239750517,137
190,WS_RECV_START,1516239750517,138
190,WS_RECV_END,1516239750770,138
190,PLAYER_SLEEPBEFORE_START,1516239750770,139
190,PLAYER_SLEEPBEFORE_END,1516239751460,139
190,WS_SEND_START,1516239751460,139
190,WS_SEND_END,1516239751460,139
190,WS_RECV_START,1516239751460,140
190,WS_RECV_END,1516239751704,140
190,PLAYER_SLEEPBEFORE_START,1516239751704,141
190,PLAYER_SLEEPBEFORE_END,1516239752359,141
190,WS_SEND_START,1516239752359,141
190,WS_SEND_END,1516239752359,141
190,WS_RECV_START,1516239752359,142
190,WS_RECV_END,1516239752722,142
190,PLAYER_SLEEPBEFORE_START,1516239752722,143
190,PLAYER_SLEEPBEFORE_END,1516239752779,143
190,WS_SEND_START,1516239752779,143
190,WS_SEND_END,1516239752779,143
190,WS_RECV_START,1516239752779,144
190,WS_RECV_END,1516239753043,144
190,PLAYER_SLEEPBEFORE_START,1516239753043,145
190,PLAYER_SLEEPBEFORE_END,1516239769106,145
190,REQ_START,1516239769106,145
190,REQ_END,1516239769113,145
190,PLAYER_SLEEPBEFORE_START,1516239769113,146
190,PLAYER_SLEEPBEFORE_END,1516239777990,146
190,WS_SEND_START,1516239777990,146
190,WS_SEND_END,1516239777990,146
190,WS_RECV_START,1516239777990,147
190,WS_RECV_END,1516239778178,147
190,PLAYER_SLEEPBEFORE_START,1516239778178,148
190,PLAYER_SLEEPBEFORE_END,1516239800101,148
190,WS_SEND_START,1516239800101,148
190,WS_SEND_END,1516239800101,148
190,PLAYER_SLEEPBEFORE_START,1516239800101,149
190,PLAYER_SLEEPBEFORE_END,1516239802529,149
190,WS_SEND_START,1516239802529,149
190,WS_SEND_END,1516239802529,149
190,WS_RECV_START,1516239802529,150
190,WS_RECV_END,1516239802671,150
190,PLAYER_SLEEPBEFORE_START,1516239802671,151
190,PLAYER_SLEEPBEFORE_END,1516239802881,151
190,WS_SEND_START,1516239802881,151
190,WS_SEND_END,1516239802881,151
190,WS_RECV_START,1516239802881,152
190,WS_RECV_END,1516239802997,152
190,PLAYER_SLEEPBEFORE_START,1516239802997,153
190,PLAYER_SLEEPBEFORE_END,1516239826925,153
190,WS_SEND_START,1516239826925,153
190,WS_SEND_END,1516239826925,153
190,WS_RECV_START,1516239826925,154
190,WS_RECV_END,1516239828058,154
190,PLAYER_SLEEPBEFORE_START,1516239828058,155
190,PLAYER_SLEEPBEFORE_END,1516239850616,155
190,WS_SEND_START,1516239850616,155
190,WS_SEND_END,1516239850616,155
190,PLAYER_SLEEPBEFORE_START,1516239850616,156
190,PLAYER_SLEEPBEFORE_END,1516239853891,156
190,WS_SEND_START,1516239853891,156
190,WS_SEND_END,1516239853891,156
190,WS_RECV_START,1516239853891,157
190,WS_RECV_END,1516239853942,157
190,PLAYER_SLEEPBEFORE_START,1516239853942,158
190,PLAYER_SLEEPBEFORE_END,1516239853952,158
190,WS_SEND_START,1516239853952,158
190,WS_SEND_END,1516239853952,158
190,WS_RECV_START,1516239853952,159
190,WS_RECV_END,1516239853998,159
190,PLAYER_SLEEPBEFORE_START,1516239853998,160
190,PLAYER_SLEEPBEFORE_END,1516239854173,160
190,WS_SEND_START,1516239854173,160
190,WS_SEND_END,1516239854173,160
190,WS_RECV_START,1516239854173,161
190,WS_RECV_END,1516239854380,161
190,PLAYER_SLEEPBEFORE_START,1516239854380,162
190,PLAYER_SLEEPBEFORE_END,1516239854405,162
190,WS_SEND_START,1516239854405,162
190,WS_SEND_END,1516239854405,162
190,WS_RECV_START,1516239854405,163
190,WS_RECV_END,1516239854718,163
190,PLAYER_SLEEPBEFORE_START,1516239854718,164
190,PLAYER_SLEEPBEFORE_END,1516239875530,164
190,WS_SEND_START,1516239875530,164
190,WS_SEND_END,1516239875530,164
190,WS_RECV_START,1516239875530,165
190,WS_RECV_END,1516239875682,165
190,PLAYER_SLEEPBEFORE_START,1516239875682,166
190,PLAYER_SLEEPBEFORE_END,1516239898137,166
190,WS_SEND_START,1516239898137,166
190,WS_SEND_END,1516239898137,166
190,WS_RECV_START,1516239898137,167
190,WS_RECV_END,1516239898582,167
190,PLAYER_SLEEPBEFORE_START,1516239898582,168
190,PLAYER_SLEEPBEFORE_END,1516239925939,168
190,WS_SEND_START,1516239925939,168
190,WS_SEND_END,1516239925939,168
190,WS_RECV_START,1516239925939,169
190,WS_RECV_END,1516239926163,169
190,PLAYER_SLEEPBEFORE_START,1516239926163,170
190,PLAYER_SLEEPBEFORE_END,1516239926173,170
190,WS_SEND_START,1516239926173,170
190,WS_SEND_END,1516239926173,170
190,WS_RECV_START,1516239926173,171
190,WS_RECV_END,1516239926218,171
190,PLAYER_SLEEPBEFORE_START,1516239926218,172
190,PLAYER_SLEEPBEFORE_END,1516239926587,172
190,WS_SEND_START,1516239926587,172
190,WS_SEND_END,1516239926587,172
190,WS_RECV_START,1516239926587,173
190,WS_RECV_END,1516239926736,173
190,PLAYER_SLEEPBEFORE_START,1516239926736,174
190,PLAYER_SLEEPBEFORE_END,1516239926778,174
190,WS_SEND_START,1516239926778,174
190,WS_SEND_END,1516239926778,174
190,WS_RECV_START,1516239926778,175
190,WS_RECV_END,1516239927048,175
190,PLAYER_SLEEPBEFORE_START,1516239927048,176
190,PLAYER_SLEEPBEFORE_END,1516239948809,176
190,WS_SEND_START,1516239948809,176
190,WS_SEND_END,1516239948809,176
190,PLAYER_SLEEPBEFORE_START,1516239948809,177
190,PLAYER_SLEEPBEFORE_END,1516239951327,177
190,WS_SEND_START,1516239951327,177
190,WS_SEND_END,1516239951327,177
190,WS_RECV_START,1516239951327,178
190,WS_RECV_END,1516239951685,178
190,PLAYER_SLEEPBEFORE_START,1516239951685,179
190,PLAYER_SLEEPBEFORE_END,1516239974025,179
190,WS_SEND_START,1516239974025,179
190,WS_SEND_END,1516239974025,179
190,WS_RECV_START,1516239974025,180
190,WS_RECV_END,1516239974145,180
190,PLAYER_SLEEPBEFORE_START,1516239974145,181
190,PLAYER_SLEEPBEFORE_END,1516239974589,181
190,WS_SEND_START,1516239974589,181
190,WS_SEND_END,1516239974589,181
190,WS_RECV_START,1516239974589,182
190,WS_RECV_END,1516239975149,182
190,PLAYER_SLEEPBEFORE_START,1516239975149,183
190,PLAYER_SLEEPBEFORE_END,1516239975672,183
190,WS_SEND_START,1516239975672,183
190,WS_SEND_END,1516239975672,183
190,WS_RECV_START,1516239975672,184
190,WS_RECV_END,1516239976671,184
190,PLAYER_SLEEPBEFORE_START,1516239976671,185
190,PLAYER_SLEEPBEFORE_END,1516239976939,185
190,WS_SEND_START,1516239976939,185
190,WS_SEND_END,1516239976939,185
190,WS_RECV_START,1516239976939,186
190,WS_RECV_END,1516239978528,186
190,PLAYER_SLEEPBEFORE_START,1516239978528,187
190,PLAYER_SLEEPBEFORE_END,1516240001028,187
190,WS_SEND_START,1516240001028,187
190,WS_SEND_END,1516240001028,187
190,WS_RECV_START,1516240001028,188
190,WS_RECV_END,1516240002881,188
190,PLAYER_SLEEPBEFORE_START,1516240002881,189
190,PLAYER_SLEEPBEFORE_END,1516240009120,189
190,WS_SEND_START,1516240009120,189
190,WS_SEND_END,1516240009120,189
190,WS_RECV_START,1516240009120,190
190,WS_RECV_END,1516240011875,190
190,PLAYER_SLEEPBEFORE_START,1516240011875,191
190,PLAYER_SLEEPBEFORE_END,1516240013791,191
190,WS_SEND_START,1516240013791,191
190,WS_SEND_END,1516240013791,191
190,WS_RECV_START,1516240013791,192
190,WS_RECV_END,1516240017116,192
190,PLAYER_SLEEPBEFORE_START,1516240017116,193
190,PLAYER_SLEEPBEFORE_END,1516240017244,193
190,WS_SEND_START,1516240017244,193
190,WS_SEND_END,1516240017244,193
190,WS_RECV_START,1516240017244,194
190,WS_RECV_END,1516240018607,194
190,PLAYER_SLEEPBEFORE_START,1516240018607,195
190,PLAYER_SLEEPBEFORE_END,1516240020362,195
190,WS_SEND_START,1516240020362,195
190,WS_SEND_END,1516240020362,195
190,WS_RECV_START,1516240020362,196
190,WS_RECV_END,1516240021743,196
190,PLAYER_SLEEPBEFORE_START,1516240021743,197
190,PLAYER_SLEEPBEFORE_END,1516240023547,197
190,WS_SEND_START,1516240023547,197
190,WS_SEND_END,1516240023548,197
190,WS_RECV_START,1516240023548,198
190,WS_RECV_END,1516240026859,198
190,PLAYER_SLEEPBEFORE_START,1516240026859,199
190,PLAYER_SLEEPBEFORE_END,1516240038714,199
190,WS_SEND_START,1516240038714,199
190,WS_SEND_END,1516240038714,199
190,PLAYER_SLEEPBEFORE_START,1516240038714,200
190,PLAYER_SLEEPBEFORE_END,1516240042802,200
190,WS_SEND_START,1516240042802,200
190,WS_SEND_END,1516240042802,200
190,WS_RECV_START,1516240042802,201
190,WS_RECV_END,1516240044226,201
190,PLAYER_SLEEPBEFORE_START,1516240044226,202
190,PLAYER_SLEEPBEFORE_END,1516240044240,202
190,WS_SEND_START,1516240044240,202
190,WS_SEND_END,1516240044240,202
190,WS_RECV_START,1516240044240,203
190,WS_RECV_END,1516240044773,203
190,PLAYER_SLEEPBEFORE_START,1516240044773,204
190,PLAYER_SLEEPBEFORE_END,1516240064422,204
190,WS_SEND_START,1516240064422,204
190,WS_SEND_END,1516240064422,204
190,PLAYER_SLEEPBEFORE_START,1516240064422,205
190,PLAYER_SLEEPBEFORE_END,1516240068320,205
190,WS_SEND_START,1516240068320,205
190,WS_SEND_END,1516240068320,205
190,WS_RECV_START,1516240068320,206
190,WS_RECV_END,1516240069189,206
190,PLAYER_SLEEPBEFORE_START,1516240069189,207
190,PLAYER_SLEEPBEFORE_END,1516240086121,207
190,REQ_START,1516240086121,207
190,REQ_END,1516240086128,207
190,PLAYER_SLEEPBEFORE_START,1516240086128,208
190,PLAYER_SLEEPBEFORE_END,1516240092980,208
190,WS_CLOSE_START,1516240092980,208
190,WS_CLOSE_END,1516240092981,208
190,PLAYER_DONE,1516240092981
