# --sessions 1080 --app-url=http://shinyloadtest.rstudioservices.com/cran_explorer --output-dir test1080 --overwrite-output --log-level warn --start-interval 250 15min.log
thread_id,event,timestamp,input_line_number,comment
228,PLAYER_SESSION_CREATE,1516239120564
228,PLAYER_START_INTERVAL_START,1516239120564
228,PLAYER_START_INTERVAL_END,1516239177564
228,REQ_HOME_START,1516239177564,2
228,REQ_HOME_END,1516239177659,2
228,REQ_START,1516239177659,3
228,REQ_END,1516239177766,3
228,REQ_START,1516239177766,4
228,REQ_END,1516239177799,4
228,REQ_START,1516239177799,5
228,REQ_END,1516239177830,5
228,REQ_START,1516239177830,6
228,REQ_END,1516239177862,6
228,REQ_START,1516239177862,7
228,REQ_END,1516239177893,7
228,REQ_START,1516239177893,8
228,REQ_END,1516239177930,8
228,REQ_START,1516239177930,9
228,REQ_END,1516239177964,9
228,REQ_START,1516239177964,10
228,REQ_END,1516239177972,10
228,REQ_START,1516239177972,11
228,REQ_END,1516239178002,11
228,REQ_START,1516239178002,12
228,REQ_END,1516239178034,12
228,REQ_START,1516239178034,13
228,REQ_END,1516239178064,13
228,REQ_START,1516239178064,14
228,REQ_END,1516239178079,14
228,REQ_START,1516239178079,15
228,REQ_END,1516239178110,15
228,REQ_TOK_START,1516239178110,16
228,REQ_TOK_END,1516239178117,16
228,REQ_SINF_START,1516239178117,17
228,REQ_SINF_END,1516239178124,17
228,WS_OPEN_START,1516239178124,18
228,WS_OPEN_END,1516239178131,18
228,REQ_START,1516239178131,19
228,REQ_END,1516239178156,19
228,WS_RECV_START,1516239178156,20
228,WS_RECV_END,1516239178156,20
228,PLAYER_SLEEPBEFORE_START,1516239178156,21
228,PLAYER_SLEEPBEFORE_END,1516239178161,21
228,WS_SEND_START,1516239178161,21
228,WS_SEND_END,1516239178161,21
228,PLAYER_SLEEPBEFORE_START,1516239178161,22
228,PLAYER_SLEEPBEFORE_END,1516239178163,22
228,WS_SEND_START,1516239178163,22
228,WS_SEND_END,1516239178163,22
228,WS_RECV_INIT_START,1516239178163,23
228,WS_RECV_INIT_END,1516239178181,23
228,WS_RECV_START,1516239178181,24
228,WS_RECV_END,1516239178266,24
228,PLAYER_SLEEPBEFORE_START,1516239178266,25
228,PLAYER_SLEEPBEFORE_END,1516239178273,25
228,REQ_START,1516239178273,25
228,REQ_END,1516239178301,25
228,PLAYER_SLEEPBEFORE_START,1516239178301,26
228,PLAYER_SLEEPBEFORE_END,1516239178302,26
228,REQ_START,1516239178302,26
228,REQ_END,1516239178331,26
228,PLAYER_SLEEPBEFORE_START,1516239178331,27
228,PLAYER_SLEEPBEFORE_END,1516239178334,27
228,REQ_START,1516239178334,27
228,REQ_END,1516239178469,27
228,PLAYER_SLEEPBEFORE_START,1516239178469,28
228,PLAYER_SLEEPBEFORE_END,1516239178755,28
228,REQ_START,1516239178755,28
228,REQ_END,1516239178785,28
228,PLAYER_SLEEPBEFORE_START,1516239178785,29
228,PLAYER_SLEEPBEFORE_END,1516239178960,29
228,WS_SEND_START,1516239178960,29
228,WS_SEND_END,1516239178960,29
228,WS_RECV_START,1516239178960,30
228,WS_RECV_END,1516239179066,30
228,PLAYER_SLEEPBEFORE_START,1516239179066,31
228,PLAYER_SLEEPBEFORE_END,1516239179077,31
228,REQ_START,1516239179077,31
228,REQ_END,1516239179108,31
228,PLAYER_SLEEPBEFORE_START,1516239179108,32
228,PLAYER_SLEEPBEFORE_END,1516239207254,32
228,WS_SEND_START,1516239207254,32
228,WS_SEND_END,1516239207254,32
228,WS_RECV_START,1516239207254,33
228,WS_RECV_END,1516239207387,33
228,PLAYER_SLEEPBEFORE_START,1516239207387,34
228,PLAYER_SLEEPBEFORE_END,1516239233298,34
228,WS_SEND_START,1516239233298,34
228,WS_SEND_END,1516239233298,34
228,WS_RECV_START,1516239233298,35
228,WS_RECV_END,1516239233361,35
228,PLAYER_SLEEPBEFORE_START,1516239233361,36
228,PLAYER_SLEEPBEFORE_END,1516239233370,36
228,WS_SEND_START,1516239233370,36
228,WS_SEND_END,1516239233370,36
228,WS_RECV_START,1516239233370,37
228,WS_RECV_END,1516239233410,37
228,PLAYER_SLEEPBEFORE_START,1516239233410,38
228,PLAYER_SLEEPBEFORE_END,1516239236606,38
228,WS_SEND_START,1516239236606,38
228,WS_SEND_END,1516239236606,38
228,WS_RECV_START,1516239236606,39
228,WS_RECV_END,1516239236723,39
228,PLAYER_SLEEPBEFORE_START,1516239236723,40
228,PLAYER_SLEEPBEFORE_END,1516239236769,40
228,WS_SEND_START,1516239236769,40
228,WS_SEND_END,1516239236769,40
228,WS_RECV_START,1516239236769,41
228,WS_RECV_END,1516239236909,41
228,PLAYER_SLEEPBEFORE_START,1516239236909,42
228,PLAYER_SLEEPBEFORE_END,1516239255045,42
228,WS_SEND_START,1516239255045,42
228,WS_SEND_END,1516239255045,42
228,WS_RECV_START,1516239255045,43
228,WS_RECV_END,1516239255073,43
228,PLAYER_SLEEPBEFORE_START,1516239255073,44
228,PLAYER_SLEEPBEFORE_END,1516239255085,44
228,WS_SEND_START,1516239255085,44
228,WS_SEND_END,1516239255085,44
228,WS_RECV_START,1516239255085,45
228,WS_RECV_END,1516239255134,45
228,PLAYER_SLEEPBEFORE_START,1516239255134,46
228,PLAYER_SLEEPBEFORE_END,1516239256394,46
228,WS_SEND_START,1516239256394,46
228,WS_SEND_END,1516239256394,46
228,WS_RECV_START,1516239256394,47
228,WS_RECV_END,1516239256412,47
228,PLAYER_SLEEPBEFORE_START,1516239256412,48
228,PLAYER_SLEEPBEFORE_END,1516239257733,48
228,WS_SEND_START,1516239257733,48
228,WS_SEND_END,1516239257733,48
228,WS_RECV_START,1516239257733,49
228,WS_RECV_END,1516239257829,49
228,PLAYER_SLEEPBEFORE_START,1516239257829,50
228,PLAYER_SLEEPBEFORE_END,1516239257853,50
228,WS_SEND_START,1516239257853,50
228,WS_SEND_END,1516239257853,50
228,WS_RECV_START,1516239257853,51
228,WS_RECV_END,1516239257952,51
228,PLAYER_SLEEPBEFORE_START,1516239257952,52
228,PLAYER_SLEEPBEFORE_END,1516239280516,52
228,WS_SEND_START,1516239280516,52
228,WS_SEND_END,1516239280516,52
228,WS_RECV_START,1516239280516,53
228,WS_RECV_END,1516239280644,53
228,PLAYER_SLEEPBEFORE_START,1516239280644,54
228,PLAYER_SLEEPBEFORE_END,1516239301948,54
228,WS_SEND_START,1516239301948,54
228,WS_SEND_END,1516239301948,54
228,PLAYER_SLEEPBEFORE_START,1516239301948,55
228,PLAYER_SLEEPBEFORE_END,1516239303889,55
228,WS_SEND_START,1516239303889,55
228,WS_SEND_END,1516239303889,55
228,WS_RECV_START,1516239303889,56
228,WS_RECV_END,1516239303972,56
228,PLAYER_SLEEPBEFORE_START,1516239303972,57
228,PLAYER_SLEEPBEFORE_END,1516239326845,57
228,WS_SEND_START,1516239326845,57
228,WS_SEND_END,1516239326845,57
228,WS_RECV_START,1516239326845,58
228,WS_RECV_END,1516239327002,58
228,PLAYER_SLEEPBEFORE_START,1516239327002,59
228,PLAYER_SLEEPBEFORE_END,1516239329330,59
228,WS_SEND_START,1516239329330,59
228,WS_SEND_END,1516239329330,59
228,WS_RECV_START,1516239329330,60
228,WS_RECV_END,1516239329536,60
228,PLAYER_SLEEPBEFORE_START,1516239329536,61
228,PLAYER_SLEEPBEFORE_END,1516239333127,61
228,WS_SEND_START,1516239333127,61
228,WS_SEND_END,1516239333128,61
228,WS_RECV_START,1516239333128,62
228,WS_RECV_END,1516239333265,62
228,PLAYER_SLEEPBEFORE_START,1516239333265,63
228,PLAYER_SLEEPBEFORE_END,1516239352528,63
228,WS_SEND_START,1516239352528,63
228,WS_SEND_END,1516239352528,63
228,WS_RECV_START,1516239352528,64
228,WS_RECV_END,1516239352586,64
228,PLAYER_SLEEPBEFORE_START,1516239352586,65
228,PLAYER_SLEEPBEFORE_END,1516239379403,65
228,WS_SEND_START,1516239379403,65
228,WS_SEND_END,1516239379403,65
228,WS_RECV_START,1516239379403,66
228,WS_RECV_END,1516239379715,66
228,PLAYER_SLEEPBEFORE_START,1516239379715,67
228,PLAYER_SLEEPBEFORE_END,1516239381222,67
228,WS_SEND_START,1516239381222,67
228,WS_SEND_END,1516239381222,67
228,WS_RECV_START,1516239381222,68
228,WS_RECV_END,1516239381629,68
228,PLAYER_SLEEPBEFORE_START,1516239381629,69
228,PLAYER_SLEEPBEFORE_END,1516239403627,69
228,WS_SEND_START,1516239403627,69
228,WS_SEND_END,1516239403627,69
228,WS_RECV_START,1516239403627,70
228,WS_RECV_END,1516239405255,70
228,PLAYER_SLEEPBEFORE_START,1516239405255,71
228,PLAYER_SLEEPBEFORE_END,1516239430031,71
228,WS_SEND_START,1516239430031,71
228,WS_SEND_END,1516239430031,71
228,PLAYER_SLEEPBEFORE_START,1516239430031,72
228,PLAYER_SLEEPBEFORE_END,1516239432638,72
228,WS_SEND_START,1516239432638,72
228,WS_SEND_END,1516239432638,72
228,WS_RECV_START,1516239432638,73
228,WS_RECV_END,1516239432677,73
228,PLAYER_SLEEPBEFORE_START,1516239432677,74
228,PLAYER_SLEEPBEFORE_END,1516239432686,74
228,WS_SEND_START,1516239432686,74
228,WS_SEND_END,1516239432686,74
228,WS_RECV_START,1516239432686,75
228,WS_RECV_END,1516239432738,75
228,PLAYER_SLEEPBEFORE_START,1516239432738,76
228,PLAYER_SLEEPBEFORE_END,1516239434244,76
228,WS_SEND_START,1516239434244,76
228,WS_SEND_END,1516239434244,76
228,WS_RECV_START,1516239434244,77
228,WS_RECV_END,1516239434276,77
228,PLAYER_SLEEPBEFORE_START,1516239434276,78
228,PLAYER_SLEEPBEFORE_END,1516239435144,78
228,WS_SEND_START,1516239435144,78
228,WS_SEND_END,1516239435144,78
228,WS_RECV_START,1516239435144,79
228,WS_RECV_END,1516239435166,79
228,PLAYER_SLEEPBEFORE_START,1516239435166,80
228,PLAYER_SLEEPBEFORE_END,1516239442832,80
228,WS_SEND_START,1516239442832,80
228,WS_SEND_END,1516239442832,80
228,WS_RECV_START,1516239442832,81
228,WS_RECV_END,1516239444325,81
228,PLAYER_SLEEPBEFORE_START,1516239444325,82
228,PLAYER_SLEEPBEFORE_END,1516239445427,82
228,WS_SEND_START,1516239445427,82
228,WS_SEND_END,1516239445428,82
228,WS_RECV_START,1516239445428,83
228,WS_RECV_END,1516239445607,83
228,PLAYER_SLEEPBEFORE_START,1516239445607,84
228,PLAYER_SLEEPBEFORE_END,1516239446554,84
228,WS_SEND_START,1516239446554,84
228,WS_SEND_END,1516239446554,84
228,WS_RECV_START,1516239446554,85
228,WS_RECV_END,1516239447231,85
228,PLAYER_SLEEPBEFORE_START,1516239447231,86
228,PLAYER_SLEEPBEFORE_END,1516239451404,86
228,WS_SEND_START,1516239451404,86
228,WS_SEND_END,1516239451404,86
228,WS_RECV_START,1516239451404,87
228,WS_RECV_END,1516239451520,87
228,PLAYER_SLEEPBEFORE_START,1516239451520,88
228,PLAYER_SLEEPBEFORE_END,1516239451528,88
228,WS_SEND_START,1516239451528,88
228,WS_SEND_END,1516239451528,88
228,WS_RECV_START,1516239451528,89
228,WS_RECV_END,1516239451714,89
228,PLAYER_SLEEPBEFORE_START,1516239451714,90
228,PLAYER_SLEEPBEFORE_END,1516239478911,90
228,REQ_START,1516239478911,90
228,REQ_END,1516239478919,90
228,PLAYER_SLEEPBEFORE_START,1516239478919,91
228,PLAYER_SLEEPBEFORE_END,1516239486808,91
228,WS_SEND_START,1516239486808,91
228,WS_SEND_END,1516239486808,91
228,WS_RECV_START,1516239486808,92
228,WS_RECV_END,1516239487078,92
228,PLAYER_SLEEPBEFORE_START,1516239487078,93
228,PLAYER_SLEEPBEFORE_END,1516239487093,93
228,WS_SEND_START,1516239487093,93
228,WS_SEND_END,1516239487093,93
228,WS_RECV_START,1516239487093,94
228,WS_RECV_END,1516239487268,94
228,PLAYER_SLEEPBEFORE_START,1516239487268,95
228,PLAYER_SLEEPBEFORE_END,1516239510823,95
228,WS_SEND_START,1516239510823,95
228,WS_SEND_END,1516239510823,95
228,WS_RECV_START,1516239510823,96
228,WS_RECV_END,1516239510940,96
228,PLAYER_SLEEPBEFORE_START,1516239510940,97
228,PLAYER_SLEEPBEFORE_END,1516239533380,97
228,WS_SEND_START,1516239533380,97
228,WS_SEND_END,1516239533380,97
228,WS_RECV_START,1516239533380,98
228,WS_RECV_END,1516239533722,98
228,PLAYER_SLEEPBEFORE_START,1516239533722,99
228,PLAYER_SLEEPBEFORE_END,1516239533743,99
228,WS_SEND_START,1516239533743,99
228,WS_SEND_END,1516239533743,99
228,WS_RECV_START,1516239533743,100
228,WS_RECV_END,1516239533908,100
228,PLAYER_SLEEPBEFORE_START,1516239533908,101
228,PLAYER_SLEEPBEFORE_END,1516239557467,101
228,WS_SEND_START,1516239557467,101
228,WS_SEND_END,1516239557467,101
228,WS_RECV_START,1516239557467,102
228,WS_RECV_END,1516239557589,102
228,PLAYER_SLEEPBEFORE_START,1516239557589,103
228,PLAYER_SLEEPBEFORE_END,1516239581214,103
228,WS_SEND_START,1516239581214,103
228,WS_SEND_END,1516239581214,103
228,WS_RECV_START,1516239581214,104
228,WS_RECV_END,1516239581470,104
228,PLAYER_SLEEPBEFORE_START,1516239581470,105
228,PLAYER_SLEEPBEFORE_END,1516239606847,105
228,WS_SEND_START,1516239606847,105
228,WS_SEND_END,1516239606847,105
228,WS_RECV_START,1516239606847,106
228,WS_RECV_END,1516239607031,106
228,PLAYER_SLEEPBEFORE_START,1516239607031,107
228,PLAYER_SLEEPBEFORE_END,1516239630464,107
228,WS_SEND_START,1516239630464,107
228,WS_SEND_END,1516239630464,107
228,WS_RECV_START,1516239630464,108
228,WS_RECV_END,1516239630834,108
228,PLAYER_SLEEPBEFORE_START,1516239630834,109
228,PLAYER_SLEEPBEFORE_END,1516239630844,109
228,WS_SEND_START,1516239630844,109
228,WS_SEND_END,1516239630844,109
228,WS_RECV_START,1516239630844,110
228,WS_RECV_END,1516239630886,110
228,PLAYER_SLEEPBEFORE_START,1516239630886,111
228,PLAYER_SLEEPBEFORE_END,1516239631845,111
228,WS_SEND_START,1516239631845,111
228,WS_SEND_END,1516239631845,111
228,WS_RECV_START,1516239631845,112
228,WS_RECV_END,1516239632155,112
228,PLAYER_SLEEPBEFORE_START,1516239632155,113
228,PLAYER_SLEEPBEFORE_END,1516239632717,113
228,WS_SEND_START,1516239632717,113
228,WS_SEND_END,1516239632717,113
228,WS_RECV_START,1516239632717,114
228,WS_RECV_END,1516239632806,114
228,PLAYER_SLEEPBEFORE_START,1516239632806,115
228,PLAYER_SLEEPBEFORE_END,1516239632815,115
228,WS_SEND_START,1516239632815,115
228,WS_SEND_END,1516239632815,115
228,WS_RECV_START,1516239632815,116
228,WS_RECV_END,1516239632955,116
228,PLAYER_SLEEPBEFORE_START,1516239632955,117
228,PLAYER_SLEEPBEFORE_END,1516239653315,117
228,WS_SEND_START,1516239653315,117
228,WS_SEND_END,1516239653315,117
228,PLAYER_SLEEPBEFORE_START,1516239653315,118
228,PLAYER_SLEEPBEFORE_END,1516239657067,118
228,WS_SEND_START,1516239657067,118
228,WS_SEND_END,1516239657067,118
228,WS_RECV_START,1516239657067,119
228,WS_RECV_END,1516239657949,119
228,PLAYER_SLEEPBEFORE_START,1516239657949,120
228,PLAYER_SLEEPBEFORE_END,1516239658937,120
228,WS_SEND_START,1516239658937,120
228,WS_SEND_END,1516239658937,120
228,WS_RECV_START,1516239658937,121
228,WS_RECV_END,1516239659410,121
228,PLAYER_SLEEPBEFORE_START,1516239659410,122
228,PLAYER_SLEEPBEFORE_END,1516239660595,122
228,WS_SEND_START,1516239660595,122
228,WS_SEND_END,1516239660595,122
228,WS_RECV_START,1516239660595,123
228,WS_RECV_END,1516239660974,123
228,PLAYER_SLEEPBEFORE_START,1516239660974,124
228,PLAYER_SLEEPBEFORE_END,1516239685379,124
228,WS_SEND_START,1516239685379,124
228,WS_SEND_END,1516239685379,124
228,WS_RECV_START,1516239685379,125
228,WS_RECV_END,1516239686469,125
228,PLAYER_SLEEPBEFORE_START,1516239686469,126
228,PLAYER_SLEEPBEFORE_END,1516239706981,126
228,WS_SEND_START,1516239706981,126
228,WS_SEND_END,1516239706981,126
228,PLAYER_SLEEPBEFORE_START,1516239706981,127
228,PLAYER_SLEEPBEFORE_END,1516239710036,127
228,WS_SEND_START,1516239710036,127
228,WS_SEND_END,1516239710036,127
228,WS_RECV_START,1516239710036,128
228,WS_RECV_END,1516239710811,128
228,PLAYER_SLEEPBEFORE_START,1516239710811,129
228,PLAYER_SLEEPBEFORE_END,1516239710831,129
228,WS_SEND_START,1516239710831,129
228,WS_SEND_END,1516239710831,129
228,WS_RECV_START,1516239710831,130
228,WS_RECV_END,1516239711175,130
228,PLAYER_SLEEPBEFORE_START,1516239711175,131
228,PLAYER_SLEEPBEFORE_END,1516239732799,131
228,WS_SEND_START,1516239732799,131
228,WS_SEND_END,1516239732799,131
228,PLAYER_SLEEPBEFORE_START,1516239732799,132
228,PLAYER_SLEEPBEFORE_END,1516239735880,132
228,WS_SEND_START,1516239735880,132
228,WS_SEND_END,1516239735880,132
228,WS_RECV_START,1516239735880,133
228,WS_RECV_END,1516239736783,133
228,PLAYER_SLEEPBEFORE_START,1516239736783,134
228,PLAYER_SLEEPBEFORE_END,1516239758000,134
228,WS_SEND_START,1516239758000,134
228,WS_SEND_END,1516239758000,134
228,PLAYER_SLEEPBEFORE_START,1516239758000,135
228,PLAYER_SLEEPBEFORE_END,1516239761190,135
228,WS_SEND_START,1516239761191,135
228,WS_SEND_END,1516239761191,135
228,WS_RECV_START,1516239761191,136
228,WS_RECV_END,1516239761857,136
228,PLAYER_SLEEPBEFORE_START,1516239761857,137
228,PLAYER_SLEEPBEFORE_END,1516239761864,137
228,WS_SEND_START,1516239761864,137
228,WS_SEND_END,1516239761864,137
228,WS_RECV_START,1516239761864,138
228,WS_RECV_END,1516239762346,138
228,PLAYER_SLEEPBEFORE_START,1516239762346,139
228,PLAYER_SLEEPBEFORE_END,1516239763036,139
228,WS_SEND_START,1516239763036,139
228,WS_SEND_END,1516239763036,139
228,WS_RECV_START,1516239763036,140
228,WS_RECV_END,1516239763066,140
228,PLAYER_SLEEPBEFORE_START,1516239763066,141
228,PLAYER_SLEEPBEFORE_END,1516239763721,141
228,WS_SEND_START,1516239763721,141
228,WS_SEND_END,1516239763721,141
228,WS_RECV_START,1516239763721,142
228,WS_RECV_END,1516239763946,142
228,PLAYER_SLEEPBEFORE_START,1516239763946,143
228,PLAYER_SLEEPBEFORE_END,1516239764003,143
228,WS_SEND_START,1516239764004,143
228,WS_SEND_END,1516239764004,143
228,WS_RECV_START,1516239764004,144
228,WS_RECV_END,1516239764513,144
228,PLAYER_SLEEPBEFORE_START,1516239764513,145
228,PLAYER_SLEEPBEFORE_END,1516239780575,145
228,REQ_START,1516239780575,145
228,REQ_END,1516239780582,145
228,PLAYER_SLEEPBEFORE_START,1516239780582,146
228,PLAYER_SLEEPBEFORE_END,1516239789459,146
228,WS_SEND_START,1516239789459,146
228,WS_SEND_END,1516239789459,146
228,WS_RECV_START,1516239789459,147
228,WS_RECV_END,1516239789991,147
228,PLAYER_SLEEPBEFORE_START,1516239789991,148
228,PLAYER_SLEEPBEFORE_END,1516239811913,148
228,WS_SEND_START,1516239811913,148
228,WS_SEND_END,1516239811913,148
228,PLAYER_SLEEPBEFORE_START,1516239811913,149
228,PLAYER_SLEEPBEFORE_END,1516239814341,149
228,WS_SEND_START,1516239814341,149
228,WS_SEND_END,1516239814342,149
228,WS_RECV_START,1516239814342,150
228,WS_RECV_END,1516239814620,150
228,PLAYER_SLEEPBEFORE_START,1516239814620,151
228,PLAYER_SLEEPBEFORE_END,1516239814830,151
228,WS_SEND_START,1516239814830,151
228,WS_SEND_END,1516239814830,151
228,WS_RECV_START,1516239814830,152
228,WS_RECV_END,1516239815162,152
228,PLAYER_SLEEPBEFORE_START,1516239815162,153
228,PLAYER_SLEEPBEFORE_END,1516239839089,153
228,WS_SEND_START,1516239839089,153
228,WS_SEND_END,1516239839089,153
228,WS_RECV_START,1516239839089,154
228,WS_RECV_END,1516239839546,154
228,PLAYER_SLEEPBEFORE_START,1516239839546,155
228,PLAYER_SLEEPBEFORE_END,1516239862105,155
228,WS_SEND_START,1516239862105,155
228,WS_SEND_END,1516239862105,155
228,PLAYER_SLEEPBEFORE_START,1516239862105,156
228,PLAYER_SLEEPBEFORE_END,1516239865379,156
228,WS_SEND_START,1516239865379,156
228,WS_SEND_END,1516239865379,156
228,WS_RECV_START,1516239865379,157
228,WS_RECV_END,1516239865940,157
228,PLAYER_SLEEPBEFORE_START,1516239865940,158
228,PLAYER_SLEEPBEFORE_END,1516239865950,158
228,WS_SEND_START,1516239865950,158
228,WS_SEND_END,1516239865951,158
228,WS_RECV_START,1516239865951,159
228,WS_RECV_END,1516239866154,159
228,PLAYER_SLEEPBEFORE_START,1516239866154,160
228,PLAYER_SLEEPBEFORE_END,1516239866329,160
228,WS_SEND_START,1516239866329,160
228,WS_SEND_END,1516239866329,160
228,WS_RECV_START,1516239866329,161
228,WS_RECV_END,1516239866604,161
228,PLAYER_SLEEPBEFORE_START,1516239866604,162
228,PLAYER_SLEEPBEFORE_END,1516239866629,162
228,WS_SEND_START,1516239866629,162
228,WS_SEND_END,1516239866629,162
228,WS_RECV_START,1516239866629,163
228,WS_RECV_END,1516239866989,163
228,PLAYER_SLEEPBEFORE_START,1516239866989,164
228,PLAYER_SLEEPBEFORE_END,1516239887801,164
228,WS_SEND_START,1516239887801,164
228,WS_SEND_END,1516239887801,164
228,WS_RECV_START,1516239887801,165
228,WS_RECV_END,1516239887905,165
228,PLAYER_SLEEPBEFORE_START,1516239887905,166
228,PLAYER_SLEEPBEFORE_END,1516239910360,166
228,WS_SEND_START,1516239910360,166
228,WS_SEND_END,1516239910360,166
228,WS_RECV_START,1516239910360,167
228,WS_RECV_END,1516239910551,167
228,PLAYER_SLEEPBEFORE_START,1516239910551,168
228,PLAYER_SLEEPBEFORE_END,1516239937908,168
228,WS_SEND_START,1516239937908,168
228,WS_SEND_END,1516239937908,168
228,WS_RECV_START,1516239937908,169
228,WS_RECV_END,1516239937972,169
228,PLAYER_SLEEPBEFORE_START,1516239937972,170
228,PLAYER_SLEEPBEFORE_END,1516239937981,170
228,WS_SEND_START,1516239937981,170
228,WS_SEND_END,1516239937981,170
228,WS_RECV_START,1516239937981,171
228,WS_RECV_END,1516239938046,171
228,PLAYER_SLEEPBEFORE_START,1516239938046,172
228,PLAYER_SLEEPBEFORE_END,1516239938415,172
228,WS_SEND_START,1516239938415,172
228,WS_SEND_END,1516239938415,172
228,WS_RECV_START,1516239938415,173
228,WS_RECV_END,1516239938710,173
228,PLAYER_SLEEPBEFORE_START,1516239938710,174
228,PLAYER_SLEEPBEFORE_END,1516239938751,174
228,WS_SEND_START,1516239938751,174
228,WS_SEND_END,1516239938751,174
228,WS_RECV_START,1516239938751,175
228,WS_RECV_END,1516239938951,175
228,PLAYER_SLEEPBEFORE_START,1516239938951,176
228,PLAYER_SLEEPBEFORE_END,1516239960712,176
228,WS_SEND_START,1516239960712,176
228,WS_SEND_END,1516239960712,176
228,PLAYER_SLEEPBEFORE_START,1516239960712,177
228,PLAYER_SLEEPBEFORE_END,1516239963230,177
228,WS_SEND_START,1516239963230,177
228,WS_SEND_END,1516239963230,177
228,WS_RECV_START,1516239963230,178
228,WS_RECV_END,1516239964070,178
228,PLAYER_SLEEPBEFORE_START,1516239964070,179
228,PLAYER_SLEEPBEFORE_END,1516239986411,179
228,WS_SEND_START,1516239986411,179
228,WS_SEND_END,1516239986411,179
228,WS_RECV_START,1516239986411,180
228,WS_RECV_END,1516239987544,180
228,PLAYER_SLEEPBEFORE_START,1516239987544,181
228,PLAYER_SLEEPBEFORE_END,1516239987988,181
228,WS_SEND_START,1516239987988,181
228,WS_SEND_END,1516239987988,181
228,WS_RECV_START,1516239987988,182
228,WS_RECV_END,1516239988415,182
228,PLAYER_SLEEPBEFORE_START,1516239988415,183
228,PLAYER_SLEEPBEFORE_END,1516239988938,183
228,WS_SEND_START,1516239988938,183
228,WS_SEND_END,1516239988938,183
228,WS_RECV_START,1516239988938,184
228,WS_RECV_END,1516239989868,184
228,PLAYER_SLEEPBEFORE_START,1516239989868,185
228,PLAYER_SLEEPBEFORE_END,1516239990136,185
228,WS_SEND_START,1516239990136,185
228,WS_SEND_END,1516239990136,185
228,WS_RECV_START,1516239990136,186
228,WS_RECV_END,1516239991099,186
228,PLAYER_SLEEPBEFORE_START,1516239991099,187
228,PLAYER_SLEEPBEFORE_END,1516240013599,187
228,WS_SEND_START,1516240013599,187
228,WS_SEND_END,1516240013599,187
228,WS_RECV_START,1516240013599,188
228,WS_RECV_END,1516240016747,188
228,PLAYER_SLEEPBEFORE_START,1516240016747,189
228,PLAYER_SLEEPBEFORE_END,1516240022986,189
228,WS_SEND_START,1516240022986,189
228,WS_SEND_END,1516240022986,189
228,WS_RECV_START,1516240022986,190
228,WS_RECV_END,1516240026461,190
228,PLAYER_SLEEPBEFORE_START,1516240026461,191
228,PLAYER_SLEEPBEFORE_END,1516240028376,191
228,WS_SEND_START,1516240028376,191
228,WS_SEND_END,1516240028376,191
228,WS_RECV_START,1516240028376,192
228,WS_RECV_END,1516240031754,192
228,PLAYER_SLEEPBEFORE_START,1516240031754,193
228,PLAYER_SLEEPBEFORE_END,1516240031883,193
228,WS_SEND_START,1516240031883,193
228,WS_SEND_END,1516240031883,193
228,WS_RECV_START,1516240031883,194
228,WS_RECV_END,1516240033093,194
228,PLAYER_SLEEPBEFORE_START,1516240033093,195
228,PLAYER_SLEEPBEFORE_END,1516240034849,195
228,WS_SEND_START,1516240034849,195
228,WS_SEND_END,1516240034849,195
228,WS_RECV_START,1516240034849,196
228,WS_RECV_END,1516240037082,196
228,PLAYER_SLEEPBEFORE_START,1516240037082,197
228,PLAYER_SLEEPBEFORE_END,1516240038886,197
228,WS_SEND_START,1516240038886,197
228,WS_SEND_END,1516240038886,197
228,WS_RECV_START,1516240038886,198
228,WS_RECV_END,1516240041481,198
228,PLAYER_SLEEPBEFORE_START,1516240041481,199
228,PLAYER_SLEEPBEFORE_END,1516240053335,199
228,WS_SEND_START,1516240053335,199
228,WS_SEND_END,1516240053335,199
228,PLAYER_SLEEPBEFORE_START,1516240053335,200
228,PLAYER_SLEEPBEFORE_END,1516240057423,200
228,WS_SEND_START,1516240057423,200
228,WS_SEND_END,1516240057423,200
228,WS_RECV_START,1516240057423,201
228,WS_RECV_END,1516240059006,201
228,PLAYER_SLEEPBEFORE_START,1516240059006,202
228,PLAYER_SLEEPBEFORE_END,1516240059020,202
228,WS_SEND_START,1516240059020,202
228,WS_SEND_END,1516240059020,202
228,WS_RECV_START,1516240059020,203
228,WS_RECV_END,1516240059817,203
228,PLAYER_SLEEPBEFORE_START,1516240059817,204
228,PLAYER_SLEEPBEFORE_END,1516240079467,204
228,WS_SEND_START,1516240079467,204
228,WS_SEND_END,1516240079467,204
228,PLAYER_SLEEPBEFORE_START,1516240079467,205
228,PLAYER_SLEEPBEFORE_END,1516240083365,205
228,WS_SEND_START,1516240083365,205
228,WS_SEND_END,1516240083365,205
228,WS_RECV_START,1516240083365,206
228,WS_RECV_END,1516240084874,206
228,PLAYER_SLEEPBEFORE_START,1516240084874,207
228,PLAYER_SLEEPBEFORE_END,1516240101812,207
228,REQ_START,1516240101812,207
228,REQ_END,1516240101820,207
228,PLAYER_SLEEPBEFORE_START,1516240101820,208
228,PLAYER_SLEEPBEFORE_END,1516240108672,208
228,WS_CLOSE_START,1516240108672,208
228,WS_CLOSE_END,1516240108672,208
228,PLAYER_DONE,1516240108672
