# --sessions 1080 --app-url=http://shinyloadtest.rstudioservices.com/cran_explorer --output-dir test1080 --overwrite-output --log-level warn --start-interval 250 15min.log
thread_id,event,timestamp,input_line_number,comment
265,PLAYER_SESSION_CREATE,1516239120584
265,PLAYER_START_INTERVAL_START,1516239120584
265,PLAYER_START_INTERVAL_END,1516239186834
265,REQ_HOME_START,1516239186834,2
265,REQ_HOME_END,1516239187007,2
265,REQ_START,1516239187007,3
265,REQ_END,1516239187068,3
265,REQ_START,1516239187068,4
265,REQ_END,1516239187130,4
265,REQ_START,1516239187130,5
265,REQ_END,1516239187198,5
265,REQ_START,1516239187198,6
265,REQ_END,1516239187237,6
265,REQ_START,1516239187237,7
265,REQ_END,1516239187291,7
265,REQ_START,1516239187291,8
265,REQ_END,1516239187332,8
265,REQ_START,1516239187332,9
265,REQ_END,1516239187376,9
265,REQ_START,1516239187376,10
265,REQ_END,1516239187381,10
265,REQ_START,1516239187381,11
265,REQ_END,1516239187420,11
265,REQ_START,1516239187420,12
265,REQ_END,1516239187431,12
265,REQ_START,1516239187431,13
265,REQ_END,1516239187471,13
265,REQ_START,1516239187471,14
265,REQ_END,1516239187487,14
265,REQ_START,1516239187487,15
265,REQ_END,1516239187536,15
265,REQ_TOK_START,1516239187536,16
265,REQ_TOK_END,1516239187543,16
265,REQ_SINF_START,1516239187543,17
265,REQ_SINF_END,1516239187548,17
265,WS_OPEN_START,1516239187548,18
265,WS_OPEN_END,1516239187554,18
265,REQ_START,1516239187554,19
265,REQ_END,1516239187587,19
265,WS_RECV_START,1516239187587,20
265,WS_RECV_END,1516239187587,20
265,PLAYER_SLEEPBEFORE_START,1516239187587,21
265,PLAYER_SLEEPBEFORE_END,1516239187592,21
265,WS_SEND_START,1516239187592,21
265,WS_SEND_END,1516239187592,21
265,PLAYER_SLEEPBEFORE_START,1516239187592,22
265,PLAYER_SLEEPBEFORE_END,1516239187593,22
265,WS_SEND_START,1516239187593,22
265,WS_SEND_END,1516239187593,22
265,WS_RECV_INIT_START,1516239187593,23
265,WS_RECV_INIT_END,1516239187615,23
265,WS_RECV_START,1516239187615,24
265,WS_RECV_END,1516239187767,24
265,PLAYER_SLEEPBEFORE_START,1516239187767,25
265,PLAYER_SLEEPBEFORE_END,1516239187774,25
265,REQ_START,1516239187774,25
265,REQ_END,1516239187913,25
265,PLAYER_SLEEPBEFORE_START,1516239187913,26
265,PLAYER_SLEEPBEFORE_END,1516239187914,26
265,REQ_START,1516239187914,26
265,REQ_END,1516239187979,26
265,PLAYER_SLEEPBEFORE_START,1516239187980,27
265,PLAYER_SLEEPBEFORE_END,1516239187984,27
265,REQ_START,1516239187984,27
265,REQ_END,1516239188025,27
265,PLAYER_SLEEPBEFORE_START,1516239188025,28
265,PLAYER_SLEEPBEFORE_END,1516239188310,28
265,REQ_START,1516239188310,28
265,REQ_END,1516239188348,28
265,PLAYER_SLEEPBEFORE_START,1516239188348,29
265,PLAYER_SLEEPBEFORE_END,1516239188523,29
265,WS_SEND_START,1516239188523,29
265,WS_SEND_END,1516239188523,29
265,WS_RECV_START,1516239188523,30
265,WS_RECV_END,1516239188636,30
265,PLAYER_SLEEPBEFORE_START,1516239188636,31
265,PLAYER_SLEEPBEFORE_END,1516239188647,31
265,REQ_START,1516239188647,31
265,REQ_END,1516239188700,31
265,PLAYER_SLEEPBEFORE_START,1516239188700,32
265,PLAYER_SLEEPBEFORE_END,1516239216850,32
265,WS_SEND_START,1516239216850,32
265,WS_SEND_END,1516239216850,32
265,WS_RECV_START,1516239216850,33
265,WS_RECV_END,1516239216938,33
265,PLAYER_SLEEPBEFORE_START,1516239216938,34
265,PLAYER_SLEEPBEFORE_END,1516239242849,34
265,WS_SEND_START,1516239242849,34
265,WS_SEND_END,1516239242849,34
265,WS_RECV_START,1516239242849,35
265,WS_RECV_END,1516239242897,35
265,PLAYER_SLEEPBEFORE_START,1516239242897,36
265,PLAYER_SLEEPBEFORE_END,1516239242906,36
265,WS_SEND_START,1516239242906,36
265,WS_SEND_END,1516239242906,36
265,WS_RECV_START,1516239242906,37
265,WS_RECV_END,1516239242948,37
265,PLAYER_SLEEPBEFORE_START,1516239242948,38
265,PLAYER_SLEEPBEFORE_END,1516239246143,38
265,WS_SEND_START,1516239246143,38
265,WS_SEND_END,1516239246143,38
265,WS_RECV_START,1516239246143,39
265,WS_RECV_END,1516239246281,39
265,PLAYER_SLEEPBEFORE_START,1516239246281,40
265,PLAYER_SLEEPBEFORE_END,1516239246327,40
265,WS_SEND_START,1516239246327,40
265,WS_SEND_END,1516239246327,40
265,WS_RECV_START,1516239246327,41
265,WS_RECV_END,1516239246434,41
265,PLAYER_SLEEPBEFORE_START,1516239246434,42
265,PLAYER_SLEEPBEFORE_END,1516239264570,42
265,WS_SEND_START,1516239264570,42
265,WS_SEND_END,1516239264570,42
265,WS_RECV_START,1516239264570,43
265,WS_RECV_END,1516239264607,43
265,PLAYER_SLEEPBEFORE_START,1516239264607,44
265,PLAYER_SLEEPBEFORE_END,1516239264620,44
265,WS_SEND_START,1516239264620,44
265,WS_SEND_END,1516239264620,44
265,WS_RECV_START,1516239264620,45
265,WS_RECV_END,1516239264663,45
265,PLAYER_SLEEPBEFORE_START,1516239264663,46
265,PLAYER_SLEEPBEFORE_END,1516239265923,46
265,WS_SEND_START,1516239265923,46
265,WS_SEND_END,1516239265923,46
265,WS_RECV_START,1516239265923,47
265,WS_RECV_END,1516239265949,47
265,PLAYER_SLEEPBEFORE_START,1516239265949,48
265,PLAYER_SLEEPBEFORE_END,1516239267269,48
265,WS_SEND_START,1516239267269,48
265,WS_SEND_END,1516239267269,48
265,WS_RECV_START,1516239267269,49
265,WS_RECV_END,1516239267402,49
265,PLAYER_SLEEPBEFORE_START,1516239267402,50
265,PLAYER_SLEEPBEFORE_END,1516239267426,50
265,WS_SEND_START,1516239267426,50
265,WS_SEND_END,1516239267426,50
265,WS_RECV_START,1516239267426,51
265,WS_RECV_END,1516239267515,51
265,PLAYER_SLEEPBEFORE_START,1516239267515,52
265,PLAYER_SLEEPBEFORE_END,1516239290080,52
265,WS_SEND_START,1516239290080,52
265,WS_SEND_END,1516239290080,52
265,WS_RECV_START,1516239290080,53
265,WS_RECV_END,1516239290213,53
265,PLAYER_SLEEPBEFORE_START,1516239290213,54
265,PLAYER_SLEEPBEFORE_END,1516239311516,54
265,WS_SEND_START,1516239311516,54
265,WS_SEND_END,1516239311516,54
265,PLAYER_SLEEPBEFORE_START,1516239311516,55
265,PLAYER_SLEEPBEFORE_END,1516239313458,55
265,WS_SEND_START,1516239313458,55
265,WS_SEND_END,1516239313458,55
265,WS_RECV_START,1516239313458,56
265,WS_RECV_END,1516239313547,56
265,PLAYER_SLEEPBEFORE_START,1516239313547,57
265,PLAYER_SLEEPBEFORE_END,1516239336419,57
265,WS_SEND_START,1516239336419,57
265,WS_SEND_END,1516239336419,57
265,WS_RECV_START,1516239336419,58
265,WS_RECV_END,1516239336698,58
265,PLAYER_SLEEPBEFORE_START,1516239336698,59
265,PLAYER_SLEEPBEFORE_END,1516239339031,59
265,WS_SEND_START,1516239339031,59
265,WS_SEND_END,1516239339031,59
265,WS_RECV_START,1516239339031,60
265,WS_RECV_END,1516239339176,60
265,PLAYER_SLEEPBEFORE_START,1516239339176,61
265,PLAYER_SLEEPBEFORE_END,1516239342768,61
265,WS_SEND_START,1516239342768,61
265,WS_SEND_END,1516239342768,61
265,WS_RECV_START,1516239342768,62
265,WS_RECV_END,1516239342887,62
265,PLAYER_SLEEPBEFORE_START,1516239342887,63
265,PLAYER_SLEEPBEFORE_END,1516239362149,63
265,WS_SEND_START,1516239362149,63
265,WS_SEND_END,1516239362149,63
265,WS_RECV_START,1516239362149,64
265,WS_RECV_END,1516239362212,64
265,PLAYER_SLEEPBEFORE_START,1516239362212,65
265,PLAYER_SLEEPBEFORE_END,1516239389029,65
265,WS_SEND_START,1516239389029,65
265,WS_SEND_END,1516239389029,65
265,WS_RECV_START,1516239389029,66
265,WS_RECV_END,1516239389206,66
265,PLAYER_SLEEPBEFORE_START,1516239389206,67
265,PLAYER_SLEEPBEFORE_END,1516239390713,67
265,WS_SEND_START,1516239390713,67
265,WS_SEND_END,1516239390713,67
265,WS_RECV_START,1516239390713,68
265,WS_RECV_END,1516239390914,68
265,PLAYER_SLEEPBEFORE_START,1516239390914,69
265,PLAYER_SLEEPBEFORE_END,1516239412912,69
265,WS_SEND_START,1516239412912,69
265,WS_SEND_END,1516239412912,69
265,WS_RECV_START,1516239412912,70
265,WS_RECV_END,1516239413017,70
265,PLAYER_SLEEPBEFORE_START,1516239413017,71
265,PLAYER_SLEEPBEFORE_END,1516239437792,71
265,WS_SEND_START,1516239437792,71
265,WS_SEND_END,1516239437792,71
265,PLAYER_SLEEPBEFORE_START,1516239437792,72
265,PLAYER_SLEEPBEFORE_END,1516239440399,72
265,WS_SEND_START,1516239440399,72
265,WS_SEND_END,1516239440400,72
265,WS_RECV_START,1516239440400,73
265,WS_RECV_END,1516239440603,73
265,PLAYER_SLEEPBEFORE_START,1516239440603,74
265,PLAYER_SLEEPBEFORE_END,1516239440613,74
265,WS_SEND_START,1516239440613,74
265,WS_SEND_END,1516239440613,74
265,WS_RECV_START,1516239440613,75
265,WS_RECV_END,1516239440659,75
265,PLAYER_SLEEPBEFORE_START,1516239440659,76
265,PLAYER_SLEEPBEFORE_END,1516239442166,76
265,WS_SEND_START,1516239442166,76
265,WS_SEND_END,1516239442166,76
265,WS_RECV_START,1516239442166,77
265,WS_RECV_END,1516239442218,77
265,PLAYER_SLEEPBEFORE_START,1516239442218,78
265,PLAYER_SLEEPBEFORE_END,1516239443086,78
265,WS_SEND_START,1516239443086,78
265,WS_SEND_END,1516239443086,78
265,WS_RECV_START,1516239443086,79
265,WS_RECV_END,1516239443127,79
265,PLAYER_SLEEPBEFORE_START,1516239443127,80
265,PLAYER_SLEEPBEFORE_END,1516239450793,80
265,WS_SEND_START,1516239450793,80
265,WS_SEND_END,1516239450793,80
265,WS_RECV_START,1516239450793,81
265,WS_RECV_END,1516239450916,81
265,PLAYER_SLEEPBEFORE_START,1516239450916,82
265,PLAYER_SLEEPBEFORE_END,1516239452019,82
265,WS_SEND_START,1516239452019,82
265,WS_SEND_END,1516239452019,82
265,WS_RECV_START,1516239452019,83
265,WS_RECV_END,1516239452147,83
265,PLAYER_SLEEPBEFORE_START,1516239452147,84
265,PLAYER_SLEEPBEFORE_END,1516239453095,84
265,WS_SEND_START,1516239453095,84
265,WS_SEND_END,1516239453095,84
265,WS_RECV_START,1516239453095,85
265,WS_RECV_END,1516239453138,85
265,PLAYER_SLEEPBEFORE_START,1516239453138,86
265,PLAYER_SLEEPBEFORE_END,1516239457311,86
265,WS_SEND_START,1516239457311,86
265,WS_SEND_END,1516239457311,86
265,WS_RECV_START,1516239457311,87
265,WS_RECV_END,1516239457745,87
265,PLAYER_SLEEPBEFORE_START,1516239457745,88
265,PLAYER_SLEEPBEFORE_END,1516239457753,88
265,WS_SEND_START,1516239457753,88
265,WS_SEND_END,1516239457753,88
265,WS_RECV_START,1516239457753,89
265,WS_RECV_END,1516239457933,89
265,PLAYER_SLEEPBEFORE_START,1516239457933,90
265,PLAYER_SLEEPBEFORE_END,1516239485130,90
265,REQ_START,1516239485130,90
265,REQ_END,1516239485137,90
265,PLAYER_SLEEPBEFORE_START,1516239485137,91
265,PLAYER_SLEEPBEFORE_END,1516239493026,91
265,WS_SEND_START,1516239493026,91
265,WS_SEND_END,1516239493026,91
265,WS_RECV_START,1516239493026,92
265,WS_RECV_END,1516239493365,92
265,PLAYER_SLEEPBEFORE_START,1516239493365,93
265,PLAYER_SLEEPBEFORE_END,1516239493380,93
265,WS_SEND_START,1516239493380,93
265,WS_SEND_END,1516239493380,93
265,WS_RECV_START,1516239493380,94
265,WS_RECV_END,1516239493576,94
265,PLAYER_SLEEPBEFORE_START,1516239493576,95
265,PLAYER_SLEEPBEFORE_END,1516239517131,95
265,WS_SEND_START,1516239517131,95
265,WS_SEND_END,1516239517131,95
265,WS_RECV_START,1516239517131,96
265,WS_RECV_END,1516239517269,96
265,PLAYER_SLEEPBEFORE_START,1516239517269,97
265,PLAYER_SLEEPBEFORE_END,1516239539709,97
265,WS_SEND_START,1516239539709,97
265,WS_SEND_END,1516239539709,97
265,WS_RECV_START,1516239539709,98
265,WS_RECV_END,1516239540327,98
265,PLAYER_SLEEPBEFORE_START,1516239540327,99
265,PLAYER_SLEEPBEFORE_END,1516239540348,99
265,WS_SEND_START,1516239540348,99
265,WS_SEND_END,1516239540348,99
265,WS_RECV_START,1516239540348,100
265,WS_RECV_END,1516239540817,100
265,PLAYER_SLEEPBEFORE_START,1516239540817,101
265,PLAYER_SLEEPBEFORE_END,1516239564376,101
265,WS_SEND_START,1516239564376,101
265,WS_SEND_END,1516239564376,101
265,WS_RECV_START,1516239564376,102
265,WS_RECV_END,1516239564637,102
265,PLAYER_SLEEPBEFORE_START,1516239564637,103
265,PLAYER_SLEEPBEFORE_END,1516239588262,103
265,WS_SEND_START,1516239588262,103
265,WS_SEND_END,1516239588262,103
265,WS_RECV_START,1516239588262,104
265,WS_RECV_END,1516239588675,104
265,PLAYER_SLEEPBEFORE_START,1516239588675,105
265,PLAYER_SLEEPBEFORE_END,1516239614052,105
265,WS_SEND_START,1516239614052,105
265,WS_SEND_END,1516239614052,105
265,WS_RECV_START,1516239614052,106
265,WS_RECV_END,1516239615448,106
265,PLAYER_SLEEPBEFORE_START,1516239615448,107
265,PLAYER_SLEEPBEFORE_END,1516239638871,107
265,WS_SEND_START,1516239638871,107
265,WS_SEND_END,1516239638871,107
265,WS_RECV_START,1516239638871,108
265,WS_RECV_END,1516239639359,108
265,PLAYER_SLEEPBEFORE_START,1516239639359,109
265,PLAYER_SLEEPBEFORE_END,1516239639368,109
265,WS_SEND_START,1516239639368,109
265,WS_SEND_END,1516239639368,109
265,WS_RECV_START,1516239639368,110
265,WS_RECV_END,1516239639607,110
265,PLAYER_SLEEPBEFORE_START,1516239639607,111
265,PLAYER_SLEEPBEFORE_END,1516239640566,111
265,WS_SEND_START,1516239640566,111
265,WS_SEND_END,1516239640566,111
265,WS_RECV_START,1516239640566,112
265,WS_RECV_END,1516239640939,112
265,PLAYER_SLEEPBEFORE_START,1516239640939,113
265,PLAYER_SLEEPBEFORE_END,1516239641501,113
265,WS_SEND_START,1516239641501,113
265,WS_SEND_END,1516239641501,113
265,WS_RECV_START,1516239641501,114
265,WS_RECV_END,1516239641664,114
265,PLAYER_SLEEPBEFORE_START,1516239641664,115
265,PLAYER_SLEEPBEFORE_END,1516239641673,115
265,WS_SEND_START,1516239641673,115
265,WS_SEND_END,1516239641673,115
265,WS_RECV_START,1516239641673,116
265,WS_RECV_END,1516239641861,116
265,PLAYER_SLEEPBEFORE_START,1516239641861,117
265,PLAYER_SLEEPBEFORE_END,1516239662222,117
265,WS_SEND_START,1516239662222,117
265,WS_SEND_END,1516239662222,117
265,PLAYER_SLEEPBEFORE_START,1516239662222,118
265,PLAYER_SLEEPBEFORE_END,1516239665974,118
265,WS_SEND_START,1516239665974,118
265,WS_SEND_END,1516239665974,118
265,WS_RECV_START,1516239665974,119
265,WS_RECV_END,1516239666136,119
265,PLAYER_SLEEPBEFORE_START,1516239666136,120
265,PLAYER_SLEEPBEFORE_END,1516239667124,120
265,WS_SEND_START,1516239667124,120
265,WS_SEND_END,1516239667124,120
265,WS_RECV_START,1516239667124,121
265,WS_RECV_END,1516239667280,121
265,PLAYER_SLEEPBEFORE_START,1516239667280,122
265,PLAYER_SLEEPBEFORE_END,1516239668465,122
265,WS_SEND_START,1516239668465,122
265,WS_SEND_END,1516239668465,122
265,WS_RECV_START,1516239668465,123
265,WS_RECV_END,1516239668932,123
265,PLAYER_SLEEPBEFORE_START,1516239668932,124
265,PLAYER_SLEEPBEFORE_END,1516239693337,124
265,WS_SEND_START,1516239693337,124
265,WS_SEND_END,1516239693337,124
265,WS_RECV_START,1516239693337,125
265,WS_RECV_END,1516239693601,125
265,PLAYER_SLEEPBEFORE_START,1516239693601,126
265,PLAYER_SLEEPBEFORE_END,1516239714113,126
265,WS_SEND_START,1516239714113,126
265,WS_SEND_END,1516239714114,126
265,PLAYER_SLEEPBEFORE_START,1516239714114,127
265,PLAYER_SLEEPBEFORE_END,1516239717168,127
265,WS_SEND_START,1516239717168,127
265,WS_SEND_END,1516239717168,127
265,WS_RECV_START,1516239717168,128
265,WS_RECV_END,1516239717853,128
265,PLAYER_SLEEPBEFORE_START,1516239717853,129
265,PLAYER_SLEEPBEFORE_END,1516239717874,129
265,WS_SEND_START,1516239717874,129
265,WS_SEND_END,1516239717874,129
265,WS_RECV_START,1516239717874,130
265,WS_RECV_END,1516239719225,130
265,PLAYER_SLEEPBEFORE_START,1516239719225,131
265,PLAYER_SLEEPBEFORE_END,1516239740849,131
265,WS_SEND_START,1516239740849,131
265,WS_SEND_END,1516239740849,131
265,PLAYER_SLEEPBEFORE_START,1516239740849,132
265,PLAYER_SLEEPBEFORE_END,1516239743929,132
265,WS_SEND_START,1516239743929,132
265,WS_SEND_END,1516239743929,132
265,WS_RECV_START,1516239743929,133
265,WS_RECV_END,1516239744045,133
265,PLAYER_SLEEPBEFORE_START,1516239744045,134
265,PLAYER_SLEEPBEFORE_END,1516239765262,134
265,WS_SEND_START,1516239765262,134
265,WS_SEND_END,1516239765263,134
265,PLAYER_SLEEPBEFORE_START,1516239765263,135
265,PLAYER_SLEEPBEFORE_END,1516239768453,135
265,WS_SEND_START,1516239768453,135
265,WS_SEND_END,1516239768453,135
265,WS_RECV_START,1516239768453,136
265,WS_RECV_END,1516239768506,136
265,PLAYER_SLEEPBEFORE_START,1516239768506,137
265,PLAYER_SLEEPBEFORE_END,1516239768514,137
265,WS_SEND_START,1516239768514,137
265,WS_SEND_END,1516239768514,137
265,WS_RECV_START,1516239768514,138
265,WS_RECV_END,1516239768563,138
265,PLAYER_SLEEPBEFORE_START,1516239768563,139
265,PLAYER_SLEEPBEFORE_END,1516239769253,139
265,WS_SEND_START,1516239769253,139
265,WS_SEND_END,1516239769253,139
265,WS_RECV_START,1516239769253,140
265,WS_RECV_END,1516239769291,140
265,PLAYER_SLEEPBEFORE_START,1516239769291,141
265,PLAYER_SLEEPBEFORE_END,1516239769946,141
265,WS_SEND_START,1516239769946,141
265,WS_SEND_END,1516239769946,141
265,WS_RECV_START,1516239769946,142
265,WS_RECV_END,1516239770381,142
265,PLAYER_SLEEPBEFORE_START,1516239770381,143
265,PLAYER_SLEEPBEFORE_END,1516239770438,143
265,WS_SEND_START,1516239770438,143
265,WS_SEND_END,1516239770438,143
265,WS_RECV_START,1516239770438,144
265,WS_RECV_END,1516239770961,144
265,PLAYER_SLEEPBEFORE_START,1516239770961,145
265,PLAYER_SLEEPBEFORE_END,1516239787023,145
265,REQ_START,1516239787023,145
265,REQ_END,1516239787028,145
265,PLAYER_SLEEPBEFORE_START,1516239787028,146
265,PLAYER_SLEEPBEFORE_END,1516239795905,146
265,WS_SEND_START,1516239795905,146
265,WS_SEND_END,1516239795905,146
265,WS_RECV_START,1516239795905,147
265,WS_RECV_END,1516239796043,147
265,PLAYER_SLEEPBEFORE_START,1516239796043,148
265,PLAYER_SLEEPBEFORE_END,1516239817966,148
265,WS_SEND_START,1516239817966,148
265,WS_SEND_END,1516239817966,148
265,PLAYER_SLEEPBEFORE_START,1516239817966,149
265,PLAYER_SLEEPBEFORE_END,1516239820394,149
265,WS_SEND_START,1516239820394,149
265,WS_SEND_END,1516239820394,149
265,WS_RECV_START,1516239820394,150
265,WS_RECV_END,1516239820547,150
265,PLAYER_SLEEPBEFORE_START,1516239820547,151
265,PLAYER_SLEEPBEFORE_END,1516239820757,151
265,WS_SEND_START,1516239820757,151
265,WS_SEND_END,1516239820757,151
265,WS_RECV_START,1516239820757,152
265,WS_RECV_END,1516239821159,152
265,PLAYER_SLEEPBEFORE_START,1516239821159,153
265,PLAYER_SLEEPBEFORE_END,1516239845086,153
265,WS_SEND_START,1516239845086,153
265,WS_SEND_END,1516239845086,153
265,WS_RECV_START,1516239845086,154
265,WS_RECV_END,1516239845481,154
265,PLAYER_SLEEPBEFORE_START,1516239845481,155
265,PLAYER_SLEEPBEFORE_END,1516239868039,155
265,WS_SEND_START,1516239868039,155
265,WS_SEND_END,1516239868039,155
265,PLAYER_SLEEPBEFORE_START,1516239868039,156
265,PLAYER_SLEEPBEFORE_END,1516239871313,156
265,WS_SEND_START,1516239871313,156
265,WS_SEND_END,1516239871313,156
265,WS_RECV_START,1516239871313,157
265,WS_RECV_END,1516239871339,157
265,PLAYER_SLEEPBEFORE_START,1516239871339,158
265,PLAYER_SLEEPBEFORE_END,1516239871350,158
265,WS_SEND_START,1516239871350,158
265,WS_SEND_END,1516239871350,158
265,WS_RECV_START,1516239871350,159
265,WS_RECV_END,1516239871391,159
265,PLAYER_SLEEPBEFORE_START,1516239871391,160
265,PLAYER_SLEEPBEFORE_END,1516239871566,160
265,WS_SEND_START,1516239871566,160
265,WS_SEND_END,1516239871566,160
265,WS_RECV_START,1516239871566,161
265,WS_RECV_END,1516239871695,161
265,PLAYER_SLEEPBEFORE_START,1516239871695,162
265,PLAYER_SLEEPBEFORE_END,1516239871720,162
265,WS_SEND_START,1516239871721,162
265,WS_SEND_END,1516239871721,162
265,WS_RECV_START,1516239871721,163
265,WS_RECV_END,1516239871858,163
265,PLAYER_SLEEPBEFORE_START,1516239871858,164
265,PLAYER_SLEEPBEFORE_END,1516239892670,164
265,WS_SEND_START,1516239892670,164
265,WS_SEND_END,1516239892670,164
265,WS_RECV_START,1516239892670,165
265,WS_RECV_END,1516239894119,165
265,PLAYER_SLEEPBEFORE_START,1516239894119,166
265,PLAYER_SLEEPBEFORE_END,1516239916574,166
265,WS_SEND_START,1516239916574,166
265,WS_SEND_END,1516239916574,166
265,WS_RECV_START,1516239916574,167
265,WS_RECV_END,1516239916699,167
265,PLAYER_SLEEPBEFORE_START,1516239916699,168
265,PLAYER_SLEEPBEFORE_END,1516239944056,168
265,WS_SEND_START,1516239944056,168
265,WS_SEND_END,1516239944056,168
265,WS_RECV_START,1516239944056,169
265,WS_RECV_END,1516239944579,169
265,PLAYER_SLEEPBEFORE_START,1516239944579,170
265,PLAYER_SLEEPBEFORE_END,1516239944588,170
265,WS_SEND_START,1516239944588,170
265,WS_SEND_END,1516239944588,170
265,WS_RECV_START,1516239944588,171
265,WS_RECV_END,1516239945259,171
265,PLAYER_SLEEPBEFORE_START,1516239945259,172
265,PLAYER_SLEEPBEFORE_END,1516239945628,172
265,WS_SEND_START,1516239945628,172
265,WS_SEND_END,1516239945628,172
265,WS_RECV_START,1516239945628,173
265,WS_RECV_END,1516239945931,173
265,PLAYER_SLEEPBEFORE_START,1516239945931,174
265,PLAYER_SLEEPBEFORE_END,1516239945972,174
265,WS_SEND_START,1516239945972,174
265,WS_SEND_END,1516239945972,174
265,WS_RECV_START,1516239945972,175
265,WS_RECV_END,1516239946558,175
265,PLAYER_SLEEPBEFORE_START,1516239946558,176
265,PLAYER_SLEEPBEFORE_END,1516239968319,176
265,WS_SEND_START,1516239968319,176
265,WS_SEND_END,1516239968319,176
265,PLAYER_SLEEPBEFORE_START,1516239968319,177
265,PLAYER_SLEEPBEFORE_END,1516239970837,177
265,WS_SEND_START,1516239970837,177
265,WS_SEND_END,1516239970837,177
265,WS_RECV_START,1516239970837,178
265,WS_RECV_END,1516239971312,178
265,PLAYER_SLEEPBEFORE_START,1516239971312,179
265,PLAYER_SLEEPBEFORE_END,1516239993652,179
265,WS_SEND_START,1516239993652,179
265,WS_SEND_END,1516239993652,179
265,WS_RECV_START,1516239993652,180
265,WS_RECV_END,1516239994830,180
265,PLAYER_SLEEPBEFORE_START,1516239994831,181
265,PLAYER_SLEEPBEFORE_END,1516239995275,181
265,WS_SEND_START,1516239995275,181
265,WS_SEND_END,1516239995275,181
265,WS_RECV_START,1516239995275,182
265,WS_RECV_END,1516239997195,182
265,PLAYER_SLEEPBEFORE_START,1516239997195,183
265,PLAYER_SLEEPBEFORE_END,1516239997718,183
265,WS_SEND_START,1516239997718,183
265,WS_SEND_END,1516239997718,183
265,WS_RECV_START,1516239997718,184
265,WS_RECV_END,1516239999450,184
265,PLAYER_SLEEPBEFORE_START,1516239999450,185
265,PLAYER_SLEEPBEFORE_END,1516239999718,185
265,WS_SEND_START,1516239999718,185
265,WS_SEND_END,1516239999718,185
265,WS_RECV_START,1516239999718,186
265,WS_RECV_END,1516240001746,186
265,PLAYER_SLEEPBEFORE_START,1516240001746,187
265,PLAYER_SLEEPBEFORE_END,1516240024247,187
265,WS_SEND_START,1516240024247,187
265,WS_SEND_END,1516240024247,187
265,WS_RECV_START,1516240024247,188
265,WS_RECV_END,1516240027076,188
265,PLAYER_SLEEPBEFORE_START,1516240027076,189
265,PLAYER_SLEEPBEFORE_END,1516240033315,189
265,WS_SEND_START,1516240033315,189
265,WS_SEND_END,1516240033315,189
265,WS_RECV_START,1516240033315,190
265,WS_RECV_END,1516240035429,190
265,PLAYER_SLEEPBEFORE_START,1516240035429,191
265,PLAYER_SLEEPBEFORE_END,1516240037344,191
265,WS_SEND_START,1516240037344,191
265,WS_SEND_END,1516240037344,191
265,WS_RECV_START,1516240037344,192
265,WS_RECV_END,1516240038804,192
265,PLAYER_SLEEPBEFORE_START,1516240038804,193
265,PLAYER_SLEEPBEFORE_END,1516240038932,193
265,WS_SEND_START,1516240038932,193
265,WS_SEND_END,1516240038932,193
265,WS_RECV_START,1516240038932,194
265,WS_RECV_END,1516240039971,194
265,PLAYER_SLEEPBEFORE_START,1516240039971,195
265,PLAYER_SLEEPBEFORE_END,1516240041726,195
265,WS_SEND_START,1516240041726,195
265,WS_SEND_END,1516240041726,195
265,WS_RECV_START,1516240041726,196
265,WS_RECV_END,1516240043779,196
265,PLAYER_SLEEPBEFORE_START,1516240043779,197
265,PLAYER_SLEEPBEFORE_END,1516240045583,197
265,WS_SEND_START,1516240045583,197
265,WS_SEND_END,1516240045583,197
265,WS_RECV_START,1516240045583,198
265,WS_RECV_END,1516240047698,198
265,PLAYER_SLEEPBEFORE_START,1516240047698,199
265,PLAYER_SLEEPBEFORE_END,1516240059552,199
265,WS_SEND_START,1516240059552,199
265,WS_SEND_END,1516240059552,199
265,PLAYER_SLEEPBEFORE_START,1516240059552,200
265,PLAYER_SLEEPBEFORE_END,1516240063640,200
265,WS_SEND_START,1516240063640,200
265,WS_SEND_END,1516240063640,200
265,WS_RECV_START,1516240063640,201
265,WS_RECV_END,1516240064354,201
265,PLAYER_SLEEPBEFORE_START,1516240064354,202
265,PLAYER_SLEEPBEFORE_END,1516240064371,202
265,WS_SEND_START,1516240064371,202
265,WS_SEND_END,1516240064371,202
265,WS_RECV_START,1516240064371,203
265,WS_RECV_END,1516240064986,203
265,PLAYER_SLEEPBEFORE_START,1516240064986,204
265,PLAYER_SLEEPBEFORE_END,1516240084635,204
265,WS_SEND_START,1516240084635,204
265,WS_SEND_END,1516240084635,204
265,PLAYER_SLEEPBEFORE_START,1516240084635,205
265,PLAYER_SLEEPBEFORE_END,1516240088533,205
265,WS_SEND_START,1516240088533,205
265,WS_SEND_END,1516240088533,205
265,WS_RECV_START,1516240088533,206
265,WS_RECV_END,1516240088767,206
265,PLAYER_SLEEPBEFORE_START,1516240088767,207
265,PLAYER_SLEEPBEFORE_END,1516240105698,207
265,REQ_START,1516240105699,207
265,REQ_END,1516240105703,207
265,PLAYER_SLEEPBEFORE_START,1516240105703,208
265,PLAYER_SLEEPBEFORE_END,1516240112555,208
265,WS_CLOSE_START,1516240112555,208
265,WS_CLOSE_END,1516240112555,208
265,PLAYER_DONE,1516240112555
