# --sessions 1080 --app-url=http://shinyloadtest.rstudioservices.com/cran_explorer --output-dir test1080 --overwrite-output --log-level warn --start-interval 250 15min.log
thread_id,event,timestamp,input_line_number,comment
288,PLAYER_SESSION_CREATE,1516239120583
288,PLAYER_START_INTERVAL_START,1516239120583
288,PLAYER_START_INTERVAL_END,1516239192583
288,REQ_HOME_START,1516239192583,2
288,REQ_HOME_END,1516239192678,2
288,REQ_START,1516239192678,3
288,REQ_END,1516239192715,3
288,REQ_START,1516239192715,4
288,REQ_END,1516239192750,4
288,REQ_START,1516239192750,5
288,REQ_END,1516239192788,5
288,REQ_START,1516239192788,6
288,REQ_END,1516239192829,6
288,REQ_START,1516239192829,7
288,REQ_END,1516239192864,7
288,REQ_START,1516239192864,8
288,REQ_END,1516239192905,8
288,REQ_START,1516239192905,9
288,REQ_END,1516239192946,9
288,REQ_START,1516239192946,10
288,REQ_END,1516239192951,10
288,REQ_START,1516239192951,11
288,REQ_END,1516239192986,11
288,REQ_START,1516239192986,12
288,REQ_END,1516239192994,12
288,REQ_START,1516239192994,13
288,REQ_END,1516239193034,13
288,REQ_START,1516239193034,14
288,REQ_END,1516239193045,14
288,REQ_START,1516239193045,15
288,REQ_END,1516239193085,15
288,REQ_TOK_START,1516239193085,16
288,REQ_TOK_END,1516239193091,16
288,REQ_SINF_START,1516239193091,17
288,REQ_SINF_END,1516239193096,17
288,WS_OPEN_START,1516239193096,18
288,WS_OPEN_END,1516239193101,18
288,REQ_START,1516239193101,19
288,REQ_END,1516239193132,19
288,WS_RECV_START,1516239193132,20
288,WS_RECV_END,1516239193132,20
288,PLAYER_SLEEPBEFORE_START,1516239193132,21
288,PLAYER_SLEEPBEFORE_END,1516239193137,21
288,WS_SEND_START,1516239193137,21
288,WS_SEND_END,1516239193137,21
288,PLAYER_SLEEPBEFORE_START,1516239193137,22
288,PLAYER_SLEEPBEFORE_END,1516239193138,22
288,WS_SEND_START,1516239193138,22
288,WS_SEND_END,1516239193138,22
288,WS_RECV_INIT_START,1516239193138,23
288,WS_RECV_INIT_END,1516239193284,23
288,WS_RECV_START,1516239193284,24
288,WS_RECV_END,1516239193326,24
288,PLAYER_SLEEPBEFORE_START,1516239193326,25
288,PLAYER_SLEEPBEFORE_END,1516239193333,25
288,REQ_START,1516239193333,25
288,REQ_END,1516239193484,25
288,PLAYER_SLEEPBEFORE_START,1516239193484,26
288,PLAYER_SLEEPBEFORE_END,1516239193485,26
288,REQ_START,1516239193485,26
288,REQ_END,1516239193553,26
288,PLAYER_SLEEPBEFORE_START,1516239193553,27
288,PLAYER_SLEEPBEFORE_END,1516239193556,27
288,REQ_START,1516239193556,27
288,REQ_END,1516239193613,27
288,PLAYER_SLEEPBEFORE_START,1516239193613,28
288,PLAYER_SLEEPBEFORE_END,1516239193899,28
288,REQ_START,1516239193899,28
288,REQ_END,1516239193934,28
288,PLAYER_SLEEPBEFORE_START,1516239193934,29
288,PLAYER_SLEEPBEFORE_END,1516239194109,29
288,WS_SEND_START,1516239194109,29
288,WS_SEND_END,1516239194109,29
288,WS_RECV_START,1516239194109,30
288,WS_RECV_END,1516239194220,30
288,PLAYER_SLEEPBEFORE_START,1516239194220,31
288,PLAYER_SLEEPBEFORE_END,1516239194231,31
288,REQ_START,1516239194231,31
288,REQ_END,1516239194286,31
288,PLAYER_SLEEPBEFORE_START,1516239194286,32
288,PLAYER_SLEEPBEFORE_END,1516239222431,32
288,WS_SEND_START,1516239222431,32
288,WS_SEND_END,1516239222431,32
288,WS_RECV_START,1516239222431,33
288,WS_RECV_END,1516239222508,33
288,PLAYER_SLEEPBEFORE_START,1516239222508,34
288,PLAYER_SLEEPBEFORE_END,1516239248419,34
288,WS_SEND_START,1516239248419,34
288,WS_SEND_END,1516239248419,34
288,WS_RECV_START,1516239248419,35
288,WS_RECV_END,1516239248443,35
288,PLAYER_SLEEPBEFORE_START,1516239248443,36
288,PLAYER_SLEEPBEFORE_END,1516239248452,36
288,WS_SEND_START,1516239248452,36
288,WS_SEND_END,1516239248452,36
288,WS_RECV_START,1516239248452,37
288,WS_RECV_END,1516239248491,37
288,PLAYER_SLEEPBEFORE_START,1516239248491,38
288,PLAYER_SLEEPBEFORE_END,1516239251686,38
288,WS_SEND_START,1516239251686,38
288,WS_SEND_END,1516239251686,38
288,WS_RECV_START,1516239251686,39
288,WS_RECV_END,1516239251796,39
288,PLAYER_SLEEPBEFORE_START,1516239251796,40
288,PLAYER_SLEEPBEFORE_END,1516239251842,40
288,WS_SEND_START,1516239251842,40
288,WS_SEND_END,1516239251842,40
288,WS_RECV_START,1516239251842,41
288,WS_RECV_END,1516239251958,41
288,PLAYER_SLEEPBEFORE_START,1516239251958,42
288,PLAYER_SLEEPBEFORE_END,1516239270093,42
288,WS_SEND_START,1516239270093,42
288,WS_SEND_END,1516239270093,42
288,WS_RECV_START,1516239270093,43
288,WS_RECV_END,1516239270156,43
288,PLAYER_SLEEPBEFORE_START,1516239270156,44
288,PLAYER_SLEEPBEFORE_END,1516239270168,44
288,WS_SEND_START,1516239270168,44
288,WS_SEND_END,1516239270168,44
288,WS_RECV_START,1516239270168,45
288,WS_RECV_END,1516239270231,45
288,PLAYER_SLEEPBEFORE_START,1516239270231,46
288,PLAYER_SLEEPBEFORE_END,1516239271491,46
288,WS_SEND_START,1516239271491,46
288,WS_SEND_END,1516239271492,46
288,WS_RECV_START,1516239271492,47
288,WS_RECV_END,1516239271548,47
288,PLAYER_SLEEPBEFORE_START,1516239271548,48
288,PLAYER_SLEEPBEFORE_END,1516239272869,48
288,WS_SEND_START,1516239272869,48
288,WS_SEND_END,1516239272869,48
288,WS_RECV_START,1516239272869,49
288,WS_RECV_END,1516239272955,49
288,PLAYER_SLEEPBEFORE_START,1516239272956,50
288,PLAYER_SLEEPBEFORE_END,1516239272980,50
288,WS_SEND_START,1516239272980,50
288,WS_SEND_END,1516239272980,50
288,WS_RECV_START,1516239272980,51
288,WS_RECV_END,1516239273092,51
288,PLAYER_SLEEPBEFORE_START,1516239273092,52
288,PLAYER_SLEEPBEFORE_END,1516239295656,52
288,WS_SEND_START,1516239295656,52
288,WS_SEND_END,1516239295656,52
288,WS_RECV_START,1516239295656,53
288,WS_RECV_END,1516239295762,53
288,PLAYER_SLEEPBEFORE_START,1516239295762,54
288,PLAYER_SLEEPBEFORE_END,1516239317065,54
288,WS_SEND_START,1516239317065,54
288,WS_SEND_END,1516239317065,54
288,PLAYER_SLEEPBEFORE_START,1516239317065,55
288,PLAYER_SLEEPBEFORE_END,1516239319006,55
288,WS_SEND_START,1516239319006,55
288,WS_SEND_END,1516239319006,55
288,WS_RECV_START,1516239319006,56
288,WS_RECV_END,1516239319076,56
288,PLAYER_SLEEPBEFORE_START,1516239319076,57
288,PLAYER_SLEEPBEFORE_END,1516239341948,57
288,WS_SEND_START,1516239341948,57
288,WS_SEND_END,1516239341948,57
288,WS_RECV_START,1516239341948,58
288,WS_RECV_END,1516239341990,58
288,PLAYER_SLEEPBEFORE_START,1516239341990,59
288,PLAYER_SLEEPBEFORE_END,1516239344318,59
288,WS_SEND_START,1516239344318,59
288,WS_SEND_END,1516239344318,59
288,WS_RECV_START,1516239344318,60
288,WS_RECV_END,1516239344447,60
288,PLAYER_SLEEPBEFORE_START,1516239344447,61
288,PLAYER_SLEEPBEFORE_END,1516239348038,61
288,WS_SEND_START,1516239348038,61
288,WS_SEND_END,1516239348038,61
288,WS_RECV_START,1516239348038,62
288,WS_RECV_END,1516239348138,62
288,PLAYER_SLEEPBEFORE_START,1516239348138,63
288,PLAYER_SLEEPBEFORE_END,1516239367400,63
288,WS_SEND_START,1516239367400,63
288,WS_SEND_END,1516239367400,63
288,WS_RECV_START,1516239367400,64
288,WS_RECV_END,1516239367460,64
288,PLAYER_SLEEPBEFORE_START,1516239367460,65
288,PLAYER_SLEEPBEFORE_END,1516239394277,65
288,WS_SEND_START,1516239394277,65
288,WS_SEND_END,1516239394277,65
288,WS_RECV_START,1516239394277,66
288,WS_RECV_END,1516239394431,66
288,PLAYER_SLEEPBEFORE_START,1516239394431,67
288,PLAYER_SLEEPBEFORE_END,1516239395938,67
288,WS_SEND_START,1516239395938,67
288,WS_SEND_END,1516239395938,67
288,WS_RECV_START,1516239395938,68
288,WS_RECV_END,1516239396114,68
288,PLAYER_SLEEPBEFORE_START,1516239396114,69
288,PLAYER_SLEEPBEFORE_END,1516239418112,69
288,WS_SEND_START,1516239418112,69
288,WS_SEND_END,1516239418112,69
288,WS_RECV_START,1516239418112,70
288,WS_RECV_END,1516239418331,70
288,PLAYER_SLEEPBEFORE_START,1516239418331,71
288,PLAYER_SLEEPBEFORE_END,1516239443106,71
288,WS_SEND_START,1516239443106,71
288,WS_SEND_END,1516239443106,71
288,PLAYER_SLEEPBEFORE_START,1516239443106,72
288,PLAYER_SLEEPBEFORE_END,1516239445713,72
288,WS_SEND_START,1516239445713,72
288,WS_SEND_END,1516239445713,72
288,WS_RECV_START,1516239445713,73
288,WS_RECV_END,1516239445920,73
288,PLAYER_SLEEPBEFORE_START,1516239445920,74
288,PLAYER_SLEEPBEFORE_END,1516239445930,74
288,WS_SEND_START,1516239445930,74
288,WS_SEND_END,1516239445930,74
288,WS_RECV_START,1516239445930,75
288,WS_RECV_END,1516239446135,75
288,PLAYER_SLEEPBEFORE_START,1516239446135,76
288,PLAYER_SLEEPBEFORE_END,1516239447641,76
288,WS_SEND_START,1516239447641,76
288,WS_SEND_END,1516239447641,76
288,WS_RECV_START,1516239447641,77
288,WS_RECV_END,1516239447810,77
288,PLAYER_SLEEPBEFORE_START,1516239447810,78
288,PLAYER_SLEEPBEFORE_END,1516239448679,78
288,WS_SEND_START,1516239448679,78
288,WS_SEND_END,1516239448679,78
288,WS_RECV_START,1516239448679,79
288,WS_RECV_END,1516239448700,79
288,PLAYER_SLEEPBEFORE_START,1516239448700,80
288,PLAYER_SLEEPBEFORE_END,1516239456367,80
288,WS_SEND_START,1516239456367,80
288,WS_SEND_END,1516239456367,80
288,WS_RECV_START,1516239456367,81
288,WS_RECV_END,1516239456415,81
288,PLAYER_SLEEPBEFORE_START,1516239456415,82
288,PLAYER_SLEEPBEFORE_END,1516239457517,82
288,WS_SEND_START,1516239457517,82
288,WS_SEND_END,1516239457517,82
288,WS_RECV_START,1516239457517,83
288,WS_RECV_END,1516239457781,83
288,PLAYER_SLEEPBEFORE_START,1516239457781,84
288,PLAYER_SLEEPBEFORE_END,1516239458728,84
288,WS_SEND_START,1516239458728,84
288,WS_SEND_END,1516239458728,84
288,WS_RECV_START,1516239458728,85
288,WS_RECV_END,1516239458800,85
288,PLAYER_SLEEPBEFORE_START,1516239458800,86
288,PLAYER_SLEEPBEFORE_END,1516239462972,86
288,WS_SEND_START,1516239462972,86
288,WS_SEND_END,1516239462972,86
288,WS_RECV_START,1516239462972,87
288,WS_RECV_END,1516239463080,87
288,PLAYER_SLEEPBEFORE_START,1516239463080,88
288,PLAYER_SLEEPBEFORE_END,1516239463088,88
288,WS_SEND_START,1516239463088,88
288,WS_SEND_END,1516239463088,88
288,WS_RECV_START,1516239463088,89
288,WS_RECV_END,1516239463199,89
288,PLAYER_SLEEPBEFORE_START,1516239463199,90
288,PLAYER_SLEEPBEFORE_END,1516239490396,90
288,REQ_START,1516239490396,90
288,REQ_END,1516239490403,90
288,PLAYER_SLEEPBEFORE_START,1516239490403,91
288,PLAYER_SLEEPBEFORE_END,1516239498292,91
288,WS_SEND_START,1516239498292,91
288,WS_SEND_END,1516239498292,91
288,WS_RECV_START,1516239498292,92
288,WS_RECV_END,1516239498429,92
288,PLAYER_SLEEPBEFORE_START,1516239498429,93
288,PLAYER_SLEEPBEFORE_END,1516239498445,93
288,WS_SEND_START,1516239498445,93
288,WS_SEND_END,1516239498445,93
288,WS_RECV_START,1516239498445,94
288,WS_RECV_END,1516239498580,94
288,PLAYER_SLEEPBEFORE_START,1516239498580,95
288,PLAYER_SLEEPBEFORE_END,1516239522136,95
288,WS_SEND_START,1516239522136,95
288,WS_SEND_END,1516239522136,95
288,WS_RECV_START,1516239522136,96
288,WS_RECV_END,1516239522398,96
288,PLAYER_SLEEPBEFORE_START,1516239522398,97
288,PLAYER_SLEEPBEFORE_END,1516239544838,97
288,WS_SEND_START,1516239544838,97
288,WS_SEND_END,1516239544838,97
288,WS_RECV_START,1516239544838,98
288,WS_RECV_END,1516239545141,98
288,PLAYER_SLEEPBEFORE_START,1516239545141,99
288,PLAYER_SLEEPBEFORE_END,1516239545162,99
288,WS_SEND_START,1516239545162,99
288,WS_SEND_END,1516239545162,99
288,WS_RECV_START,1516239545162,100
288,WS_RECV_END,1516239545645,100
288,PLAYER_SLEEPBEFORE_START,1516239545645,101
288,PLAYER_SLEEPBEFORE_END,1516239569204,101
288,WS_SEND_START,1516239569204,101
288,WS_SEND_END,1516239569204,101
288,WS_RECV_START,1516239569204,102
288,WS_RECV_END,1516239569408,102
288,PLAYER_SLEEPBEFORE_START,1516239569408,103
288,PLAYER_SLEEPBEFORE_END,1516239593033,103
288,WS_SEND_START,1516239593033,103
288,WS_SEND_END,1516239593033,103
288,WS_RECV_START,1516239593033,104
288,WS_RECV_END,1516239593733,104
288,PLAYER_SLEEPBEFORE_START,1516239593733,105
288,PLAYER_SLEEPBEFORE_END,1516239619111,105
288,WS_SEND_START,1516239619111,105
288,WS_SEND_END,1516239619111,105
288,WS_RECV_START,1516239619111,106
288,WS_RECV_END,1516239619609,106
288,PLAYER_SLEEPBEFORE_START,1516239619609,107
288,PLAYER_SLEEPBEFORE_END,1516239643032,107
288,WS_SEND_START,1516239643032,107
288,WS_SEND_END,1516239643032,107
288,WS_RECV_START,1516239643032,108
288,WS_RECV_END,1516239643417,108
288,PLAYER_SLEEPBEFORE_START,1516239643417,109
288,PLAYER_SLEEPBEFORE_END,1516239643426,109
288,WS_SEND_START,1516239643426,109
288,WS_SEND_END,1516239643426,109
288,WS_RECV_START,1516239643426,110
288,WS_RECV_END,1516239644331,110
288,PLAYER_SLEEPBEFORE_START,1516239644331,111
288,PLAYER_SLEEPBEFORE_END,1516239645290,111
288,WS_SEND_START,1516239645290,111
288,WS_SEND_END,1516239645290,111
288,WS_RECV_START,1516239645290,112
288,WS_RECV_END,1516239645362,112
288,PLAYER_SLEEPBEFORE_START,1516239645362,113
288,PLAYER_SLEEPBEFORE_END,1516239645924,113
288,WS_SEND_START,1516239645924,113
288,WS_SEND_END,1516239645924,113
288,WS_RECV_START,1516239645924,114
288,WS_RECV_END,1516239646059,114
288,PLAYER_SLEEPBEFORE_START,1516239646059,115
288,PLAYER_SLEEPBEFORE_END,1516239646068,115
288,WS_SEND_START,1516239646068,115
288,WS_SEND_END,1516239646068,115
288,WS_RECV_START,1516239646068,116
288,WS_RECV_END,1516239646274,116
288,PLAYER_SLEEPBEFORE_START,1516239646274,117
288,PLAYER_SLEEPBEFORE_END,1516239666634,117
288,WS_SEND_START,1516239666634,117
288,WS_SEND_END,1516239666635,117
288,PLAYER_SLEEPBEFORE_START,1516239666635,118
288,PLAYER_SLEEPBEFORE_END,1516239670387,118
288,WS_SEND_START,1516239670387,118
288,WS_SEND_END,1516239670387,118
288,WS_RECV_START,1516239670387,119
288,WS_RECV_END,1516239670526,119
288,PLAYER_SLEEPBEFORE_START,1516239670526,120
288,PLAYER_SLEEPBEFORE_END,1516239671514,120
288,WS_SEND_START,1516239671514,120
288,WS_SEND_END,1516239671514,120
288,WS_RECV_START,1516239671514,121
288,WS_RECV_END,1516239671974,121
288,PLAYER_SLEEPBEFORE_START,1516239671974,122
288,PLAYER_SLEEPBEFORE_END,1516239673159,122
288,WS_SEND_START,1516239673159,122
288,WS_SEND_END,1516239673159,122
288,WS_RECV_START,1516239673159,123
288,WS_RECV_END,1516239673277,123
288,PLAYER_SLEEPBEFORE_START,1516239673277,124
288,PLAYER_SLEEPBEFORE_END,1516239697683,124
288,WS_SEND_START,1516239697683,124
288,WS_SEND_END,1516239697683,124
288,WS_RECV_START,1516239697683,125
288,WS_RECV_END,1516239697837,125
288,PLAYER_SLEEPBEFORE_START,1516239697837,126
288,PLAYER_SLEEPBEFORE_END,1516239718349,126
288,WS_SEND_START,1516239718349,126
288,WS_SEND_END,1516239718349,126
288,PLAYER_SLEEPBEFORE_START,1516239718349,127
288,PLAYER_SLEEPBEFORE_END,1516239721403,127
288,WS_SEND_START,1516239721404,127
288,WS_SEND_END,1516239721404,127
288,WS_RECV_START,1516239721404,128
288,WS_RECV_END,1516239721903,128
288,PLAYER_SLEEPBEFORE_START,1516239721903,129
288,PLAYER_SLEEPBEFORE_END,1516239721923,129
288,WS_SEND_START,1516239721923,129
288,WS_SEND_END,1516239721923,129
288,WS_RECV_START,1516239721923,130
288,WS_RECV_END,1516239722406,130
288,PLAYER_SLEEPBEFORE_START,1516239722406,131
288,PLAYER_SLEEPBEFORE_END,1516239744030,131
288,WS_SEND_START,1516239744030,131
288,WS_SEND_END,1516239744030,131
288,PLAYER_SLEEPBEFORE_START,1516239744030,132
288,PLAYER_SLEEPBEFORE_END,1516239747110,132
288,WS_SEND_START,1516239747110,132
288,WS_SEND_END,1516239747110,132
288,WS_RECV_START,1516239747110,133
288,WS_RECV_END,1516239747870,133
288,PLAYER_SLEEPBEFORE_START,1516239747870,134
288,PLAYER_SLEEPBEFORE_END,1516239769087,134
288,WS_SEND_START,1516239769087,134
288,WS_SEND_END,1516239769087,134
288,PLAYER_SLEEPBEFORE_START,1516239769087,135
288,PLAYER_SLEEPBEFORE_END,1516239772277,135
288,WS_SEND_START,1516239772277,135
288,WS_SEND_END,1516239772277,135
288,WS_RECV_START,1516239772277,136
288,WS_RECV_END,1516239772444,136
288,PLAYER_SLEEPBEFORE_START,1516239772444,137
288,PLAYER_SLEEPBEFORE_END,1516239772451,137
288,WS_SEND_START,1516239772451,137
288,WS_SEND_END,1516239772451,137
288,WS_RECV_START,1516239772451,138
288,WS_RECV_END,1516239772535,138
288,PLAYER_SLEEPBEFORE_START,1516239772535,139
288,PLAYER_SLEEPBEFORE_END,1516239773225,139
288,WS_SEND_START,1516239773225,139
288,WS_SEND_END,1516239773225,139
288,WS_RECV_START,1516239773225,140
288,WS_RECV_END,1516239773428,140
288,PLAYER_SLEEPBEFORE_START,1516239773428,141
288,PLAYER_SLEEPBEFORE_END,1516239774083,141
288,WS_SEND_START,1516239774083,141
288,WS_SEND_END,1516239774083,141
288,WS_RECV_START,1516239774083,142
288,WS_RECV_END,1516239774477,142
288,PLAYER_SLEEPBEFORE_START,1516239774477,143
288,PLAYER_SLEEPBEFORE_END,1516239774534,143
288,WS_SEND_START,1516239774534,143
288,WS_SEND_END,1516239774534,143
288,WS_RECV_START,1516239774534,144
288,WS_RECV_END,1516239775157,144
288,PLAYER_SLEEPBEFORE_START,1516239775157,145
288,PLAYER_SLEEPBEFORE_END,1516239791220,145
288,REQ_START,1516239791220,145
288,REQ_END,1516239791224,145
288,PLAYER_SLEEPBEFORE_START,1516239791224,146
288,PLAYER_SLEEPBEFORE_END,1516239800101,146
288,WS_SEND_START,1516239800101,146
288,WS_SEND_END,1516239800101,146
288,WS_RECV_START,1516239800101,147
288,WS_RECV_END,1516239800386,147
288,PLAYER_SLEEPBEFORE_START,1516239800386,148
288,PLAYER_SLEEPBEFORE_END,1516239822308,148
288,WS_SEND_START,1516239822308,148
288,WS_SEND_END,1516239822308,148
288,PLAYER_SLEEPBEFORE_START,1516239822308,149
288,PLAYER_SLEEPBEFORE_END,1516239824736,149
288,WS_SEND_START,1516239824736,149
288,WS_SEND_END,1516239824736,149
288,WS_RECV_START,1516239824736,150
288,WS_RECV_END,1516239826002,150
288,PLAYER_SLEEPBEFORE_START,1516239826002,151
288,PLAYER_SLEEPBEFORE_END,1516239826212,151
288,WS_SEND_START,1516239826212,151
288,WS_SEND_END,1516239826212,151
288,WS_RECV_START,1516239826212,152
288,WS_RECV_END,1516239827294,152
288,PLAYER_SLEEPBEFORE_START,1516239827294,153
288,PLAYER_SLEEPBEFORE_END,1516239851221,153
288,WS_SEND_START,1516239851221,153
288,WS_SEND_END,1516239851221,153
288,WS_RECV_START,1516239851221,154
288,WS_RECV_END,1516239851854,154
288,PLAYER_SLEEPBEFORE_START,1516239851854,155
288,PLAYER_SLEEPBEFORE_END,1516239874412,155
288,WS_SEND_START,1516239874412,155
288,WS_SEND_END,1516239874412,155
288,PLAYER_SLEEPBEFORE_START,1516239874412,156
288,PLAYER_SLEEPBEFORE_END,1516239877686,156
288,WS_SEND_START,1516239877686,156
288,WS_SEND_END,1516239877686,156
288,WS_RECV_START,1516239877686,157
288,WS_RECV_END,1516239877793,157
288,PLAYER_SLEEPBEFORE_START,1516239877793,158
288,PLAYER_SLEEPBEFORE_END,1516239877804,158
288,WS_SEND_START,1516239877804,158
288,WS_SEND_END,1516239877804,158
288,WS_RECV_START,1516239877804,159
288,WS_RECV_END,1516239877967,159
288,PLAYER_SLEEPBEFORE_START,1516239877967,160
288,PLAYER_SLEEPBEFORE_END,1516239878142,160
288,WS_SEND_START,1516239878142,160
288,WS_SEND_END,1516239878142,160
288,WS_RECV_START,1516239878142,161
288,WS_RECV_END,1516239878265,161
288,PLAYER_SLEEPBEFORE_START,1516239878265,162
288,PLAYER_SLEEPBEFORE_END,1516239878290,162
288,WS_SEND_START,1516239878290,162
288,WS_SEND_END,1516239878290,162
288,WS_RECV_START,1516239878290,163
288,WS_RECV_END,1516239878773,163
288,PLAYER_SLEEPBEFORE_START,1516239878773,164
288,PLAYER_SLEEPBEFORE_END,1516239899585,164
288,WS_SEND_START,1516239899585,164
288,WS_SEND_END,1516239899585,164
288,WS_RECV_START,1516239899585,165
288,WS_RECV_END,1516239899966,165
288,PLAYER_SLEEPBEFORE_START,1516239899966,166
288,PLAYER_SLEEPBEFORE_END,1516239922421,166
288,WS_SEND_START,1516239922421,166
288,WS_SEND_END,1516239922421,166
288,WS_RECV_START,1516239922421,167
288,WS_RECV_END,1516239923151,167
288,PLAYER_SLEEPBEFORE_START,1516239923151,168
288,PLAYER_SLEEPBEFORE_END,1516239950508,168
288,WS_SEND_START,1516239950508,168
288,WS_SEND_END,1516239950508,168
288,WS_RECV_START,1516239950508,169
288,WS_RECV_END,1516239950979,169
288,PLAYER_SLEEPBEFORE_START,1516239950979,170
288,PLAYER_SLEEPBEFORE_END,1516239950988,170
288,WS_SEND_START,1516239950988,170
288,WS_SEND_END,1516239950988,170
288,WS_RECV_START,1516239950988,171
288,WS_RECV_END,1516239951043,171
288,PLAYER_SLEEPBEFORE_START,1516239951043,172
288,PLAYER_SLEEPBEFORE_END,1516239951412,172
288,WS_SEND_START,1516239951412,172
288,WS_SEND_END,1516239951412,172
288,WS_RECV_START,1516239951412,173
288,WS_RECV_END,1516239951578,173
288,PLAYER_SLEEPBEFORE_START,1516239951578,174
288,PLAYER_SLEEPBEFORE_END,1516239951619,174
288,WS_SEND_START,1516239951619,174
288,WS_SEND_END,1516239951619,174
288,WS_RECV_START,1516239951619,175
288,WS_RECV_END,1516239951969,175
288,PLAYER_SLEEPBEFORE_START,1516239951969,176
288,PLAYER_SLEEPBEFORE_END,1516239973730,176
288,WS_SEND_START,1516239973730,176
288,WS_SEND_END,1516239973730,176
288,PLAYER_SLEEPBEFORE_START,1516239973730,177
288,PLAYER_SLEEPBEFORE_END,1516239976248,177
288,WS_SEND_START,1516239976248,177
288,WS_SEND_END,1516239976248,177
288,WS_RECV_START,1516239976248,178
288,WS_RECV_END,1516239977244,178
288,PLAYER_SLEEPBEFORE_START,1516239977244,179
288,PLAYER_SLEEPBEFORE_END,1516239999584,179
288,WS_SEND_START,1516239999584,179
288,WS_SEND_END,1516239999584,179
288,WS_RECV_START,1516239999584,180
288,WS_RECV_END,1516240003429,180
288,PLAYER_SLEEPBEFORE_START,1516240003429,181
288,PLAYER_SLEEPBEFORE_END,1516240003873,181
288,WS_SEND_START,1516240003873,181
288,WS_SEND_END,1516240003873,181
288,WS_RECV_START,1516240003873,182
288,WS_RECV_END,1516240007402,182
288,PLAYER_SLEEPBEFORE_START,1516240007402,183
288,PLAYER_SLEEPBEFORE_END,1516240007925,183
288,WS_SEND_START,1516240007925,183
288,WS_SEND_END,1516240007925,183
288,WS_RECV_START,1516240007925,184
288,WS_RECV_END,1516240009046,184
288,PLAYER_SLEEPBEFORE_START,1516240009046,185
288,PLAYER_SLEEPBEFORE_END,1516240009314,185
288,WS_SEND_START,1516240009314,185
288,WS_SEND_END,1516240009314,185
288,WS_RECV_START,1516240009314,186
288,WS_RECV_END,1516240010527,186
288,PLAYER_SLEEPBEFORE_START,1516240010527,187
288,PLAYER_SLEEPBEFORE_END,1516240033027,187
288,WS_SEND_START,1516240033027,187
288,WS_SEND_END,1516240033028,187
288,WS_RECV_START,1516240033028,188
288,WS_RECV_END,1516240035054,188
288,PLAYER_SLEEPBEFORE_START,1516240035054,189
288,PLAYER_SLEEPBEFORE_END,1516240041293,189
288,WS_SEND_START,1516240041293,189
288,WS_SEND_END,1516240041293,189
288,WS_RECV_START,1516240041293,190
288,WS_RECV_END,1516240042540,190
288,PLAYER_SLEEPBEFORE_START,1516240042541,191
288,PLAYER_SLEEPBEFORE_END,1516240044456,191
288,WS_SEND_START,1516240044456,191
288,WS_SEND_END,1516240044456,191
288,WS_RECV_START,1516240044456,192
288,WS_RECV_END,1516240046143,192
288,PLAYER_SLEEPBEFORE_START,1516240046143,193
288,PLAYER_SLEEPBEFORE_END,1516240046271,193
288,WS_SEND_START,1516240046271,193
288,WS_SEND_END,1516240046271,193
288,WS_RECV_START,1516240046271,194
288,WS_RECV_END,1516240047520,194
288,PLAYER_SLEEPBEFORE_START,1516240047520,195
288,PLAYER_SLEEPBEFORE_END,1516240049275,195
288,WS_SEND_START,1516240049275,195
288,WS_SEND_END,1516240049275,195
288,WS_RECV_START,1516240049275,196
288,WS_RECV_END,1516240051292,196
288,PLAYER_SLEEPBEFORE_START,1516240051292,197
288,PLAYER_SLEEPBEFORE_END,1516240053096,197
288,WS_SEND_START,1516240053097,197
288,WS_SEND_END,1516240053097,197
288,WS_RECV_START,1516240053097,198
288,WS_RECV_END,1516240055090,198
288,PLAYER_SLEEPBEFORE_START,1516240055090,199
288,PLAYER_SLEEPBEFORE_END,1516240066944,199
288,WS_SEND_START,1516240066944,199
288,WS_SEND_END,1516240066944,199
288,PLAYER_SLEEPBEFORE_START,1516240066944,200
288,PLAYER_SLEEPBEFORE_END,1516240071032,200
288,WS_SEND_START,1516240071032,200
288,WS_SEND_END,1516240071032,200
288,WS_RECV_START,1516240071032,201
288,WS_RECV_END,1516240071608,201
288,PLAYER_SLEEPBEFORE_START,1516240071608,202
288,PLAYER_SLEEPBEFORE_END,1516240071622,202
288,WS_SEND_START,1516240071622,202
288,WS_SEND_END,1516240071622,202
288,WS_RECV_START,1516240071622,203
288,WS_RECV_END,1516240072055,203
288,PLAYER_SLEEPBEFORE_START,1516240072055,204
288,PLAYER_SLEEPBEFORE_END,1516240091704,204
288,WS_SEND_START,1516240091704,204
288,WS_SEND_END,1516240091704,204
288,PLAYER_SLEEPBEFORE_START,1516240091704,205
288,PLAYER_SLEEPBEFORE_END,1516240095602,205
288,WS_SEND_START,1516240095602,205
288,WS_SEND_END,1516240095602,205
288,WS_RECV_START,1516240095602,206
288,WS_RECV_END,1516240096077,206
288,PLAYER_SLEEPBEFORE_START,1516240096077,207
288,PLAYER_SLEEPBEFORE_END,1516240113008,207
288,REQ_START,1516240113008,207
288,REQ_END,1516240113013,207
288,PLAYER_SLEEPBEFORE_START,1516240113013,208
288,PLAYER_SLEEPBEFORE_END,1516240119865,208
288,WS_CLOSE_START,1516240119865,208
288,WS_CLOSE_END,1516240119865,208
288,PLAYER_DONE,1516240119865
