# --sessions 1080 --app-url=http://shinyloadtest.rstudioservices.com/cran_explorer --output-dir test1080 --overwrite-output --log-level warn --start-interval 250 15min.log
thread_id,event,timestamp,input_line_number,comment
325,PLAYER_SESSION_CREATE,1516239120596
325,PLAYER_START_INTERVAL_START,1516239120596
325,PLAYER_START_INTERVAL_END,1516239201846
325,REQ_HOME_START,1516239201846,2
325,REQ_HOME_END,1516239201931,2
325,REQ_START,1516239201931,3
325,REQ_END,1516239201962,3
325,REQ_START,1516239201962,4
325,REQ_END,1516239201992,4
325,REQ_START,1516239201992,5
325,REQ_END,1516239202026,5
325,REQ_START,1516239202026,6
325,REQ_END,1516239202060,6
325,REQ_START,1516239202060,7
325,REQ_END,1516239202092,7
325,REQ_START,1516239202092,8
325,REQ_END,1516239202126,8
325,REQ_START,1516239202126,9
325,REQ_END,1516239202163,9
325,REQ_START,1516239202163,10
325,REQ_END,1516239202171,10
325,REQ_START,1516239202171,11
325,REQ_END,1516239202202,11
325,REQ_START,1516239202202,12
325,REQ_END,1516239202212,12
325,REQ_START,1516239202212,13
325,REQ_END,1516239202242,13
325,REQ_START,1516239202242,14
325,REQ_END,1516239202256,14
325,REQ_START,1516239202256,15
325,REQ_END,1516239202288,15
325,REQ_TOK_START,1516239202288,16
325,REQ_TOK_END,1516239202295,16
325,REQ_SINF_START,1516239202295,17
325,REQ_SINF_END,1516239202302,17
325,WS_OPEN_START,1516239202302,18
325,WS_OPEN_END,1516239202309,18
325,REQ_START,1516239202309,19
325,REQ_END,1516239202335,19
325,WS_RECV_START,1516239202335,20
325,WS_RECV_END,1516239202335,20
325,PLAYER_SLEEPBEFORE_START,1516239202335,21
325,PLAYER_SLEEPBEFORE_END,1516239202340,21
325,WS_SEND_START,1516239202340,21
325,WS_SEND_END,1516239202340,21
325,PLAYER_SLEEPBEFORE_START,1516239202340,22
325,PLAYER_SLEEPBEFORE_END,1516239202341,22
325,WS_SEND_START,1516239202341,22
325,WS_SEND_END,1516239202341,22
325,WS_RECV_INIT_START,1516239202341,23
325,WS_RECV_INIT_END,1516239202356,23
325,WS_RECV_START,1516239202356,24
325,WS_RECV_END,1516239202413,24
325,PLAYER_SLEEPBEFORE_START,1516239202413,25
325,PLAYER_SLEEPBEFORE_END,1516239202420,25
325,REQ_START,1516239202420,25
325,REQ_END,1516239202449,25
325,PLAYER_SLEEPBEFORE_START,1516239202449,26
325,PLAYER_SLEEPBEFORE_END,1516239202450,26
325,REQ_START,1516239202450,26
325,REQ_END,1516239202482,26
325,PLAYER_SLEEPBEFORE_START,1516239202482,27
325,PLAYER_SLEEPBEFORE_END,1516239202485,27
325,REQ_START,1516239202485,27
325,REQ_END,1516239202513,27
325,PLAYER_SLEEPBEFORE_START,1516239202513,28
325,PLAYER_SLEEPBEFORE_END,1516239202798,28
325,REQ_START,1516239202798,28
325,REQ_END,1516239202828,28
325,PLAYER_SLEEPBEFORE_START,1516239202828,29
325,PLAYER_SLEEPBEFORE_END,1516239203003,29
325,WS_SEND_START,1516239203003,29
325,WS_SEND_END,1516239203003,29
325,WS_RECV_START,1516239203003,30
325,WS_RECV_END,1516239203111,30
325,PLAYER_SLEEPBEFORE_START,1516239203111,31
325,PLAYER_SLEEPBEFORE_END,1516239203122,31
325,REQ_START,1516239203122,31
325,REQ_END,1516239203155,31
325,PLAYER_SLEEPBEFORE_START,1516239203155,32
325,PLAYER_SLEEPBEFORE_END,1516239231300,32
325,WS_SEND_START,1516239231300,32
325,WS_SEND_END,1516239231300,32
325,WS_RECV_START,1516239231300,33
325,WS_RECV_END,1516239231390,33
325,PLAYER_SLEEPBEFORE_START,1516239231391,34
325,PLAYER_SLEEPBEFORE_END,1516239257302,34
325,WS_SEND_START,1516239257302,34
325,WS_SEND_END,1516239257302,34
325,WS_RECV_START,1516239257302,35
325,WS_RECV_END,1516239257327,35
325,PLAYER_SLEEPBEFORE_START,1516239257327,36
325,PLAYER_SLEEPBEFORE_END,1516239257336,36
325,WS_SEND_START,1516239257336,36
325,WS_SEND_END,1516239257336,36
325,WS_RECV_START,1516239257336,37
325,WS_RECV_END,1516239257378,37
325,PLAYER_SLEEPBEFORE_START,1516239257378,38
325,PLAYER_SLEEPBEFORE_END,1516239260573,38
325,WS_SEND_START,1516239260573,38
325,WS_SEND_END,1516239260573,38
325,WS_RECV_START,1516239260573,39
325,WS_RECV_END,1516239260678,39
325,PLAYER_SLEEPBEFORE_START,1516239260678,40
325,PLAYER_SLEEPBEFORE_END,1516239260725,40
325,WS_SEND_START,1516239260725,40
325,WS_SEND_END,1516239260725,40
325,WS_RECV_START,1516239260725,41
325,WS_RECV_END,1516239260895,41
325,PLAYER_SLEEPBEFORE_START,1516239260896,42
325,PLAYER_SLEEPBEFORE_END,1516239279031,42
325,WS_SEND_START,1516239279031,42
325,WS_SEND_END,1516239279031,42
325,WS_RECV_START,1516239279031,43
325,WS_RECV_END,1516239279065,43
325,PLAYER_SLEEPBEFORE_START,1516239279065,44
325,PLAYER_SLEEPBEFORE_END,1516239279078,44
325,WS_SEND_START,1516239279078,44
325,WS_SEND_END,1516239279078,44
325,WS_RECV_START,1516239279078,45
325,WS_RECV_END,1516239279226,45
325,PLAYER_SLEEPBEFORE_START,1516239279226,46
325,PLAYER_SLEEPBEFORE_END,1516239280486,46
325,WS_SEND_START,1516239280486,46
325,WS_SEND_END,1516239280486,46
325,WS_RECV_START,1516239280486,47
325,WS_RECV_END,1516239280579,47
325,PLAYER_SLEEPBEFORE_START,1516239280579,48
325,PLAYER_SLEEPBEFORE_END,1516239281899,48
325,WS_SEND_START,1516239281899,48
325,WS_SEND_END,1516239281899,48
325,WS_RECV_START,1516239281899,49
325,WS_RECV_END,1516239281984,49
325,PLAYER_SLEEPBEFORE_START,1516239281984,50
325,PLAYER_SLEEPBEFORE_END,1516239282008,50
325,WS_SEND_START,1516239282008,50
325,WS_SEND_END,1516239282008,50
325,WS_RECV_START,1516239282008,51
325,WS_RECV_END,1516239282166,51
325,PLAYER_SLEEPBEFORE_START,1516239282166,52
325,PLAYER_SLEEPBEFORE_END,1516239304730,52
325,WS_SEND_START,1516239304730,52
325,WS_SEND_END,1516239304730,52
325,WS_RECV_START,1516239304730,53
325,WS_RECV_END,1516239304849,53
325,PLAYER_SLEEPBEFORE_START,1516239304849,54
325,PLAYER_SLEEPBEFORE_END,1516239326152,54
325,WS_SEND_START,1516239326152,54
325,WS_SEND_END,1516239326152,54
325,PLAYER_SLEEPBEFORE_START,1516239326152,55
325,PLAYER_SLEEPBEFORE_END,1516239328093,55
325,WS_SEND_START,1516239328093,55
325,WS_SEND_END,1516239328093,55
325,WS_RECV_START,1516239328093,56
325,WS_RECV_END,1516239328161,56
325,PLAYER_SLEEPBEFORE_START,1516239328161,57
325,PLAYER_SLEEPBEFORE_END,1516239351033,57
325,WS_SEND_START,1516239351033,57
325,WS_SEND_END,1516239351033,57
325,WS_RECV_START,1516239351033,58
325,WS_RECV_END,1516239351102,58
325,PLAYER_SLEEPBEFORE_START,1516239351102,59
325,PLAYER_SLEEPBEFORE_END,1516239353429,59
325,WS_SEND_START,1516239353429,59
325,WS_SEND_END,1516239353429,59
325,WS_RECV_START,1516239353429,60
325,WS_RECV_END,1516239353679,60
325,PLAYER_SLEEPBEFORE_START,1516239353679,61
325,PLAYER_SLEEPBEFORE_END,1516239357271,61
325,WS_SEND_START,1516239357271,61
325,WS_SEND_END,1516239357271,61
325,WS_RECV_START,1516239357271,62
325,WS_RECV_END,1516239357494,62
325,PLAYER_SLEEPBEFORE_START,1516239357494,63
325,PLAYER_SLEEPBEFORE_END,1516239376756,63
325,WS_SEND_START,1516239376756,63
325,WS_SEND_END,1516239376756,63
325,WS_RECV_START,1516239376756,64
325,WS_RECV_END,1516239376861,64
325,PLAYER_SLEEPBEFORE_START,1516239376861,65
325,PLAYER_SLEEPBEFORE_END,1516239403679,65
325,WS_SEND_START,1516239403679,65
325,WS_SEND_END,1516239403679,65
325,WS_RECV_START,1516239403679,66
325,WS_RECV_END,1516239403845,66
325,PLAYER_SLEEPBEFORE_START,1516239403845,67
325,PLAYER_SLEEPBEFORE_END,1516239405352,67
325,WS_SEND_START,1516239405352,67
325,WS_SEND_END,1516239405352,67
325,WS_RECV_START,1516239405352,68
325,WS_RECV_END,1516239405608,68
325,PLAYER_SLEEPBEFORE_START,1516239405608,69
325,PLAYER_SLEEPBEFORE_END,1516239427606,69
325,WS_SEND_START,1516239427606,69
325,WS_SEND_END,1516239427606,69
325,WS_RECV_START,1516239427606,70
325,WS_RECV_END,1516239428019,70
325,PLAYER_SLEEPBEFORE_START,1516239428019,71
325,PLAYER_SLEEPBEFORE_END,1516239452794,71
325,WS_SEND_START,1516239452794,71
325,WS_SEND_END,1516239452794,71
325,PLAYER_SLEEPBEFORE_START,1516239452794,72
325,PLAYER_SLEEPBEFORE_END,1516239455401,72
325,WS_SEND_START,1516239455401,72
325,WS_SEND_END,1516239455402,72
325,WS_RECV_START,1516239455402,73
325,WS_RECV_END,1516239455713,73
325,PLAYER_SLEEPBEFORE_START,1516239455713,74
325,PLAYER_SLEEPBEFORE_END,1516239455722,74
325,WS_SEND_START,1516239455722,74
325,WS_SEND_END,1516239455722,74
325,WS_RECV_START,1516239455722,75
325,WS_RECV_END,1516239455830,75
325,PLAYER_SLEEPBEFORE_START,1516239455830,76
325,PLAYER_SLEEPBEFORE_END,1516239457336,76
325,WS_SEND_START,1516239457336,76
325,WS_SEND_END,1516239457336,76
325,WS_RECV_START,1516239457336,77
325,WS_RECV_END,1516239457368,77
325,PLAYER_SLEEPBEFORE_START,1516239457368,78
325,PLAYER_SLEEPBEFORE_END,1516239458236,78
325,WS_SEND_START,1516239458236,78
325,WS_SEND_END,1516239458236,78
325,WS_RECV_START,1516239458236,79
325,WS_RECV_END,1516239458460,79
325,PLAYER_SLEEPBEFORE_START,1516239458460,80
325,PLAYER_SLEEPBEFORE_END,1516239466126,80
325,WS_SEND_START,1516239466126,80
325,WS_SEND_END,1516239466126,80
325,WS_RECV_START,1516239466126,81
325,WS_RECV_END,1516239466446,81
325,PLAYER_SLEEPBEFORE_START,1516239466446,82
325,PLAYER_SLEEPBEFORE_END,1516239467548,82
325,WS_SEND_START,1516239467548,82
325,WS_SEND_END,1516239467548,82
325,WS_RECV_START,1516239467548,83
325,WS_RECV_END,1516239467991,83
325,PLAYER_SLEEPBEFORE_START,1516239467991,84
325,PLAYER_SLEEPBEFORE_END,1516239468938,84
325,WS_SEND_START,1516239468938,84
325,WS_SEND_END,1516239468938,84
325,WS_RECV_START,1516239468938,85
325,WS_RECV_END,1516239469277,85
325,PLAYER_SLEEPBEFORE_START,1516239469277,86
325,PLAYER_SLEEPBEFORE_END,1516239473449,86
325,WS_SEND_START,1516239473449,86
325,WS_SEND_END,1516239473449,86
325,WS_RECV_START,1516239473449,87
325,WS_RECV_END,1516239473566,87
325,PLAYER_SLEEPBEFORE_START,1516239473566,88
325,PLAYER_SLEEPBEFORE_END,1516239473574,88
325,WS_SEND_START,1516239473574,88
325,WS_SEND_END,1516239473574,88
325,WS_RECV_START,1516239473574,89
325,WS_RECV_END,1516239473708,89
325,PLAYER_SLEEPBEFORE_START,1516239473708,90
325,PLAYER_SLEEPBEFORE_END,1516239500905,90
325,REQ_START,1516239500905,90
325,REQ_END,1516239500913,90
325,PLAYER_SLEEPBEFORE_START,1516239500913,91
325,PLAYER_SLEEPBEFORE_END,1516239508802,91
325,WS_SEND_START,1516239508802,91
325,WS_SEND_END,1516239508802,91
325,WS_RECV_START,1516239508802,92
325,WS_RECV_END,1516239508969,92
325,PLAYER_SLEEPBEFORE_START,1516239508969,93
325,PLAYER_SLEEPBEFORE_END,1516239508993,93
325,WS_SEND_START,1516239508993,93
325,WS_SEND_END,1516239508993,93
325,WS_RECV_START,1516239508993,94
325,WS_RECV_END,1516239509190,94
325,PLAYER_SLEEPBEFORE_START,1516239509190,95
325,PLAYER_SLEEPBEFORE_END,1516239532745,95
325,WS_SEND_START,1516239532745,95
325,WS_SEND_END,1516239532745,95
325,WS_RECV_START,1516239532745,96
325,WS_RECV_END,1516239533053,96
325,PLAYER_SLEEPBEFORE_START,1516239533053,97
325,PLAYER_SLEEPBEFORE_END,1516239555493,97
325,WS_SEND_START,1516239555493,97
325,WS_SEND_END,1516239555493,97
325,WS_RECV_START,1516239555493,98
325,WS_RECV_END,1516239555722,98
325,PLAYER_SLEEPBEFORE_START,1516239555722,99
325,PLAYER_SLEEPBEFORE_END,1516239555743,99
325,WS_SEND_START,1516239555743,99
325,WS_SEND_END,1516239555743,99
325,WS_RECV_START,1516239555743,100
325,WS_RECV_END,1516239555957,100
325,PLAYER_SLEEPBEFORE_START,1516239555957,101
325,PLAYER_SLEEPBEFORE_END,1516239579516,101
325,WS_SEND_START,1516239579516,101
325,WS_SEND_END,1516239579516,101
325,WS_RECV_START,1516239579516,102
325,WS_RECV_END,1516239579769,102
325,PLAYER_SLEEPBEFORE_START,1516239579769,103
325,PLAYER_SLEEPBEFORE_END,1516239603394,103
325,WS_SEND_START,1516239603394,103
325,WS_SEND_END,1516239603394,103
325,WS_RECV_START,1516239603394,104
325,WS_RECV_END,1516239603554,104
325,PLAYER_SLEEPBEFORE_START,1516239603554,105
325,PLAYER_SLEEPBEFORE_END,1516239628931,105
325,WS_SEND_START,1516239628931,105
325,WS_SEND_END,1516239628931,105
325,WS_RECV_START,1516239628931,106
325,WS_RECV_END,1516239629458,106
325,PLAYER_SLEEPBEFORE_START,1516239629458,107
325,PLAYER_SLEEPBEFORE_END,1516239652881,107
325,WS_SEND_START,1516239652881,107
325,WS_SEND_END,1516239652881,107
325,WS_RECV_START,1516239652881,108
325,WS_RECV_END,1516239654131,108
325,PLAYER_SLEEPBEFORE_START,1516239654131,109
325,PLAYER_SLEEPBEFORE_END,1516239654140,109
325,WS_SEND_START,1516239654140,109
325,WS_SEND_END,1516239654140,109
325,WS_RECV_START,1516239654140,110
325,WS_RECV_END,1516239654190,110
325,PLAYER_SLEEPBEFORE_START,1516239654190,111
325,PLAYER_SLEEPBEFORE_END,1516239655149,111
325,WS_SEND_START,1516239655149,111
325,WS_SEND_END,1516239655149,111
325,WS_RECV_START,1516239655149,112
325,WS_RECV_END,1516239655204,112
325,PLAYER_SLEEPBEFORE_START,1516239655204,113
325,PLAYER_SLEEPBEFORE_END,1516239655767,113
325,WS_SEND_START,1516239655767,113
325,WS_SEND_END,1516239655767,113
325,WS_RECV_START,1516239655767,114
325,WS_RECV_END,1516239655891,114
325,PLAYER_SLEEPBEFORE_START,1516239655891,115
325,PLAYER_SLEEPBEFORE_END,1516239655900,115
325,WS_SEND_START,1516239655900,115
325,WS_SEND_END,1516239655900,115
325,WS_RECV_START,1516239655900,116
325,WS_RECV_END,1516239656089,116
325,PLAYER_SLEEPBEFORE_START,1516239656089,117
325,PLAYER_SLEEPBEFORE_END,1516239676449,117
325,WS_SEND_START,1516239676449,117
325,WS_SEND_END,1516239676449,117
325,PLAYER_SLEEPBEFORE_START,1516239676449,118
325,PLAYER_SLEEPBEFORE_END,1516239680201,118
325,WS_SEND_START,1516239680201,118
325,WS_SEND_END,1516239680201,118
325,WS_RECV_START,1516239680201,119
325,WS_RECV_END,1516239680847,119
325,PLAYER_SLEEPBEFORE_START,1516239680847,120
325,PLAYER_SLEEPBEFORE_END,1516239681835,120
325,WS_SEND_START,1516239681835,120
325,WS_SEND_END,1516239681835,120
325,WS_RECV_START,1516239681835,121
325,WS_RECV_END,1516239682000,121
325,PLAYER_SLEEPBEFORE_START,1516239682000,122
325,PLAYER_SLEEPBEFORE_END,1516239683185,122
325,WS_SEND_START,1516239683185,122
325,WS_SEND_END,1516239683185,122
325,WS_RECV_START,1516239683185,123
325,WS_RECV_END,1516239683544,123
325,PLAYER_SLEEPBEFORE_START,1516239683544,124
325,PLAYER_SLEEPBEFORE_END,1516239707949,124
325,WS_SEND_START,1516239707949,124
325,WS_SEND_END,1516239707949,124
325,WS_RECV_START,1516239707949,125
325,WS_RECV_END,1516239708384,125
325,PLAYER_SLEEPBEFORE_START,1516239708384,126
325,PLAYER_SLEEPBEFORE_END,1516239728896,126
325,WS_SEND_START,1516239728896,126
325,WS_SEND_END,1516239728896,126
325,PLAYER_SLEEPBEFORE_START,1516239728896,127
325,PLAYER_SLEEPBEFORE_END,1516239731950,127
325,WS_SEND_START,1516239731950,127
325,WS_SEND_END,1516239731950,127
325,WS_RECV_START,1516239731950,128
325,WS_RECV_END,1516239733810,128
325,PLAYER_SLEEPBEFORE_START,1516239733810,129
325,PLAYER_SLEEPBEFORE_END,1516239733830,129
325,WS_SEND_START,1516239733830,129
325,WS_SEND_END,1516239733830,129
325,WS_RECV_START,1516239733830,130
325,WS_RECV_END,1516239734600,130
325,PLAYER_SLEEPBEFORE_START,1516239734600,131
325,PLAYER_SLEEPBEFORE_END,1516239756224,131
325,WS_SEND_START,1516239756224,131
325,WS_SEND_END,1516239756224,131
325,PLAYER_SLEEPBEFORE_START,1516239756224,132
325,PLAYER_SLEEPBEFORE_END,1516239759304,132
325,WS_SEND_START,1516239759304,132
325,WS_SEND_END,1516239759304,132
325,WS_RECV_START,1516239759304,133
325,WS_RECV_END,1516239759498,133
325,PLAYER_SLEEPBEFORE_START,1516239759498,134
325,PLAYER_SLEEPBEFORE_END,1516239780715,134
325,WS_SEND_START,1516239780715,134
325,WS_SEND_END,1516239780715,134
325,PLAYER_SLEEPBEFORE_START,1516239780715,135
325,PLAYER_SLEEPBEFORE_END,1516239783906,135
325,WS_SEND_START,1516239783906,135
325,WS_SEND_END,1516239783906,135
325,WS_RECV_START,1516239783906,136
325,WS_RECV_END,1516239783961,136
325,PLAYER_SLEEPBEFORE_START,1516239783961,137
325,PLAYER_SLEEPBEFORE_END,1516239783968,137
325,WS_SEND_START,1516239783968,137
325,WS_SEND_END,1516239783968,137
325,WS_RECV_START,1516239783968,138
325,WS_RECV_END,1516239784010,138
325,PLAYER_SLEEPBEFORE_START,1516239784010,139
325,PLAYER_SLEEPBEFORE_END,1516239784700,139
325,WS_SEND_START,1516239784700,139
325,WS_SEND_END,1516239784700,139
325,WS_RECV_START,1516239784700,140
325,WS_RECV_END,1516239785082,140
325,PLAYER_SLEEPBEFORE_START,1516239785082,141
325,PLAYER_SLEEPBEFORE_END,1516239785740,141
325,WS_SEND_START,1516239785740,141
325,WS_SEND_END,1516239785740,141
325,WS_RECV_START,1516239785740,142
325,WS_RECV_END,1516239785996,142
325,PLAYER_SLEEPBEFORE_START,1516239785996,143
325,PLAYER_SLEEPBEFORE_END,1516239786053,143
325,WS_SEND_START,1516239786053,143
325,WS_SEND_END,1516239786053,143
325,WS_RECV_START,1516239786053,144
325,WS_RECV_END,1516239786538,144
325,PLAYER_SLEEPBEFORE_START,1516239786538,145
325,PLAYER_SLEEPBEFORE_END,1516239802600,145
325,REQ_START,1516239802600,145
325,REQ_END,1516239802608,145
325,PLAYER_SLEEPBEFORE_START,1516239802608,146
325,PLAYER_SLEEPBEFORE_END,1516239811485,146
325,WS_SEND_START,1516239811485,146
325,WS_SEND_END,1516239811485,146
325,WS_RECV_START,1516239811485,147
325,WS_RECV_END,1516239811704,147
325,PLAYER_SLEEPBEFORE_START,1516239811704,148
325,PLAYER_SLEEPBEFORE_END,1516239833626,148
325,WS_SEND_START,1516239833626,148
325,WS_SEND_END,1516239833626,148
325,PLAYER_SLEEPBEFORE_START,1516239833626,149
325,PLAYER_SLEEPBEFORE_END,1516239836054,149
325,WS_SEND_START,1516239836054,149
325,WS_SEND_END,1516239836054,149
325,WS_RECV_START,1516239836054,150
325,WS_RECV_END,1516239836233,150
325,PLAYER_SLEEPBEFORE_START,1516239836233,151
325,PLAYER_SLEEPBEFORE_END,1516239836443,151
325,WS_SEND_START,1516239836443,151
325,WS_SEND_END,1516239836443,151
325,WS_RECV_START,1516239836443,152
325,WS_RECV_END,1516239837017,152
325,PLAYER_SLEEPBEFORE_START,1516239837017,153
325,PLAYER_SLEEPBEFORE_END,1516239860945,153
325,WS_SEND_START,1516239860945,153
325,WS_SEND_END,1516239860945,153
325,WS_RECV_START,1516239860945,154
325,WS_RECV_END,1516239861107,154
325,PLAYER_SLEEPBEFORE_START,1516239861108,155
325,PLAYER_SLEEPBEFORE_END,1516239883674,155
325,WS_SEND_START,1516239883674,155
325,WS_SEND_END,1516239883674,155
325,PLAYER_SLEEPBEFORE_START,1516239883674,156
325,PLAYER_SLEEPBEFORE_END,1516239886948,156
325,WS_SEND_START,1516239886948,156
325,WS_SEND_END,1516239886948,156
325,WS_RECV_START,1516239886948,157
325,WS_RECV_END,1516239886987,157
325,PLAYER_SLEEPBEFORE_START,1516239886987,158
325,PLAYER_SLEEPBEFORE_END,1516239886998,158
325,WS_SEND_START,1516239886998,158
325,WS_SEND_END,1516239886998,158
325,WS_RECV_START,1516239886998,159
325,WS_RECV_END,1516239887046,159
325,PLAYER_SLEEPBEFORE_START,1516239887046,160
325,PLAYER_SLEEPBEFORE_END,1516239887221,160
325,WS_SEND_START,1516239887221,160
325,WS_SEND_END,1516239887221,160
325,WS_RECV_START,1516239887221,161
325,WS_RECV_END,1516239887354,161
325,PLAYER_SLEEPBEFORE_START,1516239887354,162
325,PLAYER_SLEEPBEFORE_END,1516239887379,162
325,WS_SEND_START,1516239887379,162
325,WS_SEND_END,1516239887379,162
325,WS_RECV_START,1516239887379,163
325,WS_RECV_END,1516239887605,163
325,PLAYER_SLEEPBEFORE_START,1516239887605,164
325,PLAYER_SLEEPBEFORE_END,1516239908417,164
325,WS_SEND_START,1516239908418,164
325,WS_SEND_END,1516239908418,164
325,WS_RECV_START,1516239908418,165
325,WS_RECV_END,1516239908609,165
325,PLAYER_SLEEPBEFORE_START,1516239908609,166
325,PLAYER_SLEEPBEFORE_END,1516239931064,166
325,WS_SEND_START,1516239931064,166
325,WS_SEND_END,1516239931064,166
325,WS_RECV_START,1516239931064,167
325,WS_RECV_END,1516239931293,167
325,PLAYER_SLEEPBEFORE_START,1516239931293,168
325,PLAYER_SLEEPBEFORE_END,1516239958650,168
325,WS_SEND_START,1516239958650,168
325,WS_SEND_END,1516239958650,168
325,WS_RECV_START,1516239958650,169
325,WS_RECV_END,1516239959799,169
325,PLAYER_SLEEPBEFORE_START,1516239959799,170
325,PLAYER_SLEEPBEFORE_END,1516239959808,170
325,WS_SEND_START,1516239959808,170
325,WS_SEND_END,1516239959808,170
325,WS_RECV_START,1516239959808,171
325,WS_RECV_END,1516239959898,171
325,PLAYER_SLEEPBEFORE_START,1516239959898,172
325,PLAYER_SLEEPBEFORE_END,1516239960267,172
325,WS_SEND_START,1516239960267,172
325,WS_SEND_END,1516239960267,172
325,WS_RECV_START,1516239960267,173
325,WS_RECV_END,1516239961042,173
325,PLAYER_SLEEPBEFORE_START,1516239961042,174
325,PLAYER_SLEEPBEFORE_END,1516239961083,174
325,WS_SEND_START,1516239961083,174
325,WS_SEND_END,1516239961083,174
325,WS_RECV_START,1516239961083,175
325,WS_RECV_END,1516239961742,175
325,PLAYER_SLEEPBEFORE_START,1516239961742,176
325,PLAYER_SLEEPBEFORE_END,1516239983503,176
325,WS_SEND_START,1516239983503,176
325,WS_SEND_END,1516239983503,176
325,PLAYER_SLEEPBEFORE_START,1516239983503,177
325,PLAYER_SLEEPBEFORE_END,1516239986021,177
325,WS_SEND_START,1516239986021,177
325,WS_SEND_END,1516239986021,177
325,WS_RECV_START,1516239986021,178
325,WS_RECV_END,1516239988049,178
325,PLAYER_SLEEPBEFORE_START,1516239988049,179
325,PLAYER_SLEEPBEFORE_END,1516240010389,179
325,WS_SEND_START,1516240010389,179
325,WS_SEND_END,1516240010389,179
325,WS_RECV_START,1516240010389,180
325,WS_RECV_END,1516240013763,180
325,PLAYER_SLEEPBEFORE_START,1516240013763,181
325,PLAYER_SLEEPBEFORE_END,1516240014207,181
325,WS_SEND_START,1516240014207,181
325,WS_SEND_END,1516240014207,181
325,WS_RECV_START,1516240014207,182
325,WS_RECV_END,1516240016193,182
325,PLAYER_SLEEPBEFORE_START,1516240016193,183
325,PLAYER_SLEEPBEFORE_END,1516240016717,183
325,WS_SEND_START,1516240016717,183
325,WS_SEND_END,1516240016717,183
325,WS_RECV_START,1516240016717,184
325,WS_RECV_END,1516240017834,184
325,PLAYER_SLEEPBEFORE_START,1516240017834,185
325,PLAYER_SLEEPBEFORE_END,1516240018102,185
325,WS_SEND_START,1516240018102,185
325,WS_SEND_END,1516240018102,185
325,WS_RECV_START,1516240018102,186
325,WS_RECV_END,1516240019909,186
325,PLAYER_SLEEPBEFORE_START,1516240019909,187
325,PLAYER_SLEEPBEFORE_END,1516240042409,187
325,WS_SEND_START,1516240042409,187
325,WS_SEND_END,1516240042409,187
325,WS_RECV_START,1516240042409,188
325,WS_RECV_END,1516240043303,188
325,PLAYER_SLEEPBEFORE_START,1516240043303,189
325,PLAYER_SLEEPBEFORE_END,1516240049542,189
325,WS_SEND_START,1516240049542,189
325,WS_SEND_END,1516240049542,189
325,WS_RECV_START,1516240049542,190
325,WS_RECV_END,1516240050681,190
325,PLAYER_SLEEPBEFORE_START,1516240050681,191
325,PLAYER_SLEEPBEFORE_END,1516240052600,191
325,WS_SEND_START,1516240052600,191
325,WS_SEND_END,1516240052600,191
325,WS_RECV_START,1516240052600,192
325,WS_RECV_END,1516240053392,192
325,PLAYER_SLEEPBEFORE_START,1516240053392,193
325,PLAYER_SLEEPBEFORE_END,1516240053520,193
325,WS_SEND_START,1516240053520,193
325,WS_SEND_END,1516240053520,193
325,WS_RECV_START,1516240053520,194
325,WS_RECV_END,1516240054160,194
325,PLAYER_SLEEPBEFORE_START,1516240054160,195
325,PLAYER_SLEEPBEFORE_END,1516240055916,195
325,WS_SEND_START,1516240055916,195
325,WS_SEND_END,1516240055916,195
325,WS_RECV_START,1516240055916,196
325,WS_RECV_END,1516240057127,196
325,PLAYER_SLEEPBEFORE_START,1516240057127,197
325,PLAYER_SLEEPBEFORE_END,1516240058931,197
325,WS_SEND_START,1516240058931,197
325,WS_SEND_END,1516240058931,197
325,WS_RECV_START,1516240058931,198
325,WS_RECV_END,1516240059587,198
325,PLAYER_SLEEPBEFORE_START,1516240059587,199
325,PLAYER_SLEEPBEFORE_END,1516240071441,199
325,WS_SEND_START,1516240071441,199
325,WS_SEND_END,1516240071441,199
325,PLAYER_SLEEPBEFORE_START,1516240071441,200
325,PLAYER_SLEEPBEFORE_END,1516240075529,200
325,WS_SEND_START,1516240075529,200
325,WS_SEND_END,1516240075530,200
325,WS_RECV_START,1516240075530,201
325,WS_RECV_END,1516240075906,201
325,PLAYER_SLEEPBEFORE_START,1516240075906,202
325,PLAYER_SLEEPBEFORE_END,1516240075920,202
325,WS_SEND_START,1516240075920,202
325,WS_SEND_END,1516240075920,202
325,WS_RECV_START,1516240075920,203
325,WS_RECV_END,1516240076160,203
325,PLAYER_SLEEPBEFORE_START,1516240076160,204
325,PLAYER_SLEEPBEFORE_END,1516240095819,204
325,WS_SEND_START,1516240095819,204
325,WS_SEND_END,1516240095819,204
325,PLAYER_SLEEPBEFORE_START,1516240095819,205
325,PLAYER_SLEEPBEFORE_END,1516240099717,205
325,WS_SEND_START,1516240099717,205
325,WS_SEND_END,1516240099717,205
325,WS_RECV_START,1516240099717,206
325,WS_RECV_END,1516240100452,206
325,PLAYER_SLEEPBEFORE_START,1516240100452,207
325,PLAYER_SLEEPBEFORE_END,1516240117383,207
325,REQ_START,1516240117383,207
325,REQ_END,1516240117391,207
325,PLAYER_SLEEPBEFORE_START,1516240117391,208
325,PLAYER_SLEEPBEFORE_END,1516240124243,208
325,WS_CLOSE_START,1516240124243,208
325,WS_CLOSE_END,1516240124243,208
325,PLAYER_DONE,1516240124243
