# --sessions 1080 --app-url=http://shinyloadtest.rstudioservices.com/cran_explorer --output-dir test1080 --overwrite-output --log-level warn --start-interval 250 15min.log
thread_id,event,timestamp,input_line_number,comment
34,PLAYER_SESSION_CREATE,1516239120449
34,PLAYER_START_INTERVAL_START,1516239120449
34,PLAYER_START_INTERVAL_END,1516239128949
34,REQ_HOME_START,1516239128949,2
34,REQ_HOME_END,1516239129041,2
34,REQ_START,1516239129041,3
34,REQ_END,1516239129079,3
34,REQ_START,1516239129079,4
34,REQ_END,1516239129118,4
34,REQ_START,1516239129118,5
34,REQ_END,1516239129156,5
34,REQ_START,1516239129156,6
34,REQ_END,1516239129193,6
34,REQ_START,1516239129193,7
34,REQ_END,1516239129227,7
34,REQ_START,1516239129227,8
34,REQ_END,1516239129259,8
34,REQ_START,1516239129259,9
34,REQ_END,1516239129296,9
34,REQ_START,1516239129296,10
34,REQ_END,1516239129301,10
34,REQ_START,1516239129301,11
34,REQ_END,1516239129335,11
34,REQ_START,1516239129335,12
34,REQ_END,1516239129341,12
34,REQ_START,1516239129341,13
34,REQ_END,1516239129374,13
34,REQ_START,1516239129374,14
34,REQ_END,1516239129385,14
34,REQ_START,1516239129385,15
34,REQ_END,1516239129421,15
34,REQ_TOK_START,1516239129421,16
34,REQ_TOK_END,1516239129425,16
34,REQ_SINF_START,1516239129425,17
34,REQ_SINF_END,1516239129431,17
34,WS_OPEN_START,1516239129431,18
34,WS_OPEN_END,1516239129434,18
34,REQ_START,1516239129434,19
34,REQ_END,1516239129466,19
34,WS_RECV_START,1516239129466,20
34,WS_RECV_END,1516239129466,20
34,PLAYER_SLEEPBEFORE_START,1516239129466,21
34,PLAYER_SLEEPBEFORE_END,1516239129471,21
34,WS_SEND_START,1516239129471,21
34,WS_SEND_END,1516239129471,21
34,PLAYER_SLEEPBEFORE_START,1516239129471,22
34,PLAYER_SLEEPBEFORE_END,1516239129473,22
34,WS_SEND_START,1516239129473,22
34,WS_SEND_END,1516239129473,22
34,WS_RECV_INIT_START,1516239129473,23
34,WS_RECV_INIT_END,1516239129492,23
34,WS_RECV_START,1516239129492,24
34,WS_RECV_END,1516239129534,24
34,PLAYER_SLEEPBEFORE_START,1516239129534,25
34,PLAYER_SLEEPBEFORE_END,1516239129541,25
34,REQ_START,1516239129541,25
34,REQ_END,1516239129577,25
34,PLAYER_SLEEPBEFORE_START,1516239129577,26
34,PLAYER_SLEEPBEFORE_END,1516239129578,26
34,REQ_START,1516239129578,26
34,REQ_END,1516239129612,26
34,PLAYER_SLEEPBEFORE_START,1516239129612,27
34,PLAYER_SLEEPBEFORE_END,1516239129615,27
34,REQ_START,1516239129615,27
34,REQ_END,1516239129653,27
34,PLAYER_SLEEPBEFORE_START,1516239129653,28
34,PLAYER_SLEEPBEFORE_END,1516239129938,28
34,REQ_START,1516239129938,28
34,REQ_END,1516239129975,28
34,PLAYER_SLEEPBEFORE_START,1516239129975,29
34,PLAYER_SLEEPBEFORE_END,1516239130151,29
34,WS_SEND_START,1516239130151,29
34,WS_SEND_END,1516239130151,29
34,WS_RECV_START,1516239130151,30
34,WS_RECV_END,1516239130263,30
34,PLAYER_SLEEPBEFORE_START,1516239130263,31
34,PLAYER_SLEEPBEFORE_END,1516239130274,31
34,REQ_START,1516239130274,31
34,REQ_END,1516239130313,31
34,PLAYER_SLEEPBEFORE_START,1516239130313,32
34,PLAYER_SLEEPBEFORE_END,1516239158458,32
34,WS_SEND_START,1516239158458,32
34,WS_SEND_END,1516239158458,32
34,WS_RECV_START,1516239158458,33
34,WS_RECV_END,1516239158547,33
34,PLAYER_SLEEPBEFORE_START,1516239158547,34
34,PLAYER_SLEEPBEFORE_END,1516239184458,34
34,WS_SEND_START,1516239184458,34
34,WS_SEND_END,1516239184458,34
34,WS_RECV_START,1516239184458,35
34,WS_RECV_END,1516239185088,35
34,PLAYER_SLEEPBEFORE_START,1516239185088,36
34,PLAYER_SLEEPBEFORE_END,1516239185097,36
34,WS_SEND_START,1516239185097,36
34,WS_SEND_END,1516239185097,36
34,WS_RECV_START,1516239185097,37
34,WS_RECV_END,1516239185431,37
34,PLAYER_SLEEPBEFORE_START,1516239185431,38
34,PLAYER_SLEEPBEFORE_END,1516239188626,38
34,WS_SEND_START,1516239188626,38
34,WS_SEND_END,1516239188626,38
34,WS_RECV_START,1516239188626,39
34,WS_RECV_END,1516239188907,39
34,PLAYER_SLEEPBEFORE_START,1516239188907,40
34,PLAYER_SLEEPBEFORE_END,1516239188954,40
34,WS_SEND_START,1516239188954,40
34,WS_SEND_END,1516239188954,40
34,WS_RECV_START,1516239188954,41
34,WS_RECV_END,1516239189069,41
34,PLAYER_SLEEPBEFORE_START,1516239189069,42
34,PLAYER_SLEEPBEFORE_END,1516239207207,42
34,WS_SEND_START,1516239207207,42
34,WS_SEND_END,1516239207207,42
34,WS_RECV_START,1516239207207,43
34,WS_RECV_END,1516239208835,43
34,PLAYER_SLEEPBEFORE_START,1516239208835,44
34,PLAYER_SLEEPBEFORE_END,1516239208848,44
34,WS_SEND_START,1516239208848,44
34,WS_SEND_END,1516239208848,44
34,WS_RECV_START,1516239208848,45
34,WS_RECV_END,1516239209031,45
34,PLAYER_SLEEPBEFORE_START,1516239209031,46
34,PLAYER_SLEEPBEFORE_END,1516239210291,46
34,WS_SEND_START,1516239210291,46
34,WS_SEND_END,1516239210291,46
34,WS_RECV_START,1516239210291,47
34,WS_RECV_END,1516239210473,47
34,PLAYER_SLEEPBEFORE_START,1516239210473,48
34,PLAYER_SLEEPBEFORE_END,1516239211793,48
34,WS_SEND_START,1516239211793,48
34,WS_SEND_END,1516239211793,48
34,WS_RECV_START,1516239211793,49
34,WS_RECV_END,1516239212010,49
34,PLAYER_SLEEPBEFORE_START,1516239212010,50
34,PLAYER_SLEEPBEFORE_END,1516239212034,50
34,WS_SEND_START,1516239212034,50
34,WS_SEND_END,1516239212034,50
34,WS_RECV_START,1516239212034,51
34,WS_RECV_END,1516239212287,51
34,PLAYER_SLEEPBEFORE_START,1516239212287,52
34,PLAYER_SLEEPBEFORE_END,1516239234851,52
34,WS_SEND_START,1516239234851,52
34,WS_SEND_END,1516239234851,52
34,WS_RECV_START,1516239234851,53
34,WS_RECV_END,1516239234960,53
34,PLAYER_SLEEPBEFORE_START,1516239234960,54
34,PLAYER_SLEEPBEFORE_END,1516239256263,54
34,WS_SEND_START,1516239256263,54
34,WS_SEND_END,1516239256263,54
34,PLAYER_SLEEPBEFORE_START,1516239256263,55
34,PLAYER_SLEEPBEFORE_END,1516239258204,55
34,WS_SEND_START,1516239258204,55
34,WS_SEND_END,1516239258204,55
34,WS_RECV_START,1516239258204,56
34,WS_RECV_END,1516239258244,56
34,PLAYER_SLEEPBEFORE_START,1516239258244,57
34,PLAYER_SLEEPBEFORE_END,1516239281116,57
34,WS_SEND_START,1516239281116,57
34,WS_SEND_END,1516239281116,57
34,WS_RECV_START,1516239281116,58
34,WS_RECV_END,1516239281233,58
34,PLAYER_SLEEPBEFORE_START,1516239281233,59
34,PLAYER_SLEEPBEFORE_END,1516239283560,59
34,WS_SEND_START,1516239283560,59
34,WS_SEND_END,1516239283560,59
34,WS_RECV_START,1516239283560,60
34,WS_RECV_END,1516239283646,60
34,PLAYER_SLEEPBEFORE_START,1516239283646,61
34,PLAYER_SLEEPBEFORE_END,1516239287237,61
34,WS_SEND_START,1516239287237,61
34,WS_SEND_END,1516239287237,61
34,WS_RECV_START,1516239287237,62
34,WS_RECV_END,1516239287344,62
34,PLAYER_SLEEPBEFORE_START,1516239287344,63
34,PLAYER_SLEEPBEFORE_END,1516239306606,63
34,WS_SEND_START,1516239306606,63
34,WS_SEND_END,1516239306606,63
34,WS_RECV_START,1516239306606,64
34,WS_RECV_END,1516239306643,64
34,PLAYER_SLEEPBEFORE_START,1516239306643,65
34,PLAYER_SLEEPBEFORE_END,1516239333460,65
34,WS_SEND_START,1516239333460,65
34,WS_SEND_END,1516239333460,65
34,WS_RECV_START,1516239333460,66
34,WS_RECV_END,1516239333630,66
34,PLAYER_SLEEPBEFORE_START,1516239333630,67
34,PLAYER_SLEEPBEFORE_END,1516239335139,67
34,WS_SEND_START,1516239335139,67
34,WS_SEND_END,1516239335139,67
34,WS_RECV_START,1516239335139,68
34,WS_RECV_END,1516239335448,68
34,PLAYER_SLEEPBEFORE_START,1516239335448,69
34,PLAYER_SLEEPBEFORE_END,1516239357446,69
34,WS_SEND_START,1516239357446,69
34,WS_SEND_END,1516239357446,69
34,WS_RECV_START,1516239357446,70
34,WS_RECV_END,1516239357580,70
34,PLAYER_SLEEPBEFORE_START,1516239357580,71
34,PLAYER_SLEEPBEFORE_END,1516239382355,71
34,WS_SEND_START,1516239382355,71
34,WS_SEND_END,1516239382355,71
34,PLAYER_SLEEPBEFORE_START,1516239382355,72
34,PLAYER_SLEEPBEFORE_END,1516239384962,72
34,WS_SEND_START,1516239384962,72
34,WS_SEND_END,1516239384962,72
34,WS_RECV_START,1516239384962,73
34,WS_RECV_END,1516239385177,73
34,PLAYER_SLEEPBEFORE_START,1516239385177,74
34,PLAYER_SLEEPBEFORE_END,1516239385186,74
34,WS_SEND_START,1516239385186,74
34,WS_SEND_END,1516239385186,74
34,WS_RECV_START,1516239385186,75
34,WS_RECV_END,1516239385219,75
34,PLAYER_SLEEPBEFORE_START,1516239385219,76
34,PLAYER_SLEEPBEFORE_END,1516239386726,76
34,WS_SEND_START,1516239386726,76
34,WS_SEND_END,1516239386726,76
34,WS_RECV_START,1516239386726,77
34,WS_RECV_END,1516239386758,77
34,PLAYER_SLEEPBEFORE_START,1516239386758,78
34,PLAYER_SLEEPBEFORE_END,1516239387626,78
34,WS_SEND_START,1516239387626,78
34,WS_SEND_END,1516239387626,78
34,WS_RECV_START,1516239387626,79
34,WS_RECV_END,1516239387781,79
34,PLAYER_SLEEPBEFORE_START,1516239387781,80
34,PLAYER_SLEEPBEFORE_END,1516239395447,80
34,WS_SEND_START,1516239395447,80
34,WS_SEND_END,1516239395447,80
34,WS_RECV_START,1516239395447,81
34,WS_RECV_END,1516239395523,81
34,PLAYER_SLEEPBEFORE_START,1516239395523,82
34,PLAYER_SLEEPBEFORE_END,1516239396625,82
34,WS_SEND_START,1516239396625,82
34,WS_SEND_END,1516239396625,82
34,WS_RECV_START,1516239396625,83
34,WS_RECV_END,1516239396666,83
34,PLAYER_SLEEPBEFORE_START,1516239396666,84
34,PLAYER_SLEEPBEFORE_END,1516239397613,84
34,WS_SEND_START,1516239397613,84
34,WS_SEND_END,1516239397613,84
34,WS_RECV_START,1516239397613,85
34,WS_RECV_END,1516239397866,85
34,PLAYER_SLEEPBEFORE_START,1516239397866,86
34,PLAYER_SLEEPBEFORE_END,1516239402038,86
34,WS_SEND_START,1516239402038,86
34,WS_SEND_END,1516239402038,86
34,WS_RECV_START,1516239402038,87
34,WS_RECV_END,1516239402873,87
34,PLAYER_SLEEPBEFORE_START,1516239402873,88
34,PLAYER_SLEEPBEFORE_END,1516239402881,88
34,WS_SEND_START,1516239402881,88
34,WS_SEND_END,1516239402881,88
34,WS_RECV_START,1516239402881,89
34,WS_RECV_END,1516239403546,89
34,PLAYER_SLEEPBEFORE_START,1516239403546,90
34,PLAYER_SLEEPBEFORE_END,1516239430743,90
34,REQ_START,1516239430743,90
34,REQ_END,1516239430747,90
34,PLAYER_SLEEPBEFORE_START,1516239430747,91
34,PLAYER_SLEEPBEFORE_END,1516239438637,91
34,WS_SEND_START,1516239438637,91
34,WS_SEND_END,1516239438637,91
34,WS_RECV_START,1516239438637,92
34,WS_RECV_END,1516239439186,92
34,PLAYER_SLEEPBEFORE_START,1516239439186,93
34,PLAYER_SLEEPBEFORE_END,1516239439201,93
34,WS_SEND_START,1516239439201,93
34,WS_SEND_END,1516239439201,93
34,WS_RECV_START,1516239439201,94
34,WS_RECV_END,1516239439713,94
34,PLAYER_SLEEPBEFORE_START,1516239439713,95
34,PLAYER_SLEEPBEFORE_END,1516239463268,95
34,WS_SEND_START,1516239463268,95
34,WS_SEND_END,1516239463268,95
34,WS_RECV_START,1516239463268,96
34,WS_RECV_END,1516239463405,96
34,PLAYER_SLEEPBEFORE_START,1516239463405,97
34,PLAYER_SLEEPBEFORE_END,1516239485846,97
34,WS_SEND_START,1516239485846,97
34,WS_SEND_END,1516239485846,97
34,WS_RECV_START,1516239485846,98
34,WS_RECV_END,1516239486360,98
34,PLAYER_SLEEPBEFORE_START,1516239486360,99
34,PLAYER_SLEEPBEFORE_END,1516239486381,99
34,WS_SEND_START,1516239486381,99
34,WS_SEND_END,1516239486381,99
34,WS_RECV_START,1516239486381,100
34,WS_RECV_END,1516239486799,100
34,PLAYER_SLEEPBEFORE_START,1516239486799,101
34,PLAYER_SLEEPBEFORE_END,1516239510359,101
34,WS_SEND_START,1516239510359,101
34,WS_SEND_END,1516239510359,101
34,WS_RECV_START,1516239510359,102
34,WS_RECV_END,1516239510925,102
34,PLAYER_SLEEPBEFORE_START,1516239510925,103
34,PLAYER_SLEEPBEFORE_END,1516239534550,103
34,WS_SEND_START,1516239534550,103
34,WS_SEND_END,1516239534550,103
34,WS_RECV_START,1516239534550,104
34,WS_RECV_END,1516239534708,104
34,PLAYER_SLEEPBEFORE_START,1516239534708,105
34,PLAYER_SLEEPBEFORE_END,1516239560085,105
34,WS_SEND_START,1516239560085,105
34,WS_SEND_END,1516239560085,105
34,WS_RECV_START,1516239560085,106
34,WS_RECV_END,1516239560211,106
34,PLAYER_SLEEPBEFORE_START,1516239560211,107
34,PLAYER_SLEEPBEFORE_END,1516239583634,107
34,WS_SEND_START,1516239583634,107
34,WS_SEND_END,1516239583634,107
34,WS_RECV_START,1516239583634,108
34,WS_RECV_END,1516239584736,108
34,PLAYER_SLEEPBEFORE_START,1516239584736,109
34,PLAYER_SLEEPBEFORE_END,1516239584745,109
34,WS_SEND_START,1516239584745,109
34,WS_SEND_END,1516239584745,109
34,WS_RECV_START,1516239584745,110
34,WS_RECV_END,1516239585418,110
34,PLAYER_SLEEPBEFORE_START,1516239585418,111
34,PLAYER_SLEEPBEFORE_END,1516239586378,111
34,WS_SEND_START,1516239586378,111
34,WS_SEND_END,1516239586378,111
34,WS_RECV_START,1516239586378,112
34,WS_RECV_END,1516239586500,112
34,PLAYER_SLEEPBEFORE_START,1516239586500,113
34,PLAYER_SLEEPBEFORE_END,1516239587062,113
34,WS_SEND_START,1516239587062,113
34,WS_SEND_END,1516239587062,113
34,WS_RECV_START,1516239587062,114
34,WS_RECV_END,1516239587216,114
34,PLAYER_SLEEPBEFORE_START,1516239587216,115
34,PLAYER_SLEEPBEFORE_END,1516239587226,115
34,WS_SEND_START,1516239587226,115
34,WS_SEND_END,1516239587226,115
34,WS_RECV_START,1516239587226,116
34,WS_RECV_END,1516239587485,116
34,PLAYER_SLEEPBEFORE_START,1516239587485,117
34,PLAYER_SLEEPBEFORE_END,1516239607845,117
34,WS_SEND_START,1516239607845,117
34,WS_SEND_END,1516239607845,117
34,PLAYER_SLEEPBEFORE_START,1516239607845,118
34,PLAYER_SLEEPBEFORE_END,1516239611600,118
34,WS_SEND_START,1516239611600,118
34,WS_SEND_END,1516239611600,118
34,WS_RECV_START,1516239611600,119
34,WS_RECV_END,1516239611782,119
34,PLAYER_SLEEPBEFORE_START,1516239611782,120
34,PLAYER_SLEEPBEFORE_END,1516239612770,120
34,WS_SEND_START,1516239612770,120
34,WS_SEND_END,1516239612770,120
34,WS_RECV_START,1516239612770,121
34,WS_RECV_END,1516239613631,121
34,PLAYER_SLEEPBEFORE_START,1516239613631,122
34,PLAYER_SLEEPBEFORE_END,1516239614816,122
34,WS_SEND_START,1516239614816,122
34,WS_SEND_END,1516239614816,122
34,WS_RECV_START,1516239614816,123
34,WS_RECV_END,1516239615502,123
34,PLAYER_SLEEPBEFORE_START,1516239615502,124
34,PLAYER_SLEEPBEFORE_END,1516239639907,124
34,WS_SEND_START,1516239639907,124
34,WS_SEND_END,1516239639907,124
34,WS_RECV_START,1516239639907,125
34,WS_RECV_END,1516239640055,125
34,PLAYER_SLEEPBEFORE_START,1516239640055,126
34,PLAYER_SLEEPBEFORE_END,1516239660568,126
34,WS_SEND_START,1516239660568,126
34,WS_SEND_END,1516239660568,126
34,PLAYER_SLEEPBEFORE_START,1516239660568,127
34,PLAYER_SLEEPBEFORE_END,1516239663622,127
34,WS_SEND_START,1516239663622,127
34,WS_SEND_END,1516239663622,127
34,WS_RECV_START,1516239663622,128
34,WS_RECV_END,1516239663795,128
34,PLAYER_SLEEPBEFORE_START,1516239663795,129
34,PLAYER_SLEEPBEFORE_END,1516239663815,129
34,WS_SEND_START,1516239663815,129
34,WS_SEND_END,1516239663815,129
34,WS_RECV_START,1516239663815,130
34,WS_RECV_END,1516239664026,130
34,PLAYER_SLEEPBEFORE_START,1516239664026,131
34,PLAYER_SLEEPBEFORE_END,1516239685650,131
34,WS_SEND_START,1516239685650,131
34,WS_SEND_END,1516239685650,131
34,PLAYER_SLEEPBEFORE_START,1516239685650,132
34,PLAYER_SLEEPBEFORE_END,1516239688731,132
34,WS_SEND_START,1516239688731,132
34,WS_SEND_END,1516239688731,132
34,WS_RECV_START,1516239688731,133
34,WS_RECV_END,1516239688838,133
34,PLAYER_SLEEPBEFORE_START,1516239688838,134
34,PLAYER_SLEEPBEFORE_END,1516239710056,134
34,WS_SEND_START,1516239710056,134
34,WS_SEND_END,1516239710056,134
34,PLAYER_SLEEPBEFORE_START,1516239710056,135
34,PLAYER_SLEEPBEFORE_END,1516239713246,135
34,WS_SEND_START,1516239713246,135
34,WS_SEND_END,1516239713246,135
34,WS_RECV_START,1516239713246,136
34,WS_RECV_END,1516239715039,136
34,PLAYER_SLEEPBEFORE_START,1516239715039,137
34,PLAYER_SLEEPBEFORE_END,1516239715046,137
34,WS_SEND_START,1516239715046,137
34,WS_SEND_END,1516239715046,137
34,WS_RECV_START,1516239715046,138
34,WS_RECV_END,1516239716298,138
34,PLAYER_SLEEPBEFORE_START,1516239716298,139
34,PLAYER_SLEEPBEFORE_END,1516239716989,139
34,WS_SEND_START,1516239716989,139
34,WS_SEND_END,1516239716989,139
34,WS_RECV_START,1516239716989,140
34,WS_RECV_END,1516239717525,140
34,PLAYER_SLEEPBEFORE_START,1516239717525,141
34,PLAYER_SLEEPBEFORE_END,1516239718180,141
34,WS_SEND_START,1516239718180,141
34,WS_SEND_END,1516239718180,141
34,WS_RECV_START,1516239718180,142
34,WS_RECV_END,1516239719712,142
34,PLAYER_SLEEPBEFORE_START,1516239719712,143
34,PLAYER_SLEEPBEFORE_END,1516239719769,143
34,WS_SEND_START,1516239719770,143
34,WS_SEND_END,1516239719770,143
34,WS_RECV_START,1516239719770,144
34,WS_RECV_END,1516239720637,144
34,PLAYER_SLEEPBEFORE_START,1516239720637,145
34,PLAYER_SLEEPBEFORE_END,1516239736699,145
34,REQ_START,1516239736699,145
34,REQ_END,1516239736708,145
34,PLAYER_SLEEPBEFORE_START,1516239736708,146
34,PLAYER_SLEEPBEFORE_END,1516239745585,146
34,WS_SEND_START,1516239745585,146
34,WS_SEND_END,1516239745586,146
34,WS_RECV_START,1516239745586,147
34,WS_RECV_END,1516239745709,147
34,PLAYER_SLEEPBEFORE_START,1516239745709,148
34,PLAYER_SLEEPBEFORE_END,1516239767631,148
34,WS_SEND_START,1516239767631,148
34,WS_SEND_END,1516239767631,148
34,PLAYER_SLEEPBEFORE_START,1516239767631,149
34,PLAYER_SLEEPBEFORE_END,1516239770059,149
34,WS_SEND_START,1516239770059,149
34,WS_SEND_END,1516239770059,149
34,WS_RECV_START,1516239770059,150
34,WS_RECV_END,1516239770426,150
34,PLAYER_SLEEPBEFORE_START,1516239770426,151
34,PLAYER_SLEEPBEFORE_END,1516239770636,151
34,WS_SEND_START,1516239770636,151
34,WS_SEND_END,1516239770636,151
34,WS_RECV_START,1516239770636,152
34,WS_RECV_END,1516239770972,152
34,PLAYER_SLEEPBEFORE_START,1516239770972,153
34,PLAYER_SLEEPBEFORE_END,1516239794899,153
34,WS_SEND_START,1516239794899,153
34,WS_SEND_END,1516239794899,153
34,WS_RECV_START,1516239794899,154
34,WS_RECV_END,1516239795026,154
34,PLAYER_SLEEPBEFORE_START,1516239795026,155
34,PLAYER_SLEEPBEFORE_END,1516239817584,155
34,WS_SEND_START,1516239817584,155
34,WS_SEND_END,1516239817584,155
34,PLAYER_SLEEPBEFORE_START,1516239817584,156
34,PLAYER_SLEEPBEFORE_END,1516239820858,156
34,WS_SEND_START,1516239820858,156
34,WS_SEND_END,1516239820858,156
34,WS_RECV_START,1516239820858,157
34,WS_RECV_END,1516239821383,157
34,PLAYER_SLEEPBEFORE_START,1516239821383,158
34,PLAYER_SLEEPBEFORE_END,1516239821394,158
34,WS_SEND_START,1516239821394,158
34,WS_SEND_END,1516239821394,158
34,WS_RECV_START,1516239821394,159
34,WS_RECV_END,1516239822111,159
34,PLAYER_SLEEPBEFORE_START,1516239822111,160
34,PLAYER_SLEEPBEFORE_END,1516239822286,160
34,WS_SEND_START,1516239822286,160
34,WS_SEND_END,1516239822286,160
34,WS_RECV_START,1516239822286,161
34,WS_RECV_END,1516239823201,161
34,PLAYER_SLEEPBEFORE_START,1516239823201,162
34,PLAYER_SLEEPBEFORE_END,1516239823226,162
34,WS_SEND_START,1516239823226,162
34,WS_SEND_END,1516239823226,162
34,WS_RECV_START,1516239823226,163
34,WS_RECV_END,1516239823702,163
34,PLAYER_SLEEPBEFORE_START,1516239823702,164
34,PLAYER_SLEEPBEFORE_END,1516239844515,164
34,WS_SEND_START,1516239844515,164
34,WS_SEND_END,1516239844515,164
34,WS_RECV_START,1516239844515,165
34,WS_RECV_END,1516239844714,165
34,PLAYER_SLEEPBEFORE_START,1516239844714,166
34,PLAYER_SLEEPBEFORE_END,1516239867169,166
34,WS_SEND_START,1516239867169,166
34,WS_SEND_END,1516239867169,166
34,WS_RECV_START,1516239867169,167
34,WS_RECV_END,1516239867432,167
34,PLAYER_SLEEPBEFORE_START,1516239867432,168
34,PLAYER_SLEEPBEFORE_END,1516239894790,168
34,WS_SEND_START,1516239894790,168
34,WS_SEND_END,1516239894790,168
34,WS_RECV_START,1516239894790,169
34,WS_RECV_END,1516239895888,169
34,PLAYER_SLEEPBEFORE_START,1516239895888,170
34,PLAYER_SLEEPBEFORE_END,1516239895897,170
34,WS_SEND_START,1516239895897,170
34,WS_SEND_END,1516239895897,170
34,WS_RECV_START,1516239895897,171
34,WS_RECV_END,1516239896346,171
34,PLAYER_SLEEPBEFORE_START,1516239896346,172
34,PLAYER_SLEEPBEFORE_END,1516239896716,172
34,WS_SEND_START,1516239896716,172
34,WS_SEND_END,1516239896716,172
34,WS_RECV_START,1516239896716,173
34,WS_RECV_END,1516239897568,173
34,PLAYER_SLEEPBEFORE_START,1516239897568,174
34,PLAYER_SLEEPBEFORE_END,1516239897609,174
34,WS_SEND_START,1516239897609,174
34,WS_SEND_END,1516239897609,174
34,WS_RECV_START,1516239897609,175
34,WS_RECV_END,1516239898241,175
34,PLAYER_SLEEPBEFORE_START,1516239898241,176
34,PLAYER_SLEEPBEFORE_END,1516239920002,176
34,WS_SEND_START,1516239920002,176
34,WS_SEND_END,1516239920002,176
34,PLAYER_SLEEPBEFORE_START,1516239920002,177
34,PLAYER_SLEEPBEFORE_END,1516239922520,177
34,WS_SEND_START,1516239922520,177
34,WS_SEND_END,1516239922520,177
34,WS_RECV_START,1516239922520,178
34,WS_RECV_END,1516239922666,178
34,PLAYER_SLEEPBEFORE_START,1516239922666,179
34,PLAYER_SLEEPBEFORE_END,1516239945006,179
34,WS_SEND_START,1516239945006,179
34,WS_SEND_END,1516239945006,179
34,WS_RECV_START,1516239945006,180
34,WS_RECV_END,1516239945726,180
34,PLAYER_SLEEPBEFORE_START,1516239945726,181
34,PLAYER_SLEEPBEFORE_END,1516239946170,181
34,WS_SEND_START,1516239946170,181
34,WS_SEND_END,1516239946170,181
34,WS_RECV_START,1516239946170,182
34,WS_RECV_END,1516239946912,182
34,PLAYER_SLEEPBEFORE_START,1516239946912,183
34,PLAYER_SLEEPBEFORE_END,1516239947435,183
34,WS_SEND_START,1516239947435,183
34,WS_SEND_END,1516239947435,183
34,WS_RECV_START,1516239947435,184
34,WS_RECV_END,1516239947652,184
34,PLAYER_SLEEPBEFORE_START,1516239947652,185
34,PLAYER_SLEEPBEFORE_END,1516239947920,185
34,WS_SEND_START,1516239947920,185
34,WS_SEND_END,1516239947920,185
34,WS_RECV_START,1516239947920,186
34,WS_RECV_END,1516239948268,186
34,PLAYER_SLEEPBEFORE_START,1516239948269,187
34,PLAYER_SLEEPBEFORE_END,1516239970769,187
34,WS_SEND_START,1516239970769,187
34,WS_SEND_END,1516239970769,187
34,WS_RECV_START,1516239970769,188
34,WS_RECV_END,1516239970838,188
34,PLAYER_SLEEPBEFORE_START,1516239970838,189
34,PLAYER_SLEEPBEFORE_END,1516239977077,189
34,WS_SEND_START,1516239977077,189
34,WS_SEND_END,1516239977077,189
34,WS_RECV_START,1516239977077,190
34,WS_RECV_END,1516239978289,190
34,PLAYER_SLEEPBEFORE_START,1516239978289,191
34,PLAYER_SLEEPBEFORE_END,1516239980204,191
34,WS_SEND_START,1516239980204,191
34,WS_SEND_END,1516239980204,191
34,WS_RECV_START,1516239980204,192
34,WS_RECV_END,1516239981432,192
34,PLAYER_SLEEPBEFORE_START,1516239981432,193
34,PLAYER_SLEEPBEFORE_END,1516239981560,193
34,WS_SEND_START,1516239981560,193
34,WS_SEND_END,1516239981560,193
34,WS_RECV_START,1516239981560,194
34,WS_RECV_END,1516239982653,194
34,PLAYER_SLEEPBEFORE_START,1516239982653,195
34,PLAYER_SLEEPBEFORE_END,1516239984408,195
34,WS_SEND_START,1516239984408,195
34,WS_SEND_END,1516239984408,195
34,WS_RECV_START,1516239984408,196
34,WS_RECV_END,1516239987128,196
34,PLAYER_SLEEPBEFORE_START,1516239987128,197
34,PLAYER_SLEEPBEFORE_END,1516239988932,197
34,WS_SEND_START,1516239988932,197
34,WS_SEND_END,1516239988932,197
34,WS_RECV_START,1516239988932,198
34,WS_RECV_END,1516239991453,198
34,PLAYER_SLEEPBEFORE_START,1516239991453,199
34,PLAYER_SLEEPBEFORE_END,1516240003307,199
34,WS_SEND_START,1516240003307,199
34,WS_SEND_END,1516240003307,199
34,PLAYER_SLEEPBEFORE_START,1516240003307,200
34,PLAYER_SLEEPBEFORE_END,1516240007395,200
34,WS_SEND_START,1516240007395,200
34,WS_SEND_END,1516240007395,200
34,WS_RECV_START,1516240007395,201
34,WS_RECV_END,1516240009560,201
34,PLAYER_SLEEPBEFORE_START,1516240009560,202
34,PLAYER_SLEEPBEFORE_END,1516240009574,202
34,WS_SEND_START,1516240009574,202
34,WS_SEND_END,1516240009574,202
34,WS_RECV_START,1516240009574,203
34,WS_RECV_END,1516240011361,203
34,PLAYER_SLEEPBEFORE_START,1516240011361,204
34,PLAYER_SLEEPBEFORE_END,1516240031010,204
34,WS_SEND_START,1516240031010,204
34,WS_SEND_END,1516240031010,204
34,PLAYER_SLEEPBEFORE_START,1516240031010,205
34,PLAYER_SLEEPBEFORE_END,1516240034908,205
34,WS_SEND_START,1516240034908,205
34,WS_SEND_END,1516240034908,205
34,WS_RECV_START,1516240034908,206
34,WS_RECV_END,1516240035792,206
34,PLAYER_SLEEPBEFORE_START,1516240035792,207
34,PLAYER_SLEEPBEFORE_END,1516240052723,207
34,REQ_START,1516240052723,207
34,REQ_END,1516240052729,207
34,PLAYER_SLEEPBEFORE_START,1516240052729,208
34,PLAYER_SLEEPBEFORE_END,1516240059581,208
34,WS_CLOSE_START,1516240059581,208
34,WS_CLOSE_END,1516240059581,208
34,PLAYER_DONE,1516240059581
