# --sessions 1080 --app-url=http://shinyloadtest.rstudioservices.com/cran_explorer --output-dir test1080 --overwrite-output --log-level warn --start-interval 250 15min.log
thread_id,event,timestamp,input_line_number,comment
387,PLAYER_SESSION_CREATE,1516239120610
387,PLAYER_START_INTERVAL_START,1516239120610
387,PLAYER_START_INTERVAL_END,1516239217360
387,REQ_HOME_START,1516239217360,2
387,REQ_HOME_END,1516239217451,2
387,REQ_START,1516239217451,3
387,REQ_END,1516239217498,3
387,REQ_START,1516239217498,4
387,REQ_END,1516239217534,4
387,REQ_START,1516239217534,5
387,REQ_END,1516239217572,5
387,REQ_START,1516239217572,6
387,REQ_END,1516239217608,6
387,REQ_START,1516239217608,7
387,REQ_END,1516239217643,7
387,REQ_START,1516239217643,8
387,REQ_END,1516239217679,8
387,REQ_START,1516239217679,9
387,REQ_END,1516239217716,9
387,REQ_START,1516239217716,10
387,REQ_END,1516239217721,10
387,REQ_START,1516239217721,11
387,REQ_END,1516239217766,11
387,REQ_START,1516239217766,12
387,REQ_END,1516239217772,12
387,REQ_START,1516239217772,13
387,REQ_END,1516239217807,13
387,REQ_START,1516239217807,14
387,REQ_END,1516239217827,14
387,REQ_START,1516239217827,15
387,REQ_END,1516239217865,15
387,REQ_TOK_START,1516239217865,16
387,REQ_TOK_END,1516239217869,16
387,REQ_SINF_START,1516239217869,17
387,REQ_SINF_END,1516239217873,17
387,WS_OPEN_START,1516239217873,18
387,WS_OPEN_END,1516239217876,18
387,REQ_START,1516239217876,19
387,REQ_END,1516239217911,19
387,WS_RECV_START,1516239217911,20
387,WS_RECV_END,1516239217911,20
387,PLAYER_SLEEPBEFORE_START,1516239217911,21
387,PLAYER_SLEEPBEFORE_END,1516239217916,21
387,WS_SEND_START,1516239217916,21
387,WS_SEND_END,1516239217916,21
387,PLAYER_SLEEPBEFORE_START,1516239217916,22
387,PLAYER_SLEEPBEFORE_END,1516239217917,22
387,WS_SEND_START,1516239217917,22
387,WS_SEND_END,1516239217917,22
387,WS_RECV_INIT_START,1516239217917,23
387,WS_RECV_INIT_END,1516239217935,23
387,WS_RECV_START,1516239217935,24
387,WS_RECV_END,1516239217983,24
387,PLAYER_SLEEPBEFORE_START,1516239217983,25
387,PLAYER_SLEEPBEFORE_END,1516239217990,25
387,REQ_START,1516239217990,25
387,REQ_END,1516239218025,25
387,PLAYER_SLEEPBEFORE_START,1516239218025,26
387,PLAYER_SLEEPBEFORE_END,1516239218026,26
387,REQ_START,1516239218026,26
387,REQ_END,1516239218062,26
387,PLAYER_SLEEPBEFORE_START,1516239218062,27
387,PLAYER_SLEEPBEFORE_END,1516239218065,27
387,REQ_START,1516239218065,27
387,REQ_END,1516239218102,27
387,PLAYER_SLEEPBEFORE_START,1516239218102,28
387,PLAYER_SLEEPBEFORE_END,1516239218387,28
387,REQ_START,1516239218387,28
387,REQ_END,1516239218423,28
387,PLAYER_SLEEPBEFORE_START,1516239218423,29
387,PLAYER_SLEEPBEFORE_END,1516239218599,29
387,WS_SEND_START,1516239218599,29
387,WS_SEND_END,1516239218599,29
387,WS_RECV_START,1516239218599,30
387,WS_RECV_END,1516239218709,30
387,PLAYER_SLEEPBEFORE_START,1516239218709,31
387,PLAYER_SLEEPBEFORE_END,1516239218720,31
387,REQ_START,1516239218720,31
387,REQ_END,1516239218759,31
387,PLAYER_SLEEPBEFORE_START,1516239218759,32
387,PLAYER_SLEEPBEFORE_END,1516239246904,32
387,WS_SEND_START,1516239246904,32
387,WS_SEND_END,1516239246904,32
387,WS_RECV_START,1516239246904,33
387,WS_RECV_END,1516239246985,33
387,PLAYER_SLEEPBEFORE_START,1516239246985,34
387,PLAYER_SLEEPBEFORE_END,1516239272897,34
387,WS_SEND_START,1516239272897,34
387,WS_SEND_END,1516239272897,34
387,WS_RECV_START,1516239272897,35
387,WS_RECV_END,1516239272964,35
387,PLAYER_SLEEPBEFORE_START,1516239272964,36
387,PLAYER_SLEEPBEFORE_END,1516239272973,36
387,WS_SEND_START,1516239272973,36
387,WS_SEND_END,1516239272973,36
387,WS_RECV_START,1516239272973,37
387,WS_RECV_END,1516239273015,37
387,PLAYER_SLEEPBEFORE_START,1516239273015,38
387,PLAYER_SLEEPBEFORE_END,1516239276210,38
387,WS_SEND_START,1516239276210,38
387,WS_SEND_END,1516239276210,38
387,WS_RECV_START,1516239276210,39
387,WS_RECV_END,1516239276380,39
387,PLAYER_SLEEPBEFORE_START,1516239276380,40
387,PLAYER_SLEEPBEFORE_END,1516239276426,40
387,WS_SEND_START,1516239276426,40
387,WS_SEND_END,1516239276426,40
387,WS_RECV_START,1516239276426,41
387,WS_RECV_END,1516239276552,41
387,PLAYER_SLEEPBEFORE_START,1516239276552,42
387,PLAYER_SLEEPBEFORE_END,1516239294687,42
387,WS_SEND_START,1516239294687,42
387,WS_SEND_END,1516239294687,42
387,WS_RECV_START,1516239294687,43
387,WS_RECV_END,1516239294714,43
387,PLAYER_SLEEPBEFORE_START,1516239294714,44
387,PLAYER_SLEEPBEFORE_END,1516239294726,44
387,WS_SEND_START,1516239294726,44
387,WS_SEND_END,1516239294726,44
387,WS_RECV_START,1516239294726,45
387,WS_RECV_END,1516239294767,45
387,PLAYER_SLEEPBEFORE_START,1516239294767,46
387,PLAYER_SLEEPBEFORE_END,1516239296027,46
387,WS_SEND_START,1516239296027,46
387,WS_SEND_END,1516239296027,46
387,WS_RECV_START,1516239296027,47
387,WS_RECV_END,1516239296161,47
387,PLAYER_SLEEPBEFORE_START,1516239296161,48
387,PLAYER_SLEEPBEFORE_END,1516239297481,48
387,WS_SEND_START,1516239297481,48
387,WS_SEND_END,1516239297481,48
387,WS_RECV_START,1516239297481,49
387,WS_RECV_END,1516239297578,49
387,PLAYER_SLEEPBEFORE_START,1516239297578,50
387,PLAYER_SLEEPBEFORE_END,1516239297602,50
387,WS_SEND_START,1516239297602,50
387,WS_SEND_END,1516239297602,50
387,WS_RECV_START,1516239297602,51
387,WS_RECV_END,1516239297720,51
387,PLAYER_SLEEPBEFORE_START,1516239297720,52
387,PLAYER_SLEEPBEFORE_END,1516239320284,52
387,WS_SEND_START,1516239320284,52
387,WS_SEND_END,1516239320284,52
387,WS_RECV_START,1516239320284,53
387,WS_RECV_END,1516239320455,53
387,PLAYER_SLEEPBEFORE_START,1516239320455,54
387,PLAYER_SLEEPBEFORE_END,1516239341759,54
387,WS_SEND_START,1516239341759,54
387,WS_SEND_END,1516239341759,54
387,PLAYER_SLEEPBEFORE_START,1516239341759,55
387,PLAYER_SLEEPBEFORE_END,1516239343700,55
387,WS_SEND_START,1516239343700,55
387,WS_SEND_END,1516239343700,55
387,WS_RECV_START,1516239343700,56
387,WS_RECV_END,1516239344077,56
387,PLAYER_SLEEPBEFORE_START,1516239344077,57
387,PLAYER_SLEEPBEFORE_END,1516239366949,57
387,WS_SEND_START,1516239366949,57
387,WS_SEND_END,1516239366949,57
387,WS_RECV_START,1516239366949,58
387,WS_RECV_END,1516239367061,58
387,PLAYER_SLEEPBEFORE_START,1516239367061,59
387,PLAYER_SLEEPBEFORE_END,1516239369389,59
387,WS_SEND_START,1516239369389,59
387,WS_SEND_END,1516239369389,59
387,WS_RECV_START,1516239369389,60
387,WS_RECV_END,1516239369489,60
387,PLAYER_SLEEPBEFORE_START,1516239369489,61
387,PLAYER_SLEEPBEFORE_END,1516239373080,61
387,WS_SEND_START,1516239373080,61
387,WS_SEND_END,1516239373081,61
387,WS_RECV_START,1516239373081,62
387,WS_RECV_END,1516239373191,62
387,PLAYER_SLEEPBEFORE_START,1516239373191,63
387,PLAYER_SLEEPBEFORE_END,1516239392453,63
387,WS_SEND_START,1516239392453,63
387,WS_SEND_END,1516239392453,63
387,WS_RECV_START,1516239392453,64
387,WS_RECV_END,1516239392492,64
387,PLAYER_SLEEPBEFORE_START,1516239392492,65
387,PLAYER_SLEEPBEFORE_END,1516239419309,65
387,WS_SEND_START,1516239419309,65
387,WS_SEND_END,1516239419309,65
387,WS_RECV_START,1516239419309,66
387,WS_RECV_END,1516239419820,66
387,PLAYER_SLEEPBEFORE_START,1516239419820,67
387,PLAYER_SLEEPBEFORE_END,1516239421327,67
387,WS_SEND_START,1516239421327,67
387,WS_SEND_END,1516239421327,67
387,WS_RECV_START,1516239421327,68
387,WS_RECV_END,1516239421753,68
387,PLAYER_SLEEPBEFORE_START,1516239421753,69
387,PLAYER_SLEEPBEFORE_END,1516239443751,69
387,WS_SEND_START,1516239443751,69
387,WS_SEND_END,1516239443752,69
387,WS_RECV_START,1516239443752,70
387,WS_RECV_END,1516239443896,70
387,PLAYER_SLEEPBEFORE_START,1516239443896,71
387,PLAYER_SLEEPBEFORE_END,1516239468671,71
387,WS_SEND_START,1516239468671,71
387,WS_SEND_END,1516239468671,71
387,PLAYER_SLEEPBEFORE_START,1516239468671,72
387,PLAYER_SLEEPBEFORE_END,1516239471279,72
387,WS_SEND_START,1516239471279,72
387,WS_SEND_END,1516239471279,72
387,WS_RECV_START,1516239471279,73
387,WS_RECV_END,1516239471354,73
387,PLAYER_SLEEPBEFORE_START,1516239471354,74
387,PLAYER_SLEEPBEFORE_END,1516239471363,74
387,WS_SEND_START,1516239471363,74
387,WS_SEND_END,1516239471363,74
387,WS_RECV_START,1516239471363,75
387,WS_RECV_END,1516239471423,75
387,PLAYER_SLEEPBEFORE_START,1516239471423,76
387,PLAYER_SLEEPBEFORE_END,1516239472936,76
387,WS_SEND_START,1516239472936,76
387,WS_SEND_END,1516239472936,76
387,WS_RECV_START,1516239472936,77
387,WS_RECV_END,1516239472966,77
387,PLAYER_SLEEPBEFORE_START,1516239472966,78
387,PLAYER_SLEEPBEFORE_END,1516239473834,78
387,WS_SEND_START,1516239473834,78
387,WS_SEND_END,1516239473834,78
387,WS_RECV_START,1516239473834,79
387,WS_RECV_END,1516239473869,79
387,PLAYER_SLEEPBEFORE_START,1516239473869,80
387,PLAYER_SLEEPBEFORE_END,1516239481535,80
387,WS_SEND_START,1516239481535,80
387,WS_SEND_END,1516239481535,80
387,WS_RECV_START,1516239481535,81
387,WS_RECV_END,1516239481571,81
387,PLAYER_SLEEPBEFORE_START,1516239481571,82
387,PLAYER_SLEEPBEFORE_END,1516239482673,82
387,WS_SEND_START,1516239482673,82
387,WS_SEND_END,1516239482673,82
387,WS_RECV_START,1516239482673,83
387,WS_RECV_END,1516239483936,83
387,PLAYER_SLEEPBEFORE_START,1516239483936,84
387,PLAYER_SLEEPBEFORE_END,1516239484883,84
387,WS_SEND_START,1516239484883,84
387,WS_SEND_END,1516239484883,84
387,WS_RECV_START,1516239484883,85
387,WS_RECV_END,1516239484918,85
387,PLAYER_SLEEPBEFORE_START,1516239484918,86
387,PLAYER_SLEEPBEFORE_END,1516239489090,86
387,WS_SEND_START,1516239489090,86
387,WS_SEND_END,1516239489090,86
387,WS_RECV_START,1516239489090,87
387,WS_RECV_END,1516239489325,87
387,PLAYER_SLEEPBEFORE_START,1516239489325,88
387,PLAYER_SLEEPBEFORE_END,1516239489333,88
387,WS_SEND_START,1516239489333,88
387,WS_SEND_END,1516239489333,88
387,WS_RECV_START,1516239489333,89
387,WS_RECV_END,1516239489491,89
387,PLAYER_SLEEPBEFORE_START,1516239489491,90
387,PLAYER_SLEEPBEFORE_END,1516239516689,90
387,REQ_START,1516239516689,90
387,REQ_END,1516239516695,90
387,PLAYER_SLEEPBEFORE_START,1516239516695,91
387,PLAYER_SLEEPBEFORE_END,1516239524584,91
387,WS_SEND_START,1516239524584,91
387,WS_SEND_END,1516239524584,91
387,WS_RECV_START,1516239524584,92
387,WS_RECV_END,1516239524790,92
387,PLAYER_SLEEPBEFORE_START,1516239524790,93
387,PLAYER_SLEEPBEFORE_END,1516239524805,93
387,WS_SEND_START,1516239524805,93
387,WS_SEND_END,1516239524805,93
387,WS_RECV_START,1516239524805,94
387,WS_RECV_END,1516239524978,94
387,PLAYER_SLEEPBEFORE_START,1516239524978,95
387,PLAYER_SLEEPBEFORE_END,1516239548533,95
387,WS_SEND_START,1516239548533,95
387,WS_SEND_END,1516239548533,95
387,WS_RECV_START,1516239548533,96
387,WS_RECV_END,1516239548815,96
387,PLAYER_SLEEPBEFORE_START,1516239548815,97
387,PLAYER_SLEEPBEFORE_END,1516239571255,97
387,WS_SEND_START,1516239571255,97
387,WS_SEND_END,1516239571255,97
387,WS_RECV_START,1516239571255,98
387,WS_RECV_END,1516239571614,98
387,PLAYER_SLEEPBEFORE_START,1516239571614,99
387,PLAYER_SLEEPBEFORE_END,1516239571635,99
387,WS_SEND_START,1516239571635,99
387,WS_SEND_END,1516239571635,99
387,WS_RECV_START,1516239571635,100
387,WS_RECV_END,1516239571759,100
387,PLAYER_SLEEPBEFORE_START,1516239571759,101
387,PLAYER_SLEEPBEFORE_END,1516239595329,101
387,WS_SEND_START,1516239595329,101
387,WS_SEND_END,1516239595330,101
387,WS_RECV_START,1516239595330,102
387,WS_RECV_END,1516239595975,102
387,PLAYER_SLEEPBEFORE_START,1516239595975,103
387,PLAYER_SLEEPBEFORE_END,1516239619600,103
387,WS_SEND_START,1516239619600,103
387,WS_SEND_END,1516239619600,103
387,WS_RECV_START,1516239619600,104
387,WS_RECV_END,1516239620155,104
387,PLAYER_SLEEPBEFORE_START,1516239620155,105
387,PLAYER_SLEEPBEFORE_END,1516239645532,105
387,WS_SEND_START,1516239645532,105
387,WS_SEND_END,1516239645532,105
387,WS_RECV_START,1516239645532,106
387,WS_RECV_END,1516239645702,106
387,PLAYER_SLEEPBEFORE_START,1516239645702,107
387,PLAYER_SLEEPBEFORE_END,1516239669125,107
387,WS_SEND_START,1516239669125,107
387,WS_SEND_END,1516239669126,107
387,WS_RECV_START,1516239669126,108
387,WS_RECV_END,1516239669331,108
387,PLAYER_SLEEPBEFORE_START,1516239669331,109
387,PLAYER_SLEEPBEFORE_END,1516239669340,109
387,WS_SEND_START,1516239669340,109
387,WS_SEND_END,1516239669340,109
387,WS_RECV_START,1516239669340,110
387,WS_RECV_END,1516239669490,110
387,PLAYER_SLEEPBEFORE_START,1516239669490,111
387,PLAYER_SLEEPBEFORE_END,1516239670450,111
387,WS_SEND_START,1516239670450,111
387,WS_SEND_END,1516239670450,111
387,WS_RECV_START,1516239670450,112
387,WS_RECV_END,1516239670581,112
387,PLAYER_SLEEPBEFORE_START,1516239670581,113
387,PLAYER_SLEEPBEFORE_END,1516239671143,113
387,WS_SEND_START,1516239671143,113
387,WS_SEND_END,1516239671143,113
387,WS_RECV_START,1516239671143,114
387,WS_RECV_END,1516239671281,114
387,PLAYER_SLEEPBEFORE_START,1516239671281,115
387,PLAYER_SLEEPBEFORE_END,1516239671290,115
387,WS_SEND_START,1516239671290,115
387,WS_SEND_END,1516239671290,115
387,WS_RECV_START,1516239671290,116
387,WS_RECV_END,1516239671464,116
387,PLAYER_SLEEPBEFORE_START,1516239671464,117
387,PLAYER_SLEEPBEFORE_END,1516239691824,117
387,WS_SEND_START,1516239691824,117
387,WS_SEND_END,1516239691824,117
387,PLAYER_SLEEPBEFORE_START,1516239691824,118
387,PLAYER_SLEEPBEFORE_END,1516239695576,118
387,WS_SEND_START,1516239695576,118
387,WS_SEND_END,1516239695576,118
387,WS_RECV_START,1516239695576,119
387,WS_RECV_END,1516239695820,119
387,PLAYER_SLEEPBEFORE_START,1516239695820,120
387,PLAYER_SLEEPBEFORE_END,1516239696808,120
387,WS_SEND_START,1516239696808,120
387,WS_SEND_END,1516239696808,120
387,WS_RECV_START,1516239696808,121
387,WS_RECV_END,1516239696985,121
387,PLAYER_SLEEPBEFORE_START,1516239696985,122
387,PLAYER_SLEEPBEFORE_END,1516239698170,122
387,WS_SEND_START,1516239698170,122
387,WS_SEND_END,1516239698170,122
387,WS_RECV_START,1516239698170,123
387,WS_RECV_END,1516239698384,123
387,PLAYER_SLEEPBEFORE_START,1516239698384,124
387,PLAYER_SLEEPBEFORE_END,1516239722790,124
387,WS_SEND_START,1516239722790,124
387,WS_SEND_END,1516239722790,124
387,WS_RECV_START,1516239722790,125
387,WS_RECV_END,1516239723428,125
387,PLAYER_SLEEPBEFORE_START,1516239723428,126
387,PLAYER_SLEEPBEFORE_END,1516239743941,126
387,WS_SEND_START,1516239743941,126
387,WS_SEND_END,1516239743941,126
387,PLAYER_SLEEPBEFORE_START,1516239743941,127
387,PLAYER_SLEEPBEFORE_END,1516239746995,127
387,WS_SEND_START,1516239746995,127
387,WS_SEND_END,1516239746995,127
387,WS_RECV_START,1516239746995,128
387,WS_RECV_END,1516239747322,128
387,PLAYER_SLEEPBEFORE_START,1516239747322,129
387,PLAYER_SLEEPBEFORE_END,1516239747343,129
387,WS_SEND_START,1516239747343,129
387,WS_SEND_END,1516239747343,129
387,WS_RECV_START,1516239747343,130
387,WS_RECV_END,1516239748047,130
387,PLAYER_SLEEPBEFORE_START,1516239748047,131
387,PLAYER_SLEEPBEFORE_END,1516239769671,131
387,WS_SEND_START,1516239769671,131
387,WS_SEND_END,1516239769671,131
387,PLAYER_SLEEPBEFORE_START,1516239769671,132
387,PLAYER_SLEEPBEFORE_END,1516239772751,132
387,WS_SEND_START,1516239772751,132
387,WS_SEND_END,1516239772751,132
387,WS_RECV_START,1516239772751,133
387,WS_RECV_END,1516239773159,133
387,PLAYER_SLEEPBEFORE_START,1516239773159,134
387,PLAYER_SLEEPBEFORE_END,1516239794376,134
387,WS_SEND_START,1516239794376,134
387,WS_SEND_END,1516239794376,134
387,PLAYER_SLEEPBEFORE_START,1516239794376,135
387,PLAYER_SLEEPBEFORE_END,1516239797566,135
387,WS_SEND_START,1516239797566,135
387,WS_SEND_END,1516239797566,135
387,WS_RECV_START,1516239797566,136
387,WS_RECV_END,1516239797652,136
387,PLAYER_SLEEPBEFORE_START,1516239797652,137
387,PLAYER_SLEEPBEFORE_END,1516239797659,137
387,WS_SEND_START,1516239797659,137
387,WS_SEND_END,1516239797659,137
387,WS_RECV_START,1516239797659,138
387,WS_RECV_END,1516239797698,138
387,PLAYER_SLEEPBEFORE_START,1516239797698,139
387,PLAYER_SLEEPBEFORE_END,1516239798389,139
387,WS_SEND_START,1516239798389,139
387,WS_SEND_END,1516239798389,139
387,WS_RECV_START,1516239798389,140
387,WS_RECV_END,1516239798415,140
387,PLAYER_SLEEPBEFORE_START,1516239798415,141
387,PLAYER_SLEEPBEFORE_END,1516239799071,141
387,WS_SEND_START,1516239799071,141
387,WS_SEND_END,1516239799071,141
387,WS_RECV_START,1516239799071,142
387,WS_RECV_END,1516239799304,142
387,PLAYER_SLEEPBEFORE_START,1516239799304,143
387,PLAYER_SLEEPBEFORE_END,1516239799361,143
387,WS_SEND_START,1516239799361,143
387,WS_SEND_END,1516239799361,143
387,WS_RECV_START,1516239799361,144
387,WS_RECV_END,1516239799586,144
387,PLAYER_SLEEPBEFORE_START,1516239799586,145
387,PLAYER_SLEEPBEFORE_END,1516239815648,145
387,REQ_START,1516239815648,145
387,REQ_END,1516239815653,145
387,PLAYER_SLEEPBEFORE_START,1516239815653,146
387,PLAYER_SLEEPBEFORE_END,1516239824530,146
387,WS_SEND_START,1516239824530,146
387,WS_SEND_END,1516239824530,146
387,WS_RECV_START,1516239824530,147
387,WS_RECV_END,1516239825418,147
387,PLAYER_SLEEPBEFORE_START,1516239825418,148
387,PLAYER_SLEEPBEFORE_END,1516239847340,148
387,WS_SEND_START,1516239847340,148
387,WS_SEND_END,1516239847340,148
387,PLAYER_SLEEPBEFORE_START,1516239847340,149
387,PLAYER_SLEEPBEFORE_END,1516239849769,149
387,WS_SEND_START,1516239849769,149
387,WS_SEND_END,1516239849769,149
387,WS_RECV_START,1516239849769,150
387,WS_RECV_END,1516239850039,150
387,PLAYER_SLEEPBEFORE_START,1516239850039,151
387,PLAYER_SLEEPBEFORE_END,1516239850249,151
387,WS_SEND_START,1516239850249,151
387,WS_SEND_END,1516239850249,151
387,WS_RECV_START,1516239850249,152
387,WS_RECV_END,1516239850475,152
387,PLAYER_SLEEPBEFORE_START,1516239850475,153
387,PLAYER_SLEEPBEFORE_END,1516239874402,153
387,WS_SEND_START,1516239874402,153
387,WS_SEND_END,1516239874402,153
387,WS_RECV_START,1516239874402,154
387,WS_RECV_END,1516239874519,154
387,PLAYER_SLEEPBEFORE_START,1516239874519,155
387,PLAYER_SLEEPBEFORE_END,1516239897077,155
387,WS_SEND_START,1516239897077,155
387,WS_SEND_END,1516239897077,155
387,PLAYER_SLEEPBEFORE_START,1516239897077,156
387,PLAYER_SLEEPBEFORE_END,1516239900351,156
387,WS_SEND_START,1516239900352,156
387,WS_SEND_END,1516239900352,156
387,WS_RECV_START,1516239900352,157
387,WS_RECV_END,1516239900421,157
387,PLAYER_SLEEPBEFORE_START,1516239900421,158
387,PLAYER_SLEEPBEFORE_END,1516239900431,158
387,WS_SEND_START,1516239900431,158
387,WS_SEND_END,1516239900431,158
387,WS_RECV_START,1516239900431,159
387,WS_RECV_END,1516239900478,159
387,PLAYER_SLEEPBEFORE_START,1516239900478,160
387,PLAYER_SLEEPBEFORE_END,1516239900653,160
387,WS_SEND_START,1516239900654,160
387,WS_SEND_END,1516239900654,160
387,WS_RECV_START,1516239900654,161
387,WS_RECV_END,1516239900826,161
387,PLAYER_SLEEPBEFORE_START,1516239900826,162
387,PLAYER_SLEEPBEFORE_END,1516239900851,162
387,WS_SEND_START,1516239900851,162
387,WS_SEND_END,1516239900851,162
387,WS_RECV_START,1516239900851,163
387,WS_RECV_END,1516239901194,163
387,PLAYER_SLEEPBEFORE_START,1516239901194,164
387,PLAYER_SLEEPBEFORE_END,1516239922006,164
387,WS_SEND_START,1516239922006,164
387,WS_SEND_END,1516239922006,164
387,WS_RECV_START,1516239922006,165
387,WS_RECV_END,1516239922239,165
387,PLAYER_SLEEPBEFORE_START,1516239922239,166
387,PLAYER_SLEEPBEFORE_END,1516239944694,166
387,WS_SEND_START,1516239944694,166
387,WS_SEND_END,1516239944694,166
387,WS_RECV_START,1516239944694,167
387,WS_RECV_END,1516239945542,167
387,PLAYER_SLEEPBEFORE_START,1516239945542,168
387,PLAYER_SLEEPBEFORE_END,1516239972899,168
387,WS_SEND_START,1516239972899,168
387,WS_SEND_END,1516239972899,168
387,WS_RECV_START,1516239972899,169
387,WS_RECV_END,1516239973270,169
387,PLAYER_SLEEPBEFORE_START,1516239973270,170
387,PLAYER_SLEEPBEFORE_END,1516239973280,170
387,WS_SEND_START,1516239973280,170
387,WS_SEND_END,1516239973280,170
387,WS_RECV_START,1516239973280,171
387,WS_RECV_END,1516239973702,171
387,PLAYER_SLEEPBEFORE_START,1516239973702,172
387,PLAYER_SLEEPBEFORE_END,1516239974072,172
387,WS_SEND_START,1516239974072,172
387,WS_SEND_END,1516239974072,172
387,WS_RECV_START,1516239974072,173
387,WS_RECV_END,1516239974220,173
387,PLAYER_SLEEPBEFORE_START,1516239974220,174
387,PLAYER_SLEEPBEFORE_END,1516239974262,174
387,WS_SEND_START,1516239974262,174
387,WS_SEND_END,1516239974262,174
387,WS_RECV_START,1516239974262,175
387,WS_RECV_END,1516239975029,175
387,PLAYER_SLEEPBEFORE_START,1516239975029,176
387,PLAYER_SLEEPBEFORE_END,1516239996790,176
387,WS_SEND_START,1516239996790,176
387,WS_SEND_END,1516239996790,176
387,PLAYER_SLEEPBEFORE_START,1516239996790,177
387,PLAYER_SLEEPBEFORE_END,1516239999308,177
387,WS_SEND_START,1516239999308,177
387,WS_SEND_END,1516239999308,177
387,WS_RECV_START,1516239999308,178
387,WS_RECV_END,1516240003171,178
387,PLAYER_SLEEPBEFORE_START,1516240003171,179
387,PLAYER_SLEEPBEFORE_END,1516240025512,179
387,WS_SEND_START,1516240025512,179
387,WS_SEND_END,1516240025512,179
387,WS_RECV_START,1516240025512,180
387,WS_RECV_END,1516240027737,180
387,PLAYER_SLEEPBEFORE_START,1516240027737,181
387,PLAYER_SLEEPBEFORE_END,1516240028181,181
387,WS_SEND_START,1516240028181,181
387,WS_SEND_END,1516240028181,181
387,WS_RECV_START,1516240028181,182
387,WS_RECV_END,1516240030700,182
387,PLAYER_SLEEPBEFORE_START,1516240030700,183
387,PLAYER_SLEEPBEFORE_END,1516240031223,183
387,WS_SEND_START,1516240031223,183
387,WS_SEND_END,1516240031223,183
387,WS_RECV_START,1516240031223,184
387,WS_RECV_END,1516240032037,184
387,PLAYER_SLEEPBEFORE_START,1516240032037,185
387,PLAYER_SLEEPBEFORE_END,1516240032305,185
387,WS_SEND_START,1516240032305,185
387,WS_SEND_END,1516240032305,185
387,WS_RECV_START,1516240032305,186
387,WS_RECV_END,1516240033866,186
387,PLAYER_SLEEPBEFORE_START,1516240033866,187
387,PLAYER_SLEEPBEFORE_END,1516240056366,187
387,WS_SEND_START,1516240056366,187
387,WS_SEND_END,1516240056366,187
387,WS_RECV_START,1516240056366,188
387,WS_RECV_END,1516240058159,188
387,PLAYER_SLEEPBEFORE_START,1516240058159,189
387,PLAYER_SLEEPBEFORE_END,1516240064398,189
387,WS_SEND_START,1516240064398,189
387,WS_SEND_END,1516240064398,189
387,WS_RECV_START,1516240064398,190
387,WS_RECV_END,1516240065599,190
387,PLAYER_SLEEPBEFORE_START,1516240065600,191
387,PLAYER_SLEEPBEFORE_END,1516240067515,191
387,WS_SEND_START,1516240067515,191
387,WS_SEND_END,1516240067515,191
387,WS_RECV_START,1516240067515,192
387,WS_RECV_END,1516240068863,192
387,PLAYER_SLEEPBEFORE_START,1516240068863,193
387,PLAYER_SLEEPBEFORE_END,1516240068991,193
387,WS_SEND_START,1516240068991,193
387,WS_SEND_END,1516240068991,193
387,WS_RECV_START,1516240068991,194
387,WS_RECV_END,1516240069816,194
387,PLAYER_SLEEPBEFORE_START,1516240069816,195
387,PLAYER_SLEEPBEFORE_END,1516240071572,195
387,WS_SEND_START,1516240071572,195
387,WS_SEND_END,1516240071572,195
387,WS_RECV_START,1516240071572,196
387,WS_RECV_END,1516240072351,196
387,PLAYER_SLEEPBEFORE_START,1516240072351,197
387,PLAYER_SLEEPBEFORE_END,1516240074155,197
387,WS_SEND_START,1516240074155,197
387,WS_SEND_END,1516240074155,197
387,WS_RECV_START,1516240074155,198
387,WS_RECV_END,1516240074903,198
387,PLAYER_SLEEPBEFORE_START,1516240074903,199
387,PLAYER_SLEEPBEFORE_END,1516240086757,199
387,WS_SEND_START,1516240086757,199
387,WS_SEND_END,1516240086757,199
387,PLAYER_SLEEPBEFORE_START,1516240086757,200
387,PLAYER_SLEEPBEFORE_END,1516240090845,200
387,WS_SEND_START,1516240090845,200
387,WS_SEND_END,1516240090845,200
387,WS_RECV_START,1516240090845,201
387,WS_RECV_END,1516240091466,201
387,PLAYER_SLEEPBEFORE_START,1516240091466,202
387,PLAYER_SLEEPBEFORE_END,1516240091481,202
387,WS_SEND_START,1516240091481,202
387,WS_SEND_END,1516240091481,202
387,WS_RECV_START,1516240091481,203
387,WS_RECV_END,1516240091686,203
387,PLAYER_SLEEPBEFORE_START,1516240091686,204
387,PLAYER_SLEEPBEFORE_END,1516240111335,204
387,WS_SEND_START,1516240111335,204
387,WS_SEND_END,1516240111335,204
387,PLAYER_SLEEPBEFORE_START,1516240111335,205
387,PLAYER_SLEEPBEFORE_END,1516240115233,205
387,WS_SEND_START,1516240115233,205
387,WS_SEND_END,1516240115233,205
387,WS_RECV_START,1516240115233,206
387,WS_RECV_END,1516240115889,206
387,PLAYER_SLEEPBEFORE_START,1516240115889,207
387,PLAYER_SLEEPBEFORE_END,1516240132820,207
387,REQ_START,1516240132820,207
387,REQ_END,1516240132826,207
387,PLAYER_SLEEPBEFORE_START,1516240132826,208
387,PLAYER_SLEEPBEFORE_END,1516240139679,208
387,WS_CLOSE_START,1516240139679,208
387,WS_CLOSE_END,1516240139679,208
387,PLAYER_DONE,1516240139679
