# --sessions 1080 --app-url=http://shinyloadtest.rstudioservices.com/cran_explorer --output-dir test1080 --overwrite-output --log-level warn --start-interval 250 15min.log
thread_id,event,timestamp,input_line_number,comment
5,PLAYER_SESSION_CREATE,1516239120436
5,PLAYER_START_INTERVAL_START,1516239120436
5,PLAYER_START_INTERVAL_END,1516239121686
5,REQ_HOME_START,1516239121686,2
5,REQ_HOME_END,1516239121826,2
5,REQ_START,1516239121826,3
5,REQ_END,1516239121941,3
5,REQ_START,1516239121941,4
5,REQ_END,1516239121981,4
5,REQ_START,1516239121981,5
5,REQ_END,1516239122025,5
5,REQ_START,1516239122025,6
5,REQ_END,1516239122059,6
5,REQ_START,1516239122059,7
5,REQ_END,1516239122093,7
5,REQ_START,1516239122093,8
5,REQ_END,1516239122133,8
5,REQ_START,1516239122133,9
5,REQ_END,1516239122169,9
5,REQ_START,1516239122169,10
5,REQ_END,1516239122179,10
5,REQ_START,1516239122179,11
5,REQ_END,1516239122211,11
5,REQ_START,1516239122211,12
5,REQ_END,1516239122222,12
5,REQ_START,1516239122222,13
5,REQ_END,1516239122255,13
5,REQ_START,1516239122255,14
5,REQ_END,1516239122273,14
5,REQ_START,1516239122273,15
5,REQ_END,1516239122326,15
5,REQ_TOK_START,1516239122326,16
5,REQ_TOK_END,1516239122333,16
5,REQ_SINF_START,1516239122333,17
5,REQ_SINF_END,1516239122341,17
5,WS_OPEN_START,1516239122341,18
5,WS_OPEN_END,1516239122347,18
5,REQ_START,1516239122347,19
5,REQ_END,1516239122454,19
5,WS_RECV_START,1516239122454,20
5,WS_RECV_END,1516239122454,20
5,PLAYER_SLEEPBEFORE_START,1516239122454,21
5,PLAYER_SLEEPBEFORE_END,1516239122459,21
5,WS_SEND_START,1516239122459,21
5,WS_SEND_END,1516239122459,21
5,PLAYER_SLEEPBEFORE_START,1516239122459,22
5,PLAYER_SLEEPBEFORE_END,1516239122462,22
5,WS_SEND_START,1516239122462,22
5,WS_SEND_END,1516239122462,22
5,WS_RECV_INIT_START,1516239122462,23
5,WS_RECV_INIT_END,1516239122536,23
5,WS_RECV_START,1516239122536,24
5,WS_RECV_END,1516239122761,24
5,PLAYER_SLEEPBEFORE_START,1516239122761,25
5,PLAYER_SLEEPBEFORE_END,1516239122768,25
5,REQ_START,1516239122768,25
5,REQ_END,1516239122796,25
5,PLAYER_SLEEPBEFORE_START,1516239122796,26
5,PLAYER_SLEEPBEFORE_END,1516239122797,26
5,REQ_START,1516239122797,26
5,REQ_END,1516239122826,26
5,PLAYER_SLEEPBEFORE_START,1516239122826,27
5,PLAYER_SLEEPBEFORE_END,1516239122829,27
5,REQ_START,1516239122829,27
5,REQ_END,1516239122859,27
5,PLAYER_SLEEPBEFORE_START,1516239122859,28
5,PLAYER_SLEEPBEFORE_END,1516239123144,28
5,REQ_START,1516239123144,28
5,REQ_END,1516239123175,28
5,PLAYER_SLEEPBEFORE_START,1516239123175,29
5,PLAYER_SLEEPBEFORE_END,1516239123350,29
5,WS_SEND_START,1516239123350,29
5,WS_SEND_END,1516239123350,29
5,WS_RECV_START,1516239123350,30
5,WS_RECV_END,1516239123975,30
5,PLAYER_SLEEPBEFORE_START,1516239123975,31
5,PLAYER_SLEEPBEFORE_END,1516239123986,31
5,REQ_START,1516239123986,31
5,REQ_END,1516239124018,31
5,PLAYER_SLEEPBEFORE_START,1516239124018,32
5,PLAYER_SLEEPBEFORE_END,1516239152163,32
5,WS_SEND_START,1516239152163,32
5,WS_SEND_END,1516239152163,32
5,WS_RECV_START,1516239152163,33
5,WS_RECV_END,1516239152250,33
5,PLAYER_SLEEPBEFORE_START,1516239152250,34
5,PLAYER_SLEEPBEFORE_END,1516239178161,34
5,WS_SEND_START,1516239178161,34
5,WS_SEND_END,1516239178161,34
5,WS_RECV_START,1516239178161,35
5,WS_RECV_END,1516239178200,35
5,PLAYER_SLEEPBEFORE_START,1516239178200,36
5,PLAYER_SLEEPBEFORE_END,1516239178209,36
5,WS_SEND_START,1516239178209,36
5,WS_SEND_END,1516239178209,36
5,WS_RECV_START,1516239178209,37
5,WS_RECV_END,1516239178268,37
5,PLAYER_SLEEPBEFORE_START,1516239178268,38
5,PLAYER_SLEEPBEFORE_END,1516239181463,38
5,WS_SEND_START,1516239181463,38
5,WS_SEND_END,1516239181463,38
5,WS_RECV_START,1516239181463,39
5,WS_RECV_END,1516239185176,39
5,PLAYER_SLEEPBEFORE_START,1516239185176,40
5,PLAYER_SLEEPBEFORE_END,1516239185222,40
5,WS_SEND_START,1516239185222,40
5,WS_SEND_END,1516239185222,40
5,WS_RECV_START,1516239185222,41
5,WS_RECV_END,1516239185475,41
5,PLAYER_SLEEPBEFORE_START,1516239185475,42
5,PLAYER_SLEEPBEFORE_END,1516239203610,42
5,WS_SEND_START,1516239203610,42
5,WS_SEND_END,1516239203610,42
5,WS_RECV_START,1516239203610,43
5,WS_RECV_END,1516239203643,43
5,PLAYER_SLEEPBEFORE_START,1516239203643,44
5,PLAYER_SLEEPBEFORE_END,1516239203655,44
5,WS_SEND_START,1516239203655,44
5,WS_SEND_END,1516239203655,44
5,WS_RECV_START,1516239203655,45
5,WS_RECV_END,1516239203694,45
5,PLAYER_SLEEPBEFORE_START,1516239203694,46
5,PLAYER_SLEEPBEFORE_END,1516239204954,46
5,WS_SEND_START,1516239204954,46
5,WS_SEND_END,1516239204955,46
5,WS_RECV_START,1516239204955,47
5,WS_RECV_END,1516239204985,47
5,PLAYER_SLEEPBEFORE_START,1516239204985,48
5,PLAYER_SLEEPBEFORE_END,1516239206305,48
5,WS_SEND_START,1516239206305,48
5,WS_SEND_END,1516239206305,48
5,WS_RECV_START,1516239206305,49
5,WS_RECV_END,1516239209360,49
5,PLAYER_SLEEPBEFORE_START,1516239209360,50
5,PLAYER_SLEEPBEFORE_END,1516239209384,50
5,WS_SEND_START,1516239209384,50
5,WS_SEND_END,1516239209384,50
5,WS_RECV_START,1516239209384,51
5,WS_RECV_END,1516239209620,51
5,PLAYER_SLEEPBEFORE_START,1516239209620,52
5,PLAYER_SLEEPBEFORE_END,1516239232184,52
5,WS_SEND_START,1516239232184,52
5,WS_SEND_END,1516239232184,52
5,WS_RECV_START,1516239232184,53
5,WS_RECV_END,1516239232267,53
5,PLAYER_SLEEPBEFORE_START,1516239232267,54
5,PLAYER_SLEEPBEFORE_END,1516239253570,54
5,WS_SEND_START,1516239253570,54
5,WS_SEND_END,1516239253571,54
5,PLAYER_SLEEPBEFORE_START,1516239253571,55
5,PLAYER_SLEEPBEFORE_END,1516239255512,55
5,WS_SEND_START,1516239255512,55
5,WS_SEND_END,1516239255512,55
5,WS_RECV_START,1516239255512,56
5,WS_RECV_END,1516239255559,56
5,PLAYER_SLEEPBEFORE_START,1516239255559,57
5,PLAYER_SLEEPBEFORE_END,1516239278431,57
5,WS_SEND_START,1516239278431,57
5,WS_SEND_END,1516239278431,57
5,WS_RECV_START,1516239278431,58
5,WS_RECV_END,1516239278488,58
5,PLAYER_SLEEPBEFORE_START,1516239278488,59
5,PLAYER_SLEEPBEFORE_END,1516239280815,59
5,WS_SEND_START,1516239280815,59
5,WS_SEND_END,1516239280815,59
5,WS_RECV_START,1516239280815,60
5,WS_RECV_END,1516239280906,60
5,PLAYER_SLEEPBEFORE_START,1516239280906,61
5,PLAYER_SLEEPBEFORE_END,1516239284498,61
5,WS_SEND_START,1516239284498,61
5,WS_SEND_END,1516239284498,61
5,WS_RECV_START,1516239284498,62
5,WS_RECV_END,1516239284688,62
5,PLAYER_SLEEPBEFORE_START,1516239284688,63
5,PLAYER_SLEEPBEFORE_END,1516239303950,63
5,WS_SEND_START,1516239303950,63
5,WS_SEND_END,1516239303950,63
5,WS_RECV_START,1516239303950,64
5,WS_RECV_END,1516239304054,64
5,PLAYER_SLEEPBEFORE_START,1516239304054,65
5,PLAYER_SLEEPBEFORE_END,1516239330871,65
5,WS_SEND_START,1516239330871,65
5,WS_SEND_END,1516239330871,65
5,WS_RECV_START,1516239330871,66
5,WS_RECV_END,1516239331061,66
5,PLAYER_SLEEPBEFORE_START,1516239331061,67
5,PLAYER_SLEEPBEFORE_END,1516239332568,67
5,WS_SEND_START,1516239332568,67
5,WS_SEND_END,1516239332568,67
5,WS_RECV_START,1516239332568,68
5,WS_RECV_END,1516239332853,68
5,PLAYER_SLEEPBEFORE_START,1516239332853,69
5,PLAYER_SLEEPBEFORE_END,1516239354851,69
5,WS_SEND_START,1516239354851,69
5,WS_SEND_END,1516239354851,69
5,WS_RECV_START,1516239354851,70
5,WS_RECV_END,1516239354935,70
5,PLAYER_SLEEPBEFORE_START,1516239354935,71
5,PLAYER_SLEEPBEFORE_END,1516239379710,71
5,WS_SEND_START,1516239379710,71
5,WS_SEND_END,1516239379710,71
5,PLAYER_SLEEPBEFORE_START,1516239379710,72
5,PLAYER_SLEEPBEFORE_END,1516239382318,72
5,WS_SEND_START,1516239382318,72
5,WS_SEND_END,1516239382318,72
5,WS_RECV_START,1516239382318,73
5,WS_RECV_END,1516239382542,73
5,PLAYER_SLEEPBEFORE_START,1516239382542,74
5,PLAYER_SLEEPBEFORE_END,1516239382552,74
5,WS_SEND_START,1516239382552,74
5,WS_SEND_END,1516239382552,74
5,WS_RECV_START,1516239382552,75
5,WS_RECV_END,1516239382594,75
5,PLAYER_SLEEPBEFORE_START,1516239382594,76
5,PLAYER_SLEEPBEFORE_END,1516239384100,76
5,WS_SEND_START,1516239384100,76
5,WS_SEND_END,1516239384100,76
5,WS_RECV_START,1516239384100,77
5,WS_RECV_END,1516239384138,77
5,PLAYER_SLEEPBEFORE_START,1516239384138,78
5,PLAYER_SLEEPBEFORE_END,1516239385006,78
5,WS_SEND_START,1516239385006,78
5,WS_SEND_END,1516239385006,78
5,WS_RECV_START,1516239385006,79
5,WS_RECV_END,1516239385176,79
5,PLAYER_SLEEPBEFORE_START,1516239385176,80
5,PLAYER_SLEEPBEFORE_END,1516239392842,80
5,WS_SEND_START,1516239392842,80
5,WS_SEND_END,1516239392842,80
5,WS_RECV_START,1516239392842,81
5,WS_RECV_END,1516239393105,81
5,PLAYER_SLEEPBEFORE_START,1516239393105,82
5,PLAYER_SLEEPBEFORE_END,1516239394207,82
5,WS_SEND_START,1516239394207,82
5,WS_SEND_END,1516239394207,82
5,WS_RECV_START,1516239394207,83
5,WS_RECV_END,1516239394265,83
5,PLAYER_SLEEPBEFORE_START,1516239394265,84
5,PLAYER_SLEEPBEFORE_END,1516239395212,84
5,WS_SEND_START,1516239395212,84
5,WS_SEND_END,1516239395212,84
5,WS_RECV_START,1516239395212,85
5,WS_RECV_END,1516239395243,85
5,PLAYER_SLEEPBEFORE_START,1516239395243,86
5,PLAYER_SLEEPBEFORE_END,1516239399415,86
5,WS_SEND_START,1516239399415,86
5,WS_SEND_END,1516239399415,86
5,WS_RECV_START,1516239399415,87
5,WS_RECV_END,1516239400312,87
5,PLAYER_SLEEPBEFORE_START,1516239400312,88
5,PLAYER_SLEEPBEFORE_END,1516239400321,88
5,WS_SEND_START,1516239400321,88
5,WS_SEND_END,1516239400321,88
5,WS_RECV_START,1516239400321,89
5,WS_RECV_END,1516239400721,89
5,PLAYER_SLEEPBEFORE_START,1516239400721,90
5,PLAYER_SLEEPBEFORE_END,1516239427919,90
5,REQ_START,1516239427919,90
5,REQ_END,1516239427927,90
5,PLAYER_SLEEPBEFORE_START,1516239427927,91
5,PLAYER_SLEEPBEFORE_END,1516239435816,91
5,WS_SEND_START,1516239435816,91
5,WS_SEND_END,1516239435816,91
5,WS_RECV_START,1516239435816,92
5,WS_RECV_END,1516239436473,92
5,PLAYER_SLEEPBEFORE_START,1516239436473,93
5,PLAYER_SLEEPBEFORE_END,1516239436488,93
5,WS_SEND_START,1516239436488,93
5,WS_SEND_END,1516239436489,93
5,WS_RECV_START,1516239436489,94
5,WS_RECV_END,1516239436993,94
5,PLAYER_SLEEPBEFORE_START,1516239436993,95
5,PLAYER_SLEEPBEFORE_END,1516239460548,95
5,WS_SEND_START,1516239460548,95
5,WS_SEND_END,1516239460548,95
5,WS_RECV_START,1516239460548,96
5,WS_RECV_END,1516239460685,96
5,PLAYER_SLEEPBEFORE_START,1516239460685,97
5,PLAYER_SLEEPBEFORE_END,1516239483125,97
5,WS_SEND_START,1516239483125,97
5,WS_SEND_END,1516239483125,97
5,WS_RECV_START,1516239483125,98
5,WS_RECV_END,1516239484575,98
5,PLAYER_SLEEPBEFORE_START,1516239484575,99
5,PLAYER_SLEEPBEFORE_END,1516239484596,99
5,WS_SEND_START,1516239484596,99
5,WS_SEND_END,1516239484596,99
5,WS_RECV_START,1516239484596,100
5,WS_RECV_END,1516239484921,100
5,PLAYER_SLEEPBEFORE_START,1516239484921,101
5,PLAYER_SLEEPBEFORE_END,1516239508480,101
5,WS_SEND_START,1516239508480,101
5,WS_SEND_END,1516239508480,101
5,WS_RECV_START,1516239508480,102
5,WS_RECV_END,1516239508682,102
5,PLAYER_SLEEPBEFORE_START,1516239508682,103
5,PLAYER_SLEEPBEFORE_END,1516239532307,103
5,WS_SEND_START,1516239532307,103
5,WS_SEND_END,1516239532307,103
5,WS_RECV_START,1516239532307,104
5,WS_RECV_END,1516239532457,104
5,PLAYER_SLEEPBEFORE_START,1516239532457,105
5,PLAYER_SLEEPBEFORE_END,1516239557834,105
5,WS_SEND_START,1516239557834,105
5,WS_SEND_END,1516239557834,105
5,WS_RECV_START,1516239557834,106
5,WS_RECV_END,1516239557955,106
5,PLAYER_SLEEPBEFORE_START,1516239557955,107
5,PLAYER_SLEEPBEFORE_END,1516239581379,107
5,WS_SEND_START,1516239581379,107
5,WS_SEND_END,1516239581379,107
5,WS_RECV_START,1516239581379,108
5,WS_RECV_END,1516239581407,108
5,PLAYER_SLEEPBEFORE_START,1516239581407,109
5,PLAYER_SLEEPBEFORE_END,1516239581417,109
5,WS_SEND_START,1516239581417,109
5,WS_SEND_END,1516239581417,109
5,WS_RECV_START,1516239581417,110
5,WS_RECV_END,1516239581462,110
5,PLAYER_SLEEPBEFORE_START,1516239581462,111
5,PLAYER_SLEEPBEFORE_END,1516239582421,111
5,WS_SEND_START,1516239582421,111
5,WS_SEND_END,1516239582421,111
5,WS_RECV_START,1516239582421,112
5,WS_RECV_END,1516239582468,112
5,PLAYER_SLEEPBEFORE_START,1516239582468,113
5,PLAYER_SLEEPBEFORE_END,1516239583030,113
5,WS_SEND_START,1516239583030,113
5,WS_SEND_END,1516239583030,113
5,WS_RECV_START,1516239583030,114
5,WS_RECV_END,1516239583591,114
5,PLAYER_SLEEPBEFORE_START,1516239583591,115
5,PLAYER_SLEEPBEFORE_END,1516239583600,115
5,WS_SEND_START,1516239583600,115
5,WS_SEND_END,1516239583600,115
5,WS_RECV_START,1516239583600,116
5,WS_RECV_END,1516239583730,116
5,PLAYER_SLEEPBEFORE_START,1516239583730,117
5,PLAYER_SLEEPBEFORE_END,1516239604091,117
5,WS_SEND_START,1516239604091,117
5,WS_SEND_END,1516239604091,117
5,PLAYER_SLEEPBEFORE_START,1516239604091,118
5,PLAYER_SLEEPBEFORE_END,1516239607843,118
5,WS_SEND_START,1516239607843,118
5,WS_SEND_END,1516239607843,118
5,WS_RECV_START,1516239607843,119
5,WS_RECV_END,1516239607930,119
5,PLAYER_SLEEPBEFORE_START,1516239607930,120
5,PLAYER_SLEEPBEFORE_END,1516239608919,120
5,WS_SEND_START,1516239608919,120
5,WS_SEND_END,1516239608919,120
5,WS_RECV_START,1516239608919,121
5,WS_RECV_END,1516239609310,121
5,PLAYER_SLEEPBEFORE_START,1516239609310,122
5,PLAYER_SLEEPBEFORE_END,1516239610495,122
5,WS_SEND_START,1516239610495,122
5,WS_SEND_END,1516239610495,122
5,WS_RECV_START,1516239610495,123
5,WS_RECV_END,1516239610619,123
5,PLAYER_SLEEPBEFORE_START,1516239610619,124
5,PLAYER_SLEEPBEFORE_END,1516239635024,124
5,WS_SEND_START,1516239635024,124
5,WS_SEND_END,1516239635024,124
5,WS_RECV_START,1516239635024,125
5,WS_RECV_END,1516239635210,125
5,PLAYER_SLEEPBEFORE_START,1516239635210,126
5,PLAYER_SLEEPBEFORE_END,1516239655722,126
5,WS_SEND_START,1516239655722,126
5,WS_SEND_END,1516239655722,126
5,PLAYER_SLEEPBEFORE_START,1516239655722,127
5,PLAYER_SLEEPBEFORE_END,1516239658776,127
5,WS_SEND_START,1516239658776,127
5,WS_SEND_END,1516239658776,127
5,WS_RECV_START,1516239658776,128
5,WS_RECV_END,1516239659696,128
5,PLAYER_SLEEPBEFORE_START,1516239659696,129
5,PLAYER_SLEEPBEFORE_END,1516239659717,129
5,WS_SEND_START,1516239659717,129
5,WS_SEND_END,1516239659717,129
5,WS_RECV_START,1516239659717,130
5,WS_RECV_END,1516239660234,130
5,PLAYER_SLEEPBEFORE_START,1516239660234,131
5,PLAYER_SLEEPBEFORE_END,1516239681858,131
5,WS_SEND_START,1516239681858,131
5,WS_SEND_END,1516239681858,131
5,PLAYER_SLEEPBEFORE_START,1516239681858,132
5,PLAYER_SLEEPBEFORE_END,1516239684938,132
5,WS_SEND_START,1516239684938,132
5,WS_SEND_END,1516239684938,132
5,WS_RECV_START,1516239684938,133
5,WS_RECV_END,1516239685062,133
5,PLAYER_SLEEPBEFORE_START,1516239685062,134
5,PLAYER_SLEEPBEFORE_END,1516239706279,134
5,WS_SEND_START,1516239706279,134
5,WS_SEND_END,1516239706279,134
5,PLAYER_SLEEPBEFORE_START,1516239706279,135
5,PLAYER_SLEEPBEFORE_END,1516239709470,135
5,WS_SEND_START,1516239709470,135
5,WS_SEND_END,1516239709470,135
5,WS_RECV_START,1516239709470,136
5,WS_RECV_END,1516239709542,136
5,PLAYER_SLEEPBEFORE_START,1516239709542,137
5,PLAYER_SLEEPBEFORE_END,1516239709549,137
5,WS_SEND_START,1516239709549,137
5,WS_SEND_END,1516239709549,137
5,WS_RECV_START,1516239709549,138
5,WS_RECV_END,1516239709602,138
5,PLAYER_SLEEPBEFORE_START,1516239709602,139
5,PLAYER_SLEEPBEFORE_END,1516239710292,139
5,WS_SEND_START,1516239710292,139
5,WS_SEND_END,1516239710292,139
5,WS_RECV_START,1516239710292,140
5,WS_RECV_END,1516239710340,140
5,PLAYER_SLEEPBEFORE_START,1516239710340,141
5,PLAYER_SLEEPBEFORE_END,1516239710995,141
5,WS_SEND_START,1516239710995,141
5,WS_SEND_END,1516239710995,141
5,WS_RECV_START,1516239710995,142
5,WS_RECV_END,1516239712971,142
5,PLAYER_SLEEPBEFORE_START,1516239712971,143
5,PLAYER_SLEEPBEFORE_END,1516239713028,143
5,WS_SEND_START,1516239713028,143
5,WS_SEND_END,1516239713028,143
5,WS_RECV_START,1516239713028,144
5,WS_RECV_END,1516239713489,144
5,PLAYER_SLEEPBEFORE_START,1516239713489,145
5,PLAYER_SLEEPBEFORE_END,1516239729551,145
5,REQ_START,1516239729551,145
5,REQ_END,1516239729576,145
5,PLAYER_SLEEPBEFORE_START,1516239729576,146
5,PLAYER_SLEEPBEFORE_END,1516239738453,146
5,WS_SEND_START,1516239738453,146
5,WS_SEND_END,1516239738454,146
5,WS_RECV_START,1516239738454,147
5,WS_RECV_END,1516239739155,147
5,PLAYER_SLEEPBEFORE_START,1516239739155,148
5,PLAYER_SLEEPBEFORE_END,1516239761077,148
5,WS_SEND_START,1516239761078,148
5,WS_SEND_END,1516239761078,148
5,PLAYER_SLEEPBEFORE_START,1516239761078,149
5,PLAYER_SLEEPBEFORE_END,1516239763506,149
5,WS_SEND_START,1516239763506,149
5,WS_SEND_END,1516239763506,149
5,WS_RECV_START,1516239763506,150
5,WS_RECV_END,1516239763729,150
5,PLAYER_SLEEPBEFORE_START,1516239763729,151
5,PLAYER_SLEEPBEFORE_END,1516239763939,151
5,WS_SEND_START,1516239763939,151
5,WS_SEND_END,1516239763939,151
5,WS_RECV_START,1516239763939,152
5,WS_RECV_END,1516239764217,152
5,PLAYER_SLEEPBEFORE_START,1516239764217,153
5,PLAYER_SLEEPBEFORE_END,1516239788144,153
5,WS_SEND_START,1516239788144,153
5,WS_SEND_END,1516239788144,153
5,WS_RECV_START,1516239788144,154
5,WS_RECV_END,1516239788276,154
5,PLAYER_SLEEPBEFORE_START,1516239788276,155
5,PLAYER_SLEEPBEFORE_END,1516239810834,155
5,WS_SEND_START,1516239810834,155
5,WS_SEND_END,1516239810834,155
5,PLAYER_SLEEPBEFORE_START,1516239810834,156
5,PLAYER_SLEEPBEFORE_END,1516239814113,156
5,WS_SEND_START,1516239814113,156
5,WS_SEND_END,1516239814113,156
5,WS_RECV_START,1516239814113,157
5,WS_RECV_END,1516239814185,157
5,PLAYER_SLEEPBEFORE_START,1516239814185,158
5,PLAYER_SLEEPBEFORE_END,1516239814196,158
5,WS_SEND_START,1516239814196,158
5,WS_SEND_END,1516239814196,158
5,WS_RECV_START,1516239814196,159
5,WS_RECV_END,1516239814246,159
5,PLAYER_SLEEPBEFORE_START,1516239814246,160
5,PLAYER_SLEEPBEFORE_END,1516239814421,160
5,WS_SEND_START,1516239814421,160
5,WS_SEND_END,1516239814421,160
5,WS_RECV_START,1516239814421,161
5,WS_RECV_END,1516239815420,161
5,PLAYER_SLEEPBEFORE_START,1516239815420,162
5,PLAYER_SLEEPBEFORE_END,1516239815445,162
5,WS_SEND_START,1516239815445,162
5,WS_SEND_END,1516239815445,162
5,WS_RECV_START,1516239815445,163
5,WS_RECV_END,1516239816503,163
5,PLAYER_SLEEPBEFORE_START,1516239816503,164
5,PLAYER_SLEEPBEFORE_END,1516239837315,164
5,WS_SEND_START,1516239837315,164
5,WS_SEND_END,1516239837315,164
5,WS_RECV_START,1516239837315,165
5,WS_RECV_END,1516239837837,165
5,PLAYER_SLEEPBEFORE_START,1516239837837,166
5,PLAYER_SLEEPBEFORE_END,1516239860292,166
5,WS_SEND_START,1516239860292,166
5,WS_SEND_END,1516239860292,166
5,WS_RECV_START,1516239860292,167
5,WS_RECV_END,1516239860683,167
5,PLAYER_SLEEPBEFORE_START,1516239860683,168
5,PLAYER_SLEEPBEFORE_END,1516239888040,168
5,WS_SEND_START,1516239888040,168
5,WS_SEND_END,1516239888041,168
5,WS_RECV_START,1516239888041,169
5,WS_RECV_END,1516239888089,169
5,PLAYER_SLEEPBEFORE_START,1516239888089,170
5,PLAYER_SLEEPBEFORE_END,1516239888098,170
5,WS_SEND_START,1516239888098,170
5,WS_SEND_END,1516239888098,170
5,WS_RECV_START,1516239888098,171
5,WS_RECV_END,1516239888150,171
5,PLAYER_SLEEPBEFORE_START,1516239888150,172
5,PLAYER_SLEEPBEFORE_END,1516239888519,172
5,WS_SEND_START,1516239888519,172
5,WS_SEND_END,1516239888519,172
5,WS_RECV_START,1516239888519,173
5,WS_RECV_END,1516239890055,173
5,PLAYER_SLEEPBEFORE_START,1516239890055,174
5,PLAYER_SLEEPBEFORE_END,1516239890096,174
5,WS_SEND_START,1516239890096,174
5,WS_SEND_END,1516239890096,174
5,WS_RECV_START,1516239890096,175
5,WS_RECV_END,1516239890362,175
5,PLAYER_SLEEPBEFORE_START,1516239890362,176
5,PLAYER_SLEEPBEFORE_END,1516239912123,176
5,WS_SEND_START,1516239912123,176
5,WS_SEND_END,1516239912123,176
5,PLAYER_SLEEPBEFORE_START,1516239912123,177
5,PLAYER_SLEEPBEFORE_END,1516239914641,177
5,WS_SEND_START,1516239914641,177
5,WS_SEND_END,1516239914641,177
5,WS_RECV_START,1516239914641,178
5,WS_RECV_END,1516239914779,178
5,PLAYER_SLEEPBEFORE_START,1516239914779,179
5,PLAYER_SLEEPBEFORE_END,1516239937119,179
5,WS_SEND_START,1516239937119,179
5,WS_SEND_END,1516239937119,179
5,WS_RECV_START,1516239937120,180
5,WS_RECV_END,1516239937294,180
5,PLAYER_SLEEPBEFORE_START,1516239937294,181
5,PLAYER_SLEEPBEFORE_END,1516239937738,181
5,WS_SEND_START,1516239937738,181
5,WS_SEND_END,1516239937738,181
5,WS_RECV_START,1516239937738,182
5,WS_RECV_END,1516239937900,182
5,PLAYER_SLEEPBEFORE_START,1516239937900,183
5,PLAYER_SLEEPBEFORE_END,1516239938423,183
5,WS_SEND_START,1516239938423,183
5,WS_SEND_END,1516239938423,183
5,WS_RECV_START,1516239938423,184
5,WS_RECV_END,1516239938727,184
5,PLAYER_SLEEPBEFORE_START,1516239938727,185
5,PLAYER_SLEEPBEFORE_END,1516239938995,185
5,WS_SEND_START,1516239938995,185
5,WS_SEND_END,1516239938995,185
5,WS_RECV_START,1516239938995,186
5,WS_RECV_END,1516239939411,186
5,PLAYER_SLEEPBEFORE_START,1516239939411,187
5,PLAYER_SLEEPBEFORE_END,1516239961911,187
5,WS_SEND_START,1516239961911,187
5,WS_SEND_END,1516239961911,187
5,WS_RECV_START,1516239961911,188
5,WS_RECV_END,1516239962835,188
5,PLAYER_SLEEPBEFORE_START,1516239962835,189
5,PLAYER_SLEEPBEFORE_END,1516239969074,189
5,WS_SEND_START,1516239969074,189
5,WS_SEND_END,1516239969074,189
5,WS_RECV_START,1516239969074,190
5,WS_RECV_END,1516239969360,190
5,PLAYER_SLEEPBEFORE_START,1516239969360,191
5,PLAYER_SLEEPBEFORE_END,1516239971275,191
5,WS_SEND_START,1516239971275,191
5,WS_SEND_END,1516239971275,191
5,WS_RECV_START,1516239971275,192
5,WS_RECV_END,1516239971848,192
5,PLAYER_SLEEPBEFORE_START,1516239971848,193
5,PLAYER_SLEEPBEFORE_END,1516239971977,193
5,WS_SEND_START,1516239971977,193
5,WS_SEND_END,1516239971977,193
5,WS_RECV_START,1516239971977,194
5,WS_RECV_END,1516239972917,194
5,PLAYER_SLEEPBEFORE_START,1516239972917,195
5,PLAYER_SLEEPBEFORE_END,1516239974672,195
5,WS_SEND_START,1516239974672,195
5,WS_SEND_END,1516239974672,195
5,WS_RECV_START,1516239974672,196
5,WS_RECV_END,1516239975370,196
5,PLAYER_SLEEPBEFORE_START,1516239975370,197
5,PLAYER_SLEEPBEFORE_END,1516239977174,197
5,WS_SEND_START,1516239977174,197
5,WS_SEND_END,1516239977174,197
5,WS_RECV_START,1516239977174,198
5,WS_RECV_END,1516239978045,198
5,PLAYER_SLEEPBEFORE_START,1516239978045,199
5,PLAYER_SLEEPBEFORE_END,1516239989899,199
5,WS_SEND_START,1516239989899,199
5,WS_SEND_END,1516239989899,199
5,PLAYER_SLEEPBEFORE_START,1516239989899,200
5,PLAYER_SLEEPBEFORE_END,1516239993987,200
5,WS_SEND_START,1516239993987,200
5,WS_SEND_END,1516239993988,200
5,WS_RECV_START,1516239993988,201
5,WS_RECV_END,1516239995165,201
5,PLAYER_SLEEPBEFORE_START,1516239995165,202
5,PLAYER_SLEEPBEFORE_END,1516239995179,202
5,WS_SEND_START,1516239995179,202
5,WS_SEND_END,1516239995179,202
5,WS_RECV_START,1516239995179,203
5,WS_RECV_END,1516239995817,203
5,PLAYER_SLEEPBEFORE_START,1516239995817,204
5,PLAYER_SLEEPBEFORE_END,1516240015466,204
5,WS_SEND_START,1516240015466,204
5,WS_SEND_END,1516240015466,204
5,PLAYER_SLEEPBEFORE_START,1516240015466,205
5,PLAYER_SLEEPBEFORE_END,1516240019365,205
5,WS_SEND_START,1516240019365,205
5,WS_SEND_END,1516240019365,205
5,WS_RECV_START,1516240019365,206
5,WS_RECV_END,1516240020405,206
5,PLAYER_SLEEPBEFORE_START,1516240020405,207
5,PLAYER_SLEEPBEFORE_END,1516240037336,207
5,REQ_START,1516240037336,207
5,REQ_END,1516240037356,207
5,PLAYER_SLEEPBEFORE_START,1516240037357,208
5,PLAYER_SLEEPBEFORE_END,1516240044209,208
5,WS_CLOSE_START,1516240044209,208
5,WS_CLOSE_END,1516240044209,208
5,PLAYER_DONE,1516240044209
