# --sessions 1080 --app-url=http://shinyloadtest.rstudioservices.com/cran_explorer --output-dir test1080 --overwrite-output --log-level warn --start-interval 250 15min.log
thread_id,event,timestamp,input_line_number,comment
526,PLAYER_SESSION_CREATE,1516239120656
526,PLAYER_START_INTERVAL_START,1516239120656
526,PLAYER_START_INTERVAL_END,1516239252156
526,REQ_HOME_START,1516239252156,2
526,REQ_HOME_END,1516239252245,2
526,REQ_START,1516239252245,3
526,REQ_END,1516239252279,3
526,REQ_START,1516239252280,4
526,REQ_END,1516239252314,4
526,REQ_START,1516239252314,5
526,REQ_END,1516239252350,5
526,REQ_START,1516239252350,6
526,REQ_END,1516239252399,6
526,REQ_START,1516239252399,7
526,REQ_END,1516239252434,7
526,REQ_START,1516239252434,8
526,REQ_END,1516239252485,8
526,REQ_START,1516239252485,9
526,REQ_END,1516239252524,9
526,REQ_START,1516239252524,10
526,REQ_END,1516239252529,10
526,REQ_START,1516239252529,11
526,REQ_END,1516239252563,11
526,REQ_START,1516239252563,12
526,REQ_END,1516239252569,12
526,REQ_START,1516239252569,13
526,REQ_END,1516239252603,13
526,REQ_START,1516239252603,14
526,REQ_END,1516239252616,14
526,REQ_START,1516239252616,15
526,REQ_END,1516239252652,15
526,REQ_TOK_START,1516239252652,16
526,REQ_TOK_END,1516239252656,16
526,REQ_SINF_START,1516239252656,17
526,REQ_SINF_END,1516239252660,17
526,WS_OPEN_START,1516239252660,18
526,WS_OPEN_END,1516239252663,18
526,REQ_START,1516239252663,19
526,REQ_END,1516239252741,19
526,WS_RECV_START,1516239252741,20
526,WS_RECV_END,1516239252741,20
526,PLAYER_SLEEPBEFORE_START,1516239252741,21
526,PLAYER_SLEEPBEFORE_END,1516239252746,21
526,WS_SEND_START,1516239252746,21
526,WS_SEND_END,1516239252746,21
526,PLAYER_SLEEPBEFORE_START,1516239252746,22
526,PLAYER_SLEEPBEFORE_END,1516239252748,22
526,WS_SEND_START,1516239252748,22
526,WS_SEND_END,1516239252748,22
526,WS_RECV_INIT_START,1516239252748,23
526,WS_RECV_INIT_END,1516239252769,23
526,WS_RECV_START,1516239252769,24
526,WS_RECV_END,1516239252824,24
526,PLAYER_SLEEPBEFORE_START,1516239252824,25
526,PLAYER_SLEEPBEFORE_END,1516239252831,25
526,REQ_START,1516239252831,25
526,REQ_END,1516239252865,25
526,PLAYER_SLEEPBEFORE_START,1516239252865,26
526,PLAYER_SLEEPBEFORE_END,1516239252866,26
526,REQ_START,1516239252866,26
526,REQ_END,1516239252902,26
526,PLAYER_SLEEPBEFORE_START,1516239252902,27
526,PLAYER_SLEEPBEFORE_END,1516239252905,27
526,REQ_START,1516239252905,27
526,REQ_END,1516239252939,27
526,PLAYER_SLEEPBEFORE_START,1516239252939,28
526,PLAYER_SLEEPBEFORE_END,1516239253224,28
526,REQ_START,1516239253224,28
526,REQ_END,1516239253256,28
526,PLAYER_SLEEPBEFORE_START,1516239253256,29
526,PLAYER_SLEEPBEFORE_END,1516239253431,29
526,WS_SEND_START,1516239253431,29
526,WS_SEND_END,1516239253431,29
526,WS_RECV_START,1516239253431,30
526,WS_RECV_END,1516239253545,30
526,PLAYER_SLEEPBEFORE_START,1516239253545,31
526,PLAYER_SLEEPBEFORE_END,1516239253556,31
526,REQ_START,1516239253556,31
526,REQ_END,1516239253605,31
526,PLAYER_SLEEPBEFORE_START,1516239253605,32
526,PLAYER_SLEEPBEFORE_END,1516239281750,32
526,WS_SEND_START,1516239281750,32
526,WS_SEND_END,1516239281750,32
526,WS_RECV_START,1516239281750,33
526,WS_RECV_END,1516239281873,33
526,PLAYER_SLEEPBEFORE_START,1516239281873,34
526,PLAYER_SLEEPBEFORE_END,1516239307784,34
526,WS_SEND_START,1516239307784,34
526,WS_SEND_END,1516239307784,34
526,WS_RECV_START,1516239307784,35
526,WS_RECV_END,1516239307812,35
526,PLAYER_SLEEPBEFORE_START,1516239307812,36
526,PLAYER_SLEEPBEFORE_END,1516239307821,36
526,WS_SEND_START,1516239307821,36
526,WS_SEND_END,1516239307821,36
526,WS_RECV_START,1516239307821,37
526,WS_RECV_END,1516239307863,37
526,PLAYER_SLEEPBEFORE_START,1516239307863,38
526,PLAYER_SLEEPBEFORE_END,1516239311058,38
526,WS_SEND_START,1516239311058,38
526,WS_SEND_END,1516239311058,38
526,WS_RECV_START,1516239311058,39
526,WS_RECV_END,1516239311187,39
526,PLAYER_SLEEPBEFORE_START,1516239311187,40
526,PLAYER_SLEEPBEFORE_END,1516239311233,40
526,WS_SEND_START,1516239311233,40
526,WS_SEND_END,1516239311233,40
526,WS_RECV_START,1516239311233,41
526,WS_RECV_END,1516239311343,41
526,PLAYER_SLEEPBEFORE_START,1516239311343,42
526,PLAYER_SLEEPBEFORE_END,1516239329478,42
526,WS_SEND_START,1516239329478,42
526,WS_SEND_END,1516239329478,42
526,WS_RECV_START,1516239329478,43
526,WS_RECV_END,1516239329509,43
526,PLAYER_SLEEPBEFORE_START,1516239329509,44
526,PLAYER_SLEEPBEFORE_END,1516239329522,44
526,WS_SEND_START,1516239329522,44
526,WS_SEND_END,1516239329522,44
526,WS_RECV_START,1516239329522,45
526,WS_RECV_END,1516239329563,45
526,PLAYER_SLEEPBEFORE_START,1516239329563,46
526,PLAYER_SLEEPBEFORE_END,1516239330823,46
526,WS_SEND_START,1516239330823,46
526,WS_SEND_END,1516239330823,46
526,WS_RECV_START,1516239330823,47
526,WS_RECV_END,1516239330862,47
526,PLAYER_SLEEPBEFORE_START,1516239330862,48
526,PLAYER_SLEEPBEFORE_END,1516239332182,48
526,WS_SEND_START,1516239332182,48
526,WS_SEND_END,1516239332182,48
526,WS_RECV_START,1516239332182,49
526,WS_RECV_END,1516239332284,49
526,PLAYER_SLEEPBEFORE_START,1516239332284,50
526,PLAYER_SLEEPBEFORE_END,1516239332308,50
526,WS_SEND_START,1516239332308,50
526,WS_SEND_END,1516239332308,50
526,WS_RECV_START,1516239332308,51
526,WS_RECV_END,1516239332530,51
526,PLAYER_SLEEPBEFORE_START,1516239332530,52
526,PLAYER_SLEEPBEFORE_END,1516239355094,52
526,WS_SEND_START,1516239355094,52
526,WS_SEND_END,1516239355094,52
526,WS_RECV_START,1516239355094,53
526,WS_RECV_END,1516239355240,53
526,PLAYER_SLEEPBEFORE_START,1516239355240,54
526,PLAYER_SLEEPBEFORE_END,1516239376543,54
526,WS_SEND_START,1516239376543,54
526,WS_SEND_END,1516239376544,54
526,PLAYER_SLEEPBEFORE_START,1516239376544,55
526,PLAYER_SLEEPBEFORE_END,1516239378485,55
526,WS_SEND_START,1516239378485,55
526,WS_SEND_END,1516239378485,55
526,WS_RECV_START,1516239378485,56
526,WS_RECV_END,1516239378540,56
526,PLAYER_SLEEPBEFORE_START,1516239378540,57
526,PLAYER_SLEEPBEFORE_END,1516239401412,57
526,WS_SEND_START,1516239401412,57
526,WS_SEND_END,1516239401412,57
526,WS_RECV_START,1516239401412,58
526,WS_RECV_END,1516239401558,58
526,PLAYER_SLEEPBEFORE_START,1516239401558,59
526,PLAYER_SLEEPBEFORE_END,1516239403885,59
526,WS_SEND_START,1516239403885,59
526,WS_SEND_END,1516239403885,59
526,WS_RECV_START,1516239403885,60
526,WS_RECV_END,1516239404269,60
526,PLAYER_SLEEPBEFORE_START,1516239404269,61
526,PLAYER_SLEEPBEFORE_END,1516239407860,61
526,WS_SEND_START,1516239407860,61
526,WS_SEND_END,1516239407860,61
526,WS_RECV_START,1516239407860,62
526,WS_RECV_END,1516239407935,62
526,PLAYER_SLEEPBEFORE_START,1516239407935,63
526,PLAYER_SLEEPBEFORE_END,1516239427197,63
526,WS_SEND_START,1516239427197,63
526,WS_SEND_END,1516239427197,63
526,WS_RECV_START,1516239427197,64
526,WS_RECV_END,1516239427235,64
526,PLAYER_SLEEPBEFORE_START,1516239427235,65
526,PLAYER_SLEEPBEFORE_END,1516239454053,65
526,WS_SEND_START,1516239454053,65
526,WS_SEND_END,1516239454053,65
526,WS_RECV_START,1516239454053,66
526,WS_RECV_END,1516239454290,66
526,PLAYER_SLEEPBEFORE_START,1516239454290,67
526,PLAYER_SLEEPBEFORE_END,1516239455797,67
526,WS_SEND_START,1516239455797,67
526,WS_SEND_END,1516239455797,67
526,WS_RECV_START,1516239455797,68
526,WS_RECV_END,1516239455877,68
526,PLAYER_SLEEPBEFORE_START,1516239455877,69
526,PLAYER_SLEEPBEFORE_END,1516239477875,69
526,WS_SEND_START,1516239477875,69
526,WS_SEND_END,1516239477875,69
526,WS_RECV_START,1516239477875,70
526,WS_RECV_END,1516239478010,70
526,PLAYER_SLEEPBEFORE_START,1516239478010,71
526,PLAYER_SLEEPBEFORE_END,1516239502786,71
526,WS_SEND_START,1516239502786,71
526,WS_SEND_END,1516239502786,71
526,PLAYER_SLEEPBEFORE_START,1516239502786,72
526,PLAYER_SLEEPBEFORE_END,1516239505393,72
526,WS_SEND_START,1516239505393,72
526,WS_SEND_END,1516239505393,72
526,WS_RECV_START,1516239505393,73
526,WS_RECV_END,1516239505434,73
526,PLAYER_SLEEPBEFORE_START,1516239505434,74
526,PLAYER_SLEEPBEFORE_END,1516239505444,74
526,WS_SEND_START,1516239505444,74
526,WS_SEND_END,1516239505444,74
526,WS_RECV_START,1516239505444,75
526,WS_RECV_END,1516239505507,75
526,PLAYER_SLEEPBEFORE_START,1516239505507,76
526,PLAYER_SLEEPBEFORE_END,1516239507013,76
526,WS_SEND_START,1516239507013,76
526,WS_SEND_END,1516239507013,76
526,WS_RECV_START,1516239507013,77
526,WS_RECV_END,1516239507114,77
526,PLAYER_SLEEPBEFORE_START,1516239507114,78
526,PLAYER_SLEEPBEFORE_END,1516239507982,78
526,WS_SEND_START,1516239507982,78
526,WS_SEND_END,1516239507982,78
526,WS_RECV_START,1516239507982,79
526,WS_RECV_END,1516239508008,79
526,PLAYER_SLEEPBEFORE_START,1516239508008,80
526,PLAYER_SLEEPBEFORE_END,1516239515674,80
526,WS_SEND_START,1516239515674,80
526,WS_SEND_END,1516239515674,80
526,WS_RECV_START,1516239515674,81
526,WS_RECV_END,1516239515711,81
526,PLAYER_SLEEPBEFORE_START,1516239515711,82
526,PLAYER_SLEEPBEFORE_END,1516239516814,82
526,WS_SEND_START,1516239516814,82
526,WS_SEND_END,1516239516814,82
526,WS_RECV_START,1516239516814,83
526,WS_RECV_END,1516239516849,83
526,PLAYER_SLEEPBEFORE_START,1516239516849,84
526,PLAYER_SLEEPBEFORE_END,1516239517796,84
526,WS_SEND_START,1516239517796,84
526,WS_SEND_END,1516239517796,84
526,WS_RECV_START,1516239517796,85
526,WS_RECV_END,1516239517871,85
526,PLAYER_SLEEPBEFORE_START,1516239517871,86
526,PLAYER_SLEEPBEFORE_END,1516239522043,86
526,WS_SEND_START,1516239522043,86
526,WS_SEND_END,1516239522043,86
526,WS_RECV_START,1516239522043,87
526,WS_RECV_END,1516239522144,87
526,PLAYER_SLEEPBEFORE_START,1516239522144,88
526,PLAYER_SLEEPBEFORE_END,1516239522152,88
526,WS_SEND_START,1516239522152,88
526,WS_SEND_END,1516239522152,88
526,WS_RECV_START,1516239522152,89
526,WS_RECV_END,1516239522306,89
526,PLAYER_SLEEPBEFORE_START,1516239522306,90
526,PLAYER_SLEEPBEFORE_END,1516239549503,90
526,REQ_START,1516239549503,90
526,REQ_END,1516239549508,90
526,PLAYER_SLEEPBEFORE_START,1516239549508,91
526,PLAYER_SLEEPBEFORE_END,1516239557397,91
526,WS_SEND_START,1516239557397,91
526,WS_SEND_END,1516239557397,91
526,WS_RECV_START,1516239557397,92
526,WS_RECV_END,1516239557563,92
526,PLAYER_SLEEPBEFORE_START,1516239557563,93
526,PLAYER_SLEEPBEFORE_END,1516239557578,93
526,WS_SEND_START,1516239557578,93
526,WS_SEND_END,1516239557578,93
526,WS_RECV_START,1516239557578,94
526,WS_RECV_END,1516239557731,94
526,PLAYER_SLEEPBEFORE_START,1516239557731,95
526,PLAYER_SLEEPBEFORE_END,1516239581286,95
526,WS_SEND_START,1516239581286,95
526,WS_SEND_END,1516239581287,95
526,WS_RECV_START,1516239581287,96
526,WS_RECV_END,1516239581419,96
526,PLAYER_SLEEPBEFORE_START,1516239581419,97
526,PLAYER_SLEEPBEFORE_END,1516239603864,97
526,WS_SEND_START,1516239603864,97
526,WS_SEND_END,1516239603864,97
526,WS_RECV_START,1516239603864,98
526,WS_RECV_END,1516239604055,98
526,PLAYER_SLEEPBEFORE_START,1516239604055,99
526,PLAYER_SLEEPBEFORE_END,1516239604076,99
526,WS_SEND_START,1516239604076,99
526,WS_SEND_END,1516239604076,99
526,WS_RECV_START,1516239604076,100
526,WS_RECV_END,1516239604262,100
526,PLAYER_SLEEPBEFORE_START,1516239604262,101
526,PLAYER_SLEEPBEFORE_END,1516239627821,101
526,WS_SEND_START,1516239627821,101
526,WS_SEND_END,1516239627821,101
526,WS_RECV_START,1516239627821,102
526,WS_RECV_END,1516239628293,102
526,PLAYER_SLEEPBEFORE_START,1516239628293,103
526,PLAYER_SLEEPBEFORE_END,1516239651918,103
526,WS_SEND_START,1516239651918,103
526,WS_SEND_END,1516239651918,103
526,WS_RECV_START,1516239651918,104
526,WS_RECV_END,1516239652680,104
526,PLAYER_SLEEPBEFORE_START,1516239652680,105
526,PLAYER_SLEEPBEFORE_END,1516239678058,105
526,WS_SEND_START,1516239678058,105
526,WS_SEND_END,1516239678058,105
526,WS_RECV_START,1516239678058,106
526,WS_RECV_END,1516239678675,106
526,PLAYER_SLEEPBEFORE_START,1516239678675,107
526,PLAYER_SLEEPBEFORE_END,1516239702098,107
526,WS_SEND_START,1516239702098,107
526,WS_SEND_END,1516239702098,107
526,WS_RECV_START,1516239702098,108
526,WS_RECV_END,1516239702725,108
526,PLAYER_SLEEPBEFORE_START,1516239702725,109
526,PLAYER_SLEEPBEFORE_END,1516239702734,109
526,WS_SEND_START,1516239702734,109
526,WS_SEND_END,1516239702734,109
526,WS_RECV_START,1516239702734,110
526,WS_RECV_END,1516239702935,110
526,PLAYER_SLEEPBEFORE_START,1516239702935,111
526,PLAYER_SLEEPBEFORE_END,1516239703894,111
526,WS_SEND_START,1516239703894,111
526,WS_SEND_END,1516239703894,111
526,WS_RECV_START,1516239703894,112
526,WS_RECV_END,1516239704364,112
526,PLAYER_SLEEPBEFORE_START,1516239704364,113
526,PLAYER_SLEEPBEFORE_END,1516239704926,113
526,WS_SEND_START,1516239704926,113
526,WS_SEND_END,1516239704926,113
526,WS_RECV_START,1516239704926,114
526,WS_RECV_END,1516239705439,114
526,PLAYER_SLEEPBEFORE_START,1516239705439,115
526,PLAYER_SLEEPBEFORE_END,1516239705448,115
526,WS_SEND_START,1516239705448,115
526,WS_SEND_END,1516239705448,115
526,WS_RECV_START,1516239705448,116
526,WS_RECV_END,1516239705645,116
526,PLAYER_SLEEPBEFORE_START,1516239705645,117
526,PLAYER_SLEEPBEFORE_END,1516239726005,117
526,WS_SEND_START,1516239726005,117
526,WS_SEND_END,1516239726005,117
526,PLAYER_SLEEPBEFORE_START,1516239726005,118
526,PLAYER_SLEEPBEFORE_END,1516239729757,118
526,WS_SEND_START,1516239729757,118
526,WS_SEND_END,1516239729757,118
526,WS_RECV_START,1516239729757,119
526,WS_RECV_END,1516239732430,119
526,PLAYER_SLEEPBEFORE_START,1516239732430,120
526,PLAYER_SLEEPBEFORE_END,1516239733418,120
526,WS_SEND_START,1516239733418,120
526,WS_SEND_END,1516239733418,120
526,WS_RECV_START,1516239733418,121
526,WS_RECV_END,1516239735689,121
526,PLAYER_SLEEPBEFORE_START,1516239735689,122
526,PLAYER_SLEEPBEFORE_END,1516239736874,122
526,WS_SEND_START,1516239736874,122
526,WS_SEND_END,1516239736874,122
526,WS_RECV_START,1516239736874,123
526,WS_RECV_END,1516239738328,123
526,PLAYER_SLEEPBEFORE_START,1516239738328,124
526,PLAYER_SLEEPBEFORE_END,1516239762733,124
526,WS_SEND_START,1516239762733,124
526,WS_SEND_END,1516239762733,124
526,WS_RECV_START,1516239762733,125
526,WS_RECV_END,1516239762916,125
526,PLAYER_SLEEPBEFORE_START,1516239762916,126
526,PLAYER_SLEEPBEFORE_END,1516239783428,126
526,WS_SEND_START,1516239783428,126
526,WS_SEND_END,1516239783428,126
526,PLAYER_SLEEPBEFORE_START,1516239783428,127
526,PLAYER_SLEEPBEFORE_END,1516239786482,127
526,WS_SEND_START,1516239786482,127
526,WS_SEND_END,1516239786482,127
526,WS_RECV_START,1516239786482,128
526,WS_RECV_END,1516239786923,128
526,PLAYER_SLEEPBEFORE_START,1516239786923,129
526,PLAYER_SLEEPBEFORE_END,1516239786943,129
526,WS_SEND_START,1516239786943,129
526,WS_SEND_END,1516239786943,129
526,WS_RECV_START,1516239786943,130
526,WS_RECV_END,1516239787384,130
526,PLAYER_SLEEPBEFORE_START,1516239787384,131
526,PLAYER_SLEEPBEFORE_END,1516239809008,131
526,WS_SEND_START,1516239809008,131
526,WS_SEND_END,1516239809008,131
526,PLAYER_SLEEPBEFORE_START,1516239809008,132
526,PLAYER_SLEEPBEFORE_END,1516239812089,132
526,WS_SEND_START,1516239812089,132
526,WS_SEND_END,1516239812089,132
526,WS_RECV_START,1516239812089,133
526,WS_RECV_END,1516239812930,133
526,PLAYER_SLEEPBEFORE_START,1516239812930,134
526,PLAYER_SLEEPBEFORE_END,1516239834147,134
526,WS_SEND_START,1516239834147,134
526,WS_SEND_END,1516239834147,134
526,PLAYER_SLEEPBEFORE_START,1516239834147,135
526,PLAYER_SLEEPBEFORE_END,1516239837338,135
526,WS_SEND_START,1516239837338,135
526,WS_SEND_END,1516239837338,135
526,WS_RECV_START,1516239837338,136
526,WS_RECV_END,1516239837576,136
526,PLAYER_SLEEPBEFORE_START,1516239837576,137
526,PLAYER_SLEEPBEFORE_END,1516239837584,137
526,WS_SEND_START,1516239837584,137
526,WS_SEND_END,1516239837584,137
526,WS_RECV_START,1516239837584,138
526,WS_RECV_END,1516239837971,138
526,PLAYER_SLEEPBEFORE_START,1516239837971,139
526,PLAYER_SLEEPBEFORE_END,1516239838661,139
526,WS_SEND_START,1516239838661,139
526,WS_SEND_END,1516239838661,139
526,WS_RECV_START,1516239838661,140
526,WS_RECV_END,1516239839441,140
526,PLAYER_SLEEPBEFORE_START,1516239839441,141
526,PLAYER_SLEEPBEFORE_END,1516239840096,141
526,WS_SEND_START,1516239840096,141
526,WS_SEND_END,1516239840096,141
526,WS_RECV_START,1516239840096,142
526,WS_RECV_END,1516239841402,142
526,PLAYER_SLEEPBEFORE_START,1516239841402,143
526,PLAYER_SLEEPBEFORE_END,1516239841459,143
526,WS_SEND_START,1516239841459,143
526,WS_SEND_END,1516239841459,143
526,WS_RECV_START,1516239841459,144
526,WS_RECV_END,1516239842159,144
526,PLAYER_SLEEPBEFORE_START,1516239842159,145
526,PLAYER_SLEEPBEFORE_END,1516239858221,145
526,REQ_START,1516239858222,145
526,REQ_END,1516239858226,145
526,PLAYER_SLEEPBEFORE_START,1516239858226,146
526,PLAYER_SLEEPBEFORE_END,1516239867103,146
526,WS_SEND_START,1516239867103,146
526,WS_SEND_END,1516239867103,146
526,WS_RECV_START,1516239867103,147
526,WS_RECV_END,1516239867350,147
526,PLAYER_SLEEPBEFORE_START,1516239867350,148
526,PLAYER_SLEEPBEFORE_END,1516239889272,148
526,WS_SEND_START,1516239889272,148
526,WS_SEND_END,1516239889272,148
526,PLAYER_SLEEPBEFORE_START,1516239889272,149
526,PLAYER_SLEEPBEFORE_END,1516239891700,149
526,WS_SEND_START,1516239891700,149
526,WS_SEND_END,1516239891700,149
526,WS_RECV_START,1516239891700,150
526,WS_RECV_END,1516239891886,150
526,PLAYER_SLEEPBEFORE_START,1516239891886,151
526,PLAYER_SLEEPBEFORE_END,1516239892096,151
526,WS_SEND_START,1516239892096,151
526,WS_SEND_END,1516239892096,151
526,WS_RECV_START,1516239892096,152
526,WS_RECV_END,1516239892560,152
526,PLAYER_SLEEPBEFORE_START,1516239892560,153
526,PLAYER_SLEEPBEFORE_END,1516239916487,153
526,WS_SEND_START,1516239916487,153
526,WS_SEND_END,1516239916487,153
526,WS_RECV_START,1516239916487,154
526,WS_RECV_END,1516239916625,154
526,PLAYER_SLEEPBEFORE_START,1516239916625,155
526,PLAYER_SLEEPBEFORE_END,1516239939183,155
526,WS_SEND_START,1516239939183,155
526,WS_SEND_END,1516239939183,155
526,PLAYER_SLEEPBEFORE_START,1516239939183,156
526,PLAYER_SLEEPBEFORE_END,1516239942457,156
526,WS_SEND_START,1516239942457,156
526,WS_SEND_END,1516239942457,156
526,WS_RECV_START,1516239942457,157
526,WS_RECV_END,1516239942508,157
526,PLAYER_SLEEPBEFORE_START,1516239942508,158
526,PLAYER_SLEEPBEFORE_END,1516239942518,158
526,WS_SEND_START,1516239942518,158
526,WS_SEND_END,1516239942518,158
526,WS_RECV_START,1516239942518,159
526,WS_RECV_END,1516239942558,159
526,PLAYER_SLEEPBEFORE_START,1516239942558,160
526,PLAYER_SLEEPBEFORE_END,1516239942737,160
526,WS_SEND_START,1516239942737,160
526,WS_SEND_END,1516239942737,160
526,WS_RECV_START,1516239942737,161
526,WS_RECV_END,1516239942861,161
526,PLAYER_SLEEPBEFORE_START,1516239942861,162
526,PLAYER_SLEEPBEFORE_END,1516239942886,162
526,WS_SEND_START,1516239942886,162
526,WS_SEND_END,1516239942886,162
526,WS_RECV_START,1516239942886,163
526,WS_RECV_END,1516239943298,163
526,PLAYER_SLEEPBEFORE_START,1516239943298,164
526,PLAYER_SLEEPBEFORE_END,1516239964110,164
526,WS_SEND_START,1516239964110,164
526,WS_SEND_END,1516239964110,164
526,WS_RECV_START,1516239964110,165
526,WS_RECV_END,1516239966312,165
526,PLAYER_SLEEPBEFORE_START,1516239966312,166
526,PLAYER_SLEEPBEFORE_END,1516239988768,166
526,WS_SEND_START,1516239988768,166
526,WS_SEND_END,1516239988768,166
526,WS_RECV_START,1516239988768,167
526,WS_RECV_END,1516239989365,167
526,PLAYER_SLEEPBEFORE_START,1516239989365,168
526,PLAYER_SLEEPBEFORE_END,1516240016722,168
526,WS_SEND_START,1516240016722,168
526,WS_SEND_END,1516240016722,168
526,WS_RECV_START,1516240016722,169
526,WS_RECV_END,1516240019695,169
526,PLAYER_SLEEPBEFORE_START,1516240019695,170
526,PLAYER_SLEEPBEFORE_END,1516240019704,170
526,WS_SEND_START,1516240019704,170
526,WS_SEND_END,1516240019704,170
526,WS_RECV_START,1516240019704,171
526,WS_RECV_END,1516240021223,171
526,PLAYER_SLEEPBEFORE_START,1516240021223,172
526,PLAYER_SLEEPBEFORE_END,1516240021592,172
526,WS_SEND_START,1516240021592,172
526,WS_SEND_END,1516240021592,172
526,WS_RECV_START,1516240021592,173
526,WS_RECV_END,1516240023088,173
526,PLAYER_SLEEPBEFORE_START,1516240023088,174
526,PLAYER_SLEEPBEFORE_END,1516240023129,174
526,WS_SEND_START,1516240023129,174
526,WS_SEND_END,1516240023129,174
526,WS_RECV_START,1516240023129,175
526,WS_RECV_END,1516240024768,175
526,PLAYER_SLEEPBEFORE_START,1516240024768,176
526,PLAYER_SLEEPBEFORE_END,1516240046529,176
526,WS_SEND_START,1516240046529,176
526,WS_SEND_END,1516240046529,176
526,PLAYER_SLEEPBEFORE_START,1516240046529,177
526,PLAYER_SLEEPBEFORE_END,1516240049047,177
526,WS_SEND_START,1516240049047,177
526,WS_SEND_END,1516240049047,177
526,WS_RECV_START,1516240049047,178
526,WS_RECV_END,1516240049995,178
526,PLAYER_SLEEPBEFORE_START,1516240049995,179
526,PLAYER_SLEEPBEFORE_END,1516240072335,179
526,WS_SEND_START,1516240072335,179
526,WS_SEND_END,1516240072335,179
526,WS_RECV_START,1516240072335,180
526,WS_RECV_END,1516240073439,180
526,PLAYER_SLEEPBEFORE_START,1516240073439,181
526,PLAYER_SLEEPBEFORE_END,1516240073883,181
526,WS_SEND_START,1516240073883,181
526,WS_SEND_END,1516240073883,181
526,WS_RECV_START,1516240073883,182
526,WS_RECV_END,1516240075475,182
526,PLAYER_SLEEPBEFORE_START,1516240075475,183
526,PLAYER_SLEEPBEFORE_END,1516240075998,183
526,WS_SEND_START,1516240075998,183
526,WS_SEND_END,1516240075998,183
526,WS_RECV_START,1516240075998,184
526,WS_RECV_END,1516240077213,184
526,PLAYER_SLEEPBEFORE_START,1516240077213,185
526,PLAYER_SLEEPBEFORE_END,1516240077481,185
526,WS_SEND_START,1516240077481,185
526,WS_SEND_END,1516240077481,185
526,WS_RECV_START,1516240077481,186
526,WS_RECV_END,1516240078210,186
526,PLAYER_SLEEPBEFORE_START,1516240078210,187
526,PLAYER_SLEEPBEFORE_END,1516240100711,187
526,WS_SEND_START,1516240100711,187
526,WS_SEND_END,1516240100711,187
526,WS_RECV_START,1516240100711,188
526,WS_RECV_END,1516240100774,188
526,PLAYER_SLEEPBEFORE_START,1516240100774,189
526,PLAYER_SLEEPBEFORE_END,1516240107013,189
526,WS_SEND_START,1516240107013,189
526,WS_SEND_END,1516240107013,189
526,WS_RECV_START,1516240107013,190
526,WS_RECV_END,1516240107149,190
526,PLAYER_SLEEPBEFORE_START,1516240107149,191
526,PLAYER_SLEEPBEFORE_END,1516240109064,191
526,WS_SEND_START,1516240109064,191
526,WS_SEND_END,1516240109064,191
526,WS_RECV_START,1516240109064,192
526,WS_RECV_END,1516240109336,192
526,PLAYER_SLEEPBEFORE_START,1516240109336,193
526,PLAYER_SLEEPBEFORE_END,1516240109464,193
526,WS_SEND_START,1516240109464,193
526,WS_SEND_END,1516240109464,193
526,WS_RECV_START,1516240109464,194
526,WS_RECV_END,1516240109713,194
526,PLAYER_SLEEPBEFORE_START,1516240109713,195
526,PLAYER_SLEEPBEFORE_END,1516240111468,195
526,WS_SEND_START,1516240111468,195
526,WS_SEND_END,1516240111468,195
526,WS_RECV_START,1516240111468,196
526,WS_RECV_END,1516240112202,196
526,PLAYER_SLEEPBEFORE_START,1516240112202,197
526,PLAYER_SLEEPBEFORE_END,1516240114006,197
526,WS_SEND_START,1516240114006,197
526,WS_SEND_END,1516240114006,197
526,WS_RECV_START,1516240114006,198
526,WS_RECV_END,1516240114481,198
526,PLAYER_SLEEPBEFORE_START,1516240114481,199
526,PLAYER_SLEEPBEFORE_END,1516240126335,199
526,WS_SEND_START,1516240126335,199
526,WS_SEND_END,1516240126335,199
526,PLAYER_SLEEPBEFORE_START,1516240126335,200
526,PLAYER_SLEEPBEFORE_END,1516240130423,200
526,WS_SEND_START,1516240130423,200
526,WS_SEND_END,1516240130423,200
526,WS_RECV_START,1516240130423,201
526,WS_RECV_END,1516240130558,201
526,PLAYER_SLEEPBEFORE_START,1516240130558,202
526,PLAYER_SLEEPBEFORE_END,1516240130572,202
526,WS_SEND_START,1516240130572,202
526,WS_SEND_END,1516240130573,202
526,WS_RECV_START,1516240130573,203
526,WS_RECV_END,1516240131062,203
526,PLAYER_SLEEPBEFORE_START,1516240131062,204
526,PLAYER_SLEEPBEFORE_END,1516240150711,204
526,WS_SEND_START,1516240150711,204
526,WS_SEND_END,1516240150711,204
526,PLAYER_SLEEPBEFORE_START,1516240150711,205
526,PLAYER_SLEEPBEFORE_END,1516240154610,205
526,WS_SEND_START,1516240154610,205
526,WS_SEND_END,1516240154610,205
526,WS_RECV_START,1516240154610,206
526,WS_RECV_END,1516240154937,206
526,PLAYER_SLEEPBEFORE_START,1516240154937,207
526,PLAYER_SLEEPBEFORE_END,1516240171868,207
526,REQ_START,1516240171868,207
526,REQ_END,1516240171880,207
526,PLAYER_SLEEPBEFORE_START,1516240171880,208
526,PLAYER_SLEEPBEFORE_END,1516240178732,208
526,WS_CLOSE_START,1516240178732,208
526,WS_CLOSE_END,1516240178732,208
526,PLAYER_DONE,1516240178732
