# --sessions 1080 --app-url=http://shinyloadtest.rstudioservices.com/cran_explorer --output-dir test1080 --overwrite-output --log-level warn --start-interval 250 15min.log
thread_id,event,timestamp,input_line_number,comment
53,PLAYER_SESSION_CREATE,1516239120481
53,PLAYER_START_INTERVAL_START,1516239120481
53,PLAYER_START_INTERVAL_END,1516239133732
53,REQ_HOME_START,1516239133732,2
53,REQ_HOME_END,1516239133821,2
53,REQ_START,1516239133821,3
53,REQ_END,1516239133857,3
53,REQ_START,1516239133857,4
53,REQ_END,1516239133893,4
53,REQ_START,1516239133893,5
53,REQ_END,1516239133931,5
53,REQ_START,1516239133931,6
53,REQ_END,1516239133967,6
53,REQ_START,1516239133967,7
53,REQ_END,1516239134002,7
53,REQ_START,1516239134002,8
53,REQ_END,1516239134038,8
53,REQ_START,1516239134038,9
53,REQ_END,1516239134075,9
53,REQ_START,1516239134075,10
53,REQ_END,1516239134083,10
53,REQ_START,1516239134083,11
53,REQ_END,1516239134119,11
53,REQ_START,1516239134119,12
53,REQ_END,1516239134125,12
53,REQ_START,1516239134125,13
53,REQ_END,1516239134160,13
53,REQ_START,1516239134160,14
53,REQ_END,1516239134171,14
53,REQ_START,1516239134171,15
53,REQ_END,1516239134208,15
53,REQ_TOK_START,1516239134208,16
53,REQ_TOK_END,1516239134212,16
53,REQ_SINF_START,1516239134212,17
53,REQ_SINF_END,1516239134216,17
53,WS_OPEN_START,1516239134216,18
53,WS_OPEN_END,1516239134220,18
53,REQ_START,1516239134220,19
53,REQ_END,1516239134250,19
53,WS_RECV_START,1516239134250,20
53,WS_RECV_END,1516239134250,20
53,PLAYER_SLEEPBEFORE_START,1516239134250,21
53,PLAYER_SLEEPBEFORE_END,1516239134255,21
53,WS_SEND_START,1516239134255,21
53,WS_SEND_END,1516239134255,21
53,PLAYER_SLEEPBEFORE_START,1516239134255,22
53,PLAYER_SLEEPBEFORE_END,1516239134256,22
53,WS_SEND_START,1516239134256,22
53,WS_SEND_END,1516239134256,22
53,WS_RECV_INIT_START,1516239134256,23
53,WS_RECV_INIT_END,1516239134273,23
53,WS_RECV_START,1516239134273,24
53,WS_RECV_END,1516239134331,24
53,PLAYER_SLEEPBEFORE_START,1516239134331,25
53,PLAYER_SLEEPBEFORE_END,1516239134338,25
53,REQ_START,1516239134338,25
53,REQ_END,1516239134375,25
53,PLAYER_SLEEPBEFORE_START,1516239134375,26
53,PLAYER_SLEEPBEFORE_END,1516239134377,26
53,REQ_START,1516239134377,26
53,REQ_END,1516239134412,26
53,PLAYER_SLEEPBEFORE_START,1516239134412,27
53,PLAYER_SLEEPBEFORE_END,1516239134415,27
53,REQ_START,1516239134415,27
53,REQ_END,1516239134449,27
53,PLAYER_SLEEPBEFORE_START,1516239134449,28
53,PLAYER_SLEEPBEFORE_END,1516239134734,28
53,REQ_START,1516239134734,28
53,REQ_END,1516239134771,28
53,PLAYER_SLEEPBEFORE_START,1516239134771,29
53,PLAYER_SLEEPBEFORE_END,1516239134946,29
53,WS_SEND_START,1516239134946,29
53,WS_SEND_END,1516239134946,29
53,WS_RECV_START,1516239134946,30
53,WS_RECV_END,1516239135036,30
53,PLAYER_SLEEPBEFORE_START,1516239135036,31
53,PLAYER_SLEEPBEFORE_END,1516239135047,31
53,REQ_START,1516239135047,31
53,REQ_END,1516239135087,31
53,PLAYER_SLEEPBEFORE_START,1516239135087,32
53,PLAYER_SLEEPBEFORE_END,1516239163232,32
53,WS_SEND_START,1516239163232,32
53,WS_SEND_END,1516239163232,32
53,WS_RECV_START,1516239163232,33
53,WS_RECV_END,1516239163318,33
53,PLAYER_SLEEPBEFORE_START,1516239163318,34
53,PLAYER_SLEEPBEFORE_END,1516239189234,34
53,WS_SEND_START,1516239189234,34
53,WS_SEND_END,1516239189234,34
53,WS_RECV_START,1516239189234,35
53,WS_RECV_END,1516239189256,35
53,PLAYER_SLEEPBEFORE_START,1516239189256,36
53,PLAYER_SLEEPBEFORE_END,1516239189266,36
53,WS_SEND_START,1516239189266,36
53,WS_SEND_END,1516239189266,36
53,WS_RECV_START,1516239189266,37
53,WS_RECV_END,1516239189327,37
53,PLAYER_SLEEPBEFORE_START,1516239189327,38
53,PLAYER_SLEEPBEFORE_END,1516239192522,38
53,WS_SEND_START,1516239192522,38
53,WS_SEND_END,1516239192522,38
53,WS_RECV_START,1516239192522,39
53,WS_RECV_END,1516239192647,39
53,PLAYER_SLEEPBEFORE_START,1516239192647,40
53,PLAYER_SLEEPBEFORE_END,1516239192693,40
53,WS_SEND_START,1516239192693,40
53,WS_SEND_END,1516239192693,40
53,WS_RECV_START,1516239192693,41
53,WS_RECV_END,1516239192800,41
53,PLAYER_SLEEPBEFORE_START,1516239192800,42
53,PLAYER_SLEEPBEFORE_END,1516239210935,42
53,WS_SEND_START,1516239210935,42
53,WS_SEND_END,1516239210935,42
53,WS_RECV_START,1516239210935,43
53,WS_RECV_END,1516239211435,43
53,PLAYER_SLEEPBEFORE_START,1516239211435,44
53,PLAYER_SLEEPBEFORE_END,1516239211447,44
53,WS_SEND_START,1516239211447,44
53,WS_SEND_END,1516239211447,44
53,WS_RECV_START,1516239211447,45
53,WS_RECV_END,1516239211895,45
53,PLAYER_SLEEPBEFORE_START,1516239211895,46
53,PLAYER_SLEEPBEFORE_END,1516239213155,46
53,WS_SEND_START,1516239213155,46
53,WS_SEND_END,1516239213155,46
53,WS_RECV_START,1516239213155,47
53,WS_RECV_END,1516239213178,47
53,PLAYER_SLEEPBEFORE_START,1516239213178,48
53,PLAYER_SLEEPBEFORE_END,1516239214498,48
53,WS_SEND_START,1516239214498,48
53,WS_SEND_END,1516239214498,48
53,WS_RECV_START,1516239214498,49
53,WS_RECV_END,1516239214737,49
53,PLAYER_SLEEPBEFORE_START,1516239214737,50
53,PLAYER_SLEEPBEFORE_END,1516239214761,50
53,WS_SEND_START,1516239214761,50
53,WS_SEND_END,1516239214761,50
53,WS_RECV_START,1516239214761,51
53,WS_RECV_END,1516239214916,51
53,PLAYER_SLEEPBEFORE_START,1516239214916,52
53,PLAYER_SLEEPBEFORE_END,1516239237480,52
53,WS_SEND_START,1516239237480,52
53,WS_SEND_END,1516239237481,52
53,WS_RECV_START,1516239237481,53
53,WS_RECV_END,1516239237597,53
53,PLAYER_SLEEPBEFORE_START,1516239237597,54
53,PLAYER_SLEEPBEFORE_END,1516239258900,54
53,WS_SEND_START,1516239258900,54
53,WS_SEND_END,1516239258900,54
53,PLAYER_SLEEPBEFORE_START,1516239258900,55
53,PLAYER_SLEEPBEFORE_END,1516239260841,55
53,WS_SEND_START,1516239260841,55
53,WS_SEND_END,1516239260841,55
53,WS_RECV_START,1516239260841,56
53,WS_RECV_END,1516239260989,56
53,PLAYER_SLEEPBEFORE_START,1516239260989,57
53,PLAYER_SLEEPBEFORE_END,1516239283862,57
53,WS_SEND_START,1516239283862,57
53,WS_SEND_END,1516239283862,57
53,WS_RECV_START,1516239283862,58
53,WS_RECV_END,1516239283899,58
53,PLAYER_SLEEPBEFORE_START,1516239283899,59
53,PLAYER_SLEEPBEFORE_END,1516239286227,59
53,WS_SEND_START,1516239286227,59
53,WS_SEND_END,1516239286227,59
53,WS_RECV_START,1516239286227,60
53,WS_RECV_END,1516239286378,60
53,PLAYER_SLEEPBEFORE_START,1516239286378,61
53,PLAYER_SLEEPBEFORE_END,1516239289969,61
53,WS_SEND_START,1516239289969,61
53,WS_SEND_END,1516239289969,61
53,WS_RECV_START,1516239289969,62
53,WS_RECV_END,1516239290098,62
53,PLAYER_SLEEPBEFORE_START,1516239290098,63
53,PLAYER_SLEEPBEFORE_END,1516239309360,63
53,WS_SEND_START,1516239309360,63
53,WS_SEND_END,1516239309360,63
53,WS_RECV_START,1516239309360,64
53,WS_RECV_END,1516239309507,64
53,PLAYER_SLEEPBEFORE_START,1516239309507,65
53,PLAYER_SLEEPBEFORE_END,1516239336324,65
53,WS_SEND_START,1516239336324,65
53,WS_SEND_END,1516239336324,65
53,WS_RECV_START,1516239336324,66
53,WS_RECV_END,1516239336643,66
53,PLAYER_SLEEPBEFORE_START,1516239336643,67
53,PLAYER_SLEEPBEFORE_END,1516239338150,67
53,WS_SEND_START,1516239338150,67
53,WS_SEND_END,1516239338151,67
53,WS_RECV_START,1516239338151,68
53,WS_RECV_END,1516239338443,68
53,PLAYER_SLEEPBEFORE_START,1516239338443,69
53,PLAYER_SLEEPBEFORE_END,1516239360441,69
53,WS_SEND_START,1516239360441,69
53,WS_SEND_END,1516239360441,69
53,WS_RECV_START,1516239360441,70
53,WS_RECV_END,1516239360611,70
53,PLAYER_SLEEPBEFORE_START,1516239360611,71
53,PLAYER_SLEEPBEFORE_END,1516239385387,71
53,WS_SEND_START,1516239385387,71
53,WS_SEND_END,1516239385387,71
53,PLAYER_SLEEPBEFORE_START,1516239385387,72
53,PLAYER_SLEEPBEFORE_END,1516239387994,72
53,WS_SEND_START,1516239387994,72
53,WS_SEND_END,1516239387994,72
53,WS_RECV_START,1516239387994,73
53,WS_RECV_END,1516239388191,73
53,PLAYER_SLEEPBEFORE_START,1516239388191,74
53,PLAYER_SLEEPBEFORE_END,1516239388200,74
53,WS_SEND_START,1516239388200,74
53,WS_SEND_END,1516239388200,74
53,WS_RECV_START,1516239388200,75
53,WS_RECV_END,1516239388267,75
53,PLAYER_SLEEPBEFORE_START,1516239388267,76
53,PLAYER_SLEEPBEFORE_END,1516239389773,76
53,WS_SEND_START,1516239389773,76
53,WS_SEND_END,1516239389773,76
53,WS_RECV_START,1516239389773,77
53,WS_RECV_END,1516239389893,77
53,PLAYER_SLEEPBEFORE_START,1516239389893,78
53,PLAYER_SLEEPBEFORE_END,1516239390761,78
53,WS_SEND_START,1516239390761,78
53,WS_SEND_END,1516239390761,78
53,WS_RECV_START,1516239390761,79
53,WS_RECV_END,1516239391042,79
53,PLAYER_SLEEPBEFORE_START,1516239391042,80
53,PLAYER_SLEEPBEFORE_END,1516239398709,80
53,WS_SEND_START,1516239398709,80
53,WS_SEND_END,1516239398709,80
53,WS_RECV_START,1516239398709,81
53,WS_RECV_END,1516239398960,81
53,PLAYER_SLEEPBEFORE_START,1516239398960,82
53,PLAYER_SLEEPBEFORE_END,1516239400062,82
53,WS_SEND_START,1516239400063,82
53,WS_SEND_END,1516239400063,82
53,WS_RECV_START,1516239400063,83
53,WS_RECV_END,1516239400106,83
53,PLAYER_SLEEPBEFORE_START,1516239400106,84
53,PLAYER_SLEEPBEFORE_END,1516239401053,84
53,WS_SEND_START,1516239401053,84
53,WS_SEND_END,1516239401053,84
53,WS_RECV_START,1516239401053,85
53,WS_RECV_END,1516239401963,85
53,PLAYER_SLEEPBEFORE_START,1516239401963,86
53,PLAYER_SLEEPBEFORE_END,1516239406135,86
53,WS_SEND_START,1516239406135,86
53,WS_SEND_END,1516239406135,86
53,WS_RECV_START,1516239406135,87
53,WS_RECV_END,1516239406556,87
53,PLAYER_SLEEPBEFORE_START,1516239406556,88
53,PLAYER_SLEEPBEFORE_END,1516239406564,88
53,WS_SEND_START,1516239406564,88
53,WS_SEND_END,1516239406564,88
53,WS_RECV_START,1516239406564,89
53,WS_RECV_END,1516239406851,89
53,PLAYER_SLEEPBEFORE_START,1516239406851,90
53,PLAYER_SLEEPBEFORE_END,1516239434048,90
53,REQ_START,1516239434048,90
53,REQ_END,1516239434053,90
53,PLAYER_SLEEPBEFORE_START,1516239434053,91
53,PLAYER_SLEEPBEFORE_END,1516239441942,91
53,WS_SEND_START,1516239441942,91
53,WS_SEND_END,1516239441942,91
53,WS_RECV_START,1516239441942,92
53,WS_RECV_END,1516239442335,92
53,PLAYER_SLEEPBEFORE_START,1516239442335,93
53,PLAYER_SLEEPBEFORE_END,1516239442350,93
53,WS_SEND_START,1516239442350,93
53,WS_SEND_END,1516239442350,93
53,WS_RECV_START,1516239442350,94
53,WS_RECV_END,1516239443173,94
53,PLAYER_SLEEPBEFORE_START,1516239443173,95
53,PLAYER_SLEEPBEFORE_END,1516239466728,95
53,WS_SEND_START,1516239466728,95
53,WS_SEND_END,1516239466728,95
53,WS_RECV_START,1516239466728,96
53,WS_RECV_END,1516239467297,96
53,PLAYER_SLEEPBEFORE_START,1516239467297,97
53,PLAYER_SLEEPBEFORE_END,1516239489737,97
53,WS_SEND_START,1516239489737,97
53,WS_SEND_END,1516239489737,97
53,WS_RECV_START,1516239489737,98
53,WS_RECV_END,1516239489966,98
53,PLAYER_SLEEPBEFORE_START,1516239489966,99
53,PLAYER_SLEEPBEFORE_END,1516239489987,99
53,WS_SEND_START,1516239489987,99
53,WS_SEND_END,1516239489987,99
53,WS_RECV_START,1516239489987,100
53,WS_RECV_END,1516239490158,100
53,PLAYER_SLEEPBEFORE_START,1516239490158,101
53,PLAYER_SLEEPBEFORE_END,1516239513717,101
53,WS_SEND_START,1516239513717,101
53,WS_SEND_END,1516239513717,101
53,WS_RECV_START,1516239513717,102
53,WS_RECV_END,1516239513898,102
53,PLAYER_SLEEPBEFORE_START,1516239513898,103
53,PLAYER_SLEEPBEFORE_END,1516239537523,103
53,WS_SEND_START,1516239537523,103
53,WS_SEND_END,1516239537523,103
53,WS_RECV_START,1516239537523,104
53,WS_RECV_END,1516239537663,104
53,PLAYER_SLEEPBEFORE_START,1516239537663,105
53,PLAYER_SLEEPBEFORE_END,1516239563040,105
53,WS_SEND_START,1516239563040,105
53,WS_SEND_END,1516239563040,105
53,WS_RECV_START,1516239563040,106
53,WS_RECV_END,1516239563197,106
53,PLAYER_SLEEPBEFORE_START,1516239563197,107
53,PLAYER_SLEEPBEFORE_END,1516239586620,107
53,WS_SEND_START,1516239586620,107
53,WS_SEND_END,1516239586620,107
53,WS_RECV_START,1516239586620,108
53,WS_RECV_END,1516239586959,108
53,PLAYER_SLEEPBEFORE_START,1516239586959,109
53,PLAYER_SLEEPBEFORE_END,1516239586968,109
53,WS_SEND_START,1516239586968,109
53,WS_SEND_END,1516239586968,109
53,WS_RECV_START,1516239586968,110
53,WS_RECV_END,1516239587250,110
53,PLAYER_SLEEPBEFORE_START,1516239587250,111
53,PLAYER_SLEEPBEFORE_END,1516239588209,111
53,WS_SEND_START,1516239588209,111
53,WS_SEND_END,1516239588209,111
53,WS_RECV_START,1516239588209,112
53,WS_RECV_END,1516239589404,112
53,PLAYER_SLEEPBEFORE_START,1516239589404,113
53,PLAYER_SLEEPBEFORE_END,1516239589966,113
53,WS_SEND_START,1516239589966,113
53,WS_SEND_END,1516239589966,113
53,WS_RECV_START,1516239589966,114
53,WS_RECV_END,1516239591268,114
53,PLAYER_SLEEPBEFORE_START,1516239591268,115
53,PLAYER_SLEEPBEFORE_END,1516239591277,115
53,WS_SEND_START,1516239591277,115
53,WS_SEND_END,1516239591277,115
53,WS_RECV_START,1516239591277,116
53,WS_RECV_END,1516239592136,116
53,PLAYER_SLEEPBEFORE_START,1516239592136,117
53,PLAYER_SLEEPBEFORE_END,1516239612496,117
53,WS_SEND_START,1516239612496,117
53,WS_SEND_END,1516239612496,117
53,PLAYER_SLEEPBEFORE_START,1516239612496,118
53,PLAYER_SLEEPBEFORE_END,1516239616248,118
53,WS_SEND_START,1516239616248,118
53,WS_SEND_END,1516239616248,118
53,WS_RECV_START,1516239616248,119
53,WS_RECV_END,1516239616630,119
53,PLAYER_SLEEPBEFORE_START,1516239616630,120
53,PLAYER_SLEEPBEFORE_END,1516239617619,120
53,WS_SEND_START,1516239617619,120
53,WS_SEND_END,1516239617619,120
53,WS_RECV_START,1516239617619,121
53,WS_RECV_END,1516239619287,121
53,PLAYER_SLEEPBEFORE_START,1516239619287,122
53,PLAYER_SLEEPBEFORE_END,1516239620472,122
53,WS_SEND_START,1516239620472,122
53,WS_SEND_END,1516239620472,122
53,WS_RECV_START,1516239620472,123
53,WS_RECV_END,1516239621698,123
53,PLAYER_SLEEPBEFORE_START,1516239621698,124
53,PLAYER_SLEEPBEFORE_END,1516239646103,124
53,WS_SEND_START,1516239646103,124
53,WS_SEND_END,1516239646103,124
53,WS_RECV_START,1516239646103,125
53,WS_RECV_END,1516239646612,125
53,PLAYER_SLEEPBEFORE_START,1516239646612,126
53,PLAYER_SLEEPBEFORE_END,1516239667124,126
53,WS_SEND_START,1516239667124,126
53,WS_SEND_END,1516239667124,126
53,PLAYER_SLEEPBEFORE_START,1516239667124,127
53,PLAYER_SLEEPBEFORE_END,1516239670179,127
53,WS_SEND_START,1516239670179,127
53,WS_SEND_END,1516239670179,127
53,WS_RECV_START,1516239670179,128
53,WS_RECV_END,1516239670331,128
53,PLAYER_SLEEPBEFORE_START,1516239670331,129
53,PLAYER_SLEEPBEFORE_END,1516239670351,129
53,WS_SEND_START,1516239670351,129
53,WS_SEND_END,1516239670351,129
53,WS_RECV_START,1516239670351,130
53,WS_RECV_END,1516239670650,130
53,PLAYER_SLEEPBEFORE_START,1516239670650,131
53,PLAYER_SLEEPBEFORE_END,1516239692274,131
53,WS_SEND_START,1516239692274,131
53,WS_SEND_END,1516239692274,131
53,PLAYER_SLEEPBEFORE_START,1516239692274,132
53,PLAYER_SLEEPBEFORE_END,1516239695354,132
53,WS_SEND_START,1516239695354,132
53,WS_SEND_END,1516239695354,132
53,WS_RECV_START,1516239695354,133
53,WS_RECV_END,1516239695498,133
53,PLAYER_SLEEPBEFORE_START,1516239695498,134
53,PLAYER_SLEEPBEFORE_END,1516239716715,134
53,WS_SEND_START,1516239716715,134
53,WS_SEND_END,1516239716715,134
53,PLAYER_SLEEPBEFORE_START,1516239716715,135
53,PLAYER_SLEEPBEFORE_END,1516239719906,135
53,WS_SEND_START,1516239719906,135
53,WS_SEND_END,1516239719906,135
53,WS_RECV_START,1516239719906,136
53,WS_RECV_END,1516239720097,136
53,PLAYER_SLEEPBEFORE_START,1516239720097,137
53,PLAYER_SLEEPBEFORE_END,1516239720104,137
53,WS_SEND_START,1516239720104,137
53,WS_SEND_END,1516239720104,137
53,WS_RECV_START,1516239720104,138
53,WS_RECV_END,1516239720330,138
53,PLAYER_SLEEPBEFORE_START,1516239720330,139
53,PLAYER_SLEEPBEFORE_END,1516239721021,139
53,WS_SEND_START,1516239721021,139
53,WS_SEND_END,1516239721021,139
53,WS_RECV_START,1516239721021,140
53,WS_RECV_END,1516239722035,140
53,PLAYER_SLEEPBEFORE_START,1516239722035,141
53,PLAYER_SLEEPBEFORE_END,1516239722690,141
53,WS_SEND_START,1516239722690,141
53,WS_SEND_END,1516239722690,141
53,WS_RECV_START,1516239722690,142
53,WS_RECV_END,1516239723324,142
53,PLAYER_SLEEPBEFORE_START,1516239723324,143
53,PLAYER_SLEEPBEFORE_END,1516239723381,143
53,WS_SEND_START,1516239723381,143
53,WS_SEND_END,1516239723381,143
53,WS_RECV_START,1516239723381,144
53,WS_RECV_END,1516239723693,144
53,PLAYER_SLEEPBEFORE_START,1516239723693,145
53,PLAYER_SLEEPBEFORE_END,1516239739755,145
53,REQ_START,1516239739755,145
53,REQ_END,1516239739761,145
53,PLAYER_SLEEPBEFORE_START,1516239739761,146
53,PLAYER_SLEEPBEFORE_END,1516239748638,146
53,WS_SEND_START,1516239748638,146
53,WS_SEND_END,1516239748638,146
53,WS_RECV_START,1516239748638,147
53,WS_RECV_END,1516239748938,147
53,PLAYER_SLEEPBEFORE_START,1516239748938,148
53,PLAYER_SLEEPBEFORE_END,1516239770861,148
53,WS_SEND_START,1516239770861,148
53,WS_SEND_END,1516239770861,148
53,PLAYER_SLEEPBEFORE_START,1516239770861,149
53,PLAYER_SLEEPBEFORE_END,1516239773289,149
53,WS_SEND_START,1516239773289,149
53,WS_SEND_END,1516239773289,149
53,WS_RECV_START,1516239773289,150
53,WS_RECV_END,1516239773934,150
53,PLAYER_SLEEPBEFORE_START,1516239773934,151
53,PLAYER_SLEEPBEFORE_END,1516239774144,151
53,WS_SEND_START,1516239774144,151
53,WS_SEND_END,1516239774144,151
53,WS_RECV_START,1516239774144,152
53,WS_RECV_END,1516239774495,152
53,PLAYER_SLEEPBEFORE_START,1516239774495,153
53,PLAYER_SLEEPBEFORE_END,1516239798423,153
53,WS_SEND_START,1516239798423,153
53,WS_SEND_END,1516239798423,153
53,WS_RECV_START,1516239798423,154
53,WS_RECV_END,1516239798605,154
53,PLAYER_SLEEPBEFORE_START,1516239798605,155
53,PLAYER_SLEEPBEFORE_END,1516239821163,155
53,WS_SEND_START,1516239821163,155
53,WS_SEND_END,1516239821163,155
53,PLAYER_SLEEPBEFORE_START,1516239821163,156
53,PLAYER_SLEEPBEFORE_END,1516239824437,156
53,WS_SEND_START,1516239824437,156
53,WS_SEND_END,1516239824437,156
53,WS_RECV_START,1516239824437,157
53,WS_RECV_END,1516239824822,157
53,PLAYER_SLEEPBEFORE_START,1516239824822,158
53,PLAYER_SLEEPBEFORE_END,1516239824832,158
53,WS_SEND_START,1516239824832,158
53,WS_SEND_END,1516239824832,158
53,WS_RECV_START,1516239824832,159
53,WS_RECV_END,1516239825099,159
53,PLAYER_SLEEPBEFORE_START,1516239825099,160
53,PLAYER_SLEEPBEFORE_END,1516239825274,160
53,WS_SEND_START,1516239825274,160
53,WS_SEND_END,1516239825274,160
53,WS_RECV_START,1516239825274,161
53,WS_RECV_END,1516239825737,161
53,PLAYER_SLEEPBEFORE_START,1516239825737,162
53,PLAYER_SLEEPBEFORE_END,1516239825762,162
53,WS_SEND_START,1516239825762,162
53,WS_SEND_END,1516239825762,162
53,WS_RECV_START,1516239825762,163
53,WS_RECV_END,1516239826354,163
53,PLAYER_SLEEPBEFORE_START,1516239826354,164
53,PLAYER_SLEEPBEFORE_END,1516239847167,164
53,WS_SEND_START,1516239847167,164
53,WS_SEND_END,1516239847167,164
53,WS_RECV_START,1516239847167,165
53,WS_RECV_END,1516239847314,165
53,PLAYER_SLEEPBEFORE_START,1516239847314,166
53,PLAYER_SLEEPBEFORE_END,1516239869769,166
53,WS_SEND_START,1516239869769,166
53,WS_SEND_END,1516239869769,166
53,WS_RECV_START,1516239869769,167
53,WS_RECV_END,1516239869903,167
53,PLAYER_SLEEPBEFORE_START,1516239869903,168
53,PLAYER_SLEEPBEFORE_END,1516239897260,168
53,WS_SEND_START,1516239897260,168
53,WS_SEND_END,1516239897260,168
53,WS_RECV_START,1516239897260,169
53,WS_RECV_END,1516239898077,169
53,PLAYER_SLEEPBEFORE_START,1516239898077,170
53,PLAYER_SLEEPBEFORE_END,1516239898086,170
53,WS_SEND_START,1516239898086,170
53,WS_SEND_END,1516239898086,170
53,WS_RECV_START,1516239898086,171
53,WS_RECV_END,1516239898470,171
53,PLAYER_SLEEPBEFORE_START,1516239898470,172
53,PLAYER_SLEEPBEFORE_END,1516239898840,172
53,WS_SEND_START,1516239898840,172
53,WS_SEND_END,1516239898840,172
53,WS_RECV_START,1516239898840,173
53,WS_RECV_END,1516239899062,173
53,PLAYER_SLEEPBEFORE_START,1516239899062,174
53,PLAYER_SLEEPBEFORE_END,1516239899103,174
53,WS_SEND_START,1516239899103,174
53,WS_SEND_END,1516239899103,174
53,WS_RECV_START,1516239899103,175
53,WS_RECV_END,1516239899406,175
53,PLAYER_SLEEPBEFORE_START,1516239899406,176
53,PLAYER_SLEEPBEFORE_END,1516239921167,176
53,WS_SEND_START,1516239921167,176
53,WS_SEND_END,1516239921167,176
53,PLAYER_SLEEPBEFORE_START,1516239921167,177
53,PLAYER_SLEEPBEFORE_END,1516239923685,177
53,WS_SEND_START,1516239923685,177
53,WS_SEND_END,1516239923685,177
53,WS_RECV_START,1516239923685,178
53,WS_RECV_END,1516239923963,178
53,PLAYER_SLEEPBEFORE_START,1516239923963,179
53,PLAYER_SLEEPBEFORE_END,1516239946303,179
53,WS_SEND_START,1516239946303,179
53,WS_SEND_END,1516239946303,179
53,WS_RECV_START,1516239946303,180
53,WS_RECV_END,1516239946503,180
53,PLAYER_SLEEPBEFORE_START,1516239946503,181
53,PLAYER_SLEEPBEFORE_END,1516239946947,181
53,WS_SEND_START,1516239946947,181
53,WS_SEND_END,1516239946947,181
53,WS_RECV_START,1516239946947,182
53,WS_RECV_END,1516239947954,182
53,PLAYER_SLEEPBEFORE_START,1516239947954,183
53,PLAYER_SLEEPBEFORE_END,1516239948477,183
53,WS_SEND_START,1516239948477,183
53,WS_SEND_END,1516239948478,183
53,WS_RECV_START,1516239948478,184
53,WS_RECV_END,1516239948869,184
53,PLAYER_SLEEPBEFORE_START,1516239948869,185
53,PLAYER_SLEEPBEFORE_END,1516239949137,185
53,WS_SEND_START,1516239949137,185
53,WS_SEND_END,1516239949137,185
53,WS_RECV_START,1516239949137,186
53,WS_RECV_END,1516239949641,186
53,PLAYER_SLEEPBEFORE_START,1516239949641,187
53,PLAYER_SLEEPBEFORE_END,1516239972141,187
53,WS_SEND_START,1516239972141,187
53,WS_SEND_END,1516239972141,187
53,WS_RECV_START,1516239972141,188
53,WS_RECV_END,1516239972206,188
53,PLAYER_SLEEPBEFORE_START,1516239972206,189
53,PLAYER_SLEEPBEFORE_END,1516239978445,189
53,WS_SEND_START,1516239978445,189
53,WS_SEND_END,1516239978445,189
53,WS_RECV_START,1516239978445,190
53,WS_RECV_END,1516239979405,190
53,PLAYER_SLEEPBEFORE_START,1516239979405,191
53,PLAYER_SLEEPBEFORE_END,1516239981320,191
53,WS_SEND_START,1516239981320,191
53,WS_SEND_END,1516239981320,191
53,WS_RECV_START,1516239981320,192
53,WS_RECV_END,1516239983010,192
53,PLAYER_SLEEPBEFORE_START,1516239983010,193
53,PLAYER_SLEEPBEFORE_END,1516239983138,193
53,WS_SEND_START,1516239983138,193
53,WS_SEND_END,1516239983138,193
53,WS_RECV_START,1516239983138,194
53,WS_RECV_END,1516239983302,194
53,PLAYER_SLEEPBEFORE_START,1516239983302,195
53,PLAYER_SLEEPBEFORE_END,1516239985057,195
53,WS_SEND_START,1516239985057,195
53,WS_SEND_END,1516239985057,195
53,WS_RECV_START,1516239985057,196
53,WS_RECV_END,1516239986562,196
53,PLAYER_SLEEPBEFORE_START,1516239986562,197
53,PLAYER_SLEEPBEFORE_END,1516239988366,197
53,WS_SEND_START,1516239988366,197
53,WS_SEND_END,1516239988366,197
53,WS_RECV_START,1516239988366,198
53,WS_RECV_END,1516239989964,198
53,PLAYER_SLEEPBEFORE_START,1516239989964,199
53,PLAYER_SLEEPBEFORE_END,1516240001818,199
53,WS_SEND_START,1516240001818,199
53,WS_SEND_END,1516240001818,199
53,PLAYER_SLEEPBEFORE_START,1516240001818,200
53,PLAYER_SLEEPBEFORE_END,1516240005906,200
53,WS_SEND_START,1516240005906,200
53,WS_SEND_END,1516240005906,200
53,WS_RECV_START,1516240005906,201
53,WS_RECV_END,1516240007870,201
53,PLAYER_SLEEPBEFORE_START,1516240007870,202
53,PLAYER_SLEEPBEFORE_END,1516240007884,202
53,WS_SEND_START,1516240007884,202
53,WS_SEND_END,1516240007884,202
53,WS_RECV_START,1516240007884,203
53,WS_RECV_END,1516240008938,203
53,PLAYER_SLEEPBEFORE_START,1516240008938,204
53,PLAYER_SLEEPBEFORE_END,1516240028587,204
53,WS_SEND_START,1516240028587,204
53,WS_SEND_END,1516240028588,204
53,PLAYER_SLEEPBEFORE_START,1516240028588,205
53,PLAYER_SLEEPBEFORE_END,1516240032486,205
53,WS_SEND_START,1516240032486,205
53,WS_SEND_END,1516240032486,205
53,WS_RECV_START,1516240032486,206
53,WS_RECV_END,1516240033505,206
53,PLAYER_SLEEPBEFORE_START,1516240033505,207
53,PLAYER_SLEEPBEFORE_END,1516240050436,207
53,REQ_START,1516240050436,207
53,REQ_END,1516240050443,207
53,PLAYER_SLEEPBEFORE_START,1516240050443,208
53,PLAYER_SLEEPBEFORE_END,1516240057295,208
53,WS_CLOSE_START,1516240057295,208
53,WS_CLOSE_END,1516240057295,208
53,PLAYER_DONE,1516240057295
