# --sessions 1080 --app-url=http://shinyloadtest.rstudioservices.com/cran_explorer --output-dir test1080 --overwrite-output --log-level warn --start-interval 250 15min.log
thread_id,event,timestamp,input_line_number,comment
551,PLAYER_SESSION_CREATE,1516239120660
551,PLAYER_START_INTERVAL_START,1516239120660
551,PLAYER_START_INTERVAL_END,1516239258410
551,REQ_HOME_START,1516239258410,2
551,REQ_HOME_END,1516239258487,2
551,REQ_START,1516239258487,3
551,REQ_END,1516239258516,3
551,REQ_START,1516239258516,4
551,REQ_END,1516239258545,4
551,REQ_START,1516239258545,5
551,REQ_END,1516239258577,5
551,REQ_START,1516239258577,6
551,REQ_END,1516239258607,6
551,REQ_START,1516239258607,7
551,REQ_END,1516239258638,7
551,REQ_START,1516239258638,8
551,REQ_END,1516239258668,8
551,REQ_START,1516239258668,9
551,REQ_END,1516239258697,9
551,REQ_START,1516239258697,10
551,REQ_END,1516239258705,10
551,REQ_START,1516239258705,11
551,REQ_END,1516239258734,11
551,REQ_START,1516239258734,12
551,REQ_END,1516239258745,12
551,REQ_START,1516239258745,13
551,REQ_END,1516239258776,13
551,REQ_START,1516239258776,14
551,REQ_END,1516239258790,14
551,REQ_START,1516239258791,15
551,REQ_END,1516239258824,15
551,REQ_TOK_START,1516239258824,16
551,REQ_TOK_END,1516239258830,16
551,REQ_SINF_START,1516239258830,17
551,REQ_SINF_END,1516239258836,17
551,WS_OPEN_START,1516239258837,18
551,WS_OPEN_END,1516239258843,18
551,REQ_START,1516239258843,19
551,REQ_END,1516239258883,19
551,WS_RECV_START,1516239258883,20
551,WS_RECV_END,1516239258883,20
551,PLAYER_SLEEPBEFORE_START,1516239258883,21
551,PLAYER_SLEEPBEFORE_END,1516239258888,21
551,WS_SEND_START,1516239258888,21
551,WS_SEND_END,1516239258888,21
551,PLAYER_SLEEPBEFORE_START,1516239258888,22
551,PLAYER_SLEEPBEFORE_END,1516239258889,22
551,WS_SEND_START,1516239258889,22
551,WS_SEND_END,1516239258889,22
551,WS_RECV_INIT_START,1516239258889,23
551,WS_RECV_INIT_END,1516239258922,23
551,WS_RECV_START,1516239258922,24
551,WS_RECV_END,1516239258967,24
551,PLAYER_SLEEPBEFORE_START,1516239258967,25
551,PLAYER_SLEEPBEFORE_END,1516239258974,25
551,REQ_START,1516239258974,25
551,REQ_END,1516239259005,25
551,PLAYER_SLEEPBEFORE_START,1516239259005,26
551,PLAYER_SLEEPBEFORE_END,1516239259006,26
551,REQ_START,1516239259006,26
551,REQ_END,1516239259035,26
551,PLAYER_SLEEPBEFORE_START,1516239259035,27
551,PLAYER_SLEEPBEFORE_END,1516239259038,27
551,REQ_START,1516239259038,27
551,REQ_END,1516239259078,27
551,PLAYER_SLEEPBEFORE_START,1516239259078,28
551,PLAYER_SLEEPBEFORE_END,1516239259363,28
551,REQ_START,1516239259363,28
551,REQ_END,1516239259414,28
551,PLAYER_SLEEPBEFORE_START,1516239259414,29
551,PLAYER_SLEEPBEFORE_END,1516239259590,29
551,WS_SEND_START,1516239259590,29
551,WS_SEND_END,1516239259590,29
551,WS_RECV_START,1516239259590,30
551,WS_RECV_END,1516239259725,30
551,PLAYER_SLEEPBEFORE_START,1516239259725,31
551,PLAYER_SLEEPBEFORE_END,1516239259736,31
551,REQ_START,1516239259736,31
551,REQ_END,1516239259807,31
551,PLAYER_SLEEPBEFORE_START,1516239259807,32
551,PLAYER_SLEEPBEFORE_END,1516239287952,32
551,WS_SEND_START,1516239287952,32
551,WS_SEND_END,1516239287952,32
551,WS_RECV_START,1516239287952,33
551,WS_RECV_END,1516239288046,33
551,PLAYER_SLEEPBEFORE_START,1516239288047,34
551,PLAYER_SLEEPBEFORE_END,1516239313958,34
551,WS_SEND_START,1516239313958,34
551,WS_SEND_END,1516239313958,34
551,WS_RECV_START,1516239313958,35
551,WS_RECV_END,1516239314006,35
551,PLAYER_SLEEPBEFORE_START,1516239314006,36
551,PLAYER_SLEEPBEFORE_END,1516239314015,36
551,WS_SEND_START,1516239314015,36
551,WS_SEND_END,1516239314015,36
551,WS_RECV_START,1516239314015,37
551,WS_RECV_END,1516239314118,37
551,PLAYER_SLEEPBEFORE_START,1516239314118,38
551,PLAYER_SLEEPBEFORE_END,1516239317313,38
551,WS_SEND_START,1516239317313,38
551,WS_SEND_END,1516239317313,38
551,WS_RECV_START,1516239317313,39
551,WS_RECV_END,1516239317558,39
551,PLAYER_SLEEPBEFORE_START,1516239317558,40
551,PLAYER_SLEEPBEFORE_END,1516239317604,40
551,WS_SEND_START,1516239317604,40
551,WS_SEND_END,1516239317604,40
551,WS_RECV_START,1516239317604,41
551,WS_RECV_END,1516239317753,41
551,PLAYER_SLEEPBEFORE_START,1516239317753,42
551,PLAYER_SLEEPBEFORE_END,1516239335889,42
551,WS_SEND_START,1516239335889,42
551,WS_SEND_END,1516239335889,42
551,WS_RECV_START,1516239335889,43
551,WS_RECV_END,1516239335945,43
551,PLAYER_SLEEPBEFORE_START,1516239335945,44
551,PLAYER_SLEEPBEFORE_END,1516239335957,44
551,WS_SEND_START,1516239335957,44
551,WS_SEND_END,1516239335957,44
551,WS_RECV_START,1516239335957,45
551,WS_RECV_END,1516239336014,45
551,PLAYER_SLEEPBEFORE_START,1516239336014,46
551,PLAYER_SLEEPBEFORE_END,1516239337274,46
551,WS_SEND_START,1516239337274,46
551,WS_SEND_END,1516239337274,46
551,WS_RECV_START,1516239337274,47
551,WS_RECV_END,1516239337641,47
551,PLAYER_SLEEPBEFORE_START,1516239337641,48
551,PLAYER_SLEEPBEFORE_END,1516239338962,48
551,WS_SEND_START,1516239338962,48
551,WS_SEND_END,1516239338962,48
551,WS_RECV_START,1516239338962,49
551,WS_RECV_END,1516239339113,49
551,PLAYER_SLEEPBEFORE_START,1516239339113,50
551,PLAYER_SLEEPBEFORE_END,1516239339137,50
551,WS_SEND_START,1516239339137,50
551,WS_SEND_END,1516239339137,50
551,WS_RECV_START,1516239339137,51
551,WS_RECV_END,1516239339320,51
551,PLAYER_SLEEPBEFORE_START,1516239339320,52
551,PLAYER_SLEEPBEFORE_END,1516239361884,52
551,WS_SEND_START,1516239361884,52
551,WS_SEND_END,1516239361884,52
551,WS_RECV_START,1516239361884,53
551,WS_RECV_END,1516239362147,53
551,PLAYER_SLEEPBEFORE_START,1516239362147,54
551,PLAYER_SLEEPBEFORE_END,1516239383450,54
551,WS_SEND_START,1516239383450,54
551,WS_SEND_END,1516239383451,54
551,PLAYER_SLEEPBEFORE_START,1516239383451,55
551,PLAYER_SLEEPBEFORE_END,1516239385392,55
551,WS_SEND_START,1516239385392,55
551,WS_SEND_END,1516239385392,55
551,WS_RECV_START,1516239385392,56
551,WS_RECV_END,1516239385610,56
551,PLAYER_SLEEPBEFORE_START,1516239385610,57
551,PLAYER_SLEEPBEFORE_END,1516239408482,57
551,WS_SEND_START,1516239408482,57
551,WS_SEND_END,1516239408482,57
551,WS_RECV_START,1516239408482,58
551,WS_RECV_END,1516239408545,58
551,PLAYER_SLEEPBEFORE_START,1516239408545,59
551,PLAYER_SLEEPBEFORE_END,1516239410872,59
551,WS_SEND_START,1516239410872,59
551,WS_SEND_END,1516239410872,59
551,WS_RECV_START,1516239410872,60
551,WS_RECV_END,1516239410958,60
551,PLAYER_SLEEPBEFORE_START,1516239410958,61
551,PLAYER_SLEEPBEFORE_END,1516239414549,61
551,WS_SEND_START,1516239414549,61
551,WS_SEND_END,1516239414549,61
551,WS_RECV_START,1516239414549,62
551,WS_RECV_END,1516239414813,62
551,PLAYER_SLEEPBEFORE_START,1516239414813,63
551,PLAYER_SLEEPBEFORE_END,1516239434075,63
551,WS_SEND_START,1516239434075,63
551,WS_SEND_END,1516239434075,63
551,WS_RECV_START,1516239434075,64
551,WS_RECV_END,1516239434357,64
551,PLAYER_SLEEPBEFORE_START,1516239434357,65
551,PLAYER_SLEEPBEFORE_END,1516239461174,65
551,WS_SEND_START,1516239461174,65
551,WS_SEND_END,1516239461174,65
551,WS_RECV_START,1516239461174,66
551,WS_RECV_END,1516239461313,66
551,PLAYER_SLEEPBEFORE_START,1516239461313,67
551,PLAYER_SLEEPBEFORE_END,1516239462820,67
551,WS_SEND_START,1516239462820,67
551,WS_SEND_END,1516239462820,67
551,WS_RECV_START,1516239462820,68
551,WS_RECV_END,1516239462936,68
551,PLAYER_SLEEPBEFORE_START,1516239462936,69
551,PLAYER_SLEEPBEFORE_END,1516239484934,69
551,WS_SEND_START,1516239484934,69
551,WS_SEND_END,1516239484934,69
551,WS_RECV_START,1516239484934,70
551,WS_RECV_END,1516239485111,70
551,PLAYER_SLEEPBEFORE_START,1516239485111,71
551,PLAYER_SLEEPBEFORE_END,1516239509886,71
551,WS_SEND_START,1516239509886,71
551,WS_SEND_END,1516239509886,71
551,PLAYER_SLEEPBEFORE_START,1516239509886,72
551,PLAYER_SLEEPBEFORE_END,1516239512493,72
551,WS_SEND_START,1516239512493,72
551,WS_SEND_END,1516239512493,72
551,WS_RECV_START,1516239512493,73
551,WS_RECV_END,1516239512528,73
551,PLAYER_SLEEPBEFORE_START,1516239512528,74
551,PLAYER_SLEEPBEFORE_END,1516239512537,74
551,WS_SEND_START,1516239512538,74
551,WS_SEND_END,1516239512538,74
551,WS_RECV_START,1516239512538,75
551,WS_RECV_END,1516239512749,75
551,PLAYER_SLEEPBEFORE_START,1516239512749,76
551,PLAYER_SLEEPBEFORE_END,1516239514255,76
551,WS_SEND_START,1516239514255,76
551,WS_SEND_END,1516239514255,76
551,WS_RECV_START,1516239514255,77
551,WS_RECV_END,1516239514545,77
551,PLAYER_SLEEPBEFORE_START,1516239514545,78
551,PLAYER_SLEEPBEFORE_END,1516239515413,78
551,WS_SEND_START,1516239515413,78
551,WS_SEND_END,1516239515413,78
551,WS_RECV_START,1516239515413,79
551,WS_RECV_END,1516239515444,79
551,PLAYER_SLEEPBEFORE_START,1516239515444,80
551,PLAYER_SLEEPBEFORE_END,1516239523110,80
551,WS_SEND_START,1516239523110,80
551,WS_SEND_END,1516239523110,80
551,WS_RECV_START,1516239523110,81
551,WS_RECV_END,1516239523756,81
551,PLAYER_SLEEPBEFORE_START,1516239523756,82
551,PLAYER_SLEEPBEFORE_END,1516239524858,82
551,WS_SEND_START,1516239524858,82
551,WS_SEND_END,1516239524858,82
551,WS_RECV_START,1516239524858,83
551,WS_RECV_END,1516239525162,83
551,PLAYER_SLEEPBEFORE_START,1516239525162,84
551,PLAYER_SLEEPBEFORE_END,1516239526109,84
551,WS_SEND_START,1516239526109,84
551,WS_SEND_END,1516239526109,84
551,WS_RECV_START,1516239526109,85
551,WS_RECV_END,1516239526302,85
551,PLAYER_SLEEPBEFORE_START,1516239526302,86
551,PLAYER_SLEEPBEFORE_END,1516239530475,86
551,WS_SEND_START,1516239530475,86
551,WS_SEND_END,1516239530475,86
551,WS_RECV_START,1516239530475,87
551,WS_RECV_END,1516239530645,87
551,PLAYER_SLEEPBEFORE_START,1516239530645,88
551,PLAYER_SLEEPBEFORE_END,1516239530654,88
551,WS_SEND_START,1516239530654,88
551,WS_SEND_END,1516239530654,88
551,WS_RECV_START,1516239530654,89
551,WS_RECV_END,1516239530796,89
551,PLAYER_SLEEPBEFORE_START,1516239530796,90
551,PLAYER_SLEEPBEFORE_END,1516239557993,90
551,REQ_START,1516239557993,90
551,REQ_END,1516239558000,90
551,PLAYER_SLEEPBEFORE_START,1516239558000,91
551,PLAYER_SLEEPBEFORE_END,1516239565889,91
551,WS_SEND_START,1516239565890,91
551,WS_SEND_END,1516239565890,91
551,WS_RECV_START,1516239565890,92
551,WS_RECV_END,1516239566034,92
551,PLAYER_SLEEPBEFORE_START,1516239566034,93
551,PLAYER_SLEEPBEFORE_END,1516239566049,93
551,WS_SEND_START,1516239566049,93
551,WS_SEND_END,1516239566049,93
551,WS_RECV_START,1516239566049,94
551,WS_RECV_END,1516239566328,94
551,PLAYER_SLEEPBEFORE_START,1516239566328,95
551,PLAYER_SLEEPBEFORE_END,1516239589883,95
551,WS_SEND_START,1516239589883,95
551,WS_SEND_END,1516239589883,95
551,WS_RECV_START,1516239589883,96
551,WS_RECV_END,1516239590508,96
551,PLAYER_SLEEPBEFORE_START,1516239590508,97
551,PLAYER_SLEEPBEFORE_END,1516239612948,97
551,WS_SEND_START,1516239612948,97
551,WS_SEND_END,1516239612948,97
551,WS_RECV_START,1516239612948,98
551,WS_RECV_END,1516239613693,98
551,PLAYER_SLEEPBEFORE_START,1516239613693,99
551,PLAYER_SLEEPBEFORE_END,1516239613714,99
551,WS_SEND_START,1516239613714,99
551,WS_SEND_END,1516239613714,99
551,WS_RECV_START,1516239613714,100
551,WS_RECV_END,1516239614192,100
551,PLAYER_SLEEPBEFORE_START,1516239614192,101
551,PLAYER_SLEEPBEFORE_END,1516239637751,101
551,WS_SEND_START,1516239637751,101
551,WS_SEND_END,1516239637751,101
551,WS_RECV_START,1516239637751,102
551,WS_RECV_END,1516239637917,102
551,PLAYER_SLEEPBEFORE_START,1516239637917,103
551,PLAYER_SLEEPBEFORE_END,1516239661542,103
551,WS_SEND_START,1516239661542,103
551,WS_SEND_END,1516239661542,103
551,WS_RECV_START,1516239661542,104
551,WS_RECV_END,1516239661874,104
551,PLAYER_SLEEPBEFORE_START,1516239661874,105
551,PLAYER_SLEEPBEFORE_END,1516239687252,105
551,WS_SEND_START,1516239687252,105
551,WS_SEND_END,1516239687252,105
551,WS_RECV_START,1516239687252,106
551,WS_RECV_END,1516239687446,106
551,PLAYER_SLEEPBEFORE_START,1516239687446,107
551,PLAYER_SLEEPBEFORE_END,1516239710869,107
551,WS_SEND_START,1516239710869,107
551,WS_SEND_END,1516239710869,107
551,WS_RECV_START,1516239710869,108
551,WS_RECV_END,1516239710999,108
551,PLAYER_SLEEPBEFORE_START,1516239710999,109
551,PLAYER_SLEEPBEFORE_END,1516239711008,109
551,WS_SEND_START,1516239711008,109
551,WS_SEND_END,1516239711008,109
551,WS_RECV_START,1516239711008,110
551,WS_RECV_END,1516239711050,110
551,PLAYER_SLEEPBEFORE_START,1516239711050,111
551,PLAYER_SLEEPBEFORE_END,1516239712009,111
551,WS_SEND_START,1516239712009,111
551,WS_SEND_END,1516239712009,111
551,WS_RECV_START,1516239712009,112
551,WS_RECV_END,1516239712403,112
551,PLAYER_SLEEPBEFORE_START,1516239712403,113
551,PLAYER_SLEEPBEFORE_END,1516239712965,113
551,WS_SEND_START,1516239712965,113
551,WS_SEND_END,1516239712965,113
551,WS_RECV_START,1516239712965,114
551,WS_RECV_END,1516239713116,114
551,PLAYER_SLEEPBEFORE_START,1516239713116,115
551,PLAYER_SLEEPBEFORE_END,1516239713125,115
551,WS_SEND_START,1516239713125,115
551,WS_SEND_END,1516239713125,115
551,WS_RECV_START,1516239713125,116
551,WS_RECV_END,1516239713304,116
551,PLAYER_SLEEPBEFORE_START,1516239713304,117
551,PLAYER_SLEEPBEFORE_END,1516239733664,117
551,WS_SEND_START,1516239733664,117
551,WS_SEND_END,1516239733664,117
551,PLAYER_SLEEPBEFORE_START,1516239733664,118
551,PLAYER_SLEEPBEFORE_END,1516239737416,118
551,WS_SEND_START,1516239737416,118
551,WS_SEND_END,1516239737416,118
551,WS_RECV_START,1516239737417,119
551,WS_RECV_END,1516239738031,119
551,PLAYER_SLEEPBEFORE_START,1516239738031,120
551,PLAYER_SLEEPBEFORE_END,1516239739019,120
551,WS_SEND_START,1516239739019,120
551,WS_SEND_END,1516239739019,120
551,WS_RECV_START,1516239739019,121
551,WS_RECV_END,1516239739416,121
551,PLAYER_SLEEPBEFORE_START,1516239739416,122
551,PLAYER_SLEEPBEFORE_END,1516239740601,122
551,WS_SEND_START,1516239740601,122
551,WS_SEND_END,1516239740601,122
551,WS_RECV_START,1516239740601,123
551,WS_RECV_END,1516239740773,123
551,PLAYER_SLEEPBEFORE_START,1516239740773,124
551,PLAYER_SLEEPBEFORE_END,1516239765178,124
551,WS_SEND_START,1516239765178,124
551,WS_SEND_END,1516239765178,124
551,WS_RECV_START,1516239765178,125
551,WS_RECV_END,1516239765337,125
551,PLAYER_SLEEPBEFORE_START,1516239765337,126
551,PLAYER_SLEEPBEFORE_END,1516239785849,126
551,WS_SEND_START,1516239785849,126
551,WS_SEND_END,1516239785850,126
551,PLAYER_SLEEPBEFORE_START,1516239785850,127
551,PLAYER_SLEEPBEFORE_END,1516239788904,127
551,WS_SEND_START,1516239788904,127
551,WS_SEND_END,1516239788904,127
551,WS_RECV_START,1516239788904,128
551,WS_RECV_END,1516239789503,128
551,PLAYER_SLEEPBEFORE_START,1516239789503,129
551,PLAYER_SLEEPBEFORE_END,1516239789523,129
551,WS_SEND_START,1516239789523,129
551,WS_SEND_END,1516239789523,129
551,WS_RECV_START,1516239789523,130
551,WS_RECV_END,1516239789934,130
551,PLAYER_SLEEPBEFORE_START,1516239789934,131
551,PLAYER_SLEEPBEFORE_END,1516239811559,131
551,WS_SEND_START,1516239811559,131
551,WS_SEND_END,1516239811559,131
551,PLAYER_SLEEPBEFORE_START,1516239811559,132
551,PLAYER_SLEEPBEFORE_END,1516239814639,132
551,WS_SEND_START,1516239814639,132
551,WS_SEND_END,1516239814639,132
551,WS_RECV_START,1516239814639,133
551,WS_RECV_END,1516239814922,133
551,PLAYER_SLEEPBEFORE_START,1516239814922,134
551,PLAYER_SLEEPBEFORE_END,1516239836139,134
551,WS_SEND_START,1516239836139,134
551,WS_SEND_END,1516239836139,134
551,PLAYER_SLEEPBEFORE_START,1516239836139,135
551,PLAYER_SLEEPBEFORE_END,1516239839329,135
551,WS_SEND_START,1516239839329,135
551,WS_SEND_END,1516239839329,135
551,WS_RECV_START,1516239839329,136
551,WS_RECV_END,1516239840126,136
551,PLAYER_SLEEPBEFORE_START,1516239840126,137
551,PLAYER_SLEEPBEFORE_END,1516239840133,137
551,WS_SEND_START,1516239840133,137
551,WS_SEND_END,1516239840133,137
551,WS_RECV_START,1516239840133,138
551,WS_RECV_END,1516239840458,138
551,PLAYER_SLEEPBEFORE_START,1516239840458,139
551,PLAYER_SLEEPBEFORE_END,1516239841148,139
551,WS_SEND_START,1516239841148,139
551,WS_SEND_END,1516239841148,139
551,WS_RECV_START,1516239841148,140
551,WS_RECV_END,1516239841835,140
551,PLAYER_SLEEPBEFORE_START,1516239841835,141
551,PLAYER_SLEEPBEFORE_END,1516239842490,141
551,WS_SEND_START,1516239842490,141
551,WS_SEND_END,1516239842491,141
551,WS_RECV_START,1516239842491,142
551,WS_RECV_END,1516239842866,142
551,PLAYER_SLEEPBEFORE_START,1516239842866,143
551,PLAYER_SLEEPBEFORE_END,1516239842923,143
551,WS_SEND_START,1516239842923,143
551,WS_SEND_END,1516239842923,143
551,WS_RECV_START,1516239842923,144
551,WS_RECV_END,1516239843734,144
551,PLAYER_SLEEPBEFORE_START,1516239843734,145
551,PLAYER_SLEEPBEFORE_END,1516239859796,145
551,REQ_START,1516239859796,145
551,REQ_END,1516239859804,145
551,PLAYER_SLEEPBEFORE_START,1516239859804,146
551,PLAYER_SLEEPBEFORE_END,1516239868681,146
551,WS_SEND_START,1516239868681,146
551,WS_SEND_END,1516239868681,146
551,WS_RECV_START,1516239868681,147
551,WS_RECV_END,1516239868806,147
551,PLAYER_SLEEPBEFORE_START,1516239868806,148
551,PLAYER_SLEEPBEFORE_END,1516239890728,148
551,WS_SEND_START,1516239890728,148
551,WS_SEND_END,1516239890728,148
551,PLAYER_SLEEPBEFORE_START,1516239890728,149
551,PLAYER_SLEEPBEFORE_END,1516239893156,149
551,WS_SEND_START,1516239893156,149
551,WS_SEND_END,1516239893156,149
551,WS_RECV_START,1516239893156,150
551,WS_RECV_END,1516239893318,150
551,PLAYER_SLEEPBEFORE_START,1516239893318,151
551,PLAYER_SLEEPBEFORE_END,1516239893528,151
551,WS_SEND_START,1516239893528,151
551,WS_SEND_END,1516239893528,151
551,WS_RECV_START,1516239893528,152
551,WS_RECV_END,1516239893655,152
551,PLAYER_SLEEPBEFORE_START,1516239893655,153
551,PLAYER_SLEEPBEFORE_END,1516239917582,153
551,WS_SEND_START,1516239917582,153
551,WS_SEND_END,1516239917582,153
551,WS_RECV_START,1516239917582,154
551,WS_RECV_END,1516239918108,154
551,PLAYER_SLEEPBEFORE_START,1516239918108,155
551,PLAYER_SLEEPBEFORE_END,1516239940666,155
551,WS_SEND_START,1516239940666,155
551,WS_SEND_END,1516239940666,155
551,PLAYER_SLEEPBEFORE_START,1516239940666,156
551,PLAYER_SLEEPBEFORE_END,1516239943940,156
551,WS_SEND_START,1516239943940,156
551,WS_SEND_END,1516239943940,156
551,WS_RECV_START,1516239943940,157
551,WS_RECV_END,1516239944147,157
551,PLAYER_SLEEPBEFORE_START,1516239944147,158
551,PLAYER_SLEEPBEFORE_END,1516239944158,158
551,WS_SEND_START,1516239944158,158
551,WS_SEND_END,1516239944158,158
551,WS_RECV_START,1516239944158,159
551,WS_RECV_END,1516239944198,159
551,PLAYER_SLEEPBEFORE_START,1516239944198,160
551,PLAYER_SLEEPBEFORE_END,1516239944373,160
551,WS_SEND_START,1516239944373,160
551,WS_SEND_END,1516239944373,160
551,WS_RECV_START,1516239944373,161
551,WS_RECV_END,1516239945015,161
551,PLAYER_SLEEPBEFORE_START,1516239945015,162
551,PLAYER_SLEEPBEFORE_END,1516239945040,162
551,WS_SEND_START,1516239945040,162
551,WS_SEND_END,1516239945040,162
551,WS_RECV_START,1516239945040,163
551,WS_RECV_END,1516239945777,163
551,PLAYER_SLEEPBEFORE_START,1516239945777,164
551,PLAYER_SLEEPBEFORE_END,1516239966589,164
551,WS_SEND_START,1516239966589,164
551,WS_SEND_END,1516239966589,164
551,WS_RECV_START,1516239966589,165
551,WS_RECV_END,1516239967870,165
551,PLAYER_SLEEPBEFORE_START,1516239967870,166
551,PLAYER_SLEEPBEFORE_END,1516239990325,166
551,WS_SEND_START,1516239990325,166
551,WS_SEND_END,1516239990325,166
551,WS_RECV_START,1516239990325,167
551,WS_RECV_END,1516239991904,167
551,PLAYER_SLEEPBEFORE_START,1516239991904,168
551,PLAYER_SLEEPBEFORE_END,1516240019261,168
551,WS_SEND_START,1516240019261,168
551,WS_SEND_END,1516240019261,168
551,WS_RECV_START,1516240019261,169
551,WS_RECV_END,1516240020993,169
551,PLAYER_SLEEPBEFORE_START,1516240020993,170
551,PLAYER_SLEEPBEFORE_END,1516240021002,170
551,WS_SEND_START,1516240021002,170
551,WS_SEND_END,1516240021002,170
551,WS_RECV_START,1516240021002,171
551,WS_RECV_END,1516240023909,171
551,PLAYER_SLEEPBEFORE_START,1516240023909,172
551,PLAYER_SLEEPBEFORE_END,1516240024278,172
551,WS_SEND_START,1516240024278,172
551,WS_SEND_END,1516240024278,172
551,WS_RECV_START,1516240024278,173
551,WS_RECV_END,1516240026347,173
551,PLAYER_SLEEPBEFORE_START,1516240026347,174
551,PLAYER_SLEEPBEFORE_END,1516240026388,174
551,WS_SEND_START,1516240026388,174
551,WS_SEND_END,1516240026388,174
551,WS_RECV_START,1516240026388,175
551,WS_RECV_END,1516240028032,175
551,PLAYER_SLEEPBEFORE_START,1516240028032,176
551,PLAYER_SLEEPBEFORE_END,1516240049793,176
551,WS_SEND_START,1516240049793,176
551,WS_SEND_END,1516240049793,176
551,PLAYER_SLEEPBEFORE_START,1516240049793,177
551,PLAYER_SLEEPBEFORE_END,1516240052311,177
551,WS_SEND_START,1516240052311,177
551,WS_SEND_END,1516240052311,177
551,WS_RECV_START,1516240052311,178
551,WS_RECV_END,1516240054422,178
551,PLAYER_SLEEPBEFORE_START,1516240054422,179
551,PLAYER_SLEEPBEFORE_END,1516240076762,179
551,WS_SEND_START,1516240076762,179
551,WS_SEND_END,1516240076762,179
551,WS_RECV_START,1516240076762,180
551,WS_RECV_END,1516240077590,180
551,PLAYER_SLEEPBEFORE_START,1516240077590,181
551,PLAYER_SLEEPBEFORE_END,1516240078035,181
551,WS_SEND_START,1516240078035,181
551,WS_SEND_END,1516240078035,181
551,WS_RECV_START,1516240078035,182
551,WS_RECV_END,1516240079255,182
551,PLAYER_SLEEPBEFORE_START,1516240079255,183
551,PLAYER_SLEEPBEFORE_END,1516240079779,183
551,WS_SEND_START,1516240079779,183
551,WS_SEND_END,1516240079779,183
551,WS_RECV_START,1516240079779,184
551,WS_RECV_END,1516240080142,184
551,PLAYER_SLEEPBEFORE_START,1516240080142,185
551,PLAYER_SLEEPBEFORE_END,1516240080410,185
551,WS_SEND_START,1516240080410,185
551,WS_SEND_END,1516240080411,185
551,WS_RECV_START,1516240080411,186
551,WS_RECV_END,1516240080896,186
551,PLAYER_SLEEPBEFORE_START,1516240080896,187
551,PLAYER_SLEEPBEFORE_END,1516240103396,187
551,WS_SEND_START,1516240103396,187
551,WS_SEND_END,1516240103397,187
551,WS_RECV_START,1516240103397,188
551,WS_RECV_END,1516240104322,188
551,PLAYER_SLEEPBEFORE_START,1516240104322,189
551,PLAYER_SLEEPBEFORE_END,1516240110561,189
551,WS_SEND_START,1516240110561,189
551,WS_SEND_END,1516240110561,189
551,WS_RECV_START,1516240110561,190
551,WS_RECV_END,1516240110716,190
551,PLAYER_SLEEPBEFORE_START,1516240110716,191
551,PLAYER_SLEEPBEFORE_END,1516240112631,191
551,WS_SEND_START,1516240112631,191
551,WS_SEND_END,1516240112631,191
551,WS_RECV_START,1516240112632,192
551,WS_RECV_END,1516240112759,192
551,PLAYER_SLEEPBEFORE_START,1516240112759,193
551,PLAYER_SLEEPBEFORE_END,1516240112887,193
551,WS_SEND_START,1516240112887,193
551,WS_SEND_END,1516240112887,193
551,WS_RECV_START,1516240112887,194
551,WS_RECV_END,1516240113043,194
551,PLAYER_SLEEPBEFORE_START,1516240113043,195
551,PLAYER_SLEEPBEFORE_END,1516240114798,195
551,WS_SEND_START,1516240114798,195
551,WS_SEND_END,1516240114798,195
551,WS_RECV_START,1516240114798,196
551,WS_RECV_END,1516240114959,196
551,PLAYER_SLEEPBEFORE_START,1516240114959,197
551,PLAYER_SLEEPBEFORE_END,1516240116763,197
551,WS_SEND_START,1516240116763,197
551,WS_SEND_END,1516240116763,197
551,WS_RECV_START,1516240116763,198
551,WS_RECV_END,1516240117302,198
551,PLAYER_SLEEPBEFORE_START,1516240117302,199
551,PLAYER_SLEEPBEFORE_END,1516240129157,199
551,WS_SEND_START,1516240129157,199
551,WS_SEND_END,1516240129157,199
551,PLAYER_SLEEPBEFORE_START,1516240129157,200
551,PLAYER_SLEEPBEFORE_END,1516240133245,200
551,WS_SEND_START,1516240133245,200
551,WS_SEND_END,1516240133245,200
551,WS_RECV_START,1516240133245,201
551,WS_RECV_END,1516240133381,201
551,PLAYER_SLEEPBEFORE_START,1516240133381,202
551,PLAYER_SLEEPBEFORE_END,1516240133395,202
551,WS_SEND_START,1516240133395,202
551,WS_SEND_END,1516240133395,202
551,WS_RECV_START,1516240133395,203
551,WS_RECV_END,1516240133658,203
551,PLAYER_SLEEPBEFORE_START,1516240133658,204
551,PLAYER_SLEEPBEFORE_END,1516240153307,204
551,WS_SEND_START,1516240153307,204
551,WS_SEND_END,1516240153307,204
551,PLAYER_SLEEPBEFORE_START,1516240153307,205
551,PLAYER_SLEEPBEFORE_END,1516240157205,205
551,WS_SEND_START,1516240157205,205
551,WS_SEND_END,1516240157205,205
551,WS_RECV_START,1516240157205,206
551,WS_RECV_END,1516240157356,206
551,PLAYER_SLEEPBEFORE_START,1516240157356,207
551,PLAYER_SLEEPBEFORE_END,1516240174287,207
551,REQ_START,1516240174287,207
551,REQ_END,1516240174295,207
551,PLAYER_SLEEPBEFORE_START,1516240174295,208
551,PLAYER_SLEEPBEFORE_END,1516240181147,208
551,WS_CLOSE_START,1516240181147,208
551,WS_CLOSE_END,1516240181147,208
551,PLAYER_DONE,1516240181147
