# --sessions 1080 --app-url=http://shinyloadtest.rstudioservices.com/cran_explorer --output-dir test1080 --overwrite-output --log-level warn --start-interval 250 15min.log
thread_id,event,timestamp,input_line_number,comment
556,PLAYER_SESSION_CREATE,1516239120665
556,PLAYER_START_INTERVAL_START,1516239120665
556,PLAYER_START_INTERVAL_END,1516239259665
556,REQ_HOME_START,1516239259665,2
556,REQ_HOME_END,1516239259755,2
556,REQ_START,1516239259755,3
556,REQ_END,1516239259787,3
556,REQ_START,1516239259787,4
556,REQ_END,1516239259820,4
556,REQ_START,1516239259820,5
556,REQ_END,1516239259855,5
556,REQ_START,1516239259855,6
556,REQ_END,1516239259893,6
556,REQ_START,1516239259893,7
556,REQ_END,1516239259927,7
556,REQ_START,1516239259927,8
556,REQ_END,1516239259984,8
556,REQ_START,1516239259984,9
556,REQ_END,1516239260042,9
556,REQ_START,1516239260042,10
556,REQ_END,1516239260046,10
556,REQ_START,1516239260047,11
556,REQ_END,1516239260084,11
556,REQ_START,1516239260084,12
556,REQ_END,1516239260090,12
556,REQ_START,1516239260090,13
556,REQ_END,1516239260127,13
556,REQ_START,1516239260127,14
556,REQ_END,1516239260138,14
556,REQ_START,1516239260138,15
556,REQ_END,1516239260173,15
556,REQ_TOK_START,1516239260173,16
556,REQ_TOK_END,1516239260177,16
556,REQ_SINF_START,1516239260177,17
556,REQ_SINF_END,1516239260185,17
556,WS_OPEN_START,1516239260185,18
556,WS_OPEN_END,1516239260188,18
556,REQ_START,1516239260188,19
556,REQ_END,1516239260218,19
556,WS_RECV_START,1516239260218,20
556,WS_RECV_END,1516239260218,20
556,PLAYER_SLEEPBEFORE_START,1516239260218,21
556,PLAYER_SLEEPBEFORE_END,1516239260223,21
556,WS_SEND_START,1516239260223,21
556,WS_SEND_END,1516239260223,21
556,PLAYER_SLEEPBEFORE_START,1516239260223,22
556,PLAYER_SLEEPBEFORE_END,1516239260225,22
556,WS_SEND_START,1516239260225,22
556,WS_SEND_END,1516239260225,22
556,WS_RECV_INIT_START,1516239260225,23
556,WS_RECV_INIT_END,1516239260242,23
556,WS_RECV_START,1516239260242,24
556,WS_RECV_END,1516239260291,24
556,PLAYER_SLEEPBEFORE_START,1516239260291,25
556,PLAYER_SLEEPBEFORE_END,1516239260298,25
556,REQ_START,1516239260298,25
556,REQ_END,1516239260332,25
556,PLAYER_SLEEPBEFORE_START,1516239260332,26
556,PLAYER_SLEEPBEFORE_END,1516239260333,26
556,REQ_START,1516239260333,26
556,REQ_END,1516239260367,26
556,PLAYER_SLEEPBEFORE_START,1516239260367,27
556,PLAYER_SLEEPBEFORE_END,1516239260370,27
556,REQ_START,1516239260370,27
556,REQ_END,1516239260404,27
556,PLAYER_SLEEPBEFORE_START,1516239260404,28
556,PLAYER_SLEEPBEFORE_END,1516239260689,28
556,REQ_START,1516239260689,28
556,REQ_END,1516239260726,28
556,PLAYER_SLEEPBEFORE_START,1516239260726,29
556,PLAYER_SLEEPBEFORE_END,1516239260901,29
556,WS_SEND_START,1516239260901,29
556,WS_SEND_END,1516239260901,29
556,WS_RECV_START,1516239260901,30
556,WS_RECV_END,1516239261030,30
556,PLAYER_SLEEPBEFORE_START,1516239261030,31
556,PLAYER_SLEEPBEFORE_END,1516239261042,31
556,REQ_START,1516239261042,31
556,REQ_END,1516239261113,31
556,PLAYER_SLEEPBEFORE_START,1516239261113,32
556,PLAYER_SLEEPBEFORE_END,1516239289259,32
556,WS_SEND_START,1516239289259,32
556,WS_SEND_END,1516239289259,32
556,WS_RECV_START,1516239289259,33
556,WS_RECV_END,1516239289404,33
556,PLAYER_SLEEPBEFORE_START,1516239289404,34
556,PLAYER_SLEEPBEFORE_END,1516239315315,34
556,WS_SEND_START,1516239315315,34
556,WS_SEND_END,1516239315315,34
556,WS_RECV_START,1516239315315,35
556,WS_RECV_END,1516239315474,35
556,PLAYER_SLEEPBEFORE_START,1516239315474,36
556,PLAYER_SLEEPBEFORE_END,1516239315483,36
556,WS_SEND_START,1516239315483,36
556,WS_SEND_END,1516239315483,36
556,WS_RECV_START,1516239315483,37
556,WS_RECV_END,1516239315619,37
556,PLAYER_SLEEPBEFORE_START,1516239315619,38
556,PLAYER_SLEEPBEFORE_END,1516239318814,38
556,WS_SEND_START,1516239318814,38
556,WS_SEND_END,1516239318814,38
556,WS_RECV_START,1516239318814,39
556,WS_RECV_END,1516239318969,39
556,PLAYER_SLEEPBEFORE_START,1516239318969,40
556,PLAYER_SLEEPBEFORE_END,1516239319016,40
556,WS_SEND_START,1516239319016,40
556,WS_SEND_END,1516239319016,40
556,WS_RECV_START,1516239319016,41
556,WS_RECV_END,1516239319174,41
556,PLAYER_SLEEPBEFORE_START,1516239319174,42
556,PLAYER_SLEEPBEFORE_END,1516239337309,42
556,WS_SEND_START,1516239337309,42
556,WS_SEND_END,1516239337309,42
556,WS_RECV_START,1516239337309,43
556,WS_RECV_END,1516239337357,43
556,PLAYER_SLEEPBEFORE_START,1516239337357,44
556,PLAYER_SLEEPBEFORE_END,1516239337369,44
556,WS_SEND_START,1516239337369,44
556,WS_SEND_END,1516239337369,44
556,WS_RECV_START,1516239337369,45
556,WS_RECV_END,1516239337411,45
556,PLAYER_SLEEPBEFORE_START,1516239337411,46
556,PLAYER_SLEEPBEFORE_END,1516239338671,46
556,WS_SEND_START,1516239338671,46
556,WS_SEND_END,1516239338671,46
556,WS_RECV_START,1516239338671,47
556,WS_RECV_END,1516239338714,47
556,PLAYER_SLEEPBEFORE_START,1516239338714,48
556,PLAYER_SLEEPBEFORE_END,1516239340034,48
556,WS_SEND_START,1516239340034,48
556,WS_SEND_END,1516239340034,48
556,WS_RECV_START,1516239340034,49
556,WS_RECV_END,1516239340159,49
556,PLAYER_SLEEPBEFORE_START,1516239340159,50
556,PLAYER_SLEEPBEFORE_END,1516239340183,50
556,WS_SEND_START,1516239340183,50
556,WS_SEND_END,1516239340183,50
556,WS_RECV_START,1516239340183,51
556,WS_RECV_END,1516239340413,51
556,PLAYER_SLEEPBEFORE_START,1516239340413,52
556,PLAYER_SLEEPBEFORE_END,1516239362977,52
556,WS_SEND_START,1516239362977,52
556,WS_SEND_END,1516239362977,52
556,WS_RECV_START,1516239362977,53
556,WS_RECV_END,1516239363135,53
556,PLAYER_SLEEPBEFORE_START,1516239363135,54
556,PLAYER_SLEEPBEFORE_END,1516239384438,54
556,WS_SEND_START,1516239384438,54
556,WS_SEND_END,1516239384438,54
556,PLAYER_SLEEPBEFORE_START,1516239384438,55
556,PLAYER_SLEEPBEFORE_END,1516239386385,55
556,WS_SEND_START,1516239386385,55
556,WS_SEND_END,1516239386385,55
556,WS_RECV_START,1516239386385,56
556,WS_RECV_END,1516239386456,56
556,PLAYER_SLEEPBEFORE_START,1516239386456,57
556,PLAYER_SLEEPBEFORE_END,1516239409328,57
556,WS_SEND_START,1516239409328,57
556,WS_SEND_END,1516239409328,57
556,WS_RECV_START,1516239409328,58
556,WS_RECV_END,1516239409509,58
556,PLAYER_SLEEPBEFORE_START,1516239409509,59
556,PLAYER_SLEEPBEFORE_END,1516239411836,59
556,WS_SEND_START,1516239411836,59
556,WS_SEND_END,1516239411836,59
556,WS_RECV_START,1516239411836,60
556,WS_RECV_END,1516239412209,60
556,PLAYER_SLEEPBEFORE_START,1516239412209,61
556,PLAYER_SLEEPBEFORE_END,1516239415800,61
556,WS_SEND_START,1516239415800,61
556,WS_SEND_END,1516239415800,61
556,WS_RECV_START,1516239415800,62
556,WS_RECV_END,1516239415998,62
556,PLAYER_SLEEPBEFORE_START,1516239415998,63
556,PLAYER_SLEEPBEFORE_END,1516239435260,63
556,WS_SEND_START,1516239435260,63
556,WS_SEND_END,1516239435260,63
556,WS_RECV_START,1516239435260,64
556,WS_RECV_END,1516239435346,64
556,PLAYER_SLEEPBEFORE_START,1516239435346,65
556,PLAYER_SLEEPBEFORE_END,1516239462163,65
556,WS_SEND_START,1516239462163,65
556,WS_SEND_END,1516239462163,65
556,WS_RECV_START,1516239462163,66
556,WS_RECV_END,1516239462352,66
556,PLAYER_SLEEPBEFORE_START,1516239462352,67
556,PLAYER_SLEEPBEFORE_END,1516239463859,67
556,WS_SEND_START,1516239463859,67
556,WS_SEND_END,1516239463859,67
556,WS_RECV_START,1516239463859,68
556,WS_RECV_END,1516239464005,68
556,PLAYER_SLEEPBEFORE_START,1516239464005,69
556,PLAYER_SLEEPBEFORE_END,1516239486003,69
556,WS_SEND_START,1516239486003,69
556,WS_SEND_END,1516239486003,69
556,WS_RECV_START,1516239486003,70
556,WS_RECV_END,1516239486188,70
556,PLAYER_SLEEPBEFORE_START,1516239486188,71
556,PLAYER_SLEEPBEFORE_END,1516239510963,71
556,WS_SEND_START,1516239510963,71
556,WS_SEND_END,1516239510963,71
556,PLAYER_SLEEPBEFORE_START,1516239510963,72
556,PLAYER_SLEEPBEFORE_END,1516239513570,72
556,WS_SEND_START,1516239513570,72
556,WS_SEND_END,1516239513570,72
556,WS_RECV_START,1516239513570,73
556,WS_RECV_END,1516239513726,73
556,PLAYER_SLEEPBEFORE_START,1516239513726,74
556,PLAYER_SLEEPBEFORE_END,1516239513736,74
556,WS_SEND_START,1516239513736,74
556,WS_SEND_END,1516239513736,74
556,WS_RECV_START,1516239513736,75
556,WS_RECV_END,1516239513967,75
556,PLAYER_SLEEPBEFORE_START,1516239513967,76
556,PLAYER_SLEEPBEFORE_END,1516239515473,76
556,WS_SEND_START,1516239515473,76
556,WS_SEND_END,1516239515473,76
556,WS_RECV_START,1516239515473,77
556,WS_RECV_END,1516239515519,77
556,PLAYER_SLEEPBEFORE_START,1516239515519,78
556,PLAYER_SLEEPBEFORE_END,1516239516387,78
556,WS_SEND_START,1516239516387,78
556,WS_SEND_END,1516239516387,78
556,WS_RECV_START,1516239516387,79
556,WS_RECV_END,1516239516518,79
556,PLAYER_SLEEPBEFORE_START,1516239516518,80
556,PLAYER_SLEEPBEFORE_END,1516239524184,80
556,WS_SEND_START,1516239524184,80
556,WS_SEND_END,1516239524184,80
556,WS_RECV_START,1516239524184,81
556,WS_RECV_END,1516239524237,81
556,PLAYER_SLEEPBEFORE_START,1516239524237,82
556,PLAYER_SLEEPBEFORE_END,1516239525340,82
556,WS_SEND_START,1516239525340,82
556,WS_SEND_END,1516239525340,82
556,WS_RECV_START,1516239525340,83
556,WS_RECV_END,1516239525484,83
556,PLAYER_SLEEPBEFORE_START,1516239525484,84
556,PLAYER_SLEEPBEFORE_END,1516239526431,84
556,WS_SEND_START,1516239526431,84
556,WS_SEND_END,1516239526431,84
556,WS_RECV_START,1516239526431,85
556,WS_RECV_END,1516239526606,85
556,PLAYER_SLEEPBEFORE_START,1516239526606,86
556,PLAYER_SLEEPBEFORE_END,1516239530789,86
556,WS_SEND_START,1516239530789,86
556,WS_SEND_END,1516239530789,86
556,WS_RECV_START,1516239530789,87
556,WS_RECV_END,1516239530968,87
556,PLAYER_SLEEPBEFORE_START,1516239530968,88
556,PLAYER_SLEEPBEFORE_END,1516239530976,88
556,WS_SEND_START,1516239530976,88
556,WS_SEND_END,1516239530976,88
556,WS_RECV_START,1516239530976,89
556,WS_RECV_END,1516239531327,89
556,PLAYER_SLEEPBEFORE_START,1516239531327,90
556,PLAYER_SLEEPBEFORE_END,1516239558524,90
556,REQ_START,1516239558524,90
556,REQ_END,1516239558529,90
556,PLAYER_SLEEPBEFORE_START,1516239558529,91
556,PLAYER_SLEEPBEFORE_END,1516239566418,91
556,WS_SEND_START,1516239566418,91
556,WS_SEND_END,1516239566418,91
556,WS_RECV_START,1516239566418,92
556,WS_RECV_END,1516239566848,92
556,PLAYER_SLEEPBEFORE_START,1516239566848,93
556,PLAYER_SLEEPBEFORE_END,1516239566863,93
556,WS_SEND_START,1516239566863,93
556,WS_SEND_END,1516239566863,93
556,WS_RECV_START,1516239566863,94
556,WS_RECV_END,1516239567496,94
556,PLAYER_SLEEPBEFORE_START,1516239567496,95
556,PLAYER_SLEEPBEFORE_END,1516239591051,95
556,WS_SEND_START,1516239591051,95
556,WS_SEND_END,1516239591051,95
556,WS_RECV_START,1516239591051,96
556,WS_RECV_END,1516239591945,96
556,PLAYER_SLEEPBEFORE_START,1516239591945,97
556,PLAYER_SLEEPBEFORE_END,1516239614385,97
556,WS_SEND_START,1516239614385,97
556,WS_SEND_END,1516239614385,97
556,WS_RECV_START,1516239614385,98
556,WS_RECV_END,1516239614944,98
556,PLAYER_SLEEPBEFORE_START,1516239614944,99
556,PLAYER_SLEEPBEFORE_END,1516239614966,99
556,WS_SEND_START,1516239614966,99
556,WS_SEND_END,1516239614966,99
556,WS_RECV_START,1516239614966,100
556,WS_RECV_END,1516239615372,100
556,PLAYER_SLEEPBEFORE_START,1516239615372,101
556,PLAYER_SLEEPBEFORE_END,1516239638931,101
556,WS_SEND_START,1516239638931,101
556,WS_SEND_END,1516239638931,101
556,WS_RECV_START,1516239638931,102
556,WS_RECV_END,1516239639358,102
556,PLAYER_SLEEPBEFORE_START,1516239639358,103
556,PLAYER_SLEEPBEFORE_END,1516239662983,103
556,WS_SEND_START,1516239662983,103
556,WS_SEND_END,1516239662983,103
556,WS_RECV_START,1516239662983,104
556,WS_RECV_END,1516239663170,104
556,PLAYER_SLEEPBEFORE_START,1516239663170,105
556,PLAYER_SLEEPBEFORE_END,1516239688547,105
556,WS_SEND_START,1516239688547,105
556,WS_SEND_END,1516239688547,105
556,WS_RECV_START,1516239688547,106
556,WS_RECV_END,1516239688676,106
556,PLAYER_SLEEPBEFORE_START,1516239688676,107
556,PLAYER_SLEEPBEFORE_END,1516239712100,107
556,WS_SEND_START,1516239712100,107
556,WS_SEND_END,1516239712100,107
556,WS_RECV_START,1516239712100,108
556,WS_RECV_END,1516239712317,108
556,PLAYER_SLEEPBEFORE_START,1516239712317,109
556,PLAYER_SLEEPBEFORE_END,1516239712326,109
556,WS_SEND_START,1516239712326,109
556,WS_SEND_END,1516239712326,109
556,WS_RECV_START,1516239712326,110
556,WS_RECV_END,1516239712511,110
556,PLAYER_SLEEPBEFORE_START,1516239712511,111
556,PLAYER_SLEEPBEFORE_END,1516239713470,111
556,WS_SEND_START,1516239713470,111
556,WS_SEND_END,1516239713470,111
556,WS_RECV_START,1516239713470,112
556,WS_RECV_END,1516239713544,112
556,PLAYER_SLEEPBEFORE_START,1516239713544,113
556,PLAYER_SLEEPBEFORE_END,1516239714106,113
556,WS_SEND_START,1516239714106,113
556,WS_SEND_END,1516239714106,113
556,WS_RECV_START,1516239714106,114
556,WS_RECV_END,1516239714227,114
556,PLAYER_SLEEPBEFORE_START,1516239714227,115
556,PLAYER_SLEEPBEFORE_END,1516239714236,115
556,WS_SEND_START,1516239714236,115
556,WS_SEND_END,1516239714236,115
556,WS_RECV_START,1516239714236,116
556,WS_RECV_END,1516239714594,116
556,PLAYER_SLEEPBEFORE_START,1516239714594,117
556,PLAYER_SLEEPBEFORE_END,1516239734954,117
556,WS_SEND_START,1516239734954,117
556,WS_SEND_END,1516239734954,117
556,PLAYER_SLEEPBEFORE_START,1516239734954,118
556,PLAYER_SLEEPBEFORE_END,1516239738706,118
556,WS_SEND_START,1516239738706,118
556,WS_SEND_END,1516239738706,118
556,WS_RECV_START,1516239738706,119
556,WS_RECV_END,1516239738922,119
556,PLAYER_SLEEPBEFORE_START,1516239738922,120
556,PLAYER_SLEEPBEFORE_END,1516239739910,120
556,WS_SEND_START,1516239739910,120
556,WS_SEND_END,1516239739910,120
556,WS_RECV_START,1516239739910,121
556,WS_RECV_END,1516239740180,121
556,PLAYER_SLEEPBEFORE_START,1516239740180,122
556,PLAYER_SLEEPBEFORE_END,1516239741365,122
556,WS_SEND_START,1516239741365,122
556,WS_SEND_END,1516239741365,122
556,WS_RECV_START,1516239741365,123
556,WS_RECV_END,1516239741467,123
556,PLAYER_SLEEPBEFORE_START,1516239741467,124
556,PLAYER_SLEEPBEFORE_END,1516239765873,124
556,WS_SEND_START,1516239765873,124
556,WS_SEND_END,1516239765873,124
556,WS_RECV_START,1516239765873,125
556,WS_RECV_END,1516239766008,125
556,PLAYER_SLEEPBEFORE_START,1516239766008,126
556,PLAYER_SLEEPBEFORE_END,1516239786521,126
556,WS_SEND_START,1516239786521,126
556,WS_SEND_END,1516239786521,126
556,PLAYER_SLEEPBEFORE_START,1516239786521,127
556,PLAYER_SLEEPBEFORE_END,1516239789575,127
556,WS_SEND_START,1516239789575,127
556,WS_SEND_END,1516239789575,127
556,WS_RECV_START,1516239789575,128
556,WS_RECV_END,1516239789681,128
556,PLAYER_SLEEPBEFORE_START,1516239789681,129
556,PLAYER_SLEEPBEFORE_END,1516239789701,129
556,WS_SEND_START,1516239789701,129
556,WS_SEND_END,1516239789701,129
556,WS_RECV_START,1516239789701,130
556,WS_RECV_END,1516239789865,130
556,PLAYER_SLEEPBEFORE_START,1516239789865,131
556,PLAYER_SLEEPBEFORE_END,1516239811489,131
556,WS_SEND_START,1516239811489,131
556,WS_SEND_END,1516239811489,131
556,PLAYER_SLEEPBEFORE_START,1516239811489,132
556,PLAYER_SLEEPBEFORE_END,1516239814569,132
556,WS_SEND_START,1516239814569,132
556,WS_SEND_END,1516239814569,132
556,WS_RECV_START,1516239814569,133
556,WS_RECV_END,1516239814991,133
556,PLAYER_SLEEPBEFORE_START,1516239814991,134
556,PLAYER_SLEEPBEFORE_END,1516239836208,134
556,WS_SEND_START,1516239836208,134
556,WS_SEND_END,1516239836208,134
556,PLAYER_SLEEPBEFORE_START,1516239836208,135
556,PLAYER_SLEEPBEFORE_END,1516239839398,135
556,WS_SEND_START,1516239839398,135
556,WS_SEND_END,1516239839398,135
556,WS_RECV_START,1516239839398,136
556,WS_RECV_END,1516239839753,136
556,PLAYER_SLEEPBEFORE_START,1516239839753,137
556,PLAYER_SLEEPBEFORE_END,1516239839760,137
556,WS_SEND_START,1516239839760,137
556,WS_SEND_END,1516239839760,137
556,WS_RECV_START,1516239839760,138
556,WS_RECV_END,1516239840134,138
556,PLAYER_SLEEPBEFORE_START,1516239840134,139
556,PLAYER_SLEEPBEFORE_END,1516239840825,139
556,WS_SEND_START,1516239840825,139
556,WS_SEND_END,1516239840825,139
556,WS_RECV_START,1516239840825,140
556,WS_RECV_END,1516239842422,140
556,PLAYER_SLEEPBEFORE_START,1516239842422,141
556,PLAYER_SLEEPBEFORE_END,1516239843078,141
556,WS_SEND_START,1516239843078,141
556,WS_SEND_END,1516239843078,141
556,WS_RECV_START,1516239843078,142
556,WS_RECV_END,1516239843735,142
556,PLAYER_SLEEPBEFORE_START,1516239843735,143
556,PLAYER_SLEEPBEFORE_END,1516239843792,143
556,WS_SEND_START,1516239843792,143
556,WS_SEND_END,1516239843792,143
556,WS_RECV_START,1516239843792,144
556,WS_RECV_END,1516239844063,144
556,PLAYER_SLEEPBEFORE_START,1516239844063,145
556,PLAYER_SLEEPBEFORE_END,1516239860125,145
556,REQ_START,1516239860125,145
556,REQ_END,1516239860130,145
556,PLAYER_SLEEPBEFORE_START,1516239860130,146
556,PLAYER_SLEEPBEFORE_END,1516239869007,146
556,WS_SEND_START,1516239869007,146
556,WS_SEND_END,1516239869007,146
556,WS_RECV_START,1516239869007,147
556,WS_RECV_END,1516239869222,147
556,PLAYER_SLEEPBEFORE_START,1516239869222,148
556,PLAYER_SLEEPBEFORE_END,1516239891144,148
556,WS_SEND_START,1516239891144,148
556,WS_SEND_END,1516239891144,148
556,PLAYER_SLEEPBEFORE_START,1516239891144,149
556,PLAYER_SLEEPBEFORE_END,1516239893572,149
556,WS_SEND_START,1516239893572,149
556,WS_SEND_END,1516239893572,149
556,WS_RECV_START,1516239893572,150
556,WS_RECV_END,1516239893750,150
556,PLAYER_SLEEPBEFORE_START,1516239893750,151
556,PLAYER_SLEEPBEFORE_END,1516239893960,151
556,WS_SEND_START,1516239893960,151
556,WS_SEND_END,1516239893960,151
556,WS_RECV_START,1516239893960,152
556,WS_RECV_END,1516239894151,152
556,PLAYER_SLEEPBEFORE_START,1516239894151,153
556,PLAYER_SLEEPBEFORE_END,1516239918078,153
556,WS_SEND_START,1516239918078,153
556,WS_SEND_END,1516239918078,153
556,WS_RECV_START,1516239918078,154
556,WS_RECV_END,1516239918797,154
556,PLAYER_SLEEPBEFORE_START,1516239918798,155
556,PLAYER_SLEEPBEFORE_END,1516239941356,155
556,WS_SEND_START,1516239941356,155
556,WS_SEND_END,1516239941356,155
556,PLAYER_SLEEPBEFORE_START,1516239941356,156
556,PLAYER_SLEEPBEFORE_END,1516239944630,156
556,WS_SEND_START,1516239944630,156
556,WS_SEND_END,1516239944630,156
556,WS_RECV_START,1516239944630,157
556,WS_RECV_END,1516239944988,157
556,PLAYER_SLEEPBEFORE_START,1516239944988,158
556,PLAYER_SLEEPBEFORE_END,1516239944998,158
556,WS_SEND_START,1516239944998,158
556,WS_SEND_END,1516239944998,158
556,WS_RECV_START,1516239944998,159
556,WS_RECV_END,1516239945198,159
556,PLAYER_SLEEPBEFORE_START,1516239945198,160
556,PLAYER_SLEEPBEFORE_END,1516239945374,160
556,WS_SEND_START,1516239945374,160
556,WS_SEND_END,1516239945374,160
556,WS_RECV_START,1516239945374,161
556,WS_RECV_END,1516239945686,161
556,PLAYER_SLEEPBEFORE_START,1516239945686,162
556,PLAYER_SLEEPBEFORE_END,1516239945711,162
556,WS_SEND_START,1516239945711,162
556,WS_SEND_END,1516239945711,162
556,WS_RECV_START,1516239945711,163
556,WS_RECV_END,1516239946055,163
556,PLAYER_SLEEPBEFORE_START,1516239946055,164
556,PLAYER_SLEEPBEFORE_END,1516239966867,164
556,WS_SEND_START,1516239966867,164
556,WS_SEND_END,1516239966867,164
556,WS_RECV_START,1516239966867,165
556,WS_RECV_END,1516239968239,165
556,PLAYER_SLEEPBEFORE_START,1516239968239,166
556,PLAYER_SLEEPBEFORE_END,1516239990695,166
556,WS_SEND_START,1516239990695,166
556,WS_SEND_END,1516239990695,166
556,WS_RECV_START,1516239990695,167
556,WS_RECV_END,1516239992857,167
556,PLAYER_SLEEPBEFORE_START,1516239992857,168
556,PLAYER_SLEEPBEFORE_END,1516240020214,168
556,WS_SEND_START,1516240020214,168
556,WS_SEND_END,1516240020214,168
556,WS_RECV_START,1516240020214,169
556,WS_RECV_END,1516240023496,169
556,PLAYER_SLEEPBEFORE_START,1516240023496,170
556,PLAYER_SLEEPBEFORE_END,1516240023505,170
556,WS_SEND_START,1516240023505,170
556,WS_SEND_END,1516240023505,170
556,WS_RECV_START,1516240023505,171
556,WS_RECV_END,1516240025219,171
556,PLAYER_SLEEPBEFORE_START,1516240025219,172
556,PLAYER_SLEEPBEFORE_END,1516240025588,172
556,WS_SEND_START,1516240025588,172
556,WS_SEND_END,1516240025588,172
556,WS_RECV_START,1516240025588,173
556,WS_RECV_END,1516240027225,173
556,PLAYER_SLEEPBEFORE_START,1516240027225,174
556,PLAYER_SLEEPBEFORE_END,1516240027266,174
556,WS_SEND_START,1516240027266,174
556,WS_SEND_END,1516240027266,174
556,WS_RECV_START,1516240027266,175
556,WS_RECV_END,1516240029294,175
556,PLAYER_SLEEPBEFORE_START,1516240029294,176
556,PLAYER_SLEEPBEFORE_END,1516240051055,176
556,WS_SEND_START,1516240051055,176
556,WS_SEND_END,1516240051055,176
556,PLAYER_SLEEPBEFORE_START,1516240051055,177
556,PLAYER_SLEEPBEFORE_END,1516240053577,177
556,WS_SEND_START,1516240053577,177
556,WS_SEND_END,1516240053577,177
556,WS_RECV_START,1516240053577,178
556,WS_RECV_END,1516240054285,178
556,PLAYER_SLEEPBEFORE_START,1516240054285,179
556,PLAYER_SLEEPBEFORE_END,1516240076625,179
556,WS_SEND_START,1516240076625,179
556,WS_SEND_END,1516240076625,179
556,WS_RECV_START,1516240076625,180
556,WS_RECV_END,1516240077682,180
556,PLAYER_SLEEPBEFORE_START,1516240077682,181
556,PLAYER_SLEEPBEFORE_END,1516240078126,181
556,WS_SEND_START,1516240078126,181
556,WS_SEND_END,1516240078127,181
556,WS_RECV_START,1516240078127,182
556,WS_RECV_END,1516240080060,182
556,PLAYER_SLEEPBEFORE_START,1516240080060,183
556,PLAYER_SLEEPBEFORE_END,1516240080583,183
556,WS_SEND_START,1516240080583,183
556,WS_SEND_END,1516240080583,183
556,WS_RECV_START,1516240080583,184
556,WS_RECV_END,1516240081862,184
556,PLAYER_SLEEPBEFORE_START,1516240081862,185
556,PLAYER_SLEEPBEFORE_END,1516240082131,185
556,WS_SEND_START,1516240082131,185
556,WS_SEND_END,1516240082131,185
556,WS_RECV_START,1516240082131,186
556,WS_RECV_END,1516240082614,186
556,PLAYER_SLEEPBEFORE_START,1516240082615,187
556,PLAYER_SLEEPBEFORE_END,1516240105115,187
556,WS_SEND_START,1516240105115,187
556,WS_SEND_END,1516240105115,187
556,WS_RECV_START,1516240105115,188
556,WS_RECV_END,1516240105177,188
556,PLAYER_SLEEPBEFORE_START,1516240105177,189
556,PLAYER_SLEEPBEFORE_END,1516240111417,189
556,WS_SEND_START,1516240111417,189
556,WS_SEND_END,1516240111417,189
556,WS_RECV_START,1516240111417,190
556,WS_RECV_END,1516240112033,190
556,PLAYER_SLEEPBEFORE_START,1516240112033,191
556,PLAYER_SLEEPBEFORE_END,1516240113949,191
556,WS_SEND_START,1516240113949,191
556,WS_SEND_END,1516240113949,191
556,WS_RECV_START,1516240113949,192
556,WS_RECV_END,1516240114331,192
556,PLAYER_SLEEPBEFORE_START,1516240114331,193
556,PLAYER_SLEEPBEFORE_END,1516240114460,193
556,WS_SEND_START,1516240114460,193
556,WS_SEND_END,1516240114460,193
556,WS_RECV_START,1516240114460,194
556,WS_RECV_END,1516240114633,194
556,PLAYER_SLEEPBEFORE_START,1516240114633,195
556,PLAYER_SLEEPBEFORE_END,1516240116388,195
556,WS_SEND_START,1516240116388,195
556,WS_SEND_END,1516240116388,195
556,WS_RECV_START,1516240116388,196
556,WS_RECV_END,1516240116545,196
556,PLAYER_SLEEPBEFORE_START,1516240116545,197
556,PLAYER_SLEEPBEFORE_END,1516240118350,197
556,WS_SEND_START,1516240118350,197
556,WS_SEND_END,1516240118350,197
556,WS_RECV_START,1516240118350,198
556,WS_RECV_END,1516240118746,198
556,PLAYER_SLEEPBEFORE_START,1516240118746,199
556,PLAYER_SLEEPBEFORE_END,1516240130600,199
556,WS_SEND_START,1516240130600,199
556,WS_SEND_END,1516240130600,199
556,PLAYER_SLEEPBEFORE_START,1516240130600,200
556,PLAYER_SLEEPBEFORE_END,1516240134688,200
556,WS_SEND_START,1516240134688,200
556,WS_SEND_END,1516240134688,200
556,WS_RECV_START,1516240134688,201
556,WS_RECV_END,1516240134806,201
556,PLAYER_SLEEPBEFORE_START,1516240134806,202
556,PLAYER_SLEEPBEFORE_END,1516240134821,202
556,WS_SEND_START,1516240134821,202
556,WS_SEND_END,1516240134821,202
556,WS_RECV_START,1516240134821,203
556,WS_RECV_END,1516240134962,203
556,PLAYER_SLEEPBEFORE_START,1516240134962,204
556,PLAYER_SLEEPBEFORE_END,1516240154612,204
556,WS_SEND_START,1516240154612,204
556,WS_SEND_END,1516240154612,204
556,PLAYER_SLEEPBEFORE_START,1516240154612,205
556,PLAYER_SLEEPBEFORE_END,1516240158510,205
556,WS_SEND_START,1516240158510,205
556,WS_SEND_END,1516240158510,205
556,WS_RECV_START,1516240158510,206
556,WS_RECV_END,1516240158625,206
556,PLAYER_SLEEPBEFORE_START,1516240158625,207
556,PLAYER_SLEEPBEFORE_END,1516240175556,207
556,REQ_START,1516240175556,207
556,REQ_END,1516240175562,207
556,PLAYER_SLEEPBEFORE_START,1516240175562,208
556,PLAYER_SLEEPBEFORE_END,1516240182415,208
556,WS_CLOSE_START,1516240182415,208
556,WS_CLOSE_END,1516240182415,208
556,PLAYER_DONE,1516240182415
