# --sessions 1080 --app-url=http://shinyloadtest.rstudioservices.com/cran_explorer --output-dir test1080 --overwrite-output --log-level warn --start-interval 250 15min.log
thread_id,event,timestamp,input_line_number,comment
569,PLAYER_SESSION_CREATE,1516239120668
569,PLAYER_START_INTERVAL_START,1516239120668
569,PLAYER_START_INTERVAL_END,1516239262918
569,REQ_HOME_START,1516239262918,2
569,REQ_HOME_END,1516239263003,2
569,REQ_START,1516239263003,3
569,REQ_END,1516239263033,3
569,REQ_START,1516239263033,4
569,REQ_END,1516239263070,4
569,REQ_START,1516239263070,5
569,REQ_END,1516239263099,5
569,REQ_START,1516239263099,6
569,REQ_END,1516239263130,6
569,REQ_START,1516239263130,7
569,REQ_END,1516239263159,7
569,REQ_START,1516239263159,8
569,REQ_END,1516239263190,8
569,REQ_START,1516239263190,9
569,REQ_END,1516239263223,9
569,REQ_START,1516239263223,10
569,REQ_END,1516239263230,10
569,REQ_START,1516239263230,11
569,REQ_END,1516239263260,11
569,REQ_START,1516239263260,12
569,REQ_END,1516239263270,12
569,REQ_START,1516239263270,13
569,REQ_END,1516239263298,13
569,REQ_START,1516239263298,14
569,REQ_END,1516239263313,14
569,REQ_START,1516239263313,15
569,REQ_END,1516239263347,15
569,REQ_TOK_START,1516239263347,16
569,REQ_TOK_END,1516239263354,16
569,REQ_SINF_START,1516239263354,17
569,REQ_SINF_END,1516239263361,17
569,WS_OPEN_START,1516239263361,18
569,WS_OPEN_END,1516239263367,18
569,REQ_START,1516239263367,19
569,REQ_END,1516239263393,19
569,WS_RECV_START,1516239263393,20
569,WS_RECV_END,1516239263393,20
569,PLAYER_SLEEPBEFORE_START,1516239263393,21
569,PLAYER_SLEEPBEFORE_END,1516239263398,21
569,WS_SEND_START,1516239263398,21
569,WS_SEND_END,1516239263398,21
569,PLAYER_SLEEPBEFORE_START,1516239263398,22
569,PLAYER_SLEEPBEFORE_END,1516239263399,22
569,WS_SEND_START,1516239263399,22
569,WS_SEND_END,1516239263399,22
569,WS_RECV_INIT_START,1516239263399,23
569,WS_RECV_INIT_END,1516239263414,23
569,WS_RECV_START,1516239263414,24
569,WS_RECV_END,1516239263473,24
569,PLAYER_SLEEPBEFORE_START,1516239263473,25
569,PLAYER_SLEEPBEFORE_END,1516239263480,25
569,REQ_START,1516239263480,25
569,REQ_END,1516239263511,25
569,PLAYER_SLEEPBEFORE_START,1516239263511,26
569,PLAYER_SLEEPBEFORE_END,1516239263512,26
569,REQ_START,1516239263512,26
569,REQ_END,1516239263540,26
569,PLAYER_SLEEPBEFORE_START,1516239263540,27
569,PLAYER_SLEEPBEFORE_END,1516239263543,27
569,REQ_START,1516239263543,27
569,REQ_END,1516239263572,27
569,PLAYER_SLEEPBEFORE_START,1516239263572,28
569,PLAYER_SLEEPBEFORE_END,1516239263858,28
569,REQ_START,1516239263858,28
569,REQ_END,1516239263889,28
569,PLAYER_SLEEPBEFORE_START,1516239263889,29
569,PLAYER_SLEEPBEFORE_END,1516239264064,29
569,WS_SEND_START,1516239264064,29
569,WS_SEND_END,1516239264064,29
569,WS_RECV_START,1516239264064,30
569,WS_RECV_END,1516239264159,30
569,PLAYER_SLEEPBEFORE_START,1516239264159,31
569,PLAYER_SLEEPBEFORE_END,1516239264170,31
569,REQ_START,1516239264170,31
569,REQ_END,1516239264258,31
569,PLAYER_SLEEPBEFORE_START,1516239264258,32
569,PLAYER_SLEEPBEFORE_END,1516239292403,32
569,WS_SEND_START,1516239292403,32
569,WS_SEND_END,1516239292403,32
569,WS_RECV_START,1516239292403,33
569,WS_RECV_END,1516239292566,33
569,PLAYER_SLEEPBEFORE_START,1516239292566,34
569,PLAYER_SLEEPBEFORE_END,1516239318478,34
569,WS_SEND_START,1516239318478,34
569,WS_SEND_END,1516239318478,34
569,WS_RECV_START,1516239318478,35
569,WS_RECV_END,1516239318502,35
569,PLAYER_SLEEPBEFORE_START,1516239318502,36
569,PLAYER_SLEEPBEFORE_END,1516239318511,36
569,WS_SEND_START,1516239318511,36
569,WS_SEND_END,1516239318511,36
569,WS_RECV_START,1516239318511,37
569,WS_RECV_END,1516239318554,37
569,PLAYER_SLEEPBEFORE_START,1516239318554,38
569,PLAYER_SLEEPBEFORE_END,1516239321749,38
569,WS_SEND_START,1516239321749,38
569,WS_SEND_END,1516239321749,38
569,WS_RECV_START,1516239321749,39
569,WS_RECV_END,1516239321848,39
569,PLAYER_SLEEPBEFORE_START,1516239321848,40
569,PLAYER_SLEEPBEFORE_END,1516239321894,40
569,WS_SEND_START,1516239321894,40
569,WS_SEND_END,1516239321894,40
569,WS_RECV_START,1516239321894,41
569,WS_RECV_END,1516239322055,41
569,PLAYER_SLEEPBEFORE_START,1516239322055,42
569,PLAYER_SLEEPBEFORE_END,1516239340196,42
569,WS_SEND_START,1516239340196,42
569,WS_SEND_END,1516239340196,42
569,WS_RECV_START,1516239340196,43
569,WS_RECV_END,1516239340229,43
569,PLAYER_SLEEPBEFORE_START,1516239340229,44
569,PLAYER_SLEEPBEFORE_END,1516239340241,44
569,WS_SEND_START,1516239340241,44
569,WS_SEND_END,1516239340241,44
569,WS_RECV_START,1516239340241,45
569,WS_RECV_END,1516239340294,45
569,PLAYER_SLEEPBEFORE_START,1516239340294,46
569,PLAYER_SLEEPBEFORE_END,1516239341554,46
569,WS_SEND_START,1516239341554,46
569,WS_SEND_END,1516239341554,46
569,WS_RECV_START,1516239341554,47
569,WS_RECV_END,1516239341722,47
569,PLAYER_SLEEPBEFORE_START,1516239341722,48
569,PLAYER_SLEEPBEFORE_END,1516239343043,48
569,WS_SEND_START,1516239343043,48
569,WS_SEND_END,1516239343043,48
569,WS_RECV_START,1516239343043,49
569,WS_RECV_END,1516239343158,49
569,PLAYER_SLEEPBEFORE_START,1516239343158,50
569,PLAYER_SLEEPBEFORE_END,1516239343182,50
569,WS_SEND_START,1516239343182,50
569,WS_SEND_END,1516239343182,50
569,WS_RECV_START,1516239343182,51
569,WS_RECV_END,1516239343376,51
569,PLAYER_SLEEPBEFORE_START,1516239343376,52
569,PLAYER_SLEEPBEFORE_END,1516239365940,52
569,WS_SEND_START,1516239365940,52
569,WS_SEND_END,1516239365940,52
569,WS_RECV_START,1516239365940,53
569,WS_RECV_END,1516239366049,53
569,PLAYER_SLEEPBEFORE_START,1516239366049,54
569,PLAYER_SLEEPBEFORE_END,1516239387352,54
569,WS_SEND_START,1516239387352,54
569,WS_SEND_END,1516239387352,54
569,PLAYER_SLEEPBEFORE_START,1516239387352,55
569,PLAYER_SLEEPBEFORE_END,1516239389293,55
569,WS_SEND_START,1516239389293,55
569,WS_SEND_END,1516239389293,55
569,WS_RECV_START,1516239389293,56
569,WS_RECV_END,1516239389674,56
569,PLAYER_SLEEPBEFORE_START,1516239389674,57
569,PLAYER_SLEEPBEFORE_END,1516239412546,57
569,WS_SEND_START,1516239412546,57
569,WS_SEND_END,1516239412546,57
569,WS_RECV_START,1516239412546,58
569,WS_RECV_END,1516239412614,58
569,PLAYER_SLEEPBEFORE_START,1516239412614,59
569,PLAYER_SLEEPBEFORE_END,1516239414942,59
569,WS_SEND_START,1516239414942,59
569,WS_SEND_END,1516239414942,59
569,WS_RECV_START,1516239414942,60
569,WS_RECV_END,1516239415029,60
569,PLAYER_SLEEPBEFORE_START,1516239415029,61
569,PLAYER_SLEEPBEFORE_END,1516239418620,61
569,WS_SEND_START,1516239418620,61
569,WS_SEND_END,1516239418620,61
569,WS_RECV_START,1516239418620,62
569,WS_RECV_END,1516239418732,62
569,PLAYER_SLEEPBEFORE_START,1516239418732,63
569,PLAYER_SLEEPBEFORE_END,1516239437994,63
569,WS_SEND_START,1516239437994,63
569,WS_SEND_END,1516239437994,63
569,WS_RECV_START,1516239437994,64
569,WS_RECV_END,1516239438190,64
569,PLAYER_SLEEPBEFORE_START,1516239438190,65
569,PLAYER_SLEEPBEFORE_END,1516239465007,65
569,WS_SEND_START,1516239465007,65
569,WS_SEND_END,1516239465007,65
569,WS_RECV_START,1516239465007,66
569,WS_RECV_END,1516239465170,66
569,PLAYER_SLEEPBEFORE_START,1516239465170,67
569,PLAYER_SLEEPBEFORE_END,1516239466677,67
569,WS_SEND_START,1516239466677,67
569,WS_SEND_END,1516239466677,67
569,WS_RECV_START,1516239466677,68
569,WS_RECV_END,1516239466832,68
569,PLAYER_SLEEPBEFORE_START,1516239466832,69
569,PLAYER_SLEEPBEFORE_END,1516239488830,69
569,WS_SEND_START,1516239488830,69
569,WS_SEND_END,1516239488830,69
569,WS_RECV_START,1516239488830,70
569,WS_RECV_END,1516239489008,70
569,PLAYER_SLEEPBEFORE_START,1516239489008,71
569,PLAYER_SLEEPBEFORE_END,1516239513783,71
569,WS_SEND_START,1516239513783,71
569,WS_SEND_END,1516239513783,71
569,PLAYER_SLEEPBEFORE_START,1516239513783,72
569,PLAYER_SLEEPBEFORE_END,1516239516390,72
569,WS_SEND_START,1516239516390,72
569,WS_SEND_END,1516239516390,72
569,WS_RECV_START,1516239516390,73
569,WS_RECV_END,1516239516436,73
569,PLAYER_SLEEPBEFORE_START,1516239516436,74
569,PLAYER_SLEEPBEFORE_END,1516239516445,74
569,WS_SEND_START,1516239516445,74
569,WS_SEND_END,1516239516445,74
569,WS_RECV_START,1516239516445,75
569,WS_RECV_END,1516239516494,75
569,PLAYER_SLEEPBEFORE_START,1516239516494,76
569,PLAYER_SLEEPBEFORE_END,1516239518000,76
569,WS_SEND_START,1516239518000,76
569,WS_SEND_END,1516239518000,76
569,WS_RECV_START,1516239518000,77
569,WS_RECV_END,1516239518176,77
569,PLAYER_SLEEPBEFORE_START,1516239518176,78
569,PLAYER_SLEEPBEFORE_END,1516239519044,78
569,WS_SEND_START,1516239519044,78
569,WS_SEND_END,1516239519044,78
569,WS_RECV_START,1516239519044,79
569,WS_RECV_END,1516239519360,79
569,PLAYER_SLEEPBEFORE_START,1516239519360,80
569,PLAYER_SLEEPBEFORE_END,1516239527026,80
569,WS_SEND_START,1516239527026,80
569,WS_SEND_END,1516239527026,80
569,WS_RECV_START,1516239527026,81
569,WS_RECV_END,1516239527156,81
569,PLAYER_SLEEPBEFORE_START,1516239527157,82
569,PLAYER_SLEEPBEFORE_END,1516239528259,82
569,WS_SEND_START,1516239528259,82
569,WS_SEND_END,1516239528259,82
569,WS_RECV_START,1516239528259,83
569,WS_RECV_END,1516239528438,83
569,PLAYER_SLEEPBEFORE_START,1516239528438,84
569,PLAYER_SLEEPBEFORE_END,1516239529385,84
569,WS_SEND_START,1516239529385,84
569,WS_SEND_END,1516239529385,84
569,WS_RECV_START,1516239529385,85
569,WS_RECV_END,1516239529420,85
569,PLAYER_SLEEPBEFORE_START,1516239529420,86
569,PLAYER_SLEEPBEFORE_END,1516239533592,86
569,WS_SEND_START,1516239533592,86
569,WS_SEND_END,1516239533592,86
569,WS_RECV_START,1516239533592,87
569,WS_RECV_END,1516239533723,87
569,PLAYER_SLEEPBEFORE_START,1516239533723,88
569,PLAYER_SLEEPBEFORE_END,1516239533731,88
569,WS_SEND_START,1516239533731,88
569,WS_SEND_END,1516239533731,88
569,WS_RECV_START,1516239533731,89
569,WS_RECV_END,1516239533897,89
569,PLAYER_SLEEPBEFORE_START,1516239533897,90
569,PLAYER_SLEEPBEFORE_END,1516239561094,90
569,REQ_START,1516239561094,90
569,REQ_END,1516239561107,90
569,PLAYER_SLEEPBEFORE_START,1516239561107,91
569,PLAYER_SLEEPBEFORE_END,1516239568996,91
569,WS_SEND_START,1516239568996,91
569,WS_SEND_END,1516239568996,91
569,WS_RECV_START,1516239568996,92
569,WS_RECV_END,1516239569315,92
569,PLAYER_SLEEPBEFORE_START,1516239569315,93
569,PLAYER_SLEEPBEFORE_END,1516239569330,93
569,WS_SEND_START,1516239569330,93
569,WS_SEND_END,1516239569330,93
569,WS_RECV_START,1516239569330,94
569,WS_RECV_END,1516239569461,94
569,PLAYER_SLEEPBEFORE_START,1516239569461,95
569,PLAYER_SLEEPBEFORE_END,1516239593016,95
569,WS_SEND_START,1516239593016,95
569,WS_SEND_END,1516239593016,95
569,WS_RECV_START,1516239593016,96
569,WS_RECV_END,1516239593265,96
569,PLAYER_SLEEPBEFORE_START,1516239593265,97
569,PLAYER_SLEEPBEFORE_END,1516239615705,97
569,WS_SEND_START,1516239615705,97
569,WS_SEND_END,1516239615705,97
569,WS_RECV_START,1516239615705,98
569,WS_RECV_END,1516239616171,98
569,PLAYER_SLEEPBEFORE_START,1516239616171,99
569,PLAYER_SLEEPBEFORE_END,1516239616192,99
569,WS_SEND_START,1516239616192,99
569,WS_SEND_END,1516239616192,99
569,WS_RECV_START,1516239616192,100
569,WS_RECV_END,1516239617162,100
569,PLAYER_SLEEPBEFORE_START,1516239617162,101
569,PLAYER_SLEEPBEFORE_END,1516239640721,101
569,WS_SEND_START,1516239640721,101
569,WS_SEND_END,1516239640721,101
569,WS_RECV_START,1516239640721,102
569,WS_RECV_END,1516239640880,102
569,PLAYER_SLEEPBEFORE_START,1516239640880,103
569,PLAYER_SLEEPBEFORE_END,1516239664506,103
569,WS_SEND_START,1516239664506,103
569,WS_SEND_END,1516239664506,103
569,WS_RECV_START,1516239664506,104
569,WS_RECV_END,1516239664687,104
569,PLAYER_SLEEPBEFORE_START,1516239664687,105
569,PLAYER_SLEEPBEFORE_END,1516239690064,105
569,WS_SEND_START,1516239690064,105
569,WS_SEND_END,1516239690064,105
569,WS_RECV_START,1516239690064,106
569,WS_RECV_END,1516239690196,106
569,PLAYER_SLEEPBEFORE_START,1516239690196,107
569,PLAYER_SLEEPBEFORE_END,1516239713619,107
569,WS_SEND_START,1516239713619,107
569,WS_SEND_END,1516239713619,107
569,WS_RECV_START,1516239713619,108
569,WS_RECV_END,1516239714452,108
569,PLAYER_SLEEPBEFORE_START,1516239714452,109
569,PLAYER_SLEEPBEFORE_END,1516239714461,109
569,WS_SEND_START,1516239714461,109
569,WS_SEND_END,1516239714461,109
569,WS_RECV_START,1516239714461,110
569,WS_RECV_END,1516239714902,110
569,PLAYER_SLEEPBEFORE_START,1516239714902,111
569,PLAYER_SLEEPBEFORE_END,1516239715862,111
569,WS_SEND_START,1516239715862,111
569,WS_SEND_END,1516239715862,111
569,WS_RECV_START,1516239715862,112
569,WS_RECV_END,1516239716382,112
569,PLAYER_SLEEPBEFORE_START,1516239716382,113
569,PLAYER_SLEEPBEFORE_END,1516239716944,113
569,WS_SEND_START,1516239716944,113
569,WS_SEND_END,1516239716944,113
569,WS_RECV_START,1516239716944,114
569,WS_RECV_END,1516239717253,114
569,PLAYER_SLEEPBEFORE_START,1516239717253,115
569,PLAYER_SLEEPBEFORE_END,1516239717262,115
569,WS_SEND_START,1516239717262,115
569,WS_SEND_END,1516239717262,115
569,WS_RECV_START,1516239717262,116
569,WS_RECV_END,1516239717922,116
569,PLAYER_SLEEPBEFORE_START,1516239717922,117
569,PLAYER_SLEEPBEFORE_END,1516239738282,117
569,WS_SEND_START,1516239738282,117
569,WS_SEND_END,1516239738282,117
569,PLAYER_SLEEPBEFORE_START,1516239738282,118
569,PLAYER_SLEEPBEFORE_END,1516239742035,118
569,WS_SEND_START,1516239742035,118
569,WS_SEND_END,1516239742035,118
569,WS_RECV_START,1516239742035,119
569,WS_RECV_END,1516239742529,119
569,PLAYER_SLEEPBEFORE_START,1516239742529,120
569,PLAYER_SLEEPBEFORE_END,1516239743517,120
569,WS_SEND_START,1516239743517,120
569,WS_SEND_END,1516239743517,120
569,WS_RECV_START,1516239743517,121
569,WS_RECV_END,1516239743688,121
569,PLAYER_SLEEPBEFORE_START,1516239743688,122
569,PLAYER_SLEEPBEFORE_END,1516239744873,122
569,WS_SEND_START,1516239744873,122
569,WS_SEND_END,1516239744873,122
569,WS_RECV_START,1516239744873,123
569,WS_RECV_END,1516239745049,123
569,PLAYER_SLEEPBEFORE_START,1516239745049,124
569,PLAYER_SLEEPBEFORE_END,1516239769454,124
569,WS_SEND_START,1516239769454,124
569,WS_SEND_END,1516239769454,124
569,WS_RECV_START,1516239769454,125
569,WS_RECV_END,1516239769539,125
569,PLAYER_SLEEPBEFORE_START,1516239769539,126
569,PLAYER_SLEEPBEFORE_END,1516239790051,126
569,WS_SEND_START,1516239790051,126
569,WS_SEND_END,1516239790051,126
569,PLAYER_SLEEPBEFORE_START,1516239790051,127
569,PLAYER_SLEEPBEFORE_END,1516239793105,127
569,WS_SEND_START,1516239793105,127
569,WS_SEND_END,1516239793105,127
569,WS_RECV_START,1516239793105,128
569,WS_RECV_END,1516239793289,128
569,PLAYER_SLEEPBEFORE_START,1516239793289,129
569,PLAYER_SLEEPBEFORE_END,1516239793309,129
569,WS_SEND_START,1516239793309,129
569,WS_SEND_END,1516239793309,129
569,WS_RECV_START,1516239793309,130
569,WS_RECV_END,1516239793710,130
569,PLAYER_SLEEPBEFORE_START,1516239793710,131
569,PLAYER_SLEEPBEFORE_END,1516239815334,131
569,WS_SEND_START,1516239815334,131
569,WS_SEND_END,1516239815334,131
569,PLAYER_SLEEPBEFORE_START,1516239815334,132
569,PLAYER_SLEEPBEFORE_END,1516239818415,132
569,WS_SEND_START,1516239818415,132
569,WS_SEND_END,1516239818415,132
569,WS_RECV_START,1516239818415,133
569,WS_RECV_END,1516239819122,133
569,PLAYER_SLEEPBEFORE_START,1516239819123,134
569,PLAYER_SLEEPBEFORE_END,1516239840340,134
569,WS_SEND_START,1516239840340,134
569,WS_SEND_END,1516239840340,134
569,PLAYER_SLEEPBEFORE_START,1516239840340,135
569,PLAYER_SLEEPBEFORE_END,1516239843530,135
569,WS_SEND_START,1516239843530,135
569,WS_SEND_END,1516239843530,135
569,WS_RECV_START,1516239843530,136
569,WS_RECV_END,1516239843570,136
569,PLAYER_SLEEPBEFORE_START,1516239843570,137
569,PLAYER_SLEEPBEFORE_END,1516239843578,137
569,WS_SEND_START,1516239843578,137
569,WS_SEND_END,1516239843578,137
569,WS_RECV_START,1516239843578,138
569,WS_RECV_END,1516239843630,138
569,PLAYER_SLEEPBEFORE_START,1516239843630,139
569,PLAYER_SLEEPBEFORE_END,1516239844320,139
569,WS_SEND_START,1516239844320,139
569,WS_SEND_END,1516239844320,139
569,WS_RECV_START,1516239844320,140
569,WS_RECV_END,1516239844357,140
569,PLAYER_SLEEPBEFORE_START,1516239844357,141
569,PLAYER_SLEEPBEFORE_END,1516239845013,141
569,WS_SEND_START,1516239845013,141
569,WS_SEND_END,1516239845013,141
569,WS_RECV_START,1516239845013,142
569,WS_RECV_END,1516239845150,142
569,PLAYER_SLEEPBEFORE_START,1516239845150,143
569,PLAYER_SLEEPBEFORE_END,1516239845208,143
569,WS_SEND_START,1516239845208,143
569,WS_SEND_END,1516239845208,143
569,WS_RECV_START,1516239845208,144
569,WS_RECV_END,1516239845351,144
569,PLAYER_SLEEPBEFORE_START,1516239845351,145
569,PLAYER_SLEEPBEFORE_END,1516239861413,145
569,REQ_START,1516239861413,145
569,REQ_END,1516239861421,145
569,PLAYER_SLEEPBEFORE_START,1516239861421,146
569,PLAYER_SLEEPBEFORE_END,1516239870298,146
569,WS_SEND_START,1516239870298,146
569,WS_SEND_END,1516239870298,146
569,WS_RECV_START,1516239870298,147
569,WS_RECV_END,1516239870458,147
569,PLAYER_SLEEPBEFORE_START,1516239870458,148
569,PLAYER_SLEEPBEFORE_END,1516239892380,148
569,WS_SEND_START,1516239892380,148
569,WS_SEND_END,1516239892381,148
569,PLAYER_SLEEPBEFORE_START,1516239892381,149
569,PLAYER_SLEEPBEFORE_END,1516239894809,149
569,WS_SEND_START,1516239894809,149
569,WS_SEND_END,1516239894809,149
569,WS_RECV_START,1516239894809,150
569,WS_RECV_END,1516239895234,150
569,PLAYER_SLEEPBEFORE_START,1516239895234,151
569,PLAYER_SLEEPBEFORE_END,1516239895444,151
569,WS_SEND_START,1516239895444,151
569,WS_SEND_END,1516239895444,151
569,WS_RECV_START,1516239895444,152
569,WS_RECV_END,1516239896459,152
569,PLAYER_SLEEPBEFORE_START,1516239896459,153
569,PLAYER_SLEEPBEFORE_END,1516239920386,153
569,WS_SEND_START,1516239920386,153
569,WS_SEND_END,1516239920386,153
569,WS_RECV_START,1516239920386,154
569,WS_RECV_END,1516239920570,154
569,PLAYER_SLEEPBEFORE_START,1516239920570,155
569,PLAYER_SLEEPBEFORE_END,1516239943128,155
569,WS_SEND_START,1516239943128,155
569,WS_SEND_END,1516239943128,155
569,PLAYER_SLEEPBEFORE_START,1516239943128,156
569,PLAYER_SLEEPBEFORE_END,1516239946402,156
569,WS_SEND_START,1516239946402,156
569,WS_SEND_END,1516239946402,156
569,WS_RECV_START,1516239946402,157
569,WS_RECV_END,1516239946764,157
569,PLAYER_SLEEPBEFORE_START,1516239946764,158
569,PLAYER_SLEEPBEFORE_END,1516239946774,158
569,WS_SEND_START,1516239946774,158
569,WS_SEND_END,1516239946774,158
569,WS_RECV_START,1516239946774,159
569,WS_RECV_END,1516239946822,159
569,PLAYER_SLEEPBEFORE_START,1516239946822,160
569,PLAYER_SLEEPBEFORE_END,1516239946997,160
569,WS_SEND_START,1516239946997,160
569,WS_SEND_END,1516239946997,160
569,WS_RECV_START,1516239946997,161
569,WS_RECV_END,1516239947759,161
569,PLAYER_SLEEPBEFORE_START,1516239947759,162
569,PLAYER_SLEEPBEFORE_END,1516239947784,162
569,WS_SEND_START,1516239947784,162
569,WS_SEND_END,1516239947784,162
569,WS_RECV_START,1516239947784,163
569,WS_RECV_END,1516239948411,163
569,PLAYER_SLEEPBEFORE_START,1516239948411,164
569,PLAYER_SLEEPBEFORE_END,1516239969223,164
569,WS_SEND_START,1516239969223,164
569,WS_SEND_END,1516239969223,164
569,WS_RECV_START,1516239969223,165
569,WS_RECV_END,1516239969467,165
569,PLAYER_SLEEPBEFORE_START,1516239969467,166
569,PLAYER_SLEEPBEFORE_END,1516239991922,166
569,WS_SEND_START,1516239991922,166
569,WS_SEND_END,1516239991922,166
569,WS_RECV_START,1516239991922,167
569,WS_RECV_END,1516239993156,167
569,PLAYER_SLEEPBEFORE_START,1516239993156,168
569,PLAYER_SLEEPBEFORE_END,1516240020513,168
569,WS_SEND_START,1516240020513,168
569,WS_SEND_END,1516240020513,168
569,WS_RECV_START,1516240020513,169
569,WS_RECV_END,1516240023260,169
569,PLAYER_SLEEPBEFORE_START,1516240023260,170
569,PLAYER_SLEEPBEFORE_END,1516240023269,170
569,WS_SEND_START,1516240023269,170
569,WS_SEND_END,1516240023269,170
569,WS_RECV_START,1516240023269,171
569,WS_RECV_END,1516240024334,171
569,PLAYER_SLEEPBEFORE_START,1516240024334,172
569,PLAYER_SLEEPBEFORE_END,1516240024703,172
569,WS_SEND_START,1516240024703,172
569,WS_SEND_END,1516240024703,172
569,WS_RECV_START,1516240024703,173
569,WS_RECV_END,1516240026443,173
569,PLAYER_SLEEPBEFORE_START,1516240026443,174
569,PLAYER_SLEEPBEFORE_END,1516240026484,174
569,WS_SEND_START,1516240026484,174
569,WS_SEND_END,1516240026484,174
569,WS_RECV_START,1516240026484,175
569,WS_RECV_END,1516240027867,175
569,PLAYER_SLEEPBEFORE_START,1516240027867,176
569,PLAYER_SLEEPBEFORE_END,1516240049628,176
569,WS_SEND_START,1516240049628,176
569,WS_SEND_END,1516240049629,176
569,PLAYER_SLEEPBEFORE_START,1516240049629,177
569,PLAYER_SLEEPBEFORE_END,1516240052147,177
569,WS_SEND_START,1516240052147,177
569,WS_SEND_END,1516240052147,177
569,WS_RECV_START,1516240052147,178
569,WS_RECV_END,1516240052799,178
569,PLAYER_SLEEPBEFORE_START,1516240052799,179
569,PLAYER_SLEEPBEFORE_END,1516240075140,179
569,WS_SEND_START,1516240075140,179
569,WS_SEND_END,1516240075140,179
569,WS_RECV_START,1516240075140,180
569,WS_RECV_END,1516240076501,180
569,PLAYER_SLEEPBEFORE_START,1516240076501,181
569,PLAYER_SLEEPBEFORE_END,1516240076945,181
569,WS_SEND_START,1516240076945,181
569,WS_SEND_END,1516240076946,181
569,WS_RECV_START,1516240076946,182
569,WS_RECV_END,1516240077947,182
569,PLAYER_SLEEPBEFORE_START,1516240077947,183
569,PLAYER_SLEEPBEFORE_END,1516240078470,183
569,WS_SEND_START,1516240078470,183
569,WS_SEND_END,1516240078470,183
569,WS_RECV_START,1516240078470,184
569,WS_RECV_END,1516240079640,184
569,PLAYER_SLEEPBEFORE_START,1516240079640,185
569,PLAYER_SLEEPBEFORE_END,1516240079908,185
569,WS_SEND_START,1516240079908,185
569,WS_SEND_END,1516240079908,185
569,WS_RECV_START,1516240079908,186
569,WS_RECV_END,1516240080279,186
569,PLAYER_SLEEPBEFORE_START,1516240080279,187
569,PLAYER_SLEEPBEFORE_END,1516240102779,187
569,WS_SEND_START,1516240102779,187
569,WS_SEND_END,1516240102779,187
569,WS_RECV_START,1516240102779,188
569,WS_RECV_END,1516240103176,188
569,PLAYER_SLEEPBEFORE_START,1516240103176,189
569,PLAYER_SLEEPBEFORE_END,1516240109415,189
569,WS_SEND_START,1516240109415,189
569,WS_SEND_END,1516240109416,189
569,WS_RECV_START,1516240109416,190
569,WS_RECV_END,1516240109647,190
569,PLAYER_SLEEPBEFORE_START,1516240109647,191
569,PLAYER_SLEEPBEFORE_END,1516240111562,191
569,WS_SEND_START,1516240111562,191
569,WS_SEND_END,1516240111562,191
569,WS_RECV_START,1516240111562,192
569,WS_RECV_END,1516240111698,192
569,PLAYER_SLEEPBEFORE_START,1516240111698,193
569,PLAYER_SLEEPBEFORE_END,1516240111827,193
569,WS_SEND_START,1516240111827,193
569,WS_SEND_END,1516240111827,193
569,WS_RECV_START,1516240111827,194
569,WS_RECV_END,1516240112109,194
569,PLAYER_SLEEPBEFORE_START,1516240112109,195
569,PLAYER_SLEEPBEFORE_END,1516240113865,195
569,WS_SEND_START,1516240113865,195
569,WS_SEND_END,1516240113865,195
569,WS_RECV_START,1516240113865,196
569,WS_RECV_END,1516240114085,196
569,PLAYER_SLEEPBEFORE_START,1516240114085,197
569,PLAYER_SLEEPBEFORE_END,1516240115889,197
569,WS_SEND_START,1516240115889,197
569,WS_SEND_END,1516240115889,197
569,WS_RECV_START,1516240115889,198
569,WS_RECV_END,1516240116014,198
569,PLAYER_SLEEPBEFORE_START,1516240116014,199
569,PLAYER_SLEEPBEFORE_END,1516240127868,199
569,WS_SEND_START,1516240127868,199
569,WS_SEND_END,1516240127868,199
569,PLAYER_SLEEPBEFORE_START,1516240127868,200
569,PLAYER_SLEEPBEFORE_END,1516240131956,200
569,WS_SEND_START,1516240131956,200
569,WS_SEND_END,1516240131956,200
569,WS_RECV_START,1516240131956,201
569,WS_RECV_END,1516240132170,201
569,PLAYER_SLEEPBEFORE_START,1516240132170,202
569,PLAYER_SLEEPBEFORE_END,1516240132184,202
569,WS_SEND_START,1516240132184,202
569,WS_SEND_END,1516240132184,202
569,WS_RECV_START,1516240132184,203
569,WS_RECV_END,1516240132691,203
569,PLAYER_SLEEPBEFORE_START,1516240132691,204
569,PLAYER_SLEEPBEFORE_END,1516240152340,204
569,WS_SEND_START,1516240152341,204
569,WS_SEND_END,1516240152341,204
569,PLAYER_SLEEPBEFORE_START,1516240152341,205
569,PLAYER_SLEEPBEFORE_END,1516240156239,205
569,WS_SEND_START,1516240156239,205
569,WS_SEND_END,1516240156239,205
569,WS_RECV_START,1516240156239,206
569,WS_RECV_END,1516240156369,206
569,PLAYER_SLEEPBEFORE_START,1516240156369,207
569,PLAYER_SLEEPBEFORE_END,1516240173300,207
569,REQ_START,1516240173300,207
569,REQ_END,1516240173309,207
569,PLAYER_SLEEPBEFORE_START,1516240173309,208
569,PLAYER_SLEEPBEFORE_END,1516240180161,208
569,WS_CLOSE_START,1516240180161,208
569,WS_CLOSE_END,1516240180161,208
569,PLAYER_DONE,1516240180161
