# --sessions 1080 --app-url=http://shinyloadtest.rstudioservices.com/cran_explorer --output-dir test1080 --overwrite-output --log-level warn --start-interval 250 15min.log
thread_id,event,timestamp,input_line_number,comment
648,PLAYER_SESSION_CREATE,1516239120686
648,PLAYER_START_INTERVAL_START,1516239120686
648,PLAYER_START_INTERVAL_END,1516239282687
648,REQ_HOME_START,1516239282687,2
648,REQ_HOME_END,1516239282764,2
648,REQ_START,1516239282764,3
648,REQ_END,1516239282795,3
648,REQ_START,1516239282795,4
648,REQ_END,1516239282825,4
648,REQ_START,1516239282825,5
648,REQ_END,1516239282859,5
648,REQ_START,1516239282859,6
648,REQ_END,1516239282892,6
648,REQ_START,1516239282893,7
648,REQ_END,1516239283077,7
648,REQ_START,1516239283077,8
648,REQ_END,1516239283114,8
648,REQ_START,1516239283114,9
648,REQ_END,1516239283151,9
648,REQ_START,1516239283151,10
648,REQ_END,1516239283158,10
648,REQ_START,1516239283158,11
648,REQ_END,1516239283190,11
648,REQ_START,1516239283190,12
648,REQ_END,1516239283210,12
648,REQ_START,1516239283210,13
648,REQ_END,1516239283241,13
648,REQ_START,1516239283241,14
648,REQ_END,1516239283258,14
648,REQ_START,1516239283258,15
648,REQ_END,1516239283290,15
648,REQ_TOK_START,1516239283290,16
648,REQ_TOK_END,1516239283297,16
648,REQ_SINF_START,1516239283297,17
648,REQ_SINF_END,1516239283304,17
648,WS_OPEN_START,1516239283304,18
648,WS_OPEN_END,1516239283310,18
648,REQ_START,1516239283310,19
648,REQ_END,1516239283337,19
648,WS_RECV_START,1516239283337,20
648,WS_RECV_END,1516239283337,20
648,PLAYER_SLEEPBEFORE_START,1516239283337,21
648,PLAYER_SLEEPBEFORE_END,1516239283343,21
648,WS_SEND_START,1516239283343,21
648,WS_SEND_END,1516239283343,21
648,PLAYER_SLEEPBEFORE_START,1516239283343,22
648,PLAYER_SLEEPBEFORE_END,1516239283344,22
648,WS_SEND_START,1516239283344,22
648,WS_SEND_END,1516239283344,22
648,WS_RECV_INIT_START,1516239283344,23
648,WS_RECV_INIT_END,1516239283363,23
648,WS_RECV_START,1516239283363,24
648,WS_RECV_END,1516239283429,24
648,PLAYER_SLEEPBEFORE_START,1516239283429,25
648,PLAYER_SLEEPBEFORE_END,1516239283436,25
648,REQ_START,1516239283436,25
648,REQ_END,1516239283469,25
648,PLAYER_SLEEPBEFORE_START,1516239283469,26
648,PLAYER_SLEEPBEFORE_END,1516239283470,26
648,REQ_START,1516239283470,26
648,REQ_END,1516239283501,26
648,PLAYER_SLEEPBEFORE_START,1516239283501,27
648,PLAYER_SLEEPBEFORE_END,1516239283504,27
648,REQ_START,1516239283504,27
648,REQ_END,1516239283536,27
648,PLAYER_SLEEPBEFORE_START,1516239283536,28
648,PLAYER_SLEEPBEFORE_END,1516239283821,28
648,REQ_START,1516239283821,28
648,REQ_END,1516239283851,28
648,PLAYER_SLEEPBEFORE_START,1516239283851,29
648,PLAYER_SLEEPBEFORE_END,1516239284026,29
648,WS_SEND_START,1516239284026,29
648,WS_SEND_END,1516239284026,29
648,WS_RECV_START,1516239284026,30
648,WS_RECV_END,1516239284219,30
648,PLAYER_SLEEPBEFORE_START,1516239284219,31
648,PLAYER_SLEEPBEFORE_END,1516239284230,31
648,REQ_START,1516239284230,31
648,REQ_END,1516239284343,31
648,PLAYER_SLEEPBEFORE_START,1516239284343,32
648,PLAYER_SLEEPBEFORE_END,1516239312488,32
648,WS_SEND_START,1516239312488,32
648,WS_SEND_END,1516239312488,32
648,WS_RECV_START,1516239312488,33
648,WS_RECV_END,1516239312675,33
648,PLAYER_SLEEPBEFORE_START,1516239312675,34
648,PLAYER_SLEEPBEFORE_END,1516239338587,34
648,WS_SEND_START,1516239338587,34
648,WS_SEND_END,1516239338587,34
648,WS_RECV_START,1516239338587,35
648,WS_RECV_END,1516239338620,35
648,PLAYER_SLEEPBEFORE_START,1516239338620,36
648,PLAYER_SLEEPBEFORE_END,1516239338629,36
648,WS_SEND_START,1516239338629,36
648,WS_SEND_END,1516239338629,36
648,WS_RECV_START,1516239338629,37
648,WS_RECV_END,1516239338678,37
648,PLAYER_SLEEPBEFORE_START,1516239338678,38
648,PLAYER_SLEEPBEFORE_END,1516239341873,38
648,WS_SEND_START,1516239341873,38
648,WS_SEND_END,1516239341873,38
648,WS_RECV_START,1516239341873,39
648,WS_RECV_END,1516239342165,39
648,PLAYER_SLEEPBEFORE_START,1516239342165,40
648,PLAYER_SLEEPBEFORE_END,1516239342212,40
648,WS_SEND_START,1516239342212,40
648,WS_SEND_END,1516239342212,40
648,WS_RECV_START,1516239342212,41
648,WS_RECV_END,1516239342480,41
648,PLAYER_SLEEPBEFORE_START,1516239342480,42
648,PLAYER_SLEEPBEFORE_END,1516239360615,42
648,WS_SEND_START,1516239360615,42
648,WS_SEND_END,1516239360615,42
648,WS_RECV_START,1516239360615,43
648,WS_RECV_END,1516239360654,43
648,PLAYER_SLEEPBEFORE_START,1516239360654,44
648,PLAYER_SLEEPBEFORE_END,1516239360666,44
648,WS_SEND_START,1516239360666,44
648,WS_SEND_END,1516239360666,44
648,WS_RECV_START,1516239360666,45
648,WS_RECV_END,1516239360714,45
648,PLAYER_SLEEPBEFORE_START,1516239360714,46
648,PLAYER_SLEEPBEFORE_END,1516239361974,46
648,WS_SEND_START,1516239361974,46
648,WS_SEND_END,1516239361974,46
648,WS_RECV_START,1516239361974,47
648,WS_RECV_END,1516239362014,47
648,PLAYER_SLEEPBEFORE_START,1516239362014,48
648,PLAYER_SLEEPBEFORE_END,1516239363334,48
648,WS_SEND_START,1516239363334,48
648,WS_SEND_END,1516239363334,48
648,WS_RECV_START,1516239363334,49
648,WS_RECV_END,1516239363480,49
648,PLAYER_SLEEPBEFORE_START,1516239363480,50
648,PLAYER_SLEEPBEFORE_END,1516239363504,50
648,WS_SEND_START,1516239363504,50
648,WS_SEND_END,1516239363504,50
648,WS_RECV_START,1516239363504,51
648,WS_RECV_END,1516239363662,51
648,PLAYER_SLEEPBEFORE_START,1516239363662,52
648,PLAYER_SLEEPBEFORE_END,1516239386226,52
648,WS_SEND_START,1516239386226,52
648,WS_SEND_END,1516239386226,52
648,WS_RECV_START,1516239386226,53
648,WS_RECV_END,1516239386341,53
648,PLAYER_SLEEPBEFORE_START,1516239386341,54
648,PLAYER_SLEEPBEFORE_END,1516239407644,54
648,WS_SEND_START,1516239407644,54
648,WS_SEND_END,1516239407645,54
648,PLAYER_SLEEPBEFORE_START,1516239407645,55
648,PLAYER_SLEEPBEFORE_END,1516239409586,55
648,WS_SEND_START,1516239409586,55
648,WS_SEND_END,1516239409586,55
648,WS_RECV_START,1516239409586,56
648,WS_RECV_END,1516239409675,56
648,PLAYER_SLEEPBEFORE_START,1516239409675,57
648,PLAYER_SLEEPBEFORE_END,1516239432547,57
648,WS_SEND_START,1516239432547,57
648,WS_SEND_END,1516239432548,57
648,WS_RECV_START,1516239432548,58
648,WS_RECV_END,1516239432596,58
648,PLAYER_SLEEPBEFORE_START,1516239432596,59
648,PLAYER_SLEEPBEFORE_END,1516239434923,59
648,WS_SEND_START,1516239434923,59
648,WS_SEND_END,1516239434923,59
648,WS_RECV_START,1516239434923,60
648,WS_RECV_END,1516239435016,60
648,PLAYER_SLEEPBEFORE_START,1516239435016,61
648,PLAYER_SLEEPBEFORE_END,1516239438607,61
648,WS_SEND_START,1516239438607,61
648,WS_SEND_END,1516239438607,61
648,WS_RECV_START,1516239438607,62
648,WS_RECV_END,1516239439396,62
648,PLAYER_SLEEPBEFORE_START,1516239439396,63
648,PLAYER_SLEEPBEFORE_END,1516239458658,63
648,WS_SEND_START,1516239458658,63
648,WS_SEND_END,1516239458658,63
648,WS_RECV_START,1516239458658,64
648,WS_RECV_END,1516239458709,64
648,PLAYER_SLEEPBEFORE_START,1516239458710,65
648,PLAYER_SLEEPBEFORE_END,1516239485527,65
648,WS_SEND_START,1516239485527,65
648,WS_SEND_END,1516239485527,65
648,WS_RECV_START,1516239485527,66
648,WS_RECV_END,1516239486341,66
648,PLAYER_SLEEPBEFORE_START,1516239486341,67
648,PLAYER_SLEEPBEFORE_END,1516239487856,67
648,WS_SEND_START,1516239487856,67
648,WS_SEND_END,1516239487856,67
648,WS_RECV_START,1516239487856,68
648,WS_RECV_END,1516239488236,68
648,PLAYER_SLEEPBEFORE_START,1516239488236,69
648,PLAYER_SLEEPBEFORE_END,1516239510234,69
648,WS_SEND_START,1516239510234,69
648,WS_SEND_END,1516239510234,69
648,WS_RECV_START,1516239510234,70
648,WS_RECV_END,1516239510348,70
648,PLAYER_SLEEPBEFORE_START,1516239510348,71
648,PLAYER_SLEEPBEFORE_END,1516239535123,71
648,WS_SEND_START,1516239535123,71
648,WS_SEND_END,1516239535123,71
648,PLAYER_SLEEPBEFORE_START,1516239535123,72
648,PLAYER_SLEEPBEFORE_END,1516239537730,72
648,WS_SEND_START,1516239537730,72
648,WS_SEND_END,1516239537730,72
648,WS_RECV_START,1516239537730,73
648,WS_RECV_END,1516239537831,73
648,PLAYER_SLEEPBEFORE_START,1516239537831,74
648,PLAYER_SLEEPBEFORE_END,1516239537840,74
648,WS_SEND_START,1516239537840,74
648,WS_SEND_END,1516239537840,74
648,WS_RECV_START,1516239537840,75
648,WS_RECV_END,1516239538074,75
648,PLAYER_SLEEPBEFORE_START,1516239538074,76
648,PLAYER_SLEEPBEFORE_END,1516239539580,76
648,WS_SEND_START,1516239539580,76
648,WS_SEND_END,1516239539580,76
648,WS_RECV_START,1516239539580,77
648,WS_RECV_END,1516239539627,77
648,PLAYER_SLEEPBEFORE_START,1516239539627,78
648,PLAYER_SLEEPBEFORE_END,1516239540495,78
648,WS_SEND_START,1516239540495,78
648,WS_SEND_END,1516239540495,78
648,WS_RECV_START,1516239540495,79
648,WS_RECV_END,1516239540673,79
648,PLAYER_SLEEPBEFORE_START,1516239540673,80
648,PLAYER_SLEEPBEFORE_END,1516239548339,80
648,WS_SEND_START,1516239548339,80
648,WS_SEND_END,1516239548339,80
648,WS_RECV_START,1516239548339,81
648,WS_RECV_END,1516239548406,81
648,PLAYER_SLEEPBEFORE_START,1516239548406,82
648,PLAYER_SLEEPBEFORE_END,1516239549509,82
648,WS_SEND_START,1516239549509,82
648,WS_SEND_END,1516239549509,82
648,WS_RECV_START,1516239549509,83
648,WS_RECV_END,1516239549544,83
648,PLAYER_SLEEPBEFORE_START,1516239549544,84
648,PLAYER_SLEEPBEFORE_END,1516239550492,84
648,WS_SEND_START,1516239550492,84
648,WS_SEND_END,1516239550492,84
648,WS_RECV_START,1516239550492,85
648,WS_RECV_END,1516239550530,85
648,PLAYER_SLEEPBEFORE_START,1516239550530,86
648,PLAYER_SLEEPBEFORE_END,1516239554702,86
648,WS_SEND_START,1516239554702,86
648,WS_SEND_END,1516239554702,86
648,WS_RECV_START,1516239554702,87
648,WS_RECV_END,1516239554870,87
648,PLAYER_SLEEPBEFORE_START,1516239554870,88
648,PLAYER_SLEEPBEFORE_END,1516239554878,88
648,WS_SEND_START,1516239554878,88
648,WS_SEND_END,1516239554879,88
648,WS_RECV_START,1516239554879,89
648,WS_RECV_END,1516239554972,89
648,PLAYER_SLEEPBEFORE_START,1516239554972,90
648,PLAYER_SLEEPBEFORE_END,1516239582169,90
648,REQ_START,1516239582169,90
648,REQ_END,1516239582177,90
648,PLAYER_SLEEPBEFORE_START,1516239582177,91
648,PLAYER_SLEEPBEFORE_END,1516239590066,91
648,WS_SEND_START,1516239590066,91
648,WS_SEND_END,1516239590066,91
648,WS_RECV_START,1516239590066,92
648,WS_RECV_END,1516239590770,92
648,PLAYER_SLEEPBEFORE_START,1516239590770,93
648,PLAYER_SLEEPBEFORE_END,1516239590785,93
648,WS_SEND_START,1516239590785,93
648,WS_SEND_END,1516239590785,93
648,WS_RECV_START,1516239590785,94
648,WS_RECV_END,1516239591643,94
648,PLAYER_SLEEPBEFORE_START,1516239591643,95
648,PLAYER_SLEEPBEFORE_END,1516239615198,95
648,WS_SEND_START,1516239615198,95
648,WS_SEND_END,1516239615198,95
648,WS_RECV_START,1516239615198,96
648,WS_RECV_END,1516239615384,96
648,PLAYER_SLEEPBEFORE_START,1516239615384,97
648,PLAYER_SLEEPBEFORE_END,1516239637824,97
648,WS_SEND_START,1516239637824,97
648,WS_SEND_END,1516239637824,97
648,WS_RECV_START,1516239637824,98
648,WS_RECV_END,1516239638188,98
648,PLAYER_SLEEPBEFORE_START,1516239638188,99
648,PLAYER_SLEEPBEFORE_END,1516239638209,99
648,WS_SEND_START,1516239638209,99
648,WS_SEND_END,1516239638209,99
648,WS_RECV_START,1516239638209,100
648,WS_RECV_END,1516239638341,100
648,PLAYER_SLEEPBEFORE_START,1516239638342,101
648,PLAYER_SLEEPBEFORE_END,1516239661901,101
648,WS_SEND_START,1516239661901,101
648,WS_SEND_END,1516239661901,101
648,WS_RECV_START,1516239661901,102
648,WS_RECV_END,1516239662019,102
648,PLAYER_SLEEPBEFORE_START,1516239662019,103
648,PLAYER_SLEEPBEFORE_END,1516239685645,103
648,WS_SEND_START,1516239685645,103
648,WS_SEND_END,1516239685645,103
648,WS_RECV_START,1516239685645,104
648,WS_RECV_END,1516239685960,104
648,PLAYER_SLEEPBEFORE_START,1516239685960,105
648,PLAYER_SLEEPBEFORE_END,1516239711337,105
648,WS_SEND_START,1516239711337,105
648,WS_SEND_END,1516239711337,105
648,WS_RECV_START,1516239711337,106
648,WS_RECV_END,1516239713217,106
648,PLAYER_SLEEPBEFORE_START,1516239713217,107
648,PLAYER_SLEEPBEFORE_END,1516239736640,107
648,WS_SEND_START,1516239736640,107
648,WS_SEND_END,1516239736640,107
648,WS_RECV_START,1516239736640,108
648,WS_RECV_END,1516239736709,108
648,PLAYER_SLEEPBEFORE_START,1516239736709,109
648,PLAYER_SLEEPBEFORE_END,1516239736718,109
648,WS_SEND_START,1516239736718,109
648,WS_SEND_END,1516239736718,109
648,WS_RECV_START,1516239736718,110
648,WS_RECV_END,1516239736766,110
648,PLAYER_SLEEPBEFORE_START,1516239736766,111
648,PLAYER_SLEEPBEFORE_END,1516239737725,111
648,WS_SEND_START,1516239737725,111
648,WS_SEND_END,1516239737725,111
648,WS_RECV_START,1516239737725,112
648,WS_RECV_END,1516239737764,112
648,PLAYER_SLEEPBEFORE_START,1516239737764,113
648,PLAYER_SLEEPBEFORE_END,1516239738326,113
648,WS_SEND_START,1516239738326,113
648,WS_SEND_END,1516239738326,113
648,WS_RECV_START,1516239738326,114
648,WS_RECV_END,1516239738803,114
648,PLAYER_SLEEPBEFORE_START,1516239738803,115
648,PLAYER_SLEEPBEFORE_END,1516239738812,115
648,WS_SEND_START,1516239738812,115
648,WS_SEND_END,1516239738812,115
648,WS_RECV_START,1516239738812,116
648,WS_RECV_END,1516239739350,116
648,PLAYER_SLEEPBEFORE_START,1516239739350,117
648,PLAYER_SLEEPBEFORE_END,1516239759710,117
648,WS_SEND_START,1516239759710,117
648,WS_SEND_END,1516239759710,117
648,PLAYER_SLEEPBEFORE_START,1516239759710,118
648,PLAYER_SLEEPBEFORE_END,1516239763462,118
648,WS_SEND_START,1516239763462,118
648,WS_SEND_END,1516239763462,118
648,WS_RECV_START,1516239763462,119
648,WS_RECV_END,1516239763580,119
648,PLAYER_SLEEPBEFORE_START,1516239763580,120
648,PLAYER_SLEEPBEFORE_END,1516239764568,120
648,WS_SEND_START,1516239764568,120
648,WS_SEND_END,1516239764568,120
648,WS_RECV_START,1516239764568,121
648,WS_RECV_END,1516239764677,121
648,PLAYER_SLEEPBEFORE_START,1516239764677,122
648,PLAYER_SLEEPBEFORE_END,1516239765862,122
648,WS_SEND_START,1516239765862,122
648,WS_SEND_END,1516239765862,122
648,WS_RECV_START,1516239765862,123
648,WS_RECV_END,1516239766163,123
648,PLAYER_SLEEPBEFORE_START,1516239766163,124
648,PLAYER_SLEEPBEFORE_END,1516239790568,124
648,WS_SEND_START,1516239790569,124
648,WS_SEND_END,1516239790569,124
648,WS_RECV_START,1516239790569,125
648,WS_RECV_END,1516239790865,125
648,PLAYER_SLEEPBEFORE_START,1516239790865,126
648,PLAYER_SLEEPBEFORE_END,1516239811377,126
648,WS_SEND_START,1516239811377,126
648,WS_SEND_END,1516239811377,126
648,PLAYER_SLEEPBEFORE_START,1516239811377,127
648,PLAYER_SLEEPBEFORE_END,1516239814431,127
648,WS_SEND_START,1516239814431,127
648,WS_SEND_END,1516239814431,127
648,WS_RECV_START,1516239814431,128
648,WS_RECV_END,1516239815565,128
648,PLAYER_SLEEPBEFORE_START,1516239815565,129
648,PLAYER_SLEEPBEFORE_END,1516239815585,129
648,WS_SEND_START,1516239815585,129
648,WS_SEND_END,1516239815585,129
648,WS_RECV_START,1516239815585,130
648,WS_RECV_END,1516239816297,130
648,PLAYER_SLEEPBEFORE_START,1516239816297,131
648,PLAYER_SLEEPBEFORE_END,1516239837921,131
648,WS_SEND_START,1516239837921,131
648,WS_SEND_END,1516239837921,131
648,PLAYER_SLEEPBEFORE_START,1516239837921,132
648,PLAYER_SLEEPBEFORE_END,1516239841001,132
648,WS_SEND_START,1516239841001,132
648,WS_SEND_END,1516239841001,132
648,WS_RECV_START,1516239841001,133
648,WS_RECV_END,1516239841276,133
648,PLAYER_SLEEPBEFORE_START,1516239841276,134
648,PLAYER_SLEEPBEFORE_END,1516239862493,134
648,WS_SEND_START,1516239862493,134
648,WS_SEND_END,1516239862493,134
648,PLAYER_SLEEPBEFORE_START,1516239862493,135
648,PLAYER_SLEEPBEFORE_END,1516239865683,135
648,WS_SEND_START,1516239865683,135
648,WS_SEND_END,1516239865683,135
648,WS_RECV_START,1516239865683,136
648,WS_RECV_END,1516239865873,136
648,PLAYER_SLEEPBEFORE_START,1516239865873,137
648,PLAYER_SLEEPBEFORE_END,1516239865880,137
648,WS_SEND_START,1516239865880,137
648,WS_SEND_END,1516239865880,137
648,WS_RECV_START,1516239865880,138
648,WS_RECV_END,1516239865930,138
648,PLAYER_SLEEPBEFORE_START,1516239865930,139
648,PLAYER_SLEEPBEFORE_END,1516239866620,139
648,WS_SEND_START,1516239866620,139
648,WS_SEND_END,1516239866620,139
648,WS_RECV_START,1516239866620,140
648,WS_RECV_END,1516239866662,140
648,PLAYER_SLEEPBEFORE_START,1516239866662,141
648,PLAYER_SLEEPBEFORE_END,1516239867317,141
648,WS_SEND_START,1516239867317,141
648,WS_SEND_END,1516239867317,141
648,WS_RECV_START,1516239867317,142
648,WS_RECV_END,1516239867451,142
648,PLAYER_SLEEPBEFORE_START,1516239867451,143
648,PLAYER_SLEEPBEFORE_END,1516239867508,143
648,WS_SEND_START,1516239867508,143
648,WS_SEND_END,1516239867509,143
648,WS_RECV_START,1516239867509,144
648,WS_RECV_END,1516239867683,144
648,PLAYER_SLEEPBEFORE_START,1516239867683,145
648,PLAYER_SLEEPBEFORE_END,1516239883745,145
648,REQ_START,1516239883746,145
648,REQ_END,1516239883754,145
648,PLAYER_SLEEPBEFORE_START,1516239883754,146
648,PLAYER_SLEEPBEFORE_END,1516239892632,146
648,WS_SEND_START,1516239892632,146
648,WS_SEND_END,1516239892632,146
648,WS_RECV_START,1516239892632,147
648,WS_RECV_END,1516239892874,147
648,PLAYER_SLEEPBEFORE_START,1516239892874,148
648,PLAYER_SLEEPBEFORE_END,1516239914796,148
648,WS_SEND_START,1516239914796,148
648,WS_SEND_END,1516239914796,148
648,PLAYER_SLEEPBEFORE_START,1516239914796,149
648,PLAYER_SLEEPBEFORE_END,1516239917231,149
648,WS_SEND_START,1516239917231,149
648,WS_SEND_END,1516239917231,149
648,WS_RECV_START,1516239917231,150
648,WS_RECV_END,1516239917411,150
648,PLAYER_SLEEPBEFORE_START,1516239917411,151
648,PLAYER_SLEEPBEFORE_END,1516239917622,151
648,WS_SEND_START,1516239917622,151
648,WS_SEND_END,1516239917622,151
648,WS_RECV_START,1516239917622,152
648,WS_RECV_END,1516239917765,152
648,PLAYER_SLEEPBEFORE_START,1516239917766,153
648,PLAYER_SLEEPBEFORE_END,1516239941693,153
648,WS_SEND_START,1516239941693,153
648,WS_SEND_END,1516239941693,153
648,WS_RECV_START,1516239941693,154
648,WS_RECV_END,1516239941872,154
648,PLAYER_SLEEPBEFORE_START,1516239941872,155
648,PLAYER_SLEEPBEFORE_END,1516239964430,155
648,WS_SEND_START,1516239964430,155
648,WS_SEND_END,1516239964430,155
648,PLAYER_SLEEPBEFORE_START,1516239964430,156
648,PLAYER_SLEEPBEFORE_END,1516239967705,156
648,WS_SEND_START,1516239967705,156
648,WS_SEND_END,1516239967705,156
648,WS_RECV_START,1516239967705,157
648,WS_RECV_END,1516239967755,157
648,PLAYER_SLEEPBEFORE_START,1516239967755,158
648,PLAYER_SLEEPBEFORE_END,1516239967766,158
648,WS_SEND_START,1516239967766,158
648,WS_SEND_END,1516239967766,158
648,WS_RECV_START,1516239967766,159
648,WS_RECV_END,1516239967810,159
648,PLAYER_SLEEPBEFORE_START,1516239967810,160
648,PLAYER_SLEEPBEFORE_END,1516239967985,160
648,WS_SEND_START,1516239967985,160
648,WS_SEND_END,1516239967985,160
648,WS_RECV_START,1516239967985,161
648,WS_RECV_END,1516239968218,161
648,PLAYER_SLEEPBEFORE_START,1516239968218,162
648,PLAYER_SLEEPBEFORE_END,1516239968243,162
648,WS_SEND_START,1516239968243,162
648,WS_SEND_END,1516239968243,162
648,WS_RECV_START,1516239968243,163
648,WS_RECV_END,1516239968615,163
648,PLAYER_SLEEPBEFORE_START,1516239968615,164
648,PLAYER_SLEEPBEFORE_END,1516239989427,164
648,WS_SEND_START,1516239989427,164
648,WS_SEND_END,1516239989427,164
648,WS_RECV_START,1516239989427,165
648,WS_RECV_END,1516239991469,165
648,PLAYER_SLEEPBEFORE_START,1516239991469,166
648,PLAYER_SLEEPBEFORE_END,1516240013924,166
648,WS_SEND_START,1516240013924,166
648,WS_SEND_END,1516240013924,166
648,WS_RECV_START,1516240013924,167
648,WS_RECV_END,1516240017110,167
648,PLAYER_SLEEPBEFORE_START,1516240017110,168
648,PLAYER_SLEEPBEFORE_END,1516240044467,168
648,WS_SEND_START,1516240044467,168
648,WS_SEND_END,1516240044468,168
648,WS_RECV_START,1516240044468,169
648,WS_RECV_END,1516240046439,169
648,PLAYER_SLEEPBEFORE_START,1516240046439,170
648,PLAYER_SLEEPBEFORE_END,1516240046448,170
648,WS_SEND_START,1516240046448,170
648,WS_SEND_END,1516240046448,170
648,WS_RECV_START,1516240046448,171
648,WS_RECV_END,1516240047906,171
648,PLAYER_SLEEPBEFORE_START,1516240047906,172
648,PLAYER_SLEEPBEFORE_END,1516240048275,172
648,WS_SEND_START,1516240048275,172
648,WS_SEND_END,1516240048276,172
648,WS_RECV_START,1516240048276,173
648,WS_RECV_END,1516240048954,173
648,PLAYER_SLEEPBEFORE_START,1516240048954,174
648,PLAYER_SLEEPBEFORE_END,1516240048995,174
648,WS_SEND_START,1516240048995,174
648,WS_SEND_END,1516240048995,174
648,WS_RECV_START,1516240048995,175
648,WS_RECV_END,1516240049760,175
648,PLAYER_SLEEPBEFORE_START,1516240049760,176
648,PLAYER_SLEEPBEFORE_END,1516240071521,176
648,WS_SEND_START,1516240071521,176
648,WS_SEND_END,1516240071522,176
648,PLAYER_SLEEPBEFORE_START,1516240071522,177
648,PLAYER_SLEEPBEFORE_END,1516240074040,177
648,WS_SEND_START,1516240074040,177
648,WS_SEND_END,1516240074040,177
648,WS_RECV_START,1516240074040,178
648,WS_RECV_END,1516240075302,178
648,PLAYER_SLEEPBEFORE_START,1516240075302,179
648,PLAYER_SLEEPBEFORE_END,1516240097643,179
648,WS_SEND_START,1516240097643,179
648,WS_SEND_END,1516240097643,179
648,WS_RECV_START,1516240097643,180
648,WS_RECV_END,1516240097820,180
648,PLAYER_SLEEPBEFORE_START,1516240097820,181
648,PLAYER_SLEEPBEFORE_END,1516240098264,181
648,WS_SEND_START,1516240098264,181
648,WS_SEND_END,1516240098264,181
648,WS_RECV_START,1516240098264,182
648,WS_RECV_END,1516240098583,182
648,PLAYER_SLEEPBEFORE_START,1516240098583,183
648,PLAYER_SLEEPBEFORE_END,1516240099106,183
648,WS_SEND_START,1516240099106,183
648,WS_SEND_END,1516240099106,183
648,WS_RECV_START,1516240099106,184
648,WS_RECV_END,1516240099379,184
648,PLAYER_SLEEPBEFORE_START,1516240099379,185
648,PLAYER_SLEEPBEFORE_END,1516240099647,185
648,WS_SEND_START,1516240099647,185
648,WS_SEND_END,1516240099647,185
648,WS_RECV_START,1516240099647,186
648,WS_RECV_END,1516240100005,186
648,PLAYER_SLEEPBEFORE_START,1516240100005,187
648,PLAYER_SLEEPBEFORE_END,1516240122505,187
648,WS_SEND_START,1516240122505,187
648,WS_SEND_END,1516240122505,187
648,WS_RECV_START,1516240122505,188
648,WS_RECV_END,1516240122561,188
648,PLAYER_SLEEPBEFORE_START,1516240122561,189
648,PLAYER_SLEEPBEFORE_END,1516240128800,189
648,WS_SEND_START,1516240128800,189
648,WS_SEND_END,1516240128800,189
648,WS_RECV_START,1516240128800,190
648,WS_RECV_END,1516240129077,190
648,PLAYER_SLEEPBEFORE_START,1516240129077,191
648,PLAYER_SLEEPBEFORE_END,1516240130992,191
648,WS_SEND_START,1516240130992,191
648,WS_SEND_END,1516240130992,191
648,WS_RECV_START,1516240130992,192
648,WS_RECV_END,1516240131359,192
648,PLAYER_SLEEPBEFORE_START,1516240131359,193
648,PLAYER_SLEEPBEFORE_END,1516240131487,193
648,WS_SEND_START,1516240131487,193
648,WS_SEND_END,1516240131487,193
648,WS_RECV_START,1516240131487,194
648,WS_RECV_END,1516240131630,194
648,PLAYER_SLEEPBEFORE_START,1516240131630,195
648,PLAYER_SLEEPBEFORE_END,1516240133385,195
648,WS_SEND_START,1516240133385,195
648,WS_SEND_END,1516240133385,195
648,WS_RECV_START,1516240133385,196
648,WS_RECV_END,1516240133803,196
648,PLAYER_SLEEPBEFORE_START,1516240133803,197
648,PLAYER_SLEEPBEFORE_END,1516240135607,197
648,WS_SEND_START,1516240135607,197
648,WS_SEND_END,1516240135607,197
648,WS_RECV_START,1516240135607,198
648,WS_RECV_END,1516240135866,198
648,PLAYER_SLEEPBEFORE_START,1516240135866,199
648,PLAYER_SLEEPBEFORE_END,1516240147721,199
648,WS_SEND_START,1516240147721,199
648,WS_SEND_END,1516240147721,199
648,PLAYER_SLEEPBEFORE_START,1516240147721,200
648,PLAYER_SLEEPBEFORE_END,1516240151809,200
648,WS_SEND_START,1516240151809,200
648,WS_SEND_END,1516240151809,200
648,WS_RECV_START,1516240151809,201
648,WS_RECV_END,1516240151941,201
648,PLAYER_SLEEPBEFORE_START,1516240151941,202
648,PLAYER_SLEEPBEFORE_END,1516240151955,202
648,WS_SEND_START,1516240151955,202
648,WS_SEND_END,1516240151955,202
648,WS_RECV_START,1516240151955,203
648,WS_RECV_END,1516240152226,203
648,PLAYER_SLEEPBEFORE_START,1516240152226,204
648,PLAYER_SLEEPBEFORE_END,1516240171875,204
648,WS_SEND_START,1516240171875,204
648,WS_SEND_END,1516240171875,204
648,PLAYER_SLEEPBEFORE_START,1516240171875,205
648,PLAYER_SLEEPBEFORE_END,1516240175773,205
648,WS_SEND_START,1516240175773,205
648,WS_SEND_END,1516240175773,205
648,WS_RECV_START,1516240175773,206
648,WS_RECV_END,1516240175907,206
648,PLAYER_SLEEPBEFORE_START,1516240175907,207
648,PLAYER_SLEEPBEFORE_END,1516240192838,207
648,REQ_START,1516240192838,207
648,REQ_END,1516240192845,207
648,PLAYER_SLEEPBEFORE_START,1516240192845,208
648,PLAYER_SLEEPBEFORE_END,1516240199697,208
648,WS_CLOSE_START,1516240199697,208
648,WS_CLOSE_END,1516240199697,208
648,PLAYER_DONE,1516240199697
