# --sessions 1080 --app-url=http://shinyloadtest.rstudioservices.com/cran_explorer --output-dir test1080 --overwrite-output --log-level warn --start-interval 250 15min.log
thread_id,event,timestamp,input_line_number,comment
78,PLAYER_SESSION_CREATE,1516239120485
78,PLAYER_START_INTERVAL_START,1516239120485
78,PLAYER_START_INTERVAL_END,1516239139985
78,REQ_HOME_START,1516239139986,2
78,REQ_HOME_END,1516239140089,2
78,REQ_START,1516239140089,3
78,REQ_END,1516239140126,3
78,REQ_START,1516239140126,4
78,REQ_END,1516239140162,4
78,REQ_START,1516239140162,5
78,REQ_END,1516239140198,5
78,REQ_START,1516239140198,6
78,REQ_END,1516239140234,6
78,REQ_START,1516239140234,7
78,REQ_END,1516239140270,7
78,REQ_START,1516239140270,8
78,REQ_END,1516239140307,8
78,REQ_START,1516239140307,9
78,REQ_END,1516239140344,9
78,REQ_START,1516239140344,10
78,REQ_END,1516239140349,10
78,REQ_START,1516239140349,11
78,REQ_END,1516239140383,11
78,REQ_START,1516239140383,12
78,REQ_END,1516239140390,12
78,REQ_START,1516239140390,13
78,REQ_END,1516239140425,13
78,REQ_START,1516239140425,14
78,REQ_END,1516239140435,14
78,REQ_START,1516239140435,15
78,REQ_END,1516239140471,15
78,REQ_TOK_START,1516239140471,16
78,REQ_TOK_END,1516239140475,16
78,REQ_SINF_START,1516239140475,17
78,REQ_SINF_END,1516239140479,17
78,WS_OPEN_START,1516239140479,18
78,WS_OPEN_END,1516239140482,18
78,REQ_START,1516239140482,19
78,REQ_END,1516239140510,19
78,WS_RECV_START,1516239140510,20
78,WS_RECV_END,1516239140510,20
78,PLAYER_SLEEPBEFORE_START,1516239140510,21
78,PLAYER_SLEEPBEFORE_END,1516239140515,21
78,WS_SEND_START,1516239140515,21
78,WS_SEND_END,1516239140515,21
78,PLAYER_SLEEPBEFORE_START,1516239140515,22
78,PLAYER_SLEEPBEFORE_END,1516239140516,22
78,WS_SEND_START,1516239140516,22
78,WS_SEND_END,1516239140516,22
78,WS_RECV_INIT_START,1516239140516,23
78,WS_RECV_INIT_END,1516239140584,23
78,WS_RECV_START,1516239140584,24
78,WS_RECV_END,1516239140623,24
78,PLAYER_SLEEPBEFORE_START,1516239140623,25
78,PLAYER_SLEEPBEFORE_END,1516239140630,25
78,REQ_START,1516239140630,25
78,REQ_END,1516239140684,25
78,PLAYER_SLEEPBEFORE_START,1516239140684,26
78,PLAYER_SLEEPBEFORE_END,1516239140685,26
78,REQ_START,1516239140685,26
78,REQ_END,1516239140747,26
78,PLAYER_SLEEPBEFORE_START,1516239140747,27
78,PLAYER_SLEEPBEFORE_END,1516239140750,27
78,REQ_START,1516239140750,27
78,REQ_END,1516239140810,27
78,PLAYER_SLEEPBEFORE_START,1516239140810,28
78,PLAYER_SLEEPBEFORE_END,1516239141095,28
78,REQ_START,1516239141095,28
78,REQ_END,1516239141129,28
78,PLAYER_SLEEPBEFORE_START,1516239141129,29
78,PLAYER_SLEEPBEFORE_END,1516239141304,29
78,WS_SEND_START,1516239141304,29
78,WS_SEND_END,1516239141304,29
78,WS_RECV_START,1516239141304,30
78,WS_RECV_END,1516239141410,30
78,PLAYER_SLEEPBEFORE_START,1516239141410,31
78,PLAYER_SLEEPBEFORE_END,1516239141422,31
78,REQ_START,1516239141422,31
78,REQ_END,1516239141472,31
78,PLAYER_SLEEPBEFORE_START,1516239141472,32
78,PLAYER_SLEEPBEFORE_END,1516239169617,32
78,WS_SEND_START,1516239169617,32
78,WS_SEND_END,1516239169617,32
78,WS_RECV_START,1516239169617,33
78,WS_RECV_END,1516239169688,33
78,PLAYER_SLEEPBEFORE_START,1516239169688,34
78,PLAYER_SLEEPBEFORE_END,1516239195599,34
78,WS_SEND_START,1516239195599,34
78,WS_SEND_END,1516239195599,34
78,WS_RECV_START,1516239195599,35
78,WS_RECV_END,1516239195620,35
78,PLAYER_SLEEPBEFORE_START,1516239195620,36
78,PLAYER_SLEEPBEFORE_END,1516239195629,36
78,WS_SEND_START,1516239195629,36
78,WS_SEND_END,1516239195629,36
78,WS_RECV_START,1516239195629,37
78,WS_RECV_END,1516239195671,37
78,PLAYER_SLEEPBEFORE_START,1516239195671,38
78,PLAYER_SLEEPBEFORE_END,1516239198866,38
78,WS_SEND_START,1516239198866,38
78,WS_SEND_END,1516239198866,38
78,WS_RECV_START,1516239198866,39
78,WS_RECV_END,1516239198962,39
78,PLAYER_SLEEPBEFORE_START,1516239198963,40
78,PLAYER_SLEEPBEFORE_END,1516239199009,40
78,WS_SEND_START,1516239199009,40
78,WS_SEND_END,1516239199009,40
78,WS_RECV_START,1516239199009,41
78,WS_RECV_END,1516239199109,41
78,PLAYER_SLEEPBEFORE_START,1516239199109,42
78,PLAYER_SLEEPBEFORE_END,1516239217245,42
78,WS_SEND_START,1516239217245,42
78,WS_SEND_END,1516239217245,42
78,WS_RECV_START,1516239217245,43
78,WS_RECV_END,1516239217328,43
78,PLAYER_SLEEPBEFORE_START,1516239217328,44
78,PLAYER_SLEEPBEFORE_END,1516239217340,44
78,WS_SEND_START,1516239217340,44
78,WS_SEND_END,1516239217340,44
78,WS_RECV_START,1516239217340,45
78,WS_RECV_END,1516239217379,45
78,PLAYER_SLEEPBEFORE_START,1516239217379,46
78,PLAYER_SLEEPBEFORE_END,1516239218639,46
78,WS_SEND_START,1516239218639,46
78,WS_SEND_END,1516239218639,46
78,WS_RECV_START,1516239218639,47
78,WS_RECV_END,1516239218660,47
78,PLAYER_SLEEPBEFORE_START,1516239218660,48
78,PLAYER_SLEEPBEFORE_END,1516239219981,48
78,WS_SEND_START,1516239219981,48
78,WS_SEND_END,1516239219981,48
78,WS_RECV_START,1516239219981,49
78,WS_RECV_END,1516239220069,49
78,PLAYER_SLEEPBEFORE_START,1516239220069,50
78,PLAYER_SLEEPBEFORE_END,1516239220093,50
78,WS_SEND_START,1516239220093,50
78,WS_SEND_END,1516239220093,50
78,WS_RECV_START,1516239220093,51
78,WS_RECV_END,1516239220177,51
78,PLAYER_SLEEPBEFORE_START,1516239220177,52
78,PLAYER_SLEEPBEFORE_END,1516239242741,52
78,WS_SEND_START,1516239242741,52
78,WS_SEND_END,1516239242741,52
78,WS_RECV_START,1516239242741,53
78,WS_RECV_END,1516239242869,53
78,PLAYER_SLEEPBEFORE_START,1516239242869,54
78,PLAYER_SLEEPBEFORE_END,1516239264172,54
78,WS_SEND_START,1516239264172,54
78,WS_SEND_END,1516239264172,54
78,PLAYER_SLEEPBEFORE_START,1516239264172,55
78,PLAYER_SLEEPBEFORE_END,1516239266114,55
78,WS_SEND_START,1516239266114,55
78,WS_SEND_END,1516239266114,55
78,WS_RECV_START,1516239266114,56
78,WS_RECV_END,1516239266152,56
78,PLAYER_SLEEPBEFORE_START,1516239266152,57
78,PLAYER_SLEEPBEFORE_END,1516239289024,57
78,WS_SEND_START,1516239289024,57
78,WS_SEND_END,1516239289024,57
78,WS_RECV_START,1516239289024,58
78,WS_RECV_END,1516239289089,58
78,PLAYER_SLEEPBEFORE_START,1516239289089,59
78,PLAYER_SLEEPBEFORE_END,1516239291416,59
78,WS_SEND_START,1516239291416,59
78,WS_SEND_END,1516239291417,59
78,WS_RECV_START,1516239291417,60
78,WS_RECV_END,1516239291641,60
78,PLAYER_SLEEPBEFORE_START,1516239291641,61
78,PLAYER_SLEEPBEFORE_END,1516239295232,61
78,WS_SEND_START,1516239295232,61
78,WS_SEND_END,1516239295232,61
78,WS_RECV_START,1516239295232,62
78,WS_RECV_END,1516239295391,62
78,PLAYER_SLEEPBEFORE_START,1516239295391,63
78,PLAYER_SLEEPBEFORE_END,1516239314653,63
78,WS_SEND_START,1516239314653,63
78,WS_SEND_END,1516239314653,63
78,WS_RECV_START,1516239314653,64
78,WS_RECV_END,1516239314841,64
78,PLAYER_SLEEPBEFORE_START,1516239314841,65
78,PLAYER_SLEEPBEFORE_END,1516239341658,65
78,WS_SEND_START,1516239341658,65
78,WS_SEND_END,1516239341658,65
78,WS_RECV_START,1516239341658,66
78,WS_RECV_END,1516239341842,66
78,PLAYER_SLEEPBEFORE_START,1516239341842,67
78,PLAYER_SLEEPBEFORE_END,1516239343350,67
78,WS_SEND_START,1516239343350,67
78,WS_SEND_END,1516239343350,67
78,WS_RECV_START,1516239343350,68
78,WS_RECV_END,1516239343498,68
78,PLAYER_SLEEPBEFORE_START,1516239343498,69
78,PLAYER_SLEEPBEFORE_END,1516239365496,69
78,WS_SEND_START,1516239365496,69
78,WS_SEND_END,1516239365496,69
78,WS_RECV_START,1516239365496,70
78,WS_RECV_END,1516239365677,70
78,PLAYER_SLEEPBEFORE_START,1516239365677,71
78,PLAYER_SLEEPBEFORE_END,1516239390452,71
78,WS_SEND_START,1516239390452,71
78,WS_SEND_END,1516239390452,71
78,PLAYER_SLEEPBEFORE_START,1516239390452,72
78,PLAYER_SLEEPBEFORE_END,1516239393059,72
78,WS_SEND_START,1516239393059,72
78,WS_SEND_END,1516239393059,72
78,WS_RECV_START,1516239393059,73
78,WS_RECV_END,1516239393115,73
78,PLAYER_SLEEPBEFORE_START,1516239393115,74
78,PLAYER_SLEEPBEFORE_END,1516239393124,74
78,WS_SEND_START,1516239393124,74
78,WS_SEND_END,1516239393124,74
78,WS_RECV_START,1516239393124,75
78,WS_RECV_END,1516239393167,75
78,PLAYER_SLEEPBEFORE_START,1516239393167,76
78,PLAYER_SLEEPBEFORE_END,1516239394673,76
78,WS_SEND_START,1516239394673,76
78,WS_SEND_END,1516239394673,76
78,WS_RECV_START,1516239394673,77
78,WS_RECV_END,1516239394703,77
78,PLAYER_SLEEPBEFORE_START,1516239394703,78
78,PLAYER_SLEEPBEFORE_END,1516239395571,78
78,WS_SEND_START,1516239395571,78
78,WS_SEND_END,1516239395571,78
78,WS_RECV_START,1516239395571,79
78,WS_RECV_END,1516239395805,79
78,PLAYER_SLEEPBEFORE_START,1516239395805,80
78,PLAYER_SLEEPBEFORE_END,1516239403471,80
78,WS_SEND_START,1516239403471,80
78,WS_SEND_END,1516239403471,80
78,WS_RECV_START,1516239403471,81
78,WS_RECV_END,1516239404359,81
78,PLAYER_SLEEPBEFORE_START,1516239404359,82
78,PLAYER_SLEEPBEFORE_END,1516239405461,82
78,WS_SEND_START,1516239405461,82
78,WS_SEND_END,1516239405461,82
78,WS_RECV_START,1516239405461,83
78,WS_RECV_END,1516239405607,83
78,PLAYER_SLEEPBEFORE_START,1516239405607,84
78,PLAYER_SLEEPBEFORE_END,1516239406555,84
78,WS_SEND_START,1516239406555,84
78,WS_SEND_END,1516239406555,84
78,WS_RECV_START,1516239406555,85
78,WS_RECV_END,1516239406644,85
78,PLAYER_SLEEPBEFORE_START,1516239406644,86
78,PLAYER_SLEEPBEFORE_END,1516239410816,86
78,WS_SEND_START,1516239410816,86
78,WS_SEND_END,1516239410816,86
78,WS_RECV_START,1516239410816,87
78,WS_RECV_END,1516239410900,87
78,PLAYER_SLEEPBEFORE_START,1516239410900,88
78,PLAYER_SLEEPBEFORE_END,1516239410908,88
78,WS_SEND_START,1516239410908,88
78,WS_SEND_END,1516239410908,88
78,WS_RECV_START,1516239410908,89
78,WS_RECV_END,1516239411716,89
78,PLAYER_SLEEPBEFORE_START,1516239411716,90
78,PLAYER_SLEEPBEFORE_END,1516239438913,90
78,REQ_START,1516239438913,90
78,REQ_END,1516239438917,90
78,PLAYER_SLEEPBEFORE_START,1516239438917,91
78,PLAYER_SLEEPBEFORE_END,1516239446807,91
78,WS_SEND_START,1516239446807,91
78,WS_SEND_END,1516239446807,91
78,WS_RECV_START,1516239446807,92
78,WS_RECV_END,1516239447282,92
78,PLAYER_SLEEPBEFORE_START,1516239447282,93
78,PLAYER_SLEEPBEFORE_END,1516239447298,93
78,WS_SEND_START,1516239447298,93
78,WS_SEND_END,1516239447298,93
78,WS_RECV_START,1516239447298,94
78,WS_RECV_END,1516239447594,94
78,PLAYER_SLEEPBEFORE_START,1516239447594,95
78,PLAYER_SLEEPBEFORE_END,1516239471149,95
78,WS_SEND_START,1516239471149,95
78,WS_SEND_END,1516239471149,95
78,WS_RECV_START,1516239471149,96
78,WS_RECV_END,1516239471349,96
78,PLAYER_SLEEPBEFORE_START,1516239471349,97
78,PLAYER_SLEEPBEFORE_END,1516239493789,97
78,WS_SEND_START,1516239493789,97
78,WS_SEND_END,1516239493789,97
78,WS_RECV_START,1516239493789,98
78,WS_RECV_END,1516239494073,98
78,PLAYER_SLEEPBEFORE_START,1516239494073,99
78,PLAYER_SLEEPBEFORE_END,1516239494094,99
78,WS_SEND_START,1516239494094,99
78,WS_SEND_END,1516239494094,99
78,WS_RECV_START,1516239494094,100
78,WS_RECV_END,1516239494288,100
78,PLAYER_SLEEPBEFORE_START,1516239494288,101
78,PLAYER_SLEEPBEFORE_END,1516239517847,101
78,WS_SEND_START,1516239517847,101
78,WS_SEND_END,1516239517847,101
78,WS_RECV_START,1516239517847,102
78,WS_RECV_END,1516239518180,102
78,PLAYER_SLEEPBEFORE_START,1516239518180,103
78,PLAYER_SLEEPBEFORE_END,1516239541805,103
78,WS_SEND_START,1516239541805,103
78,WS_SEND_END,1516239541805,103
78,WS_RECV_START,1516239541805,104
78,WS_RECV_END,1516239541991,104
78,PLAYER_SLEEPBEFORE_START,1516239541991,105
78,PLAYER_SLEEPBEFORE_END,1516239567368,105
78,WS_SEND_START,1516239567368,105
78,WS_SEND_END,1516239567368,105
78,WS_RECV_START,1516239567368,106
78,WS_RECV_END,1516239567628,106
78,PLAYER_SLEEPBEFORE_START,1516239567628,107
78,PLAYER_SLEEPBEFORE_END,1516239591051,107
78,WS_SEND_START,1516239591051,107
78,WS_SEND_END,1516239591051,107
78,WS_RECV_START,1516239591051,108
78,WS_RECV_END,1516239591936,108
78,PLAYER_SLEEPBEFORE_START,1516239591936,109
78,PLAYER_SLEEPBEFORE_END,1516239591945,109
78,WS_SEND_START,1516239591945,109
78,WS_SEND_END,1516239591945,109
78,WS_RECV_START,1516239591945,110
78,WS_RECV_END,1516239592599,110
78,PLAYER_SLEEPBEFORE_START,1516239592599,111
78,PLAYER_SLEEPBEFORE_END,1516239593558,111
78,WS_SEND_START,1516239593558,111
78,WS_SEND_END,1516239593558,111
78,WS_RECV_START,1516239593558,112
78,WS_RECV_END,1516239594308,112
78,PLAYER_SLEEPBEFORE_START,1516239594308,113
78,PLAYER_SLEEPBEFORE_END,1516239594870,113
78,WS_SEND_START,1516239594870,113
78,WS_SEND_END,1516239594870,113
78,WS_RECV_START,1516239594870,114
78,WS_RECV_END,1516239595365,114
78,PLAYER_SLEEPBEFORE_START,1516239595365,115
78,PLAYER_SLEEPBEFORE_END,1516239595374,115
78,WS_SEND_START,1516239595374,115
78,WS_SEND_END,1516239595374,115
78,WS_RECV_START,1516239595374,116
78,WS_RECV_END,1516239595881,116
78,PLAYER_SLEEPBEFORE_START,1516239595881,117
78,PLAYER_SLEEPBEFORE_END,1516239616241,117
78,WS_SEND_START,1516239616241,117
78,WS_SEND_END,1516239616241,117
78,PLAYER_SLEEPBEFORE_START,1516239616241,118
78,PLAYER_SLEEPBEFORE_END,1516239619994,118
78,WS_SEND_START,1516239619994,118
78,WS_SEND_END,1516239619994,118
78,WS_RECV_START,1516239619994,119
78,WS_RECV_END,1516239621258,119
78,PLAYER_SLEEPBEFORE_START,1516239621258,120
78,PLAYER_SLEEPBEFORE_END,1516239622246,120
78,WS_SEND_START,1516239622246,120
78,WS_SEND_END,1516239622246,120
78,WS_RECV_START,1516239622246,121
78,WS_RECV_END,1516239623757,121
78,PLAYER_SLEEPBEFORE_START,1516239623757,122
78,PLAYER_SLEEPBEFORE_END,1516239624942,122
78,WS_SEND_START,1516239624942,122
78,WS_SEND_END,1516239624942,122
78,WS_RECV_START,1516239624942,123
78,WS_RECV_END,1516239625653,123
78,PLAYER_SLEEPBEFORE_START,1516239625653,124
78,PLAYER_SLEEPBEFORE_END,1516239650058,124
78,WS_SEND_START,1516239650058,124
78,WS_SEND_END,1516239650058,124
78,WS_RECV_START,1516239650058,125
78,WS_RECV_END,1516239650948,125
78,PLAYER_SLEEPBEFORE_START,1516239650948,126
78,PLAYER_SLEEPBEFORE_END,1516239671461,126
78,WS_SEND_START,1516239671461,126
78,WS_SEND_END,1516239671461,126
78,PLAYER_SLEEPBEFORE_START,1516239671461,127
78,PLAYER_SLEEPBEFORE_END,1516239674515,127
78,WS_SEND_START,1516239674515,127
78,WS_SEND_END,1516239674515,127
78,WS_RECV_START,1516239674515,128
78,WS_RECV_END,1516239674930,128
78,PLAYER_SLEEPBEFORE_START,1516239674930,129
78,PLAYER_SLEEPBEFORE_END,1516239674950,129
78,WS_SEND_START,1516239674950,129
78,WS_SEND_END,1516239674950,129
78,WS_RECV_START,1516239674950,130
78,WS_RECV_END,1516239675612,130
78,PLAYER_SLEEPBEFORE_START,1516239675612,131
78,PLAYER_SLEEPBEFORE_END,1516239697236,131
78,WS_SEND_START,1516239697236,131
78,WS_SEND_END,1516239697236,131
78,PLAYER_SLEEPBEFORE_START,1516239697236,132
78,PLAYER_SLEEPBEFORE_END,1516239700316,132
78,WS_SEND_START,1516239700316,132
78,WS_SEND_END,1516239700316,132
78,WS_RECV_START,1516239700316,133
78,WS_RECV_END,1516239700600,133
78,PLAYER_SLEEPBEFORE_START,1516239700600,134
78,PLAYER_SLEEPBEFORE_END,1516239721817,134
78,WS_SEND_START,1516239721817,134
78,WS_SEND_END,1516239721817,134
78,PLAYER_SLEEPBEFORE_START,1516239721817,135
78,PLAYER_SLEEPBEFORE_END,1516239725008,135
78,WS_SEND_START,1516239725008,135
78,WS_SEND_END,1516239725008,135
78,WS_RECV_START,1516239725008,136
78,WS_RECV_END,1516239726922,136
78,PLAYER_SLEEPBEFORE_START,1516239726922,137
78,PLAYER_SLEEPBEFORE_END,1516239726929,137
78,WS_SEND_START,1516239726929,137
78,WS_SEND_END,1516239726929,137
78,WS_RECV_START,1516239726929,138
78,WS_RECV_END,1516239728827,138
78,PLAYER_SLEEPBEFORE_START,1516239728827,139
78,PLAYER_SLEEPBEFORE_END,1516239729517,139
78,WS_SEND_START,1516239729517,139
78,WS_SEND_END,1516239729517,139
78,WS_RECV_START,1516239729517,140
78,WS_RECV_END,1516239730359,140
78,PLAYER_SLEEPBEFORE_START,1516239730359,141
78,PLAYER_SLEEPBEFORE_END,1516239731014,141
78,WS_SEND_START,1516239731014,141
78,WS_SEND_END,1516239731014,141
78,WS_RECV_START,1516239731014,142
78,WS_RECV_END,1516239732193,142
78,PLAYER_SLEEPBEFORE_START,1516239732193,143
78,PLAYER_SLEEPBEFORE_END,1516239732251,143
78,WS_SEND_START,1516239732251,143
78,WS_SEND_END,1516239732251,143
78,WS_RECV_START,1516239732251,144
78,WS_RECV_END,1516239733793,144
78,PLAYER_SLEEPBEFORE_START,1516239733793,145
78,PLAYER_SLEEPBEFORE_END,1516239749855,145
78,REQ_START,1516239749855,145
78,REQ_END,1516239749861,145
78,PLAYER_SLEEPBEFORE_START,1516239749861,146
78,PLAYER_SLEEPBEFORE_END,1516239758738,146
78,WS_SEND_START,1516239758738,146
78,WS_SEND_END,1516239758738,146
78,WS_RECV_START,1516239758738,147
78,WS_RECV_END,1516239759057,147
78,PLAYER_SLEEPBEFORE_START,1516239759057,148
78,PLAYER_SLEEPBEFORE_END,1516239780979,148
78,WS_SEND_START,1516239780979,148
78,WS_SEND_END,1516239780979,148
78,PLAYER_SLEEPBEFORE_START,1516239780979,149
78,PLAYER_SLEEPBEFORE_END,1516239783407,149
78,WS_SEND_START,1516239783407,149
78,WS_SEND_END,1516239783407,149
78,WS_RECV_START,1516239783407,150
78,WS_RECV_END,1516239783683,150
78,PLAYER_SLEEPBEFORE_START,1516239783683,151
78,PLAYER_SLEEPBEFORE_END,1516239783893,151
78,WS_SEND_START,1516239783893,151
78,WS_SEND_END,1516239783893,151
78,WS_RECV_START,1516239783893,152
78,WS_RECV_END,1516239784640,152
78,PLAYER_SLEEPBEFORE_START,1516239784640,153
78,PLAYER_SLEEPBEFORE_END,1516239808567,153
78,WS_SEND_START,1516239808567,153
78,WS_SEND_END,1516239808567,153
78,WS_RECV_START,1516239808567,154
78,WS_RECV_END,1516239808721,154
78,PLAYER_SLEEPBEFORE_START,1516239808721,155
78,PLAYER_SLEEPBEFORE_END,1516239831279,155
78,WS_SEND_START,1516239831279,155
78,WS_SEND_END,1516239831279,155
78,PLAYER_SLEEPBEFORE_START,1516239831279,156
78,PLAYER_SLEEPBEFORE_END,1516239834553,156
78,WS_SEND_START,1516239834553,156
78,WS_SEND_END,1516239834553,156
78,WS_RECV_START,1516239834553,157
78,WS_RECV_END,1516239834801,157
78,PLAYER_SLEEPBEFORE_START,1516239834801,158
78,PLAYER_SLEEPBEFORE_END,1516239834811,158
78,WS_SEND_START,1516239834811,158
78,WS_SEND_END,1516239834811,158
78,WS_RECV_START,1516239834811,159
78,WS_RECV_END,1516239834915,159
78,PLAYER_SLEEPBEFORE_START,1516239834915,160
78,PLAYER_SLEEPBEFORE_END,1516239835090,160
78,WS_SEND_START,1516239835090,160
78,WS_SEND_END,1516239835090,160
78,WS_RECV_START,1516239835090,161
78,WS_RECV_END,1516239835311,161
78,PLAYER_SLEEPBEFORE_START,1516239835311,162
78,PLAYER_SLEEPBEFORE_END,1516239835336,162
78,WS_SEND_START,1516239835336,162
78,WS_SEND_END,1516239835336,162
78,WS_RECV_START,1516239835336,163
78,WS_RECV_END,1516239835903,163
78,PLAYER_SLEEPBEFORE_START,1516239835903,164
78,PLAYER_SLEEPBEFORE_END,1516239856715,164
78,WS_SEND_START,1516239856715,164
78,WS_SEND_END,1516239856715,164
78,WS_RECV_START,1516239856715,165
78,WS_RECV_END,1516239856831,165
78,PLAYER_SLEEPBEFORE_START,1516239856831,166
78,PLAYER_SLEEPBEFORE_END,1516239879286,166
78,WS_SEND_START,1516239879286,166
78,WS_SEND_END,1516239879286,166
78,WS_RECV_START,1516239879286,167
78,WS_RECV_END,1516239879459,167
78,PLAYER_SLEEPBEFORE_START,1516239879459,168
78,PLAYER_SLEEPBEFORE_END,1516239906816,168
78,WS_SEND_START,1516239906816,168
78,WS_SEND_END,1516239906816,168
78,WS_RECV_START,1516239906816,169
78,WS_RECV_END,1516239907098,169
78,PLAYER_SLEEPBEFORE_START,1516239907098,170
78,PLAYER_SLEEPBEFORE_END,1516239907107,170
78,WS_SEND_START,1516239907107,170
78,WS_SEND_END,1516239907107,170
78,WS_RECV_START,1516239907107,171
78,WS_RECV_END,1516239907151,171
78,PLAYER_SLEEPBEFORE_START,1516239907151,172
78,PLAYER_SLEEPBEFORE_END,1516239907520,172
78,WS_SEND_START,1516239907520,172
78,WS_SEND_END,1516239907520,172
78,WS_RECV_START,1516239907520,173
78,WS_RECV_END,1516239907712,173
78,PLAYER_SLEEPBEFORE_START,1516239907712,174
78,PLAYER_SLEEPBEFORE_END,1516239907753,174
78,WS_SEND_START,1516239907753,174
78,WS_SEND_END,1516239907753,174
78,WS_RECV_START,1516239907753,175
78,WS_RECV_END,1516239907971,175
78,PLAYER_SLEEPBEFORE_START,1516239907971,176
78,PLAYER_SLEEPBEFORE_END,1516239929732,176
78,WS_SEND_START,1516239929732,176
78,WS_SEND_END,1516239929732,176
78,PLAYER_SLEEPBEFORE_START,1516239929732,177
78,PLAYER_SLEEPBEFORE_END,1516239932250,177
78,WS_SEND_START,1516239932250,177
78,WS_SEND_END,1516239932250,177
78,WS_RECV_START,1516239932250,178
78,WS_RECV_END,1516239932385,178
78,PLAYER_SLEEPBEFORE_START,1516239932385,179
78,PLAYER_SLEEPBEFORE_END,1516239954725,179
78,WS_SEND_START,1516239954725,179
78,WS_SEND_END,1516239954725,179
78,WS_RECV_START,1516239954726,180
78,WS_RECV_END,1516239955118,180
78,PLAYER_SLEEPBEFORE_START,1516239955118,181
78,PLAYER_SLEEPBEFORE_END,1516239955562,181
78,WS_SEND_START,1516239955562,181
78,WS_SEND_END,1516239955562,181
78,WS_RECV_START,1516239955562,182
78,WS_RECV_END,1516239955860,182
78,PLAYER_SLEEPBEFORE_START,1516239955860,183
78,PLAYER_SLEEPBEFORE_END,1516239956383,183
78,WS_SEND_START,1516239956383,183
78,WS_SEND_END,1516239956383,183
78,WS_RECV_START,1516239956383,184
78,WS_RECV_END,1516239956903,184
78,PLAYER_SLEEPBEFORE_START,1516239956903,185
78,PLAYER_SLEEPBEFORE_END,1516239957171,185
78,WS_SEND_START,1516239957171,185
78,WS_SEND_END,1516239957171,185
78,WS_RECV_START,1516239957171,186
78,WS_RECV_END,1516239957788,186
78,PLAYER_SLEEPBEFORE_START,1516239957788,187
78,PLAYER_SLEEPBEFORE_END,1516239980288,187
78,WS_SEND_START,1516239980288,187
78,WS_SEND_END,1516239980288,187
78,WS_RECV_START,1516239980288,188
78,WS_RECV_END,1516239981047,188
78,PLAYER_SLEEPBEFORE_START,1516239981047,189
78,PLAYER_SLEEPBEFORE_END,1516239987286,189
78,WS_SEND_START,1516239987286,189
78,WS_SEND_END,1516239987286,189
78,WS_RECV_START,1516239987286,190
78,WS_RECV_END,1516239988756,190
78,PLAYER_SLEEPBEFORE_START,1516239988756,191
78,PLAYER_SLEEPBEFORE_END,1516239990671,191
78,WS_SEND_START,1516239990671,191
78,WS_SEND_END,1516239990671,191
78,WS_RECV_START,1516239990671,192
78,WS_RECV_END,1516239993687,192
78,PLAYER_SLEEPBEFORE_START,1516239993687,193
78,PLAYER_SLEEPBEFORE_END,1516239993816,193
78,WS_SEND_START,1516239993816,193
78,WS_SEND_END,1516239993816,193
78,WS_RECV_START,1516239993816,194
78,WS_RECV_END,1516239995090,194
78,PLAYER_SLEEPBEFORE_START,1516239995090,195
78,PLAYER_SLEEPBEFORE_END,1516239996845,195
78,WS_SEND_START,1516239996845,195
78,WS_SEND_END,1516239996845,195
78,WS_RECV_START,1516239996845,196
78,WS_RECV_END,1516239998721,196
78,PLAYER_SLEEPBEFORE_START,1516239998721,197
78,PLAYER_SLEEPBEFORE_END,1516240000525,197
78,WS_SEND_START,1516240000525,197
78,WS_SEND_END,1516240000525,197
78,WS_RECV_START,1516240000525,198
78,WS_RECV_END,1516240003486,198
78,PLAYER_SLEEPBEFORE_START,1516240003486,199
78,PLAYER_SLEEPBEFORE_END,1516240015340,199
78,WS_SEND_START,1516240015340,199
78,WS_SEND_END,1516240015340,199
78,PLAYER_SLEEPBEFORE_START,1516240015340,200
78,PLAYER_SLEEPBEFORE_END,1516240019428,200
78,WS_SEND_START,1516240019428,200
78,WS_SEND_END,1516240019428,200
78,WS_RECV_START,1516240019428,201
78,WS_RECV_END,1516240021944,201
78,PLAYER_SLEEPBEFORE_START,1516240021944,202
78,PLAYER_SLEEPBEFORE_END,1516240021959,202
78,WS_SEND_START,1516240021959,202
78,WS_SEND_END,1516240021959,202
78,WS_RECV_START,1516240021959,203
78,WS_RECV_END,1516240023182,203
78,PLAYER_SLEEPBEFORE_START,1516240023182,204
78,PLAYER_SLEEPBEFORE_END,1516240042831,204
78,WS_SEND_START,1516240042831,204
78,WS_SEND_END,1516240042831,204
78,PLAYER_SLEEPBEFORE_START,1516240042831,205
78,PLAYER_SLEEPBEFORE_END,1516240046729,205
78,WS_SEND_START,1516240046729,205
78,WS_SEND_END,1516240046729,205
78,WS_RECV_START,1516240046729,206
78,WS_RECV_END,1516240048352,206
78,PLAYER_SLEEPBEFORE_START,1516240048352,207
78,PLAYER_SLEEPBEFORE_END,1516240065283,207
78,REQ_START,1516240065283,207
78,REQ_END,1516240065289,207
78,PLAYER_SLEEPBEFORE_START,1516240065289,208
78,PLAYER_SLEEPBEFORE_END,1516240072141,208
78,WS_CLOSE_START,1516240072141,208
78,WS_CLOSE_END,1516240072141,208
78,PLAYER_DONE,1516240072141
