# --sessions 1080 --app-url=http://shinyloadtest.rstudioservices.com/cran_explorer --output-dir test1080 --overwrite-output --log-level warn --start-interval 250 15min.log
thread_id,event,timestamp,input_line_number,comment
851,PLAYER_SESSION_CREATE,1516239120774
851,PLAYER_START_INTERVAL_START,1516239120774
851,PLAYER_START_INTERVAL_END,1516239333524
851,REQ_HOME_START,1516239333524,2
851,REQ_HOME_END,1516239333603,2
851,REQ_START,1516239333603,3
851,REQ_END,1516239333980,3
851,REQ_START,1516239333980,4
851,REQ_END,1516239334151,4
851,REQ_START,1516239334151,5
851,REQ_END,1516239334187,5
851,REQ_START,1516239334187,6
851,REQ_END,1516239334223,6
851,REQ_START,1516239334223,7
851,REQ_END,1516239334269,7
851,REQ_START,1516239334269,8
851,REQ_END,1516239334306,8
851,REQ_START,1516239334306,9
851,REQ_END,1516239334346,9
851,REQ_START,1516239334346,10
851,REQ_END,1516239334354,10
851,REQ_START,1516239334354,11
851,REQ_END,1516239334386,11
851,REQ_START,1516239334386,12
851,REQ_END,1516239334397,12
851,REQ_START,1516239334397,13
851,REQ_END,1516239334428,13
851,REQ_START,1516239334428,14
851,REQ_END,1516239334444,14
851,REQ_START,1516239334444,15
851,REQ_END,1516239334478,15
851,REQ_TOK_START,1516239334478,16
851,REQ_TOK_END,1516239334485,16
851,REQ_SINF_START,1516239334485,17
851,REQ_SINF_END,1516239334493,17
851,WS_OPEN_START,1516239334493,18
851,WS_OPEN_END,1516239334500,18
851,REQ_START,1516239334500,19
851,REQ_END,1516239334526,19
851,WS_RECV_START,1516239334526,20
851,WS_RECV_END,1516239334526,20
851,PLAYER_SLEEPBEFORE_START,1516239334526,21
851,PLAYER_SLEEPBEFORE_END,1516239334532,21
851,WS_SEND_START,1516239334532,21
851,WS_SEND_END,1516239334532,21
851,PLAYER_SLEEPBEFORE_START,1516239334532,22
851,PLAYER_SLEEPBEFORE_END,1516239334533,22
851,WS_SEND_START,1516239334533,22
851,WS_SEND_END,1516239334533,22
851,WS_RECV_INIT_START,1516239334533,23
851,WS_RECV_INIT_END,1516239334553,23
851,WS_RECV_START,1516239334553,24
851,WS_RECV_END,1516239334647,24
851,PLAYER_SLEEPBEFORE_START,1516239334647,25
851,PLAYER_SLEEPBEFORE_END,1516239334654,25
851,REQ_START,1516239334654,25
851,REQ_END,1516239334742,25
851,PLAYER_SLEEPBEFORE_START,1516239334742,26
851,PLAYER_SLEEPBEFORE_END,1516239334743,26
851,REQ_START,1516239334743,26
851,REQ_END,1516239335173,26
851,PLAYER_SLEEPBEFORE_START,1516239335173,27
851,PLAYER_SLEEPBEFORE_END,1516239335176,27
851,REQ_START,1516239335176,27
851,REQ_END,1516239335215,27
851,PLAYER_SLEEPBEFORE_START,1516239335215,28
851,PLAYER_SLEEPBEFORE_END,1516239335501,28
851,REQ_START,1516239335501,28
851,REQ_END,1516239335531,28
851,PLAYER_SLEEPBEFORE_START,1516239335531,29
851,PLAYER_SLEEPBEFORE_END,1516239335706,29
851,WS_SEND_START,1516239335706,29
851,WS_SEND_END,1516239335706,29
851,WS_RECV_START,1516239335706,30
851,WS_RECV_END,1516239335938,30
851,PLAYER_SLEEPBEFORE_START,1516239335938,31
851,PLAYER_SLEEPBEFORE_END,1516239335949,31
851,REQ_START,1516239335949,31
851,REQ_END,1516239335986,31
851,PLAYER_SLEEPBEFORE_START,1516239335986,32
851,PLAYER_SLEEPBEFORE_END,1516239364131,32
851,WS_SEND_START,1516239364131,32
851,WS_SEND_END,1516239364131,32
851,WS_RECV_START,1516239364131,33
851,WS_RECV_END,1516239364281,33
851,PLAYER_SLEEPBEFORE_START,1516239364281,34
851,PLAYER_SLEEPBEFORE_END,1516239390192,34
851,WS_SEND_START,1516239390192,34
851,WS_SEND_END,1516239390192,34
851,WS_RECV_START,1516239390192,35
851,WS_RECV_END,1516239390302,35
851,PLAYER_SLEEPBEFORE_START,1516239390302,36
851,PLAYER_SLEEPBEFORE_END,1516239390311,36
851,WS_SEND_START,1516239390311,36
851,WS_SEND_END,1516239390311,36
851,WS_RECV_START,1516239390311,37
851,WS_RECV_END,1516239390370,37
851,PLAYER_SLEEPBEFORE_START,1516239390370,38
851,PLAYER_SLEEPBEFORE_END,1516239393565,38
851,WS_SEND_START,1516239393565,38
851,WS_SEND_END,1516239393565,38
851,WS_RECV_START,1516239393565,39
851,WS_RECV_END,1516239393769,39
851,PLAYER_SLEEPBEFORE_START,1516239393769,40
851,PLAYER_SLEEPBEFORE_END,1516239393815,40
851,WS_SEND_START,1516239393815,40
851,WS_SEND_END,1516239393827,40
851,WS_RECV_START,1516239393827,41
851,WS_RECV_END,1516239393934,41
851,PLAYER_SLEEPBEFORE_START,1516239393934,42
851,PLAYER_SLEEPBEFORE_END,1516239412069,42
851,WS_SEND_START,1516239412069,42
851,WS_SEND_END,1516239412069,42
851,WS_RECV_START,1516239412069,43
851,WS_RECV_END,1516239412267,43
851,PLAYER_SLEEPBEFORE_START,1516239412267,44
851,PLAYER_SLEEPBEFORE_END,1516239412279,44
851,WS_SEND_START,1516239412279,44
851,WS_SEND_END,1516239412279,44
851,WS_RECV_START,1516239412279,45
851,WS_RECV_END,1516239412594,45
851,PLAYER_SLEEPBEFORE_START,1516239412594,46
851,PLAYER_SLEEPBEFORE_END,1516239413854,46
851,WS_SEND_START,1516239413854,46
851,WS_SEND_END,1516239413854,46
851,WS_RECV_START,1516239413854,47
851,WS_RECV_END,1516239414274,47
851,PLAYER_SLEEPBEFORE_START,1516239414274,48
851,PLAYER_SLEEPBEFORE_END,1516239415594,48
851,WS_SEND_START,1516239415594,48
851,WS_SEND_END,1516239415594,48
851,WS_RECV_START,1516239415594,49
851,WS_RECV_END,1516239415708,49
851,PLAYER_SLEEPBEFORE_START,1516239415708,50
851,PLAYER_SLEEPBEFORE_END,1516239415732,50
851,WS_SEND_START,1516239415732,50
851,WS_SEND_END,1516239415732,50
851,WS_RECV_START,1516239415732,51
851,WS_RECV_END,1516239415920,51
851,PLAYER_SLEEPBEFORE_START,1516239415920,52
851,PLAYER_SLEEPBEFORE_END,1516239438484,52
851,WS_SEND_START,1516239438484,52
851,WS_SEND_END,1516239438484,52
851,WS_RECV_START,1516239438484,53
851,WS_RECV_END,1516239438947,53
851,PLAYER_SLEEPBEFORE_START,1516239438947,54
851,PLAYER_SLEEPBEFORE_END,1516239460250,54
851,WS_SEND_START,1516239460250,54
851,WS_SEND_END,1516239460251,54
851,PLAYER_SLEEPBEFORE_START,1516239460251,55
851,PLAYER_SLEEPBEFORE_END,1516239462192,55
851,WS_SEND_START,1516239462192,55
851,WS_SEND_END,1516239462192,55
851,WS_RECV_START,1516239462192,56
851,WS_RECV_END,1516239462635,56
851,PLAYER_SLEEPBEFORE_START,1516239462635,57
851,PLAYER_SLEEPBEFORE_END,1516239485507,57
851,WS_SEND_START,1516239485507,57
851,WS_SEND_END,1516239485507,57
851,WS_RECV_START,1516239485507,58
851,WS_RECV_END,1516239486365,58
851,PLAYER_SLEEPBEFORE_START,1516239486365,59
851,PLAYER_SLEEPBEFORE_END,1516239488692,59
851,WS_SEND_START,1516239488692,59
851,WS_SEND_END,1516239488692,59
851,WS_RECV_START,1516239488692,60
851,WS_RECV_END,1516239488845,60
851,PLAYER_SLEEPBEFORE_START,1516239488845,61
851,PLAYER_SLEEPBEFORE_END,1516239492436,61
851,WS_SEND_START,1516239492436,61
851,WS_SEND_END,1516239492436,61
851,WS_RECV_START,1516239492436,62
851,WS_RECV_END,1516239492717,62
851,PLAYER_SLEEPBEFORE_START,1516239492717,63
851,PLAYER_SLEEPBEFORE_END,1516239511979,63
851,WS_SEND_START,1516239511979,63
851,WS_SEND_END,1516239511979,63
851,WS_RECV_START,1516239511979,64
851,WS_RECV_END,1516239512302,64
851,PLAYER_SLEEPBEFORE_START,1516239512302,65
851,PLAYER_SLEEPBEFORE_END,1516239539119,65
851,WS_SEND_START,1516239539119,65
851,WS_SEND_END,1516239539120,65
851,WS_RECV_START,1516239539120,66
851,WS_RECV_END,1516239539252,66
851,PLAYER_SLEEPBEFORE_START,1516239539252,67
851,PLAYER_SLEEPBEFORE_END,1516239540759,67
851,WS_SEND_START,1516239540759,67
851,WS_SEND_END,1516239540759,67
851,WS_RECV_START,1516239540759,68
851,WS_RECV_END,1516239541020,68
851,PLAYER_SLEEPBEFORE_START,1516239541020,69
851,PLAYER_SLEEPBEFORE_END,1516239563018,69
851,WS_SEND_START,1516239563018,69
851,WS_SEND_END,1516239563018,69
851,WS_RECV_START,1516239563018,70
851,WS_RECV_END,1516239563295,70
851,PLAYER_SLEEPBEFORE_START,1516239563295,71
851,PLAYER_SLEEPBEFORE_END,1516239588070,71
851,WS_SEND_START,1516239588070,71
851,WS_SEND_END,1516239588070,71
851,PLAYER_SLEEPBEFORE_START,1516239588070,72
851,PLAYER_SLEEPBEFORE_END,1516239590677,72
851,WS_SEND_START,1516239590677,72
851,WS_SEND_END,1516239590677,72
851,WS_RECV_START,1516239590677,73
851,WS_RECV_END,1516239591141,73
851,PLAYER_SLEEPBEFORE_START,1516239591141,74
851,PLAYER_SLEEPBEFORE_END,1516239591150,74
851,WS_SEND_START,1516239591150,74
851,WS_SEND_END,1516239591150,74
851,WS_RECV_START,1516239591150,75
851,WS_RECV_END,1516239591362,75
851,PLAYER_SLEEPBEFORE_START,1516239591362,76
851,PLAYER_SLEEPBEFORE_END,1516239592868,76
851,WS_SEND_START,1516239592868,76
851,WS_SEND_END,1516239592868,76
851,WS_RECV_START,1516239592868,77
851,WS_RECV_END,1516239593075,77
851,PLAYER_SLEEPBEFORE_START,1516239593075,78
851,PLAYER_SLEEPBEFORE_END,1516239593943,78
851,WS_SEND_START,1516239593943,78
851,WS_SEND_END,1516239593943,78
851,WS_RECV_START,1516239593943,79
851,WS_RECV_END,1516239594228,79
851,PLAYER_SLEEPBEFORE_START,1516239594228,80
851,PLAYER_SLEEPBEFORE_END,1516239601894,80
851,WS_SEND_START,1516239601894,80
851,WS_SEND_END,1516239601894,80
851,WS_RECV_START,1516239601894,81
851,WS_RECV_END,1516239602092,81
851,PLAYER_SLEEPBEFORE_START,1516239602092,82
851,PLAYER_SLEEPBEFORE_END,1516239603194,82
851,WS_SEND_START,1516239603195,82
851,WS_SEND_END,1516239603195,82
851,WS_RECV_START,1516239603195,83
851,WS_RECV_END,1516239603366,83
851,PLAYER_SLEEPBEFORE_START,1516239603366,84
851,PLAYER_SLEEPBEFORE_END,1516239604313,84
851,WS_SEND_START,1516239604314,84
851,WS_SEND_END,1516239604314,84
851,WS_RECV_START,1516239604314,85
851,WS_RECV_END,1516239604483,85
851,PLAYER_SLEEPBEFORE_START,1516239604483,86
851,PLAYER_SLEEPBEFORE_END,1516239608656,86
851,WS_SEND_START,1516239608656,86
851,WS_SEND_END,1516239608656,86
851,WS_RECV_START,1516239608656,87
851,WS_RECV_END,1516239608765,87
851,PLAYER_SLEEPBEFORE_START,1516239608765,88
851,PLAYER_SLEEPBEFORE_END,1516239608773,88
851,WS_SEND_START,1516239608773,88
851,WS_SEND_END,1516239608773,88
851,WS_RECV_START,1516239608773,89
851,WS_RECV_END,1516239608962,89
851,PLAYER_SLEEPBEFORE_START,1516239608962,90
851,PLAYER_SLEEPBEFORE_END,1516239636159,90
851,REQ_START,1516239636159,90
851,REQ_END,1516239636167,90
851,PLAYER_SLEEPBEFORE_START,1516239636167,91
851,PLAYER_SLEEPBEFORE_END,1516239644056,91
851,WS_SEND_START,1516239644056,91
851,WS_SEND_END,1516239644056,91
851,WS_RECV_START,1516239644056,92
851,WS_RECV_END,1516239644642,92
851,PLAYER_SLEEPBEFORE_START,1516239644642,93
851,PLAYER_SLEEPBEFORE_END,1516239644657,93
851,WS_SEND_START,1516239644657,93
851,WS_SEND_END,1516239644657,93
851,WS_RECV_START,1516239644657,94
851,WS_RECV_END,1516239644869,94
851,PLAYER_SLEEPBEFORE_START,1516239644869,95
851,PLAYER_SLEEPBEFORE_END,1516239668424,95
851,WS_SEND_START,1516239668424,95
851,WS_SEND_END,1516239668424,95
851,WS_RECV_START,1516239668424,96
851,WS_RECV_END,1516239668635,96
851,PLAYER_SLEEPBEFORE_START,1516239668635,97
851,PLAYER_SLEEPBEFORE_END,1516239691075,97
851,WS_SEND_START,1516239691075,97
851,WS_SEND_END,1516239691075,97
851,WS_RECV_START,1516239691075,98
851,WS_RECV_END,1516239691284,98
851,PLAYER_SLEEPBEFORE_START,1516239691284,99
851,PLAYER_SLEEPBEFORE_END,1516239691305,99
851,WS_SEND_START,1516239691305,99
851,WS_SEND_END,1516239691305,99
851,WS_RECV_START,1516239691305,100
851,WS_RECV_END,1516239691613,100
851,PLAYER_SLEEPBEFORE_START,1516239691613,101
851,PLAYER_SLEEPBEFORE_END,1516239715172,101
851,WS_SEND_START,1516239715172,101
851,WS_SEND_END,1516239715172,101
851,WS_RECV_START,1516239715172,102
851,WS_RECV_END,1516239715542,102
851,PLAYER_SLEEPBEFORE_START,1516239715542,103
851,PLAYER_SLEEPBEFORE_END,1516239739176,103
851,WS_SEND_START,1516239739176,103
851,WS_SEND_END,1516239739176,103
851,WS_RECV_START,1516239739176,104
851,WS_RECV_END,1516239739539,104
851,PLAYER_SLEEPBEFORE_START,1516239739539,105
851,PLAYER_SLEEPBEFORE_END,1516239764917,105
851,WS_SEND_START,1516239764917,105
851,WS_SEND_END,1516239764917,105
851,WS_RECV_START,1516239764917,106
851,WS_RECV_END,1516239765149,106
851,PLAYER_SLEEPBEFORE_START,1516239765149,107
851,PLAYER_SLEEPBEFORE_END,1516239788572,107
851,WS_SEND_START,1516239788572,107
851,WS_SEND_END,1516239788572,107
851,WS_RECV_START,1516239788572,108
851,WS_RECV_END,1516239788629,108
851,PLAYER_SLEEPBEFORE_START,1516239788629,109
851,PLAYER_SLEEPBEFORE_END,1516239788638,109
851,WS_SEND_START,1516239788639,109
851,WS_SEND_END,1516239788639,109
851,WS_RECV_START,1516239788639,110
851,WS_RECV_END,1516239788691,110
851,PLAYER_SLEEPBEFORE_START,1516239788691,111
851,PLAYER_SLEEPBEFORE_END,1516239789650,111
851,WS_SEND_START,1516239789650,111
851,WS_SEND_END,1516239789650,111
851,WS_RECV_START,1516239789650,112
851,WS_RECV_END,1516239789999,112
851,PLAYER_SLEEPBEFORE_START,1516239789999,113
851,PLAYER_SLEEPBEFORE_END,1516239790562,113
851,WS_SEND_START,1516239790562,113
851,WS_SEND_END,1516239790562,113
851,WS_RECV_START,1516239790562,114
851,WS_RECV_END,1516239790787,114
851,PLAYER_SLEEPBEFORE_START,1516239790787,115
851,PLAYER_SLEEPBEFORE_END,1516239790796,115
851,WS_SEND_START,1516239790796,115
851,WS_SEND_END,1516239790796,115
851,WS_RECV_START,1516239790796,116
851,WS_RECV_END,1516239791008,116
851,PLAYER_SLEEPBEFORE_START,1516239791008,117
851,PLAYER_SLEEPBEFORE_END,1516239811368,117
851,WS_SEND_START,1516239811368,117
851,WS_SEND_END,1516239811368,117
851,PLAYER_SLEEPBEFORE_START,1516239811368,118
851,PLAYER_SLEEPBEFORE_END,1516239815120,118
851,WS_SEND_START,1516239815120,118
851,WS_SEND_END,1516239815120,118
851,WS_RECV_START,1516239815120,119
851,WS_RECV_END,1516239816314,119
851,PLAYER_SLEEPBEFORE_START,1516239816314,120
851,PLAYER_SLEEPBEFORE_END,1516239817302,120
851,WS_SEND_START,1516239817302,120
851,WS_SEND_END,1516239817302,120
851,WS_RECV_START,1516239817302,121
851,WS_RECV_END,1516239817672,121
851,PLAYER_SLEEPBEFORE_START,1516239817672,122
851,PLAYER_SLEEPBEFORE_END,1516239818857,122
851,WS_SEND_START,1516239818857,122
851,WS_SEND_END,1516239818857,122
851,WS_RECV_START,1516239818857,123
851,WS_RECV_END,1516239819547,123
851,PLAYER_SLEEPBEFORE_START,1516239819547,124
851,PLAYER_SLEEPBEFORE_END,1516239843952,124
851,WS_SEND_START,1516239843952,124
851,WS_SEND_END,1516239843952,124
851,WS_RECV_START,1516239843952,125
851,WS_RECV_END,1516239844146,125
851,PLAYER_SLEEPBEFORE_START,1516239844146,126
851,PLAYER_SLEEPBEFORE_END,1516239864658,126
851,WS_SEND_START,1516239864658,126
851,WS_SEND_END,1516239864658,126
851,PLAYER_SLEEPBEFORE_START,1516239864658,127
851,PLAYER_SLEEPBEFORE_END,1516239867712,127
851,WS_SEND_START,1516239867712,127
851,WS_SEND_END,1516239867712,127
851,WS_RECV_START,1516239867712,128
851,WS_RECV_END,1516239867862,128
851,PLAYER_SLEEPBEFORE_START,1516239867862,129
851,PLAYER_SLEEPBEFORE_END,1516239867883,129
851,WS_SEND_START,1516239867883,129
851,WS_SEND_END,1516239867883,129
851,WS_RECV_START,1516239867883,130
851,WS_RECV_END,1516239868205,130
851,PLAYER_SLEEPBEFORE_START,1516239868205,131
851,PLAYER_SLEEPBEFORE_END,1516239889829,131
851,WS_SEND_START,1516239889829,131
851,WS_SEND_END,1516239889829,131
851,PLAYER_SLEEPBEFORE_START,1516239889829,132
851,PLAYER_SLEEPBEFORE_END,1516239892910,132
851,WS_SEND_START,1516239892910,132
851,WS_SEND_END,1516239892910,132
851,WS_RECV_START,1516239892910,133
851,WS_RECV_END,1516239893578,133
851,PLAYER_SLEEPBEFORE_START,1516239893578,134
851,PLAYER_SLEEPBEFORE_END,1516239914795,134
851,WS_SEND_START,1516239914795,134
851,WS_SEND_END,1516239914796,134
851,PLAYER_SLEEPBEFORE_START,1516239914796,135
851,PLAYER_SLEEPBEFORE_END,1516239917986,135
851,WS_SEND_START,1516239917986,135
851,WS_SEND_END,1516239917986,135
851,WS_RECV_START,1516239917986,136
851,WS_RECV_END,1516239918038,136
851,PLAYER_SLEEPBEFORE_START,1516239918038,137
851,PLAYER_SLEEPBEFORE_END,1516239918045,137
851,WS_SEND_START,1516239918045,137
851,WS_SEND_END,1516239918045,137
851,WS_RECV_START,1516239918045,138
851,WS_RECV_END,1516239918086,138
851,PLAYER_SLEEPBEFORE_START,1516239918086,139
851,PLAYER_SLEEPBEFORE_END,1516239918776,139
851,WS_SEND_START,1516239918776,139
851,WS_SEND_END,1516239918776,139
851,WS_RECV_START,1516239918776,140
851,WS_RECV_END,1516239918888,140
851,PLAYER_SLEEPBEFORE_START,1516239918888,141
851,PLAYER_SLEEPBEFORE_END,1516239919543,141
851,WS_SEND_START,1516239919543,141
851,WS_SEND_END,1516239919543,141
851,WS_RECV_START,1516239919543,142
851,WS_RECV_END,1516239919665,142
851,PLAYER_SLEEPBEFORE_START,1516239919665,143
851,PLAYER_SLEEPBEFORE_END,1516239919722,143
851,WS_SEND_START,1516239919722,143
851,WS_SEND_END,1516239919722,143
851,WS_RECV_START,1516239919722,144
851,WS_RECV_END,1516239919869,144
851,PLAYER_SLEEPBEFORE_START,1516239919870,145
851,PLAYER_SLEEPBEFORE_END,1516239935932,145
851,REQ_START,1516239935932,145
851,REQ_END,1516239935940,145
851,PLAYER_SLEEPBEFORE_START,1516239935940,146
851,PLAYER_SLEEPBEFORE_END,1516239944817,146
851,WS_SEND_START,1516239944817,146
851,WS_SEND_END,1516239944817,146
851,WS_RECV_START,1516239944817,147
851,WS_RECV_END,1516239945041,147
851,PLAYER_SLEEPBEFORE_START,1516239945041,148
851,PLAYER_SLEEPBEFORE_END,1516239966963,148
851,WS_SEND_START,1516239966963,148
851,WS_SEND_END,1516239966963,148
851,PLAYER_SLEEPBEFORE_START,1516239966963,149
851,PLAYER_SLEEPBEFORE_END,1516239969391,149
851,WS_SEND_START,1516239969391,149
851,WS_SEND_END,1516239969391,149
851,WS_RECV_START,1516239969391,150
851,WS_RECV_END,1516239970040,150
851,PLAYER_SLEEPBEFORE_START,1516239970040,151
851,PLAYER_SLEEPBEFORE_END,1516239970250,151
851,WS_SEND_START,1516239970250,151
851,WS_SEND_END,1516239970250,151
851,WS_RECV_START,1516239970250,152
851,WS_RECV_END,1516239970501,152
851,PLAYER_SLEEPBEFORE_START,1516239970501,153
851,PLAYER_SLEEPBEFORE_END,1516239994428,153
851,WS_SEND_START,1516239994429,153
851,WS_SEND_END,1516239994429,153
851,WS_RECV_START,1516239994429,154
851,WS_RECV_END,1516239995062,154
851,PLAYER_SLEEPBEFORE_START,1516239995062,155
851,PLAYER_SLEEPBEFORE_END,1516240017620,155
851,WS_SEND_START,1516240017620,155
851,WS_SEND_END,1516240017620,155
851,PLAYER_SLEEPBEFORE_START,1516240017620,156
851,PLAYER_SLEEPBEFORE_END,1516240020894,156
851,WS_SEND_START,1516240020894,156
851,WS_SEND_END,1516240020894,156
851,WS_RECV_START,1516240020894,157
851,WS_RECV_END,1516240022338,157
851,PLAYER_SLEEPBEFORE_START,1516240022338,158
851,PLAYER_SLEEPBEFORE_END,1516240022348,158
851,WS_SEND_START,1516240022348,158
851,WS_SEND_END,1516240022348,158
851,WS_RECV_START,1516240022348,159
851,WS_RECV_END,1516240024122,159
851,PLAYER_SLEEPBEFORE_START,1516240024122,160
851,PLAYER_SLEEPBEFORE_END,1516240024298,160
851,WS_SEND_START,1516240024298,160
851,WS_SEND_END,1516240024298,160
851,WS_RECV_START,1516240024298,161
851,WS_RECV_END,1516240026048,161
851,PLAYER_SLEEPBEFORE_START,1516240026048,162
851,PLAYER_SLEEPBEFORE_END,1516240026073,162
851,WS_SEND_START,1516240026073,162
851,WS_SEND_END,1516240026073,162
851,WS_RECV_START,1516240026073,163
851,WS_RECV_END,1516240027651,163
851,PLAYER_SLEEPBEFORE_START,1516240027651,164
851,PLAYER_SLEEPBEFORE_END,1516240048463,164
851,WS_SEND_START,1516240048463,164
851,WS_SEND_END,1516240048464,164
851,WS_RECV_START,1516240048464,165
851,WS_RECV_END,1516240051133,165
851,PLAYER_SLEEPBEFORE_START,1516240051133,166
851,PLAYER_SLEEPBEFORE_END,1516240073588,166
851,WS_SEND_START,1516240073588,166
851,WS_SEND_END,1516240073588,166
851,WS_RECV_START,1516240073588,167
851,WS_RECV_END,1516240074572,167
851,PLAYER_SLEEPBEFORE_START,1516240074572,168
851,PLAYER_SLEEPBEFORE_END,1516240101929,168
851,WS_SEND_START,1516240101929,168
851,WS_SEND_END,1516240101929,168
851,WS_RECV_START,1516240101929,169
851,WS_RECV_END,1516240102155,169
851,PLAYER_SLEEPBEFORE_START,1516240102155,170
851,PLAYER_SLEEPBEFORE_END,1516240102164,170
851,WS_SEND_START,1516240102164,170
851,WS_SEND_END,1516240102164,170
851,WS_RECV_START,1516240102164,171
851,WS_RECV_END,1516240102210,171
851,PLAYER_SLEEPBEFORE_START,1516240102210,172
851,PLAYER_SLEEPBEFORE_END,1516240102579,172
851,WS_SEND_START,1516240102579,172
851,WS_SEND_END,1516240102579,172
851,WS_RECV_START,1516240102579,173
851,WS_RECV_END,1516240103155,173
851,PLAYER_SLEEPBEFORE_START,1516240103155,174
851,PLAYER_SLEEPBEFORE_END,1516240103196,174
851,WS_SEND_START,1516240103196,174
851,WS_SEND_END,1516240103196,174
851,WS_RECV_START,1516240103196,175
851,WS_RECV_END,1516240103329,175
851,PLAYER_SLEEPBEFORE_START,1516240103329,176
851,PLAYER_SLEEPBEFORE_END,1516240125090,176
851,WS_SEND_START,1516240125090,176
851,WS_SEND_END,1516240125090,176
851,PLAYER_SLEEPBEFORE_START,1516240125090,177
851,PLAYER_SLEEPBEFORE_END,1516240127609,177
851,WS_SEND_START,1516240127609,177
851,WS_SEND_END,1516240127609,177
851,WS_RECV_START,1516240127609,178
851,WS_RECV_END,1516240127998,178
851,PLAYER_SLEEPBEFORE_START,1516240127998,179
851,PLAYER_SLEEPBEFORE_END,1516240150338,179
851,WS_SEND_START,1516240150338,179
851,WS_SEND_END,1516240150338,179
851,WS_RECV_START,1516240150338,180
851,WS_RECV_END,1516240150637,180
851,PLAYER_SLEEPBEFORE_START,1516240150637,181
851,PLAYER_SLEEPBEFORE_END,1516240151081,181
851,WS_SEND_START,1516240151081,181
851,WS_SEND_END,1516240151081,181
851,WS_RECV_START,1516240151081,182
851,WS_RECV_END,1516240151190,182
851,PLAYER_SLEEPBEFORE_START,1516240151190,183
851,PLAYER_SLEEPBEFORE_END,1516240151713,183
851,WS_SEND_START,1516240151713,183
851,WS_SEND_END,1516240151713,183
851,WS_RECV_START,1516240151713,184
851,WS_RECV_END,1516240151910,184
851,PLAYER_SLEEPBEFORE_START,1516240151910,185
851,PLAYER_SLEEPBEFORE_END,1516240152178,185
851,WS_SEND_START,1516240152178,185
851,WS_SEND_END,1516240152178,185
851,WS_RECV_START,1516240152178,186
851,WS_RECV_END,1516240152361,186
851,PLAYER_SLEEPBEFORE_START,1516240152361,187
851,PLAYER_SLEEPBEFORE_END,1516240174861,187
851,WS_SEND_START,1516240174861,187
851,WS_SEND_END,1516240174861,187
851,WS_RECV_START,1516240174861,188
851,WS_RECV_END,1516240174919,188
851,PLAYER_SLEEPBEFORE_START,1516240174919,189
851,PLAYER_SLEEPBEFORE_END,1516240181158,189
851,WS_SEND_START,1516240181158,189
851,WS_SEND_END,1516240181158,189
851,WS_RECV_START,1516240181158,190
851,WS_RECV_END,1516240181312,190
851,PLAYER_SLEEPBEFORE_START,1516240181312,191
851,PLAYER_SLEEPBEFORE_END,1516240183227,191
851,WS_SEND_START,1516240183227,191
851,WS_SEND_END,1516240183227,191
851,WS_RECV_START,1516240183227,192
851,WS_RECV_END,1516240183344,192
851,PLAYER_SLEEPBEFORE_START,1516240183344,193
851,PLAYER_SLEEPBEFORE_END,1516240183472,193
851,WS_SEND_START,1516240183472,193
851,WS_SEND_END,1516240183472,193
851,WS_RECV_START,1516240183472,194
851,WS_RECV_END,1516240183609,194
851,PLAYER_SLEEPBEFORE_START,1516240183609,195
851,PLAYER_SLEEPBEFORE_END,1516240185364,195
851,WS_SEND_START,1516240185364,195
851,WS_SEND_END,1516240185364,195
851,WS_RECV_START,1516240185364,196
851,WS_RECV_END,1516240185482,196
851,PLAYER_SLEEPBEFORE_START,1516240185482,197
851,PLAYER_SLEEPBEFORE_END,1516240187286,197
851,WS_SEND_START,1516240187286,197
851,WS_SEND_END,1516240187286,197
851,WS_RECV_START,1516240187286,198
851,WS_RECV_END,1516240187447,198
851,PLAYER_SLEEPBEFORE_START,1516240187447,199
851,PLAYER_SLEEPBEFORE_END,1516240199301,199
851,WS_SEND_START,1516240199301,199
851,WS_SEND_END,1516240199301,199
851,PLAYER_SLEEPBEFORE_START,1516240199301,200
851,PLAYER_SLEEPBEFORE_END,1516240203389,200
851,WS_SEND_START,1516240203389,200
851,WS_SEND_END,1516240203389,200
851,WS_RECV_START,1516240203389,201
851,WS_RECV_END,1516240203484,201
851,PLAYER_SLEEPBEFORE_START,1516240203484,202
851,PLAYER_SLEEPBEFORE_END,1516240203498,202
851,WS_SEND_START,1516240203498,202
851,WS_SEND_END,1516240203498,202
851,WS_RECV_START,1516240203498,203
851,WS_RECV_END,1516240203621,203
851,PLAYER_SLEEPBEFORE_START,1516240203621,204
851,PLAYER_SLEEPBEFORE_END,1516240223270,204
851,WS_SEND_START,1516240223270,204
851,WS_SEND_END,1516240223270,204
851,PLAYER_SLEEPBEFORE_START,1516240223270,205
851,PLAYER_SLEEPBEFORE_END,1516240227168,205
851,WS_SEND_START,1516240227168,205
851,WS_SEND_END,1516240227168,205
851,WS_RECV_START,1516240227168,206
851,WS_RECV_END,1516240227284,206
851,PLAYER_SLEEPBEFORE_START,1516240227284,207
851,PLAYER_SLEEPBEFORE_END,1516240244215,207
851,REQ_START,1516240244215,207
851,REQ_END,1516240244223,207
851,PLAYER_SLEEPBEFORE_START,1516240244223,208
851,PLAYER_SLEEPBEFORE_END,1516240251075,208
851,WS_CLOSE_START,1516240251075,208
851,WS_CLOSE_END,1516240251075,208
851,PLAYER_DONE,1516240251075
