# --sessions 1080 --app-url=http://shinyloadtest.rstudioservices.com/cran_explorer --output-dir test1080 --overwrite-output --log-level warn --start-interval 250 15min.log
thread_id,event,timestamp,input_line_number,comment
873,PLAYER_SESSION_CREATE,1516239120778
873,PLAYER_START_INTERVAL_START,1516239120778
873,PLAYER_START_INTERVAL_END,1516239339031
873,REQ_HOME_START,1516239339031,2
873,REQ_HOME_END,1516239339271,2
873,REQ_START,1516239339271,3
873,REQ_END,1516239339311,3
873,REQ_START,1516239339311,4
873,REQ_END,1516239339501,4
873,REQ_START,1516239339501,5
873,REQ_END,1516239339543,5
873,REQ_START,1516239339543,6
873,REQ_END,1516239339586,6
873,REQ_START,1516239339586,7
873,REQ_END,1516239339627,7
873,REQ_START,1516239339627,8
873,REQ_END,1516239339765,8
873,REQ_START,1516239339765,9
873,REQ_END,1516239339808,9
873,REQ_START,1516239339808,10
873,REQ_END,1516239339814,10
873,REQ_START,1516239339814,11
873,REQ_END,1516239340031,11
873,REQ_START,1516239340031,12
873,REQ_END,1516239340051,12
873,REQ_START,1516239340051,13
873,REQ_END,1516239340099,13
873,REQ_START,1516239340099,14
873,REQ_END,1516239340113,14
873,REQ_START,1516239340113,15
873,REQ_END,1516239340196,15
873,REQ_TOK_START,1516239340196,16
873,REQ_TOK_END,1516239340202,16
873,REQ_SINF_START,1516239340202,17
873,REQ_SINF_END,1516239340207,17
873,WS_OPEN_START,1516239340207,18
873,WS_OPEN_END,1516239340212,18
873,REQ_START,1516239340212,19
873,REQ_END,1516239340244,19
873,WS_RECV_START,1516239340244,20
873,WS_RECV_END,1516239340244,20
873,PLAYER_SLEEPBEFORE_START,1516239340244,21
873,PLAYER_SLEEPBEFORE_END,1516239340249,21
873,WS_SEND_START,1516239340249,21
873,WS_SEND_END,1516239340249,21
873,PLAYER_SLEEPBEFORE_START,1516239340249,22
873,PLAYER_SLEEPBEFORE_END,1516239340250,22
873,WS_SEND_START,1516239340250,22
873,WS_SEND_END,1516239340250,22
873,WS_RECV_INIT_START,1516239340250,23
873,WS_RECV_INIT_END,1516239340275,23
873,WS_RECV_START,1516239340275,24
873,WS_RECV_END,1516239340329,24
873,PLAYER_SLEEPBEFORE_START,1516239340329,25
873,PLAYER_SLEEPBEFORE_END,1516239340336,25
873,REQ_START,1516239340336,25
873,REQ_END,1516239340373,25
873,PLAYER_SLEEPBEFORE_START,1516239340373,26
873,PLAYER_SLEEPBEFORE_END,1516239340374,26
873,REQ_START,1516239340374,26
873,REQ_END,1516239340413,26
873,PLAYER_SLEEPBEFORE_START,1516239340413,27
873,PLAYER_SLEEPBEFORE_END,1516239340416,27
873,REQ_START,1516239340416,27
873,REQ_END,1516239340455,27
873,PLAYER_SLEEPBEFORE_START,1516239340455,28
873,PLAYER_SLEEPBEFORE_END,1516239340745,28
873,REQ_START,1516239340745,28
873,REQ_END,1516239340930,28
873,PLAYER_SLEEPBEFORE_START,1516239340930,29
873,PLAYER_SLEEPBEFORE_END,1516239341105,29
873,WS_SEND_START,1516239341105,29
873,WS_SEND_END,1516239341105,29
873,WS_RECV_START,1516239341105,30
873,WS_RECV_END,1516239341216,30
873,PLAYER_SLEEPBEFORE_START,1516239341216,31
873,PLAYER_SLEEPBEFORE_END,1516239341229,31
873,REQ_START,1516239341229,31
873,REQ_END,1516239341265,31
873,PLAYER_SLEEPBEFORE_START,1516239341265,32
873,PLAYER_SLEEPBEFORE_END,1516239369411,32
873,WS_SEND_START,1516239369411,32
873,WS_SEND_END,1516239369411,32
873,WS_RECV_START,1516239369411,33
873,WS_RECV_END,1516239369570,33
873,PLAYER_SLEEPBEFORE_START,1516239369570,34
873,PLAYER_SLEEPBEFORE_END,1516239395481,34
873,WS_SEND_START,1516239395481,34
873,WS_SEND_END,1516239395481,34
873,WS_RECV_START,1516239395481,35
873,WS_RECV_END,1516239395680,35
873,PLAYER_SLEEPBEFORE_START,1516239395680,36
873,PLAYER_SLEEPBEFORE_END,1516239395689,36
873,WS_SEND_START,1516239395689,36
873,WS_SEND_END,1516239395689,36
873,WS_RECV_START,1516239395689,37
873,WS_RECV_END,1516239395731,37
873,PLAYER_SLEEPBEFORE_START,1516239395731,38
873,PLAYER_SLEEPBEFORE_END,1516239398926,38
873,WS_SEND_START,1516239398926,38
873,WS_SEND_END,1516239398926,38
873,WS_RECV_START,1516239398926,39
873,WS_RECV_END,1516239399111,39
873,PLAYER_SLEEPBEFORE_START,1516239399111,40
873,PLAYER_SLEEPBEFORE_END,1516239399157,40
873,WS_SEND_START,1516239399157,40
873,WS_SEND_END,1516239399157,40
873,WS_RECV_START,1516239399157,41
873,WS_RECV_END,1516239399421,41
873,PLAYER_SLEEPBEFORE_START,1516239399421,42
873,PLAYER_SLEEPBEFORE_END,1516239417556,42
873,WS_SEND_START,1516239417556,42
873,WS_SEND_END,1516239417556,42
873,WS_RECV_START,1516239417556,43
873,WS_RECV_END,1516239417841,43
873,PLAYER_SLEEPBEFORE_START,1516239417841,44
873,PLAYER_SLEEPBEFORE_END,1516239417853,44
873,WS_SEND_START,1516239417853,44
873,WS_SEND_END,1516239417853,44
873,WS_RECV_START,1516239417853,45
873,WS_RECV_END,1516239417987,45
873,PLAYER_SLEEPBEFORE_START,1516239417987,46
873,PLAYER_SLEEPBEFORE_END,1516239419248,46
873,WS_SEND_START,1516239419248,46
873,WS_SEND_END,1516239419248,46
873,WS_RECV_START,1516239419248,47
873,WS_RECV_END,1516239419531,47
873,PLAYER_SLEEPBEFORE_START,1516239419531,48
873,PLAYER_SLEEPBEFORE_END,1516239420851,48
873,WS_SEND_START,1516239420851,48
873,WS_SEND_END,1516239420851,48
873,WS_RECV_START,1516239420851,49
873,WS_RECV_END,1516239421002,49
873,PLAYER_SLEEPBEFORE_START,1516239421002,50
873,PLAYER_SLEEPBEFORE_END,1516239421026,50
873,WS_SEND_START,1516239421026,50
873,WS_SEND_END,1516239421026,50
873,WS_RECV_START,1516239421026,51
873,WS_RECV_END,1516239421206,51
873,PLAYER_SLEEPBEFORE_START,1516239421206,52
873,PLAYER_SLEEPBEFORE_END,1516239443770,52
873,WS_SEND_START,1516239443770,52
873,WS_SEND_END,1516239443770,52
873,WS_RECV_START,1516239443770,53
873,WS_RECV_END,1516239444132,53
873,PLAYER_SLEEPBEFORE_START,1516239444132,54
873,PLAYER_SLEEPBEFORE_END,1516239465435,54
873,WS_SEND_START,1516239465435,54
873,WS_SEND_END,1516239465435,54
873,PLAYER_SLEEPBEFORE_START,1516239465435,55
873,PLAYER_SLEEPBEFORE_END,1516239467376,55
873,WS_SEND_START,1516239467376,55
873,WS_SEND_END,1516239467376,55
873,WS_RECV_START,1516239467376,56
873,WS_RECV_END,1516239467458,56
873,PLAYER_SLEEPBEFORE_START,1516239467458,57
873,PLAYER_SLEEPBEFORE_END,1516239490330,57
873,WS_SEND_START,1516239490330,57
873,WS_SEND_END,1516239490330,57
873,WS_RECV_START,1516239490330,58
873,WS_RECV_END,1516239490412,58
873,PLAYER_SLEEPBEFORE_START,1516239490412,59
873,PLAYER_SLEEPBEFORE_END,1516239492739,59
873,WS_SEND_START,1516239492739,59
873,WS_SEND_END,1516239492739,59
873,WS_RECV_START,1516239492739,60
873,WS_RECV_END,1516239492999,60
873,PLAYER_SLEEPBEFORE_START,1516239492999,61
873,PLAYER_SLEEPBEFORE_END,1516239496591,61
873,WS_SEND_START,1516239496591,61
873,WS_SEND_END,1516239496591,61
873,WS_RECV_START,1516239496591,62
873,WS_RECV_END,1516239496736,62
873,PLAYER_SLEEPBEFORE_START,1516239496736,63
873,PLAYER_SLEEPBEFORE_END,1516239515998,63
873,WS_SEND_START,1516239515998,63
873,WS_SEND_END,1516239515998,63
873,WS_RECV_START,1516239515998,64
873,WS_RECV_END,1516239516148,64
873,PLAYER_SLEEPBEFORE_START,1516239516148,65
873,PLAYER_SLEEPBEFORE_END,1516239542965,65
873,WS_SEND_START,1516239542965,65
873,WS_SEND_END,1516239542965,65
873,WS_RECV_START,1516239542965,66
873,WS_RECV_END,1516239543139,66
873,PLAYER_SLEEPBEFORE_START,1516239543139,67
873,PLAYER_SLEEPBEFORE_END,1516239544646,67
873,WS_SEND_START,1516239544646,67
873,WS_SEND_END,1516239544646,67
873,WS_RECV_START,1516239544646,68
873,WS_RECV_END,1516239544755,68
873,PLAYER_SLEEPBEFORE_START,1516239544755,69
873,PLAYER_SLEEPBEFORE_END,1516239566753,69
873,WS_SEND_START,1516239566753,69
873,WS_SEND_END,1516239566753,69
873,WS_RECV_START,1516239566753,70
873,WS_RECV_END,1516239566897,70
873,PLAYER_SLEEPBEFORE_START,1516239566897,71
873,PLAYER_SLEEPBEFORE_END,1516239591672,71
873,WS_SEND_START,1516239591672,71
873,WS_SEND_END,1516239591672,71
873,PLAYER_SLEEPBEFORE_START,1516239591672,72
873,PLAYER_SLEEPBEFORE_END,1516239594279,72
873,WS_SEND_START,1516239594279,72
873,WS_SEND_END,1516239594279,72
873,WS_RECV_START,1516239594279,73
873,WS_RECV_END,1516239594706,73
873,PLAYER_SLEEPBEFORE_START,1516239594706,74
873,PLAYER_SLEEPBEFORE_END,1516239594715,74
873,WS_SEND_START,1516239594715,74
873,WS_SEND_END,1516239594715,74
873,WS_RECV_START,1516239594715,75
873,WS_RECV_END,1516239595067,75
873,PLAYER_SLEEPBEFORE_START,1516239595067,76
873,PLAYER_SLEEPBEFORE_END,1516239596573,76
873,WS_SEND_START,1516239596573,76
873,WS_SEND_END,1516239596573,76
873,WS_RECV_START,1516239596573,77
873,WS_RECV_END,1516239596913,77
873,PLAYER_SLEEPBEFORE_START,1516239596913,78
873,PLAYER_SLEEPBEFORE_END,1516239597781,78
873,WS_SEND_START,1516239597781,78
873,WS_SEND_END,1516239597781,78
873,WS_RECV_START,1516239597782,79
873,WS_RECV_END,1516239597852,79
873,PLAYER_SLEEPBEFORE_START,1516239597852,80
873,PLAYER_SLEEPBEFORE_END,1516239605518,80
873,WS_SEND_START,1516239605518,80
873,WS_SEND_END,1516239605518,80
873,WS_RECV_START,1516239605518,81
873,WS_RECV_END,1516239605545,81
873,PLAYER_SLEEPBEFORE_START,1516239605545,82
873,PLAYER_SLEEPBEFORE_END,1516239606647,82
873,WS_SEND_START,1516239606647,82
873,WS_SEND_END,1516239606647,82
873,WS_RECV_START,1516239606647,83
873,WS_RECV_END,1516239606857,83
873,PLAYER_SLEEPBEFORE_START,1516239606857,84
873,PLAYER_SLEEPBEFORE_END,1516239607804,84
873,WS_SEND_START,1516239607804,84
873,WS_SEND_END,1516239607804,84
873,WS_RECV_START,1516239607804,85
873,WS_RECV_END,1516239607835,85
873,PLAYER_SLEEPBEFORE_START,1516239607835,86
873,PLAYER_SLEEPBEFORE_END,1516239612007,86
873,WS_SEND_START,1516239612007,86
873,WS_SEND_END,1516239612007,86
873,WS_RECV_START,1516239612007,87
873,WS_RECV_END,1516239612817,87
873,PLAYER_SLEEPBEFORE_START,1516239612817,88
873,PLAYER_SLEEPBEFORE_END,1516239612833,88
873,WS_SEND_START,1516239612833,88
873,WS_SEND_END,1516239612833,88
873,WS_RECV_START,1516239612833,89
873,WS_RECV_END,1516239613056,89
873,PLAYER_SLEEPBEFORE_START,1516239613057,90
873,PLAYER_SLEEPBEFORE_END,1516239640254,90
873,REQ_START,1516239640254,90
873,REQ_END,1516239640258,90
873,PLAYER_SLEEPBEFORE_START,1516239640258,91
873,PLAYER_SLEEPBEFORE_END,1516239648148,91
873,WS_SEND_START,1516239648148,91
873,WS_SEND_END,1516239648148,91
873,WS_RECV_START,1516239648148,92
873,WS_RECV_END,1516239649069,92
873,PLAYER_SLEEPBEFORE_START,1516239649069,93
873,PLAYER_SLEEPBEFORE_END,1516239649084,93
873,WS_SEND_START,1516239649084,93
873,WS_SEND_END,1516239649084,93
873,WS_RECV_START,1516239649084,94
873,WS_RECV_END,1516239649867,94
873,PLAYER_SLEEPBEFORE_START,1516239649867,95
873,PLAYER_SLEEPBEFORE_END,1516239673422,95
873,WS_SEND_START,1516239673422,95
873,WS_SEND_END,1516239673423,95
873,WS_RECV_START,1516239673423,96
873,WS_RECV_END,1516239673625,96
873,PLAYER_SLEEPBEFORE_START,1516239673625,97
873,PLAYER_SLEEPBEFORE_END,1516239696065,97
873,WS_SEND_START,1516239696065,97
873,WS_SEND_END,1516239696065,97
873,WS_RECV_START,1516239696065,98
873,WS_RECV_END,1516239696335,98
873,PLAYER_SLEEPBEFORE_START,1516239696335,99
873,PLAYER_SLEEPBEFORE_END,1516239696358,99
873,WS_SEND_START,1516239696358,99
873,WS_SEND_END,1516239696358,99
873,WS_RECV_START,1516239696358,100
873,WS_RECV_END,1516239696793,100
873,PLAYER_SLEEPBEFORE_START,1516239696793,101
873,PLAYER_SLEEPBEFORE_END,1516239720352,101
873,WS_SEND_START,1516239720352,101
873,WS_SEND_END,1516239720352,101
873,WS_RECV_START,1516239720352,102
873,WS_RECV_END,1516239720785,102
873,PLAYER_SLEEPBEFORE_START,1516239720785,103
873,PLAYER_SLEEPBEFORE_END,1516239744410,103
873,WS_SEND_START,1516239744410,103
873,WS_SEND_END,1516239744410,103
873,WS_RECV_START,1516239744410,104
873,WS_RECV_END,1516239744703,104
873,PLAYER_SLEEPBEFORE_START,1516239744703,105
873,PLAYER_SLEEPBEFORE_END,1516239770080,105
873,WS_SEND_START,1516239770080,105
873,WS_SEND_END,1516239770080,105
873,WS_RECV_START,1516239770080,106
873,WS_RECV_END,1516239770727,106
873,PLAYER_SLEEPBEFORE_START,1516239770727,107
873,PLAYER_SLEEPBEFORE_END,1516239794150,107
873,WS_SEND_START,1516239794151,107
873,WS_SEND_END,1516239794151,107
873,WS_RECV_START,1516239794151,108
873,WS_RECV_END,1516239794601,108
873,PLAYER_SLEEPBEFORE_START,1516239794601,109
873,PLAYER_SLEEPBEFORE_END,1516239794610,109
873,WS_SEND_START,1516239794610,109
873,WS_SEND_END,1516239794610,109
873,WS_RECV_START,1516239794610,110
873,WS_RECV_END,1516239795107,110
873,PLAYER_SLEEPBEFORE_START,1516239795107,111
873,PLAYER_SLEEPBEFORE_END,1516239796066,111
873,WS_SEND_START,1516239796066,111
873,WS_SEND_END,1516239796066,111
873,WS_RECV_START,1516239796066,112
873,WS_RECV_END,1516239796154,112
873,PLAYER_SLEEPBEFORE_START,1516239796154,113
873,PLAYER_SLEEPBEFORE_END,1516239796716,113
873,WS_SEND_START,1516239796716,113
873,WS_SEND_END,1516239796716,113
873,WS_RECV_START,1516239796717,114
873,WS_RECV_END,1516239796941,114
873,PLAYER_SLEEPBEFORE_START,1516239796941,115
873,PLAYER_SLEEPBEFORE_END,1516239796950,115
873,WS_SEND_START,1516239796950,115
873,WS_SEND_END,1516239796950,115
873,WS_RECV_START,1516239796950,116
873,WS_RECV_END,1516239797362,116
873,PLAYER_SLEEPBEFORE_START,1516239797362,117
873,PLAYER_SLEEPBEFORE_END,1516239817722,117
873,WS_SEND_START,1516239817722,117
873,WS_SEND_END,1516239817722,117
873,PLAYER_SLEEPBEFORE_START,1516239817722,118
873,PLAYER_SLEEPBEFORE_END,1516239821474,118
873,WS_SEND_START,1516239821474,118
873,WS_SEND_END,1516239821474,118
873,WS_RECV_START,1516239821474,119
873,WS_RECV_END,1516239821936,119
873,PLAYER_SLEEPBEFORE_START,1516239821936,120
873,PLAYER_SLEEPBEFORE_END,1516239822925,120
873,WS_SEND_START,1516239822925,120
873,WS_SEND_END,1516239822925,120
873,WS_RECV_START,1516239822925,121
873,WS_RECV_END,1516239823402,121
873,PLAYER_SLEEPBEFORE_START,1516239823402,122
873,PLAYER_SLEEPBEFORE_END,1516239824596,122
873,WS_SEND_START,1516239824596,122
873,WS_SEND_END,1516239824596,122
873,WS_RECV_START,1516239824596,123
873,WS_RECV_END,1516239825629,123
873,PLAYER_SLEEPBEFORE_START,1516239825629,124
873,PLAYER_SLEEPBEFORE_END,1516239850034,124
873,WS_SEND_START,1516239850034,124
873,WS_SEND_END,1516239850034,124
873,WS_RECV_START,1516239850034,125
873,WS_RECV_END,1516239850152,125
873,PLAYER_SLEEPBEFORE_START,1516239850152,126
873,PLAYER_SLEEPBEFORE_END,1516239870664,126
873,WS_SEND_START,1516239870664,126
873,WS_SEND_END,1516239870664,126
873,PLAYER_SLEEPBEFORE_START,1516239870664,127
873,PLAYER_SLEEPBEFORE_END,1516239873718,127
873,WS_SEND_START,1516239873718,127
873,WS_SEND_END,1516239873718,127
873,WS_RECV_START,1516239873718,128
873,WS_RECV_END,1516239874105,128
873,PLAYER_SLEEPBEFORE_START,1516239874105,129
873,PLAYER_SLEEPBEFORE_END,1516239874125,129
873,WS_SEND_START,1516239874125,129
873,WS_SEND_END,1516239874125,129
873,WS_RECV_START,1516239874125,130
873,WS_RECV_END,1516239874365,130
873,PLAYER_SLEEPBEFORE_START,1516239874365,131
873,PLAYER_SLEEPBEFORE_END,1516239895989,131
873,WS_SEND_START,1516239895989,131
873,WS_SEND_END,1516239895989,131
873,PLAYER_SLEEPBEFORE_START,1516239895989,132
873,PLAYER_SLEEPBEFORE_END,1516239899069,132
873,WS_SEND_START,1516239899069,132
873,WS_SEND_END,1516239899069,132
873,WS_RECV_START,1516239899069,133
873,WS_RECV_END,1516239899578,133
873,PLAYER_SLEEPBEFORE_START,1516239899578,134
873,PLAYER_SLEEPBEFORE_END,1516239920795,134
873,WS_SEND_START,1516239920795,134
873,WS_SEND_END,1516239920795,134
873,PLAYER_SLEEPBEFORE_START,1516239920795,135
873,PLAYER_SLEEPBEFORE_END,1516239923985,135
873,WS_SEND_START,1516239923985,135
873,WS_SEND_END,1516239923985,135
873,WS_RECV_START,1516239923985,136
873,WS_RECV_END,1516239924041,136
873,PLAYER_SLEEPBEFORE_START,1516239924041,137
873,PLAYER_SLEEPBEFORE_END,1516239924048,137
873,WS_SEND_START,1516239924048,137
873,WS_SEND_END,1516239924048,137
873,WS_RECV_START,1516239924048,138
873,WS_RECV_END,1516239924107,138
873,PLAYER_SLEEPBEFORE_START,1516239924107,139
873,PLAYER_SLEEPBEFORE_END,1516239924797,139
873,WS_SEND_START,1516239924797,139
873,WS_SEND_END,1516239924797,139
873,WS_RECV_START,1516239924797,140
873,WS_RECV_END,1516239924846,140
873,PLAYER_SLEEPBEFORE_START,1516239924846,141
873,PLAYER_SLEEPBEFORE_END,1516239925502,141
873,WS_SEND_START,1516239925502,141
873,WS_SEND_END,1516239925502,141
873,WS_RECV_START,1516239925502,142
873,WS_RECV_END,1516239925723,142
873,PLAYER_SLEEPBEFORE_START,1516239925723,143
873,PLAYER_SLEEPBEFORE_END,1516239925780,143
873,WS_SEND_START,1516239925780,143
873,WS_SEND_END,1516239925780,143
873,WS_RECV_START,1516239925780,144
873,WS_RECV_END,1516239926110,144
873,PLAYER_SLEEPBEFORE_START,1516239926110,145
873,PLAYER_SLEEPBEFORE_END,1516239942172,145
873,REQ_START,1516239942172,145
873,REQ_END,1516239942176,145
873,PLAYER_SLEEPBEFORE_START,1516239942176,146
873,PLAYER_SLEEPBEFORE_END,1516239951053,146
873,WS_SEND_START,1516239951053,146
873,WS_SEND_END,1516239951053,146
873,WS_RECV_START,1516239951053,147
873,WS_RECV_END,1516239951297,147
873,PLAYER_SLEEPBEFORE_START,1516239951297,148
873,PLAYER_SLEEPBEFORE_END,1516239973220,148
873,WS_SEND_START,1516239973220,148
873,WS_SEND_END,1516239973220,148
873,PLAYER_SLEEPBEFORE_START,1516239973220,149
873,PLAYER_SLEEPBEFORE_END,1516239975655,149
873,WS_SEND_START,1516239975655,149
873,WS_SEND_END,1516239975655,149
873,WS_RECV_START,1516239975655,150
873,WS_RECV_END,1516239976317,150
873,PLAYER_SLEEPBEFORE_START,1516239976317,151
873,PLAYER_SLEEPBEFORE_END,1516239976527,151
873,WS_SEND_START,1516239976527,151
873,WS_SEND_END,1516239976527,151
873,WS_RECV_START,1516239976527,152
873,WS_RECV_END,1516239978059,152
873,PLAYER_SLEEPBEFORE_START,1516239978059,153
873,PLAYER_SLEEPBEFORE_END,1516240001987,153
873,WS_SEND_START,1516240001987,153
873,WS_SEND_END,1516240001987,153
873,WS_RECV_START,1516240001987,154
873,WS_RECV_END,1516240005214,154
873,PLAYER_SLEEPBEFORE_START,1516240005214,155
873,PLAYER_SLEEPBEFORE_END,1516240027772,155
873,WS_SEND_START,1516240027772,155
873,WS_SEND_END,1516240027772,155
873,PLAYER_SLEEPBEFORE_START,1516240027772,156
873,PLAYER_SLEEPBEFORE_END,1516240031047,156
873,WS_SEND_START,1516240031047,156
873,WS_SEND_END,1516240031047,156
873,WS_RECV_START,1516240031047,157
873,WS_RECV_END,1516240031858,157
873,PLAYER_SLEEPBEFORE_START,1516240031858,158
873,PLAYER_SLEEPBEFORE_END,1516240031868,158
873,WS_SEND_START,1516240031868,158
873,WS_SEND_END,1516240031868,158
873,WS_RECV_START,1516240031868,159
873,WS_RECV_END,1516240033707,159
873,PLAYER_SLEEPBEFORE_START,1516240033707,160
873,PLAYER_SLEEPBEFORE_END,1516240033882,160
873,WS_SEND_START,1516240033882,160
873,WS_SEND_END,1516240033882,160
873,WS_RECV_START,1516240033882,161
873,WS_RECV_END,1516240035794,161
873,PLAYER_SLEEPBEFORE_START,1516240035794,162
873,PLAYER_SLEEPBEFORE_END,1516240035819,162
873,WS_SEND_START,1516240035819,162
873,WS_SEND_END,1516240035819,162
873,WS_RECV_START,1516240035819,163
873,WS_RECV_END,1516240037370,163
873,PLAYER_SLEEPBEFORE_START,1516240037370,164
873,PLAYER_SLEEPBEFORE_END,1516240058182,164
873,WS_SEND_START,1516240058182,164
873,WS_SEND_END,1516240058182,164
873,WS_RECV_START,1516240058182,165
873,WS_RECV_END,1516240059748,165
873,PLAYER_SLEEPBEFORE_START,1516240059748,166
873,PLAYER_SLEEPBEFORE_END,1516240082203,166
873,WS_SEND_START,1516240082203,166
873,WS_SEND_END,1516240082203,166
873,WS_RECV_START,1516240082203,167
873,WS_RECV_END,1516240082932,167
873,PLAYER_SLEEPBEFORE_START,1516240082933,168
873,PLAYER_SLEEPBEFORE_END,1516240110290,168
873,WS_SEND_START,1516240110290,168
873,WS_SEND_END,1516240110290,168
873,WS_RECV_START,1516240110290,169
873,WS_RECV_END,1516240110753,169
873,PLAYER_SLEEPBEFORE_START,1516240110753,170
873,PLAYER_SLEEPBEFORE_END,1516240110762,170
873,WS_SEND_START,1516240110762,170
873,WS_SEND_END,1516240110762,170
873,WS_RECV_START,1516240110762,171
873,WS_RECV_END,1516240110987,171
873,PLAYER_SLEEPBEFORE_START,1516240110987,172
873,PLAYER_SLEEPBEFORE_END,1516240111356,172
873,WS_SEND_START,1516240111356,172
873,WS_SEND_END,1516240111356,172
873,WS_RECV_START,1516240111356,173
873,WS_RECV_END,1516240111692,173
873,PLAYER_SLEEPBEFORE_START,1516240111692,174
873,PLAYER_SLEEPBEFORE_END,1516240111733,174
873,WS_SEND_START,1516240111733,174
873,WS_SEND_END,1516240111733,174
873,WS_RECV_START,1516240111733,175
873,WS_RECV_END,1516240112102,175
873,PLAYER_SLEEPBEFORE_START,1516240112102,176
873,PLAYER_SLEEPBEFORE_END,1516240133863,176
873,WS_SEND_START,1516240133863,176
873,WS_SEND_END,1516240133863,176
873,PLAYER_SLEEPBEFORE_START,1516240133863,177
873,PLAYER_SLEEPBEFORE_END,1516240136381,177
873,WS_SEND_START,1516240136382,177
873,WS_SEND_END,1516240136382,177
873,WS_RECV_START,1516240136382,178
873,WS_RECV_END,1516240136741,178
873,PLAYER_SLEEPBEFORE_START,1516240136741,179
873,PLAYER_SLEEPBEFORE_END,1516240159081,179
873,WS_SEND_START,1516240159081,179
873,WS_SEND_END,1516240159081,179
873,WS_RECV_START,1516240159081,180
873,WS_RECV_END,1516240159232,180
873,PLAYER_SLEEPBEFORE_START,1516240159232,181
873,PLAYER_SLEEPBEFORE_END,1516240159676,181
873,WS_SEND_START,1516240159676,181
873,WS_SEND_END,1516240159676,181
873,WS_RECV_START,1516240159676,182
873,WS_RECV_END,1516240159808,182
873,PLAYER_SLEEPBEFORE_START,1516240159808,183
873,PLAYER_SLEEPBEFORE_END,1516240160331,183
873,WS_SEND_START,1516240160331,183
873,WS_SEND_END,1516240160331,183
873,WS_RECV_START,1516240160331,184
873,WS_RECV_END,1516240160466,184
873,PLAYER_SLEEPBEFORE_START,1516240160466,185
873,PLAYER_SLEEPBEFORE_END,1516240160734,185
873,WS_SEND_START,1516240160734,185
873,WS_SEND_END,1516240160734,185
873,WS_RECV_START,1516240160734,186
873,WS_RECV_END,1516240160876,186
873,PLAYER_SLEEPBEFORE_START,1516240160876,187
873,PLAYER_SLEEPBEFORE_END,1516240183377,187
873,WS_SEND_START,1516240183377,187
873,WS_SEND_END,1516240183377,187
873,WS_RECV_START,1516240183377,188
873,WS_RECV_END,1516240183442,188
873,PLAYER_SLEEPBEFORE_START,1516240183442,189
873,PLAYER_SLEEPBEFORE_END,1516240189681,189
873,WS_SEND_START,1516240189681,189
873,WS_SEND_END,1516240189681,189
873,WS_RECV_START,1516240189681,190
873,WS_RECV_END,1516240189786,190
873,PLAYER_SLEEPBEFORE_START,1516240189786,191
873,PLAYER_SLEEPBEFORE_END,1516240191701,191
873,WS_SEND_START,1516240191701,191
873,WS_SEND_END,1516240191701,191
873,WS_RECV_START,1516240191701,192
873,WS_RECV_END,1516240191809,192
873,PLAYER_SLEEPBEFORE_START,1516240191809,193
873,PLAYER_SLEEPBEFORE_END,1516240191940,193
873,WS_SEND_START,1516240191940,193
873,WS_SEND_END,1516240191940,193
873,WS_RECV_START,1516240191940,194
873,WS_RECV_END,1516240192050,194
873,PLAYER_SLEEPBEFORE_START,1516240192050,195
873,PLAYER_SLEEPBEFORE_END,1516240193805,195
873,WS_SEND_START,1516240193805,195
873,WS_SEND_END,1516240193805,195
873,WS_RECV_START,1516240193805,196
873,WS_RECV_END,1516240193974,196
873,PLAYER_SLEEPBEFORE_START,1516240193974,197
873,PLAYER_SLEEPBEFORE_END,1516240195778,197
873,WS_SEND_START,1516240195778,197
873,WS_SEND_END,1516240195778,197
873,WS_RECV_START,1516240195778,198
873,WS_RECV_END,1516240195900,198
873,PLAYER_SLEEPBEFORE_START,1516240195900,199
873,PLAYER_SLEEPBEFORE_END,1516240207754,199
873,WS_SEND_START,1516240207754,199
873,WS_SEND_END,1516240207754,199
873,PLAYER_SLEEPBEFORE_START,1516240207754,200
873,PLAYER_SLEEPBEFORE_END,1516240211842,200
873,WS_SEND_START,1516240211842,200
873,WS_SEND_END,1516240211842,200
873,WS_RECV_START,1516240211842,201
873,WS_RECV_END,1516240211958,201
873,PLAYER_SLEEPBEFORE_START,1516240211958,202
873,PLAYER_SLEEPBEFORE_END,1516240211972,202
873,WS_SEND_START,1516240211972,202
873,WS_SEND_END,1516240211972,202
873,WS_RECV_START,1516240211972,203
873,WS_RECV_END,1516240212102,203
873,PLAYER_SLEEPBEFORE_START,1516240212102,204
873,PLAYER_SLEEPBEFORE_END,1516240231751,204
873,WS_SEND_START,1516240231751,204
873,WS_SEND_END,1516240231751,204
873,PLAYER_SLEEPBEFORE_START,1516240231751,205
873,PLAYER_SLEEPBEFORE_END,1516240235649,205
873,WS_SEND_START,1516240235649,205
873,WS_SEND_END,1516240235649,205
873,WS_RECV_START,1516240235649,206
873,WS_RECV_END,1516240235780,206
873,PLAYER_SLEEPBEFORE_START,1516240235780,207
873,PLAYER_SLEEPBEFORE_END,1516240252711,207
873,REQ_START,1516240252711,207
873,REQ_END,1516240252716,207
873,PLAYER_SLEEPBEFORE_START,1516240252716,208
873,PLAYER_SLEEPBEFORE_END,1516240259568,208
873,WS_CLOSE_START,1516240259568,208
873,WS_CLOSE_END,1516240259568,208
873,PLAYER_DONE,1516240259568
