# --sessions 1080 --app-url=http://shinyloadtest.rstudioservices.com/cran_explorer --output-dir test1080 --overwrite-output --log-level warn --start-interval 250 15min.log
thread_id,event,timestamp,input_line_number,comment
968,PLAYER_SESSION_CREATE,1516239120796
968,PLAYER_START_INTERVAL_START,1516239120796
968,PLAYER_START_INTERVAL_END,1516239362796
968,REQ_HOME_START,1516239362797,2
968,REQ_HOME_END,1516239363290,2
968,REQ_START,1516239363290,3
968,REQ_END,1516239363347,3
968,REQ_START,1516239363347,4
968,REQ_END,1516239363386,4
968,REQ_START,1516239363386,5
968,REQ_END,1516239363428,5
968,REQ_START,1516239363428,6
968,REQ_END,1516239363471,6
968,REQ_START,1516239363471,7
968,REQ_END,1516239363513,7
968,REQ_START,1516239363513,8
968,REQ_END,1516239363557,8
968,REQ_START,1516239363557,9
968,REQ_END,1516239363729,9
968,REQ_START,1516239363729,10
968,REQ_END,1516239363735,10
968,REQ_START,1516239363735,11
968,REQ_END,1516239363810,11
968,REQ_START,1516239363810,12
968,REQ_END,1516239363819,12
968,REQ_START,1516239363819,13
968,REQ_END,1516239363855,13
968,REQ_START,1516239363855,14
968,REQ_END,1516239363870,14
968,REQ_START,1516239363870,15
968,REQ_END,1516239363936,15
968,REQ_TOK_START,1516239363936,16
968,REQ_TOK_END,1516239363943,16
968,REQ_SINF_START,1516239363943,17
968,REQ_SINF_END,1516239363949,17
968,WS_OPEN_START,1516239363949,18
968,WS_OPEN_END,1516239363954,18
968,REQ_START,1516239363954,19
968,REQ_END,1516239363989,19
968,WS_RECV_START,1516239363989,20
968,WS_RECV_END,1516239363989,20
968,PLAYER_SLEEPBEFORE_START,1516239363989,21
968,PLAYER_SLEEPBEFORE_END,1516239363994,21
968,WS_SEND_START,1516239363994,21
968,WS_SEND_END,1516239363994,21
968,PLAYER_SLEEPBEFORE_START,1516239363994,22
968,PLAYER_SLEEPBEFORE_END,1516239363995,22
968,WS_SEND_START,1516239363995,22
968,WS_SEND_END,1516239363996,22
968,WS_RECV_INIT_START,1516239363996,23
968,WS_RECV_INIT_END,1516239364018,23
968,WS_RECV_START,1516239364018,24
968,WS_RECV_END,1516239364119,24
968,PLAYER_SLEEPBEFORE_START,1516239364119,25
968,PLAYER_SLEEPBEFORE_END,1516239364126,25
968,REQ_START,1516239364126,25
968,REQ_END,1516239364255,25
968,PLAYER_SLEEPBEFORE_START,1516239364255,26
968,PLAYER_SLEEPBEFORE_END,1516239364256,26
968,REQ_START,1516239364256,26
968,REQ_END,1516239364293,26
968,PLAYER_SLEEPBEFORE_START,1516239364293,27
968,PLAYER_SLEEPBEFORE_END,1516239364296,27
968,REQ_START,1516239364296,27
968,REQ_END,1516239364338,27
968,PLAYER_SLEEPBEFORE_START,1516239364338,28
968,PLAYER_SLEEPBEFORE_END,1516239364624,28
968,REQ_START,1516239364624,28
968,REQ_END,1516239364667,28
968,PLAYER_SLEEPBEFORE_START,1516239364667,29
968,PLAYER_SLEEPBEFORE_END,1516239364842,29
968,WS_SEND_START,1516239364842,29
968,WS_SEND_END,1516239364842,29
968,WS_RECV_START,1516239364842,30
968,WS_RECV_END,1516239365022,30
968,PLAYER_SLEEPBEFORE_START,1516239365022,31
968,PLAYER_SLEEPBEFORE_END,1516239365034,31
968,REQ_START,1516239365034,31
968,REQ_END,1516239365075,31
968,PLAYER_SLEEPBEFORE_START,1516239365075,32
968,PLAYER_SLEEPBEFORE_END,1516239393220,32
968,WS_SEND_START,1516239393220,32
968,WS_SEND_END,1516239393220,32
968,WS_RECV_START,1516239393220,33
968,WS_RECV_END,1516239393348,33
968,PLAYER_SLEEPBEFORE_START,1516239393348,34
968,PLAYER_SLEEPBEFORE_END,1516239419259,34
968,WS_SEND_START,1516239419259,34
968,WS_SEND_END,1516239419259,34
968,WS_RECV_START,1516239419259,35
968,WS_RECV_END,1516239419350,35
968,PLAYER_SLEEPBEFORE_START,1516239419350,36
968,PLAYER_SLEEPBEFORE_END,1516239419362,36
968,WS_SEND_START,1516239419362,36
968,WS_SEND_END,1516239419362,36
968,WS_RECV_START,1516239419362,37
968,WS_RECV_END,1516239419403,37
968,PLAYER_SLEEPBEFORE_START,1516239419403,38
968,PLAYER_SLEEPBEFORE_END,1516239422598,38
968,WS_SEND_START,1516239422598,38
968,WS_SEND_END,1516239422598,38
968,WS_RECV_START,1516239422598,39
968,WS_RECV_END,1516239422797,39
968,PLAYER_SLEEPBEFORE_START,1516239422797,40
968,PLAYER_SLEEPBEFORE_END,1516239422843,40
968,WS_SEND_START,1516239422843,40
968,WS_SEND_END,1516239422843,40
968,WS_RECV_START,1516239422843,41
968,WS_RECV_END,1516239423098,41
968,PLAYER_SLEEPBEFORE_START,1516239423098,42
968,PLAYER_SLEEPBEFORE_END,1516239441234,42
968,WS_SEND_START,1516239441234,42
968,WS_SEND_END,1516239441234,42
968,WS_RECV_START,1516239441234,43
968,WS_RECV_END,1516239442315,43
968,PLAYER_SLEEPBEFORE_START,1516239442315,44
968,PLAYER_SLEEPBEFORE_END,1516239442328,44
968,WS_SEND_START,1516239442328,44
968,WS_SEND_END,1516239442328,44
968,WS_RECV_START,1516239442328,45
968,WS_RECV_END,1516239442839,45
968,PLAYER_SLEEPBEFORE_START,1516239442839,46
968,PLAYER_SLEEPBEFORE_END,1516239444099,46
968,WS_SEND_START,1516239444099,46
968,WS_SEND_END,1516239444099,46
968,WS_RECV_START,1516239444099,47
968,WS_RECV_END,1516239444161,47
968,PLAYER_SLEEPBEFORE_START,1516239444162,48
968,PLAYER_SLEEPBEFORE_END,1516239445482,48
968,WS_SEND_START,1516239445482,48
968,WS_SEND_END,1516239445482,48
968,WS_RECV_START,1516239445482,49
968,WS_RECV_END,1516239445681,49
968,PLAYER_SLEEPBEFORE_START,1516239445681,50
968,PLAYER_SLEEPBEFORE_END,1516239445705,50
968,WS_SEND_START,1516239445705,50
968,WS_SEND_END,1516239445705,50
968,WS_RECV_START,1516239445705,51
968,WS_RECV_END,1516239445882,51
968,PLAYER_SLEEPBEFORE_START,1516239445882,52
968,PLAYER_SLEEPBEFORE_END,1516239468446,52
968,WS_SEND_START,1516239468446,52
968,WS_SEND_END,1516239468446,52
968,WS_RECV_START,1516239468446,53
968,WS_RECV_END,1516239468610,53
968,PLAYER_SLEEPBEFORE_START,1516239468610,54
968,PLAYER_SLEEPBEFORE_END,1516239489913,54
968,WS_SEND_START,1516239489913,54
968,WS_SEND_END,1516239489913,54
968,PLAYER_SLEEPBEFORE_START,1516239489913,55
968,PLAYER_SLEEPBEFORE_END,1516239491854,55
968,WS_SEND_START,1516239491855,55
968,WS_SEND_END,1516239491855,55
968,WS_RECV_START,1516239491855,56
968,WS_RECV_END,1516239491935,56
968,PLAYER_SLEEPBEFORE_START,1516239491935,57
968,PLAYER_SLEEPBEFORE_END,1516239514808,57
968,WS_SEND_START,1516239514808,57
968,WS_SEND_END,1516239514808,57
968,WS_RECV_START,1516239514808,58
968,WS_RECV_END,1516239514908,58
968,PLAYER_SLEEPBEFORE_START,1516239514908,59
968,PLAYER_SLEEPBEFORE_END,1516239517235,59
968,WS_SEND_START,1516239517235,59
968,WS_SEND_END,1516239517235,59
968,WS_RECV_START,1516239517235,60
968,WS_RECV_END,1516239517744,60
968,PLAYER_SLEEPBEFORE_START,1516239517744,61
968,PLAYER_SLEEPBEFORE_END,1516239521336,61
968,WS_SEND_START,1516239521336,61
968,WS_SEND_END,1516239521336,61
968,WS_RECV_START,1516239521336,62
968,WS_RECV_END,1516239521891,62
968,PLAYER_SLEEPBEFORE_START,1516239521891,63
968,PLAYER_SLEEPBEFORE_END,1516239541154,63
968,WS_SEND_START,1516239541154,63
968,WS_SEND_END,1516239541154,63
968,WS_RECV_START,1516239541154,64
968,WS_RECV_END,1516239541449,64
968,PLAYER_SLEEPBEFORE_START,1516239541449,65
968,PLAYER_SLEEPBEFORE_END,1516239568266,65
968,WS_SEND_START,1516239568266,65
968,WS_SEND_END,1516239568267,65
968,WS_RECV_START,1516239568267,66
968,WS_RECV_END,1516239568425,66
968,PLAYER_SLEEPBEFORE_START,1516239568425,67
968,PLAYER_SLEEPBEFORE_END,1516239569932,67
968,WS_SEND_START,1516239569932,67
968,WS_SEND_END,1516239569932,67
968,WS_RECV_START,1516239569932,68
968,WS_RECV_END,1516239570355,68
968,PLAYER_SLEEPBEFORE_START,1516239570355,69
968,PLAYER_SLEEPBEFORE_END,1516239592353,69
968,WS_SEND_START,1516239592353,69
968,WS_SEND_END,1516239592354,69
968,WS_RECV_START,1516239592354,70
968,WS_RECV_END,1516239592491,70
968,PLAYER_SLEEPBEFORE_START,1516239592491,71
968,PLAYER_SLEEPBEFORE_END,1516239617266,71
968,WS_SEND_START,1516239617266,71
968,WS_SEND_END,1516239617266,71
968,PLAYER_SLEEPBEFORE_START,1516239617266,72
968,PLAYER_SLEEPBEFORE_END,1516239619873,72
968,WS_SEND_START,1516239619873,72
968,WS_SEND_END,1516239619873,72
968,WS_RECV_START,1516239619873,73
968,WS_RECV_END,1516239620513,73
968,PLAYER_SLEEPBEFORE_START,1516239620513,74
968,PLAYER_SLEEPBEFORE_END,1516239620522,74
968,WS_SEND_START,1516239620522,74
968,WS_SEND_END,1516239620522,74
968,WS_RECV_START,1516239620522,75
968,WS_RECV_END,1516239620823,75
968,PLAYER_SLEEPBEFORE_START,1516239620823,76
968,PLAYER_SLEEPBEFORE_END,1516239622329,76
968,WS_SEND_START,1516239622329,76
968,WS_SEND_END,1516239622329,76
968,WS_RECV_START,1516239622329,77
968,WS_RECV_END,1516239623268,77
968,PLAYER_SLEEPBEFORE_START,1516239623268,78
968,PLAYER_SLEEPBEFORE_END,1516239624136,78
968,WS_SEND_START,1516239624136,78
968,WS_SEND_END,1516239624136,78
968,WS_RECV_START,1516239624136,79
968,WS_RECV_END,1516239624967,79
968,PLAYER_SLEEPBEFORE_START,1516239624967,80
968,PLAYER_SLEEPBEFORE_END,1516239632638,80
968,WS_SEND_START,1516239632638,80
968,WS_SEND_END,1516239632638,80
968,WS_RECV_START,1516239632638,81
968,WS_RECV_END,1516239632670,81
968,PLAYER_SLEEPBEFORE_START,1516239632670,82
968,PLAYER_SLEEPBEFORE_END,1516239633773,82
968,WS_SEND_START,1516239633773,82
968,WS_SEND_END,1516239633773,82
968,WS_RECV_START,1516239633773,83
968,WS_RECV_END,1516239633910,83
968,PLAYER_SLEEPBEFORE_START,1516239633910,84
968,PLAYER_SLEEPBEFORE_END,1516239634857,84
968,WS_SEND_START,1516239634857,84
968,WS_SEND_END,1516239634857,84
968,WS_RECV_START,1516239634857,85
968,WS_RECV_END,1516239634890,85
968,PLAYER_SLEEPBEFORE_START,1516239634890,86
968,PLAYER_SLEEPBEFORE_END,1516239639062,86
968,WS_SEND_START,1516239639062,86
968,WS_SEND_END,1516239639062,86
968,WS_RECV_START,1516239639062,87
968,WS_RECV_END,1516239639207,87
968,PLAYER_SLEEPBEFORE_START,1516239639207,88
968,PLAYER_SLEEPBEFORE_END,1516239639215,88
968,WS_SEND_START,1516239639215,88
968,WS_SEND_END,1516239639215,88
968,WS_RECV_START,1516239639215,89
968,WS_RECV_END,1516239639423,89
968,PLAYER_SLEEPBEFORE_START,1516239639423,90
968,PLAYER_SLEEPBEFORE_END,1516239666620,90
968,REQ_START,1516239666620,90
968,REQ_END,1516239666625,90
968,PLAYER_SLEEPBEFORE_START,1516239666625,91
968,PLAYER_SLEEPBEFORE_END,1516239674514,91
968,WS_SEND_START,1516239674514,91
968,WS_SEND_END,1516239674514,91
968,WS_RECV_START,1516239674514,92
968,WS_RECV_END,1516239675441,92
968,PLAYER_SLEEPBEFORE_START,1516239675441,93
968,PLAYER_SLEEPBEFORE_END,1516239675456,93
968,WS_SEND_START,1516239675456,93
968,WS_SEND_END,1516239675456,93
968,WS_RECV_START,1516239675456,94
968,WS_RECV_END,1516239676512,94
968,PLAYER_SLEEPBEFORE_START,1516239676512,95
968,PLAYER_SLEEPBEFORE_END,1516239700067,95
968,WS_SEND_START,1516239700067,95
968,WS_SEND_END,1516239700067,95
968,WS_RECV_START,1516239700067,96
968,WS_RECV_END,1516239701392,96
968,PLAYER_SLEEPBEFORE_START,1516239701392,97
968,PLAYER_SLEEPBEFORE_END,1516239723833,97
968,WS_SEND_START,1516239723833,97
968,WS_SEND_END,1516239723833,97
968,WS_RECV_START,1516239723833,98
968,WS_RECV_END,1516239724255,98
968,PLAYER_SLEEPBEFORE_START,1516239724255,99
968,PLAYER_SLEEPBEFORE_END,1516239724276,99
968,WS_SEND_START,1516239724276,99
968,WS_SEND_END,1516239724276,99
968,WS_RECV_START,1516239724276,100
968,WS_RECV_END,1516239724879,100
968,PLAYER_SLEEPBEFORE_START,1516239724879,101
968,PLAYER_SLEEPBEFORE_END,1516239748438,101
968,WS_SEND_START,1516239748438,101
968,WS_SEND_END,1516239748438,101
968,WS_RECV_START,1516239748438,102
968,WS_RECV_END,1516239749479,102
968,PLAYER_SLEEPBEFORE_START,1516239749479,103
968,PLAYER_SLEEPBEFORE_END,1516239773104,103
968,WS_SEND_START,1516239773104,103
968,WS_SEND_END,1516239773104,103
968,WS_RECV_START,1516239773104,104
968,WS_RECV_END,1516239773328,104
968,PLAYER_SLEEPBEFORE_START,1516239773328,105
968,PLAYER_SLEEPBEFORE_END,1516239798705,105
968,WS_SEND_START,1516239798705,105
968,WS_SEND_END,1516239798705,105
968,WS_RECV_START,1516239798705,106
968,WS_RECV_END,1516239798899,106
968,PLAYER_SLEEPBEFORE_START,1516239798899,107
968,PLAYER_SLEEPBEFORE_END,1516239822322,107
968,WS_SEND_START,1516239822322,107
968,WS_SEND_END,1516239822322,107
968,WS_RECV_START,1516239822322,108
968,WS_RECV_END,1516239823385,108
968,PLAYER_SLEEPBEFORE_START,1516239823385,109
968,PLAYER_SLEEPBEFORE_END,1516239823394,109
968,WS_SEND_START,1516239823394,109
968,WS_SEND_END,1516239823394,109
968,WS_RECV_START,1516239823394,110
968,WS_RECV_END,1516239823473,110
968,PLAYER_SLEEPBEFORE_START,1516239823473,111
968,PLAYER_SLEEPBEFORE_END,1516239824432,111
968,WS_SEND_START,1516239824432,111
968,WS_SEND_END,1516239824432,111
968,WS_RECV_START,1516239824432,112
968,WS_RECV_END,1516239825257,112
968,PLAYER_SLEEPBEFORE_START,1516239825257,113
968,PLAYER_SLEEPBEFORE_END,1516239825819,113
968,WS_SEND_START,1516239825819,113
968,WS_SEND_END,1516239825819,113
968,WS_RECV_START,1516239825819,114
968,WS_RECV_END,1516239826179,114
968,PLAYER_SLEEPBEFORE_START,1516239826179,115
968,PLAYER_SLEEPBEFORE_END,1516239826188,115
968,WS_SEND_START,1516239826188,115
968,WS_SEND_END,1516239826189,115
968,WS_RECV_START,1516239826189,116
968,WS_RECV_END,1516239826469,116
968,PLAYER_SLEEPBEFORE_START,1516239826469,117
968,PLAYER_SLEEPBEFORE_END,1516239846829,117
968,WS_SEND_START,1516239846829,117
968,WS_SEND_END,1516239846829,117
968,PLAYER_SLEEPBEFORE_START,1516239846829,118
968,PLAYER_SLEEPBEFORE_END,1516239850581,118
968,WS_SEND_START,1516239850581,118
968,WS_SEND_END,1516239850581,118
968,WS_RECV_START,1516239850581,119
968,WS_RECV_END,1516239850915,119
968,PLAYER_SLEEPBEFORE_START,1516239850915,120
968,PLAYER_SLEEPBEFORE_END,1516239851904,120
968,WS_SEND_START,1516239851904,120
968,WS_SEND_END,1516239851904,120
968,WS_RECV_START,1516239851904,121
968,WS_RECV_END,1516239852086,121
968,PLAYER_SLEEPBEFORE_START,1516239852086,122
968,PLAYER_SLEEPBEFORE_END,1516239853271,122
968,WS_SEND_START,1516239853271,122
968,WS_SEND_END,1516239853271,122
968,WS_RECV_START,1516239853271,123
968,WS_RECV_END,1516239853800,123
968,PLAYER_SLEEPBEFORE_START,1516239853800,124
968,PLAYER_SLEEPBEFORE_END,1516239878205,124
968,WS_SEND_START,1516239878205,124
968,WS_SEND_END,1516239878205,124
968,WS_RECV_START,1516239878205,125
968,WS_RECV_END,1516239878378,125
968,PLAYER_SLEEPBEFORE_START,1516239878378,126
968,PLAYER_SLEEPBEFORE_END,1516239898890,126
968,WS_SEND_START,1516239898890,126
968,WS_SEND_END,1516239898890,126
968,PLAYER_SLEEPBEFORE_START,1516239898890,127
968,PLAYER_SLEEPBEFORE_END,1516239901944,127
968,WS_SEND_START,1516239901944,127
968,WS_SEND_END,1516239901944,127
968,WS_RECV_START,1516239901944,128
968,WS_RECV_END,1516239902375,128
968,PLAYER_SLEEPBEFORE_START,1516239902375,129
968,PLAYER_SLEEPBEFORE_END,1516239902395,129
968,WS_SEND_START,1516239902395,129
968,WS_SEND_END,1516239902395,129
968,WS_RECV_START,1516239902395,130
968,WS_RECV_END,1516239902605,130
968,PLAYER_SLEEPBEFORE_START,1516239902605,131
968,PLAYER_SLEEPBEFORE_END,1516239924229,131
968,WS_SEND_START,1516239924229,131
968,WS_SEND_END,1516239924229,131
968,PLAYER_SLEEPBEFORE_START,1516239924229,132
968,PLAYER_SLEEPBEFORE_END,1516239927309,132
968,WS_SEND_START,1516239927309,132
968,WS_SEND_END,1516239927309,132
968,WS_RECV_START,1516239927309,133
968,WS_RECV_END,1516239927467,133
968,PLAYER_SLEEPBEFORE_START,1516239927467,134
968,PLAYER_SLEEPBEFORE_END,1516239948684,134
968,WS_SEND_START,1516239948684,134
968,WS_SEND_END,1516239948684,134
968,PLAYER_SLEEPBEFORE_START,1516239948684,135
968,PLAYER_SLEEPBEFORE_END,1516239951874,135
968,WS_SEND_START,1516239951874,135
968,WS_SEND_END,1516239951874,135
968,WS_RECV_START,1516239951874,136
968,WS_RECV_END,1516239952497,136
968,PLAYER_SLEEPBEFORE_START,1516239952497,137
968,PLAYER_SLEEPBEFORE_END,1516239952504,137
968,WS_SEND_START,1516239952504,137
968,WS_SEND_END,1516239952504,137
968,WS_RECV_START,1516239952504,138
968,WS_RECV_END,1516239952979,138
968,PLAYER_SLEEPBEFORE_START,1516239952979,139
968,PLAYER_SLEEPBEFORE_END,1516239953669,139
968,WS_SEND_START,1516239953669,139
968,WS_SEND_END,1516239953669,139
968,WS_RECV_START,1516239953669,140
968,WS_RECV_END,1516239953749,140
968,PLAYER_SLEEPBEFORE_START,1516239953749,141
968,PLAYER_SLEEPBEFORE_END,1516239954404,141
968,WS_SEND_START,1516239954404,141
968,WS_SEND_END,1516239954404,141
968,WS_RECV_START,1516239954404,142
968,WS_RECV_END,1516239954654,142
968,PLAYER_SLEEPBEFORE_START,1516239954654,143
968,PLAYER_SLEEPBEFORE_END,1516239954712,143
968,WS_SEND_START,1516239954712,143
968,WS_SEND_END,1516239954712,143
968,WS_RECV_START,1516239954712,144
968,WS_RECV_END,1516239955065,144
968,PLAYER_SLEEPBEFORE_START,1516239955066,145
968,PLAYER_SLEEPBEFORE_END,1516239971128,145
968,REQ_START,1516239971128,145
968,REQ_END,1516239971133,145
968,PLAYER_SLEEPBEFORE_START,1516239971133,146
968,PLAYER_SLEEPBEFORE_END,1516239980010,146
968,WS_SEND_START,1516239980010,146
968,WS_SEND_END,1516239980010,146
968,WS_RECV_START,1516239980010,147
968,WS_RECV_END,1516239981091,147
968,PLAYER_SLEEPBEFORE_START,1516239981091,148
968,PLAYER_SLEEPBEFORE_END,1516240003013,148
968,WS_SEND_START,1516240003013,148
968,WS_SEND_END,1516240003013,148
968,PLAYER_SLEEPBEFORE_START,1516240003013,149
968,PLAYER_SLEEPBEFORE_END,1516240005441,149
968,WS_SEND_START,1516240005441,149
968,WS_SEND_END,1516240005441,149
968,WS_RECV_START,1516240005441,150
968,WS_RECV_END,1516240005971,150
968,PLAYER_SLEEPBEFORE_START,1516240005971,151
968,PLAYER_SLEEPBEFORE_END,1516240006181,151
968,WS_SEND_START,1516240006181,151
968,WS_SEND_END,1516240006181,151
968,WS_RECV_START,1516240006181,152
968,WS_RECV_END,1516240007512,152
968,PLAYER_SLEEPBEFORE_START,1516240007512,153
968,PLAYER_SLEEPBEFORE_END,1516240031439,153
968,WS_SEND_START,1516240031439,153
968,WS_SEND_END,1516240031439,153
968,WS_RECV_START,1516240031439,154
968,WS_RECV_END,1516240035116,154
968,PLAYER_SLEEPBEFORE_START,1516240035116,155
968,PLAYER_SLEEPBEFORE_END,1516240057674,155
968,WS_SEND_START,1516240057674,155
968,WS_SEND_END,1516240057674,155
968,PLAYER_SLEEPBEFORE_START,1516240057674,156
968,PLAYER_SLEEPBEFORE_END,1516240060948,156
968,WS_SEND_START,1516240060948,156
968,WS_SEND_END,1516240060948,156
968,WS_RECV_START,1516240060948,157
968,WS_RECV_END,1516240062416,157
968,PLAYER_SLEEPBEFORE_START,1516240062416,158
968,PLAYER_SLEEPBEFORE_END,1516240062426,158
968,WS_SEND_START,1516240062426,158
968,WS_SEND_END,1516240062426,158
968,WS_RECV_START,1516240062426,159
968,WS_RECV_END,1516240063611,159
968,PLAYER_SLEEPBEFORE_START,1516240063611,160
968,PLAYER_SLEEPBEFORE_END,1516240063786,160
968,WS_SEND_START,1516240063786,160
968,WS_SEND_END,1516240063786,160
968,WS_RECV_START,1516240063786,161
968,WS_RECV_END,1516240065074,161
968,PLAYER_SLEEPBEFORE_START,1516240065074,162
968,PLAYER_SLEEPBEFORE_END,1516240065099,162
968,WS_SEND_START,1516240065099,162
968,WS_SEND_END,1516240065099,162
968,WS_RECV_START,1516240065099,163
968,WS_RECV_END,1516240066651,163
968,PLAYER_SLEEPBEFORE_START,1516240066651,164
968,PLAYER_SLEEPBEFORE_END,1516240087464,164
968,WS_SEND_START,1516240087464,164
968,WS_SEND_END,1516240087464,164
968,WS_RECV_START,1516240087464,165
968,WS_RECV_END,1516240088944,165
968,PLAYER_SLEEPBEFORE_START,1516240088944,166
968,PLAYER_SLEEPBEFORE_END,1516240111399,166
968,WS_SEND_START,1516240111399,166
968,WS_SEND_END,1516240111400,166
968,WS_RECV_START,1516240111400,167
968,WS_RECV_END,1516240111686,167
968,PLAYER_SLEEPBEFORE_START,1516240111686,168
968,PLAYER_SLEEPBEFORE_END,1516240139043,168
968,WS_SEND_START,1516240139043,168
968,WS_SEND_END,1516240139043,168
968,WS_RECV_START,1516240139043,169
968,WS_RECV_END,1516240139098,169
968,PLAYER_SLEEPBEFORE_START,1516240139098,170
968,PLAYER_SLEEPBEFORE_END,1516240139108,170
968,WS_SEND_START,1516240139108,170
968,WS_SEND_END,1516240139108,170
968,WS_RECV_START,1516240139108,171
968,WS_RECV_END,1516240139151,171
968,PLAYER_SLEEPBEFORE_START,1516240139151,172
968,PLAYER_SLEEPBEFORE_END,1516240139520,172
968,WS_SEND_START,1516240139520,172
968,WS_SEND_END,1516240139520,172
968,WS_RECV_START,1516240139520,173
968,WS_RECV_END,1516240139697,173
968,PLAYER_SLEEPBEFORE_START,1516240139697,174
968,PLAYER_SLEEPBEFORE_END,1516240139738,174
968,WS_SEND_START,1516240139738,174
968,WS_SEND_END,1516240139738,174
968,WS_RECV_START,1516240139738,175
968,WS_RECV_END,1516240139870,175
968,PLAYER_SLEEPBEFORE_START,1516240139870,176
968,PLAYER_SLEEPBEFORE_END,1516240161631,176
968,WS_SEND_START,1516240161631,176
968,WS_SEND_END,1516240161631,176
968,PLAYER_SLEEPBEFORE_START,1516240161631,177
968,PLAYER_SLEEPBEFORE_END,1516240164149,177
968,WS_SEND_START,1516240164149,177
968,WS_SEND_END,1516240164149,177
968,WS_RECV_START,1516240164149,178
968,WS_RECV_END,1516240164338,178
968,PLAYER_SLEEPBEFORE_START,1516240164338,179
968,PLAYER_SLEEPBEFORE_END,1516240186679,179
968,WS_SEND_START,1516240186679,179
968,WS_SEND_END,1516240186679,179
968,WS_RECV_START,1516240186679,180
968,WS_RECV_END,1516240186805,180
968,PLAYER_SLEEPBEFORE_START,1516240186805,181
968,PLAYER_SLEEPBEFORE_END,1516240187249,181
968,WS_SEND_START,1516240187249,181
968,WS_SEND_END,1516240187249,181
968,WS_RECV_START,1516240187249,182
968,WS_RECV_END,1516240187419,182
968,PLAYER_SLEEPBEFORE_START,1516240187419,183
968,PLAYER_SLEEPBEFORE_END,1516240187942,183
968,WS_SEND_START,1516240187942,183
968,WS_SEND_END,1516240187942,183
968,WS_RECV_START,1516240187942,184
968,WS_RECV_END,1516240188090,184
968,PLAYER_SLEEPBEFORE_START,1516240188090,185
968,PLAYER_SLEEPBEFORE_END,1516240188358,185
968,WS_SEND_START,1516240188358,185
968,WS_SEND_END,1516240188358,185
968,WS_RECV_START,1516240188358,186
968,WS_RECV_END,1516240188469,186
968,PLAYER_SLEEPBEFORE_START,1516240188469,187
968,PLAYER_SLEEPBEFORE_END,1516240210969,187
968,WS_SEND_START,1516240210969,187
968,WS_SEND_END,1516240210969,187
968,WS_RECV_START,1516240210969,188
968,WS_RECV_END,1516240211052,188
968,PLAYER_SLEEPBEFORE_START,1516240211052,189
968,PLAYER_SLEEPBEFORE_END,1516240217291,189
968,WS_SEND_START,1516240217291,189
968,WS_SEND_END,1516240217291,189
968,WS_RECV_START,1516240217291,190
968,WS_RECV_END,1516240217395,190
968,PLAYER_SLEEPBEFORE_START,1516240217395,191
968,PLAYER_SLEEPBEFORE_END,1516240219310,191
968,WS_SEND_START,1516240219310,191
968,WS_SEND_END,1516240219310,191
968,WS_RECV_START,1516240219310,192
968,WS_RECV_END,1516240219417,192
968,PLAYER_SLEEPBEFORE_START,1516240219417,193
968,PLAYER_SLEEPBEFORE_END,1516240219545,193
968,WS_SEND_START,1516240219545,193
968,WS_SEND_END,1516240219545,193
968,WS_RECV_START,1516240219545,194
968,WS_RECV_END,1516240219693,194
968,PLAYER_SLEEPBEFORE_START,1516240219693,195
968,PLAYER_SLEEPBEFORE_END,1516240221448,195
968,WS_SEND_START,1516240221448,195
968,WS_SEND_END,1516240221448,195
968,WS_RECV_START,1516240221448,196
968,WS_RECV_END,1516240221568,196
968,PLAYER_SLEEPBEFORE_START,1516240221568,197
968,PLAYER_SLEEPBEFORE_END,1516240223372,197
968,WS_SEND_START,1516240223372,197
968,WS_SEND_END,1516240223372,197
968,WS_RECV_START,1516240223372,198
968,WS_RECV_END,1516240223489,198
968,PLAYER_SLEEPBEFORE_START,1516240223489,199
968,PLAYER_SLEEPBEFORE_END,1516240235343,199
968,WS_SEND_START,1516240235343,199
968,WS_SEND_END,1516240235343,199
968,PLAYER_SLEEPBEFORE_START,1516240235343,200
968,PLAYER_SLEEPBEFORE_END,1516240239431,200
968,WS_SEND_START,1516240239431,200
968,WS_SEND_END,1516240239431,200
968,WS_RECV_START,1516240239431,201
968,WS_RECV_END,1516240239553,201
968,PLAYER_SLEEPBEFORE_START,1516240239553,202
968,PLAYER_SLEEPBEFORE_END,1516240239567,202
968,WS_SEND_START,1516240239567,202
968,WS_SEND_END,1516240239567,202
968,WS_RECV_START,1516240239567,203
968,WS_RECV_END,1516240239827,203
968,PLAYER_SLEEPBEFORE_START,1516240239827,204
968,PLAYER_SLEEPBEFORE_END,1516240259476,204
968,WS_SEND_START,1516240259476,204
968,WS_SEND_END,1516240259476,204
968,PLAYER_SLEEPBEFORE_START,1516240259476,205
968,PLAYER_SLEEPBEFORE_END,1516240263374,205
968,WS_SEND_START,1516240263374,205
968,WS_SEND_END,1516240263374,205
968,WS_RECV_START,1516240263374,206
968,WS_RECV_END,1516240263493,206
968,PLAYER_SLEEPBEFORE_START,1516240263493,207
968,PLAYER_SLEEPBEFORE_END,1516240280424,207
968,REQ_START,1516240280424,207
968,REQ_END,1516240280428,207
968,PLAYER_SLEEPBEFORE_START,1516240280428,208
968,PLAYER_SLEEPBEFORE_END,1516240287281,208
968,WS_CLOSE_START,1516240287281,208
968,WS_CLOSE_END,1516240287281,208
968,PLAYER_DONE,1516240287281
