# --sessions 1080 --app-url=http://shinyloadtest.rstudioservices.com/cran_explorer --output-dir test1080 --overwrite-output --log-level warn --start-interval 250 15min.log
thread_id,event,timestamp,input_line_number,comment
974,PLAYER_SESSION_CREATE,1516239120807
974,PLAYER_START_INTERVAL_START,1516239120807
974,PLAYER_START_INTERVAL_END,1516239364307
974,REQ_HOME_START,1516239364307,2
974,REQ_HOME_END,1516239364429,2
974,REQ_START,1516239364429,3
974,REQ_END,1516239364484,3
974,REQ_START,1516239364484,4
974,REQ_END,1516239364543,4
974,REQ_START,1516239364543,5
974,REQ_END,1516239364588,5
974,REQ_START,1516239364588,6
974,REQ_END,1516239364629,6
974,REQ_START,1516239364629,7
974,REQ_END,1516239365023,7
974,REQ_START,1516239365023,8
974,REQ_END,1516239365186,8
974,REQ_START,1516239365186,9
974,REQ_END,1516239365229,9
974,REQ_START,1516239365229,10
974,REQ_END,1516239365235,10
974,REQ_START,1516239365235,11
974,REQ_END,1516239365273,11
974,REQ_START,1516239365273,12
974,REQ_END,1516239365281,12
974,REQ_START,1516239365281,13
974,REQ_END,1516239365320,13
974,REQ_START,1516239365320,14
974,REQ_END,1516239365335,14
974,REQ_START,1516239365335,15
974,REQ_END,1516239365378,15
974,REQ_TOK_START,1516239365378,16
974,REQ_TOK_END,1516239365384,16
974,REQ_SINF_START,1516239365384,17
974,REQ_SINF_END,1516239365390,17
974,WS_OPEN_START,1516239365390,18
974,WS_OPEN_END,1516239365396,18
974,REQ_START,1516239365396,19
974,REQ_END,1516239365566,19
974,WS_RECV_START,1516239365566,20
974,WS_RECV_END,1516239365566,20
974,PLAYER_SLEEPBEFORE_START,1516239365566,21
974,PLAYER_SLEEPBEFORE_END,1516239365571,21
974,WS_SEND_START,1516239365571,21
974,WS_SEND_END,1516239365571,21
974,PLAYER_SLEEPBEFORE_START,1516239365571,22
974,PLAYER_SLEEPBEFORE_END,1516239365572,22
974,WS_SEND_START,1516239365572,22
974,WS_SEND_END,1516239365572,22
974,WS_RECV_INIT_START,1516239365572,23
974,WS_RECV_INIT_END,1516239365669,23
974,WS_RECV_START,1516239365669,24
974,WS_RECV_END,1516239365742,24
974,PLAYER_SLEEPBEFORE_START,1516239365742,25
974,PLAYER_SLEEPBEFORE_END,1516239365749,25
974,REQ_START,1516239365749,25
974,REQ_END,1516239365900,25
974,PLAYER_SLEEPBEFORE_START,1516239365900,26
974,PLAYER_SLEEPBEFORE_END,1516239365902,26
974,REQ_START,1516239365902,26
974,REQ_END,1516239365943,26
974,PLAYER_SLEEPBEFORE_START,1516239365943,27
974,PLAYER_SLEEPBEFORE_END,1516239365946,27
974,REQ_START,1516239365946,27
974,REQ_END,1516239365986,27
974,PLAYER_SLEEPBEFORE_START,1516239365986,28
974,PLAYER_SLEEPBEFORE_END,1516239366271,28
974,REQ_START,1516239366271,28
974,REQ_END,1516239366312,28
974,PLAYER_SLEEPBEFORE_START,1516239366312,29
974,PLAYER_SLEEPBEFORE_END,1516239366487,29
974,WS_SEND_START,1516239366487,29
974,WS_SEND_END,1516239366487,29
974,WS_RECV_START,1516239366487,30
974,WS_RECV_END,1516239366596,30
974,PLAYER_SLEEPBEFORE_START,1516239366596,31
974,PLAYER_SLEEPBEFORE_END,1516239366608,31
974,REQ_START,1516239366608,31
974,REQ_END,1516239366788,31
974,PLAYER_SLEEPBEFORE_START,1516239366788,32
974,PLAYER_SLEEPBEFORE_END,1516239394933,32
974,WS_SEND_START,1516239394933,32
974,WS_SEND_END,1516239394934,32
974,WS_RECV_START,1516239394934,33
974,WS_RECV_END,1516239395083,33
974,PLAYER_SLEEPBEFORE_START,1516239395083,34
974,PLAYER_SLEEPBEFORE_END,1516239420995,34
974,WS_SEND_START,1516239420995,34
974,WS_SEND_END,1516239420995,34
974,WS_RECV_START,1516239420995,35
974,WS_RECV_END,1516239421043,35
974,PLAYER_SLEEPBEFORE_START,1516239421043,36
974,PLAYER_SLEEPBEFORE_END,1516239421052,36
974,WS_SEND_START,1516239421052,36
974,WS_SEND_END,1516239421052,36
974,WS_RECV_START,1516239421052,37
974,WS_RECV_END,1516239421099,37
974,PLAYER_SLEEPBEFORE_START,1516239421099,38
974,PLAYER_SLEEPBEFORE_END,1516239424294,38
974,WS_SEND_START,1516239424294,38
974,WS_SEND_END,1516239424294,38
974,WS_RECV_START,1516239424294,39
974,WS_RECV_END,1516239424509,39
974,PLAYER_SLEEPBEFORE_START,1516239424509,40
974,PLAYER_SLEEPBEFORE_END,1516239424555,40
974,WS_SEND_START,1516239424555,40
974,WS_SEND_END,1516239424555,40
974,WS_RECV_START,1516239424555,41
974,WS_RECV_END,1516239424657,41
974,PLAYER_SLEEPBEFORE_START,1516239424657,42
974,PLAYER_SLEEPBEFORE_END,1516239442792,42
974,WS_SEND_START,1516239442792,42
974,WS_SEND_END,1516239442793,42
974,WS_RECV_START,1516239442793,43
974,WS_RECV_END,1516239442978,43
974,PLAYER_SLEEPBEFORE_START,1516239442978,44
974,PLAYER_SLEEPBEFORE_END,1516239442990,44
974,WS_SEND_START,1516239442990,44
974,WS_SEND_END,1516239442990,44
974,WS_RECV_START,1516239442990,45
974,WS_RECV_END,1516239443031,45
974,PLAYER_SLEEPBEFORE_START,1516239443031,46
974,PLAYER_SLEEPBEFORE_END,1516239444291,46
974,WS_SEND_START,1516239444291,46
974,WS_SEND_END,1516239444291,46
974,WS_RECV_START,1516239444291,47
974,WS_RECV_END,1516239444448,47
974,PLAYER_SLEEPBEFORE_START,1516239444448,48
974,PLAYER_SLEEPBEFORE_END,1516239445769,48
974,WS_SEND_START,1516239445769,48
974,WS_SEND_END,1516239445769,48
974,WS_RECV_START,1516239445769,49
974,WS_RECV_END,1516239446058,49
974,PLAYER_SLEEPBEFORE_START,1516239446058,50
974,PLAYER_SLEEPBEFORE_END,1516239446082,50
974,WS_SEND_START,1516239446082,50
974,WS_SEND_END,1516239446083,50
974,WS_RECV_START,1516239446083,51
974,WS_RECV_END,1516239446274,51
974,PLAYER_SLEEPBEFORE_START,1516239446274,52
974,PLAYER_SLEEPBEFORE_END,1516239468838,52
974,WS_SEND_START,1516239468838,52
974,WS_SEND_END,1516239468838,52
974,WS_RECV_START,1516239468838,53
974,WS_RECV_END,1516239469078,53
974,PLAYER_SLEEPBEFORE_START,1516239469078,54
974,PLAYER_SLEEPBEFORE_END,1516239490381,54
974,WS_SEND_START,1516239490381,54
974,WS_SEND_END,1516239490382,54
974,PLAYER_SLEEPBEFORE_START,1516239490382,55
974,PLAYER_SLEEPBEFORE_END,1516239492323,55
974,WS_SEND_START,1516239492323,55
974,WS_SEND_END,1516239492323,55
974,WS_RECV_START,1516239492323,56
974,WS_RECV_END,1516239492745,56
974,PLAYER_SLEEPBEFORE_START,1516239492745,57
974,PLAYER_SLEEPBEFORE_END,1516239515617,57
974,WS_SEND_START,1516239515617,57
974,WS_SEND_END,1516239515618,57
974,WS_RECV_START,1516239515618,58
974,WS_RECV_END,1516239515782,58
974,PLAYER_SLEEPBEFORE_START,1516239515782,59
974,PLAYER_SLEEPBEFORE_END,1516239518109,59
974,WS_SEND_START,1516239518109,59
974,WS_SEND_END,1516239518109,59
974,WS_RECV_START,1516239518109,60
974,WS_RECV_END,1516239518425,60
974,PLAYER_SLEEPBEFORE_START,1516239518425,61
974,PLAYER_SLEEPBEFORE_END,1516239522016,61
974,WS_SEND_START,1516239522016,61
974,WS_SEND_END,1516239522016,61
974,WS_RECV_START,1516239522016,62
974,WS_RECV_END,1516239522211,62
974,PLAYER_SLEEPBEFORE_START,1516239522211,63
974,PLAYER_SLEEPBEFORE_END,1516239541474,63
974,WS_SEND_START,1516239541474,63
974,WS_SEND_END,1516239541474,63
974,WS_RECV_START,1516239541474,64
974,WS_RECV_END,1516239541528,64
974,PLAYER_SLEEPBEFORE_START,1516239541528,65
974,PLAYER_SLEEPBEFORE_END,1516239568345,65
974,WS_SEND_START,1516239568345,65
974,WS_SEND_END,1516239568345,65
974,WS_RECV_START,1516239568345,66
974,WS_RECV_END,1516239568711,66
974,PLAYER_SLEEPBEFORE_START,1516239568711,67
974,PLAYER_SLEEPBEFORE_END,1516239570218,67
974,WS_SEND_START,1516239570218,67
974,WS_SEND_END,1516239570219,67
974,WS_RECV_START,1516239570219,68
974,WS_RECV_END,1516239570426,68
974,PLAYER_SLEEPBEFORE_START,1516239570426,69
974,PLAYER_SLEEPBEFORE_END,1516239592425,69
974,WS_SEND_START,1516239592425,69
974,WS_SEND_END,1516239592425,69
974,WS_RECV_START,1516239592425,70
974,WS_RECV_END,1516239592550,70
974,PLAYER_SLEEPBEFORE_START,1516239592550,71
974,PLAYER_SLEEPBEFORE_END,1516239617325,71
974,WS_SEND_START,1516239617325,71
974,WS_SEND_END,1516239617325,71
974,PLAYER_SLEEPBEFORE_START,1516239617325,72
974,PLAYER_SLEEPBEFORE_END,1516239619932,72
974,WS_SEND_START,1516239619932,72
974,WS_SEND_END,1516239619932,72
974,WS_RECV_START,1516239619932,73
974,WS_RECV_END,1516239620500,73
974,PLAYER_SLEEPBEFORE_START,1516239620500,74
974,PLAYER_SLEEPBEFORE_END,1516239620509,74
974,WS_SEND_START,1516239620509,74
974,WS_SEND_END,1516239620509,74
974,WS_RECV_START,1516239620509,75
974,WS_RECV_END,1516239620555,75
974,PLAYER_SLEEPBEFORE_START,1516239620555,76
974,PLAYER_SLEEPBEFORE_END,1516239622061,76
974,WS_SEND_START,1516239622061,76
974,WS_SEND_END,1516239622061,76
974,WS_RECV_START,1516239622061,77
974,WS_RECV_END,1516239622213,77
974,PLAYER_SLEEPBEFORE_START,1516239622213,78
974,PLAYER_SLEEPBEFORE_END,1516239623081,78
974,WS_SEND_START,1516239623081,78
974,WS_SEND_END,1516239623081,78
974,WS_RECV_START,1516239623081,79
974,WS_RECV_END,1516239623298,79
974,PLAYER_SLEEPBEFORE_START,1516239623298,80
974,PLAYER_SLEEPBEFORE_END,1516239630964,80
974,WS_SEND_START,1516239630964,80
974,WS_SEND_END,1516239630964,80
974,WS_RECV_START,1516239630964,81
974,WS_RECV_END,1516239631003,81
974,PLAYER_SLEEPBEFORE_START,1516239631003,82
974,PLAYER_SLEEPBEFORE_END,1516239632105,82
974,WS_SEND_START,1516239632105,82
974,WS_SEND_END,1516239632105,82
974,WS_RECV_START,1516239632105,83
974,WS_RECV_END,1516239632626,83
974,PLAYER_SLEEPBEFORE_START,1516239632626,84
974,PLAYER_SLEEPBEFORE_END,1516239633573,84
974,WS_SEND_START,1516239633573,84
974,WS_SEND_END,1516239633573,84
974,WS_RECV_START,1516239633573,85
974,WS_RECV_END,1516239633597,85
974,PLAYER_SLEEPBEFORE_START,1516239633597,86
974,PLAYER_SLEEPBEFORE_END,1516239637770,86
974,WS_SEND_START,1516239637770,86
974,WS_SEND_END,1516239637770,86
974,WS_RECV_START,1516239637770,87
974,WS_RECV_END,1516239637862,87
974,PLAYER_SLEEPBEFORE_START,1516239637862,88
974,PLAYER_SLEEPBEFORE_END,1516239637871,88
974,WS_SEND_START,1516239637871,88
974,WS_SEND_END,1516239637871,88
974,WS_RECV_START,1516239637871,89
974,WS_RECV_END,1516239637990,89
974,PLAYER_SLEEPBEFORE_START,1516239637990,90
974,PLAYER_SLEEPBEFORE_END,1516239665187,90
974,REQ_START,1516239665187,90
974,REQ_END,1516239665192,90
974,PLAYER_SLEEPBEFORE_START,1516239665192,91
974,PLAYER_SLEEPBEFORE_END,1516239673081,91
974,WS_SEND_START,1516239673081,91
974,WS_SEND_END,1516239673081,91
974,WS_RECV_START,1516239673081,92
974,WS_RECV_END,1516239673429,92
974,PLAYER_SLEEPBEFORE_START,1516239673429,93
974,PLAYER_SLEEPBEFORE_END,1516239673444,93
974,WS_SEND_START,1516239673444,93
974,WS_SEND_END,1516239673444,93
974,WS_RECV_START,1516239673444,94
974,WS_RECV_END,1516239673624,94
974,PLAYER_SLEEPBEFORE_START,1516239673624,95
974,PLAYER_SLEEPBEFORE_END,1516239697179,95
974,WS_SEND_START,1516239697179,95
974,WS_SEND_END,1516239697179,95
974,WS_RECV_START,1516239697179,96
974,WS_RECV_END,1516239697882,96
974,PLAYER_SLEEPBEFORE_START,1516239697882,97
974,PLAYER_SLEEPBEFORE_END,1516239720322,97
974,WS_SEND_START,1516239720322,97
974,WS_SEND_END,1516239720322,97
974,WS_RECV_START,1516239720322,98
974,WS_RECV_END,1516239721136,98
974,PLAYER_SLEEPBEFORE_START,1516239721136,99
974,PLAYER_SLEEPBEFORE_END,1516239721157,99
974,WS_SEND_START,1516239721157,99
974,WS_SEND_END,1516239721157,99
974,WS_RECV_START,1516239721157,100
974,WS_RECV_END,1516239721803,100
974,PLAYER_SLEEPBEFORE_START,1516239721803,101
974,PLAYER_SLEEPBEFORE_END,1516239745362,101
974,WS_SEND_START,1516239745362,101
974,WS_SEND_END,1516239745362,101
974,WS_RECV_START,1516239745362,102
974,WS_RECV_END,1516239745611,102
974,PLAYER_SLEEPBEFORE_START,1516239745611,103
974,PLAYER_SLEEPBEFORE_END,1516239769236,103
974,WS_SEND_START,1516239769236,103
974,WS_SEND_END,1516239769236,103
974,WS_RECV_START,1516239769236,104
974,WS_RECV_END,1516239769340,104
974,PLAYER_SLEEPBEFORE_START,1516239769340,105
974,PLAYER_SLEEPBEFORE_END,1516239794717,105
974,WS_SEND_START,1516239794717,105
974,WS_SEND_END,1516239794717,105
974,WS_RECV_START,1516239794718,106
974,WS_RECV_END,1516239795089,106
974,PLAYER_SLEEPBEFORE_START,1516239795089,107
974,PLAYER_SLEEPBEFORE_END,1516239818512,107
974,WS_SEND_START,1516239818512,107
974,WS_SEND_END,1516239818512,107
974,WS_RECV_START,1516239818512,108
974,WS_RECV_END,1516239819080,108
974,PLAYER_SLEEPBEFORE_START,1516239819080,109
974,PLAYER_SLEEPBEFORE_END,1516239819089,109
974,WS_SEND_START,1516239819089,109
974,WS_SEND_END,1516239819089,109
974,WS_RECV_START,1516239819089,110
974,WS_RECV_END,1516239819487,110
974,PLAYER_SLEEPBEFORE_START,1516239819487,111
974,PLAYER_SLEEPBEFORE_END,1516239820446,111
974,WS_SEND_START,1516239820446,111
974,WS_SEND_END,1516239820446,111
974,WS_RECV_START,1516239820446,112
974,WS_RECV_END,1516239820799,112
974,PLAYER_SLEEPBEFORE_START,1516239820799,113
974,PLAYER_SLEEPBEFORE_END,1516239821361,113
974,WS_SEND_START,1516239821361,113
974,WS_SEND_END,1516239821361,113
974,WS_RECV_START,1516239821361,114
974,WS_RECV_END,1516239821491,114
974,PLAYER_SLEEPBEFORE_START,1516239821491,115
974,PLAYER_SLEEPBEFORE_END,1516239821500,115
974,WS_SEND_START,1516239821501,115
974,WS_SEND_END,1516239821501,115
974,WS_RECV_START,1516239821501,116
974,WS_RECV_END,1516239821716,116
974,PLAYER_SLEEPBEFORE_START,1516239821716,117
974,PLAYER_SLEEPBEFORE_END,1516239842076,117
974,WS_SEND_START,1516239842076,117
974,WS_SEND_END,1516239842077,117
974,PLAYER_SLEEPBEFORE_START,1516239842077,118
974,PLAYER_SLEEPBEFORE_END,1516239845829,118
974,WS_SEND_START,1516239845829,118
974,WS_SEND_END,1516239845829,118
974,WS_RECV_START,1516239845829,119
974,WS_RECV_END,1516239846367,119
974,PLAYER_SLEEPBEFORE_START,1516239846367,120
974,PLAYER_SLEEPBEFORE_END,1516239847355,120
974,WS_SEND_START,1516239847355,120
974,WS_SEND_END,1516239847355,120
974,WS_RECV_START,1516239847355,121
974,WS_RECV_END,1516239847595,121
974,PLAYER_SLEEPBEFORE_START,1516239847595,122
974,PLAYER_SLEEPBEFORE_END,1516239848780,122
974,WS_SEND_START,1516239848780,122
974,WS_SEND_END,1516239848780,122
974,WS_RECV_START,1516239848780,123
974,WS_RECV_END,1516239848998,123
974,PLAYER_SLEEPBEFORE_START,1516239848998,124
974,PLAYER_SLEEPBEFORE_END,1516239873403,124
974,WS_SEND_START,1516239873403,124
974,WS_SEND_END,1516239873403,124
974,WS_RECV_START,1516239873403,125
974,WS_RECV_END,1516239873743,125
974,PLAYER_SLEEPBEFORE_START,1516239873743,126
974,PLAYER_SLEEPBEFORE_END,1516239894255,126
974,WS_SEND_START,1516239894255,126
974,WS_SEND_END,1516239894255,126
974,PLAYER_SLEEPBEFORE_START,1516239894255,127
974,PLAYER_SLEEPBEFORE_END,1516239897309,127
974,WS_SEND_START,1516239897309,127
974,WS_SEND_END,1516239897309,127
974,WS_RECV_START,1516239897309,128
974,WS_RECV_END,1516239898001,128
974,PLAYER_SLEEPBEFORE_START,1516239898001,129
974,PLAYER_SLEEPBEFORE_END,1516239898022,129
974,WS_SEND_START,1516239898022,129
974,WS_SEND_END,1516239898022,129
974,WS_RECV_START,1516239898022,130
974,WS_RECV_END,1516239898642,130
974,PLAYER_SLEEPBEFORE_START,1516239898642,131
974,PLAYER_SLEEPBEFORE_END,1516239920266,131
974,WS_SEND_START,1516239920266,131
974,WS_SEND_END,1516239920266,131
974,PLAYER_SLEEPBEFORE_START,1516239920266,132
974,PLAYER_SLEEPBEFORE_END,1516239923346,132
974,WS_SEND_START,1516239923346,132
974,WS_SEND_END,1516239923346,132
974,WS_RECV_START,1516239923346,133
974,WS_RECV_END,1516239923609,133
974,PLAYER_SLEEPBEFORE_START,1516239923609,134
974,PLAYER_SLEEPBEFORE_END,1516239944826,134
974,WS_SEND_START,1516239944826,134
974,WS_SEND_END,1516239944826,134
974,PLAYER_SLEEPBEFORE_START,1516239944826,135
974,PLAYER_SLEEPBEFORE_END,1516239948016,135
974,WS_SEND_START,1516239948017,135
974,WS_SEND_END,1516239948017,135
974,WS_RECV_START,1516239948017,136
974,WS_RECV_END,1516239948402,136
974,PLAYER_SLEEPBEFORE_START,1516239948402,137
974,PLAYER_SLEEPBEFORE_END,1516239948409,137
974,WS_SEND_START,1516239948409,137
974,WS_SEND_END,1516239948409,137
974,WS_RECV_START,1516239948409,138
974,WS_RECV_END,1516239948651,138
974,PLAYER_SLEEPBEFORE_START,1516239948651,139
974,PLAYER_SLEEPBEFORE_END,1516239949341,139
974,WS_SEND_START,1516239949341,139
974,WS_SEND_END,1516239949341,139
974,WS_RECV_START,1516239949341,140
974,WS_RECV_END,1516239949841,140
974,PLAYER_SLEEPBEFORE_START,1516239949841,141
974,PLAYER_SLEEPBEFORE_END,1516239950496,141
974,WS_SEND_START,1516239950496,141
974,WS_SEND_END,1516239950496,141
974,WS_RECV_START,1516239950496,142
974,WS_RECV_END,1516239951772,142
974,PLAYER_SLEEPBEFORE_START,1516239951772,143
974,PLAYER_SLEEPBEFORE_END,1516239951829,143
974,WS_SEND_START,1516239951829,143
974,WS_SEND_END,1516239951829,143
974,WS_RECV_START,1516239951829,144
974,WS_RECV_END,1516239952000,144
974,PLAYER_SLEEPBEFORE_START,1516239952000,145
974,PLAYER_SLEEPBEFORE_END,1516239968063,145
974,REQ_START,1516239968063,145
974,REQ_END,1516239968068,145
974,PLAYER_SLEEPBEFORE_START,1516239968068,146
974,PLAYER_SLEEPBEFORE_END,1516239976945,146
974,WS_SEND_START,1516239976945,146
974,WS_SEND_END,1516239976945,146
974,WS_RECV_START,1516239976945,147
974,WS_RECV_END,1516239978230,147
974,PLAYER_SLEEPBEFORE_START,1516239978230,148
974,PLAYER_SLEEPBEFORE_END,1516240000152,148
974,WS_SEND_START,1516240000152,148
974,WS_SEND_END,1516240000153,148
974,PLAYER_SLEEPBEFORE_START,1516240000153,149
974,PLAYER_SLEEPBEFORE_END,1516240002581,149
974,WS_SEND_START,1516240002581,149
974,WS_SEND_END,1516240002581,149
974,WS_RECV_START,1516240002581,150
974,WS_RECV_END,1516240003842,150
974,PLAYER_SLEEPBEFORE_START,1516240003842,151
974,PLAYER_SLEEPBEFORE_END,1516240004052,151
974,WS_SEND_START,1516240004052,151
974,WS_SEND_END,1516240004052,151
974,WS_RECV_START,1516240004052,152
974,WS_RECV_END,1516240006234,152
974,PLAYER_SLEEPBEFORE_START,1516240006234,153
974,PLAYER_SLEEPBEFORE_END,1516240030162,153
974,WS_SEND_START,1516240030162,153
974,WS_SEND_END,1516240030162,153
974,WS_RECV_START,1516240030162,154
974,WS_RECV_END,1516240031958,154
974,PLAYER_SLEEPBEFORE_START,1516240031958,155
974,PLAYER_SLEEPBEFORE_END,1516240054516,155
974,WS_SEND_START,1516240054517,155
974,WS_SEND_END,1516240054517,155
974,PLAYER_SLEEPBEFORE_START,1516240054517,156
974,PLAYER_SLEEPBEFORE_END,1516240057791,156
974,WS_SEND_START,1516240057791,156
974,WS_SEND_END,1516240057791,156
974,WS_RECV_START,1516240057791,157
974,WS_RECV_END,1516240058835,157
974,PLAYER_SLEEPBEFORE_START,1516240058835,158
974,PLAYER_SLEEPBEFORE_END,1516240058845,158
974,WS_SEND_START,1516240058845,158
974,WS_SEND_END,1516240058845,158
974,WS_RECV_START,1516240058845,159
974,WS_RECV_END,1516240059059,159
974,PLAYER_SLEEPBEFORE_START,1516240059059,160
974,PLAYER_SLEEPBEFORE_END,1516240059234,160
974,WS_SEND_START,1516240059234,160
974,WS_SEND_END,1516240059234,160
974,WS_RECV_START,1516240059234,161
974,WS_RECV_END,1516240059457,161
974,PLAYER_SLEEPBEFORE_START,1516240059457,162
974,PLAYER_SLEEPBEFORE_END,1516240059482,162
974,WS_SEND_START,1516240059482,162
974,WS_SEND_END,1516240059482,162
974,WS_RECV_START,1516240059482,163
974,WS_RECV_END,1516240059827,163
974,PLAYER_SLEEPBEFORE_START,1516240059827,164
974,PLAYER_SLEEPBEFORE_END,1516240080645,164
974,WS_SEND_START,1516240080645,164
974,WS_SEND_END,1516240080645,164
974,WS_RECV_START,1516240080645,165
974,WS_RECV_END,1516240081384,165
974,PLAYER_SLEEPBEFORE_START,1516240081384,166
974,PLAYER_SLEEPBEFORE_END,1516240103839,166
974,WS_SEND_START,1516240103839,166
974,WS_SEND_END,1516240103839,166
974,WS_RECV_START,1516240103839,167
974,WS_RECV_END,1516240104007,167
974,PLAYER_SLEEPBEFORE_START,1516240104007,168
974,PLAYER_SLEEPBEFORE_END,1516240131364,168
974,WS_SEND_START,1516240131364,168
974,WS_SEND_END,1516240131364,168
974,WS_RECV_START,1516240131364,169
974,WS_RECV_END,1516240131410,169
974,PLAYER_SLEEPBEFORE_START,1516240131410,170
974,PLAYER_SLEEPBEFORE_END,1516240131419,170
974,WS_SEND_START,1516240131419,170
974,WS_SEND_END,1516240131419,170
974,WS_RECV_START,1516240131419,171
974,WS_RECV_END,1516240131463,171
974,PLAYER_SLEEPBEFORE_START,1516240131463,172
974,PLAYER_SLEEPBEFORE_END,1516240131832,172
974,WS_SEND_START,1516240131832,172
974,WS_SEND_END,1516240131832,172
974,WS_RECV_START,1516240131832,173
974,WS_RECV_END,1516240131931,173
974,PLAYER_SLEEPBEFORE_START,1516240131931,174
974,PLAYER_SLEEPBEFORE_END,1516240131972,174
974,WS_SEND_START,1516240131972,174
974,WS_SEND_END,1516240131972,174
974,WS_RECV_START,1516240131972,175
974,WS_RECV_END,1516240132122,175
974,PLAYER_SLEEPBEFORE_START,1516240132122,176
974,PLAYER_SLEEPBEFORE_END,1516240153883,176
974,WS_SEND_START,1516240153883,176
974,WS_SEND_END,1516240153883,176
974,PLAYER_SLEEPBEFORE_START,1516240153883,177
974,PLAYER_SLEEPBEFORE_END,1516240156401,177
974,WS_SEND_START,1516240156402,177
974,WS_SEND_END,1516240156402,177
974,WS_RECV_START,1516240156402,178
974,WS_RECV_END,1516240156558,178
974,PLAYER_SLEEPBEFORE_START,1516240156558,179
974,PLAYER_SLEEPBEFORE_END,1516240178898,179
974,WS_SEND_START,1516240178898,179
974,WS_SEND_END,1516240178898,179
974,WS_RECV_START,1516240178898,180
974,WS_RECV_END,1516240179050,180
974,PLAYER_SLEEPBEFORE_START,1516240179050,181
974,PLAYER_SLEEPBEFORE_END,1516240179494,181
974,WS_SEND_START,1516240179494,181
974,WS_SEND_END,1516240179494,181
974,WS_RECV_START,1516240179494,182
974,WS_RECV_END,1516240179621,182
974,PLAYER_SLEEPBEFORE_START,1516240179621,183
974,PLAYER_SLEEPBEFORE_END,1516240180144,183
974,WS_SEND_START,1516240180144,183
974,WS_SEND_END,1516240180144,183
974,WS_RECV_START,1516240180144,184
974,WS_RECV_END,1516240180334,184
974,PLAYER_SLEEPBEFORE_START,1516240180334,185
974,PLAYER_SLEEPBEFORE_END,1516240180606,185
974,WS_SEND_START,1516240180607,185
974,WS_SEND_END,1516240180607,185
974,WS_RECV_START,1516240180607,186
974,WS_RECV_END,1516240180738,186
974,PLAYER_SLEEPBEFORE_START,1516240180738,187
974,PLAYER_SLEEPBEFORE_END,1516240203238,187
974,WS_SEND_START,1516240203238,187
974,WS_SEND_END,1516240203238,187
974,WS_RECV_START,1516240203238,188
974,WS_RECV_END,1516240203274,188
974,PLAYER_SLEEPBEFORE_START,1516240203274,189
974,PLAYER_SLEEPBEFORE_END,1516240209513,189
974,WS_SEND_START,1516240209513,189
974,WS_SEND_END,1516240209513,189
974,WS_RECV_START,1516240209513,190
974,WS_RECV_END,1516240209636,190
974,PLAYER_SLEEPBEFORE_START,1516240209637,191
974,PLAYER_SLEEPBEFORE_END,1516240211552,191
974,WS_SEND_START,1516240211552,191
974,WS_SEND_END,1516240211552,191
974,WS_RECV_START,1516240211552,192
974,WS_RECV_END,1516240211695,192
974,PLAYER_SLEEPBEFORE_START,1516240211695,193
974,PLAYER_SLEEPBEFORE_END,1516240211823,193
974,WS_SEND_START,1516240211823,193
974,WS_SEND_END,1516240211823,193
974,WS_RECV_START,1516240211823,194
974,WS_RECV_END,1516240211932,194
974,PLAYER_SLEEPBEFORE_START,1516240211932,195
974,PLAYER_SLEEPBEFORE_END,1516240213687,195
974,WS_SEND_START,1516240213687,195
974,WS_SEND_END,1516240213687,195
974,WS_RECV_START,1516240213687,196
974,WS_RECV_END,1516240213801,196
974,PLAYER_SLEEPBEFORE_START,1516240213801,197
974,PLAYER_SLEEPBEFORE_END,1516240215606,197
974,WS_SEND_START,1516240215606,197
974,WS_SEND_END,1516240215606,197
974,WS_RECV_START,1516240215606,198
974,WS_RECV_END,1516240215700,198
974,PLAYER_SLEEPBEFORE_START,1516240215700,199
974,PLAYER_SLEEPBEFORE_END,1516240227554,199
974,WS_SEND_START,1516240227554,199
974,WS_SEND_END,1516240227554,199
974,PLAYER_SLEEPBEFORE_START,1516240227554,200
974,PLAYER_SLEEPBEFORE_END,1516240231642,200
974,WS_SEND_START,1516240231642,200
974,WS_SEND_END,1516240231642,200
974,WS_RECV_START,1516240231642,201
974,WS_RECV_END,1516240231717,201
974,PLAYER_SLEEPBEFORE_START,1516240231717,202
974,PLAYER_SLEEPBEFORE_END,1516240231731,202
974,WS_SEND_START,1516240231731,202
974,WS_SEND_END,1516240231731,202
974,WS_RECV_START,1516240231731,203
974,WS_RECV_END,1516240231844,203
974,PLAYER_SLEEPBEFORE_START,1516240231844,204
974,PLAYER_SLEEPBEFORE_END,1516240251493,204
974,WS_SEND_START,1516240251493,204
974,WS_SEND_END,1516240251493,204
974,PLAYER_SLEEPBEFORE_START,1516240251493,205
974,PLAYER_SLEEPBEFORE_END,1516240255391,205
974,WS_SEND_START,1516240255391,205
974,WS_SEND_END,1516240255391,205
974,WS_RECV_START,1516240255391,206
974,WS_RECV_END,1516240255521,206
974,PLAYER_SLEEPBEFORE_START,1516240255521,207
974,PLAYER_SLEEPBEFORE_END,1516240272452,207
974,REQ_START,1516240272452,207
974,REQ_END,1516240272457,207
974,PLAYER_SLEEPBEFORE_START,1516240272457,208
974,PLAYER_SLEEPBEFORE_END,1516240279309,208
974,WS_CLOSE_START,1516240279309,208
974,WS_CLOSE_END,1516240279309,208
974,PLAYER_DONE,1516240279309
