# --sessions 1080 --app-url=http://shinyloadtest.rstudioservices.com/cran_explorer --output-dir test1080 --overwrite-output --log-level warn --start-interval 250 15min.log
thread_id,event,timestamp,input_line_number,comment
978,PLAYER_SESSION_CREATE,1516239120808
978,PLAYER_START_INTERVAL_START,1516239120808
978,PLAYER_START_INTERVAL_END,1516239365308
978,REQ_HOME_START,1516239365308,2
978,REQ_HOME_END,1516239365390,2
978,REQ_START,1516239365390,3
978,REQ_END,1516239365423,3
978,REQ_START,1516239365423,4
978,REQ_END,1516239365455,4
978,REQ_START,1516239365455,5
978,REQ_END,1516239365490,5
978,REQ_START,1516239365490,6
978,REQ_END,1516239365526,6
978,REQ_START,1516239365526,7
978,REQ_END,1516239365560,7
978,REQ_START,1516239365560,8
978,REQ_END,1516239365599,8
978,REQ_START,1516239365599,9
978,REQ_END,1516239365639,9
978,REQ_START,1516239365639,10
978,REQ_END,1516239365647,10
978,REQ_START,1516239365647,11
978,REQ_END,1516239365691,11
978,REQ_START,1516239365691,12
978,REQ_END,1516239365703,12
978,REQ_START,1516239365703,13
978,REQ_END,1516239365734,13
978,REQ_START,1516239365734,14
978,REQ_END,1516239365749,14
978,REQ_START,1516239365749,15
978,REQ_END,1516239365783,15
978,REQ_TOK_START,1516239365783,16
978,REQ_TOK_END,1516239365790,16
978,REQ_SINF_START,1516239365790,17
978,REQ_SINF_END,1516239365797,17
978,WS_OPEN_START,1516239365797,18
978,WS_OPEN_END,1516239365804,18
978,REQ_START,1516239365804,19
978,REQ_END,1516239365834,19
978,WS_RECV_START,1516239365834,20
978,WS_RECV_END,1516239365834,20
978,PLAYER_SLEEPBEFORE_START,1516239365834,21
978,PLAYER_SLEEPBEFORE_END,1516239365839,21
978,WS_SEND_START,1516239365839,21
978,WS_SEND_END,1516239365839,21
978,PLAYER_SLEEPBEFORE_START,1516239365839,22
978,PLAYER_SLEEPBEFORE_END,1516239365841,22
978,WS_SEND_START,1516239365841,22
978,WS_SEND_END,1516239365841,22
978,WS_RECV_INIT_START,1516239365841,23
978,WS_RECV_INIT_END,1516239365861,23
978,WS_RECV_START,1516239365861,24
978,WS_RECV_END,1516239365924,24
978,PLAYER_SLEEPBEFORE_START,1516239365924,25
978,PLAYER_SLEEPBEFORE_END,1516239365931,25
978,REQ_START,1516239365931,25
978,REQ_END,1516239365961,25
978,PLAYER_SLEEPBEFORE_START,1516239365961,26
978,PLAYER_SLEEPBEFORE_END,1516239365962,26
978,REQ_START,1516239365962,26
978,REQ_END,1516239366010,26
978,PLAYER_SLEEPBEFORE_START,1516239366010,27
978,PLAYER_SLEEPBEFORE_END,1516239366013,27
978,REQ_START,1516239366013,27
978,REQ_END,1516239366194,27
978,PLAYER_SLEEPBEFORE_START,1516239366194,28
978,PLAYER_SLEEPBEFORE_END,1516239366479,28
978,REQ_START,1516239366479,28
978,REQ_END,1516239366713,28
978,PLAYER_SLEEPBEFORE_START,1516239366713,29
978,PLAYER_SLEEPBEFORE_END,1516239366889,29
978,WS_SEND_START,1516239366889,29
978,WS_SEND_END,1516239366889,29
978,WS_RECV_START,1516239366889,30
978,WS_RECV_END,1516239366999,30
978,PLAYER_SLEEPBEFORE_START,1516239366999,31
978,PLAYER_SLEEPBEFORE_END,1516239367010,31
978,REQ_START,1516239367010,31
978,REQ_END,1516239367167,31
978,PLAYER_SLEEPBEFORE_START,1516239367167,32
978,PLAYER_SLEEPBEFORE_END,1516239395312,32
978,WS_SEND_START,1516239395312,32
978,WS_SEND_END,1516239395312,32
978,WS_RECV_START,1516239395312,33
978,WS_RECV_END,1516239395439,33
978,PLAYER_SLEEPBEFORE_START,1516239395439,34
978,PLAYER_SLEEPBEFORE_END,1516239421350,34
978,WS_SEND_START,1516239421350,34
978,WS_SEND_END,1516239421350,34
978,WS_RECV_START,1516239421350,35
978,WS_RECV_END,1516239421488,35
978,PLAYER_SLEEPBEFORE_START,1516239421488,36
978,PLAYER_SLEEPBEFORE_END,1516239421497,36
978,WS_SEND_START,1516239421497,36
978,WS_SEND_END,1516239421497,36
978,WS_RECV_START,1516239421497,37
978,WS_RECV_END,1516239421690,37
978,PLAYER_SLEEPBEFORE_START,1516239421690,38
978,PLAYER_SLEEPBEFORE_END,1516239424885,38
978,WS_SEND_START,1516239424885,38
978,WS_SEND_END,1516239424885,38
978,WS_RECV_START,1516239424885,39
978,WS_RECV_END,1516239425197,39
978,PLAYER_SLEEPBEFORE_START,1516239425197,40
978,PLAYER_SLEEPBEFORE_END,1516239425243,40
978,WS_SEND_START,1516239425243,40
978,WS_SEND_END,1516239425243,40
978,WS_RECV_START,1516239425243,41
978,WS_RECV_END,1516239425479,41
978,PLAYER_SLEEPBEFORE_START,1516239425479,42
978,PLAYER_SLEEPBEFORE_END,1516239443614,42
978,WS_SEND_START,1516239443614,42
978,WS_SEND_END,1516239443614,42
978,WS_RECV_START,1516239443614,43
978,WS_RECV_END,1516239444386,43
978,PLAYER_SLEEPBEFORE_START,1516239444386,44
978,PLAYER_SLEEPBEFORE_END,1516239444399,44
978,WS_SEND_START,1516239444399,44
978,WS_SEND_END,1516239444399,44
978,WS_RECV_START,1516239444399,45
978,WS_RECV_END,1516239444674,45
978,PLAYER_SLEEPBEFORE_START,1516239444674,46
978,PLAYER_SLEEPBEFORE_END,1516239445934,46
978,WS_SEND_START,1516239445934,46
978,WS_SEND_END,1516239445934,46
978,WS_RECV_START,1516239445934,47
978,WS_RECV_END,1516239445980,47
978,PLAYER_SLEEPBEFORE_START,1516239445980,48
978,PLAYER_SLEEPBEFORE_END,1516239447300,48
978,WS_SEND_START,1516239447300,48
978,WS_SEND_END,1516239447300,48
978,WS_RECV_START,1516239447300,49
978,WS_RECV_END,1516239447944,49
978,PLAYER_SLEEPBEFORE_START,1516239447944,50
978,PLAYER_SLEEPBEFORE_END,1516239447968,50
978,WS_SEND_START,1516239447968,50
978,WS_SEND_END,1516239447968,50
978,WS_RECV_START,1516239447968,51
978,WS_RECV_END,1516239448738,51
978,PLAYER_SLEEPBEFORE_START,1516239448738,52
978,PLAYER_SLEEPBEFORE_END,1516239471302,52
978,WS_SEND_START,1516239471302,52
978,WS_SEND_END,1516239471302,52
978,WS_RECV_START,1516239471302,53
978,WS_RECV_END,1516239471498,53
978,PLAYER_SLEEPBEFORE_START,1516239471498,54
978,PLAYER_SLEEPBEFORE_END,1516239492801,54
978,WS_SEND_START,1516239492801,54
978,WS_SEND_END,1516239492801,54
978,PLAYER_SLEEPBEFORE_START,1516239492801,55
978,PLAYER_SLEEPBEFORE_END,1516239494742,55
978,WS_SEND_START,1516239494742,55
978,WS_SEND_END,1516239494742,55
978,WS_RECV_START,1516239494742,56
978,WS_RECV_END,1516239494856,56
978,PLAYER_SLEEPBEFORE_START,1516239494856,57
978,PLAYER_SLEEPBEFORE_END,1516239517728,57
978,WS_SEND_START,1516239517728,57
978,WS_SEND_END,1516239517728,57
978,WS_RECV_START,1516239517728,58
978,WS_RECV_END,1516239517791,58
978,PLAYER_SLEEPBEFORE_START,1516239517791,59
978,PLAYER_SLEEPBEFORE_END,1516239520118,59
978,WS_SEND_START,1516239520118,59
978,WS_SEND_END,1516239520118,59
978,WS_RECV_START,1516239520118,60
978,WS_RECV_END,1516239520555,60
978,PLAYER_SLEEPBEFORE_START,1516239520555,61
978,PLAYER_SLEEPBEFORE_END,1516239524146,61
978,WS_SEND_START,1516239524146,61
978,WS_SEND_END,1516239524146,61
978,WS_RECV_START,1516239524146,62
978,WS_RECV_END,1516239524336,62
978,PLAYER_SLEEPBEFORE_START,1516239524336,63
978,PLAYER_SLEEPBEFORE_END,1516239543598,63
978,WS_SEND_START,1516239543598,63
978,WS_SEND_END,1516239543598,63
978,WS_RECV_START,1516239543598,64
978,WS_RECV_END,1516239544063,64
978,PLAYER_SLEEPBEFORE_START,1516239544063,65
978,PLAYER_SLEEPBEFORE_END,1516239570880,65
978,WS_SEND_START,1516239570880,65
978,WS_SEND_END,1516239570880,65
978,WS_RECV_START,1516239570880,66
978,WS_RECV_END,1516239571008,66
978,PLAYER_SLEEPBEFORE_START,1516239571008,67
978,PLAYER_SLEEPBEFORE_END,1516239572515,67
978,WS_SEND_START,1516239572515,67
978,WS_SEND_END,1516239572515,67
978,WS_RECV_START,1516239572515,68
978,WS_RECV_END,1516239573263,68
978,PLAYER_SLEEPBEFORE_START,1516239573263,69
978,PLAYER_SLEEPBEFORE_END,1516239595261,69
978,WS_SEND_START,1516239595261,69
978,WS_SEND_END,1516239595262,69
978,WS_RECV_START,1516239595262,70
978,WS_RECV_END,1516239595530,70
978,PLAYER_SLEEPBEFORE_START,1516239595530,71
978,PLAYER_SLEEPBEFORE_END,1516239620305,71
978,WS_SEND_START,1516239620305,71
978,WS_SEND_END,1516239620305,71
978,PLAYER_SLEEPBEFORE_START,1516239620305,72
978,PLAYER_SLEEPBEFORE_END,1516239622912,72
978,WS_SEND_START,1516239622913,72
978,WS_SEND_END,1516239622913,72
978,WS_RECV_START,1516239622913,73
978,WS_RECV_END,1516239624411,73
978,PLAYER_SLEEPBEFORE_START,1516239624411,74
978,PLAYER_SLEEPBEFORE_END,1516239624420,74
978,WS_SEND_START,1516239624420,74
978,WS_SEND_END,1516239624420,74
978,WS_RECV_START,1516239624420,75
978,WS_RECV_END,1516239624770,75
978,PLAYER_SLEEPBEFORE_START,1516239624770,76
978,PLAYER_SLEEPBEFORE_END,1516239626276,76
978,WS_SEND_START,1516239626276,76
978,WS_SEND_END,1516239626276,76
978,WS_RECV_START,1516239626276,77
978,WS_RECV_END,1516239627186,77
978,PLAYER_SLEEPBEFORE_START,1516239627186,78
978,PLAYER_SLEEPBEFORE_END,1516239628054,78
978,WS_SEND_START,1516239628054,78
978,WS_SEND_END,1516239628054,78
978,WS_RECV_START,1516239628054,79
978,WS_RECV_END,1516239629491,79
978,PLAYER_SLEEPBEFORE_START,1516239629491,80
978,PLAYER_SLEEPBEFORE_END,1516239637157,80
978,WS_SEND_START,1516239637157,80
978,WS_SEND_END,1516239637157,80
978,WS_RECV_START,1516239637157,81
978,WS_RECV_END,1516239637273,81
978,PLAYER_SLEEPBEFORE_START,1516239637273,82
978,PLAYER_SLEEPBEFORE_END,1516239638375,82
978,WS_SEND_START,1516239638375,82
978,WS_SEND_END,1516239638376,82
978,WS_RECV_START,1516239638376,83
978,WS_RECV_END,1516239638421,83
978,PLAYER_SLEEPBEFORE_START,1516239638421,84
978,PLAYER_SLEEPBEFORE_END,1516239639368,84
978,WS_SEND_START,1516239639368,84
978,WS_SEND_END,1516239639368,84
978,WS_RECV_START,1516239639368,85
978,WS_RECV_END,1516239639413,85
978,PLAYER_SLEEPBEFORE_START,1516239639413,86
978,PLAYER_SLEEPBEFORE_END,1516239643586,86
978,WS_SEND_START,1516239643586,86
978,WS_SEND_END,1516239643586,86
978,WS_RECV_START,1516239643586,87
978,WS_RECV_END,1516239643764,87
978,PLAYER_SLEEPBEFORE_START,1516239643764,88
978,PLAYER_SLEEPBEFORE_END,1516239643772,88
978,WS_SEND_START,1516239643772,88
978,WS_SEND_END,1516239643772,88
978,WS_RECV_START,1516239643772,89
978,WS_RECV_END,1516239643984,89
978,PLAYER_SLEEPBEFORE_START,1516239643984,90
978,PLAYER_SLEEPBEFORE_END,1516239671181,90
978,REQ_START,1516239671181,90
978,REQ_END,1516239671188,90
978,PLAYER_SLEEPBEFORE_START,1516239671188,91
978,PLAYER_SLEEPBEFORE_END,1516239679078,91
978,WS_SEND_START,1516239679078,91
978,WS_SEND_END,1516239679078,91
978,WS_RECV_START,1516239679078,92
978,WS_RECV_END,1516239680237,92
978,PLAYER_SLEEPBEFORE_START,1516239680237,93
978,PLAYER_SLEEPBEFORE_END,1516239680252,93
978,WS_SEND_START,1516239680252,93
978,WS_SEND_END,1516239680252,93
978,WS_RECV_START,1516239680252,94
978,WS_RECV_END,1516239680736,94
978,PLAYER_SLEEPBEFORE_START,1516239680736,95
978,PLAYER_SLEEPBEFORE_END,1516239704291,95
978,WS_SEND_START,1516239704291,95
978,WS_SEND_END,1516239704291,95
978,WS_RECV_START,1516239704291,96
978,WS_RECV_END,1516239705628,96
978,PLAYER_SLEEPBEFORE_START,1516239705628,97
978,PLAYER_SLEEPBEFORE_END,1516239728069,97
978,WS_SEND_START,1516239728069,97
978,WS_SEND_END,1516239728069,97
978,WS_RECV_START,1516239728069,98
978,WS_RECV_END,1516239729409,98
978,PLAYER_SLEEPBEFORE_START,1516239729409,99
978,PLAYER_SLEEPBEFORE_END,1516239729430,99
978,WS_SEND_START,1516239729430,99
978,WS_SEND_END,1516239729430,99
978,WS_RECV_START,1516239729430,100
978,WS_RECV_END,1516239730178,100
978,PLAYER_SLEEPBEFORE_START,1516239730178,101
978,PLAYER_SLEEPBEFORE_END,1516239753737,101
978,WS_SEND_START,1516239753737,101
978,WS_SEND_END,1516239753737,101
978,WS_RECV_START,1516239753737,102
978,WS_RECV_END,1516239753947,102
978,PLAYER_SLEEPBEFORE_START,1516239753947,103
978,PLAYER_SLEEPBEFORE_END,1516239777579,103
978,WS_SEND_START,1516239777580,103
978,WS_SEND_END,1516239777580,103
978,WS_RECV_START,1516239777580,104
978,WS_RECV_END,1516239777763,104
978,PLAYER_SLEEPBEFORE_START,1516239777763,105
978,PLAYER_SLEEPBEFORE_END,1516239803140,105
978,WS_SEND_START,1516239803140,105
978,WS_SEND_END,1516239803140,105
978,WS_RECV_START,1516239803140,106
978,WS_RECV_END,1516239803384,106
978,PLAYER_SLEEPBEFORE_START,1516239803384,107
978,PLAYER_SLEEPBEFORE_END,1516239826817,107
978,WS_SEND_START,1516239826817,107
978,WS_SEND_END,1516239826817,107
978,WS_RECV_START,1516239826817,108
978,WS_RECV_END,1516239827340,108
978,PLAYER_SLEEPBEFORE_START,1516239827340,109
978,PLAYER_SLEEPBEFORE_END,1516239827350,109
978,WS_SEND_START,1516239827350,109
978,WS_SEND_END,1516239827350,109
978,WS_RECV_START,1516239827350,110
978,WS_RECV_END,1516239827986,110
978,PLAYER_SLEEPBEFORE_START,1516239827986,111
978,PLAYER_SLEEPBEFORE_END,1516239828945,111
978,WS_SEND_START,1516239828945,111
978,WS_SEND_END,1516239828945,111
978,WS_RECV_START,1516239828945,112
978,WS_RECV_END,1516239829783,112
978,PLAYER_SLEEPBEFORE_START,1516239829783,113
978,PLAYER_SLEEPBEFORE_END,1516239830346,113
978,WS_SEND_START,1516239830346,113
978,WS_SEND_END,1516239830346,113
978,WS_RECV_START,1516239830346,114
978,WS_RECV_END,1516239830881,114
978,PLAYER_SLEEPBEFORE_START,1516239830881,115
978,PLAYER_SLEEPBEFORE_END,1516239830891,115
978,WS_SEND_START,1516239830891,115
978,WS_SEND_END,1516239830891,115
978,WS_RECV_START,1516239830891,116
978,WS_RECV_END,1516239831450,116
978,PLAYER_SLEEPBEFORE_START,1516239831450,117
978,PLAYER_SLEEPBEFORE_END,1516239851811,117
978,WS_SEND_START,1516239851811,117
978,WS_SEND_END,1516239851811,117
978,PLAYER_SLEEPBEFORE_START,1516239851811,118
978,PLAYER_SLEEPBEFORE_END,1516239855563,118
978,WS_SEND_START,1516239855563,118
978,WS_SEND_END,1516239855563,118
978,WS_RECV_START,1516239855563,119
978,WS_RECV_END,1516239855958,119
978,PLAYER_SLEEPBEFORE_START,1516239855958,120
978,PLAYER_SLEEPBEFORE_END,1516239856946,120
978,WS_SEND_START,1516239856946,120
978,WS_SEND_END,1516239856946,120
978,WS_RECV_START,1516239856946,121
978,WS_RECV_END,1516239857233,121
978,PLAYER_SLEEPBEFORE_START,1516239857233,122
978,PLAYER_SLEEPBEFORE_END,1516239858418,122
978,WS_SEND_START,1516239858418,122
978,WS_SEND_END,1516239858418,122
978,WS_RECV_START,1516239858418,123
978,WS_RECV_END,1516239858743,123
978,PLAYER_SLEEPBEFORE_START,1516239858743,124
978,PLAYER_SLEEPBEFORE_END,1516239883148,124
978,WS_SEND_START,1516239883148,124
978,WS_SEND_END,1516239883148,124
978,WS_RECV_START,1516239883148,125
978,WS_RECV_END,1516239883415,125
978,PLAYER_SLEEPBEFORE_START,1516239883415,126
978,PLAYER_SLEEPBEFORE_END,1516239903928,126
978,WS_SEND_START,1516239903928,126
978,WS_SEND_END,1516239903928,126
978,PLAYER_SLEEPBEFORE_START,1516239903928,127
978,PLAYER_SLEEPBEFORE_END,1516239906982,127
978,WS_SEND_START,1516239906982,127
978,WS_SEND_END,1516239906982,127
978,WS_RECV_START,1516239906982,128
978,WS_RECV_END,1516239907091,128
978,PLAYER_SLEEPBEFORE_START,1516239907091,129
978,PLAYER_SLEEPBEFORE_END,1516239907111,129
978,WS_SEND_START,1516239907111,129
978,WS_SEND_END,1516239907111,129
978,WS_RECV_START,1516239907111,130
978,WS_RECV_END,1516239907605,130
978,PLAYER_SLEEPBEFORE_START,1516239907605,131
978,PLAYER_SLEEPBEFORE_END,1516239929229,131
978,WS_SEND_START,1516239929229,131
978,WS_SEND_END,1516239929229,131
978,PLAYER_SLEEPBEFORE_START,1516239929230,132
978,PLAYER_SLEEPBEFORE_END,1516239932310,132
978,WS_SEND_START,1516239932310,132
978,WS_SEND_END,1516239932310,132
978,WS_RECV_START,1516239932310,133
978,WS_RECV_END,1516239932458,133
978,PLAYER_SLEEPBEFORE_START,1516239932458,134
978,PLAYER_SLEEPBEFORE_END,1516239953675,134
978,WS_SEND_START,1516239953675,134
978,WS_SEND_END,1516239953675,134
978,PLAYER_SLEEPBEFORE_START,1516239953675,135
978,PLAYER_SLEEPBEFORE_END,1516239956865,135
978,WS_SEND_START,1516239956865,135
978,WS_SEND_END,1516239956865,135
978,WS_RECV_START,1516239956865,136
978,WS_RECV_END,1516239957193,136
978,PLAYER_SLEEPBEFORE_START,1516239957193,137
978,PLAYER_SLEEPBEFORE_END,1516239957200,137
978,WS_SEND_START,1516239957200,137
978,WS_SEND_END,1516239957200,137
978,WS_RECV_START,1516239957201,138
978,WS_RECV_END,1516239957406,138
978,PLAYER_SLEEPBEFORE_START,1516239957406,139
978,PLAYER_SLEEPBEFORE_END,1516239958096,139
978,WS_SEND_START,1516239958096,139
978,WS_SEND_END,1516239958096,139
978,WS_RECV_START,1516239958096,140
978,WS_RECV_END,1516239958567,140
978,PLAYER_SLEEPBEFORE_START,1516239958567,141
978,PLAYER_SLEEPBEFORE_END,1516239959222,141
978,WS_SEND_START,1516239959222,141
978,WS_SEND_END,1516239959222,141
978,WS_RECV_START,1516239959222,142
978,WS_RECV_END,1516239959485,142
978,PLAYER_SLEEPBEFORE_START,1516239959485,143
978,PLAYER_SLEEPBEFORE_END,1516239959542,143
978,WS_SEND_START,1516239959542,143
978,WS_SEND_END,1516239959542,143
978,WS_RECV_START,1516239959542,144
978,WS_RECV_END,1516239959761,144
978,PLAYER_SLEEPBEFORE_START,1516239959761,145
978,PLAYER_SLEEPBEFORE_END,1516239975824,145
978,REQ_START,1516239975824,145
978,REQ_END,1516239975831,145
978,PLAYER_SLEEPBEFORE_START,1516239975831,146
978,PLAYER_SLEEPBEFORE_END,1516239984708,146
978,WS_SEND_START,1516239984708,146
978,WS_SEND_END,1516239984708,146
978,WS_RECV_START,1516239984708,147
978,WS_RECV_END,1516239986661,147
978,PLAYER_SLEEPBEFORE_START,1516239986661,148
978,PLAYER_SLEEPBEFORE_END,1516240008583,148
978,WS_SEND_START,1516240008583,148
978,WS_SEND_END,1516240008583,148
978,PLAYER_SLEEPBEFORE_START,1516240008583,149
978,PLAYER_SLEEPBEFORE_END,1516240011011,149
978,WS_SEND_START,1516240011011,149
978,WS_SEND_END,1516240011011,149
978,WS_RECV_START,1516240011011,150
978,WS_RECV_END,1516240012233,150
978,PLAYER_SLEEPBEFORE_START,1516240012233,151
978,PLAYER_SLEEPBEFORE_END,1516240012443,151
978,WS_SEND_START,1516240012443,151
978,WS_SEND_END,1516240012443,151
978,WS_RECV_START,1516240012443,152
978,WS_RECV_END,1516240014484,152
978,PLAYER_SLEEPBEFORE_START,1516240014485,153
978,PLAYER_SLEEPBEFORE_END,1516240038412,153
978,WS_SEND_START,1516240038412,153
978,WS_SEND_END,1516240038412,153
978,WS_RECV_START,1516240038412,154
978,WS_RECV_END,1516240040673,154
978,PLAYER_SLEEPBEFORE_START,1516240040673,155
978,PLAYER_SLEEPBEFORE_END,1516240063231,155
978,WS_SEND_START,1516240063231,155
978,WS_SEND_END,1516240063231,155
978,PLAYER_SLEEPBEFORE_START,1516240063231,156
978,PLAYER_SLEEPBEFORE_END,1516240066505,156
978,WS_SEND_START,1516240066505,156
978,WS_SEND_END,1516240066505,156
978,WS_RECV_START,1516240066505,157
978,WS_RECV_END,1516240067177,157
978,PLAYER_SLEEPBEFORE_START,1516240067177,158
978,PLAYER_SLEEPBEFORE_END,1516240067187,158
978,WS_SEND_START,1516240067187,158
978,WS_SEND_END,1516240067187,158
978,WS_RECV_START,1516240067187,159
978,WS_RECV_END,1516240067386,159
978,PLAYER_SLEEPBEFORE_START,1516240067386,160
978,PLAYER_SLEEPBEFORE_END,1516240067561,160
978,WS_SEND_START,1516240067561,160
978,WS_SEND_END,1516240067561,160
978,WS_RECV_START,1516240067561,161
978,WS_RECV_END,1516240067723,161
978,PLAYER_SLEEPBEFORE_START,1516240067723,162
978,PLAYER_SLEEPBEFORE_END,1516240067748,162
978,WS_SEND_START,1516240067748,162
978,WS_SEND_END,1516240067748,162
978,WS_RECV_START,1516240067748,163
978,WS_RECV_END,1516240067998,163
978,PLAYER_SLEEPBEFORE_START,1516240067998,164
978,PLAYER_SLEEPBEFORE_END,1516240088810,164
978,WS_SEND_START,1516240088810,164
978,WS_SEND_END,1516240088810,164
978,WS_RECV_START,1516240088810,165
978,WS_RECV_END,1516240090304,165
978,PLAYER_SLEEPBEFORE_START,1516240090304,166
978,PLAYER_SLEEPBEFORE_END,1516240112759,166
978,WS_SEND_START,1516240112759,166
978,WS_SEND_END,1516240112759,166
978,WS_RECV_START,1516240112759,167
978,WS_RECV_END,1516240112890,167
978,PLAYER_SLEEPBEFORE_START,1516240112890,168
978,PLAYER_SLEEPBEFORE_END,1516240140247,168
978,WS_SEND_START,1516240140247,168
978,WS_SEND_END,1516240140247,168
978,WS_RECV_START,1516240140247,169
978,WS_RECV_END,1516240140289,169
978,PLAYER_SLEEPBEFORE_START,1516240140289,170
978,PLAYER_SLEEPBEFORE_END,1516240140298,170
978,WS_SEND_START,1516240140298,170
978,WS_SEND_END,1516240140298,170
978,WS_RECV_START,1516240140298,171
978,WS_RECV_END,1516240140338,171
978,PLAYER_SLEEPBEFORE_START,1516240140338,172
978,PLAYER_SLEEPBEFORE_END,1516240140707,172
978,WS_SEND_START,1516240140707,172
978,WS_SEND_END,1516240140707,172
978,WS_RECV_START,1516240140707,173
978,WS_RECV_END,1516240141007,173
978,PLAYER_SLEEPBEFORE_START,1516240141007,174
978,PLAYER_SLEEPBEFORE_END,1516240141048,174
978,WS_SEND_START,1516240141049,174
978,WS_SEND_END,1516240141049,174
978,WS_RECV_START,1516240141049,175
978,WS_RECV_END,1516240141574,175
978,PLAYER_SLEEPBEFORE_START,1516240141574,176
978,PLAYER_SLEEPBEFORE_END,1516240163335,176
978,WS_SEND_START,1516240163335,176
978,WS_SEND_END,1516240163335,176
978,PLAYER_SLEEPBEFORE_START,1516240163335,177
978,PLAYER_SLEEPBEFORE_END,1516240165853,177
978,WS_SEND_START,1516240165853,177
978,WS_SEND_END,1516240165853,177
978,WS_RECV_START,1516240165853,178
978,WS_RECV_END,1516240166007,178
978,PLAYER_SLEEPBEFORE_START,1516240166007,179
978,PLAYER_SLEEPBEFORE_END,1516240188347,179
978,WS_SEND_START,1516240188348,179
978,WS_SEND_END,1516240188348,179
978,WS_RECV_START,1516240188348,180
978,WS_RECV_END,1516240188474,180
978,PLAYER_SLEEPBEFORE_START,1516240188474,181
978,PLAYER_SLEEPBEFORE_END,1516240188919,181
978,WS_SEND_START,1516240188919,181
978,WS_SEND_END,1516240188919,181
978,WS_RECV_START,1516240188919,182
978,WS_RECV_END,1516240189052,182
978,PLAYER_SLEEPBEFORE_START,1516240189052,183
978,PLAYER_SLEEPBEFORE_END,1516240189575,183
978,WS_SEND_START,1516240189575,183
978,WS_SEND_END,1516240189575,183
978,WS_RECV_START,1516240189575,184
978,WS_RECV_END,1516240189730,184
978,PLAYER_SLEEPBEFORE_START,1516240189730,185
978,PLAYER_SLEEPBEFORE_END,1516240189998,185
978,WS_SEND_START,1516240189998,185
978,WS_SEND_END,1516240189998,185
978,WS_RECV_START,1516240189998,186
978,WS_RECV_END,1516240190149,186
978,PLAYER_SLEEPBEFORE_START,1516240190149,187
978,PLAYER_SLEEPBEFORE_END,1516240212649,187
978,WS_SEND_START,1516240212649,187
978,WS_SEND_END,1516240212649,187
978,WS_RECV_START,1516240212649,188
978,WS_RECV_END,1516240212702,188
978,PLAYER_SLEEPBEFORE_START,1516240212702,189
978,PLAYER_SLEEPBEFORE_END,1516240218941,189
978,WS_SEND_START,1516240218941,189
978,WS_SEND_END,1516240218941,189
978,WS_RECV_START,1516240218941,190
978,WS_RECV_END,1516240219052,190
978,PLAYER_SLEEPBEFORE_START,1516240219052,191
978,PLAYER_SLEEPBEFORE_END,1516240220967,191
978,WS_SEND_START,1516240220967,191
978,WS_SEND_END,1516240220967,191
978,WS_RECV_START,1516240220967,192
978,WS_RECV_END,1516240221086,192
978,PLAYER_SLEEPBEFORE_START,1516240221086,193
978,PLAYER_SLEEPBEFORE_END,1516240221215,193
978,WS_SEND_START,1516240221215,193
978,WS_SEND_END,1516240221215,193
978,WS_RECV_START,1516240221215,194
978,WS_RECV_END,1516240221339,194
978,PLAYER_SLEEPBEFORE_START,1516240221339,195
978,PLAYER_SLEEPBEFORE_END,1516240223094,195
978,WS_SEND_START,1516240223094,195
978,WS_SEND_END,1516240223094,195
978,WS_RECV_START,1516240223094,196
978,WS_RECV_END,1516240223213,196
978,PLAYER_SLEEPBEFORE_START,1516240223213,197
978,PLAYER_SLEEPBEFORE_END,1516240225017,197
978,WS_SEND_START,1516240225017,197
978,WS_SEND_END,1516240225017,197
978,WS_RECV_START,1516240225017,198
978,WS_RECV_END,1516240225167,198
978,PLAYER_SLEEPBEFORE_START,1516240225167,199
978,PLAYER_SLEEPBEFORE_END,1516240237021,199
978,WS_SEND_START,1516240237021,199
978,WS_SEND_END,1516240237021,199
978,PLAYER_SLEEPBEFORE_START,1516240237021,200
978,PLAYER_SLEEPBEFORE_END,1516240241109,200
978,WS_SEND_START,1516240241109,200
978,WS_SEND_END,1516240241109,200
978,WS_RECV_START,1516240241109,201
978,WS_RECV_END,1516240241191,201
978,PLAYER_SLEEPBEFORE_START,1516240241191,202
978,PLAYER_SLEEPBEFORE_END,1516240241205,202
978,WS_SEND_START,1516240241205,202
978,WS_SEND_END,1516240241205,202
978,WS_RECV_START,1516240241205,203
978,WS_RECV_END,1516240241309,203
978,PLAYER_SLEEPBEFORE_START,1516240241309,204
978,PLAYER_SLEEPBEFORE_END,1516240260958,204
978,WS_SEND_START,1516240260958,204
978,WS_SEND_END,1516240260958,204
978,PLAYER_SLEEPBEFORE_START,1516240260958,205
978,PLAYER_SLEEPBEFORE_END,1516240264856,205
978,WS_SEND_START,1516240264856,205
978,WS_SEND_END,1516240264856,205
978,WS_RECV_START,1516240264856,206
978,WS_RECV_END,1516240264968,206
978,PLAYER_SLEEPBEFORE_START,1516240264968,207
978,PLAYER_SLEEPBEFORE_END,1516240281900,207
978,REQ_START,1516240281900,207
978,REQ_END,1516240281907,207
978,PLAYER_SLEEPBEFORE_START,1516240281907,208
978,PLAYER_SLEEPBEFORE_END,1516240288759,208
978,WS_CLOSE_START,1516240288759,208
978,WS_CLOSE_END,1516240288759,208
978,PLAYER_DONE,1516240288759
