# --sessions 180 --app-url=http://shinyloadtest.rstudioservices.com/cran_explorer --output-dir test180 --overwrite-output --log-level warn --start-interval 500 15min.log
thread_id,event,timestamp,input_line_number,comment
160,PLAYER_SESSION_CREATE,1516215133898
160,PLAYER_START_INTERVAL_START,1516215133898
160,PLAYER_START_INTERVAL_END,1516215213898
160,REQ_HOME_START,1516215213898,2
160,REQ_HOME_END,1516215214804,2
160,REQ_START,1516215214804,3
160,REQ_END,1516215215252,3
160,REQ_START,1516215215252,4
160,REQ_END,1516215215697,4
160,REQ_START,1516215215697,5
160,REQ_END,1516215216661,5
160,REQ_START,1516215216661,6
160,REQ_END,1516215217509,6
160,REQ_START,1516215217509,7
160,REQ_END,1516215218205,7
160,REQ_START,1516215218205,8
160,REQ_END,1516215219042,8
160,REQ_START,1516215219042,9
160,REQ_END,1516215219975,9
160,REQ_START,1516215219975,10
160,REQ_END,1516215219983,10
160,REQ_START,1516215219983,11
160,REQ_END,1516215220973,11
160,REQ_START,1516215220973,12
160,REQ_END,1516215220983,12
160,REQ_START,1516215220983,13
160,REQ_END,1516215222288,13
160,REQ_START,1516215222288,14
160,REQ_END,1516215222307,14
160,REQ_START,1516215222307,15
160,REQ_END,1516215227501,15
160,REQ_TOK_START,1516215227501,16
160,REQ_TOK_END,1516215227509,16
160,REQ_SINF_START,1516215227509,17
160,REQ_SINF_END,1516215227519,17
160,WS_OPEN_START,1516215227519,18
160,WS_OPEN_END,1516215227526,18
160,REQ_START,1516215227526,19
160,REQ_END,1516215228806,19
160,WS_RECV_START,1516215228806,20
160,WS_RECV_END,1516215228806,20
160,PLAYER_SLEEPBEFORE_START,1516215228806,21
160,PLAYER_SLEEPBEFORE_END,1516215228811,21
160,WS_SEND_START,1516215228811,21
160,WS_SEND_END,1516215228811,21
160,PLAYER_SLEEPBEFORE_START,1516215228811,22
160,PLAYER_SLEEPBEFORE_END,1516215228812,22
160,WS_SEND_START,1516215228812,22
160,WS_SEND_END,1516215228812,22
160,WS_RECV_INIT_START,1516215228812,23
160,WS_RECV_INIT_END,1516215229383,23
160,WS_RECV_START,1516215229383,24
160,WS_RECV_END,1516215229689,24
160,PLAYER_SLEEPBEFORE_START,1516215229689,25
160,PLAYER_SLEEPBEFORE_END,1516215229696,25
160,REQ_START,1516215229696,25
160,REQ_END,1516215231659,25
160,PLAYER_SLEEPBEFORE_START,1516215231660,26
160,PLAYER_SLEEPBEFORE_END,1516215231661,26
160,REQ_START,1516215231661,26
160,REQ_END,1516215235726,26
160,PLAYER_SLEEPBEFORE_START,1516215235726,27
160,PLAYER_SLEEPBEFORE_END,1516215235729,27
160,REQ_START,1516215235729,27
160,REQ_END,1516215236520,27
160,PLAYER_SLEEPBEFORE_START,1516215236520,28
160,PLAYER_SLEEPBEFORE_END,1516215236805,28
160,REQ_START,1516215236805,28
160,REQ_END,1516215238085,28
160,PLAYER_SLEEPBEFORE_START,1516215238085,29
160,PLAYER_SLEEPBEFORE_END,1516215238260,29
160,WS_SEND_START,1516215238260,29
160,WS_SEND_END,1516215238260,29
160,WS_RECV_START,1516215238260,30
160,WS_RECV_END,1516215239534,30
160,PLAYER_SLEEPBEFORE_START,1516215239534,31
160,PLAYER_SLEEPBEFORE_END,1516215239545,31
160,REQ_START,1516215239545,31
160,REQ_END,1516215242836,31
160,PLAYER_SLEEPBEFORE_START,1516215242836,32
160,PLAYER_SLEEPBEFORE_END,1516215270981,32
160,WS_SEND_START,1516215270981,32
160,WS_SEND_END,1516215270981,32
160,WS_RECV_START,1516215270981,33
160,WS_RECV_END,1516215271075,33
160,PLAYER_SLEEPBEFORE_START,1516215271075,34
160,PLAYER_SLEEPBEFORE_END,1516215296986,34
160,WS_SEND_START,1516215296986,34
160,WS_SEND_END,1516215296986,34
160,WS_RECV_START,1516215296986,35
160,WS_RECV_END,1516215297447,35
160,PLAYER_SLEEPBEFORE_START,1516215297447,36
160,PLAYER_SLEEPBEFORE_END,1516215297456,36
160,WS_SEND_START,1516215297456,36
160,WS_SEND_END,1516215297456,36
160,WS_RECV_START,1516215297456,37
160,WS_RECV_END,1516215297744,37
160,PLAYER_SLEEPBEFORE_START,1516215297744,38
160,PLAYER_SLEEPBEFORE_END,1516215300939,38
160,WS_SEND_START,1516215300939,38
160,WS_SEND_END,1516215300939,38
160,WS_RECV_START,1516215300939,39
160,WS_RECV_END,1516215301117,39
160,PLAYER_SLEEPBEFORE_START,1516215301117,40
160,PLAYER_SLEEPBEFORE_END,1516215301163,40
160,WS_SEND_START,1516215301163,40
160,WS_SEND_END,1516215301163,40
160,WS_RECV_START,1516215301163,41
160,WS_RECV_END,1516215301330,41
160,PLAYER_SLEEPBEFORE_START,1516215301330,42
160,PLAYER_SLEEPBEFORE_END,1516215319466,42
160,WS_SEND_START,1516215319466,42
160,WS_SEND_END,1516215319466,42
160,WS_RECV_START,1516215319466,43
160,WS_RECV_END,1516215319496,43
160,PLAYER_SLEEPBEFORE_START,1516215319496,44
160,PLAYER_SLEEPBEFORE_END,1516215319508,44
160,WS_SEND_START,1516215319508,44
160,WS_SEND_END,1516215319508,44
160,WS_RECV_START,1516215319508,45
160,WS_RECV_END,1516215319668,45
160,PLAYER_SLEEPBEFORE_START,1516215319668,46
160,PLAYER_SLEEPBEFORE_END,1516215320928,46
160,WS_SEND_START,1516215320928,46
160,WS_SEND_END,1516215320928,46
160,WS_RECV_START,1516215320928,47
160,WS_RECV_END,1516215321035,47
160,PLAYER_SLEEPBEFORE_START,1516215321035,48
160,PLAYER_SLEEPBEFORE_END,1516215322355,48
160,WS_SEND_START,1516215322355,48
160,WS_SEND_END,1516215322355,48
160,WS_RECV_START,1516215322355,49
160,WS_RECV_END,1516215322547,49
160,PLAYER_SLEEPBEFORE_START,1516215322547,50
160,PLAYER_SLEEPBEFORE_END,1516215322572,50
160,WS_SEND_START,1516215322572,50
160,WS_SEND_END,1516215322572,50
160,WS_RECV_START,1516215322572,51
160,WS_RECV_END,1516215322706,51
160,PLAYER_SLEEPBEFORE_START,1516215322706,52
160,PLAYER_SLEEPBEFORE_END,1516215345270,52
160,WS_SEND_START,1516215345270,52
160,WS_SEND_END,1516215345270,52
160,WS_RECV_START,1516215345270,53
160,WS_RECV_END,1516215345438,53
160,PLAYER_SLEEPBEFORE_START,1516215345438,54
160,PLAYER_SLEEPBEFORE_END,1516215366741,54
160,WS_SEND_START,1516215366741,54
160,WS_SEND_END,1516215366741,54
160,PLAYER_SLEEPBEFORE_START,1516215366741,55
160,PLAYER_SLEEPBEFORE_END,1516215368682,55
160,WS_SEND_START,1516215368682,55
160,WS_SEND_END,1516215368682,55
160,WS_RECV_START,1516215368682,56
160,WS_RECV_END,1516215369108,56
160,PLAYER_SLEEPBEFORE_START,1516215369108,57
160,PLAYER_SLEEPBEFORE_END,1516215391980,57
160,WS_SEND_START,1516215391981,57
160,WS_SEND_END,1516215391981,57
160,WS_RECV_START,1516215391981,58
160,WS_RECV_END,1516215392022,58
160,PLAYER_SLEEPBEFORE_START,1516215392022,59
160,PLAYER_SLEEPBEFORE_END,1516215394350,59
160,WS_SEND_START,1516215394350,59
160,WS_SEND_END,1516215394350,59
160,WS_RECV_START,1516215394350,60
160,WS_RECV_END,1516215394464,60
160,PLAYER_SLEEPBEFORE_START,1516215394464,61
160,PLAYER_SLEEPBEFORE_END,1516215398056,61
160,WS_SEND_START,1516215398056,61
160,WS_SEND_END,1516215398056,61
160,WS_RECV_START,1516215398056,62
160,WS_RECV_END,1516215398186,62
160,PLAYER_SLEEPBEFORE_START,1516215398186,63
160,PLAYER_SLEEPBEFORE_END,1516215417448,63
160,WS_SEND_START,1516215417448,63
160,WS_SEND_END,1516215417448,63
160,WS_RECV_START,1516215417448,64
160,WS_RECV_END,1516215417938,64
160,PLAYER_SLEEPBEFORE_START,1516215417938,65
160,PLAYER_SLEEPBEFORE_END,1516215444755,65
160,WS_SEND_START,1516215444755,65
160,WS_SEND_END,1516215444755,65
160,WS_RECV_START,1516215444755,66
160,WS_RECV_END,1516215444869,66
160,PLAYER_SLEEPBEFORE_START,1516215444870,67
160,PLAYER_SLEEPBEFORE_END,1516215446377,67
160,WS_SEND_START,1516215446377,67
160,WS_SEND_END,1516215446377,67
160,WS_RECV_START,1516215446377,68
160,WS_RECV_END,1516215446721,68
160,PLAYER_SLEEPBEFORE_START,1516215446721,69
160,PLAYER_SLEEPBEFORE_END,1516215468719,69
160,WS_SEND_START,1516215468719,69
160,WS_SEND_END,1516215468719,69
160,WS_RECV_START,1516215468719,70
160,WS_RECV_END,1516215468883,70
160,PLAYER_SLEEPBEFORE_START,1516215468883,71
160,PLAYER_SLEEPBEFORE_END,1516215493658,71
160,WS_SEND_START,1516215493658,71
160,WS_SEND_END,1516215493658,71
160,PLAYER_SLEEPBEFORE_START,1516215493658,72
160,PLAYER_SLEEPBEFORE_END,1516215496265,72
160,WS_SEND_START,1516215496265,72
160,WS_SEND_END,1516215496265,72
160,WS_RECV_START,1516215496265,73
160,WS_RECV_END,1516215496313,73
160,PLAYER_SLEEPBEFORE_START,1516215496313,74
160,PLAYER_SLEEPBEFORE_END,1516215496322,74
160,WS_SEND_START,1516215496322,74
160,WS_SEND_END,1516215496322,74
160,WS_RECV_START,1516215496322,75
160,WS_RECV_END,1516215496364,75
160,PLAYER_SLEEPBEFORE_START,1516215496364,76
160,PLAYER_SLEEPBEFORE_END,1516215497870,76
160,WS_SEND_START,1516215497871,76
160,WS_SEND_END,1516215497871,76
160,WS_RECV_START,1516215497871,77
160,WS_RECV_END,1516215497897,77
160,PLAYER_SLEEPBEFORE_START,1516215497897,78
160,PLAYER_SLEEPBEFORE_END,1516215498765,78
160,WS_SEND_START,1516215498765,78
160,WS_SEND_END,1516215498765,78
160,WS_RECV_START,1516215498765,79
160,WS_RECV_END,1516215499575,79
160,PLAYER_SLEEPBEFORE_START,1516215499575,80
160,PLAYER_SLEEPBEFORE_END,1516215507241,80
160,WS_SEND_START,1516215507241,80
160,WS_SEND_END,1516215507241,80
160,WS_RECV_START,1516215507241,81
160,WS_RECV_END,1516215507925,81
160,PLAYER_SLEEPBEFORE_START,1516215507925,82
160,PLAYER_SLEEPBEFORE_END,1516215509027,82
160,WS_SEND_START,1516215509027,82
160,WS_SEND_END,1516215509027,82
160,WS_RECV_START,1516215509027,83
160,WS_RECV_END,1516215509975,83
160,PLAYER_SLEEPBEFORE_START,1516215509975,84
160,PLAYER_SLEEPBEFORE_END,1516215510922,84
160,WS_SEND_START,1516215510922,84
160,WS_SEND_END,1516215510922,84
160,WS_RECV_START,1516215510922,85
160,WS_RECV_END,1516215511309,85
160,PLAYER_SLEEPBEFORE_START,1516215511309,86
160,PLAYER_SLEEPBEFORE_END,1516215515482,86
160,WS_SEND_START,1516215515482,86
160,WS_SEND_END,1516215515482,86
160,WS_RECV_START,1516215515482,87
160,WS_RECV_END,1516215515667,87
160,PLAYER_SLEEPBEFORE_START,1516215515667,88
160,PLAYER_SLEEPBEFORE_END,1516215515675,88
160,WS_SEND_START,1516215515675,88
160,WS_SEND_END,1516215515675,88
160,WS_RECV_START,1516215515675,89
160,WS_RECV_END,1516215515779,89
160,PLAYER_SLEEPBEFORE_START,1516215515779,90
160,PLAYER_SLEEPBEFORE_END,1516215542976,90
160,REQ_START,1516215542976,90
160,REQ_END,1516215542983,90
160,PLAYER_SLEEPBEFORE_START,1516215542983,91
160,PLAYER_SLEEPBEFORE_END,1516215550873,91
160,WS_SEND_START,1516215550873,91
160,WS_SEND_END,1516215550873,91
160,WS_RECV_START,1516215550873,92
160,WS_RECV_END,1516215551223,92
160,PLAYER_SLEEPBEFORE_START,1516215551223,93
160,PLAYER_SLEEPBEFORE_END,1516215551238,93
160,WS_SEND_START,1516215551238,93
160,WS_SEND_END,1516215551238,93
160,WS_RECV_START,1516215551238,94
160,WS_RECV_END,1516215551577,94
160,PLAYER_SLEEPBEFORE_START,1516215551577,95
160,PLAYER_SLEEPBEFORE_END,1516215575133,95
160,WS_SEND_START,1516215575133,95
160,WS_SEND_END,1516215575133,95
160,WS_RECV_START,1516215575133,96
160,WS_RECV_END,1516215575247,96
160,PLAYER_SLEEPBEFORE_START,1516215575247,97
160,PLAYER_SLEEPBEFORE_END,1516215597687,97
160,WS_SEND_START,1516215597687,97
160,WS_SEND_END,1516215597687,97
160,WS_RECV_START,1516215597687,98
160,WS_RECV_END,1516215597871,98
160,PLAYER_SLEEPBEFORE_START,1516215597871,99
160,PLAYER_SLEEPBEFORE_END,1516215597893,99
160,WS_SEND_START,1516215597893,99
160,WS_SEND_END,1516215597893,99
160,WS_RECV_START,1516215597893,100
160,WS_RECV_END,1516215598119,100
160,PLAYER_SLEEPBEFORE_START,1516215598119,101
160,PLAYER_SLEEPBEFORE_END,1516215621679,101
160,WS_SEND_START,1516215621679,101
160,WS_SEND_END,1516215621679,101
160,WS_RECV_START,1516215621679,102
160,WS_RECV_END,1516215622005,102
160,PLAYER_SLEEPBEFORE_START,1516215622005,103
160,PLAYER_SLEEPBEFORE_END,1516215645631,103
160,WS_SEND_START,1516215645631,103
160,WS_SEND_END,1516215645631,103
160,WS_RECV_START,1516215645631,104
160,WS_RECV_END,1516215646753,104
160,PLAYER_SLEEPBEFORE_START,1516215646753,105
160,PLAYER_SLEEPBEFORE_END,1516215672130,105
160,WS_SEND_START,1516215672130,105
160,WS_SEND_END,1516215672130,105
160,WS_RECV_START,1516215672130,106
160,WS_RECV_END,1516215672918,106
160,PLAYER_SLEEPBEFORE_START,1516215672918,107
160,PLAYER_SLEEPBEFORE_END,1516215696341,107
160,WS_SEND_START,1516215696341,107
160,WS_SEND_END,1516215696341,107
160,WS_RECV_START,1516215696341,108
160,WS_RECV_END,1516215696884,108
160,PLAYER_SLEEPBEFORE_START,1516215696884,109
160,PLAYER_SLEEPBEFORE_END,1516215696893,109
160,WS_SEND_START,1516215696893,109
160,WS_SEND_END,1516215696893,109
160,WS_RECV_START,1516215696893,110
160,WS_RECV_END,1516215696937,110
160,PLAYER_SLEEPBEFORE_START,1516215696937,111
160,PLAYER_SLEEPBEFORE_END,1516215697896,111
160,WS_SEND_START,1516215697896,111
160,WS_SEND_END,1516215697896,111
160,WS_RECV_START,1516215697896,112
160,WS_RECV_END,1516215697924,112
160,PLAYER_SLEEPBEFORE_START,1516215697924,113
160,PLAYER_SLEEPBEFORE_END,1516215698486,113
160,WS_SEND_START,1516215698486,113
160,WS_SEND_END,1516215698486,113
160,WS_RECV_START,1516215698486,114
160,WS_RECV_END,1516215698755,114
160,PLAYER_SLEEPBEFORE_START,1516215698755,115
160,PLAYER_SLEEPBEFORE_END,1516215698764,115
160,WS_SEND_START,1516215698764,115
160,WS_SEND_END,1516215698764,115
160,WS_RECV_START,1516215698764,116
160,WS_RECV_END,1516215699009,116
160,PLAYER_SLEEPBEFORE_START,1516215699009,117
160,PLAYER_SLEEPBEFORE_END,1516215719369,117
160,WS_SEND_START,1516215719369,117
160,WS_SEND_END,1516215719369,117
160,PLAYER_SLEEPBEFORE_START,1516215719369,118
160,PLAYER_SLEEPBEFORE_END,1516215723121,118
160,WS_SEND_START,1516215723121,118
160,WS_SEND_END,1516215723121,118
160,WS_RECV_START,1516215723121,119
160,WS_RECV_END,1516215723382,119
160,PLAYER_SLEEPBEFORE_START,1516215723382,120
160,PLAYER_SLEEPBEFORE_END,1516215724370,120
160,WS_SEND_START,1516215724370,120
160,WS_SEND_END,1516215724370,120
160,WS_RECV_START,1516215724370,121
160,WS_RECV_END,1516215724471,121
160,PLAYER_SLEEPBEFORE_START,1516215724471,122
160,PLAYER_SLEEPBEFORE_END,1516215725656,122
160,WS_SEND_START,1516215725656,122
160,WS_SEND_END,1516215725656,122
160,WS_RECV_START,1516215725656,123
160,WS_RECV_END,1516215725840,123
160,PLAYER_SLEEPBEFORE_START,1516215725840,124
160,PLAYER_SLEEPBEFORE_END,1516215750245,124
160,WS_SEND_START,1516215750245,124
160,WS_SEND_END,1516215750245,124
160,WS_RECV_START,1516215750245,125
160,WS_RECV_END,1516215750382,125
160,PLAYER_SLEEPBEFORE_START,1516215750382,126
160,PLAYER_SLEEPBEFORE_END,1516215770894,126
160,WS_SEND_START,1516215770894,126
160,WS_SEND_END,1516215770894,126
160,PLAYER_SLEEPBEFORE_START,1516215770894,127
160,PLAYER_SLEEPBEFORE_END,1516215773948,127
160,WS_SEND_START,1516215773948,127
160,WS_SEND_END,1516215773949,127
160,WS_RECV_START,1516215773949,128
160,WS_RECV_END,1516215774144,128
160,PLAYER_SLEEPBEFORE_START,1516215774144,129
160,PLAYER_SLEEPBEFORE_END,1516215774164,129
160,WS_SEND_START,1516215774164,129
160,WS_SEND_END,1516215774164,129
160,WS_RECV_START,1516215774164,130
160,WS_RECV_END,1516215774398,130
160,PLAYER_SLEEPBEFORE_START,1516215774398,131
160,PLAYER_SLEEPBEFORE_END,1516215796022,131
160,WS_SEND_START,1516215796022,131
160,WS_SEND_END,1516215796022,131
160,PLAYER_SLEEPBEFORE_START,1516215796022,132
160,PLAYER_SLEEPBEFORE_END,1516215799102,132
160,WS_SEND_START,1516215799102,132
160,WS_SEND_END,1516215799102,132
160,WS_RECV_START,1516215799102,133
160,WS_RECV_END,1516215799408,133
160,PLAYER_SLEEPBEFORE_START,1516215799408,134
160,PLAYER_SLEEPBEFORE_END,1516215820626,134
160,WS_SEND_START,1516215820626,134
160,WS_SEND_END,1516215820626,134
160,PLAYER_SLEEPBEFORE_START,1516215820626,135
160,PLAYER_SLEEPBEFORE_END,1516215823816,135
160,WS_SEND_START,1516215823816,135
160,WS_SEND_END,1516215823816,135
160,WS_RECV_START,1516215823816,136
160,WS_RECV_END,1516215823849,136
160,PLAYER_SLEEPBEFORE_START,1516215823849,137
160,PLAYER_SLEEPBEFORE_END,1516215823856,137
160,WS_SEND_START,1516215823856,137
160,WS_SEND_END,1516215823856,137
160,WS_RECV_START,1516215823856,138
160,WS_RECV_END,1516215823921,138
160,PLAYER_SLEEPBEFORE_START,1516215823921,139
160,PLAYER_SLEEPBEFORE_END,1516215824611,139
160,WS_SEND_START,1516215824611,139
160,WS_SEND_END,1516215824611,139
160,WS_RECV_START,1516215824612,140
160,WS_RECV_END,1516215824812,140
160,PLAYER_SLEEPBEFORE_START,1516215824812,141
160,PLAYER_SLEEPBEFORE_END,1516215825467,141
160,WS_SEND_START,1516215825467,141
160,WS_SEND_END,1516215825467,141
160,WS_RECV_START,1516215825467,142
160,WS_RECV_END,1516215825674,142
160,PLAYER_SLEEPBEFORE_START,1516215825674,143
160,PLAYER_SLEEPBEFORE_END,1516215825731,143
160,WS_SEND_START,1516215825731,143
160,WS_SEND_END,1516215825731,143
160,WS_RECV_START,1516215825731,144
160,WS_RECV_END,1516215825868,144
160,PLAYER_SLEEPBEFORE_START,1516215825868,145
160,PLAYER_SLEEPBEFORE_END,1516215841931,145
160,REQ_START,1516215841931,145
160,REQ_END,1516215841938,145
160,PLAYER_SLEEPBEFORE_START,1516215841938,146
160,PLAYER_SLEEPBEFORE_END,1516215850815,146
160,WS_SEND_START,1516215850815,146
160,WS_SEND_END,1516215850815,146
160,WS_RECV_START,1516215850815,147
160,WS_RECV_END,1516215851011,147
160,PLAYER_SLEEPBEFORE_START,1516215851011,148
160,PLAYER_SLEEPBEFORE_END,1516215872933,148
160,WS_SEND_START,1516215872933,148
160,WS_SEND_END,1516215872933,148
160,PLAYER_SLEEPBEFORE_START,1516215872933,149
160,PLAYER_SLEEPBEFORE_END,1516215875361,149
160,WS_SEND_START,1516215875361,149
160,WS_SEND_END,1516215875361,149
160,WS_RECV_START,1516215875361,150
160,WS_RECV_END,1516215875573,150
160,PLAYER_SLEEPBEFORE_START,1516215875573,151
160,PLAYER_SLEEPBEFORE_END,1516215875783,151
160,WS_SEND_START,1516215875783,151
160,WS_SEND_END,1516215875783,151
160,WS_RECV_START,1516215875783,152
160,WS_RECV_END,1516215875890,152
160,PLAYER_SLEEPBEFORE_START,1516215875890,153
160,PLAYER_SLEEPBEFORE_END,1516215899817,153
160,WS_SEND_START,1516215899817,153
160,WS_SEND_END,1516215899817,153
160,WS_RECV_START,1516215899817,154
160,WS_RECV_END,1516215899919,154
160,PLAYER_SLEEPBEFORE_START,1516215899919,155
160,PLAYER_SLEEPBEFORE_END,1516215922477,155
160,WS_SEND_START,1516215922477,155
160,WS_SEND_END,1516215922477,155
160,PLAYER_SLEEPBEFORE_START,1516215922477,156
160,PLAYER_SLEEPBEFORE_END,1516215925752,156
160,WS_SEND_START,1516215925752,156
160,WS_SEND_END,1516215925752,156
160,WS_RECV_START,1516215925752,157
160,WS_RECV_END,1516215925783,157
160,PLAYER_SLEEPBEFORE_START,1516215925783,158
160,PLAYER_SLEEPBEFORE_END,1516215925793,158
160,WS_SEND_START,1516215925793,158
160,WS_SEND_END,1516215925793,158
160,WS_RECV_START,1516215925793,159
160,WS_RECV_END,1516215925834,159
160,PLAYER_SLEEPBEFORE_START,1516215925834,160
160,PLAYER_SLEEPBEFORE_END,1516215926009,160
160,WS_SEND_START,1516215926009,160
160,WS_SEND_END,1516215926009,160
160,WS_RECV_START,1516215926009,161
160,WS_RECV_END,1516215926104,161
160,PLAYER_SLEEPBEFORE_START,1516215926104,162
160,PLAYER_SLEEPBEFORE_END,1516215926130,162
160,WS_SEND_START,1516215926130,162
160,WS_SEND_END,1516215926130,162
160,WS_RECV_START,1516215926130,163
160,WS_RECV_END,1516215926347,163
160,PLAYER_SLEEPBEFORE_START,1516215926347,164
160,PLAYER_SLEEPBEFORE_END,1516215947159,164
160,WS_SEND_START,1516215947159,164
160,WS_SEND_END,1516215947159,164
160,WS_RECV_START,1516215947159,165
160,WS_RECV_END,1516215947581,165
160,PLAYER_SLEEPBEFORE_START,1516215947582,166
160,PLAYER_SLEEPBEFORE_END,1516215970037,166
160,WS_SEND_START,1516215970037,166
160,WS_SEND_END,1516215970037,166
160,WS_RECV_START,1516215970037,167
160,WS_RECV_END,1516215971960,167
160,PLAYER_SLEEPBEFORE_START,1516215971960,168
160,PLAYER_SLEEPBEFORE_END,1516215999317,168
160,WS_SEND_START,1516215999317,168
160,WS_SEND_END,1516215999317,168
160,WS_RECV_START,1516215999317,169
160,WS_RECV_END,1516216003519,169
160,PLAYER_SLEEPBEFORE_START,1516216003519,170
160,PLAYER_SLEEPBEFORE_END,1516216003529,170
160,WS_SEND_START,1516216003529,170
160,WS_SEND_END,1516216003529,170
160,WS_RECV_START,1516216003529,171
160,WS_RECV_END,1516216005558,171
160,PLAYER_SLEEPBEFORE_START,1516216005558,172
160,PLAYER_SLEEPBEFORE_END,1516216005927,172
160,WS_SEND_START,1516216005927,172
160,WS_SEND_END,1516216005927,172
160,WS_RECV_START,1516216005927,173
160,WS_RECV_END,1516216008673,173
160,PLAYER_SLEEPBEFORE_START,1516216008673,174
160,PLAYER_SLEEPBEFORE_END,1516216008714,174
160,WS_SEND_START,1516216008714,174
160,WS_SEND_END,1516216008714,174
160,WS_RECV_START,1516216008714,175
160,WS_RECV_END,1516216012329,175
160,PLAYER_SLEEPBEFORE_START,1516216012330,176
160,PLAYER_SLEEPBEFORE_END,1516216034091,176
160,WS_SEND_START,1516216034091,176
160,WS_SEND_END,1516216034091,176
160,PLAYER_SLEEPBEFORE_START,1516216034091,177
160,PLAYER_SLEEPBEFORE_END,1516216036609,177
160,WS_SEND_START,1516216036609,177
160,WS_SEND_END,1516216036609,177
160,WS_RECV_START,1516216036609,178
160,WS_RECV_END,1516216040619,178
160,PLAYER_SLEEPBEFORE_START,1516216040619,179
160,PLAYER_SLEEPBEFORE_END,1516216062959,179
160,WS_SEND_START,1516216062959,179
160,WS_SEND_END,1516216062959,179
160,WS_RECV_START,1516216062959,180
160,WS_RECV_END,1516216066109,180
160,PLAYER_SLEEPBEFORE_START,1516216066109,181
160,PLAYER_SLEEPBEFORE_END,1516216066553,181
160,WS_SEND_START,1516216066553,181
160,WS_SEND_END,1516216066553,181
160,WS_RECV_START,1516216066553,182
160,WS_RECV_END,1516216067363,182
160,PLAYER_SLEEPBEFORE_START,1516216067363,183
160,PLAYER_SLEEPBEFORE_END,1516216067886,183
160,WS_SEND_START,1516216067886,183
160,WS_SEND_END,1516216067886,183
160,WS_RECV_START,1516216067886,184
160,WS_RECV_END,1516216068174,184
160,PLAYER_SLEEPBEFORE_START,1516216068174,185
160,PLAYER_SLEEPBEFORE_END,1516216068442,185
160,WS_SEND_START,1516216068442,185
160,WS_SEND_END,1516216068442,185
160,WS_RECV_START,1516216068442,186
160,WS_RECV_END,1516216069494,186
160,PLAYER_SLEEPBEFORE_START,1516216069494,187
160,PLAYER_SLEEPBEFORE_END,1516216091994,187
160,WS_SEND_START,1516216091994,187
160,WS_SEND_END,1516216091994,187
160,WS_RECV_START,1516216091994,188
160,WS_RECV_END,1516216092048,188
160,PLAYER_SLEEPBEFORE_START,1516216092048,189
160,PLAYER_SLEEPBEFORE_END,1516216098287,189
160,WS_SEND_START,1516216098287,189
160,WS_SEND_END,1516216098288,189
160,WS_RECV_START,1516216098288,190
160,WS_RECV_END,1516216098404,190
160,PLAYER_SLEEPBEFORE_START,1516216098404,191
160,PLAYER_SLEEPBEFORE_END,1516216100319,191
160,WS_SEND_START,1516216100319,191
160,WS_SEND_END,1516216100319,191
160,WS_RECV_START,1516216100319,192
160,WS_RECV_END,1516216100426,192
160,PLAYER_SLEEPBEFORE_START,1516216100426,193
160,PLAYER_SLEEPBEFORE_END,1516216100554,193
160,WS_SEND_START,1516216100555,193
160,WS_SEND_END,1516216100555,193
160,WS_RECV_START,1516216100555,194
160,WS_RECV_END,1516216100690,194
160,PLAYER_SLEEPBEFORE_START,1516216100690,195
160,PLAYER_SLEEPBEFORE_END,1516216102445,195
160,WS_SEND_START,1516216102445,195
160,WS_SEND_END,1516216102445,195
160,WS_RECV_START,1516216102445,196
160,WS_RECV_END,1516216102553,196
160,PLAYER_SLEEPBEFORE_START,1516216102553,197
160,PLAYER_SLEEPBEFORE_END,1516216104357,197
160,WS_SEND_START,1516216104357,197
160,WS_SEND_END,1516216104357,197
160,WS_RECV_START,1516216104357,198
160,WS_RECV_END,1516216104468,198
160,PLAYER_SLEEPBEFORE_START,1516216104468,199
160,PLAYER_SLEEPBEFORE_END,1516216116322,199
160,WS_SEND_START,1516216116322,199
160,WS_SEND_END,1516216116322,199
160,PLAYER_SLEEPBEFORE_START,1516216116322,200
160,PLAYER_SLEEPBEFORE_END,1516216120410,200
160,WS_SEND_START,1516216120410,200
160,WS_SEND_END,1516216120410,200
160,WS_RECV_START,1516216120410,201
160,WS_RECV_END,1516216120497,201
160,PLAYER_SLEEPBEFORE_START,1516216120497,202
160,PLAYER_SLEEPBEFORE_END,1516216120511,202
160,WS_SEND_START,1516216120511,202
160,WS_SEND_END,1516216120511,202
160,WS_RECV_START,1516216120511,203
160,WS_RECV_END,1516216120620,203
160,PLAYER_SLEEPBEFORE_START,1516216120620,204
160,PLAYER_SLEEPBEFORE_END,1516216140269,204
160,WS_SEND_START,1516216140269,204
160,WS_SEND_END,1516216140270,204
160,PLAYER_SLEEPBEFORE_START,1516216140270,205
160,PLAYER_SLEEPBEFORE_END,1516216144168,205
160,WS_SEND_START,1516216144168,205
160,WS_SEND_END,1516216144168,205
160,WS_RECV_START,1516216144168,206
160,WS_RECV_END,1516216144297,206
160,PLAYER_SLEEPBEFORE_START,1516216144297,207
160,PLAYER_SLEEPBEFORE_END,1516216161229,207
160,REQ_START,1516216161229,207
160,REQ_END,1516216161237,207
160,PLAYER_SLEEPBEFORE_START,1516216161237,208
160,PLAYER_SLEEPBEFORE_END,1516216168089,208
160,WS_CLOSE_START,1516216168089,208
160,WS_CLOSE_END,1516216168089,208
160,PLAYER_DONE,1516216168089
