# --sessions 180 --app-url=http://shinyloadtest.rstudioservices.com/cran_explorer --output-dir test180 --overwrite-output --log-level warn --start-interval 500 15min.log
thread_id,event,timestamp,input_line_number,comment
53,PLAYER_SESSION_CREATE,1516215133899
53,PLAYER_START_INTERVAL_START,1516215133899
53,PLAYER_START_INTERVAL_END,1516215160399
53,REQ_HOME_START,1516215160399,2
53,REQ_HOME_END,1516215160488,2
53,REQ_START,1516215160488,3
53,REQ_END,1516215160525,3
53,REQ_START,1516215160525,4
53,REQ_END,1516215160558,4
53,REQ_START,1516215160558,5
53,REQ_END,1516215160615,5
53,REQ_START,1516215160615,6
53,REQ_END,1516215160651,6
53,REQ_START,1516215160651,7
53,REQ_END,1516215160687,7
53,REQ_START,1516215160687,8
53,REQ_END,1516215160724,8
53,REQ_START,1516215160724,9
53,REQ_END,1516215160763,9
53,REQ_START,1516215160763,10
53,REQ_END,1516215160771,10
53,REQ_START,1516215160771,11
53,REQ_END,1516215160919,11
53,REQ_START,1516215160919,12
53,REQ_END,1516215160929,12
53,REQ_START,1516215160929,13
53,REQ_END,1516215160966,13
53,REQ_START,1516215160966,14
53,REQ_END,1516215160984,14
53,REQ_START,1516215160984,15
53,REQ_END,1516215161019,15
53,REQ_TOK_START,1516215161019,16
53,REQ_TOK_END,1516215161026,16
53,REQ_SINF_START,1516215161026,17
53,REQ_SINF_END,1516215161033,17
53,WS_OPEN_START,1516215161033,18
53,WS_OPEN_END,1516215161039,18
53,REQ_START,1516215161039,19
53,REQ_END,1516215161064,19
53,WS_RECV_START,1516215161064,20
53,WS_RECV_END,1516215161064,20
53,PLAYER_SLEEPBEFORE_START,1516215161064,21
53,PLAYER_SLEEPBEFORE_END,1516215161069,21
53,WS_SEND_START,1516215161069,21
53,WS_SEND_END,1516215161069,21
53,PLAYER_SLEEPBEFORE_START,1516215161069,22
53,PLAYER_SLEEPBEFORE_END,1516215161072,22
53,WS_SEND_START,1516215161072,22
53,WS_SEND_END,1516215161072,22
53,WS_RECV_INIT_START,1516215161072,23
53,WS_RECV_INIT_END,1516215161087,23
53,WS_RECV_START,1516215161087,24
53,WS_RECV_END,1516215161170,24
53,PLAYER_SLEEPBEFORE_START,1516215161170,25
53,PLAYER_SLEEPBEFORE_END,1516215161177,25
53,REQ_START,1516215161177,25
53,REQ_END,1516215161214,25
53,PLAYER_SLEEPBEFORE_START,1516215161214,26
53,PLAYER_SLEEPBEFORE_END,1516215161215,26
53,REQ_START,1516215161215,26
53,REQ_END,1516215161247,26
53,PLAYER_SLEEPBEFORE_START,1516215161247,27
53,PLAYER_SLEEPBEFORE_END,1516215161250,27
53,REQ_START,1516215161250,27
53,REQ_END,1516215161284,27
53,PLAYER_SLEEPBEFORE_START,1516215161284,28
53,PLAYER_SLEEPBEFORE_END,1516215161569,28
53,REQ_START,1516215161569,28
53,REQ_END,1516215161617,28
53,PLAYER_SLEEPBEFORE_START,1516215161618,29
53,PLAYER_SLEEPBEFORE_END,1516215161793,29
53,WS_SEND_START,1516215161793,29
53,WS_SEND_END,1516215161793,29
53,WS_RECV_START,1516215161793,30
53,WS_RECV_END,1516215161912,30
53,PLAYER_SLEEPBEFORE_START,1516215161912,31
53,PLAYER_SLEEPBEFORE_END,1516215161923,31
53,REQ_START,1516215161923,31
53,REQ_END,1516215161965,31
53,PLAYER_SLEEPBEFORE_START,1516215161965,32
53,PLAYER_SLEEPBEFORE_END,1516215190110,32
53,WS_SEND_START,1516215190110,32
53,WS_SEND_END,1516215190110,32
53,WS_RECV_START,1516215190110,33
53,WS_RECV_END,1516215190202,33
53,PLAYER_SLEEPBEFORE_START,1516215190202,34
53,PLAYER_SLEEPBEFORE_END,1516215216113,34
53,WS_SEND_START,1516215216113,34
53,WS_SEND_END,1516215216113,34
53,WS_RECV_START,1516215216113,35
53,WS_RECV_END,1516215216583,35
53,PLAYER_SLEEPBEFORE_START,1516215216583,36
53,PLAYER_SLEEPBEFORE_END,1516215216593,36
53,WS_SEND_START,1516215216593,36
53,WS_SEND_END,1516215216593,36
53,WS_RECV_START,1516215216593,37
53,WS_RECV_END,1516215216840,37
53,PLAYER_SLEEPBEFORE_START,1516215216840,38
53,PLAYER_SLEEPBEFORE_END,1516215220035,38
53,WS_SEND_START,1516215220035,38
53,WS_SEND_END,1516215220035,38
53,WS_RECV_START,1516215220035,39
53,WS_RECV_END,1516215220267,39
53,PLAYER_SLEEPBEFORE_START,1516215220267,40
53,PLAYER_SLEEPBEFORE_END,1516215220313,40
53,WS_SEND_START,1516215220313,40
53,WS_SEND_END,1516215220313,40
53,WS_RECV_START,1516215220313,41
53,WS_RECV_END,1516215220500,41
53,PLAYER_SLEEPBEFORE_START,1516215220500,42
53,PLAYER_SLEEPBEFORE_END,1516215238636,42
53,WS_SEND_START,1516215238636,42
53,WS_SEND_END,1516215238636,42
53,WS_RECV_START,1516215238636,43
53,WS_RECV_END,1516215239765,43
53,PLAYER_SLEEPBEFORE_START,1516215239765,44
53,PLAYER_SLEEPBEFORE_END,1516215239777,44
53,WS_SEND_START,1516215239777,44
53,WS_SEND_END,1516215239777,44
53,WS_RECV_START,1516215239777,45
53,WS_RECV_END,1516215240224,45
53,PLAYER_SLEEPBEFORE_START,1516215240224,46
53,PLAYER_SLEEPBEFORE_END,1516215241484,46
53,WS_SEND_START,1516215241484,46
53,WS_SEND_END,1516215241484,46
53,WS_RECV_START,1516215241484,47
53,WS_RECV_END,1516215243278,47
53,PLAYER_SLEEPBEFORE_START,1516215243278,48
53,PLAYER_SLEEPBEFORE_END,1516215244598,48
53,WS_SEND_START,1516215244598,48
53,WS_SEND_END,1516215244598,48
53,WS_RECV_START,1516215244598,49
53,WS_RECV_END,1516215245044,49
53,PLAYER_SLEEPBEFORE_START,1516215245044,50
53,PLAYER_SLEEPBEFORE_END,1516215245068,50
53,WS_SEND_START,1516215245068,50
53,WS_SEND_END,1516215245068,50
53,WS_RECV_START,1516215245068,51
53,WS_RECV_END,1516215245279,51
53,PLAYER_SLEEPBEFORE_START,1516215245279,52
53,PLAYER_SLEEPBEFORE_END,1516215267843,52
53,WS_SEND_START,1516215267843,52
53,WS_SEND_END,1516215267843,52
53,WS_RECV_START,1516215267843,53
53,WS_RECV_END,1516215267992,53
53,PLAYER_SLEEPBEFORE_START,1516215267992,54
53,PLAYER_SLEEPBEFORE_END,1516215289295,54
53,WS_SEND_START,1516215289295,54
53,WS_SEND_END,1516215289295,54
53,PLAYER_SLEEPBEFORE_START,1516215289295,55
53,PLAYER_SLEEPBEFORE_END,1516215291236,55
53,WS_SEND_START,1516215291236,55
53,WS_SEND_END,1516215291236,55
53,WS_RECV_START,1516215291236,56
53,WS_RECV_END,1516215291311,56
53,PLAYER_SLEEPBEFORE_START,1516215291311,57
53,PLAYER_SLEEPBEFORE_END,1516215314183,57
53,WS_SEND_START,1516215314183,57
53,WS_SEND_END,1516215314183,57
53,WS_RECV_START,1516215314183,58
53,WS_RECV_END,1516215314354,58
53,PLAYER_SLEEPBEFORE_START,1516215314354,59
53,PLAYER_SLEEPBEFORE_END,1516215316681,59
53,WS_SEND_START,1516215316681,59
53,WS_SEND_END,1516215316681,59
53,WS_RECV_START,1516215316681,60
53,WS_RECV_END,1516215317004,60
53,PLAYER_SLEEPBEFORE_START,1516215317004,61
53,PLAYER_SLEEPBEFORE_END,1516215320595,61
53,WS_SEND_START,1516215320595,61
53,WS_SEND_END,1516215320595,61
53,WS_RECV_START,1516215320595,62
53,WS_RECV_END,1516215320705,62
53,PLAYER_SLEEPBEFORE_START,1516215320705,63
53,PLAYER_SLEEPBEFORE_END,1516215339967,63
53,WS_SEND_START,1516215339967,63
53,WS_SEND_END,1516215339967,63
53,WS_RECV_START,1516215339967,64
53,WS_RECV_END,1516215340033,64
53,PLAYER_SLEEPBEFORE_START,1516215340033,65
53,PLAYER_SLEEPBEFORE_END,1516215366850,65
53,WS_SEND_START,1516215366850,65
53,WS_SEND_END,1516215366850,65
53,WS_RECV_START,1516215366850,66
53,WS_RECV_END,1516215366971,66
53,PLAYER_SLEEPBEFORE_START,1516215366972,67
53,PLAYER_SLEEPBEFORE_END,1516215368479,67
53,WS_SEND_START,1516215368479,67
53,WS_SEND_END,1516215368479,67
53,WS_RECV_START,1516215368479,68
53,WS_RECV_END,1516215368695,68
53,PLAYER_SLEEPBEFORE_START,1516215368695,69
53,PLAYER_SLEEPBEFORE_END,1516215390693,69
53,WS_SEND_START,1516215390693,69
53,WS_SEND_END,1516215390693,69
53,WS_RECV_START,1516215390693,70
53,WS_RECV_END,1516215390794,70
53,PLAYER_SLEEPBEFORE_START,1516215390794,71
53,PLAYER_SLEEPBEFORE_END,1516215415569,71
53,WS_SEND_START,1516215415569,71
53,WS_SEND_END,1516215415569,71
53,PLAYER_SLEEPBEFORE_START,1516215415569,72
53,PLAYER_SLEEPBEFORE_END,1516215418176,72
53,WS_SEND_START,1516215418176,72
53,WS_SEND_END,1516215418176,72
53,WS_RECV_START,1516215418176,73
53,WS_RECV_END,1516215418769,73
53,PLAYER_SLEEPBEFORE_START,1516215418769,74
53,PLAYER_SLEEPBEFORE_END,1516215418778,74
53,WS_SEND_START,1516215418778,74
53,WS_SEND_END,1516215418778,74
53,WS_RECV_START,1516215418778,75
53,WS_RECV_END,1516215419204,75
53,PLAYER_SLEEPBEFORE_START,1516215419204,76
53,PLAYER_SLEEPBEFORE_END,1516215420710,76
53,WS_SEND_START,1516215420710,76
53,WS_SEND_END,1516215420710,76
53,WS_RECV_START,1516215420710,77
53,WS_RECV_END,1516215420959,77
53,PLAYER_SLEEPBEFORE_START,1516215420959,78
53,PLAYER_SLEEPBEFORE_END,1516215421827,78
53,WS_SEND_START,1516215421827,78
53,WS_SEND_END,1516215421827,78
53,WS_RECV_START,1516215421827,79
53,WS_RECV_END,1516215422002,79
53,PLAYER_SLEEPBEFORE_START,1516215422002,80
53,PLAYER_SLEEPBEFORE_END,1516215429668,80
53,WS_SEND_START,1516215429668,80
53,WS_SEND_END,1516215429668,80
53,WS_RECV_START,1516215429668,81
53,WS_RECV_END,1516215429942,81
53,PLAYER_SLEEPBEFORE_START,1516215429942,82
53,PLAYER_SLEEPBEFORE_END,1516215431044,82
53,WS_SEND_START,1516215431044,82
53,WS_SEND_END,1516215431044,82
53,WS_RECV_START,1516215431044,83
53,WS_RECV_END,1516215431186,83
53,PLAYER_SLEEPBEFORE_START,1516215431186,84
53,PLAYER_SLEEPBEFORE_END,1516215432133,84
53,WS_SEND_START,1516215432133,84
53,WS_SEND_END,1516215432133,84
53,WS_RECV_START,1516215432133,85
53,WS_RECV_END,1516215432517,85
53,PLAYER_SLEEPBEFORE_START,1516215432517,86
53,PLAYER_SLEEPBEFORE_END,1516215436689,86
53,WS_SEND_START,1516215436689,86
53,WS_SEND_END,1516215436689,86
53,WS_RECV_START,1516215436689,87
53,WS_RECV_END,1516215436822,87
53,PLAYER_SLEEPBEFORE_START,1516215436822,88
53,PLAYER_SLEEPBEFORE_END,1516215436830,88
53,WS_SEND_START,1516215436830,88
53,WS_SEND_END,1516215436830,88
53,WS_RECV_START,1516215436830,89
53,WS_RECV_END,1516215437005,89
53,PLAYER_SLEEPBEFORE_START,1516215437005,90
53,PLAYER_SLEEPBEFORE_END,1516215464202,90
53,REQ_START,1516215464202,90
53,REQ_END,1516215464209,90
53,PLAYER_SLEEPBEFORE_START,1516215464209,91
53,PLAYER_SLEEPBEFORE_END,1516215472099,91
53,WS_SEND_START,1516215472099,91
53,WS_SEND_END,1516215472099,91
53,WS_RECV_START,1516215472099,92
53,WS_RECV_END,1516215472238,92
53,PLAYER_SLEEPBEFORE_START,1516215472238,93
53,PLAYER_SLEEPBEFORE_END,1516215472253,93
53,WS_SEND_START,1516215472253,93
53,WS_SEND_END,1516215472253,93
53,WS_RECV_START,1516215472253,94
53,WS_RECV_END,1516215472481,94
53,PLAYER_SLEEPBEFORE_START,1516215472481,95
53,PLAYER_SLEEPBEFORE_END,1516215496036,95
53,WS_SEND_START,1516215496036,95
53,WS_SEND_END,1516215496036,95
53,WS_RECV_START,1516215496036,96
53,WS_RECV_END,1516215496153,96
53,PLAYER_SLEEPBEFORE_START,1516215496153,97
53,PLAYER_SLEEPBEFORE_END,1516215518594,97
53,WS_SEND_START,1516215518594,97
53,WS_SEND_END,1516215518594,97
53,WS_RECV_START,1516215518594,98
53,WS_RECV_END,1516215518797,98
53,PLAYER_SLEEPBEFORE_START,1516215518797,99
53,PLAYER_SLEEPBEFORE_END,1516215518818,99
53,WS_SEND_START,1516215518818,99
53,WS_SEND_END,1516215518818,99
53,WS_RECV_START,1516215518818,100
53,WS_RECV_END,1516215518991,100
53,PLAYER_SLEEPBEFORE_START,1516215518991,101
53,PLAYER_SLEEPBEFORE_END,1516215542550,101
53,WS_SEND_START,1516215542550,101
53,WS_SEND_END,1516215542550,101
53,WS_RECV_START,1516215542550,102
53,WS_RECV_END,1516215542756,102
53,PLAYER_SLEEPBEFORE_START,1516215542756,103
53,PLAYER_SLEEPBEFORE_END,1516215566381,103
53,WS_SEND_START,1516215566381,103
53,WS_SEND_END,1516215566381,103
53,WS_RECV_START,1516215566381,104
53,WS_RECV_END,1516215566663,104
53,PLAYER_SLEEPBEFORE_START,1516215566663,105
53,PLAYER_SLEEPBEFORE_END,1516215592040,105
53,WS_SEND_START,1516215592040,105
53,WS_SEND_END,1516215592040,105
53,WS_RECV_START,1516215592040,106
53,WS_RECV_END,1516215592154,106
53,PLAYER_SLEEPBEFORE_START,1516215592154,107
53,PLAYER_SLEEPBEFORE_END,1516215615577,107
53,WS_SEND_START,1516215615577,107
53,WS_SEND_END,1516215615577,107
53,WS_RECV_START,1516215615577,108
53,WS_RECV_END,1516215615615,108
53,PLAYER_SLEEPBEFORE_START,1516215615615,109
53,PLAYER_SLEEPBEFORE_END,1516215615624,109
53,WS_SEND_START,1516215615624,109
53,WS_SEND_END,1516215615624,109
53,WS_RECV_START,1516215615624,110
53,WS_RECV_END,1516215615665,110
53,PLAYER_SLEEPBEFORE_START,1516215615665,111
53,PLAYER_SLEEPBEFORE_END,1516215616624,111
53,WS_SEND_START,1516215616624,111
53,WS_SEND_END,1516215616624,111
53,WS_RECV_START,1516215616624,112
53,WS_RECV_END,1516215616811,112
53,PLAYER_SLEEPBEFORE_START,1516215616811,113
53,PLAYER_SLEEPBEFORE_END,1516215617374,113
53,WS_SEND_START,1516215617374,113
53,WS_SEND_END,1516215617374,113
53,WS_RECV_START,1516215617374,114
53,WS_RECV_END,1516215617516,114
53,PLAYER_SLEEPBEFORE_START,1516215617516,115
53,PLAYER_SLEEPBEFORE_END,1516215617525,115
53,WS_SEND_START,1516215617525,115
53,WS_SEND_END,1516215617525,115
53,WS_RECV_START,1516215617525,116
53,WS_RECV_END,1516215617654,116
53,PLAYER_SLEEPBEFORE_START,1516215617654,117
53,PLAYER_SLEEPBEFORE_END,1516215638014,117
53,WS_SEND_START,1516215638014,117
53,WS_SEND_END,1516215638014,117
53,PLAYER_SLEEPBEFORE_START,1516215638014,118
53,PLAYER_SLEEPBEFORE_END,1516215641766,118
53,WS_SEND_START,1516215641766,118
53,WS_SEND_END,1516215641766,118
53,WS_RECV_START,1516215641766,119
53,WS_RECV_END,1516215643343,119
53,PLAYER_SLEEPBEFORE_START,1516215643343,120
53,PLAYER_SLEEPBEFORE_END,1516215644331,120
53,WS_SEND_START,1516215644331,120
53,WS_SEND_END,1516215644331,120
53,WS_RECV_START,1516215644331,121
53,WS_RECV_END,1516215645478,121
53,PLAYER_SLEEPBEFORE_START,1516215645478,122
53,PLAYER_SLEEPBEFORE_END,1516215646663,122
53,WS_SEND_START,1516215646663,122
53,WS_SEND_END,1516215646663,122
53,WS_RECV_START,1516215646663,123
53,WS_RECV_END,1516215646998,123
53,PLAYER_SLEEPBEFORE_START,1516215646998,124
53,PLAYER_SLEEPBEFORE_END,1516215671404,124
53,WS_SEND_START,1516215671404,124
53,WS_SEND_END,1516215671404,124
53,WS_RECV_START,1516215671404,125
53,WS_RECV_END,1516215672003,125
53,PLAYER_SLEEPBEFORE_START,1516215672003,126
53,PLAYER_SLEEPBEFORE_END,1516215692515,126
53,WS_SEND_START,1516215692515,126
53,WS_SEND_END,1516215692515,126
53,PLAYER_SLEEPBEFORE_START,1516215692515,127
53,PLAYER_SLEEPBEFORE_END,1516215695570,127
53,WS_SEND_START,1516215695570,127
53,WS_SEND_END,1516215695570,127
53,WS_RECV_START,1516215695570,128
53,WS_RECV_END,1516215696002,128
53,PLAYER_SLEEPBEFORE_START,1516215696002,129
53,PLAYER_SLEEPBEFORE_END,1516215696022,129
53,WS_SEND_START,1516215696022,129
53,WS_SEND_END,1516215696022,129
53,WS_RECV_START,1516215696022,130
53,WS_RECV_END,1516215696713,130
53,PLAYER_SLEEPBEFORE_START,1516215696713,131
53,PLAYER_SLEEPBEFORE_END,1516215718337,131
53,WS_SEND_START,1516215718337,131
53,WS_SEND_END,1516215718337,131
53,PLAYER_SLEEPBEFORE_START,1516215718337,132
53,PLAYER_SLEEPBEFORE_END,1516215721417,132
53,WS_SEND_START,1516215721417,132
53,WS_SEND_END,1516215721417,132
53,WS_RECV_START,1516215721417,133
53,WS_RECV_END,1516215721625,133
53,PLAYER_SLEEPBEFORE_START,1516215721625,134
53,PLAYER_SLEEPBEFORE_END,1516215742842,134
53,WS_SEND_START,1516215742842,134
53,WS_SEND_END,1516215742842,134
53,PLAYER_SLEEPBEFORE_START,1516215742842,135
53,PLAYER_SLEEPBEFORE_END,1516215746032,135
53,WS_SEND_START,1516215746032,135
53,WS_SEND_END,1516215746032,135
53,WS_RECV_START,1516215746032,136
53,WS_RECV_END,1516215746162,136
53,PLAYER_SLEEPBEFORE_START,1516215746162,137
53,PLAYER_SLEEPBEFORE_END,1516215746169,137
53,WS_SEND_START,1516215746169,137
53,WS_SEND_END,1516215746169,137
53,WS_RECV_START,1516215746169,138
53,WS_RECV_END,1516215746393,138
53,PLAYER_SLEEPBEFORE_START,1516215746393,139
53,PLAYER_SLEEPBEFORE_END,1516215747083,139
53,WS_SEND_START,1516215747083,139
53,WS_SEND_END,1516215747083,139
53,WS_RECV_START,1516215747083,140
53,WS_RECV_END,1516215747568,140
53,PLAYER_SLEEPBEFORE_START,1516215747568,141
53,PLAYER_SLEEPBEFORE_END,1516215748223,141
53,WS_SEND_START,1516215748223,141
53,WS_SEND_END,1516215748223,141
53,WS_RECV_START,1516215748223,142
53,WS_RECV_END,1516215748818,142
53,PLAYER_SLEEPBEFORE_START,1516215748818,143
53,PLAYER_SLEEPBEFORE_END,1516215748875,143
53,WS_SEND_START,1516215748875,143
53,WS_SEND_END,1516215748875,143
53,WS_RECV_START,1516215748875,144
53,WS_RECV_END,1516215749045,144
53,PLAYER_SLEEPBEFORE_START,1516215749045,145
53,PLAYER_SLEEPBEFORE_END,1516215765107,145
53,REQ_START,1516215765107,145
53,REQ_END,1516215765115,145
53,PLAYER_SLEEPBEFORE_START,1516215765115,146
53,PLAYER_SLEEPBEFORE_END,1516215773992,146
53,WS_SEND_START,1516215773992,146
53,WS_SEND_END,1516215773992,146
53,WS_RECV_START,1516215773992,147
53,WS_RECV_END,1516215774263,147
53,PLAYER_SLEEPBEFORE_START,1516215774263,148
53,PLAYER_SLEEPBEFORE_END,1516215796186,148
53,WS_SEND_START,1516215796186,148
53,WS_SEND_END,1516215796186,148
53,PLAYER_SLEEPBEFORE_START,1516215796186,149
53,PLAYER_SLEEPBEFORE_END,1516215798614,149
53,WS_SEND_START,1516215798614,149
53,WS_SEND_END,1516215798614,149
53,WS_RECV_START,1516215798614,150
53,WS_RECV_END,1516215798889,150
53,PLAYER_SLEEPBEFORE_START,1516215798889,151
53,PLAYER_SLEEPBEFORE_END,1516215799099,151
53,WS_SEND_START,1516215799099,151
53,WS_SEND_END,1516215799099,151
53,WS_RECV_START,1516215799099,152
53,WS_RECV_END,1516215799289,152
53,PLAYER_SLEEPBEFORE_START,1516215799289,153
53,PLAYER_SLEEPBEFORE_END,1516215823216,153
53,WS_SEND_START,1516215823216,153
53,WS_SEND_END,1516215823216,153
53,WS_RECV_START,1516215823216,154
53,WS_RECV_END,1516215823325,154
53,PLAYER_SLEEPBEFORE_START,1516215823325,155
53,PLAYER_SLEEPBEFORE_END,1516215845883,155
53,WS_SEND_START,1516215845883,155
53,WS_SEND_END,1516215845883,155
53,PLAYER_SLEEPBEFORE_START,1516215845883,156
53,PLAYER_SLEEPBEFORE_END,1516215849157,156
53,WS_SEND_START,1516215849157,156
53,WS_SEND_END,1516215849157,156
53,WS_RECV_START,1516215849157,157
53,WS_RECV_END,1516215849401,157
53,PLAYER_SLEEPBEFORE_START,1516215849401,158
53,PLAYER_SLEEPBEFORE_END,1516215849411,158
53,WS_SEND_START,1516215849411,158
53,WS_SEND_END,1516215849411,158
53,WS_RECV_START,1516215849411,159
53,WS_RECV_END,1516215849469,159
53,PLAYER_SLEEPBEFORE_START,1516215849469,160
53,PLAYER_SLEEPBEFORE_END,1516215849645,160
53,WS_SEND_START,1516215849645,160
53,WS_SEND_END,1516215849645,160
53,WS_RECV_START,1516215849645,161
53,WS_RECV_END,1516215849746,161
53,PLAYER_SLEEPBEFORE_START,1516215849746,162
53,PLAYER_SLEEPBEFORE_END,1516215849772,162
53,WS_SEND_START,1516215849772,162
53,WS_SEND_END,1516215849772,162
53,WS_RECV_START,1516215849772,163
53,WS_RECV_END,1516215849885,163
53,PLAYER_SLEEPBEFORE_START,1516215849885,164
53,PLAYER_SLEEPBEFORE_END,1516215870697,164
53,WS_SEND_START,1516215870697,164
53,WS_SEND_END,1516215870697,164
53,WS_RECV_START,1516215870697,165
53,WS_RECV_END,1516215870815,165
53,PLAYER_SLEEPBEFORE_START,1516215870815,166
53,PLAYER_SLEEPBEFORE_END,1516215893270,166
53,WS_SEND_START,1516215893270,166
53,WS_SEND_END,1516215893270,166
53,WS_RECV_START,1516215893270,167
53,WS_RECV_END,1516215893399,167
53,PLAYER_SLEEPBEFORE_START,1516215893399,168
53,PLAYER_SLEEPBEFORE_END,1516215920756,168
53,WS_SEND_START,1516215920756,168
53,WS_SEND_END,1516215920756,168
53,WS_RECV_START,1516215920756,169
53,WS_RECV_END,1516215920880,169
53,PLAYER_SLEEPBEFORE_START,1516215920880,170
53,PLAYER_SLEEPBEFORE_END,1516215920889,170
53,WS_SEND_START,1516215920889,170
53,WS_SEND_END,1516215920889,170
53,WS_RECV_START,1516215920889,171
53,WS_RECV_END,1516215921158,171
53,PLAYER_SLEEPBEFORE_START,1516215921158,172
53,PLAYER_SLEEPBEFORE_END,1516215921527,172
53,WS_SEND_START,1516215921527,172
53,WS_SEND_END,1516215921527,172
53,WS_RECV_START,1516215921527,173
53,WS_RECV_END,1516215921641,173
53,PLAYER_SLEEPBEFORE_START,1516215921641,174
53,PLAYER_SLEEPBEFORE_END,1516215921682,174
53,WS_SEND_START,1516215921682,174
53,WS_SEND_END,1516215921682,174
53,WS_RECV_START,1516215921682,175
53,WS_RECV_END,1516215921795,175
53,PLAYER_SLEEPBEFORE_START,1516215921795,176
53,PLAYER_SLEEPBEFORE_END,1516215943556,176
53,WS_SEND_START,1516215943556,176
53,WS_SEND_END,1516215943556,176
53,PLAYER_SLEEPBEFORE_START,1516215943556,177
53,PLAYER_SLEEPBEFORE_END,1516215946074,177
53,WS_SEND_START,1516215946074,177
53,WS_SEND_END,1516215946074,177
53,WS_RECV_START,1516215946074,178
53,WS_RECV_END,1516215946278,178
53,PLAYER_SLEEPBEFORE_START,1516215946278,179
53,PLAYER_SLEEPBEFORE_END,1516215968618,179
53,WS_SEND_START,1516215968618,179
53,WS_SEND_END,1516215968618,179
53,WS_RECV_START,1516215968618,180
53,WS_RECV_END,1516215970585,180
53,PLAYER_SLEEPBEFORE_START,1516215970585,181
53,PLAYER_SLEEPBEFORE_END,1516215971029,181
53,WS_SEND_START,1516215971029,181
53,WS_SEND_END,1516215971029,181
53,WS_RECV_START,1516215971029,182
53,WS_RECV_END,1516215973718,182
53,PLAYER_SLEEPBEFORE_START,1516215973718,183
53,PLAYER_SLEEPBEFORE_END,1516215974241,183
53,WS_SEND_START,1516215974241,183
53,WS_SEND_END,1516215974242,183
53,WS_RECV_START,1516215974242,184
53,WS_RECV_END,1516215975334,184
53,PLAYER_SLEEPBEFORE_START,1516215975334,185
53,PLAYER_SLEEPBEFORE_END,1516215975602,185
53,WS_SEND_START,1516215975602,185
53,WS_SEND_END,1516215975602,185
53,WS_RECV_START,1516215975602,186
53,WS_RECV_END,1516215976403,186
53,PLAYER_SLEEPBEFORE_START,1516215976403,187
53,PLAYER_SLEEPBEFORE_END,1516215998903,187
53,WS_SEND_START,1516215998903,187
53,WS_SEND_END,1516215998903,187
53,WS_RECV_START,1516215998903,188
53,WS_RECV_END,1516216002829,188
53,PLAYER_SLEEPBEFORE_START,1516216002829,189
53,PLAYER_SLEEPBEFORE_END,1516216009069,189
53,WS_SEND_START,1516216009069,189
53,WS_SEND_END,1516216009069,189
53,WS_RECV_START,1516216009069,190
53,WS_RECV_END,1516216015451,190
53,PLAYER_SLEEPBEFORE_START,1516216015451,191
53,PLAYER_SLEEPBEFORE_END,1516216017366,191
53,WS_SEND_START,1516216017366,191
53,WS_SEND_END,1516216017366,191
53,WS_RECV_START,1516216017366,192
53,WS_RECV_END,1516216024597,192
53,PLAYER_SLEEPBEFORE_START,1516216024597,193
53,PLAYER_SLEEPBEFORE_END,1516216024725,193
53,WS_SEND_START,1516216024725,193
53,WS_SEND_END,1516216024726,193
53,WS_RECV_START,1516216024726,194
53,WS_RECV_END,1516216028199,194
53,PLAYER_SLEEPBEFORE_START,1516216028199,195
53,PLAYER_SLEEPBEFORE_END,1516216029955,195
53,WS_SEND_START,1516216029955,195
53,WS_SEND_END,1516216029955,195
53,WS_RECV_START,1516216029955,196
53,WS_RECV_END,1516216032616,196
53,PLAYER_SLEEPBEFORE_START,1516216032616,197
53,PLAYER_SLEEPBEFORE_END,1516216034420,197
53,WS_SEND_START,1516216034420,197
53,WS_SEND_END,1516216034420,197
53,WS_RECV_START,1516216034420,198
53,WS_RECV_END,1516216036402,198
53,PLAYER_SLEEPBEFORE_START,1516216036402,199
53,PLAYER_SLEEPBEFORE_END,1516216048257,199
53,WS_SEND_START,1516216048257,199
53,WS_SEND_END,1516216048257,199
53,PLAYER_SLEEPBEFORE_START,1516216048257,200
53,PLAYER_SLEEPBEFORE_END,1516216052345,200
53,WS_SEND_START,1516216052345,200
53,WS_SEND_END,1516216052345,200
53,WS_RECV_START,1516216052345,201
53,WS_RECV_END,1516216054651,201
53,PLAYER_SLEEPBEFORE_START,1516216054651,202
53,PLAYER_SLEEPBEFORE_END,1516216054665,202
53,WS_SEND_START,1516216054665,202
53,WS_SEND_END,1516216054665,202
53,WS_RECV_START,1516216054665,203
53,WS_RECV_END,1516216058038,203
53,PLAYER_SLEEPBEFORE_START,1516216058038,204
53,PLAYER_SLEEPBEFORE_END,1516216077688,204
53,WS_SEND_START,1516216077688,204
53,WS_SEND_END,1516216077688,204
53,PLAYER_SLEEPBEFORE_START,1516216077688,205
53,PLAYER_SLEEPBEFORE_END,1516216081586,205
53,WS_SEND_START,1516216081586,205
53,WS_SEND_END,1516216081586,205
53,WS_RECV_START,1516216081586,206
53,WS_RECV_END,1516216083451,206
53,PLAYER_SLEEPBEFORE_START,1516216083451,207
53,PLAYER_SLEEPBEFORE_END,1516216100382,207
53,REQ_START,1516216100382,207
53,REQ_END,1516216100389,207
53,PLAYER_SLEEPBEFORE_START,1516216100389,208
53,PLAYER_SLEEPBEFORE_END,1516216107241,208
53,WS_CLOSE_START,1516216107241,208
53,WS_CLOSE_END,1516216107242,208
53,PLAYER_DONE,1516216107242
