# --sessions 180 --app-url=http://shinyloadtest.rstudioservices.com/cran_explorer --output-dir test180 --overwrite-output --log-level warn --start-interval 500 15min.log
thread_id,event,timestamp,input_line_number,comment
63,PLAYER_SESSION_CREATE,1516215133860
63,PLAYER_START_INTERVAL_START,1516215133860
63,PLAYER_START_INTERVAL_END,1516215165360
63,REQ_HOME_START,1516215165360,2
63,REQ_HOME_END,1516215165467,2
63,REQ_START,1516215165467,3
63,REQ_END,1516215165500,3
63,REQ_START,1516215165500,4
63,REQ_END,1516215165532,4
63,REQ_START,1516215165532,5
63,REQ_END,1516215165564,5
63,REQ_START,1516215165564,6
63,REQ_END,1516215165596,6
63,REQ_START,1516215165596,7
63,REQ_END,1516215165629,7
63,REQ_START,1516215165629,8
63,REQ_END,1516215165676,8
63,REQ_START,1516215165676,9
63,REQ_END,1516215165712,9
63,REQ_START,1516215165712,10
63,REQ_END,1516215165720,10
63,REQ_START,1516215165720,11
63,REQ_END,1516215165752,11
63,REQ_START,1516215165752,12
63,REQ_END,1516215165763,12
63,REQ_START,1516215165763,13
63,REQ_END,1516215165795,13
63,REQ_START,1516215165795,14
63,REQ_END,1516215165809,14
63,REQ_START,1516215165809,15
63,REQ_END,1516215165843,15
63,REQ_TOK_START,1516215165844,16
63,REQ_TOK_END,1516215165850,16
63,REQ_SINF_START,1516215165851,17
63,REQ_SINF_END,1516215165857,17
63,WS_OPEN_START,1516215165857,18
63,WS_OPEN_END,1516215165863,18
63,REQ_START,1516215165863,19
63,REQ_END,1516215166004,19
63,WS_RECV_START,1516215166004,20
63,WS_RECV_END,1516215166004,20
63,PLAYER_SLEEPBEFORE_START,1516215166004,21
63,PLAYER_SLEEPBEFORE_END,1516215166009,21
63,WS_SEND_START,1516215166009,21
63,WS_SEND_END,1516215166009,21
63,PLAYER_SLEEPBEFORE_START,1516215166009,22
63,PLAYER_SLEEPBEFORE_END,1516215166010,22
63,WS_SEND_START,1516215166010,22
63,WS_SEND_END,1516215166010,22
63,WS_RECV_INIT_START,1516215166010,23
63,WS_RECV_INIT_END,1516215166045,23
63,WS_RECV_START,1516215166045,24
63,WS_RECV_END,1516215166097,24
63,PLAYER_SLEEPBEFORE_START,1516215166097,25
63,PLAYER_SLEEPBEFORE_END,1516215166104,25
63,REQ_START,1516215166104,25
63,REQ_END,1516215166232,25
63,PLAYER_SLEEPBEFORE_START,1516215166232,26
63,PLAYER_SLEEPBEFORE_END,1516215166233,26
63,REQ_START,1516215166233,26
63,REQ_END,1516215166264,26
63,PLAYER_SLEEPBEFORE_START,1516215166264,27
63,PLAYER_SLEEPBEFORE_END,1516215166267,27
63,REQ_START,1516215166267,27
63,REQ_END,1516215166299,27
63,PLAYER_SLEEPBEFORE_START,1516215166299,28
63,PLAYER_SLEEPBEFORE_END,1516215166584,28
63,REQ_START,1516215166584,28
63,REQ_END,1516215166616,28
63,PLAYER_SLEEPBEFORE_START,1516215166616,29
63,PLAYER_SLEEPBEFORE_END,1516215166791,29
63,WS_SEND_START,1516215166791,29
63,WS_SEND_END,1516215166791,29
63,WS_RECV_START,1516215166791,30
63,WS_RECV_END,1516215166922,30
63,PLAYER_SLEEPBEFORE_START,1516215166922,31
63,PLAYER_SLEEPBEFORE_END,1516215166934,31
63,REQ_START,1516215166934,31
63,REQ_END,1516215167042,31
63,PLAYER_SLEEPBEFORE_START,1516215167042,32
63,PLAYER_SLEEPBEFORE_END,1516215195187,32
63,WS_SEND_START,1516215195188,32
63,WS_SEND_END,1516215195188,32
63,WS_RECV_START,1516215195188,33
63,WS_RECV_END,1516215195298,33
63,PLAYER_SLEEPBEFORE_START,1516215195298,34
63,PLAYER_SLEEPBEFORE_END,1516215221209,34
63,WS_SEND_START,1516215221209,34
63,WS_SEND_END,1516215221209,34
63,WS_RECV_START,1516215221209,35
63,WS_RECV_END,1516215221618,35
63,PLAYER_SLEEPBEFORE_START,1516215221618,36
63,PLAYER_SLEEPBEFORE_END,1516215221627,36
63,WS_SEND_START,1516215221627,36
63,WS_SEND_END,1516215221627,36
63,WS_RECV_START,1516215221627,37
63,WS_RECV_END,1516215221888,37
63,PLAYER_SLEEPBEFORE_START,1516215221888,38
63,PLAYER_SLEEPBEFORE_END,1516215225083,38
63,WS_SEND_START,1516215225083,38
63,WS_SEND_END,1516215225083,38
63,WS_RECV_START,1516215225083,39
63,WS_RECV_END,1516215227288,39
63,PLAYER_SLEEPBEFORE_START,1516215227288,40
63,PLAYER_SLEEPBEFORE_END,1516215227334,40
63,WS_SEND_START,1516215227334,40
63,WS_SEND_END,1516215227335,40
63,WS_RECV_START,1516215227335,41
63,WS_RECV_END,1516215227648,41
63,PLAYER_SLEEPBEFORE_START,1516215227648,42
63,PLAYER_SLEEPBEFORE_END,1516215245783,42
63,WS_SEND_START,1516215245783,42
63,WS_SEND_END,1516215245783,42
63,WS_RECV_START,1516215245783,43
63,WS_RECV_END,1516215246246,43
63,PLAYER_SLEEPBEFORE_START,1516215246246,44
63,PLAYER_SLEEPBEFORE_END,1516215246258,44
63,WS_SEND_START,1516215246258,44
63,WS_SEND_END,1516215246258,44
63,WS_RECV_START,1516215246258,45
63,WS_RECV_END,1516215246520,45
63,PLAYER_SLEEPBEFORE_START,1516215246520,46
63,PLAYER_SLEEPBEFORE_END,1516215247780,46
63,WS_SEND_START,1516215247780,46
63,WS_SEND_END,1516215247780,46
63,WS_RECV_START,1516215247780,47
63,WS_RECV_END,1516215248502,47
63,PLAYER_SLEEPBEFORE_START,1516215248502,48
63,PLAYER_SLEEPBEFORE_END,1516215249822,48
63,WS_SEND_START,1516215249822,48
63,WS_SEND_END,1516215249822,48
63,WS_RECV_START,1516215249822,49
63,WS_RECV_END,1516215250155,49
63,PLAYER_SLEEPBEFORE_START,1516215250155,50
63,PLAYER_SLEEPBEFORE_END,1516215250179,50
63,WS_SEND_START,1516215250179,50
63,WS_SEND_END,1516215250179,50
63,WS_RECV_START,1516215250179,51
63,WS_RECV_END,1516215250445,51
63,PLAYER_SLEEPBEFORE_START,1516215250445,52
63,PLAYER_SLEEPBEFORE_END,1516215273009,52
63,WS_SEND_START,1516215273009,52
63,WS_SEND_END,1516215273009,52
63,WS_RECV_START,1516215273009,53
63,WS_RECV_END,1516215273814,53
63,PLAYER_SLEEPBEFORE_START,1516215273814,54
63,PLAYER_SLEEPBEFORE_END,1516215295117,54
63,WS_SEND_START,1516215295117,54
63,WS_SEND_END,1516215295117,54
63,PLAYER_SLEEPBEFORE_START,1516215295117,55
63,PLAYER_SLEEPBEFORE_END,1516215297058,55
63,WS_SEND_START,1516215297058,55
63,WS_SEND_END,1516215297058,55
63,WS_RECV_START,1516215297058,56
63,WS_RECV_END,1516215297535,56
63,PLAYER_SLEEPBEFORE_START,1516215297535,57
63,PLAYER_SLEEPBEFORE_END,1516215320407,57
63,WS_SEND_START,1516215320407,57
63,WS_SEND_END,1516215320407,57
63,WS_RECV_START,1516215320407,58
63,WS_RECV_END,1516215320521,58
63,PLAYER_SLEEPBEFORE_START,1516215320521,59
63,PLAYER_SLEEPBEFORE_END,1516215322848,59
63,WS_SEND_START,1516215322848,59
63,WS_SEND_END,1516215322848,59
63,WS_RECV_START,1516215322848,60
63,WS_RECV_END,1516215322958,60
63,PLAYER_SLEEPBEFORE_START,1516215322958,61
63,PLAYER_SLEEPBEFORE_END,1516215326550,61
63,WS_SEND_START,1516215326550,61
63,WS_SEND_END,1516215326550,61
63,WS_RECV_START,1516215326550,62
63,WS_RECV_END,1516215326740,62
63,PLAYER_SLEEPBEFORE_START,1516215326740,63
63,PLAYER_SLEEPBEFORE_END,1516215346002,63
63,WS_SEND_START,1516215346002,63
63,WS_SEND_END,1516215346002,63
63,WS_RECV_START,1516215346002,64
63,WS_RECV_END,1516215346048,64
63,PLAYER_SLEEPBEFORE_START,1516215346048,65
63,PLAYER_SLEEPBEFORE_END,1516215372865,65
63,WS_SEND_START,1516215372865,65
63,WS_SEND_END,1516215372865,65
63,WS_RECV_START,1516215372865,66
63,WS_RECV_END,1516215373222,66
63,PLAYER_SLEEPBEFORE_START,1516215373222,67
63,PLAYER_SLEEPBEFORE_END,1516215374729,67
63,WS_SEND_START,1516215374729,67
63,WS_SEND_END,1516215374729,67
63,WS_RECV_START,1516215374729,68
63,WS_RECV_END,1516215374835,68
63,PLAYER_SLEEPBEFORE_START,1516215374835,69
63,PLAYER_SLEEPBEFORE_END,1516215396833,69
63,WS_SEND_START,1516215396833,69
63,WS_SEND_END,1516215396833,69
63,WS_RECV_START,1516215396833,70
63,WS_RECV_END,1516215396948,70
63,PLAYER_SLEEPBEFORE_START,1516215396948,71
63,PLAYER_SLEEPBEFORE_END,1516215421723,71
63,WS_SEND_START,1516215421723,71
63,WS_SEND_END,1516215421723,71
63,PLAYER_SLEEPBEFORE_START,1516215421723,72
63,PLAYER_SLEEPBEFORE_END,1516215424330,72
63,WS_SEND_START,1516215424330,72
63,WS_SEND_END,1516215424330,72
63,WS_RECV_START,1516215424330,73
63,WS_RECV_END,1516215424468,73
63,PLAYER_SLEEPBEFORE_START,1516215424468,74
63,PLAYER_SLEEPBEFORE_END,1516215424478,74
63,WS_SEND_START,1516215424478,74
63,WS_SEND_END,1516215424478,74
63,WS_RECV_START,1516215424478,75
63,WS_RECV_END,1516215424520,75
63,PLAYER_SLEEPBEFORE_START,1516215424520,76
63,PLAYER_SLEEPBEFORE_END,1516215426026,76
63,WS_SEND_START,1516215426026,76
63,WS_SEND_END,1516215426026,76
63,WS_RECV_START,1516215426026,77
63,WS_RECV_END,1516215426154,77
63,PLAYER_SLEEPBEFORE_START,1516215426154,78
63,PLAYER_SLEEPBEFORE_END,1516215427022,78
63,WS_SEND_START,1516215427022,78
63,WS_SEND_END,1516215427022,78
63,WS_RECV_START,1516215427022,79
63,WS_RECV_END,1516215427047,79
63,PLAYER_SLEEPBEFORE_START,1516215427047,80
63,PLAYER_SLEEPBEFORE_END,1516215434714,80
63,WS_SEND_START,1516215434714,80
63,WS_SEND_END,1516215434714,80
63,WS_RECV_START,1516215434714,81
63,WS_RECV_END,1516215434739,81
63,PLAYER_SLEEPBEFORE_START,1516215434739,82
63,PLAYER_SLEEPBEFORE_END,1516215435841,82
63,WS_SEND_START,1516215435841,82
63,WS_SEND_END,1516215435841,82
63,WS_RECV_START,1516215435841,83
63,WS_RECV_END,1516215436097,83
63,PLAYER_SLEEPBEFORE_START,1516215436097,84
63,PLAYER_SLEEPBEFORE_END,1516215437044,84
63,WS_SEND_START,1516215437044,84
63,WS_SEND_END,1516215437044,84
63,WS_RECV_START,1516215437044,85
63,WS_RECV_END,1516215437074,85
63,PLAYER_SLEEPBEFORE_START,1516215437074,86
63,PLAYER_SLEEPBEFORE_END,1516215441246,86
63,WS_SEND_START,1516215441246,86
63,WS_SEND_END,1516215441246,86
63,WS_RECV_START,1516215441246,87
63,WS_RECV_END,1516215441512,87
63,PLAYER_SLEEPBEFORE_START,1516215441512,88
63,PLAYER_SLEEPBEFORE_END,1516215441520,88
63,WS_SEND_START,1516215441520,88
63,WS_SEND_END,1516215441520,88
63,WS_RECV_START,1516215441520,89
63,WS_RECV_END,1516215441771,89
63,PLAYER_SLEEPBEFORE_START,1516215441771,90
63,PLAYER_SLEEPBEFORE_END,1516215468969,90
63,REQ_START,1516215468969,90
63,REQ_END,1516215468976,90
63,PLAYER_SLEEPBEFORE_START,1516215468976,91
63,PLAYER_SLEEPBEFORE_END,1516215476865,91
63,WS_SEND_START,1516215476866,91
63,WS_SEND_END,1516215476866,91
63,WS_RECV_START,1516215476866,92
63,WS_RECV_END,1516215477269,92
63,PLAYER_SLEEPBEFORE_START,1516215477269,93
63,PLAYER_SLEEPBEFORE_END,1516215477284,93
63,WS_SEND_START,1516215477284,93
63,WS_SEND_END,1516215477284,93
63,WS_RECV_START,1516215477284,94
63,WS_RECV_END,1516215477410,94
63,PLAYER_SLEEPBEFORE_START,1516215477410,95
63,PLAYER_SLEEPBEFORE_END,1516215500965,95
63,WS_SEND_START,1516215500965,95
63,WS_SEND_END,1516215500965,95
63,WS_RECV_START,1516215500965,96
63,WS_RECV_END,1516215501611,96
63,PLAYER_SLEEPBEFORE_START,1516215501611,97
63,PLAYER_SLEEPBEFORE_END,1516215524051,97
63,WS_SEND_START,1516215524051,97
63,WS_SEND_END,1516215524051,97
63,WS_RECV_START,1516215524051,98
63,WS_RECV_END,1516215524397,98
63,PLAYER_SLEEPBEFORE_START,1516215524397,99
63,PLAYER_SLEEPBEFORE_END,1516215524418,99
63,WS_SEND_START,1516215524418,99
63,WS_SEND_END,1516215524418,99
63,WS_RECV_START,1516215524418,100
63,WS_RECV_END,1516215524621,100
63,PLAYER_SLEEPBEFORE_START,1516215524621,101
63,PLAYER_SLEEPBEFORE_END,1516215548180,101
63,WS_SEND_START,1516215548180,101
63,WS_SEND_END,1516215548180,101
63,WS_RECV_START,1516215548180,102
63,WS_RECV_END,1516215548352,102
63,PLAYER_SLEEPBEFORE_START,1516215548352,103
63,PLAYER_SLEEPBEFORE_END,1516215571977,103
63,WS_SEND_START,1516215571977,103
63,WS_SEND_END,1516215571977,103
63,WS_RECV_START,1516215571977,104
63,WS_RECV_END,1516215572080,104
63,PLAYER_SLEEPBEFORE_START,1516215572080,105
63,PLAYER_SLEEPBEFORE_END,1516215597457,105
63,WS_SEND_START,1516215597457,105
63,WS_SEND_END,1516215597458,105
63,WS_RECV_START,1516215597458,106
63,WS_RECV_END,1516215597600,106
63,PLAYER_SLEEPBEFORE_START,1516215597600,107
63,PLAYER_SLEEPBEFORE_END,1516215621023,107
63,WS_SEND_START,1516215621023,107
63,WS_SEND_END,1516215621023,107
63,WS_RECV_START,1516215621023,108
63,WS_RECV_END,1516215621126,108
63,PLAYER_SLEEPBEFORE_START,1516215621126,109
63,PLAYER_SLEEPBEFORE_END,1516215621135,109
63,WS_SEND_START,1516215621135,109
63,WS_SEND_END,1516215621135,109
63,WS_RECV_START,1516215621135,110
63,WS_RECV_END,1516215621177,110
63,PLAYER_SLEEPBEFORE_START,1516215621177,111
63,PLAYER_SLEEPBEFORE_END,1516215622136,111
63,WS_SEND_START,1516215622136,111
63,WS_SEND_END,1516215622136,111
63,WS_RECV_START,1516215622136,112
63,WS_RECV_END,1516215622161,112
63,PLAYER_SLEEPBEFORE_START,1516215622161,113
63,PLAYER_SLEEPBEFORE_END,1516215622724,113
63,WS_SEND_START,1516215622724,113
63,WS_SEND_END,1516215622724,113
63,WS_RECV_START,1516215622724,114
63,WS_RECV_END,1516215622847,114
63,PLAYER_SLEEPBEFORE_START,1516215622847,115
63,PLAYER_SLEEPBEFORE_END,1516215622856,115
63,WS_SEND_START,1516215622856,115
63,WS_SEND_END,1516215622856,115
63,WS_RECV_START,1516215622856,116
63,WS_RECV_END,1516215622961,116
63,PLAYER_SLEEPBEFORE_START,1516215622961,117
63,PLAYER_SLEEPBEFORE_END,1516215643321,117
63,WS_SEND_START,1516215643321,117
63,WS_SEND_END,1516215643321,117
63,PLAYER_SLEEPBEFORE_START,1516215643321,118
63,PLAYER_SLEEPBEFORE_END,1516215647073,118
63,WS_SEND_START,1516215647073,118
63,WS_SEND_END,1516215647073,118
63,WS_RECV_START,1516215647073,119
63,WS_RECV_END,1516215647614,119
63,PLAYER_SLEEPBEFORE_START,1516215647614,120
63,PLAYER_SLEEPBEFORE_END,1516215648603,120
63,WS_SEND_START,1516215648603,120
63,WS_SEND_END,1516215648603,120
63,WS_RECV_START,1516215648603,121
63,WS_RECV_END,1516215648945,121
63,PLAYER_SLEEPBEFORE_START,1516215648945,122
63,PLAYER_SLEEPBEFORE_END,1516215650130,122
63,WS_SEND_START,1516215650130,122
63,WS_SEND_END,1516215650130,122
63,WS_RECV_START,1516215650130,123
63,WS_RECV_END,1516215650262,123
63,PLAYER_SLEEPBEFORE_START,1516215650262,124
63,PLAYER_SLEEPBEFORE_END,1516215674667,124
63,WS_SEND_START,1516215674667,124
63,WS_SEND_END,1516215674667,124
63,WS_RECV_START,1516215674667,125
63,WS_RECV_END,1516215676262,125
63,PLAYER_SLEEPBEFORE_START,1516215676262,126
63,PLAYER_SLEEPBEFORE_END,1516215696774,126
63,WS_SEND_START,1516215696774,126
63,WS_SEND_END,1516215696774,126
63,PLAYER_SLEEPBEFORE_START,1516215696774,127
63,PLAYER_SLEEPBEFORE_END,1516215699828,127
63,WS_SEND_START,1516215699828,127
63,WS_SEND_END,1516215699828,127
63,WS_RECV_START,1516215699828,128
63,WS_RECV_END,1516215699925,128
63,PLAYER_SLEEPBEFORE_START,1516215699925,129
63,PLAYER_SLEEPBEFORE_END,1516215699945,129
63,WS_SEND_START,1516215699945,129
63,WS_SEND_END,1516215699945,129
63,WS_RECV_START,1516215699945,130
63,WS_RECV_END,1516215700054,130
63,PLAYER_SLEEPBEFORE_START,1516215700054,131
63,PLAYER_SLEEPBEFORE_END,1516215721678,131
63,WS_SEND_START,1516215721678,131
63,WS_SEND_END,1516215721678,131
63,PLAYER_SLEEPBEFORE_START,1516215721678,132
63,PLAYER_SLEEPBEFORE_END,1516215724758,132
63,WS_SEND_START,1516215724758,132
63,WS_SEND_END,1516215724758,132
63,WS_RECV_START,1516215724758,133
63,WS_RECV_END,1516215724903,133
63,PLAYER_SLEEPBEFORE_START,1516215724903,134
63,PLAYER_SLEEPBEFORE_END,1516215746120,134
63,WS_SEND_START,1516215746120,134
63,WS_SEND_END,1516215746120,134
63,PLAYER_SLEEPBEFORE_START,1516215746120,135
63,PLAYER_SLEEPBEFORE_END,1516215749310,135
63,WS_SEND_START,1516215749310,135
63,WS_SEND_END,1516215749310,135
63,WS_RECV_START,1516215749310,136
63,WS_RECV_END,1516215749342,136
63,PLAYER_SLEEPBEFORE_START,1516215749342,137
63,PLAYER_SLEEPBEFORE_END,1516215749349,137
63,WS_SEND_START,1516215749349,137
63,WS_SEND_END,1516215749349,137
63,WS_RECV_START,1516215749349,138
63,WS_RECV_END,1516215749397,138
63,PLAYER_SLEEPBEFORE_START,1516215749397,139
63,PLAYER_SLEEPBEFORE_END,1516215750087,139
63,WS_SEND_START,1516215750087,139
63,WS_SEND_END,1516215750087,139
63,WS_RECV_START,1516215750087,140
63,WS_RECV_END,1516215750128,140
63,PLAYER_SLEEPBEFORE_START,1516215750128,141
63,PLAYER_SLEEPBEFORE_END,1516215750783,141
63,WS_SEND_START,1516215750783,141
63,WS_SEND_END,1516215750783,141
63,WS_RECV_START,1516215750783,142
63,WS_RECV_END,1516215750946,142
63,PLAYER_SLEEPBEFORE_START,1516215750946,143
63,PLAYER_SLEEPBEFORE_END,1516215751003,143
63,WS_SEND_START,1516215751003,143
63,WS_SEND_END,1516215751003,143
63,WS_RECV_START,1516215751003,144
63,WS_RECV_END,1516215751221,144
63,PLAYER_SLEEPBEFORE_START,1516215751221,145
63,PLAYER_SLEEPBEFORE_END,1516215767283,145
63,REQ_START,1516215767283,145
63,REQ_END,1516215767292,145
63,PLAYER_SLEEPBEFORE_START,1516215767292,146
63,PLAYER_SLEEPBEFORE_END,1516215776169,146
63,WS_SEND_START,1516215776169,146
63,WS_SEND_END,1516215776169,146
63,WS_RECV_START,1516215776169,147
63,WS_RECV_END,1516215776341,147
63,PLAYER_SLEEPBEFORE_START,1516215776341,148
63,PLAYER_SLEEPBEFORE_END,1516215798263,148
63,WS_SEND_START,1516215798263,148
63,WS_SEND_END,1516215798263,148
63,PLAYER_SLEEPBEFORE_START,1516215798263,149
63,PLAYER_SLEEPBEFORE_END,1516215800692,149
63,WS_SEND_START,1516215800692,149
63,WS_SEND_END,1516215800692,149
63,WS_RECV_START,1516215800692,150
63,WS_RECV_END,1516215800898,150
63,PLAYER_SLEEPBEFORE_START,1516215800898,151
63,PLAYER_SLEEPBEFORE_END,1516215801108,151
63,WS_SEND_START,1516215801108,151
63,WS_SEND_END,1516215801108,151
63,WS_RECV_START,1516215801108,152
63,WS_RECV_END,1516215801198,152
63,PLAYER_SLEEPBEFORE_START,1516215801198,153
63,PLAYER_SLEEPBEFORE_END,1516215825125,153
63,WS_SEND_START,1516215825125,153
63,WS_SEND_END,1516215825125,153
63,WS_RECV_START,1516215825125,154
63,WS_RECV_END,1516215825245,154
63,PLAYER_SLEEPBEFORE_START,1516215825245,155
63,PLAYER_SLEEPBEFORE_END,1516215847804,155
63,WS_SEND_START,1516215847804,155
63,WS_SEND_END,1516215847804,155
63,PLAYER_SLEEPBEFORE_START,1516215847804,156
63,PLAYER_SLEEPBEFORE_END,1516215851078,156
63,WS_SEND_START,1516215851078,156
63,WS_SEND_END,1516215851078,156
63,WS_RECV_START,1516215851078,157
63,WS_RECV_END,1516215851121,157
63,PLAYER_SLEEPBEFORE_START,1516215851121,158
63,PLAYER_SLEEPBEFORE_END,1516215851131,158
63,WS_SEND_START,1516215851131,158
63,WS_SEND_END,1516215851131,158
63,WS_RECV_START,1516215851131,159
63,WS_RECV_END,1516215851174,159
63,PLAYER_SLEEPBEFORE_START,1516215851174,160
63,PLAYER_SLEEPBEFORE_END,1516215851349,160
63,WS_SEND_START,1516215851349,160
63,WS_SEND_END,1516215851349,160
63,WS_RECV_START,1516215851349,161
63,WS_RECV_END,1516215851476,161
63,PLAYER_SLEEPBEFORE_START,1516215851477,162
63,PLAYER_SLEEPBEFORE_END,1516215851502,162
63,WS_SEND_START,1516215851502,162
63,WS_SEND_END,1516215851502,162
63,WS_RECV_START,1516215851502,163
63,WS_RECV_END,1516215851861,163
63,PLAYER_SLEEPBEFORE_START,1516215851861,164
63,PLAYER_SLEEPBEFORE_END,1516215872673,164
63,WS_SEND_START,1516215872673,164
63,WS_SEND_END,1516215872673,164
63,WS_RECV_START,1516215872673,165
63,WS_RECV_END,1516215872797,165
63,PLAYER_SLEEPBEFORE_START,1516215872797,166
63,PLAYER_SLEEPBEFORE_END,1516215895252,166
63,WS_SEND_START,1516215895252,166
63,WS_SEND_END,1516215895252,166
63,WS_RECV_START,1516215895252,167
63,WS_RECV_END,1516215895394,167
63,PLAYER_SLEEPBEFORE_START,1516215895394,168
63,PLAYER_SLEEPBEFORE_END,1516215922752,168
63,WS_SEND_START,1516215922752,168
63,WS_SEND_END,1516215922752,168
63,WS_RECV_START,1516215922752,169
63,WS_RECV_END,1516215922783,169
63,PLAYER_SLEEPBEFORE_START,1516215922783,170
63,PLAYER_SLEEPBEFORE_END,1516215922792,170
63,WS_SEND_START,1516215922792,170
63,WS_SEND_END,1516215922792,170
63,WS_RECV_START,1516215922792,171
63,WS_RECV_END,1516215922838,171
63,PLAYER_SLEEPBEFORE_START,1516215922838,172
63,PLAYER_SLEEPBEFORE_END,1516215923207,172
63,WS_SEND_START,1516215923207,172
63,WS_SEND_END,1516215923207,172
63,WS_RECV_START,1516215923207,173
63,WS_RECV_END,1516215923443,173
63,PLAYER_SLEEPBEFORE_START,1516215923444,174
63,PLAYER_SLEEPBEFORE_END,1516215923485,174
63,WS_SEND_START,1516215923485,174
63,WS_SEND_END,1516215923485,174
63,WS_RECV_START,1516215923485,175
63,WS_RECV_END,1516215923667,175
63,PLAYER_SLEEPBEFORE_START,1516215923667,176
63,PLAYER_SLEEPBEFORE_END,1516215945428,176
63,WS_SEND_START,1516215945428,176
63,WS_SEND_END,1516215945428,176
63,PLAYER_SLEEPBEFORE_START,1516215945428,177
63,PLAYER_SLEEPBEFORE_END,1516215947946,177
63,WS_SEND_START,1516215947946,177
63,WS_SEND_END,1516215947946,177
63,WS_RECV_START,1516215947946,178
63,WS_RECV_END,1516215948084,178
63,PLAYER_SLEEPBEFORE_START,1516215948084,179
63,PLAYER_SLEEPBEFORE_END,1516215970424,179
63,WS_SEND_START,1516215970424,179
63,WS_SEND_END,1516215970424,179
63,WS_RECV_START,1516215970424,180
63,WS_RECV_END,1516215972298,180
63,PLAYER_SLEEPBEFORE_START,1516215972298,181
63,PLAYER_SLEEPBEFORE_END,1516215972742,181
63,WS_SEND_START,1516215972742,181
63,WS_SEND_END,1516215972742,181
63,WS_RECV_START,1516215972742,182
63,WS_RECV_END,1516215975615,182
63,PLAYER_SLEEPBEFORE_START,1516215975615,183
63,PLAYER_SLEEPBEFORE_END,1516215976139,183
63,WS_SEND_START,1516215976139,183
63,WS_SEND_END,1516215976139,183
63,WS_RECV_START,1516215976139,184
63,WS_RECV_END,1516215977709,184
63,PLAYER_SLEEPBEFORE_START,1516215977709,185
63,PLAYER_SLEEPBEFORE_END,1516215977978,185
63,WS_SEND_START,1516215977978,185
63,WS_SEND_END,1516215977978,185
63,WS_RECV_START,1516215977978,186
63,WS_RECV_END,1516215978405,186
63,PLAYER_SLEEPBEFORE_START,1516215978405,187
63,PLAYER_SLEEPBEFORE_END,1516216000905,187
63,WS_SEND_START,1516216000905,187
63,WS_SEND_END,1516216000905,187
63,WS_RECV_START,1516216000905,188
63,WS_RECV_END,1516216004261,188
63,PLAYER_SLEEPBEFORE_START,1516216004261,189
63,PLAYER_SLEEPBEFORE_END,1516216010500,189
63,WS_SEND_START,1516216010500,189
63,WS_SEND_END,1516216010500,189
63,WS_RECV_START,1516216010500,190
63,WS_RECV_END,1516216016400,190
63,PLAYER_SLEEPBEFORE_START,1516216016400,191
63,PLAYER_SLEEPBEFORE_END,1516216018315,191
63,WS_SEND_START,1516216018315,191
63,WS_SEND_END,1516216018315,191
63,WS_RECV_START,1516216018315,192
63,WS_RECV_END,1516216025309,192
63,PLAYER_SLEEPBEFORE_START,1516216025309,193
63,PLAYER_SLEEPBEFORE_END,1516216025438,193
63,WS_SEND_START,1516216025438,193
63,WS_SEND_END,1516216025438,193
63,WS_RECV_START,1516216025438,194
63,WS_RECV_END,1516216028602,194
63,PLAYER_SLEEPBEFORE_START,1516216028602,195
63,PLAYER_SLEEPBEFORE_END,1516216030357,195
63,WS_SEND_START,1516216030357,195
63,WS_SEND_END,1516216030357,195
63,WS_RECV_START,1516216030357,196
63,WS_RECV_END,1516216032860,196
63,PLAYER_SLEEPBEFORE_START,1516216032860,197
63,PLAYER_SLEEPBEFORE_END,1516216034664,197
63,WS_SEND_START,1516216034664,197
63,WS_SEND_END,1516216034664,197
63,WS_RECV_START,1516216034664,198
63,WS_RECV_END,1516216036635,198
63,PLAYER_SLEEPBEFORE_START,1516216036635,199
63,PLAYER_SLEEPBEFORE_END,1516216048490,199
63,WS_SEND_START,1516216048490,199
63,WS_SEND_END,1516216048490,199
63,PLAYER_SLEEPBEFORE_START,1516216048490,200
63,PLAYER_SLEEPBEFORE_END,1516216052578,200
63,WS_SEND_START,1516216052578,200
63,WS_SEND_END,1516216052578,200
63,WS_RECV_START,1516216052578,201
63,WS_RECV_END,1516216055191,201
63,PLAYER_SLEEPBEFORE_START,1516216055191,202
63,PLAYER_SLEEPBEFORE_END,1516216055205,202
63,WS_SEND_START,1516216055205,202
63,WS_SEND_END,1516216055205,202
63,WS_RECV_START,1516216055205,203
63,WS_RECV_END,1516216058426,203
63,PLAYER_SLEEPBEFORE_START,1516216058426,204
63,PLAYER_SLEEPBEFORE_END,1516216078075,204
63,WS_SEND_START,1516216078075,204
63,WS_SEND_END,1516216078075,204
63,PLAYER_SLEEPBEFORE_START,1516216078075,205
63,PLAYER_SLEEPBEFORE_END,1516216081973,205
63,WS_SEND_START,1516216081973,205
63,WS_SEND_END,1516216081973,205
63,WS_RECV_START,1516216081973,206
63,WS_RECV_END,1516216084055,206
63,PLAYER_SLEEPBEFORE_START,1516216084055,207
63,PLAYER_SLEEPBEFORE_END,1516216100986,207
63,REQ_START,1516216100986,207
63,REQ_END,1516216100996,207
63,PLAYER_SLEEPBEFORE_START,1516216100996,208
63,PLAYER_SLEEPBEFORE_END,1516216107848,208
63,WS_CLOSE_START,1516216107848,208
63,WS_CLOSE_END,1516216107848,208
63,PLAYER_DONE,1516216107848
