# --sessions 180 --app-url=http://shinyloadtest.rstudioservices.com/cran_explorer --output-dir test180 --overwrite-output --log-level warn --start-interval 500 15min.log
thread_id,event,timestamp,input_line_number,comment
98,PLAYER_SESSION_CREATE,1516215133883
98,PLAYER_START_INTERVAL_START,1516215133883
98,PLAYER_START_INTERVAL_END,1516215182883
98,REQ_HOME_START,1516215182883,2
98,REQ_HOME_END,1516215182968,2
98,REQ_START,1516215182968,3
98,REQ_END,1516215183001,3
98,REQ_START,1516215183001,4
98,REQ_END,1516215183034,4
98,REQ_START,1516215183034,5
98,REQ_END,1516215183067,5
98,REQ_START,1516215183067,6
98,REQ_END,1516215183206,6
98,REQ_START,1516215183206,7
98,REQ_END,1516215183248,7
98,REQ_START,1516215183248,8
98,REQ_END,1516215183281,8
98,REQ_START,1516215183281,9
98,REQ_END,1516215183336,9
98,REQ_START,1516215183336,10
98,REQ_END,1516215183344,10
98,REQ_START,1516215183344,11
98,REQ_END,1516215183377,11
98,REQ_START,1516215183377,12
98,REQ_END,1516215183386,12
98,REQ_START,1516215183386,13
98,REQ_END,1516215183417,13
98,REQ_START,1516215183417,14
98,REQ_END,1516215183435,14
98,REQ_START,1516215183435,15
98,REQ_END,1516215183560,15
98,REQ_TOK_START,1516215183560,16
98,REQ_TOK_END,1516215183570,16
98,REQ_SINF_START,1516215183570,17
98,REQ_SINF_END,1516215183577,17
98,WS_OPEN_START,1516215183577,18
98,WS_OPEN_END,1516215183583,18
98,REQ_START,1516215183583,19
98,REQ_END,1516215183628,19
98,WS_RECV_START,1516215183628,20
98,WS_RECV_END,1516215183628,20
98,PLAYER_SLEEPBEFORE_START,1516215183628,21
98,PLAYER_SLEEPBEFORE_END,1516215183633,21
98,WS_SEND_START,1516215183633,21
98,WS_SEND_END,1516215183633,21
98,PLAYER_SLEEPBEFORE_START,1516215183633,22
98,PLAYER_SLEEPBEFORE_END,1516215183635,22
98,WS_SEND_START,1516215183635,22
98,WS_SEND_END,1516215183635,22
98,WS_RECV_INIT_START,1516215183635,23
98,WS_RECV_INIT_END,1516215183651,23
98,WS_RECV_START,1516215183651,24
98,WS_RECV_END,1516215183700,24
98,PLAYER_SLEEPBEFORE_START,1516215183700,25
98,PLAYER_SLEEPBEFORE_END,1516215183707,25
98,REQ_START,1516215183707,25
98,REQ_END,1516215183738,25
98,PLAYER_SLEEPBEFORE_START,1516215183738,26
98,PLAYER_SLEEPBEFORE_END,1516215183739,26
98,REQ_START,1516215183739,26
98,REQ_END,1516215183771,26
98,PLAYER_SLEEPBEFORE_START,1516215183771,27
98,PLAYER_SLEEPBEFORE_END,1516215183774,27
98,REQ_START,1516215183774,27
98,REQ_END,1516215183805,27
98,PLAYER_SLEEPBEFORE_START,1516215183805,28
98,PLAYER_SLEEPBEFORE_END,1516215184090,28
98,REQ_START,1516215184090,28
98,REQ_END,1516215184263,28
98,PLAYER_SLEEPBEFORE_START,1516215184263,29
98,PLAYER_SLEEPBEFORE_END,1516215184438,29
98,WS_SEND_START,1516215184438,29
98,WS_SEND_END,1516215184439,29
98,WS_RECV_START,1516215184439,30
98,WS_RECV_END,1516215184557,30
98,PLAYER_SLEEPBEFORE_START,1516215184557,31
98,PLAYER_SLEEPBEFORE_END,1516215184568,31
98,REQ_START,1516215184568,31
98,REQ_END,1516215184612,31
98,PLAYER_SLEEPBEFORE_START,1516215184612,32
98,PLAYER_SLEEPBEFORE_END,1516215212757,32
98,WS_SEND_START,1516215212757,32
98,WS_SEND_END,1516215212757,32
98,WS_RECV_START,1516215212757,33
98,WS_RECV_END,1516215213065,33
98,PLAYER_SLEEPBEFORE_START,1516215213065,34
98,PLAYER_SLEEPBEFORE_END,1516215238976,34
98,WS_SEND_START,1516215238976,34
98,WS_SEND_END,1516215238976,34
98,WS_RECV_START,1516215238976,35
98,WS_RECV_END,1516215240489,35
98,PLAYER_SLEEPBEFORE_START,1516215240489,36
98,PLAYER_SLEEPBEFORE_END,1516215240498,36
98,WS_SEND_START,1516215240498,36
98,WS_SEND_END,1516215240498,36
98,WS_RECV_START,1516215240498,37
98,WS_RECV_END,1516215241292,37
98,PLAYER_SLEEPBEFORE_START,1516215241292,38
98,PLAYER_SLEEPBEFORE_END,1516215244487,38
98,WS_SEND_START,1516215244487,38
98,WS_SEND_END,1516215244487,38
98,WS_RECV_START,1516215244487,39
98,WS_RECV_END,1516215244942,39
98,PLAYER_SLEEPBEFORE_START,1516215244942,40
98,PLAYER_SLEEPBEFORE_END,1516215244988,40
98,WS_SEND_START,1516215244988,40
98,WS_SEND_END,1516215244988,40
98,WS_RECV_START,1516215244988,41
98,WS_RECV_END,1516215245416,41
98,PLAYER_SLEEPBEFORE_START,1516215245416,42
98,PLAYER_SLEEPBEFORE_END,1516215263552,42
98,WS_SEND_START,1516215263552,42
98,WS_SEND_END,1516215263552,42
98,WS_RECV_START,1516215263552,43
98,WS_RECV_END,1516215263597,43
98,PLAYER_SLEEPBEFORE_START,1516215263597,44
98,PLAYER_SLEEPBEFORE_END,1516215263609,44
98,WS_SEND_START,1516215263609,44
98,WS_SEND_END,1516215263609,44
98,WS_RECV_START,1516215263609,45
98,WS_RECV_END,1516215263654,45
98,PLAYER_SLEEPBEFORE_START,1516215263654,46
98,PLAYER_SLEEPBEFORE_END,1516215264914,46
98,WS_SEND_START,1516215264914,46
98,WS_SEND_END,1516215264914,46
98,WS_RECV_START,1516215264914,47
98,WS_RECV_END,1516215264971,47
98,PLAYER_SLEEPBEFORE_START,1516215264971,48
98,PLAYER_SLEEPBEFORE_END,1516215266291,48
98,WS_SEND_START,1516215266291,48
98,WS_SEND_END,1516215266291,48
98,WS_RECV_START,1516215266291,49
98,WS_RECV_END,1516215266510,49
98,PLAYER_SLEEPBEFORE_START,1516215266510,50
98,PLAYER_SLEEPBEFORE_END,1516215266534,50
98,WS_SEND_START,1516215266534,50
98,WS_SEND_END,1516215266534,50
98,WS_RECV_START,1516215266534,51
98,WS_RECV_END,1516215266685,51
98,PLAYER_SLEEPBEFORE_START,1516215266685,52
98,PLAYER_SLEEPBEFORE_END,1516215289249,52
98,WS_SEND_START,1516215289249,52
98,WS_SEND_END,1516215289249,52
98,WS_RECV_START,1516215289250,53
98,WS_RECV_END,1516215289364,53
98,PLAYER_SLEEPBEFORE_START,1516215289364,54
98,PLAYER_SLEEPBEFORE_END,1516215310667,54
98,WS_SEND_START,1516215310667,54
98,WS_SEND_END,1516215310667,54
98,PLAYER_SLEEPBEFORE_START,1516215310667,55
98,PLAYER_SLEEPBEFORE_END,1516215312609,55
98,WS_SEND_START,1516215312609,55
98,WS_SEND_END,1516215312609,55
98,WS_RECV_START,1516215312609,56
98,WS_RECV_END,1516215312670,56
98,PLAYER_SLEEPBEFORE_START,1516215312670,57
98,PLAYER_SLEEPBEFORE_END,1516215335542,57
98,WS_SEND_START,1516215335542,57
98,WS_SEND_END,1516215335542,57
98,WS_RECV_START,1516215335543,58
98,WS_RECV_END,1516215335615,58
98,PLAYER_SLEEPBEFORE_START,1516215335615,59
98,PLAYER_SLEEPBEFORE_END,1516215337942,59
98,WS_SEND_START,1516215337942,59
98,WS_SEND_END,1516215337942,59
98,WS_RECV_START,1516215337942,60
98,WS_RECV_END,1516215338052,60
98,PLAYER_SLEEPBEFORE_START,1516215338053,61
98,PLAYER_SLEEPBEFORE_END,1516215341644,61
98,WS_SEND_START,1516215341644,61
98,WS_SEND_END,1516215341644,61
98,WS_RECV_START,1516215341644,62
98,WS_RECV_END,1516215341791,62
98,PLAYER_SLEEPBEFORE_START,1516215341791,63
98,PLAYER_SLEEPBEFORE_END,1516215361054,63
98,WS_SEND_START,1516215361054,63
98,WS_SEND_END,1516215361054,63
98,WS_RECV_START,1516215361054,64
98,WS_RECV_END,1516215361108,64
98,PLAYER_SLEEPBEFORE_START,1516215361108,65
98,PLAYER_SLEEPBEFORE_END,1516215387925,65
98,WS_SEND_START,1516215387925,65
98,WS_SEND_END,1516215387925,65
98,WS_RECV_START,1516215387925,66
98,WS_RECV_END,1516215388096,66
98,PLAYER_SLEEPBEFORE_START,1516215388096,67
98,PLAYER_SLEEPBEFORE_END,1516215389603,67
98,WS_SEND_START,1516215389603,67
98,WS_SEND_END,1516215389603,67
98,WS_RECV_START,1516215389603,68
98,WS_RECV_END,1516215389727,68
98,PLAYER_SLEEPBEFORE_START,1516215389727,69
98,PLAYER_SLEEPBEFORE_END,1516215411726,69
98,WS_SEND_START,1516215411726,69
98,WS_SEND_END,1516215411726,69
98,WS_RECV_START,1516215411726,70
98,WS_RECV_END,1516215411906,70
98,PLAYER_SLEEPBEFORE_START,1516215411906,71
98,PLAYER_SLEEPBEFORE_END,1516215436681,71
98,WS_SEND_START,1516215436681,71
98,WS_SEND_END,1516215436681,71
98,PLAYER_SLEEPBEFORE_START,1516215436681,72
98,PLAYER_SLEEPBEFORE_END,1516215439288,72
98,WS_SEND_START,1516215439288,72
98,WS_SEND_END,1516215439288,72
98,WS_RECV_START,1516215439288,73
98,WS_RECV_END,1516215439399,73
98,PLAYER_SLEEPBEFORE_START,1516215439399,74
98,PLAYER_SLEEPBEFORE_END,1516215439409,74
98,WS_SEND_START,1516215439409,74
98,WS_SEND_END,1516215439409,74
98,WS_RECV_START,1516215439409,75
98,WS_RECV_END,1516215439464,75
98,PLAYER_SLEEPBEFORE_START,1516215439464,76
98,PLAYER_SLEEPBEFORE_END,1516215440970,76
98,WS_SEND_START,1516215440970,76
98,WS_SEND_END,1516215440970,76
98,WS_RECV_START,1516215440970,77
98,WS_RECV_END,1516215441044,77
98,PLAYER_SLEEPBEFORE_START,1516215441044,78
98,PLAYER_SLEEPBEFORE_END,1516215441912,78
98,WS_SEND_START,1516215441912,78
98,WS_SEND_END,1516215441912,78
98,WS_RECV_START,1516215441912,79
98,WS_RECV_END,1516215442248,79
98,PLAYER_SLEEPBEFORE_START,1516215442248,80
98,PLAYER_SLEEPBEFORE_END,1516215449914,80
98,WS_SEND_START,1516215449914,80
98,WS_SEND_END,1516215449914,80
98,WS_RECV_START,1516215449914,81
98,WS_RECV_END,1516215449951,81
98,PLAYER_SLEEPBEFORE_START,1516215449951,82
98,PLAYER_SLEEPBEFORE_END,1516215451053,82
98,WS_SEND_START,1516215451053,82
98,WS_SEND_END,1516215451053,82
98,WS_RECV_START,1516215451053,83
98,WS_RECV_END,1516215451089,83
98,PLAYER_SLEEPBEFORE_START,1516215451089,84
98,PLAYER_SLEEPBEFORE_END,1516215452036,84
98,WS_SEND_START,1516215452036,84
98,WS_SEND_END,1516215452036,84
98,WS_RECV_START,1516215452036,85
98,WS_RECV_END,1516215452395,85
98,PLAYER_SLEEPBEFORE_START,1516215452395,86
98,PLAYER_SLEEPBEFORE_END,1516215456567,86
98,WS_SEND_START,1516215456567,86
98,WS_SEND_END,1516215456567,86
98,WS_RECV_START,1516215456567,87
98,WS_RECV_END,1516215457237,87
98,PLAYER_SLEEPBEFORE_START,1516215457237,88
98,PLAYER_SLEEPBEFORE_END,1516215457246,88
98,WS_SEND_START,1516215457246,88
98,WS_SEND_END,1516215457246,88
98,WS_RECV_START,1516215457246,89
98,WS_RECV_END,1516215457512,89
98,PLAYER_SLEEPBEFORE_START,1516215457512,90
98,PLAYER_SLEEPBEFORE_END,1516215484710,90
98,REQ_START,1516215484710,90
98,REQ_END,1516215484718,90
98,PLAYER_SLEEPBEFORE_START,1516215484718,91
98,PLAYER_SLEEPBEFORE_END,1516215492607,91
98,WS_SEND_START,1516215492607,91
98,WS_SEND_END,1516215492607,91
98,WS_RECV_START,1516215492607,92
98,WS_RECV_END,1516215492729,92
98,PLAYER_SLEEPBEFORE_START,1516215492729,93
98,PLAYER_SLEEPBEFORE_END,1516215492744,93
98,WS_SEND_START,1516215492744,93
98,WS_SEND_END,1516215492744,93
98,WS_RECV_START,1516215492745,94
98,WS_RECV_END,1516215492932,94
98,PLAYER_SLEEPBEFORE_START,1516215492932,95
98,PLAYER_SLEEPBEFORE_END,1516215516487,95
98,WS_SEND_START,1516215516487,95
98,WS_SEND_END,1516215516487,95
98,WS_RECV_START,1516215516487,96
98,WS_RECV_END,1516215516680,96
98,PLAYER_SLEEPBEFORE_START,1516215516680,97
98,PLAYER_SLEEPBEFORE_END,1516215539120,97
98,WS_SEND_START,1516215539120,97
98,WS_SEND_END,1516215539120,97
98,WS_RECV_START,1516215539120,98
98,WS_RECV_END,1516215539412,98
98,PLAYER_SLEEPBEFORE_START,1516215539412,99
98,PLAYER_SLEEPBEFORE_END,1516215539433,99
98,WS_SEND_START,1516215539433,99
98,WS_SEND_END,1516215539433,99
98,WS_RECV_START,1516215539433,100
98,WS_RECV_END,1516215539549,100
98,PLAYER_SLEEPBEFORE_START,1516215539549,101
98,PLAYER_SLEEPBEFORE_END,1516215563108,101
98,WS_SEND_START,1516215563108,101
98,WS_SEND_END,1516215563108,101
98,WS_RECV_START,1516215563108,102
98,WS_RECV_END,1516215563225,102
98,PLAYER_SLEEPBEFORE_START,1516215563225,103
98,PLAYER_SLEEPBEFORE_END,1516215586850,103
98,WS_SEND_START,1516215586850,103
98,WS_SEND_END,1516215586850,103
98,WS_RECV_START,1516215586850,104
98,WS_RECV_END,1516215586998,104
98,PLAYER_SLEEPBEFORE_START,1516215586998,105
98,PLAYER_SLEEPBEFORE_END,1516215612375,105
98,WS_SEND_START,1516215612375,105
98,WS_SEND_END,1516215612375,105
98,WS_RECV_START,1516215612375,106
98,WS_RECV_END,1516215612698,106
98,PLAYER_SLEEPBEFORE_START,1516215612698,107
98,PLAYER_SLEEPBEFORE_END,1516215636121,107
98,WS_SEND_START,1516215636121,107
98,WS_SEND_END,1516215636121,107
98,WS_RECV_START,1516215636121,108
98,WS_RECV_END,1516215636819,108
98,PLAYER_SLEEPBEFORE_START,1516215636819,109
98,PLAYER_SLEEPBEFORE_END,1516215636828,109
98,WS_SEND_START,1516215636828,109
98,WS_SEND_END,1516215636828,109
98,WS_RECV_START,1516215636828,110
98,WS_RECV_END,1516215637469,110
98,PLAYER_SLEEPBEFORE_START,1516215637469,111
98,PLAYER_SLEEPBEFORE_END,1516215638428,111
98,WS_SEND_START,1516215638428,111
98,WS_SEND_END,1516215638428,111
98,WS_RECV_START,1516215638428,112
98,WS_RECV_END,1516215638812,112
98,PLAYER_SLEEPBEFORE_START,1516215638812,113
98,PLAYER_SLEEPBEFORE_END,1516215639374,113
98,WS_SEND_START,1516215639374,113
98,WS_SEND_END,1516215639374,113
98,WS_RECV_START,1516215639374,114
98,WS_RECV_END,1516215640193,114
98,PLAYER_SLEEPBEFORE_START,1516215640193,115
98,PLAYER_SLEEPBEFORE_END,1516215640202,115
98,WS_SEND_START,1516215640202,115
98,WS_SEND_END,1516215640202,115
98,WS_RECV_START,1516215640202,116
98,WS_RECV_END,1516215641841,116
98,PLAYER_SLEEPBEFORE_START,1516215641841,117
98,PLAYER_SLEEPBEFORE_END,1516215662201,117
98,WS_SEND_START,1516215662201,117
98,WS_SEND_END,1516215662201,117
98,PLAYER_SLEEPBEFORE_START,1516215662201,118
98,PLAYER_SLEEPBEFORE_END,1516215665953,118
98,WS_SEND_START,1516215665953,118
98,WS_SEND_END,1516215665953,118
98,WS_RECV_START,1516215665953,119
98,WS_RECV_END,1516215666590,119
98,PLAYER_SLEEPBEFORE_START,1516215666590,120
98,PLAYER_SLEEPBEFORE_END,1516215667578,120
98,WS_SEND_START,1516215667578,120
98,WS_SEND_END,1516215667578,120
98,WS_RECV_START,1516215667578,121
98,WS_RECV_END,1516215668272,121
98,PLAYER_SLEEPBEFORE_START,1516215668272,122
98,PLAYER_SLEEPBEFORE_END,1516215669457,122
98,WS_SEND_START,1516215669457,122
98,WS_SEND_END,1516215669457,122
98,WS_RECV_START,1516215669457,123
98,WS_RECV_END,1516215669823,123
98,PLAYER_SLEEPBEFORE_START,1516215669823,124
98,PLAYER_SLEEPBEFORE_END,1516215694228,124
98,WS_SEND_START,1516215694228,124
98,WS_SEND_END,1516215694228,124
98,WS_RECV_START,1516215694228,125
98,WS_RECV_END,1516215694476,125
98,PLAYER_SLEEPBEFORE_START,1516215694476,126
98,PLAYER_SLEEPBEFORE_END,1516215714988,126
98,WS_SEND_START,1516215714988,126
98,WS_SEND_END,1516215714988,126
98,PLAYER_SLEEPBEFORE_START,1516215714988,127
98,PLAYER_SLEEPBEFORE_END,1516215718042,127
98,WS_SEND_START,1516215718042,127
98,WS_SEND_END,1516215718043,127
98,WS_RECV_START,1516215718043,128
98,WS_RECV_END,1516215718172,128
98,PLAYER_SLEEPBEFORE_START,1516215718172,129
98,PLAYER_SLEEPBEFORE_END,1516215718192,129
98,WS_SEND_START,1516215718192,129
98,WS_SEND_END,1516215718192,129
98,WS_RECV_START,1516215718192,130
98,WS_RECV_END,1516215718307,130
98,PLAYER_SLEEPBEFORE_START,1516215718307,131
98,PLAYER_SLEEPBEFORE_END,1516215739931,131
98,WS_SEND_START,1516215739931,131
98,WS_SEND_END,1516215739931,131
98,PLAYER_SLEEPBEFORE_START,1516215739931,132
98,PLAYER_SLEEPBEFORE_END,1516215743011,132
98,WS_SEND_START,1516215743011,132
98,WS_SEND_END,1516215743011,132
98,WS_RECV_START,1516215743011,133
98,WS_RECV_END,1516215743539,133
98,PLAYER_SLEEPBEFORE_START,1516215743539,134
98,PLAYER_SLEEPBEFORE_END,1516215764756,134
98,WS_SEND_START,1516215764756,134
98,WS_SEND_END,1516215764756,134
98,PLAYER_SLEEPBEFORE_START,1516215764756,135
98,PLAYER_SLEEPBEFORE_END,1516215767946,135
98,WS_SEND_START,1516215767946,135
98,WS_SEND_END,1516215767946,135
98,WS_RECV_START,1516215767946,136
98,WS_RECV_END,1516215768296,136
98,PLAYER_SLEEPBEFORE_START,1516215768296,137
98,PLAYER_SLEEPBEFORE_END,1516215768304,137
98,WS_SEND_START,1516215768304,137
98,WS_SEND_END,1516215768304,137
98,WS_RECV_START,1516215768304,138
98,WS_RECV_END,1516215768365,138
98,PLAYER_SLEEPBEFORE_START,1516215768365,139
98,PLAYER_SLEEPBEFORE_END,1516215769055,139
98,WS_SEND_START,1516215769055,139
98,WS_SEND_END,1516215769055,139
98,WS_RECV_START,1516215769055,140
98,WS_RECV_END,1516215769127,140
98,PLAYER_SLEEPBEFORE_START,1516215769127,141
98,PLAYER_SLEEPBEFORE_END,1516215769782,141
98,WS_SEND_START,1516215769782,141
98,WS_SEND_END,1516215769782,141
98,WS_RECV_START,1516215769782,142
98,WS_RECV_END,1516215769924,142
98,PLAYER_SLEEPBEFORE_START,1516215769924,143
98,PLAYER_SLEEPBEFORE_END,1516215769981,143
98,WS_SEND_START,1516215769981,143
98,WS_SEND_END,1516215769981,143
98,WS_RECV_START,1516215769981,144
98,WS_RECV_END,1516215770116,144
98,PLAYER_SLEEPBEFORE_START,1516215770116,145
98,PLAYER_SLEEPBEFORE_END,1516215786178,145
98,REQ_START,1516215786178,145
98,REQ_END,1516215786186,145
98,PLAYER_SLEEPBEFORE_START,1516215786186,146
98,PLAYER_SLEEPBEFORE_END,1516215795063,146
98,WS_SEND_START,1516215795063,146
98,WS_SEND_END,1516215795063,146
98,WS_RECV_START,1516215795063,147
98,WS_RECV_END,1516215795406,147
98,PLAYER_SLEEPBEFORE_START,1516215795406,148
98,PLAYER_SLEEPBEFORE_END,1516215817328,148
98,WS_SEND_START,1516215817328,148
98,WS_SEND_END,1516215817328,148
98,PLAYER_SLEEPBEFORE_START,1516215817328,149
98,PLAYER_SLEEPBEFORE_END,1516215819756,149
98,WS_SEND_START,1516215819756,149
98,WS_SEND_END,1516215819756,149
98,WS_RECV_START,1516215819756,150
98,WS_RECV_END,1516215819879,150
98,PLAYER_SLEEPBEFORE_START,1516215819879,151
98,PLAYER_SLEEPBEFORE_END,1516215820090,151
98,WS_SEND_START,1516215820090,151
98,WS_SEND_END,1516215820090,151
98,WS_RECV_START,1516215820090,152
98,WS_RECV_END,1516215820377,152
98,PLAYER_SLEEPBEFORE_START,1516215820377,153
98,PLAYER_SLEEPBEFORE_END,1516215844304,153
98,WS_SEND_START,1516215844304,153
98,WS_SEND_END,1516215844304,153
98,WS_RECV_START,1516215844304,154
98,WS_RECV_END,1516215844628,154
98,PLAYER_SLEEPBEFORE_START,1516215844628,155
98,PLAYER_SLEEPBEFORE_END,1516215867186,155
98,WS_SEND_START,1516215867186,155
98,WS_SEND_END,1516215867186,155
98,PLAYER_SLEEPBEFORE_START,1516215867186,156
98,PLAYER_SLEEPBEFORE_END,1516215870461,156
98,WS_SEND_START,1516215870461,156
98,WS_SEND_END,1516215870461,156
98,WS_RECV_START,1516215870461,157
98,WS_RECV_END,1516215870502,157
98,PLAYER_SLEEPBEFORE_START,1516215870502,158
98,PLAYER_SLEEPBEFORE_END,1516215870512,158
98,WS_SEND_START,1516215870512,158
98,WS_SEND_END,1516215870512,158
98,WS_RECV_START,1516215870512,159
98,WS_RECV_END,1516215870554,159
98,PLAYER_SLEEPBEFORE_START,1516215870554,160
98,PLAYER_SLEEPBEFORE_END,1516215870729,160
98,WS_SEND_START,1516215870729,160
98,WS_SEND_END,1516215870729,160
98,WS_RECV_START,1516215870729,161
98,WS_RECV_END,1516215870942,161
98,PLAYER_SLEEPBEFORE_START,1516215870942,162
98,PLAYER_SLEEPBEFORE_END,1516215870967,162
98,WS_SEND_START,1516215870967,162
98,WS_SEND_END,1516215870967,162
98,WS_RECV_START,1516215870967,163
98,WS_RECV_END,1516215871097,163
98,PLAYER_SLEEPBEFORE_START,1516215871097,164
98,PLAYER_SLEEPBEFORE_END,1516215891909,164
98,WS_SEND_START,1516215891909,164
98,WS_SEND_END,1516215891909,164
98,WS_RECV_START,1516215891909,165
98,WS_RECV_END,1516215892028,165
98,PLAYER_SLEEPBEFORE_START,1516215892028,166
98,PLAYER_SLEEPBEFORE_END,1516215914483,166
98,WS_SEND_START,1516215914483,166
98,WS_SEND_END,1516215914483,166
98,WS_RECV_START,1516215914483,167
98,WS_RECV_END,1516215914761,167
98,PLAYER_SLEEPBEFORE_START,1516215914761,168
98,PLAYER_SLEEPBEFORE_END,1516215942118,168
98,WS_SEND_START,1516215942118,168
98,WS_SEND_END,1516215942118,168
98,WS_RECV_START,1516215942118,169
98,WS_RECV_END,1516215942213,169
98,PLAYER_SLEEPBEFORE_START,1516215942213,170
98,PLAYER_SLEEPBEFORE_END,1516215942222,170
98,WS_SEND_START,1516215942222,170
98,WS_SEND_END,1516215942222,170
98,WS_RECV_START,1516215942222,171
98,WS_RECV_END,1516215942406,171
98,PLAYER_SLEEPBEFORE_START,1516215942406,172
98,PLAYER_SLEEPBEFORE_END,1516215942775,172
98,WS_SEND_START,1516215942775,172
98,WS_SEND_END,1516215942775,172
98,WS_RECV_START,1516215942775,173
98,WS_RECV_END,1516215942996,173
98,PLAYER_SLEEPBEFORE_START,1516215942996,174
98,PLAYER_SLEEPBEFORE_END,1516215943037,174
98,WS_SEND_START,1516215943037,174
98,WS_SEND_END,1516215943037,174
98,WS_RECV_START,1516215943037,175
98,WS_RECV_END,1516215943156,175
98,PLAYER_SLEEPBEFORE_START,1516215943156,176
98,PLAYER_SLEEPBEFORE_END,1516215964917,176
98,WS_SEND_START,1516215964917,176
98,WS_SEND_END,1516215964917,176
98,PLAYER_SLEEPBEFORE_START,1516215964917,177
98,PLAYER_SLEEPBEFORE_END,1516215967435,177
98,WS_SEND_START,1516215967435,177
98,WS_SEND_END,1516215967435,177
98,WS_RECV_START,1516215967435,178
98,WS_RECV_END,1516215968970,178
98,PLAYER_SLEEPBEFORE_START,1516215968970,179
98,PLAYER_SLEEPBEFORE_END,1516215991310,179
98,WS_SEND_START,1516215991310,179
98,WS_SEND_END,1516215991310,179
98,WS_RECV_START,1516215991310,180
98,WS_RECV_END,1516215992992,180
98,PLAYER_SLEEPBEFORE_START,1516215992992,181
98,PLAYER_SLEEPBEFORE_END,1516215993436,181
98,WS_SEND_START,1516215993436,181
98,WS_SEND_END,1516215993436,181
98,WS_RECV_START,1516215993436,182
98,WS_RECV_END,1516215995741,182
98,PLAYER_SLEEPBEFORE_START,1516215995741,183
98,PLAYER_SLEEPBEFORE_END,1516215996264,183
98,WS_SEND_START,1516215996264,183
98,WS_SEND_END,1516215996264,183
98,WS_RECV_START,1516215996264,184
98,WS_RECV_END,1516215997003,184
98,PLAYER_SLEEPBEFORE_START,1516215997003,185
98,PLAYER_SLEEPBEFORE_END,1516215997271,185
98,WS_SEND_START,1516215997271,185
98,WS_SEND_END,1516215997271,185
98,WS_RECV_START,1516215997271,186
98,WS_RECV_END,1516215998939,186
98,PLAYER_SLEEPBEFORE_START,1516215998939,187
98,PLAYER_SLEEPBEFORE_END,1516216021439,187
98,WS_SEND_START,1516216021439,187
98,WS_SEND_END,1516216021439,187
98,WS_RECV_START,1516216021439,188
98,WS_RECV_END,1516216029187,188
98,PLAYER_SLEEPBEFORE_START,1516216029187,189
98,PLAYER_SLEEPBEFORE_END,1516216035426,189
98,WS_SEND_START,1516216035426,189
98,WS_SEND_END,1516216035426,189
98,WS_RECV_START,1516216035426,190
98,WS_RECV_END,1516216041076,190
98,PLAYER_SLEEPBEFORE_START,1516216041076,191
98,PLAYER_SLEEPBEFORE_END,1516216042991,191
98,WS_SEND_START,1516216042991,191
98,WS_SEND_END,1516216042991,191
98,WS_RECV_START,1516216042991,192
98,WS_RECV_END,1516216050125,192
98,PLAYER_SLEEPBEFORE_START,1516216050125,193
98,PLAYER_SLEEPBEFORE_END,1516216050253,193
98,WS_SEND_START,1516216050253,193
98,WS_SEND_END,1516216050253,193
98,WS_RECV_START,1516216050253,194
98,WS_RECV_END,1516216053289,194
98,PLAYER_SLEEPBEFORE_START,1516216053289,195
98,PLAYER_SLEEPBEFORE_END,1516216055044,195
98,WS_SEND_START,1516216055044,195
98,WS_SEND_END,1516216055044,195
98,WS_RECV_START,1516216055044,196
98,WS_RECV_END,1516216057516,196
98,PLAYER_SLEEPBEFORE_START,1516216057516,197
98,PLAYER_SLEEPBEFORE_END,1516216059320,197
98,WS_SEND_START,1516216059320,197
98,WS_SEND_END,1516216059320,197
98,WS_RECV_START,1516216059320,198
98,WS_RECV_END,1516216060986,198
98,PLAYER_SLEEPBEFORE_START,1516216060986,199
98,PLAYER_SLEEPBEFORE_END,1516216072840,199
98,WS_SEND_START,1516216072840,199
98,WS_SEND_END,1516216072840,199
98,PLAYER_SLEEPBEFORE_START,1516216072840,200
98,PLAYER_SLEEPBEFORE_END,1516216076928,200
98,WS_SEND_START,1516216076928,200
98,WS_SEND_END,1516216076928,200
98,WS_RECV_START,1516216076928,201
98,WS_RECV_END,1516216077671,201
98,PLAYER_SLEEPBEFORE_START,1516216077671,202
98,PLAYER_SLEEPBEFORE_END,1516216077685,202
98,WS_SEND_START,1516216077685,202
98,WS_SEND_END,1516216077685,202
98,WS_RECV_START,1516216077685,203
98,WS_RECV_END,1516216078581,203
98,PLAYER_SLEEPBEFORE_START,1516216078581,204
98,PLAYER_SLEEPBEFORE_END,1516216098231,204
98,WS_SEND_START,1516216098231,204
98,WS_SEND_END,1516216098231,204
98,PLAYER_SLEEPBEFORE_START,1516216098231,205
98,PLAYER_SLEEPBEFORE_END,1516216102129,205
98,WS_SEND_START,1516216102129,205
98,WS_SEND_END,1516216102129,205
98,WS_RECV_START,1516216102129,206
98,WS_RECV_END,1516216102273,206
98,PLAYER_SLEEPBEFORE_START,1516216102273,207
98,PLAYER_SLEEPBEFORE_END,1516216119205,207
98,REQ_START,1516216119205,207
98,REQ_END,1516216119252,207
98,PLAYER_SLEEPBEFORE_START,1516216119252,208
98,PLAYER_SLEEPBEFORE_END,1516216126104,208
98,WS_CLOSE_START,1516216126104,208
98,WS_CLOSE_END,1516216126104,208
98,PLAYER_DONE,1516216126104
