# --sessions 120 --app-url=http://shinyloadtest.rstudioservices.com/cran_explorer --output-dir test120 --overwrite-output --log-level warn --start-interval 500 15min.log
thread_id,event,timestamp,input_line_number,comment
107,PLAYER_SESSION_CREATE,1516210892133
107,PLAYER_START_INTERVAL_START,1516210892133
107,PLAYER_START_INTERVAL_END,1516210945633
107,REQ_HOME_START,1516210945633,2
107,REQ_HOME_END,1516210946752,2
107,REQ_START,1516210946752,3
107,REQ_END,1516210948843,3
107,REQ_START,1516210948843,4
107,REQ_END,1516210951014,4
107,REQ_START,1516210951014,5
107,REQ_END,1516210953505,5
107,REQ_START,1516210953505,6
107,REQ_END,1516210956613,6
107,REQ_START,1516210956613,7
107,REQ_END,1516210959927,7
107,REQ_START,1516210959927,8
107,REQ_END,1516210963806,8
107,REQ_START,1516210963806,9
107,REQ_END,1516210967413,9
107,REQ_START,1516210967413,10
107,REQ_END,1516210967424,10
107,REQ_START,1516210967424,11
107,REQ_END,1516210971125,11
107,REQ_START,1516210971125,12
107,REQ_END,1516210971138,12
107,REQ_START,1516210971138,13
107,REQ_END,1516210974665,13
107,REQ_START,1516210974665,14
107,REQ_END,1516210974685,14
107,REQ_START,1516210974685,15
107,REQ_END,1516210977583,15
107,REQ_TOK_START,1516210977583,16
107,REQ_TOK_END,1516210977591,16
107,REQ_SINF_START,1516210977591,17
107,REQ_SINF_END,1516210977599,17
107,WS_OPEN_START,1516210977599,18
107,WS_OPEN_END,1516210977605,18
107,REQ_START,1516210977605,19
107,REQ_END,1516210982331,19
107,WS_RECV_START,1516210982331,20
107,WS_RECV_END,1516210982331,20
107,PLAYER_SLEEPBEFORE_START,1516210982331,21
107,PLAYER_SLEEPBEFORE_END,1516210982337,21
107,WS_SEND_START,1516210982337,21
107,WS_SEND_END,1516210982337,21
107,PLAYER_SLEEPBEFORE_START,1516210982337,22
107,PLAYER_SLEEPBEFORE_END,1516210982338,22
107,WS_SEND_START,1516210982338,22
107,WS_SEND_END,1516210982338,22
107,WS_RECV_INIT_START,1516210982338,23
107,WS_RECV_INIT_END,1516210988478,23
107,WS_RECV_START,1516210988478,24
107,WS_RECV_END,1516210989789,24
107,PLAYER_SLEEPBEFORE_START,1516210989789,25
107,PLAYER_SLEEPBEFORE_END,1516210989796,25
107,REQ_START,1516210989796,25
107,REQ_END,1516210995287,25
107,PLAYER_SLEEPBEFORE_START,1516210995287,26
107,PLAYER_SLEEPBEFORE_END,1516210995289,26
107,REQ_START,1516210995289,26
107,REQ_END,1516211003215,26
107,PLAYER_SLEEPBEFORE_START,1516211003215,27
107,PLAYER_SLEEPBEFORE_END,1516211003218,27
107,REQ_START,1516211003218,27
107,REQ_END,1516211011542,27
107,PLAYER_SLEEPBEFORE_START,1516211011542,28
107,PLAYER_SLEEPBEFORE_END,1516211011827,28
107,REQ_START,1516211011827,28
107,REQ_END,1516211019546,28
107,PLAYER_SLEEPBEFORE_START,1516211019546,29
107,PLAYER_SLEEPBEFORE_END,1516211019721,29
107,WS_SEND_START,1516211019721,29
107,WS_SEND_END,1516211019721,29
107,WS_RECV_START,1516211019721,30
107,WS_RECV_END,1516211022902,30
107,PLAYER_SLEEPBEFORE_START,1516211022902,31
107,PLAYER_SLEEPBEFORE_END,1516211022913,31
107,REQ_START,1516211022913,31
107,REQ_END,1516211029238,31
107,PLAYER_SLEEPBEFORE_START,1516211029238,32
107,PLAYER_SLEEPBEFORE_END,1516211057383,32
107,WS_SEND_START,1516211057383,32
107,WS_SEND_END,1516211057383,32
107,WS_RECV_START,1516211057383,33
107,WS_RECV_END,1516211058423,33
107,PLAYER_SLEEPBEFORE_START,1516211058423,34
107,PLAYER_SLEEPBEFORE_END,1516211084334,34
107,WS_SEND_START,1516211084334,34
107,WS_SEND_END,1516211084334,34
107,WS_RECV_START,1516211084334,35
107,WS_RECV_END,1516211086021,35
107,PLAYER_SLEEPBEFORE_START,1516211086021,36
107,PLAYER_SLEEPBEFORE_END,1516211086030,36
107,WS_SEND_START,1516211086030,36
107,WS_SEND_END,1516211086030,36
107,WS_RECV_START,1516211086030,37
107,WS_RECV_END,1516211086750,37
107,PLAYER_SLEEPBEFORE_START,1516211086750,38
107,PLAYER_SLEEPBEFORE_END,1516211089945,38
107,WS_SEND_START,1516211089945,38
107,WS_SEND_END,1516211089945,38
107,WS_RECV_START,1516211089945,39
107,WS_RECV_END,1516211091911,39
107,PLAYER_SLEEPBEFORE_START,1516211091911,40
107,PLAYER_SLEEPBEFORE_END,1516211091957,40
107,WS_SEND_START,1516211091957,40
107,WS_SEND_END,1516211091957,40
107,WS_RECV_START,1516211091957,41
107,WS_RECV_END,1516211092460,41
107,PLAYER_SLEEPBEFORE_START,1516211092460,42
107,PLAYER_SLEEPBEFORE_END,1516211110596,42
107,WS_SEND_START,1516211110596,42
107,WS_SEND_END,1516211110596,42
107,WS_RECV_START,1516211110596,43
107,WS_RECV_END,1516211111979,43
107,PLAYER_SLEEPBEFORE_START,1516211111979,44
107,PLAYER_SLEEPBEFORE_END,1516211111991,44
107,WS_SEND_START,1516211111991,44
107,WS_SEND_END,1516211111991,44
107,WS_RECV_START,1516211111991,45
107,WS_RECV_END,1516211112838,45
107,PLAYER_SLEEPBEFORE_START,1516211112838,46
107,PLAYER_SLEEPBEFORE_END,1516211114098,46
107,WS_SEND_START,1516211114098,46
107,WS_SEND_END,1516211114098,46
107,WS_RECV_START,1516211114098,47
107,WS_RECV_END,1516211115046,47
107,PLAYER_SLEEPBEFORE_START,1516211115046,48
107,PLAYER_SLEEPBEFORE_END,1516211116367,48
107,WS_SEND_START,1516211116367,48
107,WS_SEND_END,1516211116367,48
107,WS_RECV_START,1516211116367,49
107,WS_RECV_END,1516211118134,49
107,PLAYER_SLEEPBEFORE_START,1516211118134,50
107,PLAYER_SLEEPBEFORE_END,1516211118158,50
107,WS_SEND_START,1516211118158,50
107,WS_SEND_END,1516211118158,50
107,WS_RECV_START,1516211118158,51
107,WS_RECV_END,1516211118897,51
107,PLAYER_SLEEPBEFORE_START,1516211118897,52
107,PLAYER_SLEEPBEFORE_END,1516211141461,52
107,WS_SEND_START,1516211141461,52
107,WS_SEND_END,1516211141461,52
107,WS_RECV_START,1516211141461,53
107,WS_RECV_END,1516211142012,53
107,PLAYER_SLEEPBEFORE_START,1516211142012,54
107,PLAYER_SLEEPBEFORE_END,1516211163315,54
107,WS_SEND_START,1516211163315,54
107,WS_SEND_END,1516211163315,54
107,PLAYER_SLEEPBEFORE_START,1516211163315,55
107,PLAYER_SLEEPBEFORE_END,1516211165256,55
107,WS_SEND_START,1516211165256,55
107,WS_SEND_END,1516211165256,55
107,WS_RECV_START,1516211165256,56
107,WS_RECV_END,1516211165383,56
107,PLAYER_SLEEPBEFORE_START,1516211165383,57
107,PLAYER_SLEEPBEFORE_END,1516211188256,57
107,WS_SEND_START,1516211188256,57
107,WS_SEND_END,1516211188256,57
107,WS_RECV_START,1516211188256,58
107,WS_RECV_END,1516211189348,58
107,PLAYER_SLEEPBEFORE_START,1516211189349,59
107,PLAYER_SLEEPBEFORE_END,1516211191676,59
107,WS_SEND_START,1516211191676,59
107,WS_SEND_END,1516211191676,59
107,WS_RECV_START,1516211191676,60
107,WS_RECV_END,1516211194413,60
107,PLAYER_SLEEPBEFORE_START,1516211194413,61
107,PLAYER_SLEEPBEFORE_END,1516211198004,61
107,WS_SEND_START,1516211198004,61
107,WS_SEND_END,1516211198004,61
107,WS_RECV_START,1516211198004,62
107,WS_RECV_END,1516211201320,62
107,PLAYER_SLEEPBEFORE_START,1516211201320,63
107,PLAYER_SLEEPBEFORE_END,1516211220582,63
107,WS_SEND_START,1516211220582,63
107,WS_SEND_END,1516211220582,63
107,WS_RECV_START,1516211220582,64
107,WS_RECV_END,1516211224298,64
107,PLAYER_SLEEPBEFORE_START,1516211224298,65
107,PLAYER_SLEEPBEFORE_END,1516211251115,65
107,WS_SEND_START,1516211251115,65
107,WS_SEND_END,1516211251115,65
107,WS_RECV_START,1516211251115,66
107,WS_RECV_END,1516211252742,66
107,PLAYER_SLEEPBEFORE_START,1516211252742,67
107,PLAYER_SLEEPBEFORE_END,1516211254249,67
107,WS_SEND_START,1516211254249,67
107,WS_SEND_END,1516211254249,67
107,WS_RECV_START,1516211254249,68
107,WS_RECV_END,1516211255880,68
107,PLAYER_SLEEPBEFORE_START,1516211255880,69
107,PLAYER_SLEEPBEFORE_END,1516211277878,69
107,WS_SEND_START,1516211277878,69
107,WS_SEND_END,1516211277878,69
107,WS_RECV_START,1516211277878,70
107,WS_RECV_END,1516211282097,70
107,PLAYER_SLEEPBEFORE_START,1516211282097,71
107,PLAYER_SLEEPBEFORE_END,1516211306872,71
107,WS_SEND_START,1516211306872,71
107,WS_SEND_END,1516211306872,71
107,PLAYER_SLEEPBEFORE_START,1516211306872,72
107,PLAYER_SLEEPBEFORE_END,1516211309479,72
107,WS_SEND_START,1516211309479,72
107,WS_SEND_END,1516211309479,72
107,WS_RECV_START,1516211309479,73
107,WS_RECV_END,1516211311763,73
107,PLAYER_SLEEPBEFORE_START,1516211311763,74
107,PLAYER_SLEEPBEFORE_END,1516211311772,74
107,WS_SEND_START,1516211311772,74
107,WS_SEND_END,1516211311772,74
107,WS_RECV_START,1516211311772,75
107,WS_RECV_END,1516211313449,75
107,PLAYER_SLEEPBEFORE_START,1516211313449,76
107,PLAYER_SLEEPBEFORE_END,1516211314955,76
107,WS_SEND_START,1516211314955,76
107,WS_SEND_END,1516211314955,76
107,WS_RECV_START,1516211314955,77
107,WS_RECV_END,1516211316319,77
107,PLAYER_SLEEPBEFORE_START,1516211316319,78
107,PLAYER_SLEEPBEFORE_END,1516211317187,78
107,WS_SEND_START,1516211317187,78
107,WS_SEND_END,1516211317188,78
107,WS_RECV_START,1516211317188,79
107,WS_RECV_END,1516211317717,79
107,PLAYER_SLEEPBEFORE_START,1516211317717,80
107,PLAYER_SLEEPBEFORE_END,1516211325383,80
107,WS_SEND_START,1516211325383,80
107,WS_SEND_END,1516211325383,80
107,WS_RECV_START,1516211325383,81
107,WS_RECV_END,1516211328610,81
107,PLAYER_SLEEPBEFORE_START,1516211328610,82
107,PLAYER_SLEEPBEFORE_END,1516211329712,82
107,WS_SEND_START,1516211329712,82
107,WS_SEND_END,1516211329712,82
107,WS_RECV_START,1516211329712,83
107,WS_RECV_END,1516211332963,83
107,PLAYER_SLEEPBEFORE_START,1516211332963,84
107,PLAYER_SLEEPBEFORE_END,1516211333910,84
107,WS_SEND_START,1516211333910,84
107,WS_SEND_END,1516211333910,84
107,WS_RECV_START,1516211333910,85
107,WS_RECV_END,1516211334770,85
107,PLAYER_SLEEPBEFORE_START,1516211334770,86
107,PLAYER_SLEEPBEFORE_END,1516211338942,86
107,WS_SEND_START,1516211338942,86
107,WS_SEND_END,1516211338942,86
107,WS_RECV_START,1516211338942,87
107,WS_RECV_END,1516211344118,87
107,PLAYER_SLEEPBEFORE_START,1516211344118,88
107,PLAYER_SLEEPBEFORE_END,1516211344127,88
107,WS_SEND_START,1516211344127,88
107,WS_SEND_END,1516211344127,88
107,WS_RECV_START,1516211344127,89
107,WS_RECV_END,1516211346923,89
107,PLAYER_SLEEPBEFORE_START,1516211346923,90
107,PLAYER_SLEEPBEFORE_END,1516211374121,90
107,REQ_START,1516211374121,90
107,REQ_END,1516211374129,90
107,PLAYER_SLEEPBEFORE_START,1516211374129,91
107,PLAYER_SLEEPBEFORE_END,1516211382018,91
107,WS_SEND_START,1516211382018,91
107,WS_SEND_END,1516211382018,91
107,WS_RECV_START,1516211382018,92
107,WS_RECV_END,1516211382277,92
107,PLAYER_SLEEPBEFORE_START,1516211382277,93
107,PLAYER_SLEEPBEFORE_END,1516211382292,93
107,WS_SEND_START,1516211382292,93
107,WS_SEND_END,1516211382292,93
107,WS_RECV_START,1516211382292,94
107,WS_RECV_END,1516211382443,94
107,PLAYER_SLEEPBEFORE_START,1516211382443,95
107,PLAYER_SLEEPBEFORE_END,1516211405999,95
107,WS_SEND_START,1516211405999,95
107,WS_SEND_END,1516211405999,95
107,WS_RECV_START,1516211405999,96
107,WS_RECV_END,1516211408723,96
107,PLAYER_SLEEPBEFORE_START,1516211408723,97
107,PLAYER_SLEEPBEFORE_END,1516211431163,97
107,WS_SEND_START,1516211431163,97
107,WS_SEND_END,1516211431163,97
107,WS_RECV_START,1516211431163,98
107,WS_RECV_END,1516211433928,98
107,PLAYER_SLEEPBEFORE_START,1516211433928,99
107,PLAYER_SLEEPBEFORE_END,1516211433949,99
107,WS_SEND_START,1516211433949,99
107,WS_SEND_END,1516211433949,99
107,WS_RECV_START,1516211433949,100
107,WS_RECV_END,1516211435737,100
107,PLAYER_SLEEPBEFORE_START,1516211435737,101
107,PLAYER_SLEEPBEFORE_END,1516211459296,101
107,WS_SEND_START,1516211459296,101
107,WS_SEND_END,1516211459296,101
107,WS_RECV_START,1516211459296,102
107,WS_RECV_END,1516211466379,102
107,PLAYER_SLEEPBEFORE_START,1516211466379,103
107,PLAYER_SLEEPBEFORE_END,1516211490004,103
107,WS_SEND_START,1516211490004,103
107,WS_SEND_END,1516211490004,103
107,WS_RECV_START,1516211490004,104
107,WS_RECV_END,1516211495720,104
107,PLAYER_SLEEPBEFORE_START,1516211495720,105
107,PLAYER_SLEEPBEFORE_END,1516211521097,105
107,WS_SEND_START,1516211521097,105
107,WS_SEND_END,1516211521097,105
107,WS_RECV_START,1516211521097,106
107,WS_RECV_END,1516211527521,106
107,PLAYER_SLEEPBEFORE_START,1516211527521,107
107,PLAYER_SLEEPBEFORE_END,1516211550945,107
107,WS_SEND_START,1516211550945,107
107,WS_SEND_END,1516211550945,107
107,WS_RECV_START,1516211550945,108
107,WS_RECV_END,1516211555257,108
107,PLAYER_SLEEPBEFORE_START,1516211555257,109
107,PLAYER_SLEEPBEFORE_END,1516211555266,109
107,WS_SEND_START,1516211555266,109
107,WS_SEND_END,1516211555266,109
107,WS_RECV_START,1516211555266,110
107,WS_RECV_END,1516211557369,110
107,PLAYER_SLEEPBEFORE_START,1516211557369,111
107,PLAYER_SLEEPBEFORE_END,1516211558328,111
107,WS_SEND_START,1516211558328,111
107,WS_SEND_END,1516211558328,111
107,WS_RECV_START,1516211558328,112
107,WS_RECV_END,1516211560275,112
107,PLAYER_SLEEPBEFORE_START,1516211560275,113
107,PLAYER_SLEEPBEFORE_END,1516211560838,113
107,WS_SEND_START,1516211560838,113
107,WS_SEND_END,1516211560838,113
107,WS_RECV_START,1516211560838,114
107,WS_RECV_END,1516211565010,114
107,PLAYER_SLEEPBEFORE_START,1516211565010,115
107,PLAYER_SLEEPBEFORE_END,1516211565019,115
107,WS_SEND_START,1516211565019,115
107,WS_SEND_END,1516211565019,115
107,WS_RECV_START,1516211565020,116
107,WS_RECV_END,1516211569444,116
107,PLAYER_SLEEPBEFORE_START,1516211569444,117
107,PLAYER_SLEEPBEFORE_END,1516211589804,117
107,WS_SEND_START,1516211589804,117
107,WS_SEND_END,1516211589804,117
107,PLAYER_SLEEPBEFORE_START,1516211589804,118
107,PLAYER_SLEEPBEFORE_END,1516211593556,118
107,WS_SEND_START,1516211593556,118
107,WS_SEND_END,1516211593556,118
107,WS_RECV_START,1516211593556,119
107,WS_RECV_END,1516211599567,119
107,PLAYER_SLEEPBEFORE_START,1516211599567,120
107,PLAYER_SLEEPBEFORE_END,1516211600555,120
107,WS_SEND_START,1516211600555,120
107,WS_SEND_END,1516211600555,120
107,WS_RECV_START,1516211600555,121
107,WS_RECV_END,1516211604015,121
107,PLAYER_SLEEPBEFORE_START,1516211604015,122
107,PLAYER_SLEEPBEFORE_END,1516211605200,122
107,WS_SEND_START,1516211605200,122
107,WS_SEND_END,1516211605200,122
107,WS_RECV_START,1516211605200,123
107,WS_RECV_END,1516211609534,123
107,PLAYER_SLEEPBEFORE_START,1516211609534,124
107,PLAYER_SLEEPBEFORE_END,1516211633939,124
107,WS_SEND_START,1516211633939,124
107,WS_SEND_END,1516211633940,124
107,WS_RECV_START,1516211633940,125
107,WS_RECV_END,1516211641162,125
107,PLAYER_SLEEPBEFORE_START,1516211641162,126
107,PLAYER_SLEEPBEFORE_END,1516211661674,126
107,WS_SEND_START,1516211661674,126
107,WS_SEND_END,1516211661674,126
107,PLAYER_SLEEPBEFORE_START,1516211661674,127
107,PLAYER_SLEEPBEFORE_END,1516211664728,127
107,WS_SEND_START,1516211664728,127
107,WS_SEND_END,1516211664728,127
107,WS_RECV_START,1516211664728,128
107,WS_RECV_END,1516211664999,128
107,PLAYER_SLEEPBEFORE_START,1516211664999,129
107,PLAYER_SLEEPBEFORE_END,1516211665019,129
107,WS_SEND_START,1516211665019,129
107,WS_SEND_END,1516211665019,129
107,WS_RECV_START,1516211665019,130
107,WS_RECV_END,1516211668498,130
107,PLAYER_SLEEPBEFORE_START,1516211668498,131
107,PLAYER_SLEEPBEFORE_END,1516211690123,131
107,WS_SEND_START,1516211690123,131
107,WS_SEND_END,1516211690123,131
107,PLAYER_SLEEPBEFORE_START,1516211690123,132
107,PLAYER_SLEEPBEFORE_END,1516211693203,132
107,WS_SEND_START,1516211693203,132
107,WS_SEND_END,1516211693203,132
107,WS_RECV_START,1516211693203,133
107,WS_RECV_END,1516211693884,133
107,PLAYER_SLEEPBEFORE_START,1516211693884,134
107,PLAYER_SLEEPBEFORE_END,1516211715102,134
107,WS_SEND_START,1516211715102,134
107,WS_SEND_END,1516211715102,134
107,PLAYER_SLEEPBEFORE_START,1516211715102,135
107,PLAYER_SLEEPBEFORE_END,1516211718292,135
107,WS_SEND_START,1516211718292,135
107,WS_SEND_END,1516211718292,135
107,WS_RECV_START,1516211718292,136
107,WS_RECV_END,1516211720510,136
107,PLAYER_SLEEPBEFORE_START,1516211720510,137
107,PLAYER_SLEEPBEFORE_END,1516211720518,137
107,WS_SEND_START,1516211720518,137
107,WS_SEND_END,1516211720518,137
107,WS_RECV_START,1516211720518,138
107,WS_RECV_END,1516211723692,138
107,PLAYER_SLEEPBEFORE_START,1516211723692,139
107,PLAYER_SLEEPBEFORE_END,1516211724382,139
107,WS_SEND_START,1516211724382,139
107,WS_SEND_END,1516211724383,139
107,WS_RECV_START,1516211724383,140
107,WS_RECV_END,1516211727924,140
107,PLAYER_SLEEPBEFORE_START,1516211727924,141
107,PLAYER_SLEEPBEFORE_END,1516211728579,141
107,WS_SEND_START,1516211728579,141
107,WS_SEND_END,1516211728579,141
107,WS_RECV_START,1516211728579,142
107,WS_RECV_END,1516211731318,142
107,PLAYER_SLEEPBEFORE_START,1516211731318,143
107,PLAYER_SLEEPBEFORE_END,1516211731375,143
107,WS_SEND_START,1516211731375,143
107,WS_SEND_END,1516211731375,143
107,WS_RECV_START,1516211731375,144
107,WS_RECV_END,1516211735756,144
107,PLAYER_SLEEPBEFORE_START,1516211735756,145
107,PLAYER_SLEEPBEFORE_END,1516211751819,145
107,REQ_START,1516211751819,145
107,REQ_END,1516211751826,145
107,PLAYER_SLEEPBEFORE_START,1516211751826,146
107,PLAYER_SLEEPBEFORE_END,1516211760703,146
107,WS_SEND_START,1516211760703,146
107,WS_SEND_END,1516211760703,146
107,WS_RECV_START,1516211760703,147
107,WS_RECV_END,1516211764139,147
107,PLAYER_SLEEPBEFORE_START,1516211764139,148
107,PLAYER_SLEEPBEFORE_END,1516211786061,148
107,WS_SEND_START,1516211786061,148
107,WS_SEND_END,1516211786061,148
107,PLAYER_SLEEPBEFORE_START,1516211786061,149
107,PLAYER_SLEEPBEFORE_END,1516211788489,149
107,WS_SEND_START,1516211788489,149
107,WS_SEND_END,1516211788489,149
107,WS_RECV_START,1516211788489,150
107,WS_RECV_END,1516211790180,150
107,PLAYER_SLEEPBEFORE_START,1516211790180,151
107,PLAYER_SLEEPBEFORE_END,1516211790390,151
107,WS_SEND_START,1516211790390,151
107,WS_SEND_END,1516211790390,151
107,WS_RECV_START,1516211790390,152
107,WS_RECV_END,1516211791357,152
107,PLAYER_SLEEPBEFORE_START,1516211791357,153
107,PLAYER_SLEEPBEFORE_END,1516211815284,153
107,WS_SEND_START,1516211815284,153
107,WS_SEND_END,1516211815284,153
107,WS_RECV_START,1516211815284,154
107,WS_RECV_END,1516211817197,154
107,PLAYER_SLEEPBEFORE_START,1516211817197,155
107,PLAYER_SLEEPBEFORE_END,1516211839756,155
107,WS_SEND_START,1516211839756,155
107,WS_SEND_END,1516211839756,155
107,PLAYER_SLEEPBEFORE_START,1516211839756,156
107,PLAYER_SLEEPBEFORE_END,1516211843030,156
107,WS_SEND_START,1516211843030,156
107,WS_SEND_END,1516211843030,156
107,WS_RECV_START,1516211843030,157
107,WS_RECV_END,1516211843944,157
107,PLAYER_SLEEPBEFORE_START,1516211843944,158
107,PLAYER_SLEEPBEFORE_END,1516211843954,158
107,WS_SEND_START,1516211843954,158
107,WS_SEND_END,1516211843954,158
107,WS_RECV_START,1516211843954,159
107,WS_RECV_END,1516211846512,159
107,PLAYER_SLEEPBEFORE_START,1516211846512,160
107,PLAYER_SLEEPBEFORE_END,1516211846687,160
107,WS_SEND_START,1516211846687,160
107,WS_SEND_END,1516211846687,160
107,WS_RECV_START,1516211846687,161
107,WS_RECV_END,1516211850806,161
107,PLAYER_SLEEPBEFORE_START,1516211850806,162
107,PLAYER_SLEEPBEFORE_END,1516211850831,162
107,WS_SEND_START,1516211850831,162
107,WS_SEND_END,1516211850831,162
107,WS_RECV_START,1516211850831,163
107,WS_RECV_END,1516211855127,163
107,PLAYER_SLEEPBEFORE_START,1516211855127,164
107,PLAYER_SLEEPBEFORE_END,1516211875939,164
107,WS_SEND_START,1516211875939,164
107,WS_SEND_END,1516211875939,164
107,WS_RECV_START,1516211875939,165
107,WS_RECV_END,1516211886699,165
107,PLAYER_SLEEPBEFORE_START,1516211886699,166
107,PLAYER_SLEEPBEFORE_END,1516211909154,166
107,WS_SEND_START,1516211909154,166
107,WS_SEND_END,1516211909154,166
107,WS_RECV_START,1516211909154,167
107,WS_RECV_END,1516211921340,167
107,PLAYER_SLEEPBEFORE_START,1516211921340,168
107,PLAYER_SLEEPBEFORE_END,1516211948697,168
107,WS_SEND_START,1516211948697,168
107,WS_SEND_END,1516211948697,168
107,WS_RECV_START,1516211948697,169
107,WS_RECV_END,1516211959523,169
107,PLAYER_SLEEPBEFORE_START,1516211959523,170
107,PLAYER_SLEEPBEFORE_END,1516211959532,170
107,WS_SEND_START,1516211959532,170
107,WS_SEND_END,1516211959532,170
107,WS_RECV_START,1516211959532,171
107,WS_RECV_END,1516211965524,171
107,PLAYER_SLEEPBEFORE_START,1516211965524,172
107,PLAYER_SLEEPBEFORE_END,1516211965893,172
107,WS_SEND_START,1516211965893,172
107,WS_SEND_END,1516211965893,172
107,WS_RECV_START,1516211965893,173
107,WS_RECV_END,1516211974397,173
107,PLAYER_SLEEPBEFORE_START,1516211974397,174
107,PLAYER_SLEEPBEFORE_END,1516211974438,174
107,WS_SEND_START,1516211974438,174
107,WS_SEND_END,1516211974438,174
107,WS_RECV_START,1516211974438,175
107,WS_RECV_END,1516211982863,175
107,PLAYER_SLEEPBEFORE_START,1516211982863,176
107,PLAYER_SLEEPBEFORE_END,1516212004624,176
107,WS_SEND_START,1516212004624,176
107,WS_SEND_END,1516212004624,176
107,PLAYER_SLEEPBEFORE_START,1516212004624,177
107,PLAYER_SLEEPBEFORE_END,1516212007142,177
107,WS_SEND_START,1516212007142,177
107,WS_SEND_END,1516212007142,177
107,WS_RECV_START,1516212007142,178
107,WS_RECV_END,1516212016220,178
107,PLAYER_SLEEPBEFORE_START,1516212016221,179
107,PLAYER_SLEEPBEFORE_END,1516212038561,179
107,WS_SEND_START,1516212038561,179
107,WS_SEND_END,1516212038561,179
107,WS_RECV_START,1516212038561,180
107,WS_RECV_END,1516212049184,180
107,PLAYER_SLEEPBEFORE_START,1516212049184,181
107,PLAYER_SLEEPBEFORE_END,1516212049628,181
107,WS_SEND_START,1516212049628,181
107,WS_SEND_END,1516212049628,181
107,WS_RECV_START,1516212049628,182
107,WS_RECV_END,1516212056758,182
107,PLAYER_SLEEPBEFORE_START,1516212056758,183
107,PLAYER_SLEEPBEFORE_END,1516212057281,183
107,WS_SEND_START,1516212057281,183
107,WS_SEND_END,1516212057282,183
107,WS_RECV_START,1516212057282,184
107,WS_RECV_END,1516212063433,184
107,PLAYER_SLEEPBEFORE_START,1516212063433,185
107,PLAYER_SLEEPBEFORE_END,1516212063701,185
107,WS_SEND_START,1516212063701,185
107,WS_SEND_END,1516212063701,185
107,WS_RECV_START,1516212063701,186
107,WS_RECV_END,1516212070168,186
107,PLAYER_SLEEPBEFORE_START,1516212070168,187
107,PLAYER_SLEEPBEFORE_END,1516212092668,187
107,WS_SEND_START,1516212092668,187
107,WS_SEND_END,1516212092668,187
107,WS_RECV_START,1516212092668,188
107,WS_RECV_END,1516212094883,188
107,PLAYER_SLEEPBEFORE_START,1516212094883,189
107,PLAYER_SLEEPBEFORE_END,1516212101122,189
107,WS_SEND_START,1516212101122,189
107,WS_SEND_END,1516212101122,189
107,WS_RECV_START,1516212101122,190
107,WS_RECV_END,1516212101627,190
107,PLAYER_SLEEPBEFORE_START,1516212101627,191
107,PLAYER_SLEEPBEFORE_END,1516212103542,191
107,WS_SEND_START,1516212103542,191
107,WS_SEND_END,1516212103542,191
107,WS_RECV_START,1516212103542,192
107,WS_RECV_END,1516212103893,192
107,PLAYER_SLEEPBEFORE_START,1516212103893,193
107,PLAYER_SLEEPBEFORE_END,1516212104021,193
107,WS_SEND_START,1516212104021,193
107,WS_SEND_END,1516212104021,193
107,WS_RECV_START,1516212104021,194
107,WS_RECV_END,1516212104318,194
107,PLAYER_SLEEPBEFORE_START,1516212104318,195
107,PLAYER_SLEEPBEFORE_END,1516212106074,195
107,WS_SEND_START,1516212106074,195
107,WS_SEND_END,1516212106074,195
107,WS_RECV_START,1516212106074,196
107,WS_RECV_END,1516212106505,196
107,PLAYER_SLEEPBEFORE_START,1516212106505,197
107,PLAYER_SLEEPBEFORE_END,1516212108309,197
107,WS_SEND_START,1516212108309,197
107,WS_SEND_END,1516212108309,197
107,WS_RECV_START,1516212108309,198
107,WS_RECV_END,1516212108916,198
107,PLAYER_SLEEPBEFORE_START,1516212108916,199
107,PLAYER_SLEEPBEFORE_END,1516212120770,199
107,WS_SEND_START,1516212120770,199
107,WS_SEND_END,1516212120770,199
107,PLAYER_SLEEPBEFORE_START,1516212120770,200
107,PLAYER_SLEEPBEFORE_END,1516212124859,200
107,WS_SEND_START,1516212124859,200
107,WS_SEND_END,1516212124859,200
107,WS_RECV_START,1516212124859,201
107,WS_RECV_END,1516212124990,201
107,PLAYER_SLEEPBEFORE_START,1516212124990,202
107,PLAYER_SLEEPBEFORE_END,1516212125004,202
107,WS_SEND_START,1516212125005,202
107,WS_SEND_END,1516212125005,202
107,WS_RECV_START,1516212125005,203
107,WS_RECV_END,1516212125290,203
107,PLAYER_SLEEPBEFORE_START,1516212125290,204
107,PLAYER_SLEEPBEFORE_END,1516212144939,204
107,WS_SEND_START,1516212144939,204
107,WS_SEND_END,1516212144939,204
107,PLAYER_SLEEPBEFORE_START,1516212144939,205
107,PLAYER_SLEEPBEFORE_END,1516212148837,205
107,WS_SEND_START,1516212148837,205
107,WS_SEND_END,1516212148837,205
107,WS_RECV_START,1516212148837,206
107,WS_RECV_END,1516212148963,206
107,PLAYER_SLEEPBEFORE_START,1516212148963,207
107,PLAYER_SLEEPBEFORE_END,1516212165894,207
107,REQ_START,1516212165895,207
107,REQ_END,1516212165903,207
107,PLAYER_SLEEPBEFORE_START,1516212165903,208
107,PLAYER_SLEEPBEFORE_END,1516212172755,208
107,WS_CLOSE_START,1516212172755,208
107,WS_CLOSE_END,1516212172755,208
107,PLAYER_DONE,1516212172755
