# --sessions 120 --app-url=http://shinyloadtest.rstudioservices.com/cran_explorer --output-dir test120 --overwrite-output --log-level warn --start-interval 500 15min.log
thread_id,event,timestamp,input_line_number,comment
68,PLAYER_SESSION_CREATE,1516210892100
68,PLAYER_START_INTERVAL_START,1516210892100
68,PLAYER_START_INTERVAL_END,1516210926100
68,REQ_HOME_START,1516210926100,2
68,REQ_HOME_END,1516210927006,2
68,REQ_START,1516210927006,3
68,REQ_END,1516210928230,3
68,REQ_START,1516210928230,4
68,REQ_END,1516210929229,4
68,REQ_START,1516210929229,5
68,REQ_END,1516210930360,5
68,REQ_START,1516210930360,6
68,REQ_END,1516210931664,6
68,REQ_START,1516210931664,7
68,REQ_END,1516210933053,7
68,REQ_START,1516210933053,8
68,REQ_END,1516210934234,8
68,REQ_START,1516210934234,9
68,REQ_END,1516210935761,9
68,REQ_START,1516210935761,10
68,REQ_END,1516210935769,10
68,REQ_START,1516210935769,11
68,REQ_END,1516210937160,11
68,REQ_START,1516210937160,12
68,REQ_END,1516210937171,12
68,REQ_START,1516210937171,13
68,REQ_END,1516210938586,13
68,REQ_START,1516210938586,14
68,REQ_END,1516210938623,14
68,REQ_START,1516210938623,15
68,REQ_END,1516210940267,15
68,REQ_TOK_START,1516210940267,16
68,REQ_TOK_END,1516210940300,16
68,REQ_SINF_START,1516210940300,17
68,REQ_SINF_END,1516210940307,17
68,WS_OPEN_START,1516210940307,18
68,WS_OPEN_END,1516210940314,18
68,REQ_START,1516210940314,19
68,REQ_END,1516210941993,19
68,WS_RECV_START,1516210941993,20
68,WS_RECV_END,1516210941993,20
68,PLAYER_SLEEPBEFORE_START,1516210941993,21
68,PLAYER_SLEEPBEFORE_END,1516210941999,21
68,WS_SEND_START,1516210941999,21
68,WS_SEND_END,1516210941999,21
68,PLAYER_SLEEPBEFORE_START,1516210941999,22
68,PLAYER_SLEEPBEFORE_END,1516210942000,22
68,WS_SEND_START,1516210942000,22
68,WS_SEND_END,1516210942000,22
68,WS_RECV_INIT_START,1516210942000,23
68,WS_RECV_INIT_END,1516210943310,23
68,WS_RECV_START,1516210943310,24
68,WS_RECV_END,1516210943806,24
68,PLAYER_SLEEPBEFORE_START,1516210943806,25
68,PLAYER_SLEEPBEFORE_END,1516210943813,25
68,REQ_START,1516210943813,25
68,REQ_END,1516210945662,25
68,PLAYER_SLEEPBEFORE_START,1516210945662,26
68,PLAYER_SLEEPBEFORE_END,1516210945667,26
68,REQ_START,1516210945667,26
68,REQ_END,1516210947489,26
68,PLAYER_SLEEPBEFORE_START,1516210947489,27
68,PLAYER_SLEEPBEFORE_END,1516210947492,27
68,REQ_START,1516210947492,27
68,REQ_END,1516210949450,27
68,PLAYER_SLEEPBEFORE_START,1516210949450,28
68,PLAYER_SLEEPBEFORE_END,1516210949735,28
68,REQ_START,1516210949735,28
68,REQ_END,1516210951738,28
68,PLAYER_SLEEPBEFORE_START,1516210951738,29
68,PLAYER_SLEEPBEFORE_END,1516210951913,29
68,WS_SEND_START,1516210951913,29
68,WS_SEND_END,1516210951913,29
68,WS_RECV_START,1516210951913,30
68,WS_RECV_END,1516210952828,30
68,PLAYER_SLEEPBEFORE_START,1516210952828,31
68,PLAYER_SLEEPBEFORE_END,1516210952839,31
68,REQ_START,1516210952839,31
68,REQ_END,1516210955533,31
68,PLAYER_SLEEPBEFORE_START,1516210955533,32
68,PLAYER_SLEEPBEFORE_END,1516210983678,32
68,WS_SEND_START,1516210983678,32
68,WS_SEND_END,1516210983678,32
68,WS_RECV_START,1516210983678,33
68,WS_RECV_END,1516210986298,33
68,PLAYER_SLEEPBEFORE_START,1516210986298,34
68,PLAYER_SLEEPBEFORE_END,1516211012209,34
68,WS_SEND_START,1516211012209,34
68,WS_SEND_END,1516211012209,34
68,WS_RECV_START,1516211012209,35
68,WS_RECV_END,1516211016085,35
68,PLAYER_SLEEPBEFORE_START,1516211016085,36
68,PLAYER_SLEEPBEFORE_END,1516211016094,36
68,WS_SEND_START,1516211016094,36
68,WS_SEND_END,1516211016094,36
68,WS_RECV_START,1516211016094,37
68,WS_RECV_END,1516211018014,37
68,PLAYER_SLEEPBEFORE_START,1516211018014,38
68,PLAYER_SLEEPBEFORE_END,1516211021209,38
68,WS_SEND_START,1516211021209,38
68,WS_SEND_END,1516211021209,38
68,WS_RECV_START,1516211021209,39
68,WS_RECV_END,1516211024082,39
68,PLAYER_SLEEPBEFORE_START,1516211024082,40
68,PLAYER_SLEEPBEFORE_END,1516211024129,40
68,WS_SEND_START,1516211024129,40
68,WS_SEND_END,1516211024129,40
68,WS_RECV_START,1516211024129,41
68,WS_RECV_END,1516211025589,41
68,PLAYER_SLEEPBEFORE_START,1516211025589,42
68,PLAYER_SLEEPBEFORE_END,1516211043724,42
68,WS_SEND_START,1516211043724,42
68,WS_SEND_END,1516211043724,42
68,WS_RECV_START,1516211043724,43
68,WS_RECV_END,1516211045829,43
68,PLAYER_SLEEPBEFORE_START,1516211045829,44
68,PLAYER_SLEEPBEFORE_END,1516211045841,44
68,WS_SEND_START,1516211045841,44
68,WS_SEND_END,1516211045841,44
68,WS_RECV_START,1516211045841,45
68,WS_RECV_END,1516211046974,45
68,PLAYER_SLEEPBEFORE_START,1516211046974,46
68,PLAYER_SLEEPBEFORE_END,1516211048234,46
68,WS_SEND_START,1516211048234,46
68,WS_SEND_END,1516211048234,46
68,WS_RECV_START,1516211048234,47
68,WS_RECV_END,1516211048357,47
68,PLAYER_SLEEPBEFORE_START,1516211048357,48
68,PLAYER_SLEEPBEFORE_END,1516211049677,48
68,WS_SEND_START,1516211049677,48
68,WS_SEND_END,1516211049677,48
68,WS_RECV_START,1516211049677,49
68,WS_RECV_END,1516211049901,49
68,PLAYER_SLEEPBEFORE_START,1516211049901,50
68,PLAYER_SLEEPBEFORE_END,1516211049925,50
68,WS_SEND_START,1516211049925,50
68,WS_SEND_END,1516211049925,50
68,WS_RECV_START,1516211049925,51
68,WS_RECV_END,1516211050927,51
68,PLAYER_SLEEPBEFORE_START,1516211050927,52
68,PLAYER_SLEEPBEFORE_END,1516211073491,52
68,WS_SEND_START,1516211073491,52
68,WS_SEND_END,1516211073491,52
68,WS_RECV_START,1516211073491,53
68,WS_RECV_END,1516211075324,53
68,PLAYER_SLEEPBEFORE_START,1516211075324,54
68,PLAYER_SLEEPBEFORE_END,1516211096627,54
68,WS_SEND_START,1516211096627,54
68,WS_SEND_END,1516211096627,54
68,PLAYER_SLEEPBEFORE_START,1516211096628,55
68,PLAYER_SLEEPBEFORE_END,1516211098569,55
68,WS_SEND_START,1516211098569,55
68,WS_SEND_END,1516211098569,55
68,WS_RECV_START,1516211098569,56
68,WS_RECV_END,1516211099503,56
68,PLAYER_SLEEPBEFORE_START,1516211099503,57
68,PLAYER_SLEEPBEFORE_END,1516211122375,57
68,WS_SEND_START,1516211122376,57
68,WS_SEND_END,1516211122376,57
68,WS_RECV_START,1516211122376,58
68,WS_RECV_END,1516211124668,58
68,PLAYER_SLEEPBEFORE_START,1516211124668,59
68,PLAYER_SLEEPBEFORE_END,1516211126995,59
68,WS_SEND_START,1516211126995,59
68,WS_SEND_END,1516211126995,59
68,WS_RECV_START,1516211126995,60
68,WS_RECV_END,1516211128476,60
68,PLAYER_SLEEPBEFORE_START,1516211128476,61
68,PLAYER_SLEEPBEFORE_END,1516211132067,61
68,WS_SEND_START,1516211132067,61
68,WS_SEND_END,1516211132067,61
68,WS_RECV_START,1516211132067,62
68,WS_RECV_END,1516211133919,62
68,PLAYER_SLEEPBEFORE_START,1516211133919,63
68,PLAYER_SLEEPBEFORE_END,1516211153181,63
68,WS_SEND_START,1516211153181,63
68,WS_SEND_END,1516211153181,63
68,WS_RECV_START,1516211153181,64
68,WS_RECV_END,1516211153233,64
68,PLAYER_SLEEPBEFORE_START,1516211153233,65
68,PLAYER_SLEEPBEFORE_END,1516211180050,65
68,WS_SEND_START,1516211180050,65
68,WS_SEND_END,1516211180050,65
68,WS_RECV_START,1516211180050,66
68,WS_RECV_END,1516211180538,66
68,PLAYER_SLEEPBEFORE_START,1516211180538,67
68,PLAYER_SLEEPBEFORE_END,1516211182045,67
68,WS_SEND_START,1516211182045,67
68,WS_SEND_END,1516211182045,67
68,WS_RECV_START,1516211182045,68
68,WS_RECV_END,1516211182493,68
68,PLAYER_SLEEPBEFORE_START,1516211182493,69
68,PLAYER_SLEEPBEFORE_END,1516211204491,69
68,WS_SEND_START,1516211204491,69
68,WS_SEND_END,1516211204491,69
68,WS_RECV_START,1516211204491,70
68,WS_RECV_END,1516211208389,70
68,PLAYER_SLEEPBEFORE_START,1516211208389,71
68,PLAYER_SLEEPBEFORE_END,1516211233164,71
68,WS_SEND_START,1516211233164,71
68,WS_SEND_END,1516211233164,71
68,PLAYER_SLEEPBEFORE_START,1516211233164,72
68,PLAYER_SLEEPBEFORE_END,1516211235771,72
68,WS_SEND_START,1516211235771,72
68,WS_SEND_END,1516211235771,72
68,WS_RECV_START,1516211235771,73
68,WS_RECV_END,1516211237191,73
68,PLAYER_SLEEPBEFORE_START,1516211237191,74
68,PLAYER_SLEEPBEFORE_END,1516211237200,74
68,WS_SEND_START,1516211237200,74
68,WS_SEND_END,1516211237200,74
68,WS_RECV_START,1516211237200,75
68,WS_RECV_END,1516211238965,75
68,PLAYER_SLEEPBEFORE_START,1516211238965,76
68,PLAYER_SLEEPBEFORE_END,1516211240472,76
68,WS_SEND_START,1516211240472,76
68,WS_SEND_END,1516211240472,76
68,WS_RECV_START,1516211240472,77
68,WS_RECV_END,1516211240888,77
68,PLAYER_SLEEPBEFORE_START,1516211240888,78
68,PLAYER_SLEEPBEFORE_END,1516211241756,78
68,WS_SEND_START,1516211241756,78
68,WS_SEND_END,1516211241756,78
68,WS_RECV_START,1516211241756,79
68,WS_RECV_END,1516211243684,79
68,PLAYER_SLEEPBEFORE_START,1516211243684,80
68,PLAYER_SLEEPBEFORE_END,1516211251350,80
68,WS_SEND_START,1516211251350,80
68,WS_SEND_END,1516211251350,80
68,WS_RECV_START,1516211251350,81
68,WS_RECV_END,1516211253083,81
68,PLAYER_SLEEPBEFORE_START,1516211253083,82
68,PLAYER_SLEEPBEFORE_END,1516211254185,82
68,WS_SEND_START,1516211254185,82
68,WS_SEND_END,1516211254185,82
68,WS_RECV_START,1516211254185,83
68,WS_RECV_END,1516211255738,83
68,PLAYER_SLEEPBEFORE_START,1516211255738,84
68,PLAYER_SLEEPBEFORE_END,1516211256685,84
68,WS_SEND_START,1516211256685,84
68,WS_SEND_END,1516211256685,84
68,WS_RECV_START,1516211256685,85
68,WS_RECV_END,1516211258233,85
68,PLAYER_SLEEPBEFORE_START,1516211258233,86
68,PLAYER_SLEEPBEFORE_END,1516211262405,86
68,WS_SEND_START,1516211262405,86
68,WS_SEND_END,1516211262406,86
68,WS_RECV_START,1516211262406,87
68,WS_RECV_END,1516211265714,87
68,PLAYER_SLEEPBEFORE_START,1516211265714,88
68,PLAYER_SLEEPBEFORE_END,1516211265722,88
68,WS_SEND_START,1516211265722,88
68,WS_SEND_END,1516211265722,88
68,WS_RECV_START,1516211265722,89
68,WS_RECV_END,1516211266350,89
68,PLAYER_SLEEPBEFORE_START,1516211266350,90
68,PLAYER_SLEEPBEFORE_END,1516211293547,90
68,REQ_START,1516211293547,90
68,REQ_END,1516211293556,90
68,PLAYER_SLEEPBEFORE_START,1516211293556,91
68,PLAYER_SLEEPBEFORE_END,1516211301445,91
68,WS_SEND_START,1516211301445,91
68,WS_SEND_END,1516211301445,91
68,WS_RECV_START,1516211301445,92
68,WS_RECV_END,1516211305458,92
68,PLAYER_SLEEPBEFORE_START,1516211305458,93
68,PLAYER_SLEEPBEFORE_END,1516211305473,93
68,WS_SEND_START,1516211305473,93
68,WS_SEND_END,1516211305473,93
68,WS_RECV_START,1516211305473,94
68,WS_RECV_END,1516211307116,94
68,PLAYER_SLEEPBEFORE_START,1516211307116,95
68,PLAYER_SLEEPBEFORE_END,1516211330672,95
68,WS_SEND_START,1516211330672,95
68,WS_SEND_END,1516211330672,95
68,WS_RECV_START,1516211330672,96
68,WS_RECV_END,1516211334215,96
68,PLAYER_SLEEPBEFORE_START,1516211334215,97
68,PLAYER_SLEEPBEFORE_END,1516211356655,97
68,WS_SEND_START,1516211356655,97
68,WS_SEND_END,1516211356655,97
68,WS_RECV_START,1516211356655,98
68,WS_RECV_END,1516211361178,98
68,PLAYER_SLEEPBEFORE_START,1516211361178,99
68,PLAYER_SLEEPBEFORE_END,1516211361199,99
68,WS_SEND_START,1516211361199,99
68,WS_SEND_END,1516211361199,99
68,WS_RECV_START,1516211361199,100
68,WS_RECV_END,1516211363274,100
68,PLAYER_SLEEPBEFORE_START,1516211363274,101
68,PLAYER_SLEEPBEFORE_END,1516211386834,101
68,WS_SEND_START,1516211386834,101
68,WS_SEND_END,1516211386834,101
68,WS_RECV_START,1516211386834,102
68,WS_RECV_END,1516211387130,102
68,PLAYER_SLEEPBEFORE_START,1516211387130,103
68,PLAYER_SLEEPBEFORE_END,1516211410756,103
68,WS_SEND_START,1516211410756,103
68,WS_SEND_END,1516211410756,103
68,WS_RECV_START,1516211410756,104
68,WS_RECV_END,1516211412798,104
68,PLAYER_SLEEPBEFORE_START,1516211412798,105
68,PLAYER_SLEEPBEFORE_END,1516211438175,105
68,WS_SEND_START,1516211438175,105
68,WS_SEND_END,1516211438175,105
68,WS_RECV_START,1516211438175,106
68,WS_RECV_END,1516211441123,106
68,PLAYER_SLEEPBEFORE_START,1516211441123,107
68,PLAYER_SLEEPBEFORE_END,1516211464546,107
68,WS_SEND_START,1516211464546,107
68,WS_SEND_END,1516211464546,107
68,WS_RECV_START,1516211464546,108
68,WS_RECV_END,1516211470959,108
68,PLAYER_SLEEPBEFORE_START,1516211470959,109
68,PLAYER_SLEEPBEFORE_END,1516211470968,109
68,WS_SEND_START,1516211470968,109
68,WS_SEND_END,1516211470968,109
68,WS_RECV_START,1516211470968,110
68,WS_RECV_END,1516211475181,110
68,PLAYER_SLEEPBEFORE_START,1516211475181,111
68,PLAYER_SLEEPBEFORE_END,1516211476140,111
68,WS_SEND_START,1516211476140,111
68,WS_SEND_END,1516211476140,111
68,WS_RECV_START,1516211476140,112
68,WS_RECV_END,1516211479215,112
68,PLAYER_SLEEPBEFORE_START,1516211479215,113
68,PLAYER_SLEEPBEFORE_END,1516211479777,113
68,WS_SEND_START,1516211479777,113
68,WS_SEND_END,1516211479777,113
68,WS_RECV_START,1516211479777,114
68,WS_RECV_END,1516211484104,114
68,PLAYER_SLEEPBEFORE_START,1516211484104,115
68,PLAYER_SLEEPBEFORE_END,1516211484113,115
68,WS_SEND_START,1516211484113,115
68,WS_SEND_END,1516211484113,115
68,WS_RECV_START,1516211484113,116
68,WS_RECV_END,1516211488500,116
68,PLAYER_SLEEPBEFORE_START,1516211488500,117
68,PLAYER_SLEEPBEFORE_END,1516211508860,117
68,WS_SEND_START,1516211508860,117
68,WS_SEND_END,1516211508860,117
68,PLAYER_SLEEPBEFORE_START,1516211508860,118
68,PLAYER_SLEEPBEFORE_END,1516211512613,118
68,WS_SEND_START,1516211512613,118
68,WS_SEND_END,1516211512613,118
68,WS_RECV_START,1516211512613,119
68,WS_RECV_END,1516211514752,119
68,PLAYER_SLEEPBEFORE_START,1516211514752,120
68,PLAYER_SLEEPBEFORE_END,1516211515740,120
68,WS_SEND_START,1516211515740,120
68,WS_SEND_END,1516211515740,120
68,WS_RECV_START,1516211515740,121
68,WS_RECV_END,1516211518483,121
68,PLAYER_SLEEPBEFORE_START,1516211518483,122
68,PLAYER_SLEEPBEFORE_END,1516211519668,122
68,WS_SEND_START,1516211519668,122
68,WS_SEND_END,1516211519668,122
68,WS_RECV_START,1516211519668,123
68,WS_RECV_END,1516211523139,123
68,PLAYER_SLEEPBEFORE_START,1516211523139,124
68,PLAYER_SLEEPBEFORE_END,1516211547544,124
68,WS_SEND_START,1516211547544,124
68,WS_SEND_END,1516211547544,124
68,WS_RECV_START,1516211547544,125
68,WS_RECV_END,1516211553365,125
68,PLAYER_SLEEPBEFORE_START,1516211553365,126
68,PLAYER_SLEEPBEFORE_END,1516211573877,126
68,WS_SEND_START,1516211573877,126
68,WS_SEND_END,1516211573877,126
68,PLAYER_SLEEPBEFORE_START,1516211573877,127
68,PLAYER_SLEEPBEFORE_END,1516211576931,127
68,WS_SEND_START,1516211576931,127
68,WS_SEND_END,1516211576931,127
68,WS_RECV_START,1516211576931,128
68,WS_RECV_END,1516211581185,128
68,PLAYER_SLEEPBEFORE_START,1516211581185,129
68,PLAYER_SLEEPBEFORE_END,1516211581205,129
68,WS_SEND_START,1516211581205,129
68,WS_SEND_END,1516211581205,129
68,WS_RECV_START,1516211581205,130
68,WS_RECV_END,1516211585477,130
68,PLAYER_SLEEPBEFORE_START,1516211585477,131
68,PLAYER_SLEEPBEFORE_END,1516211607101,131
68,WS_SEND_START,1516211607101,131
68,WS_SEND_END,1516211607101,131
68,PLAYER_SLEEPBEFORE_START,1516211607101,132
68,PLAYER_SLEEPBEFORE_END,1516211610181,132
68,WS_SEND_START,1516211610181,132
68,WS_SEND_END,1516211610181,132
68,WS_RECV_START,1516211610181,133
68,WS_RECV_END,1516211613347,133
68,PLAYER_SLEEPBEFORE_START,1516211613347,134
68,PLAYER_SLEEPBEFORE_END,1516211634564,134
68,WS_SEND_START,1516211634564,134
68,WS_SEND_END,1516211634564,134
68,PLAYER_SLEEPBEFORE_START,1516211634564,135
68,PLAYER_SLEEPBEFORE_END,1516211637754,135
68,WS_SEND_START,1516211637754,135
68,WS_SEND_END,1516211637754,135
68,WS_RECV_START,1516211637754,136
68,WS_RECV_END,1516211641791,136
68,PLAYER_SLEEPBEFORE_START,1516211641791,137
68,PLAYER_SLEEPBEFORE_END,1516211641798,137
68,WS_SEND_START,1516211641798,137
68,WS_SEND_END,1516211641798,137
68,WS_RECV_START,1516211641798,138
68,WS_RECV_END,1516211644608,138
68,PLAYER_SLEEPBEFORE_START,1516211644608,139
68,PLAYER_SLEEPBEFORE_END,1516211645299,139
68,WS_SEND_START,1516211645299,139
68,WS_SEND_END,1516211645299,139
68,WS_RECV_START,1516211645299,140
68,WS_RECV_END,1516211649125,140
68,PLAYER_SLEEPBEFORE_START,1516211649125,141
68,PLAYER_SLEEPBEFORE_END,1516211649780,141
68,WS_SEND_START,1516211649780,141
68,WS_SEND_END,1516211649780,141
68,WS_RECV_START,1516211649780,142
68,WS_RECV_END,1516211654701,142
68,PLAYER_SLEEPBEFORE_START,1516211654701,143
68,PLAYER_SLEEPBEFORE_END,1516211654758,143
68,WS_SEND_START,1516211654758,143
68,WS_SEND_END,1516211654758,143
68,WS_RECV_START,1516211654758,144
68,WS_RECV_END,1516211658937,144
68,PLAYER_SLEEPBEFORE_START,1516211658937,145
68,PLAYER_SLEEPBEFORE_END,1516211674999,145
68,REQ_START,1516211674999,145
68,REQ_END,1516211675024,145
68,PLAYER_SLEEPBEFORE_START,1516211675024,146
68,PLAYER_SLEEPBEFORE_END,1516211683901,146
68,WS_SEND_START,1516211683901,146
68,WS_SEND_END,1516211683901,146
68,WS_RECV_START,1516211683901,147
68,WS_RECV_END,1516211687766,147
68,PLAYER_SLEEPBEFORE_START,1516211687766,148
68,PLAYER_SLEEPBEFORE_END,1516211709688,148
68,WS_SEND_START,1516211709688,148
68,WS_SEND_END,1516211709688,148
68,PLAYER_SLEEPBEFORE_START,1516211709688,149
68,PLAYER_SLEEPBEFORE_END,1516211712116,149
68,WS_SEND_START,1516211712116,149
68,WS_SEND_END,1516211712116,149
68,WS_RECV_START,1516211712116,150
68,WS_RECV_END,1516211712847,150
68,PLAYER_SLEEPBEFORE_START,1516211712847,151
68,PLAYER_SLEEPBEFORE_END,1516211713057,151
68,WS_SEND_START,1516211713057,151
68,WS_SEND_END,1516211713057,151
68,WS_RECV_START,1516211713057,152
68,WS_RECV_END,1516211715983,152
68,PLAYER_SLEEPBEFORE_START,1516211715983,153
68,PLAYER_SLEEPBEFORE_END,1516211739910,153
68,WS_SEND_START,1516211739910,153
68,WS_SEND_END,1516211739910,153
68,WS_RECV_START,1516211739910,154
68,WS_RECV_END,1516211744124,154
68,PLAYER_SLEEPBEFORE_START,1516211744124,155
68,PLAYER_SLEEPBEFORE_END,1516211766682,155
68,WS_SEND_START,1516211766682,155
68,WS_SEND_END,1516211766682,155
68,PLAYER_SLEEPBEFORE_START,1516211766682,156
68,PLAYER_SLEEPBEFORE_END,1516211769956,156
68,WS_SEND_START,1516211769956,156
68,WS_SEND_END,1516211769956,156
68,WS_RECV_START,1516211769956,157
68,WS_RECV_END,1516211771978,157
68,PLAYER_SLEEPBEFORE_START,1516211771978,158
68,PLAYER_SLEEPBEFORE_END,1516211771988,158
68,WS_SEND_START,1516211771988,158
68,WS_SEND_END,1516211771988,158
68,WS_RECV_START,1516211771988,159
68,WS_RECV_END,1516211774432,159
68,PLAYER_SLEEPBEFORE_START,1516211774432,160
68,PLAYER_SLEEPBEFORE_END,1516211774607,160
68,WS_SEND_START,1516211774607,160
68,WS_SEND_END,1516211774607,160
68,WS_RECV_START,1516211774607,161
68,WS_RECV_END,1516211776371,161
68,PLAYER_SLEEPBEFORE_START,1516211776371,162
68,PLAYER_SLEEPBEFORE_END,1516211776396,162
68,WS_SEND_START,1516211776396,162
68,WS_SEND_END,1516211776396,162
68,WS_RECV_START,1516211776396,163
68,WS_RECV_END,1516211779026,163
68,PLAYER_SLEEPBEFORE_START,1516211779026,164
68,PLAYER_SLEEPBEFORE_END,1516211799838,164
68,WS_SEND_START,1516211799838,164
68,WS_SEND_END,1516211799838,164
68,WS_RECV_START,1516211799838,165
68,WS_RECV_END,1516211802336,165
68,PLAYER_SLEEPBEFORE_START,1516211802336,166
68,PLAYER_SLEEPBEFORE_END,1516211824792,166
68,WS_SEND_START,1516211824792,166
68,WS_SEND_END,1516211824792,166
68,WS_RECV_START,1516211824792,167
68,WS_RECV_END,1516211826609,167
68,PLAYER_SLEEPBEFORE_START,1516211826609,168
68,PLAYER_SLEEPBEFORE_END,1516211853966,168
68,WS_SEND_START,1516211853966,168
68,WS_SEND_END,1516211853966,168
68,WS_RECV_START,1516211853966,169
68,WS_RECV_END,1516211858586,169
68,PLAYER_SLEEPBEFORE_START,1516211858586,170
68,PLAYER_SLEEPBEFORE_END,1516211858595,170
68,WS_SEND_START,1516211858595,170
68,WS_SEND_END,1516211858595,170
68,WS_RECV_START,1516211858595,171
68,WS_RECV_END,1516211861768,171
68,PLAYER_SLEEPBEFORE_START,1516211861768,172
68,PLAYER_SLEEPBEFORE_END,1516211862137,172
68,WS_SEND_START,1516211862137,172
68,WS_SEND_END,1516211862137,172
68,WS_RECV_START,1516211862137,173
68,WS_RECV_END,1516211865977,173
68,PLAYER_SLEEPBEFORE_START,1516211865977,174
68,PLAYER_SLEEPBEFORE_END,1516211866018,174
68,WS_SEND_START,1516211866018,174
68,WS_SEND_END,1516211866018,174
68,WS_RECV_START,1516211866018,175
68,WS_RECV_END,1516211870332,175
68,PLAYER_SLEEPBEFORE_START,1516211870332,176
68,PLAYER_SLEEPBEFORE_END,1516211892093,176
68,WS_SEND_START,1516211892093,176
68,WS_SEND_END,1516211892093,176
68,PLAYER_SLEEPBEFORE_START,1516211892093,177
68,PLAYER_SLEEPBEFORE_END,1516211894611,177
68,WS_SEND_START,1516211894611,177
68,WS_SEND_END,1516211894611,177
68,WS_RECV_START,1516211894611,178
68,WS_RECV_END,1516211903681,178
68,PLAYER_SLEEPBEFORE_START,1516211903681,179
68,PLAYER_SLEEPBEFORE_END,1516211926021,179
68,WS_SEND_START,1516211926021,179
68,WS_SEND_END,1516211926021,179
68,WS_RECV_START,1516211926021,180
68,WS_RECV_END,1516211939197,180
68,PLAYER_SLEEPBEFORE_START,1516211939198,181
68,PLAYER_SLEEPBEFORE_END,1516211939642,181
68,WS_SEND_START,1516211939642,181
68,WS_SEND_END,1516211939642,181
68,WS_RECV_START,1516211939642,182
68,WS_RECV_END,1516211946952,182
68,PLAYER_SLEEPBEFORE_START,1516211946952,183
68,PLAYER_SLEEPBEFORE_END,1516211947475,183
68,WS_SEND_START,1516211947475,183
68,WS_SEND_END,1516211947475,183
68,WS_RECV_START,1516211947475,184
68,WS_RECV_END,1516211953445,184
68,PLAYER_SLEEPBEFORE_START,1516211953445,185
68,PLAYER_SLEEPBEFORE_END,1516211953713,185
68,WS_SEND_START,1516211953713,185
68,WS_SEND_END,1516211953713,185
68,WS_RECV_START,1516211953713,186
68,WS_RECV_END,1516211961455,186
68,PLAYER_SLEEPBEFORE_START,1516211961455,187
68,PLAYER_SLEEPBEFORE_END,1516211983955,187
68,WS_SEND_START,1516211983955,187
68,WS_SEND_END,1516211983955,187
68,WS_RECV_START,1516211983955,188
68,WS_RECV_END,1516211997569,188
68,PLAYER_SLEEPBEFORE_START,1516211997569,189
68,PLAYER_SLEEPBEFORE_END,1516212003808,189
68,WS_SEND_START,1516212003808,189
68,WS_SEND_END,1516212003808,189
68,WS_RECV_START,1516212003808,190
68,WS_RECV_END,1516212015632,190
68,PLAYER_SLEEPBEFORE_START,1516212015632,191
68,PLAYER_SLEEPBEFORE_END,1516212017547,191
68,WS_SEND_START,1516212017547,191
68,WS_SEND_END,1516212017547,191
68,WS_RECV_START,1516212017547,192
68,WS_RECV_END,1516212024071,192
68,PLAYER_SLEEPBEFORE_START,1516212024071,193
68,PLAYER_SLEEPBEFORE_END,1516212024199,193
68,WS_SEND_START,1516212024199,193
68,WS_SEND_END,1516212024199,193
68,WS_RECV_START,1516212024199,194
68,WS_RECV_END,1516212031049,194
68,PLAYER_SLEEPBEFORE_START,1516212031049,195
68,PLAYER_SLEEPBEFORE_END,1516212032805,195
68,WS_SEND_START,1516212032805,195
68,WS_SEND_END,1516212032805,195
68,WS_RECV_START,1516212032805,196
68,WS_RECV_END,1516212038791,196
68,PLAYER_SLEEPBEFORE_START,1516212038791,197
68,PLAYER_SLEEPBEFORE_END,1516212040595,197
68,WS_SEND_START,1516212040595,197
68,WS_SEND_END,1516212040595,197
68,WS_RECV_START,1516212040595,198
68,WS_RECV_END,1516212045044,198
68,PLAYER_SLEEPBEFORE_START,1516212045044,199
68,PLAYER_SLEEPBEFORE_END,1516212056898,199
68,WS_SEND_START,1516212056898,199
68,WS_SEND_END,1516212056898,199
68,PLAYER_SLEEPBEFORE_START,1516212056898,200
68,PLAYER_SLEEPBEFORE_END,1516212060987,200
68,WS_SEND_START,1516212060987,200
68,WS_SEND_END,1516212060987,200
68,WS_RECV_START,1516212060987,201
68,WS_RECV_END,1516212066492,201
68,PLAYER_SLEEPBEFORE_START,1516212066492,202
68,PLAYER_SLEEPBEFORE_END,1516212066506,202
68,WS_SEND_START,1516212066506,202
68,WS_SEND_END,1516212066506,202
68,WS_RECV_START,1516212066506,203
68,WS_RECV_END,1516212072576,203
68,PLAYER_SLEEPBEFORE_START,1516212072576,204
68,PLAYER_SLEEPBEFORE_END,1516212092225,204
68,WS_SEND_START,1516212092225,204
68,WS_SEND_END,1516212092225,204
68,PLAYER_SLEEPBEFORE_START,1516212092225,205
68,PLAYER_SLEEPBEFORE_END,1516212096123,205
68,WS_SEND_START,1516212096123,205
68,WS_SEND_END,1516212096123,205
68,WS_RECV_START,1516212096123,206
68,WS_RECV_END,1516212098752,206
68,PLAYER_SLEEPBEFORE_START,1516212098752,207
68,PLAYER_SLEEPBEFORE_END,1516212115683,207
68,REQ_START,1516212115683,207
68,REQ_END,1516212115691,207
68,PLAYER_SLEEPBEFORE_START,1516212115691,208
68,PLAYER_SLEEPBEFORE_END,1516212122544,208
68,WS_CLOSE_START,1516212122544,208
68,WS_CLOSE_END,1516212122544,208
68,PLAYER_DONE,1516212122544
