# --sessions 540 --app-url=http://shinyloadtest.rstudioservices.com/cran_explorer --output-dir test540 --overwrite-output --log-level warn --start-interval 500 15min.log
thread_id,event,timestamp,input_line_number,comment
122,PLAYER_SESSION_CREATE,1516285277605
122,PLAYER_START_INTERVAL_START,1516285277605
122,PLAYER_START_INTERVAL_END,1516285338605
122,REQ_HOME_START,1516285338605,2
122,REQ_HOME_END,1516285338694,2
122,REQ_START,1516285338694,3
122,REQ_END,1516285338886,3
122,REQ_START,1516285338886,4
122,REQ_END,1516285338916,4
122,REQ_START,1516285338916,5
122,REQ_END,1516285338951,5
122,REQ_START,1516285338951,6
122,REQ_END,1516285339088,6
122,REQ_START,1516285339088,7
122,REQ_END,1516285339123,7
122,REQ_START,1516285339123,8
122,REQ_END,1516285339160,8
122,REQ_START,1516285339160,9
122,REQ_END,1516285339201,9
122,REQ_START,1516285339201,10
122,REQ_END,1516285339209,10
122,REQ_START,1516285339209,11
122,REQ_END,1516285339242,11
122,REQ_START,1516285339242,12
122,REQ_END,1516285339251,12
122,REQ_START,1516285339251,13
122,REQ_END,1516285339282,13
122,REQ_START,1516285339282,14
122,REQ_END,1516285339295,14
122,REQ_START,1516285339295,15
122,REQ_END,1516285339326,15
122,REQ_TOK_START,1516285339326,16
122,REQ_TOK_END,1516285339333,16
122,REQ_SINF_START,1516285339333,17
122,REQ_SINF_END,1516285339345,17
122,WS_OPEN_START,1516285339345,18
122,WS_OPEN_END,1516285339352,18
122,REQ_START,1516285339352,19
122,REQ_END,1516285339375,19
122,WS_RECV_START,1516285339375,20
122,WS_RECV_END,1516285339375,20
122,PLAYER_SLEEPBEFORE_START,1516285339375,21
122,PLAYER_SLEEPBEFORE_END,1516285339380,21
122,WS_SEND_START,1516285339380,21
122,WS_SEND_END,1516285339380,21
122,PLAYER_SLEEPBEFORE_START,1516285339380,22
122,PLAYER_SLEEPBEFORE_END,1516285339381,22
122,WS_SEND_START,1516285339381,22
122,WS_SEND_END,1516285339381,22
122,WS_RECV_INIT_START,1516285339381,23
122,WS_RECV_INIT_END,1516285339397,23
122,WS_RECV_START,1516285339397,24
122,WS_RECV_END,1516285339441,24
122,PLAYER_SLEEPBEFORE_START,1516285339441,25
122,PLAYER_SLEEPBEFORE_END,1516285339448,25
122,REQ_START,1516285339448,25
122,REQ_END,1516285339480,25
122,PLAYER_SLEEPBEFORE_START,1516285339480,26
122,PLAYER_SLEEPBEFORE_END,1516285339481,26
122,REQ_START,1516285339481,26
122,REQ_END,1516285339511,26
122,PLAYER_SLEEPBEFORE_START,1516285339511,27
122,PLAYER_SLEEPBEFORE_END,1516285339515,27
122,REQ_START,1516285339515,27
122,REQ_END,1516285339546,27
122,PLAYER_SLEEPBEFORE_START,1516285339546,28
122,PLAYER_SLEEPBEFORE_END,1516285339831,28
122,REQ_START,1516285339831,28
122,REQ_END,1516285339862,28
122,PLAYER_SLEEPBEFORE_START,1516285339862,29
122,PLAYER_SLEEPBEFORE_END,1516285340037,29
122,WS_SEND_START,1516285340037,29
122,WS_SEND_END,1516285340037,29
122,WS_RECV_START,1516285340037,30
122,WS_RECV_END,1516285340135,30
122,PLAYER_SLEEPBEFORE_START,1516285340135,31
122,PLAYER_SLEEPBEFORE_END,1516285340146,31
122,REQ_START,1516285340146,31
122,REQ_END,1516285340179,31
122,PLAYER_SLEEPBEFORE_START,1516285340179,32
122,PLAYER_SLEEPBEFORE_END,1516285368324,32
122,WS_SEND_START,1516285368324,32
122,WS_SEND_END,1516285368325,32
122,WS_RECV_START,1516285368325,33
122,WS_RECV_END,1516285368418,33
122,PLAYER_SLEEPBEFORE_START,1516285368418,34
122,PLAYER_SLEEPBEFORE_END,1516285394330,34
122,WS_SEND_START,1516285394330,34
122,WS_SEND_END,1516285394330,34
122,WS_RECV_START,1516285394330,35
122,WS_RECV_END,1516285394371,35
122,PLAYER_SLEEPBEFORE_START,1516285394371,36
122,PLAYER_SLEEPBEFORE_END,1516285394380,36
122,WS_SEND_START,1516285394380,36
122,WS_SEND_END,1516285394380,36
122,WS_RECV_START,1516285394380,37
122,WS_RECV_END,1516285394421,37
122,PLAYER_SLEEPBEFORE_START,1516285394421,38
122,PLAYER_SLEEPBEFORE_END,1516285397616,38
122,WS_SEND_START,1516285397616,38
122,WS_SEND_END,1516285397616,38
122,WS_RECV_START,1516285397616,39
122,WS_RECV_END,1516285397747,39
122,PLAYER_SLEEPBEFORE_START,1516285397747,40
122,PLAYER_SLEEPBEFORE_END,1516285397793,40
122,WS_SEND_START,1516285397793,40
122,WS_SEND_END,1516285397793,40
122,WS_RECV_START,1516285397793,41
122,WS_RECV_END,1516285397953,41
122,PLAYER_SLEEPBEFORE_START,1516285397953,42
122,PLAYER_SLEEPBEFORE_END,1516285416089,42
122,WS_SEND_START,1516285416089,42
122,WS_SEND_END,1516285416089,42
122,WS_RECV_START,1516285416089,43
122,WS_RECV_END,1516285416121,43
122,PLAYER_SLEEPBEFORE_START,1516285416121,44
122,PLAYER_SLEEPBEFORE_END,1516285416134,44
122,WS_SEND_START,1516285416134,44
122,WS_SEND_END,1516285416134,44
122,WS_RECV_START,1516285416134,45
122,WS_RECV_END,1516285416173,45
122,PLAYER_SLEEPBEFORE_START,1516285416173,46
122,PLAYER_SLEEPBEFORE_END,1516285417433,46
122,WS_SEND_START,1516285417433,46
122,WS_SEND_END,1516285417433,46
122,WS_RECV_START,1516285417433,47
122,WS_RECV_END,1516285417606,47
122,PLAYER_SLEEPBEFORE_START,1516285417606,48
122,PLAYER_SLEEPBEFORE_END,1516285418926,48
122,WS_SEND_START,1516285418926,48
122,WS_SEND_END,1516285418926,48
122,WS_RECV_START,1516285418926,49
122,WS_RECV_END,1516285419135,49
122,PLAYER_SLEEPBEFORE_START,1516285419135,50
122,PLAYER_SLEEPBEFORE_END,1516285419159,50
122,WS_SEND_START,1516285419159,50
122,WS_SEND_END,1516285419159,50
122,WS_RECV_START,1516285419159,51
122,WS_RECV_END,1516285419268,51
122,PLAYER_SLEEPBEFORE_START,1516285419268,52
122,PLAYER_SLEEPBEFORE_END,1516285441832,52
122,WS_SEND_START,1516285441832,52
122,WS_SEND_END,1516285441832,52
122,WS_RECV_START,1516285441832,53
122,WS_RECV_END,1516285441991,53
122,PLAYER_SLEEPBEFORE_START,1516285441991,54
122,PLAYER_SLEEPBEFORE_END,1516285463294,54
122,WS_SEND_START,1516285463295,54
122,WS_SEND_END,1516285463295,54
122,PLAYER_SLEEPBEFORE_START,1516285463295,55
122,PLAYER_SLEEPBEFORE_END,1516285465236,55
122,WS_SEND_START,1516285465236,55
122,WS_SEND_END,1516285465236,55
122,WS_RECV_START,1516285465236,56
122,WS_RECV_END,1516285465278,56
122,PLAYER_SLEEPBEFORE_START,1516285465278,57
122,PLAYER_SLEEPBEFORE_END,1516285488150,57
122,WS_SEND_START,1516285488150,57
122,WS_SEND_END,1516285488150,57
122,WS_RECV_START,1516285488150,58
122,WS_RECV_END,1516285488215,58
122,PLAYER_SLEEPBEFORE_START,1516285488215,59
122,PLAYER_SLEEPBEFORE_END,1516285490542,59
122,WS_SEND_START,1516285490542,59
122,WS_SEND_END,1516285490542,59
122,WS_RECV_START,1516285490542,60
122,WS_RECV_END,1516285490639,60
122,PLAYER_SLEEPBEFORE_START,1516285490639,61
122,PLAYER_SLEEPBEFORE_END,1516285494230,61
122,WS_SEND_START,1516285494230,61
122,WS_SEND_END,1516285494230,61
122,WS_RECV_START,1516285494230,62
122,WS_RECV_END,1516285494356,62
122,PLAYER_SLEEPBEFORE_START,1516285494356,63
122,PLAYER_SLEEPBEFORE_END,1516285513619,63
122,WS_SEND_START,1516285513619,63
122,WS_SEND_END,1516285513619,63
122,WS_RECV_START,1516285513619,64
122,WS_RECV_END,1516285513657,64
122,PLAYER_SLEEPBEFORE_START,1516285513657,65
122,PLAYER_SLEEPBEFORE_END,1516285540474,65
122,WS_SEND_START,1516285540474,65
122,WS_SEND_END,1516285540474,65
122,WS_RECV_START,1516285540474,66
122,WS_RECV_END,1516285541031,66
122,PLAYER_SLEEPBEFORE_START,1516285541031,67
122,PLAYER_SLEEPBEFORE_END,1516285542539,67
122,WS_SEND_START,1516285542539,67
122,WS_SEND_END,1516285542539,67
122,WS_RECV_START,1516285542539,68
122,WS_RECV_END,1516285542687,68
122,PLAYER_SLEEPBEFORE_START,1516285542687,69
122,PLAYER_SLEEPBEFORE_END,1516285564685,69
122,WS_SEND_START,1516285564685,69
122,WS_SEND_END,1516285564685,69
122,WS_RECV_START,1516285564685,70
122,WS_RECV_END,1516285565264,70
122,PLAYER_SLEEPBEFORE_START,1516285565264,71
122,PLAYER_SLEEPBEFORE_END,1516285590039,71
122,WS_SEND_START,1516285590039,71
122,WS_SEND_END,1516285590039,71
122,PLAYER_SLEEPBEFORE_START,1516285590039,72
122,PLAYER_SLEEPBEFORE_END,1516285592646,72
122,WS_SEND_START,1516285592646,72
122,WS_SEND_END,1516285592646,72
122,WS_RECV_START,1516285592646,73
122,WS_RECV_END,1516285593247,73
122,PLAYER_SLEEPBEFORE_START,1516285593247,74
122,PLAYER_SLEEPBEFORE_END,1516285593256,74
122,WS_SEND_START,1516285593256,74
122,WS_SEND_END,1516285593256,74
122,WS_RECV_START,1516285593256,75
122,WS_RECV_END,1516285593311,75
122,PLAYER_SLEEPBEFORE_START,1516285593311,76
122,PLAYER_SLEEPBEFORE_END,1516285594817,76
122,WS_SEND_START,1516285594817,76
122,WS_SEND_END,1516285594817,76
122,WS_RECV_START,1516285594817,77
122,WS_RECV_END,1516285595291,77
122,PLAYER_SLEEPBEFORE_START,1516285595291,78
122,PLAYER_SLEEPBEFORE_END,1516285596159,78
122,WS_SEND_START,1516285596159,78
122,WS_SEND_END,1516285596159,78
122,WS_RECV_START,1516285596159,79
122,WS_RECV_END,1516285596736,79
122,PLAYER_SLEEPBEFORE_START,1516285596736,80
122,PLAYER_SLEEPBEFORE_END,1516285604402,80
122,WS_SEND_START,1516285604402,80
122,WS_SEND_END,1516285604402,80
122,WS_RECV_START,1516285604402,81
122,WS_RECV_END,1516285604721,81
122,PLAYER_SLEEPBEFORE_START,1516285604721,82
122,PLAYER_SLEEPBEFORE_END,1516285605823,82
122,WS_SEND_START,1516285605823,82
122,WS_SEND_END,1516285605823,82
122,WS_RECV_START,1516285605823,83
122,WS_RECV_END,1516285605947,83
122,PLAYER_SLEEPBEFORE_START,1516285605947,84
122,PLAYER_SLEEPBEFORE_END,1516285606894,84
122,WS_SEND_START,1516285606894,84
122,WS_SEND_END,1516285606894,84
122,WS_RECV_START,1516285606894,85
122,WS_RECV_END,1516285607287,85
122,PLAYER_SLEEPBEFORE_START,1516285607287,86
122,PLAYER_SLEEPBEFORE_END,1516285611459,86
122,WS_SEND_START,1516285611459,86
122,WS_SEND_END,1516285611459,86
122,WS_RECV_START,1516285611459,87
122,WS_RECV_END,1516285611889,87
122,PLAYER_SLEEPBEFORE_START,1516285611889,88
122,PLAYER_SLEEPBEFORE_END,1516285611897,88
122,WS_SEND_START,1516285611897,88
122,WS_SEND_END,1516285611897,88
122,WS_RECV_START,1516285611897,89
122,WS_RECV_END,1516285612057,89
122,PLAYER_SLEEPBEFORE_START,1516285612057,90
122,PLAYER_SLEEPBEFORE_END,1516285639254,90
122,REQ_START,1516285639254,90
122,REQ_END,1516285639262,90
122,PLAYER_SLEEPBEFORE_START,1516285639262,91
122,PLAYER_SLEEPBEFORE_END,1516285647151,91
122,WS_SEND_START,1516285647151,91
122,WS_SEND_END,1516285647151,91
122,WS_RECV_START,1516285647151,92
122,WS_RECV_END,1516285647478,92
122,PLAYER_SLEEPBEFORE_START,1516285647478,93
122,PLAYER_SLEEPBEFORE_END,1516285647497,93
122,WS_SEND_START,1516285647497,93
122,WS_SEND_END,1516285647497,93
122,WS_RECV_START,1516285647497,94
122,WS_RECV_END,1516285647840,94
122,PLAYER_SLEEPBEFORE_START,1516285647840,95
122,PLAYER_SLEEPBEFORE_END,1516285671395,95
122,WS_SEND_START,1516285671396,95
122,WS_SEND_END,1516285671396,95
122,WS_RECV_START,1516285671396,96
122,WS_RECV_END,1516285671897,96
122,PLAYER_SLEEPBEFORE_START,1516285671897,97
122,PLAYER_SLEEPBEFORE_END,1516285694337,97
122,WS_SEND_START,1516285694337,97
122,WS_SEND_END,1516285694337,97
122,WS_RECV_START,1516285694337,98
122,WS_RECV_END,1516285694617,98
122,PLAYER_SLEEPBEFORE_START,1516285694617,99
122,PLAYER_SLEEPBEFORE_END,1516285694638,99
122,WS_SEND_START,1516285694638,99
122,WS_SEND_END,1516285694638,99
122,WS_RECV_START,1516285694638,100
122,WS_RECV_END,1516285694932,100
122,PLAYER_SLEEPBEFORE_START,1516285694932,101
122,PLAYER_SLEEPBEFORE_END,1516285718491,101
122,WS_SEND_START,1516285718491,101
122,WS_SEND_END,1516285718491,101
122,WS_RECV_START,1516285718491,102
122,WS_RECV_END,1516285718960,102
122,PLAYER_SLEEPBEFORE_START,1516285718960,103
122,PLAYER_SLEEPBEFORE_END,1516285742585,103
122,WS_SEND_START,1516285742585,103
122,WS_SEND_END,1516285742585,103
122,WS_RECV_START,1516285742585,104
122,WS_RECV_END,1516285743044,104
122,PLAYER_SLEEPBEFORE_START,1516285743044,105
122,PLAYER_SLEEPBEFORE_END,1516285768421,105
122,WS_SEND_START,1516285768421,105
122,WS_SEND_END,1516285768421,105
122,WS_RECV_START,1516285768421,106
122,WS_RECV_END,1516285769298,106
122,PLAYER_SLEEPBEFORE_START,1516285769298,107
122,PLAYER_SLEEPBEFORE_END,1516285792721,107
122,WS_SEND_START,1516285792721,107
122,WS_SEND_END,1516285792721,107
122,WS_RECV_START,1516285792721,108
122,WS_RECV_END,1516285793169,108
122,PLAYER_SLEEPBEFORE_START,1516285793169,109
122,PLAYER_SLEEPBEFORE_END,1516285793178,109
122,WS_SEND_START,1516285793178,109
122,WS_SEND_END,1516285793178,109
122,WS_RECV_START,1516285793178,110
122,WS_RECV_END,1516285793518,110
122,PLAYER_SLEEPBEFORE_START,1516285793518,111
122,PLAYER_SLEEPBEFORE_END,1516285794477,111
122,WS_SEND_START,1516285794477,111
122,WS_SEND_END,1516285794477,111
122,WS_RECV_START,1516285794477,112
122,WS_RECV_END,1516285794647,112
122,PLAYER_SLEEPBEFORE_START,1516285794647,113
122,PLAYER_SLEEPBEFORE_END,1516285795209,113
122,WS_SEND_START,1516285795209,113
122,WS_SEND_END,1516285795209,113
122,WS_RECV_START,1516285795209,114
122,WS_RECV_END,1516285796022,114
122,PLAYER_SLEEPBEFORE_START,1516285796022,115
122,PLAYER_SLEEPBEFORE_END,1516285796032,115
122,WS_SEND_START,1516285796032,115
122,WS_SEND_END,1516285796032,115
122,WS_RECV_START,1516285796032,116
122,WS_RECV_END,1516285797291,116
122,PLAYER_SLEEPBEFORE_START,1516285797291,117
122,PLAYER_SLEEPBEFORE_END,1516285817651,117
122,WS_SEND_START,1516285817651,117
122,WS_SEND_END,1516285817651,117
122,PLAYER_SLEEPBEFORE_START,1516285817651,118
122,PLAYER_SLEEPBEFORE_END,1516285821403,118
122,WS_SEND_START,1516285821403,118
122,WS_SEND_END,1516285821403,118
122,WS_RECV_START,1516285821403,119
122,WS_RECV_END,1516285822839,119
122,PLAYER_SLEEPBEFORE_START,1516285822839,120
122,PLAYER_SLEEPBEFORE_END,1516285823827,120
122,WS_SEND_START,1516285823827,120
122,WS_SEND_END,1516285823827,120
122,WS_RECV_START,1516285823827,121
122,WS_RECV_END,1516285825657,121
122,PLAYER_SLEEPBEFORE_START,1516285825657,122
122,PLAYER_SLEEPBEFORE_END,1516285826842,122
122,WS_SEND_START,1516285826842,122
122,WS_SEND_END,1516285826842,122
122,WS_RECV_START,1516285826842,123
122,WS_RECV_END,1516285828804,123
122,PLAYER_SLEEPBEFORE_START,1516285828804,124
122,PLAYER_SLEEPBEFORE_END,1516285853209,124
122,WS_SEND_START,1516285853209,124
122,WS_SEND_END,1516285853209,124
122,WS_RECV_START,1516285853209,125
122,WS_RECV_END,1516285854182,125
122,PLAYER_SLEEPBEFORE_START,1516285854182,126
122,PLAYER_SLEEPBEFORE_END,1516285874694,126
122,WS_SEND_START,1516285874694,126
122,WS_SEND_END,1516285874694,126
122,PLAYER_SLEEPBEFORE_START,1516285874694,127
122,PLAYER_SLEEPBEFORE_END,1516285877748,127
122,WS_SEND_START,1516285877748,127
122,WS_SEND_END,1516285877748,127
122,WS_RECV_START,1516285877748,128
122,WS_RECV_END,1516285879671,128
122,PLAYER_SLEEPBEFORE_START,1516285879671,129
122,PLAYER_SLEEPBEFORE_END,1516285879691,129
122,WS_SEND_START,1516285879691,129
122,WS_SEND_END,1516285879691,129
122,WS_RECV_START,1516285879691,130
122,WS_RECV_END,1516285881420,130
122,PLAYER_SLEEPBEFORE_START,1516285881420,131
122,PLAYER_SLEEPBEFORE_END,1516285903044,131
122,WS_SEND_START,1516285903044,131
122,WS_SEND_END,1516285903044,131
122,PLAYER_SLEEPBEFORE_START,1516285903044,132
122,PLAYER_SLEEPBEFORE_END,1516285906124,132
122,WS_SEND_START,1516285906124,132
122,WS_SEND_END,1516285906124,132
122,WS_RECV_START,1516285906124,133
122,WS_RECV_END,1516285907113,133
122,PLAYER_SLEEPBEFORE_START,1516285907113,134
122,PLAYER_SLEEPBEFORE_END,1516285928331,134
122,WS_SEND_START,1516285928331,134
122,WS_SEND_END,1516285928331,134
122,PLAYER_SLEEPBEFORE_START,1516285928331,135
122,PLAYER_SLEEPBEFORE_END,1516285931521,135
122,WS_SEND_START,1516285931521,135
122,WS_SEND_END,1516285931521,135
122,WS_RECV_START,1516285931521,136
122,WS_RECV_END,1516285932836,136
122,PLAYER_SLEEPBEFORE_START,1516285932836,137
122,PLAYER_SLEEPBEFORE_END,1516285932843,137
122,WS_SEND_START,1516285932843,137
122,WS_SEND_END,1516285932843,137
122,WS_RECV_START,1516285932843,138
122,WS_RECV_END,1516285933174,138
122,PLAYER_SLEEPBEFORE_START,1516285933174,139
122,PLAYER_SLEEPBEFORE_END,1516285933864,139
122,WS_SEND_START,1516285933864,139
122,WS_SEND_END,1516285933864,139
122,WS_RECV_START,1516285933864,140
122,WS_RECV_END,1516285934546,140
122,PLAYER_SLEEPBEFORE_START,1516285934546,141
122,PLAYER_SLEEPBEFORE_END,1516285935201,141
122,WS_SEND_START,1516285935201,141
122,WS_SEND_END,1516285935201,141
122,WS_RECV_START,1516285935201,142
122,WS_RECV_END,1516285935660,142
122,PLAYER_SLEEPBEFORE_START,1516285935660,143
122,PLAYER_SLEEPBEFORE_END,1516285935717,143
122,WS_SEND_START,1516285935717,143
122,WS_SEND_END,1516285935717,143
122,WS_RECV_START,1516285935717,144
122,WS_RECV_END,1516285937034,144
122,PLAYER_SLEEPBEFORE_START,1516285937034,145
122,PLAYER_SLEEPBEFORE_END,1516285953096,145
122,REQ_START,1516285953096,145
122,REQ_END,1516285953104,145
122,PLAYER_SLEEPBEFORE_START,1516285953104,146
122,PLAYER_SLEEPBEFORE_END,1516285961981,146
122,WS_SEND_START,1516285961981,146
122,WS_SEND_END,1516285961981,146
122,WS_RECV_START,1516285961981,147
122,WS_RECV_END,1516285962265,147
122,PLAYER_SLEEPBEFORE_START,1516285962265,148
122,PLAYER_SLEEPBEFORE_END,1516285984188,148
122,WS_SEND_START,1516285984188,148
122,WS_SEND_END,1516285984188,148
122,PLAYER_SLEEPBEFORE_START,1516285984188,149
122,PLAYER_SLEEPBEFORE_END,1516285986616,149
122,WS_SEND_START,1516285986616,149
122,WS_SEND_END,1516285986616,149
122,WS_RECV_START,1516285986616,150
122,WS_RECV_END,1516285988724,150
122,PLAYER_SLEEPBEFORE_START,1516285988724,151
122,PLAYER_SLEEPBEFORE_END,1516285988934,151
122,WS_SEND_START,1516285988934,151
122,WS_SEND_END,1516285988934,151
122,WS_RECV_START,1516285988934,152
122,WS_RECV_END,1516285989581,152
122,PLAYER_SLEEPBEFORE_START,1516285989581,153
122,PLAYER_SLEEPBEFORE_END,1516286013509,153
122,WS_SEND_START,1516286013509,153
122,WS_SEND_END,1516286013509,153
122,WS_RECV_START,1516286013509,154
122,WS_RECV_END,1516286015046,154
122,PLAYER_SLEEPBEFORE_START,1516286015046,155
122,PLAYER_SLEEPBEFORE_END,1516286037604,155
122,WS_SEND_START,1516286037604,155
122,WS_SEND_END,1516286037604,155
122,PLAYER_SLEEPBEFORE_START,1516286037604,156
122,PLAYER_SLEEPBEFORE_END,1516286040878,156
122,WS_SEND_START,1516286040878,156
122,WS_SEND_END,1516286040878,156
122,WS_RECV_START,1516286040878,157
122,WS_RECV_END,1516286041254,157
122,PLAYER_SLEEPBEFORE_START,1516286041254,158
122,PLAYER_SLEEPBEFORE_END,1516286041264,158
122,WS_SEND_START,1516286041264,158
122,WS_SEND_END,1516286041264,158
122,WS_RECV_START,1516286041264,159
122,WS_RECV_END,1516286041670,159
122,PLAYER_SLEEPBEFORE_START,1516286041670,160
122,PLAYER_SLEEPBEFORE_END,1516286041846,160
122,WS_SEND_START,1516286041846,160
122,WS_SEND_END,1516286041846,160
122,WS_RECV_START,1516286041846,161
122,WS_RECV_END,1516286042458,161
122,PLAYER_SLEEPBEFORE_START,1516286042458,162
122,PLAYER_SLEEPBEFORE_END,1516286042483,162
122,WS_SEND_START,1516286042483,162
122,WS_SEND_END,1516286042483,162
122,WS_RECV_START,1516286042483,163
122,WS_RECV_END,1516286043268,163
122,PLAYER_SLEEPBEFORE_START,1516286043268,164
122,PLAYER_SLEEPBEFORE_END,1516286064081,164
122,WS_SEND_START,1516286064081,164
122,WS_SEND_END,1516286064081,164
122,WS_RECV_START,1516286064081,165
122,WS_RECV_END,1516286065207,165
122,PLAYER_SLEEPBEFORE_START,1516286065207,166
122,PLAYER_SLEEPBEFORE_END,1516286087662,166
122,WS_SEND_START,1516286087662,166
122,WS_SEND_END,1516286087662,166
122,WS_RECV_START,1516286087662,167
122,WS_RECV_END,1516286088920,167
122,PLAYER_SLEEPBEFORE_START,1516286088920,168
122,PLAYER_SLEEPBEFORE_END,1516286116277,168
122,WS_SEND_START,1516286116277,168
122,WS_SEND_END,1516286116277,168
122,WS_RECV_START,1516286116277,169
122,WS_RECV_END,1516286117141,169
122,PLAYER_SLEEPBEFORE_START,1516286117141,170
122,PLAYER_SLEEPBEFORE_END,1516286117151,170
122,WS_SEND_START,1516286117151,170
122,WS_SEND_END,1516286117151,170
122,WS_RECV_START,1516286117151,171
122,WS_RECV_END,1516286117830,171
122,PLAYER_SLEEPBEFORE_START,1516286117830,172
122,PLAYER_SLEEPBEFORE_END,1516286118199,172
122,WS_SEND_START,1516286118199,172
122,WS_SEND_END,1516286118199,172
122,WS_RECV_START,1516286118199,173
122,WS_RECV_END,1516286118984,173
122,PLAYER_SLEEPBEFORE_START,1516286118984,174
122,PLAYER_SLEEPBEFORE_END,1516286119025,174
122,WS_SEND_START,1516286119025,174
122,WS_SEND_END,1516286119025,174
122,WS_RECV_START,1516286119025,175
122,WS_RECV_END,1516286119766,175
122,PLAYER_SLEEPBEFORE_START,1516286119766,176
122,PLAYER_SLEEPBEFORE_END,1516286141527,176
122,WS_SEND_START,1516286141527,176
122,WS_SEND_END,1516286141527,176
122,PLAYER_SLEEPBEFORE_START,1516286141527,177
122,PLAYER_SLEEPBEFORE_END,1516286144045,177
122,WS_SEND_START,1516286144045,177
122,WS_SEND_END,1516286144045,177
122,WS_RECV_START,1516286144045,178
122,WS_RECV_END,1516286145839,178
122,PLAYER_SLEEPBEFORE_START,1516286145839,179
122,PLAYER_SLEEPBEFORE_END,1516286168179,179
122,WS_SEND_START,1516286168179,179
122,WS_SEND_END,1516286168179,179
122,WS_RECV_START,1516286168179,180
122,WS_RECV_END,1516286173835,180
122,PLAYER_SLEEPBEFORE_START,1516286173835,181
122,PLAYER_SLEEPBEFORE_END,1516286174279,181
122,WS_SEND_START,1516286174279,181
122,WS_SEND_END,1516286174279,181
122,WS_RECV_START,1516286174279,182
122,WS_RECV_END,1516286177364,182
122,PLAYER_SLEEPBEFORE_START,1516286177364,183
122,PLAYER_SLEEPBEFORE_END,1516286177887,183
122,WS_SEND_START,1516286177887,183
122,WS_SEND_END,1516286177887,183
122,WS_RECV_START,1516286177887,184
122,WS_RECV_END,1516286181294,184
122,PLAYER_SLEEPBEFORE_START,1516286181294,185
122,PLAYER_SLEEPBEFORE_END,1516286181567,185
122,WS_SEND_START,1516286181567,185
122,WS_SEND_END,1516286181567,185
122,WS_RECV_START,1516286181567,186
122,WS_RECV_END,1516286184848,186
122,PLAYER_SLEEPBEFORE_START,1516286184848,187
122,PLAYER_SLEEPBEFORE_END,1516286207349,187
122,WS_SEND_START,1516286207349,187
122,WS_SEND_END,1516286207349,187
122,WS_RECV_START,1516286207349,188
122,WS_RECV_END,1516286212638,188
122,PLAYER_SLEEPBEFORE_START,1516286212638,189
122,PLAYER_SLEEPBEFORE_END,1516286218878,189
122,WS_SEND_START,1516286218878,189
122,WS_SEND_END,1516286218878,189
122,WS_RECV_START,1516286218878,190
122,WS_RECV_END,1516286225082,190
122,PLAYER_SLEEPBEFORE_START,1516286225082,191
122,PLAYER_SLEEPBEFORE_END,1516286226997,191
122,WS_SEND_START,1516286226997,191
122,WS_SEND_END,1516286226997,191
122,WS_RECV_START,1516286226997,192
122,WS_RECV_END,1516286232564,192
122,PLAYER_SLEEPBEFORE_START,1516286232564,193
122,PLAYER_SLEEPBEFORE_END,1516286232693,193
122,WS_SEND_START,1516286232693,193
122,WS_SEND_END,1516286232693,193
122,WS_RECV_START,1516286232693,194
122,WS_RECV_END,1516286234668,194
122,PLAYER_SLEEPBEFORE_START,1516286234668,195
122,PLAYER_SLEEPBEFORE_END,1516286236423,195
122,WS_SEND_START,1516286236423,195
122,WS_SEND_END,1516286236423,195
122,WS_RECV_START,1516286236423,196
122,WS_RECV_END,1516286242180,196
122,PLAYER_SLEEPBEFORE_START,1516286242180,197
122,PLAYER_SLEEPBEFORE_END,1516286243984,197
122,WS_SEND_START,1516286243984,197
122,WS_SEND_END,1516286243984,197
122,WS_RECV_START,1516286243984,198
122,WS_RECV_END,1516286247687,198
122,PLAYER_SLEEPBEFORE_START,1516286247687,199
122,PLAYER_SLEEPBEFORE_END,1516286259541,199
122,WS_SEND_START,1516286259541,199
122,WS_SEND_END,1516286259541,199
122,PLAYER_SLEEPBEFORE_START,1516286259541,200
122,PLAYER_SLEEPBEFORE_END,1516286263629,200
122,WS_SEND_START,1516286263629,200
122,WS_SEND_END,1516286263629,200
122,WS_RECV_START,1516286263629,201
122,WS_RECV_END,1516286265759,201
122,PLAYER_SLEEPBEFORE_START,1516286265759,202
122,PLAYER_SLEEPBEFORE_END,1516286265773,202
122,WS_SEND_START,1516286265773,202
122,WS_SEND_END,1516286265773,202
122,WS_RECV_START,1516286265773,203
122,WS_RECV_END,1516286266407,203
122,PLAYER_SLEEPBEFORE_START,1516286266407,204
122,PLAYER_SLEEPBEFORE_END,1516286286056,204
122,WS_SEND_START,1516286286056,204
122,WS_SEND_END,1516286286056,204
122,PLAYER_SLEEPBEFORE_START,1516286286056,205
122,PLAYER_SLEEPBEFORE_END,1516286289954,205
122,WS_SEND_START,1516286289954,205
122,WS_SEND_END,1516286289955,205
122,WS_RECV_START,1516286289955,206
122,WS_RECV_END,1516286292954,206
122,PLAYER_SLEEPBEFORE_START,1516286292954,207
122,PLAYER_SLEEPBEFORE_END,1516286309885,207
122,REQ_START,1516286309885,207
122,REQ_END,1516286309892,207
122,PLAYER_SLEEPBEFORE_START,1516286309892,208
122,PLAYER_SLEEPBEFORE_END,1516286316745,208
122,WS_CLOSE_START,1516286316745,208
122,WS_CLOSE_END,1516286316745,208
122,PLAYER_DONE,1516286316745
