# --sessions 540 --app-url=http://shinyloadtest.rstudioservices.com/cran_explorer --output-dir test540 --overwrite-output --log-level warn --start-interval 500 15min.log
thread_id,event,timestamp,input_line_number,comment
175,PLAYER_SESSION_CREATE,1516285277615
175,PLAYER_START_INTERVAL_START,1516285277615
175,PLAYER_START_INTERVAL_END,1516285365115
175,REQ_HOME_START,1516285365115,2
175,REQ_HOME_END,1516285365210,2
175,REQ_START,1516285365210,3
175,REQ_END,1516285365364,3
175,REQ_START,1516285365364,4
175,REQ_END,1516285365396,4
175,REQ_START,1516285365396,5
175,REQ_END,1516285365429,5
175,REQ_START,1516285365429,6
175,REQ_END,1516285365464,6
175,REQ_START,1516285365464,7
175,REQ_END,1516285365795,7
175,REQ_START,1516285365795,8
175,REQ_END,1516285365831,8
175,REQ_START,1516285365831,9
175,REQ_END,1516285365870,9
175,REQ_START,1516285365870,10
175,REQ_END,1516285365878,10
175,REQ_START,1516285365878,11
175,REQ_END,1516285365908,11
175,REQ_START,1516285365908,12
175,REQ_END,1516285365917,12
175,REQ_START,1516285365917,13
175,REQ_END,1516285365948,13
175,REQ_START,1516285365948,14
175,REQ_END,1516285365962,14
175,REQ_START,1516285365962,15
175,REQ_END,1516285365995,15
175,REQ_TOK_START,1516285365995,16
175,REQ_TOK_END,1516285366002,16
175,REQ_SINF_START,1516285366002,17
175,REQ_SINF_END,1516285366009,17
175,WS_OPEN_START,1516285366009,18
175,WS_OPEN_END,1516285366015,18
175,REQ_START,1516285366015,19
175,REQ_END,1516285366041,19
175,WS_RECV_START,1516285366041,20
175,WS_RECV_END,1516285366041,20
175,PLAYER_SLEEPBEFORE_START,1516285366041,21
175,PLAYER_SLEEPBEFORE_END,1516285366047,21
175,WS_SEND_START,1516285366047,21
175,WS_SEND_END,1516285366047,21
175,PLAYER_SLEEPBEFORE_START,1516285366047,22
175,PLAYER_SLEEPBEFORE_END,1516285366048,22
175,WS_SEND_START,1516285366048,22
175,WS_SEND_END,1516285366048,22
175,WS_RECV_INIT_START,1516285366048,23
175,WS_RECV_INIT_END,1516285366064,23
175,WS_RECV_START,1516285366064,24
175,WS_RECV_END,1516285366131,24
175,PLAYER_SLEEPBEFORE_START,1516285366131,25
175,PLAYER_SLEEPBEFORE_END,1516285366139,25
175,REQ_START,1516285366139,25
175,REQ_END,1516285366171,25
175,PLAYER_SLEEPBEFORE_START,1516285366171,26
175,PLAYER_SLEEPBEFORE_END,1516285366172,26
175,REQ_START,1516285366172,26
175,REQ_END,1516285366204,26
175,PLAYER_SLEEPBEFORE_START,1516285366204,27
175,PLAYER_SLEEPBEFORE_END,1516285366212,27
175,REQ_START,1516285366213,27
175,REQ_END,1516285366248,27
175,PLAYER_SLEEPBEFORE_START,1516285366248,28
175,PLAYER_SLEEPBEFORE_END,1516285366533,28
175,REQ_START,1516285366533,28
175,REQ_END,1516285366565,28
175,PLAYER_SLEEPBEFORE_START,1516285366565,29
175,PLAYER_SLEEPBEFORE_END,1516285366740,29
175,WS_SEND_START,1516285366740,29
175,WS_SEND_END,1516285366740,29
175,WS_RECV_START,1516285366740,30
175,WS_RECV_END,1516285366863,30
175,PLAYER_SLEEPBEFORE_START,1516285366863,31
175,PLAYER_SLEEPBEFORE_END,1516285366874,31
175,REQ_START,1516285366874,31
175,REQ_END,1516285366910,31
175,PLAYER_SLEEPBEFORE_START,1516285366910,32
175,PLAYER_SLEEPBEFORE_END,1516285395055,32
175,WS_SEND_START,1516285395055,32
175,WS_SEND_END,1516285395055,32
175,WS_RECV_START,1516285395055,33
175,WS_RECV_END,1516285395271,33
175,PLAYER_SLEEPBEFORE_START,1516285395271,34
175,PLAYER_SLEEPBEFORE_END,1516285421183,34
175,WS_SEND_START,1516285421183,34
175,WS_SEND_END,1516285421183,34
175,WS_RECV_START,1516285421183,35
175,WS_RECV_END,1516285421204,35
175,PLAYER_SLEEPBEFORE_START,1516285421204,36
175,PLAYER_SLEEPBEFORE_END,1516285421213,36
175,WS_SEND_START,1516285421213,36
175,WS_SEND_END,1516285421213,36
175,WS_RECV_START,1516285421213,37
175,WS_RECV_END,1516285421257,37
175,PLAYER_SLEEPBEFORE_START,1516285421257,38
175,PLAYER_SLEEPBEFORE_END,1516285424452,38
175,WS_SEND_START,1516285424452,38
175,WS_SEND_END,1516285424452,38
175,WS_RECV_START,1516285424452,39
175,WS_RECV_END,1516285424579,39
175,PLAYER_SLEEPBEFORE_START,1516285424579,40
175,PLAYER_SLEEPBEFORE_END,1516285424626,40
175,WS_SEND_START,1516285424626,40
175,WS_SEND_END,1516285424626,40
175,WS_RECV_START,1516285424626,41
175,WS_RECV_END,1516285424718,41
175,PLAYER_SLEEPBEFORE_START,1516285424718,42
175,PLAYER_SLEEPBEFORE_END,1516285442853,42
175,WS_SEND_START,1516285442853,42
175,WS_SEND_END,1516285442853,42
175,WS_RECV_START,1516285442853,43
175,WS_RECV_END,1516285442918,43
175,PLAYER_SLEEPBEFORE_START,1516285442918,44
175,PLAYER_SLEEPBEFORE_END,1516285442930,44
175,WS_SEND_START,1516285442930,44
175,WS_SEND_END,1516285442930,44
175,WS_RECV_START,1516285442930,45
175,WS_RECV_END,1516285443021,45
175,PLAYER_SLEEPBEFORE_START,1516285443021,46
175,PLAYER_SLEEPBEFORE_END,1516285444281,46
175,WS_SEND_START,1516285444281,46
175,WS_SEND_END,1516285444281,46
175,WS_RECV_START,1516285444281,47
175,WS_RECV_END,1516285444587,47
175,PLAYER_SLEEPBEFORE_START,1516285444587,48
175,PLAYER_SLEEPBEFORE_END,1516285445908,48
175,WS_SEND_START,1516285445908,48
175,WS_SEND_END,1516285445908,48
175,WS_RECV_START,1516285445908,49
175,WS_RECV_END,1516285446088,49
175,PLAYER_SLEEPBEFORE_START,1516285446088,50
175,PLAYER_SLEEPBEFORE_END,1516285446112,50
175,WS_SEND_START,1516285446112,50
175,WS_SEND_END,1516285446112,50
175,WS_RECV_START,1516285446112,51
175,WS_RECV_END,1516285446447,51
175,PLAYER_SLEEPBEFORE_START,1516285446447,52
175,PLAYER_SLEEPBEFORE_END,1516285469011,52
175,WS_SEND_START,1516285469011,52
175,WS_SEND_END,1516285469011,52
175,WS_RECV_START,1516285469011,53
175,WS_RECV_END,1516285469133,53
175,PLAYER_SLEEPBEFORE_START,1516285469133,54
175,PLAYER_SLEEPBEFORE_END,1516285490436,54
175,WS_SEND_START,1516285490436,54
175,WS_SEND_END,1516285490436,54
175,PLAYER_SLEEPBEFORE_START,1516285490436,55
175,PLAYER_SLEEPBEFORE_END,1516285492377,55
175,WS_SEND_START,1516285492377,55
175,WS_SEND_END,1516285492377,55
175,WS_RECV_START,1516285492377,56
175,WS_RECV_END,1516285492592,56
175,PLAYER_SLEEPBEFORE_START,1516285492592,57
175,PLAYER_SLEEPBEFORE_END,1516285515464,57
175,WS_SEND_START,1516285515464,57
175,WS_SEND_END,1516285515464,57
175,WS_RECV_START,1516285515464,58
175,WS_RECV_END,1516285515547,58
175,PLAYER_SLEEPBEFORE_START,1516285515547,59
175,PLAYER_SLEEPBEFORE_END,1516285517874,59
175,WS_SEND_START,1516285517874,59
175,WS_SEND_END,1516285517874,59
175,WS_RECV_START,1516285517874,60
175,WS_RECV_END,1516285518000,60
175,PLAYER_SLEEPBEFORE_START,1516285518000,61
175,PLAYER_SLEEPBEFORE_END,1516285521591,61
175,WS_SEND_START,1516285521591,61
175,WS_SEND_END,1516285521591,61
175,WS_RECV_START,1516285521591,62
175,WS_RECV_END,1516285521711,62
175,PLAYER_SLEEPBEFORE_START,1516285521711,63
175,PLAYER_SLEEPBEFORE_END,1516285540973,63
175,WS_SEND_START,1516285540973,63
175,WS_SEND_END,1516285540973,63
175,WS_RECV_START,1516285540973,64
175,WS_RECV_END,1516285541228,64
175,PLAYER_SLEEPBEFORE_START,1516285541228,65
175,PLAYER_SLEEPBEFORE_END,1516285568045,65
175,WS_SEND_START,1516285568045,65
175,WS_SEND_END,1516285568046,65
175,WS_RECV_START,1516285568046,66
175,WS_RECV_END,1516285569094,66
175,PLAYER_SLEEPBEFORE_START,1516285569094,67
175,PLAYER_SLEEPBEFORE_END,1516285570601,67
175,WS_SEND_START,1516285570601,67
175,WS_SEND_END,1516285570601,67
175,WS_RECV_START,1516285570602,68
175,WS_RECV_END,1516285571125,68
175,PLAYER_SLEEPBEFORE_START,1516285571125,69
175,PLAYER_SLEEPBEFORE_END,1516285593123,69
175,WS_SEND_START,1516285593123,69
175,WS_SEND_END,1516285593123,69
175,WS_RECV_START,1516285593123,70
175,WS_RECV_END,1516285593229,70
175,PLAYER_SLEEPBEFORE_START,1516285593229,71
175,PLAYER_SLEEPBEFORE_END,1516285618004,71
175,WS_SEND_START,1516285618004,71
175,WS_SEND_END,1516285618004,71
175,PLAYER_SLEEPBEFORE_START,1516285618004,72
175,PLAYER_SLEEPBEFORE_END,1516285620611,72
175,WS_SEND_START,1516285620611,72
175,WS_SEND_END,1516285620611,72
175,WS_RECV_START,1516285620611,73
175,WS_RECV_END,1516285620948,73
175,PLAYER_SLEEPBEFORE_START,1516285620948,74
175,PLAYER_SLEEPBEFORE_END,1516285620958,74
175,WS_SEND_START,1516285620958,74
175,WS_SEND_END,1516285620958,74
175,WS_RECV_START,1516285620958,75
175,WS_RECV_END,1516285621353,75
175,PLAYER_SLEEPBEFORE_START,1516285621353,76
175,PLAYER_SLEEPBEFORE_END,1516285622859,76
175,WS_SEND_START,1516285622859,76
175,WS_SEND_END,1516285622859,76
175,WS_RECV_START,1516285622859,77
175,WS_RECV_END,1516285623144,77
175,PLAYER_SLEEPBEFORE_START,1516285623144,78
175,PLAYER_SLEEPBEFORE_END,1516285624012,78
175,WS_SEND_START,1516285624012,78
175,WS_SEND_END,1516285624012,78
175,WS_RECV_START,1516285624012,79
175,WS_RECV_END,1516285624069,79
175,PLAYER_SLEEPBEFORE_START,1516285624069,80
175,PLAYER_SLEEPBEFORE_END,1516285631735,80
175,WS_SEND_START,1516285631735,80
175,WS_SEND_END,1516285631735,80
175,WS_RECV_START,1516285631735,81
175,WS_RECV_END,1516285632626,81
175,PLAYER_SLEEPBEFORE_START,1516285632626,82
175,PLAYER_SLEEPBEFORE_END,1516285633728,82
175,WS_SEND_START,1516285633728,82
175,WS_SEND_END,1516285633729,82
175,WS_RECV_START,1516285633729,83
175,WS_RECV_END,1516285634031,83
175,PLAYER_SLEEPBEFORE_START,1516285634031,84
175,PLAYER_SLEEPBEFORE_END,1516285634978,84
175,WS_SEND_START,1516285634978,84
175,WS_SEND_END,1516285634978,84
175,WS_RECV_START,1516285634978,85
175,WS_RECV_END,1516285635415,85
175,PLAYER_SLEEPBEFORE_START,1516285635415,86
175,PLAYER_SLEEPBEFORE_END,1516285639587,86
175,WS_SEND_START,1516285639587,86
175,WS_SEND_END,1516285639587,86
175,WS_RECV_START,1516285639587,87
175,WS_RECV_END,1516285639981,87
175,PLAYER_SLEEPBEFORE_START,1516285639981,88
175,PLAYER_SLEEPBEFORE_END,1516285639989,88
175,WS_SEND_START,1516285639989,88
175,WS_SEND_END,1516285639989,88
175,WS_RECV_START,1516285639989,89
175,WS_RECV_END,1516285640311,89
175,PLAYER_SLEEPBEFORE_START,1516285640311,90
175,PLAYER_SLEEPBEFORE_END,1516285667508,90
175,REQ_START,1516285667508,90
175,REQ_END,1516285667516,90
175,PLAYER_SLEEPBEFORE_START,1516285667516,91
175,PLAYER_SLEEPBEFORE_END,1516285675405,91
175,WS_SEND_START,1516285675405,91
175,WS_SEND_END,1516285675405,91
175,WS_RECV_START,1516285675405,92
175,WS_RECV_END,1516285675642,92
175,PLAYER_SLEEPBEFORE_START,1516285675642,93
175,PLAYER_SLEEPBEFORE_END,1516285675657,93
175,WS_SEND_START,1516285675657,93
175,WS_SEND_END,1516285675657,93
175,WS_RECV_START,1516285675658,94
175,WS_RECV_END,1516285675813,94
175,PLAYER_SLEEPBEFORE_START,1516285675813,95
175,PLAYER_SLEEPBEFORE_END,1516285699368,95
175,WS_SEND_START,1516285699368,95
175,WS_SEND_END,1516285699368,95
175,WS_RECV_START,1516285699368,96
175,WS_RECV_END,1516285700022,96
175,PLAYER_SLEEPBEFORE_START,1516285700022,97
175,PLAYER_SLEEPBEFORE_END,1516285722462,97
175,WS_SEND_START,1516285722462,97
175,WS_SEND_END,1516285722462,97
175,WS_RECV_START,1516285722462,98
175,WS_RECV_END,1516285722776,98
175,PLAYER_SLEEPBEFORE_START,1516285722776,99
175,PLAYER_SLEEPBEFORE_END,1516285722798,99
175,WS_SEND_START,1516285722798,99
175,WS_SEND_END,1516285722798,99
175,WS_RECV_START,1516285722798,100
175,WS_RECV_END,1516285723029,100
175,PLAYER_SLEEPBEFORE_START,1516285723029,101
175,PLAYER_SLEEPBEFORE_END,1516285746588,101
175,WS_SEND_START,1516285746588,101
175,WS_SEND_END,1516285746588,101
175,WS_RECV_START,1516285746588,102
175,WS_RECV_END,1516285747042,102
175,PLAYER_SLEEPBEFORE_START,1516285747043,103
175,PLAYER_SLEEPBEFORE_END,1516285770668,103
175,WS_SEND_START,1516285770668,103
175,WS_SEND_END,1516285770668,103
175,WS_RECV_START,1516285770668,104
175,WS_RECV_END,1516285771885,104
175,PLAYER_SLEEPBEFORE_START,1516285771885,105
175,PLAYER_SLEEPBEFORE_END,1516285797262,105
175,WS_SEND_START,1516285797262,105
175,WS_SEND_END,1516285797262,105
175,WS_RECV_START,1516285797262,106
175,WS_RECV_END,1516285797906,106
175,PLAYER_SLEEPBEFORE_START,1516285797906,107
175,PLAYER_SLEEPBEFORE_END,1516285821329,107
175,WS_SEND_START,1516285821330,107
175,WS_SEND_END,1516285821330,107
175,WS_RECV_START,1516285821330,108
175,WS_RECV_END,1516285823278,108
175,PLAYER_SLEEPBEFORE_START,1516285823278,109
175,PLAYER_SLEEPBEFORE_END,1516285823287,109
175,WS_SEND_START,1516285823287,109
175,WS_SEND_END,1516285823287,109
175,WS_RECV_START,1516285823287,110
175,WS_RECV_END,1516285824065,110
175,PLAYER_SLEEPBEFORE_START,1516285824065,111
175,PLAYER_SLEEPBEFORE_END,1516285825025,111
175,WS_SEND_START,1516285825025,111
175,WS_SEND_END,1516285825025,111
175,WS_RECV_START,1516285825025,112
175,WS_RECV_END,1516285826595,112
175,PLAYER_SLEEPBEFORE_START,1516285826595,113
175,PLAYER_SLEEPBEFORE_END,1516285827157,113
175,WS_SEND_START,1516285827157,113
175,WS_SEND_END,1516285827157,113
175,WS_RECV_START,1516285827157,114
175,WS_RECV_END,1516285828238,114
175,PLAYER_SLEEPBEFORE_START,1516285828238,115
175,PLAYER_SLEEPBEFORE_END,1516285828247,115
175,WS_SEND_START,1516285828247,115
175,WS_SEND_END,1516285828247,115
175,WS_RECV_START,1516285828247,116
175,WS_RECV_END,1516285828504,116
175,PLAYER_SLEEPBEFORE_START,1516285828504,117
175,PLAYER_SLEEPBEFORE_END,1516285848864,117
175,WS_SEND_START,1516285848864,117
175,WS_SEND_END,1516285848864,117
175,PLAYER_SLEEPBEFORE_START,1516285848864,118
175,PLAYER_SLEEPBEFORE_END,1516285852617,118
175,WS_SEND_START,1516285852617,118
175,WS_SEND_END,1516285852617,118
175,WS_RECV_START,1516285852617,119
175,WS_RECV_END,1516285853407,119
175,PLAYER_SLEEPBEFORE_START,1516285853407,120
175,PLAYER_SLEEPBEFORE_END,1516285854395,120
175,WS_SEND_START,1516285854395,120
175,WS_SEND_END,1516285854395,120
175,WS_RECV_START,1516285854395,121
175,WS_RECV_END,1516285855148,121
175,PLAYER_SLEEPBEFORE_START,1516285855149,122
175,PLAYER_SLEEPBEFORE_END,1516285856334,122
175,WS_SEND_START,1516285856334,122
175,WS_SEND_END,1516285856334,122
175,WS_RECV_START,1516285856334,123
175,WS_RECV_END,1516285857131,123
175,PLAYER_SLEEPBEFORE_START,1516285857131,124
175,PLAYER_SLEEPBEFORE_END,1516285881537,124
175,WS_SEND_START,1516285881537,124
175,WS_SEND_END,1516285881537,124
175,WS_RECV_START,1516285881537,125
175,WS_RECV_END,1516285883508,125
175,PLAYER_SLEEPBEFORE_START,1516285883508,126
175,PLAYER_SLEEPBEFORE_END,1516285904020,126
175,WS_SEND_START,1516285904020,126
175,WS_SEND_END,1516285904020,126
175,PLAYER_SLEEPBEFORE_START,1516285904020,127
175,PLAYER_SLEEPBEFORE_END,1516285907074,127
175,WS_SEND_START,1516285907075,127
175,WS_SEND_END,1516285907075,127
175,WS_RECV_START,1516285907075,128
175,WS_RECV_END,1516285909760,128
175,PLAYER_SLEEPBEFORE_START,1516285909760,129
175,PLAYER_SLEEPBEFORE_END,1516285909780,129
175,WS_SEND_START,1516285909780,129
175,WS_SEND_END,1516285909780,129
175,WS_RECV_START,1516285909780,130
175,WS_RECV_END,1516285911212,130
175,PLAYER_SLEEPBEFORE_START,1516285911212,131
175,PLAYER_SLEEPBEFORE_END,1516285932836,131
175,WS_SEND_START,1516285932836,131
175,WS_SEND_END,1516285932836,131
175,PLAYER_SLEEPBEFORE_START,1516285932836,132
175,PLAYER_SLEEPBEFORE_END,1516285935917,132
175,WS_SEND_START,1516285935917,132
175,WS_SEND_END,1516285935917,132
175,WS_RECV_START,1516285935917,133
175,WS_RECV_END,1516285937767,133
175,PLAYER_SLEEPBEFORE_START,1516285937767,134
175,PLAYER_SLEEPBEFORE_END,1516285958984,134
175,WS_SEND_START,1516285958984,134
175,WS_SEND_END,1516285958984,134
175,PLAYER_SLEEPBEFORE_START,1516285958984,135
175,PLAYER_SLEEPBEFORE_END,1516285962174,135
175,WS_SEND_START,1516285962174,135
175,WS_SEND_END,1516285962174,135
175,WS_RECV_START,1516285962174,136
175,WS_RECV_END,1516285962788,136
175,PLAYER_SLEEPBEFORE_START,1516285962788,137
175,PLAYER_SLEEPBEFORE_END,1516285962795,137
175,WS_SEND_START,1516285962795,137
175,WS_SEND_END,1516285962795,137
175,WS_RECV_START,1516285962795,138
175,WS_RECV_END,1516285963702,138
175,PLAYER_SLEEPBEFORE_START,1516285963702,139
175,PLAYER_SLEEPBEFORE_END,1516285964392,139
175,WS_SEND_START,1516285964392,139
175,WS_SEND_END,1516285964392,139
175,WS_RECV_START,1516285964392,140
175,WS_RECV_END,1516285964541,140
175,PLAYER_SLEEPBEFORE_START,1516285964541,141
175,PLAYER_SLEEPBEFORE_END,1516285965197,141
175,WS_SEND_START,1516285965197,141
175,WS_SEND_END,1516285965197,141
175,WS_RECV_START,1516285965197,142
175,WS_RECV_END,1516285966014,142
175,PLAYER_SLEEPBEFORE_START,1516285966014,143
175,PLAYER_SLEEPBEFORE_END,1516285966071,143
175,WS_SEND_START,1516285966071,143
175,WS_SEND_END,1516285966071,143
175,WS_RECV_START,1516285966071,144
175,WS_RECV_END,1516285967399,144
175,PLAYER_SLEEPBEFORE_START,1516285967399,145
175,PLAYER_SLEEPBEFORE_END,1516285983461,145
175,REQ_START,1516285983461,145
175,REQ_END,1516285983469,145
175,PLAYER_SLEEPBEFORE_START,1516285983469,146
175,PLAYER_SLEEPBEFORE_END,1516285992346,146
175,WS_SEND_START,1516285992346,146
175,WS_SEND_END,1516285992346,146
175,WS_RECV_START,1516285992346,147
175,WS_RECV_END,1516285993673,147
175,PLAYER_SLEEPBEFORE_START,1516285993673,148
175,PLAYER_SLEEPBEFORE_END,1516286015596,148
175,WS_SEND_START,1516286015597,148
175,WS_SEND_END,1516286015597,148
175,PLAYER_SLEEPBEFORE_START,1516286015597,149
175,PLAYER_SLEEPBEFORE_END,1516286018025,149
175,WS_SEND_START,1516286018025,149
175,WS_SEND_END,1516286018025,149
175,WS_RECV_START,1516286018025,150
175,WS_RECV_END,1516286018548,150
175,PLAYER_SLEEPBEFORE_START,1516286018548,151
175,PLAYER_SLEEPBEFORE_END,1516286018758,151
175,WS_SEND_START,1516286018758,151
175,WS_SEND_END,1516286018758,151
175,WS_RECV_START,1516286018758,152
175,WS_RECV_END,1516286020871,152
175,PLAYER_SLEEPBEFORE_START,1516286020871,153
175,PLAYER_SLEEPBEFORE_END,1516286044798,153
175,WS_SEND_START,1516286044798,153
175,WS_SEND_END,1516286044798,153
175,WS_RECV_START,1516286044798,154
175,WS_RECV_END,1516286047071,154
175,PLAYER_SLEEPBEFORE_START,1516286047071,155
175,PLAYER_SLEEPBEFORE_END,1516286069629,155
175,WS_SEND_START,1516286069629,155
175,WS_SEND_END,1516286069629,155
175,PLAYER_SLEEPBEFORE_START,1516286069629,156
175,PLAYER_SLEEPBEFORE_END,1516286072903,156
175,WS_SEND_START,1516286072904,156
175,WS_SEND_END,1516286072904,156
175,WS_RECV_START,1516286072904,157
175,WS_RECV_END,1516286073614,157
175,PLAYER_SLEEPBEFORE_START,1516286073614,158
175,PLAYER_SLEEPBEFORE_END,1516286073624,158
175,WS_SEND_START,1516286073624,158
175,WS_SEND_END,1516286073624,158
175,WS_RECV_START,1516286073624,159
175,WS_RECV_END,1516286073930,159
175,PLAYER_SLEEPBEFORE_START,1516286073930,160
175,PLAYER_SLEEPBEFORE_END,1516286074105,160
175,WS_SEND_START,1516286074105,160
175,WS_SEND_END,1516286074105,160
175,WS_RECV_START,1516286074105,161
175,WS_RECV_END,1516286074661,161
175,PLAYER_SLEEPBEFORE_START,1516286074661,162
175,PLAYER_SLEEPBEFORE_END,1516286074686,162
175,WS_SEND_START,1516286074686,162
175,WS_SEND_END,1516286074686,162
175,WS_RECV_START,1516286074686,163
175,WS_RECV_END,1516286075115,163
175,PLAYER_SLEEPBEFORE_START,1516286075115,164
175,PLAYER_SLEEPBEFORE_END,1516286095927,164
175,WS_SEND_START,1516286095927,164
175,WS_SEND_END,1516286095927,164
175,WS_RECV_START,1516286095927,165
175,WS_RECV_END,1516286097296,165
175,PLAYER_SLEEPBEFORE_START,1516286097296,166
175,PLAYER_SLEEPBEFORE_END,1516286119752,166
175,WS_SEND_START,1516286119752,166
175,WS_SEND_END,1516286119752,166
175,WS_RECV_START,1516286119752,167
175,WS_RECV_END,1516286121585,167
175,PLAYER_SLEEPBEFORE_START,1516286121585,168
175,PLAYER_SLEEPBEFORE_END,1516286148942,168
175,WS_SEND_START,1516286148942,168
175,WS_SEND_END,1516286148942,168
175,WS_RECV_START,1516286148942,169
175,WS_RECV_END,1516286154442,169
175,PLAYER_SLEEPBEFORE_START,1516286154442,170
175,PLAYER_SLEEPBEFORE_END,1516286154451,170
175,WS_SEND_START,1516286154451,170
175,WS_SEND_END,1516286154451,170
175,WS_RECV_START,1516286154451,171
175,WS_RECV_END,1516286157646,171
175,PLAYER_SLEEPBEFORE_START,1516286157646,172
175,PLAYER_SLEEPBEFORE_END,1516286158015,172
175,WS_SEND_START,1516286158015,172
175,WS_SEND_END,1516286158015,172
175,WS_RECV_START,1516286158015,173
175,WS_RECV_END,1516286161562,173
175,PLAYER_SLEEPBEFORE_START,1516286161562,174
175,PLAYER_SLEEPBEFORE_END,1516286161603,174
175,WS_SEND_START,1516286161603,174
175,WS_SEND_END,1516286161603,174
175,WS_RECV_START,1516286161603,175
175,WS_RECV_END,1516286164751,175
175,PLAYER_SLEEPBEFORE_START,1516286164751,176
175,PLAYER_SLEEPBEFORE_END,1516286186513,176
175,WS_SEND_START,1516286186513,176
175,WS_SEND_END,1516286186513,176
175,PLAYER_SLEEPBEFORE_START,1516286186513,177
175,PLAYER_SLEEPBEFORE_END,1516286189031,177
175,WS_SEND_START,1516286189031,177
175,WS_SEND_END,1516286189031,177
175,WS_RECV_START,1516286189031,178
175,WS_RECV_END,1516286193388,178
175,PLAYER_SLEEPBEFORE_START,1516286193388,179
175,PLAYER_SLEEPBEFORE_END,1516286215728,179
175,WS_SEND_START,1516286215728,179
175,WS_SEND_END,1516286215728,179
175,WS_RECV_START,1516286215728,180
175,WS_RECV_END,1516286220967,180
175,PLAYER_SLEEPBEFORE_START,1516286220967,181
175,PLAYER_SLEEPBEFORE_END,1516286221411,181
175,WS_SEND_START,1516286221411,181
175,WS_SEND_END,1516286221411,181
175,WS_RECV_START,1516286221411,182
175,WS_RECV_END,1516286224490,182
175,PLAYER_SLEEPBEFORE_START,1516286224490,183
175,PLAYER_SLEEPBEFORE_END,1516286225013,183
175,WS_SEND_START,1516286225013,183
175,WS_SEND_END,1516286225013,183
175,WS_RECV_START,1516286225013,184
175,WS_RECV_END,1516286227511,184
175,PLAYER_SLEEPBEFORE_START,1516286227511,185
175,PLAYER_SLEEPBEFORE_END,1516286227779,185
175,WS_SEND_START,1516286227779,185
175,WS_SEND_END,1516286227779,185
175,WS_RECV_START,1516286227779,186
175,WS_RECV_END,1516286231605,186
175,PLAYER_SLEEPBEFORE_START,1516286231605,187
175,PLAYER_SLEEPBEFORE_END,1516286254105,187
175,WS_SEND_START,1516286254105,187
175,WS_SEND_END,1516286254105,187
175,WS_RECV_START,1516286254105,188
175,WS_RECV_END,1516286261188,188
175,PLAYER_SLEEPBEFORE_START,1516286261188,189
175,PLAYER_SLEEPBEFORE_END,1516286267427,189
175,WS_SEND_START,1516286267427,189
175,WS_SEND_END,1516286267427,189
175,WS_RECV_START,1516286267427,190
175,WS_RECV_END,1516286272919,190
175,PLAYER_SLEEPBEFORE_START,1516286272919,191
175,PLAYER_SLEEPBEFORE_END,1516286274835,191
175,WS_SEND_START,1516286274835,191
175,WS_SEND_END,1516286274835,191
175,WS_RECV_START,1516286274835,192
175,WS_RECV_END,1516286278576,192
175,PLAYER_SLEEPBEFORE_START,1516286278576,193
175,PLAYER_SLEEPBEFORE_END,1516286278705,193
175,WS_SEND_START,1516286278705,193
175,WS_SEND_END,1516286278705,193
175,WS_RECV_START,1516286278705,194
175,WS_RECV_END,1516286280264,194
175,PLAYER_SLEEPBEFORE_START,1516286280264,195
175,PLAYER_SLEEPBEFORE_END,1516286282019,195
175,WS_SEND_START,1516286282019,195
175,WS_SEND_END,1516286282019,195
175,WS_RECV_START,1516286282019,196
175,WS_RECV_END,1516286283375,196
175,PLAYER_SLEEPBEFORE_START,1516286283375,197
175,PLAYER_SLEEPBEFORE_END,1516286285179,197
175,WS_SEND_START,1516286285179,197
175,WS_SEND_END,1516286285179,197
175,WS_RECV_START,1516286285179,198
175,WS_RECV_END,1516286285754,198
175,PLAYER_SLEEPBEFORE_START,1516286285754,199
175,PLAYER_SLEEPBEFORE_END,1516286297608,199
175,WS_SEND_START,1516286297608,199
175,WS_SEND_END,1516286297608,199
175,PLAYER_SLEEPBEFORE_START,1516286297608,200
175,PLAYER_SLEEPBEFORE_END,1516286301697,200
175,WS_SEND_START,1516286301697,200
175,WS_SEND_END,1516286301697,200
175,WS_RECV_START,1516286301697,201
175,WS_RECV_END,1516286305196,201
175,PLAYER_SLEEPBEFORE_START,1516286305196,202
175,PLAYER_SLEEPBEFORE_END,1516286305210,202
175,WS_SEND_START,1516286305210,202
175,WS_SEND_END,1516286305210,202
175,WS_RECV_START,1516286305210,203
175,WS_RECV_END,1516286306772,203
175,PLAYER_SLEEPBEFORE_START,1516286306772,204
175,PLAYER_SLEEPBEFORE_END,1516286326421,204
175,WS_SEND_START,1516286326421,204
175,WS_SEND_END,1516286326421,204
175,PLAYER_SLEEPBEFORE_START,1516286326421,205
175,PLAYER_SLEEPBEFORE_END,1516286330319,205
175,WS_SEND_START,1516286330319,205
175,WS_SEND_END,1516286330319,205
175,WS_RECV_START,1516286330319,206
175,WS_RECV_END,1516286331926,206
175,PLAYER_SLEEPBEFORE_START,1516286331926,207
175,PLAYER_SLEEPBEFORE_END,1516286348860,207
175,REQ_START,1516286348860,207
175,REQ_END,1516286348869,207
175,PLAYER_SLEEPBEFORE_START,1516286348869,208
175,PLAYER_SLEEPBEFORE_END,1516286355721,208
175,WS_CLOSE_START,1516286355721,208
175,WS_CLOSE_END,1516286355721,208
175,PLAYER_DONE,1516286355721
