# --sessions 540 --app-url=http://shinyloadtest.rstudioservices.com/cran_explorer --output-dir test540 --overwrite-output --log-level warn --start-interval 500 15min.log
thread_id,event,timestamp,input_line_number,comment
229,PLAYER_SESSION_CREATE,1516285277631
229,PLAYER_START_INTERVAL_START,1516285277631
229,PLAYER_START_INTERVAL_END,1516285392132
229,REQ_HOME_START,1516285392132,2
229,REQ_HOME_END,1516285392215,2
229,REQ_START,1516285392215,3
229,REQ_END,1516285392245,3
229,REQ_START,1516285392245,4
229,REQ_END,1516285392273,4
229,REQ_START,1516285392273,5
229,REQ_END,1516285392305,5
229,REQ_START,1516285392305,6
229,REQ_END,1516285392342,6
229,REQ_START,1516285392342,7
229,REQ_END,1516285392372,7
229,REQ_START,1516285392372,8
229,REQ_END,1516285392403,8
229,REQ_START,1516285392403,9
229,REQ_END,1516285392440,9
229,REQ_START,1516285392440,10
229,REQ_END,1516285392448,10
229,REQ_START,1516285392448,11
229,REQ_END,1516285392478,11
229,REQ_START,1516285392478,12
229,REQ_END,1516285392489,12
229,REQ_START,1516285392489,13
229,REQ_END,1516285392524,13
229,REQ_START,1516285392524,14
229,REQ_END,1516285392538,14
229,REQ_START,1516285392538,15
229,REQ_END,1516285392570,15
229,REQ_TOK_START,1516285392570,16
229,REQ_TOK_END,1516285392578,16
229,REQ_SINF_START,1516285392578,17
229,REQ_SINF_END,1516285392585,17
229,WS_OPEN_START,1516285392585,18
229,WS_OPEN_END,1516285392591,18
229,REQ_START,1516285392591,19
229,REQ_END,1516285392617,19
229,WS_RECV_START,1516285392617,20
229,WS_RECV_END,1516285392617,20
229,PLAYER_SLEEPBEFORE_START,1516285392617,21
229,PLAYER_SLEEPBEFORE_END,1516285392622,21
229,WS_SEND_START,1516285392622,21
229,WS_SEND_END,1516285392622,21
229,PLAYER_SLEEPBEFORE_START,1516285392622,22
229,PLAYER_SLEEPBEFORE_END,1516285392623,22
229,WS_SEND_START,1516285392623,22
229,WS_SEND_END,1516285392623,22
229,WS_RECV_INIT_START,1516285392623,23
229,WS_RECV_INIT_END,1516285392732,23
229,WS_RECV_START,1516285392732,24
229,WS_RECV_END,1516285392786,24
229,PLAYER_SLEEPBEFORE_START,1516285392786,25
229,PLAYER_SLEEPBEFORE_END,1516285392793,25
229,REQ_START,1516285392793,25
229,REQ_END,1516285392949,25
229,PLAYER_SLEEPBEFORE_START,1516285392949,26
229,PLAYER_SLEEPBEFORE_END,1516285392950,26
229,REQ_START,1516285392950,26
229,REQ_END,1516285392985,26
229,PLAYER_SLEEPBEFORE_START,1516285392986,27
229,PLAYER_SLEEPBEFORE_END,1516285392989,27
229,REQ_START,1516285392989,27
229,REQ_END,1516285393018,27
229,PLAYER_SLEEPBEFORE_START,1516285393018,28
229,PLAYER_SLEEPBEFORE_END,1516285393304,28
229,REQ_START,1516285393304,28
229,REQ_END,1516285393333,28
229,PLAYER_SLEEPBEFORE_START,1516285393333,29
229,PLAYER_SLEEPBEFORE_END,1516285393509,29
229,WS_SEND_START,1516285393509,29
229,WS_SEND_END,1516285393509,29
229,WS_RECV_START,1516285393509,30
229,WS_RECV_END,1516285393621,30
229,PLAYER_SLEEPBEFORE_START,1516285393621,31
229,PLAYER_SLEEPBEFORE_END,1516285393636,31
229,REQ_START,1516285393636,31
229,REQ_END,1516285393669,31
229,PLAYER_SLEEPBEFORE_START,1516285393669,32
229,PLAYER_SLEEPBEFORE_END,1516285421814,32
229,WS_SEND_START,1516285421814,32
229,WS_SEND_END,1516285421815,32
229,WS_RECV_START,1516285421815,33
229,WS_RECV_END,1516285421903,33
229,PLAYER_SLEEPBEFORE_START,1516285421903,34
229,PLAYER_SLEEPBEFORE_END,1516285447814,34
229,WS_SEND_START,1516285447814,34
229,WS_SEND_END,1516285447814,34
229,WS_RECV_START,1516285447814,35
229,WS_RECV_END,1516285447857,35
229,PLAYER_SLEEPBEFORE_START,1516285447857,36
229,PLAYER_SLEEPBEFORE_END,1516285447867,36
229,WS_SEND_START,1516285447867,36
229,WS_SEND_END,1516285447867,36
229,WS_RECV_START,1516285447867,37
229,WS_RECV_END,1516285447914,37
229,PLAYER_SLEEPBEFORE_START,1516285447914,38
229,PLAYER_SLEEPBEFORE_END,1516285451109,38
229,WS_SEND_START,1516285451109,38
229,WS_SEND_END,1516285451109,38
229,WS_RECV_START,1516285451109,39
229,WS_RECV_END,1516285451345,39
229,PLAYER_SLEEPBEFORE_START,1516285451345,40
229,PLAYER_SLEEPBEFORE_END,1516285451391,40
229,WS_SEND_START,1516285451391,40
229,WS_SEND_END,1516285451391,40
229,WS_RECV_START,1516285451391,41
229,WS_RECV_END,1516285451608,41
229,PLAYER_SLEEPBEFORE_START,1516285451608,42
229,PLAYER_SLEEPBEFORE_END,1516285469743,42
229,WS_SEND_START,1516285469743,42
229,WS_SEND_END,1516285469743,42
229,WS_RECV_START,1516285469743,43
229,WS_RECV_END,1516285469818,43
229,PLAYER_SLEEPBEFORE_START,1516285469818,44
229,PLAYER_SLEEPBEFORE_END,1516285469830,44
229,WS_SEND_START,1516285469830,44
229,WS_SEND_END,1516285469830,44
229,WS_RECV_START,1516285469830,45
229,WS_RECV_END,1516285469874,45
229,PLAYER_SLEEPBEFORE_START,1516285469874,46
229,PLAYER_SLEEPBEFORE_END,1516285471134,46
229,WS_SEND_START,1516285471134,46
229,WS_SEND_END,1516285471134,46
229,WS_RECV_START,1516285471134,47
229,WS_RECV_END,1516285471253,47
229,PLAYER_SLEEPBEFORE_START,1516285471253,48
229,PLAYER_SLEEPBEFORE_END,1516285472573,48
229,WS_SEND_START,1516285472573,48
229,WS_SEND_END,1516285472573,48
229,WS_RECV_START,1516285472573,49
229,WS_RECV_END,1516285472690,49
229,PLAYER_SLEEPBEFORE_START,1516285472690,50
229,PLAYER_SLEEPBEFORE_END,1516285472714,50
229,WS_SEND_START,1516285472714,50
229,WS_SEND_END,1516285472714,50
229,WS_RECV_START,1516285472714,51
229,WS_RECV_END,1516285472905,51
229,PLAYER_SLEEPBEFORE_START,1516285472905,52
229,PLAYER_SLEEPBEFORE_END,1516285495469,52
229,WS_SEND_START,1516285495469,52
229,WS_SEND_END,1516285495469,52
229,WS_RECV_START,1516285495469,53
229,WS_RECV_END,1516285495655,53
229,PLAYER_SLEEPBEFORE_START,1516285495655,54
229,PLAYER_SLEEPBEFORE_END,1516285516958,54
229,WS_SEND_START,1516285516958,54
229,WS_SEND_END,1516285516958,54
229,PLAYER_SLEEPBEFORE_START,1516285516958,55
229,PLAYER_SLEEPBEFORE_END,1516285518899,55
229,WS_SEND_START,1516285518899,55
229,WS_SEND_END,1516285518899,55
229,WS_RECV_START,1516285518899,56
229,WS_RECV_END,1516285518983,56
229,PLAYER_SLEEPBEFORE_START,1516285518983,57
229,PLAYER_SLEEPBEFORE_END,1516285541855,57
229,WS_SEND_START,1516285541855,57
229,WS_SEND_END,1516285541855,57
229,WS_RECV_START,1516285541855,58
229,WS_RECV_END,1516285542089,58
229,PLAYER_SLEEPBEFORE_START,1516285542089,59
229,PLAYER_SLEEPBEFORE_END,1516285544416,59
229,WS_SEND_START,1516285544416,59
229,WS_SEND_END,1516285544416,59
229,WS_RECV_START,1516285544416,60
229,WS_RECV_END,1516285544565,60
229,PLAYER_SLEEPBEFORE_START,1516285544565,61
229,PLAYER_SLEEPBEFORE_END,1516285548156,61
229,WS_SEND_START,1516285548157,61
229,WS_SEND_END,1516285548157,61
229,WS_RECV_START,1516285548157,62
229,WS_RECV_END,1516285548706,62
229,PLAYER_SLEEPBEFORE_START,1516285548706,63
229,PLAYER_SLEEPBEFORE_END,1516285567968,63
229,WS_SEND_START,1516285567968,63
229,WS_SEND_END,1516285567968,63
229,WS_RECV_START,1516285567968,64
229,WS_RECV_END,1516285568300,64
229,PLAYER_SLEEPBEFORE_START,1516285568300,65
229,PLAYER_SLEEPBEFORE_END,1516285595117,65
229,WS_SEND_START,1516285595117,65
229,WS_SEND_END,1516285595117,65
229,WS_RECV_START,1516285595117,66
229,WS_RECV_END,1516285595237,66
229,PLAYER_SLEEPBEFORE_START,1516285595237,67
229,PLAYER_SLEEPBEFORE_END,1516285596745,67
229,WS_SEND_START,1516285596745,67
229,WS_SEND_END,1516285596745,67
229,WS_RECV_START,1516285596745,68
229,WS_RECV_END,1516285597369,68
229,PLAYER_SLEEPBEFORE_START,1516285597369,69
229,PLAYER_SLEEPBEFORE_END,1516285619367,69
229,WS_SEND_START,1516285619367,69
229,WS_SEND_END,1516285619367,69
229,WS_RECV_START,1516285619367,70
229,WS_RECV_END,1516285619652,70
229,PLAYER_SLEEPBEFORE_START,1516285619652,71
229,PLAYER_SLEEPBEFORE_END,1516285644427,71
229,WS_SEND_START,1516285644427,71
229,WS_SEND_END,1516285644427,71
229,PLAYER_SLEEPBEFORE_START,1516285644427,72
229,PLAYER_SLEEPBEFORE_END,1516285647034,72
229,WS_SEND_START,1516285647034,72
229,WS_SEND_END,1516285647034,72
229,WS_RECV_START,1516285647034,73
229,WS_RECV_END,1516285647200,73
229,PLAYER_SLEEPBEFORE_START,1516285647200,74
229,PLAYER_SLEEPBEFORE_END,1516285647209,74
229,WS_SEND_START,1516285647209,74
229,WS_SEND_END,1516285647209,74
229,WS_RECV_START,1516285647209,75
229,WS_RECV_END,1516285647261,75
229,PLAYER_SLEEPBEFORE_START,1516285647261,76
229,PLAYER_SLEEPBEFORE_END,1516285648767,76
229,WS_SEND_START,1516285648767,76
229,WS_SEND_END,1516285648767,76
229,WS_RECV_START,1516285648767,77
229,WS_RECV_END,1516285648793,77
229,PLAYER_SLEEPBEFORE_START,1516285648793,78
229,PLAYER_SLEEPBEFORE_END,1516285649661,78
229,WS_SEND_START,1516285649661,78
229,WS_SEND_END,1516285649661,78
229,WS_RECV_START,1516285649661,79
229,WS_RECV_END,1516285649766,79
229,PLAYER_SLEEPBEFORE_START,1516285649766,80
229,PLAYER_SLEEPBEFORE_END,1516285657432,80
229,WS_SEND_START,1516285657432,80
229,WS_SEND_END,1516285657432,80
229,WS_RECV_START,1516285657432,81
229,WS_RECV_END,1516285657465,81
229,PLAYER_SLEEPBEFORE_START,1516285657465,82
229,PLAYER_SLEEPBEFORE_END,1516285658567,82
229,WS_SEND_START,1516285658567,82
229,WS_SEND_END,1516285658567,82
229,WS_RECV_START,1516285658567,83
229,WS_RECV_END,1516285658607,83
229,PLAYER_SLEEPBEFORE_START,1516285658607,84
229,PLAYER_SLEEPBEFORE_END,1516285659554,84
229,WS_SEND_START,1516285659554,84
229,WS_SEND_END,1516285659554,84
229,WS_RECV_START,1516285659554,85
229,WS_RECV_END,1516285659708,85
229,PLAYER_SLEEPBEFORE_START,1516285659708,86
229,PLAYER_SLEEPBEFORE_END,1516285663880,86
229,WS_SEND_START,1516285663880,86
229,WS_SEND_END,1516285663880,86
229,WS_RECV_START,1516285663880,87
229,WS_RECV_END,1516285663979,87
229,PLAYER_SLEEPBEFORE_START,1516285663979,88
229,PLAYER_SLEEPBEFORE_END,1516285663987,88
229,WS_SEND_START,1516285663987,88
229,WS_SEND_END,1516285663987,88
229,WS_RECV_START,1516285663987,89
229,WS_RECV_END,1516285664170,89
229,PLAYER_SLEEPBEFORE_START,1516285664170,90
229,PLAYER_SLEEPBEFORE_END,1516285691368,90
229,REQ_START,1516285691368,90
229,REQ_END,1516285691376,90
229,PLAYER_SLEEPBEFORE_START,1516285691376,91
229,PLAYER_SLEEPBEFORE_END,1516285699265,91
229,WS_SEND_START,1516285699265,91
229,WS_SEND_END,1516285699265,91
229,WS_RECV_START,1516285699265,92
229,WS_RECV_END,1516285699615,92
229,PLAYER_SLEEPBEFORE_START,1516285699615,93
229,PLAYER_SLEEPBEFORE_END,1516285699630,93
229,WS_SEND_START,1516285699630,93
229,WS_SEND_END,1516285699630,93
229,WS_RECV_START,1516285699630,94
229,WS_RECV_END,1516285699821,94
229,PLAYER_SLEEPBEFORE_START,1516285699821,95
229,PLAYER_SLEEPBEFORE_END,1516285723376,95
229,WS_SEND_START,1516285723376,95
229,WS_SEND_END,1516285723376,95
229,WS_RECV_START,1516285723376,96
229,WS_RECV_END,1516285723519,96
229,PLAYER_SLEEPBEFORE_START,1516285723519,97
229,PLAYER_SLEEPBEFORE_END,1516285745959,97
229,WS_SEND_START,1516285745959,97
229,WS_SEND_END,1516285745959,97
229,WS_RECV_START,1516285745959,98
229,WS_RECV_END,1516285746850,98
229,PLAYER_SLEEPBEFORE_START,1516285746850,99
229,PLAYER_SLEEPBEFORE_END,1516285746871,99
229,WS_SEND_START,1516285746871,99
229,WS_SEND_END,1516285746871,99
229,WS_RECV_START,1516285746871,100
229,WS_RECV_END,1516285747113,100
229,PLAYER_SLEEPBEFORE_START,1516285747113,101
229,PLAYER_SLEEPBEFORE_END,1516285770672,101
229,WS_SEND_START,1516285770672,101
229,WS_SEND_END,1516285770672,101
229,WS_RECV_START,1516285770672,102
229,WS_RECV_END,1516285772847,102
229,PLAYER_SLEEPBEFORE_START,1516285772847,103
229,PLAYER_SLEEPBEFORE_END,1516285796472,103
229,WS_SEND_START,1516285796472,103
229,WS_SEND_END,1516285796472,103
229,WS_RECV_START,1516285796472,104
229,WS_RECV_END,1516285798264,104
229,PLAYER_SLEEPBEFORE_START,1516285798264,105
229,PLAYER_SLEEPBEFORE_END,1516285823641,105
229,WS_SEND_START,1516285823641,105
229,WS_SEND_END,1516285823641,105
229,WS_RECV_START,1516285823641,106
229,WS_RECV_END,1516285825682,106
229,PLAYER_SLEEPBEFORE_START,1516285825682,107
229,PLAYER_SLEEPBEFORE_END,1516285849105,107
229,WS_SEND_START,1516285849105,107
229,WS_SEND_END,1516285849105,107
229,WS_RECV_START,1516285849105,108
229,WS_RECV_END,1516285850448,108
229,PLAYER_SLEEPBEFORE_START,1516285850448,109
229,PLAYER_SLEEPBEFORE_END,1516285850457,109
229,WS_SEND_START,1516285850457,109
229,WS_SEND_END,1516285850457,109
229,WS_RECV_START,1516285850457,110
229,WS_RECV_END,1516285851025,110
229,PLAYER_SLEEPBEFORE_START,1516285851025,111
229,PLAYER_SLEEPBEFORE_END,1516285851985,111
229,WS_SEND_START,1516285851985,111
229,WS_SEND_END,1516285851985,111
229,WS_RECV_START,1516285851985,112
229,WS_RECV_END,1516285852787,112
229,PLAYER_SLEEPBEFORE_START,1516285852787,113
229,PLAYER_SLEEPBEFORE_END,1516285853349,113
229,WS_SEND_START,1516285853349,113
229,WS_SEND_END,1516285853349,113
229,WS_RECV_START,1516285853349,114
229,WS_RECV_END,1516285853752,114
229,PLAYER_SLEEPBEFORE_START,1516285853752,115
229,PLAYER_SLEEPBEFORE_END,1516285853761,115
229,WS_SEND_START,1516285853761,115
229,WS_SEND_END,1516285853761,115
229,WS_RECV_START,1516285853761,116
229,WS_RECV_END,1516285854900,116
229,PLAYER_SLEEPBEFORE_START,1516285854900,117
229,PLAYER_SLEEPBEFORE_END,1516285875260,117
229,WS_SEND_START,1516285875260,117
229,WS_SEND_END,1516285875260,117
229,PLAYER_SLEEPBEFORE_START,1516285875260,118
229,PLAYER_SLEEPBEFORE_END,1516285879012,118
229,WS_SEND_START,1516285879012,118
229,WS_SEND_END,1516285879012,118
229,WS_RECV_START,1516285879012,119
229,WS_RECV_END,1516285879599,119
229,PLAYER_SLEEPBEFORE_START,1516285879599,120
229,PLAYER_SLEEPBEFORE_END,1516285880587,120
229,WS_SEND_START,1516285880587,120
229,WS_SEND_END,1516285880587,120
229,WS_RECV_START,1516285880587,121
229,WS_RECV_END,1516285881178,121
229,PLAYER_SLEEPBEFORE_START,1516285881178,122
229,PLAYER_SLEEPBEFORE_END,1516285882367,122
229,WS_SEND_START,1516285882367,122
229,WS_SEND_END,1516285882367,122
229,WS_RECV_START,1516285882367,123
229,WS_RECV_END,1516285883017,123
229,PLAYER_SLEEPBEFORE_START,1516285883017,124
229,PLAYER_SLEEPBEFORE_END,1516285907422,124
229,WS_SEND_START,1516285907422,124
229,WS_SEND_END,1516285907422,124
229,WS_RECV_START,1516285907422,125
229,WS_RECV_END,1516285909469,125
229,PLAYER_SLEEPBEFORE_START,1516285909469,126
229,PLAYER_SLEEPBEFORE_END,1516285929981,126
229,WS_SEND_START,1516285929981,126
229,WS_SEND_END,1516285929981,126
229,PLAYER_SLEEPBEFORE_START,1516285929981,127
229,PLAYER_SLEEPBEFORE_END,1516285933035,127
229,WS_SEND_START,1516285933035,127
229,WS_SEND_END,1516285933035,127
229,WS_RECV_START,1516285933035,128
229,WS_RECV_END,1516285933439,128
229,PLAYER_SLEEPBEFORE_START,1516285933439,129
229,PLAYER_SLEEPBEFORE_END,1516285933459,129
229,WS_SEND_START,1516285933459,129
229,WS_SEND_END,1516285933459,129
229,WS_RECV_START,1516285933459,130
229,WS_RECV_END,1516285934063,130
229,PLAYER_SLEEPBEFORE_START,1516285934063,131
229,PLAYER_SLEEPBEFORE_END,1516285955687,131
229,WS_SEND_START,1516285955687,131
229,WS_SEND_END,1516285955687,131
229,PLAYER_SLEEPBEFORE_START,1516285955687,132
229,PLAYER_SLEEPBEFORE_END,1516285958767,132
229,WS_SEND_START,1516285958767,132
229,WS_SEND_END,1516285958767,132
229,WS_RECV_START,1516285958767,133
229,WS_RECV_END,1516285959830,133
229,PLAYER_SLEEPBEFORE_START,1516285959830,134
229,PLAYER_SLEEPBEFORE_END,1516285981047,134
229,WS_SEND_START,1516285981047,134
229,WS_SEND_END,1516285981047,134
229,PLAYER_SLEEPBEFORE_START,1516285981047,135
229,PLAYER_SLEEPBEFORE_END,1516285984237,135
229,WS_SEND_START,1516285984237,135
229,WS_SEND_END,1516285984237,135
229,WS_RECV_START,1516285984237,136
229,WS_RECV_END,1516285985023,136
229,PLAYER_SLEEPBEFORE_START,1516285985023,137
229,PLAYER_SLEEPBEFORE_END,1516285985030,137
229,WS_SEND_START,1516285985030,137
229,WS_SEND_END,1516285985030,137
229,WS_RECV_START,1516285985030,138
229,WS_RECV_END,1516285985358,138
229,PLAYER_SLEEPBEFORE_START,1516285985358,139
229,PLAYER_SLEEPBEFORE_END,1516285986048,139
229,WS_SEND_START,1516285986048,139
229,WS_SEND_END,1516285986048,139
229,WS_RECV_START,1516285986048,140
229,WS_RECV_END,1516285986701,140
229,PLAYER_SLEEPBEFORE_START,1516285986701,141
229,PLAYER_SLEEPBEFORE_END,1516285987356,141
229,WS_SEND_START,1516285987356,141
229,WS_SEND_END,1516285987357,141
229,WS_RECV_START,1516285987357,142
229,WS_RECV_END,1516285988246,142
229,PLAYER_SLEEPBEFORE_START,1516285988246,143
229,PLAYER_SLEEPBEFORE_END,1516285988304,143
229,WS_SEND_START,1516285988304,143
229,WS_SEND_END,1516285988304,143
229,WS_RECV_START,1516285988304,144
229,WS_RECV_END,1516285988954,144
229,PLAYER_SLEEPBEFORE_START,1516285988954,145
229,PLAYER_SLEEPBEFORE_END,1516286005016,145
229,REQ_START,1516286005016,145
229,REQ_END,1516286005078,145
229,PLAYER_SLEEPBEFORE_START,1516286005078,146
229,PLAYER_SLEEPBEFORE_END,1516286013955,146
229,WS_SEND_START,1516286013955,146
229,WS_SEND_END,1516286013955,146
229,WS_RECV_START,1516286013955,147
229,WS_RECV_END,1516286015304,147
229,PLAYER_SLEEPBEFORE_START,1516286015304,148
229,PLAYER_SLEEPBEFORE_END,1516286037226,148
229,WS_SEND_START,1516286037226,148
229,WS_SEND_END,1516286037226,148
229,PLAYER_SLEEPBEFORE_START,1516286037226,149
229,PLAYER_SLEEPBEFORE_END,1516286039655,149
229,WS_SEND_START,1516286039655,149
229,WS_SEND_END,1516286039655,149
229,WS_RECV_START,1516286039655,150
229,WS_RECV_END,1516286041633,150
229,PLAYER_SLEEPBEFORE_START,1516286041633,151
229,PLAYER_SLEEPBEFORE_END,1516286041843,151
229,WS_SEND_START,1516286041843,151
229,WS_SEND_END,1516286041843,151
229,WS_RECV_START,1516286041843,152
229,WS_RECV_END,1516286042725,152
229,PLAYER_SLEEPBEFORE_START,1516286042725,153
229,PLAYER_SLEEPBEFORE_END,1516286066652,153
229,WS_SEND_START,1516286066652,153
229,WS_SEND_END,1516286066652,153
229,WS_RECV_START,1516286066652,154
229,WS_RECV_END,1516286068006,154
229,PLAYER_SLEEPBEFORE_START,1516286068006,155
229,PLAYER_SLEEPBEFORE_END,1516286090564,155
229,WS_SEND_START,1516286090564,155
229,WS_SEND_END,1516286090564,155
229,PLAYER_SLEEPBEFORE_START,1516286090564,156
229,PLAYER_SLEEPBEFORE_END,1516286093838,156
229,WS_SEND_START,1516286093838,156
229,WS_SEND_END,1516286093838,156
229,WS_RECV_START,1516286093838,157
229,WS_RECV_END,1516286094208,157
229,PLAYER_SLEEPBEFORE_START,1516286094208,158
229,PLAYER_SLEEPBEFORE_END,1516286094218,158
229,WS_SEND_START,1516286094218,158
229,WS_SEND_END,1516286094218,158
229,WS_RECV_START,1516286094218,159
229,WS_RECV_END,1516286094802,159
229,PLAYER_SLEEPBEFORE_START,1516286094802,160
229,PLAYER_SLEEPBEFORE_END,1516286094977,160
229,WS_SEND_START,1516286094977,160
229,WS_SEND_END,1516286094977,160
229,WS_RECV_START,1516286094977,161
229,WS_RECV_END,1516286095347,161
229,PLAYER_SLEEPBEFORE_START,1516286095347,162
229,PLAYER_SLEEPBEFORE_END,1516286095372,162
229,WS_SEND_START,1516286095372,162
229,WS_SEND_END,1516286095372,162
229,WS_RECV_START,1516286095372,163
229,WS_RECV_END,1516286095817,163
229,PLAYER_SLEEPBEFORE_START,1516286095817,164
229,PLAYER_SLEEPBEFORE_END,1516286116629,164
229,WS_SEND_START,1516286116629,164
229,WS_SEND_END,1516286116630,164
229,WS_RECV_START,1516286116630,165
229,WS_RECV_END,1516286118246,165
229,PLAYER_SLEEPBEFORE_START,1516286118246,166
229,PLAYER_SLEEPBEFORE_END,1516286140701,166
229,WS_SEND_START,1516286140701,166
229,WS_SEND_END,1516286140701,166
229,WS_RECV_START,1516286140701,167
229,WS_RECV_END,1516286142791,167
229,PLAYER_SLEEPBEFORE_START,1516286142791,168
229,PLAYER_SLEEPBEFORE_END,1516286170148,168
229,WS_SEND_START,1516286170148,168
229,WS_SEND_END,1516286170148,168
229,WS_RECV_START,1516286170148,169
229,WS_RECV_END,1516286173612,169
229,PLAYER_SLEEPBEFORE_START,1516286173612,170
229,PLAYER_SLEEPBEFORE_END,1516286173621,170
229,WS_SEND_START,1516286173621,170
229,WS_SEND_END,1516286173621,170
229,WS_RECV_START,1516286173621,171
229,WS_RECV_END,1516286176126,171
229,PLAYER_SLEEPBEFORE_START,1516286176126,172
229,PLAYER_SLEEPBEFORE_END,1516286176496,172
229,WS_SEND_START,1516286176496,172
229,WS_SEND_END,1516286176496,172
229,WS_RECV_START,1516286176496,173
229,WS_RECV_END,1516286179015,173
229,PLAYER_SLEEPBEFORE_START,1516286179015,174
229,PLAYER_SLEEPBEFORE_END,1516286179056,174
229,WS_SEND_START,1516286179056,174
229,WS_SEND_END,1516286179056,174
229,WS_RECV_START,1516286179056,175
229,WS_RECV_END,1516286182541,175
229,PLAYER_SLEEPBEFORE_START,1516286182541,176
229,PLAYER_SLEEPBEFORE_END,1516286204302,176
229,WS_SEND_START,1516286204302,176
229,WS_SEND_END,1516286204302,176
229,PLAYER_SLEEPBEFORE_START,1516286204302,177
229,PLAYER_SLEEPBEFORE_END,1516286206820,177
229,WS_SEND_START,1516286206820,177
229,WS_SEND_END,1516286206820,177
229,WS_RECV_START,1516286206820,178
229,WS_RECV_END,1516286209402,178
229,PLAYER_SLEEPBEFORE_START,1516286209402,179
229,PLAYER_SLEEPBEFORE_END,1516286231742,179
229,WS_SEND_START,1516286231742,179
229,WS_SEND_END,1516286231742,179
229,WS_RECV_START,1516286231742,180
229,WS_RECV_END,1516286236526,180
229,PLAYER_SLEEPBEFORE_START,1516286236526,181
229,PLAYER_SLEEPBEFORE_END,1516286236970,181
229,WS_SEND_START,1516286236970,181
229,WS_SEND_END,1516286236970,181
229,WS_RECV_START,1516286236970,182
229,WS_RECV_END,1516286239151,182
229,PLAYER_SLEEPBEFORE_START,1516286239151,183
229,PLAYER_SLEEPBEFORE_END,1516286239674,183
229,WS_SEND_START,1516286239674,183
229,WS_SEND_END,1516286239674,183
229,WS_RECV_START,1516286239674,184
229,WS_RECV_END,1516286242459,184
229,PLAYER_SLEEPBEFORE_START,1516286242459,185
229,PLAYER_SLEEPBEFORE_END,1516286242727,185
229,WS_SEND_START,1516286242727,185
229,WS_SEND_END,1516286242727,185
229,WS_RECV_START,1516286242727,186
229,WS_RECV_END,1516286245082,186
229,PLAYER_SLEEPBEFORE_START,1516286245082,187
229,PLAYER_SLEEPBEFORE_END,1516286267582,187
229,WS_SEND_START,1516286267582,187
229,WS_SEND_END,1516286267582,187
229,WS_RECV_START,1516286267582,188
229,WS_RECV_END,1516286269732,188
229,PLAYER_SLEEPBEFORE_START,1516286269732,189
229,PLAYER_SLEEPBEFORE_END,1516286275971,189
229,WS_SEND_START,1516286275971,189
229,WS_SEND_END,1516286275971,189
229,WS_RECV_START,1516286275971,190
229,WS_RECV_END,1516286279892,190
229,PLAYER_SLEEPBEFORE_START,1516286279892,191
229,PLAYER_SLEEPBEFORE_END,1516286281807,191
229,WS_SEND_START,1516286281807,191
229,WS_SEND_END,1516286281807,191
229,WS_RECV_START,1516286281807,192
229,WS_RECV_END,1516286285531,192
229,PLAYER_SLEEPBEFORE_START,1516286285531,193
229,PLAYER_SLEEPBEFORE_END,1516286285660,193
229,WS_SEND_START,1516286285660,193
229,WS_SEND_END,1516286285660,193
229,WS_RECV_START,1516286285660,194
229,WS_RECV_END,1516286287901,194
229,PLAYER_SLEEPBEFORE_START,1516286287901,195
229,PLAYER_SLEEPBEFORE_END,1516286289656,195
229,WS_SEND_START,1516286289656,195
229,WS_SEND_END,1516286289656,195
229,WS_RECV_START,1516286289656,196
229,WS_RECV_END,1516286292942,196
229,PLAYER_SLEEPBEFORE_START,1516286292942,197
229,PLAYER_SLEEPBEFORE_END,1516286294746,197
229,WS_SEND_START,1516286294746,197
229,WS_SEND_END,1516286294746,197
229,WS_RECV_START,1516286294746,198
229,WS_RECV_END,1516286297439,198
229,PLAYER_SLEEPBEFORE_START,1516286297439,199
229,PLAYER_SLEEPBEFORE_END,1516286309294,199
229,WS_SEND_START,1516286309294,199
229,WS_SEND_END,1516286309294,199
229,PLAYER_SLEEPBEFORE_START,1516286309294,200
229,PLAYER_SLEEPBEFORE_END,1516286313382,200
229,WS_SEND_START,1516286313382,200
229,WS_SEND_END,1516286313382,200
229,WS_RECV_START,1516286313382,201
229,WS_RECV_END,1516286315517,201
229,PLAYER_SLEEPBEFORE_START,1516286315517,202
229,PLAYER_SLEEPBEFORE_END,1516286315531,202
229,WS_SEND_START,1516286315531,202
229,WS_SEND_END,1516286315531,202
229,WS_RECV_START,1516286315531,203
229,WS_RECV_END,1516286316748,203
229,PLAYER_SLEEPBEFORE_START,1516286316748,204
229,PLAYER_SLEEPBEFORE_END,1516286336397,204
229,WS_SEND_START,1516286336397,204
229,WS_SEND_END,1516286336397,204
229,PLAYER_SLEEPBEFORE_START,1516286336397,205
229,PLAYER_SLEEPBEFORE_END,1516286340295,205
229,WS_SEND_START,1516286340295,205
229,WS_SEND_END,1516286340296,205
229,WS_RECV_START,1516286340296,206
229,WS_RECV_END,1516286340656,206
229,PLAYER_SLEEPBEFORE_START,1516286340656,207
229,PLAYER_SLEEPBEFORE_END,1516286357587,207
229,REQ_START,1516286357588,207
229,REQ_END,1516286357599,207
229,PLAYER_SLEEPBEFORE_START,1516286357599,208
229,PLAYER_SLEEPBEFORE_END,1516286364451,208
229,WS_CLOSE_START,1516286364451,208
229,WS_CLOSE_END,1516286364451,208
229,PLAYER_DONE,1516286364451
