# --sessions 540 --app-url=http://shinyloadtest.rstudioservices.com/cran_explorer --output-dir test540 --overwrite-output --log-level warn --start-interval 500 15min.log
thread_id,event,timestamp,input_line_number,comment
417,PLAYER_SESSION_CREATE,1516285277689
417,PLAYER_START_INTERVAL_START,1516285277689
417,PLAYER_START_INTERVAL_END,1516285486190
417,REQ_HOME_START,1516285486190,2
417,REQ_HOME_END,1516285486268,2
417,REQ_START,1516285486268,3
417,REQ_END,1516285486299,3
417,REQ_START,1516285486299,4
417,REQ_END,1516285486329,4
417,REQ_START,1516285486329,5
417,REQ_END,1516285486360,5
417,REQ_START,1516285486360,6
417,REQ_END,1516285486392,6
417,REQ_START,1516285486392,7
417,REQ_END,1516285486424,7
417,REQ_START,1516285486424,8
417,REQ_END,1516285486457,8
417,REQ_START,1516285486457,9
417,REQ_END,1516285486496,9
417,REQ_START,1516285486496,10
417,REQ_END,1516285486505,10
417,REQ_START,1516285486505,11
417,REQ_END,1516285486536,11
417,REQ_START,1516285486536,12
417,REQ_END,1516285486545,12
417,REQ_START,1516285486545,13
417,REQ_END,1516285486574,13
417,REQ_START,1516285486574,14
417,REQ_END,1516285486588,14
417,REQ_START,1516285486588,15
417,REQ_END,1516285486618,15
417,REQ_TOK_START,1516285486618,16
417,REQ_TOK_END,1516285486624,16
417,REQ_SINF_START,1516285486624,17
417,REQ_SINF_END,1516285486630,17
417,WS_OPEN_START,1516285486630,18
417,WS_OPEN_END,1516285486636,18
417,REQ_START,1516285486636,19
417,REQ_END,1516285486661,19
417,WS_RECV_START,1516285486661,20
417,WS_RECV_END,1516285486661,20
417,PLAYER_SLEEPBEFORE_START,1516285486661,21
417,PLAYER_SLEEPBEFORE_END,1516285486666,21
417,WS_SEND_START,1516285486666,21
417,WS_SEND_END,1516285486667,21
417,PLAYER_SLEEPBEFORE_START,1516285486667,22
417,PLAYER_SLEEPBEFORE_END,1516285486668,22
417,WS_SEND_START,1516285486668,22
417,WS_SEND_END,1516285486668,22
417,WS_RECV_INIT_START,1516285486668,23
417,WS_RECV_INIT_END,1516285486683,23
417,WS_RECV_START,1516285486683,24
417,WS_RECV_END,1516285486742,24
417,PLAYER_SLEEPBEFORE_START,1516285486742,25
417,PLAYER_SLEEPBEFORE_END,1516285486749,25
417,REQ_START,1516285486749,25
417,REQ_END,1516285487122,25
417,PLAYER_SLEEPBEFORE_START,1516285487122,26
417,PLAYER_SLEEPBEFORE_END,1516285487123,26
417,REQ_START,1516285487123,26
417,REQ_END,1516285487358,26
417,PLAYER_SLEEPBEFORE_START,1516285487358,27
417,PLAYER_SLEEPBEFORE_END,1516285487362,27
417,REQ_START,1516285487362,27
417,REQ_END,1516285487597,27
417,PLAYER_SLEEPBEFORE_START,1516285487597,28
417,PLAYER_SLEEPBEFORE_END,1516285487882,28
417,REQ_START,1516285487882,28
417,REQ_END,1516285487913,28
417,PLAYER_SLEEPBEFORE_START,1516285487913,29
417,PLAYER_SLEEPBEFORE_END,1516285488088,29
417,WS_SEND_START,1516285488088,29
417,WS_SEND_END,1516285488088,29
417,WS_RECV_START,1516285488088,30
417,WS_RECV_END,1516285488201,30
417,PLAYER_SLEEPBEFORE_START,1516285488201,31
417,PLAYER_SLEEPBEFORE_END,1516285488212,31
417,REQ_START,1516285488212,31
417,REQ_END,1516285488366,31
417,PLAYER_SLEEPBEFORE_START,1516285488366,32
417,PLAYER_SLEEPBEFORE_END,1516285516512,32
417,WS_SEND_START,1516285516512,32
417,WS_SEND_END,1516285516512,32
417,WS_RECV_START,1516285516512,33
417,WS_RECV_END,1516285516628,33
417,PLAYER_SLEEPBEFORE_START,1516285516628,34
417,PLAYER_SLEEPBEFORE_END,1516285542539,34
417,WS_SEND_START,1516285542539,34
417,WS_SEND_END,1516285542539,34
417,WS_RECV_START,1516285542539,35
417,WS_RECV_END,1516285542576,35
417,PLAYER_SLEEPBEFORE_START,1516285542576,36
417,PLAYER_SLEEPBEFORE_END,1516285542585,36
417,WS_SEND_START,1516285542585,36
417,WS_SEND_END,1516285542585,36
417,WS_RECV_START,1516285542585,37
417,WS_RECV_END,1516285542641,37
417,PLAYER_SLEEPBEFORE_START,1516285542641,38
417,PLAYER_SLEEPBEFORE_END,1516285545836,38
417,WS_SEND_START,1516285545836,38
417,WS_SEND_END,1516285545836,38
417,WS_RECV_START,1516285545836,39
417,WS_RECV_END,1516285546333,39
417,PLAYER_SLEEPBEFORE_START,1516285546333,40
417,PLAYER_SLEEPBEFORE_END,1516285546379,40
417,WS_SEND_START,1516285546379,40
417,WS_SEND_END,1516285546379,40
417,WS_RECV_START,1516285546379,41
417,WS_RECV_END,1516285546671,41
417,PLAYER_SLEEPBEFORE_START,1516285546671,42
417,PLAYER_SLEEPBEFORE_END,1516285564806,42
417,WS_SEND_START,1516285564806,42
417,WS_SEND_END,1516285564806,42
417,WS_RECV_START,1516285564807,43
417,WS_RECV_END,1516285565883,43
417,PLAYER_SLEEPBEFORE_START,1516285565884,44
417,PLAYER_SLEEPBEFORE_END,1516285565896,44
417,WS_SEND_START,1516285565896,44
417,WS_SEND_END,1516285565896,44
417,WS_RECV_START,1516285565896,45
417,WS_RECV_END,1516285566245,45
417,PLAYER_SLEEPBEFORE_START,1516285566245,46
417,PLAYER_SLEEPBEFORE_END,1516285567505,46
417,WS_SEND_START,1516285567505,46
417,WS_SEND_END,1516285567505,46
417,WS_RECV_START,1516285567505,47
417,WS_RECV_END,1516285567739,47
417,PLAYER_SLEEPBEFORE_START,1516285567739,48
417,PLAYER_SLEEPBEFORE_END,1516285569059,48
417,WS_SEND_START,1516285569059,48
417,WS_SEND_END,1516285569059,48
417,WS_RECV_START,1516285569059,49
417,WS_RECV_END,1516285569218,49
417,PLAYER_SLEEPBEFORE_START,1516285569218,50
417,PLAYER_SLEEPBEFORE_END,1516285569242,50
417,WS_SEND_START,1516285569242,50
417,WS_SEND_END,1516285569242,50
417,WS_RECV_START,1516285569242,51
417,WS_RECV_END,1516285569439,51
417,PLAYER_SLEEPBEFORE_START,1516285569439,52
417,PLAYER_SLEEPBEFORE_END,1516285592004,52
417,WS_SEND_START,1516285592004,52
417,WS_SEND_END,1516285592004,52
417,WS_RECV_START,1516285592004,53
417,WS_RECV_END,1516285592165,53
417,PLAYER_SLEEPBEFORE_START,1516285592165,54
417,PLAYER_SLEEPBEFORE_END,1516285613468,54
417,WS_SEND_START,1516285613468,54
417,WS_SEND_END,1516285613468,54
417,PLAYER_SLEEPBEFORE_START,1516285613468,55
417,PLAYER_SLEEPBEFORE_END,1516285615409,55
417,WS_SEND_START,1516285615409,55
417,WS_SEND_END,1516285615409,55
417,WS_RECV_START,1516285615409,56
417,WS_RECV_END,1516285615863,56
417,PLAYER_SLEEPBEFORE_START,1516285615863,57
417,PLAYER_SLEEPBEFORE_END,1516285638735,57
417,WS_SEND_START,1516285638735,57
417,WS_SEND_END,1516285638735,57
417,WS_RECV_START,1516285638735,58
417,WS_RECV_END,1516285639527,58
417,PLAYER_SLEEPBEFORE_START,1516285639527,59
417,PLAYER_SLEEPBEFORE_END,1516285641854,59
417,WS_SEND_START,1516285641854,59
417,WS_SEND_END,1516285641854,59
417,WS_RECV_START,1516285641854,60
417,WS_RECV_END,1516285642142,60
417,PLAYER_SLEEPBEFORE_START,1516285642142,61
417,PLAYER_SLEEPBEFORE_END,1516285645733,61
417,WS_SEND_START,1516285645733,61
417,WS_SEND_END,1516285645733,61
417,WS_RECV_START,1516285645733,62
417,WS_RECV_END,1516285646244,62
417,PLAYER_SLEEPBEFORE_START,1516285646244,63
417,PLAYER_SLEEPBEFORE_END,1516285665506,63
417,WS_SEND_START,1516285665507,63
417,WS_SEND_END,1516285665507,63
417,WS_RECV_START,1516285665507,64
417,WS_RECV_END,1516285665647,64
417,PLAYER_SLEEPBEFORE_START,1516285665647,65
417,PLAYER_SLEEPBEFORE_END,1516285692464,65
417,WS_SEND_START,1516285692464,65
417,WS_SEND_END,1516285692464,65
417,WS_RECV_START,1516285692464,66
417,WS_RECV_END,1516285692773,66
417,PLAYER_SLEEPBEFORE_START,1516285692773,67
417,PLAYER_SLEEPBEFORE_END,1516285694280,67
417,WS_SEND_START,1516285694280,67
417,WS_SEND_END,1516285694280,67
417,WS_RECV_START,1516285694280,68
417,WS_RECV_END,1516285694606,68
417,PLAYER_SLEEPBEFORE_START,1516285694606,69
417,PLAYER_SLEEPBEFORE_END,1516285716604,69
417,WS_SEND_START,1516285716604,69
417,WS_SEND_END,1516285716604,69
417,WS_RECV_START,1516285716605,70
417,WS_RECV_END,1516285716886,70
417,PLAYER_SLEEPBEFORE_START,1516285716886,71
417,PLAYER_SLEEPBEFORE_END,1516285741661,71
417,WS_SEND_START,1516285741661,71
417,WS_SEND_END,1516285741661,71
417,PLAYER_SLEEPBEFORE_START,1516285741661,72
417,PLAYER_SLEEPBEFORE_END,1516285744268,72
417,WS_SEND_START,1516285744268,72
417,WS_SEND_END,1516285744268,72
417,WS_RECV_START,1516285744268,73
417,WS_RECV_END,1516285744847,73
417,PLAYER_SLEEPBEFORE_START,1516285744847,74
417,PLAYER_SLEEPBEFORE_END,1516285744856,74
417,WS_SEND_START,1516285744856,74
417,WS_SEND_END,1516285744856,74
417,WS_RECV_START,1516285744856,75
417,WS_RECV_END,1516285745093,75
417,PLAYER_SLEEPBEFORE_START,1516285745093,76
417,PLAYER_SLEEPBEFORE_END,1516285746600,76
417,WS_SEND_START,1516285746600,76
417,WS_SEND_END,1516285746600,76
417,WS_RECV_START,1516285746600,77
417,WS_RECV_END,1516285746810,77
417,PLAYER_SLEEPBEFORE_START,1516285746810,78
417,PLAYER_SLEEPBEFORE_END,1516285747678,78
417,WS_SEND_START,1516285747678,78
417,WS_SEND_END,1516285747678,78
417,WS_RECV_START,1516285747678,79
417,WS_RECV_END,1516285747839,79
417,PLAYER_SLEEPBEFORE_START,1516285747839,80
417,PLAYER_SLEEPBEFORE_END,1516285755505,80
417,WS_SEND_START,1516285755505,80
417,WS_SEND_END,1516285755505,80
417,WS_RECV_START,1516285755505,81
417,WS_RECV_END,1516285756741,81
417,PLAYER_SLEEPBEFORE_START,1516285756741,82
417,PLAYER_SLEEPBEFORE_END,1516285757843,82
417,WS_SEND_START,1516285757843,82
417,WS_SEND_END,1516285757843,82
417,WS_RECV_START,1516285757843,83
417,WS_RECV_END,1516285758497,83
417,PLAYER_SLEEPBEFORE_START,1516285758497,84
417,PLAYER_SLEEPBEFORE_END,1516285759445,84
417,WS_SEND_START,1516285759445,84
417,WS_SEND_END,1516285759445,84
417,WS_RECV_START,1516285759445,85
417,WS_RECV_END,1516285759800,85
417,PLAYER_SLEEPBEFORE_START,1516285759800,86
417,PLAYER_SLEEPBEFORE_END,1516285763972,86
417,WS_SEND_START,1516285763972,86
417,WS_SEND_END,1516285763972,86
417,WS_RECV_START,1516285763972,87
417,WS_RECV_END,1516285764983,87
417,PLAYER_SLEEPBEFORE_START,1516285764983,88
417,PLAYER_SLEEPBEFORE_END,1516285764991,88
417,WS_SEND_START,1516285764991,88
417,WS_SEND_END,1516285764991,88
417,WS_RECV_START,1516285764991,89
417,WS_RECV_END,1516285765535,89
417,PLAYER_SLEEPBEFORE_START,1516285765535,90
417,PLAYER_SLEEPBEFORE_END,1516285792732,90
417,REQ_START,1516285792732,90
417,REQ_END,1516285792742,90
417,PLAYER_SLEEPBEFORE_START,1516285792742,91
417,PLAYER_SLEEPBEFORE_END,1516285800631,91
417,WS_SEND_START,1516285800631,91
417,WS_SEND_END,1516285800631,91
417,WS_RECV_START,1516285800631,92
417,WS_RECV_END,1516285801630,92
417,PLAYER_SLEEPBEFORE_START,1516285801630,93
417,PLAYER_SLEEPBEFORE_END,1516285801645,93
417,WS_SEND_START,1516285801645,93
417,WS_SEND_END,1516285801645,93
417,WS_RECV_START,1516285801645,94
417,WS_RECV_END,1516285802352,94
417,PLAYER_SLEEPBEFORE_START,1516285802352,95
417,PLAYER_SLEEPBEFORE_END,1516285825907,95
417,WS_SEND_START,1516285825907,95
417,WS_SEND_END,1516285825907,95
417,WS_RECV_START,1516285825907,96
417,WS_RECV_END,1516285826506,96
417,PLAYER_SLEEPBEFORE_START,1516285826506,97
417,PLAYER_SLEEPBEFORE_END,1516285848946,97
417,WS_SEND_START,1516285848946,97
417,WS_SEND_END,1516285848946,97
417,WS_RECV_START,1516285848946,98
417,WS_RECV_END,1516285851028,98
417,PLAYER_SLEEPBEFORE_START,1516285851028,99
417,PLAYER_SLEEPBEFORE_END,1516285851049,99
417,WS_SEND_START,1516285851049,99
417,WS_SEND_END,1516285851049,99
417,WS_RECV_START,1516285851049,100
417,WS_RECV_END,1516285852018,100
417,PLAYER_SLEEPBEFORE_START,1516285852018,101
417,PLAYER_SLEEPBEFORE_END,1516285875577,101
417,WS_SEND_START,1516285875577,101
417,WS_SEND_END,1516285875577,101
417,WS_RECV_START,1516285875577,102
417,WS_RECV_END,1516285875754,102
417,PLAYER_SLEEPBEFORE_START,1516285875754,103
417,PLAYER_SLEEPBEFORE_END,1516285899379,103
417,WS_SEND_START,1516285899379,103
417,WS_SEND_END,1516285899379,103
417,WS_RECV_START,1516285899379,104
417,WS_RECV_END,1516285901078,104
417,PLAYER_SLEEPBEFORE_START,1516285901078,105
417,PLAYER_SLEEPBEFORE_END,1516285926455,105
417,WS_SEND_START,1516285926455,105
417,WS_SEND_END,1516285926455,105
417,WS_RECV_START,1516285926455,106
417,WS_RECV_END,1516285927139,106
417,PLAYER_SLEEPBEFORE_START,1516285927139,107
417,PLAYER_SLEEPBEFORE_END,1516285950562,107
417,WS_SEND_START,1516285950562,107
417,WS_SEND_END,1516285950562,107
417,WS_RECV_START,1516285950562,108
417,WS_RECV_END,1516285951525,108
417,PLAYER_SLEEPBEFORE_START,1516285951525,109
417,PLAYER_SLEEPBEFORE_END,1516285951534,109
417,WS_SEND_START,1516285951534,109
417,WS_SEND_END,1516285951534,109
417,WS_RECV_START,1516285951534,110
417,WS_RECV_END,1516285952117,110
417,PLAYER_SLEEPBEFORE_START,1516285952117,111
417,PLAYER_SLEEPBEFORE_END,1516285953076,111
417,WS_SEND_START,1516285953076,111
417,WS_SEND_END,1516285953076,111
417,WS_RECV_START,1516285953076,112
417,WS_RECV_END,1516285953579,112
417,PLAYER_SLEEPBEFORE_START,1516285953579,113
417,PLAYER_SLEEPBEFORE_END,1516285954142,113
417,WS_SEND_START,1516285954142,113
417,WS_SEND_END,1516285954142,113
417,WS_RECV_START,1516285954142,114
417,WS_RECV_END,1516285954843,114
417,PLAYER_SLEEPBEFORE_START,1516285954843,115
417,PLAYER_SLEEPBEFORE_END,1516285954852,115
417,WS_SEND_START,1516285954852,115
417,WS_SEND_END,1516285954852,115
417,WS_RECV_START,1516285954852,116
417,WS_RECV_END,1516285955976,116
417,PLAYER_SLEEPBEFORE_START,1516285955976,117
417,PLAYER_SLEEPBEFORE_END,1516285976336,117
417,WS_SEND_START,1516285976336,117
417,WS_SEND_END,1516285976336,117
417,PLAYER_SLEEPBEFORE_START,1516285976336,118
417,PLAYER_SLEEPBEFORE_END,1516285980088,118
417,WS_SEND_START,1516285980088,118
417,WS_SEND_END,1516285980088,118
417,WS_RECV_START,1516285980088,119
417,WS_RECV_END,1516285981371,119
417,PLAYER_SLEEPBEFORE_START,1516285981371,120
417,PLAYER_SLEEPBEFORE_END,1516285982360,120
417,WS_SEND_START,1516285982360,120
417,WS_SEND_END,1516285982360,120
417,WS_RECV_START,1516285982360,121
417,WS_RECV_END,1516285983071,121
417,PLAYER_SLEEPBEFORE_START,1516285983071,122
417,PLAYER_SLEEPBEFORE_END,1516285984256,122
417,WS_SEND_START,1516285984256,122
417,WS_SEND_END,1516285984256,122
417,WS_RECV_START,1516285984256,123
417,WS_RECV_END,1516285985078,123
417,PLAYER_SLEEPBEFORE_START,1516285985078,124
417,PLAYER_SLEEPBEFORE_END,1516286009483,124
417,WS_SEND_START,1516286009483,124
417,WS_SEND_END,1516286009483,124
417,WS_RECV_START,1516286009483,125
417,WS_RECV_END,1516286010679,125
417,PLAYER_SLEEPBEFORE_START,1516286010679,126
417,PLAYER_SLEEPBEFORE_END,1516286031191,126
417,WS_SEND_START,1516286031191,126
417,WS_SEND_END,1516286031191,126
417,PLAYER_SLEEPBEFORE_START,1516286031191,127
417,PLAYER_SLEEPBEFORE_END,1516286034246,127
417,WS_SEND_START,1516286034246,127
417,WS_SEND_END,1516286034246,127
417,WS_RECV_START,1516286034246,128
417,WS_RECV_END,1516286035554,128
417,PLAYER_SLEEPBEFORE_START,1516286035554,129
417,PLAYER_SLEEPBEFORE_END,1516286035574,129
417,WS_SEND_START,1516286035574,129
417,WS_SEND_END,1516286035574,129
417,WS_RECV_START,1516286035574,130
417,WS_RECV_END,1516286036754,130
417,PLAYER_SLEEPBEFORE_START,1516286036754,131
417,PLAYER_SLEEPBEFORE_END,1516286058378,131
417,WS_SEND_START,1516286058378,131
417,WS_SEND_END,1516286058379,131
417,PLAYER_SLEEPBEFORE_START,1516286058379,132
417,PLAYER_SLEEPBEFORE_END,1516286061459,132
417,WS_SEND_START,1516286061459,132
417,WS_SEND_END,1516286061459,132
417,WS_RECV_START,1516286061459,133
417,WS_RECV_END,1516286062133,133
417,PLAYER_SLEEPBEFORE_START,1516286062133,134
417,PLAYER_SLEEPBEFORE_END,1516286083350,134
417,WS_SEND_START,1516286083350,134
417,WS_SEND_END,1516286083350,134
417,PLAYER_SLEEPBEFORE_START,1516286083350,135
417,PLAYER_SLEEPBEFORE_END,1516286086540,135
417,WS_SEND_START,1516286086541,135
417,WS_SEND_END,1516286086541,135
417,WS_RECV_START,1516286086541,136
417,WS_RECV_END,1516286086656,136
417,PLAYER_SLEEPBEFORE_START,1516286086656,137
417,PLAYER_SLEEPBEFORE_END,1516286086663,137
417,WS_SEND_START,1516286086663,137
417,WS_SEND_END,1516286086663,137
417,WS_RECV_START,1516286086663,138
417,WS_RECV_END,1516286086718,138
417,PLAYER_SLEEPBEFORE_START,1516286086718,139
417,PLAYER_SLEEPBEFORE_END,1516286087408,139
417,WS_SEND_START,1516286087408,139
417,WS_SEND_END,1516286087408,139
417,WS_RECV_START,1516286087408,140
417,WS_RECV_END,1516286087996,140
417,PLAYER_SLEEPBEFORE_START,1516286087996,141
417,PLAYER_SLEEPBEFORE_END,1516286088651,141
417,WS_SEND_START,1516286088651,141
417,WS_SEND_END,1516286088652,141
417,WS_RECV_START,1516286088652,142
417,WS_RECV_END,1516286089077,142
417,PLAYER_SLEEPBEFORE_START,1516286089077,143
417,PLAYER_SLEEPBEFORE_END,1516286089134,143
417,WS_SEND_START,1516286089134,143
417,WS_SEND_END,1516286089134,143
417,WS_RECV_START,1516286089134,144
417,WS_RECV_END,1516286089352,144
417,PLAYER_SLEEPBEFORE_START,1516286089352,145
417,PLAYER_SLEEPBEFORE_END,1516286105414,145
417,REQ_START,1516286105414,145
417,REQ_END,1516286105422,145
417,PLAYER_SLEEPBEFORE_START,1516286105422,146
417,PLAYER_SLEEPBEFORE_END,1516286114299,146
417,WS_SEND_START,1516286114299,146
417,WS_SEND_END,1516286114299,146
417,WS_RECV_START,1516286114299,147
417,WS_RECV_END,1516286115525,147
417,PLAYER_SLEEPBEFORE_START,1516286115525,148
417,PLAYER_SLEEPBEFORE_END,1516286137447,148
417,WS_SEND_START,1516286137447,148
417,WS_SEND_END,1516286137447,148
417,PLAYER_SLEEPBEFORE_START,1516286137447,149
417,PLAYER_SLEEPBEFORE_END,1516286139875,149
417,WS_SEND_START,1516286139875,149
417,WS_SEND_END,1516286139876,149
417,WS_RECV_START,1516286139876,150
417,WS_RECV_END,1516286141587,150
417,PLAYER_SLEEPBEFORE_START,1516286141587,151
417,PLAYER_SLEEPBEFORE_END,1516286141797,151
417,WS_SEND_START,1516286141797,151
417,WS_SEND_END,1516286141797,151
417,WS_RECV_START,1516286141797,152
417,WS_RECV_END,1516286143205,152
417,PLAYER_SLEEPBEFORE_START,1516286143206,153
417,PLAYER_SLEEPBEFORE_END,1516286167133,153
417,WS_SEND_START,1516286167133,153
417,WS_SEND_END,1516286167133,153
417,WS_RECV_START,1516286167133,154
417,WS_RECV_END,1516286170485,154
417,PLAYER_SLEEPBEFORE_START,1516286170485,155
417,PLAYER_SLEEPBEFORE_END,1516286193043,155
417,WS_SEND_START,1516286193043,155
417,WS_SEND_END,1516286193043,155
417,PLAYER_SLEEPBEFORE_START,1516286193043,156
417,PLAYER_SLEEPBEFORE_END,1516286196317,156
417,WS_SEND_START,1516286196317,156
417,WS_SEND_END,1516286196317,156
417,WS_RECV_START,1516286196317,157
417,WS_RECV_END,1516286198205,157
417,PLAYER_SLEEPBEFORE_START,1516286198205,158
417,PLAYER_SLEEPBEFORE_END,1516286198215,158
417,WS_SEND_START,1516286198215,158
417,WS_SEND_END,1516286198215,158
417,WS_RECV_START,1516286198215,159
417,WS_RECV_END,1516286201851,159
417,PLAYER_SLEEPBEFORE_START,1516286201851,160
417,PLAYER_SLEEPBEFORE_END,1516286202026,160
417,WS_SEND_START,1516286202026,160
417,WS_SEND_END,1516286202026,160
417,WS_RECV_START,1516286202026,161
417,WS_RECV_END,1516286206059,161
417,PLAYER_SLEEPBEFORE_START,1516286206059,162
417,PLAYER_SLEEPBEFORE_END,1516286206084,162
417,WS_SEND_START,1516286206084,162
417,WS_SEND_END,1516286206084,162
417,WS_RECV_START,1516286206084,163
417,WS_RECV_END,1516286209720,163
417,PLAYER_SLEEPBEFORE_START,1516286209720,164
417,PLAYER_SLEEPBEFORE_END,1516286230532,164
417,WS_SEND_START,1516286230532,164
417,WS_SEND_END,1516286230532,164
417,WS_RECV_START,1516286230532,165
417,WS_RECV_END,1516286235129,165
417,PLAYER_SLEEPBEFORE_START,1516286235129,166
417,PLAYER_SLEEPBEFORE_END,1516286257585,166
417,WS_SEND_START,1516286257585,166
417,WS_SEND_END,1516286257585,166
417,WS_RECV_START,1516286257585,167
417,WS_RECV_END,1516286260751,167
417,PLAYER_SLEEPBEFORE_START,1516286260751,168
417,PLAYER_SLEEPBEFORE_END,1516286288108,168
417,WS_SEND_START,1516286288109,168
417,WS_SEND_END,1516286288109,168
417,WS_RECV_START,1516286288109,169
417,WS_RECV_END,1516286291760,169
417,PLAYER_SLEEPBEFORE_START,1516286291760,170
417,PLAYER_SLEEPBEFORE_END,1516286291769,170
417,WS_SEND_START,1516286291769,170
417,WS_SEND_END,1516286291769,170
417,WS_RECV_START,1516286291769,171
417,WS_RECV_END,1516286293123,171
417,PLAYER_SLEEPBEFORE_START,1516286293123,172
417,PLAYER_SLEEPBEFORE_END,1516286293492,172
417,WS_SEND_START,1516286293492,172
417,WS_SEND_END,1516286293492,172
417,WS_RECV_START,1516286293492,173
417,WS_RECV_END,1516286295057,173
417,PLAYER_SLEEPBEFORE_START,1516286295057,174
417,PLAYER_SLEEPBEFORE_END,1516286295098,174
417,WS_SEND_START,1516286295098,174
417,WS_SEND_END,1516286295098,174
417,WS_RECV_START,1516286295098,175
417,WS_RECV_END,1516286297385,175
417,PLAYER_SLEEPBEFORE_START,1516286297385,176
417,PLAYER_SLEEPBEFORE_END,1516286319146,176
417,WS_SEND_START,1516286319146,176
417,WS_SEND_END,1516286319146,176
417,PLAYER_SLEEPBEFORE_START,1516286319146,177
417,PLAYER_SLEEPBEFORE_END,1516286321664,177
417,WS_SEND_START,1516286321664,177
417,WS_SEND_END,1516286321664,177
417,WS_RECV_START,1516286321664,178
417,WS_RECV_END,1516286322836,178
417,PLAYER_SLEEPBEFORE_START,1516286322836,179
417,PLAYER_SLEEPBEFORE_END,1516286345176,179
417,WS_SEND_START,1516286345176,179
417,WS_SEND_END,1516286345176,179
417,WS_RECV_START,1516286345176,180
417,WS_RECV_END,1516286345495,180
417,PLAYER_SLEEPBEFORE_START,1516286345495,181
417,PLAYER_SLEEPBEFORE_END,1516286345939,181
417,WS_SEND_START,1516286345939,181
417,WS_SEND_END,1516286345939,181
417,WS_RECV_START,1516286345939,182
417,WS_RECV_END,1516286346330,182
417,PLAYER_SLEEPBEFORE_START,1516286346330,183
417,PLAYER_SLEEPBEFORE_END,1516286346854,183
417,WS_SEND_START,1516286346854,183
417,WS_SEND_END,1516286346854,183
417,WS_RECV_START,1516286346854,184
417,WS_RECV_END,1516286347140,184
417,PLAYER_SLEEPBEFORE_START,1516286347140,185
417,PLAYER_SLEEPBEFORE_END,1516286347408,185
417,WS_SEND_START,1516286347408,185
417,WS_SEND_END,1516286347408,185
417,WS_RECV_START,1516286347408,186
417,WS_RECV_END,1516286347642,186
417,PLAYER_SLEEPBEFORE_START,1516286347642,187
417,PLAYER_SLEEPBEFORE_END,1516286370142,187
417,WS_SEND_START,1516286370142,187
417,WS_SEND_END,1516286370143,187
417,WS_RECV_START,1516286370143,188
417,WS_RECV_END,1516286370204,188
417,PLAYER_SLEEPBEFORE_START,1516286370204,189
417,PLAYER_SLEEPBEFORE_END,1516286376443,189
417,WS_SEND_START,1516286376443,189
417,WS_SEND_END,1516286376443,189
417,WS_RECV_START,1516286376443,190
417,WS_RECV_END,1516286376546,190
417,PLAYER_SLEEPBEFORE_START,1516286376546,191
417,PLAYER_SLEEPBEFORE_END,1516286378462,191
417,WS_SEND_START,1516286378462,191
417,WS_SEND_END,1516286378462,191
417,WS_RECV_START,1516286378462,192
417,WS_RECV_END,1516286378899,192
417,PLAYER_SLEEPBEFORE_START,1516286378899,193
417,PLAYER_SLEEPBEFORE_END,1516286379027,193
417,WS_SEND_START,1516286379027,193
417,WS_SEND_END,1516286379027,193
417,WS_RECV_START,1516286379027,194
417,WS_RECV_END,1516286379447,194
417,PLAYER_SLEEPBEFORE_START,1516286379447,195
417,PLAYER_SLEEPBEFORE_END,1516286381202,195
417,WS_SEND_START,1516286381202,195
417,WS_SEND_END,1516286381202,195
417,WS_RECV_START,1516286381202,196
417,WS_RECV_END,1516286381367,196
417,PLAYER_SLEEPBEFORE_START,1516286381368,197
417,PLAYER_SLEEPBEFORE_END,1516286383172,197
417,WS_SEND_START,1516286383172,197
417,WS_SEND_END,1516286383172,197
417,WS_RECV_START,1516286383172,198
417,WS_RECV_END,1516286383294,198
417,PLAYER_SLEEPBEFORE_START,1516286383294,199
417,PLAYER_SLEEPBEFORE_END,1516286395148,199
417,WS_SEND_START,1516286395148,199
417,WS_SEND_END,1516286395148,199
417,PLAYER_SLEEPBEFORE_START,1516286395148,200
417,PLAYER_SLEEPBEFORE_END,1516286399236,200
417,WS_SEND_START,1516286399236,200
417,WS_SEND_END,1516286399236,200
417,WS_RECV_START,1516286399236,201
417,WS_RECV_END,1516286399366,201
417,PLAYER_SLEEPBEFORE_START,1516286399366,202
417,PLAYER_SLEEPBEFORE_END,1516286399380,202
417,WS_SEND_START,1516286399380,202
417,WS_SEND_END,1516286399380,202
417,WS_RECV_START,1516286399380,203
417,WS_RECV_END,1516286399493,203
417,PLAYER_SLEEPBEFORE_START,1516286399493,204
417,PLAYER_SLEEPBEFORE_END,1516286419142,204
417,WS_SEND_START,1516286419142,204
417,WS_SEND_END,1516286419143,204
417,PLAYER_SLEEPBEFORE_START,1516286419143,205
417,PLAYER_SLEEPBEFORE_END,1516286423041,205
417,WS_SEND_START,1516286423041,205
417,WS_SEND_END,1516286423041,205
417,WS_RECV_START,1516286423041,206
417,WS_RECV_END,1516286423236,206
417,PLAYER_SLEEPBEFORE_START,1516286423236,207
417,PLAYER_SLEEPBEFORE_END,1516286440167,207
417,REQ_START,1516286440167,207
417,REQ_END,1516286440174,207
417,PLAYER_SLEEPBEFORE_START,1516286440174,208
417,PLAYER_SLEEPBEFORE_END,1516286447026,208
417,WS_CLOSE_START,1516286447026,208
417,WS_CLOSE_END,1516286447026,208
417,PLAYER_DONE,1516286447026
