# --sessions 540 --app-url=http://shinyloadtest.rstudioservices.com/cran_explorer --output-dir test540 --overwrite-output --log-level warn --start-interval 500 15min.log
thread_id,event,timestamp,input_line_number,comment
43,PLAYER_SESSION_CREATE,1516285277544
43,PLAYER_START_INTERVAL_START,1516285277544
43,PLAYER_START_INTERVAL_END,1516285299044
43,REQ_HOME_START,1516285299044,2
43,REQ_HOME_END,1516285299128,2
43,REQ_START,1516285299128,3
43,REQ_END,1516285299161,3
43,REQ_START,1516285299161,4
43,REQ_END,1516285299191,4
43,REQ_START,1516285299191,5
43,REQ_END,1516285299224,5
43,REQ_START,1516285299224,6
43,REQ_END,1516285299258,6
43,REQ_START,1516285299258,7
43,REQ_END,1516285299291,7
43,REQ_START,1516285299291,8
43,REQ_END,1516285299324,8
43,REQ_START,1516285299324,9
43,REQ_END,1516285299357,9
43,REQ_START,1516285299357,10
43,REQ_END,1516285299365,10
43,REQ_START,1516285299365,11
43,REQ_END,1516285299411,11
43,REQ_START,1516285299411,12
43,REQ_END,1516285299420,12
43,REQ_START,1516285299420,13
43,REQ_END,1516285299453,13
43,REQ_START,1516285299453,14
43,REQ_END,1516285299466,14
43,REQ_START,1516285299466,15
43,REQ_END,1516285299499,15
43,REQ_TOK_START,1516285299499,16
43,REQ_TOK_END,1516285299506,16
43,REQ_SINF_START,1516285299506,17
43,REQ_SINF_END,1516285299513,17
43,WS_OPEN_START,1516285299513,18
43,WS_OPEN_END,1516285299520,18
43,REQ_START,1516285299521,19
43,REQ_END,1516285299550,19
43,WS_RECV_START,1516285299550,20
43,WS_RECV_END,1516285299550,20
43,PLAYER_SLEEPBEFORE_START,1516285299550,21
43,PLAYER_SLEEPBEFORE_END,1516285299555,21
43,WS_SEND_START,1516285299555,21
43,WS_SEND_END,1516285299555,21
43,PLAYER_SLEEPBEFORE_START,1516285299555,22
43,PLAYER_SLEEPBEFORE_END,1516285299556,22
43,WS_SEND_START,1516285299556,22
43,WS_SEND_END,1516285299556,22
43,WS_RECV_INIT_START,1516285299556,23
43,WS_RECV_INIT_END,1516285299573,23
43,WS_RECV_START,1516285299573,24
43,WS_RECV_END,1516285299621,24
43,PLAYER_SLEEPBEFORE_START,1516285299621,25
43,PLAYER_SLEEPBEFORE_END,1516285299629,25
43,REQ_START,1516285299629,25
43,REQ_END,1516285299660,25
43,PLAYER_SLEEPBEFORE_START,1516285299660,26
43,PLAYER_SLEEPBEFORE_END,1516285299662,26
43,REQ_START,1516285299662,26
43,REQ_END,1516285299693,26
43,PLAYER_SLEEPBEFORE_START,1516285299693,27
43,PLAYER_SLEEPBEFORE_END,1516285299696,27
43,REQ_START,1516285299696,27
43,REQ_END,1516285299727,27
43,PLAYER_SLEEPBEFORE_START,1516285299727,28
43,PLAYER_SLEEPBEFORE_END,1516285300012,28
43,REQ_START,1516285300012,28
43,REQ_END,1516285300059,28
43,PLAYER_SLEEPBEFORE_START,1516285300059,29
43,PLAYER_SLEEPBEFORE_END,1516285300234,29
43,WS_SEND_START,1516285300234,29
43,WS_SEND_END,1516285300234,29
43,WS_RECV_START,1516285300234,30
43,WS_RECV_END,1516285300329,30
43,PLAYER_SLEEPBEFORE_START,1516285300329,31
43,PLAYER_SLEEPBEFORE_END,1516285300340,31
43,REQ_START,1516285300340,31
43,REQ_END,1516285300373,31
43,PLAYER_SLEEPBEFORE_START,1516285300373,32
43,PLAYER_SLEEPBEFORE_END,1516285328518,32
43,WS_SEND_START,1516285328518,32
43,WS_SEND_END,1516285328518,32
43,WS_RECV_START,1516285328518,33
43,WS_RECV_END,1516285328611,33
43,PLAYER_SLEEPBEFORE_START,1516285328611,34
43,PLAYER_SLEEPBEFORE_END,1516285354522,34
43,WS_SEND_START,1516285354523,34
43,WS_SEND_END,1516285354523,34
43,WS_RECV_START,1516285354523,35
43,WS_RECV_END,1516285354561,35
43,PLAYER_SLEEPBEFORE_START,1516285354561,36
43,PLAYER_SLEEPBEFORE_END,1516285354570,36
43,WS_SEND_START,1516285354570,36
43,WS_SEND_END,1516285354570,36
43,WS_RECV_START,1516285354570,37
43,WS_RECV_END,1516285354633,37
43,PLAYER_SLEEPBEFORE_START,1516285354633,38
43,PLAYER_SLEEPBEFORE_END,1516285357828,38
43,WS_SEND_START,1516285357828,38
43,WS_SEND_END,1516285357828,38
43,WS_RECV_START,1516285357828,39
43,WS_RECV_END,1516285357926,39
43,PLAYER_SLEEPBEFORE_START,1516285357926,40
43,PLAYER_SLEEPBEFORE_END,1516285357972,40
43,WS_SEND_START,1516285357972,40
43,WS_SEND_END,1516285357972,40
43,WS_RECV_START,1516285357972,41
43,WS_RECV_END,1516285358081,41
43,PLAYER_SLEEPBEFORE_START,1516285358081,42
43,PLAYER_SLEEPBEFORE_END,1516285376216,42
43,WS_SEND_START,1516285376216,42
43,WS_SEND_END,1516285376216,42
43,WS_RECV_START,1516285376216,43
43,WS_RECV_END,1516285376273,43
43,PLAYER_SLEEPBEFORE_START,1516285376273,44
43,PLAYER_SLEEPBEFORE_END,1516285376285,44
43,WS_SEND_START,1516285376285,44
43,WS_SEND_END,1516285376285,44
43,WS_RECV_START,1516285376285,45
43,WS_RECV_END,1516285376341,45
43,PLAYER_SLEEPBEFORE_START,1516285376341,46
43,PLAYER_SLEEPBEFORE_END,1516285377601,46
43,WS_SEND_START,1516285377601,46
43,WS_SEND_END,1516285377601,46
43,WS_RECV_START,1516285377601,47
43,WS_RECV_END,1516285377641,47
43,PLAYER_SLEEPBEFORE_START,1516285377641,48
43,PLAYER_SLEEPBEFORE_END,1516285378961,48
43,WS_SEND_START,1516285378961,48
43,WS_SEND_END,1516285378961,48
43,WS_RECV_START,1516285378961,49
43,WS_RECV_END,1516285379053,49
43,PLAYER_SLEEPBEFORE_START,1516285379053,50
43,PLAYER_SLEEPBEFORE_END,1516285379077,50
43,WS_SEND_START,1516285379077,50
43,WS_SEND_END,1516285379077,50
43,WS_RECV_START,1516285379077,51
43,WS_RECV_END,1516285379289,51
43,PLAYER_SLEEPBEFORE_START,1516285379289,52
43,PLAYER_SLEEPBEFORE_END,1516285401853,52
43,WS_SEND_START,1516285401853,52
43,WS_SEND_END,1516285401853,52
43,WS_RECV_START,1516285401853,53
43,WS_RECV_END,1516285402018,53
43,PLAYER_SLEEPBEFORE_START,1516285402018,54
43,PLAYER_SLEEPBEFORE_END,1516285423321,54
43,WS_SEND_START,1516285423321,54
43,WS_SEND_END,1516285423321,54
43,PLAYER_SLEEPBEFORE_START,1516285423321,55
43,PLAYER_SLEEPBEFORE_END,1516285425262,55
43,WS_SEND_START,1516285425262,55
43,WS_SEND_END,1516285425262,55
43,WS_RECV_START,1516285425262,56
43,WS_RECV_END,1516285425318,56
43,PLAYER_SLEEPBEFORE_START,1516285425318,57
43,PLAYER_SLEEPBEFORE_END,1516285448191,57
43,WS_SEND_START,1516285448191,57
43,WS_SEND_END,1516285448191,57
43,WS_RECV_START,1516285448191,58
43,WS_RECV_END,1516285448253,58
43,PLAYER_SLEEPBEFORE_START,1516285448253,59
43,PLAYER_SLEEPBEFORE_END,1516285450580,59
43,WS_SEND_START,1516285450580,59
43,WS_SEND_END,1516285450580,59
43,WS_RECV_START,1516285450580,60
43,WS_RECV_END,1516285450713,60
43,PLAYER_SLEEPBEFORE_START,1516285450713,61
43,PLAYER_SLEEPBEFORE_END,1516285454304,61
43,WS_SEND_START,1516285454304,61
43,WS_SEND_END,1516285454304,61
43,WS_RECV_START,1516285454305,62
43,WS_RECV_END,1516285454433,62
43,PLAYER_SLEEPBEFORE_START,1516285454433,63
43,PLAYER_SLEEPBEFORE_END,1516285473696,63
43,WS_SEND_START,1516285473696,63
43,WS_SEND_END,1516285473696,63
43,WS_RECV_START,1516285473696,64
43,WS_RECV_END,1516285473855,64
43,PLAYER_SLEEPBEFORE_START,1516285473855,65
43,PLAYER_SLEEPBEFORE_END,1516285500672,65
43,WS_SEND_START,1516285500672,65
43,WS_SEND_END,1516285500672,65
43,WS_RECV_START,1516285500672,66
43,WS_RECV_END,1516285500807,66
43,PLAYER_SLEEPBEFORE_START,1516285500807,67
43,PLAYER_SLEEPBEFORE_END,1516285502315,67
43,WS_SEND_START,1516285502315,67
43,WS_SEND_END,1516285502315,67
43,WS_RECV_START,1516285502315,68
43,WS_RECV_END,1516285502419,68
43,PLAYER_SLEEPBEFORE_START,1516285502419,69
43,PLAYER_SLEEPBEFORE_END,1516285524417,69
43,WS_SEND_START,1516285524417,69
43,WS_SEND_END,1516285524417,69
43,WS_RECV_START,1516285524417,70
43,WS_RECV_END,1516285524901,70
43,PLAYER_SLEEPBEFORE_START,1516285524901,71
43,PLAYER_SLEEPBEFORE_END,1516285549677,71
43,WS_SEND_START,1516285549677,71
43,WS_SEND_END,1516285549677,71
43,PLAYER_SLEEPBEFORE_START,1516285549677,72
43,PLAYER_SLEEPBEFORE_END,1516285552284,72
43,WS_SEND_START,1516285552284,72
43,WS_SEND_END,1516285552284,72
43,WS_RECV_START,1516285552284,73
43,WS_RECV_END,1516285552635,73
43,PLAYER_SLEEPBEFORE_START,1516285552635,74
43,PLAYER_SLEEPBEFORE_END,1516285552644,74
43,WS_SEND_START,1516285552644,74
43,WS_SEND_END,1516285552644,74
43,WS_RECV_START,1516285552644,75
43,WS_RECV_END,1516285552933,75
43,PLAYER_SLEEPBEFORE_START,1516285552933,76
43,PLAYER_SLEEPBEFORE_END,1516285554439,76
43,WS_SEND_START,1516285554439,76
43,WS_SEND_END,1516285554439,76
43,WS_RECV_START,1516285554439,77
43,WS_RECV_END,1516285555011,77
43,PLAYER_SLEEPBEFORE_START,1516285555011,78
43,PLAYER_SLEEPBEFORE_END,1516285555879,78
43,WS_SEND_START,1516285555879,78
43,WS_SEND_END,1516285555879,78
43,WS_RECV_START,1516285555879,79
43,WS_RECV_END,1516285556101,79
43,PLAYER_SLEEPBEFORE_START,1516285556101,80
43,PLAYER_SLEEPBEFORE_END,1516285563767,80
43,WS_SEND_START,1516285563767,80
43,WS_SEND_END,1516285563767,80
43,WS_RECV_START,1516285563767,81
43,WS_RECV_END,1516285563996,81
43,PLAYER_SLEEPBEFORE_START,1516285563996,82
43,PLAYER_SLEEPBEFORE_END,1516285565098,82
43,WS_SEND_START,1516285565098,82
43,WS_SEND_END,1516285565098,82
43,WS_RECV_START,1516285565098,83
43,WS_RECV_END,1516285565616,83
43,PLAYER_SLEEPBEFORE_START,1516285565616,84
43,PLAYER_SLEEPBEFORE_END,1516285566563,84
43,WS_SEND_START,1516285566564,84
43,WS_SEND_END,1516285566564,84
43,WS_RECV_START,1516285566564,85
43,WS_RECV_END,1516285566787,85
43,PLAYER_SLEEPBEFORE_START,1516285566787,86
43,PLAYER_SLEEPBEFORE_END,1516285570959,86
43,WS_SEND_START,1516285570960,86
43,WS_SEND_END,1516285570960,86
43,WS_RECV_START,1516285570960,87
43,WS_RECV_END,1516285571058,87
43,PLAYER_SLEEPBEFORE_START,1516285571058,88
43,PLAYER_SLEEPBEFORE_END,1516285571066,88
43,WS_SEND_START,1516285571066,88
43,WS_SEND_END,1516285571066,88
43,WS_RECV_START,1516285571066,89
43,WS_RECV_END,1516285571330,89
43,PLAYER_SLEEPBEFORE_START,1516285571330,90
43,PLAYER_SLEEPBEFORE_END,1516285598527,90
43,REQ_START,1516285598527,90
43,REQ_END,1516285598535,90
43,PLAYER_SLEEPBEFORE_START,1516285598535,91
43,PLAYER_SLEEPBEFORE_END,1516285606424,91
43,WS_SEND_START,1516285606424,91
43,WS_SEND_END,1516285606424,91
43,WS_RECV_START,1516285606424,92
43,WS_RECV_END,1516285606725,92
43,PLAYER_SLEEPBEFORE_START,1516285606725,93
43,PLAYER_SLEEPBEFORE_END,1516285606740,93
43,WS_SEND_START,1516285606740,93
43,WS_SEND_END,1516285606740,93
43,WS_RECV_START,1516285606740,94
43,WS_RECV_END,1516285607174,94
43,PLAYER_SLEEPBEFORE_START,1516285607174,95
43,PLAYER_SLEEPBEFORE_END,1516285630729,95
43,WS_SEND_START,1516285630729,95
43,WS_SEND_END,1516285630729,95
43,WS_RECV_START,1516285630729,96
43,WS_RECV_END,1516285631372,96
43,PLAYER_SLEEPBEFORE_START,1516285631372,97
43,PLAYER_SLEEPBEFORE_END,1516285653812,97
43,WS_SEND_START,1516285653812,97
43,WS_SEND_END,1516285653812,97
43,WS_RECV_START,1516285653812,98
43,WS_RECV_END,1516285654109,98
43,PLAYER_SLEEPBEFORE_START,1516285654109,99
43,PLAYER_SLEEPBEFORE_END,1516285654130,99
43,WS_SEND_START,1516285654130,99
43,WS_SEND_END,1516285654130,99
43,WS_RECV_START,1516285654130,100
43,WS_RECV_END,1516285654471,100
43,PLAYER_SLEEPBEFORE_START,1516285654471,101
43,PLAYER_SLEEPBEFORE_END,1516285678030,101
43,WS_SEND_START,1516285678030,101
43,WS_SEND_END,1516285678030,101
43,WS_RECV_START,1516285678030,102
43,WS_RECV_END,1516285678602,102
43,PLAYER_SLEEPBEFORE_START,1516285678602,103
43,PLAYER_SLEEPBEFORE_END,1516285702227,103
43,WS_SEND_START,1516285702227,103
43,WS_SEND_END,1516285702227,103
43,WS_RECV_START,1516285702227,104
43,WS_RECV_END,1516285702518,104
43,PLAYER_SLEEPBEFORE_START,1516285702518,105
43,PLAYER_SLEEPBEFORE_END,1516285727895,105
43,WS_SEND_START,1516285727895,105
43,WS_SEND_END,1516285727895,105
43,WS_RECV_START,1516285727895,106
43,WS_RECV_END,1516285728026,106
43,PLAYER_SLEEPBEFORE_START,1516285728026,107
43,PLAYER_SLEEPBEFORE_END,1516285751449,107
43,WS_SEND_START,1516285751449,107
43,WS_SEND_END,1516285751449,107
43,WS_RECV_START,1516285751449,108
43,WS_RECV_END,1516285751865,108
43,PLAYER_SLEEPBEFORE_START,1516285751865,109
43,PLAYER_SLEEPBEFORE_END,1516285751874,109
43,WS_SEND_START,1516285751874,109
43,WS_SEND_END,1516285751874,109
43,WS_RECV_START,1516285751874,110
43,WS_RECV_END,1516285751997,110
43,PLAYER_SLEEPBEFORE_START,1516285751997,111
43,PLAYER_SLEEPBEFORE_END,1516285752956,111
43,WS_SEND_START,1516285752956,111
43,WS_SEND_END,1516285752956,111
43,WS_RECV_START,1516285752956,112
43,WS_RECV_END,1516285753442,112
43,PLAYER_SLEEPBEFORE_START,1516285753442,113
43,PLAYER_SLEEPBEFORE_END,1516285754004,113
43,WS_SEND_START,1516285754004,113
43,WS_SEND_END,1516285754004,113
43,WS_RECV_START,1516285754004,114
43,WS_RECV_END,1516285754451,114
43,PLAYER_SLEEPBEFORE_START,1516285754451,115
43,PLAYER_SLEEPBEFORE_END,1516285754460,115
43,WS_SEND_START,1516285754460,115
43,WS_SEND_END,1516285754460,115
43,WS_RECV_START,1516285754460,116
43,WS_RECV_END,1516285754750,116
43,PLAYER_SLEEPBEFORE_START,1516285754750,117
43,PLAYER_SLEEPBEFORE_END,1516285775110,117
43,WS_SEND_START,1516285775110,117
43,WS_SEND_END,1516285775110,117
43,PLAYER_SLEEPBEFORE_START,1516285775110,118
43,PLAYER_SLEEPBEFORE_END,1516285778862,118
43,WS_SEND_START,1516285778862,118
43,WS_SEND_END,1516285778862,118
43,WS_RECV_START,1516285778862,119
43,WS_RECV_END,1516285779794,119
43,PLAYER_SLEEPBEFORE_START,1516285779794,120
43,PLAYER_SLEEPBEFORE_END,1516285780782,120
43,WS_SEND_START,1516285780783,120
43,WS_SEND_END,1516285780783,120
43,WS_RECV_START,1516285780783,121
43,WS_RECV_END,1516285781027,121
43,PLAYER_SLEEPBEFORE_START,1516285781027,122
43,PLAYER_SLEEPBEFORE_END,1516285782212,122
43,WS_SEND_START,1516285782213,122
43,WS_SEND_END,1516285782213,122
43,WS_RECV_START,1516285782213,123
43,WS_RECV_END,1516285783129,123
43,PLAYER_SLEEPBEFORE_START,1516285783129,124
43,PLAYER_SLEEPBEFORE_END,1516285807535,124
43,WS_SEND_START,1516285807535,124
43,WS_SEND_END,1516285807535,124
43,WS_RECV_START,1516285807535,125
43,WS_RECV_END,1516285808954,125
43,PLAYER_SLEEPBEFORE_START,1516285808954,126
43,PLAYER_SLEEPBEFORE_END,1516285829466,126
43,WS_SEND_START,1516285829466,126
43,WS_SEND_END,1516285829466,126
43,PLAYER_SLEEPBEFORE_START,1516285829466,127
43,PLAYER_SLEEPBEFORE_END,1516285832520,127
43,WS_SEND_START,1516285832520,127
43,WS_SEND_END,1516285832520,127
43,WS_RECV_START,1516285832520,128
43,WS_RECV_END,1516285833749,128
43,PLAYER_SLEEPBEFORE_START,1516285833749,129
43,PLAYER_SLEEPBEFORE_END,1516285833769,129
43,WS_SEND_START,1516285833769,129
43,WS_SEND_END,1516285833769,129
43,WS_RECV_START,1516285833769,130
43,WS_RECV_END,1516285835888,130
43,PLAYER_SLEEPBEFORE_START,1516285835888,131
43,PLAYER_SLEEPBEFORE_END,1516285857513,131
43,WS_SEND_START,1516285857513,131
43,WS_SEND_END,1516285857513,131
43,PLAYER_SLEEPBEFORE_START,1516285857513,132
43,PLAYER_SLEEPBEFORE_END,1516285860593,132
43,WS_SEND_START,1516285860593,132
43,WS_SEND_END,1516285860593,132
43,WS_RECV_START,1516285860593,133
43,WS_RECV_END,1516285860998,133
43,PLAYER_SLEEPBEFORE_START,1516285860998,134
43,PLAYER_SLEEPBEFORE_END,1516285882215,134
43,WS_SEND_START,1516285882215,134
43,WS_SEND_END,1516285882215,134
43,PLAYER_SLEEPBEFORE_START,1516285882215,135
43,PLAYER_SLEEPBEFORE_END,1516285885406,135
43,WS_SEND_START,1516285885406,135
43,WS_SEND_END,1516285885406,135
43,WS_RECV_START,1516285885406,136
43,WS_RECV_END,1516285887093,136
43,PLAYER_SLEEPBEFORE_START,1516285887093,137
43,PLAYER_SLEEPBEFORE_END,1516285887100,137
43,WS_SEND_START,1516285887100,137
43,WS_SEND_END,1516285887100,137
43,WS_RECV_START,1516285887100,138
43,WS_RECV_END,1516285888390,138
43,PLAYER_SLEEPBEFORE_START,1516285888390,139
43,PLAYER_SLEEPBEFORE_END,1516285889080,139
43,WS_SEND_START,1516285889080,139
43,WS_SEND_END,1516285889080,139
43,WS_RECV_START,1516285889080,140
43,WS_RECV_END,1516285889912,140
43,PLAYER_SLEEPBEFORE_START,1516285889912,141
43,PLAYER_SLEEPBEFORE_END,1516285890567,141
43,WS_SEND_START,1516285890567,141
43,WS_SEND_END,1516285890567,141
43,WS_RECV_START,1516285890567,142
43,WS_RECV_END,1516285891000,142
43,PLAYER_SLEEPBEFORE_START,1516285891000,143
43,PLAYER_SLEEPBEFORE_END,1516285891058,143
43,WS_SEND_START,1516285891058,143
43,WS_SEND_END,1516285891058,143
43,WS_RECV_START,1516285891058,144
43,WS_RECV_END,1516285892720,144
43,PLAYER_SLEEPBEFORE_START,1516285892720,145
43,PLAYER_SLEEPBEFORE_END,1516285908782,145
43,REQ_START,1516285908782,145
43,REQ_END,1516285908790,145
43,PLAYER_SLEEPBEFORE_START,1516285908790,146
43,PLAYER_SLEEPBEFORE_END,1516285917667,146
43,WS_SEND_START,1516285917667,146
43,WS_SEND_END,1516285917667,146
43,WS_RECV_START,1516285917667,147
43,WS_RECV_END,1516285919070,147
43,PLAYER_SLEEPBEFORE_START,1516285919070,148
43,PLAYER_SLEEPBEFORE_END,1516285940992,148
43,WS_SEND_START,1516285940992,148
43,WS_SEND_END,1516285940992,148
43,PLAYER_SLEEPBEFORE_START,1516285940992,149
43,PLAYER_SLEEPBEFORE_END,1516285943420,149
43,WS_SEND_START,1516285943421,149
43,WS_SEND_END,1516285943421,149
43,WS_RECV_START,1516285943421,150
43,WS_RECV_END,1516285945528,150
43,PLAYER_SLEEPBEFORE_START,1516285945528,151
43,PLAYER_SLEEPBEFORE_END,1516285945738,151
43,WS_SEND_START,1516285945738,151
43,WS_SEND_END,1516285945738,151
43,WS_RECV_START,1516285945738,152
43,WS_RECV_END,1516285947505,152
43,PLAYER_SLEEPBEFORE_START,1516285947506,153
43,PLAYER_SLEEPBEFORE_END,1516285971433,153
43,WS_SEND_START,1516285971433,153
43,WS_SEND_END,1516285971433,153
43,WS_RECV_START,1516285971433,154
43,WS_RECV_END,1516285972424,154
43,PLAYER_SLEEPBEFORE_START,1516285972424,155
43,PLAYER_SLEEPBEFORE_END,1516285994982,155
43,WS_SEND_START,1516285994982,155
43,WS_SEND_END,1516285994982,155
43,PLAYER_SLEEPBEFORE_START,1516285994982,156
43,PLAYER_SLEEPBEFORE_END,1516285998256,156
43,WS_SEND_START,1516285998256,156
43,WS_SEND_END,1516285998257,156
43,WS_RECV_START,1516285998257,157
43,WS_RECV_END,1516286000788,157
43,PLAYER_SLEEPBEFORE_START,1516286000788,158
43,PLAYER_SLEEPBEFORE_END,1516286000798,158
43,WS_SEND_START,1516286000798,158
43,WS_SEND_END,1516286000798,158
43,WS_RECV_START,1516286000798,159
43,WS_RECV_END,1516286002074,159
43,PLAYER_SLEEPBEFORE_START,1516286002074,160
43,PLAYER_SLEEPBEFORE_END,1516286002249,160
43,WS_SEND_START,1516286002249,160
43,WS_SEND_END,1516286002249,160
43,WS_RECV_START,1516286002249,161
43,WS_RECV_END,1516286003362,161
43,PLAYER_SLEEPBEFORE_START,1516286003362,162
43,PLAYER_SLEEPBEFORE_END,1516286003387,162
43,WS_SEND_START,1516286003387,162
43,WS_SEND_END,1516286003387,162
43,WS_RECV_START,1516286003387,163
43,WS_RECV_END,1516286005006,163
43,PLAYER_SLEEPBEFORE_START,1516286005006,164
43,PLAYER_SLEEPBEFORE_END,1516286025818,164
43,WS_SEND_START,1516286025818,164
43,WS_SEND_END,1516286025819,164
43,WS_RECV_START,1516286025819,165
43,WS_RECV_END,1516286027423,165
43,PLAYER_SLEEPBEFORE_START,1516286027423,166
43,PLAYER_SLEEPBEFORE_END,1516286049879,166
43,WS_SEND_START,1516286049879,166
43,WS_SEND_END,1516286049879,166
43,WS_RECV_START,1516286049879,167
43,WS_RECV_END,1516286050650,167
43,PLAYER_SLEEPBEFORE_START,1516286050650,168
43,PLAYER_SLEEPBEFORE_END,1516286078007,168
43,WS_SEND_START,1516286078007,168
43,WS_SEND_END,1516286078007,168
43,WS_RECV_START,1516286078007,169
43,WS_RECV_END,1516286078442,169
43,PLAYER_SLEEPBEFORE_START,1516286078442,170
43,PLAYER_SLEEPBEFORE_END,1516286078451,170
43,WS_SEND_START,1516286078451,170
43,WS_SEND_END,1516286078451,170
43,WS_RECV_START,1516286078451,171
43,WS_RECV_END,1516286078834,171
43,PLAYER_SLEEPBEFORE_START,1516286078834,172
43,PLAYER_SLEEPBEFORE_END,1516286079203,172
43,WS_SEND_START,1516286079203,172
43,WS_SEND_END,1516286079203,172
43,WS_RECV_START,1516286079203,173
43,WS_RECV_END,1516286079455,173
43,PLAYER_SLEEPBEFORE_START,1516286079455,174
43,PLAYER_SLEEPBEFORE_END,1516286079496,174
43,WS_SEND_START,1516286079496,174
43,WS_SEND_END,1516286079496,174
43,WS_RECV_START,1516286079496,175
43,WS_RECV_END,1516286079929,175
43,PLAYER_SLEEPBEFORE_START,1516286079929,176
43,PLAYER_SLEEPBEFORE_END,1516286101691,176
43,WS_SEND_START,1516286101691,176
43,WS_SEND_END,1516286101691,176
43,PLAYER_SLEEPBEFORE_START,1516286101691,177
43,PLAYER_SLEEPBEFORE_END,1516286104209,177
43,WS_SEND_START,1516286104209,177
43,WS_SEND_END,1516286104209,177
43,WS_RECV_START,1516286104209,178
43,WS_RECV_END,1516286105419,178
43,PLAYER_SLEEPBEFORE_START,1516286105419,179
43,PLAYER_SLEEPBEFORE_END,1516286127759,179
43,WS_SEND_START,1516286127759,179
43,WS_SEND_END,1516286127759,179
43,WS_RECV_START,1516286127759,180
43,WS_RECV_END,1516286129745,180
43,PLAYER_SLEEPBEFORE_START,1516286129745,181
43,PLAYER_SLEEPBEFORE_END,1516286130189,181
43,WS_SEND_START,1516286130189,181
43,WS_SEND_END,1516286130189,181
43,WS_RECV_START,1516286130189,182
43,WS_RECV_END,1516286132295,182
43,PLAYER_SLEEPBEFORE_START,1516286132295,183
43,PLAYER_SLEEPBEFORE_END,1516286132818,183
43,WS_SEND_START,1516286132818,183
43,WS_SEND_END,1516286132818,183
43,WS_RECV_START,1516286132818,184
43,WS_RECV_END,1516286133583,184
43,PLAYER_SLEEPBEFORE_START,1516286133583,185
43,PLAYER_SLEEPBEFORE_END,1516286133851,185
43,WS_SEND_START,1516286133851,185
43,WS_SEND_END,1516286133851,185
43,WS_RECV_START,1516286133851,186
43,WS_RECV_END,1516286135179,186
43,PLAYER_SLEEPBEFORE_START,1516286135179,187
43,PLAYER_SLEEPBEFORE_END,1516286157679,187
43,WS_SEND_START,1516286157679,187
43,WS_SEND_END,1516286157679,187
43,WS_RECV_START,1516286157679,188
43,WS_RECV_END,1516286161728,188
43,PLAYER_SLEEPBEFORE_START,1516286161728,189
43,PLAYER_SLEEPBEFORE_END,1516286167967,189
43,WS_SEND_START,1516286167967,189
43,WS_SEND_END,1516286167967,189
43,WS_RECV_START,1516286167967,190
43,WS_RECV_END,1516286171705,190
43,PLAYER_SLEEPBEFORE_START,1516286171705,191
43,PLAYER_SLEEPBEFORE_END,1516286173620,191
43,WS_SEND_START,1516286173620,191
43,WS_SEND_END,1516286173620,191
43,WS_RECV_START,1516286173620,192
43,WS_RECV_END,1516286179274,192
43,PLAYER_SLEEPBEFORE_START,1516286179274,193
43,PLAYER_SLEEPBEFORE_END,1516286179402,193
43,WS_SEND_START,1516286179402,193
43,WS_SEND_END,1516286179402,193
43,WS_RECV_START,1516286179402,194
43,WS_RECV_END,1516286182389,194
43,PLAYER_SLEEPBEFORE_START,1516286182389,195
43,PLAYER_SLEEPBEFORE_END,1516286184144,195
43,WS_SEND_START,1516286184144,195
43,WS_SEND_END,1516286184144,195
43,WS_RECV_START,1516286184144,196
43,WS_RECV_END,1516286185894,196
43,PLAYER_SLEEPBEFORE_START,1516286185894,197
43,PLAYER_SLEEPBEFORE_END,1516286187699,197
43,WS_SEND_START,1516286187699,197
43,WS_SEND_END,1516286187699,197
43,WS_RECV_START,1516286187699,198
43,WS_RECV_END,1516286189958,198
43,PLAYER_SLEEPBEFORE_START,1516286189958,199
43,PLAYER_SLEEPBEFORE_END,1516286201812,199
43,WS_SEND_START,1516286201812,199
43,WS_SEND_END,1516286201812,199
43,PLAYER_SLEEPBEFORE_START,1516286201812,200
43,PLAYER_SLEEPBEFORE_END,1516286205900,200
43,WS_SEND_START,1516286205900,200
43,WS_SEND_END,1516286205900,200
43,WS_RECV_START,1516286205900,201
43,WS_RECV_END,1516286206833,201
43,PLAYER_SLEEPBEFORE_START,1516286206833,202
43,PLAYER_SLEEPBEFORE_END,1516286206847,202
43,WS_SEND_START,1516286206847,202
43,WS_SEND_END,1516286206847,202
43,WS_RECV_START,1516286206847,203
43,WS_RECV_END,1516286210286,203
43,PLAYER_SLEEPBEFORE_START,1516286210286,204
43,PLAYER_SLEEPBEFORE_END,1516286229935,204
43,WS_SEND_START,1516286229935,204
43,WS_SEND_END,1516286229936,204
43,PLAYER_SLEEPBEFORE_START,1516286229936,205
43,PLAYER_SLEEPBEFORE_END,1516286233834,205
43,WS_SEND_START,1516286233834,205
43,WS_SEND_END,1516286233834,205
43,WS_RECV_START,1516286233834,206
43,WS_RECV_END,1516286234903,206
43,PLAYER_SLEEPBEFORE_START,1516286234903,207
43,PLAYER_SLEEPBEFORE_END,1516286251834,207
43,REQ_START,1516286251835,207
43,REQ_END,1516286251854,207
43,PLAYER_SLEEPBEFORE_START,1516286251854,208
43,PLAYER_SLEEPBEFORE_END,1516286258706,208
43,WS_CLOSE_START,1516286258706,208
43,WS_CLOSE_END,1516286258706,208
43,PLAYER_DONE,1516286258706
