# --sessions 540 --app-url=http://shinyloadtest.rstudioservices.com/cran_explorer --output-dir test540 --overwrite-output --log-level warn --start-interval 500 15min.log
thread_id,event,timestamp,input_line_number,comment
434,PLAYER_SESSION_CREATE,1516285277699
434,PLAYER_START_INTERVAL_START,1516285277699
434,PLAYER_START_INTERVAL_END,1516285494699
434,REQ_HOME_START,1516285494699,2
434,REQ_HOME_END,1516285494802,2
434,REQ_START,1516285494802,3
434,REQ_END,1516285494930,3
434,REQ_START,1516285494930,4
434,REQ_END,1516285495031,4
434,REQ_START,1516285495031,5
434,REQ_END,1516285495089,5
434,REQ_START,1516285495089,6
434,REQ_END,1516285495124,6
434,REQ_START,1516285495124,7
434,REQ_END,1516285495168,7
434,REQ_START,1516285495168,8
434,REQ_END,1516285495205,8
434,REQ_START,1516285495205,9
434,REQ_END,1516285495271,9
434,REQ_START,1516285495271,10
434,REQ_END,1516285495282,10
434,REQ_START,1516285495282,11
434,REQ_END,1516285495312,11
434,REQ_START,1516285495312,12
434,REQ_END,1516285495322,12
434,REQ_START,1516285495322,13
434,REQ_END,1516285495354,13
434,REQ_START,1516285495354,14
434,REQ_END,1516285495374,14
434,REQ_START,1516285495374,15
434,REQ_END,1516285495408,15
434,REQ_TOK_START,1516285495408,16
434,REQ_TOK_END,1516285495416,16
434,REQ_SINF_START,1516285495416,17
434,REQ_SINF_END,1516285495423,17
434,WS_OPEN_START,1516285495423,18
434,WS_OPEN_END,1516285495439,18
434,REQ_START,1516285495439,19
434,REQ_END,1516285495979,19
434,WS_RECV_START,1516285495979,20
434,WS_RECV_END,1516285495979,20
434,PLAYER_SLEEPBEFORE_START,1516285495979,21
434,PLAYER_SLEEPBEFORE_END,1516285495984,21
434,WS_SEND_START,1516285495984,21
434,WS_SEND_END,1516285495984,21
434,PLAYER_SLEEPBEFORE_START,1516285495984,22
434,PLAYER_SLEEPBEFORE_END,1516285495985,22
434,WS_SEND_START,1516285495985,22
434,WS_SEND_END,1516285495985,22
434,WS_RECV_INIT_START,1516285495985,23
434,WS_RECV_INIT_END,1516285496199,23
434,WS_RECV_START,1516285496199,24
434,WS_RECV_END,1516285496277,24
434,PLAYER_SLEEPBEFORE_START,1516285496277,25
434,PLAYER_SLEEPBEFORE_END,1516285496284,25
434,REQ_START,1516285496284,25
434,REQ_END,1516285496395,25
434,PLAYER_SLEEPBEFORE_START,1516285496395,26
434,PLAYER_SLEEPBEFORE_END,1516285496396,26
434,REQ_START,1516285496396,26
434,REQ_END,1516285496431,26
434,PLAYER_SLEEPBEFORE_START,1516285496431,27
434,PLAYER_SLEEPBEFORE_END,1516285496434,27
434,REQ_START,1516285496434,27
434,REQ_END,1516285496473,27
434,PLAYER_SLEEPBEFORE_START,1516285496473,28
434,PLAYER_SLEEPBEFORE_END,1516285496758,28
434,REQ_START,1516285496758,28
434,REQ_END,1516285496853,28
434,PLAYER_SLEEPBEFORE_START,1516285496853,29
434,PLAYER_SLEEPBEFORE_END,1516285497028,29
434,WS_SEND_START,1516285497028,29
434,WS_SEND_END,1516285497028,29
434,WS_RECV_START,1516285497028,30
434,WS_RECV_END,1516285497184,30
434,PLAYER_SLEEPBEFORE_START,1516285497184,31
434,PLAYER_SLEEPBEFORE_END,1516285497195,31
434,REQ_START,1516285497195,31
434,REQ_END,1516285497415,31
434,PLAYER_SLEEPBEFORE_START,1516285497415,32
434,PLAYER_SLEEPBEFORE_END,1516285525560,32
434,WS_SEND_START,1516285525560,32
434,WS_SEND_END,1516285525560,32
434,WS_RECV_START,1516285525560,33
434,WS_RECV_END,1516285525894,33
434,PLAYER_SLEEPBEFORE_START,1516285525894,34
434,PLAYER_SLEEPBEFORE_END,1516285551805,34
434,WS_SEND_START,1516285551805,34
434,WS_SEND_END,1516285551805,34
434,WS_RECV_START,1516285551805,35
434,WS_RECV_END,1516285552498,35
434,PLAYER_SLEEPBEFORE_START,1516285552498,36
434,PLAYER_SLEEPBEFORE_END,1516285552508,36
434,WS_SEND_START,1516285552508,36
434,WS_SEND_END,1516285552508,36
434,WS_RECV_START,1516285552508,37
434,WS_RECV_END,1516285553137,37
434,PLAYER_SLEEPBEFORE_START,1516285553137,38
434,PLAYER_SLEEPBEFORE_END,1516285556332,38
434,WS_SEND_START,1516285556332,38
434,WS_SEND_END,1516285556332,38
434,WS_RECV_START,1516285556332,39
434,WS_RECV_END,1516285557062,39
434,PLAYER_SLEEPBEFORE_START,1516285557062,40
434,PLAYER_SLEEPBEFORE_END,1516285557108,40
434,WS_SEND_START,1516285557109,40
434,WS_SEND_END,1516285557109,40
434,WS_RECV_START,1516285557109,41
434,WS_RECV_END,1516285557307,41
434,PLAYER_SLEEPBEFORE_START,1516285557307,42
434,PLAYER_SLEEPBEFORE_END,1516285575442,42
434,WS_SEND_START,1516285575442,42
434,WS_SEND_END,1516285575442,42
434,WS_RECV_START,1516285575442,43
434,WS_RECV_END,1516285575755,43
434,PLAYER_SLEEPBEFORE_START,1516285575755,44
434,PLAYER_SLEEPBEFORE_END,1516285575767,44
434,WS_SEND_START,1516285575767,44
434,WS_SEND_END,1516285575767,44
434,WS_RECV_START,1516285575767,45
434,WS_RECV_END,1516285576025,45
434,PLAYER_SLEEPBEFORE_START,1516285576025,46
434,PLAYER_SLEEPBEFORE_END,1516285577285,46
434,WS_SEND_START,1516285577285,46
434,WS_SEND_END,1516285577285,46
434,WS_RECV_START,1516285577285,47
434,WS_RECV_END,1516285577358,47
434,PLAYER_SLEEPBEFORE_START,1516285577358,48
434,PLAYER_SLEEPBEFORE_END,1516285578678,48
434,WS_SEND_START,1516285578678,48
434,WS_SEND_END,1516285578678,48
434,WS_RECV_START,1516285578678,49
434,WS_RECV_END,1516285578835,49
434,PLAYER_SLEEPBEFORE_START,1516285578835,50
434,PLAYER_SLEEPBEFORE_END,1516285578859,50
434,WS_SEND_START,1516285578859,50
434,WS_SEND_END,1516285578859,50
434,WS_RECV_START,1516285578859,51
434,WS_RECV_END,1516285579185,51
434,PLAYER_SLEEPBEFORE_START,1516285579185,52
434,PLAYER_SLEEPBEFORE_END,1516285601749,52
434,WS_SEND_START,1516285601750,52
434,WS_SEND_END,1516285601750,52
434,WS_RECV_START,1516285601750,53
434,WS_RECV_END,1516285602081,53
434,PLAYER_SLEEPBEFORE_START,1516285602081,54
434,PLAYER_SLEEPBEFORE_END,1516285623384,54
434,WS_SEND_START,1516285623384,54
434,WS_SEND_END,1516285623384,54
434,PLAYER_SLEEPBEFORE_START,1516285623384,55
434,PLAYER_SLEEPBEFORE_END,1516285625325,55
434,WS_SEND_START,1516285625325,55
434,WS_SEND_END,1516285625325,55
434,WS_RECV_START,1516285625325,56
434,WS_RECV_END,1516285626064,56
434,PLAYER_SLEEPBEFORE_START,1516285626064,57
434,PLAYER_SLEEPBEFORE_END,1516285648936,57
434,WS_SEND_START,1516285648936,57
434,WS_SEND_END,1516285648936,57
434,WS_RECV_START,1516285648936,58
434,WS_RECV_END,1516285649219,58
434,PLAYER_SLEEPBEFORE_START,1516285649219,59
434,PLAYER_SLEEPBEFORE_END,1516285651546,59
434,WS_SEND_START,1516285651546,59
434,WS_SEND_END,1516285651546,59
434,WS_RECV_START,1516285651546,60
434,WS_RECV_END,1516285651670,60
434,PLAYER_SLEEPBEFORE_START,1516285651670,61
434,PLAYER_SLEEPBEFORE_END,1516285655262,61
434,WS_SEND_START,1516285655262,61
434,WS_SEND_END,1516285655262,61
434,WS_RECV_START,1516285655262,62
434,WS_RECV_END,1516285655463,62
434,PLAYER_SLEEPBEFORE_START,1516285655463,63
434,PLAYER_SLEEPBEFORE_END,1516285674725,63
434,WS_SEND_START,1516285674725,63
434,WS_SEND_END,1516285674725,63
434,WS_RECV_START,1516285674725,64
434,WS_RECV_END,1516285674790,64
434,PLAYER_SLEEPBEFORE_START,1516285674790,65
434,PLAYER_SLEEPBEFORE_END,1516285701607,65
434,WS_SEND_START,1516285701607,65
434,WS_SEND_END,1516285701607,65
434,WS_RECV_START,1516285701607,66
434,WS_RECV_END,1516285702039,66
434,PLAYER_SLEEPBEFORE_START,1516285702039,67
434,PLAYER_SLEEPBEFORE_END,1516285703546,67
434,WS_SEND_START,1516285703546,67
434,WS_SEND_END,1516285703546,67
434,WS_RECV_START,1516285703546,68
434,WS_RECV_END,1516285704097,68
434,PLAYER_SLEEPBEFORE_START,1516285704097,69
434,PLAYER_SLEEPBEFORE_END,1516285726095,69
434,WS_SEND_START,1516285726095,69
434,WS_SEND_END,1516285726095,69
434,WS_RECV_START,1516285726095,70
434,WS_RECV_END,1516285726249,70
434,PLAYER_SLEEPBEFORE_START,1516285726249,71
434,PLAYER_SLEEPBEFORE_END,1516285751025,71
434,WS_SEND_START,1516285751025,71
434,WS_SEND_END,1516285751025,71
434,PLAYER_SLEEPBEFORE_START,1516285751025,72
434,PLAYER_SLEEPBEFORE_END,1516285753632,72
434,WS_SEND_START,1516285753632,72
434,WS_SEND_END,1516285753632,72
434,WS_RECV_START,1516285753632,73
434,WS_RECV_END,1516285753981,73
434,PLAYER_SLEEPBEFORE_START,1516285753981,74
434,PLAYER_SLEEPBEFORE_END,1516285753991,74
434,WS_SEND_START,1516285753991,74
434,WS_SEND_END,1516285753991,74
434,WS_RECV_START,1516285753991,75
434,WS_RECV_END,1516285754482,75
434,PLAYER_SLEEPBEFORE_START,1516285754483,76
434,PLAYER_SLEEPBEFORE_END,1516285755989,76
434,WS_SEND_START,1516285755989,76
434,WS_SEND_END,1516285755989,76
434,WS_RECV_START,1516285755989,77
434,WS_RECV_END,1516285756805,77
434,PLAYER_SLEEPBEFORE_START,1516285756805,78
434,PLAYER_SLEEPBEFORE_END,1516285757673,78
434,WS_SEND_START,1516285757673,78
434,WS_SEND_END,1516285757673,78
434,WS_RECV_START,1516285757673,79
434,WS_RECV_END,1516285757898,79
434,PLAYER_SLEEPBEFORE_START,1516285757898,80
434,PLAYER_SLEEPBEFORE_END,1516285765564,80
434,WS_SEND_START,1516285765564,80
434,WS_SEND_END,1516285765564,80
434,WS_RECV_START,1516285765564,81
434,WS_RECV_END,1516285767312,81
434,PLAYER_SLEEPBEFORE_START,1516285767312,82
434,PLAYER_SLEEPBEFORE_END,1516285768414,82
434,WS_SEND_START,1516285768414,82
434,WS_SEND_END,1516285768414,82
434,WS_RECV_START,1516285768414,83
434,WS_RECV_END,1516285770193,83
434,PLAYER_SLEEPBEFORE_START,1516285770193,84
434,PLAYER_SLEEPBEFORE_END,1516285771140,84
434,WS_SEND_START,1516285771140,84
434,WS_SEND_END,1516285771140,84
434,WS_RECV_START,1516285771140,85
434,WS_RECV_END,1516285772172,85
434,PLAYER_SLEEPBEFORE_START,1516285772172,86
434,PLAYER_SLEEPBEFORE_END,1516285776344,86
434,WS_SEND_START,1516285776344,86
434,WS_SEND_END,1516285776344,86
434,WS_RECV_START,1516285776344,87
434,WS_RECV_END,1516285777679,87
434,PLAYER_SLEEPBEFORE_START,1516285777679,88
434,PLAYER_SLEEPBEFORE_END,1516285777687,88
434,WS_SEND_START,1516285777687,88
434,WS_SEND_END,1516285777687,88
434,WS_RECV_START,1516285777687,89
434,WS_RECV_END,1516285778538,89
434,PLAYER_SLEEPBEFORE_START,1516285778538,90
434,PLAYER_SLEEPBEFORE_END,1516285805735,90
434,REQ_START,1516285805735,90
434,REQ_END,1516285805745,90
434,PLAYER_SLEEPBEFORE_START,1516285805745,91
434,PLAYER_SLEEPBEFORE_END,1516285813634,91
434,WS_SEND_START,1516285813634,91
434,WS_SEND_END,1516285813634,91
434,WS_RECV_START,1516285813634,92
434,WS_RECV_END,1516285815179,92
434,PLAYER_SLEEPBEFORE_START,1516285815179,93
434,PLAYER_SLEEPBEFORE_END,1516285815194,93
434,WS_SEND_START,1516285815194,93
434,WS_SEND_END,1516285815194,93
434,WS_RECV_START,1516285815194,94
434,WS_RECV_END,1516285815711,94
434,PLAYER_SLEEPBEFORE_START,1516285815711,95
434,PLAYER_SLEEPBEFORE_END,1516285839267,95
434,WS_SEND_START,1516285839267,95
434,WS_SEND_END,1516285839267,95
434,WS_RECV_START,1516285839267,96
434,WS_RECV_END,1516285840576,96
434,PLAYER_SLEEPBEFORE_START,1516285840576,97
434,PLAYER_SLEEPBEFORE_END,1516285863017,97
434,WS_SEND_START,1516285863017,97
434,WS_SEND_END,1516285863017,97
434,WS_RECV_START,1516285863017,98
434,WS_RECV_END,1516285863467,98
434,PLAYER_SLEEPBEFORE_START,1516285863467,99
434,PLAYER_SLEEPBEFORE_END,1516285863488,99
434,WS_SEND_START,1516285863488,99
434,WS_SEND_END,1516285863488,99
434,WS_RECV_START,1516285863488,100
434,WS_RECV_END,1516285863896,100
434,PLAYER_SLEEPBEFORE_START,1516285863896,101
434,PLAYER_SLEEPBEFORE_END,1516285887455,101
434,WS_SEND_START,1516285887455,101
434,WS_SEND_END,1516285887455,101
434,WS_RECV_START,1516285887455,102
434,WS_RECV_END,1516285888805,102
434,PLAYER_SLEEPBEFORE_START,1516285888805,103
434,PLAYER_SLEEPBEFORE_END,1516285912430,103
434,WS_SEND_START,1516285912430,103
434,WS_SEND_END,1516285912431,103
434,WS_RECV_START,1516285912431,104
434,WS_RECV_END,1516285913966,104
434,PLAYER_SLEEPBEFORE_START,1516285913966,105
434,PLAYER_SLEEPBEFORE_END,1516285939343,105
434,WS_SEND_START,1516285939343,105
434,WS_SEND_END,1516285939343,105
434,WS_RECV_START,1516285939343,106
434,WS_RECV_END,1516285940248,106
434,PLAYER_SLEEPBEFORE_START,1516285940248,107
434,PLAYER_SLEEPBEFORE_END,1516285963671,107
434,WS_SEND_START,1516285963671,107
434,WS_SEND_END,1516285963671,107
434,WS_RECV_START,1516285963671,108
434,WS_RECV_END,1516285964826,108
434,PLAYER_SLEEPBEFORE_START,1516285964826,109
434,PLAYER_SLEEPBEFORE_END,1516285964835,109
434,WS_SEND_START,1516285964835,109
434,WS_SEND_END,1516285964835,109
434,WS_RECV_START,1516285964835,110
434,WS_RECV_END,1516285965923,110
434,PLAYER_SLEEPBEFORE_START,1516285965923,111
434,PLAYER_SLEEPBEFORE_END,1516285966882,111
434,WS_SEND_START,1516285966882,111
434,WS_SEND_END,1516285966882,111
434,WS_RECV_START,1516285966882,112
434,WS_RECV_END,1516285967457,112
434,PLAYER_SLEEPBEFORE_START,1516285967457,113
434,PLAYER_SLEEPBEFORE_END,1516285968019,113
434,WS_SEND_START,1516285968019,113
434,WS_SEND_END,1516285968019,113
434,WS_RECV_START,1516285968019,114
434,WS_RECV_END,1516285968568,114
434,PLAYER_SLEEPBEFORE_START,1516285968568,115
434,PLAYER_SLEEPBEFORE_END,1516285968577,115
434,WS_SEND_START,1516285968577,115
434,WS_SEND_END,1516285968577,115
434,WS_RECV_START,1516285968577,116
434,WS_RECV_END,1516285970139,116
434,PLAYER_SLEEPBEFORE_START,1516285970139,117
434,PLAYER_SLEEPBEFORE_END,1516285990499,117
434,WS_SEND_START,1516285990499,117
434,WS_SEND_END,1516285990499,117
434,PLAYER_SLEEPBEFORE_START,1516285990499,118
434,PLAYER_SLEEPBEFORE_END,1516285994251,118
434,WS_SEND_START,1516285994251,118
434,WS_SEND_END,1516285994251,118
434,WS_RECV_START,1516285994251,119
434,WS_RECV_END,1516285995991,119
434,PLAYER_SLEEPBEFORE_START,1516285995991,120
434,PLAYER_SLEEPBEFORE_END,1516285996979,120
434,WS_SEND_START,1516285996979,120
434,WS_SEND_END,1516285996979,120
434,WS_RECV_START,1516285996979,121
434,WS_RECV_END,1516285998913,121
434,PLAYER_SLEEPBEFORE_START,1516285998913,122
434,PLAYER_SLEEPBEFORE_END,1516286000098,122
434,WS_SEND_START,1516286000098,122
434,WS_SEND_END,1516286000098,122
434,WS_RECV_START,1516286000098,123
434,WS_RECV_END,1516286002688,123
434,PLAYER_SLEEPBEFORE_START,1516286002688,124
434,PLAYER_SLEEPBEFORE_END,1516286027093,124
434,WS_SEND_START,1516286027093,124
434,WS_SEND_END,1516286027093,124
434,WS_RECV_START,1516286027093,125
434,WS_RECV_END,1516286029421,125
434,PLAYER_SLEEPBEFORE_START,1516286029421,126
434,PLAYER_SLEEPBEFORE_END,1516286049933,126
434,WS_SEND_START,1516286049933,126
434,WS_SEND_END,1516286049933,126
434,PLAYER_SLEEPBEFORE_START,1516286049933,127
434,PLAYER_SLEEPBEFORE_END,1516286052988,127
434,WS_SEND_START,1516286052988,127
434,WS_SEND_END,1516286052988,127
434,WS_RECV_START,1516286052988,128
434,WS_RECV_END,1516286053563,128
434,PLAYER_SLEEPBEFORE_START,1516286053563,129
434,PLAYER_SLEEPBEFORE_END,1516286053583,129
434,WS_SEND_START,1516286053583,129
434,WS_SEND_END,1516286053583,129
434,WS_RECV_START,1516286053583,130
434,WS_RECV_END,1516286053950,130
434,PLAYER_SLEEPBEFORE_START,1516286053950,131
434,PLAYER_SLEEPBEFORE_END,1516286075574,131
434,WS_SEND_START,1516286075574,131
434,WS_SEND_END,1516286075574,131
434,PLAYER_SLEEPBEFORE_START,1516286075574,132
434,PLAYER_SLEEPBEFORE_END,1516286078654,132
434,WS_SEND_START,1516286078654,132
434,WS_SEND_END,1516286078654,132
434,WS_RECV_START,1516286078654,133
434,WS_RECV_END,1516286079847,133
434,PLAYER_SLEEPBEFORE_START,1516286079847,134
434,PLAYER_SLEEPBEFORE_END,1516286101065,134
434,WS_SEND_START,1516286101065,134
434,WS_SEND_END,1516286101065,134
434,PLAYER_SLEEPBEFORE_START,1516286101065,135
434,PLAYER_SLEEPBEFORE_END,1516286104255,135
434,WS_SEND_START,1516286104255,135
434,WS_SEND_END,1516286104255,135
434,WS_RECV_START,1516286104255,136
434,WS_RECV_END,1516286105907,136
434,PLAYER_SLEEPBEFORE_START,1516286105907,137
434,PLAYER_SLEEPBEFORE_END,1516286105914,137
434,WS_SEND_START,1516286105914,137
434,WS_SEND_END,1516286105914,137
434,WS_RECV_START,1516286105914,138
434,WS_RECV_END,1516286106666,138
434,PLAYER_SLEEPBEFORE_START,1516286106666,139
434,PLAYER_SLEEPBEFORE_END,1516286107356,139
434,WS_SEND_START,1516286107356,139
434,WS_SEND_END,1516286107356,139
434,WS_RECV_START,1516286107357,140
434,WS_RECV_END,1516286107563,140
434,PLAYER_SLEEPBEFORE_START,1516286107563,141
434,PLAYER_SLEEPBEFORE_END,1516286108218,141
434,WS_SEND_START,1516286108218,141
434,WS_SEND_END,1516286108218,141
434,WS_RECV_START,1516286108218,142
434,WS_RECV_END,1516286109127,142
434,PLAYER_SLEEPBEFORE_START,1516286109128,143
434,PLAYER_SLEEPBEFORE_END,1516286109185,143
434,WS_SEND_START,1516286109185,143
434,WS_SEND_END,1516286109185,143
434,WS_RECV_START,1516286109185,144
434,WS_RECV_END,1516286109843,144
434,PLAYER_SLEEPBEFORE_START,1516286109843,145
434,PLAYER_SLEEPBEFORE_END,1516286125905,145
434,REQ_START,1516286125905,145
434,REQ_END,1516286125914,145
434,PLAYER_SLEEPBEFORE_START,1516286125914,146
434,PLAYER_SLEEPBEFORE_END,1516286134791,146
434,WS_SEND_START,1516286134791,146
434,WS_SEND_END,1516286134791,146
434,WS_RECV_START,1516286134791,147
434,WS_RECV_END,1516286137466,147
434,PLAYER_SLEEPBEFORE_START,1516286137466,148
434,PLAYER_SLEEPBEFORE_END,1516286159389,148
434,WS_SEND_START,1516286159389,148
434,WS_SEND_END,1516286159389,148
434,PLAYER_SLEEPBEFORE_START,1516286159389,149
434,PLAYER_SLEEPBEFORE_END,1516286161817,149
434,WS_SEND_START,1516286161817,149
434,WS_SEND_END,1516286161817,149
434,WS_RECV_START,1516286161817,150
434,WS_RECV_END,1516286163949,150
434,PLAYER_SLEEPBEFORE_START,1516286163949,151
434,PLAYER_SLEEPBEFORE_END,1516286164159,151
434,WS_SEND_START,1516286164159,151
434,WS_SEND_END,1516286164159,151
434,WS_RECV_START,1516286164159,152
434,WS_RECV_END,1516286166854,152
434,PLAYER_SLEEPBEFORE_START,1516286166854,153
434,PLAYER_SLEEPBEFORE_END,1516286190781,153
434,WS_SEND_START,1516286190781,153
434,WS_SEND_END,1516286190781,153
434,WS_RECV_START,1516286190781,154
434,WS_RECV_END,1516286197015,154
434,PLAYER_SLEEPBEFORE_START,1516286197015,155
434,PLAYER_SLEEPBEFORE_END,1516286219573,155
434,WS_SEND_START,1516286219573,155
434,WS_SEND_END,1516286219573,155
434,PLAYER_SLEEPBEFORE_START,1516286219573,156
434,PLAYER_SLEEPBEFORE_END,1516286222847,156
434,WS_SEND_START,1516286222847,156
434,WS_SEND_END,1516286222847,156
434,WS_RECV_START,1516286222847,157
434,WS_RECV_END,1516286225372,157
434,PLAYER_SLEEPBEFORE_START,1516286225372,158
434,PLAYER_SLEEPBEFORE_END,1516286225382,158
434,WS_SEND_START,1516286225382,158
434,WS_SEND_END,1516286225382,158
434,WS_RECV_START,1516286225382,159
434,WS_RECV_END,1516286227975,159
434,PLAYER_SLEEPBEFORE_START,1516286227975,160
434,PLAYER_SLEEPBEFORE_END,1516286228150,160
434,WS_SEND_START,1516286228150,160
434,WS_SEND_END,1516286228150,160
434,WS_RECV_START,1516286228150,161
434,WS_RECV_END,1516286232194,161
434,PLAYER_SLEEPBEFORE_START,1516286232194,162
434,PLAYER_SLEEPBEFORE_END,1516286232219,162
434,WS_SEND_START,1516286232219,162
434,WS_SEND_END,1516286232219,162
434,WS_RECV_START,1516286232219,163
434,WS_RECV_END,1516286236289,163
434,PLAYER_SLEEPBEFORE_START,1516286236289,164
434,PLAYER_SLEEPBEFORE_END,1516286257101,164
434,WS_SEND_START,1516286257101,164
434,WS_SEND_END,1516286257101,164
434,WS_RECV_START,1516286257101,165
434,WS_RECV_END,1516286265351,165
434,PLAYER_SLEEPBEFORE_START,1516286265351,166
434,PLAYER_SLEEPBEFORE_END,1516286287807,166
434,WS_SEND_START,1516286287807,166
434,WS_SEND_END,1516286287807,166
434,WS_RECV_START,1516286287807,167
434,WS_RECV_END,1516286291168,167
434,PLAYER_SLEEPBEFORE_START,1516286291168,168
434,PLAYER_SLEEPBEFORE_END,1516286318526,168
434,WS_SEND_START,1516286318526,168
434,WS_SEND_END,1516286318526,168
434,WS_RECV_START,1516286318526,169
434,WS_RECV_END,1516286322257,169
434,PLAYER_SLEEPBEFORE_START,1516286322257,170
434,PLAYER_SLEEPBEFORE_END,1516286322266,170
434,WS_SEND_START,1516286322266,170
434,WS_SEND_END,1516286322266,170
434,WS_RECV_START,1516286322266,171
434,WS_RECV_END,1516286322995,171
434,PLAYER_SLEEPBEFORE_START,1516286322995,172
434,PLAYER_SLEEPBEFORE_END,1516286323364,172
434,WS_SEND_START,1516286323364,172
434,WS_SEND_END,1516286323364,172
434,WS_RECV_START,1516286323364,173
434,WS_RECV_END,1516286325133,173
434,PLAYER_SLEEPBEFORE_START,1516286325133,174
434,PLAYER_SLEEPBEFORE_END,1516286325174,174
434,WS_SEND_START,1516286325174,174
434,WS_SEND_END,1516286325174,174
434,WS_RECV_START,1516286325174,175
434,WS_RECV_END,1516286327354,175
434,PLAYER_SLEEPBEFORE_START,1516286327354,176
434,PLAYER_SLEEPBEFORE_END,1516286349115,176
434,WS_SEND_START,1516286349115,176
434,WS_SEND_END,1516286349115,176
434,PLAYER_SLEEPBEFORE_START,1516286349115,177
434,PLAYER_SLEEPBEFORE_END,1516286351633,177
434,WS_SEND_START,1516286351633,177
434,WS_SEND_END,1516286351633,177
434,WS_RECV_START,1516286351633,178
434,WS_RECV_END,1516286352498,178
434,PLAYER_SLEEPBEFORE_START,1516286352498,179
434,PLAYER_SLEEPBEFORE_END,1516286374838,179
434,WS_SEND_START,1516286374838,179
434,WS_SEND_END,1516286374838,179
434,WS_RECV_START,1516286374838,180
434,WS_RECV_END,1516286375035,180
434,PLAYER_SLEEPBEFORE_START,1516286375035,181
434,PLAYER_SLEEPBEFORE_END,1516286375482,181
434,WS_SEND_START,1516286375482,181
434,WS_SEND_END,1516286375482,181
434,WS_RECV_START,1516286375482,182
434,WS_RECV_END,1516286375660,182
434,PLAYER_SLEEPBEFORE_START,1516286375660,183
434,PLAYER_SLEEPBEFORE_END,1516286376184,183
434,WS_SEND_START,1516286376184,183
434,WS_SEND_END,1516286376184,183
434,WS_RECV_START,1516286376184,184
434,WS_RECV_END,1516286376318,184
434,PLAYER_SLEEPBEFORE_START,1516286376318,185
434,PLAYER_SLEEPBEFORE_END,1516286376586,185
434,WS_SEND_START,1516286376586,185
434,WS_SEND_END,1516286376586,185
434,WS_RECV_START,1516286376586,186
434,WS_RECV_END,1516286376803,186
434,PLAYER_SLEEPBEFORE_START,1516286376803,187
434,PLAYER_SLEEPBEFORE_END,1516286399303,187
434,WS_SEND_START,1516286399304,187
434,WS_SEND_END,1516286399304,187
434,WS_RECV_START,1516286399304,188
434,WS_RECV_END,1516286399624,188
434,PLAYER_SLEEPBEFORE_START,1516286399624,189
434,PLAYER_SLEEPBEFORE_END,1516286405863,189
434,WS_SEND_START,1516286405863,189
434,WS_SEND_END,1516286405863,189
434,WS_RECV_START,1516286405863,190
434,WS_RECV_END,1516286406495,190
434,PLAYER_SLEEPBEFORE_START,1516286406495,191
434,PLAYER_SLEEPBEFORE_END,1516286408410,191
434,WS_SEND_START,1516286408410,191
434,WS_SEND_END,1516286408410,191
434,WS_RECV_START,1516286408410,192
434,WS_RECV_END,1516286408522,192
434,PLAYER_SLEEPBEFORE_START,1516286408522,193
434,PLAYER_SLEEPBEFORE_END,1516286408650,193
434,WS_SEND_START,1516286408650,193
434,WS_SEND_END,1516286408650,193
434,WS_RECV_START,1516286408650,194
434,WS_RECV_END,1516286408800,194
434,PLAYER_SLEEPBEFORE_START,1516286408800,195
434,PLAYER_SLEEPBEFORE_END,1516286410555,195
434,WS_SEND_START,1516286410555,195
434,WS_SEND_END,1516286410555,195
434,WS_RECV_START,1516286410555,196
434,WS_RECV_END,1516286410679,196
434,PLAYER_SLEEPBEFORE_START,1516286410679,197
434,PLAYER_SLEEPBEFORE_END,1516286412483,197
434,WS_SEND_START,1516286412483,197
434,WS_SEND_END,1516286412483,197
434,WS_RECV_START,1516286412483,198
434,WS_RECV_END,1516286412713,198
434,PLAYER_SLEEPBEFORE_START,1516286412713,199
434,PLAYER_SLEEPBEFORE_END,1516286424567,199
434,WS_SEND_START,1516286424567,199
434,WS_SEND_END,1516286424568,199
434,PLAYER_SLEEPBEFORE_START,1516286424568,200
434,PLAYER_SLEEPBEFORE_END,1516286428656,200
434,WS_SEND_START,1516286428656,200
434,WS_SEND_END,1516286428656,200
434,WS_RECV_START,1516286428656,201
434,WS_RECV_END,1516286428799,201
434,PLAYER_SLEEPBEFORE_START,1516286428799,202
434,PLAYER_SLEEPBEFORE_END,1516286428813,202
434,WS_SEND_START,1516286428813,202
434,WS_SEND_END,1516286428813,202
434,WS_RECV_START,1516286428813,203
434,WS_RECV_END,1516286429031,203
434,PLAYER_SLEEPBEFORE_START,1516286429031,204
434,PLAYER_SLEEPBEFORE_END,1516286448680,204
434,WS_SEND_START,1516286448680,204
434,WS_SEND_END,1516286448680,204
434,PLAYER_SLEEPBEFORE_START,1516286448680,205
434,PLAYER_SLEEPBEFORE_END,1516286452578,205
434,WS_SEND_START,1516286452579,205
434,WS_SEND_END,1516286452579,205
434,WS_RECV_START,1516286452579,206
434,WS_RECV_END,1516286452692,206
434,PLAYER_SLEEPBEFORE_START,1516286452692,207
434,PLAYER_SLEEPBEFORE_END,1516286469623,207
434,REQ_START,1516286469623,207
434,REQ_END,1516286469631,207
434,PLAYER_SLEEPBEFORE_START,1516286469631,208
434,PLAYER_SLEEPBEFORE_END,1516286476483,208
434,WS_CLOSE_START,1516286476483,208
434,WS_CLOSE_END,1516286476483,208
434,PLAYER_DONE,1516286476483
