# --sessions 540 --app-url=http://shinyloadtest.rstudioservices.com/cran_explorer --output-dir test540 --overwrite-output --log-level warn --start-interval 500 15min.log
thread_id,event,timestamp,input_line_number,comment
458,PLAYER_SESSION_CREATE,1516285277704
458,PLAYER_START_INTERVAL_START,1516285277704
458,PLAYER_START_INTERVAL_END,1516285506705
458,REQ_HOME_START,1516285506705,2
458,REQ_HOME_END,1516285506954,2
458,REQ_START,1516285506954,3
458,REQ_END,1516285507000,3
458,REQ_START,1516285507000,4
458,REQ_END,1516285507033,4
458,REQ_START,1516285507033,5
458,REQ_END,1516285507075,5
458,REQ_START,1516285507075,6
458,REQ_END,1516285507109,6
458,REQ_START,1516285507109,7
458,REQ_END,1516285507143,7
458,REQ_START,1516285507143,8
458,REQ_END,1516285507181,8
458,REQ_START,1516285507181,9
458,REQ_END,1516285507353,9
458,REQ_START,1516285507353,10
458,REQ_END,1516285507361,10
458,REQ_START,1516285507361,11
458,REQ_END,1516285507394,11
458,REQ_START,1516285507394,12
458,REQ_END,1516285507405,12
458,REQ_START,1516285507405,13
458,REQ_END,1516285507438,13
458,REQ_START,1516285507438,14
458,REQ_END,1516285507455,14
458,REQ_START,1516285507455,15
458,REQ_END,1516285507489,15
458,REQ_TOK_START,1516285507489,16
458,REQ_TOK_END,1516285507498,16
458,REQ_SINF_START,1516285507498,17
458,REQ_SINF_END,1516285507505,17
458,WS_OPEN_START,1516285507505,18
458,WS_OPEN_END,1516285507512,18
458,REQ_START,1516285507512,19
458,REQ_END,1516285507542,19
458,WS_RECV_START,1516285507542,20
458,WS_RECV_END,1516285507542,20
458,PLAYER_SLEEPBEFORE_START,1516285507542,21
458,PLAYER_SLEEPBEFORE_END,1516285507547,21
458,WS_SEND_START,1516285507547,21
458,WS_SEND_END,1516285507548,21
458,PLAYER_SLEEPBEFORE_START,1516285507548,22
458,PLAYER_SLEEPBEFORE_END,1516285507549,22
458,WS_SEND_START,1516285507549,22
458,WS_SEND_END,1516285507549,22
458,WS_RECV_INIT_START,1516285507549,23
458,WS_RECV_INIT_END,1516285507900,23
458,WS_RECV_START,1516285507900,24
458,WS_RECV_END,1516285507955,24
458,PLAYER_SLEEPBEFORE_START,1516285507955,25
458,PLAYER_SLEEPBEFORE_END,1516285507963,25
458,REQ_START,1516285507963,25
458,REQ_END,1516285508004,25
458,PLAYER_SLEEPBEFORE_START,1516285508004,26
458,PLAYER_SLEEPBEFORE_END,1516285508005,26
458,REQ_START,1516285508005,26
458,REQ_END,1516285508038,26
458,PLAYER_SLEEPBEFORE_START,1516285508038,27
458,PLAYER_SLEEPBEFORE_END,1516285508041,27
458,REQ_START,1516285508041,27
458,REQ_END,1516285508171,27
458,PLAYER_SLEEPBEFORE_START,1516285508171,28
458,PLAYER_SLEEPBEFORE_END,1516285508456,28
458,REQ_START,1516285508456,28
458,REQ_END,1516285508631,28
458,PLAYER_SLEEPBEFORE_START,1516285508631,29
458,PLAYER_SLEEPBEFORE_END,1516285508807,29
458,WS_SEND_START,1516285508807,29
458,WS_SEND_END,1516285508807,29
458,WS_RECV_START,1516285508807,30
458,WS_RECV_END,1516285509023,30
458,PLAYER_SLEEPBEFORE_START,1516285509023,31
458,PLAYER_SLEEPBEFORE_END,1516285509034,31
458,REQ_START,1516285509034,31
458,REQ_END,1516285509686,31
458,PLAYER_SLEEPBEFORE_START,1516285509686,32
458,PLAYER_SLEEPBEFORE_END,1516285537831,32
458,WS_SEND_START,1516285537831,32
458,WS_SEND_END,1516285537831,32
458,WS_RECV_START,1516285537831,33
458,WS_RECV_END,1516285538398,33
458,PLAYER_SLEEPBEFORE_START,1516285538398,34
458,PLAYER_SLEEPBEFORE_END,1516285564309,34
458,WS_SEND_START,1516285564309,34
458,WS_SEND_END,1516285564309,34
458,WS_RECV_START,1516285564309,35
458,WS_RECV_END,1516285564570,35
458,PLAYER_SLEEPBEFORE_START,1516285564570,36
458,PLAYER_SLEEPBEFORE_END,1516285564579,36
458,WS_SEND_START,1516285564579,36
458,WS_SEND_END,1516285564579,36
458,WS_RECV_START,1516285564579,37
458,WS_RECV_END,1516285564693,37
458,PLAYER_SLEEPBEFORE_START,1516285564693,38
458,PLAYER_SLEEPBEFORE_END,1516285567888,38
458,WS_SEND_START,1516285567888,38
458,WS_SEND_END,1516285567888,38
458,WS_RECV_START,1516285567888,39
458,WS_RECV_END,1516285568164,39
458,PLAYER_SLEEPBEFORE_START,1516285568164,40
458,PLAYER_SLEEPBEFORE_END,1516285568210,40
458,WS_SEND_START,1516285568210,40
458,WS_SEND_END,1516285568210,40
458,WS_RECV_START,1516285568210,41
458,WS_RECV_END,1516285568443,41
458,PLAYER_SLEEPBEFORE_START,1516285568443,42
458,PLAYER_SLEEPBEFORE_END,1516285586578,42
458,WS_SEND_START,1516285586578,42
458,WS_SEND_END,1516285586578,42
458,WS_RECV_START,1516285586578,43
458,WS_RECV_END,1516285586691,43
458,PLAYER_SLEEPBEFORE_START,1516285586691,44
458,PLAYER_SLEEPBEFORE_END,1516285586703,44
458,WS_SEND_START,1516285586703,44
458,WS_SEND_END,1516285586703,44
458,WS_RECV_START,1516285586703,45
458,WS_RECV_END,1516285586853,45
458,PLAYER_SLEEPBEFORE_START,1516285586853,46
458,PLAYER_SLEEPBEFORE_END,1516285588113,46
458,WS_SEND_START,1516285588113,46
458,WS_SEND_END,1516285588113,46
458,WS_RECV_START,1516285588113,47
458,WS_RECV_END,1516285588678,47
458,PLAYER_SLEEPBEFORE_START,1516285588678,48
458,PLAYER_SLEEPBEFORE_END,1516285589998,48
458,WS_SEND_START,1516285589998,48
458,WS_SEND_END,1516285589998,48
458,WS_RECV_START,1516285589998,49
458,WS_RECV_END,1516285590436,49
458,PLAYER_SLEEPBEFORE_START,1516285590436,50
458,PLAYER_SLEEPBEFORE_END,1516285590461,50
458,WS_SEND_START,1516285590461,50
458,WS_SEND_END,1516285590461,50
458,WS_RECV_START,1516285590461,51
458,WS_RECV_END,1516285590721,51
458,PLAYER_SLEEPBEFORE_START,1516285590721,52
458,PLAYER_SLEEPBEFORE_END,1516285613285,52
458,WS_SEND_START,1516285613285,52
458,WS_SEND_END,1516285613285,52
458,WS_RECV_START,1516285613285,53
458,WS_RECV_END,1516285613713,53
458,PLAYER_SLEEPBEFORE_START,1516285613713,54
458,PLAYER_SLEEPBEFORE_END,1516285635016,54
458,WS_SEND_START,1516285635016,54
458,WS_SEND_END,1516285635016,54
458,PLAYER_SLEEPBEFORE_START,1516285635016,55
458,PLAYER_SLEEPBEFORE_END,1516285636958,55
458,WS_SEND_START,1516285636958,55
458,WS_SEND_END,1516285636958,55
458,WS_RECV_START,1516285636958,56
458,WS_RECV_END,1516285637040,56
458,PLAYER_SLEEPBEFORE_START,1516285637040,57
458,PLAYER_SLEEPBEFORE_END,1516285659912,57
458,WS_SEND_START,1516285659912,57
458,WS_SEND_END,1516285659912,57
458,WS_RECV_START,1516285659912,58
458,WS_RECV_END,1516285660160,58
458,PLAYER_SLEEPBEFORE_START,1516285660160,59
458,PLAYER_SLEEPBEFORE_END,1516285662488,59
458,WS_SEND_START,1516285662488,59
458,WS_SEND_END,1516285662488,59
458,WS_RECV_START,1516285662488,60
458,WS_RECV_END,1516285663321,60
458,PLAYER_SLEEPBEFORE_START,1516285663321,61
458,PLAYER_SLEEPBEFORE_END,1516285666912,61
458,WS_SEND_START,1516285666912,61
458,WS_SEND_END,1516285666912,61
458,WS_RECV_START,1516285666912,62
458,WS_RECV_END,1516285667252,62
458,PLAYER_SLEEPBEFORE_START,1516285667252,63
458,PLAYER_SLEEPBEFORE_END,1516285686515,63
458,WS_SEND_START,1516285686515,63
458,WS_SEND_END,1516285686515,63
458,WS_RECV_START,1516285686515,64
458,WS_RECV_END,1516285686589,64
458,PLAYER_SLEEPBEFORE_START,1516285686589,65
458,PLAYER_SLEEPBEFORE_END,1516285713406,65
458,WS_SEND_START,1516285713406,65
458,WS_SEND_END,1516285713406,65
458,WS_RECV_START,1516285713406,66
458,WS_RECV_END,1516285714132,66
458,PLAYER_SLEEPBEFORE_START,1516285714132,67
458,PLAYER_SLEEPBEFORE_END,1516285715639,67
458,WS_SEND_START,1516285715639,67
458,WS_SEND_END,1516285715639,67
458,WS_RECV_START,1516285715639,68
458,WS_RECV_END,1516285716329,68
458,PLAYER_SLEEPBEFORE_START,1516285716329,69
458,PLAYER_SLEEPBEFORE_END,1516285738327,69
458,WS_SEND_START,1516285738327,69
458,WS_SEND_END,1516285738327,69
458,WS_RECV_START,1516285738327,70
458,WS_RECV_END,1516285738609,70
458,PLAYER_SLEEPBEFORE_START,1516285738610,71
458,PLAYER_SLEEPBEFORE_END,1516285763385,71
458,WS_SEND_START,1516285763385,71
458,WS_SEND_END,1516285763385,71
458,PLAYER_SLEEPBEFORE_START,1516285763385,72
458,PLAYER_SLEEPBEFORE_END,1516285765992,72
458,WS_SEND_START,1516285765992,72
458,WS_SEND_END,1516285765992,72
458,WS_RECV_START,1516285765992,73
458,WS_RECV_END,1516285767536,73
458,PLAYER_SLEEPBEFORE_START,1516285767536,74
458,PLAYER_SLEEPBEFORE_END,1516285767545,74
458,WS_SEND_START,1516285767545,74
458,WS_SEND_END,1516285767545,74
458,WS_RECV_START,1516285767545,75
458,WS_RECV_END,1516285768397,75
458,PLAYER_SLEEPBEFORE_START,1516285768397,76
458,PLAYER_SLEEPBEFORE_END,1516285769903,76
458,WS_SEND_START,1516285769903,76
458,WS_SEND_END,1516285769903,76
458,WS_RECV_START,1516285769903,77
458,WS_RECV_END,1516285770887,77
458,PLAYER_SLEEPBEFORE_START,1516285770887,78
458,PLAYER_SLEEPBEFORE_END,1516285771755,78
458,WS_SEND_START,1516285771755,78
458,WS_SEND_END,1516285771755,78
458,WS_RECV_START,1516285771755,79
458,WS_RECV_END,1516285772509,79
458,PLAYER_SLEEPBEFORE_START,1516285772509,80
458,PLAYER_SLEEPBEFORE_END,1516285780175,80
458,WS_SEND_START,1516285780175,80
458,WS_SEND_END,1516285780175,80
458,WS_RECV_START,1516285780175,81
458,WS_RECV_END,1516285782509,81
458,PLAYER_SLEEPBEFORE_START,1516285782509,82
458,PLAYER_SLEEPBEFORE_END,1516285783611,82
458,WS_SEND_START,1516285783611,82
458,WS_SEND_END,1516285783611,82
458,WS_RECV_START,1516285783611,83
458,WS_RECV_END,1516285783820,83
458,PLAYER_SLEEPBEFORE_START,1516285783821,84
458,PLAYER_SLEEPBEFORE_END,1516285784768,84
458,WS_SEND_START,1516285784768,84
458,WS_SEND_END,1516285784768,84
458,WS_RECV_START,1516285784768,85
458,WS_RECV_END,1516285785228,85
458,PLAYER_SLEEPBEFORE_START,1516285785228,86
458,PLAYER_SLEEPBEFORE_END,1516285789400,86
458,WS_SEND_START,1516285789400,86
458,WS_SEND_END,1516285789400,86
458,WS_RECV_START,1516285789400,87
458,WS_RECV_END,1516285790292,87
458,PLAYER_SLEEPBEFORE_START,1516285790292,88
458,PLAYER_SLEEPBEFORE_END,1516285790300,88
458,WS_SEND_START,1516285790300,88
458,WS_SEND_END,1516285790300,88
458,WS_RECV_START,1516285790300,89
458,WS_RECV_END,1516285790989,89
458,PLAYER_SLEEPBEFORE_START,1516285790989,90
458,PLAYER_SLEEPBEFORE_END,1516285818186,90
458,REQ_START,1516285818186,90
458,REQ_END,1516285818193,90
458,PLAYER_SLEEPBEFORE_START,1516285818193,91
458,PLAYER_SLEEPBEFORE_END,1516285826082,91
458,WS_SEND_START,1516285826082,91
458,WS_SEND_END,1516285826082,91
458,WS_RECV_START,1516285826082,92
458,WS_RECV_END,1516285827463,92
458,PLAYER_SLEEPBEFORE_START,1516285827463,93
458,PLAYER_SLEEPBEFORE_END,1516285827478,93
458,WS_SEND_START,1516285827478,93
458,WS_SEND_END,1516285827478,93
458,WS_RECV_START,1516285827478,94
458,WS_RECV_END,1516285828032,94
458,PLAYER_SLEEPBEFORE_START,1516285828032,95
458,PLAYER_SLEEPBEFORE_END,1516285851587,95
458,WS_SEND_START,1516285851587,95
458,WS_SEND_END,1516285851587,95
458,WS_RECV_START,1516285851587,96
458,WS_RECV_END,1516285853229,96
458,PLAYER_SLEEPBEFORE_START,1516285853229,97
458,PLAYER_SLEEPBEFORE_END,1516285875669,97
458,WS_SEND_START,1516285875669,97
458,WS_SEND_END,1516285875669,97
458,WS_RECV_START,1516285875669,98
458,WS_RECV_END,1516285876754,98
458,PLAYER_SLEEPBEFORE_START,1516285876754,99
458,PLAYER_SLEEPBEFORE_END,1516285876775,99
458,WS_SEND_START,1516285876775,99
458,WS_SEND_END,1516285876775,99
458,WS_RECV_START,1516285876775,100
458,WS_RECV_END,1516285877480,100
458,PLAYER_SLEEPBEFORE_START,1516285877480,101
458,PLAYER_SLEEPBEFORE_END,1516285901039,101
458,WS_SEND_START,1516285901039,101
458,WS_SEND_END,1516285901039,101
458,WS_RECV_START,1516285901039,102
458,WS_RECV_END,1516285905192,102
458,PLAYER_SLEEPBEFORE_START,1516285905192,103
458,PLAYER_SLEEPBEFORE_END,1516285928817,103
458,WS_SEND_START,1516285928817,103
458,WS_SEND_END,1516285928817,103
458,WS_RECV_START,1516285928818,104
458,WS_RECV_END,1516285929773,104
458,PLAYER_SLEEPBEFORE_START,1516285929773,105
458,PLAYER_SLEEPBEFORE_END,1516285955150,105
458,WS_SEND_START,1516285955150,105
458,WS_SEND_END,1516285955150,105
458,WS_RECV_START,1516285955150,106
458,WS_RECV_END,1516285956606,106
458,PLAYER_SLEEPBEFORE_START,1516285956606,107
458,PLAYER_SLEEPBEFORE_END,1516285980029,107
458,WS_SEND_START,1516285980029,107
458,WS_SEND_END,1516285980029,107
458,WS_RECV_START,1516285980029,108
458,WS_RECV_END,1516285980729,108
458,PLAYER_SLEEPBEFORE_START,1516285980729,109
458,PLAYER_SLEEPBEFORE_END,1516285980738,109
458,WS_SEND_START,1516285980738,109
458,WS_SEND_END,1516285980738,109
458,WS_RECV_START,1516285980738,110
458,WS_RECV_END,1516285981094,110
458,PLAYER_SLEEPBEFORE_START,1516285981094,111
458,PLAYER_SLEEPBEFORE_END,1516285982053,111
458,WS_SEND_START,1516285982053,111
458,WS_SEND_END,1516285982053,111
458,WS_RECV_START,1516285982053,112
458,WS_RECV_END,1516285982735,112
458,PLAYER_SLEEPBEFORE_START,1516285982735,113
458,PLAYER_SLEEPBEFORE_END,1516285983297,113
458,WS_SEND_START,1516285983297,113
458,WS_SEND_END,1516285983297,113
458,WS_RECV_START,1516285983297,114
458,WS_RECV_END,1516285983801,114
458,PLAYER_SLEEPBEFORE_START,1516285983801,115
458,PLAYER_SLEEPBEFORE_END,1516285983810,115
458,WS_SEND_START,1516285983810,115
458,WS_SEND_END,1516285983810,115
458,WS_RECV_START,1516285983810,116
458,WS_RECV_END,1516285984428,116
458,PLAYER_SLEEPBEFORE_START,1516285984428,117
458,PLAYER_SLEEPBEFORE_END,1516286004788,117
458,WS_SEND_START,1516286004788,117
458,WS_SEND_END,1516286004788,117
458,PLAYER_SLEEPBEFORE_START,1516286004788,118
458,PLAYER_SLEEPBEFORE_END,1516286008540,118
458,WS_SEND_START,1516286008540,118
458,WS_SEND_END,1516286008540,118
458,WS_RECV_START,1516286008540,119
458,WS_RECV_END,1516286010326,119
458,PLAYER_SLEEPBEFORE_START,1516286010326,120
458,PLAYER_SLEEPBEFORE_END,1516286011314,120
458,WS_SEND_START,1516286011314,120
458,WS_SEND_END,1516286011314,120
458,WS_RECV_START,1516286011314,121
458,WS_RECV_END,1516286015229,121
458,PLAYER_SLEEPBEFORE_START,1516286015229,122
458,PLAYER_SLEEPBEFORE_END,1516286016414,122
458,WS_SEND_START,1516286016414,122
458,WS_SEND_END,1516286016414,122
458,WS_RECV_START,1516286016414,123
458,WS_RECV_END,1516286021149,123
458,PLAYER_SLEEPBEFORE_START,1516286021149,124
458,PLAYER_SLEEPBEFORE_END,1516286045554,124
458,WS_SEND_START,1516286045554,124
458,WS_SEND_END,1516286045554,124
458,WS_RECV_START,1516286045554,125
458,WS_RECV_END,1516286046595,125
458,PLAYER_SLEEPBEFORE_START,1516286046595,126
458,PLAYER_SLEEPBEFORE_END,1516286067107,126
458,WS_SEND_START,1516286067107,126
458,WS_SEND_END,1516286067107,126
458,PLAYER_SLEEPBEFORE_START,1516286067107,127
458,PLAYER_SLEEPBEFORE_END,1516286070161,127
458,WS_SEND_START,1516286070161,127
458,WS_SEND_END,1516286070161,127
458,WS_RECV_START,1516286070161,128
458,WS_RECV_END,1516286071163,128
458,PLAYER_SLEEPBEFORE_START,1516286071163,129
458,PLAYER_SLEEPBEFORE_END,1516286071183,129
458,WS_SEND_START,1516286071183,129
458,WS_SEND_END,1516286071183,129
458,WS_RECV_START,1516286071183,130
458,WS_RECV_END,1516286071788,130
458,PLAYER_SLEEPBEFORE_START,1516286071788,131
458,PLAYER_SLEEPBEFORE_END,1516286093412,131
458,WS_SEND_START,1516286093413,131
458,WS_SEND_END,1516286093413,131
458,PLAYER_SLEEPBEFORE_START,1516286093413,132
458,PLAYER_SLEEPBEFORE_END,1516286096493,132
458,WS_SEND_START,1516286096493,132
458,WS_SEND_END,1516286096493,132
458,WS_RECV_START,1516286096493,133
458,WS_RECV_END,1516286097172,133
458,PLAYER_SLEEPBEFORE_START,1516286097172,134
458,PLAYER_SLEEPBEFORE_END,1516286118389,134
458,WS_SEND_START,1516286118389,134
458,WS_SEND_END,1516286118389,134
458,PLAYER_SLEEPBEFORE_START,1516286118389,135
458,PLAYER_SLEEPBEFORE_END,1516286121579,135
458,WS_SEND_START,1516286121579,135
458,WS_SEND_END,1516286121579,135
458,WS_RECV_START,1516286121579,136
458,WS_RECV_END,1516286123337,136
458,PLAYER_SLEEPBEFORE_START,1516286123337,137
458,PLAYER_SLEEPBEFORE_END,1516286123344,137
458,WS_SEND_START,1516286123344,137
458,WS_SEND_END,1516286123344,137
458,WS_RECV_START,1516286123344,138
458,WS_RECV_END,1516286125298,138
458,PLAYER_SLEEPBEFORE_START,1516286125298,139
458,PLAYER_SLEEPBEFORE_END,1516286125988,139
458,WS_SEND_START,1516286125988,139
458,WS_SEND_END,1516286125988,139
458,WS_RECV_START,1516286125988,140
458,WS_RECV_END,1516286127455,140
458,PLAYER_SLEEPBEFORE_START,1516286127455,141
458,PLAYER_SLEEPBEFORE_END,1516286128110,141
458,WS_SEND_START,1516286128110,141
458,WS_SEND_END,1516286128110,141
458,WS_RECV_START,1516286128110,142
458,WS_RECV_END,1516286129039,142
458,PLAYER_SLEEPBEFORE_START,1516286129039,143
458,PLAYER_SLEEPBEFORE_END,1516286129096,143
458,WS_SEND_START,1516286129096,143
458,WS_SEND_END,1516286129096,143
458,WS_RECV_START,1516286129096,144
458,WS_RECV_END,1516286131464,144
458,PLAYER_SLEEPBEFORE_START,1516286131464,145
458,PLAYER_SLEEPBEFORE_END,1516286147526,145
458,REQ_START,1516286147526,145
458,REQ_END,1516286147534,145
458,PLAYER_SLEEPBEFORE_START,1516286147534,146
458,PLAYER_SLEEPBEFORE_END,1516286156411,146
458,WS_SEND_START,1516286156411,146
458,WS_SEND_END,1516286156411,146
458,WS_RECV_START,1516286156411,147
458,WS_RECV_END,1516286160622,147
458,PLAYER_SLEEPBEFORE_START,1516286160622,148
458,PLAYER_SLEEPBEFORE_END,1516286182544,148
458,WS_SEND_START,1516286182544,148
458,WS_SEND_END,1516286182544,148
458,PLAYER_SLEEPBEFORE_START,1516286182544,149
458,PLAYER_SLEEPBEFORE_END,1516286184973,149
458,WS_SEND_START,1516286184973,149
458,WS_SEND_END,1516286184973,149
458,WS_RECV_START,1516286184973,150
458,WS_RECV_END,1516286187380,150
458,PLAYER_SLEEPBEFORE_START,1516286187380,151
458,PLAYER_SLEEPBEFORE_END,1516286187590,151
458,WS_SEND_START,1516286187590,151
458,WS_SEND_END,1516286187590,151
458,WS_RECV_START,1516286187590,152
458,WS_RECV_END,1516286196141,152
458,PLAYER_SLEEPBEFORE_START,1516286196141,153
458,PLAYER_SLEEPBEFORE_END,1516286220068,153
458,WS_SEND_START,1516286220068,153
458,WS_SEND_END,1516286220068,153
458,WS_RECV_START,1516286220068,154
458,WS_RECV_END,1516286227771,154
458,PLAYER_SLEEPBEFORE_START,1516286227771,155
458,PLAYER_SLEEPBEFORE_END,1516286250329,155
458,WS_SEND_START,1516286250329,155
458,WS_SEND_END,1516286250329,155
458,PLAYER_SLEEPBEFORE_START,1516286250329,156
458,PLAYER_SLEEPBEFORE_END,1516286253604,156
458,WS_SEND_START,1516286253604,156
458,WS_SEND_END,1516286253604,156
458,WS_RECV_START,1516286253604,157
458,WS_RECV_END,1516286256075,157
458,PLAYER_SLEEPBEFORE_START,1516286256075,158
458,PLAYER_SLEEPBEFORE_END,1516286256085,158
458,WS_SEND_START,1516286256085,158
458,WS_SEND_END,1516286256085,158
458,WS_RECV_START,1516286256085,159
458,WS_RECV_END,1516286258055,159
458,PLAYER_SLEEPBEFORE_START,1516286258055,160
458,PLAYER_SLEEPBEFORE_END,1516286258230,160
458,WS_SEND_START,1516286258230,160
458,WS_SEND_END,1516286258230,160
458,WS_RECV_START,1516286258230,161
458,WS_RECV_END,1516286261550,161
458,PLAYER_SLEEPBEFORE_START,1516286261550,162
458,PLAYER_SLEEPBEFORE_END,1516286261575,162
458,WS_SEND_START,1516286261575,162
458,WS_SEND_END,1516286261575,162
458,WS_RECV_START,1516286261575,163
458,WS_RECV_END,1516286265928,163
458,PLAYER_SLEEPBEFORE_START,1516286265928,164
458,PLAYER_SLEEPBEFORE_END,1516286286740,164
458,WS_SEND_START,1516286286740,164
458,WS_SEND_END,1516286286740,164
458,WS_RECV_START,1516286286740,165
458,WS_RECV_END,1516286291538,165
458,PLAYER_SLEEPBEFORE_START,1516286291538,166
458,PLAYER_SLEEPBEFORE_END,1516286313993,166
458,WS_SEND_START,1516286313993,166
458,WS_SEND_END,1516286313993,166
458,WS_RECV_START,1516286313993,167
458,WS_RECV_END,1516286316868,167
458,PLAYER_SLEEPBEFORE_START,1516286316868,168
458,PLAYER_SLEEPBEFORE_END,1516286344225,168
458,WS_SEND_START,1516286344225,168
458,WS_SEND_END,1516286344225,168
458,WS_RECV_START,1516286344225,169
458,WS_RECV_END,1516286346145,169
458,PLAYER_SLEEPBEFORE_START,1516286346145,170
458,PLAYER_SLEEPBEFORE_END,1516286346154,170
458,WS_SEND_START,1516286346154,170
458,WS_SEND_END,1516286346154,170
458,WS_RECV_START,1516286346154,171
458,WS_RECV_END,1516286346742,171
458,PLAYER_SLEEPBEFORE_START,1516286346742,172
458,PLAYER_SLEEPBEFORE_END,1516286347112,172
458,WS_SEND_START,1516286347112,172
458,WS_SEND_END,1516286347112,172
458,WS_RECV_START,1516286347112,173
458,WS_RECV_END,1516286347644,173
458,PLAYER_SLEEPBEFORE_START,1516286347644,174
458,PLAYER_SLEEPBEFORE_END,1516286347686,174
458,WS_SEND_START,1516286347686,174
458,WS_SEND_END,1516286347686,174
458,WS_RECV_START,1516286347686,175
458,WS_RECV_END,1516286348925,175
458,PLAYER_SLEEPBEFORE_START,1516286348925,176
458,PLAYER_SLEEPBEFORE_END,1516286370686,176
458,WS_SEND_START,1516286370686,176
458,WS_SEND_END,1516286370686,176
458,PLAYER_SLEEPBEFORE_START,1516286370686,177
458,PLAYER_SLEEPBEFORE_END,1516286373204,177
458,WS_SEND_START,1516286373204,177
458,WS_SEND_END,1516286373204,177
458,WS_RECV_START,1516286373204,178
458,WS_RECV_END,1516286373944,178
458,PLAYER_SLEEPBEFORE_START,1516286373944,179
458,PLAYER_SLEEPBEFORE_END,1516286396284,179
458,WS_SEND_START,1516286396284,179
458,WS_SEND_END,1516286396284,179
458,WS_RECV_START,1516286396284,180
458,WS_RECV_END,1516286396759,180
458,PLAYER_SLEEPBEFORE_START,1516286396759,181
458,PLAYER_SLEEPBEFORE_END,1516286397203,181
458,WS_SEND_START,1516286397203,181
458,WS_SEND_END,1516286397203,181
458,WS_RECV_START,1516286397203,182
458,WS_RECV_END,1516286397440,182
458,PLAYER_SLEEPBEFORE_START,1516286397440,183
458,PLAYER_SLEEPBEFORE_END,1516286397963,183
458,WS_SEND_START,1516286397963,183
458,WS_SEND_END,1516286397963,183
458,WS_RECV_START,1516286397963,184
458,WS_RECV_END,1516286398243,184
458,PLAYER_SLEEPBEFORE_START,1516286398243,185
458,PLAYER_SLEEPBEFORE_END,1516286398512,185
458,WS_SEND_START,1516286398512,185
458,WS_SEND_END,1516286398512,185
458,WS_RECV_START,1516286398512,186
458,WS_RECV_END,1516286398855,186
458,PLAYER_SLEEPBEFORE_START,1516286398855,187
458,PLAYER_SLEEPBEFORE_END,1516286421355,187
458,WS_SEND_START,1516286421355,187
458,WS_SEND_END,1516286421355,187
458,WS_RECV_START,1516286421355,188
458,WS_RECV_END,1516286421418,188
458,PLAYER_SLEEPBEFORE_START,1516286421418,189
458,PLAYER_SLEEPBEFORE_END,1516286427657,189
458,WS_SEND_START,1516286427657,189
458,WS_SEND_END,1516286427657,189
458,WS_RECV_START,1516286427657,190
458,WS_RECV_END,1516286428078,190
458,PLAYER_SLEEPBEFORE_START,1516286428078,191
458,PLAYER_SLEEPBEFORE_END,1516286429993,191
458,WS_SEND_START,1516286429993,191
458,WS_SEND_END,1516286429993,191
458,WS_RECV_START,1516286429993,192
458,WS_RECV_END,1516286430193,192
458,PLAYER_SLEEPBEFORE_START,1516286430193,193
458,PLAYER_SLEEPBEFORE_END,1516286430321,193
458,WS_SEND_START,1516286430321,193
458,WS_SEND_END,1516286430321,193
458,WS_RECV_START,1516286430321,194
458,WS_RECV_END,1516286430523,194
458,PLAYER_SLEEPBEFORE_START,1516286430523,195
458,PLAYER_SLEEPBEFORE_END,1516286432278,195
458,WS_SEND_START,1516286432278,195
458,WS_SEND_END,1516286432278,195
458,WS_RECV_START,1516286432278,196
458,WS_RECV_END,1516286432434,196
458,PLAYER_SLEEPBEFORE_START,1516286432434,197
458,PLAYER_SLEEPBEFORE_END,1516286434239,197
458,WS_SEND_START,1516286434239,197
458,WS_SEND_END,1516286434239,197
458,WS_RECV_START,1516286434239,198
458,WS_RECV_END,1516286434507,198
458,PLAYER_SLEEPBEFORE_START,1516286434507,199
458,PLAYER_SLEEPBEFORE_END,1516286446361,199
458,WS_SEND_START,1516286446361,199
458,WS_SEND_END,1516286446361,199
458,PLAYER_SLEEPBEFORE_START,1516286446361,200
458,PLAYER_SLEEPBEFORE_END,1516286450451,200
458,WS_SEND_START,1516286450451,200
458,WS_SEND_END,1516286450451,200
458,WS_RECV_START,1516286450451,201
458,WS_RECV_END,1516286450853,201
458,PLAYER_SLEEPBEFORE_START,1516286450853,202
458,PLAYER_SLEEPBEFORE_END,1516286450868,202
458,WS_SEND_START,1516286450868,202
458,WS_SEND_END,1516286450868,202
458,WS_RECV_START,1516286450868,203
458,WS_RECV_END,1516286451065,203
458,PLAYER_SLEEPBEFORE_START,1516286451065,204
458,PLAYER_SLEEPBEFORE_END,1516286470714,204
458,WS_SEND_START,1516286470714,204
458,WS_SEND_END,1516286470714,204
458,PLAYER_SLEEPBEFORE_START,1516286470714,205
458,PLAYER_SLEEPBEFORE_END,1516286474612,205
458,WS_SEND_START,1516286474612,205
458,WS_SEND_END,1516286474612,205
458,WS_RECV_START,1516286474612,206
458,WS_RECV_END,1516286474715,206
458,PLAYER_SLEEPBEFORE_START,1516286474715,207
458,PLAYER_SLEEPBEFORE_END,1516286491646,207
458,REQ_START,1516286491646,207
458,REQ_END,1516286491654,207
458,PLAYER_SLEEPBEFORE_START,1516286491654,208
458,PLAYER_SLEEPBEFORE_END,1516286498506,208
458,WS_CLOSE_START,1516286498506,208
458,WS_CLOSE_END,1516286498506,208
458,PLAYER_DONE,1516286498506
