# --sessions 540 --app-url=http://shinyloadtest.rstudioservices.com/cran_explorer --output-dir test540 --overwrite-output --log-level warn --start-interval 500 15min.log
thread_id,event,timestamp,input_line_number,comment
480,PLAYER_SESSION_CREATE,1516285277721
480,PLAYER_START_INTERVAL_START,1516285277721
480,PLAYER_START_INTERVAL_END,1516285517721
480,REQ_HOME_START,1516285517721,2
480,REQ_HOME_END,1516285517995,2
480,REQ_START,1516285517995,3
480,REQ_END,1516285518346,3
480,REQ_START,1516285518346,4
480,REQ_END,1516285518388,4
480,REQ_START,1516285518388,5
480,REQ_END,1516285518440,5
480,REQ_START,1516285518440,6
480,REQ_END,1516285518488,6
480,REQ_START,1516285518488,7
480,REQ_END,1516285518972,7
480,REQ_START,1516285518972,8
480,REQ_END,1516285519019,8
480,REQ_START,1516285519020,9
480,REQ_END,1516285519053,9
480,REQ_START,1516285519053,10
480,REQ_END,1516285519067,10
480,REQ_START,1516285519067,11
480,REQ_END,1516285519097,11
480,REQ_START,1516285519097,12
480,REQ_END,1516285519106,12
480,REQ_START,1516285519106,13
480,REQ_END,1516285519137,13
480,REQ_START,1516285519137,14
480,REQ_END,1516285519152,14
480,REQ_START,1516285519152,15
480,REQ_END,1516285519186,15
480,REQ_TOK_START,1516285519186,16
480,REQ_TOK_END,1516285519194,16
480,REQ_SINF_START,1516285519194,17
480,REQ_SINF_END,1516285519201,17
480,WS_OPEN_START,1516285519201,18
480,WS_OPEN_END,1516285519207,18
480,REQ_START,1516285519207,19
480,REQ_END,1516285519235,19
480,WS_RECV_START,1516285519235,20
480,WS_RECV_END,1516285519235,20
480,PLAYER_SLEEPBEFORE_START,1516285519235,21
480,PLAYER_SLEEPBEFORE_END,1516285519240,21
480,WS_SEND_START,1516285519240,21
480,WS_SEND_END,1516285519240,21
480,PLAYER_SLEEPBEFORE_START,1516285519240,22
480,PLAYER_SLEEPBEFORE_END,1516285519242,22
480,WS_SEND_START,1516285519242,22
480,WS_SEND_END,1516285519242,22
480,WS_RECV_INIT_START,1516285519242,23
480,WS_RECV_INIT_END,1516285519346,23
480,WS_RECV_START,1516285519346,24
480,WS_RECV_END,1516285519431,24
480,PLAYER_SLEEPBEFORE_START,1516285519431,25
480,PLAYER_SLEEPBEFORE_END,1516285519439,25
480,REQ_START,1516285519439,25
480,REQ_END,1516285519692,25
480,PLAYER_SLEEPBEFORE_START,1516285519692,26
480,PLAYER_SLEEPBEFORE_END,1516285519693,26
480,REQ_START,1516285519694,26
480,REQ_END,1516285519725,26
480,PLAYER_SLEEPBEFORE_START,1516285519725,27
480,PLAYER_SLEEPBEFORE_END,1516285519729,27
480,REQ_START,1516285519729,27
480,REQ_END,1516285519762,27
480,PLAYER_SLEEPBEFORE_START,1516285519762,28
480,PLAYER_SLEEPBEFORE_END,1516285520047,28
480,REQ_START,1516285520047,28
480,REQ_END,1516285520135,28
480,PLAYER_SLEEPBEFORE_START,1516285520135,29
480,PLAYER_SLEEPBEFORE_END,1516285520311,29
480,WS_SEND_START,1516285520311,29
480,WS_SEND_END,1516285520311,29
480,WS_RECV_START,1516285520311,30
480,WS_RECV_END,1516285520551,30
480,PLAYER_SLEEPBEFORE_START,1516285520551,31
480,PLAYER_SLEEPBEFORE_END,1516285520562,31
480,REQ_START,1516285520562,31
480,REQ_END,1516285520682,31
480,PLAYER_SLEEPBEFORE_START,1516285520682,32
480,PLAYER_SLEEPBEFORE_END,1516285548828,32
480,WS_SEND_START,1516285548828,32
480,WS_SEND_END,1516285548828,32
480,WS_RECV_START,1516285548828,33
480,WS_RECV_END,1516285549513,33
480,PLAYER_SLEEPBEFORE_START,1516285549513,34
480,PLAYER_SLEEPBEFORE_END,1516285575424,34
480,WS_SEND_START,1516285575424,34
480,WS_SEND_END,1516285575424,34
480,WS_RECV_START,1516285575424,35
480,WS_RECV_END,1516285575929,35
480,PLAYER_SLEEPBEFORE_START,1516285575929,36
480,PLAYER_SLEEPBEFORE_END,1516285575941,36
480,WS_SEND_START,1516285575941,36
480,WS_SEND_END,1516285575941,36
480,WS_RECV_START,1516285575941,37
480,WS_RECV_END,1516285576137,37
480,PLAYER_SLEEPBEFORE_START,1516285576137,38
480,PLAYER_SLEEPBEFORE_END,1516285579332,38
480,WS_SEND_START,1516285579332,38
480,WS_SEND_END,1516285579332,38
480,WS_RECV_START,1516285579332,39
480,WS_RECV_END,1516285579794,39
480,PLAYER_SLEEPBEFORE_START,1516285579794,40
480,PLAYER_SLEEPBEFORE_END,1516285579840,40
480,WS_SEND_START,1516285579840,40
480,WS_SEND_END,1516285579840,40
480,WS_RECV_START,1516285579840,41
480,WS_RECV_END,1516285579989,41
480,PLAYER_SLEEPBEFORE_START,1516285579989,42
480,PLAYER_SLEEPBEFORE_END,1516285598124,42
480,WS_SEND_START,1516285598124,42
480,WS_SEND_END,1516285598124,42
480,WS_RECV_START,1516285598124,43
480,WS_RECV_END,1516285598899,43
480,PLAYER_SLEEPBEFORE_START,1516285598899,44
480,PLAYER_SLEEPBEFORE_END,1516285598911,44
480,WS_SEND_START,1516285598912,44
480,WS_SEND_END,1516285598912,44
480,WS_RECV_START,1516285598912,45
480,WS_RECV_END,1516285599033,45
480,PLAYER_SLEEPBEFORE_START,1516285599033,46
480,PLAYER_SLEEPBEFORE_END,1516285600293,46
480,WS_SEND_START,1516285600293,46
480,WS_SEND_END,1516285600293,46
480,WS_RECV_START,1516285600293,47
480,WS_RECV_END,1516285600810,47
480,PLAYER_SLEEPBEFORE_START,1516285600810,48
480,PLAYER_SLEEPBEFORE_END,1516285602130,48
480,WS_SEND_START,1516285602130,48
480,WS_SEND_END,1516285602130,48
480,WS_RECV_START,1516285602130,49
480,WS_RECV_END,1516285602526,49
480,PLAYER_SLEEPBEFORE_START,1516285602526,50
480,PLAYER_SLEEPBEFORE_END,1516285602551,50
480,WS_SEND_START,1516285602551,50
480,WS_SEND_END,1516285602551,50
480,WS_RECV_START,1516285602551,51
480,WS_RECV_END,1516285602816,51
480,PLAYER_SLEEPBEFORE_START,1516285602816,52
480,PLAYER_SLEEPBEFORE_END,1516285625380,52
480,WS_SEND_START,1516285625380,52
480,WS_SEND_END,1516285625380,52
480,WS_RECV_START,1516285625380,53
480,WS_RECV_END,1516285625599,53
480,PLAYER_SLEEPBEFORE_START,1516285625599,54
480,PLAYER_SLEEPBEFORE_END,1516285646902,54
480,WS_SEND_START,1516285646902,54
480,WS_SEND_END,1516285646903,54
480,PLAYER_SLEEPBEFORE_START,1516285646903,55
480,PLAYER_SLEEPBEFORE_END,1516285648844,55
480,WS_SEND_START,1516285648844,55
480,WS_SEND_END,1516285648844,55
480,WS_RECV_START,1516285648844,56
480,WS_RECV_END,1516285648897,56
480,PLAYER_SLEEPBEFORE_START,1516285648897,57
480,PLAYER_SLEEPBEFORE_END,1516285671769,57
480,WS_SEND_START,1516285671769,57
480,WS_SEND_END,1516285671769,57
480,WS_RECV_START,1516285671769,58
480,WS_RECV_END,1516285672173,58
480,PLAYER_SLEEPBEFORE_START,1516285672173,59
480,PLAYER_SLEEPBEFORE_END,1516285674500,59
480,WS_SEND_START,1516285674500,59
480,WS_SEND_END,1516285674500,59
480,WS_RECV_START,1516285674500,60
480,WS_RECV_END,1516285674955,60
480,PLAYER_SLEEPBEFORE_START,1516285674955,61
480,PLAYER_SLEEPBEFORE_END,1516285678546,61
480,WS_SEND_START,1516285678546,61
480,WS_SEND_END,1516285678546,61
480,WS_RECV_START,1516285678546,62
480,WS_RECV_END,1516285679065,62
480,PLAYER_SLEEPBEFORE_START,1516285679065,63
480,PLAYER_SLEEPBEFORE_END,1516285698327,63
480,WS_SEND_START,1516285698327,63
480,WS_SEND_END,1516285698327,63
480,WS_RECV_START,1516285698327,64
480,WS_RECV_END,1516285698738,64
480,PLAYER_SLEEPBEFORE_START,1516285698738,65
480,PLAYER_SLEEPBEFORE_END,1516285725555,65
480,WS_SEND_START,1516285725555,65
480,WS_SEND_END,1516285725555,65
480,WS_RECV_START,1516285725555,66
480,WS_RECV_END,1516285726049,66
480,PLAYER_SLEEPBEFORE_START,1516285726049,67
480,PLAYER_SLEEPBEFORE_END,1516285727556,67
480,WS_SEND_START,1516285727556,67
480,WS_SEND_END,1516285727556,67
480,WS_RECV_START,1516285727556,68
480,WS_RECV_END,1516285727715,68
480,PLAYER_SLEEPBEFORE_START,1516285727715,69
480,PLAYER_SLEEPBEFORE_END,1516285749713,69
480,WS_SEND_START,1516285749713,69
480,WS_SEND_END,1516285749713,69
480,WS_RECV_START,1516285749713,70
480,WS_RECV_END,1516285749843,70
480,PLAYER_SLEEPBEFORE_START,1516285749843,71
480,PLAYER_SLEEPBEFORE_END,1516285774618,71
480,WS_SEND_START,1516285774618,71
480,WS_SEND_END,1516285774618,71
480,PLAYER_SLEEPBEFORE_START,1516285774618,72
480,PLAYER_SLEEPBEFORE_END,1516285777225,72
480,WS_SEND_START,1516285777225,72
480,WS_SEND_END,1516285777225,72
480,WS_RECV_START,1516285777225,73
480,WS_RECV_END,1516285778155,73
480,PLAYER_SLEEPBEFORE_START,1516285778155,74
480,PLAYER_SLEEPBEFORE_END,1516285778164,74
480,WS_SEND_START,1516285778165,74
480,WS_SEND_END,1516285778165,74
480,WS_RECV_START,1516285778165,75
480,WS_RECV_END,1516285778405,75
480,PLAYER_SLEEPBEFORE_START,1516285778405,76
480,PLAYER_SLEEPBEFORE_END,1516285779911,76
480,WS_SEND_START,1516285779911,76
480,WS_SEND_END,1516285779911,76
480,WS_RECV_START,1516285779911,77
480,WS_RECV_END,1516285780007,77
480,PLAYER_SLEEPBEFORE_START,1516285780007,78
480,PLAYER_SLEEPBEFORE_END,1516285780875,78
480,WS_SEND_START,1516285780875,78
480,WS_SEND_END,1516285780875,78
480,WS_RECV_START,1516285780875,79
480,WS_RECV_END,1516285781094,79
480,PLAYER_SLEEPBEFORE_START,1516285781094,80
480,PLAYER_SLEEPBEFORE_END,1516285788760,80
480,WS_SEND_START,1516285788760,80
480,WS_SEND_END,1516285788760,80
480,WS_RECV_START,1516285788760,81
480,WS_RECV_END,1516285789836,81
480,PLAYER_SLEEPBEFORE_START,1516285789836,82
480,PLAYER_SLEEPBEFORE_END,1516285790938,82
480,WS_SEND_START,1516285790938,82
480,WS_SEND_END,1516285790938,82
480,WS_RECV_START,1516285790938,83
480,WS_RECV_END,1516285791980,83
480,PLAYER_SLEEPBEFORE_START,1516285791980,84
480,PLAYER_SLEEPBEFORE_END,1516285792927,84
480,WS_SEND_START,1516285792927,84
480,WS_SEND_END,1516285792927,84
480,WS_RECV_START,1516285792927,85
480,WS_RECV_END,1516285793290,85
480,PLAYER_SLEEPBEFORE_START,1516285793290,86
480,PLAYER_SLEEPBEFORE_END,1516285797462,86
480,WS_SEND_START,1516285797462,86
480,WS_SEND_END,1516285797462,86
480,WS_RECV_START,1516285797462,87
480,WS_RECV_END,1516285798847,87
480,PLAYER_SLEEPBEFORE_START,1516285798847,88
480,PLAYER_SLEEPBEFORE_END,1516285798855,88
480,WS_SEND_START,1516285798855,88
480,WS_SEND_END,1516285798855,88
480,WS_RECV_START,1516285798855,89
480,WS_RECV_END,1516285799467,89
480,PLAYER_SLEEPBEFORE_START,1516285799467,90
480,PLAYER_SLEEPBEFORE_END,1516285826664,90
480,REQ_START,1516285826664,90
480,REQ_END,1516285826672,90
480,PLAYER_SLEEPBEFORE_START,1516285826672,91
480,PLAYER_SLEEPBEFORE_END,1516285834561,91
480,WS_SEND_START,1516285834561,91
480,WS_SEND_END,1516285834561,91
480,WS_RECV_START,1516285834561,92
480,WS_RECV_END,1516285837067,92
480,PLAYER_SLEEPBEFORE_START,1516285837067,93
480,PLAYER_SLEEPBEFORE_END,1516285837082,93
480,WS_SEND_START,1516285837082,93
480,WS_SEND_END,1516285837082,93
480,WS_RECV_START,1516285837082,94
480,WS_RECV_END,1516285838066,94
480,PLAYER_SLEEPBEFORE_START,1516285838066,95
480,PLAYER_SLEEPBEFORE_END,1516285861621,95
480,WS_SEND_START,1516285861621,95
480,WS_SEND_END,1516285861621,95
480,WS_RECV_START,1516285861621,96
480,WS_RECV_END,1516285862402,96
480,PLAYER_SLEEPBEFORE_START,1516285862402,97
480,PLAYER_SLEEPBEFORE_END,1516285884842,97
480,WS_SEND_START,1516285884842,97
480,WS_SEND_END,1516285884842,97
480,WS_RECV_START,1516285884842,98
480,WS_RECV_END,1516285886315,98
480,PLAYER_SLEEPBEFORE_START,1516285886315,99
480,PLAYER_SLEEPBEFORE_END,1516285886337,99
480,WS_SEND_START,1516285886337,99
480,WS_SEND_END,1516285886337,99
480,WS_RECV_START,1516285886337,100
480,WS_RECV_END,1516285888592,100
480,PLAYER_SLEEPBEFORE_START,1516285888592,101
480,PLAYER_SLEEPBEFORE_END,1516285912151,101
480,WS_SEND_START,1516285912151,101
480,WS_SEND_END,1516285912151,101
480,WS_RECV_START,1516285912151,102
480,WS_RECV_END,1516285912757,102
480,PLAYER_SLEEPBEFORE_START,1516285912757,103
480,PLAYER_SLEEPBEFORE_END,1516285936382,103
480,WS_SEND_START,1516285936382,103
480,WS_SEND_END,1516285936382,103
480,WS_RECV_START,1516285936382,104
480,WS_RECV_END,1516285938517,104
480,PLAYER_SLEEPBEFORE_START,1516285938517,105
480,PLAYER_SLEEPBEFORE_END,1516285963894,105
480,WS_SEND_START,1516285963894,105
480,WS_SEND_END,1516285963894,105
480,WS_RECV_START,1516285963894,106
480,WS_RECV_END,1516285965378,106
480,PLAYER_SLEEPBEFORE_START,1516285965378,107
480,PLAYER_SLEEPBEFORE_END,1516285988801,107
480,WS_SEND_START,1516285988801,107
480,WS_SEND_END,1516285988801,107
480,WS_RECV_START,1516285988801,108
480,WS_RECV_END,1516285990679,108
480,PLAYER_SLEEPBEFORE_START,1516285990679,109
480,PLAYER_SLEEPBEFORE_END,1516285990688,109
480,WS_SEND_START,1516285990688,109
480,WS_SEND_END,1516285990688,109
480,WS_RECV_START,1516285990688,110
480,WS_RECV_END,1516285991722,110
480,PLAYER_SLEEPBEFORE_START,1516285991722,111
480,PLAYER_SLEEPBEFORE_END,1516285992681,111
480,WS_SEND_START,1516285992681,111
480,WS_SEND_END,1516285992681,111
480,WS_RECV_START,1516285992681,112
480,WS_RECV_END,1516285994485,112
480,PLAYER_SLEEPBEFORE_START,1516285994485,113
480,PLAYER_SLEEPBEFORE_END,1516285995048,113
480,WS_SEND_START,1516285995048,113
480,WS_SEND_END,1516285995048,113
480,WS_RECV_START,1516285995048,114
480,WS_RECV_END,1516285996214,114
480,PLAYER_SLEEPBEFORE_START,1516285996214,115
480,PLAYER_SLEEPBEFORE_END,1516285996223,115
480,WS_SEND_START,1516285996223,115
480,WS_SEND_END,1516285996223,115
480,WS_RECV_START,1516285996223,116
480,WS_RECV_END,1516285997165,116
480,PLAYER_SLEEPBEFORE_START,1516285997165,117
480,PLAYER_SLEEPBEFORE_END,1516286017525,117
480,WS_SEND_START,1516286017525,117
480,WS_SEND_END,1516286017525,117
480,PLAYER_SLEEPBEFORE_START,1516286017525,118
480,PLAYER_SLEEPBEFORE_END,1516286021278,118
480,WS_SEND_START,1516286021278,118
480,WS_SEND_END,1516286021278,118
480,WS_RECV_START,1516286021278,119
480,WS_RECV_END,1516286022907,119
480,PLAYER_SLEEPBEFORE_START,1516286022907,120
480,PLAYER_SLEEPBEFORE_END,1516286023895,120
480,WS_SEND_START,1516286023895,120
480,WS_SEND_END,1516286023895,120
480,WS_RECV_START,1516286023895,121
480,WS_RECV_END,1516286025936,121
480,PLAYER_SLEEPBEFORE_START,1516286025936,122
480,PLAYER_SLEEPBEFORE_END,1516286027121,122
480,WS_SEND_START,1516286027121,122
480,WS_SEND_END,1516286027121,122
480,WS_RECV_START,1516286027121,123
480,WS_RECV_END,1516286028785,123
480,PLAYER_SLEEPBEFORE_START,1516286028785,124
480,PLAYER_SLEEPBEFORE_END,1516286053190,124
480,WS_SEND_START,1516286053190,124
480,WS_SEND_END,1516286053190,124
480,WS_RECV_START,1516286053190,125
480,WS_RECV_END,1516286053508,125
480,PLAYER_SLEEPBEFORE_START,1516286053508,126
480,PLAYER_SLEEPBEFORE_END,1516286074021,126
480,WS_SEND_START,1516286074021,126
480,WS_SEND_END,1516286074021,126
480,PLAYER_SLEEPBEFORE_START,1516286074021,127
480,PLAYER_SLEEPBEFORE_END,1516286077075,127
480,WS_SEND_START,1516286077075,127
480,WS_SEND_END,1516286077075,127
480,WS_RECV_START,1516286077075,128
480,WS_RECV_END,1516286077740,128
480,PLAYER_SLEEPBEFORE_START,1516286077740,129
480,PLAYER_SLEEPBEFORE_END,1516286077760,129
480,WS_SEND_START,1516286077760,129
480,WS_SEND_END,1516286077760,129
480,WS_RECV_START,1516286077760,130
480,WS_RECV_END,1516286078008,130
480,PLAYER_SLEEPBEFORE_START,1516286078008,131
480,PLAYER_SLEEPBEFORE_END,1516286099632,131
480,WS_SEND_START,1516286099632,131
480,WS_SEND_END,1516286099632,131
480,PLAYER_SLEEPBEFORE_START,1516286099632,132
480,PLAYER_SLEEPBEFORE_END,1516286102712,132
480,WS_SEND_START,1516286102712,132
480,WS_SEND_END,1516286102712,132
480,WS_RECV_START,1516286102712,133
480,WS_RECV_END,1516286103251,133
480,PLAYER_SLEEPBEFORE_START,1516286103251,134
480,PLAYER_SLEEPBEFORE_END,1516286124468,134
480,WS_SEND_START,1516286124468,134
480,WS_SEND_END,1516286124468,134
480,PLAYER_SLEEPBEFORE_START,1516286124468,135
480,PLAYER_SLEEPBEFORE_END,1516286127658,135
480,WS_SEND_START,1516286127658,135
480,WS_SEND_END,1516286127658,135
480,WS_RECV_START,1516286127658,136
480,WS_RECV_END,1516286129408,136
480,PLAYER_SLEEPBEFORE_START,1516286129408,137
480,PLAYER_SLEEPBEFORE_END,1516286129416,137
480,WS_SEND_START,1516286129416,137
480,WS_SEND_END,1516286129416,137
480,WS_RECV_START,1516286129416,138
480,WS_RECV_END,1516286130918,138
480,PLAYER_SLEEPBEFORE_START,1516286130918,139
480,PLAYER_SLEEPBEFORE_END,1516286131608,139
480,WS_SEND_START,1516286131608,139
480,WS_SEND_END,1516286131608,139
480,WS_RECV_START,1516286131608,140
480,WS_RECV_END,1516286131757,140
480,PLAYER_SLEEPBEFORE_START,1516286131757,141
480,PLAYER_SLEEPBEFORE_END,1516286132412,141
480,WS_SEND_START,1516286132412,141
480,WS_SEND_END,1516286132412,141
480,WS_RECV_START,1516286132412,142
480,WS_RECV_END,1516286133298,142
480,PLAYER_SLEEPBEFORE_START,1516286133298,143
480,PLAYER_SLEEPBEFORE_END,1516286133355,143
480,WS_SEND_START,1516286133355,143
480,WS_SEND_END,1516286133355,143
480,WS_RECV_START,1516286133355,144
480,WS_RECV_END,1516286134824,144
480,PLAYER_SLEEPBEFORE_START,1516286134824,145
480,PLAYER_SLEEPBEFORE_END,1516286150886,145
480,REQ_START,1516286150886,145
480,REQ_END,1516286150894,145
480,PLAYER_SLEEPBEFORE_START,1516286150894,146
480,PLAYER_SLEEPBEFORE_END,1516286159771,146
480,WS_SEND_START,1516286159771,146
480,WS_SEND_END,1516286159771,146
480,WS_RECV_START,1516286159771,147
480,WS_RECV_END,1516286164106,147
480,PLAYER_SLEEPBEFORE_START,1516286164106,148
480,PLAYER_SLEEPBEFORE_END,1516286186028,148
480,WS_SEND_START,1516286186028,148
480,WS_SEND_END,1516286186028,148
480,PLAYER_SLEEPBEFORE_START,1516286186028,149
480,PLAYER_SLEEPBEFORE_END,1516286188457,149
480,WS_SEND_START,1516286188457,149
480,WS_SEND_END,1516286188457,149
480,WS_RECV_START,1516286188457,150
480,WS_RECV_END,1516286192829,150
480,PLAYER_SLEEPBEFORE_START,1516286192829,151
480,PLAYER_SLEEPBEFORE_END,1516286193039,151
480,WS_SEND_START,1516286193039,151
480,WS_SEND_END,1516286193039,151
480,WS_RECV_START,1516286193039,152
480,WS_RECV_END,1516286196966,152
480,PLAYER_SLEEPBEFORE_START,1516286196966,153
480,PLAYER_SLEEPBEFORE_END,1516286220893,153
480,WS_SEND_START,1516286220893,153
480,WS_SEND_END,1516286220893,153
480,WS_RECV_START,1516286220893,154
480,WS_RECV_END,1516286226021,154
480,PLAYER_SLEEPBEFORE_START,1516286226021,155
480,PLAYER_SLEEPBEFORE_END,1516286248579,155
480,WS_SEND_START,1516286248579,155
480,WS_SEND_END,1516286248579,155
480,PLAYER_SLEEPBEFORE_START,1516286248579,156
480,PLAYER_SLEEPBEFORE_END,1516286251853,156
480,WS_SEND_START,1516286251853,156
480,WS_SEND_END,1516286251853,156
480,WS_RECV_START,1516286251853,157
480,WS_RECV_END,1516286252904,157
480,PLAYER_SLEEPBEFORE_START,1516286252904,158
480,PLAYER_SLEEPBEFORE_END,1516286252914,158
480,WS_SEND_START,1516286252914,158
480,WS_SEND_END,1516286252914,158
480,WS_RECV_START,1516286252914,159
480,WS_RECV_END,1516286255279,159
480,PLAYER_SLEEPBEFORE_START,1516286255279,160
480,PLAYER_SLEEPBEFORE_END,1516286255454,160
480,WS_SEND_START,1516286255454,160
480,WS_SEND_END,1516286255454,160
480,WS_RECV_START,1516286255454,161
480,WS_RECV_END,1516286258582,161
480,PLAYER_SLEEPBEFORE_START,1516286258582,162
480,PLAYER_SLEEPBEFORE_END,1516286258607,162
480,WS_SEND_START,1516286258607,162
480,WS_SEND_END,1516286258607,162
480,WS_RECV_START,1516286258607,163
480,WS_RECV_END,1516286260536,163
480,PLAYER_SLEEPBEFORE_START,1516286260536,164
480,PLAYER_SLEEPBEFORE_END,1516286281348,164
480,WS_SEND_START,1516286281348,164
480,WS_SEND_END,1516286281348,164
480,WS_RECV_START,1516286281348,165
480,WS_RECV_END,1516286283757,165
480,PLAYER_SLEEPBEFORE_START,1516286283757,166
480,PLAYER_SLEEPBEFORE_END,1516286306212,166
480,WS_SEND_START,1516286306212,166
480,WS_SEND_END,1516286306213,166
480,WS_RECV_START,1516286306213,167
480,WS_RECV_END,1516286307358,167
480,PLAYER_SLEEPBEFORE_START,1516286307358,168
480,PLAYER_SLEEPBEFORE_END,1516286334715,168
480,WS_SEND_START,1516286334715,168
480,WS_SEND_END,1516286334715,168
480,WS_RECV_START,1516286334715,169
480,WS_RECV_END,1516286335092,169
480,PLAYER_SLEEPBEFORE_START,1516286335092,170
480,PLAYER_SLEEPBEFORE_END,1516286335101,170
480,WS_SEND_START,1516286335101,170
480,WS_SEND_END,1516286335101,170
480,WS_RECV_START,1516286335101,171
480,WS_RECV_END,1516286335358,171
480,PLAYER_SLEEPBEFORE_START,1516286335358,172
480,PLAYER_SLEEPBEFORE_END,1516286335728,172
480,WS_SEND_START,1516286335728,172
480,WS_SEND_END,1516286335728,172
480,WS_RECV_START,1516286335728,173
480,WS_RECV_END,1516286336658,173
480,PLAYER_SLEEPBEFORE_START,1516286336658,174
480,PLAYER_SLEEPBEFORE_END,1516286336699,174
480,WS_SEND_START,1516286336699,174
480,WS_SEND_END,1516286336699,174
480,WS_RECV_START,1516286336699,175
480,WS_RECV_END,1516286337215,175
480,PLAYER_SLEEPBEFORE_START,1516286337215,176
480,PLAYER_SLEEPBEFORE_END,1516286358976,176
480,WS_SEND_START,1516286358976,176
480,WS_SEND_END,1516286358976,176
480,PLAYER_SLEEPBEFORE_START,1516286358976,177
480,PLAYER_SLEEPBEFORE_END,1516286361494,177
480,WS_SEND_START,1516286361494,177
480,WS_SEND_END,1516286361494,177
480,WS_RECV_START,1516286361494,178
480,WS_RECV_END,1516286361640,178
480,PLAYER_SLEEPBEFORE_START,1516286361640,179
480,PLAYER_SLEEPBEFORE_END,1516286383980,179
480,WS_SEND_START,1516286383980,179
480,WS_SEND_END,1516286383980,179
480,WS_RECV_START,1516286383980,180
480,WS_RECV_END,1516286384268,180
480,PLAYER_SLEEPBEFORE_START,1516286384268,181
480,PLAYER_SLEEPBEFORE_END,1516286384712,181
480,WS_SEND_START,1516286384712,181
480,WS_SEND_END,1516286384712,181
480,WS_RECV_START,1516286384712,182
480,WS_RECV_END,1516286384995,182
480,PLAYER_SLEEPBEFORE_START,1516286384996,183
480,PLAYER_SLEEPBEFORE_END,1516286385519,183
480,WS_SEND_START,1516286385519,183
480,WS_SEND_END,1516286385519,183
480,WS_RECV_START,1516286385519,184
480,WS_RECV_END,1516286385729,184
480,PLAYER_SLEEPBEFORE_START,1516286385729,185
480,PLAYER_SLEEPBEFORE_END,1516286385997,185
480,WS_SEND_START,1516286385997,185
480,WS_SEND_END,1516286385997,185
480,WS_RECV_START,1516286385997,186
480,WS_RECV_END,1516286386141,186
480,PLAYER_SLEEPBEFORE_START,1516286386141,187
480,PLAYER_SLEEPBEFORE_END,1516286408641,187
480,WS_SEND_START,1516286408641,187
480,WS_SEND_END,1516286408641,187
480,WS_RECV_START,1516286408641,188
480,WS_RECV_END,1516286408681,188
480,PLAYER_SLEEPBEFORE_START,1516286408681,189
480,PLAYER_SLEEPBEFORE_END,1516286414920,189
480,WS_SEND_START,1516286414920,189
480,WS_SEND_END,1516286414920,189
480,WS_RECV_START,1516286414920,190
480,WS_RECV_END,1516286415077,190
480,PLAYER_SLEEPBEFORE_START,1516286415077,191
480,PLAYER_SLEEPBEFORE_END,1516286416992,191
480,WS_SEND_START,1516286416992,191
480,WS_SEND_END,1516286416992,191
480,WS_RECV_START,1516286416992,192
480,WS_RECV_END,1516286417248,192
480,PLAYER_SLEEPBEFORE_START,1516286417248,193
480,PLAYER_SLEEPBEFORE_END,1516286417376,193
480,WS_SEND_START,1516286417376,193
480,WS_SEND_END,1516286417376,193
480,WS_RECV_START,1516286417376,194
480,WS_RECV_END,1516286417493,194
480,PLAYER_SLEEPBEFORE_START,1516286417493,195
480,PLAYER_SLEEPBEFORE_END,1516286419248,195
480,WS_SEND_START,1516286419248,195
480,WS_SEND_END,1516286419248,195
480,WS_RECV_START,1516286419248,196
480,WS_RECV_END,1516286419592,196
480,PLAYER_SLEEPBEFORE_START,1516286419592,197
480,PLAYER_SLEEPBEFORE_END,1516286421396,197
480,WS_SEND_START,1516286421396,197
480,WS_SEND_END,1516286421396,197
480,WS_RECV_START,1516286421396,198
480,WS_RECV_END,1516286421623,198
480,PLAYER_SLEEPBEFORE_START,1516286421623,199
480,PLAYER_SLEEPBEFORE_END,1516286433477,199
480,WS_SEND_START,1516286433477,199
480,WS_SEND_END,1516286433477,199
480,PLAYER_SLEEPBEFORE_START,1516286433477,200
480,PLAYER_SLEEPBEFORE_END,1516286437566,200
480,WS_SEND_START,1516286437566,200
480,WS_SEND_END,1516286437566,200
480,WS_RECV_START,1516286437566,201
480,WS_RECV_END,1516286437652,201
480,PLAYER_SLEEPBEFORE_START,1516286437652,202
480,PLAYER_SLEEPBEFORE_END,1516286437666,202
480,WS_SEND_START,1516286437666,202
480,WS_SEND_END,1516286437666,202
480,WS_RECV_START,1516286437666,203
480,WS_RECV_END,1516286437774,203
480,PLAYER_SLEEPBEFORE_START,1516286437774,204
480,PLAYER_SLEEPBEFORE_END,1516286457424,204
480,WS_SEND_START,1516286457424,204
480,WS_SEND_END,1516286457424,204
480,PLAYER_SLEEPBEFORE_START,1516286457424,205
480,PLAYER_SLEEPBEFORE_END,1516286461322,205
480,WS_SEND_START,1516286461322,205
480,WS_SEND_END,1516286461322,205
480,WS_RECV_START,1516286461322,206
480,WS_RECV_END,1516286461460,206
480,PLAYER_SLEEPBEFORE_START,1516286461460,207
480,PLAYER_SLEEPBEFORE_END,1516286478391,207
480,REQ_START,1516286478391,207
480,REQ_END,1516286478399,207
480,PLAYER_SLEEPBEFORE_START,1516286478399,208
480,PLAYER_SLEEPBEFORE_END,1516286485251,208
480,WS_CLOSE_START,1516286485251,208
480,WS_CLOSE_END,1516286485251,208
480,PLAYER_DONE,1516286485251
