# --sessions 540 --app-url=http://shinyloadtest.rstudioservices.com/cran_explorer --output-dir test540 --overwrite-output --log-level warn --start-interval 500 15min.log
thread_id,event,timestamp,input_line_number,comment
538,PLAYER_SESSION_CREATE,1516285277737
538,PLAYER_START_INTERVAL_START,1516285277737
538,PLAYER_START_INTERVAL_END,1516285546737
538,REQ_HOME_START,1516285546737,2
538,REQ_HOME_END,1516285547970,2
538,REQ_START,1516285547970,3
538,REQ_END,1516285549551,3
538,REQ_START,1516285549551,4
538,REQ_END,1516285551150,4
538,REQ_START,1516285551150,5
538,REQ_END,1516285551471,5
538,REQ_START,1516285551471,6
538,REQ_END,1516285551524,6
538,REQ_START,1516285551524,7
538,REQ_END,1516285551561,7
538,REQ_START,1516285551561,8
538,REQ_END,1516285551949,8
538,REQ_START,1516285551949,9
538,REQ_END,1516285552227,9
538,REQ_START,1516285552227,10
538,REQ_END,1516285552242,10
538,REQ_START,1516285552242,11
538,REQ_END,1516285553394,11
538,REQ_START,1516285553394,12
538,REQ_END,1516285553405,12
538,REQ_START,1516285553405,13
538,REQ_END,1516285554926,13
538,REQ_START,1516285554926,14
538,REQ_END,1516285554946,14
538,REQ_START,1516285554946,15
538,REQ_END,1516285555857,15
538,REQ_TOK_START,1516285555857,16
538,REQ_TOK_END,1516285555865,16
538,REQ_SINF_START,1516285555865,17
538,REQ_SINF_END,1516285555872,17
538,WS_OPEN_START,1516285555872,18
538,WS_OPEN_END,1516285555879,18
538,REQ_START,1516285555879,19
538,REQ_END,1516285556703,19
538,WS_RECV_START,1516285556703,20
538,WS_RECV_END,1516285556703,20
538,PLAYER_SLEEPBEFORE_START,1516285556703,21
538,PLAYER_SLEEPBEFORE_END,1516285556708,21
538,WS_SEND_START,1516285556708,21
538,WS_SEND_END,1516285556708,21
538,PLAYER_SLEEPBEFORE_START,1516285556708,22
538,PLAYER_SLEEPBEFORE_END,1516285556709,22
538,WS_SEND_START,1516285556709,22
538,WS_SEND_END,1516285556709,22
538,WS_RECV_INIT_START,1516285556709,23
538,WS_RECV_INIT_END,1516285556732,23
538,WS_RECV_START,1516285556732,24
538,WS_RECV_END,1516285556836,24
538,PLAYER_SLEEPBEFORE_START,1516285556836,25
538,PLAYER_SLEEPBEFORE_END,1516285556843,25
538,REQ_START,1516285556843,25
538,REQ_END,1516285556900,25
538,PLAYER_SLEEPBEFORE_START,1516285556900,26
538,PLAYER_SLEEPBEFORE_END,1516285556901,26
538,REQ_START,1516285556901,26
538,REQ_END,1516285557258,26
538,PLAYER_SLEEPBEFORE_START,1516285557258,27
538,PLAYER_SLEEPBEFORE_END,1516285557261,27
538,REQ_START,1516285557261,27
538,REQ_END,1516285557296,27
538,PLAYER_SLEEPBEFORE_START,1516285557296,28
538,PLAYER_SLEEPBEFORE_END,1516285557581,28
538,REQ_START,1516285557581,28
538,REQ_END,1516285557616,28
538,PLAYER_SLEEPBEFORE_START,1516285557616,29
538,PLAYER_SLEEPBEFORE_END,1516285557791,29
538,WS_SEND_START,1516285557791,29
538,WS_SEND_END,1516285557791,29
538,WS_RECV_START,1516285557791,30
538,WS_RECV_END,1516285558281,30
538,PLAYER_SLEEPBEFORE_START,1516285558281,31
538,PLAYER_SLEEPBEFORE_END,1516285558292,31
538,REQ_START,1516285558292,31
538,REQ_END,1516285559862,31
538,PLAYER_SLEEPBEFORE_START,1516285559862,32
538,PLAYER_SLEEPBEFORE_END,1516285588008,32
538,WS_SEND_START,1516285588008,32
538,WS_SEND_END,1516285588008,32
538,WS_RECV_START,1516285588008,33
538,WS_RECV_END,1516285588196,33
538,PLAYER_SLEEPBEFORE_START,1516285588196,34
538,PLAYER_SLEEPBEFORE_END,1516285614107,34
538,WS_SEND_START,1516285614107,34
538,WS_SEND_END,1516285614107,34
538,WS_RECV_START,1516285614107,35
538,WS_RECV_END,1516285614834,35
538,PLAYER_SLEEPBEFORE_START,1516285614834,36
538,PLAYER_SLEEPBEFORE_END,1516285614844,36
538,WS_SEND_START,1516285614844,36
538,WS_SEND_END,1516285614844,36
538,WS_RECV_START,1516285614844,37
538,WS_RECV_END,1516285614977,37
538,PLAYER_SLEEPBEFORE_START,1516285614977,38
538,PLAYER_SLEEPBEFORE_END,1516285618172,38
538,WS_SEND_START,1516285618172,38
538,WS_SEND_END,1516285618172,38
538,WS_RECV_START,1516285618172,39
538,WS_RECV_END,1516285618336,39
538,PLAYER_SLEEPBEFORE_START,1516285618336,40
538,PLAYER_SLEEPBEFORE_END,1516285618382,40
538,WS_SEND_START,1516285618382,40
538,WS_SEND_END,1516285618382,40
538,WS_RECV_START,1516285618382,41
538,WS_RECV_END,1516285618560,41
538,PLAYER_SLEEPBEFORE_START,1516285618560,42
538,PLAYER_SLEEPBEFORE_END,1516285636695,42
538,WS_SEND_START,1516285636695,42
538,WS_SEND_END,1516285636695,42
538,WS_RECV_START,1516285636695,43
538,WS_RECV_END,1516285637782,43
538,PLAYER_SLEEPBEFORE_START,1516285637782,44
538,PLAYER_SLEEPBEFORE_END,1516285637794,44
538,WS_SEND_START,1516285637794,44
538,WS_SEND_END,1516285637794,44
538,WS_RECV_START,1516285637794,45
538,WS_RECV_END,1516285639061,45
538,PLAYER_SLEEPBEFORE_START,1516285639061,46
538,PLAYER_SLEEPBEFORE_END,1516285640321,46
538,WS_SEND_START,1516285640321,46
538,WS_SEND_END,1516285640321,46
538,WS_RECV_START,1516285640321,47
538,WS_RECV_END,1516285640404,47
538,PLAYER_SLEEPBEFORE_START,1516285640404,48
538,PLAYER_SLEEPBEFORE_END,1516285641724,48
538,WS_SEND_START,1516285641724,48
538,WS_SEND_END,1516285641724,48
538,WS_RECV_START,1516285641724,49
538,WS_RECV_END,1516285642080,49
538,PLAYER_SLEEPBEFORE_START,1516285642080,50
538,PLAYER_SLEEPBEFORE_END,1516285642104,50
538,WS_SEND_START,1516285642104,50
538,WS_SEND_END,1516285642104,50
538,WS_RECV_START,1516285642104,51
538,WS_RECV_END,1516285642435,51
538,PLAYER_SLEEPBEFORE_START,1516285642435,52
538,PLAYER_SLEEPBEFORE_END,1516285664999,52
538,WS_SEND_START,1516285664999,52
538,WS_SEND_END,1516285664999,52
538,WS_RECV_START,1516285664999,53
538,WS_RECV_END,1516285665589,53
538,PLAYER_SLEEPBEFORE_START,1516285665589,54
538,PLAYER_SLEEPBEFORE_END,1516285686892,54
538,WS_SEND_START,1516285686892,54
538,WS_SEND_END,1516285686892,54
538,PLAYER_SLEEPBEFORE_START,1516285686892,55
538,PLAYER_SLEEPBEFORE_END,1516285688833,55
538,WS_SEND_START,1516285688833,55
538,WS_SEND_END,1516285688833,55
538,WS_RECV_START,1516285688833,56
538,WS_RECV_END,1516285688932,56
538,PLAYER_SLEEPBEFORE_START,1516285688932,57
538,PLAYER_SLEEPBEFORE_END,1516285711804,57
538,WS_SEND_START,1516285711804,57
538,WS_SEND_END,1516285711804,57
538,WS_RECV_START,1516285711804,58
538,WS_RECV_END,1516285711967,58
538,PLAYER_SLEEPBEFORE_START,1516285711967,59
538,PLAYER_SLEEPBEFORE_END,1516285714295,59
538,WS_SEND_START,1516285714295,59
538,WS_SEND_END,1516285714295,59
538,WS_RECV_START,1516285714295,60
538,WS_RECV_END,1516285714632,60
538,PLAYER_SLEEPBEFORE_START,1516285714632,61
538,PLAYER_SLEEPBEFORE_END,1516285718223,61
538,WS_SEND_START,1516285718223,61
538,WS_SEND_END,1516285718223,61
538,WS_RECV_START,1516285718223,62
538,WS_RECV_END,1516285718492,62
538,PLAYER_SLEEPBEFORE_START,1516285718492,63
538,PLAYER_SLEEPBEFORE_END,1516285737754,63
538,WS_SEND_START,1516285737754,63
538,WS_SEND_END,1516285737754,63
538,WS_RECV_START,1516285737754,64
538,WS_RECV_END,1516285737828,64
538,PLAYER_SLEEPBEFORE_START,1516285737828,65
538,PLAYER_SLEEPBEFORE_END,1516285764645,65
538,WS_SEND_START,1516285764645,65
538,WS_SEND_END,1516285764645,65
538,WS_RECV_START,1516285764645,66
538,WS_RECV_END,1516285766271,66
538,PLAYER_SLEEPBEFORE_START,1516285766271,67
538,PLAYER_SLEEPBEFORE_END,1516285767778,67
538,WS_SEND_START,1516285767778,67
538,WS_SEND_END,1516285767778,67
538,WS_RECV_START,1516285767779,68
538,WS_RECV_END,1516285768928,68
538,PLAYER_SLEEPBEFORE_START,1516285768928,69
538,PLAYER_SLEEPBEFORE_END,1516285790926,69
538,WS_SEND_START,1516285790926,69
538,WS_SEND_END,1516285790926,69
538,WS_RECV_START,1516285790926,70
538,WS_RECV_END,1516285791712,70
538,PLAYER_SLEEPBEFORE_START,1516285791712,71
538,PLAYER_SLEEPBEFORE_END,1516285816487,71
538,WS_SEND_START,1516285816487,71
538,WS_SEND_END,1516285816487,71
538,PLAYER_SLEEPBEFORE_START,1516285816487,72
538,PLAYER_SLEEPBEFORE_END,1516285819094,72
538,WS_SEND_START,1516285819094,72
538,WS_SEND_END,1516285819094,72
538,WS_RECV_START,1516285819094,73
538,WS_RECV_END,1516285820399,73
538,PLAYER_SLEEPBEFORE_START,1516285820399,74
538,PLAYER_SLEEPBEFORE_END,1516285820408,74
538,WS_SEND_START,1516285820408,74
538,WS_SEND_END,1516285820408,74
538,WS_RECV_START,1516285820408,75
538,WS_RECV_END,1516285821218,75
538,PLAYER_SLEEPBEFORE_START,1516285821218,76
538,PLAYER_SLEEPBEFORE_END,1516285822724,76
538,WS_SEND_START,1516285822724,76
538,WS_SEND_END,1516285822724,76
538,WS_RECV_START,1516285822724,77
538,WS_RECV_END,1516285824066,77
538,PLAYER_SLEEPBEFORE_START,1516285824066,78
538,PLAYER_SLEEPBEFORE_END,1516285824935,78
538,WS_SEND_START,1516285824935,78
538,WS_SEND_END,1516285824935,78
538,WS_RECV_START,1516285824935,79
538,WS_RECV_END,1516285825335,79
538,PLAYER_SLEEPBEFORE_START,1516285825335,80
538,PLAYER_SLEEPBEFORE_END,1516285833001,80
538,WS_SEND_START,1516285833001,80
538,WS_SEND_END,1516285833001,80
538,WS_RECV_START,1516285833001,81
538,WS_RECV_END,1516285834108,81
538,PLAYER_SLEEPBEFORE_START,1516285834108,82
538,PLAYER_SLEEPBEFORE_END,1516285835210,82
538,WS_SEND_START,1516285835210,82
538,WS_SEND_END,1516285835210,82
538,WS_RECV_START,1516285835210,83
538,WS_RECV_END,1516285835735,83
538,PLAYER_SLEEPBEFORE_START,1516285835735,84
538,PLAYER_SLEEPBEFORE_END,1516285836682,84
538,WS_SEND_START,1516285836682,84
538,WS_SEND_END,1516285836682,84
538,WS_RECV_START,1516285836682,85
538,WS_RECV_END,1516285838143,85
538,PLAYER_SLEEPBEFORE_START,1516285838143,86
538,PLAYER_SLEEPBEFORE_END,1516285842315,86
538,WS_SEND_START,1516285842315,86
538,WS_SEND_END,1516285842315,86
538,WS_RECV_START,1516285842315,87
538,WS_RECV_END,1516285843308,87
538,PLAYER_SLEEPBEFORE_START,1516285843308,88
538,PLAYER_SLEEPBEFORE_END,1516285843316,88
538,WS_SEND_START,1516285843316,88
538,WS_SEND_END,1516285843316,88
538,WS_RECV_START,1516285843316,89
538,WS_RECV_END,1516285843740,89
538,PLAYER_SLEEPBEFORE_START,1516285843740,90
538,PLAYER_SLEEPBEFORE_END,1516285870938,90
538,REQ_START,1516285870938,90
538,REQ_END,1516285870945,90
538,PLAYER_SLEEPBEFORE_START,1516285870945,91
538,PLAYER_SLEEPBEFORE_END,1516285878834,91
538,WS_SEND_START,1516285878834,91
538,WS_SEND_END,1516285878834,91
538,WS_RECV_START,1516285878834,92
538,WS_RECV_END,1516285879479,92
538,PLAYER_SLEEPBEFORE_START,1516285879479,93
538,PLAYER_SLEEPBEFORE_END,1516285879494,93
538,WS_SEND_START,1516285879494,93
538,WS_SEND_END,1516285879494,93
538,WS_RECV_START,1516285879494,94
538,WS_RECV_END,1516285879775,94
538,PLAYER_SLEEPBEFORE_START,1516285879775,95
538,PLAYER_SLEEPBEFORE_END,1516285903330,95
538,WS_SEND_START,1516285903330,95
538,WS_SEND_END,1516285903330,95
538,WS_RECV_START,1516285903330,96
538,WS_RECV_END,1516285904719,96
538,PLAYER_SLEEPBEFORE_START,1516285904719,97
538,PLAYER_SLEEPBEFORE_END,1516285927159,97
538,WS_SEND_START,1516285927159,97
538,WS_SEND_END,1516285927159,97
538,WS_RECV_START,1516285927159,98
538,WS_RECV_END,1516285927673,98
538,PLAYER_SLEEPBEFORE_START,1516285927673,99
538,PLAYER_SLEEPBEFORE_END,1516285927694,99
538,WS_SEND_START,1516285927694,99
538,WS_SEND_END,1516285927694,99
538,WS_RECV_START,1516285927694,100
538,WS_RECV_END,1516285929696,100
538,PLAYER_SLEEPBEFORE_START,1516285929696,101
538,PLAYER_SLEEPBEFORE_END,1516285953255,101
538,WS_SEND_START,1516285953255,101
538,WS_SEND_END,1516285953255,101
538,WS_RECV_START,1516285953255,102
538,WS_RECV_END,1516285953903,102
538,PLAYER_SLEEPBEFORE_START,1516285953903,103
538,PLAYER_SLEEPBEFORE_END,1516285977528,103
538,WS_SEND_START,1516285977528,103
538,WS_SEND_END,1516285977529,103
538,WS_RECV_START,1516285977529,104
538,WS_RECV_END,1516285978076,104
538,PLAYER_SLEEPBEFORE_START,1516285978076,105
538,PLAYER_SLEEPBEFORE_END,1516286003454,105
538,WS_SEND_START,1516286003454,105
538,WS_SEND_END,1516286003454,105
538,WS_RECV_START,1516286003454,106
538,WS_RECV_END,1516286004567,106
538,PLAYER_SLEEPBEFORE_START,1516286004567,107
538,PLAYER_SLEEPBEFORE_END,1516286027991,107
538,WS_SEND_START,1516286027991,107
538,WS_SEND_END,1516286027991,107
538,WS_RECV_START,1516286027991,108
538,WS_RECV_END,1516286028993,108
538,PLAYER_SLEEPBEFORE_START,1516286028993,109
538,PLAYER_SLEEPBEFORE_END,1516286029002,109
538,WS_SEND_START,1516286029002,109
538,WS_SEND_END,1516286029002,109
538,WS_RECV_START,1516286029002,110
538,WS_RECV_END,1516286029650,110
538,PLAYER_SLEEPBEFORE_START,1516286029650,111
538,PLAYER_SLEEPBEFORE_END,1516286030609,111
538,WS_SEND_START,1516286030609,111
538,WS_SEND_END,1516286030609,111
538,WS_RECV_START,1516286030609,112
538,WS_RECV_END,1516286032090,112
538,PLAYER_SLEEPBEFORE_START,1516286032090,113
538,PLAYER_SLEEPBEFORE_END,1516286032652,113
538,WS_SEND_START,1516286032652,113
538,WS_SEND_END,1516286032652,113
538,WS_RECV_START,1516286032652,114
538,WS_RECV_END,1516286034377,114
538,PLAYER_SLEEPBEFORE_START,1516286034377,115
538,PLAYER_SLEEPBEFORE_END,1516286034386,115
538,WS_SEND_START,1516286034386,115
538,WS_SEND_END,1516286034386,115
538,WS_RECV_START,1516286034386,116
538,WS_RECV_END,1516286035314,116
538,PLAYER_SLEEPBEFORE_START,1516286035314,117
538,PLAYER_SLEEPBEFORE_END,1516286055674,117
538,WS_SEND_START,1516286055674,117
538,WS_SEND_END,1516286055674,117
538,PLAYER_SLEEPBEFORE_START,1516286055674,118
538,PLAYER_SLEEPBEFORE_END,1516286059426,118
538,WS_SEND_START,1516286059426,118
538,WS_SEND_END,1516286059426,118
538,WS_RECV_START,1516286059426,119
538,WS_RECV_END,1516286060690,119
538,PLAYER_SLEEPBEFORE_START,1516286060690,120
538,PLAYER_SLEEPBEFORE_END,1516286061678,120
538,WS_SEND_START,1516286061678,120
538,WS_SEND_END,1516286061678,120
538,WS_RECV_START,1516286061678,121
538,WS_RECV_END,1516286062752,121
538,PLAYER_SLEEPBEFORE_START,1516286062752,122
538,PLAYER_SLEEPBEFORE_END,1516286063937,122
538,WS_SEND_START,1516286063937,122
538,WS_SEND_END,1516286063937,122
538,WS_RECV_START,1516286063937,123
538,WS_RECV_END,1516286064184,123
538,PLAYER_SLEEPBEFORE_START,1516286064184,124
538,PLAYER_SLEEPBEFORE_END,1516286088589,124
538,WS_SEND_START,1516286088589,124
538,WS_SEND_END,1516286088589,124
538,WS_RECV_START,1516286088589,125
538,WS_RECV_END,1516286088868,125
538,PLAYER_SLEEPBEFORE_START,1516286088868,126
538,PLAYER_SLEEPBEFORE_END,1516286109381,126
538,WS_SEND_START,1516286109381,126
538,WS_SEND_END,1516286109381,126
538,PLAYER_SLEEPBEFORE_START,1516286109381,127
538,PLAYER_SLEEPBEFORE_END,1516286112435,127
538,WS_SEND_START,1516286112435,127
538,WS_SEND_END,1516286112435,127
538,WS_RECV_START,1516286112435,128
538,WS_RECV_END,1516286113982,128
538,PLAYER_SLEEPBEFORE_START,1516286113982,129
538,PLAYER_SLEEPBEFORE_END,1516286114002,129
538,WS_SEND_START,1516286114002,129
538,WS_SEND_END,1516286114002,129
538,WS_RECV_START,1516286114002,130
538,WS_RECV_END,1516286114832,130
538,PLAYER_SLEEPBEFORE_START,1516286114832,131
538,PLAYER_SLEEPBEFORE_END,1516286136460,131
538,WS_SEND_START,1516286136460,131
538,WS_SEND_END,1516286136460,131
538,PLAYER_SLEEPBEFORE_START,1516286136460,132
538,PLAYER_SLEEPBEFORE_END,1516286139541,132
538,WS_SEND_START,1516286139541,132
538,WS_SEND_END,1516286139541,132
538,WS_RECV_START,1516286139541,133
538,WS_RECV_END,1516286141288,133
538,PLAYER_SLEEPBEFORE_START,1516286141288,134
538,PLAYER_SLEEPBEFORE_END,1516286162506,134
538,WS_SEND_START,1516286162506,134
538,WS_SEND_END,1516286162506,134
538,PLAYER_SLEEPBEFORE_START,1516286162506,135
538,PLAYER_SLEEPBEFORE_END,1516286165696,135
538,WS_SEND_START,1516286165696,135
538,WS_SEND_END,1516286165696,135
538,WS_RECV_START,1516286165696,136
538,WS_RECV_END,1516286166930,136
538,PLAYER_SLEEPBEFORE_START,1516286166930,137
538,PLAYER_SLEEPBEFORE_END,1516286166937,137
538,WS_SEND_START,1516286166937,137
538,WS_SEND_END,1516286166937,137
538,WS_RECV_START,1516286166937,138
538,WS_RECV_END,1516286169115,138
538,PLAYER_SLEEPBEFORE_START,1516286169115,139
538,PLAYER_SLEEPBEFORE_END,1516286169805,139
538,WS_SEND_START,1516286169805,139
538,WS_SEND_END,1516286169805,139
538,WS_RECV_START,1516286169805,140
538,WS_RECV_END,1516286171343,140
538,PLAYER_SLEEPBEFORE_START,1516286171343,141
538,PLAYER_SLEEPBEFORE_END,1516286171998,141
538,WS_SEND_START,1516286171999,141
538,WS_SEND_END,1516286171999,141
538,WS_RECV_START,1516286171999,142
538,WS_RECV_END,1516286173864,142
538,PLAYER_SLEEPBEFORE_START,1516286173864,143
538,PLAYER_SLEEPBEFORE_END,1516286173922,143
538,WS_SEND_START,1516286173922,143
538,WS_SEND_END,1516286173922,143
538,WS_RECV_START,1516286173922,144
538,WS_RECV_END,1516286177244,144
538,PLAYER_SLEEPBEFORE_START,1516286177244,145
538,PLAYER_SLEEPBEFORE_END,1516286193306,145
538,REQ_START,1516286193306,145
538,REQ_END,1516286193321,145
538,PLAYER_SLEEPBEFORE_START,1516286193321,146
538,PLAYER_SLEEPBEFORE_END,1516286202198,146
538,WS_SEND_START,1516286202198,146
538,WS_SEND_END,1516286202198,146
538,WS_RECV_START,1516286202198,147
538,WS_RECV_END,1516286208349,147
538,PLAYER_SLEEPBEFORE_START,1516286208349,148
538,PLAYER_SLEEPBEFORE_END,1516286230271,148
538,WS_SEND_START,1516286230271,148
538,WS_SEND_END,1516286230271,148
538,PLAYER_SLEEPBEFORE_START,1516286230271,149
538,PLAYER_SLEEPBEFORE_END,1516286232700,149
538,WS_SEND_START,1516286232700,149
538,WS_SEND_END,1516286232700,149
538,WS_RECV_START,1516286232700,150
538,WS_RECV_END,1516286234960,150
538,PLAYER_SLEEPBEFORE_START,1516286234960,151
538,PLAYER_SLEEPBEFORE_END,1516286235170,151
538,WS_SEND_START,1516286235170,151
538,WS_SEND_END,1516286235170,151
538,WS_RECV_START,1516286235170,152
538,WS_RECV_END,1516286237677,152
538,PLAYER_SLEEPBEFORE_START,1516286237677,153
538,PLAYER_SLEEPBEFORE_END,1516286261604,153
538,WS_SEND_START,1516286261604,153
538,WS_SEND_END,1516286261604,153
538,WS_RECV_START,1516286261604,154
538,WS_RECV_END,1516286264444,154
538,PLAYER_SLEEPBEFORE_START,1516286264444,155
538,PLAYER_SLEEPBEFORE_END,1516286287002,155
538,WS_SEND_START,1516286287002,155
538,WS_SEND_END,1516286287002,155
538,PLAYER_SLEEPBEFORE_START,1516286287002,156
538,PLAYER_SLEEPBEFORE_END,1516286290276,156
538,WS_SEND_START,1516286290276,156
538,WS_SEND_END,1516286290276,156
538,WS_RECV_START,1516286290276,157
538,WS_RECV_END,1516286290881,157
538,PLAYER_SLEEPBEFORE_START,1516286290881,158
538,PLAYER_SLEEPBEFORE_END,1516286290891,158
538,WS_SEND_START,1516286290891,158
538,WS_SEND_END,1516286290891,158
538,WS_RECV_START,1516286290891,159
538,WS_RECV_END,1516286292799,159
538,PLAYER_SLEEPBEFORE_START,1516286292799,160
538,PLAYER_SLEEPBEFORE_END,1516286292974,160
538,WS_SEND_START,1516286292974,160
538,WS_SEND_END,1516286292974,160
538,WS_RECV_START,1516286292974,161
538,WS_RECV_END,1516286294735,161
538,PLAYER_SLEEPBEFORE_START,1516286294735,162
538,PLAYER_SLEEPBEFORE_END,1516286294760,162
538,WS_SEND_START,1516286294760,162
538,WS_SEND_END,1516286294760,162
538,WS_RECV_START,1516286294760,163
538,WS_RECV_END,1516286297120,163
538,PLAYER_SLEEPBEFORE_START,1516286297120,164
538,PLAYER_SLEEPBEFORE_END,1516286317932,164
538,WS_SEND_START,1516286317932,164
538,WS_SEND_END,1516286317932,164
538,WS_RECV_START,1516286317932,165
538,WS_RECV_END,1516286319060,165
538,PLAYER_SLEEPBEFORE_START,1516286319060,166
538,PLAYER_SLEEPBEFORE_END,1516286341515,166
538,WS_SEND_START,1516286341515,166
538,WS_SEND_END,1516286341515,166
538,WS_RECV_START,1516286341515,167
538,WS_RECV_END,1516286342337,167
538,PLAYER_SLEEPBEFORE_START,1516286342337,168
538,PLAYER_SLEEPBEFORE_END,1516286369694,168
538,WS_SEND_START,1516286369694,168
538,WS_SEND_END,1516286369694,168
538,WS_RECV_START,1516286369694,169
538,WS_RECV_END,1516286369747,169
538,PLAYER_SLEEPBEFORE_START,1516286369747,170
538,PLAYER_SLEEPBEFORE_END,1516286369756,170
538,WS_SEND_START,1516286369756,170
538,WS_SEND_END,1516286369756,170
538,WS_RECV_START,1516286369756,171
538,WS_RECV_END,1516286369798,171
538,PLAYER_SLEEPBEFORE_START,1516286369798,172
538,PLAYER_SLEEPBEFORE_END,1516286370167,172
538,WS_SEND_START,1516286370167,172
538,WS_SEND_END,1516286370167,172
538,WS_RECV_START,1516286370167,173
538,WS_RECV_END,1516286370388,173
538,PLAYER_SLEEPBEFORE_START,1516286370388,174
538,PLAYER_SLEEPBEFORE_END,1516286370429,174
538,WS_SEND_START,1516286370429,174
538,WS_SEND_END,1516286370429,174
538,WS_RECV_START,1516286370429,175
538,WS_RECV_END,1516286370680,175
538,PLAYER_SLEEPBEFORE_START,1516286370680,176
538,PLAYER_SLEEPBEFORE_END,1516286392441,176
538,WS_SEND_START,1516286392441,176
538,WS_SEND_END,1516286392441,176
538,PLAYER_SLEEPBEFORE_START,1516286392441,177
538,PLAYER_SLEEPBEFORE_END,1516286394959,177
538,WS_SEND_START,1516286394959,177
538,WS_SEND_END,1516286394959,177
538,WS_RECV_START,1516286394959,178
538,WS_RECV_END,1516286395127,178
538,PLAYER_SLEEPBEFORE_START,1516286395127,179
538,PLAYER_SLEEPBEFORE_END,1516286417467,179
538,WS_SEND_START,1516286417467,179
538,WS_SEND_END,1516286417467,179
538,WS_RECV_START,1516286417467,180
538,WS_RECV_END,1516286417582,180
538,PLAYER_SLEEPBEFORE_START,1516286417582,181
538,PLAYER_SLEEPBEFORE_END,1516286418026,181
538,WS_SEND_START,1516286418026,181
538,WS_SEND_END,1516286418026,181
538,WS_RECV_START,1516286418026,182
538,WS_RECV_END,1516286418188,182
538,PLAYER_SLEEPBEFORE_START,1516286418188,183
538,PLAYER_SLEEPBEFORE_END,1516286418711,183
538,WS_SEND_START,1516286418711,183
538,WS_SEND_END,1516286418711,183
538,WS_RECV_START,1516286418711,184
538,WS_RECV_END,1516286418851,184
538,PLAYER_SLEEPBEFORE_START,1516286418851,185
538,PLAYER_SLEEPBEFORE_END,1516286419119,185
538,WS_SEND_START,1516286419119,185
538,WS_SEND_END,1516286419119,185
538,WS_RECV_START,1516286419119,186
538,WS_RECV_END,1516286419226,186
538,PLAYER_SLEEPBEFORE_START,1516286419226,187
538,PLAYER_SLEEPBEFORE_END,1516286441726,187
538,WS_SEND_START,1516286441726,187
538,WS_SEND_END,1516286441726,187
538,WS_RECV_START,1516286441726,188
538,WS_RECV_END,1516286441771,188
538,PLAYER_SLEEPBEFORE_START,1516286441771,189
538,PLAYER_SLEEPBEFORE_END,1516286448010,189
538,WS_SEND_START,1516286448010,189
538,WS_SEND_END,1516286448010,189
538,WS_RECV_START,1516286448010,190
538,WS_RECV_END,1516286448114,190
538,PLAYER_SLEEPBEFORE_START,1516286448114,191
538,PLAYER_SLEEPBEFORE_END,1516286450029,191
538,WS_SEND_START,1516286450029,191
538,WS_SEND_END,1516286450029,191
538,WS_RECV_START,1516286450029,192
538,WS_RECV_END,1516286450218,192
538,PLAYER_SLEEPBEFORE_START,1516286450218,193
538,PLAYER_SLEEPBEFORE_END,1516286450346,193
538,WS_SEND_START,1516286450346,193
538,WS_SEND_END,1516286450346,193
538,WS_RECV_START,1516286450346,194
538,WS_RECV_END,1516286450451,194
538,PLAYER_SLEEPBEFORE_START,1516286450451,195
538,PLAYER_SLEEPBEFORE_END,1516286452207,195
538,WS_SEND_START,1516286452207,195
538,WS_SEND_END,1516286452207,195
538,WS_RECV_START,1516286452207,196
538,WS_RECV_END,1516286452310,196
538,PLAYER_SLEEPBEFORE_START,1516286452310,197
538,PLAYER_SLEEPBEFORE_END,1516286454114,197
538,WS_SEND_START,1516286454114,197
538,WS_SEND_END,1516286454114,197
538,WS_RECV_START,1516286454114,198
538,WS_RECV_END,1516286454242,198
538,PLAYER_SLEEPBEFORE_START,1516286454242,199
538,PLAYER_SLEEPBEFORE_END,1516286466096,199
538,WS_SEND_START,1516286466096,199
538,WS_SEND_END,1516286466096,199
538,PLAYER_SLEEPBEFORE_START,1516286466096,200
538,PLAYER_SLEEPBEFORE_END,1516286470185,200
538,WS_SEND_START,1516286470185,200
538,WS_SEND_END,1516286470185,200
538,WS_RECV_START,1516286470185,201
538,WS_RECV_END,1516286470273,201
538,PLAYER_SLEEPBEFORE_START,1516286470273,202
538,PLAYER_SLEEPBEFORE_END,1516286470287,202
538,WS_SEND_START,1516286470287,202
538,WS_SEND_END,1516286470287,202
538,WS_RECV_START,1516286470287,203
538,WS_RECV_END,1516286470393,203
538,PLAYER_SLEEPBEFORE_START,1516286470393,204
538,PLAYER_SLEEPBEFORE_END,1516286490043,204
538,WS_SEND_START,1516286490043,204
538,WS_SEND_END,1516286490043,204
538,PLAYER_SLEEPBEFORE_START,1516286490043,205
538,PLAYER_SLEEPBEFORE_END,1516286493941,205
538,WS_SEND_START,1516286493941,205
538,WS_SEND_END,1516286493941,205
538,WS_RECV_START,1516286493941,206
538,WS_RECV_END,1516286494049,206
538,PLAYER_SLEEPBEFORE_START,1516286494049,207
538,PLAYER_SLEEPBEFORE_END,1516286510980,207
538,REQ_START,1516286510980,207
538,REQ_END,1516286510989,207
538,PLAYER_SLEEPBEFORE_START,1516286510989,208
538,PLAYER_SLEEPBEFORE_END,1516286517841,208
538,WS_CLOSE_START,1516286517841,208
538,WS_CLOSE_END,1516286517841,208
538,PLAYER_DONE,1516286517841
