# --sessions 540 --app-url=http://shinyloadtest.rstudioservices.com/cran_explorer --output-dir test540 --overwrite-output --log-level warn --start-interval 500 15min.log
thread_id,event,timestamp,input_line_number,comment
63,PLAYER_SESSION_CREATE,1516285277571
63,PLAYER_START_INTERVAL_START,1516285277571
63,PLAYER_START_INTERVAL_END,1516285309071
63,REQ_HOME_START,1516285309071,2
63,REQ_HOME_END,1516285309154,2
63,REQ_START,1516285309155,3
63,REQ_END,1516285309186,3
63,REQ_START,1516285309186,4
63,REQ_END,1516285309218,4
63,REQ_START,1516285309218,5
63,REQ_END,1516285309253,5
63,REQ_START,1516285309253,6
63,REQ_END,1516285309287,6
63,REQ_START,1516285309287,7
63,REQ_END,1516285309321,7
63,REQ_START,1516285309321,8
63,REQ_END,1516285309358,8
63,REQ_START,1516285309358,9
63,REQ_END,1516285309393,9
63,REQ_START,1516285309393,10
63,REQ_END,1516285309401,10
63,REQ_START,1516285309402,11
63,REQ_END,1516285309433,11
63,REQ_START,1516285309433,12
63,REQ_END,1516285309443,12
63,REQ_START,1516285309443,13
63,REQ_END,1516285309474,13
63,REQ_START,1516285309474,14
63,REQ_END,1516285309488,14
63,REQ_START,1516285309488,15
63,REQ_END,1516285309608,15
63,REQ_TOK_START,1516285309608,16
63,REQ_TOK_END,1516285309615,16
63,REQ_SINF_START,1516285309615,17
63,REQ_SINF_END,1516285309623,17
63,WS_OPEN_START,1516285309623,18
63,WS_OPEN_END,1516285309630,18
63,REQ_START,1516285309630,19
63,REQ_END,1516285309656,19
63,WS_RECV_START,1516285309656,20
63,WS_RECV_END,1516285309656,20
63,PLAYER_SLEEPBEFORE_START,1516285309656,21
63,PLAYER_SLEEPBEFORE_END,1516285309661,21
63,WS_SEND_START,1516285309661,21
63,WS_SEND_END,1516285309661,21
63,PLAYER_SLEEPBEFORE_START,1516285309661,22
63,PLAYER_SLEEPBEFORE_END,1516285309662,22
63,WS_SEND_START,1516285309662,22
63,WS_SEND_END,1516285309662,22
63,WS_RECV_INIT_START,1516285309662,23
63,WS_RECV_INIT_END,1516285309679,23
63,WS_RECV_START,1516285309679,24
63,WS_RECV_END,1516285309725,24
63,PLAYER_SLEEPBEFORE_START,1516285309725,25
63,PLAYER_SLEEPBEFORE_END,1516285309733,25
63,REQ_START,1516285309733,25
63,REQ_END,1516285309763,25
63,PLAYER_SLEEPBEFORE_START,1516285309763,26
63,PLAYER_SLEEPBEFORE_END,1516285309764,26
63,REQ_START,1516285309764,26
63,REQ_END,1516285309796,26
63,PLAYER_SLEEPBEFORE_START,1516285309796,27
63,PLAYER_SLEEPBEFORE_END,1516285309799,27
63,REQ_START,1516285309799,27
63,REQ_END,1516285309832,27
63,PLAYER_SLEEPBEFORE_START,1516285309832,28
63,PLAYER_SLEEPBEFORE_END,1516285310118,28
63,REQ_START,1516285310118,28
63,REQ_END,1516285310150,28
63,PLAYER_SLEEPBEFORE_START,1516285310150,29
63,PLAYER_SLEEPBEFORE_END,1516285310326,29
63,WS_SEND_START,1516285310326,29
63,WS_SEND_END,1516285310326,29
63,WS_RECV_START,1516285310326,30
63,WS_RECV_END,1516285310437,30
63,PLAYER_SLEEPBEFORE_START,1516285310437,31
63,PLAYER_SLEEPBEFORE_END,1516285310448,31
63,REQ_START,1516285310448,31
63,REQ_END,1516285310481,31
63,PLAYER_SLEEPBEFORE_START,1516285310481,32
63,PLAYER_SLEEPBEFORE_END,1516285338626,32
63,WS_SEND_START,1516285338626,32
63,WS_SEND_END,1516285338626,32
63,WS_RECV_START,1516285338626,33
63,WS_RECV_END,1516285338786,33
63,PLAYER_SLEEPBEFORE_START,1516285338786,34
63,PLAYER_SLEEPBEFORE_END,1516285364697,34
63,WS_SEND_START,1516285364697,34
63,WS_SEND_END,1516285364697,34
63,WS_RECV_START,1516285364697,35
63,WS_RECV_END,1516285364885,35
63,PLAYER_SLEEPBEFORE_START,1516285364885,36
63,PLAYER_SLEEPBEFORE_END,1516285364894,36
63,WS_SEND_START,1516285364894,36
63,WS_SEND_END,1516285364894,36
63,WS_RECV_START,1516285364894,37
63,WS_RECV_END,1516285364973,37
63,PLAYER_SLEEPBEFORE_START,1516285364973,38
63,PLAYER_SLEEPBEFORE_END,1516285368168,38
63,WS_SEND_START,1516285368168,38
63,WS_SEND_END,1516285368168,38
63,WS_RECV_START,1516285368168,39
63,WS_RECV_END,1516285368302,39
63,PLAYER_SLEEPBEFORE_START,1516285368302,40
63,PLAYER_SLEEPBEFORE_END,1516285368348,40
63,WS_SEND_START,1516285368348,40
63,WS_SEND_END,1516285368348,40
63,WS_RECV_START,1516285368348,41
63,WS_RECV_END,1516285368526,41
63,PLAYER_SLEEPBEFORE_START,1516285368526,42
63,PLAYER_SLEEPBEFORE_END,1516285386661,42
63,WS_SEND_START,1516285386661,42
63,WS_SEND_END,1516285386661,42
63,WS_RECV_START,1516285386661,43
63,WS_RECV_END,1516285386692,43
63,PLAYER_SLEEPBEFORE_START,1516285386693,44
63,PLAYER_SLEEPBEFORE_END,1516285386705,44
63,WS_SEND_START,1516285386705,44
63,WS_SEND_END,1516285386705,44
63,WS_RECV_START,1516285386705,45
63,WS_RECV_END,1516285386745,45
63,PLAYER_SLEEPBEFORE_START,1516285386745,46
63,PLAYER_SLEEPBEFORE_END,1516285388005,46
63,WS_SEND_START,1516285388005,46
63,WS_SEND_END,1516285388005,46
63,WS_RECV_START,1516285388005,47
63,WS_RECV_END,1516285388080,47
63,PLAYER_SLEEPBEFORE_START,1516285388080,48
63,PLAYER_SLEEPBEFORE_END,1516285389400,48
63,WS_SEND_START,1516285389400,48
63,WS_SEND_END,1516285389400,48
63,WS_RECV_START,1516285389400,49
63,WS_RECV_END,1516285389487,49
63,PLAYER_SLEEPBEFORE_START,1516285389487,50
63,PLAYER_SLEEPBEFORE_END,1516285389511,50
63,WS_SEND_START,1516285389511,50
63,WS_SEND_END,1516285389511,50
63,WS_RECV_START,1516285389511,51
63,WS_RECV_END,1516285389614,51
63,PLAYER_SLEEPBEFORE_START,1516285389614,52
63,PLAYER_SLEEPBEFORE_END,1516285412178,52
63,WS_SEND_START,1516285412178,52
63,WS_SEND_END,1516285412178,52
63,WS_RECV_START,1516285412178,53
63,WS_RECV_END,1516285412302,53
63,PLAYER_SLEEPBEFORE_START,1516285412303,54
63,PLAYER_SLEEPBEFORE_END,1516285433606,54
63,WS_SEND_START,1516285433606,54
63,WS_SEND_END,1516285433606,54
63,PLAYER_SLEEPBEFORE_START,1516285433606,55
63,PLAYER_SLEEPBEFORE_END,1516285435547,55
63,WS_SEND_START,1516285435547,55
63,WS_SEND_END,1516285435547,55
63,WS_RECV_START,1516285435547,56
63,WS_RECV_END,1516285435626,56
63,PLAYER_SLEEPBEFORE_START,1516285435626,57
63,PLAYER_SLEEPBEFORE_END,1516285458498,57
63,WS_SEND_START,1516285458498,57
63,WS_SEND_END,1516285458498,57
63,WS_RECV_START,1516285458498,58
63,WS_RECV_END,1516285458541,58
63,PLAYER_SLEEPBEFORE_START,1516285458541,59
63,PLAYER_SLEEPBEFORE_END,1516285460868,59
63,WS_SEND_START,1516285460868,59
63,WS_SEND_END,1516285460868,59
63,WS_RECV_START,1516285460868,60
63,WS_RECV_END,1516285461056,60
63,PLAYER_SLEEPBEFORE_START,1516285461056,61
63,PLAYER_SLEEPBEFORE_END,1516285464647,61
63,WS_SEND_START,1516285464647,61
63,WS_SEND_END,1516285464647,61
63,WS_RECV_START,1516285464648,62
63,WS_RECV_END,1516285464769,62
63,PLAYER_SLEEPBEFORE_START,1516285464769,63
63,PLAYER_SLEEPBEFORE_END,1516285484031,63
63,WS_SEND_START,1516285484031,63
63,WS_SEND_END,1516285484031,63
63,WS_RECV_START,1516285484031,64
63,WS_RECV_END,1516285484185,64
63,PLAYER_SLEEPBEFORE_START,1516285484185,65
63,PLAYER_SLEEPBEFORE_END,1516285511002,65
63,WS_SEND_START,1516285511002,65
63,WS_SEND_END,1516285511002,65
63,WS_RECV_START,1516285511002,66
63,WS_RECV_END,1516285511183,66
63,PLAYER_SLEEPBEFORE_START,1516285511183,67
63,PLAYER_SLEEPBEFORE_END,1516285512690,67
63,WS_SEND_START,1516285512690,67
63,WS_SEND_END,1516285512690,67
63,WS_RECV_START,1516285512690,68
63,WS_RECV_END,1516285512968,68
63,PLAYER_SLEEPBEFORE_START,1516285512968,69
63,PLAYER_SLEEPBEFORE_END,1516285534971,69
63,WS_SEND_START,1516285534972,69
63,WS_SEND_END,1516285534972,69
63,WS_RECV_START,1516285534972,70
63,WS_RECV_END,1516285535143,70
63,PLAYER_SLEEPBEFORE_START,1516285535143,71
63,PLAYER_SLEEPBEFORE_END,1516285559918,71
63,WS_SEND_START,1516285559918,71
63,WS_SEND_END,1516285559918,71
63,PLAYER_SLEEPBEFORE_START,1516285559918,72
63,PLAYER_SLEEPBEFORE_END,1516285562526,72
63,WS_SEND_START,1516285562526,72
63,WS_SEND_END,1516285562526,72
63,WS_RECV_START,1516285562526,73
63,WS_RECV_END,1516285562628,73
63,PLAYER_SLEEPBEFORE_START,1516285562629,74
63,PLAYER_SLEEPBEFORE_END,1516285562638,74
63,WS_SEND_START,1516285562638,74
63,WS_SEND_END,1516285562638,74
63,WS_RECV_START,1516285562638,75
63,WS_RECV_END,1516285562681,75
63,PLAYER_SLEEPBEFORE_START,1516285562681,76
63,PLAYER_SLEEPBEFORE_END,1516285564187,76
63,WS_SEND_START,1516285564187,76
63,WS_SEND_END,1516285564187,76
63,WS_RECV_START,1516285564187,77
63,WS_RECV_END,1516285564899,77
63,PLAYER_SLEEPBEFORE_START,1516285564899,78
63,PLAYER_SLEEPBEFORE_END,1516285565767,78
63,WS_SEND_START,1516285565767,78
63,WS_SEND_END,1516285565767,78
63,WS_RECV_START,1516285565767,79
63,WS_RECV_END,1516285566182,79
63,PLAYER_SLEEPBEFORE_START,1516285566182,80
63,PLAYER_SLEEPBEFORE_END,1516285573848,80
63,WS_SEND_START,1516285573848,80
63,WS_SEND_END,1516285573848,80
63,WS_RECV_START,1516285573848,81
63,WS_RECV_END,1516285574558,81
63,PLAYER_SLEEPBEFORE_START,1516285574558,82
63,PLAYER_SLEEPBEFORE_END,1516285575660,82
63,WS_SEND_START,1516285575660,82
63,WS_SEND_END,1516285575660,82
63,WS_RECV_START,1516285575660,83
63,WS_RECV_END,1516285576319,83
63,PLAYER_SLEEPBEFORE_START,1516285576319,84
63,PLAYER_SLEEPBEFORE_END,1516285577266,84
63,WS_SEND_START,1516285577266,84
63,WS_SEND_END,1516285577266,84
63,WS_RECV_START,1516285577266,85
63,WS_RECV_END,1516285577403,85
63,PLAYER_SLEEPBEFORE_START,1516285577403,86
63,PLAYER_SLEEPBEFORE_END,1516285581575,86
63,WS_SEND_START,1516285581575,86
63,WS_SEND_END,1516285581575,86
63,WS_RECV_START,1516285581575,87
63,WS_RECV_END,1516285581755,87
63,PLAYER_SLEEPBEFORE_START,1516285581755,88
63,PLAYER_SLEEPBEFORE_END,1516285581763,88
63,WS_SEND_START,1516285581763,88
63,WS_SEND_END,1516285581763,88
63,WS_RECV_START,1516285581763,89
63,WS_RECV_END,1516285581893,89
63,PLAYER_SLEEPBEFORE_START,1516285581893,90
63,PLAYER_SLEEPBEFORE_END,1516285609090,90
63,REQ_START,1516285609090,90
63,REQ_END,1516285609098,90
63,PLAYER_SLEEPBEFORE_START,1516285609098,91
63,PLAYER_SLEEPBEFORE_END,1516285616988,91
63,WS_SEND_START,1516285616988,91
63,WS_SEND_END,1516285616988,91
63,WS_RECV_START,1516285616988,92
63,WS_RECV_END,1516285617401,92
63,PLAYER_SLEEPBEFORE_START,1516285617401,93
63,PLAYER_SLEEPBEFORE_END,1516285617416,93
63,WS_SEND_START,1516285617416,93
63,WS_SEND_END,1516285617416,93
63,WS_RECV_START,1516285617416,94
63,WS_RECV_END,1516285617726,94
63,PLAYER_SLEEPBEFORE_START,1516285617726,95
63,PLAYER_SLEEPBEFORE_END,1516285641281,95
63,WS_SEND_START,1516285641281,95
63,WS_SEND_END,1516285641281,95
63,WS_RECV_START,1516285641281,96
63,WS_RECV_END,1516285641698,96
63,PLAYER_SLEEPBEFORE_START,1516285641698,97
63,PLAYER_SLEEPBEFORE_END,1516285664138,97
63,WS_SEND_START,1516285664138,97
63,WS_SEND_END,1516285664138,97
63,WS_RECV_START,1516285664138,98
63,WS_RECV_END,1516285664471,98
63,PLAYER_SLEEPBEFORE_START,1516285664471,99
63,PLAYER_SLEEPBEFORE_END,1516285664492,99
63,WS_SEND_START,1516285664492,99
63,WS_SEND_END,1516285664492,99
63,WS_RECV_START,1516285664492,100
63,WS_RECV_END,1516285664850,100
63,PLAYER_SLEEPBEFORE_START,1516285664850,101
63,PLAYER_SLEEPBEFORE_END,1516285688410,101
63,WS_SEND_START,1516285688410,101
63,WS_SEND_END,1516285688410,101
63,WS_RECV_START,1516285688410,102
63,WS_RECV_END,1516285688732,102
63,PLAYER_SLEEPBEFORE_START,1516285688732,103
63,PLAYER_SLEEPBEFORE_END,1516285712357,103
63,WS_SEND_START,1516285712357,103
63,WS_SEND_END,1516285712357,103
63,WS_RECV_START,1516285712357,104
63,WS_RECV_END,1516285712540,104
63,PLAYER_SLEEPBEFORE_START,1516285712540,105
63,PLAYER_SLEEPBEFORE_END,1516285737917,105
63,WS_SEND_START,1516285737918,105
63,WS_SEND_END,1516285737918,105
63,WS_RECV_START,1516285737918,106
63,WS_RECV_END,1516285738391,106
63,PLAYER_SLEEPBEFORE_START,1516285738391,107
63,PLAYER_SLEEPBEFORE_END,1516285761814,107
63,WS_SEND_START,1516285761814,107
63,WS_SEND_END,1516285761814,107
63,WS_RECV_START,1516285761814,108
63,WS_RECV_END,1516285762799,108
63,PLAYER_SLEEPBEFORE_START,1516285762799,109
63,PLAYER_SLEEPBEFORE_END,1516285762808,109
63,WS_SEND_START,1516285762808,109
63,WS_SEND_END,1516285762808,109
63,WS_RECV_START,1516285762808,110
63,WS_RECV_END,1516285763645,110
63,PLAYER_SLEEPBEFORE_START,1516285763645,111
63,PLAYER_SLEEPBEFORE_END,1516285764604,111
63,WS_SEND_START,1516285764604,111
63,WS_SEND_END,1516285764604,111
63,WS_RECV_START,1516285764605,112
63,WS_RECV_END,1516285765306,112
63,PLAYER_SLEEPBEFORE_START,1516285765306,113
63,PLAYER_SLEEPBEFORE_END,1516285765868,113
63,WS_SEND_START,1516285765868,113
63,WS_SEND_END,1516285765868,113
63,WS_RECV_START,1516285765868,114
63,WS_RECV_END,1516285766768,114
63,PLAYER_SLEEPBEFORE_START,1516285766768,115
63,PLAYER_SLEEPBEFORE_END,1516285766777,115
63,WS_SEND_START,1516285766777,115
63,WS_SEND_END,1516285766777,115
63,WS_RECV_START,1516285766777,116
63,WS_RECV_END,1516285767280,116
63,PLAYER_SLEEPBEFORE_START,1516285767280,117
63,PLAYER_SLEEPBEFORE_END,1516285787640,117
63,WS_SEND_START,1516285787640,117
63,WS_SEND_END,1516285787640,117
63,PLAYER_SLEEPBEFORE_START,1516285787640,118
63,PLAYER_SLEEPBEFORE_END,1516285791392,118
63,WS_SEND_START,1516285791392,118
63,WS_SEND_END,1516285791392,118
63,WS_RECV_START,1516285791392,119
63,WS_RECV_END,1516285792330,119
63,PLAYER_SLEEPBEFORE_START,1516285792330,120
63,PLAYER_SLEEPBEFORE_END,1516285793318,120
63,WS_SEND_START,1516285793318,120
63,WS_SEND_END,1516285793318,120
63,WS_RECV_START,1516285793318,121
63,WS_RECV_END,1516285793904,121
63,PLAYER_SLEEPBEFORE_START,1516285793904,122
63,PLAYER_SLEEPBEFORE_END,1516285795089,122
63,WS_SEND_START,1516285795089,122
63,WS_SEND_END,1516285795089,122
63,WS_RECV_START,1516285795089,123
63,WS_RECV_END,1516285796399,123
63,PLAYER_SLEEPBEFORE_START,1516285796399,124
63,PLAYER_SLEEPBEFORE_END,1516285820804,124
63,WS_SEND_START,1516285820804,124
63,WS_SEND_END,1516285820804,124
63,WS_RECV_START,1516285820804,125
63,WS_RECV_END,1516285821963,125
63,PLAYER_SLEEPBEFORE_START,1516285821963,126
63,PLAYER_SLEEPBEFORE_END,1516285842475,126
63,WS_SEND_START,1516285842475,126
63,WS_SEND_END,1516285842475,126
63,PLAYER_SLEEPBEFORE_START,1516285842475,127
63,PLAYER_SLEEPBEFORE_END,1516285845529,127
63,WS_SEND_START,1516285845529,127
63,WS_SEND_END,1516285845529,127
63,WS_RECV_START,1516285845529,128
63,WS_RECV_END,1516285846382,128
63,PLAYER_SLEEPBEFORE_START,1516285846382,129
63,PLAYER_SLEEPBEFORE_END,1516285846402,129
63,WS_SEND_START,1516285846402,129
63,WS_SEND_END,1516285846402,129
63,WS_RECV_START,1516285846402,130
63,WS_RECV_END,1516285847792,130
63,PLAYER_SLEEPBEFORE_START,1516285847792,131
63,PLAYER_SLEEPBEFORE_END,1516285869416,131
63,WS_SEND_START,1516285869416,131
63,WS_SEND_END,1516285869416,131
63,PLAYER_SLEEPBEFORE_START,1516285869416,132
63,PLAYER_SLEEPBEFORE_END,1516285872496,132
63,WS_SEND_START,1516285872496,132
63,WS_SEND_END,1516285872496,132
63,WS_RECV_START,1516285872496,133
63,WS_RECV_END,1516285873838,133
63,PLAYER_SLEEPBEFORE_START,1516285873838,134
63,PLAYER_SLEEPBEFORE_END,1516285895055,134
63,WS_SEND_START,1516285895055,134
63,WS_SEND_END,1516285895055,134
63,PLAYER_SLEEPBEFORE_START,1516285895055,135
63,PLAYER_SLEEPBEFORE_END,1516285898245,135
63,WS_SEND_START,1516285898245,135
63,WS_SEND_END,1516285898245,135
63,WS_RECV_START,1516285898245,136
63,WS_RECV_END,1516285899159,136
63,PLAYER_SLEEPBEFORE_START,1516285899159,137
63,PLAYER_SLEEPBEFORE_END,1516285899167,137
63,WS_SEND_START,1516285899167,137
63,WS_SEND_END,1516285899167,137
63,WS_RECV_START,1516285899167,138
63,WS_RECV_END,1516285899406,138
63,PLAYER_SLEEPBEFORE_START,1516285899406,139
63,PLAYER_SLEEPBEFORE_END,1516285900096,139
63,WS_SEND_START,1516285900096,139
63,WS_SEND_END,1516285900096,139
63,WS_RECV_START,1516285900096,140
63,WS_RECV_END,1516285900338,140
63,PLAYER_SLEEPBEFORE_START,1516285900338,141
63,PLAYER_SLEEPBEFORE_END,1516285900993,141
63,WS_SEND_START,1516285900993,141
63,WS_SEND_END,1516285900993,141
63,WS_RECV_START,1516285900993,142
63,WS_RECV_END,1516285901608,142
63,PLAYER_SLEEPBEFORE_START,1516285901609,143
63,PLAYER_SLEEPBEFORE_END,1516285901666,143
63,WS_SEND_START,1516285901666,143
63,WS_SEND_END,1516285901666,143
63,WS_RECV_START,1516285901666,144
63,WS_RECV_END,1516285902142,144
63,PLAYER_SLEEPBEFORE_START,1516285902142,145
63,PLAYER_SLEEPBEFORE_END,1516285918205,145
63,REQ_START,1516285918205,145
63,REQ_END,1516285918213,145
63,PLAYER_SLEEPBEFORE_START,1516285918213,146
63,PLAYER_SLEEPBEFORE_END,1516285927091,146
63,WS_SEND_START,1516285927091,146
63,WS_SEND_END,1516285927091,146
63,WS_RECV_START,1516285927091,147
63,WS_RECV_END,1516285928035,147
63,PLAYER_SLEEPBEFORE_START,1516285928035,148
63,PLAYER_SLEEPBEFORE_END,1516285949957,148
63,WS_SEND_START,1516285949957,148
63,WS_SEND_END,1516285949957,148
63,PLAYER_SLEEPBEFORE_START,1516285949957,149
63,PLAYER_SLEEPBEFORE_END,1516285952385,149
63,WS_SEND_START,1516285952385,149
63,WS_SEND_END,1516285952385,149
63,WS_RECV_START,1516285952385,150
63,WS_RECV_END,1516285953262,150
63,PLAYER_SLEEPBEFORE_START,1516285953262,151
63,PLAYER_SLEEPBEFORE_END,1516285953472,151
63,WS_SEND_START,1516285953472,151
63,WS_SEND_END,1516285953472,151
63,WS_RECV_START,1516285953472,152
63,WS_RECV_END,1516285954406,152
63,PLAYER_SLEEPBEFORE_START,1516285954406,153
63,PLAYER_SLEEPBEFORE_END,1516285978333,153
63,WS_SEND_START,1516285978333,153
63,WS_SEND_END,1516285978333,153
63,WS_RECV_START,1516285978333,154
63,WS_RECV_END,1516285979825,154
63,PLAYER_SLEEPBEFORE_START,1516285979825,155
63,PLAYER_SLEEPBEFORE_END,1516286002383,155
63,WS_SEND_START,1516286002383,155
63,WS_SEND_END,1516286002383,155
63,PLAYER_SLEEPBEFORE_START,1516286002383,156
63,PLAYER_SLEEPBEFORE_END,1516286005661,156
63,WS_SEND_START,1516286005661,156
63,WS_SEND_END,1516286005661,156
63,WS_RECV_START,1516286005661,157
63,WS_RECV_END,1516286008028,157
63,PLAYER_SLEEPBEFORE_START,1516286008028,158
63,PLAYER_SLEEPBEFORE_END,1516286008039,158
63,WS_SEND_START,1516286008039,158
63,WS_SEND_END,1516286008039,158
63,WS_RECV_START,1516286008039,159
63,WS_RECV_END,1516286009294,159
63,PLAYER_SLEEPBEFORE_START,1516286009294,160
63,PLAYER_SLEEPBEFORE_END,1516286009469,160
63,WS_SEND_START,1516286009469,160
63,WS_SEND_END,1516286009469,160
63,WS_RECV_START,1516286009469,161
63,WS_RECV_END,1516286010483,161
63,PLAYER_SLEEPBEFORE_START,1516286010483,162
63,PLAYER_SLEEPBEFORE_END,1516286010508,162
63,WS_SEND_START,1516286010508,162
63,WS_SEND_END,1516286010508,162
63,WS_RECV_START,1516286010508,163
63,WS_RECV_END,1516286011435,163
63,PLAYER_SLEEPBEFORE_START,1516286011435,164
63,PLAYER_SLEEPBEFORE_END,1516286032247,164
63,WS_SEND_START,1516286032247,164
63,WS_SEND_END,1516286032247,164
63,WS_RECV_START,1516286032247,165
63,WS_RECV_END,1516286034130,165
63,PLAYER_SLEEPBEFORE_START,1516286034130,166
63,PLAYER_SLEEPBEFORE_END,1516286056585,166
63,WS_SEND_START,1516286056585,166
63,WS_SEND_END,1516286056585,166
63,WS_RECV_START,1516286056585,167
63,WS_RECV_END,1516286056829,167
63,PLAYER_SLEEPBEFORE_START,1516286056829,168
63,PLAYER_SLEEPBEFORE_END,1516286084186,168
63,WS_SEND_START,1516286084186,168
63,WS_SEND_END,1516286084186,168
63,WS_RECV_START,1516286084186,169
63,WS_RECV_END,1516286084702,169
63,PLAYER_SLEEPBEFORE_START,1516286084702,170
63,PLAYER_SLEEPBEFORE_END,1516286084711,170
63,WS_SEND_START,1516286084711,170
63,WS_SEND_END,1516286084711,170
63,WS_RECV_START,1516286084711,171
63,WS_RECV_END,1516286085102,171
63,PLAYER_SLEEPBEFORE_START,1516286085102,172
63,PLAYER_SLEEPBEFORE_END,1516286085471,172
63,WS_SEND_START,1516286085471,172
63,WS_SEND_END,1516286085471,172
63,WS_RECV_START,1516286085471,173
63,WS_RECV_END,1516286085805,173
63,PLAYER_SLEEPBEFORE_START,1516286085805,174
63,PLAYER_SLEEPBEFORE_END,1516286085846,174
63,WS_SEND_START,1516286085846,174
63,WS_SEND_END,1516286085846,174
63,WS_RECV_START,1516286085846,175
63,WS_RECV_END,1516286086499,175
63,PLAYER_SLEEPBEFORE_START,1516286086499,176
63,PLAYER_SLEEPBEFORE_END,1516286108260,176
63,WS_SEND_START,1516286108260,176
63,WS_SEND_END,1516286108260,176
63,PLAYER_SLEEPBEFORE_START,1516286108260,177
63,PLAYER_SLEEPBEFORE_END,1516286110778,177
63,WS_SEND_START,1516286110778,177
63,WS_SEND_END,1516286110778,177
63,WS_RECV_START,1516286110778,178
63,WS_RECV_END,1516286111743,178
63,PLAYER_SLEEPBEFORE_START,1516286111743,179
63,PLAYER_SLEEPBEFORE_END,1516286134083,179
63,WS_SEND_START,1516286134083,179
63,WS_SEND_END,1516286134083,179
63,WS_RECV_START,1516286134083,180
63,WS_RECV_END,1516286136043,180
63,PLAYER_SLEEPBEFORE_START,1516286136043,181
63,PLAYER_SLEEPBEFORE_END,1516286136487,181
63,WS_SEND_START,1516286136487,181
63,WS_SEND_END,1516286136487,181
63,WS_RECV_START,1516286136487,182
63,WS_RECV_END,1516286138991,182
63,PLAYER_SLEEPBEFORE_START,1516286138991,183
63,PLAYER_SLEEPBEFORE_END,1516286139514,183
63,WS_SEND_START,1516286139514,183
63,WS_SEND_END,1516286139514,183
63,WS_RECV_START,1516286139514,184
63,WS_RECV_END,1516286140712,184
63,PLAYER_SLEEPBEFORE_START,1516286140712,185
63,PLAYER_SLEEPBEFORE_END,1516286140980,185
63,WS_SEND_START,1516286140980,185
63,WS_SEND_END,1516286140980,185
63,WS_RECV_START,1516286140980,186
63,WS_RECV_END,1516286142610,186
63,PLAYER_SLEEPBEFORE_START,1516286142610,187
63,PLAYER_SLEEPBEFORE_END,1516286165110,187
63,WS_SEND_START,1516286165110,187
63,WS_SEND_END,1516286165110,187
63,WS_RECV_START,1516286165110,188
63,WS_RECV_END,1516286170380,188
63,PLAYER_SLEEPBEFORE_START,1516286170380,189
63,PLAYER_SLEEPBEFORE_END,1516286176619,189
63,WS_SEND_START,1516286176619,189
63,WS_SEND_END,1516286176619,189
63,WS_RECV_START,1516286176619,190
63,WS_RECV_END,1516286182947,190
63,PLAYER_SLEEPBEFORE_START,1516286182947,191
63,PLAYER_SLEEPBEFORE_END,1516286184862,191
63,WS_SEND_START,1516286184862,191
63,WS_SEND_END,1516286184862,191
63,WS_RECV_START,1516286184862,192
63,WS_RECV_END,1516286192380,192
63,PLAYER_SLEEPBEFORE_START,1516286192380,193
63,PLAYER_SLEEPBEFORE_END,1516286192508,193
63,WS_SEND_START,1516286192508,193
63,WS_SEND_END,1516286192508,193
63,WS_RECV_START,1516286192508,194
63,WS_RECV_END,1516286196644,194
63,PLAYER_SLEEPBEFORE_START,1516286196644,195
63,PLAYER_SLEEPBEFORE_END,1516286198399,195
63,WS_SEND_START,1516286198399,195
63,WS_SEND_END,1516286198399,195
63,WS_RECV_START,1516286198399,196
63,WS_RECV_END,1516286200410,196
63,PLAYER_SLEEPBEFORE_START,1516286200410,197
63,PLAYER_SLEEPBEFORE_END,1516286202214,197
63,WS_SEND_START,1516286202214,197
63,WS_SEND_END,1516286202215,197
63,WS_RECV_START,1516286202215,198
63,WS_RECV_END,1516286204274,198
63,PLAYER_SLEEPBEFORE_START,1516286204274,199
63,PLAYER_SLEEPBEFORE_END,1516286216128,199
63,WS_SEND_START,1516286216128,199
63,WS_SEND_END,1516286216128,199
63,PLAYER_SLEEPBEFORE_START,1516286216128,200
63,PLAYER_SLEEPBEFORE_END,1516286220216,200
63,WS_SEND_START,1516286220216,200
63,WS_SEND_END,1516286220216,200
63,WS_RECV_START,1516286220216,201
63,WS_RECV_END,1516286220672,201
63,PLAYER_SLEEPBEFORE_START,1516286220672,202
63,PLAYER_SLEEPBEFORE_END,1516286220686,202
63,WS_SEND_START,1516286220687,202
63,WS_SEND_END,1516286220687,202
63,WS_RECV_START,1516286220687,203
63,WS_RECV_END,1516286224281,203
63,PLAYER_SLEEPBEFORE_START,1516286224281,204
63,PLAYER_SLEEPBEFORE_END,1516286243930,204
63,WS_SEND_START,1516286243930,204
63,WS_SEND_END,1516286243930,204
63,PLAYER_SLEEPBEFORE_START,1516286243930,205
63,PLAYER_SLEEPBEFORE_END,1516286247828,205
63,WS_SEND_START,1516286247828,205
63,WS_SEND_END,1516286247828,205
63,WS_RECV_START,1516286247828,206
63,WS_RECV_END,1516286250264,206
63,PLAYER_SLEEPBEFORE_START,1516286250264,207
63,PLAYER_SLEEPBEFORE_END,1516286267195,207
63,REQ_START,1516286267195,207
63,REQ_END,1516286267203,207
63,PLAYER_SLEEPBEFORE_START,1516286267203,208
63,PLAYER_SLEEPBEFORE_END,1516286274055,208
63,WS_CLOSE_START,1516286274055,208
63,WS_CLOSE_END,1516286274055,208
63,PLAYER_DONE,1516286274055
