# --sessions 540 --app-url=http://shinyloadtest.rstudioservices.com/cran_explorer --output-dir test540 --overwrite-output --log-level warn --start-interval 500 15min.log
thread_id,event,timestamp,input_line_number,comment
98,PLAYER_SESSION_CREATE,1516285277581
98,PLAYER_START_INTERVAL_START,1516285277581
98,PLAYER_START_INTERVAL_END,1516285326581
98,REQ_HOME_START,1516285326581,2
98,REQ_HOME_END,1516285326666,2
98,REQ_START,1516285326666,3
98,REQ_END,1516285326700,3
98,REQ_START,1516285326700,4
98,REQ_END,1516285326730,4
98,REQ_START,1516285326730,5
98,REQ_END,1516285326764,5
98,REQ_START,1516285326764,6
98,REQ_END,1516285326797,6
98,REQ_START,1516285326797,7
98,REQ_END,1516285326828,7
98,REQ_START,1516285326828,8
98,REQ_END,1516285326866,8
98,REQ_START,1516285326866,9
98,REQ_END,1516285326901,9
98,REQ_START,1516285326901,10
98,REQ_END,1516285326909,10
98,REQ_START,1516285326909,11
98,REQ_END,1516285326940,11
98,REQ_START,1516285326940,12
98,REQ_END,1516285326950,12
98,REQ_START,1516285326950,13
98,REQ_END,1516285326980,13
98,REQ_START,1516285326980,14
98,REQ_END,1516285326994,14
98,REQ_START,1516285326994,15
98,REQ_END,1516285327029,15
98,REQ_TOK_START,1516285327029,16
98,REQ_TOK_END,1516285327036,16
98,REQ_SINF_START,1516285327036,17
98,REQ_SINF_END,1516285327044,17
98,WS_OPEN_START,1516285327044,18
98,WS_OPEN_END,1516285327050,18
98,REQ_START,1516285327050,19
98,REQ_END,1516285327172,19
98,WS_RECV_START,1516285327172,20
98,WS_RECV_END,1516285327172,20
98,PLAYER_SLEEPBEFORE_START,1516285327172,21
98,PLAYER_SLEEPBEFORE_END,1516285327177,21
98,WS_SEND_START,1516285327177,21
98,WS_SEND_END,1516285327177,21
98,PLAYER_SLEEPBEFORE_START,1516285327177,22
98,PLAYER_SLEEPBEFORE_END,1516285327178,22
98,WS_SEND_START,1516285327178,22
98,WS_SEND_END,1516285327179,22
98,WS_RECV_INIT_START,1516285327179,23
98,WS_RECV_INIT_END,1516285327195,23
98,WS_RECV_START,1516285327195,24
98,WS_RECV_END,1516285327260,24
98,PLAYER_SLEEPBEFORE_START,1516285327260,25
98,PLAYER_SLEEPBEFORE_END,1516285327267,25
98,REQ_START,1516285327267,25
98,REQ_END,1516285327299,25
98,PLAYER_SLEEPBEFORE_START,1516285327299,26
98,PLAYER_SLEEPBEFORE_END,1516285327304,26
98,REQ_START,1516285327304,26
98,REQ_END,1516285327337,26
98,PLAYER_SLEEPBEFORE_START,1516285327337,27
98,PLAYER_SLEEPBEFORE_END,1516285327340,27
98,REQ_START,1516285327340,27
98,REQ_END,1516285327371,27
98,PLAYER_SLEEPBEFORE_START,1516285327371,28
98,PLAYER_SLEEPBEFORE_END,1516285327657,28
98,REQ_START,1516285327657,28
98,REQ_END,1516285327690,28
98,PLAYER_SLEEPBEFORE_START,1516285327690,29
98,PLAYER_SLEEPBEFORE_END,1516285327866,29
98,WS_SEND_START,1516285327866,29
98,WS_SEND_END,1516285327866,29
98,WS_RECV_START,1516285327866,30
98,WS_RECV_END,1516285327966,30
98,PLAYER_SLEEPBEFORE_START,1516285327966,31
98,PLAYER_SLEEPBEFORE_END,1516285327977,31
98,REQ_START,1516285327977,31
98,REQ_END,1516285328010,31
98,PLAYER_SLEEPBEFORE_START,1516285328010,32
98,PLAYER_SLEEPBEFORE_END,1516285356155,32
98,WS_SEND_START,1516285356155,32
98,WS_SEND_END,1516285356155,32
98,WS_RECV_START,1516285356155,33
98,WS_RECV_END,1516285356252,33
98,PLAYER_SLEEPBEFORE_START,1516285356252,34
98,PLAYER_SLEEPBEFORE_END,1516285382163,34
98,WS_SEND_START,1516285382163,34
98,WS_SEND_END,1516285382163,34
98,WS_RECV_START,1516285382163,35
98,WS_RECV_END,1516285382250,35
98,PLAYER_SLEEPBEFORE_START,1516285382250,36
98,PLAYER_SLEEPBEFORE_END,1516285382260,36
98,WS_SEND_START,1516285382260,36
98,WS_SEND_END,1516285382260,36
98,WS_RECV_START,1516285382260,37
98,WS_RECV_END,1516285382301,37
98,PLAYER_SLEEPBEFORE_START,1516285382301,38
98,PLAYER_SLEEPBEFORE_END,1516285385496,38
98,WS_SEND_START,1516285385496,38
98,WS_SEND_END,1516285385496,38
98,WS_RECV_START,1516285385496,39
98,WS_RECV_END,1516285385625,39
98,PLAYER_SLEEPBEFORE_START,1516285385625,40
98,PLAYER_SLEEPBEFORE_END,1516285385671,40
98,WS_SEND_START,1516285385671,40
98,WS_SEND_END,1516285385671,40
98,WS_RECV_START,1516285385671,41
98,WS_RECV_END,1516285385776,41
98,PLAYER_SLEEPBEFORE_START,1516285385776,42
98,PLAYER_SLEEPBEFORE_END,1516285403911,42
98,WS_SEND_START,1516285403911,42
98,WS_SEND_END,1516285403911,42
98,WS_RECV_START,1516285403911,43
98,WS_RECV_END,1516285404033,43
98,PLAYER_SLEEPBEFORE_START,1516285404033,44
98,PLAYER_SLEEPBEFORE_END,1516285404045,44
98,WS_SEND_START,1516285404045,44
98,WS_SEND_END,1516285404045,44
98,WS_RECV_START,1516285404045,45
98,WS_RECV_END,1516285404085,45
98,PLAYER_SLEEPBEFORE_START,1516285404085,46
98,PLAYER_SLEEPBEFORE_END,1516285405345,46
98,WS_SEND_START,1516285405345,46
98,WS_SEND_END,1516285405345,46
98,WS_RECV_START,1516285405345,47
98,WS_RECV_END,1516285405389,47
98,PLAYER_SLEEPBEFORE_START,1516285405389,48
98,PLAYER_SLEEPBEFORE_END,1516285406709,48
98,WS_SEND_START,1516285406709,48
98,WS_SEND_END,1516285406709,48
98,WS_RECV_START,1516285406709,49
98,WS_RECV_END,1516285406836,49
98,PLAYER_SLEEPBEFORE_START,1516285406836,50
98,PLAYER_SLEEPBEFORE_END,1516285406860,50
98,WS_SEND_START,1516285406860,50
98,WS_SEND_END,1516285406860,50
98,WS_RECV_START,1516285406860,51
98,WS_RECV_END,1516285407004,51
98,PLAYER_SLEEPBEFORE_START,1516285407004,52
98,PLAYER_SLEEPBEFORE_END,1516285429569,52
98,WS_SEND_START,1516285429569,52
98,WS_SEND_END,1516285429569,52
98,WS_RECV_START,1516285429569,53
98,WS_RECV_END,1516285429680,53
98,PLAYER_SLEEPBEFORE_START,1516285429680,54
98,PLAYER_SLEEPBEFORE_END,1516285450983,54
98,WS_SEND_START,1516285450983,54
98,WS_SEND_END,1516285450983,54
98,PLAYER_SLEEPBEFORE_START,1516285450983,55
98,PLAYER_SLEEPBEFORE_END,1516285452924,55
98,WS_SEND_START,1516285452924,55
98,WS_SEND_END,1516285452924,55
98,WS_RECV_START,1516285452924,56
98,WS_RECV_END,1516285452969,56
98,PLAYER_SLEEPBEFORE_START,1516285452969,57
98,PLAYER_SLEEPBEFORE_END,1516285475842,57
98,WS_SEND_START,1516285475842,57
98,WS_SEND_END,1516285475842,57
98,WS_RECV_START,1516285475842,58
98,WS_RECV_END,1516285475914,58
98,PLAYER_SLEEPBEFORE_START,1516285475914,59
98,PLAYER_SLEEPBEFORE_END,1516285478241,59
98,WS_SEND_START,1516285478241,59
98,WS_SEND_END,1516285478241,59
98,WS_RECV_START,1516285478241,60
98,WS_RECV_END,1516285478379,60
98,PLAYER_SLEEPBEFORE_START,1516285478379,61
98,PLAYER_SLEEPBEFORE_END,1516285481970,61
98,WS_SEND_START,1516285481970,61
98,WS_SEND_END,1516285481970,61
98,WS_RECV_START,1516285481970,62
98,WS_RECV_END,1516285482290,62
98,PLAYER_SLEEPBEFORE_START,1516285482290,63
98,PLAYER_SLEEPBEFORE_END,1516285501552,63
98,WS_SEND_START,1516285501552,63
98,WS_SEND_END,1516285501552,63
98,WS_RECV_START,1516285501552,64
98,WS_RECV_END,1516285501650,64
98,PLAYER_SLEEPBEFORE_START,1516285501650,65
98,PLAYER_SLEEPBEFORE_END,1516285528467,65
98,WS_SEND_START,1516285528467,65
98,WS_SEND_END,1516285528467,65
98,WS_RECV_START,1516285528467,66
98,WS_RECV_END,1516285528707,66
98,PLAYER_SLEEPBEFORE_START,1516285528707,67
98,PLAYER_SLEEPBEFORE_END,1516285530214,67
98,WS_SEND_START,1516285530214,67
98,WS_SEND_END,1516285530214,67
98,WS_RECV_START,1516285530214,68
98,WS_RECV_END,1516285530409,68
98,PLAYER_SLEEPBEFORE_START,1516285530409,69
98,PLAYER_SLEEPBEFORE_END,1516285552407,69
98,WS_SEND_START,1516285552407,69
98,WS_SEND_END,1516285552407,69
98,WS_RECV_START,1516285552407,70
98,WS_RECV_END,1516285552736,70
98,PLAYER_SLEEPBEFORE_START,1516285552736,71
98,PLAYER_SLEEPBEFORE_END,1516285577511,71
98,WS_SEND_START,1516285577511,71
98,WS_SEND_END,1516285577511,71
98,PLAYER_SLEEPBEFORE_START,1516285577511,72
98,PLAYER_SLEEPBEFORE_END,1516285580118,72
98,WS_SEND_START,1516285580118,72
98,WS_SEND_END,1516285580118,72
98,WS_RECV_START,1516285580118,73
98,WS_RECV_END,1516285580661,73
98,PLAYER_SLEEPBEFORE_START,1516285580661,74
98,PLAYER_SLEEPBEFORE_END,1516285580670,74
98,WS_SEND_START,1516285580670,74
98,WS_SEND_END,1516285580670,74
98,WS_RECV_START,1516285580670,75
98,WS_RECV_END,1516285580893,75
98,PLAYER_SLEEPBEFORE_START,1516285580893,76
98,PLAYER_SLEEPBEFORE_END,1516285582399,76
98,WS_SEND_START,1516285582399,76
98,WS_SEND_END,1516285582399,76
98,WS_RECV_START,1516285582399,77
98,WS_RECV_END,1516285582652,77
98,PLAYER_SLEEPBEFORE_START,1516285582652,78
98,PLAYER_SLEEPBEFORE_END,1516285583520,78
98,WS_SEND_START,1516285583520,78
98,WS_SEND_END,1516285583520,78
98,WS_RECV_START,1516285583520,79
98,WS_RECV_END,1516285583576,79
98,PLAYER_SLEEPBEFORE_START,1516285583576,80
98,PLAYER_SLEEPBEFORE_END,1516285591242,80
98,WS_SEND_START,1516285591242,80
98,WS_SEND_END,1516285591242,80
98,WS_RECV_START,1516285591242,81
98,WS_RECV_END,1516285591692,81
98,PLAYER_SLEEPBEFORE_START,1516285591692,82
98,PLAYER_SLEEPBEFORE_END,1516285592794,82
98,WS_SEND_START,1516285592794,82
98,WS_SEND_END,1516285592794,82
98,WS_RECV_START,1516285592794,83
98,WS_RECV_END,1516285593550,83
98,PLAYER_SLEEPBEFORE_START,1516285593550,84
98,PLAYER_SLEEPBEFORE_END,1516285594497,84
98,WS_SEND_START,1516285594497,84
98,WS_SEND_END,1516285594497,84
98,WS_RECV_START,1516285594497,85
98,WS_RECV_END,1516285595014,85
98,PLAYER_SLEEPBEFORE_START,1516285595014,86
98,PLAYER_SLEEPBEFORE_END,1516285599186,86
98,WS_SEND_START,1516285599186,86
98,WS_SEND_END,1516285599186,86
98,WS_RECV_START,1516285599186,87
98,WS_RECV_END,1516285599280,87
98,PLAYER_SLEEPBEFORE_START,1516285599280,88
98,PLAYER_SLEEPBEFORE_END,1516285599289,88
98,WS_SEND_START,1516285599289,88
98,WS_SEND_END,1516285599289,88
98,WS_RECV_START,1516285599289,89
98,WS_RECV_END,1516285599412,89
98,PLAYER_SLEEPBEFORE_START,1516285599412,90
98,PLAYER_SLEEPBEFORE_END,1516285626609,90
98,REQ_START,1516285626609,90
98,REQ_END,1516285626616,90
98,PLAYER_SLEEPBEFORE_START,1516285626616,91
98,PLAYER_SLEEPBEFORE_END,1516285634505,91
98,WS_SEND_START,1516285634506,91
98,WS_SEND_END,1516285634506,91
98,WS_RECV_START,1516285634506,92
98,WS_RECV_END,1516285634891,92
98,PLAYER_SLEEPBEFORE_START,1516285634891,93
98,PLAYER_SLEEPBEFORE_END,1516285634906,93
98,WS_SEND_START,1516285634906,93
98,WS_SEND_END,1516285634906,93
98,WS_RECV_START,1516285634906,94
98,WS_RECV_END,1516285635348,94
98,PLAYER_SLEEPBEFORE_START,1516285635348,95
98,PLAYER_SLEEPBEFORE_END,1516285658903,95
98,WS_SEND_START,1516285658903,95
98,WS_SEND_END,1516285658903,95
98,WS_RECV_START,1516285658903,96
98,WS_RECV_END,1516285659773,96
98,PLAYER_SLEEPBEFORE_START,1516285659773,97
98,PLAYER_SLEEPBEFORE_END,1516285682213,97
98,WS_SEND_START,1516285682213,97
98,WS_SEND_END,1516285682213,97
98,WS_RECV_START,1516285682213,98
98,WS_RECV_END,1516285682593,98
98,PLAYER_SLEEPBEFORE_START,1516285682593,99
98,PLAYER_SLEEPBEFORE_END,1516285682614,99
98,WS_SEND_START,1516285682614,99
98,WS_SEND_END,1516285682614,99
98,WS_RECV_START,1516285682614,100
98,WS_RECV_END,1516285683229,100
98,PLAYER_SLEEPBEFORE_START,1516285683229,101
98,PLAYER_SLEEPBEFORE_END,1516285706788,101
98,WS_SEND_START,1516285706788,101
98,WS_SEND_END,1516285706788,101
98,WS_RECV_START,1516285706788,102
98,WS_RECV_END,1516285707138,102
98,PLAYER_SLEEPBEFORE_START,1516285707138,103
98,PLAYER_SLEEPBEFORE_END,1516285730763,103
98,WS_SEND_START,1516285730763,103
98,WS_SEND_END,1516285730763,103
98,WS_RECV_START,1516285730763,104
98,WS_RECV_END,1516285730888,104
98,PLAYER_SLEEPBEFORE_START,1516285730888,105
98,PLAYER_SLEEPBEFORE_END,1516285756265,105
98,WS_SEND_START,1516285756265,105
98,WS_SEND_END,1516285756265,105
98,WS_RECV_START,1516285756265,106
98,WS_RECV_END,1516285756973,106
98,PLAYER_SLEEPBEFORE_START,1516285756973,107
98,PLAYER_SLEEPBEFORE_END,1516285780396,107
98,WS_SEND_START,1516285780396,107
98,WS_SEND_END,1516285780396,107
98,WS_RECV_START,1516285780396,108
98,WS_RECV_END,1516285780793,108
98,PLAYER_SLEEPBEFORE_START,1516285780793,109
98,PLAYER_SLEEPBEFORE_END,1516285780803,109
98,WS_SEND_START,1516285780803,109
98,WS_SEND_END,1516285780803,109
98,WS_RECV_START,1516285780803,110
98,WS_RECV_END,1516285780885,110
98,PLAYER_SLEEPBEFORE_START,1516285780885,111
98,PLAYER_SLEEPBEFORE_END,1516285781844,111
98,WS_SEND_START,1516285781844,111
98,WS_SEND_END,1516285781845,111
98,WS_RECV_START,1516285781845,112
98,WS_RECV_END,1516285782176,112
98,PLAYER_SLEEPBEFORE_START,1516285782176,113
98,PLAYER_SLEEPBEFORE_END,1516285782738,113
98,WS_SEND_START,1516285782738,113
98,WS_SEND_END,1516285782738,113
98,WS_RECV_START,1516285782738,114
98,WS_RECV_END,1516285783649,114
98,PLAYER_SLEEPBEFORE_START,1516285783649,115
98,PLAYER_SLEEPBEFORE_END,1516285783658,115
98,WS_SEND_START,1516285783658,115
98,WS_SEND_END,1516285783658,115
98,WS_RECV_START,1516285783658,116
98,WS_RECV_END,1516285784825,116
98,PLAYER_SLEEPBEFORE_START,1516285784825,117
98,PLAYER_SLEEPBEFORE_END,1516285805185,117
98,WS_SEND_START,1516285805185,117
98,WS_SEND_END,1516285805185,117
98,PLAYER_SLEEPBEFORE_START,1516285805185,118
98,PLAYER_SLEEPBEFORE_END,1516285808938,118
98,WS_SEND_START,1516285808938,118
98,WS_SEND_END,1516285808938,118
98,WS_RECV_START,1516285808938,119
98,WS_RECV_END,1516285810325,119
98,PLAYER_SLEEPBEFORE_START,1516285810325,120
98,PLAYER_SLEEPBEFORE_END,1516285811313,120
98,WS_SEND_START,1516285811313,120
98,WS_SEND_END,1516285811313,120
98,WS_RECV_START,1516285811313,121
98,WS_RECV_END,1516285812855,121
98,PLAYER_SLEEPBEFORE_START,1516285812855,122
98,PLAYER_SLEEPBEFORE_END,1516285814040,122
98,WS_SEND_START,1516285814040,122
98,WS_SEND_END,1516285814040,122
98,WS_RECV_START,1516285814040,123
98,WS_RECV_END,1516285815513,123
98,PLAYER_SLEEPBEFORE_START,1516285815513,124
98,PLAYER_SLEEPBEFORE_END,1516285839918,124
98,WS_SEND_START,1516285839918,124
98,WS_SEND_END,1516285839918,124
98,WS_RECV_START,1516285839918,125
98,WS_RECV_END,1516285841326,125
98,PLAYER_SLEEPBEFORE_START,1516285841326,126
98,PLAYER_SLEEPBEFORE_END,1516285861838,126
98,WS_SEND_START,1516285861838,126
98,WS_SEND_END,1516285861838,126
98,PLAYER_SLEEPBEFORE_START,1516285861838,127
98,PLAYER_SLEEPBEFORE_END,1516285864893,127
98,WS_SEND_START,1516285864893,127
98,WS_SEND_END,1516285864893,127
98,WS_RECV_START,1516285864893,128
98,WS_RECV_END,1516285865164,128
98,PLAYER_SLEEPBEFORE_START,1516285865164,129
98,PLAYER_SLEEPBEFORE_END,1516285865184,129
98,WS_SEND_START,1516285865184,129
98,WS_SEND_END,1516285865184,129
98,WS_RECV_START,1516285865184,130
98,WS_RECV_END,1516285865366,130
98,PLAYER_SLEEPBEFORE_START,1516285865366,131
98,PLAYER_SLEEPBEFORE_END,1516285886991,131
98,WS_SEND_START,1516285886991,131
98,WS_SEND_END,1516285886991,131
98,PLAYER_SLEEPBEFORE_START,1516285886991,132
98,PLAYER_SLEEPBEFORE_END,1516285890071,132
98,WS_SEND_START,1516285890071,132
98,WS_SEND_END,1516285890071,132
98,WS_RECV_START,1516285890071,133
98,WS_RECV_END,1516285891879,133
98,PLAYER_SLEEPBEFORE_START,1516285891879,134
98,PLAYER_SLEEPBEFORE_END,1516285913096,134
98,WS_SEND_START,1516285913096,134
98,WS_SEND_END,1516285913096,134
98,PLAYER_SLEEPBEFORE_START,1516285913096,135
98,PLAYER_SLEEPBEFORE_END,1516285916286,135
98,WS_SEND_START,1516285916286,135
98,WS_SEND_END,1516285916286,135
98,WS_RECV_START,1516285916286,136
98,WS_RECV_END,1516285917391,136
98,PLAYER_SLEEPBEFORE_START,1516285917391,137
98,PLAYER_SLEEPBEFORE_END,1516285917398,137
98,WS_SEND_START,1516285917398,137
98,WS_SEND_END,1516285917398,137
98,WS_RECV_START,1516285917398,138
98,WS_RECV_END,1516285918138,138
98,PLAYER_SLEEPBEFORE_START,1516285918138,139
98,PLAYER_SLEEPBEFORE_END,1516285918828,139
98,WS_SEND_START,1516285918828,139
98,WS_SEND_END,1516285918828,139
98,WS_RECV_START,1516285918828,140
98,WS_RECV_END,1516285919433,140
98,PLAYER_SLEEPBEFORE_START,1516285919433,141
98,PLAYER_SLEEPBEFORE_END,1516285920088,141
98,WS_SEND_START,1516285920088,141
98,WS_SEND_END,1516285920088,141
98,WS_RECV_START,1516285920088,142
98,WS_RECV_END,1516285921262,142
98,PLAYER_SLEEPBEFORE_START,1516285921262,143
98,PLAYER_SLEEPBEFORE_END,1516285921319,143
98,WS_SEND_START,1516285921319,143
98,WS_SEND_END,1516285921319,143
98,WS_RECV_START,1516285921319,144
98,WS_RECV_END,1516285921918,144
98,PLAYER_SLEEPBEFORE_START,1516285921918,145
98,PLAYER_SLEEPBEFORE_END,1516285937980,145
98,REQ_START,1516285937980,145
98,REQ_END,1516285937988,145
98,PLAYER_SLEEPBEFORE_START,1516285937988,146
98,PLAYER_SLEEPBEFORE_END,1516285946865,146
98,WS_SEND_START,1516285946865,146
98,WS_SEND_END,1516285946865,146
98,WS_RECV_START,1516285946865,147
98,WS_RECV_END,1516285948245,147
98,PLAYER_SLEEPBEFORE_START,1516285948245,148
98,PLAYER_SLEEPBEFORE_END,1516285970167,148
98,WS_SEND_START,1516285970167,148
98,WS_SEND_END,1516285970167,148
98,PLAYER_SLEEPBEFORE_START,1516285970167,149
98,PLAYER_SLEEPBEFORE_END,1516285972595,149
98,WS_SEND_START,1516285972595,149
98,WS_SEND_END,1516285972595,149
98,WS_RECV_START,1516285972595,150
98,WS_RECV_END,1516285973078,150
98,PLAYER_SLEEPBEFORE_START,1516285973078,151
98,PLAYER_SLEEPBEFORE_END,1516285973288,151
98,WS_SEND_START,1516285973288,151
98,WS_SEND_END,1516285973288,151
98,WS_RECV_START,1516285973288,152
98,WS_RECV_END,1516285973529,152
98,PLAYER_SLEEPBEFORE_START,1516285973529,153
98,PLAYER_SLEEPBEFORE_END,1516285997456,153
98,WS_SEND_START,1516285997456,153
98,WS_SEND_END,1516285997456,153
98,WS_RECV_START,1516285997456,154
98,WS_RECV_END,1516285999778,154
98,PLAYER_SLEEPBEFORE_START,1516285999778,155
98,PLAYER_SLEEPBEFORE_END,1516286022336,155
98,WS_SEND_START,1516286022336,155
98,WS_SEND_END,1516286022336,155
98,PLAYER_SLEEPBEFORE_START,1516286022336,156
98,PLAYER_SLEEPBEFORE_END,1516286025610,156
98,WS_SEND_START,1516286025610,156
98,WS_SEND_END,1516286025610,156
98,WS_RECV_START,1516286025610,157
98,WS_RECV_END,1516286027182,157
98,PLAYER_SLEEPBEFORE_START,1516286027182,158
98,PLAYER_SLEEPBEFORE_END,1516286027192,158
98,WS_SEND_START,1516286027192,158
98,WS_SEND_END,1516286027192,158
98,WS_RECV_START,1516286027192,159
98,WS_RECV_END,1516286028370,159
98,PLAYER_SLEEPBEFORE_START,1516286028370,160
98,PLAYER_SLEEPBEFORE_END,1516286028545,160
98,WS_SEND_START,1516286028545,160
98,WS_SEND_END,1516286028545,160
98,WS_RECV_START,1516286028545,161
98,WS_RECV_END,1516286029487,161
98,PLAYER_SLEEPBEFORE_START,1516286029488,162
98,PLAYER_SLEEPBEFORE_END,1516286029513,162
98,WS_SEND_START,1516286029513,162
98,WS_SEND_END,1516286029513,162
98,WS_RECV_START,1516286029513,163
98,WS_RECV_END,1516286030654,163
98,PLAYER_SLEEPBEFORE_START,1516286030654,164
98,PLAYER_SLEEPBEFORE_END,1516286051466,164
98,WS_SEND_START,1516286051466,164
98,WS_SEND_END,1516286051466,164
98,WS_RECV_START,1516286051466,165
98,WS_RECV_END,1516286052361,165
98,PLAYER_SLEEPBEFORE_START,1516286052361,166
98,PLAYER_SLEEPBEFORE_END,1516286074816,166
98,WS_SEND_START,1516286074816,166
98,WS_SEND_END,1516286074816,166
98,WS_RECV_START,1516286074816,167
98,WS_RECV_END,1516286075687,167
98,PLAYER_SLEEPBEFORE_START,1516286075687,168
98,PLAYER_SLEEPBEFORE_END,1516286103045,168
98,WS_SEND_START,1516286103045,168
98,WS_SEND_END,1516286103045,168
98,WS_RECV_START,1516286103045,169
98,WS_RECV_END,1516286103659,169
98,PLAYER_SLEEPBEFORE_START,1516286103659,170
98,PLAYER_SLEEPBEFORE_END,1516286103668,170
98,WS_SEND_START,1516286103668,170
98,WS_SEND_END,1516286103668,170
98,WS_RECV_START,1516286103668,171
98,WS_RECV_END,1516286104190,171
98,PLAYER_SLEEPBEFORE_START,1516286104190,172
98,PLAYER_SLEEPBEFORE_END,1516286104559,172
98,WS_SEND_START,1516286104560,172
98,WS_SEND_END,1516286104560,172
98,WS_RECV_START,1516286104560,173
98,WS_RECV_END,1516286104916,173
98,PLAYER_SLEEPBEFORE_START,1516286104916,174
98,PLAYER_SLEEPBEFORE_END,1516286104957,174
98,WS_SEND_START,1516286104957,174
98,WS_SEND_END,1516286104957,174
98,WS_RECV_START,1516286104957,175
98,WS_RECV_END,1516286106132,175
98,PLAYER_SLEEPBEFORE_START,1516286106132,176
98,PLAYER_SLEEPBEFORE_END,1516286127894,176
98,WS_SEND_START,1516286127894,176
98,WS_SEND_END,1516286127894,176
98,PLAYER_SLEEPBEFORE_START,1516286127894,177
98,PLAYER_SLEEPBEFORE_END,1516286130412,177
98,WS_SEND_START,1516286130412,177
98,WS_SEND_END,1516286130412,177
98,WS_RECV_START,1516286130412,178
98,WS_RECV_END,1516286132569,178
98,PLAYER_SLEEPBEFORE_START,1516286132569,179
98,PLAYER_SLEEPBEFORE_END,1516286154909,179
98,WS_SEND_START,1516286154909,179
98,WS_SEND_END,1516286154909,179
98,WS_RECV_START,1516286154909,180
98,WS_RECV_END,1516286158426,180
98,PLAYER_SLEEPBEFORE_START,1516286158426,181
98,PLAYER_SLEEPBEFORE_END,1516286158870,181
98,WS_SEND_START,1516286158870,181
98,WS_SEND_END,1516286158870,181
98,WS_RECV_START,1516286158870,182
98,WS_RECV_END,1516286160653,182
98,PLAYER_SLEEPBEFORE_START,1516286160653,183
98,PLAYER_SLEEPBEFORE_END,1516286161176,183
98,WS_SEND_START,1516286161176,183
98,WS_SEND_END,1516286161176,183
98,WS_RECV_START,1516286161176,184
98,WS_RECV_END,1516286163073,184
98,PLAYER_SLEEPBEFORE_START,1516286163073,185
98,PLAYER_SLEEPBEFORE_END,1516286163341,185
98,WS_SEND_START,1516286163341,185
98,WS_SEND_END,1516286163341,185
98,WS_RECV_START,1516286163341,186
98,WS_RECV_END,1516286164821,186
98,PLAYER_SLEEPBEFORE_START,1516286164821,187
98,PLAYER_SLEEPBEFORE_END,1516286187322,187
98,WS_SEND_START,1516286187322,187
98,WS_SEND_END,1516286187322,187
98,WS_RECV_START,1516286187322,188
98,WS_RECV_END,1516286193107,188
98,PLAYER_SLEEPBEFORE_START,1516286193107,189
98,PLAYER_SLEEPBEFORE_END,1516286199346,189
98,WS_SEND_START,1516286199346,189
98,WS_SEND_END,1516286199346,189
98,WS_RECV_START,1516286199346,190
98,WS_RECV_END,1516286204112,190
98,PLAYER_SLEEPBEFORE_START,1516286204112,191
98,PLAYER_SLEEPBEFORE_END,1516286206027,191
98,WS_SEND_START,1516286206027,191
98,WS_SEND_END,1516286206027,191
98,WS_RECV_START,1516286206027,192
98,WS_RECV_END,1516286211316,192
98,PLAYER_SLEEPBEFORE_START,1516286211316,193
98,PLAYER_SLEEPBEFORE_END,1516286211444,193
98,WS_SEND_START,1516286211444,193
98,WS_SEND_END,1516286211444,193
98,WS_RECV_START,1516286211444,194
98,WS_RECV_END,1516286214745,194
98,PLAYER_SLEEPBEFORE_START,1516286214745,195
98,PLAYER_SLEEPBEFORE_END,1516286216500,195
98,WS_SEND_START,1516286216500,195
98,WS_SEND_END,1516286216501,195
98,WS_RECV_START,1516286216501,196
98,WS_RECV_END,1516286218706,196
98,PLAYER_SLEEPBEFORE_START,1516286218706,197
98,PLAYER_SLEEPBEFORE_END,1516286220510,197
98,WS_SEND_START,1516286220510,197
98,WS_SEND_END,1516286220510,197
98,WS_RECV_START,1516286220510,198
98,WS_RECV_END,1516286222793,198
98,PLAYER_SLEEPBEFORE_START,1516286222793,199
98,PLAYER_SLEEPBEFORE_END,1516286234647,199
98,WS_SEND_START,1516286234647,199
98,WS_SEND_END,1516286234647,199
98,PLAYER_SLEEPBEFORE_START,1516286234647,200
98,PLAYER_SLEEPBEFORE_END,1516286238735,200
98,WS_SEND_START,1516286238735,200
98,WS_SEND_END,1516286238735,200
98,WS_RECV_START,1516286238735,201
98,WS_RECV_END,1516286239901,201
98,PLAYER_SLEEPBEFORE_START,1516286239901,202
98,PLAYER_SLEEPBEFORE_END,1516286239915,202
98,WS_SEND_START,1516286239915,202
98,WS_SEND_END,1516286239916,202
98,WS_RECV_START,1516286239916,203
98,WS_RECV_END,1516286241882,203
98,PLAYER_SLEEPBEFORE_START,1516286241882,204
98,PLAYER_SLEEPBEFORE_END,1516286261531,204
98,WS_SEND_START,1516286261531,204
98,WS_SEND_END,1516286261531,204
98,PLAYER_SLEEPBEFORE_START,1516286261531,205
98,PLAYER_SLEEPBEFORE_END,1516286265429,205
98,WS_SEND_START,1516286265429,205
98,WS_SEND_END,1516286265429,205
98,WS_RECV_START,1516286265429,206
98,WS_RECV_END,1516286267704,206
98,PLAYER_SLEEPBEFORE_START,1516286267704,207
98,PLAYER_SLEEPBEFORE_END,1516286284635,207
98,REQ_START,1516286284635,207
98,REQ_END,1516286284642,207
98,PLAYER_SLEEPBEFORE_START,1516286284642,208
98,PLAYER_SLEEPBEFORE_END,1516286291494,208
98,WS_CLOSE_START,1516286291495,208
98,WS_CLOSE_END,1516286291495,208
98,PLAYER_DONE,1516286291495
