# --sessions 630 --app-url=http://shinyloadtest.rstudioservices.com/cran_explorer --output-dir test630 --overwrite-output --log-level warn --start-interval 800 15min.log
thread_id,event,timestamp,input_line_number,comment
112,PLAYER_SESSION_CREATE,1516295501157
112,PLAYER_START_INTERVAL_START,1516295501157
112,PLAYER_START_INTERVAL_END,1516295590757
112,REQ_HOME_START,1516295590758,2
112,REQ_HOME_END,1516295590842,2
112,REQ_START,1516295590843,3
112,REQ_END,1516295590874,3
112,REQ_START,1516295590874,4
112,REQ_END,1516295590905,4
112,REQ_START,1516295590905,5
112,REQ_END,1516295590936,5
112,REQ_START,1516295590936,6
112,REQ_END,1516295590968,6
112,REQ_START,1516295590968,7
112,REQ_END,1516295590998,7
112,REQ_START,1516295590998,8
112,REQ_END,1516295591032,8
112,REQ_START,1516295591032,9
112,REQ_END,1516295591067,9
112,REQ_START,1516295591067,10
112,REQ_END,1516295591074,10
112,REQ_START,1516295591074,11
112,REQ_END,1516295591103,11
112,REQ_START,1516295591103,12
112,REQ_END,1516295591112,12
112,REQ_START,1516295591112,13
112,REQ_END,1516295591142,13
112,REQ_START,1516295591142,14
112,REQ_END,1516295591155,14
112,REQ_START,1516295591155,15
112,REQ_END,1516295591187,15
112,REQ_TOK_START,1516295591187,16
112,REQ_TOK_END,1516295591195,16
112,REQ_SINF_START,1516295591195,17
112,REQ_SINF_END,1516295591202,17
112,WS_OPEN_START,1516295591202,18
112,WS_OPEN_END,1516295591208,18
112,REQ_START,1516295591208,19
112,REQ_END,1516295591235,19
112,WS_RECV_START,1516295591235,20
112,WS_RECV_END,1516295591235,20
112,PLAYER_SLEEPBEFORE_START,1516295591235,21
112,PLAYER_SLEEPBEFORE_END,1516295591241,21
112,WS_SEND_START,1516295591241,21
112,WS_SEND_END,1516295591241,21
112,PLAYER_SLEEPBEFORE_START,1516295591242,22
112,PLAYER_SLEEPBEFORE_END,1516295591243,22
112,WS_SEND_START,1516295591243,22
112,WS_SEND_END,1516295591243,22
112,WS_RECV_INIT_START,1516295591243,23
112,WS_RECV_INIT_END,1516295591260,23
112,WS_RECV_START,1516295591260,24
112,WS_RECV_END,1516295591309,24
112,PLAYER_SLEEPBEFORE_START,1516295591309,25
112,PLAYER_SLEEPBEFORE_END,1516295591317,25
112,REQ_START,1516295591317,25
112,REQ_END,1516295591348,25
112,PLAYER_SLEEPBEFORE_START,1516295591348,26
112,PLAYER_SLEEPBEFORE_END,1516295591349,26
112,REQ_START,1516295591349,26
112,REQ_END,1516295591379,26
112,PLAYER_SLEEPBEFORE_START,1516295591379,27
112,PLAYER_SLEEPBEFORE_END,1516295591382,27
112,REQ_START,1516295591382,27
112,REQ_END,1516295591414,27
112,PLAYER_SLEEPBEFORE_START,1516295591414,28
112,PLAYER_SLEEPBEFORE_END,1516295591699,28
112,REQ_START,1516295591699,28
112,REQ_END,1516295591729,28
112,PLAYER_SLEEPBEFORE_START,1516295591729,29
112,PLAYER_SLEEPBEFORE_END,1516295591904,29
112,WS_SEND_START,1516295591904,29
112,WS_SEND_END,1516295591904,29
112,WS_RECV_START,1516295591904,30
112,WS_RECV_END,1516295592009,30
112,PLAYER_SLEEPBEFORE_START,1516295592009,31
112,PLAYER_SLEEPBEFORE_END,1516295592020,31
112,REQ_START,1516295592020,31
112,REQ_END,1516295592059,31
112,PLAYER_SLEEPBEFORE_START,1516295592059,32
112,PLAYER_SLEEPBEFORE_END,1516295620204,32
112,WS_SEND_START,1516295620204,32
112,WS_SEND_END,1516295620204,32
112,WS_RECV_START,1516295620204,33
112,WS_RECV_END,1516295620359,33
112,PLAYER_SLEEPBEFORE_START,1516295620359,34
112,PLAYER_SLEEPBEFORE_END,1516295646270,34
112,WS_SEND_START,1516295646270,34
112,WS_SEND_END,1516295646270,34
112,WS_RECV_START,1516295646270,35
112,WS_RECV_END,1516295646298,35
112,PLAYER_SLEEPBEFORE_START,1516295646298,36
112,PLAYER_SLEEPBEFORE_END,1516295646307,36
112,WS_SEND_START,1516295646307,36
112,WS_SEND_END,1516295646308,36
112,WS_RECV_START,1516295646308,37
112,WS_RECV_END,1516295646350,37
112,PLAYER_SLEEPBEFORE_START,1516295646350,38
112,PLAYER_SLEEPBEFORE_END,1516295649545,38
112,WS_SEND_START,1516295649545,38
112,WS_SEND_END,1516295649545,38
112,WS_RECV_START,1516295649545,39
112,WS_RECV_END,1516295649685,39
112,PLAYER_SLEEPBEFORE_START,1516295649685,40
112,PLAYER_SLEEPBEFORE_END,1516295649731,40
112,WS_SEND_START,1516295649731,40
112,WS_SEND_END,1516295649731,40
112,WS_RECV_START,1516295649731,41
112,WS_RECV_END,1516295649867,41
112,PLAYER_SLEEPBEFORE_START,1516295649867,42
112,PLAYER_SLEEPBEFORE_END,1516295668002,42
112,WS_SEND_START,1516295668002,42
112,WS_SEND_END,1516295668003,42
112,WS_RECV_START,1516295668003,43
112,WS_RECV_END,1516295668031,43
112,PLAYER_SLEEPBEFORE_START,1516295668031,44
112,PLAYER_SLEEPBEFORE_END,1516295668043,44
112,WS_SEND_START,1516295668043,44
112,WS_SEND_END,1516295668043,44
112,WS_RECV_START,1516295668043,45
112,WS_RECV_END,1516295668086,45
112,PLAYER_SLEEPBEFORE_START,1516295668086,46
112,PLAYER_SLEEPBEFORE_END,1516295669346,46
112,WS_SEND_START,1516295669346,46
112,WS_SEND_END,1516295669346,46
112,WS_RECV_START,1516295669346,47
112,WS_RECV_END,1516295669371,47
112,PLAYER_SLEEPBEFORE_START,1516295669371,48
112,PLAYER_SLEEPBEFORE_END,1516295670691,48
112,WS_SEND_START,1516295670691,48
112,WS_SEND_END,1516295670692,48
112,WS_RECV_START,1516295670692,49
112,WS_RECV_END,1516295670906,49
112,PLAYER_SLEEPBEFORE_START,1516295670906,50
112,PLAYER_SLEEPBEFORE_END,1516295670930,50
112,WS_SEND_START,1516295670930,50
112,WS_SEND_END,1516295670931,50
112,WS_RECV_START,1516295670931,51
112,WS_RECV_END,1516295671108,51
112,PLAYER_SLEEPBEFORE_START,1516295671108,52
112,PLAYER_SLEEPBEFORE_END,1516295693673,52
112,WS_SEND_START,1516295693673,52
112,WS_SEND_END,1516295693673,52
112,WS_RECV_START,1516295693673,53
112,WS_RECV_END,1516295693793,53
112,PLAYER_SLEEPBEFORE_START,1516295693793,54
112,PLAYER_SLEEPBEFORE_END,1516295715096,54
112,WS_SEND_START,1516295715096,54
112,WS_SEND_END,1516295715096,54
112,PLAYER_SLEEPBEFORE_START,1516295715096,55
112,PLAYER_SLEEPBEFORE_END,1516295717037,55
112,WS_SEND_START,1516295717037,55
112,WS_SEND_END,1516295717037,55
112,WS_RECV_START,1516295717037,56
112,WS_RECV_END,1516295717270,56
112,PLAYER_SLEEPBEFORE_START,1516295717270,57
112,PLAYER_SLEEPBEFORE_END,1516295740142,57
112,WS_SEND_START,1516295740142,57
112,WS_SEND_END,1516295740142,57
112,WS_RECV_START,1516295740142,58
112,WS_RECV_END,1516295740341,58
112,PLAYER_SLEEPBEFORE_START,1516295740341,59
112,PLAYER_SLEEPBEFORE_END,1516295742668,59
112,WS_SEND_START,1516295742668,59
112,WS_SEND_END,1516295742668,59
112,WS_RECV_START,1516295742668,60
112,WS_RECV_END,1516295742783,60
112,PLAYER_SLEEPBEFORE_START,1516295742783,61
112,PLAYER_SLEEPBEFORE_END,1516295746374,61
112,WS_SEND_START,1516295746374,61
112,WS_SEND_END,1516295746374,61
112,WS_RECV_START,1516295746374,62
112,WS_RECV_END,1516295746471,62
112,PLAYER_SLEEPBEFORE_START,1516295746471,63
112,PLAYER_SLEEPBEFORE_END,1516295765733,63
112,WS_SEND_START,1516295765733,63
112,WS_SEND_END,1516295765733,63
112,WS_RECV_START,1516295765733,64
112,WS_RECV_END,1516295765775,64
112,PLAYER_SLEEPBEFORE_START,1516295765775,65
112,PLAYER_SLEEPBEFORE_END,1516295792592,65
112,WS_SEND_START,1516295792592,65
112,WS_SEND_END,1516295792592,65
112,WS_RECV_START,1516295792592,66
112,WS_RECV_END,1516295792726,66
112,PLAYER_SLEEPBEFORE_START,1516295792726,67
112,PLAYER_SLEEPBEFORE_END,1516295794233,67
112,WS_SEND_START,1516295794233,67
112,WS_SEND_END,1516295794233,67
112,WS_RECV_START,1516295794233,68
112,WS_RECV_END,1516295794596,68
112,PLAYER_SLEEPBEFORE_START,1516295794596,69
112,PLAYER_SLEEPBEFORE_END,1516295816594,69
112,WS_SEND_START,1516295816594,69
112,WS_SEND_END,1516295816594,69
112,WS_RECV_START,1516295816594,70
112,WS_RECV_END,1516295816734,70
112,PLAYER_SLEEPBEFORE_START,1516295816734,71
112,PLAYER_SLEEPBEFORE_END,1516295841509,71
112,WS_SEND_START,1516295841509,71
112,WS_SEND_END,1516295841509,71
112,PLAYER_SLEEPBEFORE_START,1516295841509,72
112,PLAYER_SLEEPBEFORE_END,1516295844116,72
112,WS_SEND_START,1516295844116,72
112,WS_SEND_END,1516295844116,72
112,WS_RECV_START,1516295844116,73
112,WS_RECV_END,1516295844285,73
112,PLAYER_SLEEPBEFORE_START,1516295844285,74
112,PLAYER_SLEEPBEFORE_END,1516295844294,74
112,WS_SEND_START,1516295844294,74
112,WS_SEND_END,1516295844294,74
112,WS_RECV_START,1516295844294,75
112,WS_RECV_END,1516295844354,75
112,PLAYER_SLEEPBEFORE_START,1516295844354,76
112,PLAYER_SLEEPBEFORE_END,1516295845860,76
112,WS_SEND_START,1516295845860,76
112,WS_SEND_END,1516295845860,76
112,WS_RECV_START,1516295845860,77
112,WS_RECV_END,1516295845949,77
112,PLAYER_SLEEPBEFORE_START,1516295845949,78
112,PLAYER_SLEEPBEFORE_END,1516295846817,78
112,WS_SEND_START,1516295846818,78
112,WS_SEND_END,1516295846818,78
112,WS_RECV_START,1516295846818,79
112,WS_RECV_END,1516295846885,79
112,PLAYER_SLEEPBEFORE_START,1516295846885,80
112,PLAYER_SLEEPBEFORE_END,1516295854552,80
112,WS_SEND_START,1516295854552,80
112,WS_SEND_END,1516295854552,80
112,WS_RECV_START,1516295854552,81
112,WS_RECV_END,1516295855167,81
112,PLAYER_SLEEPBEFORE_START,1516295855167,82
112,PLAYER_SLEEPBEFORE_END,1516295856269,82
112,WS_SEND_START,1516295856269,82
112,WS_SEND_END,1516295856269,82
112,WS_RECV_START,1516295856269,83
112,WS_RECV_END,1516295856556,83
112,PLAYER_SLEEPBEFORE_START,1516295856556,84
112,PLAYER_SLEEPBEFORE_END,1516295857503,84
112,WS_SEND_START,1516295857503,84
112,WS_SEND_END,1516295857503,84
112,WS_RECV_START,1516295857503,85
112,WS_RECV_END,1516295857985,85
112,PLAYER_SLEEPBEFORE_START,1516295857985,86
112,PLAYER_SLEEPBEFORE_END,1516295862157,86
112,WS_SEND_START,1516295862157,86
112,WS_SEND_END,1516295862157,86
112,WS_RECV_START,1516295862157,87
112,WS_RECV_END,1516295862771,87
112,PLAYER_SLEEPBEFORE_START,1516295862771,88
112,PLAYER_SLEEPBEFORE_END,1516295862779,88
112,WS_SEND_START,1516295862779,88
112,WS_SEND_END,1516295862779,88
112,WS_RECV_START,1516295862779,89
112,WS_RECV_END,1516295862933,89
112,PLAYER_SLEEPBEFORE_START,1516295862933,90
112,PLAYER_SLEEPBEFORE_END,1516295890130,90
112,REQ_START,1516295890130,90
112,REQ_END,1516295890143,90
112,PLAYER_SLEEPBEFORE_START,1516295890143,91
112,PLAYER_SLEEPBEFORE_END,1516295898032,91
112,WS_SEND_START,1516295898032,91
112,WS_SEND_END,1516295898032,91
112,WS_RECV_START,1516295898032,92
112,WS_RECV_END,1516295898359,92
112,PLAYER_SLEEPBEFORE_START,1516295898359,93
112,PLAYER_SLEEPBEFORE_END,1516295898375,93
112,WS_SEND_START,1516295898375,93
112,WS_SEND_END,1516295898375,93
112,WS_RECV_START,1516295898375,94
112,WS_RECV_END,1516295898678,94
112,PLAYER_SLEEPBEFORE_START,1516295898678,95
112,PLAYER_SLEEPBEFORE_END,1516295922233,95
112,WS_SEND_START,1516295922233,95
112,WS_SEND_END,1516295922233,95
112,WS_RECV_START,1516295922233,96
112,WS_RECV_END,1516295922777,96
112,PLAYER_SLEEPBEFORE_START,1516295922777,97
112,PLAYER_SLEEPBEFORE_END,1516295945217,97
112,WS_SEND_START,1516295945217,97
112,WS_SEND_END,1516295945217,97
112,WS_RECV_START,1516295945217,98
112,WS_RECV_END,1516295945742,98
112,PLAYER_SLEEPBEFORE_START,1516295945742,99
112,PLAYER_SLEEPBEFORE_END,1516295945763,99
112,WS_SEND_START,1516295945763,99
112,WS_SEND_END,1516295945763,99
112,WS_RECV_START,1516295945763,100
112,WS_RECV_END,1516295946539,100
112,PLAYER_SLEEPBEFORE_START,1516295946539,101
112,PLAYER_SLEEPBEFORE_END,1516295970098,101
112,WS_SEND_START,1516295970098,101
112,WS_SEND_END,1516295970098,101
112,WS_RECV_START,1516295970098,102
112,WS_RECV_END,1516295970511,102
112,PLAYER_SLEEPBEFORE_START,1516295970511,103
112,PLAYER_SLEEPBEFORE_END,1516295994137,103
112,WS_SEND_START,1516295994137,103
112,WS_SEND_END,1516295994137,103
112,WS_RECV_START,1516295994137,104
112,WS_RECV_END,1516295997102,104
112,PLAYER_SLEEPBEFORE_START,1516295997102,105
112,PLAYER_SLEEPBEFORE_END,1516296022479,105
112,WS_SEND_START,1516296022479,105
112,WS_SEND_END,1516296022479,105
112,WS_RECV_START,1516296022479,106
112,WS_RECV_END,1516296025443,106
112,PLAYER_SLEEPBEFORE_START,1516296025443,107
112,PLAYER_SLEEPBEFORE_END,1516296048866,107
112,WS_SEND_START,1516296048866,107
112,WS_SEND_END,1516296048866,107
112,WS_RECV_START,1516296048866,108
112,WS_RECV_END,1516296050962,108
112,PLAYER_SLEEPBEFORE_START,1516296050962,109
112,PLAYER_SLEEPBEFORE_END,1516296050971,109
112,WS_SEND_START,1516296050971,109
112,WS_SEND_END,1516296050971,109
112,WS_RECV_START,1516296050971,110
112,WS_RECV_END,1516296051370,110
112,PLAYER_SLEEPBEFORE_START,1516296051370,111
112,PLAYER_SLEEPBEFORE_END,1516296052329,111
112,WS_SEND_START,1516296052329,111
112,WS_SEND_END,1516296052329,111
112,WS_RECV_START,1516296052329,112
112,WS_RECV_END,1516296053548,112
112,PLAYER_SLEEPBEFORE_START,1516296053548,113
112,PLAYER_SLEEPBEFORE_END,1516296054110,113
112,WS_SEND_START,1516296054110,113
112,WS_SEND_END,1516296054110,113
112,WS_RECV_START,1516296054110,114
112,WS_RECV_END,1516296056727,114
112,PLAYER_SLEEPBEFORE_START,1516296056727,115
112,PLAYER_SLEEPBEFORE_END,1516296056738,115
112,WS_SEND_START,1516296056738,115
112,WS_SEND_END,1516296056738,115
112,WS_RECV_START,1516296056738,116
112,WS_RECV_END,1516296058312,116
112,PLAYER_SLEEPBEFORE_START,1516296058312,117
112,PLAYER_SLEEPBEFORE_END,1516296078673,117
112,WS_SEND_START,1516296078673,117
112,WS_SEND_END,1516296078673,117
112,PLAYER_SLEEPBEFORE_START,1516296078673,118
112,PLAYER_SLEEPBEFORE_END,1516296082425,118
112,WS_SEND_START,1516296082425,118
112,WS_SEND_END,1516296082425,118
112,WS_RECV_START,1516296082425,119
112,WS_RECV_END,1516296085383,119
112,PLAYER_SLEEPBEFORE_START,1516296085383,120
112,PLAYER_SLEEPBEFORE_END,1516296086371,120
112,WS_SEND_START,1516296086371,120
112,WS_SEND_END,1516296086371,120
112,WS_RECV_START,1516296086371,121
112,WS_RECV_END,1516296089148,121
112,PLAYER_SLEEPBEFORE_START,1516296089148,122
112,PLAYER_SLEEPBEFORE_END,1516296090333,122
112,WS_SEND_START,1516296090333,122
112,WS_SEND_END,1516296090333,122
112,WS_RECV_START,1516296090333,123
112,WS_RECV_END,1516296092896,123
112,PLAYER_SLEEPBEFORE_START,1516296092896,124
112,PLAYER_SLEEPBEFORE_END,1516296117301,124
112,WS_SEND_START,1516296117301,124
112,WS_SEND_END,1516296117301,124
112,WS_RECV_START,1516296117301,125
112,WS_RECV_END,1516296122056,125
112,PLAYER_SLEEPBEFORE_START,1516296122056,126
112,PLAYER_SLEEPBEFORE_END,1516296142568,126
112,WS_SEND_START,1516296142568,126
112,WS_SEND_END,1516296142568,126
112,PLAYER_SLEEPBEFORE_START,1516296142568,127
112,PLAYER_SLEEPBEFORE_END,1516296145622,127
112,WS_SEND_START,1516296145622,127
112,WS_SEND_END,1516296145622,127
112,WS_RECV_START,1516296145622,128
112,WS_RECV_END,1516296146740,128
112,PLAYER_SLEEPBEFORE_START,1516296146740,129
112,PLAYER_SLEEPBEFORE_END,1516296146760,129
112,WS_SEND_START,1516296146760,129
112,WS_SEND_END,1516296146760,129
112,WS_RECV_START,1516296146760,130
112,WS_RECV_END,1516296148460,130
112,PLAYER_SLEEPBEFORE_START,1516296148460,131
112,PLAYER_SLEEPBEFORE_END,1516296170084,131
112,WS_SEND_START,1516296170084,131
112,WS_SEND_END,1516296170084,131
112,PLAYER_SLEEPBEFORE_START,1516296170084,132
112,PLAYER_SLEEPBEFORE_END,1516296173165,132
112,WS_SEND_START,1516296173165,132
112,WS_SEND_END,1516296173165,132
112,WS_RECV_START,1516296173165,133
112,WS_RECV_END,1516296176992,133
112,PLAYER_SLEEPBEFORE_START,1516296176992,134
112,PLAYER_SLEEPBEFORE_END,1516296198209,134
112,WS_SEND_START,1516296198209,134
112,WS_SEND_END,1516296198209,134
112,PLAYER_SLEEPBEFORE_START,1516296198209,135
112,PLAYER_SLEEPBEFORE_END,1516296201399,135
112,WS_SEND_START,1516296201399,135
112,WS_SEND_END,1516296201399,135
112,WS_RECV_START,1516296201399,136
112,WS_RECV_END,1516296202830,136
112,PLAYER_SLEEPBEFORE_START,1516296202830,137
112,PLAYER_SLEEPBEFORE_END,1516296202838,137
112,WS_SEND_START,1516296202838,137
112,WS_SEND_END,1516296202838,137
112,WS_RECV_START,1516296202838,138
112,WS_RECV_END,1516296204814,138
112,PLAYER_SLEEPBEFORE_START,1516296204814,139
112,PLAYER_SLEEPBEFORE_END,1516296205504,139
112,WS_SEND_START,1516296205504,139
112,WS_SEND_END,1516296205504,139
112,WS_RECV_START,1516296205504,140
112,WS_RECV_END,1516296207663,140
112,PLAYER_SLEEPBEFORE_START,1516296207663,141
112,PLAYER_SLEEPBEFORE_END,1516296208318,141
112,WS_SEND_START,1516296208318,141
112,WS_SEND_END,1516296208318,141
112,WS_RECV_START,1516296208318,142
112,WS_RECV_END,1516296210944,142
112,PLAYER_SLEEPBEFORE_START,1516296210944,143
112,PLAYER_SLEEPBEFORE_END,1516296211001,143
112,WS_SEND_START,1516296211001,143
112,WS_SEND_END,1516296211001,143
112,WS_RECV_START,1516296211001,144
112,WS_RECV_END,1516296215313,144
112,PLAYER_SLEEPBEFORE_START,1516296215313,145
112,PLAYER_SLEEPBEFORE_END,1516296231375,145
112,REQ_START,1516296231375,145
112,REQ_END,1516296231383,145
112,PLAYER_SLEEPBEFORE_START,1516296231383,146
112,PLAYER_SLEEPBEFORE_END,1516296240260,146
112,WS_SEND_START,1516296240260,146
112,WS_SEND_END,1516296240260,146
112,WS_RECV_START,1516296240260,147
112,WS_RECV_END,1516296244342,147
112,PLAYER_SLEEPBEFORE_START,1516296244342,148
112,PLAYER_SLEEPBEFORE_END,1516296266265,148
112,WS_SEND_START,1516296266265,148
112,WS_SEND_END,1516296266265,148
112,PLAYER_SLEEPBEFORE_START,1516296266265,149
112,PLAYER_SLEEPBEFORE_END,1516296268693,149
112,WS_SEND_START,1516296268693,149
112,WS_SEND_END,1516296268693,149
112,WS_RECV_START,1516296268693,150
112,WS_RECV_END,1516296271257,150
112,PLAYER_SLEEPBEFORE_START,1516296271257,151
112,PLAYER_SLEEPBEFORE_END,1516296271467,151
112,WS_SEND_START,1516296271467,151
112,WS_SEND_END,1516296271467,151
112,WS_RECV_START,1516296271467,152
112,WS_RECV_END,1516296273063,152
112,PLAYER_SLEEPBEFORE_START,1516296273063,153
112,PLAYER_SLEEPBEFORE_END,1516296296990,153
112,WS_SEND_START,1516296296990,153
112,WS_SEND_END,1516296296990,153
112,WS_RECV_START,1516296296990,154
112,WS_RECV_END,1516296301622,154
112,PLAYER_SLEEPBEFORE_START,1516296301622,155
112,PLAYER_SLEEPBEFORE_END,1516296324180,155
112,WS_SEND_START,1516296324180,155
112,WS_SEND_END,1516296324180,155
112,PLAYER_SLEEPBEFORE_START,1516296324180,156
112,PLAYER_SLEEPBEFORE_END,1516296327454,156
112,WS_SEND_START,1516296327454,156
112,WS_SEND_END,1516296327454,156
112,WS_RECV_START,1516296327454,157
112,WS_RECV_END,1516296329372,157
112,PLAYER_SLEEPBEFORE_START,1516296329372,158
112,PLAYER_SLEEPBEFORE_END,1516296329382,158
112,WS_SEND_START,1516296329382,158
112,WS_SEND_END,1516296329382,158
112,WS_RECV_START,1516296329382,159
112,WS_RECV_END,1516296331320,159
112,PLAYER_SLEEPBEFORE_START,1516296331320,160
112,PLAYER_SLEEPBEFORE_END,1516296331495,160
112,WS_SEND_START,1516296331495,160
112,WS_SEND_END,1516296331495,160
112,WS_RECV_START,1516296331495,161
112,WS_RECV_END,1516296333713,161
112,PLAYER_SLEEPBEFORE_START,1516296333713,162
112,PLAYER_SLEEPBEFORE_END,1516296333738,162
112,WS_SEND_START,1516296333738,162
112,WS_SEND_END,1516296333738,162
112,WS_RECV_START,1516296333738,163
112,WS_RECV_END,1516296336363,163
112,PLAYER_SLEEPBEFORE_START,1516296336363,164
112,PLAYER_SLEEPBEFORE_END,1516296357175,164
112,WS_SEND_START,1516296357175,164
112,WS_SEND_END,1516296357175,164
112,WS_RECV_START,1516296357175,165
112,WS_RECV_END,1516296363807,165
112,PLAYER_SLEEPBEFORE_START,1516296363807,166
112,PLAYER_SLEEPBEFORE_END,1516296386262,166
112,WS_SEND_START,1516296386262,166
112,WS_SEND_END,1516296386262,166
112,WS_RECV_START,1516296386262,167
112,WS_RECV_END,1516296391452,167
112,PLAYER_SLEEPBEFORE_START,1516296391452,168
112,PLAYER_SLEEPBEFORE_END,1516296418809,168
112,WS_SEND_START,1516296418809,168
112,WS_SEND_END,1516296418809,168
112,WS_RECV_START,1516296418809,169
112,WS_RECV_END,1516296425167,169
112,PLAYER_SLEEPBEFORE_START,1516296425167,170
112,PLAYER_SLEEPBEFORE_END,1516296425176,170
112,WS_SEND_START,1516296425176,170
112,WS_SEND_END,1516296425176,170
112,WS_RECV_START,1516296425176,171
112,WS_RECV_END,1516296427659,171
112,PLAYER_SLEEPBEFORE_START,1516296427659,172
112,PLAYER_SLEEPBEFORE_END,1516296428028,172
112,WS_SEND_START,1516296428028,172
112,WS_SEND_END,1516296428028,172
112,WS_RECV_START,1516296428028,173
112,WS_RECV_END,1516296433188,173
112,PLAYER_SLEEPBEFORE_START,1516296433188,174
112,PLAYER_SLEEPBEFORE_END,1516296433229,174
112,WS_SEND_START,1516296433229,174
112,WS_SEND_END,1516296433229,174
112,WS_RECV_START,1516296433229,175
112,WS_RECV_END,1516296438220,175
112,PLAYER_SLEEPBEFORE_START,1516296438220,176
112,PLAYER_SLEEPBEFORE_END,1516296459981,176
112,WS_SEND_START,1516296459981,176
112,WS_SEND_END,1516296459981,176
112,PLAYER_SLEEPBEFORE_START,1516296459981,177
112,PLAYER_SLEEPBEFORE_END,1516296462499,177
112,WS_SEND_START,1516296462499,177
112,WS_SEND_END,1516296462499,177
112,WS_RECV_START,1516296462499,178
112,WS_RECV_END,1516296468023,178
112,PLAYER_SLEEPBEFORE_START,1516296468023,179
112,PLAYER_SLEEPBEFORE_END,1516296490364,179
112,WS_SEND_START,1516296490364,179
112,WS_SEND_END,1516296490364,179
112,WS_RECV_START,1516296490364,180
112,WS_RECV_END,1516296493814,180
112,PLAYER_SLEEPBEFORE_START,1516296493814,181
112,PLAYER_SLEEPBEFORE_END,1516296494258,181
112,WS_SEND_START,1516296494258,181
112,WS_SEND_END,1516296494258,181
112,WS_RECV_START,1516296494258,182
112,WS_RECV_END,1516296496354,182
112,PLAYER_SLEEPBEFORE_START,1516296496354,183
112,PLAYER_SLEEPBEFORE_END,1516296496877,183
112,WS_SEND_START,1516296496877,183
112,WS_SEND_END,1516296496877,183
112,WS_RECV_START,1516296496877,184
112,WS_RECV_END,1516296498917,184
112,PLAYER_SLEEPBEFORE_START,1516296498917,185
112,PLAYER_SLEEPBEFORE_END,1516296499185,185
112,WS_SEND_START,1516296499186,185
112,WS_SEND_END,1516296499186,185
112,WS_RECV_START,1516296499186,186
112,WS_RECV_END,1516296502555,186
112,PLAYER_SLEEPBEFORE_START,1516296502555,187
112,PLAYER_SLEEPBEFORE_END,1516296525055,187
112,WS_SEND_START,1516296525055,187
112,WS_SEND_END,1516296525055,187
112,WS_RECV_START,1516296525055,188
112,WS_RECV_END,1516296533322,188
112,PLAYER_SLEEPBEFORE_START,1516296533322,189
112,PLAYER_SLEEPBEFORE_END,1516296539561,189
112,WS_SEND_START,1516296539561,189
112,WS_SEND_END,1516296539561,189
112,WS_RECV_START,1516296539561,190
112,WS_RECV_END,1516296544817,190
112,PLAYER_SLEEPBEFORE_START,1516296544817,191
112,PLAYER_SLEEPBEFORE_END,1516296546732,191
112,WS_SEND_START,1516296546732,191
112,WS_SEND_END,1516296546733,191
112,WS_RECV_START,1516296546733,192
112,WS_RECV_END,1516296554281,192
112,PLAYER_SLEEPBEFORE_START,1516296554281,193
112,PLAYER_SLEEPBEFORE_END,1516296554410,193
112,WS_SEND_START,1516296554410,193
112,WS_SEND_END,1516296554410,193
112,WS_RECV_START,1516296554410,194
112,WS_RECV_END,1516296559435,194
112,PLAYER_SLEEPBEFORE_START,1516296559435,195
112,PLAYER_SLEEPBEFORE_END,1516296561190,195
112,WS_SEND_START,1516296561190,195
112,WS_SEND_END,1516296561190,195
112,WS_RECV_START,1516296561190,196
112,WS_RECV_END,1516296563837,196
112,PLAYER_SLEEPBEFORE_START,1516296563837,197
112,PLAYER_SLEEPBEFORE_END,1516296565641,197
112,WS_SEND_START,1516296565641,197
112,WS_SEND_END,1516296565641,197
112,WS_RECV_START,1516296565641,198
112,WS_RECV_END,1516296568768,198
112,PLAYER_SLEEPBEFORE_START,1516296568768,199
112,PLAYER_SLEEPBEFORE_END,1516296580622,199
112,WS_SEND_START,1516296580622,199
112,WS_SEND_END,1516296580622,199
112,PLAYER_SLEEPBEFORE_START,1516296580622,200
112,PLAYER_SLEEPBEFORE_END,1516296584710,200
112,WS_SEND_START,1516296584710,200
112,WS_SEND_END,1516296584710,200
112,WS_RECV_START,1516296584710,201
112,WS_RECV_END,1516296586122,201
112,PLAYER_SLEEPBEFORE_START,1516296586122,202
112,PLAYER_SLEEPBEFORE_END,1516296586136,202
112,WS_SEND_START,1516296586136,202
112,WS_SEND_END,1516296586136,202
112,WS_RECV_START,1516296586136,203
112,WS_RECV_END,1516296589466,203
112,PLAYER_SLEEPBEFORE_START,1516296589466,204
112,PLAYER_SLEEPBEFORE_END,1516296609115,204
112,WS_SEND_START,1516296609115,204
112,WS_SEND_END,1516296609115,204
112,PLAYER_SLEEPBEFORE_START,1516296609115,205
112,PLAYER_SLEEPBEFORE_END,1516296613013,205
112,WS_SEND_START,1516296613013,205
112,WS_SEND_END,1516296613013,205
112,WS_RECV_START,1516296613013,206
112,WS_RECV_END,1516296616093,206
112,PLAYER_SLEEPBEFORE_START,1516296616093,207
112,PLAYER_SLEEPBEFORE_END,1516296633024,207
112,REQ_START,1516296633024,207
112,REQ_END,1516296633033,207
112,PLAYER_SLEEPBEFORE_START,1516296633033,208
112,PLAYER_SLEEPBEFORE_END,1516296639885,208
112,WS_CLOSE_START,1516296639885,208
112,WS_CLOSE_END,1516296639885,208
112,PLAYER_DONE,1516296639885
