# --sessions 630 --app-url=http://shinyloadtest.rstudioservices.com/cran_explorer --output-dir test630 --overwrite-output --log-level warn --start-interval 800 15min.log
thread_id,event,timestamp,input_line_number,comment
138,PLAYER_SESSION_CREATE,1516295501165
138,PLAYER_START_INTERVAL_START,1516295501165
138,PLAYER_START_INTERVAL_END,1516295611565
138,REQ_HOME_START,1516295611565,2
138,REQ_HOME_END,1516295611681,2
138,REQ_START,1516295611681,3
138,REQ_END,1516295611732,3
138,REQ_START,1516295611732,4
138,REQ_END,1516295611763,4
138,REQ_START,1516295611763,5
138,REQ_END,1516295611797,5
138,REQ_START,1516295611797,6
138,REQ_END,1516295611834,6
138,REQ_START,1516295611834,7
138,REQ_END,1516295611867,7
138,REQ_START,1516295611867,8
138,REQ_END,1516295611980,8
138,REQ_START,1516295611980,9
138,REQ_END,1516295612015,9
138,REQ_START,1516295612015,10
138,REQ_END,1516295612026,10
138,REQ_START,1516295612026,11
138,REQ_END,1516295612145,11
138,REQ_START,1516295612145,12
138,REQ_END,1516295612155,12
138,REQ_START,1516295612155,13
138,REQ_END,1516295612186,13
138,REQ_START,1516295612186,14
138,REQ_END,1516295612199,14
138,REQ_START,1516295612199,15
138,REQ_END,1516295612236,15
138,REQ_TOK_START,1516295612236,16
138,REQ_TOK_END,1516295612243,16
138,REQ_SINF_START,1516295612243,17
138,REQ_SINF_END,1516295612250,17
138,WS_OPEN_START,1516295612250,18
138,WS_OPEN_END,1516295612257,18
138,REQ_START,1516295612257,19
138,REQ_END,1516295612284,19
138,WS_RECV_START,1516295612284,20
138,WS_RECV_END,1516295612284,20
138,PLAYER_SLEEPBEFORE_START,1516295612284,21
138,PLAYER_SLEEPBEFORE_END,1516295612289,21
138,WS_SEND_START,1516295612289,21
138,WS_SEND_END,1516295612289,21
138,PLAYER_SLEEPBEFORE_START,1516295612289,22
138,PLAYER_SLEEPBEFORE_END,1516295612290,22
138,WS_SEND_START,1516295612290,22
138,WS_SEND_END,1516295612290,22
138,WS_RECV_INIT_START,1516295612290,23
138,WS_RECV_INIT_END,1516295612309,23
138,WS_RECV_START,1516295612309,24
138,WS_RECV_END,1516295612365,24
138,PLAYER_SLEEPBEFORE_START,1516295612365,25
138,PLAYER_SLEEPBEFORE_END,1516295612372,25
138,REQ_START,1516295612372,25
138,REQ_END,1516295612518,25
138,PLAYER_SLEEPBEFORE_START,1516295612518,26
138,PLAYER_SLEEPBEFORE_END,1516295612519,26
138,REQ_START,1516295612519,26
138,REQ_END,1516295612549,26
138,PLAYER_SLEEPBEFORE_START,1516295612549,27
138,PLAYER_SLEEPBEFORE_END,1516295612552,27
138,REQ_START,1516295612552,27
138,REQ_END,1516295612585,27
138,PLAYER_SLEEPBEFORE_START,1516295612585,28
138,PLAYER_SLEEPBEFORE_END,1516295612870,28
138,REQ_START,1516295612870,28
138,REQ_END,1516295612901,28
138,PLAYER_SLEEPBEFORE_START,1516295612901,29
138,PLAYER_SLEEPBEFORE_END,1516295613076,29
138,WS_SEND_START,1516295613076,29
138,WS_SEND_END,1516295613076,29
138,WS_RECV_START,1516295613076,30
138,WS_RECV_END,1516295613252,30
138,PLAYER_SLEEPBEFORE_START,1516295613252,31
138,PLAYER_SLEEPBEFORE_END,1516295613263,31
138,REQ_START,1516295613263,31
138,REQ_END,1516295613398,31
138,PLAYER_SLEEPBEFORE_START,1516295613398,32
138,PLAYER_SLEEPBEFORE_END,1516295641544,32
138,WS_SEND_START,1516295641544,32
138,WS_SEND_END,1516295641544,32
138,WS_RECV_START,1516295641544,33
138,WS_RECV_END,1516295641644,33
138,PLAYER_SLEEPBEFORE_START,1516295641644,34
138,PLAYER_SLEEPBEFORE_END,1516295667555,34
138,WS_SEND_START,1516295667555,34
138,WS_SEND_END,1516295667555,34
138,WS_RECV_START,1516295667555,35
138,WS_RECV_END,1516295667581,35
138,PLAYER_SLEEPBEFORE_START,1516295667581,36
138,PLAYER_SLEEPBEFORE_END,1516295667590,36
138,WS_SEND_START,1516295667590,36
138,WS_SEND_END,1516295667590,36
138,WS_RECV_START,1516295667591,37
138,WS_RECV_END,1516295667634,37
138,PLAYER_SLEEPBEFORE_START,1516295667634,38
138,PLAYER_SLEEPBEFORE_END,1516295670829,38
138,WS_SEND_START,1516295670829,38
138,WS_SEND_END,1516295670829,38
138,WS_RECV_START,1516295670829,39
138,WS_RECV_END,1516295670959,39
138,PLAYER_SLEEPBEFORE_START,1516295670959,40
138,PLAYER_SLEEPBEFORE_END,1516295671005,40
138,WS_SEND_START,1516295671005,40
138,WS_SEND_END,1516295671005,40
138,WS_RECV_START,1516295671005,41
138,WS_RECV_END,1516295671118,41
138,PLAYER_SLEEPBEFORE_START,1516295671118,42
138,PLAYER_SLEEPBEFORE_END,1516295689253,42
138,WS_SEND_START,1516295689253,42
138,WS_SEND_END,1516295689253,42
138,WS_RECV_START,1516295689253,43
138,WS_RECV_END,1516295689280,43
138,PLAYER_SLEEPBEFORE_START,1516295689280,44
138,PLAYER_SLEEPBEFORE_END,1516295689293,44
138,WS_SEND_START,1516295689293,44
138,WS_SEND_END,1516295689293,44
138,WS_RECV_START,1516295689293,45
138,WS_RECV_END,1516295689337,45
138,PLAYER_SLEEPBEFORE_START,1516295689337,46
138,PLAYER_SLEEPBEFORE_END,1516295690597,46
138,WS_SEND_START,1516295690597,46
138,WS_SEND_END,1516295690597,46
138,WS_RECV_START,1516295690597,47
138,WS_RECV_END,1516295690673,47
138,PLAYER_SLEEPBEFORE_START,1516295690673,48
138,PLAYER_SLEEPBEFORE_END,1516295691993,48
138,WS_SEND_START,1516295691993,48
138,WS_SEND_END,1516295691993,48
138,WS_RECV_START,1516295691993,49
138,WS_RECV_END,1516295692085,49
138,PLAYER_SLEEPBEFORE_START,1516295692085,50
138,PLAYER_SLEEPBEFORE_END,1516295692109,50
138,WS_SEND_START,1516295692109,50
138,WS_SEND_END,1516295692109,50
138,WS_RECV_START,1516295692109,51
138,WS_RECV_END,1516295692229,51
138,PLAYER_SLEEPBEFORE_START,1516295692229,52
138,PLAYER_SLEEPBEFORE_END,1516295714793,52
138,WS_SEND_START,1516295714793,52
138,WS_SEND_END,1516295714793,52
138,WS_RECV_START,1516295714793,53
138,WS_RECV_END,1516295714892,53
138,PLAYER_SLEEPBEFORE_START,1516295714892,54
138,PLAYER_SLEEPBEFORE_END,1516295736195,54
138,WS_SEND_START,1516295736195,54
138,WS_SEND_END,1516295736195,54
138,PLAYER_SLEEPBEFORE_START,1516295736195,55
138,PLAYER_SLEEPBEFORE_END,1516295738136,55
138,WS_SEND_START,1516295738136,55
138,WS_SEND_END,1516295738136,55
138,WS_RECV_START,1516295738136,56
138,WS_RECV_END,1516295738367,56
138,PLAYER_SLEEPBEFORE_START,1516295738367,57
138,PLAYER_SLEEPBEFORE_END,1516295761239,57
138,WS_SEND_START,1516295761239,57
138,WS_SEND_END,1516295761239,57
138,WS_RECV_START,1516295761239,58
138,WS_RECV_END,1516295761340,58
138,PLAYER_SLEEPBEFORE_START,1516295761340,59
138,PLAYER_SLEEPBEFORE_END,1516295763667,59
138,WS_SEND_START,1516295763667,59
138,WS_SEND_END,1516295763667,59
138,WS_RECV_START,1516295763667,60
138,WS_RECV_END,1516295763799,60
138,PLAYER_SLEEPBEFORE_START,1516295763799,61
138,PLAYER_SLEEPBEFORE_END,1516295767390,61
138,WS_SEND_START,1516295767390,61
138,WS_SEND_END,1516295767390,61
138,WS_RECV_START,1516295767390,62
138,WS_RECV_END,1516295767893,62
138,PLAYER_SLEEPBEFORE_START,1516295767893,63
138,PLAYER_SLEEPBEFORE_END,1516295787155,63
138,WS_SEND_START,1516295787155,63
138,WS_SEND_END,1516295787155,63
138,WS_RECV_START,1516295787155,64
138,WS_RECV_END,1516295787316,64
138,PLAYER_SLEEPBEFORE_START,1516295787316,65
138,PLAYER_SLEEPBEFORE_END,1516295814133,65
138,WS_SEND_START,1516295814133,65
138,WS_SEND_END,1516295814133,65
138,WS_RECV_START,1516295814133,66
138,WS_RECV_END,1516295814240,66
138,PLAYER_SLEEPBEFORE_START,1516295814240,67
138,PLAYER_SLEEPBEFORE_END,1516295815747,67
138,WS_SEND_START,1516295815747,67
138,WS_SEND_END,1516295815747,67
138,WS_RECV_START,1516295815747,68
138,WS_RECV_END,1516295816036,68
138,PLAYER_SLEEPBEFORE_START,1516295816036,69
138,PLAYER_SLEEPBEFORE_END,1516295838034,69
138,WS_SEND_START,1516295838034,69
138,WS_SEND_END,1516295838034,69
138,WS_RECV_START,1516295838034,70
138,WS_RECV_END,1516295838302,70
138,PLAYER_SLEEPBEFORE_START,1516295838302,71
138,PLAYER_SLEEPBEFORE_END,1516295863077,71
138,WS_SEND_START,1516295863077,71
138,WS_SEND_END,1516295863078,71
138,PLAYER_SLEEPBEFORE_START,1516295863078,72
138,PLAYER_SLEEPBEFORE_END,1516295865685,72
138,WS_SEND_START,1516295865685,72
138,WS_SEND_END,1516295865685,72
138,WS_RECV_START,1516295865685,73
138,WS_RECV_END,1516295866652,73
138,PLAYER_SLEEPBEFORE_START,1516295866652,74
138,PLAYER_SLEEPBEFORE_END,1516295866661,74
138,WS_SEND_START,1516295866661,74
138,WS_SEND_END,1516295866661,74
138,WS_RECV_START,1516295866661,75
138,WS_RECV_END,1516295866714,75
138,PLAYER_SLEEPBEFORE_START,1516295866714,76
138,PLAYER_SLEEPBEFORE_END,1516295868220,76
138,WS_SEND_START,1516295868220,76
138,WS_SEND_END,1516295868220,76
138,WS_RECV_START,1516295868220,77
138,WS_RECV_END,1516295868520,77
138,PLAYER_SLEEPBEFORE_START,1516295868520,78
138,PLAYER_SLEEPBEFORE_END,1516295869388,78
138,WS_SEND_START,1516295869388,78
138,WS_SEND_END,1516295869388,78
138,WS_RECV_START,1516295869388,79
138,WS_RECV_END,1516295869429,79
138,PLAYER_SLEEPBEFORE_START,1516295869429,80
138,PLAYER_SLEEPBEFORE_END,1516295877095,80
138,WS_SEND_START,1516295877095,80
138,WS_SEND_END,1516295877095,80
138,WS_RECV_START,1516295877095,81
138,WS_RECV_END,1516295877509,81
138,PLAYER_SLEEPBEFORE_START,1516295877509,82
138,PLAYER_SLEEPBEFORE_END,1516295878611,82
138,WS_SEND_START,1516295878611,82
138,WS_SEND_END,1516295878611,82
138,WS_RECV_START,1516295878611,83
138,WS_RECV_END,1516295879154,83
138,PLAYER_SLEEPBEFORE_START,1516295879154,84
138,PLAYER_SLEEPBEFORE_END,1516295880101,84
138,WS_SEND_START,1516295880101,84
138,WS_SEND_END,1516295880101,84
138,WS_RECV_START,1516295880101,85
138,WS_RECV_END,1516295880193,85
138,PLAYER_SLEEPBEFORE_START,1516295880193,86
138,PLAYER_SLEEPBEFORE_END,1516295884365,86
138,WS_SEND_START,1516295884365,86
138,WS_SEND_END,1516295884365,86
138,WS_RECV_START,1516295884365,87
138,WS_RECV_END,1516295884491,87
138,PLAYER_SLEEPBEFORE_START,1516295884491,88
138,PLAYER_SLEEPBEFORE_END,1516295884499,88
138,WS_SEND_START,1516295884499,88
138,WS_SEND_END,1516295884499,88
138,WS_RECV_START,1516295884499,89
138,WS_RECV_END,1516295884691,89
138,PLAYER_SLEEPBEFORE_START,1516295884691,90
138,PLAYER_SLEEPBEFORE_END,1516295911888,90
138,REQ_START,1516295911888,90
138,REQ_END,1516295911896,90
138,PLAYER_SLEEPBEFORE_START,1516295911896,91
138,PLAYER_SLEEPBEFORE_END,1516295919785,91
138,WS_SEND_START,1516295919785,91
138,WS_SEND_END,1516295919785,91
138,WS_RECV_START,1516295919785,92
138,WS_RECV_END,1516295920570,92
138,PLAYER_SLEEPBEFORE_START,1516295920570,93
138,PLAYER_SLEEPBEFORE_END,1516295920585,93
138,WS_SEND_START,1516295920585,93
138,WS_SEND_END,1516295920585,93
138,WS_RECV_START,1516295920585,94
138,WS_RECV_END,1516295921013,94
138,PLAYER_SLEEPBEFORE_START,1516295921013,95
138,PLAYER_SLEEPBEFORE_END,1516295944568,95
138,WS_SEND_START,1516295944568,95
138,WS_SEND_END,1516295944568,95
138,WS_RECV_START,1516295944568,96
138,WS_RECV_END,1516295944826,96
138,PLAYER_SLEEPBEFORE_START,1516295944826,97
138,PLAYER_SLEEPBEFORE_END,1516295967266,97
138,WS_SEND_START,1516295967266,97
138,WS_SEND_END,1516295967266,97
138,WS_RECV_START,1516295967266,98
138,WS_RECV_END,1516295969320,98
138,PLAYER_SLEEPBEFORE_START,1516295969320,99
138,PLAYER_SLEEPBEFORE_END,1516295969341,99
138,WS_SEND_START,1516295969341,99
138,WS_SEND_END,1516295969341,99
138,WS_RECV_START,1516295969341,100
138,WS_RECV_END,1516295970332,100
138,PLAYER_SLEEPBEFORE_START,1516295970332,101
138,PLAYER_SLEEPBEFORE_END,1516295993891,101
138,WS_SEND_START,1516295993891,101
138,WS_SEND_END,1516295993891,101
138,WS_RECV_START,1516295993891,102
138,WS_RECV_END,1516295994897,102
138,PLAYER_SLEEPBEFORE_START,1516295994897,103
138,PLAYER_SLEEPBEFORE_END,1516296018522,103
138,WS_SEND_START,1516296018522,103
138,WS_SEND_END,1516296018522,103
138,WS_RECV_START,1516296018522,104
138,WS_RECV_END,1516296020334,104
138,PLAYER_SLEEPBEFORE_START,1516296020334,105
138,PLAYER_SLEEPBEFORE_END,1516296045712,105
138,WS_SEND_START,1516296045712,105
138,WS_SEND_END,1516296045712,105
138,WS_RECV_START,1516296045712,106
138,WS_RECV_END,1516296048781,106
138,PLAYER_SLEEPBEFORE_START,1516296048781,107
138,PLAYER_SLEEPBEFORE_END,1516296072204,107
138,WS_SEND_START,1516296072204,107
138,WS_SEND_END,1516296072204,107
138,WS_RECV_START,1516296072204,108
138,WS_RECV_END,1516296074165,108
138,PLAYER_SLEEPBEFORE_START,1516296074165,109
138,PLAYER_SLEEPBEFORE_END,1516296074174,109
138,WS_SEND_START,1516296074174,109
138,WS_SEND_END,1516296074175,109
138,WS_RECV_START,1516296074175,110
138,WS_RECV_END,1516296074802,110
138,PLAYER_SLEEPBEFORE_START,1516296074802,111
138,PLAYER_SLEEPBEFORE_END,1516296075761,111
138,WS_SEND_START,1516296075761,111
138,WS_SEND_END,1516296075761,111
138,WS_RECV_START,1516296075761,112
138,WS_RECV_END,1516296076856,112
138,PLAYER_SLEEPBEFORE_START,1516296076856,113
138,PLAYER_SLEEPBEFORE_END,1516296077418,113
138,WS_SEND_START,1516296077418,113
138,WS_SEND_END,1516296077418,113
138,WS_RECV_START,1516296077418,114
138,WS_RECV_END,1516296079294,114
138,PLAYER_SLEEPBEFORE_START,1516296079294,115
138,PLAYER_SLEEPBEFORE_END,1516296079303,115
138,WS_SEND_START,1516296079303,115
138,WS_SEND_END,1516296079303,115
138,WS_RECV_START,1516296079303,116
138,WS_RECV_END,1516296082267,116
138,PLAYER_SLEEPBEFORE_START,1516296082267,117
138,PLAYER_SLEEPBEFORE_END,1516296102627,117
138,WS_SEND_START,1516296102627,117
138,WS_SEND_END,1516296102627,117
138,PLAYER_SLEEPBEFORE_START,1516296102627,118
138,PLAYER_SLEEPBEFORE_END,1516296106379,118
138,WS_SEND_START,1516296106379,118
138,WS_SEND_END,1516296106379,118
138,WS_RECV_START,1516296106379,119
138,WS_RECV_END,1516296107297,119
138,PLAYER_SLEEPBEFORE_START,1516296107297,120
138,PLAYER_SLEEPBEFORE_END,1516296108286,120
138,WS_SEND_START,1516296108286,120
138,WS_SEND_END,1516296108286,120
138,WS_RECV_START,1516296108286,121
138,WS_RECV_END,1516296110542,121
138,PLAYER_SLEEPBEFORE_START,1516296110542,122
138,PLAYER_SLEEPBEFORE_END,1516296111727,122
138,WS_SEND_START,1516296111727,122
138,WS_SEND_END,1516296111727,122
138,WS_RECV_START,1516296111727,123
138,WS_RECV_END,1516296113733,123
138,PLAYER_SLEEPBEFORE_START,1516296113733,124
138,PLAYER_SLEEPBEFORE_END,1516296138138,124
138,WS_SEND_START,1516296138138,124
138,WS_SEND_END,1516296138138,124
138,WS_RECV_START,1516296138138,125
138,WS_RECV_END,1516296141767,125
138,PLAYER_SLEEPBEFORE_START,1516296141767,126
138,PLAYER_SLEEPBEFORE_END,1516296162280,126
138,WS_SEND_START,1516296162280,126
138,WS_SEND_END,1516296162280,126
138,PLAYER_SLEEPBEFORE_START,1516296162280,127
138,PLAYER_SLEEPBEFORE_END,1516296165334,127
138,WS_SEND_START,1516296165334,127
138,WS_SEND_END,1516296165334,127
138,WS_RECV_START,1516296165334,128
138,WS_RECV_END,1516296168735,128
138,PLAYER_SLEEPBEFORE_START,1516296168735,129
138,PLAYER_SLEEPBEFORE_END,1516296168755,129
138,WS_SEND_START,1516296168755,129
138,WS_SEND_END,1516296168755,129
138,WS_RECV_START,1516296168755,130
138,WS_RECV_END,1516296172281,130
138,PLAYER_SLEEPBEFORE_START,1516296172281,131
138,PLAYER_SLEEPBEFORE_END,1516296193905,131
138,WS_SEND_START,1516296193905,131
138,WS_SEND_END,1516296193905,131
138,PLAYER_SLEEPBEFORE_START,1516296193905,132
138,PLAYER_SLEEPBEFORE_END,1516296196986,132
138,WS_SEND_START,1516296196986,132
138,WS_SEND_END,1516296196986,132
138,WS_RECV_START,1516296196986,133
138,WS_RECV_END,1516296199647,133
138,PLAYER_SLEEPBEFORE_START,1516296199648,134
138,PLAYER_SLEEPBEFORE_END,1516296220865,134
138,WS_SEND_START,1516296220865,134
138,WS_SEND_END,1516296220865,134
138,PLAYER_SLEEPBEFORE_START,1516296220865,135
138,PLAYER_SLEEPBEFORE_END,1516296224055,135
138,WS_SEND_START,1516296224055,135
138,WS_SEND_END,1516296224055,135
138,WS_RECV_START,1516296224055,136
138,WS_RECV_END,1516296227322,136
138,PLAYER_SLEEPBEFORE_START,1516296227322,137
138,PLAYER_SLEEPBEFORE_END,1516296227329,137
138,WS_SEND_START,1516296227329,137
138,WS_SEND_END,1516296227329,137
138,WS_RECV_START,1516296227329,138
138,WS_RECV_END,1516296230286,138
138,PLAYER_SLEEPBEFORE_START,1516296230286,139
138,PLAYER_SLEEPBEFORE_END,1516296230976,139
138,WS_SEND_START,1516296230976,139
138,WS_SEND_END,1516296230976,139
138,WS_RECV_START,1516296230976,140
138,WS_RECV_END,1516296234132,140
138,PLAYER_SLEEPBEFORE_START,1516296234132,141
138,PLAYER_SLEEPBEFORE_END,1516296234787,141
138,WS_SEND_START,1516296234787,141
138,WS_SEND_END,1516296234787,141
138,WS_RECV_START,1516296234787,142
138,WS_RECV_END,1516296238709,142
138,PLAYER_SLEEPBEFORE_START,1516296238709,143
138,PLAYER_SLEEPBEFORE_END,1516296238766,143
138,WS_SEND_START,1516296238766,143
138,WS_SEND_END,1516296238766,143
138,WS_RECV_START,1516296238766,144
138,WS_RECV_END,1516296241729,144
138,PLAYER_SLEEPBEFORE_START,1516296241729,145
138,PLAYER_SLEEPBEFORE_END,1516296257792,145
138,REQ_START,1516296257792,145
138,REQ_END,1516296257799,145
138,PLAYER_SLEEPBEFORE_START,1516296257799,146
138,PLAYER_SLEEPBEFORE_END,1516296266677,146
138,WS_SEND_START,1516296266677,146
138,WS_SEND_END,1516296266677,146
138,WS_RECV_START,1516296266677,147
138,WS_RECV_END,1516296269694,147
138,PLAYER_SLEEPBEFORE_START,1516296269694,148
138,PLAYER_SLEEPBEFORE_END,1516296291616,148
138,WS_SEND_START,1516296291616,148
138,WS_SEND_END,1516296291616,148
138,PLAYER_SLEEPBEFORE_START,1516296291616,149
138,PLAYER_SLEEPBEFORE_END,1516296294044,149
138,WS_SEND_START,1516296294044,149
138,WS_SEND_END,1516296294044,149
138,WS_RECV_START,1516296294044,150
138,WS_RECV_END,1516296294878,150
138,PLAYER_SLEEPBEFORE_START,1516296294879,151
138,PLAYER_SLEEPBEFORE_END,1516296295089,151
138,WS_SEND_START,1516296295089,151
138,WS_SEND_END,1516296295089,151
138,WS_RECV_START,1516296295089,152
138,WS_RECV_END,1516296299927,152
138,PLAYER_SLEEPBEFORE_START,1516296299927,153
138,PLAYER_SLEEPBEFORE_END,1516296323854,153
138,WS_SEND_START,1516296323854,153
138,WS_SEND_END,1516296323854,153
138,WS_RECV_START,1516296323854,154
138,WS_RECV_END,1516296330250,154
138,PLAYER_SLEEPBEFORE_START,1516296330250,155
138,PLAYER_SLEEPBEFORE_END,1516296352808,155
138,WS_SEND_START,1516296352808,155
138,WS_SEND_END,1516296352809,155
138,PLAYER_SLEEPBEFORE_START,1516296352809,156
138,PLAYER_SLEEPBEFORE_END,1516296356086,156
138,WS_SEND_START,1516296356086,156
138,WS_SEND_END,1516296356086,156
138,WS_RECV_START,1516296356086,157
138,WS_RECV_END,1516296357384,157
138,PLAYER_SLEEPBEFORE_START,1516296357384,158
138,PLAYER_SLEEPBEFORE_END,1516296357394,158
138,WS_SEND_START,1516296357394,158
138,WS_SEND_END,1516296357394,158
138,WS_RECV_START,1516296357394,159
138,WS_RECV_END,1516296360058,159
138,PLAYER_SLEEPBEFORE_START,1516296360058,160
138,PLAYER_SLEEPBEFORE_END,1516296360233,160
138,WS_SEND_START,1516296360233,160
138,WS_SEND_END,1516296360233,160
138,WS_RECV_START,1516296360233,161
138,WS_RECV_END,1516296363414,161
138,PLAYER_SLEEPBEFORE_START,1516296363414,162
138,PLAYER_SLEEPBEFORE_END,1516296363439,162
138,WS_SEND_START,1516296363439,162
138,WS_SEND_END,1516296363439,162
138,WS_RECV_START,1516296363439,163
138,WS_RECV_END,1516296367545,163
138,PLAYER_SLEEPBEFORE_START,1516296367545,164
138,PLAYER_SLEEPBEFORE_END,1516296388357,164
138,WS_SEND_START,1516296388358,164
138,WS_SEND_END,1516296388358,164
138,WS_RECV_START,1516296388358,165
138,WS_RECV_END,1516296394075,165
138,PLAYER_SLEEPBEFORE_START,1516296394075,166
138,PLAYER_SLEEPBEFORE_END,1516296416530,166
138,WS_SEND_START,1516296416530,166
138,WS_SEND_END,1516296416530,166
138,WS_RECV_START,1516296416530,167
138,WS_RECV_END,1516296423767,167
138,PLAYER_SLEEPBEFORE_START,1516296423767,168
138,PLAYER_SLEEPBEFORE_END,1516296451124,168
138,WS_SEND_START,1516296451124,168
138,WS_SEND_END,1516296451124,168
138,WS_RECV_START,1516296451124,169
138,WS_RECV_END,1516296460300,169
138,PLAYER_SLEEPBEFORE_START,1516296460300,170
138,PLAYER_SLEEPBEFORE_END,1516296460309,170
138,WS_SEND_START,1516296460309,170
138,WS_SEND_END,1516296460309,170
138,WS_RECV_START,1516296460309,171
138,WS_RECV_END,1516296465163,171
138,PLAYER_SLEEPBEFORE_START,1516296465163,172
138,PLAYER_SLEEPBEFORE_END,1516296465532,172
138,WS_SEND_START,1516296465532,172
138,WS_SEND_END,1516296465532,172
138,WS_RECV_START,1516296465532,173
138,WS_RECV_END,1516296469275,173
138,PLAYER_SLEEPBEFORE_START,1516296469275,174
138,PLAYER_SLEEPBEFORE_END,1516296469316,174
138,WS_SEND_START,1516296469316,174
138,WS_SEND_END,1516296469316,174
138,WS_RECV_START,1516296469316,175
138,WS_RECV_END,1516296473409,175
138,PLAYER_SLEEPBEFORE_START,1516296473409,176
138,PLAYER_SLEEPBEFORE_END,1516296495170,176
138,WS_SEND_START,1516296495170,176
138,WS_SEND_END,1516296495170,176
138,PLAYER_SLEEPBEFORE_START,1516296495170,177
138,PLAYER_SLEEPBEFORE_END,1516296497689,177
138,WS_SEND_START,1516296497689,177
138,WS_SEND_END,1516296497689,177
138,WS_RECV_START,1516296497689,178
138,WS_RECV_END,1516296504753,178
138,PLAYER_SLEEPBEFORE_START,1516296504753,179
138,PLAYER_SLEEPBEFORE_END,1516296527093,179
138,WS_SEND_START,1516296527093,179
138,WS_SEND_END,1516296527093,179
138,WS_RECV_START,1516296527093,180
138,WS_RECV_END,1516296539249,180
138,PLAYER_SLEEPBEFORE_START,1516296539249,181
138,PLAYER_SLEEPBEFORE_END,1516296539694,181
138,WS_SEND_START,1516296539694,181
138,WS_SEND_END,1516296539694,181
138,WS_RECV_START,1516296539694,182
138,WS_RECV_END,1516296543863,182
138,PLAYER_SLEEPBEFORE_START,1516296543863,183
138,PLAYER_SLEEPBEFORE_END,1516296544386,183
138,WS_SEND_START,1516296544386,183
138,WS_SEND_END,1516296544386,183
138,WS_RECV_START,1516296544386,184
138,WS_RECV_END,1516296549101,184
138,PLAYER_SLEEPBEFORE_START,1516296549102,185
138,PLAYER_SLEEPBEFORE_END,1516296549370,185
138,WS_SEND_START,1516296549370,185
138,WS_SEND_END,1516296549370,185
138,WS_RECV_START,1516296549370,186
138,WS_RECV_END,1516296553792,186
138,PLAYER_SLEEPBEFORE_START,1516296553792,187
138,PLAYER_SLEEPBEFORE_END,1516296576292,187
138,WS_SEND_START,1516296576292,187
138,WS_SEND_END,1516296576292,187
138,WS_RECV_START,1516296576292,188
138,WS_RECV_END,1516296585052,188
138,PLAYER_SLEEPBEFORE_START,1516296585052,189
138,PLAYER_SLEEPBEFORE_END,1516296591291,189
138,WS_SEND_START,1516296591291,189
138,WS_SEND_END,1516296591291,189
138,WS_RECV_START,1516296591291,190
138,WS_RECV_END,1516296596690,190
138,PLAYER_SLEEPBEFORE_START,1516296596690,191
138,PLAYER_SLEEPBEFORE_END,1516296598605,191
138,WS_SEND_START,1516296598605,191
138,WS_SEND_END,1516296598605,191
138,WS_RECV_START,1516296598605,192
138,WS_RECV_END,1516296604722,192
138,PLAYER_SLEEPBEFORE_START,1516296604722,193
138,PLAYER_SLEEPBEFORE_END,1516296604851,193
138,WS_SEND_START,1516296604851,193
138,WS_SEND_END,1516296604851,193
138,WS_RECV_START,1516296604851,194
138,WS_RECV_END,1516296609661,194
138,PLAYER_SLEEPBEFORE_START,1516296609661,195
138,PLAYER_SLEEPBEFORE_END,1516296611416,195
138,WS_SEND_START,1516296611416,195
138,WS_SEND_END,1516296611416,195
138,WS_RECV_START,1516296611416,196
138,WS_RECV_END,1516296616627,196
138,PLAYER_SLEEPBEFORE_START,1516296616627,197
138,PLAYER_SLEEPBEFORE_END,1516296618431,197
138,WS_SEND_START,1516296618431,197
138,WS_SEND_END,1516296618431,197
138,WS_RECV_START,1516296618431,198
138,WS_RECV_END,1516296621583,198
138,PLAYER_SLEEPBEFORE_START,1516296621583,199
138,PLAYER_SLEEPBEFORE_END,1516296633437,199
138,WS_SEND_START,1516296633437,199
138,WS_SEND_END,1516296633437,199
138,PLAYER_SLEEPBEFORE_START,1516296633437,200
138,PLAYER_SLEEPBEFORE_END,1516296637525,200
138,WS_SEND_START,1516296637525,200
138,WS_SEND_END,1516296637525,200
138,WS_RECV_START,1516296637525,201
138,WS_RECV_END,1516296638288,201
138,PLAYER_SLEEPBEFORE_START,1516296638288,202
138,PLAYER_SLEEPBEFORE_END,1516296638302,202
138,WS_SEND_START,1516296638302,202
138,WS_SEND_END,1516296638302,202
138,WS_RECV_START,1516296638302,203
138,WS_RECV_END,1516296639202,203
138,PLAYER_SLEEPBEFORE_START,1516296639202,204
138,PLAYER_SLEEPBEFORE_END,1516296658851,204
138,WS_SEND_START,1516296658851,204
138,WS_SEND_END,1516296658851,204
138,PLAYER_SLEEPBEFORE_START,1516296658851,205
138,PLAYER_SLEEPBEFORE_END,1516296662749,205
138,WS_SEND_START,1516296662749,205
138,WS_SEND_END,1516296662749,205
138,WS_RECV_START,1516296662749,206
138,WS_RECV_END,1516296663273,206
138,PLAYER_SLEEPBEFORE_START,1516296663273,207
138,PLAYER_SLEEPBEFORE_END,1516296680204,207
138,REQ_START,1516296680204,207
138,REQ_END,1516296680213,207
138,PLAYER_SLEEPBEFORE_START,1516296680213,208
138,PLAYER_SLEEPBEFORE_END,1516296687065,208
138,WS_CLOSE_START,1516296687065,208
138,WS_CLOSE_END,1516296687065,208
138,PLAYER_DONE,1516296687065
