# --sessions 630 --app-url=http://shinyloadtest.rstudioservices.com/cran_explorer --output-dir test630 --overwrite-output --log-level warn --start-interval 800 15min.log
thread_id,event,timestamp,input_line_number,comment
152,PLAYER_SESSION_CREATE,1516295501158
152,PLAYER_START_INTERVAL_START,1516295501158
152,PLAYER_START_INTERVAL_END,1516295622758
152,REQ_HOME_START,1516295622758,2
152,REQ_HOME_END,1516295622857,2
152,REQ_START,1516295622857,3
152,REQ_END,1516295622890,3
152,REQ_START,1516295622890,4
152,REQ_END,1516295622921,4
152,REQ_START,1516295622921,5
152,REQ_END,1516295622957,5
152,REQ_START,1516295622957,6
152,REQ_END,1516295622993,6
152,REQ_START,1516295622993,7
152,REQ_END,1516295623028,7
152,REQ_START,1516295623028,8
152,REQ_END,1516295623067,8
152,REQ_START,1516295623067,9
152,REQ_END,1516295623102,9
152,REQ_START,1516295623102,10
152,REQ_END,1516295623110,10
152,REQ_START,1516295623110,11
152,REQ_END,1516295623140,11
152,REQ_START,1516295623140,12
152,REQ_END,1516295623150,12
152,REQ_START,1516295623150,13
152,REQ_END,1516295623183,13
152,REQ_START,1516295623183,14
152,REQ_END,1516295623197,14
152,REQ_START,1516295623197,15
152,REQ_END,1516295623228,15
152,REQ_TOK_START,1516295623228,16
152,REQ_TOK_END,1516295623238,16
152,REQ_SINF_START,1516295623238,17
152,REQ_SINF_END,1516295623245,17
152,WS_OPEN_START,1516295623245,18
152,WS_OPEN_END,1516295623252,18
152,REQ_START,1516295623252,19
152,REQ_END,1516295623313,19
152,WS_RECV_START,1516295623313,20
152,WS_RECV_END,1516295623313,20
152,PLAYER_SLEEPBEFORE_START,1516295623313,21
152,PLAYER_SLEEPBEFORE_END,1516295623319,21
152,WS_SEND_START,1516295623319,21
152,WS_SEND_END,1516295623319,21
152,PLAYER_SLEEPBEFORE_START,1516295623319,22
152,PLAYER_SLEEPBEFORE_END,1516295623320,22
152,WS_SEND_START,1516295623320,22
152,WS_SEND_END,1516295623320,22
152,WS_RECV_INIT_START,1516295623320,23
152,WS_RECV_INIT_END,1516295623353,23
152,WS_RECV_START,1516295623353,24
152,WS_RECV_END,1516295623408,24
152,PLAYER_SLEEPBEFORE_START,1516295623408,25
152,PLAYER_SLEEPBEFORE_END,1516295623415,25
152,REQ_START,1516295623415,25
152,REQ_END,1516295623544,25
152,PLAYER_SLEEPBEFORE_START,1516295623544,26
152,PLAYER_SLEEPBEFORE_END,1516295623546,26
152,REQ_START,1516295623546,26
152,REQ_END,1516295623577,26
152,PLAYER_SLEEPBEFORE_START,1516295623577,27
152,PLAYER_SLEEPBEFORE_END,1516295623580,27
152,REQ_START,1516295623580,27
152,REQ_END,1516295623612,27
152,PLAYER_SLEEPBEFORE_START,1516295623612,28
152,PLAYER_SLEEPBEFORE_END,1516295623897,28
152,REQ_START,1516295623897,28
152,REQ_END,1516295623930,28
152,PLAYER_SLEEPBEFORE_START,1516295623930,29
152,PLAYER_SLEEPBEFORE_END,1516295624105,29
152,WS_SEND_START,1516295624105,29
152,WS_SEND_END,1516295624105,29
152,WS_RECV_START,1516295624105,30
152,WS_RECV_END,1516295624218,30
152,PLAYER_SLEEPBEFORE_START,1516295624218,31
152,PLAYER_SLEEPBEFORE_END,1516295624229,31
152,REQ_START,1516295624229,31
152,REQ_END,1516295624265,31
152,PLAYER_SLEEPBEFORE_START,1516295624265,32
152,PLAYER_SLEEPBEFORE_END,1516295652410,32
152,WS_SEND_START,1516295652410,32
152,WS_SEND_END,1516295652410,32
152,WS_RECV_START,1516295652410,33
152,WS_RECV_END,1516295652504,33
152,PLAYER_SLEEPBEFORE_START,1516295652504,34
152,PLAYER_SLEEPBEFORE_END,1516295678415,34
152,WS_SEND_START,1516295678415,34
152,WS_SEND_END,1516295678415,34
152,WS_RECV_START,1516295678415,35
152,WS_RECV_END,1516295678474,35
152,PLAYER_SLEEPBEFORE_START,1516295678474,36
152,PLAYER_SLEEPBEFORE_END,1516295678483,36
152,WS_SEND_START,1516295678483,36
152,WS_SEND_END,1516295678483,36
152,WS_RECV_START,1516295678483,37
152,WS_RECV_END,1516295678526,37
152,PLAYER_SLEEPBEFORE_START,1516295678526,38
152,PLAYER_SLEEPBEFORE_END,1516295681721,38
152,WS_SEND_START,1516295681721,38
152,WS_SEND_END,1516295681721,38
152,WS_RECV_START,1516295681721,39
152,WS_RECV_END,1516295681840,39
152,PLAYER_SLEEPBEFORE_START,1516295681840,40
152,PLAYER_SLEEPBEFORE_END,1516295681886,40
152,WS_SEND_START,1516295681886,40
152,WS_SEND_END,1516295681886,40
152,WS_RECV_START,1516295681886,41
152,WS_RECV_END,1516295681993,41
152,PLAYER_SLEEPBEFORE_START,1516295681993,42
152,PLAYER_SLEEPBEFORE_END,1516295700128,42
152,WS_SEND_START,1516295700128,42
152,WS_SEND_END,1516295700128,42
152,WS_RECV_START,1516295700128,43
152,WS_RECV_END,1516295700171,43
152,PLAYER_SLEEPBEFORE_START,1516295700171,44
152,PLAYER_SLEEPBEFORE_END,1516295700183,44
152,WS_SEND_START,1516295700183,44
152,WS_SEND_END,1516295700183,44
152,WS_RECV_START,1516295700183,45
152,WS_RECV_END,1516295700242,45
152,PLAYER_SLEEPBEFORE_START,1516295700242,46
152,PLAYER_SLEEPBEFORE_END,1516295701502,46
152,WS_SEND_START,1516295701502,46
152,WS_SEND_END,1516295701502,46
152,WS_RECV_START,1516295701502,47
152,WS_RECV_END,1516295701570,47
152,PLAYER_SLEEPBEFORE_START,1516295701570,48
152,PLAYER_SLEEPBEFORE_END,1516295702890,48
152,WS_SEND_START,1516295702890,48
152,WS_SEND_END,1516295702890,48
152,WS_RECV_START,1516295702890,49
152,WS_RECV_END,1516295702992,49
152,PLAYER_SLEEPBEFORE_START,1516295702992,50
152,PLAYER_SLEEPBEFORE_END,1516295703016,50
152,WS_SEND_START,1516295703016,50
152,WS_SEND_END,1516295703016,50
152,WS_RECV_START,1516295703016,51
152,WS_RECV_END,1516295703126,51
152,PLAYER_SLEEPBEFORE_START,1516295703126,52
152,PLAYER_SLEEPBEFORE_END,1516295725690,52
152,WS_SEND_START,1516295725690,52
152,WS_SEND_END,1516295725690,52
152,WS_RECV_START,1516295725690,53
152,WS_RECV_END,1516295725812,53
152,PLAYER_SLEEPBEFORE_START,1516295725812,54
152,PLAYER_SLEEPBEFORE_END,1516295747115,54
152,WS_SEND_START,1516295747115,54
152,WS_SEND_END,1516295747115,54
152,PLAYER_SLEEPBEFORE_START,1516295747115,55
152,PLAYER_SLEEPBEFORE_END,1516295749056,55
152,WS_SEND_START,1516295749056,55
152,WS_SEND_END,1516295749056,55
152,WS_RECV_START,1516295749056,56
152,WS_RECV_END,1516295749139,56
152,PLAYER_SLEEPBEFORE_START,1516295749139,57
152,PLAYER_SLEEPBEFORE_END,1516295772011,57
152,WS_SEND_START,1516295772011,57
152,WS_SEND_END,1516295772011,57
152,WS_RECV_START,1516295772011,58
152,WS_RECV_END,1516295772217,58
152,PLAYER_SLEEPBEFORE_START,1516295772217,59
152,PLAYER_SLEEPBEFORE_END,1516295774544,59
152,WS_SEND_START,1516295774544,59
152,WS_SEND_END,1516295774544,59
152,WS_RECV_START,1516295774544,60
152,WS_RECV_END,1516295774672,60
152,PLAYER_SLEEPBEFORE_START,1516295774672,61
152,PLAYER_SLEEPBEFORE_END,1516295778264,61
152,WS_SEND_START,1516295778264,61
152,WS_SEND_END,1516295778264,61
152,WS_RECV_START,1516295778264,62
152,WS_RECV_END,1516295778413,62
152,PLAYER_SLEEPBEFORE_START,1516295778413,63
152,PLAYER_SLEEPBEFORE_END,1516295797676,63
152,WS_SEND_START,1516295797676,63
152,WS_SEND_END,1516295797676,63
152,WS_RECV_START,1516295797676,64
152,WS_RECV_END,1516295797745,64
152,PLAYER_SLEEPBEFORE_START,1516295797745,65
152,PLAYER_SLEEPBEFORE_END,1516295824562,65
152,WS_SEND_START,1516295824562,65
152,WS_SEND_END,1516295824562,65
152,WS_RECV_START,1516295824562,66
152,WS_RECV_END,1516295824703,66
152,PLAYER_SLEEPBEFORE_START,1516295824703,67
152,PLAYER_SLEEPBEFORE_END,1516295826210,67
152,WS_SEND_START,1516295826210,67
152,WS_SEND_END,1516295826210,67
152,WS_RECV_START,1516295826210,68
152,WS_RECV_END,1516295826466,68
152,PLAYER_SLEEPBEFORE_START,1516295826466,69
152,PLAYER_SLEEPBEFORE_END,1516295848465,69
152,WS_SEND_START,1516295848465,69
152,WS_SEND_END,1516295848465,69
152,WS_RECV_START,1516295848465,70
152,WS_RECV_END,1516295848583,70
152,PLAYER_SLEEPBEFORE_START,1516295848583,71
152,PLAYER_SLEEPBEFORE_END,1516295873359,71
152,WS_SEND_START,1516295873359,71
152,WS_SEND_END,1516295873359,71
152,PLAYER_SLEEPBEFORE_START,1516295873359,72
152,PLAYER_SLEEPBEFORE_END,1516295875966,72
152,WS_SEND_START,1516295875966,72
152,WS_SEND_END,1516295875966,72
152,WS_RECV_START,1516295875966,73
152,WS_RECV_END,1516295876332,73
152,PLAYER_SLEEPBEFORE_START,1516295876332,74
152,PLAYER_SLEEPBEFORE_END,1516295876342,74
152,WS_SEND_START,1516295876342,74
152,WS_SEND_END,1516295876342,74
152,WS_RECV_START,1516295876342,75
152,WS_RECV_END,1516295876382,75
152,PLAYER_SLEEPBEFORE_START,1516295876382,76
152,PLAYER_SLEEPBEFORE_END,1516295877888,76
152,WS_SEND_START,1516295877888,76
152,WS_SEND_END,1516295877888,76
152,WS_RECV_START,1516295877888,77
152,WS_RECV_END,1516295878038,77
152,PLAYER_SLEEPBEFORE_START,1516295878038,78
152,PLAYER_SLEEPBEFORE_END,1516295878906,78
152,WS_SEND_START,1516295878906,78
152,WS_SEND_END,1516295878906,78
152,WS_RECV_START,1516295878906,79
152,WS_RECV_END,1516295879073,79
152,PLAYER_SLEEPBEFORE_START,1516295879073,80
152,PLAYER_SLEEPBEFORE_END,1516295886739,80
152,WS_SEND_START,1516295886739,80
152,WS_SEND_END,1516295886739,80
152,WS_RECV_START,1516295886739,81
152,WS_RECV_END,1516295886792,81
152,PLAYER_SLEEPBEFORE_START,1516295886792,82
152,PLAYER_SLEEPBEFORE_END,1516295887894,82
152,WS_SEND_START,1516295887894,82
152,WS_SEND_END,1516295887894,82
152,WS_RECV_START,1516295887895,83
152,WS_RECV_END,1516295887954,83
152,PLAYER_SLEEPBEFORE_START,1516295887954,84
152,PLAYER_SLEEPBEFORE_END,1516295888901,84
152,WS_SEND_START,1516295888901,84
152,WS_SEND_END,1516295888901,84
152,WS_RECV_START,1516295888901,85
152,WS_RECV_END,1516295888998,85
152,PLAYER_SLEEPBEFORE_START,1516295888998,86
152,PLAYER_SLEEPBEFORE_END,1516295893170,86
152,WS_SEND_START,1516295893170,86
152,WS_SEND_END,1516295893170,86
152,WS_RECV_START,1516295893170,87
152,WS_RECV_END,1516295893379,87
152,PLAYER_SLEEPBEFORE_START,1516295893379,88
152,PLAYER_SLEEPBEFORE_END,1516295893387,88
152,WS_SEND_START,1516295893387,88
152,WS_SEND_END,1516295893387,88
152,WS_RECV_START,1516295893387,89
152,WS_RECV_END,1516295893569,89
152,PLAYER_SLEEPBEFORE_START,1516295893569,90
152,PLAYER_SLEEPBEFORE_END,1516295920766,90
152,REQ_START,1516295920766,90
152,REQ_END,1516295920774,90
152,PLAYER_SLEEPBEFORE_START,1516295920774,91
152,PLAYER_SLEEPBEFORE_END,1516295928663,91
152,WS_SEND_START,1516295928663,91
152,WS_SEND_END,1516295928663,91
152,WS_RECV_START,1516295928663,92
152,WS_RECV_END,1516295929702,92
152,PLAYER_SLEEPBEFORE_START,1516295929702,93
152,PLAYER_SLEEPBEFORE_END,1516295929718,93
152,WS_SEND_START,1516295929718,93
152,WS_SEND_END,1516295929718,93
152,WS_RECV_START,1516295929718,94
152,WS_RECV_END,1516295930399,94
152,PLAYER_SLEEPBEFORE_START,1516295930399,95
152,PLAYER_SLEEPBEFORE_END,1516295953954,95
152,WS_SEND_START,1516295953954,95
152,WS_SEND_END,1516295953954,95
152,WS_RECV_START,1516295953954,96
152,WS_RECV_END,1516295954151,96
152,PLAYER_SLEEPBEFORE_START,1516295954151,97
152,PLAYER_SLEEPBEFORE_END,1516295976591,97
152,WS_SEND_START,1516295976591,97
152,WS_SEND_END,1516295976591,97
152,WS_RECV_START,1516295976591,98
152,WS_RECV_END,1516295977784,98
152,PLAYER_SLEEPBEFORE_START,1516295977784,99
152,PLAYER_SLEEPBEFORE_END,1516295977806,99
152,WS_SEND_START,1516295977806,99
152,WS_SEND_END,1516295977806,99
152,WS_RECV_START,1516295977806,100
152,WS_RECV_END,1516295978239,100
152,PLAYER_SLEEPBEFORE_START,1516295978239,101
152,PLAYER_SLEEPBEFORE_END,1516296001798,101
152,WS_SEND_START,1516296001798,101
152,WS_SEND_END,1516296001798,101
152,WS_RECV_START,1516296001798,102
152,WS_RECV_END,1516296003719,102
152,PLAYER_SLEEPBEFORE_START,1516296003719,103
152,PLAYER_SLEEPBEFORE_END,1516296027344,103
152,WS_SEND_START,1516296027344,103
152,WS_SEND_END,1516296027344,103
152,WS_RECV_START,1516296027344,104
152,WS_RECV_END,1516296028691,104
152,PLAYER_SLEEPBEFORE_START,1516296028691,105
152,PLAYER_SLEEPBEFORE_END,1516296054068,105
152,WS_SEND_START,1516296054068,105
152,WS_SEND_END,1516296054068,105
152,WS_RECV_START,1516296054068,106
152,WS_RECV_END,1516296057241,106
152,PLAYER_SLEEPBEFORE_START,1516296057241,107
152,PLAYER_SLEEPBEFORE_END,1516296080664,107
152,WS_SEND_START,1516296080664,107
152,WS_SEND_END,1516296080664,107
152,WS_RECV_START,1516296080664,108
152,WS_RECV_END,1516296083809,108
152,PLAYER_SLEEPBEFORE_START,1516296083809,109
152,PLAYER_SLEEPBEFORE_END,1516296083818,109
152,WS_SEND_START,1516296083818,109
152,WS_SEND_END,1516296083818,109
152,WS_RECV_START,1516296083818,110
152,WS_RECV_END,1516296085546,110
152,PLAYER_SLEEPBEFORE_START,1516296085546,111
152,PLAYER_SLEEPBEFORE_END,1516296086505,111
152,WS_SEND_START,1516296086505,111
152,WS_SEND_END,1516296086505,111
152,WS_RECV_START,1516296086505,112
152,WS_RECV_END,1516296087512,112
152,PLAYER_SLEEPBEFORE_START,1516296087512,113
152,PLAYER_SLEEPBEFORE_END,1516296088074,113
152,WS_SEND_START,1516296088075,113
152,WS_SEND_END,1516296088075,113
152,WS_RECV_START,1516296088075,114
152,WS_RECV_END,1516296090231,114
152,PLAYER_SLEEPBEFORE_START,1516296090231,115
152,PLAYER_SLEEPBEFORE_END,1516296090240,115
152,WS_SEND_START,1516296090240,115
152,WS_SEND_END,1516296090240,115
152,WS_RECV_START,1516296090240,116
152,WS_RECV_END,1516296092933,116
152,PLAYER_SLEEPBEFORE_START,1516296092933,117
152,PLAYER_SLEEPBEFORE_END,1516296113293,117
152,WS_SEND_START,1516296113293,117
152,WS_SEND_END,1516296113293,117
152,PLAYER_SLEEPBEFORE_START,1516296113293,118
152,PLAYER_SLEEPBEFORE_END,1516296117045,118
152,WS_SEND_START,1516296117045,118
152,WS_SEND_END,1516296117045,118
152,WS_RECV_START,1516296117045,119
152,WS_RECV_END,1516296117994,119
152,PLAYER_SLEEPBEFORE_START,1516296117994,120
152,PLAYER_SLEEPBEFORE_END,1516296118982,120
152,WS_SEND_START,1516296118982,120
152,WS_SEND_END,1516296118982,120
152,WS_RECV_START,1516296118982,121
152,WS_RECV_END,1516296124422,121
152,PLAYER_SLEEPBEFORE_START,1516296124422,122
152,PLAYER_SLEEPBEFORE_END,1516296125608,122
152,WS_SEND_START,1516296125608,122
152,WS_SEND_END,1516296125608,122
152,WS_RECV_START,1516296125608,123
152,WS_RECV_END,1516296127474,123
152,PLAYER_SLEEPBEFORE_START,1516296127474,124
152,PLAYER_SLEEPBEFORE_END,1516296151879,124
152,WS_SEND_START,1516296151879,124
152,WS_SEND_END,1516296151879,124
152,WS_RECV_START,1516296151879,125
152,WS_RECV_END,1516296155090,125
152,PLAYER_SLEEPBEFORE_START,1516296155090,126
152,PLAYER_SLEEPBEFORE_END,1516296175602,126
152,WS_SEND_START,1516296175602,126
152,WS_SEND_END,1516296175602,126
152,PLAYER_SLEEPBEFORE_START,1516296175602,127
152,PLAYER_SLEEPBEFORE_END,1516296178656,127
152,WS_SEND_START,1516296178656,127
152,WS_SEND_END,1516296178656,127
152,WS_RECV_START,1516296178656,128
152,WS_RECV_END,1516296182053,128
152,PLAYER_SLEEPBEFORE_START,1516296182053,129
152,PLAYER_SLEEPBEFORE_END,1516296182073,129
152,WS_SEND_START,1516296182073,129
152,WS_SEND_END,1516296182073,129
152,WS_RECV_START,1516296182073,130
152,WS_RECV_END,1516296184939,130
152,PLAYER_SLEEPBEFORE_START,1516296184939,131
152,PLAYER_SLEEPBEFORE_END,1516296206563,131
152,WS_SEND_START,1516296206563,131
152,WS_SEND_END,1516296206563,131
152,PLAYER_SLEEPBEFORE_START,1516296206563,132
152,PLAYER_SLEEPBEFORE_END,1516296209643,132
152,WS_SEND_START,1516296209643,132
152,WS_SEND_END,1516296209643,132
152,WS_RECV_START,1516296209643,133
152,WS_RECV_END,1516296210616,133
152,PLAYER_SLEEPBEFORE_START,1516296210616,134
152,PLAYER_SLEEPBEFORE_END,1516296231833,134
152,WS_SEND_START,1516296231833,134
152,WS_SEND_END,1516296231833,134
152,PLAYER_SLEEPBEFORE_START,1516296231833,135
152,PLAYER_SLEEPBEFORE_END,1516296235023,135
152,WS_SEND_START,1516296235023,135
152,WS_SEND_END,1516296235023,135
152,WS_RECV_START,1516296235023,136
152,WS_RECV_END,1516296237809,136
152,PLAYER_SLEEPBEFORE_START,1516296237809,137
152,PLAYER_SLEEPBEFORE_END,1516296237816,137
152,WS_SEND_START,1516296237816,137
152,WS_SEND_END,1516296237816,137
152,WS_RECV_START,1516296237816,138
152,WS_RECV_END,1516296241478,138
152,PLAYER_SLEEPBEFORE_START,1516296241478,139
152,PLAYER_SLEEPBEFORE_END,1516296242168,139
152,WS_SEND_START,1516296242168,139
152,WS_SEND_END,1516296242168,139
152,WS_RECV_START,1516296242168,140
152,WS_RECV_END,1516296245544,140
152,PLAYER_SLEEPBEFORE_START,1516296245544,141
152,PLAYER_SLEEPBEFORE_END,1516296246199,141
152,WS_SEND_START,1516296246199,141
152,WS_SEND_END,1516296246199,141
152,WS_RECV_START,1516296246199,142
152,WS_RECV_END,1516296249657,142
152,PLAYER_SLEEPBEFORE_START,1516296249657,143
152,PLAYER_SLEEPBEFORE_END,1516296249714,143
152,WS_SEND_START,1516296249714,143
152,WS_SEND_END,1516296249714,143
152,WS_RECV_START,1516296249714,144
152,WS_RECV_END,1516296253927,144
152,PLAYER_SLEEPBEFORE_START,1516296253927,145
152,PLAYER_SLEEPBEFORE_END,1516296269989,145
152,REQ_START,1516296269989,145
152,REQ_END,1516296269997,145
152,PLAYER_SLEEPBEFORE_START,1516296269997,146
152,PLAYER_SLEEPBEFORE_END,1516296278874,146
152,WS_SEND_START,1516296278874,146
152,WS_SEND_END,1516296278874,146
152,WS_RECV_START,1516296278874,147
152,WS_RECV_END,1516296283643,147
152,PLAYER_SLEEPBEFORE_START,1516296283643,148
152,PLAYER_SLEEPBEFORE_END,1516296305566,148
152,WS_SEND_START,1516296305566,148
152,WS_SEND_END,1516296305566,148
152,PLAYER_SLEEPBEFORE_START,1516296305566,149
152,PLAYER_SLEEPBEFORE_END,1516296307994,149
152,WS_SEND_START,1516296307994,149
152,WS_SEND_END,1516296307994,149
152,WS_RECV_START,1516296307994,150
152,WS_RECV_END,1516296313540,150
152,PLAYER_SLEEPBEFORE_START,1516296313540,151
152,PLAYER_SLEEPBEFORE_END,1516296313750,151
152,WS_SEND_START,1516296313750,151
152,WS_SEND_END,1516296313750,151
152,WS_RECV_START,1516296313750,152
152,WS_RECV_END,1516296317093,152
152,PLAYER_SLEEPBEFORE_START,1516296317093,153
152,PLAYER_SLEEPBEFORE_END,1516296341020,153
152,WS_SEND_START,1516296341020,153
152,WS_SEND_END,1516296341020,153
152,WS_RECV_START,1516296341020,154
152,WS_RECV_END,1516296343624,154
152,PLAYER_SLEEPBEFORE_START,1516296343624,155
152,PLAYER_SLEEPBEFORE_END,1516296366182,155
152,WS_SEND_START,1516296366182,155
152,WS_SEND_END,1516296366182,155
152,PLAYER_SLEEPBEFORE_START,1516296366182,156
152,PLAYER_SLEEPBEFORE_END,1516296369456,156
152,WS_SEND_START,1516296369456,156
152,WS_SEND_END,1516296369456,156
152,WS_RECV_START,1516296369456,157
152,WS_RECV_END,1516296370533,157
152,PLAYER_SLEEPBEFORE_START,1516296370533,158
152,PLAYER_SLEEPBEFORE_END,1516296370543,158
152,WS_SEND_START,1516296370543,158
152,WS_SEND_END,1516296370543,158
152,WS_RECV_START,1516296370543,159
152,WS_RECV_END,1516296373598,159
152,PLAYER_SLEEPBEFORE_START,1516296373598,160
152,PLAYER_SLEEPBEFORE_END,1516296373773,160
152,WS_SEND_START,1516296373773,160
152,WS_SEND_END,1516296373773,160
152,WS_RECV_START,1516296373773,161
152,WS_RECV_END,1516296378706,161
152,PLAYER_SLEEPBEFORE_START,1516296378706,162
152,PLAYER_SLEEPBEFORE_END,1516296378731,162
152,WS_SEND_START,1516296378731,162
152,WS_SEND_END,1516296378731,162
152,WS_RECV_START,1516296378731,163
152,WS_RECV_END,1516296384626,163
152,PLAYER_SLEEPBEFORE_START,1516296384626,164
152,PLAYER_SLEEPBEFORE_END,1516296405438,164
152,WS_SEND_START,1516296405438,164
152,WS_SEND_END,1516296405438,164
152,WS_RECV_START,1516296405438,165
152,WS_RECV_END,1516296412209,165
152,PLAYER_SLEEPBEFORE_START,1516296412209,166
152,PLAYER_SLEEPBEFORE_END,1516296434664,166
152,WS_SEND_START,1516296434664,166
152,WS_SEND_END,1516296434664,166
152,WS_RECV_START,1516296434664,167
152,WS_RECV_END,1516296442961,167
152,PLAYER_SLEEPBEFORE_START,1516296442961,168
152,PLAYER_SLEEPBEFORE_END,1516296470318,168
152,WS_SEND_START,1516296470318,168
152,WS_SEND_END,1516296470318,168
152,WS_RECV_START,1516296470318,169
152,WS_RECV_END,1516296477875,169
152,PLAYER_SLEEPBEFORE_START,1516296477875,170
152,PLAYER_SLEEPBEFORE_END,1516296477885,170
152,WS_SEND_START,1516296477885,170
152,WS_SEND_END,1516296477885,170
152,WS_RECV_START,1516296477885,171
152,WS_RECV_END,1516296482694,171
152,PLAYER_SLEEPBEFORE_START,1516296482694,172
152,PLAYER_SLEEPBEFORE_END,1516296483063,172
152,WS_SEND_START,1516296483063,172
152,WS_SEND_END,1516296483063,172
152,WS_RECV_START,1516296483063,173
152,WS_RECV_END,1516296488130,173
152,PLAYER_SLEEPBEFORE_START,1516296488130,174
152,PLAYER_SLEEPBEFORE_END,1516296488171,174
152,WS_SEND_START,1516296488171,174
152,WS_SEND_END,1516296488171,174
152,WS_RECV_START,1516296488171,175
152,WS_RECV_END,1516296494201,175
152,PLAYER_SLEEPBEFORE_START,1516296494201,176
152,PLAYER_SLEEPBEFORE_END,1516296515962,176
152,WS_SEND_START,1516296515962,176
152,WS_SEND_END,1516296515963,176
152,PLAYER_SLEEPBEFORE_START,1516296515963,177
152,PLAYER_SLEEPBEFORE_END,1516296518481,177
152,WS_SEND_START,1516296518481,177
152,WS_SEND_END,1516296518481,177
152,WS_RECV_START,1516296518481,178
152,WS_RECV_END,1516296522747,178
152,PLAYER_SLEEPBEFORE_START,1516296522747,179
152,PLAYER_SLEEPBEFORE_END,1516296545087,179
152,WS_SEND_START,1516296545087,179
152,WS_SEND_END,1516296545087,179
152,WS_RECV_START,1516296545087,180
152,WS_RECV_END,1516296553041,180
152,PLAYER_SLEEPBEFORE_START,1516296553041,181
152,PLAYER_SLEEPBEFORE_END,1516296553485,181
152,WS_SEND_START,1516296553485,181
152,WS_SEND_END,1516296553485,181
152,WS_RECV_START,1516296553485,182
152,WS_RECV_END,1516296556870,182
152,PLAYER_SLEEPBEFORE_START,1516296556871,183
152,PLAYER_SLEEPBEFORE_END,1516296557394,183
152,WS_SEND_START,1516296557394,183
152,WS_SEND_END,1516296557394,183
152,WS_RECV_START,1516296557394,184
152,WS_RECV_END,1516296562579,184
152,PLAYER_SLEEPBEFORE_START,1516296562579,185
152,PLAYER_SLEEPBEFORE_END,1516296562847,185
152,WS_SEND_START,1516296562847,185
152,WS_SEND_END,1516296562847,185
152,WS_RECV_START,1516296562847,186
152,WS_RECV_END,1516296567675,186
152,PLAYER_SLEEPBEFORE_START,1516296567675,187
152,PLAYER_SLEEPBEFORE_END,1516296590175,187
152,WS_SEND_START,1516296590175,187
152,WS_SEND_END,1516296590175,187
152,WS_RECV_START,1516296590175,188
152,WS_RECV_END,1516296596876,188
152,PLAYER_SLEEPBEFORE_START,1516296596876,189
152,PLAYER_SLEEPBEFORE_END,1516296603116,189
152,WS_SEND_START,1516296603116,189
152,WS_SEND_END,1516296603116,189
152,WS_RECV_START,1516296603116,190
152,WS_RECV_END,1516296610075,190
152,PLAYER_SLEEPBEFORE_START,1516296610075,191
152,PLAYER_SLEEPBEFORE_END,1516296611991,191
152,WS_SEND_START,1516296611991,191
152,WS_SEND_END,1516296611991,191
152,WS_RECV_START,1516296611991,192
152,WS_RECV_END,1516296613720,192
152,PLAYER_SLEEPBEFORE_START,1516296613720,193
152,PLAYER_SLEEPBEFORE_END,1516296613849,193
152,WS_SEND_START,1516296613849,193
152,WS_SEND_END,1516296613849,193
152,WS_RECV_START,1516296613849,194
152,WS_RECV_END,1516296617803,194
152,PLAYER_SLEEPBEFORE_START,1516296617803,195
152,PLAYER_SLEEPBEFORE_END,1516296619558,195
152,WS_SEND_START,1516296619558,195
152,WS_SEND_END,1516296619558,195
152,WS_RECV_START,1516296619558,196
152,WS_RECV_END,1516296621501,196
152,PLAYER_SLEEPBEFORE_START,1516296621501,197
152,PLAYER_SLEEPBEFORE_END,1516296623305,197
152,WS_SEND_START,1516296623305,197
152,WS_SEND_END,1516296623305,197
152,WS_RECV_START,1516296623305,198
152,WS_RECV_END,1516296627263,198
152,PLAYER_SLEEPBEFORE_START,1516296627263,199
152,PLAYER_SLEEPBEFORE_END,1516296639117,199
152,WS_SEND_START,1516296639117,199
152,WS_SEND_END,1516296639117,199
152,PLAYER_SLEEPBEFORE_START,1516296639117,200
152,PLAYER_SLEEPBEFORE_END,1516296643206,200
152,WS_SEND_START,1516296643206,200
152,WS_SEND_END,1516296643206,200
152,WS_RECV_START,1516296643206,201
152,WS_RECV_END,1516296646791,201
152,PLAYER_SLEEPBEFORE_START,1516296646791,202
152,PLAYER_SLEEPBEFORE_END,1516296646805,202
152,WS_SEND_START,1516296646805,202
152,WS_SEND_END,1516296646805,202
152,WS_RECV_START,1516296646805,203
152,WS_RECV_END,1516296652665,203
152,PLAYER_SLEEPBEFORE_START,1516296652665,204
152,PLAYER_SLEEPBEFORE_END,1516296672315,204
152,WS_SEND_START,1516296672315,204
152,WS_SEND_END,1516296672315,204
152,PLAYER_SLEEPBEFORE_START,1516296672315,205
152,PLAYER_SLEEPBEFORE_END,1516296676213,205
152,WS_SEND_START,1516296676213,205
152,WS_SEND_END,1516296676213,205
152,WS_RECV_START,1516296676213,206
152,WS_RECV_END,1516296676694,206
152,PLAYER_SLEEPBEFORE_START,1516296676694,207
152,PLAYER_SLEEPBEFORE_END,1516296693625,207
152,REQ_START,1516296693625,207
152,REQ_END,1516296693632,207
152,PLAYER_SLEEPBEFORE_START,1516296693632,208
152,PLAYER_SLEEPBEFORE_END,1516296700484,208
152,WS_CLOSE_START,1516296700485,208
152,WS_CLOSE_END,1516296700485,208
152,PLAYER_DONE,1516296700485
