# --sessions 630 --app-url=http://shinyloadtest.rstudioservices.com/cran_explorer --output-dir test630 --overwrite-output --log-level warn --start-interval 800 15min.log
thread_id,event,timestamp,input_line_number,comment
223,PLAYER_SESSION_CREATE,1516295501202
223,PLAYER_START_INTERVAL_START,1516295501202
223,PLAYER_START_INTERVAL_END,1516295679602
223,REQ_HOME_START,1516295679602,2
223,REQ_HOME_END,1516295679700,2
223,REQ_START,1516295679700,3
223,REQ_END,1516295679730,3
223,REQ_START,1516295679730,4
223,REQ_END,1516295679761,4
223,REQ_START,1516295679761,5
223,REQ_END,1516295679794,5
223,REQ_START,1516295679794,6
223,REQ_END,1516295679826,6
223,REQ_START,1516295679826,7
223,REQ_END,1516295679860,7
223,REQ_START,1516295679860,8
223,REQ_END,1516295679893,8
223,REQ_START,1516295679893,9
223,REQ_END,1516295679927,9
223,REQ_START,1516295679927,10
223,REQ_END,1516295679934,10
223,REQ_START,1516295679934,11
223,REQ_END,1516295679966,11
223,REQ_START,1516295679966,12
223,REQ_END,1516295679975,12
223,REQ_START,1516295679975,13
223,REQ_END,1516295680006,13
223,REQ_START,1516295680006,14
223,REQ_END,1516295680039,14
223,REQ_START,1516295680039,15
223,REQ_END,1516295680083,15
223,REQ_TOK_START,1516295680083,16
223,REQ_TOK_END,1516295680090,16
223,REQ_SINF_START,1516295680090,17
223,REQ_SINF_END,1516295680097,17
223,WS_OPEN_START,1516295680097,18
223,WS_OPEN_END,1516295680104,18
223,REQ_START,1516295680104,19
223,REQ_END,1516295680133,19
223,WS_RECV_START,1516295680133,20
223,WS_RECV_END,1516295680133,20
223,PLAYER_SLEEPBEFORE_START,1516295680133,21
223,PLAYER_SLEEPBEFORE_END,1516295680138,21
223,WS_SEND_START,1516295680138,21
223,WS_SEND_END,1516295680138,21
223,PLAYER_SLEEPBEFORE_START,1516295680138,22
223,PLAYER_SLEEPBEFORE_END,1516295680140,22
223,WS_SEND_START,1516295680140,22
223,WS_SEND_END,1516295680140,22
223,WS_RECV_INIT_START,1516295680140,23
223,WS_RECV_INIT_END,1516295680272,23
223,WS_RECV_START,1516295680272,24
223,WS_RECV_END,1516295680325,24
223,PLAYER_SLEEPBEFORE_START,1516295680325,25
223,PLAYER_SLEEPBEFORE_END,1516295680333,25
223,REQ_START,1516295680333,25
223,REQ_END,1516295680408,25
223,PLAYER_SLEEPBEFORE_START,1516295680408,26
223,PLAYER_SLEEPBEFORE_END,1516295680409,26
223,REQ_START,1516295680409,26
223,REQ_END,1516295680442,26
223,PLAYER_SLEEPBEFORE_START,1516295680442,27
223,PLAYER_SLEEPBEFORE_END,1516295680446,27
223,REQ_START,1516295680446,27
223,REQ_END,1516295680479,27
223,PLAYER_SLEEPBEFORE_START,1516295680479,28
223,PLAYER_SLEEPBEFORE_END,1516295680764,28
223,REQ_START,1516295680764,28
223,REQ_END,1516295680796,28
223,PLAYER_SLEEPBEFORE_START,1516295680796,29
223,PLAYER_SLEEPBEFORE_END,1516295680971,29
223,WS_SEND_START,1516295680971,29
223,WS_SEND_END,1516295680971,29
223,WS_RECV_START,1516295680971,30
223,WS_RECV_END,1516295681078,30
223,PLAYER_SLEEPBEFORE_START,1516295681078,31
223,PLAYER_SLEEPBEFORE_END,1516295681090,31
223,REQ_START,1516295681090,31
223,REQ_END,1516295681124,31
223,PLAYER_SLEEPBEFORE_START,1516295681124,32
223,PLAYER_SLEEPBEFORE_END,1516295709269,32
223,WS_SEND_START,1516295709269,32
223,WS_SEND_END,1516295709269,32
223,WS_RECV_START,1516295709269,33
223,WS_RECV_END,1516295709377,33
223,PLAYER_SLEEPBEFORE_START,1516295709377,34
223,PLAYER_SLEEPBEFORE_END,1516295735288,34
223,WS_SEND_START,1516295735288,34
223,WS_SEND_END,1516295735288,34
223,WS_RECV_START,1516295735288,35
223,WS_RECV_END,1516295735331,35
223,PLAYER_SLEEPBEFORE_START,1516295735331,36
223,PLAYER_SLEEPBEFORE_END,1516295735340,36
223,WS_SEND_START,1516295735340,36
223,WS_SEND_END,1516295735340,36
223,WS_RECV_START,1516295735340,37
223,WS_RECV_END,1516295735506,37
223,PLAYER_SLEEPBEFORE_START,1516295735506,38
223,PLAYER_SLEEPBEFORE_END,1516295738701,38
223,WS_SEND_START,1516295738701,38
223,WS_SEND_END,1516295738701,38
223,WS_RECV_START,1516295738701,39
223,WS_RECV_END,1516295738822,39
223,PLAYER_SLEEPBEFORE_START,1516295738822,40
223,PLAYER_SLEEPBEFORE_END,1516295738868,40
223,WS_SEND_START,1516295738868,40
223,WS_SEND_END,1516295738868,40
223,WS_RECV_START,1516295738868,41
223,WS_RECV_END,1516295739024,41
223,PLAYER_SLEEPBEFORE_START,1516295739024,42
223,PLAYER_SLEEPBEFORE_END,1516295757159,42
223,WS_SEND_START,1516295757159,42
223,WS_SEND_END,1516295757159,42
223,WS_RECV_START,1516295757159,43
223,WS_RECV_END,1516295757188,43
223,PLAYER_SLEEPBEFORE_START,1516295757188,44
223,PLAYER_SLEEPBEFORE_END,1516295757200,44
223,WS_SEND_START,1516295757200,44
223,WS_SEND_END,1516295757200,44
223,WS_RECV_START,1516295757200,45
223,WS_RECV_END,1516295757242,45
223,PLAYER_SLEEPBEFORE_START,1516295757242,46
223,PLAYER_SLEEPBEFORE_END,1516295758502,46
223,WS_SEND_START,1516295758502,46
223,WS_SEND_END,1516295758502,46
223,WS_RECV_START,1516295758502,47
223,WS_RECV_END,1516295758547,47
223,PLAYER_SLEEPBEFORE_START,1516295758547,48
223,PLAYER_SLEEPBEFORE_END,1516295759867,48
223,WS_SEND_START,1516295759867,48
223,WS_SEND_END,1516295759867,48
223,WS_RECV_START,1516295759867,49
223,WS_RECV_END,1516295760081,49
223,PLAYER_SLEEPBEFORE_START,1516295760081,50
223,PLAYER_SLEEPBEFORE_END,1516295760106,50
223,WS_SEND_START,1516295760106,50
223,WS_SEND_END,1516295760106,50
223,WS_RECV_START,1516295760106,51
223,WS_RECV_END,1516295760308,51
223,PLAYER_SLEEPBEFORE_START,1516295760308,52
223,PLAYER_SLEEPBEFORE_END,1516295782873,52
223,WS_SEND_START,1516295782873,52
223,WS_SEND_END,1516295782873,52
223,WS_RECV_START,1516295782873,53
223,WS_RECV_END,1516295783003,53
223,PLAYER_SLEEPBEFORE_START,1516295783003,54
223,PLAYER_SLEEPBEFORE_END,1516295804306,54
223,WS_SEND_START,1516295804306,54
223,WS_SEND_END,1516295804306,54
223,PLAYER_SLEEPBEFORE_START,1516295804306,55
223,PLAYER_SLEEPBEFORE_END,1516295806247,55
223,WS_SEND_START,1516295806247,55
223,WS_SEND_END,1516295806247,55
223,WS_RECV_START,1516295806248,56
223,WS_RECV_END,1516295806326,56
223,PLAYER_SLEEPBEFORE_START,1516295806326,57
223,PLAYER_SLEEPBEFORE_END,1516295829199,57
223,WS_SEND_START,1516295829199,57
223,WS_SEND_END,1516295829199,57
223,WS_RECV_START,1516295829199,58
223,WS_RECV_END,1516295829293,58
223,PLAYER_SLEEPBEFORE_START,1516295829293,59
223,PLAYER_SLEEPBEFORE_END,1516295831620,59
223,WS_SEND_START,1516295831620,59
223,WS_SEND_END,1516295831620,59
223,WS_RECV_START,1516295831620,60
223,WS_RECV_END,1516295831829,60
223,PLAYER_SLEEPBEFORE_START,1516295831829,61
223,PLAYER_SLEEPBEFORE_END,1516295835420,61
223,WS_SEND_START,1516295835420,61
223,WS_SEND_END,1516295835420,61
223,WS_RECV_START,1516295835420,62
223,WS_RECV_END,1516295835513,62
223,PLAYER_SLEEPBEFORE_START,1516295835513,63
223,PLAYER_SLEEPBEFORE_END,1516295854775,63
223,WS_SEND_START,1516295854775,63
223,WS_SEND_END,1516295854775,63
223,WS_RECV_START,1516295854775,64
223,WS_RECV_END,1516295855159,64
223,PLAYER_SLEEPBEFORE_START,1516295855159,65
223,PLAYER_SLEEPBEFORE_END,1516295881976,65
223,WS_SEND_START,1516295881976,65
223,WS_SEND_END,1516295881976,65
223,WS_RECV_START,1516295881976,66
223,WS_RECV_END,1516295882233,66
223,PLAYER_SLEEPBEFORE_START,1516295882233,67
223,PLAYER_SLEEPBEFORE_END,1516295883740,67
223,WS_SEND_START,1516295883740,67
223,WS_SEND_END,1516295883740,67
223,WS_RECV_START,1516295883740,68
223,WS_RECV_END,1516295883930,68
223,PLAYER_SLEEPBEFORE_START,1516295883930,69
223,PLAYER_SLEEPBEFORE_END,1516295905928,69
223,WS_SEND_START,1516295905928,69
223,WS_SEND_END,1516295905928,69
223,WS_RECV_START,1516295905928,70
223,WS_RECV_END,1516295906552,70
223,PLAYER_SLEEPBEFORE_START,1516295906552,71
223,PLAYER_SLEEPBEFORE_END,1516295931327,71
223,WS_SEND_START,1516295931327,71
223,WS_SEND_END,1516295931327,71
223,PLAYER_SLEEPBEFORE_START,1516295931327,72
223,PLAYER_SLEEPBEFORE_END,1516295933934,72
223,WS_SEND_START,1516295933934,72
223,WS_SEND_END,1516295933934,72
223,WS_RECV_START,1516295933934,73
223,WS_RECV_END,1516295934607,73
223,PLAYER_SLEEPBEFORE_START,1516295934607,74
223,PLAYER_SLEEPBEFORE_END,1516295934616,74
223,WS_SEND_START,1516295934616,74
223,WS_SEND_END,1516295934616,74
223,WS_RECV_START,1516295934616,75
223,WS_RECV_END,1516295935415,75
223,PLAYER_SLEEPBEFORE_START,1516295935415,76
223,PLAYER_SLEEPBEFORE_END,1516295936921,76
223,WS_SEND_START,1516295936921,76
223,WS_SEND_END,1516295936921,76
223,WS_RECV_START,1516295936921,77
223,WS_RECV_END,1516295937423,77
223,PLAYER_SLEEPBEFORE_START,1516295937423,78
223,PLAYER_SLEEPBEFORE_END,1516295938291,78
223,WS_SEND_START,1516295938291,78
223,WS_SEND_END,1516295938291,78
223,WS_RECV_START,1516295938291,79
223,WS_RECV_END,1516295938711,79
223,PLAYER_SLEEPBEFORE_START,1516295938711,80
223,PLAYER_SLEEPBEFORE_END,1516295946377,80
223,WS_SEND_START,1516295946377,80
223,WS_SEND_END,1516295946377,80
223,WS_RECV_START,1516295946377,81
223,WS_RECV_END,1516295946702,81
223,PLAYER_SLEEPBEFORE_START,1516295946702,82
223,PLAYER_SLEEPBEFORE_END,1516295947804,82
223,WS_SEND_START,1516295947804,82
223,WS_SEND_END,1516295947804,82
223,WS_RECV_START,1516295947804,83
223,WS_RECV_END,1516295947947,83
223,PLAYER_SLEEPBEFORE_START,1516295947947,84
223,PLAYER_SLEEPBEFORE_END,1516295948894,84
223,WS_SEND_START,1516295948894,84
223,WS_SEND_END,1516295948894,84
223,WS_RECV_START,1516295948894,85
223,WS_RECV_END,1516295949268,85
223,PLAYER_SLEEPBEFORE_START,1516295949268,86
223,PLAYER_SLEEPBEFORE_END,1516295953440,86
223,WS_SEND_START,1516295953440,86
223,WS_SEND_END,1516295953440,86
223,WS_RECV_START,1516295953440,87
223,WS_RECV_END,1516295954640,87
223,PLAYER_SLEEPBEFORE_START,1516295954640,88
223,PLAYER_SLEEPBEFORE_END,1516295954648,88
223,WS_SEND_START,1516295954648,88
223,WS_SEND_END,1516295954648,88
223,WS_RECV_START,1516295954648,89
223,WS_RECV_END,1516295955452,89
223,PLAYER_SLEEPBEFORE_START,1516295955452,90
223,PLAYER_SLEEPBEFORE_END,1516295982649,90
223,REQ_START,1516295982649,90
223,REQ_END,1516295982657,90
223,PLAYER_SLEEPBEFORE_START,1516295982657,91
223,PLAYER_SLEEPBEFORE_END,1516295990546,91
223,WS_SEND_START,1516295990546,91
223,WS_SEND_END,1516295990546,91
223,WS_RECV_START,1516295990546,92
223,WS_RECV_END,1516295992728,92
223,PLAYER_SLEEPBEFORE_START,1516295992728,93
223,PLAYER_SLEEPBEFORE_END,1516295992743,93
223,WS_SEND_START,1516295992743,93
223,WS_SEND_END,1516295992743,93
223,WS_RECV_START,1516295992743,94
223,WS_RECV_END,1516295993821,94
223,PLAYER_SLEEPBEFORE_START,1516295993821,95
223,PLAYER_SLEEPBEFORE_END,1516296017376,95
223,WS_SEND_START,1516296017376,95
223,WS_SEND_END,1516296017376,95
223,WS_RECV_START,1516296017377,96
223,WS_RECV_END,1516296019104,96
223,PLAYER_SLEEPBEFORE_START,1516296019104,97
223,PLAYER_SLEEPBEFORE_END,1516296041544,97
223,WS_SEND_START,1516296041544,97
223,WS_SEND_END,1516296041544,97
223,WS_RECV_START,1516296041544,98
223,WS_RECV_END,1516296046127,98
223,PLAYER_SLEEPBEFORE_START,1516296046127,99
223,PLAYER_SLEEPBEFORE_END,1516296046148,99
223,WS_SEND_START,1516296046148,99
223,WS_SEND_END,1516296046148,99
223,WS_RECV_START,1516296046148,100
223,WS_RECV_END,1516296047425,100
223,PLAYER_SLEEPBEFORE_START,1516296047425,101
223,PLAYER_SLEEPBEFORE_END,1516296070984,101
223,WS_SEND_START,1516296070984,101
223,WS_SEND_END,1516296070984,101
223,WS_RECV_START,1516296070984,102
223,WS_RECV_END,1516296073995,102
223,PLAYER_SLEEPBEFORE_START,1516296073995,103
223,PLAYER_SLEEPBEFORE_END,1516296097620,103
223,WS_SEND_START,1516296097620,103
223,WS_SEND_END,1516296097621,103
223,WS_RECV_START,1516296097621,104
223,WS_RECV_END,1516296101307,104
223,PLAYER_SLEEPBEFORE_START,1516296101307,105
223,PLAYER_SLEEPBEFORE_END,1516296126684,105
223,WS_SEND_START,1516296126684,105
223,WS_SEND_END,1516296126684,105
223,WS_RECV_START,1516296126684,106
223,WS_RECV_END,1516296131812,106
223,PLAYER_SLEEPBEFORE_START,1516296131812,107
223,PLAYER_SLEEPBEFORE_END,1516296155235,107
223,WS_SEND_START,1516296155235,107
223,WS_SEND_END,1516296155235,107
223,WS_RECV_START,1516296155235,108
223,WS_RECV_END,1516296159379,108
223,PLAYER_SLEEPBEFORE_START,1516296159379,109
223,PLAYER_SLEEPBEFORE_END,1516296159388,109
223,WS_SEND_START,1516296159388,109
223,WS_SEND_END,1516296159388,109
223,WS_RECV_START,1516296159388,110
223,WS_RECV_END,1516296161678,110
223,PLAYER_SLEEPBEFORE_START,1516296161678,111
223,PLAYER_SLEEPBEFORE_END,1516296162637,111
223,WS_SEND_START,1516296162637,111
223,WS_SEND_END,1516296162637,111
223,WS_RECV_START,1516296162637,112
223,WS_RECV_END,1516296165382,112
223,PLAYER_SLEEPBEFORE_START,1516296165383,113
223,PLAYER_SLEEPBEFORE_END,1516296165945,113
223,WS_SEND_START,1516296165945,113
223,WS_SEND_END,1516296165945,113
223,WS_RECV_START,1516296165945,114
223,WS_RECV_END,1516296168701,114
223,PLAYER_SLEEPBEFORE_START,1516296168701,115
223,PLAYER_SLEEPBEFORE_END,1516296168710,115
223,WS_SEND_START,1516296168710,115
223,WS_SEND_END,1516296168710,115
223,WS_RECV_START,1516296168710,116
223,WS_RECV_END,1516296173447,116
223,PLAYER_SLEEPBEFORE_START,1516296173447,117
223,PLAYER_SLEEPBEFORE_END,1516296193807,117
223,WS_SEND_START,1516296193807,117
223,WS_SEND_END,1516296193807,117
223,PLAYER_SLEEPBEFORE_START,1516296193807,118
223,PLAYER_SLEEPBEFORE_END,1516296197559,118
223,WS_SEND_START,1516296197559,118
223,WS_SEND_END,1516296197559,118
223,WS_RECV_START,1516296197559,119
223,WS_RECV_END,1516296197950,119
223,PLAYER_SLEEPBEFORE_START,1516296197950,120
223,PLAYER_SLEEPBEFORE_END,1516296198938,120
223,WS_SEND_START,1516296198938,120
223,WS_SEND_END,1516296198938,120
223,WS_RECV_START,1516296198938,121
223,WS_RECV_END,1516296203414,121
223,PLAYER_SLEEPBEFORE_START,1516296203414,122
223,PLAYER_SLEEPBEFORE_END,1516296204599,122
223,WS_SEND_START,1516296204599,122
223,WS_SEND_END,1516296204599,122
223,WS_RECV_START,1516296204599,123
223,WS_RECV_END,1516296208254,123
223,PLAYER_SLEEPBEFORE_START,1516296208254,124
223,PLAYER_SLEEPBEFORE_END,1516296232659,124
223,WS_SEND_START,1516296232659,124
223,WS_SEND_END,1516296232659,124
223,WS_RECV_START,1516296232659,125
223,WS_RECV_END,1516296235564,125
223,PLAYER_SLEEPBEFORE_START,1516296235564,126
223,PLAYER_SLEEPBEFORE_END,1516296256076,126
223,WS_SEND_START,1516296256076,126
223,WS_SEND_END,1516296256076,126
223,PLAYER_SLEEPBEFORE_START,1516296256076,127
223,PLAYER_SLEEPBEFORE_END,1516296259130,127
223,WS_SEND_START,1516296259130,127
223,WS_SEND_END,1516296259130,127
223,WS_RECV_START,1516296259130,128
223,WS_RECV_END,1516296260950,128
223,PLAYER_SLEEPBEFORE_START,1516296260950,129
223,PLAYER_SLEEPBEFORE_END,1516296260970,129
223,WS_SEND_START,1516296260970,129
223,WS_SEND_END,1516296260970,129
223,WS_RECV_START,1516296260970,130
223,WS_RECV_END,1516296263580,130
223,PLAYER_SLEEPBEFORE_START,1516296263580,131
223,PLAYER_SLEEPBEFORE_END,1516296285204,131
223,WS_SEND_START,1516296285205,131
223,WS_SEND_END,1516296285205,131
223,PLAYER_SLEEPBEFORE_START,1516296285205,132
223,PLAYER_SLEEPBEFORE_END,1516296288285,132
223,WS_SEND_START,1516296288285,132
223,WS_SEND_END,1516296288285,132
223,WS_RECV_START,1516296288285,133
223,WS_RECV_END,1516296291443,133
223,PLAYER_SLEEPBEFORE_START,1516296291443,134
223,PLAYER_SLEEPBEFORE_END,1516296312660,134
223,WS_SEND_START,1516296312660,134
223,WS_SEND_END,1516296312660,134
223,PLAYER_SLEEPBEFORE_START,1516296312660,135
223,PLAYER_SLEEPBEFORE_END,1516296315850,135
223,WS_SEND_START,1516296315850,135
223,WS_SEND_END,1516296315850,135
223,WS_RECV_START,1516296315850,136
223,WS_RECV_END,1516296316810,136
223,PLAYER_SLEEPBEFORE_START,1516296316810,137
223,PLAYER_SLEEPBEFORE_END,1516296316817,137
223,WS_SEND_START,1516296316817,137
223,WS_SEND_END,1516296316817,137
223,WS_RECV_START,1516296316817,138
223,WS_RECV_END,1516296319608,138
223,PLAYER_SLEEPBEFORE_START,1516296319608,139
223,PLAYER_SLEEPBEFORE_END,1516296320298,139
223,WS_SEND_START,1516296320298,139
223,WS_SEND_END,1516296320298,139
223,WS_RECV_START,1516296320298,140
223,WS_RECV_END,1516296321421,140
223,PLAYER_SLEEPBEFORE_START,1516296321421,141
223,PLAYER_SLEEPBEFORE_END,1516296322076,141
223,WS_SEND_START,1516296322076,141
223,WS_SEND_END,1516296322076,141
223,WS_RECV_START,1516296322076,142
223,WS_RECV_END,1516296324248,142
223,PLAYER_SLEEPBEFORE_START,1516296324248,143
223,PLAYER_SLEEPBEFORE_END,1516296324305,143
223,WS_SEND_START,1516296324305,143
223,WS_SEND_END,1516296324305,143
223,WS_RECV_START,1516296324305,144
223,WS_RECV_END,1516296328040,144
223,PLAYER_SLEEPBEFORE_START,1516296328040,145
223,PLAYER_SLEEPBEFORE_END,1516296344102,145
223,REQ_START,1516296344102,145
223,REQ_END,1516296344109,145
223,PLAYER_SLEEPBEFORE_START,1516296344109,146
223,PLAYER_SLEEPBEFORE_END,1516296352987,146
223,WS_SEND_START,1516296352987,146
223,WS_SEND_END,1516296352987,146
223,WS_RECV_START,1516296352987,147
223,WS_RECV_END,1516296357245,147
223,PLAYER_SLEEPBEFORE_START,1516296357245,148
223,PLAYER_SLEEPBEFORE_END,1516296379167,148
223,WS_SEND_START,1516296379167,148
223,WS_SEND_END,1516296379167,148
223,PLAYER_SLEEPBEFORE_START,1516296379167,149
223,PLAYER_SLEEPBEFORE_END,1516296381596,149
223,WS_SEND_START,1516296381596,149
223,WS_SEND_END,1516296381596,149
223,WS_RECV_START,1516296381596,150
223,WS_RECV_END,1516296382687,150
223,PLAYER_SLEEPBEFORE_START,1516296382687,151
223,PLAYER_SLEEPBEFORE_END,1516296382897,151
223,WS_SEND_START,1516296382897,151
223,WS_SEND_END,1516296382897,151
223,WS_RECV_START,1516296382897,152
223,WS_RECV_END,1516296385349,152
223,PLAYER_SLEEPBEFORE_START,1516296385349,153
223,PLAYER_SLEEPBEFORE_END,1516296409276,153
223,WS_SEND_START,1516296409276,153
223,WS_SEND_END,1516296409276,153
223,WS_RECV_START,1516296409276,154
223,WS_RECV_END,1516296417492,154
223,PLAYER_SLEEPBEFORE_START,1516296417492,155
223,PLAYER_SLEEPBEFORE_END,1516296440050,155
223,WS_SEND_START,1516296440050,155
223,WS_SEND_END,1516296440050,155
223,PLAYER_SLEEPBEFORE_START,1516296440050,156
223,PLAYER_SLEEPBEFORE_END,1516296443324,156
223,WS_SEND_START,1516296443324,156
223,WS_SEND_END,1516296443324,156
223,WS_RECV_START,1516296443324,157
223,WS_RECV_END,1516296446881,157
223,PLAYER_SLEEPBEFORE_START,1516296446881,158
223,PLAYER_SLEEPBEFORE_END,1516296446891,158
223,WS_SEND_START,1516296446891,158
223,WS_SEND_END,1516296446891,158
223,WS_RECV_START,1516296446891,159
223,WS_RECV_END,1516296450692,159
223,PLAYER_SLEEPBEFORE_START,1516296450693,160
223,PLAYER_SLEEPBEFORE_END,1516296450872,160
223,WS_SEND_START,1516296450872,160
223,WS_SEND_END,1516296450872,160
223,WS_RECV_START,1516296450872,161
223,WS_RECV_END,1516296455763,161
223,PLAYER_SLEEPBEFORE_START,1516296455763,162
223,PLAYER_SLEEPBEFORE_END,1516296455788,162
223,WS_SEND_START,1516296455788,162
223,WS_SEND_END,1516296455788,162
223,WS_RECV_START,1516296455788,163
223,WS_RECV_END,1516296459915,163
223,PLAYER_SLEEPBEFORE_START,1516296459915,164
223,PLAYER_SLEEPBEFORE_END,1516296480727,164
223,WS_SEND_START,1516296480727,164
223,WS_SEND_END,1516296480727,164
223,WS_RECV_START,1516296480727,165
223,WS_RECV_END,1516296489919,165
223,PLAYER_SLEEPBEFORE_START,1516296489919,166
223,PLAYER_SLEEPBEFORE_END,1516296512374,166
223,WS_SEND_START,1516296512374,166
223,WS_SEND_END,1516296512374,166
223,WS_RECV_START,1516296512374,167
223,WS_RECV_END,1516296523698,167
223,PLAYER_SLEEPBEFORE_START,1516296523698,168
223,PLAYER_SLEEPBEFORE_END,1516296551055,168
223,WS_SEND_START,1516296551055,168
223,WS_SEND_END,1516296551055,168
223,WS_RECV_START,1516296551055,169
223,WS_RECV_END,1516296556754,169
223,PLAYER_SLEEPBEFORE_START,1516296556754,170
223,PLAYER_SLEEPBEFORE_END,1516296556763,170
223,WS_SEND_START,1516296556763,170
223,WS_SEND_END,1516296556763,170
223,WS_RECV_START,1516296556763,171
223,WS_RECV_END,1516296559246,171
223,PLAYER_SLEEPBEFORE_START,1516296559246,172
223,PLAYER_SLEEPBEFORE_END,1516296559615,172
223,WS_SEND_START,1516296559615,172
223,WS_SEND_END,1516296559615,172
223,WS_RECV_START,1516296559615,173
223,WS_RECV_END,1516296564798,173
223,PLAYER_SLEEPBEFORE_START,1516296564798,174
223,PLAYER_SLEEPBEFORE_END,1516296564839,174
223,WS_SEND_START,1516296564839,174
223,WS_SEND_END,1516296564839,174
223,WS_RECV_START,1516296564839,175
223,WS_RECV_END,1516296571221,175
223,PLAYER_SLEEPBEFORE_START,1516296571221,176
223,PLAYER_SLEEPBEFORE_END,1516296592982,176
223,WS_SEND_START,1516296592982,176
223,WS_SEND_END,1516296592983,176
223,PLAYER_SLEEPBEFORE_START,1516296592983,177
223,PLAYER_SLEEPBEFORE_END,1516296595501,177
223,WS_SEND_START,1516296595501,177
223,WS_SEND_END,1516296595501,177
223,WS_RECV_START,1516296595501,178
223,WS_RECV_END,1516296601308,178
223,PLAYER_SLEEPBEFORE_START,1516296601308,179
223,PLAYER_SLEEPBEFORE_END,1516296623648,179
223,WS_SEND_START,1516296623648,179
223,WS_SEND_END,1516296623648,179
223,WS_RECV_START,1516296623648,180
223,WS_RECV_END,1516296630978,180
223,PLAYER_SLEEPBEFORE_START,1516296630978,181
223,PLAYER_SLEEPBEFORE_END,1516296631423,181
223,WS_SEND_START,1516296631423,181
223,WS_SEND_END,1516296631423,181
223,WS_RECV_START,1516296631423,182
223,WS_RECV_END,1516296634756,182
223,PLAYER_SLEEPBEFORE_START,1516296634756,183
223,PLAYER_SLEEPBEFORE_END,1516296635279,183
223,WS_SEND_START,1516296635279,183
223,WS_SEND_END,1516296635279,183
223,WS_RECV_START,1516296635279,184
223,WS_RECV_END,1516296639775,184
223,PLAYER_SLEEPBEFORE_START,1516296639775,185
223,PLAYER_SLEEPBEFORE_END,1516296640043,185
223,WS_SEND_START,1516296640043,185
223,WS_SEND_END,1516296640043,185
223,WS_RECV_START,1516296640043,186
223,WS_RECV_END,1516296643880,186
223,PLAYER_SLEEPBEFORE_START,1516296643880,187
223,PLAYER_SLEEPBEFORE_END,1516296666380,187
223,WS_SEND_START,1516296666381,187
223,WS_SEND_END,1516296666381,187
223,WS_RECV_START,1516296666381,188
223,WS_RECV_END,1516296670435,188
223,PLAYER_SLEEPBEFORE_START,1516296670435,189
223,PLAYER_SLEEPBEFORE_END,1516296676675,189
223,WS_SEND_START,1516296676675,189
223,WS_SEND_END,1516296676675,189
223,WS_RECV_START,1516296676675,190
223,WS_RECV_END,1516296682159,190
223,PLAYER_SLEEPBEFORE_START,1516296682159,191
223,PLAYER_SLEEPBEFORE_END,1516296684074,191
223,WS_SEND_START,1516296684074,191
223,WS_SEND_END,1516296684074,191
223,WS_RECV_START,1516296684074,192
223,WS_RECV_END,1516296689074,192
223,PLAYER_SLEEPBEFORE_START,1516296689074,193
223,PLAYER_SLEEPBEFORE_END,1516296689203,193
223,WS_SEND_START,1516296689203,193
223,WS_SEND_END,1516296689203,193
223,WS_RECV_START,1516296689203,194
223,WS_RECV_END,1516296691361,194
223,PLAYER_SLEEPBEFORE_START,1516296691361,195
223,PLAYER_SLEEPBEFORE_END,1516296693117,195
223,WS_SEND_START,1516296693117,195
223,WS_SEND_END,1516296693117,195
223,WS_RECV_START,1516296693117,196
223,WS_RECV_END,1516296693877,196
223,PLAYER_SLEEPBEFORE_START,1516296693877,197
223,PLAYER_SLEEPBEFORE_END,1516296695681,197
223,WS_SEND_START,1516296695681,197
223,WS_SEND_END,1516296695681,197
223,WS_RECV_START,1516296695681,198
223,WS_RECV_END,1516296696960,198
223,PLAYER_SLEEPBEFORE_START,1516296696960,199
223,PLAYER_SLEEPBEFORE_END,1516296708814,199
223,WS_SEND_START,1516296708814,199
223,WS_SEND_END,1516296708814,199
223,PLAYER_SLEEPBEFORE_START,1516296708814,200
223,PLAYER_SLEEPBEFORE_END,1516296712902,200
223,WS_SEND_START,1516296712902,200
223,WS_SEND_END,1516296712902,200
223,WS_RECV_START,1516296712902,201
223,WS_RECV_END,1516296715102,201
223,PLAYER_SLEEPBEFORE_START,1516296715102,202
223,PLAYER_SLEEPBEFORE_END,1516296715116,202
223,WS_SEND_START,1516296715116,202
223,WS_SEND_END,1516296715116,202
223,WS_RECV_START,1516296715116,203
223,WS_RECV_END,1516296716084,203
223,PLAYER_SLEEPBEFORE_START,1516296716084,204
223,PLAYER_SLEEPBEFORE_END,1516296735733,204
223,WS_SEND_START,1516296735733,204
223,WS_SEND_END,1516296735733,204
223,PLAYER_SLEEPBEFORE_START,1516296735733,205
223,PLAYER_SLEEPBEFORE_END,1516296739631,205
223,WS_SEND_START,1516296739631,205
223,WS_SEND_END,1516296739631,205
223,WS_RECV_START,1516296739631,206
223,WS_RECV_END,1516296740719,206
223,PLAYER_SLEEPBEFORE_START,1516296740719,207
223,PLAYER_SLEEPBEFORE_END,1516296757650,207
223,REQ_START,1516296757650,207
223,REQ_END,1516296757658,207
223,PLAYER_SLEEPBEFORE_START,1516296757658,208
223,PLAYER_SLEEPBEFORE_END,1516296764510,208
223,WS_CLOSE_START,1516296764510,208
223,WS_CLOSE_END,1516296764510,208
223,PLAYER_DONE,1516296764510
