# --sessions 630 --app-url=http://shinyloadtest.rstudioservices.com/cran_explorer --output-dir test630 --overwrite-output --log-level warn --start-interval 800 15min.log
thread_id,event,timestamp,input_line_number,comment
226,PLAYER_SESSION_CREATE,1516295501203
226,PLAYER_START_INTERVAL_START,1516295501203
226,PLAYER_START_INTERVAL_END,1516295682003
226,REQ_HOME_START,1516295682003,2
226,REQ_HOME_END,1516295682110,2
226,REQ_START,1516295682110,3
226,REQ_END,1516295682146,3
226,REQ_START,1516295682146,4
226,REQ_END,1516295682176,4
226,REQ_START,1516295682176,5
226,REQ_END,1516295682209,5
226,REQ_START,1516295682209,6
226,REQ_END,1516295682242,6
226,REQ_START,1516295682242,7
226,REQ_END,1516295682274,7
226,REQ_START,1516295682274,8
226,REQ_END,1516295682312,8
226,REQ_START,1516295682312,9
226,REQ_END,1516295682349,9
226,REQ_START,1516295682349,10
226,REQ_END,1516295682357,10
226,REQ_START,1516295682357,11
226,REQ_END,1516295682457,11
226,REQ_START,1516295682457,12
226,REQ_END,1516295682484,12
226,REQ_START,1516295682484,13
226,REQ_END,1516295682523,13
226,REQ_START,1516295682523,14
226,REQ_END,1516295682537,14
226,REQ_START,1516295682537,15
226,REQ_END,1516295682570,15
226,REQ_TOK_START,1516295682570,16
226,REQ_TOK_END,1516295682578,16
226,REQ_SINF_START,1516295682578,17
226,REQ_SINF_END,1516295682585,17
226,WS_OPEN_START,1516295682585,18
226,WS_OPEN_END,1516295682591,18
226,REQ_START,1516295682591,19
226,REQ_END,1516295682621,19
226,WS_RECV_START,1516295682621,20
226,WS_RECV_END,1516295682621,20
226,PLAYER_SLEEPBEFORE_START,1516295682621,21
226,PLAYER_SLEEPBEFORE_END,1516295682626,21
226,WS_SEND_START,1516295682626,21
226,WS_SEND_END,1516295682626,21
226,PLAYER_SLEEPBEFORE_START,1516295682626,22
226,PLAYER_SLEEPBEFORE_END,1516295682627,22
226,WS_SEND_START,1516295682627,22
226,WS_SEND_END,1516295682627,22
226,WS_RECV_INIT_START,1516295682627,23
226,WS_RECV_INIT_END,1516295682644,23
226,WS_RECV_START,1516295682644,24
226,WS_RECV_END,1516295682693,24
226,PLAYER_SLEEPBEFORE_START,1516295682693,25
226,PLAYER_SLEEPBEFORE_END,1516295682701,25
226,REQ_START,1516295682701,25
226,REQ_END,1516295682732,25
226,PLAYER_SLEEPBEFORE_START,1516295682732,26
226,PLAYER_SLEEPBEFORE_END,1516295682733,26
226,REQ_START,1516295682733,26
226,REQ_END,1516295682764,26
226,PLAYER_SLEEPBEFORE_START,1516295682764,27
226,PLAYER_SLEEPBEFORE_END,1516295682767,27
226,REQ_START,1516295682767,27
226,REQ_END,1516295682803,27
226,PLAYER_SLEEPBEFORE_START,1516295682803,28
226,PLAYER_SLEEPBEFORE_END,1516295683088,28
226,REQ_START,1516295683088,28
226,REQ_END,1516295683130,28
226,PLAYER_SLEEPBEFORE_START,1516295683130,29
226,PLAYER_SLEEPBEFORE_END,1516295683305,29
226,WS_SEND_START,1516295683305,29
226,WS_SEND_END,1516295683305,29
226,WS_RECV_START,1516295683305,30
226,WS_RECV_END,1516295683478,30
226,PLAYER_SLEEPBEFORE_START,1516295683478,31
226,PLAYER_SLEEPBEFORE_END,1516295683490,31
226,REQ_START,1516295683490,31
226,REQ_END,1516295683523,31
226,PLAYER_SLEEPBEFORE_START,1516295683523,32
226,PLAYER_SLEEPBEFORE_END,1516295711668,32
226,WS_SEND_START,1516295711668,32
226,WS_SEND_END,1516295711669,32
226,WS_RECV_START,1516295711669,33
226,WS_RECV_END,1516295711756,33
226,PLAYER_SLEEPBEFORE_START,1516295711756,34
226,PLAYER_SLEEPBEFORE_END,1516295737667,34
226,WS_SEND_START,1516295737667,34
226,WS_SEND_END,1516295737667,34
226,WS_RECV_START,1516295737667,35
226,WS_RECV_END,1516295737694,35
226,PLAYER_SLEEPBEFORE_START,1516295737694,36
226,PLAYER_SLEEPBEFORE_END,1516295737703,36
226,WS_SEND_START,1516295737703,36
226,WS_SEND_END,1516295737703,36
226,WS_RECV_START,1516295737703,37
226,WS_RECV_END,1516295737746,37
226,PLAYER_SLEEPBEFORE_START,1516295737746,38
226,PLAYER_SLEEPBEFORE_END,1516295740941,38
226,WS_SEND_START,1516295740941,38
226,WS_SEND_END,1516295740941,38
226,WS_RECV_START,1516295740941,39
226,WS_RECV_END,1516295741072,39
226,PLAYER_SLEEPBEFORE_START,1516295741072,40
226,PLAYER_SLEEPBEFORE_END,1516295741118,40
226,WS_SEND_START,1516295741118,40
226,WS_SEND_END,1516295741118,40
226,WS_RECV_START,1516295741118,41
226,WS_RECV_END,1516295741237,41
226,PLAYER_SLEEPBEFORE_START,1516295741237,42
226,PLAYER_SLEEPBEFORE_END,1516295759373,42
226,WS_SEND_START,1516295759373,42
226,WS_SEND_END,1516295759373,42
226,WS_RECV_START,1516295759373,43
226,WS_RECV_END,1516295759610,43
226,PLAYER_SLEEPBEFORE_START,1516295759610,44
226,PLAYER_SLEEPBEFORE_END,1516295759623,44
226,WS_SEND_START,1516295759623,44
226,WS_SEND_END,1516295759623,44
226,WS_RECV_START,1516295759623,45
226,WS_RECV_END,1516295759678,45
226,PLAYER_SLEEPBEFORE_START,1516295759678,46
226,PLAYER_SLEEPBEFORE_END,1516295760938,46
226,WS_SEND_START,1516295760938,46
226,WS_SEND_END,1516295760938,46
226,WS_RECV_START,1516295760938,47
226,WS_RECV_END,1516295761040,47
226,PLAYER_SLEEPBEFORE_START,1516295761040,48
226,PLAYER_SLEEPBEFORE_END,1516295762360,48
226,WS_SEND_START,1516295762360,48
226,WS_SEND_END,1516295762360,48
226,WS_RECV_START,1516295762360,49
226,WS_RECV_END,1516295762472,49
226,PLAYER_SLEEPBEFORE_START,1516295762472,50
226,PLAYER_SLEEPBEFORE_END,1516295762496,50
226,WS_SEND_START,1516295762496,50
226,WS_SEND_END,1516295762496,50
226,WS_RECV_START,1516295762496,51
226,WS_RECV_END,1516295762621,51
226,PLAYER_SLEEPBEFORE_START,1516295762621,52
226,PLAYER_SLEEPBEFORE_END,1516295785185,52
226,WS_SEND_START,1516295785185,52
226,WS_SEND_END,1516295785185,52
226,WS_RECV_START,1516295785185,53
226,WS_RECV_END,1516295785403,53
226,PLAYER_SLEEPBEFORE_START,1516295785403,54
226,PLAYER_SLEEPBEFORE_END,1516295806707,54
226,WS_SEND_START,1516295806707,54
226,WS_SEND_END,1516295806707,54
226,PLAYER_SLEEPBEFORE_START,1516295806707,55
226,PLAYER_SLEEPBEFORE_END,1516295808648,55
226,WS_SEND_START,1516295808648,55
226,WS_SEND_END,1516295808648,55
226,WS_RECV_START,1516295808648,56
226,WS_RECV_END,1516295808716,56
226,PLAYER_SLEEPBEFORE_START,1516295808716,57
226,PLAYER_SLEEPBEFORE_END,1516295831588,57
226,WS_SEND_START,1516295831588,57
226,WS_SEND_END,1516295831588,57
226,WS_RECV_START,1516295831588,58
226,WS_RECV_END,1516295831639,58
226,PLAYER_SLEEPBEFORE_START,1516295831639,59
226,PLAYER_SLEEPBEFORE_END,1516295833966,59
226,WS_SEND_START,1516295833966,59
226,WS_SEND_END,1516295833966,59
226,WS_RECV_START,1516295833966,60
226,WS_RECV_END,1516295834057,60
226,PLAYER_SLEEPBEFORE_START,1516295834057,61
226,PLAYER_SLEEPBEFORE_END,1516295837649,61
226,WS_SEND_START,1516295837649,61
226,WS_SEND_END,1516295837649,61
226,WS_RECV_START,1516295837649,62
226,WS_RECV_END,1516295837759,62
226,PLAYER_SLEEPBEFORE_START,1516295837759,63
226,PLAYER_SLEEPBEFORE_END,1516295857021,63
226,WS_SEND_START,1516295857021,63
226,WS_SEND_END,1516295857021,63
226,WS_RECV_START,1516295857021,64
226,WS_RECV_END,1516295857767,64
226,PLAYER_SLEEPBEFORE_START,1516295857767,65
226,PLAYER_SLEEPBEFORE_END,1516295884584,65
226,WS_SEND_START,1516295884584,65
226,WS_SEND_END,1516295884584,65
226,WS_RECV_START,1516295884584,66
226,WS_RECV_END,1516295885034,66
226,PLAYER_SLEEPBEFORE_START,1516295885034,67
226,PLAYER_SLEEPBEFORE_END,1516295886542,67
226,WS_SEND_START,1516295886542,67
226,WS_SEND_END,1516295886542,67
226,WS_RECV_START,1516295886542,68
226,WS_RECV_END,1516295886679,68
226,PLAYER_SLEEPBEFORE_START,1516295886679,69
226,PLAYER_SLEEPBEFORE_END,1516295908678,69
226,WS_SEND_START,1516295908678,69
226,WS_SEND_END,1516295908678,69
226,WS_RECV_START,1516295908678,70
226,WS_RECV_END,1516295909870,70
226,PLAYER_SLEEPBEFORE_START,1516295909870,71
226,PLAYER_SLEEPBEFORE_END,1516295934645,71
226,WS_SEND_START,1516295934645,71
226,WS_SEND_END,1516295934645,71
226,PLAYER_SLEEPBEFORE_START,1516295934645,72
226,PLAYER_SLEEPBEFORE_END,1516295937252,72
226,WS_SEND_START,1516295937252,72
226,WS_SEND_END,1516295937252,72
226,WS_RECV_START,1516295937252,73
226,WS_RECV_END,1516295937921,73
226,PLAYER_SLEEPBEFORE_START,1516295937921,74
226,PLAYER_SLEEPBEFORE_END,1516295937930,74
226,WS_SEND_START,1516295937930,74
226,WS_SEND_END,1516295937930,74
226,WS_RECV_START,1516295937930,75
226,WS_RECV_END,1516295937986,75
226,PLAYER_SLEEPBEFORE_START,1516295937986,76
226,PLAYER_SLEEPBEFORE_END,1516295939492,76
226,WS_SEND_START,1516295939492,76
226,WS_SEND_END,1516295939492,76
226,WS_RECV_START,1516295939492,77
226,WS_RECV_END,1516295939543,77
226,PLAYER_SLEEPBEFORE_START,1516295939543,78
226,PLAYER_SLEEPBEFORE_END,1516295940411,78
226,WS_SEND_START,1516295940411,78
226,WS_SEND_END,1516295940411,78
226,WS_RECV_START,1516295940411,79
226,WS_RECV_END,1516295940720,79
226,PLAYER_SLEEPBEFORE_START,1516295940720,80
226,PLAYER_SLEEPBEFORE_END,1516295948386,80
226,WS_SEND_START,1516295948386,80
226,WS_SEND_END,1516295948386,80
226,WS_RECV_START,1516295948386,81
226,WS_RECV_END,1516295948778,81
226,PLAYER_SLEEPBEFORE_START,1516295948778,82
226,PLAYER_SLEEPBEFORE_END,1516295949880,82
226,WS_SEND_START,1516295949880,82
226,WS_SEND_END,1516295949880,82
226,WS_RECV_START,1516295949880,83
226,WS_RECV_END,1516295950375,83
226,PLAYER_SLEEPBEFORE_START,1516295950375,84
226,PLAYER_SLEEPBEFORE_END,1516295951322,84
226,WS_SEND_START,1516295951322,84
226,WS_SEND_END,1516295951322,84
226,WS_RECV_START,1516295951322,85
226,WS_RECV_END,1516295951896,85
226,PLAYER_SLEEPBEFORE_START,1516295951896,86
226,PLAYER_SLEEPBEFORE_END,1516295956068,86
226,WS_SEND_START,1516295956068,86
226,WS_SEND_END,1516295956068,86
226,WS_RECV_START,1516295956068,87
226,WS_RECV_END,1516295957578,87
226,PLAYER_SLEEPBEFORE_START,1516295957578,88
226,PLAYER_SLEEPBEFORE_END,1516295957586,88
226,WS_SEND_START,1516295957586,88
226,WS_SEND_END,1516295957586,88
226,WS_RECV_START,1516295957586,89
226,WS_RECV_END,1516295958008,89
226,PLAYER_SLEEPBEFORE_START,1516295958008,90
226,PLAYER_SLEEPBEFORE_END,1516295985205,90
226,REQ_START,1516295985205,90
226,REQ_END,1516295985212,90
226,PLAYER_SLEEPBEFORE_START,1516295985212,91
226,PLAYER_SLEEPBEFORE_END,1516295993101,91
226,WS_SEND_START,1516295993101,91
226,WS_SEND_END,1516295993101,91
226,WS_RECV_START,1516295993101,92
226,WS_RECV_END,1516295995530,92
226,PLAYER_SLEEPBEFORE_START,1516295995530,93
226,PLAYER_SLEEPBEFORE_END,1516295995546,93
226,WS_SEND_START,1516295995546,93
226,WS_SEND_END,1516295995546,93
226,WS_RECV_START,1516295995546,94
226,WS_RECV_END,1516295996635,94
226,PLAYER_SLEEPBEFORE_START,1516295996635,95
226,PLAYER_SLEEPBEFORE_END,1516296020190,95
226,WS_SEND_START,1516296020190,95
226,WS_SEND_END,1516296020190,95
226,WS_RECV_START,1516296020190,96
226,WS_RECV_END,1516296022859,96
226,PLAYER_SLEEPBEFORE_START,1516296022859,97
226,PLAYER_SLEEPBEFORE_END,1516296045299,97
226,WS_SEND_START,1516296045299,97
226,WS_SEND_END,1516296045299,97
226,WS_RECV_START,1516296045299,98
226,WS_RECV_END,1516296047867,98
226,PLAYER_SLEEPBEFORE_START,1516296047867,99
226,PLAYER_SLEEPBEFORE_END,1516296047888,99
226,WS_SEND_START,1516296047888,99
226,WS_SEND_END,1516296047888,99
226,WS_RECV_START,1516296047888,100
226,WS_RECV_END,1516296049432,100
226,PLAYER_SLEEPBEFORE_START,1516296049432,101
226,PLAYER_SLEEPBEFORE_END,1516296072992,101
226,WS_SEND_START,1516296072992,101
226,WS_SEND_END,1516296072992,101
226,WS_RECV_START,1516296072992,102
226,WS_RECV_END,1516296075460,102
226,PLAYER_SLEEPBEFORE_START,1516296075460,103
226,PLAYER_SLEEPBEFORE_END,1516296099085,103
226,WS_SEND_START,1516296099085,103
226,WS_SEND_END,1516296099085,103
226,WS_RECV_START,1516296099085,104
226,WS_RECV_END,1516296101959,104
226,PLAYER_SLEEPBEFORE_START,1516296101959,105
226,PLAYER_SLEEPBEFORE_END,1516296127336,105
226,WS_SEND_START,1516296127336,105
226,WS_SEND_END,1516296127336,105
226,WS_RECV_START,1516296127336,106
226,WS_RECV_END,1516296131625,106
226,PLAYER_SLEEPBEFORE_START,1516296131625,107
226,PLAYER_SLEEPBEFORE_END,1516296155048,107
226,WS_SEND_START,1516296155048,107
226,WS_SEND_END,1516296155048,107
226,WS_RECV_START,1516296155048,108
226,WS_RECV_END,1516296157802,108
226,PLAYER_SLEEPBEFORE_START,1516296157802,109
226,PLAYER_SLEEPBEFORE_END,1516296157812,109
226,WS_SEND_START,1516296157812,109
226,WS_SEND_END,1516296157812,109
226,WS_RECV_START,1516296157812,110
226,WS_RECV_END,1516296159182,110
226,PLAYER_SLEEPBEFORE_START,1516296159182,111
226,PLAYER_SLEEPBEFORE_END,1516296160141,111
226,WS_SEND_START,1516296160141,111
226,WS_SEND_END,1516296160141,111
226,WS_RECV_START,1516296160141,112
226,WS_RECV_END,1516296160773,112
226,PLAYER_SLEEPBEFORE_START,1516296160773,113
226,PLAYER_SLEEPBEFORE_END,1516296161335,113
226,WS_SEND_START,1516296161335,113
226,WS_SEND_END,1516296161335,113
226,WS_RECV_START,1516296161335,114
226,WS_RECV_END,1516296162797,114
226,PLAYER_SLEEPBEFORE_START,1516296162797,115
226,PLAYER_SLEEPBEFORE_END,1516296162806,115
226,WS_SEND_START,1516296162806,115
226,WS_SEND_END,1516296162806,115
226,WS_RECV_START,1516296162806,116
226,WS_RECV_END,1516296164260,116
226,PLAYER_SLEEPBEFORE_START,1516296164260,117
226,PLAYER_SLEEPBEFORE_END,1516296184620,117
226,WS_SEND_START,1516296184620,117
226,WS_SEND_END,1516296184620,117
226,PLAYER_SLEEPBEFORE_START,1516296184620,118
226,PLAYER_SLEEPBEFORE_END,1516296188372,118
226,WS_SEND_START,1516296188372,118
226,WS_SEND_END,1516296188372,118
226,WS_RECV_START,1516296188372,119
226,WS_RECV_END,1516296190204,119
226,PLAYER_SLEEPBEFORE_START,1516296190204,120
226,PLAYER_SLEEPBEFORE_END,1516296191193,120
226,WS_SEND_START,1516296191193,120
226,WS_SEND_END,1516296191193,120
226,WS_RECV_START,1516296191193,121
226,WS_RECV_END,1516296197049,121
226,PLAYER_SLEEPBEFORE_START,1516296197049,122
226,PLAYER_SLEEPBEFORE_END,1516296198234,122
226,WS_SEND_START,1516296198234,122
226,WS_SEND_END,1516296198234,122
226,WS_RECV_START,1516296198234,123
226,WS_RECV_END,1516296199614,123
226,PLAYER_SLEEPBEFORE_START,1516296199614,124
226,PLAYER_SLEEPBEFORE_END,1516296224019,124
226,WS_SEND_START,1516296224019,124
226,WS_SEND_END,1516296224019,124
226,WS_RECV_START,1516296224019,125
226,WS_RECV_END,1516296229029,125
226,PLAYER_SLEEPBEFORE_START,1516296229029,126
226,PLAYER_SLEEPBEFORE_END,1516296249541,126
226,WS_SEND_START,1516296249541,126
226,WS_SEND_END,1516296249541,126
226,PLAYER_SLEEPBEFORE_START,1516296249541,127
226,PLAYER_SLEEPBEFORE_END,1516296252596,127
226,WS_SEND_START,1516296252596,127
226,WS_SEND_END,1516296252596,127
226,WS_RECV_START,1516296252596,128
226,WS_RECV_END,1516296254601,128
226,PLAYER_SLEEPBEFORE_START,1516296254601,129
226,PLAYER_SLEEPBEFORE_END,1516296254621,129
226,WS_SEND_START,1516296254622,129
226,WS_SEND_END,1516296254622,129
226,WS_RECV_START,1516296254622,130
226,WS_RECV_END,1516296257285,130
226,PLAYER_SLEEPBEFORE_START,1516296257285,131
226,PLAYER_SLEEPBEFORE_END,1516296278909,131
226,WS_SEND_START,1516296278909,131
226,WS_SEND_END,1516296278909,131
226,PLAYER_SLEEPBEFORE_START,1516296278909,132
226,PLAYER_SLEEPBEFORE_END,1516296281989,132
226,WS_SEND_START,1516296281989,132
226,WS_SEND_END,1516296281989,132
226,WS_RECV_START,1516296281989,133
226,WS_RECV_END,1516296283896,133
226,PLAYER_SLEEPBEFORE_START,1516296283896,134
226,PLAYER_SLEEPBEFORE_END,1516296305113,134
226,WS_SEND_START,1516296305113,134
226,WS_SEND_END,1516296305113,134
226,PLAYER_SLEEPBEFORE_START,1516296305113,135
226,PLAYER_SLEEPBEFORE_END,1516296308303,135
226,WS_SEND_START,1516296308303,135
226,WS_SEND_END,1516296308303,135
226,WS_RECV_START,1516296308303,136
226,WS_RECV_END,1516296309829,136
226,PLAYER_SLEEPBEFORE_START,1516296309829,137
226,PLAYER_SLEEPBEFORE_END,1516296309836,137
226,WS_SEND_START,1516296309836,137
226,WS_SEND_END,1516296309836,137
226,WS_RECV_START,1516296309836,138
226,WS_RECV_END,1516296310774,138
226,PLAYER_SLEEPBEFORE_START,1516296310774,139
226,PLAYER_SLEEPBEFORE_END,1516296311464,139
226,WS_SEND_START,1516296311464,139
226,WS_SEND_END,1516296311464,139
226,WS_RECV_START,1516296311464,140
226,WS_RECV_END,1516296312152,140
226,PLAYER_SLEEPBEFORE_START,1516296312152,141
226,PLAYER_SLEEPBEFORE_END,1516296312808,141
226,WS_SEND_START,1516296312808,141
226,WS_SEND_END,1516296312808,141
226,WS_RECV_START,1516296312808,142
226,WS_RECV_END,1516296314158,142
226,PLAYER_SLEEPBEFORE_START,1516296314158,143
226,PLAYER_SLEEPBEFORE_END,1516296314215,143
226,WS_SEND_START,1516296314216,143
226,WS_SEND_END,1516296314216,143
226,WS_RECV_START,1516296314216,144
226,WS_RECV_END,1516296315090,144
226,PLAYER_SLEEPBEFORE_START,1516296315090,145
226,PLAYER_SLEEPBEFORE_END,1516296331152,145
226,REQ_START,1516296331152,145
226,REQ_END,1516296331160,145
226,PLAYER_SLEEPBEFORE_START,1516296331160,146
226,PLAYER_SLEEPBEFORE_END,1516296340037,146
226,WS_SEND_START,1516296340037,146
226,WS_SEND_END,1516296340037,146
226,WS_RECV_START,1516296340037,147
226,WS_RECV_END,1516296345106,147
226,PLAYER_SLEEPBEFORE_START,1516296345106,148
226,PLAYER_SLEEPBEFORE_END,1516296367028,148
226,WS_SEND_START,1516296367028,148
226,WS_SEND_END,1516296367028,148
226,PLAYER_SLEEPBEFORE_START,1516296367028,149
226,PLAYER_SLEEPBEFORE_END,1516296369456,149
226,WS_SEND_START,1516296369456,149
226,WS_SEND_END,1516296369456,149
226,WS_RECV_START,1516296369456,150
226,WS_RECV_END,1516296374106,150
226,PLAYER_SLEEPBEFORE_START,1516296374106,151
226,PLAYER_SLEEPBEFORE_END,1516296374316,151
226,WS_SEND_START,1516296374316,151
226,WS_SEND_END,1516296374316,151
226,WS_RECV_START,1516296374316,152
226,WS_RECV_END,1516296378019,152
226,PLAYER_SLEEPBEFORE_START,1516296378019,153
226,PLAYER_SLEEPBEFORE_END,1516296401947,153
226,WS_SEND_START,1516296401947,153
226,WS_SEND_END,1516296401947,153
226,WS_RECV_START,1516296401947,154
226,WS_RECV_END,1516296408965,154
226,PLAYER_SLEEPBEFORE_START,1516296408965,155
226,PLAYER_SLEEPBEFORE_END,1516296431524,155
226,WS_SEND_START,1516296431524,155
226,WS_SEND_END,1516296431524,155
226,PLAYER_SLEEPBEFORE_START,1516296431524,156
226,PLAYER_SLEEPBEFORE_END,1516296434798,156
226,WS_SEND_START,1516296434798,156
226,WS_SEND_END,1516296434798,156
226,WS_RECV_START,1516296434798,157
226,WS_RECV_END,1516296436763,157
226,PLAYER_SLEEPBEFORE_START,1516296436763,158
226,PLAYER_SLEEPBEFORE_END,1516296436774,158
226,WS_SEND_START,1516296436774,158
226,WS_SEND_END,1516296436774,158
226,WS_RECV_START,1516296436774,159
226,WS_RECV_END,1516296439954,159
226,PLAYER_SLEEPBEFORE_START,1516296439954,160
226,PLAYER_SLEEPBEFORE_END,1516296440129,160
226,WS_SEND_START,1516296440129,160
226,WS_SEND_END,1516296440129,160
226,WS_RECV_START,1516296440129,161
226,WS_RECV_END,1516296443794,161
226,PLAYER_SLEEPBEFORE_START,1516296443794,162
226,PLAYER_SLEEPBEFORE_END,1516296443820,162
226,WS_SEND_START,1516296443820,162
226,WS_SEND_END,1516296443820,162
226,WS_RECV_START,1516296443820,163
226,WS_RECV_END,1516296447109,163
226,PLAYER_SLEEPBEFORE_START,1516296447109,164
226,PLAYER_SLEEPBEFORE_END,1516296467921,164
226,WS_SEND_START,1516296467921,164
226,WS_SEND_END,1516296467921,164
226,WS_RECV_START,1516296467921,165
226,WS_RECV_END,1516296475733,165
226,PLAYER_SLEEPBEFORE_START,1516296475733,166
226,PLAYER_SLEEPBEFORE_END,1516296498188,166
226,WS_SEND_START,1516296498188,166
226,WS_SEND_END,1516296498188,166
226,WS_RECV_START,1516296498188,167
226,WS_RECV_END,1516296504319,167
226,PLAYER_SLEEPBEFORE_START,1516296504319,168
226,PLAYER_SLEEPBEFORE_END,1516296531676,168
226,WS_SEND_START,1516296531676,168
226,WS_SEND_END,1516296531676,168
226,WS_RECV_START,1516296531676,169
226,WS_RECV_END,1516296538689,169
226,PLAYER_SLEEPBEFORE_START,1516296538689,170
226,PLAYER_SLEEPBEFORE_END,1516296538698,170
226,WS_SEND_START,1516296538698,170
226,WS_SEND_END,1516296538698,170
226,WS_RECV_START,1516296538698,171
226,WS_RECV_END,1516296542699,171
226,PLAYER_SLEEPBEFORE_START,1516296542699,172
226,PLAYER_SLEEPBEFORE_END,1516296543068,172
226,WS_SEND_START,1516296543068,172
226,WS_SEND_END,1516296543068,172
226,WS_RECV_START,1516296543068,173
226,WS_RECV_END,1516296547397,173
226,PLAYER_SLEEPBEFORE_START,1516296547397,174
226,PLAYER_SLEEPBEFORE_END,1516296547438,174
226,WS_SEND_START,1516296547438,174
226,WS_SEND_END,1516296547438,174
226,WS_RECV_START,1516296547438,175
226,WS_RECV_END,1516296551827,175
226,PLAYER_SLEEPBEFORE_START,1516296551827,176
226,PLAYER_SLEEPBEFORE_END,1516296573588,176
226,WS_SEND_START,1516296573588,176
226,WS_SEND_END,1516296573588,176
226,PLAYER_SLEEPBEFORE_START,1516296573588,177
226,PLAYER_SLEEPBEFORE_END,1516296576107,177
226,WS_SEND_START,1516296576107,177
226,WS_SEND_END,1516296576107,177
226,WS_RECV_START,1516296576107,178
226,WS_RECV_END,1516296579028,178
226,PLAYER_SLEEPBEFORE_START,1516296579028,179
226,PLAYER_SLEEPBEFORE_END,1516296601368,179
226,WS_SEND_START,1516296601368,179
226,WS_SEND_END,1516296601368,179
226,WS_RECV_START,1516296601368,180
226,WS_RECV_END,1516296605460,180
226,PLAYER_SLEEPBEFORE_START,1516296605460,181
226,PLAYER_SLEEPBEFORE_END,1516296605904,181
226,WS_SEND_START,1516296605904,181
226,WS_SEND_END,1516296605904,181
226,WS_RECV_START,1516296605904,182
226,WS_RECV_END,1516296607742,182
226,PLAYER_SLEEPBEFORE_START,1516296607742,183
226,PLAYER_SLEEPBEFORE_END,1516296608265,183
226,WS_SEND_START,1516296608265,183
226,WS_SEND_END,1516296608265,183
226,WS_RECV_START,1516296608265,184
226,WS_RECV_END,1516296610458,184
226,PLAYER_SLEEPBEFORE_START,1516296610458,185
226,PLAYER_SLEEPBEFORE_END,1516296610726,185
226,WS_SEND_START,1516296610726,185
226,WS_SEND_END,1516296610726,185
226,WS_RECV_START,1516296610726,186
226,WS_RECV_END,1516296612356,186
226,PLAYER_SLEEPBEFORE_START,1516296612356,187
226,PLAYER_SLEEPBEFORE_END,1516296634857,187
226,WS_SEND_START,1516296634857,187
226,WS_SEND_END,1516296634857,187
226,WS_RECV_START,1516296634857,188
226,WS_RECV_END,1516296638586,188
226,PLAYER_SLEEPBEFORE_START,1516296638586,189
226,PLAYER_SLEEPBEFORE_END,1516296644825,189
226,WS_SEND_START,1516296644825,189
226,WS_SEND_END,1516296644825,189
226,WS_RECV_START,1516296644825,190
226,WS_RECV_END,1516296648287,190
226,PLAYER_SLEEPBEFORE_START,1516296648287,191
226,PLAYER_SLEEPBEFORE_END,1516296650203,191
226,WS_SEND_START,1516296650203,191
226,WS_SEND_END,1516296650203,191
226,WS_RECV_START,1516296650203,192
226,WS_RECV_END,1516296652397,192
226,PLAYER_SLEEPBEFORE_START,1516296652397,193
226,PLAYER_SLEEPBEFORE_END,1516296652526,193
226,WS_SEND_START,1516296652526,193
226,WS_SEND_END,1516296652526,193
226,WS_RECV_START,1516296652526,194
226,WS_RECV_END,1516296656070,194
226,PLAYER_SLEEPBEFORE_START,1516296656070,195
226,PLAYER_SLEEPBEFORE_END,1516296657825,195
226,WS_SEND_START,1516296657825,195
226,WS_SEND_END,1516296657825,195
226,WS_RECV_START,1516296657825,196
226,WS_RECV_END,1516296660399,196
226,PLAYER_SLEEPBEFORE_START,1516296660399,197
226,PLAYER_SLEEPBEFORE_END,1516296662203,197
226,WS_SEND_START,1516296662203,197
226,WS_SEND_END,1516296662203,197
226,WS_RECV_START,1516296662203,198
226,WS_RECV_END,1516296665047,198
226,PLAYER_SLEEPBEFORE_START,1516296665047,199
226,PLAYER_SLEEPBEFORE_END,1516296676901,199
226,WS_SEND_START,1516296676901,199
226,WS_SEND_END,1516296676901,199
226,PLAYER_SLEEPBEFORE_START,1516296676901,200
226,PLAYER_SLEEPBEFORE_END,1516296680989,200
226,WS_SEND_START,1516296680989,200
226,WS_SEND_END,1516296680989,200
226,WS_RECV_START,1516296680989,201
226,WS_RECV_END,1516296682353,201
226,PLAYER_SLEEPBEFORE_START,1516296682353,202
226,PLAYER_SLEEPBEFORE_END,1516296682367,202
226,WS_SEND_START,1516296682367,202
226,WS_SEND_END,1516296682367,202
226,WS_RECV_START,1516296682367,203
226,WS_RECV_END,1516296683404,203
226,PLAYER_SLEEPBEFORE_START,1516296683404,204
226,PLAYER_SLEEPBEFORE_END,1516296703054,204
226,WS_SEND_START,1516296703054,204
226,WS_SEND_END,1516296703054,204
226,PLAYER_SLEEPBEFORE_START,1516296703054,205
226,PLAYER_SLEEPBEFORE_END,1516296706952,205
226,WS_SEND_START,1516296706952,205
226,WS_SEND_END,1516296706952,205
226,WS_RECV_START,1516296706952,206
226,WS_RECV_END,1516296707703,206
226,PLAYER_SLEEPBEFORE_START,1516296707703,207
226,PLAYER_SLEEPBEFORE_END,1516296724634,207
226,REQ_START,1516296724634,207
226,REQ_END,1516296724642,207
226,PLAYER_SLEEPBEFORE_START,1516296724642,208
226,PLAYER_SLEEPBEFORE_END,1516296731494,208
226,WS_CLOSE_START,1516296731494,208
226,WS_CLOSE_END,1516296731494,208
226,PLAYER_DONE,1516296731494
