# --sessions 630 --app-url=http://shinyloadtest.rstudioservices.com/cran_explorer --output-dir test630 --overwrite-output --log-level warn --start-interval 800 15min.log
thread_id,event,timestamp,input_line_number,comment
247,PLAYER_SESSION_CREATE,1516295501226
247,PLAYER_START_INTERVAL_START,1516295501226
247,PLAYER_START_INTERVAL_END,1516295698826
247,REQ_HOME_START,1516295698826,2
247,REQ_HOME_END,1516295698994,2
247,REQ_START,1516295698994,3
247,REQ_END,1516295699030,3
247,REQ_START,1516295699030,4
247,REQ_END,1516295699061,4
247,REQ_START,1516295699061,5
247,REQ_END,1516295699096,5
247,REQ_START,1516295699096,6
247,REQ_END,1516295699275,6
247,REQ_START,1516295699275,7
247,REQ_END,1516295699314,7
247,REQ_START,1516295699314,8
247,REQ_END,1516295699350,8
247,REQ_START,1516295699350,9
247,REQ_END,1516295699387,9
247,REQ_START,1516295699387,10
247,REQ_END,1516295699395,10
247,REQ_START,1516295699395,11
247,REQ_END,1516295699428,11
247,REQ_START,1516295699428,12
247,REQ_END,1516295699443,12
247,REQ_START,1516295699443,13
247,REQ_END,1516295699475,13
247,REQ_START,1516295699475,14
247,REQ_END,1516295699488,14
247,REQ_START,1516295699488,15
247,REQ_END,1516295699523,15
247,REQ_TOK_START,1516295699523,16
247,REQ_TOK_END,1516295699531,16
247,REQ_SINF_START,1516295699531,17
247,REQ_SINF_END,1516295699539,17
247,WS_OPEN_START,1516295699539,18
247,WS_OPEN_END,1516295699545,18
247,REQ_START,1516295699545,19
247,REQ_END,1516295699574,19
247,WS_RECV_START,1516295699574,20
247,WS_RECV_END,1516295699574,20
247,PLAYER_SLEEPBEFORE_START,1516295699574,21
247,PLAYER_SLEEPBEFORE_END,1516295699579,21
247,WS_SEND_START,1516295699579,21
247,WS_SEND_END,1516295699579,21
247,PLAYER_SLEEPBEFORE_START,1516295699579,22
247,PLAYER_SLEEPBEFORE_END,1516295699580,22
247,WS_SEND_START,1516295699580,22
247,WS_SEND_END,1516295699580,22
247,WS_RECV_INIT_START,1516295699580,23
247,WS_RECV_INIT_END,1516295699597,23
247,WS_RECV_START,1516295699597,24
247,WS_RECV_END,1516295699650,24
247,PLAYER_SLEEPBEFORE_START,1516295699650,25
247,PLAYER_SLEEPBEFORE_END,1516295699657,25
247,REQ_START,1516295699657,25
247,REQ_END,1516295699689,25
247,PLAYER_SLEEPBEFORE_START,1516295699689,26
247,PLAYER_SLEEPBEFORE_END,1516295699690,26
247,REQ_START,1516295699690,26
247,REQ_END,1516295699995,26
247,PLAYER_SLEEPBEFORE_START,1516295699995,27
247,PLAYER_SLEEPBEFORE_END,1516295699999,27
247,REQ_START,1516295699999,27
247,REQ_END,1516295700091,27
247,PLAYER_SLEEPBEFORE_START,1516295700092,28
247,PLAYER_SLEEPBEFORE_END,1516295700377,28
247,REQ_START,1516295700377,28
247,REQ_END,1516295700408,28
247,PLAYER_SLEEPBEFORE_START,1516295700408,29
247,PLAYER_SLEEPBEFORE_END,1516295700583,29
247,WS_SEND_START,1516295700583,29
247,WS_SEND_END,1516295700583,29
247,WS_RECV_START,1516295700583,30
247,WS_RECV_END,1516295700689,30
247,PLAYER_SLEEPBEFORE_START,1516295700689,31
247,PLAYER_SLEEPBEFORE_END,1516295700700,31
247,REQ_START,1516295700700,31
247,REQ_END,1516295700741,31
247,PLAYER_SLEEPBEFORE_START,1516295700741,32
247,PLAYER_SLEEPBEFORE_END,1516295728886,32
247,WS_SEND_START,1516295728886,32
247,WS_SEND_END,1516295728886,32
247,WS_RECV_START,1516295728886,33
247,WS_RECV_END,1516295729012,33
247,PLAYER_SLEEPBEFORE_START,1516295729012,34
247,PLAYER_SLEEPBEFORE_END,1516295754923,34
247,WS_SEND_START,1516295754923,34
247,WS_SEND_END,1516295754923,34
247,WS_RECV_START,1516295754923,35
247,WS_RECV_END,1516295755001,35
247,PLAYER_SLEEPBEFORE_START,1516295755001,36
247,PLAYER_SLEEPBEFORE_END,1516295755010,36
247,WS_SEND_START,1516295755010,36
247,WS_SEND_END,1516295755010,36
247,WS_RECV_START,1516295755010,37
247,WS_RECV_END,1516295755069,37
247,PLAYER_SLEEPBEFORE_START,1516295755069,38
247,PLAYER_SLEEPBEFORE_END,1516295758264,38
247,WS_SEND_START,1516295758264,38
247,WS_SEND_END,1516295758264,38
247,WS_RECV_START,1516295758264,39
247,WS_RECV_END,1516295758382,39
247,PLAYER_SLEEPBEFORE_START,1516295758382,40
247,PLAYER_SLEEPBEFORE_END,1516295758428,40
247,WS_SEND_START,1516295758428,40
247,WS_SEND_END,1516295758428,40
247,WS_RECV_START,1516295758428,41
247,WS_RECV_END,1516295758560,41
247,PLAYER_SLEEPBEFORE_START,1516295758560,42
247,PLAYER_SLEEPBEFORE_END,1516295776695,42
247,WS_SEND_START,1516295776695,42
247,WS_SEND_END,1516295776695,42
247,WS_RECV_START,1516295776695,43
247,WS_RECV_END,1516295776731,43
247,PLAYER_SLEEPBEFORE_START,1516295776731,44
247,PLAYER_SLEEPBEFORE_END,1516295776743,44
247,WS_SEND_START,1516295776743,44
247,WS_SEND_END,1516295776743,44
247,WS_RECV_START,1516295776743,45
247,WS_RECV_END,1516295776802,45
247,PLAYER_SLEEPBEFORE_START,1516295776802,46
247,PLAYER_SLEEPBEFORE_END,1516295778062,46
247,WS_SEND_START,1516295778062,46
247,WS_SEND_END,1516295778062,46
247,WS_RECV_START,1516295778062,47
247,WS_RECV_END,1516295778156,47
247,PLAYER_SLEEPBEFORE_START,1516295778156,48
247,PLAYER_SLEEPBEFORE_END,1516295779476,48
247,WS_SEND_START,1516295779476,48
247,WS_SEND_END,1516295779476,48
247,WS_RECV_START,1516295779476,49
247,WS_RECV_END,1516295779620,49
247,PLAYER_SLEEPBEFORE_START,1516295779620,50
247,PLAYER_SLEEPBEFORE_END,1516295779644,50
247,WS_SEND_START,1516295779644,50
247,WS_SEND_END,1516295779644,50
247,WS_RECV_START,1516295779644,51
247,WS_RECV_END,1516295779808,51
247,PLAYER_SLEEPBEFORE_START,1516295779808,52
247,PLAYER_SLEEPBEFORE_END,1516295802372,52
247,WS_SEND_START,1516295802372,52
247,WS_SEND_END,1516295802372,52
247,WS_RECV_START,1516295802372,53
247,WS_RECV_END,1516295802591,53
247,PLAYER_SLEEPBEFORE_START,1516295802591,54
247,PLAYER_SLEEPBEFORE_END,1516295823894,54
247,WS_SEND_START,1516295823894,54
247,WS_SEND_END,1516295823894,54
247,PLAYER_SLEEPBEFORE_START,1516295823894,55
247,PLAYER_SLEEPBEFORE_END,1516295825835,55
247,WS_SEND_START,1516295825835,55
247,WS_SEND_END,1516295825835,55
247,WS_RECV_START,1516295825835,56
247,WS_RECV_END,1516295825910,56
247,PLAYER_SLEEPBEFORE_START,1516295825910,57
247,PLAYER_SLEEPBEFORE_END,1516295848782,57
247,WS_SEND_START,1516295848782,57
247,WS_SEND_END,1516295848782,57
247,WS_RECV_START,1516295848782,58
247,WS_RECV_END,1516295848852,58
247,PLAYER_SLEEPBEFORE_START,1516295848852,59
247,PLAYER_SLEEPBEFORE_END,1516295851179,59
247,WS_SEND_START,1516295851179,59
247,WS_SEND_END,1516295851179,59
247,WS_RECV_START,1516295851179,60
247,WS_RECV_END,1516295851606,60
247,PLAYER_SLEEPBEFORE_START,1516295851606,61
247,PLAYER_SLEEPBEFORE_END,1516295855197,61
247,WS_SEND_START,1516295855197,61
247,WS_SEND_END,1516295855197,61
247,WS_RECV_START,1516295855197,62
247,WS_RECV_END,1516295855594,62
247,PLAYER_SLEEPBEFORE_START,1516295855594,63
247,PLAYER_SLEEPBEFORE_END,1516295874856,63
247,WS_SEND_START,1516295874856,63
247,WS_SEND_END,1516295874856,63
247,WS_RECV_START,1516295874856,64
247,WS_RECV_END,1516295875044,64
247,PLAYER_SLEEPBEFORE_START,1516295875044,65
247,PLAYER_SLEEPBEFORE_END,1516295901862,65
247,WS_SEND_START,1516295901862,65
247,WS_SEND_END,1516295901862,65
247,WS_RECV_START,1516295901862,66
247,WS_RECV_END,1516295902117,66
247,PLAYER_SLEEPBEFORE_START,1516295902117,67
247,PLAYER_SLEEPBEFORE_END,1516295903624,67
247,WS_SEND_START,1516295903624,67
247,WS_SEND_END,1516295903624,67
247,WS_RECV_START,1516295903624,68
247,WS_RECV_END,1516295904124,68
247,PLAYER_SLEEPBEFORE_START,1516295904124,69
247,PLAYER_SLEEPBEFORE_END,1516295926122,69
247,WS_SEND_START,1516295926122,69
247,WS_SEND_END,1516295926122,69
247,WS_RECV_START,1516295926122,70
247,WS_RECV_END,1516295926247,70
247,PLAYER_SLEEPBEFORE_START,1516295926247,71
247,PLAYER_SLEEPBEFORE_END,1516295951022,71
247,WS_SEND_START,1516295951022,71
247,WS_SEND_END,1516295951022,71
247,PLAYER_SLEEPBEFORE_START,1516295951022,72
247,PLAYER_SLEEPBEFORE_END,1516295953629,72
247,WS_SEND_START,1516295953629,72
247,WS_SEND_END,1516295953629,72
247,WS_RECV_START,1516295953629,73
247,WS_RECV_END,1516295954050,73
247,PLAYER_SLEEPBEFORE_START,1516295954050,74
247,PLAYER_SLEEPBEFORE_END,1516295954059,74
247,WS_SEND_START,1516295954059,74
247,WS_SEND_END,1516295954059,74
247,WS_RECV_START,1516295954059,75
247,WS_RECV_END,1516295954170,75
247,PLAYER_SLEEPBEFORE_START,1516295954170,76
247,PLAYER_SLEEPBEFORE_END,1516295955676,76
247,WS_SEND_START,1516295955676,76
247,WS_SEND_END,1516295955676,76
247,WS_RECV_START,1516295955676,77
247,WS_RECV_END,1516295956191,77
247,PLAYER_SLEEPBEFORE_START,1516295956191,78
247,PLAYER_SLEEPBEFORE_END,1516295957059,78
247,WS_SEND_START,1516295957059,78
247,WS_SEND_END,1516295957059,78
247,WS_RECV_START,1516295957059,79
247,WS_RECV_END,1516295958219,79
247,PLAYER_SLEEPBEFORE_START,1516295958219,80
247,PLAYER_SLEEPBEFORE_END,1516295965885,80
247,WS_SEND_START,1516295965885,80
247,WS_SEND_END,1516295965885,80
247,WS_RECV_START,1516295965885,81
247,WS_RECV_END,1516295966324,81
247,PLAYER_SLEEPBEFORE_START,1516295966324,82
247,PLAYER_SLEEPBEFORE_END,1516295967426,82
247,WS_SEND_START,1516295967426,82
247,WS_SEND_END,1516295967426,82
247,WS_RECV_START,1516295967426,83
247,WS_RECV_END,1516295968039,83
247,PLAYER_SLEEPBEFORE_START,1516295968039,84
247,PLAYER_SLEEPBEFORE_END,1516295968986,84
247,WS_SEND_START,1516295968986,84
247,WS_SEND_END,1516295968986,84
247,WS_RECV_START,1516295968986,85
247,WS_RECV_END,1516295969505,85
247,PLAYER_SLEEPBEFORE_START,1516295969505,86
247,PLAYER_SLEEPBEFORE_END,1516295973677,86
247,WS_SEND_START,1516295973677,86
247,WS_SEND_END,1516295973677,86
247,WS_RECV_START,1516295973677,87
247,WS_RECV_END,1516295975178,87
247,PLAYER_SLEEPBEFORE_START,1516295975178,88
247,PLAYER_SLEEPBEFORE_END,1516295975186,88
247,WS_SEND_START,1516295975186,88
247,WS_SEND_END,1516295975186,88
247,WS_RECV_START,1516295975186,89
247,WS_RECV_END,1516295975682,89
247,PLAYER_SLEEPBEFORE_START,1516295975682,90
247,PLAYER_SLEEPBEFORE_END,1516296002879,90
247,REQ_START,1516296002879,90
247,REQ_END,1516296002887,90
247,PLAYER_SLEEPBEFORE_START,1516296002887,91
247,PLAYER_SLEEPBEFORE_END,1516296010776,91
247,WS_SEND_START,1516296010776,91
247,WS_SEND_END,1516296010776,91
247,WS_RECV_START,1516296010776,92
247,WS_RECV_END,1516296013586,92
247,PLAYER_SLEEPBEFORE_START,1516296013586,93
247,PLAYER_SLEEPBEFORE_END,1516296013601,93
247,WS_SEND_START,1516296013601,93
247,WS_SEND_END,1516296013601,93
247,WS_RECV_START,1516296013601,94
247,WS_RECV_END,1516296014393,94
247,PLAYER_SLEEPBEFORE_START,1516296014393,95
247,PLAYER_SLEEPBEFORE_END,1516296037948,95
247,WS_SEND_START,1516296037948,95
247,WS_SEND_END,1516296037948,95
247,WS_RECV_START,1516296037948,96
247,WS_RECV_END,1516296040445,96
247,PLAYER_SLEEPBEFORE_START,1516296040445,97
247,PLAYER_SLEEPBEFORE_END,1516296062885,97
247,WS_SEND_START,1516296062885,97
247,WS_SEND_END,1516296062885,97
247,WS_RECV_START,1516296062885,98
247,WS_RECV_END,1516296065189,98
247,PLAYER_SLEEPBEFORE_START,1516296065189,99
247,PLAYER_SLEEPBEFORE_END,1516296065210,99
247,WS_SEND_START,1516296065210,99
247,WS_SEND_END,1516296065211,99
247,WS_RECV_START,1516296065211,100
247,WS_RECV_END,1516296065760,100
247,PLAYER_SLEEPBEFORE_START,1516296065760,101
247,PLAYER_SLEEPBEFORE_END,1516296089320,101
247,WS_SEND_START,1516296089320,101
247,WS_SEND_END,1516296089320,101
247,WS_RECV_START,1516296089320,102
247,WS_RECV_END,1516296091666,102
247,PLAYER_SLEEPBEFORE_START,1516296091666,103
247,PLAYER_SLEEPBEFORE_END,1516296115291,103
247,WS_SEND_START,1516296115291,103
247,WS_SEND_END,1516296115291,103
247,WS_RECV_START,1516296115291,104
247,WS_RECV_END,1516296120790,104
247,PLAYER_SLEEPBEFORE_START,1516296120790,105
247,PLAYER_SLEEPBEFORE_END,1516296146167,105
247,WS_SEND_START,1516296146167,105
247,WS_SEND_END,1516296146167,105
247,WS_RECV_START,1516296146167,106
247,WS_RECV_END,1516296149854,106
247,PLAYER_SLEEPBEFORE_START,1516296149854,107
247,PLAYER_SLEEPBEFORE_END,1516296173277,107
247,WS_SEND_START,1516296173277,107
247,WS_SEND_END,1516296173277,107
247,WS_RECV_START,1516296173277,108
247,WS_RECV_END,1516296177039,108
247,PLAYER_SLEEPBEFORE_START,1516296177039,109
247,PLAYER_SLEEPBEFORE_END,1516296177048,109
247,WS_SEND_START,1516296177048,109
247,WS_SEND_END,1516296177048,109
247,WS_RECV_START,1516296177048,110
247,WS_RECV_END,1516296179142,110
247,PLAYER_SLEEPBEFORE_START,1516296179142,111
247,PLAYER_SLEEPBEFORE_END,1516296180101,111
247,WS_SEND_START,1516296180101,111
247,WS_SEND_END,1516296180101,111
247,WS_RECV_START,1516296180101,112
247,WS_RECV_END,1516296182977,112
247,PLAYER_SLEEPBEFORE_START,1516296182977,113
247,PLAYER_SLEEPBEFORE_END,1516296183539,113
247,WS_SEND_START,1516296183539,113
247,WS_SEND_END,1516296183539,113
247,WS_RECV_START,1516296183539,114
247,WS_RECV_END,1516296187092,114
247,PLAYER_SLEEPBEFORE_START,1516296187092,115
247,PLAYER_SLEEPBEFORE_END,1516296187101,115
247,WS_SEND_START,1516296187101,115
247,WS_SEND_END,1516296187101,115
247,WS_RECV_START,1516296187101,116
247,WS_RECV_END,1516296191536,116
247,PLAYER_SLEEPBEFORE_START,1516296191536,117
247,PLAYER_SLEEPBEFORE_END,1516296211896,117
247,WS_SEND_START,1516296211896,117
247,WS_SEND_END,1516296211896,117
247,PLAYER_SLEEPBEFORE_START,1516296211896,118
247,PLAYER_SLEEPBEFORE_END,1516296215648,118
247,WS_SEND_START,1516296215648,118
247,WS_SEND_END,1516296215648,118
247,WS_RECV_START,1516296215648,119
247,WS_RECV_END,1516296217329,119
247,PLAYER_SLEEPBEFORE_START,1516296217329,120
247,PLAYER_SLEEPBEFORE_END,1516296218317,120
247,WS_SEND_START,1516296218317,120
247,WS_SEND_END,1516296218317,120
247,WS_RECV_START,1516296218317,121
247,WS_RECV_END,1516296222057,121
247,PLAYER_SLEEPBEFORE_START,1516296222057,122
247,PLAYER_SLEEPBEFORE_END,1516296223242,122
247,WS_SEND_START,1516296223242,122
247,WS_SEND_END,1516296223242,122
247,WS_RECV_START,1516296223242,123
247,WS_RECV_END,1516296225151,123
247,PLAYER_SLEEPBEFORE_START,1516296225151,124
247,PLAYER_SLEEPBEFORE_END,1516296249556,124
247,WS_SEND_START,1516296249556,124
247,WS_SEND_END,1516296249556,124
247,WS_RECV_START,1516296249556,125
247,WS_RECV_END,1516296252658,125
247,PLAYER_SLEEPBEFORE_START,1516296252658,126
247,PLAYER_SLEEPBEFORE_END,1516296273171,126
247,WS_SEND_START,1516296273171,126
247,WS_SEND_END,1516296273171,126
247,PLAYER_SLEEPBEFORE_START,1516296273171,127
247,PLAYER_SLEEPBEFORE_END,1516296276225,127
247,WS_SEND_START,1516296276225,127
247,WS_SEND_END,1516296276225,127
247,WS_RECV_START,1516296276225,128
247,WS_RECV_END,1516296276644,128
247,PLAYER_SLEEPBEFORE_START,1516296276644,129
247,PLAYER_SLEEPBEFORE_END,1516296276664,129
247,WS_SEND_START,1516296276664,129
247,WS_SEND_END,1516296276664,129
247,WS_RECV_START,1516296276664,130
247,WS_RECV_END,1516296279382,130
247,PLAYER_SLEEPBEFORE_START,1516296279382,131
247,PLAYER_SLEEPBEFORE_END,1516296301007,131
247,WS_SEND_START,1516296301007,131
247,WS_SEND_END,1516296301007,131
247,PLAYER_SLEEPBEFORE_START,1516296301007,132
247,PLAYER_SLEEPBEFORE_END,1516296304087,132
247,WS_SEND_START,1516296304087,132
247,WS_SEND_END,1516296304087,132
247,WS_RECV_START,1516296304087,133
247,WS_RECV_END,1516296305133,133
247,PLAYER_SLEEPBEFORE_START,1516296305133,134
247,PLAYER_SLEEPBEFORE_END,1516296326350,134
247,WS_SEND_START,1516296326350,134
247,WS_SEND_END,1516296326350,134
247,PLAYER_SLEEPBEFORE_START,1516296326350,135
247,PLAYER_SLEEPBEFORE_END,1516296329540,135
247,WS_SEND_START,1516296329541,135
247,WS_SEND_END,1516296329541,135
247,WS_RECV_START,1516296329541,136
247,WS_RECV_END,1516296332215,136
247,PLAYER_SLEEPBEFORE_START,1516296332215,137
247,PLAYER_SLEEPBEFORE_END,1516296332222,137
247,WS_SEND_START,1516296332222,137
247,WS_SEND_END,1516296332222,137
247,WS_RECV_START,1516296332222,138
247,WS_RECV_END,1516296334398,138
247,PLAYER_SLEEPBEFORE_START,1516296334398,139
247,PLAYER_SLEEPBEFORE_END,1516296335088,139
247,WS_SEND_START,1516296335088,139
247,WS_SEND_END,1516296335088,139
247,WS_RECV_START,1516296335088,140
247,WS_RECV_END,1516296336780,140
247,PLAYER_SLEEPBEFORE_START,1516296336780,141
247,PLAYER_SLEEPBEFORE_END,1516296337435,141
247,WS_SEND_START,1516296337435,141
247,WS_SEND_END,1516296337435,141
247,WS_RECV_START,1516296337435,142
247,WS_RECV_END,1516296340321,142
247,PLAYER_SLEEPBEFORE_START,1516296340321,143
247,PLAYER_SLEEPBEFORE_END,1516296340378,143
247,WS_SEND_START,1516296340378,143
247,WS_SEND_END,1516296340378,143
247,WS_RECV_START,1516296340378,144
247,WS_RECV_END,1516296343096,144
247,PLAYER_SLEEPBEFORE_START,1516296343096,145
247,PLAYER_SLEEPBEFORE_END,1516296359158,145
247,REQ_START,1516296359158,145
247,REQ_END,1516296359166,145
247,PLAYER_SLEEPBEFORE_START,1516296359166,146
247,PLAYER_SLEEPBEFORE_END,1516296368043,146
247,WS_SEND_START,1516296368043,146
247,WS_SEND_END,1516296368043,146
247,WS_RECV_START,1516296368043,147
247,WS_RECV_END,1516296374855,147
247,PLAYER_SLEEPBEFORE_START,1516296374855,148
247,PLAYER_SLEEPBEFORE_END,1516296396777,148
247,WS_SEND_START,1516296396777,148
247,WS_SEND_END,1516296396777,148
247,PLAYER_SLEEPBEFORE_START,1516296396777,149
247,PLAYER_SLEEPBEFORE_END,1516296399205,149
247,WS_SEND_START,1516296399205,149
247,WS_SEND_END,1516296399205,149
247,WS_RECV_START,1516296399205,150
247,WS_RECV_END,1516296403553,150
247,PLAYER_SLEEPBEFORE_START,1516296403553,151
247,PLAYER_SLEEPBEFORE_END,1516296403763,151
247,WS_SEND_START,1516296403763,151
247,WS_SEND_END,1516296403763,151
247,WS_RECV_START,1516296403763,152
247,WS_RECV_END,1516296407763,152
247,PLAYER_SLEEPBEFORE_START,1516296407763,153
247,PLAYER_SLEEPBEFORE_END,1516296431690,153
247,WS_SEND_START,1516296431690,153
247,WS_SEND_END,1516296431690,153
247,WS_RECV_START,1516296431690,154
247,WS_RECV_END,1516296437127,154
247,PLAYER_SLEEPBEFORE_START,1516296437127,155
247,PLAYER_SLEEPBEFORE_END,1516296459685,155
247,WS_SEND_START,1516296459685,155
247,WS_SEND_END,1516296459685,155
247,PLAYER_SLEEPBEFORE_START,1516296459685,156
247,PLAYER_SLEEPBEFORE_END,1516296462959,156
247,WS_SEND_START,1516296462959,156
247,WS_SEND_END,1516296462959,156
247,WS_RECV_START,1516296462959,157
247,WS_RECV_END,1516296467392,157
247,PLAYER_SLEEPBEFORE_START,1516296467392,158
247,PLAYER_SLEEPBEFORE_END,1516296467402,158
247,WS_SEND_START,1516296467402,158
247,WS_SEND_END,1516296467402,158
247,WS_RECV_START,1516296467402,159
247,WS_RECV_END,1516296472394,159
247,PLAYER_SLEEPBEFORE_START,1516296472394,160
247,PLAYER_SLEEPBEFORE_END,1516296472569,160
247,WS_SEND_START,1516296472569,160
247,WS_SEND_END,1516296472569,160
247,WS_RECV_START,1516296472569,161
247,WS_RECV_END,1516296477409,161
247,PLAYER_SLEEPBEFORE_START,1516296477409,162
247,PLAYER_SLEEPBEFORE_END,1516296477434,162
247,WS_SEND_START,1516296477434,162
247,WS_SEND_END,1516296477434,162
247,WS_RECV_START,1516296477434,163
247,WS_RECV_END,1516296482014,163
247,PLAYER_SLEEPBEFORE_START,1516296482014,164
247,PLAYER_SLEEPBEFORE_END,1516296502826,164
247,WS_SEND_START,1516296502826,164
247,WS_SEND_END,1516296502826,164
247,WS_RECV_START,1516296502826,165
247,WS_RECV_END,1516296509474,165
247,PLAYER_SLEEPBEFORE_START,1516296509474,166
247,PLAYER_SLEEPBEFORE_END,1516296531929,166
247,WS_SEND_START,1516296531929,166
247,WS_SEND_END,1516296531929,166
247,WS_RECV_START,1516296531929,167
247,WS_RECV_END,1516296538905,167
247,PLAYER_SLEEPBEFORE_START,1516296538905,168
247,PLAYER_SLEEPBEFORE_END,1516296566263,168
247,WS_SEND_START,1516296566263,168
247,WS_SEND_END,1516296566263,168
247,WS_RECV_START,1516296566263,169
247,WS_RECV_END,1516296572067,169
247,PLAYER_SLEEPBEFORE_START,1516296572067,170
247,PLAYER_SLEEPBEFORE_END,1516296572076,170
247,WS_SEND_START,1516296572076,170
247,WS_SEND_END,1516296572076,170
247,WS_RECV_START,1516296572076,171
247,WS_RECV_END,1516296574378,171
247,PLAYER_SLEEPBEFORE_START,1516296574378,172
247,PLAYER_SLEEPBEFORE_END,1516296574747,172
247,WS_SEND_START,1516296574747,172
247,WS_SEND_END,1516296574748,172
247,WS_RECV_START,1516296574748,173
247,WS_RECV_END,1516296577961,173
247,PLAYER_SLEEPBEFORE_START,1516296577961,174
247,PLAYER_SLEEPBEFORE_END,1516296578002,174
247,WS_SEND_START,1516296578002,174
247,WS_SEND_END,1516296578002,174
247,WS_RECV_START,1516296578002,175
247,WS_RECV_END,1516296580314,175
247,PLAYER_SLEEPBEFORE_START,1516296580314,176
247,PLAYER_SLEEPBEFORE_END,1516296602075,176
247,WS_SEND_START,1516296602075,176
247,WS_SEND_END,1516296602075,176
247,PLAYER_SLEEPBEFORE_START,1516296602075,177
247,PLAYER_SLEEPBEFORE_END,1516296604594,177
247,WS_SEND_START,1516296604594,177
247,WS_SEND_END,1516296604594,177
247,WS_RECV_START,1516296604594,178
247,WS_RECV_END,1516296606193,178
247,PLAYER_SLEEPBEFORE_START,1516296606193,179
247,PLAYER_SLEEPBEFORE_END,1516296628533,179
247,WS_SEND_START,1516296628533,179
247,WS_SEND_END,1516296628533,179
247,WS_RECV_START,1516296628533,180
247,WS_RECV_END,1516296631649,180
247,PLAYER_SLEEPBEFORE_START,1516296631649,181
247,PLAYER_SLEEPBEFORE_END,1516296632093,181
247,WS_SEND_START,1516296632093,181
247,WS_SEND_END,1516296632093,181
247,WS_RECV_START,1516296632093,182
247,WS_RECV_END,1516296636018,182
247,PLAYER_SLEEPBEFORE_START,1516296636018,183
247,PLAYER_SLEEPBEFORE_END,1516296636541,183
247,WS_SEND_START,1516296636541,183
247,WS_SEND_END,1516296636541,183
247,WS_RECV_START,1516296636541,184
247,WS_RECV_END,1516296637306,184
247,PLAYER_SLEEPBEFORE_START,1516296637306,185
247,PLAYER_SLEEPBEFORE_END,1516296637574,185
247,WS_SEND_START,1516296637574,185
247,WS_SEND_END,1516296637574,185
247,WS_RECV_START,1516296637574,186
247,WS_RECV_END,1516296639939,186
247,PLAYER_SLEEPBEFORE_START,1516296639939,187
247,PLAYER_SLEEPBEFORE_END,1516296662439,187
247,WS_SEND_START,1516296662439,187
247,WS_SEND_END,1516296662439,187
247,WS_RECV_START,1516296662439,188
247,WS_RECV_END,1516296665586,188
247,PLAYER_SLEEPBEFORE_START,1516296665586,189
247,PLAYER_SLEEPBEFORE_END,1516296671825,189
247,WS_SEND_START,1516296671825,189
247,WS_SEND_END,1516296671826,189
247,WS_RECV_START,1516296671826,190
247,WS_RECV_END,1516296674846,190
247,PLAYER_SLEEPBEFORE_START,1516296674846,191
247,PLAYER_SLEEPBEFORE_END,1516296676761,191
247,WS_SEND_START,1516296676761,191
247,WS_SEND_END,1516296676761,191
247,WS_RECV_START,1516296676761,192
247,WS_RECV_END,1516296678198,192
247,PLAYER_SLEEPBEFORE_START,1516296678198,193
247,PLAYER_SLEEPBEFORE_END,1516296678326,193
247,WS_SEND_START,1516296678326,193
247,WS_SEND_END,1516296678326,193
247,WS_RECV_START,1516296678326,194
247,WS_RECV_END,1516296679823,194
247,PLAYER_SLEEPBEFORE_START,1516296679823,195
247,PLAYER_SLEEPBEFORE_END,1516296681578,195
247,WS_SEND_START,1516296681579,195
247,WS_SEND_END,1516296681579,195
247,WS_RECV_START,1516296681579,196
247,WS_RECV_END,1516296683624,196
247,PLAYER_SLEEPBEFORE_START,1516296683624,197
247,PLAYER_SLEEPBEFORE_END,1516296685428,197
247,WS_SEND_START,1516296685428,197
247,WS_SEND_END,1516296685428,197
247,WS_RECV_START,1516296685428,198
247,WS_RECV_END,1516296688150,198
247,PLAYER_SLEEPBEFORE_START,1516296688150,199
247,PLAYER_SLEEPBEFORE_END,1516296700004,199
247,WS_SEND_START,1516296700004,199
247,WS_SEND_END,1516296700004,199
247,PLAYER_SLEEPBEFORE_START,1516296700004,200
247,PLAYER_SLEEPBEFORE_END,1516296704092,200
247,WS_SEND_START,1516296704092,200
247,WS_SEND_END,1516296704092,200
247,WS_RECV_START,1516296704092,201
247,WS_RECV_END,1516296704640,201
247,PLAYER_SLEEPBEFORE_START,1516296704640,202
247,PLAYER_SLEEPBEFORE_END,1516296704654,202
247,WS_SEND_START,1516296704654,202
247,WS_SEND_END,1516296704654,202
247,WS_RECV_START,1516296704654,203
247,WS_RECV_END,1516296705113,203
247,PLAYER_SLEEPBEFORE_START,1516296705113,204
247,PLAYER_SLEEPBEFORE_END,1516296724762,204
247,WS_SEND_START,1516296724762,204
247,WS_SEND_END,1516296724762,204
247,PLAYER_SLEEPBEFORE_START,1516296724762,205
247,PLAYER_SLEEPBEFORE_END,1516296728661,205
247,WS_SEND_START,1516296728661,205
247,WS_SEND_END,1516296728661,205
247,WS_RECV_START,1516296728661,206
247,WS_RECV_END,1516296729275,206
247,PLAYER_SLEEPBEFORE_START,1516296729276,207
247,PLAYER_SLEEPBEFORE_END,1516296746207,207
247,REQ_START,1516296746207,207
247,REQ_END,1516296746215,207
247,PLAYER_SLEEPBEFORE_START,1516296746215,208
247,PLAYER_SLEEPBEFORE_END,1516296753067,208
247,WS_CLOSE_START,1516296753067,208
247,WS_CLOSE_END,1516296753067,208
247,PLAYER_DONE,1516296753067
