# --sessions 630 --app-url=http://shinyloadtest.rstudioservices.com/cran_explorer --output-dir test630 --overwrite-output --log-level warn --start-interval 800 15min.log
thread_id,event,timestamp,input_line_number,comment
392,PLAYER_SESSION_CREATE,1516295501248
392,PLAYER_START_INTERVAL_START,1516295501248
392,PLAYER_START_INTERVAL_END,1516295814848
392,REQ_HOME_START,1516295814848,2
392,REQ_HOME_END,1516295815082,2
392,REQ_START,1516295815082,3
392,REQ_END,1516295815246,3
392,REQ_START,1516295815246,4
392,REQ_END,1516295815325,4
392,REQ_START,1516295815325,5
392,REQ_END,1516295815361,5
392,REQ_START,1516295815361,6
392,REQ_END,1516295815397,6
392,REQ_START,1516295815397,7
392,REQ_END,1516295815430,7
392,REQ_START,1516295815430,8
392,REQ_END,1516295815466,8
392,REQ_START,1516295815466,9
392,REQ_END,1516295815502,9
392,REQ_START,1516295815502,10
392,REQ_END,1516295815510,10
392,REQ_START,1516295815510,11
392,REQ_END,1516295815544,11
392,REQ_START,1516295815544,12
392,REQ_END,1516295815554,12
392,REQ_START,1516295815554,13
392,REQ_END,1516295815589,13
392,REQ_START,1516295815589,14
392,REQ_END,1516295815603,14
392,REQ_START,1516295815603,15
392,REQ_END,1516295815638,15
392,REQ_TOK_START,1516295815638,16
392,REQ_TOK_END,1516295815645,16
392,REQ_SINF_START,1516295815645,17
392,REQ_SINF_END,1516295815652,17
392,WS_OPEN_START,1516295815652,18
392,WS_OPEN_END,1516295815658,18
392,REQ_START,1516295815658,19
392,REQ_END,1516295815686,19
392,WS_RECV_START,1516295815686,20
392,WS_RECV_END,1516295815686,20
392,PLAYER_SLEEPBEFORE_START,1516295815686,21
392,PLAYER_SLEEPBEFORE_END,1516295815691,21
392,WS_SEND_START,1516295815691,21
392,WS_SEND_END,1516295815691,21
392,PLAYER_SLEEPBEFORE_START,1516295815691,22
392,PLAYER_SLEEPBEFORE_END,1516295815692,22
392,WS_SEND_START,1516295815692,22
392,WS_SEND_END,1516295815692,22
392,WS_RECV_INIT_START,1516295815692,23
392,WS_RECV_INIT_END,1516295815717,23
392,WS_RECV_START,1516295815717,24
392,WS_RECV_END,1516295815802,24
392,PLAYER_SLEEPBEFORE_START,1516295815802,25
392,PLAYER_SLEEPBEFORE_END,1516295815809,25
392,REQ_START,1516295815809,25
392,REQ_END,1516295816153,25
392,PLAYER_SLEEPBEFORE_START,1516295816153,26
392,PLAYER_SLEEPBEFORE_END,1516295816154,26
392,REQ_START,1516295816154,26
392,REQ_END,1516295816187,26
392,PLAYER_SLEEPBEFORE_START,1516295816187,27
392,PLAYER_SLEEPBEFORE_END,1516295816190,27
392,REQ_START,1516295816190,27
392,REQ_END,1516295816228,27
392,PLAYER_SLEEPBEFORE_START,1516295816228,28
392,PLAYER_SLEEPBEFORE_END,1516295816513,28
392,REQ_START,1516295816513,28
392,REQ_END,1516295817036,28
392,PLAYER_SLEEPBEFORE_START,1516295817036,29
392,PLAYER_SLEEPBEFORE_END,1516295817211,29
392,WS_SEND_START,1516295817211,29
392,WS_SEND_END,1516295817211,29
392,WS_RECV_START,1516295817212,30
392,WS_RECV_END,1516295817333,30
392,PLAYER_SLEEPBEFORE_START,1516295817333,31
392,PLAYER_SLEEPBEFORE_END,1516295817344,31
392,REQ_START,1516295817344,31
392,REQ_END,1516295817498,31
392,PLAYER_SLEEPBEFORE_START,1516295817498,32
392,PLAYER_SLEEPBEFORE_END,1516295845643,32
392,WS_SEND_START,1516295845643,32
392,WS_SEND_END,1516295845643,32
392,WS_RECV_START,1516295845643,33
392,WS_RECV_END,1516295845752,33
392,PLAYER_SLEEPBEFORE_START,1516295845752,34
392,PLAYER_SLEEPBEFORE_END,1516295871664,34
392,WS_SEND_START,1516295871664,34
392,WS_SEND_END,1516295871664,34
392,WS_RECV_START,1516295871664,35
392,WS_RECV_END,1516295872077,35
392,PLAYER_SLEEPBEFORE_START,1516295872077,36
392,PLAYER_SLEEPBEFORE_END,1516295872087,36
392,WS_SEND_START,1516295872087,36
392,WS_SEND_END,1516295872087,36
392,WS_RECV_START,1516295872087,37
392,WS_RECV_END,1516295872150,37
392,PLAYER_SLEEPBEFORE_START,1516295872150,38
392,PLAYER_SLEEPBEFORE_END,1516295875345,38
392,WS_SEND_START,1516295875345,38
392,WS_SEND_END,1516295875345,38
392,WS_RECV_START,1516295875345,39
392,WS_RECV_END,1516295875560,39
392,PLAYER_SLEEPBEFORE_START,1516295875560,40
392,PLAYER_SLEEPBEFORE_END,1516295875606,40
392,WS_SEND_START,1516295875606,40
392,WS_SEND_END,1516295875606,40
392,WS_RECV_START,1516295875606,41
392,WS_RECV_END,1516295875838,41
392,PLAYER_SLEEPBEFORE_START,1516295875838,42
392,PLAYER_SLEEPBEFORE_END,1516295893973,42
392,WS_SEND_START,1516295893973,42
392,WS_SEND_END,1516295893973,42
392,WS_RECV_START,1516295893973,43
392,WS_RECV_END,1516295894274,43
392,PLAYER_SLEEPBEFORE_START,1516295894275,44
392,PLAYER_SLEEPBEFORE_END,1516295894287,44
392,WS_SEND_START,1516295894287,44
392,WS_SEND_END,1516295894287,44
392,WS_RECV_START,1516295894287,45
392,WS_RECV_END,1516295894346,45
392,PLAYER_SLEEPBEFORE_START,1516295894346,46
392,PLAYER_SLEEPBEFORE_END,1516295895606,46
392,WS_SEND_START,1516295895606,46
392,WS_SEND_END,1516295895606,46
392,WS_RECV_START,1516295895606,47
392,WS_RECV_END,1516295895637,47
392,PLAYER_SLEEPBEFORE_START,1516295895637,48
392,PLAYER_SLEEPBEFORE_END,1516295896958,48
392,WS_SEND_START,1516295896958,48
392,WS_SEND_END,1516295896958,48
392,WS_RECV_START,1516295896958,49
392,WS_RECV_END,1516295897100,49
392,PLAYER_SLEEPBEFORE_START,1516295897100,50
392,PLAYER_SLEEPBEFORE_END,1516295897124,50
392,WS_SEND_START,1516295897124,50
392,WS_SEND_END,1516295897124,50
392,WS_RECV_START,1516295897124,51
392,WS_RECV_END,1516295897320,51
392,PLAYER_SLEEPBEFORE_START,1516295897320,52
392,PLAYER_SLEEPBEFORE_END,1516295919884,52
392,WS_SEND_START,1516295919884,52
392,WS_SEND_END,1516295919884,52
392,WS_RECV_START,1516295919884,53
392,WS_RECV_END,1516295920804,53
392,PLAYER_SLEEPBEFORE_START,1516295920804,54
392,PLAYER_SLEEPBEFORE_END,1516295942107,54
392,WS_SEND_START,1516295942107,54
392,WS_SEND_END,1516295942107,54
392,PLAYER_SLEEPBEFORE_START,1516295942107,55
392,PLAYER_SLEEPBEFORE_END,1516295944048,55
392,WS_SEND_START,1516295944048,55
392,WS_SEND_END,1516295944048,55
392,WS_RECV_START,1516295944048,56
392,WS_RECV_END,1516295944607,56
392,PLAYER_SLEEPBEFORE_START,1516295944607,57
392,PLAYER_SLEEPBEFORE_END,1516295967479,57
392,WS_SEND_START,1516295967479,57
392,WS_SEND_END,1516295967479,57
392,WS_RECV_START,1516295967479,58
392,WS_RECV_END,1516295969652,58
392,PLAYER_SLEEPBEFORE_START,1516295969652,59
392,PLAYER_SLEEPBEFORE_END,1516295971979,59
392,WS_SEND_START,1516295971979,59
392,WS_SEND_END,1516295971979,59
392,WS_RECV_START,1516295971979,60
392,WS_RECV_END,1516295972929,60
392,PLAYER_SLEEPBEFORE_START,1516295972929,61
392,PLAYER_SLEEPBEFORE_END,1516295976520,61
392,WS_SEND_START,1516295976520,61
392,WS_SEND_END,1516295976520,61
392,WS_RECV_START,1516295976520,62
392,WS_RECV_END,1516295977966,62
392,PLAYER_SLEEPBEFORE_START,1516295977966,63
392,PLAYER_SLEEPBEFORE_END,1516295997228,63
392,WS_SEND_START,1516295997228,63
392,WS_SEND_END,1516295997228,63
392,WS_RECV_START,1516295997228,64
392,WS_RECV_END,1516295998709,64
392,PLAYER_SLEEPBEFORE_START,1516295998709,65
392,PLAYER_SLEEPBEFORE_END,1516296025526,65
392,WS_SEND_START,1516296025526,65
392,WS_SEND_END,1516296025526,65
392,WS_RECV_START,1516296025526,66
392,WS_RECV_END,1516296027673,66
392,PLAYER_SLEEPBEFORE_START,1516296027673,67
392,PLAYER_SLEEPBEFORE_END,1516296029180,67
392,WS_SEND_START,1516296029180,67
392,WS_SEND_END,1516296029180,67
392,WS_RECV_START,1516296029180,68
392,WS_RECV_END,1516296031746,68
392,PLAYER_SLEEPBEFORE_START,1516296031746,69
392,PLAYER_SLEEPBEFORE_END,1516296053744,69
392,WS_SEND_START,1516296053744,69
392,WS_SEND_END,1516296053744,69
392,WS_RECV_START,1516296053744,70
392,WS_RECV_END,1516296054719,70
392,PLAYER_SLEEPBEFORE_START,1516296054719,71
392,PLAYER_SLEEPBEFORE_END,1516296079494,71
392,WS_SEND_START,1516296079494,71
392,WS_SEND_END,1516296079494,71
392,PLAYER_SLEEPBEFORE_START,1516296079494,72
392,PLAYER_SLEEPBEFORE_END,1516296082101,72
392,WS_SEND_START,1516296082101,72
392,WS_SEND_END,1516296082101,72
392,WS_RECV_START,1516296082101,73
392,WS_RECV_END,1516296084139,73
392,PLAYER_SLEEPBEFORE_START,1516296084139,74
392,PLAYER_SLEEPBEFORE_END,1516296084148,74
392,WS_SEND_START,1516296084148,74
392,WS_SEND_END,1516296084148,74
392,WS_RECV_START,1516296084148,75
392,WS_RECV_END,1516296086006,75
392,PLAYER_SLEEPBEFORE_START,1516296086006,76
392,PLAYER_SLEEPBEFORE_END,1516296087512,76
392,WS_SEND_START,1516296087512,76
392,WS_SEND_END,1516296087512,76
392,WS_RECV_START,1516296087512,77
392,WS_RECV_END,1516296088116,77
392,PLAYER_SLEEPBEFORE_START,1516296088116,78
392,PLAYER_SLEEPBEFORE_END,1516296088984,78
392,WS_SEND_START,1516296088984,78
392,WS_SEND_END,1516296088984,78
392,WS_RECV_START,1516296088984,79
392,WS_RECV_END,1516296091116,79
392,PLAYER_SLEEPBEFORE_START,1516296091116,80
392,PLAYER_SLEEPBEFORE_END,1516296098782,80
392,WS_SEND_START,1516296098782,80
392,WS_SEND_END,1516296098782,80
392,WS_RECV_START,1516296098782,81
392,WS_RECV_END,1516296101536,81
392,PLAYER_SLEEPBEFORE_START,1516296101536,82
392,PLAYER_SLEEPBEFORE_END,1516296102638,82
392,WS_SEND_START,1516296102638,82
392,WS_SEND_END,1516296102638,82
392,WS_RECV_START,1516296102638,83
392,WS_RECV_END,1516296105855,83
392,PLAYER_SLEEPBEFORE_START,1516296105855,84
392,PLAYER_SLEEPBEFORE_END,1516296106802,84
392,WS_SEND_START,1516296106802,84
392,WS_SEND_END,1516296106802,84
392,WS_RECV_START,1516296106802,85
392,WS_RECV_END,1516296111507,85
392,PLAYER_SLEEPBEFORE_START,1516296111507,86
392,PLAYER_SLEEPBEFORE_END,1516296115679,86
392,WS_SEND_START,1516296115679,86
392,WS_SEND_END,1516296115679,86
392,WS_RECV_START,1516296115679,87
392,WS_RECV_END,1516296118806,87
392,PLAYER_SLEEPBEFORE_START,1516296118806,88
392,PLAYER_SLEEPBEFORE_END,1516296118814,88
392,WS_SEND_START,1516296118814,88
392,WS_SEND_END,1516296118814,88
392,WS_RECV_START,1516296118814,89
392,WS_RECV_END,1516296120791,89
392,PLAYER_SLEEPBEFORE_START,1516296120791,90
392,PLAYER_SLEEPBEFORE_END,1516296147988,90
392,REQ_START,1516296147988,90
392,REQ_END,1516296147995,90
392,PLAYER_SLEEPBEFORE_START,1516296147995,91
392,PLAYER_SLEEPBEFORE_END,1516296155884,91
392,WS_SEND_START,1516296155884,91
392,WS_SEND_END,1516296155884,91
392,WS_RECV_START,1516296155884,92
392,WS_RECV_END,1516296161247,92
392,PLAYER_SLEEPBEFORE_START,1516296161247,93
392,PLAYER_SLEEPBEFORE_END,1516296161262,93
392,WS_SEND_START,1516296161262,93
392,WS_SEND_END,1516296161262,93
392,WS_RECV_START,1516296161262,94
392,WS_RECV_END,1516296163378,94
392,PLAYER_SLEEPBEFORE_START,1516296163378,95
392,PLAYER_SLEEPBEFORE_END,1516296186933,95
392,WS_SEND_START,1516296186933,95
392,WS_SEND_END,1516296186933,95
392,WS_RECV_START,1516296186933,96
392,WS_RECV_END,1516296192643,96
392,PLAYER_SLEEPBEFORE_START,1516296192643,97
392,PLAYER_SLEEPBEFORE_END,1516296215083,97
392,WS_SEND_START,1516296215083,97
392,WS_SEND_END,1516296215083,97
392,WS_RECV_START,1516296215083,98
392,WS_RECV_END,1516296219876,98
392,PLAYER_SLEEPBEFORE_START,1516296219876,99
392,PLAYER_SLEEPBEFORE_END,1516296219897,99
392,WS_SEND_START,1516296219897,99
392,WS_SEND_END,1516296219897,99
392,WS_RECV_START,1516296219897,100
392,WS_RECV_END,1516296226533,100
392,PLAYER_SLEEPBEFORE_START,1516296226533,101
392,PLAYER_SLEEPBEFORE_END,1516296250092,101
392,WS_SEND_START,1516296250092,101
392,WS_SEND_END,1516296250092,101
392,WS_RECV_START,1516296250092,102
392,WS_RECV_END,1516296256160,102
392,PLAYER_SLEEPBEFORE_START,1516296256160,103
392,PLAYER_SLEEPBEFORE_END,1516296279785,103
392,WS_SEND_START,1516296279785,103
392,WS_SEND_END,1516296279785,103
392,WS_RECV_START,1516296279785,104
392,WS_RECV_END,1516296283572,104
392,PLAYER_SLEEPBEFORE_START,1516296283572,105
392,PLAYER_SLEEPBEFORE_END,1516296308949,105
392,WS_SEND_START,1516296308949,105
392,WS_SEND_END,1516296308949,105
392,WS_RECV_START,1516296308949,106
392,WS_RECV_END,1516296313172,106
392,PLAYER_SLEEPBEFORE_START,1516296313172,107
392,PLAYER_SLEEPBEFORE_END,1516296336595,107
392,WS_SEND_START,1516296336595,107
392,WS_SEND_END,1516296336595,107
392,WS_RECV_START,1516296336595,108
392,WS_RECV_END,1516296340890,108
392,PLAYER_SLEEPBEFORE_START,1516296340890,109
392,PLAYER_SLEEPBEFORE_END,1516296340902,109
392,WS_SEND_START,1516296340902,109
392,WS_SEND_END,1516296340902,109
392,WS_RECV_START,1516296340902,110
392,WS_RECV_END,1516296343090,110
392,PLAYER_SLEEPBEFORE_START,1516296343090,111
392,PLAYER_SLEEPBEFORE_END,1516296344049,111
392,WS_SEND_START,1516296344049,111
392,WS_SEND_END,1516296344049,111
392,WS_RECV_START,1516296344049,112
392,WS_RECV_END,1516296346546,112
392,PLAYER_SLEEPBEFORE_START,1516296346546,113
392,PLAYER_SLEEPBEFORE_END,1516296347108,113
392,WS_SEND_START,1516296347108,113
392,WS_SEND_END,1516296347108,113
392,WS_RECV_START,1516296347108,114
392,WS_RECV_END,1516296349700,114
392,PLAYER_SLEEPBEFORE_START,1516296349700,115
392,PLAYER_SLEEPBEFORE_END,1516296349709,115
392,WS_SEND_START,1516296349709,115
392,WS_SEND_END,1516296349709,115
392,WS_RECV_START,1516296349709,116
392,WS_RECV_END,1516296352627,116
392,PLAYER_SLEEPBEFORE_START,1516296352627,117
392,PLAYER_SLEEPBEFORE_END,1516296372987,117
392,WS_SEND_START,1516296372987,117
392,WS_SEND_END,1516296372987,117
392,PLAYER_SLEEPBEFORE_START,1516296372987,118
392,PLAYER_SLEEPBEFORE_END,1516296376739,118
392,WS_SEND_START,1516296376739,118
392,WS_SEND_END,1516296376739,118
392,WS_RECV_START,1516296376739,119
392,WS_RECV_END,1516296378445,119
392,PLAYER_SLEEPBEFORE_START,1516296378445,120
392,PLAYER_SLEEPBEFORE_END,1516296379433,120
392,WS_SEND_START,1516296379433,120
392,WS_SEND_END,1516296379433,120
392,WS_RECV_START,1516296379433,121
392,WS_RECV_END,1516296381630,121
392,PLAYER_SLEEPBEFORE_START,1516296381630,122
392,PLAYER_SLEEPBEFORE_END,1516296382816,122
392,WS_SEND_START,1516296382816,122
392,WS_SEND_END,1516296382816,122
392,WS_RECV_START,1516296382816,123
392,WS_RECV_END,1516296385482,123
392,PLAYER_SLEEPBEFORE_START,1516296385482,124
392,PLAYER_SLEEPBEFORE_END,1516296409887,124
392,WS_SEND_START,1516296409887,124
392,WS_SEND_END,1516296409887,124
392,WS_RECV_START,1516296409887,125
392,WS_RECV_END,1516296417815,125
392,PLAYER_SLEEPBEFORE_START,1516296417815,126
392,PLAYER_SLEEPBEFORE_END,1516296438327,126
392,WS_SEND_START,1516296438327,126
392,WS_SEND_END,1516296438327,126
392,PLAYER_SLEEPBEFORE_START,1516296438327,127
392,PLAYER_SLEEPBEFORE_END,1516296441381,127
392,WS_SEND_START,1516296441381,127
392,WS_SEND_END,1516296441381,127
392,WS_RECV_START,1516296441381,128
392,WS_RECV_END,1516296446492,128
392,PLAYER_SLEEPBEFORE_START,1516296446492,129
392,PLAYER_SLEEPBEFORE_END,1516296446512,129
392,WS_SEND_START,1516296446512,129
392,WS_SEND_END,1516296446512,129
392,WS_RECV_START,1516296446512,130
392,WS_RECV_END,1516296451323,130
392,PLAYER_SLEEPBEFORE_START,1516296451323,131
392,PLAYER_SLEEPBEFORE_END,1516296472947,131
392,WS_SEND_START,1516296472947,131
392,WS_SEND_END,1516296472947,131
392,PLAYER_SLEEPBEFORE_START,1516296472947,132
392,PLAYER_SLEEPBEFORE_END,1516296476027,132
392,WS_SEND_START,1516296476027,132
392,WS_SEND_END,1516296476027,132
392,WS_RECV_START,1516296476027,133
392,WS_RECV_END,1516296482933,133
392,PLAYER_SLEEPBEFORE_START,1516296482933,134
392,PLAYER_SLEEPBEFORE_END,1516296504150,134
392,WS_SEND_START,1516296504150,134
392,WS_SEND_END,1516296504150,134
392,PLAYER_SLEEPBEFORE_START,1516296504151,135
392,PLAYER_SLEEPBEFORE_END,1516296507341,135
392,WS_SEND_START,1516296507341,135
392,WS_SEND_END,1516296507341,135
392,WS_RECV_START,1516296507341,136
392,WS_RECV_END,1516296510871,136
392,PLAYER_SLEEPBEFORE_START,1516296510871,137
392,PLAYER_SLEEPBEFORE_END,1516296510878,137
392,WS_SEND_START,1516296510878,137
392,WS_SEND_END,1516296510878,137
392,WS_RECV_START,1516296510878,138
392,WS_RECV_END,1516296514331,138
392,PLAYER_SLEEPBEFORE_START,1516296514331,139
392,PLAYER_SLEEPBEFORE_END,1516296515021,139
392,WS_SEND_START,1516296515021,139
392,WS_SEND_END,1516296515021,139
392,WS_RECV_START,1516296515021,140
392,WS_RECV_END,1516296519752,140
392,PLAYER_SLEEPBEFORE_START,1516296519752,141
392,PLAYER_SLEEPBEFORE_END,1516296520408,141
392,WS_SEND_START,1516296520408,141
392,WS_SEND_END,1516296520408,141
392,WS_RECV_START,1516296520408,142
392,WS_RECV_END,1516296526816,142
392,PLAYER_SLEEPBEFORE_START,1516296526816,143
392,PLAYER_SLEEPBEFORE_END,1516296526873,143
392,WS_SEND_START,1516296526873,143
392,WS_SEND_END,1516296526873,143
392,WS_RECV_START,1516296526873,144
392,WS_RECV_END,1516296534293,144
392,PLAYER_SLEEPBEFORE_START,1516296534293,145
392,PLAYER_SLEEPBEFORE_END,1516296550355,145
392,REQ_START,1516296550355,145
392,REQ_END,1516296550363,145
392,PLAYER_SLEEPBEFORE_START,1516296550363,146
392,PLAYER_SLEEPBEFORE_END,1516296559241,146
392,WS_SEND_START,1516296559241,146
392,WS_SEND_END,1516296559241,146
392,WS_RECV_START,1516296559241,147
392,WS_RECV_END,1516296566732,147
392,PLAYER_SLEEPBEFORE_START,1516296566732,148
392,PLAYER_SLEEPBEFORE_END,1516296588654,148
392,WS_SEND_START,1516296588654,148
392,WS_SEND_END,1516296588654,148
392,PLAYER_SLEEPBEFORE_START,1516296588654,149
392,PLAYER_SLEEPBEFORE_END,1516296591082,149
392,WS_SEND_START,1516296591082,149
392,WS_SEND_END,1516296591082,149
392,WS_RECV_START,1516296591082,150
392,WS_RECV_END,1516296595359,150
392,PLAYER_SLEEPBEFORE_START,1516296595359,151
392,PLAYER_SLEEPBEFORE_END,1516296595607,151
392,WS_SEND_START,1516296595607,151
392,WS_SEND_END,1516296595607,151
392,WS_RECV_START,1516296595607,152
392,WS_RECV_END,1516296599019,152
392,PLAYER_SLEEPBEFORE_START,1516296599019,153
392,PLAYER_SLEEPBEFORE_END,1516296622946,153
392,WS_SEND_START,1516296622946,153
392,WS_SEND_END,1516296622946,153
392,WS_RECV_START,1516296622946,154
392,WS_RECV_END,1516296628735,154
392,PLAYER_SLEEPBEFORE_START,1516296628735,155
392,PLAYER_SLEEPBEFORE_END,1516296651293,155
392,WS_SEND_START,1516296651293,155
392,WS_SEND_END,1516296651293,155
392,PLAYER_SLEEPBEFORE_START,1516296651293,156
392,PLAYER_SLEEPBEFORE_END,1516296654570,156
392,WS_SEND_START,1516296654570,156
392,WS_SEND_END,1516296654570,156
392,WS_RECV_START,1516296654570,157
392,WS_RECV_END,1516296655718,157
392,PLAYER_SLEEPBEFORE_START,1516296655718,158
392,PLAYER_SLEEPBEFORE_END,1516296655728,158
392,WS_SEND_START,1516296655728,158
392,WS_SEND_END,1516296655728,158
392,WS_RECV_START,1516296655728,159
392,WS_RECV_END,1516296658034,159
392,PLAYER_SLEEPBEFORE_START,1516296658034,160
392,PLAYER_SLEEPBEFORE_END,1516296658209,160
392,WS_SEND_START,1516296658209,160
392,WS_SEND_END,1516296658209,160
392,WS_RECV_START,1516296658209,161
392,WS_RECV_END,1516296661790,161
392,PLAYER_SLEEPBEFORE_START,1516296661790,162
392,PLAYER_SLEEPBEFORE_END,1516296661815,162
392,WS_SEND_START,1516296661815,162
392,WS_SEND_END,1516296661815,162
392,WS_RECV_START,1516296661815,163
392,WS_RECV_END,1516296665063,163
392,PLAYER_SLEEPBEFORE_START,1516296665063,164
392,PLAYER_SLEEPBEFORE_END,1516296685875,164
392,WS_SEND_START,1516296685875,164
392,WS_SEND_END,1516296685875,164
392,WS_RECV_START,1516296685875,165
392,WS_RECV_END,1516296688186,165
392,PLAYER_SLEEPBEFORE_START,1516296688186,166
392,PLAYER_SLEEPBEFORE_END,1516296710642,166
392,WS_SEND_START,1516296710642,166
392,WS_SEND_END,1516296710642,166
392,WS_RECV_START,1516296710642,167
392,WS_RECV_END,1516296712519,167
392,PLAYER_SLEEPBEFORE_START,1516296712519,168
392,PLAYER_SLEEPBEFORE_END,1516296739876,168
392,WS_SEND_START,1516296739876,168
392,WS_SEND_END,1516296739876,168
392,WS_RECV_START,1516296739876,169
392,WS_RECV_END,1516296741424,169
392,PLAYER_SLEEPBEFORE_START,1516296741424,170
392,PLAYER_SLEEPBEFORE_END,1516296741433,170
392,WS_SEND_START,1516296741433,170
392,WS_SEND_END,1516296741433,170
392,WS_RECV_START,1516296741433,171
392,WS_RECV_END,1516296742177,171
392,PLAYER_SLEEPBEFORE_START,1516296742177,172
392,PLAYER_SLEEPBEFORE_END,1516296742547,172
392,WS_SEND_START,1516296742547,172
392,WS_SEND_END,1516296742547,172
392,WS_RECV_START,1516296742547,173
392,WS_RECV_END,1516296743796,173
392,PLAYER_SLEEPBEFORE_START,1516296743796,174
392,PLAYER_SLEEPBEFORE_END,1516296743837,174
392,WS_SEND_START,1516296743837,174
392,WS_SEND_END,1516296743837,174
392,WS_RECV_START,1516296743837,175
392,WS_RECV_END,1516296745494,175
392,PLAYER_SLEEPBEFORE_START,1516296745494,176
392,PLAYER_SLEEPBEFORE_END,1516296767255,176
392,WS_SEND_START,1516296767255,176
392,WS_SEND_END,1516296767255,176
392,PLAYER_SLEEPBEFORE_START,1516296767255,177
392,PLAYER_SLEEPBEFORE_END,1516296769773,177
392,WS_SEND_START,1516296769773,177
392,WS_SEND_END,1516296769773,177
392,WS_RECV_START,1516296769773,178
392,WS_RECV_END,1516296770947,178
392,PLAYER_SLEEPBEFORE_START,1516296770947,179
392,PLAYER_SLEEPBEFORE_END,1516296793287,179
392,WS_SEND_START,1516296793287,179
392,WS_SEND_END,1516296793288,179
392,WS_RECV_START,1516296793288,180
392,WS_RECV_END,1516296793489,180
392,PLAYER_SLEEPBEFORE_START,1516296793489,181
392,PLAYER_SLEEPBEFORE_END,1516296793933,181
392,WS_SEND_START,1516296793933,181
392,WS_SEND_END,1516296793933,181
392,WS_RECV_START,1516296793933,182
392,WS_RECV_END,1516296794255,182
392,PLAYER_SLEEPBEFORE_START,1516296794255,183
392,PLAYER_SLEEPBEFORE_END,1516296794779,183
392,WS_SEND_START,1516296794779,183
392,WS_SEND_END,1516296794779,183
392,WS_RECV_START,1516296794779,184
392,WS_RECV_END,1516296795016,184
392,PLAYER_SLEEPBEFORE_START,1516296795016,185
392,PLAYER_SLEEPBEFORE_END,1516296795284,185
392,WS_SEND_START,1516296795284,185
392,WS_SEND_END,1516296795284,185
392,WS_RECV_START,1516296795284,186
392,WS_RECV_END,1516296795474,186
392,PLAYER_SLEEPBEFORE_START,1516296795474,187
392,PLAYER_SLEEPBEFORE_END,1516296817974,187
392,WS_SEND_START,1516296817974,187
392,WS_SEND_END,1516296817974,187
392,WS_RECV_START,1516296817974,188
392,WS_RECV_END,1516296818216,188
392,PLAYER_SLEEPBEFORE_START,1516296818216,189
392,PLAYER_SLEEPBEFORE_END,1516296824455,189
392,WS_SEND_START,1516296824455,189
392,WS_SEND_END,1516296824455,189
392,WS_RECV_START,1516296824455,190
392,WS_RECV_END,1516296824675,190
392,PLAYER_SLEEPBEFORE_START,1516296824675,191
392,PLAYER_SLEEPBEFORE_END,1516296826591,191
392,WS_SEND_START,1516296826591,191
392,WS_SEND_END,1516296826591,191
392,WS_RECV_START,1516296826591,192
392,WS_RECV_END,1516296826832,192
392,PLAYER_SLEEPBEFORE_START,1516296826832,193
392,PLAYER_SLEEPBEFORE_END,1516296826960,193
392,WS_SEND_START,1516296826960,193
392,WS_SEND_END,1516296826960,193
392,WS_RECV_START,1516296826960,194
392,WS_RECV_END,1516296827606,194
392,PLAYER_SLEEPBEFORE_START,1516296827606,195
392,PLAYER_SLEEPBEFORE_END,1516296829362,195
392,WS_SEND_START,1516296829362,195
392,WS_SEND_END,1516296829362,195
392,WS_RECV_START,1516296829362,196
392,WS_RECV_END,1516296829682,196
392,PLAYER_SLEEPBEFORE_START,1516296829682,197
392,PLAYER_SLEEPBEFORE_END,1516296831486,197
392,WS_SEND_START,1516296831486,197
392,WS_SEND_END,1516296831486,197
392,WS_RECV_START,1516296831486,198
392,WS_RECV_END,1516296831657,198
392,PLAYER_SLEEPBEFORE_START,1516296831657,199
392,PLAYER_SLEEPBEFORE_END,1516296843511,199
392,WS_SEND_START,1516296843511,199
392,WS_SEND_END,1516296843511,199
392,PLAYER_SLEEPBEFORE_START,1516296843511,200
392,PLAYER_SLEEPBEFORE_END,1516296847599,200
392,WS_SEND_START,1516296847599,200
392,WS_SEND_END,1516296847599,200
392,WS_RECV_START,1516296847599,201
392,WS_RECV_END,1516296847769,201
392,PLAYER_SLEEPBEFORE_START,1516296847769,202
392,PLAYER_SLEEPBEFORE_END,1516296847783,202
392,WS_SEND_START,1516296847783,202
392,WS_SEND_END,1516296847783,202
392,WS_RECV_START,1516296847783,203
392,WS_RECV_END,1516296848151,203
392,PLAYER_SLEEPBEFORE_START,1516296848151,204
392,PLAYER_SLEEPBEFORE_END,1516296867801,204
392,WS_SEND_START,1516296867801,204
392,WS_SEND_END,1516296867801,204
392,PLAYER_SLEEPBEFORE_START,1516296867801,205
392,PLAYER_SLEEPBEFORE_END,1516296871699,205
392,WS_SEND_START,1516296871699,205
392,WS_SEND_END,1516296871699,205
392,WS_RECV_START,1516296871699,206
392,WS_RECV_END,1516296871870,206
392,PLAYER_SLEEPBEFORE_START,1516296871870,207
392,PLAYER_SLEEPBEFORE_END,1516296888801,207
392,REQ_START,1516296888801,207
392,REQ_END,1516296888810,207
392,PLAYER_SLEEPBEFORE_START,1516296888810,208
392,PLAYER_SLEEPBEFORE_END,1516296895662,208
392,WS_CLOSE_START,1516296895662,208
392,WS_CLOSE_END,1516296895662,208
392,PLAYER_DONE,1516296895662
