# --sessions 630 --app-url=http://shinyloadtest.rstudioservices.com/cran_explorer --output-dir test630 --overwrite-output --log-level warn --start-interval 800 15min.log
thread_id,event,timestamp,input_line_number,comment
429,PLAYER_SESSION_CREATE,1516295501257
429,PLAYER_START_INTERVAL_START,1516295501257
429,PLAYER_START_INTERVAL_END,1516295844457
429,REQ_HOME_START,1516295844457,2
429,REQ_HOME_END,1516295844960,2
429,REQ_START,1516295844960,3
429,REQ_END,1516295845313,3
429,REQ_START,1516295845313,4
429,REQ_END,1516295845516,4
429,REQ_START,1516295845516,5
429,REQ_END,1516295845570,5
429,REQ_START,1516295845570,6
429,REQ_END,1516295845604,6
429,REQ_START,1516295845604,7
429,REQ_END,1516295845638,7
429,REQ_START,1516295845638,8
429,REQ_END,1516295845676,8
429,REQ_START,1516295845676,9
429,REQ_END,1516295845884,9
429,REQ_START,1516295845884,10
429,REQ_END,1516295845892,10
429,REQ_START,1516295845892,11
429,REQ_END,1516295845957,11
429,REQ_START,1516295845957,12
429,REQ_END,1516295845966,12
429,REQ_START,1516295845966,13
429,REQ_END,1516295846024,13
429,REQ_START,1516295846024,14
429,REQ_END,1516295846039,14
429,REQ_START,1516295846039,15
429,REQ_END,1516295846074,15
429,REQ_TOK_START,1516295846074,16
429,REQ_TOK_END,1516295846080,16
429,REQ_SINF_START,1516295846080,17
429,REQ_SINF_END,1516295846089,17
429,WS_OPEN_START,1516295846089,18
429,WS_OPEN_END,1516295846095,18
429,REQ_START,1516295846095,19
429,REQ_END,1516295846121,19
429,WS_RECV_START,1516295846121,20
429,WS_RECV_END,1516295846121,20
429,PLAYER_SLEEPBEFORE_START,1516295846121,21
429,PLAYER_SLEEPBEFORE_END,1516295846127,21
429,WS_SEND_START,1516295846127,21
429,WS_SEND_END,1516295846127,21
429,PLAYER_SLEEPBEFORE_START,1516295846127,22
429,PLAYER_SLEEPBEFORE_END,1516295846128,22
429,WS_SEND_START,1516295846128,22
429,WS_SEND_END,1516295846128,22
429,WS_RECV_INIT_START,1516295846128,23
429,WS_RECV_INIT_END,1516295846151,23
429,WS_RECV_START,1516295846151,24
429,WS_RECV_END,1516295846232,24
429,PLAYER_SLEEPBEFORE_START,1516295846232,25
429,PLAYER_SLEEPBEFORE_END,1516295846239,25
429,REQ_START,1516295846239,25
429,REQ_END,1516295846382,25
429,PLAYER_SLEEPBEFORE_START,1516295846382,26
429,PLAYER_SLEEPBEFORE_END,1516295846383,26
429,REQ_START,1516295846383,26
429,REQ_END,1516295846432,26
429,PLAYER_SLEEPBEFORE_START,1516295846433,27
429,PLAYER_SLEEPBEFORE_END,1516295846436,27
429,REQ_START,1516295846436,27
429,REQ_END,1516295846545,27
429,PLAYER_SLEEPBEFORE_START,1516295846545,28
429,PLAYER_SLEEPBEFORE_END,1516295846830,28
429,REQ_START,1516295846830,28
429,REQ_END,1516295846885,28
429,PLAYER_SLEEPBEFORE_START,1516295846885,29
429,PLAYER_SLEEPBEFORE_END,1516295847061,29
429,WS_SEND_START,1516295847061,29
429,WS_SEND_END,1516295847061,29
429,WS_RECV_START,1516295847061,30
429,WS_RECV_END,1516295847297,30
429,PLAYER_SLEEPBEFORE_START,1516295847297,31
429,PLAYER_SLEEPBEFORE_END,1516295847308,31
429,REQ_START,1516295847308,31
429,REQ_END,1516295847344,31
429,PLAYER_SLEEPBEFORE_START,1516295847344,32
429,PLAYER_SLEEPBEFORE_END,1516295875489,32
429,WS_SEND_START,1516295875489,32
429,WS_SEND_END,1516295875489,32
429,WS_RECV_START,1516295875489,33
429,WS_RECV_END,1516295876167,33
429,PLAYER_SLEEPBEFORE_START,1516295876167,34
429,PLAYER_SLEEPBEFORE_END,1516295902078,34
429,WS_SEND_START,1516295902078,34
429,WS_SEND_END,1516295902078,34
429,WS_RECV_START,1516295902078,35
429,WS_RECV_END,1516295902280,35
429,PLAYER_SLEEPBEFORE_START,1516295902280,36
429,PLAYER_SLEEPBEFORE_END,1516295902290,36
429,WS_SEND_START,1516295902290,36
429,WS_SEND_END,1516295902290,36
429,WS_RECV_START,1516295902290,37
429,WS_RECV_END,1516295902330,37
429,PLAYER_SLEEPBEFORE_START,1516295902330,38
429,PLAYER_SLEEPBEFORE_END,1516295905525,38
429,WS_SEND_START,1516295905525,38
429,WS_SEND_END,1516295905525,38
429,WS_RECV_START,1516295905525,39
429,WS_RECV_END,1516295905934,39
429,PLAYER_SLEEPBEFORE_START,1516295905934,40
429,PLAYER_SLEEPBEFORE_END,1516295905983,40
429,WS_SEND_START,1516295905983,40
429,WS_SEND_END,1516295905983,40
429,WS_RECV_START,1516295905983,41
429,WS_RECV_END,1516295906728,41
429,PLAYER_SLEEPBEFORE_START,1516295906728,42
429,PLAYER_SLEEPBEFORE_END,1516295924864,42
429,WS_SEND_START,1516295924864,42
429,WS_SEND_END,1516295924864,42
429,WS_RECV_START,1516295924864,43
429,WS_RECV_END,1516295924934,43
429,PLAYER_SLEEPBEFORE_START,1516295924934,44
429,PLAYER_SLEEPBEFORE_END,1516295924946,44
429,WS_SEND_START,1516295924946,44
429,WS_SEND_END,1516295924946,44
429,WS_RECV_START,1516295924946,45
429,WS_RECV_END,1516295925166,45
429,PLAYER_SLEEPBEFORE_START,1516295925166,46
429,PLAYER_SLEEPBEFORE_END,1516295926426,46
429,WS_SEND_START,1516295926426,46
429,WS_SEND_END,1516295926426,46
429,WS_RECV_START,1516295926426,47
429,WS_RECV_END,1516295927448,47
429,PLAYER_SLEEPBEFORE_START,1516295927448,48
429,PLAYER_SLEEPBEFORE_END,1516295928768,48
429,WS_SEND_START,1516295928768,48
429,WS_SEND_END,1516295928768,48
429,WS_RECV_START,1516295928768,49
429,WS_RECV_END,1516295928922,49
429,PLAYER_SLEEPBEFORE_START,1516295928922,50
429,PLAYER_SLEEPBEFORE_END,1516295928946,50
429,WS_SEND_START,1516295928946,50
429,WS_SEND_END,1516295928946,50
429,WS_RECV_START,1516295928946,51
429,WS_RECV_END,1516295929375,51
429,PLAYER_SLEEPBEFORE_START,1516295929375,52
429,PLAYER_SLEEPBEFORE_END,1516295951939,52
429,WS_SEND_START,1516295951939,52
429,WS_SEND_END,1516295951939,52
429,WS_RECV_START,1516295951939,53
429,WS_RECV_END,1516295952885,53
429,PLAYER_SLEEPBEFORE_START,1516295952885,54
429,PLAYER_SLEEPBEFORE_END,1516295974188,54
429,WS_SEND_START,1516295974188,54
429,WS_SEND_END,1516295974188,54
429,PLAYER_SLEEPBEFORE_START,1516295974188,55
429,PLAYER_SLEEPBEFORE_END,1516295976129,55
429,WS_SEND_START,1516295976129,55
429,WS_SEND_END,1516295976130,55
429,WS_RECV_START,1516295976130,56
429,WS_RECV_END,1516295977056,56
429,PLAYER_SLEEPBEFORE_START,1516295977056,57
429,PLAYER_SLEEPBEFORE_END,1516295999928,57
429,WS_SEND_START,1516295999928,57
429,WS_SEND_END,1516295999928,57
429,WS_RECV_START,1516295999928,58
429,WS_RECV_END,1516296002019,58
429,PLAYER_SLEEPBEFORE_START,1516296002019,59
429,PLAYER_SLEEPBEFORE_END,1516296004346,59
429,WS_SEND_START,1516296004346,59
429,WS_SEND_END,1516296004346,59
429,WS_RECV_START,1516296004346,60
429,WS_RECV_END,1516296007429,60
429,PLAYER_SLEEPBEFORE_START,1516296007429,61
429,PLAYER_SLEEPBEFORE_END,1516296011021,61
429,WS_SEND_START,1516296011021,61
429,WS_SEND_END,1516296011021,61
429,WS_RECV_START,1516296011021,62
429,WS_RECV_END,1516296015425,62
429,PLAYER_SLEEPBEFORE_START,1516296015425,63
429,PLAYER_SLEEPBEFORE_END,1516296034687,63
429,WS_SEND_START,1516296034687,63
429,WS_SEND_END,1516296034687,63
429,WS_RECV_START,1516296034687,64
429,WS_RECV_END,1516296037998,64
429,PLAYER_SLEEPBEFORE_START,1516296037998,65
429,PLAYER_SLEEPBEFORE_END,1516296064815,65
429,WS_SEND_START,1516296064815,65
429,WS_SEND_END,1516296064815,65
429,WS_RECV_START,1516296064815,66
429,WS_RECV_END,1516296067253,66
429,PLAYER_SLEEPBEFORE_START,1516296067253,67
429,PLAYER_SLEEPBEFORE_END,1516296068760,67
429,WS_SEND_START,1516296068760,67
429,WS_SEND_END,1516296068760,67
429,WS_RECV_START,1516296068760,68
429,WS_RECV_END,1516296071705,68
429,PLAYER_SLEEPBEFORE_START,1516296071705,69
429,PLAYER_SLEEPBEFORE_END,1516296093703,69
429,WS_SEND_START,1516296093703,69
429,WS_SEND_END,1516296093703,69
429,WS_RECV_START,1516296093703,70
429,WS_RECV_END,1516296095678,70
429,PLAYER_SLEEPBEFORE_START,1516296095678,71
429,PLAYER_SLEEPBEFORE_END,1516296120453,71
429,WS_SEND_START,1516296120453,71
429,WS_SEND_END,1516296120453,71
429,PLAYER_SLEEPBEFORE_START,1516296120453,72
429,PLAYER_SLEEPBEFORE_END,1516296123060,72
429,WS_SEND_START,1516296123060,72
429,WS_SEND_END,1516296123060,72
429,WS_RECV_START,1516296123060,73
429,WS_RECV_END,1516296125699,73
429,PLAYER_SLEEPBEFORE_START,1516296125699,74
429,PLAYER_SLEEPBEFORE_END,1516296125708,74
429,WS_SEND_START,1516296125708,74
429,WS_SEND_END,1516296125708,74
429,WS_RECV_START,1516296125708,75
429,WS_RECV_END,1516296128774,75
429,PLAYER_SLEEPBEFORE_START,1516296128774,76
429,PLAYER_SLEEPBEFORE_END,1516296130280,76
429,WS_SEND_START,1516296130280,76
429,WS_SEND_END,1516296130280,76
429,WS_RECV_START,1516296130280,77
429,WS_RECV_END,1516296132288,77
429,PLAYER_SLEEPBEFORE_START,1516296132288,78
429,PLAYER_SLEEPBEFORE_END,1516296133156,78
429,WS_SEND_START,1516296133156,78
429,WS_SEND_END,1516296133156,78
429,WS_RECV_START,1516296133156,79
429,WS_RECV_END,1516296134515,79
429,PLAYER_SLEEPBEFORE_START,1516296134515,80
429,PLAYER_SLEEPBEFORE_END,1516296142181,80
429,WS_SEND_START,1516296142181,80
429,WS_SEND_END,1516296142181,80
429,WS_RECV_START,1516296142181,81
429,WS_RECV_END,1516296147853,81
429,PLAYER_SLEEPBEFORE_START,1516296147853,82
429,PLAYER_SLEEPBEFORE_END,1516296148955,82
429,WS_SEND_START,1516296148955,82
429,WS_SEND_END,1516296148955,82
429,WS_RECV_START,1516296148955,83
429,WS_RECV_END,1516296150886,83
429,PLAYER_SLEEPBEFORE_START,1516296150886,84
429,PLAYER_SLEEPBEFORE_END,1516296151834,84
429,WS_SEND_START,1516296151834,84
429,WS_SEND_END,1516296151834,84
429,WS_RECV_START,1516296151834,85
429,WS_RECV_END,1516296154900,85
429,PLAYER_SLEEPBEFORE_START,1516296154900,86
429,PLAYER_SLEEPBEFORE_END,1516296159072,86
429,WS_SEND_START,1516296159072,86
429,WS_SEND_END,1516296159072,86
429,WS_RECV_START,1516296159072,87
429,WS_RECV_END,1516296160082,87
429,PLAYER_SLEEPBEFORE_START,1516296160082,88
429,PLAYER_SLEEPBEFORE_END,1516296160090,88
429,WS_SEND_START,1516296160090,88
429,WS_SEND_END,1516296160090,88
429,WS_RECV_START,1516296160090,89
429,WS_RECV_END,1516296165169,89
429,PLAYER_SLEEPBEFORE_START,1516296165169,90
429,PLAYER_SLEEPBEFORE_END,1516296192366,90
429,REQ_START,1516296192366,90
429,REQ_END,1516296192373,90
429,PLAYER_SLEEPBEFORE_START,1516296192373,91
429,PLAYER_SLEEPBEFORE_END,1516296200262,91
429,WS_SEND_START,1516296200262,91
429,WS_SEND_END,1516296200262,91
429,WS_RECV_START,1516296200262,92
429,WS_RECV_END,1516296206506,92
429,PLAYER_SLEEPBEFORE_START,1516296206506,93
429,PLAYER_SLEEPBEFORE_END,1516296206521,93
429,WS_SEND_START,1516296206521,93
429,WS_SEND_END,1516296206521,93
429,WS_RECV_START,1516296206521,94
429,WS_RECV_END,1516296210219,94
429,PLAYER_SLEEPBEFORE_START,1516296210219,95
429,PLAYER_SLEEPBEFORE_END,1516296233774,95
429,WS_SEND_START,1516296233774,95
429,WS_SEND_END,1516296233774,95
429,WS_RECV_START,1516296233774,96
429,WS_RECV_END,1516296239395,96
429,PLAYER_SLEEPBEFORE_START,1516296239395,97
429,PLAYER_SLEEPBEFORE_END,1516296261835,97
429,WS_SEND_START,1516296261835,97
429,WS_SEND_END,1516296261835,97
429,WS_RECV_START,1516296261835,98
429,WS_RECV_END,1516296266941,98
429,PLAYER_SLEEPBEFORE_START,1516296266941,99
429,PLAYER_SLEEPBEFORE_END,1516296266962,99
429,WS_SEND_START,1516296266962,99
429,WS_SEND_END,1516296266962,99
429,WS_RECV_START,1516296266962,100
429,WS_RECV_END,1516296270148,100
429,PLAYER_SLEEPBEFORE_START,1516296270148,101
429,PLAYER_SLEEPBEFORE_END,1516296293707,101
429,WS_SEND_START,1516296293707,101
429,WS_SEND_END,1516296293707,101
429,WS_RECV_START,1516296293707,102
429,WS_RECV_END,1516296299956,102
429,PLAYER_SLEEPBEFORE_START,1516296299956,103
429,PLAYER_SLEEPBEFORE_END,1516296323581,103
429,WS_SEND_START,1516296323581,103
429,WS_SEND_END,1516296323581,103
429,WS_RECV_START,1516296323581,104
429,WS_RECV_END,1516296328267,104
429,PLAYER_SLEEPBEFORE_START,1516296328267,105
429,PLAYER_SLEEPBEFORE_END,1516296353644,105
429,WS_SEND_START,1516296353644,105
429,WS_SEND_END,1516296353644,105
429,WS_RECV_START,1516296353644,106
429,WS_RECV_END,1516296358866,106
429,PLAYER_SLEEPBEFORE_START,1516296358866,107
429,PLAYER_SLEEPBEFORE_END,1516296382289,107
429,WS_SEND_START,1516296382289,107
429,WS_SEND_END,1516296382289,107
429,WS_RECV_START,1516296382289,108
429,WS_RECV_END,1516296387545,108
429,PLAYER_SLEEPBEFORE_START,1516296387545,109
429,PLAYER_SLEEPBEFORE_END,1516296387554,109
429,WS_SEND_START,1516296387554,109
429,WS_SEND_END,1516296387554,109
429,WS_RECV_START,1516296387554,110
429,WS_RECV_END,1516296389446,110
429,PLAYER_SLEEPBEFORE_START,1516296389446,111
429,PLAYER_SLEEPBEFORE_END,1516296390405,111
429,WS_SEND_START,1516296390405,111
429,WS_SEND_END,1516296390405,111
429,WS_RECV_START,1516296390405,112
429,WS_RECV_END,1516296393763,112
429,PLAYER_SLEEPBEFORE_START,1516296393763,113
429,PLAYER_SLEEPBEFORE_END,1516296394325,113
429,WS_SEND_START,1516296394325,113
429,WS_SEND_END,1516296394325,113
429,WS_RECV_START,1516296394325,114
429,WS_RECV_END,1516296399387,114
429,PLAYER_SLEEPBEFORE_START,1516296399387,115
429,PLAYER_SLEEPBEFORE_END,1516296399396,115
429,WS_SEND_START,1516296399396,115
429,WS_SEND_END,1516296399396,115
429,WS_RECV_START,1516296399396,116
429,WS_RECV_END,1516296403651,116
429,PLAYER_SLEEPBEFORE_START,1516296403651,117
429,PLAYER_SLEEPBEFORE_END,1516296424011,117
429,WS_SEND_START,1516296424011,117
429,WS_SEND_END,1516296424011,117
429,PLAYER_SLEEPBEFORE_START,1516296424011,118
429,PLAYER_SLEEPBEFORE_END,1516296427763,118
429,WS_SEND_START,1516296427763,118
429,WS_SEND_END,1516296427763,118
429,WS_RECV_START,1516296427763,119
429,WS_RECV_END,1516296431247,119
429,PLAYER_SLEEPBEFORE_START,1516296431247,120
429,PLAYER_SLEEPBEFORE_END,1516296432235,120
429,WS_SEND_START,1516296432235,120
429,WS_SEND_END,1516296432235,120
429,WS_RECV_START,1516296432235,121
429,WS_RECV_END,1516296439967,121
429,PLAYER_SLEEPBEFORE_START,1516296439967,122
429,PLAYER_SLEEPBEFORE_END,1516296441152,122
429,WS_SEND_START,1516296441152,122
429,WS_SEND_END,1516296441152,122
429,WS_RECV_START,1516296441152,123
429,WS_RECV_END,1516296445029,123
429,PLAYER_SLEEPBEFORE_START,1516296445029,124
429,PLAYER_SLEEPBEFORE_END,1516296469434,124
429,WS_SEND_START,1516296469434,124
429,WS_SEND_END,1516296469434,124
429,WS_RECV_START,1516296469434,125
429,WS_RECV_END,1516296475653,125
429,PLAYER_SLEEPBEFORE_START,1516296475653,126
429,PLAYER_SLEEPBEFORE_END,1516296496165,126
429,WS_SEND_START,1516296496165,126
429,WS_SEND_END,1516296496165,126
429,PLAYER_SLEEPBEFORE_START,1516296496165,127
429,PLAYER_SLEEPBEFORE_END,1516296499219,127
429,WS_SEND_START,1516296499219,127
429,WS_SEND_END,1516296499219,127
429,WS_RECV_START,1516296499219,128
429,WS_RECV_END,1516296504253,128
429,PLAYER_SLEEPBEFORE_START,1516296504253,129
429,PLAYER_SLEEPBEFORE_END,1516296504273,129
429,WS_SEND_START,1516296504273,129
429,WS_SEND_END,1516296504273,129
429,WS_RECV_START,1516296504273,130
429,WS_RECV_END,1516296509927,130
429,PLAYER_SLEEPBEFORE_START,1516296509927,131
429,PLAYER_SLEEPBEFORE_END,1516296531551,131
429,WS_SEND_START,1516296531551,131
429,WS_SEND_END,1516296531551,131
429,PLAYER_SLEEPBEFORE_START,1516296531551,132
429,PLAYER_SLEEPBEFORE_END,1516296534631,132
429,WS_SEND_START,1516296534631,132
429,WS_SEND_END,1516296534631,132
429,WS_RECV_START,1516296534631,133
429,WS_RECV_END,1516296540597,133
429,PLAYER_SLEEPBEFORE_START,1516296540597,134
429,PLAYER_SLEEPBEFORE_END,1516296561815,134
429,WS_SEND_START,1516296561815,134
429,WS_SEND_END,1516296561815,134
429,PLAYER_SLEEPBEFORE_START,1516296561815,135
429,PLAYER_SLEEPBEFORE_END,1516296565005,135
429,WS_SEND_START,1516296565005,135
429,WS_SEND_END,1516296565005,135
429,WS_RECV_START,1516296565005,136
429,WS_RECV_END,1516296569920,136
429,PLAYER_SLEEPBEFORE_START,1516296569920,137
429,PLAYER_SLEEPBEFORE_END,1516296569927,137
429,WS_SEND_START,1516296569927,137
429,WS_SEND_END,1516296569927,137
429,WS_RECV_START,1516296569927,138
429,WS_RECV_END,1516296575301,138
429,PLAYER_SLEEPBEFORE_START,1516296575301,139
429,PLAYER_SLEEPBEFORE_END,1516296575992,139
429,WS_SEND_START,1516296575992,139
429,WS_SEND_END,1516296575992,139
429,WS_RECV_START,1516296575992,140
429,WS_RECV_END,1516296581161,140
429,PLAYER_SLEEPBEFORE_START,1516296581161,141
429,PLAYER_SLEEPBEFORE_END,1516296581816,141
429,WS_SEND_START,1516296581816,141
429,WS_SEND_END,1516296581816,141
429,WS_RECV_START,1516296581816,142
429,WS_RECV_END,1516296588392,142
429,PLAYER_SLEEPBEFORE_START,1516296588392,143
429,PLAYER_SLEEPBEFORE_END,1516296588449,143
429,WS_SEND_START,1516296588449,143
429,WS_SEND_END,1516296588449,143
429,WS_RECV_START,1516296588449,144
429,WS_RECV_END,1516296595415,144
429,PLAYER_SLEEPBEFORE_START,1516296595415,145
429,PLAYER_SLEEPBEFORE_END,1516296611477,145
429,REQ_START,1516296611477,145
429,REQ_END,1516296611486,145
429,PLAYER_SLEEPBEFORE_START,1516296611486,146
429,PLAYER_SLEEPBEFORE_END,1516296620363,146
429,WS_SEND_START,1516296620363,146
429,WS_SEND_END,1516296620363,146
429,WS_RECV_START,1516296620363,147
429,WS_RECV_END,1516296626264,147
429,PLAYER_SLEEPBEFORE_START,1516296626264,148
429,PLAYER_SLEEPBEFORE_END,1516296648186,148
429,WS_SEND_START,1516296648186,148
429,WS_SEND_END,1516296648186,148
429,PLAYER_SLEEPBEFORE_START,1516296648187,149
429,PLAYER_SLEEPBEFORE_END,1516296650615,149
429,WS_SEND_START,1516296650615,149
429,WS_SEND_END,1516296650615,149
429,WS_RECV_START,1516296650615,150
429,WS_RECV_END,1516296653921,150
429,PLAYER_SLEEPBEFORE_START,1516296653921,151
429,PLAYER_SLEEPBEFORE_END,1516296654131,151
429,WS_SEND_START,1516296654131,151
429,WS_SEND_END,1516296654131,151
429,WS_RECV_START,1516296654131,152
429,WS_RECV_END,1516296657338,152
429,PLAYER_SLEEPBEFORE_START,1516296657338,153
429,PLAYER_SLEEPBEFORE_END,1516296681265,153
429,WS_SEND_START,1516296681265,153
429,WS_SEND_END,1516296681265,153
429,WS_RECV_START,1516296681265,154
429,WS_RECV_END,1516296685887,154
429,PLAYER_SLEEPBEFORE_START,1516296685887,155
429,PLAYER_SLEEPBEFORE_END,1516296708445,155
429,WS_SEND_START,1516296708445,155
429,WS_SEND_END,1516296708445,155
429,PLAYER_SLEEPBEFORE_START,1516296708445,156
429,PLAYER_SLEEPBEFORE_END,1516296711719,156
429,WS_SEND_START,1516296711719,156
429,WS_SEND_END,1516296711719,156
429,WS_RECV_START,1516296711719,157
429,WS_RECV_END,1516296711907,157
429,PLAYER_SLEEPBEFORE_START,1516296711907,158
429,PLAYER_SLEEPBEFORE_END,1516296711917,158
429,WS_SEND_START,1516296711917,158
429,WS_SEND_END,1516296711917,158
429,WS_RECV_START,1516296711917,159
429,WS_RECV_END,1516296713066,159
429,PLAYER_SLEEPBEFORE_START,1516296713066,160
429,PLAYER_SLEEPBEFORE_END,1516296713241,160
429,WS_SEND_START,1516296713241,160
429,WS_SEND_END,1516296713241,160
429,WS_RECV_START,1516296713241,161
429,WS_RECV_END,1516296716159,161
429,PLAYER_SLEEPBEFORE_START,1516296716159,162
429,PLAYER_SLEEPBEFORE_END,1516296716184,162
429,WS_SEND_START,1516296716184,162
429,WS_SEND_END,1516296716184,162
429,WS_RECV_START,1516296716184,163
429,WS_RECV_END,1516296718607,163
429,PLAYER_SLEEPBEFORE_START,1516296718607,164
429,PLAYER_SLEEPBEFORE_END,1516296739419,164
429,WS_SEND_START,1516296739419,164
429,WS_SEND_END,1516296739419,164
429,WS_RECV_START,1516296739419,165
429,WS_RECV_END,1516296740611,165
429,PLAYER_SLEEPBEFORE_START,1516296740611,166
429,PLAYER_SLEEPBEFORE_END,1516296763066,166
429,WS_SEND_START,1516296763066,166
429,WS_SEND_END,1516296763066,166
429,WS_RECV_START,1516296763066,167
429,WS_RECV_END,1516296764284,167
429,PLAYER_SLEEPBEFORE_START,1516296764284,168
429,PLAYER_SLEEPBEFORE_END,1516296791644,168
429,WS_SEND_START,1516296791644,168
429,WS_SEND_END,1516296791644,168
429,WS_RECV_START,1516296791644,169
429,WS_RECV_END,1516296792084,169
429,PLAYER_SLEEPBEFORE_START,1516296792084,170
429,PLAYER_SLEEPBEFORE_END,1516296792093,170
429,WS_SEND_START,1516296792093,170
429,WS_SEND_END,1516296792093,170
429,WS_RECV_START,1516296792093,171
429,WS_RECV_END,1516296792305,171
429,PLAYER_SLEEPBEFORE_START,1516296792305,172
429,PLAYER_SLEEPBEFORE_END,1516296792674,172
429,WS_SEND_START,1516296792674,172
429,WS_SEND_END,1516296792674,172
429,WS_RECV_START,1516296792674,173
429,WS_RECV_END,1516296792894,173
429,PLAYER_SLEEPBEFORE_START,1516296792894,174
429,PLAYER_SLEEPBEFORE_END,1516296792935,174
429,WS_SEND_START,1516296792935,174
429,WS_SEND_END,1516296792935,174
429,WS_RECV_START,1516296792935,175
429,WS_RECV_END,1516296793762,175
429,PLAYER_SLEEPBEFORE_START,1516296793762,176
429,PLAYER_SLEEPBEFORE_END,1516296815523,176
429,WS_SEND_START,1516296815523,176
429,WS_SEND_END,1516296815523,176
429,PLAYER_SLEEPBEFORE_START,1516296815523,177
429,PLAYER_SLEEPBEFORE_END,1516296818041,177
429,WS_SEND_START,1516296818041,177
429,WS_SEND_END,1516296818041,177
429,WS_RECV_START,1516296818041,178
429,WS_RECV_END,1516296818395,178
429,PLAYER_SLEEPBEFORE_START,1516296818395,179
429,PLAYER_SLEEPBEFORE_END,1516296840736,179
429,WS_SEND_START,1516296840736,179
429,WS_SEND_END,1516296840736,179
429,WS_RECV_START,1516296840736,180
429,WS_RECV_END,1516296841052,180
429,PLAYER_SLEEPBEFORE_START,1516296841052,181
429,PLAYER_SLEEPBEFORE_END,1516296841496,181
429,WS_SEND_START,1516296841496,181
429,WS_SEND_END,1516296841496,181
429,WS_RECV_START,1516296841496,182
429,WS_RECV_END,1516296841926,182
429,PLAYER_SLEEPBEFORE_START,1516296841926,183
429,PLAYER_SLEEPBEFORE_END,1516296842449,183
429,WS_SEND_START,1516296842449,183
429,WS_SEND_END,1516296842449,183
429,WS_RECV_START,1516296842449,184
429,WS_RECV_END,1516296842641,184
429,PLAYER_SLEEPBEFORE_START,1516296842641,185
429,PLAYER_SLEEPBEFORE_END,1516296842909,185
429,WS_SEND_START,1516296842909,185
429,WS_SEND_END,1516296842909,185
429,WS_RECV_START,1516296842909,186
429,WS_RECV_END,1516296843068,186
429,PLAYER_SLEEPBEFORE_START,1516296843068,187
429,PLAYER_SLEEPBEFORE_END,1516296865568,187
429,WS_SEND_START,1516296865568,187
429,WS_SEND_END,1516296865568,187
429,WS_RECV_START,1516296865568,188
429,WS_RECV_END,1516296865619,188
429,PLAYER_SLEEPBEFORE_START,1516296865619,189
429,PLAYER_SLEEPBEFORE_END,1516296871858,189
429,WS_SEND_START,1516296871858,189
429,WS_SEND_END,1516296871858,189
429,WS_RECV_START,1516296871858,190
429,WS_RECV_END,1516296872746,190
429,PLAYER_SLEEPBEFORE_START,1516296872746,191
429,PLAYER_SLEEPBEFORE_END,1516296874661,191
429,WS_SEND_START,1516296874661,191
429,WS_SEND_END,1516296874661,191
429,WS_RECV_START,1516296874661,192
429,WS_RECV_END,1516296875069,192
429,PLAYER_SLEEPBEFORE_START,1516296875069,193
429,PLAYER_SLEEPBEFORE_END,1516296875197,193
429,WS_SEND_START,1516296875197,193
429,WS_SEND_END,1516296875197,193
429,WS_RECV_START,1516296875197,194
429,WS_RECV_END,1516296875359,194
429,PLAYER_SLEEPBEFORE_START,1516296875359,195
429,PLAYER_SLEEPBEFORE_END,1516296877114,195
429,WS_SEND_START,1516296877114,195
429,WS_SEND_END,1516296877114,195
429,WS_RECV_START,1516296877114,196
429,WS_RECV_END,1516296877302,196
429,PLAYER_SLEEPBEFORE_START,1516296877302,197
429,PLAYER_SLEEPBEFORE_END,1516296879106,197
429,WS_SEND_START,1516296879106,197
429,WS_SEND_END,1516296879106,197
429,WS_RECV_START,1516296879106,198
429,WS_RECV_END,1516296879277,198
429,PLAYER_SLEEPBEFORE_START,1516296879277,199
429,PLAYER_SLEEPBEFORE_END,1516296891131,199
429,WS_SEND_START,1516296891131,199
429,WS_SEND_END,1516296891131,199
429,PLAYER_SLEEPBEFORE_START,1516296891131,200
429,PLAYER_SLEEPBEFORE_END,1516296895219,200
429,WS_SEND_START,1516296895219,200
429,WS_SEND_END,1516296895219,200
429,WS_RECV_START,1516296895219,201
429,WS_RECV_END,1516296895339,201
429,PLAYER_SLEEPBEFORE_START,1516296895339,202
429,PLAYER_SLEEPBEFORE_END,1516296895353,202
429,WS_SEND_START,1516296895353,202
429,WS_SEND_END,1516296895353,202
429,WS_RECV_START,1516296895353,203
429,WS_RECV_END,1516296895506,203
429,PLAYER_SLEEPBEFORE_START,1516296895506,204
429,PLAYER_SLEEPBEFORE_END,1516296915155,204
429,WS_SEND_START,1516296915155,204
429,WS_SEND_END,1516296915155,204
429,PLAYER_SLEEPBEFORE_START,1516296915155,205
429,PLAYER_SLEEPBEFORE_END,1516296919053,205
429,WS_SEND_START,1516296919053,205
429,WS_SEND_END,1516296919053,205
429,WS_RECV_START,1516296919053,206
429,WS_RECV_END,1516296919210,206
429,PLAYER_SLEEPBEFORE_START,1516296919210,207
429,PLAYER_SLEEPBEFORE_END,1516296936141,207
429,REQ_START,1516296936141,207
429,REQ_END,1516296936149,207
429,PLAYER_SLEEPBEFORE_START,1516296936149,208
429,PLAYER_SLEEPBEFORE_END,1516296943001,208
429,WS_CLOSE_START,1516296943001,208
429,WS_CLOSE_END,1516296943001,208
429,PLAYER_DONE,1516296943001
