# --sessions 630 --app-url=http://shinyloadtest.rstudioservices.com/cran_explorer --output-dir test630 --overwrite-output --log-level warn --start-interval 800 15min.log
thread_id,event,timestamp,input_line_number,comment
455,PLAYER_SESSION_CREATE,1516295501263
455,PLAYER_START_INTERVAL_START,1516295501263
455,PLAYER_START_INTERVAL_END,1516295865263
455,REQ_HOME_START,1516295865263,2
455,REQ_HOME_END,1516295865353,2
455,REQ_START,1516295865353,3
455,REQ_END,1516295865442,3
455,REQ_START,1516295865442,4
455,REQ_END,1516295865510,4
455,REQ_START,1516295865510,5
455,REQ_END,1516295865720,5
455,REQ_START,1516295865720,6
455,REQ_END,1516295865754,6
455,REQ_START,1516295865754,7
455,REQ_END,1516295865790,7
455,REQ_START,1516295865790,8
455,REQ_END,1516295865827,8
455,REQ_START,1516295865827,9
455,REQ_END,1516295865868,9
455,REQ_START,1516295865868,10
455,REQ_END,1516295865879,10
455,REQ_START,1516295865879,11
455,REQ_END,1516295865912,11
455,REQ_START,1516295865912,12
455,REQ_END,1516295865922,12
455,REQ_START,1516295865922,13
455,REQ_END,1516295865956,13
455,REQ_START,1516295865956,14
455,REQ_END,1516295865973,14
455,REQ_START,1516295865973,15
455,REQ_END,1516295866339,15
455,REQ_TOK_START,1516295866339,16
455,REQ_TOK_END,1516295866346,16
455,REQ_SINF_START,1516295866346,17
455,REQ_SINF_END,1516295866358,17
455,WS_OPEN_START,1516295866358,18
455,WS_OPEN_END,1516295866364,18
455,REQ_START,1516295866364,19
455,REQ_END,1516295866393,19
455,WS_RECV_START,1516295866393,20
455,WS_RECV_END,1516295866393,20
455,PLAYER_SLEEPBEFORE_START,1516295866393,21
455,PLAYER_SLEEPBEFORE_END,1516295866399,21
455,WS_SEND_START,1516295866399,21
455,WS_SEND_END,1516295866399,21
455,PLAYER_SLEEPBEFORE_START,1516295866399,22
455,PLAYER_SLEEPBEFORE_END,1516295866400,22
455,WS_SEND_START,1516295866400,22
455,WS_SEND_END,1516295866400,22
455,WS_RECV_INIT_START,1516295866400,23
455,WS_RECV_INIT_END,1516295866526,23
455,WS_RECV_START,1516295866526,24
455,WS_RECV_END,1516295866598,24
455,PLAYER_SLEEPBEFORE_START,1516295866598,25
455,PLAYER_SLEEPBEFORE_END,1516295866605,25
455,REQ_START,1516295866605,25
455,REQ_END,1516295866685,25
455,PLAYER_SLEEPBEFORE_START,1516295866685,26
455,PLAYER_SLEEPBEFORE_END,1516295866686,26
455,REQ_START,1516295866686,26
455,REQ_END,1516295866746,26
455,PLAYER_SLEEPBEFORE_START,1516295866746,27
455,PLAYER_SLEEPBEFORE_END,1516295866749,27
455,REQ_START,1516295866749,27
455,REQ_END,1516295866825,27
455,PLAYER_SLEEPBEFORE_START,1516295866825,28
455,PLAYER_SLEEPBEFORE_END,1516295867110,28
455,REQ_START,1516295867110,28
455,REQ_END,1516295867144,28
455,PLAYER_SLEEPBEFORE_START,1516295867144,29
455,PLAYER_SLEEPBEFORE_END,1516295867319,29
455,WS_SEND_START,1516295867319,29
455,WS_SEND_END,1516295867319,29
455,WS_RECV_START,1516295867319,30
455,WS_RECV_END,1516295867525,30
455,PLAYER_SLEEPBEFORE_START,1516295867525,31
455,PLAYER_SLEEPBEFORE_END,1516295867536,31
455,REQ_START,1516295867536,31
455,REQ_END,1516295867944,31
455,PLAYER_SLEEPBEFORE_START,1516295867944,32
455,PLAYER_SLEEPBEFORE_END,1516295896089,32
455,WS_SEND_START,1516295896089,32
455,WS_SEND_END,1516295896089,32
455,WS_RECV_START,1516295896089,33
455,WS_RECV_END,1516295896290,33
455,PLAYER_SLEEPBEFORE_START,1516295896290,34
455,PLAYER_SLEEPBEFORE_END,1516295922201,34
455,WS_SEND_START,1516295922201,34
455,WS_SEND_END,1516295922201,34
455,WS_RECV_START,1516295922201,35
455,WS_RECV_END,1516295922956,35
455,PLAYER_SLEEPBEFORE_START,1516295922956,36
455,PLAYER_SLEEPBEFORE_END,1516295922965,36
455,WS_SEND_START,1516295922965,36
455,WS_SEND_END,1516295922965,36
455,WS_RECV_START,1516295922965,37
455,WS_RECV_END,1516295923322,37
455,PLAYER_SLEEPBEFORE_START,1516295923322,38
455,PLAYER_SLEEPBEFORE_END,1516295926517,38
455,WS_SEND_START,1516295926517,38
455,WS_SEND_END,1516295926517,38
455,WS_RECV_START,1516295926517,39
455,WS_RECV_END,1516295927064,39
455,PLAYER_SLEEPBEFORE_START,1516295927064,40
455,PLAYER_SLEEPBEFORE_END,1516295927110,40
455,WS_SEND_START,1516295927110,40
455,WS_SEND_END,1516295927110,40
455,WS_RECV_START,1516295927110,41
455,WS_RECV_END,1516295927588,41
455,PLAYER_SLEEPBEFORE_START,1516295927588,42
455,PLAYER_SLEEPBEFORE_END,1516295945723,42
455,WS_SEND_START,1516295945723,42
455,WS_SEND_END,1516295945723,42
455,WS_RECV_START,1516295945723,43
455,WS_RECV_END,1516295945879,43
455,PLAYER_SLEEPBEFORE_START,1516295945879,44
455,PLAYER_SLEEPBEFORE_END,1516295945891,44
455,WS_SEND_START,1516295945891,44
455,WS_SEND_END,1516295945891,44
455,WS_RECV_START,1516295945891,45
455,WS_RECV_END,1516295945994,45
455,PLAYER_SLEEPBEFORE_START,1516295945994,46
455,PLAYER_SLEEPBEFORE_END,1516295947254,46
455,WS_SEND_START,1516295947254,46
455,WS_SEND_END,1516295947254,46
455,WS_RECV_START,1516295947254,47
455,WS_RECV_END,1516295947995,47
455,PLAYER_SLEEPBEFORE_START,1516295947995,48
455,PLAYER_SLEEPBEFORE_END,1516295949315,48
455,WS_SEND_START,1516295949315,48
455,WS_SEND_END,1516295949315,48
455,WS_RECV_START,1516295949315,49
455,WS_RECV_END,1516295949738,49
455,PLAYER_SLEEPBEFORE_START,1516295949738,50
455,PLAYER_SLEEPBEFORE_END,1516295949762,50
455,WS_SEND_START,1516295949762,50
455,WS_SEND_END,1516295949762,50
455,WS_RECV_START,1516295949762,51
455,WS_RECV_END,1516295950248,51
455,PLAYER_SLEEPBEFORE_START,1516295950248,52
455,PLAYER_SLEEPBEFORE_END,1516295972812,52
455,WS_SEND_START,1516295972812,52
455,WS_SEND_END,1516295972812,52
455,WS_RECV_START,1516295972812,53
455,WS_RECV_END,1516295973471,53
455,PLAYER_SLEEPBEFORE_START,1516295973471,54
455,PLAYER_SLEEPBEFORE_END,1516295994774,54
455,WS_SEND_START,1516295994774,54
455,WS_SEND_END,1516295994774,54
455,PLAYER_SLEEPBEFORE_START,1516295994774,55
455,PLAYER_SLEEPBEFORE_END,1516295996715,55
455,WS_SEND_START,1516295996715,55
455,WS_SEND_END,1516295996715,55
455,WS_RECV_START,1516295996715,56
455,WS_RECV_END,1516295997054,56
455,PLAYER_SLEEPBEFORE_START,1516295997054,57
455,PLAYER_SLEEPBEFORE_END,1516296019926,57
455,WS_SEND_START,1516296019926,57
455,WS_SEND_END,1516296019926,57
455,WS_RECV_START,1516296019926,58
455,WS_RECV_END,1516296021904,58
455,PLAYER_SLEEPBEFORE_START,1516296021904,59
455,PLAYER_SLEEPBEFORE_END,1516296024231,59
455,WS_SEND_START,1516296024231,59
455,WS_SEND_END,1516296024231,59
455,WS_RECV_START,1516296024231,60
455,WS_RECV_END,1516296026198,60
455,PLAYER_SLEEPBEFORE_START,1516296026198,61
455,PLAYER_SLEEPBEFORE_END,1516296029789,61
455,WS_SEND_START,1516296029789,61
455,WS_SEND_END,1516296029789,61
455,WS_RECV_START,1516296029789,62
455,WS_RECV_END,1516296032633,62
455,PLAYER_SLEEPBEFORE_START,1516296032633,63
455,PLAYER_SLEEPBEFORE_END,1516296051896,63
455,WS_SEND_START,1516296051896,63
455,WS_SEND_END,1516296051896,63
455,WS_RECV_START,1516296051896,64
455,WS_RECV_END,1516296052712,64
455,PLAYER_SLEEPBEFORE_START,1516296052712,65
455,PLAYER_SLEEPBEFORE_END,1516296079529,65
455,WS_SEND_START,1516296079529,65
455,WS_SEND_END,1516296079529,65
455,WS_RECV_START,1516296079529,66
455,WS_RECV_END,1516296081202,66
455,PLAYER_SLEEPBEFORE_START,1516296081202,67
455,PLAYER_SLEEPBEFORE_END,1516296082709,67
455,WS_SEND_START,1516296082709,67
455,WS_SEND_END,1516296082709,67
455,WS_RECV_START,1516296082709,68
455,WS_RECV_END,1516296085592,68
455,PLAYER_SLEEPBEFORE_START,1516296085592,69
455,PLAYER_SLEEPBEFORE_END,1516296107590,69
455,WS_SEND_START,1516296107590,69
455,WS_SEND_END,1516296107590,69
455,WS_RECV_START,1516296107590,70
455,WS_RECV_END,1516296111529,70
455,PLAYER_SLEEPBEFORE_START,1516296111529,71
455,PLAYER_SLEEPBEFORE_END,1516296136304,71
455,WS_SEND_START,1516296136304,71
455,WS_SEND_END,1516296136304,71
455,PLAYER_SLEEPBEFORE_START,1516296136304,72
455,PLAYER_SLEEPBEFORE_END,1516296138911,72
455,WS_SEND_START,1516296138911,72
455,WS_SEND_END,1516296138911,72
455,WS_RECV_START,1516296138911,73
455,WS_RECV_END,1516296140119,73
455,PLAYER_SLEEPBEFORE_START,1516296140119,74
455,PLAYER_SLEEPBEFORE_END,1516296140128,74
455,WS_SEND_START,1516296140128,74
455,WS_SEND_END,1516296140128,74
455,WS_RECV_START,1516296140128,75
455,WS_RECV_END,1516296141273,75
455,PLAYER_SLEEPBEFORE_START,1516296141273,76
455,PLAYER_SLEEPBEFORE_END,1516296142779,76
455,WS_SEND_START,1516296142779,76
455,WS_SEND_END,1516296142779,76
455,WS_RECV_START,1516296142779,77
455,WS_RECV_END,1516296143894,77
455,PLAYER_SLEEPBEFORE_START,1516296143894,78
455,PLAYER_SLEEPBEFORE_END,1516296144762,78
455,WS_SEND_START,1516296144762,78
455,WS_SEND_END,1516296144762,78
455,WS_RECV_START,1516296144762,79
455,WS_RECV_END,1516296146221,79
455,PLAYER_SLEEPBEFORE_START,1516296146221,80
455,PLAYER_SLEEPBEFORE_END,1516296153887,80
455,WS_SEND_START,1516296153887,80
455,WS_SEND_END,1516296153887,80
455,WS_RECV_START,1516296153887,81
455,WS_RECV_END,1516296155946,81
455,PLAYER_SLEEPBEFORE_START,1516296155946,82
455,PLAYER_SLEEPBEFORE_END,1516296157049,82
455,WS_SEND_START,1516296157049,82
455,WS_SEND_END,1516296157049,82
455,WS_RECV_START,1516296157049,83
455,WS_RECV_END,1516296158749,83
455,PLAYER_SLEEPBEFORE_START,1516296158749,84
455,PLAYER_SLEEPBEFORE_END,1516296159696,84
455,WS_SEND_START,1516296159696,84
455,WS_SEND_END,1516296159696,84
455,WS_RECV_START,1516296159696,85
455,WS_RECV_END,1516296162858,85
455,PLAYER_SLEEPBEFORE_START,1516296162858,86
455,PLAYER_SLEEPBEFORE_END,1516296167030,86
455,WS_SEND_START,1516296167030,86
455,WS_SEND_END,1516296167030,86
455,WS_RECV_START,1516296167030,87
455,WS_RECV_END,1516296170464,87
455,PLAYER_SLEEPBEFORE_START,1516296170464,88
455,PLAYER_SLEEPBEFORE_END,1516296170472,88
455,WS_SEND_START,1516296170472,88
455,WS_SEND_END,1516296170472,88
455,WS_RECV_START,1516296170472,89
455,WS_RECV_END,1516296173387,89
455,PLAYER_SLEEPBEFORE_START,1516296173387,90
455,PLAYER_SLEEPBEFORE_END,1516296200584,90
455,REQ_START,1516296200584,90
455,REQ_END,1516296200592,90
455,PLAYER_SLEEPBEFORE_START,1516296200592,91
455,PLAYER_SLEEPBEFORE_END,1516296208481,91
455,WS_SEND_START,1516296208481,91
455,WS_SEND_END,1516296208481,91
455,WS_RECV_START,1516296208481,92
455,WS_RECV_END,1516296213194,92
455,PLAYER_SLEEPBEFORE_START,1516296213194,93
455,PLAYER_SLEEPBEFORE_END,1516296213209,93
455,WS_SEND_START,1516296213209,93
455,WS_SEND_END,1516296213209,93
455,WS_RECV_START,1516296213209,94
455,WS_RECV_END,1516296216827,94
455,PLAYER_SLEEPBEFORE_START,1516296216827,95
455,PLAYER_SLEEPBEFORE_END,1516296240382,95
455,WS_SEND_START,1516296240382,95
455,WS_SEND_END,1516296240382,95
455,WS_RECV_START,1516296240382,96
455,WS_RECV_END,1516296243235,96
455,PLAYER_SLEEPBEFORE_START,1516296243235,97
455,PLAYER_SLEEPBEFORE_END,1516296265675,97
455,WS_SEND_START,1516296265675,97
455,WS_SEND_END,1516296265675,97
455,WS_RECV_START,1516296265675,98
455,WS_RECV_END,1516296269921,98
455,PLAYER_SLEEPBEFORE_START,1516296269921,99
455,PLAYER_SLEEPBEFORE_END,1516296269942,99
455,WS_SEND_START,1516296269942,99
455,WS_SEND_END,1516296269942,99
455,WS_RECV_START,1516296269942,100
455,WS_RECV_END,1516296272269,100
455,PLAYER_SLEEPBEFORE_START,1516296272269,101
455,PLAYER_SLEEPBEFORE_END,1516296295828,101
455,WS_SEND_START,1516296295828,101
455,WS_SEND_END,1516296295828,101
455,WS_RECV_START,1516296295828,102
455,WS_RECV_END,1516296299842,102
455,PLAYER_SLEEPBEFORE_START,1516296299842,103
455,PLAYER_SLEEPBEFORE_END,1516296323467,103
455,WS_SEND_START,1516296323467,103
455,WS_SEND_END,1516296323467,103
455,WS_RECV_START,1516296323467,104
455,WS_RECV_END,1516296328515,104
455,PLAYER_SLEEPBEFORE_START,1516296328515,105
455,PLAYER_SLEEPBEFORE_END,1516296353892,105
455,WS_SEND_START,1516296353892,105
455,WS_SEND_END,1516296353892,105
455,WS_RECV_START,1516296353892,106
455,WS_RECV_END,1516296359069,106
455,PLAYER_SLEEPBEFORE_START,1516296359069,107
455,PLAYER_SLEEPBEFORE_END,1516296382492,107
455,WS_SEND_START,1516296382492,107
455,WS_SEND_END,1516296382492,107
455,WS_RECV_START,1516296382492,108
455,WS_RECV_END,1516296386059,108
455,PLAYER_SLEEPBEFORE_START,1516296386059,109
455,PLAYER_SLEEPBEFORE_END,1516296386068,109
455,WS_SEND_START,1516296386068,109
455,WS_SEND_END,1516296386068,109
455,WS_RECV_START,1516296386068,110
455,WS_RECV_END,1516296387430,110
455,PLAYER_SLEEPBEFORE_START,1516296387430,111
455,PLAYER_SLEEPBEFORE_END,1516296388389,111
455,WS_SEND_START,1516296388389,111
455,WS_SEND_END,1516296388389,111
455,WS_RECV_START,1516296388389,112
455,WS_RECV_END,1516296389189,112
455,PLAYER_SLEEPBEFORE_START,1516296389189,113
455,PLAYER_SLEEPBEFORE_END,1516296389756,113
455,WS_SEND_START,1516296389756,113
455,WS_SEND_END,1516296389756,113
455,WS_RECV_START,1516296389756,114
455,WS_RECV_END,1516296391225,114
455,PLAYER_SLEEPBEFORE_START,1516296391225,115
455,PLAYER_SLEEPBEFORE_END,1516296391235,115
455,WS_SEND_START,1516296391235,115
455,WS_SEND_END,1516296391235,115
455,WS_RECV_START,1516296391235,116
455,WS_RECV_END,1516296394664,116
455,PLAYER_SLEEPBEFORE_START,1516296394664,117
455,PLAYER_SLEEPBEFORE_END,1516296415024,117
455,WS_SEND_START,1516296415024,117
455,WS_SEND_END,1516296415024,117
455,PLAYER_SLEEPBEFORE_START,1516296415024,118
455,PLAYER_SLEEPBEFORE_END,1516296418776,118
455,WS_SEND_START,1516296418776,118
455,WS_SEND_END,1516296418776,118
455,WS_RECV_START,1516296418776,119
455,WS_RECV_END,1516296420236,119
455,PLAYER_SLEEPBEFORE_START,1516296420236,120
455,PLAYER_SLEEPBEFORE_END,1516296421224,120
455,WS_SEND_START,1516296421224,120
455,WS_SEND_END,1516296421224,120
455,WS_RECV_START,1516296421224,121
455,WS_RECV_END,1516296422893,121
455,PLAYER_SLEEPBEFORE_START,1516296422893,122
455,PLAYER_SLEEPBEFORE_END,1516296424078,122
455,WS_SEND_START,1516296424078,122
455,WS_SEND_END,1516296424078,122
455,WS_RECV_START,1516296424078,123
455,WS_RECV_END,1516296426988,123
455,PLAYER_SLEEPBEFORE_START,1516296426988,124
455,PLAYER_SLEEPBEFORE_END,1516296451393,124
455,WS_SEND_START,1516296451393,124
455,WS_SEND_END,1516296451393,124
455,WS_RECV_START,1516296451393,125
455,WS_RECV_END,1516296459054,125
455,PLAYER_SLEEPBEFORE_START,1516296459054,126
455,PLAYER_SLEEPBEFORE_END,1516296479567,126
455,WS_SEND_START,1516296479567,126
455,WS_SEND_END,1516296479567,126
455,PLAYER_SLEEPBEFORE_START,1516296479567,127
455,PLAYER_SLEEPBEFORE_END,1516296482621,127
455,WS_SEND_START,1516296482621,127
455,WS_SEND_END,1516296482621,127
455,WS_RECV_START,1516296482621,128
455,WS_RECV_END,1516296487189,128
455,PLAYER_SLEEPBEFORE_START,1516296487189,129
455,PLAYER_SLEEPBEFORE_END,1516296487209,129
455,WS_SEND_START,1516296487209,129
455,WS_SEND_END,1516296487209,129
455,WS_RECV_START,1516296487209,130
455,WS_RECV_END,1516296491648,130
455,PLAYER_SLEEPBEFORE_START,1516296491648,131
455,PLAYER_SLEEPBEFORE_END,1516296513272,131
455,WS_SEND_START,1516296513272,131
455,WS_SEND_END,1516296513272,131
455,PLAYER_SLEEPBEFORE_START,1516296513272,132
455,PLAYER_SLEEPBEFORE_END,1516296516352,132
455,WS_SEND_START,1516296516352,132
455,WS_SEND_END,1516296516352,132
455,WS_RECV_START,1516296516352,133
455,WS_RECV_END,1516296519675,133
455,PLAYER_SLEEPBEFORE_START,1516296519675,134
455,PLAYER_SLEEPBEFORE_END,1516296540892,134
455,WS_SEND_START,1516296540892,134
455,WS_SEND_END,1516296540892,134
455,PLAYER_SLEEPBEFORE_START,1516296540892,135
455,PLAYER_SLEEPBEFORE_END,1516296544082,135
455,WS_SEND_START,1516296544082,135
455,WS_SEND_END,1516296544082,135
455,WS_RECV_START,1516296544082,136
455,WS_RECV_END,1516296549651,136
455,PLAYER_SLEEPBEFORE_START,1516296549651,137
455,PLAYER_SLEEPBEFORE_END,1516296549658,137
455,WS_SEND_START,1516296549658,137
455,WS_SEND_END,1516296549658,137
455,WS_RECV_START,1516296549658,138
455,WS_RECV_END,1516296554194,138
455,PLAYER_SLEEPBEFORE_START,1516296554194,139
455,PLAYER_SLEEPBEFORE_END,1516296554884,139
455,WS_SEND_START,1516296554884,139
455,WS_SEND_END,1516296554884,139
455,WS_RECV_START,1516296554884,140
455,WS_RECV_END,1516296558562,140
455,PLAYER_SLEEPBEFORE_START,1516296558562,141
455,PLAYER_SLEEPBEFORE_END,1516296559217,141
455,WS_SEND_START,1516296559217,141
455,WS_SEND_END,1516296559217,141
455,WS_RECV_START,1516296559217,142
455,WS_RECV_END,1516296563942,142
455,PLAYER_SLEEPBEFORE_START,1516296563942,143
455,PLAYER_SLEEPBEFORE_END,1516296563999,143
455,WS_SEND_START,1516296563999,143
455,WS_SEND_END,1516296563999,143
455,WS_RECV_START,1516296563999,144
455,WS_RECV_END,1516296568727,144
455,PLAYER_SLEEPBEFORE_START,1516296568727,145
455,PLAYER_SLEEPBEFORE_END,1516296584791,145
455,REQ_START,1516296584791,145
455,REQ_END,1516296584799,145
455,PLAYER_SLEEPBEFORE_START,1516296584799,146
455,PLAYER_SLEEPBEFORE_END,1516296593676,146
455,WS_SEND_START,1516296593676,146
455,WS_SEND_END,1516296593676,146
455,WS_RECV_START,1516296593676,147
455,WS_RECV_END,1516296598777,147
455,PLAYER_SLEEPBEFORE_START,1516296598777,148
455,PLAYER_SLEEPBEFORE_END,1516296620699,148
455,WS_SEND_START,1516296620699,148
455,WS_SEND_END,1516296620699,148
455,PLAYER_SLEEPBEFORE_START,1516296620699,149
455,PLAYER_SLEEPBEFORE_END,1516296623127,149
455,WS_SEND_START,1516296623127,149
455,WS_SEND_END,1516296623127,149
455,WS_RECV_START,1516296623127,150
455,WS_RECV_END,1516296624266,150
455,PLAYER_SLEEPBEFORE_START,1516296624266,151
455,PLAYER_SLEEPBEFORE_END,1516296624476,151
455,WS_SEND_START,1516296624476,151
455,WS_SEND_END,1516296624476,151
455,WS_RECV_START,1516296624476,152
455,WS_RECV_END,1516296625754,152
455,PLAYER_SLEEPBEFORE_START,1516296625754,153
455,PLAYER_SLEEPBEFORE_END,1516296649681,153
455,WS_SEND_START,1516296649681,153
455,WS_SEND_END,1516296649681,153
455,WS_RECV_START,1516296649681,154
455,WS_RECV_END,1516296653031,154
455,PLAYER_SLEEPBEFORE_START,1516296653031,155
455,PLAYER_SLEEPBEFORE_END,1516296675590,155
455,WS_SEND_START,1516296675590,155
455,WS_SEND_END,1516296675590,155
455,PLAYER_SLEEPBEFORE_START,1516296675590,156
455,PLAYER_SLEEPBEFORE_END,1516296678864,156
455,WS_SEND_START,1516296678864,156
455,WS_SEND_END,1516296678864,156
455,WS_RECV_START,1516296678864,157
455,WS_RECV_END,1516296679707,157
455,PLAYER_SLEEPBEFORE_START,1516296679707,158
455,PLAYER_SLEEPBEFORE_END,1516296679717,158
455,WS_SEND_START,1516296679717,158
455,WS_SEND_END,1516296679717,158
455,WS_RECV_START,1516296679717,159
455,WS_RECV_END,1516296680926,159
455,PLAYER_SLEEPBEFORE_START,1516296680926,160
455,PLAYER_SLEEPBEFORE_END,1516296681101,160
455,WS_SEND_START,1516296681101,160
455,WS_SEND_END,1516296681101,160
455,WS_RECV_START,1516296681101,161
455,WS_RECV_END,1516296681431,161
455,PLAYER_SLEEPBEFORE_START,1516296681432,162
455,PLAYER_SLEEPBEFORE_END,1516296681457,162
455,WS_SEND_START,1516296681457,162
455,WS_SEND_END,1516296681457,162
455,WS_RECV_START,1516296681457,163
455,WS_RECV_END,1516296682867,163
455,PLAYER_SLEEPBEFORE_START,1516296682867,164
455,PLAYER_SLEEPBEFORE_END,1516296703679,164
455,WS_SEND_START,1516296703679,164
455,WS_SEND_END,1516296703679,164
455,WS_RECV_START,1516296703679,165
455,WS_RECV_END,1516296703982,165
455,PLAYER_SLEEPBEFORE_START,1516296703982,166
455,PLAYER_SLEEPBEFORE_END,1516296726437,166
455,WS_SEND_START,1516296726437,166
455,WS_SEND_END,1516296726437,166
455,WS_RECV_START,1516296726437,167
455,WS_RECV_END,1516296726678,167
455,PLAYER_SLEEPBEFORE_START,1516296726678,168
455,PLAYER_SLEEPBEFORE_END,1516296754035,168
455,WS_SEND_START,1516296754035,168
455,WS_SEND_END,1516296754035,168
455,WS_RECV_START,1516296754035,169
455,WS_RECV_END,1516296754115,169
455,PLAYER_SLEEPBEFORE_START,1516296754115,170
455,PLAYER_SLEEPBEFORE_END,1516296754124,170
455,WS_SEND_START,1516296754124,170
455,WS_SEND_END,1516296754124,170
455,WS_RECV_START,1516296754124,171
455,WS_RECV_END,1516296754285,171
455,PLAYER_SLEEPBEFORE_START,1516296754285,172
455,PLAYER_SLEEPBEFORE_END,1516296754654,172
455,WS_SEND_START,1516296754654,172
455,WS_SEND_END,1516296754654,172
455,WS_RECV_START,1516296754654,173
455,WS_RECV_END,1516296754823,173
455,PLAYER_SLEEPBEFORE_START,1516296754823,174
455,PLAYER_SLEEPBEFORE_END,1516296754864,174
455,WS_SEND_START,1516296754864,174
455,WS_SEND_END,1516296754864,174
455,WS_RECV_START,1516296754864,175
455,WS_RECV_END,1516296755537,175
455,PLAYER_SLEEPBEFORE_START,1516296755537,176
455,PLAYER_SLEEPBEFORE_END,1516296777298,176
455,WS_SEND_START,1516296777298,176
455,WS_SEND_END,1516296777298,176
455,PLAYER_SLEEPBEFORE_START,1516296777298,177
455,PLAYER_SLEEPBEFORE_END,1516296779817,177
455,WS_SEND_START,1516296779817,177
455,WS_SEND_END,1516296779817,177
455,WS_RECV_START,1516296779817,178
455,WS_RECV_END,1516296780013,178
455,PLAYER_SLEEPBEFORE_START,1516296780013,179
455,PLAYER_SLEEPBEFORE_END,1516296802353,179
455,WS_SEND_START,1516296802353,179
455,WS_SEND_END,1516296802353,179
455,WS_RECV_START,1516296802353,180
455,WS_RECV_END,1516296802636,180
455,PLAYER_SLEEPBEFORE_START,1516296802636,181
455,PLAYER_SLEEPBEFORE_END,1516296803080,181
455,WS_SEND_START,1516296803080,181
455,WS_SEND_END,1516296803080,181
455,WS_RECV_START,1516296803080,182
455,WS_RECV_END,1516296803272,182
455,PLAYER_SLEEPBEFORE_START,1516296803272,183
455,PLAYER_SLEEPBEFORE_END,1516296803795,183
455,WS_SEND_START,1516296803795,183
455,WS_SEND_END,1516296803795,183
455,WS_RECV_START,1516296803795,184
455,WS_RECV_END,1516296804035,184
455,PLAYER_SLEEPBEFORE_START,1516296804035,185
455,PLAYER_SLEEPBEFORE_END,1516296804304,185
455,WS_SEND_START,1516296804304,185
455,WS_SEND_END,1516296804304,185
455,WS_RECV_START,1516296804304,186
455,WS_RECV_END,1516296804446,186
455,PLAYER_SLEEPBEFORE_START,1516296804446,187
455,PLAYER_SLEEPBEFORE_END,1516296826946,187
455,WS_SEND_START,1516296826946,187
455,WS_SEND_END,1516296826946,187
455,WS_RECV_START,1516296826946,188
455,WS_RECV_END,1516296827015,188
455,PLAYER_SLEEPBEFORE_START,1516296827015,189
455,PLAYER_SLEEPBEFORE_END,1516296833254,189
455,WS_SEND_START,1516296833254,189
455,WS_SEND_END,1516296833254,189
455,WS_RECV_START,1516296833254,190
455,WS_RECV_END,1516296833617,190
455,PLAYER_SLEEPBEFORE_START,1516296833617,191
455,PLAYER_SLEEPBEFORE_END,1516296835532,191
455,WS_SEND_START,1516296835532,191
455,WS_SEND_END,1516296835532,191
455,WS_RECV_START,1516296835532,192
455,WS_RECV_END,1516296835930,192
455,PLAYER_SLEEPBEFORE_START,1516296835930,193
455,PLAYER_SLEEPBEFORE_END,1516296836058,193
455,WS_SEND_START,1516296836058,193
455,WS_SEND_END,1516296836058,193
455,WS_RECV_START,1516296836058,194
455,WS_RECV_END,1516296836777,194
455,PLAYER_SLEEPBEFORE_START,1516296836777,195
455,PLAYER_SLEEPBEFORE_END,1516296838532,195
455,WS_SEND_START,1516296838532,195
455,WS_SEND_END,1516296838532,195
455,WS_RECV_START,1516296838532,196
455,WS_RECV_END,1516296838865,196
455,PLAYER_SLEEPBEFORE_START,1516296838865,197
455,PLAYER_SLEEPBEFORE_END,1516296840669,197
455,WS_SEND_START,1516296840670,197
455,WS_SEND_END,1516296840670,197
455,WS_RECV_START,1516296840670,198
455,WS_RECV_END,1516296840796,198
455,PLAYER_SLEEPBEFORE_START,1516296840796,199
455,PLAYER_SLEEPBEFORE_END,1516296852650,199
455,WS_SEND_START,1516296852650,199
455,WS_SEND_END,1516296852650,199
455,PLAYER_SLEEPBEFORE_START,1516296852650,200
455,PLAYER_SLEEPBEFORE_END,1516296856738,200
455,WS_SEND_START,1516296856738,200
455,WS_SEND_END,1516296856739,200
455,WS_RECV_START,1516296856739,201
455,WS_RECV_END,1516296856930,201
455,PLAYER_SLEEPBEFORE_START,1516296856930,202
455,PLAYER_SLEEPBEFORE_END,1516296856944,202
455,WS_SEND_START,1516296856944,202
455,WS_SEND_END,1516296856944,202
455,WS_RECV_START,1516296856944,203
455,WS_RECV_END,1516296857548,203
455,PLAYER_SLEEPBEFORE_START,1516296857548,204
455,PLAYER_SLEEPBEFORE_END,1516296877197,204
455,WS_SEND_START,1516296877197,204
455,WS_SEND_END,1516296877197,204
455,PLAYER_SLEEPBEFORE_START,1516296877197,205
455,PLAYER_SLEEPBEFORE_END,1516296881095,205
455,WS_SEND_START,1516296881096,205
455,WS_SEND_END,1516296881096,205
455,WS_RECV_START,1516296881096,206
455,WS_RECV_END,1516296881267,206
455,PLAYER_SLEEPBEFORE_START,1516296881267,207
455,PLAYER_SLEEPBEFORE_END,1516296898198,207
455,REQ_START,1516296898198,207
455,REQ_END,1516296898205,207
455,PLAYER_SLEEPBEFORE_START,1516296898205,208
455,PLAYER_SLEEPBEFORE_END,1516296905058,208
455,WS_CLOSE_START,1516296905058,208
455,WS_CLOSE_END,1516296905058,208
455,PLAYER_DONE,1516296905058
