# --sessions 630 --app-url=http://shinyloadtest.rstudioservices.com/cran_explorer --output-dir test630 --overwrite-output --log-level warn --start-interval 800 15min.log
thread_id,event,timestamp,input_line_number,comment
63,PLAYER_SESSION_CREATE,1516295501126
63,PLAYER_START_INTERVAL_START,1516295501126
63,PLAYER_START_INTERVAL_END,1516295551527
63,REQ_HOME_START,1516295551527,2
63,REQ_HOME_END,1516295551620,2
63,REQ_START,1516295551620,3
63,REQ_END,1516295551652,3
63,REQ_START,1516295551652,4
63,REQ_END,1516295551683,4
63,REQ_START,1516295551683,5
63,REQ_END,1516295551715,5
63,REQ_START,1516295551715,6
63,REQ_END,1516295551747,6
63,REQ_START,1516295551747,7
63,REQ_END,1516295551778,7
63,REQ_START,1516295551778,8
63,REQ_END,1516295551811,8
63,REQ_START,1516295551811,9
63,REQ_END,1516295551843,9
63,REQ_START,1516295551844,10
63,REQ_END,1516295551851,10
63,REQ_START,1516295551851,11
63,REQ_END,1516295551883,11
63,REQ_START,1516295551883,12
63,REQ_END,1516295551892,12
63,REQ_START,1516295551892,13
63,REQ_END,1516295551924,13
63,REQ_START,1516295551924,14
63,REQ_END,1516295551938,14
63,REQ_START,1516295551938,15
63,REQ_END,1516295551972,15
63,REQ_TOK_START,1516295551972,16
63,REQ_TOK_END,1516295551979,16
63,REQ_SINF_START,1516295551979,17
63,REQ_SINF_END,1516295551986,17
63,WS_OPEN_START,1516295551986,18
63,WS_OPEN_END,1516295551992,18
63,REQ_START,1516295551992,19
63,REQ_END,1516295552018,19
63,WS_RECV_START,1516295552018,20
63,WS_RECV_END,1516295552018,20
63,PLAYER_SLEEPBEFORE_START,1516295552018,21
63,PLAYER_SLEEPBEFORE_END,1516295552023,21
63,WS_SEND_START,1516295552023,21
63,WS_SEND_END,1516295552023,21
63,PLAYER_SLEEPBEFORE_START,1516295552023,22
63,PLAYER_SLEEPBEFORE_END,1516295552024,22
63,WS_SEND_START,1516295552024,22
63,WS_SEND_END,1516295552024,22
63,WS_RECV_INIT_START,1516295552024,23
63,WS_RECV_INIT_END,1516295552042,23
63,WS_RECV_START,1516295552042,24
63,WS_RECV_END,1516295552097,24
63,PLAYER_SLEEPBEFORE_START,1516295552097,25
63,PLAYER_SLEEPBEFORE_END,1516295552104,25
63,REQ_START,1516295552104,25
63,REQ_END,1516295552137,25
63,PLAYER_SLEEPBEFORE_START,1516295552137,26
63,PLAYER_SLEEPBEFORE_END,1516295552138,26
63,REQ_START,1516295552138,26
63,REQ_END,1516295552168,26
63,PLAYER_SLEEPBEFORE_START,1516295552168,27
63,PLAYER_SLEEPBEFORE_END,1516295552171,27
63,REQ_START,1516295552171,27
63,REQ_END,1516295552204,27
63,PLAYER_SLEEPBEFORE_START,1516295552204,28
63,PLAYER_SLEEPBEFORE_END,1516295552489,28
63,REQ_START,1516295552489,28
63,REQ_END,1516295552521,28
63,PLAYER_SLEEPBEFORE_START,1516295552521,29
63,PLAYER_SLEEPBEFORE_END,1516295552696,29
63,WS_SEND_START,1516295552696,29
63,WS_SEND_END,1516295552696,29
63,WS_RECV_START,1516295552696,30
63,WS_RECV_END,1516295552827,30
63,PLAYER_SLEEPBEFORE_START,1516295552827,31
63,PLAYER_SLEEPBEFORE_END,1516295552839,31
63,REQ_START,1516295552839,31
63,REQ_END,1516295552873,31
63,PLAYER_SLEEPBEFORE_START,1516295552873,32
63,PLAYER_SLEEPBEFORE_END,1516295581018,32
63,WS_SEND_START,1516295581018,32
63,WS_SEND_END,1516295581018,32
63,WS_RECV_START,1516295581018,33
63,WS_RECV_END,1516295581111,33
63,PLAYER_SLEEPBEFORE_START,1516295581111,34
63,PLAYER_SLEEPBEFORE_END,1516295607022,34
63,WS_SEND_START,1516295607022,34
63,WS_SEND_END,1516295607023,34
63,WS_RECV_START,1516295607023,35
63,WS_RECV_END,1516295607053,35
63,PLAYER_SLEEPBEFORE_START,1516295607053,36
63,PLAYER_SLEEPBEFORE_END,1516295607062,36
63,WS_SEND_START,1516295607062,36
63,WS_SEND_END,1516295607062,36
63,WS_RECV_START,1516295607062,37
63,WS_RECV_END,1516295607118,37
63,PLAYER_SLEEPBEFORE_START,1516295607118,38
63,PLAYER_SLEEPBEFORE_END,1516295610313,38
63,WS_SEND_START,1516295610313,38
63,WS_SEND_END,1516295610313,38
63,WS_RECV_START,1516295610313,39
63,WS_RECV_END,1516295610854,39
63,PLAYER_SLEEPBEFORE_START,1516295610854,40
63,PLAYER_SLEEPBEFORE_END,1516295610900,40
63,WS_SEND_START,1516295610900,40
63,WS_SEND_END,1516295610900,40
63,WS_RECV_START,1516295610900,41
63,WS_RECV_END,1516295611016,41
63,PLAYER_SLEEPBEFORE_START,1516295611016,42
63,PLAYER_SLEEPBEFORE_END,1516295629151,42
63,WS_SEND_START,1516295629151,42
63,WS_SEND_END,1516295629151,42
63,WS_RECV_START,1516295629151,43
63,WS_RECV_END,1516295629181,43
63,PLAYER_SLEEPBEFORE_START,1516295629181,44
63,PLAYER_SLEEPBEFORE_END,1516295629194,44
63,WS_SEND_START,1516295629194,44
63,WS_SEND_END,1516295629194,44
63,WS_RECV_START,1516295629194,45
63,WS_RECV_END,1516295629234,45
63,PLAYER_SLEEPBEFORE_START,1516295629234,46
63,PLAYER_SLEEPBEFORE_END,1516295630494,46
63,WS_SEND_START,1516295630494,46
63,WS_SEND_END,1516295630494,46
63,WS_RECV_START,1516295630494,47
63,WS_RECV_END,1516295630520,47
63,PLAYER_SLEEPBEFORE_START,1516295630520,48
63,PLAYER_SLEEPBEFORE_END,1516295631842,48
63,WS_SEND_START,1516295631842,48
63,WS_SEND_END,1516295631842,48
63,WS_RECV_START,1516295631842,49
63,WS_RECV_END,1516295631944,49
63,PLAYER_SLEEPBEFORE_START,1516295631944,50
63,PLAYER_SLEEPBEFORE_END,1516295631968,50
63,WS_SEND_START,1516295631968,50
63,WS_SEND_END,1516295631968,50
63,WS_RECV_START,1516295631968,51
63,WS_RECV_END,1516295632124,51
63,PLAYER_SLEEPBEFORE_START,1516295632124,52
63,PLAYER_SLEEPBEFORE_END,1516295654689,52
63,WS_SEND_START,1516295654689,52
63,WS_SEND_END,1516295654689,52
63,WS_RECV_START,1516295654689,53
63,WS_RECV_END,1516295654791,53
63,PLAYER_SLEEPBEFORE_START,1516295654791,54
63,PLAYER_SLEEPBEFORE_END,1516295676094,54
63,WS_SEND_START,1516295676094,54
63,WS_SEND_END,1516295676094,54
63,PLAYER_SLEEPBEFORE_START,1516295676094,55
63,PLAYER_SLEEPBEFORE_END,1516295678036,55
63,WS_SEND_START,1516295678036,55
63,WS_SEND_END,1516295678036,55
63,WS_RECV_START,1516295678036,56
63,WS_RECV_END,1516295678088,56
63,PLAYER_SLEEPBEFORE_START,1516295678088,57
63,PLAYER_SLEEPBEFORE_END,1516295700960,57
63,WS_SEND_START,1516295700960,57
63,WS_SEND_END,1516295700960,57
63,WS_RECV_START,1516295700960,58
63,WS_RECV_END,1516295701133,58
63,PLAYER_SLEEPBEFORE_START,1516295701133,59
63,PLAYER_SLEEPBEFORE_END,1516295703460,59
63,WS_SEND_START,1516295703460,59
63,WS_SEND_END,1516295703460,59
63,WS_RECV_START,1516295703460,60
63,WS_RECV_END,1516295703600,60
63,PLAYER_SLEEPBEFORE_START,1516295703600,61
63,PLAYER_SLEEPBEFORE_END,1516295707191,61
63,WS_SEND_START,1516295707191,61
63,WS_SEND_END,1516295707191,61
63,WS_RECV_START,1516295707191,62
63,WS_RECV_END,1516295707369,62
63,PLAYER_SLEEPBEFORE_START,1516295707369,63
63,PLAYER_SLEEPBEFORE_END,1516295726631,63
63,WS_SEND_START,1516295726631,63
63,WS_SEND_END,1516295726631,63
63,WS_RECV_START,1516295726631,64
63,WS_RECV_END,1516295726685,64
63,PLAYER_SLEEPBEFORE_START,1516295726685,65
63,PLAYER_SLEEPBEFORE_END,1516295753502,65
63,WS_SEND_START,1516295753503,65
63,WS_SEND_END,1516295753503,65
63,WS_RECV_START,1516295753503,66
63,WS_RECV_END,1516295753629,66
63,PLAYER_SLEEPBEFORE_START,1516295753629,67
63,PLAYER_SLEEPBEFORE_END,1516295755136,67
63,WS_SEND_START,1516295755136,67
63,WS_SEND_END,1516295755136,67
63,WS_RECV_START,1516295755136,68
63,WS_RECV_END,1516295755358,68
63,PLAYER_SLEEPBEFORE_START,1516295755358,69
63,PLAYER_SLEEPBEFORE_END,1516295777356,69
63,WS_SEND_START,1516295777356,69
63,WS_SEND_END,1516295777356,69
63,WS_RECV_START,1516295777356,70
63,WS_RECV_END,1516295777498,70
63,PLAYER_SLEEPBEFORE_START,1516295777498,71
63,PLAYER_SLEEPBEFORE_END,1516295802273,71
63,WS_SEND_START,1516295802273,71
63,WS_SEND_END,1516295802274,71
63,PLAYER_SLEEPBEFORE_START,1516295802274,72
63,PLAYER_SLEEPBEFORE_END,1516295804881,72
63,WS_SEND_START,1516295804881,72
63,WS_SEND_END,1516295804881,72
63,WS_RECV_START,1516295804881,73
63,WS_RECV_END,1516295804932,73
63,PLAYER_SLEEPBEFORE_START,1516295804932,74
63,PLAYER_SLEEPBEFORE_END,1516295804941,74
63,WS_SEND_START,1516295804941,74
63,WS_SEND_END,1516295804941,74
63,WS_RECV_START,1516295804941,75
63,WS_RECV_END,1516295805002,75
63,PLAYER_SLEEPBEFORE_START,1516295805002,76
63,PLAYER_SLEEPBEFORE_END,1516295806508,76
63,WS_SEND_START,1516295806508,76
63,WS_SEND_END,1516295806508,76
63,WS_RECV_START,1516295806508,77
63,WS_RECV_END,1516295806577,77
63,PLAYER_SLEEPBEFORE_START,1516295806577,78
63,PLAYER_SLEEPBEFORE_END,1516295807445,78
63,WS_SEND_START,1516295807445,78
63,WS_SEND_END,1516295807445,78
63,WS_RECV_START,1516295807445,79
63,WS_RECV_END,1516295807610,79
63,PLAYER_SLEEPBEFORE_START,1516295807610,80
63,PLAYER_SLEEPBEFORE_END,1516295815276,80
63,WS_SEND_START,1516295815276,80
63,WS_SEND_END,1516295815276,80
63,WS_RECV_START,1516295815276,81
63,WS_RECV_END,1516295815318,81
63,PLAYER_SLEEPBEFORE_START,1516295815318,82
63,PLAYER_SLEEPBEFORE_END,1516295816420,82
63,WS_SEND_START,1516295816420,82
63,WS_SEND_END,1516295816420,82
63,WS_RECV_START,1516295816420,83
63,WS_RECV_END,1516295816477,83
63,PLAYER_SLEEPBEFORE_START,1516295816477,84
63,PLAYER_SLEEPBEFORE_END,1516295817425,84
63,WS_SEND_START,1516295817425,84
63,WS_SEND_END,1516295817425,84
63,WS_RECV_START,1516295817425,85
63,WS_RECV_END,1516295817475,85
63,PLAYER_SLEEPBEFORE_START,1516295817475,86
63,PLAYER_SLEEPBEFORE_END,1516295821647,86
63,WS_SEND_START,1516295821647,86
63,WS_SEND_END,1516295821647,86
63,WS_RECV_START,1516295821647,87
63,WS_RECV_END,1516295821734,87
63,PLAYER_SLEEPBEFORE_START,1516295821734,88
63,PLAYER_SLEEPBEFORE_END,1516295821742,88
63,WS_SEND_START,1516295821742,88
63,WS_SEND_END,1516295821742,88
63,WS_RECV_START,1516295821742,89
63,WS_RECV_END,1516295821866,89
63,PLAYER_SLEEPBEFORE_START,1516295821866,90
63,PLAYER_SLEEPBEFORE_END,1516295849063,90
63,REQ_START,1516295849063,90
63,REQ_END,1516295849071,90
63,PLAYER_SLEEPBEFORE_START,1516295849071,91
63,PLAYER_SLEEPBEFORE_END,1516295856960,91
63,WS_SEND_START,1516295856960,91
63,WS_SEND_END,1516295856960,91
63,WS_RECV_START,1516295856960,92
63,WS_RECV_END,1516295857127,92
63,PLAYER_SLEEPBEFORE_START,1516295857127,93
63,PLAYER_SLEEPBEFORE_END,1516295857142,93
63,WS_SEND_START,1516295857142,93
63,WS_SEND_END,1516295857142,93
63,WS_RECV_START,1516295857142,94
63,WS_RECV_END,1516295857355,94
63,PLAYER_SLEEPBEFORE_START,1516295857355,95
63,PLAYER_SLEEPBEFORE_END,1516295880910,95
63,WS_SEND_START,1516295880910,95
63,WS_SEND_END,1516295880910,95
63,WS_RECV_START,1516295880910,96
63,WS_RECV_END,1516295881257,96
63,PLAYER_SLEEPBEFORE_START,1516295881257,97
63,PLAYER_SLEEPBEFORE_END,1516295903697,97
63,WS_SEND_START,1516295903697,97
63,WS_SEND_END,1516295903697,97
63,WS_RECV_START,1516295903697,98
63,WS_RECV_END,1516295904134,98
63,PLAYER_SLEEPBEFORE_START,1516295904134,99
63,PLAYER_SLEEPBEFORE_END,1516295904155,99
63,WS_SEND_START,1516295904155,99
63,WS_SEND_END,1516295904155,99
63,WS_RECV_START,1516295904155,100
63,WS_RECV_END,1516295904494,100
63,PLAYER_SLEEPBEFORE_START,1516295904494,101
63,PLAYER_SLEEPBEFORE_END,1516295928053,101
63,WS_SEND_START,1516295928053,101
63,WS_SEND_END,1516295928053,101
63,WS_RECV_START,1516295928053,102
63,WS_RECV_END,1516295928798,102
63,PLAYER_SLEEPBEFORE_START,1516295928798,103
63,PLAYER_SLEEPBEFORE_END,1516295952424,103
63,WS_SEND_START,1516295952424,103
63,WS_SEND_END,1516295952424,103
63,WS_RECV_START,1516295952424,104
63,WS_RECV_END,1516295953354,104
63,PLAYER_SLEEPBEFORE_START,1516295953354,105
63,PLAYER_SLEEPBEFORE_END,1516295978731,105
63,WS_SEND_START,1516295978731,105
63,WS_SEND_END,1516295978731,105
63,WS_RECV_START,1516295978731,106
63,WS_RECV_END,1516295979913,106
63,PLAYER_SLEEPBEFORE_START,1516295979913,107
63,PLAYER_SLEEPBEFORE_END,1516296003336,107
63,WS_SEND_START,1516296003336,107
63,WS_SEND_END,1516296003336,107
63,WS_RECV_START,1516296003336,108
63,WS_RECV_END,1516296005214,108
63,PLAYER_SLEEPBEFORE_START,1516296005214,109
63,PLAYER_SLEEPBEFORE_END,1516296005223,109
63,WS_SEND_START,1516296005223,109
63,WS_SEND_END,1516296005223,109
63,WS_RECV_START,1516296005223,110
63,WS_RECV_END,1516296006198,110
63,PLAYER_SLEEPBEFORE_START,1516296006198,111
63,PLAYER_SLEEPBEFORE_END,1516296007157,111
63,WS_SEND_START,1516296007157,111
63,WS_SEND_END,1516296007157,111
63,WS_RECV_START,1516296007157,112
63,WS_RECV_END,1516296008287,112
63,PLAYER_SLEEPBEFORE_START,1516296008287,113
63,PLAYER_SLEEPBEFORE_END,1516296008849,113
63,WS_SEND_START,1516296008849,113
63,WS_SEND_END,1516296008850,113
63,WS_RECV_START,1516296008850,114
63,WS_RECV_END,1516296010001,114
63,PLAYER_SLEEPBEFORE_START,1516296010001,115
63,PLAYER_SLEEPBEFORE_END,1516296010010,115
63,WS_SEND_START,1516296010010,115
63,WS_SEND_END,1516296010010,115
63,WS_RECV_START,1516296010010,116
63,WS_RECV_END,1516296011751,116
63,PLAYER_SLEEPBEFORE_START,1516296011751,117
63,PLAYER_SLEEPBEFORE_END,1516296032111,117
63,WS_SEND_START,1516296032111,117
63,WS_SEND_END,1516296032111,117
63,PLAYER_SLEEPBEFORE_START,1516296032111,118
63,PLAYER_SLEEPBEFORE_END,1516296035864,118
63,WS_SEND_START,1516296035864,118
63,WS_SEND_END,1516296035864,118
63,WS_RECV_START,1516296035864,119
63,WS_RECV_END,1516296038099,119
63,PLAYER_SLEEPBEFORE_START,1516296038099,120
63,PLAYER_SLEEPBEFORE_END,1516296039087,120
63,WS_SEND_START,1516296039087,120
63,WS_SEND_END,1516296039087,120
63,WS_RECV_START,1516296039087,121
63,WS_RECV_END,1516296040228,121
63,PLAYER_SLEEPBEFORE_START,1516296040228,122
63,PLAYER_SLEEPBEFORE_END,1516296041413,122
63,WS_SEND_START,1516296041413,122
63,WS_SEND_END,1516296041413,122
63,WS_RECV_START,1516296041414,123
63,WS_RECV_END,1516296043322,123
63,PLAYER_SLEEPBEFORE_START,1516296043322,124
63,PLAYER_SLEEPBEFORE_END,1516296067735,124
63,WS_SEND_START,1516296067736,124
63,WS_SEND_END,1516296067736,124
63,WS_RECV_START,1516296067736,125
63,WS_RECV_END,1516296070792,125
63,PLAYER_SLEEPBEFORE_START,1516296070792,126
63,PLAYER_SLEEPBEFORE_END,1516296091304,126
63,WS_SEND_START,1516296091304,126
63,WS_SEND_END,1516296091304,126
63,PLAYER_SLEEPBEFORE_START,1516296091304,127
63,PLAYER_SLEEPBEFORE_END,1516296094359,127
63,WS_SEND_START,1516296094359,127
63,WS_SEND_END,1516296094359,127
63,WS_RECV_START,1516296094359,128
63,WS_RECV_END,1516296094684,128
63,PLAYER_SLEEPBEFORE_START,1516296094684,129
63,PLAYER_SLEEPBEFORE_END,1516296094705,129
63,WS_SEND_START,1516296094705,129
63,WS_SEND_END,1516296094705,129
63,WS_RECV_START,1516296094705,130
63,WS_RECV_END,1516296096255,130
63,PLAYER_SLEEPBEFORE_START,1516296096255,131
63,PLAYER_SLEEPBEFORE_END,1516296117880,131
63,WS_SEND_START,1516296117880,131
63,WS_SEND_END,1516296117880,131
63,PLAYER_SLEEPBEFORE_START,1516296117880,132
63,PLAYER_SLEEPBEFORE_END,1516296120960,132
63,WS_SEND_START,1516296120960,132
63,WS_SEND_END,1516296120960,132
63,WS_RECV_START,1516296120960,133
63,WS_RECV_END,1516296121795,133
63,PLAYER_SLEEPBEFORE_START,1516296121795,134
63,PLAYER_SLEEPBEFORE_END,1516296143012,134
63,WS_SEND_START,1516296143012,134
63,WS_SEND_END,1516296143012,134
63,PLAYER_SLEEPBEFORE_START,1516296143012,135
63,PLAYER_SLEEPBEFORE_END,1516296146202,135
63,WS_SEND_START,1516296146202,135
63,WS_SEND_END,1516296146202,135
63,WS_RECV_START,1516296146202,136
63,WS_RECV_END,1516296146463,136
63,PLAYER_SLEEPBEFORE_START,1516296146463,137
63,PLAYER_SLEEPBEFORE_END,1516296146470,137
63,WS_SEND_START,1516296146470,137
63,WS_SEND_END,1516296146470,137
63,WS_RECV_START,1516296146470,138
63,WS_RECV_END,1516296148374,138
63,PLAYER_SLEEPBEFORE_START,1516296148374,139
63,PLAYER_SLEEPBEFORE_END,1516296149064,139
63,WS_SEND_START,1516296149064,139
63,WS_SEND_END,1516296149064,139
63,WS_RECV_START,1516296149064,140
63,WS_RECV_END,1516296150302,140
63,PLAYER_SLEEPBEFORE_START,1516296150302,141
63,PLAYER_SLEEPBEFORE_END,1516296150957,141
63,WS_SEND_START,1516296150957,141
63,WS_SEND_END,1516296150957,141
63,WS_RECV_START,1516296150957,142
63,WS_RECV_END,1516296152687,142
63,PLAYER_SLEEPBEFORE_START,1516296152687,143
63,PLAYER_SLEEPBEFORE_END,1516296152744,143
63,WS_SEND_START,1516296152744,143
63,WS_SEND_END,1516296152744,143
63,WS_RECV_START,1516296152744,144
63,WS_RECV_END,1516296155441,144
63,PLAYER_SLEEPBEFORE_START,1516296155442,145
63,PLAYER_SLEEPBEFORE_END,1516296171504,145
63,REQ_START,1516296171504,145
63,REQ_END,1516296171512,145
63,PLAYER_SLEEPBEFORE_START,1516296171512,146
63,PLAYER_SLEEPBEFORE_END,1516296180389,146
63,WS_SEND_START,1516296180389,146
63,WS_SEND_END,1516296180389,146
63,WS_RECV_START,1516296180389,147
63,WS_RECV_END,1516296187154,147
63,PLAYER_SLEEPBEFORE_START,1516296187154,148
63,PLAYER_SLEEPBEFORE_END,1516296209077,148
63,WS_SEND_START,1516296209077,148
63,WS_SEND_END,1516296209077,148
63,PLAYER_SLEEPBEFORE_START,1516296209077,149
63,PLAYER_SLEEPBEFORE_END,1516296211505,149
63,WS_SEND_START,1516296211505,149
63,WS_SEND_END,1516296211505,149
63,WS_RECV_START,1516296211505,150
63,WS_RECV_END,1516296213310,150
63,PLAYER_SLEEPBEFORE_START,1516296213310,151
63,PLAYER_SLEEPBEFORE_END,1516296213520,151
63,WS_SEND_START,1516296213520,151
63,WS_SEND_END,1516296213520,151
63,WS_RECV_START,1516296213520,152
63,WS_RECV_END,1516296216595,152
63,PLAYER_SLEEPBEFORE_START,1516296216595,153
63,PLAYER_SLEEPBEFORE_END,1516296240522,153
63,WS_SEND_START,1516296240522,153
63,WS_SEND_END,1516296240522,153
63,WS_RECV_START,1516296240522,154
63,WS_RECV_END,1516296246764,154
63,PLAYER_SLEEPBEFORE_START,1516296246764,155
63,PLAYER_SLEEPBEFORE_END,1516296269322,155
63,WS_SEND_START,1516296269322,155
63,WS_SEND_END,1516296269322,155
63,PLAYER_SLEEPBEFORE_START,1516296269322,156
63,PLAYER_SLEEPBEFORE_END,1516296272596,156
63,WS_SEND_START,1516296272596,156
63,WS_SEND_END,1516296272596,156
63,WS_RECV_START,1516296272596,157
63,WS_RECV_END,1516296274540,157
63,PLAYER_SLEEPBEFORE_START,1516296274540,158
63,PLAYER_SLEEPBEFORE_END,1516296274550,158
63,WS_SEND_START,1516296274550,158
63,WS_SEND_END,1516296274550,158
63,WS_RECV_START,1516296274550,159
63,WS_RECV_END,1516296276737,159
63,PLAYER_SLEEPBEFORE_START,1516296276737,160
63,PLAYER_SLEEPBEFORE_END,1516296276912,160
63,WS_SEND_START,1516296276912,160
63,WS_SEND_END,1516296276912,160
63,WS_RECV_START,1516296276912,161
63,WS_RECV_END,1516296280250,161
63,PLAYER_SLEEPBEFORE_START,1516296280250,162
63,PLAYER_SLEEPBEFORE_END,1516296280275,162
63,WS_SEND_START,1516296280275,162
63,WS_SEND_END,1516296280275,162
63,WS_RECV_START,1516296280275,163
63,WS_RECV_END,1516296285233,163
63,PLAYER_SLEEPBEFORE_START,1516296285233,164
63,PLAYER_SLEEPBEFORE_END,1516296306045,164
63,WS_SEND_START,1516296306045,164
63,WS_SEND_END,1516296306045,164
63,WS_RECV_START,1516296306045,165
63,WS_RECV_END,1516296313890,165
63,PLAYER_SLEEPBEFORE_START,1516296313890,166
63,PLAYER_SLEEPBEFORE_END,1516296336345,166
63,WS_SEND_START,1516296336345,166
63,WS_SEND_END,1516296336345,166
63,WS_RECV_START,1516296336345,167
63,WS_RECV_END,1516296339679,167
63,PLAYER_SLEEPBEFORE_START,1516296339679,168
63,PLAYER_SLEEPBEFORE_END,1516296367036,168
63,WS_SEND_START,1516296367036,168
63,WS_SEND_END,1516296367036,168
63,WS_RECV_START,1516296367036,169
63,WS_RECV_END,1516296370792,169
63,PLAYER_SLEEPBEFORE_START,1516296370793,170
63,PLAYER_SLEEPBEFORE_END,1516296370802,170
63,WS_SEND_START,1516296370802,170
63,WS_SEND_END,1516296370802,170
63,WS_RECV_START,1516296370802,171
63,WS_RECV_END,1516296373700,171
63,PLAYER_SLEEPBEFORE_START,1516296373700,172
63,PLAYER_SLEEPBEFORE_END,1516296374070,172
63,WS_SEND_START,1516296374070,172
63,WS_SEND_END,1516296374070,172
63,WS_RECV_START,1516296374070,173
63,WS_RECV_END,1516296379112,173
63,PLAYER_SLEEPBEFORE_START,1516296379112,174
63,PLAYER_SLEEPBEFORE_END,1516296379153,174
63,WS_SEND_START,1516296379153,174
63,WS_SEND_END,1516296379153,174
63,WS_RECV_START,1516296379153,175
63,WS_RECV_END,1516296385098,175
63,PLAYER_SLEEPBEFORE_START,1516296385098,176
63,PLAYER_SLEEPBEFORE_END,1516296406859,176
63,WS_SEND_START,1516296406859,176
63,WS_SEND_END,1516296406859,176
63,PLAYER_SLEEPBEFORE_START,1516296406859,177
63,PLAYER_SLEEPBEFORE_END,1516296409378,177
63,WS_SEND_START,1516296409378,177
63,WS_SEND_END,1516296409378,177
63,WS_RECV_START,1516296409378,178
63,WS_RECV_END,1516296413497,178
63,PLAYER_SLEEPBEFORE_START,1516296413497,179
63,PLAYER_SLEEPBEFORE_END,1516296435837,179
63,WS_SEND_START,1516296435837,179
63,WS_SEND_END,1516296435837,179
63,WS_RECV_START,1516296435837,180
63,WS_RECV_END,1516296443929,180
63,PLAYER_SLEEPBEFORE_START,1516296443929,181
63,PLAYER_SLEEPBEFORE_END,1516296444373,181
63,WS_SEND_START,1516296444373,181
63,WS_SEND_END,1516296444373,181
63,WS_RECV_START,1516296444373,182
63,WS_RECV_END,1516296452272,182
63,PLAYER_SLEEPBEFORE_START,1516296452272,183
63,PLAYER_SLEEPBEFORE_END,1516296452795,183
63,WS_SEND_START,1516296452795,183
63,WS_SEND_END,1516296452795,183
63,WS_RECV_START,1516296452795,184
63,WS_RECV_END,1516296456037,184
63,PLAYER_SLEEPBEFORE_START,1516296456037,185
63,PLAYER_SLEEPBEFORE_END,1516296456305,185
63,WS_SEND_START,1516296456305,185
63,WS_SEND_END,1516296456305,185
63,WS_RECV_START,1516296456305,186
63,WS_RECV_END,1516296461150,186
63,PLAYER_SLEEPBEFORE_START,1516296461150,187
63,PLAYER_SLEEPBEFORE_END,1516296483650,187
63,WS_SEND_START,1516296483650,187
63,WS_SEND_END,1516296483650,187
63,WS_RECV_START,1516296483650,188
63,WS_RECV_END,1516296492252,188
63,PLAYER_SLEEPBEFORE_START,1516296492252,189
63,PLAYER_SLEEPBEFORE_END,1516296498491,189
63,WS_SEND_START,1516296498491,189
63,WS_SEND_END,1516296498491,189
63,WS_RECV_START,1516296498491,190
63,WS_RECV_END,1516296505958,190
63,PLAYER_SLEEPBEFORE_START,1516296505958,191
63,PLAYER_SLEEPBEFORE_END,1516296507874,191
63,WS_SEND_START,1516296507874,191
63,WS_SEND_END,1516296507874,191
63,WS_RECV_START,1516296507874,192
63,WS_RECV_END,1516296517412,192
63,PLAYER_SLEEPBEFORE_START,1516296517412,193
63,PLAYER_SLEEPBEFORE_END,1516296517540,193
63,WS_SEND_START,1516296517540,193
63,WS_SEND_END,1516296517540,193
63,WS_RECV_START,1516296517540,194
63,WS_RECV_END,1516296520588,194
63,PLAYER_SLEEPBEFORE_START,1516296520588,195
63,PLAYER_SLEEPBEFORE_END,1516296522343,195
63,WS_SEND_START,1516296522343,195
63,WS_SEND_END,1516296522343,195
63,WS_RECV_START,1516296522343,196
63,WS_RECV_END,1516296525677,196
63,PLAYER_SLEEPBEFORE_START,1516296525677,197
63,PLAYER_SLEEPBEFORE_END,1516296527482,197
63,WS_SEND_START,1516296527482,197
63,WS_SEND_END,1516296527482,197
63,WS_RECV_START,1516296527482,198
63,WS_RECV_END,1516296529373,198
63,PLAYER_SLEEPBEFORE_START,1516296529373,199
63,PLAYER_SLEEPBEFORE_END,1516296541228,199
63,WS_SEND_START,1516296541228,199
63,WS_SEND_END,1516296541228,199
63,PLAYER_SLEEPBEFORE_START,1516296541228,200
63,PLAYER_SLEEPBEFORE_END,1516296545316,200
63,WS_SEND_START,1516296545316,200
63,WS_SEND_END,1516296545316,200
63,WS_RECV_START,1516296545316,201
63,WS_RECV_END,1516296549474,201
63,PLAYER_SLEEPBEFORE_START,1516296549474,202
63,PLAYER_SLEEPBEFORE_END,1516296549488,202
63,WS_SEND_START,1516296549488,202
63,WS_SEND_END,1516296549488,202
63,WS_RECV_START,1516296549488,203
63,WS_RECV_END,1516296552346,203
63,PLAYER_SLEEPBEFORE_START,1516296552346,204
63,PLAYER_SLEEPBEFORE_END,1516296571995,204
63,WS_SEND_START,1516296571995,204
63,WS_SEND_END,1516296571995,204
63,PLAYER_SLEEPBEFORE_START,1516296571995,205
63,PLAYER_SLEEPBEFORE_END,1516296575893,205
63,WS_SEND_START,1516296575893,205
63,WS_SEND_END,1516296575893,205
63,WS_RECV_START,1516296575893,206
63,WS_RECV_END,1516296578221,206
63,PLAYER_SLEEPBEFORE_START,1516296578221,207
63,PLAYER_SLEEPBEFORE_END,1516296595152,207
63,REQ_START,1516296595152,207
63,REQ_END,1516296595161,207
63,PLAYER_SLEEPBEFORE_START,1516296595161,208
63,PLAYER_SLEEPBEFORE_END,1516296602013,208
63,WS_CLOSE_START,1516296602013,208
63,WS_CLOSE_END,1516296602013,208
63,PLAYER_DONE,1516296602013
