# --sessions 360 --app-url=http://shinyloadtest.rstudioservices.com/cran_explorer --output-dir test360 --overwrite-output --log-level warn --start-interval 500 15min.log
thread_id,event,timestamp,input_line_number,comment
229,PLAYER_SESSION_CREATE,1516218150751
229,PLAYER_START_INTERVAL_START,1516218150751
229,PLAYER_START_INTERVAL_END,1516218265251
229,REQ_HOME_START,1516218265251,2
229,REQ_HOME_END,1516218265570,2
229,REQ_START,1516218265570,3
229,REQ_END,1516218265901,3
229,REQ_START,1516218265901,4
229,REQ_END,1516218265948,4
229,REQ_START,1516218265948,5
229,REQ_END,1516218265998,5
229,REQ_START,1516218265998,6
229,REQ_END,1516218266031,6
229,REQ_START,1516218266031,7
229,REQ_END,1516218266064,7
229,REQ_START,1516218266064,8
229,REQ_END,1516218266098,8
229,REQ_START,1516218266098,9
229,REQ_END,1516218266135,9
229,REQ_START,1516218266135,10
229,REQ_END,1516218266144,10
229,REQ_START,1516218266144,11
229,REQ_END,1516218266175,11
229,REQ_START,1516218266175,12
229,REQ_END,1516218266185,12
229,REQ_START,1516218266185,13
229,REQ_END,1516218266218,13
229,REQ_START,1516218266218,14
229,REQ_END,1516218266234,14
229,REQ_START,1516218266234,15
229,REQ_END,1516218266310,15
229,REQ_TOK_START,1516218266310,16
229,REQ_TOK_END,1516218266318,16
229,REQ_SINF_START,1516218266318,17
229,REQ_SINF_END,1516218266325,17
229,WS_OPEN_START,1516218266325,18
229,WS_OPEN_END,1516218266332,18
229,REQ_START,1516218266332,19
229,REQ_END,1516218266361,19
229,WS_RECV_START,1516218266361,20
229,WS_RECV_END,1516218266361,20
229,PLAYER_SLEEPBEFORE_START,1516218266361,21
229,PLAYER_SLEEPBEFORE_END,1516218266366,21
229,WS_SEND_START,1516218266366,21
229,WS_SEND_END,1516218266366,21
229,PLAYER_SLEEPBEFORE_START,1516218266366,22
229,PLAYER_SLEEPBEFORE_END,1516218266368,22
229,WS_SEND_START,1516218266368,22
229,WS_SEND_END,1516218266368,22
229,WS_RECV_INIT_START,1516218266368,23
229,WS_RECV_INIT_END,1516218266471,23
229,WS_RECV_START,1516218266471,24
229,WS_RECV_END,1516218266529,24
229,PLAYER_SLEEPBEFORE_START,1516218266529,25
229,PLAYER_SLEEPBEFORE_END,1516218266536,25
229,REQ_START,1516218266536,25
229,REQ_END,1516218267063,25
229,PLAYER_SLEEPBEFORE_START,1516218267063,26
229,PLAYER_SLEEPBEFORE_END,1516218267064,26
229,REQ_START,1516218267064,26
229,REQ_END,1516218267200,26
229,PLAYER_SLEEPBEFORE_START,1516218267200,27
229,PLAYER_SLEEPBEFORE_END,1516218267203,27
229,REQ_START,1516218267203,27
229,REQ_END,1516218267234,27
229,PLAYER_SLEEPBEFORE_START,1516218267234,28
229,PLAYER_SLEEPBEFORE_END,1516218267519,28
229,REQ_START,1516218267519,28
229,REQ_END,1516218267576,28
229,PLAYER_SLEEPBEFORE_START,1516218267576,29
229,PLAYER_SLEEPBEFORE_END,1516218267751,29
229,WS_SEND_START,1516218267751,29
229,WS_SEND_END,1516218267751,29
229,WS_RECV_START,1516218267751,30
229,WS_RECV_END,1516218268005,30
229,PLAYER_SLEEPBEFORE_START,1516218268005,31
229,PLAYER_SLEEPBEFORE_END,1516218268017,31
229,REQ_START,1516218268017,31
229,REQ_END,1516218268076,31
229,PLAYER_SLEEPBEFORE_START,1516218268076,32
229,PLAYER_SLEEPBEFORE_END,1516218296221,32
229,WS_SEND_START,1516218296221,32
229,WS_SEND_END,1516218296221,32
229,WS_RECV_START,1516218296221,33
229,WS_RECV_END,1516218296435,33
229,PLAYER_SLEEPBEFORE_START,1516218296435,34
229,PLAYER_SLEEPBEFORE_END,1516218322346,34
229,WS_SEND_START,1516218322346,34
229,WS_SEND_END,1516218322346,34
229,WS_RECV_START,1516218322346,35
229,WS_RECV_END,1516218322645,35
229,PLAYER_SLEEPBEFORE_START,1516218322645,36
229,PLAYER_SLEEPBEFORE_END,1516218322654,36
229,WS_SEND_START,1516218322654,36
229,WS_SEND_END,1516218322654,36
229,WS_RECV_START,1516218322654,37
229,WS_RECV_END,1516218322785,37
229,PLAYER_SLEEPBEFORE_START,1516218322785,38
229,PLAYER_SLEEPBEFORE_END,1516218325980,38
229,WS_SEND_START,1516218325980,38
229,WS_SEND_END,1516218325980,38
229,WS_RECV_START,1516218325980,39
229,WS_RECV_END,1516218326632,39
229,PLAYER_SLEEPBEFORE_START,1516218326632,40
229,PLAYER_SLEEPBEFORE_END,1516218326678,40
229,WS_SEND_START,1516218326678,40
229,WS_SEND_END,1516218326678,40
229,WS_RECV_START,1516218326678,41
229,WS_RECV_END,1516218326923,41
229,PLAYER_SLEEPBEFORE_START,1516218326923,42
229,PLAYER_SLEEPBEFORE_END,1516218345058,42
229,WS_SEND_START,1516218345058,42
229,WS_SEND_END,1516218345058,42
229,WS_RECV_START,1516218345058,43
229,WS_RECV_END,1516218345187,43
229,PLAYER_SLEEPBEFORE_START,1516218345187,44
229,PLAYER_SLEEPBEFORE_END,1516218345199,44
229,WS_SEND_START,1516218345199,44
229,WS_SEND_END,1516218345199,44
229,WS_RECV_START,1516218345199,45
229,WS_RECV_END,1516218345389,45
229,PLAYER_SLEEPBEFORE_START,1516218345389,46
229,PLAYER_SLEEPBEFORE_END,1516218346649,46
229,WS_SEND_START,1516218346649,46
229,WS_SEND_END,1516218346649,46
229,WS_RECV_START,1516218346649,47
229,WS_RECV_END,1516218346678,47
229,PLAYER_SLEEPBEFORE_START,1516218346678,48
229,PLAYER_SLEEPBEFORE_END,1516218347998,48
229,WS_SEND_START,1516218347998,48
229,WS_SEND_END,1516218347998,48
229,WS_RECV_START,1516218347998,49
229,WS_RECV_END,1516218348400,49
229,PLAYER_SLEEPBEFORE_START,1516218348400,50
229,PLAYER_SLEEPBEFORE_END,1516218348424,50
229,WS_SEND_START,1516218348424,50
229,WS_SEND_END,1516218348424,50
229,WS_RECV_START,1516218348424,51
229,WS_RECV_END,1516218348605,51
229,PLAYER_SLEEPBEFORE_START,1516218348605,52
229,PLAYER_SLEEPBEFORE_END,1516218371169,52
229,WS_SEND_START,1516218371169,52
229,WS_SEND_END,1516218371170,52
229,WS_RECV_START,1516218371170,53
229,WS_RECV_END,1516218371296,53
229,PLAYER_SLEEPBEFORE_START,1516218371296,54
229,PLAYER_SLEEPBEFORE_END,1516218392599,54
229,WS_SEND_START,1516218392599,54
229,WS_SEND_END,1516218392599,54
229,PLAYER_SLEEPBEFORE_START,1516218392599,55
229,PLAYER_SLEEPBEFORE_END,1516218394540,55
229,WS_SEND_START,1516218394540,55
229,WS_SEND_END,1516218394540,55
229,WS_RECV_START,1516218394540,56
229,WS_RECV_END,1516218394826,56
229,PLAYER_SLEEPBEFORE_START,1516218394826,57
229,PLAYER_SLEEPBEFORE_END,1516218417698,57
229,WS_SEND_START,1516218417698,57
229,WS_SEND_END,1516218417699,57
229,WS_RECV_START,1516218417699,58
229,WS_RECV_END,1516218418003,58
229,PLAYER_SLEEPBEFORE_START,1516218418003,59
229,PLAYER_SLEEPBEFORE_END,1516218420330,59
229,WS_SEND_START,1516218420330,59
229,WS_SEND_END,1516218420330,59
229,WS_RECV_START,1516218420330,60
229,WS_RECV_END,1516218420472,60
229,PLAYER_SLEEPBEFORE_START,1516218420472,61
229,PLAYER_SLEEPBEFORE_END,1516218424063,61
229,WS_SEND_START,1516218424063,61
229,WS_SEND_END,1516218424063,61
229,WS_RECV_START,1516218424063,62
229,WS_RECV_END,1516218424321,62
229,PLAYER_SLEEPBEFORE_START,1516218424321,63
229,PLAYER_SLEEPBEFORE_END,1516218443583,63
229,WS_SEND_START,1516218443583,63
229,WS_SEND_END,1516218443583,63
229,WS_RECV_START,1516218443583,64
229,WS_RECV_END,1516218443629,64
229,PLAYER_SLEEPBEFORE_START,1516218443629,65
229,PLAYER_SLEEPBEFORE_END,1516218470446,65
229,WS_SEND_START,1516218470446,65
229,WS_SEND_END,1516218470446,65
229,WS_RECV_START,1516218470446,66
229,WS_RECV_END,1516218470580,66
229,PLAYER_SLEEPBEFORE_START,1516218470580,67
229,PLAYER_SLEEPBEFORE_END,1516218472087,67
229,WS_SEND_START,1516218472087,67
229,WS_SEND_END,1516218472087,67
229,WS_RECV_START,1516218472087,68
229,WS_RECV_END,1516218472922,68
229,PLAYER_SLEEPBEFORE_START,1516218472922,69
229,PLAYER_SLEEPBEFORE_END,1516218494921,69
229,WS_SEND_START,1516218494921,69
229,WS_SEND_END,1516218494921,69
229,WS_RECV_START,1516218494921,70
229,WS_RECV_END,1516218495299,70
229,PLAYER_SLEEPBEFORE_START,1516218495299,71
229,PLAYER_SLEEPBEFORE_END,1516218520074,71
229,WS_SEND_START,1516218520074,71
229,WS_SEND_END,1516218520074,71
229,PLAYER_SLEEPBEFORE_START,1516218520074,72
229,PLAYER_SLEEPBEFORE_END,1516218522681,72
229,WS_SEND_START,1516218522681,72
229,WS_SEND_END,1516218522681,72
229,WS_RECV_START,1516218522681,73
229,WS_RECV_END,1516218523012,73
229,PLAYER_SLEEPBEFORE_START,1516218523012,74
229,PLAYER_SLEEPBEFORE_END,1516218523021,74
229,WS_SEND_START,1516218523021,74
229,WS_SEND_END,1516218523021,74
229,WS_RECV_START,1516218523022,75
229,WS_RECV_END,1516218523080,75
229,PLAYER_SLEEPBEFORE_START,1516218523080,76
229,PLAYER_SLEEPBEFORE_END,1516218524587,76
229,WS_SEND_START,1516218524587,76
229,WS_SEND_END,1516218524587,76
229,WS_RECV_START,1516218524587,77
229,WS_RECV_END,1516218525690,77
229,PLAYER_SLEEPBEFORE_START,1516218525690,78
229,PLAYER_SLEEPBEFORE_END,1516218526558,78
229,WS_SEND_START,1516218526558,78
229,WS_SEND_END,1516218526558,78
229,WS_RECV_START,1516218526558,79
229,WS_RECV_END,1516218527233,79
229,PLAYER_SLEEPBEFORE_START,1516218527233,80
229,PLAYER_SLEEPBEFORE_END,1516218534900,80
229,WS_SEND_START,1516218534900,80
229,WS_SEND_END,1516218534900,80
229,WS_RECV_START,1516218534900,81
229,WS_RECV_END,1516218535179,81
229,PLAYER_SLEEPBEFORE_START,1516218535179,82
229,PLAYER_SLEEPBEFORE_END,1516218536281,82
229,WS_SEND_START,1516218536281,82
229,WS_SEND_END,1516218536281,82
229,WS_RECV_START,1516218536281,83
229,WS_RECV_END,1516218536733,83
229,PLAYER_SLEEPBEFORE_START,1516218536733,84
229,PLAYER_SLEEPBEFORE_END,1516218537680,84
229,WS_SEND_START,1516218537680,84
229,WS_SEND_END,1516218537680,84
229,WS_RECV_START,1516218537680,85
229,WS_RECV_END,1516218537847,85
229,PLAYER_SLEEPBEFORE_START,1516218537847,86
229,PLAYER_SLEEPBEFORE_END,1516218542019,86
229,WS_SEND_START,1516218542019,86
229,WS_SEND_END,1516218542019,86
229,WS_RECV_START,1516218542019,87
229,WS_RECV_END,1516218542282,87
229,PLAYER_SLEEPBEFORE_START,1516218542282,88
229,PLAYER_SLEEPBEFORE_END,1516218542290,88
229,WS_SEND_START,1516218542290,88
229,WS_SEND_END,1516218542290,88
229,WS_RECV_START,1516218542290,89
229,WS_RECV_END,1516218542576,89
229,PLAYER_SLEEPBEFORE_START,1516218542576,90
229,PLAYER_SLEEPBEFORE_END,1516218569773,90
229,REQ_START,1516218569773,90
229,REQ_END,1516218569781,90
229,PLAYER_SLEEPBEFORE_START,1516218569781,91
229,PLAYER_SLEEPBEFORE_END,1516218577670,91
229,WS_SEND_START,1516218577670,91
229,WS_SEND_END,1516218577670,91
229,WS_RECV_START,1516218577670,92
229,WS_RECV_END,1516218577798,92
229,PLAYER_SLEEPBEFORE_START,1516218577798,93
229,PLAYER_SLEEPBEFORE_END,1516218577813,93
229,WS_SEND_START,1516218577813,93
229,WS_SEND_END,1516218577813,93
229,WS_RECV_START,1516218577813,94
229,WS_RECV_END,1516218578064,94
229,PLAYER_SLEEPBEFORE_START,1516218578064,95
229,PLAYER_SLEEPBEFORE_END,1516218601619,95
229,WS_SEND_START,1516218601619,95
229,WS_SEND_END,1516218601619,95
229,WS_RECV_START,1516218601619,96
229,WS_RECV_END,1516218601783,96
229,PLAYER_SLEEPBEFORE_START,1516218601783,97
229,PLAYER_SLEEPBEFORE_END,1516218624223,97
229,WS_SEND_START,1516218624223,97
229,WS_SEND_END,1516218624223,97
229,WS_RECV_START,1516218624223,98
229,WS_RECV_END,1516218624943,98
229,PLAYER_SLEEPBEFORE_START,1516218624943,99
229,PLAYER_SLEEPBEFORE_END,1516218624964,99
229,WS_SEND_START,1516218624964,99
229,WS_SEND_END,1516218624964,99
229,WS_RECV_START,1516218624964,100
229,WS_RECV_END,1516218625294,100
229,PLAYER_SLEEPBEFORE_START,1516218625294,101
229,PLAYER_SLEEPBEFORE_END,1516218648853,101
229,WS_SEND_START,1516218648853,101
229,WS_SEND_END,1516218648853,101
229,WS_RECV_START,1516218648853,102
229,WS_RECV_END,1516218649466,102
229,PLAYER_SLEEPBEFORE_START,1516218649466,103
229,PLAYER_SLEEPBEFORE_END,1516218673091,103
229,WS_SEND_START,1516218673091,103
229,WS_SEND_END,1516218673091,103
229,WS_RECV_START,1516218673091,104
229,WS_RECV_END,1516218673572,104
229,PLAYER_SLEEPBEFORE_START,1516218673572,105
229,PLAYER_SLEEPBEFORE_END,1516218698950,105
229,WS_SEND_START,1516218698950,105
229,WS_SEND_END,1516218698950,105
229,WS_RECV_START,1516218698950,106
229,WS_RECV_END,1516218699303,106
229,PLAYER_SLEEPBEFORE_START,1516218699303,107
229,PLAYER_SLEEPBEFORE_END,1516218722726,107
229,WS_SEND_START,1516218722726,107
229,WS_SEND_END,1516218722726,107
229,WS_RECV_START,1516218722726,108
229,WS_RECV_END,1516218722766,108
229,PLAYER_SLEEPBEFORE_START,1516218722766,109
229,PLAYER_SLEEPBEFORE_END,1516218722775,109
229,WS_SEND_START,1516218722775,109
229,WS_SEND_END,1516218722775,109
229,WS_RECV_START,1516218722775,110
229,WS_RECV_END,1516218722824,110
229,PLAYER_SLEEPBEFORE_START,1516218722824,111
229,PLAYER_SLEEPBEFORE_END,1516218723783,111
229,WS_SEND_START,1516218723783,111
229,WS_SEND_END,1516218723783,111
229,WS_RECV_START,1516218723783,112
229,WS_RECV_END,1516218724072,112
229,PLAYER_SLEEPBEFORE_START,1516218724072,113
229,PLAYER_SLEEPBEFORE_END,1516218724634,113
229,WS_SEND_START,1516218724634,113
229,WS_SEND_END,1516218724634,113
229,WS_RECV_START,1516218724634,114
229,WS_RECV_END,1516218724855,114
229,PLAYER_SLEEPBEFORE_START,1516218724855,115
229,PLAYER_SLEEPBEFORE_END,1516218724864,115
229,WS_SEND_START,1516218724864,115
229,WS_SEND_END,1516218724864,115
229,WS_RECV_START,1516218724864,116
229,WS_RECV_END,1516218725099,116
229,PLAYER_SLEEPBEFORE_START,1516218725099,117
229,PLAYER_SLEEPBEFORE_END,1516218745459,117
229,WS_SEND_START,1516218745459,117
229,WS_SEND_END,1516218745459,117
229,PLAYER_SLEEPBEFORE_START,1516218745459,118
229,PLAYER_SLEEPBEFORE_END,1516218749211,118
229,WS_SEND_START,1516218749211,118
229,WS_SEND_END,1516218749211,118
229,WS_RECV_START,1516218749211,119
229,WS_RECV_END,1516218749374,119
229,PLAYER_SLEEPBEFORE_START,1516218749374,120
229,PLAYER_SLEEPBEFORE_END,1516218750362,120
229,WS_SEND_START,1516218750362,120
229,WS_SEND_END,1516218750362,120
229,WS_RECV_START,1516218750362,121
229,WS_RECV_END,1516218750857,121
229,PLAYER_SLEEPBEFORE_START,1516218750857,122
229,PLAYER_SLEEPBEFORE_END,1516218752042,122
229,WS_SEND_START,1516218752042,122
229,WS_SEND_END,1516218752042,122
229,WS_RECV_START,1516218752042,123
229,WS_RECV_END,1516218752838,123
229,PLAYER_SLEEPBEFORE_START,1516218752838,124
229,PLAYER_SLEEPBEFORE_END,1516218777243,124
229,WS_SEND_START,1516218777243,124
229,WS_SEND_END,1516218777243,124
229,WS_RECV_START,1516218777243,125
229,WS_RECV_END,1516218777888,125
229,PLAYER_SLEEPBEFORE_START,1516218777888,126
229,PLAYER_SLEEPBEFORE_END,1516218798400,126
229,WS_SEND_START,1516218798400,126
229,WS_SEND_END,1516218798400,126
229,PLAYER_SLEEPBEFORE_START,1516218798400,127
229,PLAYER_SLEEPBEFORE_END,1516218801455,127
229,WS_SEND_START,1516218801455,127
229,WS_SEND_END,1516218801455,127
229,WS_RECV_START,1516218801455,128
229,WS_RECV_END,1516218802299,128
229,PLAYER_SLEEPBEFORE_START,1516218802299,129
229,PLAYER_SLEEPBEFORE_END,1516218802319,129
229,WS_SEND_START,1516218802319,129
229,WS_SEND_END,1516218802319,129
229,WS_RECV_START,1516218802319,130
229,WS_RECV_END,1516218802576,130
229,PLAYER_SLEEPBEFORE_START,1516218802576,131
229,PLAYER_SLEEPBEFORE_END,1516218824201,131
229,WS_SEND_START,1516218824201,131
229,WS_SEND_END,1516218824201,131
229,PLAYER_SLEEPBEFORE_START,1516218824201,132
229,PLAYER_SLEEPBEFORE_END,1516218827281,132
229,WS_SEND_START,1516218827281,132
229,WS_SEND_END,1516218827281,132
229,WS_RECV_START,1516218827281,133
229,WS_RECV_END,1516218827832,133
229,PLAYER_SLEEPBEFORE_START,1516218827832,134
229,PLAYER_SLEEPBEFORE_END,1516218849049,134
229,WS_SEND_START,1516218849049,134
229,WS_SEND_END,1516218849049,134
229,PLAYER_SLEEPBEFORE_START,1516218849049,135
229,PLAYER_SLEEPBEFORE_END,1516218852239,135
229,WS_SEND_START,1516218852239,135
229,WS_SEND_END,1516218852239,135
229,WS_RECV_START,1516218852239,136
229,WS_RECV_END,1516218852931,136
229,PLAYER_SLEEPBEFORE_START,1516218852931,137
229,PLAYER_SLEEPBEFORE_END,1516218852938,137
229,WS_SEND_START,1516218852938,137
229,WS_SEND_END,1516218852938,137
229,WS_RECV_START,1516218852938,138
229,WS_RECV_END,1516218853148,138
229,PLAYER_SLEEPBEFORE_START,1516218853148,139
229,PLAYER_SLEEPBEFORE_END,1516218853838,139
229,WS_SEND_START,1516218853838,139
229,WS_SEND_END,1516218853838,139
229,WS_RECV_START,1516218853838,140
229,WS_RECV_END,1516218854531,140
229,PLAYER_SLEEPBEFORE_START,1516218854531,141
229,PLAYER_SLEEPBEFORE_END,1516218855186,141
229,WS_SEND_START,1516218855186,141
229,WS_SEND_END,1516218855186,141
229,WS_RECV_START,1516218855186,142
229,WS_RECV_END,1516218856139,142
229,PLAYER_SLEEPBEFORE_START,1516218856140,143
229,PLAYER_SLEEPBEFORE_END,1516218856197,143
229,WS_SEND_START,1516218856197,143
229,WS_SEND_END,1516218856197,143
229,WS_RECV_START,1516218856197,144
229,WS_RECV_END,1516218857172,144
229,PLAYER_SLEEPBEFORE_START,1516218857172,145
229,PLAYER_SLEEPBEFORE_END,1516218873234,145
229,REQ_START,1516218873234,145
229,REQ_END,1516218873242,145
229,PLAYER_SLEEPBEFORE_START,1516218873242,146
229,PLAYER_SLEEPBEFORE_END,1516218882119,146
229,WS_SEND_START,1516218882119,146
229,WS_SEND_END,1516218882119,146
229,WS_RECV_START,1516218882119,147
229,WS_RECV_END,1516218882526,147
229,PLAYER_SLEEPBEFORE_START,1516218882526,148
229,PLAYER_SLEEPBEFORE_END,1516218904448,148
229,WS_SEND_START,1516218904448,148
229,WS_SEND_END,1516218904448,148
229,PLAYER_SLEEPBEFORE_START,1516218904448,149
229,PLAYER_SLEEPBEFORE_END,1516218906876,149
229,WS_SEND_START,1516218906877,149
229,WS_SEND_END,1516218906877,149
229,WS_RECV_START,1516218906877,150
229,WS_RECV_END,1516218907083,150
229,PLAYER_SLEEPBEFORE_START,1516218907083,151
229,PLAYER_SLEEPBEFORE_END,1516218907293,151
229,WS_SEND_START,1516218907293,151
229,WS_SEND_END,1516218907293,151
229,WS_RECV_START,1516218907293,152
229,WS_RECV_END,1516218907798,152
229,PLAYER_SLEEPBEFORE_START,1516218907798,153
229,PLAYER_SLEEPBEFORE_END,1516218931725,153
229,WS_SEND_START,1516218931725,153
229,WS_SEND_END,1516218931725,153
229,WS_RECV_START,1516218931725,154
229,WS_RECV_END,1516218932362,154
229,PLAYER_SLEEPBEFORE_START,1516218932362,155
229,PLAYER_SLEEPBEFORE_END,1516218954921,155
229,WS_SEND_START,1516218954921,155
229,WS_SEND_END,1516218954921,155
229,PLAYER_SLEEPBEFORE_START,1516218954921,156
229,PLAYER_SLEEPBEFORE_END,1516218958195,156
229,WS_SEND_START,1516218958195,156
229,WS_SEND_END,1516218958195,156
229,WS_RECV_START,1516218958195,157
229,WS_RECV_END,1516218958926,157
229,PLAYER_SLEEPBEFORE_START,1516218958926,158
229,PLAYER_SLEEPBEFORE_END,1516218958936,158
229,WS_SEND_START,1516218958936,158
229,WS_SEND_END,1516218958936,158
229,WS_RECV_START,1516218958936,159
229,WS_RECV_END,1516218959124,159
229,PLAYER_SLEEPBEFORE_START,1516218959124,160
229,PLAYER_SLEEPBEFORE_END,1516218959299,160
229,WS_SEND_START,1516218959299,160
229,WS_SEND_END,1516218959299,160
229,WS_RECV_START,1516218959299,161
229,WS_RECV_END,1516218959827,161
229,PLAYER_SLEEPBEFORE_START,1516218959827,162
229,PLAYER_SLEEPBEFORE_END,1516218959852,162
229,WS_SEND_START,1516218959852,162
229,WS_SEND_END,1516218959852,162
229,WS_RECV_START,1516218959852,163
229,WS_RECV_END,1516218960090,163
229,PLAYER_SLEEPBEFORE_START,1516218960090,164
229,PLAYER_SLEEPBEFORE_END,1516218980902,164
229,WS_SEND_START,1516218980902,164
229,WS_SEND_END,1516218980902,164
229,WS_RECV_START,1516218980902,165
229,WS_RECV_END,1516218982231,165
229,PLAYER_SLEEPBEFORE_START,1516218982231,166
229,PLAYER_SLEEPBEFORE_END,1516219004686,166
229,WS_SEND_START,1516219004686,166
229,WS_SEND_END,1516219004686,166
229,WS_RECV_START,1516219004686,167
229,WS_RECV_END,1516219007666,167
229,PLAYER_SLEEPBEFORE_START,1516219007666,168
229,PLAYER_SLEEPBEFORE_END,1516219035023,168
229,WS_SEND_START,1516219035023,168
229,WS_SEND_END,1516219035023,168
229,WS_RECV_START,1516219035023,169
229,WS_RECV_END,1516219040703,169
229,PLAYER_SLEEPBEFORE_START,1516219040703,170
229,PLAYER_SLEEPBEFORE_END,1516219040712,170
229,WS_SEND_START,1516219040712,170
229,WS_SEND_END,1516219040712,170
229,WS_RECV_START,1516219040712,171
229,WS_RECV_END,1516219044324,171
229,PLAYER_SLEEPBEFORE_START,1516219044324,172
229,PLAYER_SLEEPBEFORE_END,1516219044693,172
229,WS_SEND_START,1516219044693,172
229,WS_SEND_END,1516219044693,172
229,WS_RECV_START,1516219044693,173
229,WS_RECV_END,1516219047369,173
229,PLAYER_SLEEPBEFORE_START,1516219047369,174
229,PLAYER_SLEEPBEFORE_END,1516219047410,174
229,WS_SEND_START,1516219047410,174
229,WS_SEND_END,1516219047410,174
229,WS_RECV_START,1516219047410,175
229,WS_RECV_END,1516219050534,175
229,PLAYER_SLEEPBEFORE_START,1516219050534,176
229,PLAYER_SLEEPBEFORE_END,1516219072295,176
229,WS_SEND_START,1516219072295,176
229,WS_SEND_END,1516219072295,176
229,PLAYER_SLEEPBEFORE_START,1516219072295,177
229,PLAYER_SLEEPBEFORE_END,1516219074813,177
229,WS_SEND_START,1516219074813,177
229,WS_SEND_END,1516219074813,177
229,WS_RECV_START,1516219074813,178
229,WS_RECV_END,1516219075173,178
229,PLAYER_SLEEPBEFORE_START,1516219075173,179
229,PLAYER_SLEEPBEFORE_END,1516219097513,179
229,WS_SEND_START,1516219097513,179
229,WS_SEND_END,1516219097513,179
229,WS_RECV_START,1516219097513,180
229,WS_RECV_END,1516219099928,180
229,PLAYER_SLEEPBEFORE_START,1516219099928,181
229,PLAYER_SLEEPBEFORE_END,1516219100372,181
229,WS_SEND_START,1516219100372,181
229,WS_SEND_END,1516219100372,181
229,WS_RECV_START,1516219100372,182
229,WS_RECV_END,1516219103270,182
229,PLAYER_SLEEPBEFORE_START,1516219103270,183
229,PLAYER_SLEEPBEFORE_END,1516219103793,183
229,WS_SEND_START,1516219103793,183
229,WS_SEND_END,1516219103793,183
229,WS_RECV_START,1516219103793,184
229,WS_RECV_END,1516219104534,184
229,PLAYER_SLEEPBEFORE_START,1516219104535,185
229,PLAYER_SLEEPBEFORE_END,1516219104803,185
229,WS_SEND_START,1516219104803,185
229,WS_SEND_END,1516219104803,185
229,WS_RECV_START,1516219104803,186
229,WS_RECV_END,1516219106881,186
229,PLAYER_SLEEPBEFORE_START,1516219106881,187
229,PLAYER_SLEEPBEFORE_END,1516219129381,187
229,WS_SEND_START,1516219129381,187
229,WS_SEND_END,1516219129381,187
229,WS_RECV_START,1516219129381,188
229,WS_RECV_END,1516219131583,188
229,PLAYER_SLEEPBEFORE_START,1516219131583,189
229,PLAYER_SLEEPBEFORE_END,1516219137823,189
229,WS_SEND_START,1516219137823,189
229,WS_SEND_END,1516219137823,189
229,WS_RECV_START,1516219137823,190
229,WS_RECV_END,1516219138621,190
229,PLAYER_SLEEPBEFORE_START,1516219138621,191
229,PLAYER_SLEEPBEFORE_END,1516219140536,191
229,WS_SEND_START,1516219140536,191
229,WS_SEND_END,1516219140536,191
229,WS_RECV_START,1516219140536,192
229,WS_RECV_END,1516219141174,192
229,PLAYER_SLEEPBEFORE_START,1516219141174,193
229,PLAYER_SLEEPBEFORE_END,1516219141302,193
229,WS_SEND_START,1516219141302,193
229,WS_SEND_END,1516219141302,193
229,WS_RECV_START,1516219141302,194
229,WS_RECV_END,1516219141725,194
229,PLAYER_SLEEPBEFORE_START,1516219141725,195
229,PLAYER_SLEEPBEFORE_END,1516219143480,195
229,WS_SEND_START,1516219143480,195
229,WS_SEND_END,1516219143480,195
229,WS_RECV_START,1516219143480,196
229,WS_RECV_END,1516219144100,196
229,PLAYER_SLEEPBEFORE_START,1516219144100,197
229,PLAYER_SLEEPBEFORE_END,1516219145905,197
229,WS_SEND_START,1516219145905,197
229,WS_SEND_END,1516219145905,197
229,WS_RECV_START,1516219145905,198
229,WS_RECV_END,1516219146976,198
229,PLAYER_SLEEPBEFORE_START,1516219146976,199
229,PLAYER_SLEEPBEFORE_END,1516219158830,199
229,WS_SEND_START,1516219158830,199
229,WS_SEND_END,1516219158830,199
229,PLAYER_SLEEPBEFORE_START,1516219158830,200
229,PLAYER_SLEEPBEFORE_END,1516219162918,200
229,WS_SEND_START,1516219162918,200
229,WS_SEND_END,1516219162918,200
229,WS_RECV_START,1516219162918,201
229,WS_RECV_END,1516219163068,201
229,PLAYER_SLEEPBEFORE_START,1516219163068,202
229,PLAYER_SLEEPBEFORE_END,1516219163082,202
229,WS_SEND_START,1516219163082,202
229,WS_SEND_END,1516219163082,202
229,WS_RECV_START,1516219163082,203
229,WS_RECV_END,1516219163636,203
229,PLAYER_SLEEPBEFORE_START,1516219163636,204
229,PLAYER_SLEEPBEFORE_END,1516219183286,204
229,WS_SEND_START,1516219183286,204
229,WS_SEND_END,1516219183286,204
229,PLAYER_SLEEPBEFORE_START,1516219183286,205
229,PLAYER_SLEEPBEFORE_END,1516219187184,205
229,WS_SEND_START,1516219187184,205
229,WS_SEND_END,1516219187184,205
229,WS_RECV_START,1516219187184,206
229,WS_RECV_END,1516219187310,206
229,PLAYER_SLEEPBEFORE_START,1516219187310,207
229,PLAYER_SLEEPBEFORE_END,1516219204241,207
229,REQ_START,1516219204241,207
229,REQ_END,1516219204249,207
229,PLAYER_SLEEPBEFORE_START,1516219204249,208
229,PLAYER_SLEEPBEFORE_END,1516219211101,208
229,WS_CLOSE_START,1516219211101,208
229,WS_CLOSE_END,1516219211101,208
229,PLAYER_DONE,1516219211101
