# --sessions 360 --app-url=http://shinyloadtest.rstudioservices.com/cran_explorer --output-dir test360 --overwrite-output --log-level warn --start-interval 500 15min.log
thread_id,event,timestamp,input_line_number,comment
237,PLAYER_SESSION_CREATE,1516218150776
237,PLAYER_START_INTERVAL_START,1516218150776
237,PLAYER_START_INTERVAL_END,1516218269276
237,REQ_HOME_START,1516218269276,2
237,REQ_HOME_END,1516218269373,2
237,REQ_START,1516218269373,3
237,REQ_END,1516218269529,3
237,REQ_START,1516218269529,4
237,REQ_END,1516218269696,4
237,REQ_START,1516218269696,5
237,REQ_END,1516218270370,5
237,REQ_START,1516218270370,6
237,REQ_END,1516218270503,6
237,REQ_START,1516218270503,7
237,REQ_END,1516218270670,7
237,REQ_START,1516218270670,8
237,REQ_END,1516218270990,8
237,REQ_START,1516218270990,9
237,REQ_END,1516218271164,9
237,REQ_START,1516218271164,10
237,REQ_END,1516218271172,10
237,REQ_START,1516218271172,11
237,REQ_END,1516218271205,11
237,REQ_START,1516218271205,12
237,REQ_END,1516218271216,12
237,REQ_START,1516218271216,13
237,REQ_END,1516218271248,13
237,REQ_START,1516218271248,14
237,REQ_END,1516218271266,14
237,REQ_START,1516218271266,15
237,REQ_END,1516218271299,15
237,REQ_TOK_START,1516218271299,16
237,REQ_TOK_END,1516218271307,16
237,REQ_SINF_START,1516218271307,17
237,REQ_SINF_END,1516218271314,17
237,WS_OPEN_START,1516218271314,18
237,WS_OPEN_END,1516218271321,18
237,REQ_START,1516218271321,19
237,REQ_END,1516218271349,19
237,WS_RECV_START,1516218271349,20
237,WS_RECV_END,1516218271349,20
237,PLAYER_SLEEPBEFORE_START,1516218271349,21
237,PLAYER_SLEEPBEFORE_END,1516218271357,21
237,WS_SEND_START,1516218271357,21
237,WS_SEND_END,1516218271357,21
237,PLAYER_SLEEPBEFORE_START,1516218271357,22
237,PLAYER_SLEEPBEFORE_END,1516218271358,22
237,WS_SEND_START,1516218271358,22
237,WS_SEND_END,1516218271358,22
237,WS_RECV_INIT_START,1516218271358,23
237,WS_RECV_INIT_END,1516218271375,23
237,WS_RECV_START,1516218271375,24
237,WS_RECV_END,1516218271447,24
237,PLAYER_SLEEPBEFORE_START,1516218271447,25
237,PLAYER_SLEEPBEFORE_END,1516218271454,25
237,REQ_START,1516218271454,25
237,REQ_END,1516218271525,25
237,PLAYER_SLEEPBEFORE_START,1516218271525,26
237,PLAYER_SLEEPBEFORE_END,1516218271526,26
237,REQ_START,1516218271526,26
237,REQ_END,1516218271557,26
237,PLAYER_SLEEPBEFORE_START,1516218271557,27
237,PLAYER_SLEEPBEFORE_END,1516218271560,27
237,REQ_START,1516218271560,27
237,REQ_END,1516218271649,27
237,PLAYER_SLEEPBEFORE_START,1516218271649,28
237,PLAYER_SLEEPBEFORE_END,1516218271934,28
237,REQ_START,1516218271934,28
237,REQ_END,1516218271962,28
237,PLAYER_SLEEPBEFORE_START,1516218271962,29
237,PLAYER_SLEEPBEFORE_END,1516218272137,29
237,WS_SEND_START,1516218272137,29
237,WS_SEND_END,1516218272137,29
237,WS_RECV_START,1516218272137,30
237,WS_RECV_END,1516218272279,30
237,PLAYER_SLEEPBEFORE_START,1516218272279,31
237,PLAYER_SLEEPBEFORE_END,1516218272290,31
237,REQ_START,1516218272290,31
237,REQ_END,1516218272884,31
237,PLAYER_SLEEPBEFORE_START,1516218272884,32
237,PLAYER_SLEEPBEFORE_END,1516218301029,32
237,WS_SEND_START,1516218301029,32
237,WS_SEND_END,1516218301029,32
237,WS_RECV_START,1516218301029,33
237,WS_RECV_END,1516218301147,33
237,PLAYER_SLEEPBEFORE_START,1516218301147,34
237,PLAYER_SLEEPBEFORE_END,1516218327058,34
237,WS_SEND_START,1516218327058,34
237,WS_SEND_END,1516218327058,34
237,WS_RECV_START,1516218327058,35
237,WS_RECV_END,1516218327402,35
237,PLAYER_SLEEPBEFORE_START,1516218327402,36
237,PLAYER_SLEEPBEFORE_END,1516218327411,36
237,WS_SEND_START,1516218327411,36
237,WS_SEND_END,1516218327411,36
237,WS_RECV_START,1516218327411,37
237,WS_RECV_END,1516218327653,37
237,PLAYER_SLEEPBEFORE_START,1516218327653,38
237,PLAYER_SLEEPBEFORE_END,1516218330848,38
237,WS_SEND_START,1516218330848,38
237,WS_SEND_END,1516218330848,38
237,WS_RECV_START,1516218330848,39
237,WS_RECV_END,1516218331398,39
237,PLAYER_SLEEPBEFORE_START,1516218331398,40
237,PLAYER_SLEEPBEFORE_END,1516218331444,40
237,WS_SEND_START,1516218331444,40
237,WS_SEND_END,1516218331444,40
237,WS_RECV_START,1516218331444,41
237,WS_RECV_END,1516218331677,41
237,PLAYER_SLEEPBEFORE_START,1516218331677,42
237,PLAYER_SLEEPBEFORE_END,1516218349812,42
237,WS_SEND_START,1516218349812,42
237,WS_SEND_END,1516218349812,42
237,WS_RECV_START,1516218349812,43
237,WS_RECV_END,1516218349841,43
237,PLAYER_SLEEPBEFORE_START,1516218349841,44
237,PLAYER_SLEEPBEFORE_END,1516218349853,44
237,WS_SEND_START,1516218349853,44
237,WS_SEND_END,1516218349853,44
237,WS_RECV_START,1516218349853,45
237,WS_RECV_END,1516218349897,45
237,PLAYER_SLEEPBEFORE_START,1516218349897,46
237,PLAYER_SLEEPBEFORE_END,1516218351157,46
237,WS_SEND_START,1516218351157,46
237,WS_SEND_END,1516218351157,46
237,WS_RECV_START,1516218351157,47
237,WS_RECV_END,1516218351260,47
237,PLAYER_SLEEPBEFORE_START,1516218351260,48
237,PLAYER_SLEEPBEFORE_END,1516218352580,48
237,WS_SEND_START,1516218352580,48
237,WS_SEND_END,1516218352580,48
237,WS_RECV_START,1516218352580,49
237,WS_RECV_END,1516218353230,49
237,PLAYER_SLEEPBEFORE_START,1516218353230,50
237,PLAYER_SLEEPBEFORE_END,1516218353254,50
237,WS_SEND_START,1516218353254,50
237,WS_SEND_END,1516218353254,50
237,WS_RECV_START,1516218353254,51
237,WS_RECV_END,1516218353618,51
237,PLAYER_SLEEPBEFORE_START,1516218353618,52
237,PLAYER_SLEEPBEFORE_END,1516218376182,52
237,WS_SEND_START,1516218376182,52
237,WS_SEND_END,1516218376182,52
237,WS_RECV_START,1516218376182,53
237,WS_RECV_END,1516218376299,53
237,PLAYER_SLEEPBEFORE_START,1516218376299,54
237,PLAYER_SLEEPBEFORE_END,1516218397602,54
237,WS_SEND_START,1516218397602,54
237,WS_SEND_END,1516218397602,54
237,PLAYER_SLEEPBEFORE_START,1516218397602,55
237,PLAYER_SLEEPBEFORE_END,1516218399543,55
237,WS_SEND_START,1516218399543,55
237,WS_SEND_END,1516218399543,55
237,WS_RECV_START,1516218399543,56
237,WS_RECV_END,1516218399592,56
237,PLAYER_SLEEPBEFORE_START,1516218399592,57
237,PLAYER_SLEEPBEFORE_END,1516218422464,57
237,WS_SEND_START,1516218422464,57
237,WS_SEND_END,1516218422464,57
237,WS_RECV_START,1516218422464,58
237,WS_RECV_END,1516218422641,58
237,PLAYER_SLEEPBEFORE_START,1516218422641,59
237,PLAYER_SLEEPBEFORE_END,1516218424968,59
237,WS_SEND_START,1516218424968,59
237,WS_SEND_END,1516218424968,59
237,WS_RECV_START,1516218424968,60
237,WS_RECV_END,1516218425077,60
237,PLAYER_SLEEPBEFORE_START,1516218425077,61
237,PLAYER_SLEEPBEFORE_END,1516218428668,61
237,WS_SEND_START,1516218428668,61
237,WS_SEND_END,1516218428668,61
237,WS_RECV_START,1516218428668,62
237,WS_RECV_END,1516218428827,62
237,PLAYER_SLEEPBEFORE_START,1516218428827,63
237,PLAYER_SLEEPBEFORE_END,1516218448089,63
237,WS_SEND_START,1516218448089,63
237,WS_SEND_END,1516218448089,63
237,WS_RECV_START,1516218448089,64
237,WS_RECV_END,1516218448132,64
237,PLAYER_SLEEPBEFORE_START,1516218448132,65
237,PLAYER_SLEEPBEFORE_END,1516218474949,65
237,WS_SEND_START,1516218474949,65
237,WS_SEND_END,1516218474949,65
237,WS_RECV_START,1516218474949,66
237,WS_RECV_END,1516218475378,66
237,PLAYER_SLEEPBEFORE_START,1516218475378,67
237,PLAYER_SLEEPBEFORE_END,1516218476885,67
237,WS_SEND_START,1516218476885,67
237,WS_SEND_END,1516218476885,67
237,WS_RECV_START,1516218476885,68
237,WS_RECV_END,1516218477169,68
237,PLAYER_SLEEPBEFORE_START,1516218477169,69
237,PLAYER_SLEEPBEFORE_END,1516218499167,69
237,WS_SEND_START,1516218499167,69
237,WS_SEND_END,1516218499167,69
237,WS_RECV_START,1516218499167,70
237,WS_RECV_END,1516218499631,70
237,PLAYER_SLEEPBEFORE_START,1516218499631,71
237,PLAYER_SLEEPBEFORE_END,1516218524406,71
237,WS_SEND_START,1516218524406,71
237,WS_SEND_END,1516218524406,71
237,PLAYER_SLEEPBEFORE_START,1516218524406,72
237,PLAYER_SLEEPBEFORE_END,1516218527013,72
237,WS_SEND_START,1516218527013,72
237,WS_SEND_END,1516218527013,72
237,WS_RECV_START,1516218527013,73
237,WS_RECV_END,1516218527139,73
237,PLAYER_SLEEPBEFORE_START,1516218527139,74
237,PLAYER_SLEEPBEFORE_END,1516218527148,74
237,WS_SEND_START,1516218527148,74
237,WS_SEND_END,1516218527148,74
237,WS_RECV_START,1516218527148,75
237,WS_RECV_END,1516218527244,75
237,PLAYER_SLEEPBEFORE_START,1516218527244,76
237,PLAYER_SLEEPBEFORE_END,1516218528751,76
237,WS_SEND_START,1516218528751,76
237,WS_SEND_END,1516218528751,76
237,WS_RECV_START,1516218528751,77
237,WS_RECV_END,1516218529575,77
237,PLAYER_SLEEPBEFORE_START,1516218529575,78
237,PLAYER_SLEEPBEFORE_END,1516218530444,78
237,WS_SEND_START,1516218530444,78
237,WS_SEND_END,1516218530444,78
237,WS_RECV_START,1516218530444,79
237,WS_RECV_END,1516218530740,79
237,PLAYER_SLEEPBEFORE_START,1516218530740,80
237,PLAYER_SLEEPBEFORE_END,1516218538407,80
237,WS_SEND_START,1516218538407,80
237,WS_SEND_END,1516218538407,80
237,WS_RECV_START,1516218538407,81
237,WS_RECV_END,1516218538732,81
237,PLAYER_SLEEPBEFORE_START,1516218538732,82
237,PLAYER_SLEEPBEFORE_END,1516218539835,82
237,WS_SEND_START,1516218539835,82
237,WS_SEND_END,1516218539835,82
237,WS_RECV_START,1516218539835,83
237,WS_RECV_END,1516218540215,83
237,PLAYER_SLEEPBEFORE_START,1516218540215,84
237,PLAYER_SLEEPBEFORE_END,1516218541162,84
237,WS_SEND_START,1516218541162,84
237,WS_SEND_END,1516218541162,84
237,WS_RECV_START,1516218541162,85
237,WS_RECV_END,1516218541206,85
237,PLAYER_SLEEPBEFORE_START,1516218541206,86
237,PLAYER_SLEEPBEFORE_END,1516218545378,86
237,WS_SEND_START,1516218545378,86
237,WS_SEND_END,1516218545378,86
237,WS_RECV_START,1516218545378,87
237,WS_RECV_END,1516218545581,87
237,PLAYER_SLEEPBEFORE_START,1516218545581,88
237,PLAYER_SLEEPBEFORE_END,1516218545589,88
237,WS_SEND_START,1516218545589,88
237,WS_SEND_END,1516218545589,88
237,WS_RECV_START,1516218545589,89
237,WS_RECV_END,1516218545709,89
237,PLAYER_SLEEPBEFORE_START,1516218545709,90
237,PLAYER_SLEEPBEFORE_END,1516218572906,90
237,REQ_START,1516218572906,90
237,REQ_END,1516218572914,90
237,PLAYER_SLEEPBEFORE_START,1516218572914,91
237,PLAYER_SLEEPBEFORE_END,1516218580803,91
237,WS_SEND_START,1516218580803,91
237,WS_SEND_END,1516218580803,91
237,WS_RECV_START,1516218580803,92
237,WS_RECV_END,1516218580917,92
237,PLAYER_SLEEPBEFORE_START,1516218580917,93
237,PLAYER_SLEEPBEFORE_END,1516218580932,93
237,WS_SEND_START,1516218580932,93
237,WS_SEND_END,1516218580932,93
237,WS_RECV_START,1516218580932,94
237,WS_RECV_END,1516218581038,94
237,PLAYER_SLEEPBEFORE_START,1516218581038,95
237,PLAYER_SLEEPBEFORE_END,1516218604593,95
237,WS_SEND_START,1516218604593,95
237,WS_SEND_END,1516218604594,95
237,WS_RECV_START,1516218604594,96
237,WS_RECV_END,1516218604709,96
237,PLAYER_SLEEPBEFORE_START,1516218604709,97
237,PLAYER_SLEEPBEFORE_END,1516218627149,97
237,WS_SEND_START,1516218627149,97
237,WS_SEND_END,1516218627149,97
237,WS_RECV_START,1516218627149,98
237,WS_RECV_END,1516218627361,98
237,PLAYER_SLEEPBEFORE_START,1516218627361,99
237,PLAYER_SLEEPBEFORE_END,1516218627382,99
237,WS_SEND_START,1516218627382,99
237,WS_SEND_END,1516218627382,99
237,WS_RECV_START,1516218627382,100
237,WS_RECV_END,1516218627520,100
237,PLAYER_SLEEPBEFORE_START,1516218627520,101
237,PLAYER_SLEEPBEFORE_END,1516218651080,101
237,WS_SEND_START,1516218651080,101
237,WS_SEND_END,1516218651080,101
237,WS_RECV_START,1516218651080,102
237,WS_RECV_END,1516218651974,102
237,PLAYER_SLEEPBEFORE_START,1516218651974,103
237,PLAYER_SLEEPBEFORE_END,1516218675599,103
237,WS_SEND_START,1516218675599,103
237,WS_SEND_END,1516218675599,103
237,WS_RECV_START,1516218675599,104
237,WS_RECV_END,1516218675966,104
237,PLAYER_SLEEPBEFORE_START,1516218675966,105
237,PLAYER_SLEEPBEFORE_END,1516218701343,105
237,WS_SEND_START,1516218701343,105
237,WS_SEND_END,1516218701343,105
237,WS_RECV_START,1516218701343,106
237,WS_RECV_END,1516218701797,106
237,PLAYER_SLEEPBEFORE_START,1516218701797,107
237,PLAYER_SLEEPBEFORE_END,1516218725220,107
237,WS_SEND_START,1516218725220,107
237,WS_SEND_END,1516218725220,107
237,WS_RECV_START,1516218725220,108
237,WS_RECV_END,1516218725369,108
237,PLAYER_SLEEPBEFORE_START,1516218725369,109
237,PLAYER_SLEEPBEFORE_END,1516218725378,109
237,WS_SEND_START,1516218725378,109
237,WS_SEND_END,1516218725378,109
237,WS_RECV_START,1516218725378,110
237,WS_RECV_END,1516218725468,110
237,PLAYER_SLEEPBEFORE_START,1516218725468,111
237,PLAYER_SLEEPBEFORE_END,1516218726427,111
237,WS_SEND_START,1516218726427,111
237,WS_SEND_END,1516218726427,111
237,WS_RECV_START,1516218726427,112
237,WS_RECV_END,1516218726677,112
237,PLAYER_SLEEPBEFORE_START,1516218726677,113
237,PLAYER_SLEEPBEFORE_END,1516218727239,113
237,WS_SEND_START,1516218727239,113
237,WS_SEND_END,1516218727239,113
237,WS_RECV_START,1516218727239,114
237,WS_RECV_END,1516218727342,114
237,PLAYER_SLEEPBEFORE_START,1516218727342,115
237,PLAYER_SLEEPBEFORE_END,1516218727352,115
237,WS_SEND_START,1516218727352,115
237,WS_SEND_END,1516218727352,115
237,WS_RECV_START,1516218727352,116
237,WS_RECV_END,1516218727474,116
237,PLAYER_SLEEPBEFORE_START,1516218727474,117
237,PLAYER_SLEEPBEFORE_END,1516218747834,117
237,WS_SEND_START,1516218747834,117
237,WS_SEND_END,1516218747834,117
237,PLAYER_SLEEPBEFORE_START,1516218747834,118
237,PLAYER_SLEEPBEFORE_END,1516218751586,118
237,WS_SEND_START,1516218751586,118
237,WS_SEND_END,1516218751586,118
237,WS_RECV_START,1516218751586,119
237,WS_RECV_END,1516218751831,119
237,PLAYER_SLEEPBEFORE_START,1516218751832,120
237,PLAYER_SLEEPBEFORE_END,1516218752820,120
237,WS_SEND_START,1516218752820,120
237,WS_SEND_END,1516218752820,120
237,WS_RECV_START,1516218752820,121
237,WS_RECV_END,1516218753112,121
237,PLAYER_SLEEPBEFORE_START,1516218753112,122
237,PLAYER_SLEEPBEFORE_END,1516218754297,122
237,WS_SEND_START,1516218754297,122
237,WS_SEND_END,1516218754297,122
237,WS_RECV_START,1516218754297,123
237,WS_RECV_END,1516218755084,123
237,PLAYER_SLEEPBEFORE_START,1516218755084,124
237,PLAYER_SLEEPBEFORE_END,1516218779489,124
237,WS_SEND_START,1516218779489,124
237,WS_SEND_END,1516218779489,124
237,WS_RECV_START,1516218779489,125
237,WS_RECV_END,1516218780353,125
237,PLAYER_SLEEPBEFORE_START,1516218780353,126
237,PLAYER_SLEEPBEFORE_END,1516218800865,126
237,WS_SEND_START,1516218800865,126
237,WS_SEND_END,1516218800865,126
237,PLAYER_SLEEPBEFORE_START,1516218800865,127
237,PLAYER_SLEEPBEFORE_END,1516218803919,127
237,WS_SEND_START,1516218803919,127
237,WS_SEND_END,1516218803920,127
237,WS_RECV_START,1516218803920,128
237,WS_RECV_END,1516218804336,128
237,PLAYER_SLEEPBEFORE_START,1516218804336,129
237,PLAYER_SLEEPBEFORE_END,1516218804357,129
237,WS_SEND_START,1516218804357,129
237,WS_SEND_END,1516218804357,129
237,WS_RECV_START,1516218804357,130
237,WS_RECV_END,1516218804607,130
237,PLAYER_SLEEPBEFORE_START,1516218804607,131
237,PLAYER_SLEEPBEFORE_END,1516218826232,131
237,WS_SEND_START,1516218826232,131
237,WS_SEND_END,1516218826232,131
237,PLAYER_SLEEPBEFORE_START,1516218826232,132
237,PLAYER_SLEEPBEFORE_END,1516218829314,132
237,WS_SEND_START,1516218829314,132
237,WS_SEND_END,1516218829314,132
237,WS_RECV_START,1516218829314,133
237,WS_RECV_END,1516218829416,133
237,PLAYER_SLEEPBEFORE_START,1516218829416,134
237,PLAYER_SLEEPBEFORE_END,1516218850633,134
237,WS_SEND_START,1516218850633,134
237,WS_SEND_END,1516218850633,134
237,PLAYER_SLEEPBEFORE_START,1516218850633,135
237,PLAYER_SLEEPBEFORE_END,1516218853823,135
237,WS_SEND_START,1516218853823,135
237,WS_SEND_END,1516218853823,135
237,WS_RECV_START,1516218853823,136
237,WS_RECV_END,1516218854003,136
237,PLAYER_SLEEPBEFORE_START,1516218854003,137
237,PLAYER_SLEEPBEFORE_END,1516218854010,137
237,WS_SEND_START,1516218854010,137
237,WS_SEND_END,1516218854010,137
237,WS_RECV_START,1516218854010,138
237,WS_RECV_END,1516218854084,138
237,PLAYER_SLEEPBEFORE_START,1516218854084,139
237,PLAYER_SLEEPBEFORE_END,1516218854774,139
237,WS_SEND_START,1516218854774,139
237,WS_SEND_END,1516218854774,139
237,WS_RECV_START,1516218854774,140
237,WS_RECV_END,1516218854822,140
237,PLAYER_SLEEPBEFORE_START,1516218854822,141
237,PLAYER_SLEEPBEFORE_END,1516218855478,141
237,WS_SEND_START,1516218855478,141
237,WS_SEND_END,1516218855478,141
237,WS_RECV_START,1516218855478,142
237,WS_RECV_END,1516218855821,142
237,PLAYER_SLEEPBEFORE_START,1516218855821,143
237,PLAYER_SLEEPBEFORE_END,1516218855878,143
237,WS_SEND_START,1516218855878,143
237,WS_SEND_END,1516218855878,143
237,WS_RECV_START,1516218855878,144
237,WS_RECV_END,1516218856096,144
237,PLAYER_SLEEPBEFORE_START,1516218856096,145
237,PLAYER_SLEEPBEFORE_END,1516218872158,145
237,REQ_START,1516218872158,145
237,REQ_END,1516218872166,145
237,PLAYER_SLEEPBEFORE_START,1516218872166,146
237,PLAYER_SLEEPBEFORE_END,1516218881043,146
237,WS_SEND_START,1516218881043,146
237,WS_SEND_END,1516218881043,146
237,WS_RECV_START,1516218881043,147
237,WS_RECV_END,1516218881358,147
237,PLAYER_SLEEPBEFORE_START,1516218881358,148
237,PLAYER_SLEEPBEFORE_END,1516218903280,148
237,WS_SEND_START,1516218903280,148
237,WS_SEND_END,1516218903280,148
237,PLAYER_SLEEPBEFORE_START,1516218903280,149
237,PLAYER_SLEEPBEFORE_END,1516218905708,149
237,WS_SEND_START,1516218905708,149
237,WS_SEND_END,1516218905708,149
237,WS_RECV_START,1516218905708,150
237,WS_RECV_END,1516218906196,150
237,PLAYER_SLEEPBEFORE_START,1516218906196,151
237,PLAYER_SLEEPBEFORE_END,1516218906407,151
237,WS_SEND_START,1516218906407,151
237,WS_SEND_END,1516218906407,151
237,WS_RECV_START,1516218906407,152
237,WS_RECV_END,1516218906547,152
237,PLAYER_SLEEPBEFORE_START,1516218906548,153
237,PLAYER_SLEEPBEFORE_END,1516218930475,153
237,WS_SEND_START,1516218930475,153
237,WS_SEND_END,1516218930475,153
237,WS_RECV_START,1516218930475,154
237,WS_RECV_END,1516218931280,154
237,PLAYER_SLEEPBEFORE_START,1516218931280,155
237,PLAYER_SLEEPBEFORE_END,1516218953838,155
237,WS_SEND_START,1516218953838,155
237,WS_SEND_END,1516218953838,155
237,PLAYER_SLEEPBEFORE_START,1516218953838,156
237,PLAYER_SLEEPBEFORE_END,1516218957112,156
237,WS_SEND_START,1516218957112,156
237,WS_SEND_END,1516218957112,156
237,WS_RECV_START,1516218957112,157
237,WS_RECV_END,1516218957645,157
237,PLAYER_SLEEPBEFORE_START,1516218957645,158
237,PLAYER_SLEEPBEFORE_END,1516218957655,158
237,WS_SEND_START,1516218957655,158
237,WS_SEND_END,1516218957655,158
237,WS_RECV_START,1516218957655,159
237,WS_RECV_END,1516218957960,159
237,PLAYER_SLEEPBEFORE_START,1516218957960,160
237,PLAYER_SLEEPBEFORE_END,1516218958135,160
237,WS_SEND_START,1516218958135,160
237,WS_SEND_END,1516218958135,160
237,WS_RECV_START,1516218958135,161
237,WS_RECV_END,1516218958274,161
237,PLAYER_SLEEPBEFORE_START,1516218958274,162
237,PLAYER_SLEEPBEFORE_END,1516218958299,162
237,WS_SEND_START,1516218958299,162
237,WS_SEND_END,1516218958299,162
237,WS_RECV_START,1516218958299,163
237,WS_RECV_END,1516218958672,163
237,PLAYER_SLEEPBEFORE_START,1516218958672,164
237,PLAYER_SLEEPBEFORE_END,1516218979484,164
237,WS_SEND_START,1516218979484,164
237,WS_SEND_END,1516218979484,164
237,WS_RECV_START,1516218979484,165
237,WS_RECV_END,1516218981726,165
237,PLAYER_SLEEPBEFORE_START,1516218981726,166
237,PLAYER_SLEEPBEFORE_END,1516219004181,166
237,WS_SEND_START,1516219004181,166
237,WS_SEND_END,1516219004181,166
237,WS_RECV_START,1516219004181,167
237,WS_RECV_END,1516219004555,167
237,PLAYER_SLEEPBEFORE_START,1516219004555,168
237,PLAYER_SLEEPBEFORE_END,1516219031913,168
237,WS_SEND_START,1516219031913,168
237,WS_SEND_END,1516219031913,168
237,WS_RECV_START,1516219031913,169
237,WS_RECV_END,1516219036680,169
237,PLAYER_SLEEPBEFORE_START,1516219036680,170
237,PLAYER_SLEEPBEFORE_END,1516219036689,170
237,WS_SEND_START,1516219036689,170
237,WS_SEND_END,1516219036689,170
237,WS_RECV_START,1516219036689,171
237,WS_RECV_END,1516219039600,171
237,PLAYER_SLEEPBEFORE_START,1516219039600,172
237,PLAYER_SLEEPBEFORE_END,1516219039969,172
237,WS_SEND_START,1516219039969,172
237,WS_SEND_END,1516219039969,172
237,WS_RECV_START,1516219039969,173
237,WS_RECV_END,1516219042025,173
237,PLAYER_SLEEPBEFORE_START,1516219042025,174
237,PLAYER_SLEEPBEFORE_END,1516219042066,174
237,WS_SEND_START,1516219042066,174
237,WS_SEND_END,1516219042067,174
237,WS_RECV_START,1516219042067,175
237,WS_RECV_END,1516219044890,175
237,PLAYER_SLEEPBEFORE_START,1516219044890,176
237,PLAYER_SLEEPBEFORE_END,1516219066651,176
237,WS_SEND_START,1516219066651,176
237,WS_SEND_END,1516219066651,176
237,PLAYER_SLEEPBEFORE_START,1516219066651,177
237,PLAYER_SLEEPBEFORE_END,1516219069169,177
237,WS_SEND_START,1516219069169,177
237,WS_SEND_END,1516219069169,177
237,WS_RECV_START,1516219069169,178
237,WS_RECV_END,1516219071668,178
237,PLAYER_SLEEPBEFORE_START,1516219071668,179
237,PLAYER_SLEEPBEFORE_END,1516219094008,179
237,WS_SEND_START,1516219094008,179
237,WS_SEND_END,1516219094008,179
237,WS_RECV_START,1516219094008,180
237,WS_RECV_END,1516219097267,180
237,PLAYER_SLEEPBEFORE_START,1516219097267,181
237,PLAYER_SLEEPBEFORE_END,1516219097712,181
237,WS_SEND_START,1516219097712,181
237,WS_SEND_END,1516219097712,181
237,WS_RECV_START,1516219097712,182
237,WS_RECV_END,1516219098622,182
237,PLAYER_SLEEPBEFORE_START,1516219098622,183
237,PLAYER_SLEEPBEFORE_END,1516219099145,183
237,WS_SEND_START,1516219099145,183
237,WS_SEND_END,1516219099145,183
237,WS_RECV_START,1516219099145,184
237,WS_RECV_END,1516219101218,184
237,PLAYER_SLEEPBEFORE_START,1516219101218,185
237,PLAYER_SLEEPBEFORE_END,1516219101486,185
237,WS_SEND_START,1516219101486,185
237,WS_SEND_END,1516219101486,185
237,WS_RECV_START,1516219101486,186
237,WS_RECV_END,1516219103953,186
237,PLAYER_SLEEPBEFORE_START,1516219103953,187
237,PLAYER_SLEEPBEFORE_END,1516219126453,187
237,WS_SEND_START,1516219126453,187
237,WS_SEND_END,1516219126453,187
237,WS_RECV_START,1516219126453,188
237,WS_RECV_END,1516219128343,188
237,PLAYER_SLEEPBEFORE_START,1516219128343,189
237,PLAYER_SLEEPBEFORE_END,1516219134582,189
237,WS_SEND_START,1516219134582,189
237,WS_SEND_END,1516219134582,189
237,WS_RECV_START,1516219134582,190
237,WS_RECV_END,1516219135473,190
237,PLAYER_SLEEPBEFORE_START,1516219135473,191
237,PLAYER_SLEEPBEFORE_END,1516219137388,191
237,WS_SEND_START,1516219137388,191
237,WS_SEND_END,1516219137388,191
237,WS_RECV_START,1516219137388,192
237,WS_RECV_END,1516219137502,192
237,PLAYER_SLEEPBEFORE_START,1516219137502,193
237,PLAYER_SLEEPBEFORE_END,1516219137630,193
237,WS_SEND_START,1516219137630,193
237,WS_SEND_END,1516219137630,193
237,WS_RECV_START,1516219137630,194
237,WS_RECV_END,1516219138123,194
237,PLAYER_SLEEPBEFORE_START,1516219138123,195
237,PLAYER_SLEEPBEFORE_END,1516219139878,195
237,WS_SEND_START,1516219139878,195
237,WS_SEND_END,1516219139878,195
237,WS_RECV_START,1516219139878,196
237,WS_RECV_END,1516219140151,196
237,PLAYER_SLEEPBEFORE_START,1516219140151,197
237,PLAYER_SLEEPBEFORE_END,1516219141955,197
237,WS_SEND_START,1516219141955,197
237,WS_SEND_END,1516219141955,197
237,WS_RECV_START,1516219141955,198
237,WS_RECV_END,1516219142416,198
237,PLAYER_SLEEPBEFORE_START,1516219142416,199
237,PLAYER_SLEEPBEFORE_END,1516219154270,199
237,WS_SEND_START,1516219154270,199
237,WS_SEND_END,1516219154270,199
237,PLAYER_SLEEPBEFORE_START,1516219154270,200
237,PLAYER_SLEEPBEFORE_END,1516219158358,200
237,WS_SEND_START,1516219158358,200
237,WS_SEND_END,1516219158358,200
237,WS_RECV_START,1516219158358,201
237,WS_RECV_END,1516219158763,201
237,PLAYER_SLEEPBEFORE_START,1516219158763,202
237,PLAYER_SLEEPBEFORE_END,1516219158777,202
237,WS_SEND_START,1516219158777,202
237,WS_SEND_END,1516219158778,202
237,WS_RECV_START,1516219158778,203
237,WS_RECV_END,1516219159154,203
237,PLAYER_SLEEPBEFORE_START,1516219159154,204
237,PLAYER_SLEEPBEFORE_END,1516219178803,204
237,WS_SEND_START,1516219178803,204
237,WS_SEND_END,1516219178803,204
237,PLAYER_SLEEPBEFORE_START,1516219178803,205
237,PLAYER_SLEEPBEFORE_END,1516219182701,205
237,WS_SEND_START,1516219182701,205
237,WS_SEND_END,1516219182701,205
237,WS_RECV_START,1516219182701,206
237,WS_RECV_END,1516219183133,206
237,PLAYER_SLEEPBEFORE_START,1516219183133,207
237,PLAYER_SLEEPBEFORE_END,1516219200064,207
237,REQ_START,1516219200064,207
237,REQ_END,1516219200090,207
237,PLAYER_SLEEPBEFORE_START,1516219200090,208
237,PLAYER_SLEEPBEFORE_END,1516219206942,208
237,WS_CLOSE_START,1516219206942,208
237,WS_CLOSE_END,1516219206942,208
237,PLAYER_DONE,1516219206942
