# --sessions 360 --app-url=http://shinyloadtest.rstudioservices.com/cran_explorer --output-dir test360 --overwrite-output --log-level warn --start-interval 500 15min.log
thread_id,event,timestamp,input_line_number,comment
307,PLAYER_SESSION_CREATE,1516218150782
307,PLAYER_START_INTERVAL_START,1516218150782
307,PLAYER_START_INTERVAL_END,1516218304282
307,REQ_HOME_START,1516218304283,2
307,REQ_HOME_END,1516218304534,2
307,REQ_START,1516218304534,3
307,REQ_END,1516218304748,3
307,REQ_START,1516218304748,4
307,REQ_END,1516218304783,4
307,REQ_START,1516218304783,5
307,REQ_END,1516218304833,5
307,REQ_START,1516218304833,6
307,REQ_END,1516218304951,6
307,REQ_START,1516218304951,7
307,REQ_END,1516218304986,7
307,REQ_START,1516218304986,8
307,REQ_END,1516218305025,8
307,REQ_START,1516218305025,9
307,REQ_END,1516218305075,9
307,REQ_START,1516218305075,10
307,REQ_END,1516218305083,10
307,REQ_START,1516218305083,11
307,REQ_END,1516218305117,11
307,REQ_START,1516218305117,12
307,REQ_END,1516218305127,12
307,REQ_START,1516218305127,13
307,REQ_END,1516218305167,13
307,REQ_START,1516218305167,14
307,REQ_END,1516218305186,14
307,REQ_START,1516218305186,15
307,REQ_END,1516218305223,15
307,REQ_TOK_START,1516218305223,16
307,REQ_TOK_END,1516218305232,16
307,REQ_SINF_START,1516218305232,17
307,REQ_SINF_END,1516218305239,17
307,WS_OPEN_START,1516218305239,18
307,WS_OPEN_END,1516218305246,18
307,REQ_START,1516218305246,19
307,REQ_END,1516218305342,19
307,WS_RECV_START,1516218305342,20
307,WS_RECV_END,1516218305342,20
307,PLAYER_SLEEPBEFORE_START,1516218305342,21
307,PLAYER_SLEEPBEFORE_END,1516218305347,21
307,WS_SEND_START,1516218305347,21
307,WS_SEND_END,1516218305347,21
307,PLAYER_SLEEPBEFORE_START,1516218305347,22
307,PLAYER_SLEEPBEFORE_END,1516218305348,22
307,WS_SEND_START,1516218305348,22
307,WS_SEND_END,1516218305348,22
307,WS_RECV_INIT_START,1516218305349,23
307,WS_RECV_INIT_END,1516218305553,23
307,WS_RECV_START,1516218305553,24
307,WS_RECV_END,1516218305684,24
307,PLAYER_SLEEPBEFORE_START,1516218305684,25
307,PLAYER_SLEEPBEFORE_END,1516218305691,25
307,REQ_START,1516218305691,25
307,REQ_END,1516218305726,25
307,PLAYER_SLEEPBEFORE_START,1516218305726,26
307,PLAYER_SLEEPBEFORE_END,1516218305727,26
307,REQ_START,1516218305727,26
307,REQ_END,1516218305774,26
307,PLAYER_SLEEPBEFORE_START,1516218305774,27
307,PLAYER_SLEEPBEFORE_END,1516218305777,27
307,REQ_START,1516218305777,27
307,REQ_END,1516218305811,27
307,PLAYER_SLEEPBEFORE_START,1516218305811,28
307,PLAYER_SLEEPBEFORE_END,1516218306096,28
307,REQ_START,1516218306096,28
307,REQ_END,1516218306496,28
307,PLAYER_SLEEPBEFORE_START,1516218306496,29
307,PLAYER_SLEEPBEFORE_END,1516218306671,29
307,WS_SEND_START,1516218306671,29
307,WS_SEND_END,1516218306671,29
307,WS_RECV_START,1516218306671,30
307,WS_RECV_END,1516218306944,30
307,PLAYER_SLEEPBEFORE_START,1516218306944,31
307,PLAYER_SLEEPBEFORE_END,1516218306955,31
307,REQ_START,1516218306955,31
307,REQ_END,1516218307794,31
307,PLAYER_SLEEPBEFORE_START,1516218307794,32
307,PLAYER_SLEEPBEFORE_END,1516218335940,32
307,WS_SEND_START,1516218335940,32
307,WS_SEND_END,1516218335940,32
307,WS_RECV_START,1516218335940,33
307,WS_RECV_END,1516218336062,33
307,PLAYER_SLEEPBEFORE_START,1516218336062,34
307,PLAYER_SLEEPBEFORE_END,1516218361973,34
307,WS_SEND_START,1516218361973,34
307,WS_SEND_END,1516218361973,34
307,WS_RECV_START,1516218361973,35
307,WS_RECV_END,1516218361996,35
307,PLAYER_SLEEPBEFORE_START,1516218361996,36
307,PLAYER_SLEEPBEFORE_END,1516218362005,36
307,WS_SEND_START,1516218362005,36
307,WS_SEND_END,1516218362005,36
307,WS_RECV_START,1516218362005,37
307,WS_RECV_END,1516218362057,37
307,PLAYER_SLEEPBEFORE_START,1516218362057,38
307,PLAYER_SLEEPBEFORE_END,1516218365252,38
307,WS_SEND_START,1516218365252,38
307,WS_SEND_END,1516218365252,38
307,WS_RECV_START,1516218365252,39
307,WS_RECV_END,1516218365483,39
307,PLAYER_SLEEPBEFORE_START,1516218365483,40
307,PLAYER_SLEEPBEFORE_END,1516218365529,40
307,WS_SEND_START,1516218365529,40
307,WS_SEND_END,1516218365529,40
307,WS_RECV_START,1516218365529,41
307,WS_RECV_END,1516218365705,41
307,PLAYER_SLEEPBEFORE_START,1516218365705,42
307,PLAYER_SLEEPBEFORE_END,1516218383840,42
307,WS_SEND_START,1516218383840,42
307,WS_SEND_END,1516218383840,42
307,WS_RECV_START,1516218383840,43
307,WS_RECV_END,1516218384013,43
307,PLAYER_SLEEPBEFORE_START,1516218384013,44
307,PLAYER_SLEEPBEFORE_END,1516218384026,44
307,WS_SEND_START,1516218384026,44
307,WS_SEND_END,1516218384026,44
307,WS_RECV_START,1516218384026,45
307,WS_RECV_END,1516218384073,45
307,PLAYER_SLEEPBEFORE_START,1516218384073,46
307,PLAYER_SLEEPBEFORE_END,1516218385333,46
307,WS_SEND_START,1516218385333,46
307,WS_SEND_END,1516218385333,46
307,WS_RECV_START,1516218385333,47
307,WS_RECV_END,1516218385549,47
307,PLAYER_SLEEPBEFORE_START,1516218385549,48
307,PLAYER_SLEEPBEFORE_END,1516218386869,48
307,WS_SEND_START,1516218386869,48
307,WS_SEND_END,1516218386869,48
307,WS_RECV_START,1516218386869,49
307,WS_RECV_END,1516218387073,49
307,PLAYER_SLEEPBEFORE_START,1516218387073,50
307,PLAYER_SLEEPBEFORE_END,1516218387097,50
307,WS_SEND_START,1516218387097,50
307,WS_SEND_END,1516218387097,50
307,WS_RECV_START,1516218387097,51
307,WS_RECV_END,1516218387268,51
307,PLAYER_SLEEPBEFORE_START,1516218387269,52
307,PLAYER_SLEEPBEFORE_END,1516218409833,52
307,WS_SEND_START,1516218409833,52
307,WS_SEND_END,1516218409833,52
307,WS_RECV_START,1516218409833,53
307,WS_RECV_END,1516218410025,53
307,PLAYER_SLEEPBEFORE_START,1516218410025,54
307,PLAYER_SLEEPBEFORE_END,1516218431328,54
307,WS_SEND_START,1516218431328,54
307,WS_SEND_END,1516218431328,54
307,PLAYER_SLEEPBEFORE_START,1516218431328,55
307,PLAYER_SLEEPBEFORE_END,1516218433269,55
307,WS_SEND_START,1516218433269,55
307,WS_SEND_END,1516218433269,55
307,WS_RECV_START,1516218433269,56
307,WS_RECV_END,1516218434212,56
307,PLAYER_SLEEPBEFORE_START,1516218434212,57
307,PLAYER_SLEEPBEFORE_END,1516218457084,57
307,WS_SEND_START,1516218457084,57
307,WS_SEND_END,1516218457084,57
307,WS_RECV_START,1516218457084,58
307,WS_RECV_END,1516218457126,58
307,PLAYER_SLEEPBEFORE_START,1516218457126,59
307,PLAYER_SLEEPBEFORE_END,1516218459453,59
307,WS_SEND_START,1516218459453,59
307,WS_SEND_END,1516218459453,59
307,WS_RECV_START,1516218459453,60
307,WS_RECV_END,1516218459612,60
307,PLAYER_SLEEPBEFORE_START,1516218459612,61
307,PLAYER_SLEEPBEFORE_END,1516218463203,61
307,WS_SEND_START,1516218463203,61
307,WS_SEND_END,1516218463203,61
307,WS_RECV_START,1516218463203,62
307,WS_RECV_END,1516218463603,62
307,PLAYER_SLEEPBEFORE_START,1516218463603,63
307,PLAYER_SLEEPBEFORE_END,1516218482865,63
307,WS_SEND_START,1516218482865,63
307,WS_SEND_END,1516218482865,63
307,WS_RECV_START,1516218482865,64
307,WS_RECV_END,1516218482905,64
307,PLAYER_SLEEPBEFORE_START,1516218482905,65
307,PLAYER_SLEEPBEFORE_END,1516218509722,65
307,WS_SEND_START,1516218509722,65
307,WS_SEND_END,1516218509722,65
307,WS_RECV_START,1516218509722,66
307,WS_RECV_END,1516218509838,66
307,PLAYER_SLEEPBEFORE_START,1516218509838,67
307,PLAYER_SLEEPBEFORE_END,1516218511345,67
307,WS_SEND_START,1516218511345,67
307,WS_SEND_END,1516218511345,67
307,WS_RECV_START,1516218511345,68
307,WS_RECV_END,1516218511483,68
307,PLAYER_SLEEPBEFORE_START,1516218511483,69
307,PLAYER_SLEEPBEFORE_END,1516218533481,69
307,WS_SEND_START,1516218533481,69
307,WS_SEND_END,1516218533481,69
307,WS_RECV_START,1516218533481,70
307,WS_RECV_END,1516218533668,70
307,PLAYER_SLEEPBEFORE_START,1516218533668,71
307,PLAYER_SLEEPBEFORE_END,1516218558443,71
307,WS_SEND_START,1516218558443,71
307,WS_SEND_END,1516218558443,71
307,PLAYER_SLEEPBEFORE_START,1516218558443,72
307,PLAYER_SLEEPBEFORE_END,1516218561050,72
307,WS_SEND_START,1516218561050,72
307,WS_SEND_END,1516218561050,72
307,WS_RECV_START,1516218561050,73
307,WS_RECV_END,1516218561350,73
307,PLAYER_SLEEPBEFORE_START,1516218561350,74
307,PLAYER_SLEEPBEFORE_END,1516218561359,74
307,WS_SEND_START,1516218561359,74
307,WS_SEND_END,1516218561359,74
307,WS_RECV_START,1516218561359,75
307,WS_RECV_END,1516218561408,75
307,PLAYER_SLEEPBEFORE_START,1516218561408,76
307,PLAYER_SLEEPBEFORE_END,1516218562915,76
307,WS_SEND_START,1516218562915,76
307,WS_SEND_END,1516218562915,76
307,WS_RECV_START,1516218562915,77
307,WS_RECV_END,1516218563036,77
307,PLAYER_SLEEPBEFORE_START,1516218563036,78
307,PLAYER_SLEEPBEFORE_END,1516218563904,78
307,WS_SEND_START,1516218563904,78
307,WS_SEND_END,1516218563904,78
307,WS_RECV_START,1516218563904,79
307,WS_RECV_END,1516218564133,79
307,PLAYER_SLEEPBEFORE_START,1516218564133,80
307,PLAYER_SLEEPBEFORE_END,1516218571799,80
307,WS_SEND_START,1516218571799,80
307,WS_SEND_END,1516218571799,80
307,WS_RECV_START,1516218571799,81
307,WS_RECV_END,1516218571866,81
307,PLAYER_SLEEPBEFORE_START,1516218571866,82
307,PLAYER_SLEEPBEFORE_END,1516218572968,82
307,WS_SEND_START,1516218572968,82
307,WS_SEND_END,1516218572968,82
307,WS_RECV_START,1516218572968,83
307,WS_RECV_END,1516218573058,83
307,PLAYER_SLEEPBEFORE_START,1516218573058,84
307,PLAYER_SLEEPBEFORE_END,1516218574005,84
307,WS_SEND_START,1516218574005,84
307,WS_SEND_END,1516218574005,84
307,WS_RECV_START,1516218574005,85
307,WS_RECV_END,1516218574026,85
307,PLAYER_SLEEPBEFORE_START,1516218574026,86
307,PLAYER_SLEEPBEFORE_END,1516218578198,86
307,WS_SEND_START,1516218578198,86
307,WS_SEND_END,1516218578198,86
307,WS_RECV_START,1516218578198,87
307,WS_RECV_END,1516218578674,87
307,PLAYER_SLEEPBEFORE_START,1516218578674,88
307,PLAYER_SLEEPBEFORE_END,1516218578682,88
307,WS_SEND_START,1516218578682,88
307,WS_SEND_END,1516218578682,88
307,WS_RECV_START,1516218578682,89
307,WS_RECV_END,1516218578842,89
307,PLAYER_SLEEPBEFORE_START,1516218578842,90
307,PLAYER_SLEEPBEFORE_END,1516218606039,90
307,REQ_START,1516218606039,90
307,REQ_END,1516218606047,90
307,PLAYER_SLEEPBEFORE_START,1516218606047,91
307,PLAYER_SLEEPBEFORE_END,1516218613936,91
307,WS_SEND_START,1516218613936,91
307,WS_SEND_END,1516218613936,91
307,WS_RECV_START,1516218613936,92
307,WS_RECV_END,1516218614224,92
307,PLAYER_SLEEPBEFORE_START,1516218614224,93
307,PLAYER_SLEEPBEFORE_END,1516218614240,93
307,WS_SEND_START,1516218614240,93
307,WS_SEND_END,1516218614240,93
307,WS_RECV_START,1516218614240,94
307,WS_RECV_END,1516218614483,94
307,PLAYER_SLEEPBEFORE_START,1516218614483,95
307,PLAYER_SLEEPBEFORE_END,1516218638038,95
307,WS_SEND_START,1516218638038,95
307,WS_SEND_END,1516218638038,95
307,WS_RECV_START,1516218638038,96
307,WS_RECV_END,1516218638237,96
307,PLAYER_SLEEPBEFORE_START,1516218638237,97
307,PLAYER_SLEEPBEFORE_END,1516218660677,97
307,WS_SEND_START,1516218660677,97
307,WS_SEND_END,1516218660677,97
307,WS_RECV_START,1516218660677,98
307,WS_RECV_END,1516218661245,98
307,PLAYER_SLEEPBEFORE_START,1516218661245,99
307,PLAYER_SLEEPBEFORE_END,1516218661266,99
307,WS_SEND_START,1516218661266,99
307,WS_SEND_END,1516218661266,99
307,WS_RECV_START,1516218661266,100
307,WS_RECV_END,1516218661631,100
307,PLAYER_SLEEPBEFORE_START,1516218661631,101
307,PLAYER_SLEEPBEFORE_END,1516218685190,101
307,WS_SEND_START,1516218685190,101
307,WS_SEND_END,1516218685190,101
307,WS_RECV_START,1516218685190,102
307,WS_RECV_END,1516218685571,102
307,PLAYER_SLEEPBEFORE_START,1516218685571,103
307,PLAYER_SLEEPBEFORE_END,1516218709197,103
307,WS_SEND_START,1516218709197,103
307,WS_SEND_END,1516218709197,103
307,WS_RECV_START,1516218709197,104
307,WS_RECV_END,1516218709590,104
307,PLAYER_SLEEPBEFORE_START,1516218709590,105
307,PLAYER_SLEEPBEFORE_END,1516218734967,105
307,WS_SEND_START,1516218734967,105
307,WS_SEND_END,1516218734967,105
307,WS_RECV_START,1516218734967,106
307,WS_RECV_END,1516218735434,106
307,PLAYER_SLEEPBEFORE_START,1516218735434,107
307,PLAYER_SLEEPBEFORE_END,1516218758857,107
307,WS_SEND_START,1516218758857,107
307,WS_SEND_END,1516218758857,107
307,WS_RECV_START,1516218758857,108
307,WS_RECV_END,1516218759959,108
307,PLAYER_SLEEPBEFORE_START,1516218759959,109
307,PLAYER_SLEEPBEFORE_END,1516218759968,109
307,WS_SEND_START,1516218759968,109
307,WS_SEND_END,1516218759968,109
307,WS_RECV_START,1516218759968,110
307,WS_RECV_END,1516218760468,110
307,PLAYER_SLEEPBEFORE_START,1516218760468,111
307,PLAYER_SLEEPBEFORE_END,1516218761427,111
307,WS_SEND_START,1516218761427,111
307,WS_SEND_END,1516218761427,111
307,WS_RECV_START,1516218761427,112
307,WS_RECV_END,1516218762123,112
307,PLAYER_SLEEPBEFORE_START,1516218762123,113
307,PLAYER_SLEEPBEFORE_END,1516218762685,113
307,WS_SEND_START,1516218762685,113
307,WS_SEND_END,1516218762685,113
307,WS_RECV_START,1516218762685,114
307,WS_RECV_END,1516218763539,114
307,PLAYER_SLEEPBEFORE_START,1516218763539,115
307,PLAYER_SLEEPBEFORE_END,1516218763548,115
307,WS_SEND_START,1516218763548,115
307,WS_SEND_END,1516218763548,115
307,WS_RECV_START,1516218763548,116
307,WS_RECV_END,1516218764294,116
307,PLAYER_SLEEPBEFORE_START,1516218764294,117
307,PLAYER_SLEEPBEFORE_END,1516218784655,117
307,WS_SEND_START,1516218784655,117
307,WS_SEND_END,1516218784655,117
307,PLAYER_SLEEPBEFORE_START,1516218784655,118
307,PLAYER_SLEEPBEFORE_END,1516218788407,118
307,WS_SEND_START,1516218788407,118
307,WS_SEND_END,1516218788407,118
307,WS_RECV_START,1516218788407,119
307,WS_RECV_END,1516218788922,119
307,PLAYER_SLEEPBEFORE_START,1516218788922,120
307,PLAYER_SLEEPBEFORE_END,1516218789910,120
307,WS_SEND_START,1516218789910,120
307,WS_SEND_END,1516218789910,120
307,WS_RECV_START,1516218789910,121
307,WS_RECV_END,1516218790150,121
307,PLAYER_SLEEPBEFORE_START,1516218790150,122
307,PLAYER_SLEEPBEFORE_END,1516218791335,122
307,WS_SEND_START,1516218791335,122
307,WS_SEND_END,1516218791335,122
307,WS_RECV_START,1516218791335,123
307,WS_RECV_END,1516218791981,123
307,PLAYER_SLEEPBEFORE_START,1516218791981,124
307,PLAYER_SLEEPBEFORE_END,1516218816386,124
307,WS_SEND_START,1516218816386,124
307,WS_SEND_END,1516218816386,124
307,WS_RECV_START,1516218816386,125
307,WS_RECV_END,1516218816955,125
307,PLAYER_SLEEPBEFORE_START,1516218816955,126
307,PLAYER_SLEEPBEFORE_END,1516218837470,126
307,WS_SEND_START,1516218837470,126
307,WS_SEND_END,1516218837470,126
307,PLAYER_SLEEPBEFORE_START,1516218837470,127
307,PLAYER_SLEEPBEFORE_END,1516218840524,127
307,WS_SEND_START,1516218840524,127
307,WS_SEND_END,1516218840524,127
307,WS_RECV_START,1516218840524,128
307,WS_RECV_END,1516218840741,128
307,PLAYER_SLEEPBEFORE_START,1516218840741,129
307,PLAYER_SLEEPBEFORE_END,1516218840761,129
307,WS_SEND_START,1516218840761,129
307,WS_SEND_END,1516218840761,129
307,WS_RECV_START,1516218840761,130
307,WS_RECV_END,1516218840942,130
307,PLAYER_SLEEPBEFORE_START,1516218840942,131
307,PLAYER_SLEEPBEFORE_END,1516218862566,131
307,WS_SEND_START,1516218862566,131
307,WS_SEND_END,1516218862566,131
307,PLAYER_SLEEPBEFORE_START,1516218862566,132
307,PLAYER_SLEEPBEFORE_END,1516218865646,132
307,WS_SEND_START,1516218865646,132
307,WS_SEND_END,1516218865646,132
307,WS_RECV_START,1516218865646,133
307,WS_RECV_END,1516218865942,133
307,PLAYER_SLEEPBEFORE_START,1516218865942,134
307,PLAYER_SLEEPBEFORE_END,1516218887159,134
307,WS_SEND_START,1516218887159,134
307,WS_SEND_END,1516218887159,134
307,PLAYER_SLEEPBEFORE_START,1516218887159,135
307,PLAYER_SLEEPBEFORE_END,1516218890349,135
307,WS_SEND_START,1516218890349,135
307,WS_SEND_END,1516218890349,135
307,WS_RECV_START,1516218890349,136
307,WS_RECV_END,1516218890398,136
307,PLAYER_SLEEPBEFORE_START,1516218890398,137
307,PLAYER_SLEEPBEFORE_END,1516218890405,137
307,WS_SEND_START,1516218890405,137
307,WS_SEND_END,1516218890405,137
307,WS_RECV_START,1516218890405,138
307,WS_RECV_END,1516218890483,138
307,PLAYER_SLEEPBEFORE_START,1516218890483,139
307,PLAYER_SLEEPBEFORE_END,1516218891173,139
307,WS_SEND_START,1516218891174,139
307,WS_SEND_END,1516218891174,139
307,WS_RECV_START,1516218891174,140
307,WS_RECV_END,1516218891280,140
307,PLAYER_SLEEPBEFORE_START,1516218891280,141
307,PLAYER_SLEEPBEFORE_END,1516218891936,141
307,WS_SEND_START,1516218891936,141
307,WS_SEND_END,1516218891936,141
307,WS_RECV_START,1516218891936,142
307,WS_RECV_END,1516218892058,142
307,PLAYER_SLEEPBEFORE_START,1516218892058,143
307,PLAYER_SLEEPBEFORE_END,1516218892115,143
307,WS_SEND_START,1516218892115,143
307,WS_SEND_END,1516218892115,143
307,WS_RECV_START,1516218892115,144
307,WS_RECV_END,1516218892354,144
307,PLAYER_SLEEPBEFORE_START,1516218892354,145
307,PLAYER_SLEEPBEFORE_END,1516218908416,145
307,REQ_START,1516218908416,145
307,REQ_END,1516218908423,145
307,PLAYER_SLEEPBEFORE_START,1516218908423,146
307,PLAYER_SLEEPBEFORE_END,1516218917300,146
307,WS_SEND_START,1516218917300,146
307,WS_SEND_END,1516218917301,146
307,WS_RECV_START,1516218917301,147
307,WS_RECV_END,1516218917473,147
307,PLAYER_SLEEPBEFORE_START,1516218917473,148
307,PLAYER_SLEEPBEFORE_END,1516218939395,148
307,WS_SEND_START,1516218939395,148
307,WS_SEND_END,1516218939395,148
307,PLAYER_SLEEPBEFORE_START,1516218939395,149
307,PLAYER_SLEEPBEFORE_END,1516218941824,149
307,WS_SEND_START,1516218941824,149
307,WS_SEND_END,1516218941824,149
307,WS_RECV_START,1516218941824,150
307,WS_RECV_END,1516218942268,150
307,PLAYER_SLEEPBEFORE_START,1516218942268,151
307,PLAYER_SLEEPBEFORE_END,1516218942478,151
307,WS_SEND_START,1516218942478,151
307,WS_SEND_END,1516218942478,151
307,WS_RECV_START,1516218942478,152
307,WS_RECV_END,1516218942662,152
307,PLAYER_SLEEPBEFORE_START,1516218942662,153
307,PLAYER_SLEEPBEFORE_END,1516218966590,153
307,WS_SEND_START,1516218966590,153
307,WS_SEND_END,1516218966590,153
307,WS_RECV_START,1516218966590,154
307,WS_RECV_END,1516218966803,154
307,PLAYER_SLEEPBEFORE_START,1516218966803,155
307,PLAYER_SLEEPBEFORE_END,1516218989361,155
307,WS_SEND_START,1516218989361,155
307,WS_SEND_END,1516218989361,155
307,PLAYER_SLEEPBEFORE_START,1516218989361,156
307,PLAYER_SLEEPBEFORE_END,1516218992635,156
307,WS_SEND_START,1516218992636,156
307,WS_SEND_END,1516218992636,156
307,WS_RECV_START,1516218992636,157
307,WS_RECV_END,1516218993632,157
307,PLAYER_SLEEPBEFORE_START,1516218993632,158
307,PLAYER_SLEEPBEFORE_END,1516218993642,158
307,WS_SEND_START,1516218993642,158
307,WS_SEND_END,1516218993643,158
307,WS_RECV_START,1516218993643,159
307,WS_RECV_END,1516218995043,159
307,PLAYER_SLEEPBEFORE_START,1516218995043,160
307,PLAYER_SLEEPBEFORE_END,1516218995219,160
307,WS_SEND_START,1516218995219,160
307,WS_SEND_END,1516218995219,160
307,WS_RECV_START,1516218995219,161
307,WS_RECV_END,1516218995721,161
307,PLAYER_SLEEPBEFORE_START,1516218995721,162
307,PLAYER_SLEEPBEFORE_END,1516218995746,162
307,WS_SEND_START,1516218995746,162
307,WS_SEND_END,1516218995746,162
307,WS_RECV_START,1516218995746,163
307,WS_RECV_END,1516218996927,163
307,PLAYER_SLEEPBEFORE_START,1516218996927,164
307,PLAYER_SLEEPBEFORE_END,1516219017739,164
307,WS_SEND_START,1516219017739,164
307,WS_SEND_END,1516219017739,164
307,WS_RECV_START,1516219017739,165
307,WS_RECV_END,1516219021704,165
307,PLAYER_SLEEPBEFORE_START,1516219021704,166
307,PLAYER_SLEEPBEFORE_END,1516219044159,166
307,WS_SEND_START,1516219044159,166
307,WS_SEND_END,1516219044159,166
307,WS_RECV_START,1516219044159,167
307,WS_RECV_END,1516219048119,167
307,PLAYER_SLEEPBEFORE_START,1516219048119,168
307,PLAYER_SLEEPBEFORE_END,1516219075476,168
307,WS_SEND_START,1516219075476,168
307,WS_SEND_END,1516219075476,168
307,WS_RECV_START,1516219075476,169
307,WS_RECV_END,1516219077931,169
307,PLAYER_SLEEPBEFORE_START,1516219077931,170
307,PLAYER_SLEEPBEFORE_END,1516219077940,170
307,WS_SEND_START,1516219077940,170
307,WS_SEND_END,1516219077940,170
307,WS_RECV_START,1516219077940,171
307,WS_RECV_END,1516219078588,171
307,PLAYER_SLEEPBEFORE_START,1516219078588,172
307,PLAYER_SLEEPBEFORE_END,1516219078957,172
307,WS_SEND_START,1516219078957,172
307,WS_SEND_END,1516219078957,172
307,WS_RECV_START,1516219078957,173
307,WS_RECV_END,1516219079684,173
307,PLAYER_SLEEPBEFORE_START,1516219079684,174
307,PLAYER_SLEEPBEFORE_END,1516219079725,174
307,WS_SEND_START,1516219079725,174
307,WS_SEND_END,1516219079725,174
307,WS_RECV_START,1516219079725,175
307,WS_RECV_END,1516219081094,175
307,PLAYER_SLEEPBEFORE_START,1516219081094,176
307,PLAYER_SLEEPBEFORE_END,1516219102856,176
307,WS_SEND_START,1516219102856,176
307,WS_SEND_END,1516219102856,176
307,PLAYER_SLEEPBEFORE_START,1516219102856,177
307,PLAYER_SLEEPBEFORE_END,1516219105374,177
307,WS_SEND_START,1516219105374,177
307,WS_SEND_END,1516219105374,177
307,WS_RECV_START,1516219105374,178
307,WS_RECV_END,1516219106065,178
307,PLAYER_SLEEPBEFORE_START,1516219106065,179
307,PLAYER_SLEEPBEFORE_END,1516219128405,179
307,WS_SEND_START,1516219128405,179
307,WS_SEND_END,1516219128405,179
307,WS_RECV_START,1516219128405,180
307,WS_RECV_END,1516219130712,180
307,PLAYER_SLEEPBEFORE_START,1516219130712,181
307,PLAYER_SLEEPBEFORE_END,1516219131156,181
307,WS_SEND_START,1516219131156,181
307,WS_SEND_END,1516219131156,181
307,WS_RECV_START,1516219131156,182
307,WS_RECV_END,1516219131848,182
307,PLAYER_SLEEPBEFORE_START,1516219131848,183
307,PLAYER_SLEEPBEFORE_END,1516219132371,183
307,WS_SEND_START,1516219132371,183
307,WS_SEND_END,1516219132371,183
307,WS_RECV_START,1516219132372,184
307,WS_RECV_END,1516219132642,184
307,PLAYER_SLEEPBEFORE_START,1516219132642,185
307,PLAYER_SLEEPBEFORE_END,1516219132910,185
307,WS_SEND_START,1516219132910,185
307,WS_SEND_END,1516219132910,185
307,WS_RECV_START,1516219132910,186
307,WS_RECV_END,1516219133907,186
307,PLAYER_SLEEPBEFORE_START,1516219133907,187
307,PLAYER_SLEEPBEFORE_END,1516219156407,187
307,WS_SEND_START,1516219156407,187
307,WS_SEND_END,1516219156407,187
307,WS_RECV_START,1516219156407,188
307,WS_RECV_END,1516219156546,188
307,PLAYER_SLEEPBEFORE_START,1516219156546,189
307,PLAYER_SLEEPBEFORE_END,1516219162786,189
307,WS_SEND_START,1516219162786,189
307,WS_SEND_END,1516219162786,189
307,WS_RECV_START,1516219162786,190
307,WS_RECV_END,1516219163377,190
307,PLAYER_SLEEPBEFORE_START,1516219163377,191
307,PLAYER_SLEEPBEFORE_END,1516219165292,191
307,WS_SEND_START,1516219165292,191
307,WS_SEND_END,1516219165292,191
307,WS_RECV_START,1516219165292,192
307,WS_RECV_END,1516219165579,192
307,PLAYER_SLEEPBEFORE_START,1516219165579,193
307,PLAYER_SLEEPBEFORE_END,1516219165708,193
307,WS_SEND_START,1516219165708,193
307,WS_SEND_END,1516219165708,193
307,WS_RECV_START,1516219165708,194
307,WS_RECV_END,1516219166189,194
307,PLAYER_SLEEPBEFORE_START,1516219166189,195
307,PLAYER_SLEEPBEFORE_END,1516219167944,195
307,WS_SEND_START,1516219167944,195
307,WS_SEND_END,1516219167944,195
307,WS_RECV_START,1516219167944,196
307,WS_RECV_END,1516219168613,196
307,PLAYER_SLEEPBEFORE_START,1516219168613,197
307,PLAYER_SLEEPBEFORE_END,1516219170417,197
307,WS_SEND_START,1516219170417,197
307,WS_SEND_END,1516219170417,197
307,WS_RECV_START,1516219170417,198
307,WS_RECV_END,1516219170550,198
307,PLAYER_SLEEPBEFORE_START,1516219170550,199
307,PLAYER_SLEEPBEFORE_END,1516219182404,199
307,WS_SEND_START,1516219182404,199
307,WS_SEND_END,1516219182404,199
307,PLAYER_SLEEPBEFORE_START,1516219182404,200
307,PLAYER_SLEEPBEFORE_END,1516219186493,200
307,WS_SEND_START,1516219186493,200
307,WS_SEND_END,1516219186493,200
307,WS_RECV_START,1516219186493,201
307,WS_RECV_END,1516219186872,201
307,PLAYER_SLEEPBEFORE_START,1516219186872,202
307,PLAYER_SLEEPBEFORE_END,1516219186887,202
307,WS_SEND_START,1516219186887,202
307,WS_SEND_END,1516219186887,202
307,WS_RECV_START,1516219186887,203
307,WS_RECV_END,1516219187458,203
307,PLAYER_SLEEPBEFORE_START,1516219187458,204
307,PLAYER_SLEEPBEFORE_END,1516219207108,204
307,WS_SEND_START,1516219207108,204
307,WS_SEND_END,1516219207108,204
307,PLAYER_SLEEPBEFORE_START,1516219207108,205
307,PLAYER_SLEEPBEFORE_END,1516219211006,205
307,WS_SEND_START,1516219211006,205
307,WS_SEND_END,1516219211006,205
307,WS_RECV_START,1516219211006,206
307,WS_RECV_END,1516219211119,206
307,PLAYER_SLEEPBEFORE_START,1516219211119,207
307,PLAYER_SLEEPBEFORE_END,1516219228050,207
307,REQ_START,1516219228050,207
307,REQ_END,1516219228058,207
307,PLAYER_SLEEPBEFORE_START,1516219228058,208
307,PLAYER_SLEEPBEFORE_END,1516219234910,208
307,WS_CLOSE_START,1516219234910,208
307,WS_CLOSE_END,1516219234910,208
307,PLAYER_DONE,1516219234910
