# --sessions 360 --app-url=http://shinyloadtest.rstudioservices.com/cran_explorer --output-dir test360 --overwrite-output --log-level warn --start-interval 500 15min.log
thread_id,event,timestamp,input_line_number,comment
31,PLAYER_SESSION_CREATE,1516218150643
31,PLAYER_START_INTERVAL_START,1516218150643
31,PLAYER_START_INTERVAL_END,1516218166144
31,REQ_HOME_START,1516218166144,2
31,REQ_HOME_END,1516218166230,2
31,REQ_START,1516218166230,3
31,REQ_END,1516218166270,3
31,REQ_START,1516218166270,4
31,REQ_END,1516218166302,4
31,REQ_START,1516218166302,5
31,REQ_END,1516218166335,5
31,REQ_START,1516218166335,6
31,REQ_END,1516218166370,6
31,REQ_START,1516218166370,7
31,REQ_END,1516218166403,7
31,REQ_START,1516218166403,8
31,REQ_END,1516218166441,8
31,REQ_START,1516218166441,9
31,REQ_END,1516218166479,9
31,REQ_START,1516218166479,10
31,REQ_END,1516218166487,10
31,REQ_START,1516218166487,11
31,REQ_END,1516218166519,11
31,REQ_START,1516218166519,12
31,REQ_END,1516218166529,12
31,REQ_START,1516218166529,13
31,REQ_END,1516218166562,13
31,REQ_START,1516218166562,14
31,REQ_END,1516218166577,14
31,REQ_START,1516218166577,15
31,REQ_END,1516218166611,15
31,REQ_TOK_START,1516218166611,16
31,REQ_TOK_END,1516218166619,16
31,REQ_SINF_START,1516218166619,17
31,REQ_SINF_END,1516218166627,17
31,WS_OPEN_START,1516218166627,18
31,WS_OPEN_END,1516218166634,18
31,REQ_START,1516218166635,19
31,REQ_END,1516218166669,19
31,WS_RECV_START,1516218166669,20
31,WS_RECV_END,1516218166669,20
31,PLAYER_SLEEPBEFORE_START,1516218166669,21
31,PLAYER_SLEEPBEFORE_END,1516218166674,21
31,WS_SEND_START,1516218166674,21
31,WS_SEND_END,1516218166674,21
31,PLAYER_SLEEPBEFORE_START,1516218166674,22
31,PLAYER_SLEEPBEFORE_END,1516218166675,22
31,WS_SEND_START,1516218166675,22
31,WS_SEND_END,1516218166675,22
31,WS_RECV_INIT_START,1516218166675,23
31,WS_RECV_INIT_END,1516218166753,23
31,WS_RECV_START,1516218166753,24
31,WS_RECV_END,1516218166814,24
31,PLAYER_SLEEPBEFORE_START,1516218166814,25
31,PLAYER_SLEEPBEFORE_END,1516218166821,25
31,REQ_START,1516218166821,25
31,REQ_END,1516218166861,25
31,PLAYER_SLEEPBEFORE_START,1516218166861,26
31,PLAYER_SLEEPBEFORE_END,1516218166862,26
31,REQ_START,1516218166862,26
31,REQ_END,1516218166911,26
31,PLAYER_SLEEPBEFORE_START,1516218166911,27
31,PLAYER_SLEEPBEFORE_END,1516218166914,27
31,REQ_START,1516218166914,27
31,REQ_END,1516218166966,27
31,PLAYER_SLEEPBEFORE_START,1516218166966,28
31,PLAYER_SLEEPBEFORE_END,1516218167251,28
31,REQ_START,1516218167251,28
31,REQ_END,1516218167282,28
31,PLAYER_SLEEPBEFORE_START,1516218167282,29
31,PLAYER_SLEEPBEFORE_END,1516218167457,29
31,WS_SEND_START,1516218167458,29
31,WS_SEND_END,1516218167458,29
31,WS_RECV_START,1516218167458,30
31,WS_RECV_END,1516218167598,30
31,PLAYER_SLEEPBEFORE_START,1516218167598,31
31,PLAYER_SLEEPBEFORE_END,1516218167609,31
31,REQ_START,1516218167609,31
31,REQ_END,1516218167644,31
31,PLAYER_SLEEPBEFORE_START,1516218167644,32
31,PLAYER_SLEEPBEFORE_END,1516218195789,32
31,WS_SEND_START,1516218195789,32
31,WS_SEND_END,1516218195789,32
31,WS_RECV_START,1516218195789,33
31,WS_RECV_END,1516218196037,33
31,PLAYER_SLEEPBEFORE_START,1516218196037,34
31,PLAYER_SLEEPBEFORE_END,1516218221948,34
31,WS_SEND_START,1516218221948,34
31,WS_SEND_END,1516218221948,34
31,WS_RECV_START,1516218221948,35
31,WS_RECV_END,1516218221986,35
31,PLAYER_SLEEPBEFORE_START,1516218221986,36
31,PLAYER_SLEEPBEFORE_END,1516218221995,36
31,WS_SEND_START,1516218221995,36
31,WS_SEND_END,1516218221995,36
31,WS_RECV_START,1516218221995,37
31,WS_RECV_END,1516218222125,37
31,PLAYER_SLEEPBEFORE_START,1516218222125,38
31,PLAYER_SLEEPBEFORE_END,1516218225320,38
31,WS_SEND_START,1516218225320,38
31,WS_SEND_END,1516218225321,38
31,WS_RECV_START,1516218225321,39
31,WS_RECV_END,1516218225501,39
31,PLAYER_SLEEPBEFORE_START,1516218225501,40
31,PLAYER_SLEEPBEFORE_END,1516218225547,40
31,WS_SEND_START,1516218225547,40
31,WS_SEND_END,1516218225547,40
31,WS_RECV_START,1516218225547,41
31,WS_RECV_END,1516218225710,41
31,PLAYER_SLEEPBEFORE_START,1516218225710,42
31,PLAYER_SLEEPBEFORE_END,1516218243845,42
31,WS_SEND_START,1516218243845,42
31,WS_SEND_END,1516218243845,42
31,WS_RECV_START,1516218243845,43
31,WS_RECV_END,1516218243874,43
31,PLAYER_SLEEPBEFORE_START,1516218243874,44
31,PLAYER_SLEEPBEFORE_END,1516218243886,44
31,WS_SEND_START,1516218243886,44
31,WS_SEND_END,1516218243886,44
31,WS_RECV_START,1516218243886,45
31,WS_RECV_END,1516218244061,45
31,PLAYER_SLEEPBEFORE_START,1516218244061,46
31,PLAYER_SLEEPBEFORE_END,1516218245321,46
31,WS_SEND_START,1516218245321,46
31,WS_SEND_END,1516218245321,46
31,WS_RECV_START,1516218245321,47
31,WS_RECV_END,1516218245542,47
31,PLAYER_SLEEPBEFORE_START,1516218245542,48
31,PLAYER_SLEEPBEFORE_END,1516218246862,48
31,WS_SEND_START,1516218246862,48
31,WS_SEND_END,1516218246862,48
31,WS_RECV_START,1516218246862,49
31,WS_RECV_END,1516218246985,49
31,PLAYER_SLEEPBEFORE_START,1516218246985,50
31,PLAYER_SLEEPBEFORE_END,1516218247010,50
31,WS_SEND_START,1516218247010,50
31,WS_SEND_END,1516218247010,50
31,WS_RECV_START,1516218247010,51
31,WS_RECV_END,1516218247149,51
31,PLAYER_SLEEPBEFORE_START,1516218247149,52
31,PLAYER_SLEEPBEFORE_END,1516218269713,52
31,WS_SEND_START,1516218269713,52
31,WS_SEND_END,1516218269713,52
31,WS_RECV_START,1516218269713,53
31,WS_RECV_END,1516218270089,53
31,PLAYER_SLEEPBEFORE_START,1516218270089,54
31,PLAYER_SLEEPBEFORE_END,1516218291392,54
31,WS_SEND_START,1516218291392,54
31,WS_SEND_END,1516218291392,54
31,PLAYER_SLEEPBEFORE_START,1516218291392,55
31,PLAYER_SLEEPBEFORE_END,1516218293333,55
31,WS_SEND_START,1516218293333,55
31,WS_SEND_END,1516218293333,55
31,WS_RECV_START,1516218293334,56
31,WS_RECV_END,1516218293391,56
31,PLAYER_SLEEPBEFORE_START,1516218293391,57
31,PLAYER_SLEEPBEFORE_END,1516218316263,57
31,WS_SEND_START,1516218316263,57
31,WS_SEND_END,1516218316264,57
31,WS_RECV_START,1516218316264,58
31,WS_RECV_END,1516218316408,58
31,PLAYER_SLEEPBEFORE_START,1516218316408,59
31,PLAYER_SLEEPBEFORE_END,1516218318735,59
31,WS_SEND_START,1516218318735,59
31,WS_SEND_END,1516218318735,59
31,WS_RECV_START,1516218318735,60
31,WS_RECV_END,1516218319209,60
31,PLAYER_SLEEPBEFORE_START,1516218319209,61
31,PLAYER_SLEEPBEFORE_END,1516218322800,61
31,WS_SEND_START,1516218322800,61
31,WS_SEND_END,1516218322800,61
31,WS_RECV_START,1516218322800,62
31,WS_RECV_END,1516218323696,62
31,PLAYER_SLEEPBEFORE_START,1516218323696,63
31,PLAYER_SLEEPBEFORE_END,1516218342958,63
31,WS_SEND_START,1516218342958,63
31,WS_SEND_END,1516218342958,63
31,WS_RECV_START,1516218342958,64
31,WS_RECV_END,1516218343038,64
31,PLAYER_SLEEPBEFORE_START,1516218343038,65
31,PLAYER_SLEEPBEFORE_END,1516218369855,65
31,WS_SEND_START,1516218369855,65
31,WS_SEND_END,1516218369855,65
31,WS_RECV_START,1516218369855,66
31,WS_RECV_END,1516218370191,66
31,PLAYER_SLEEPBEFORE_START,1516218370191,67
31,PLAYER_SLEEPBEFORE_END,1516218371698,67
31,WS_SEND_START,1516218371698,67
31,WS_SEND_END,1516218371698,67
31,WS_RECV_START,1516218371698,68
31,WS_RECV_END,1516218371951,68
31,PLAYER_SLEEPBEFORE_START,1516218371951,69
31,PLAYER_SLEEPBEFORE_END,1516218393949,69
31,WS_SEND_START,1516218393949,69
31,WS_SEND_END,1516218393949,69
31,WS_RECV_START,1516218393949,70
31,WS_RECV_END,1516218394070,70
31,PLAYER_SLEEPBEFORE_START,1516218394070,71
31,PLAYER_SLEEPBEFORE_END,1516218418845,71
31,WS_SEND_START,1516218418845,71
31,WS_SEND_END,1516218418845,71
31,PLAYER_SLEEPBEFORE_START,1516218418845,72
31,PLAYER_SLEEPBEFORE_END,1516218421452,72
31,WS_SEND_START,1516218421452,72
31,WS_SEND_END,1516218421452,72
31,WS_RECV_START,1516218421452,73
31,WS_RECV_END,1516218421527,73
31,PLAYER_SLEEPBEFORE_START,1516218421527,74
31,PLAYER_SLEEPBEFORE_END,1516218421536,74
31,WS_SEND_START,1516218421536,74
31,WS_SEND_END,1516218421536,74
31,WS_RECV_START,1516218421536,75
31,WS_RECV_END,1516218421621,75
31,PLAYER_SLEEPBEFORE_START,1516218421621,76
31,PLAYER_SLEEPBEFORE_END,1516218423127,76
31,WS_SEND_START,1516218423127,76
31,WS_SEND_END,1516218423127,76
31,WS_RECV_START,1516218423127,77
31,WS_RECV_END,1516218423162,77
31,PLAYER_SLEEPBEFORE_START,1516218423162,78
31,PLAYER_SLEEPBEFORE_END,1516218424030,78
31,WS_SEND_START,1516218424030,78
31,WS_SEND_END,1516218424030,78
31,WS_RECV_START,1516218424030,79
31,WS_RECV_END,1516218424071,79
31,PLAYER_SLEEPBEFORE_START,1516218424071,80
31,PLAYER_SLEEPBEFORE_END,1516218431737,80
31,WS_SEND_START,1516218431737,80
31,WS_SEND_END,1516218431737,80
31,WS_RECV_START,1516218431737,81
31,WS_RECV_END,1516218432135,81
31,PLAYER_SLEEPBEFORE_START,1516218432135,82
31,PLAYER_SLEEPBEFORE_END,1516218433237,82
31,WS_SEND_START,1516218433237,82
31,WS_SEND_END,1516218433237,82
31,WS_RECV_START,1516218433237,83
31,WS_RECV_END,1516218434142,83
31,PLAYER_SLEEPBEFORE_START,1516218434142,84
31,PLAYER_SLEEPBEFORE_END,1516218435089,84
31,WS_SEND_START,1516218435089,84
31,WS_SEND_END,1516218435089,84
31,WS_RECV_START,1516218435089,85
31,WS_RECV_END,1516218435299,85
31,PLAYER_SLEEPBEFORE_START,1516218435299,86
31,PLAYER_SLEEPBEFORE_END,1516218439471,86
31,WS_SEND_START,1516218439471,86
31,WS_SEND_END,1516218439471,86
31,WS_RECV_START,1516218439471,87
31,WS_RECV_END,1516218439700,87
31,PLAYER_SLEEPBEFORE_START,1516218439700,88
31,PLAYER_SLEEPBEFORE_END,1516218439712,88
31,WS_SEND_START,1516218439712,88
31,WS_SEND_END,1516218439712,88
31,WS_RECV_START,1516218439712,89
31,WS_RECV_END,1516218439923,89
31,PLAYER_SLEEPBEFORE_START,1516218439923,90
31,PLAYER_SLEEPBEFORE_END,1516218467120,90
31,REQ_START,1516218467120,90
31,REQ_END,1516218467128,90
31,PLAYER_SLEEPBEFORE_START,1516218467128,91
31,PLAYER_SLEEPBEFORE_END,1516218475017,91
31,WS_SEND_START,1516218475017,91
31,WS_SEND_END,1516218475017,91
31,WS_RECV_START,1516218475017,92
31,WS_RECV_END,1516218475515,92
31,PLAYER_SLEEPBEFORE_START,1516218475515,93
31,PLAYER_SLEEPBEFORE_END,1516218475530,93
31,WS_SEND_START,1516218475530,93
31,WS_SEND_END,1516218475530,93
31,WS_RECV_START,1516218475530,94
31,WS_RECV_END,1516218476072,94
31,PLAYER_SLEEPBEFORE_START,1516218476072,95
31,PLAYER_SLEEPBEFORE_END,1516218499627,95
31,WS_SEND_START,1516218499627,95
31,WS_SEND_END,1516218499627,95
31,WS_RECV_START,1516218499627,96
31,WS_RECV_END,1516218499884,96
31,PLAYER_SLEEPBEFORE_START,1516218499884,97
31,PLAYER_SLEEPBEFORE_END,1516218522324,97
31,WS_SEND_START,1516218522324,97
31,WS_SEND_END,1516218522324,97
31,WS_RECV_START,1516218522324,98
31,WS_RECV_END,1516218523679,98
31,PLAYER_SLEEPBEFORE_START,1516218523679,99
31,PLAYER_SLEEPBEFORE_END,1516218523700,99
31,WS_SEND_START,1516218523700,99
31,WS_SEND_END,1516218523700,99
31,WS_RECV_START,1516218523700,100
31,WS_RECV_END,1516218524788,100
31,PLAYER_SLEEPBEFORE_START,1516218524788,101
31,PLAYER_SLEEPBEFORE_END,1516218548348,101
31,WS_SEND_START,1516218548348,101
31,WS_SEND_END,1516218548348,101
31,WS_RECV_START,1516218548348,102
31,WS_RECV_END,1516218548470,102
31,PLAYER_SLEEPBEFORE_START,1516218548470,103
31,PLAYER_SLEEPBEFORE_END,1516218572095,103
31,WS_SEND_START,1516218572095,103
31,WS_SEND_END,1516218572095,103
31,WS_RECV_START,1516218572095,104
31,WS_RECV_END,1516218572274,104
31,PLAYER_SLEEPBEFORE_START,1516218572274,105
31,PLAYER_SLEEPBEFORE_END,1516218597651,105
31,WS_SEND_START,1516218597651,105
31,WS_SEND_END,1516218597651,105
31,WS_RECV_START,1516218597651,106
31,WS_RECV_END,1516218597929,106
31,PLAYER_SLEEPBEFORE_START,1516218597929,107
31,PLAYER_SLEEPBEFORE_END,1516218621352,107
31,WS_SEND_START,1516218621352,107
31,WS_SEND_END,1516218621352,107
31,WS_RECV_START,1516218621352,108
31,WS_RECV_END,1516218621748,108
31,PLAYER_SLEEPBEFORE_START,1516218621748,109
31,PLAYER_SLEEPBEFORE_END,1516218621757,109
31,WS_SEND_START,1516218621757,109
31,WS_SEND_END,1516218621757,109
31,WS_RECV_START,1516218621757,110
31,WS_RECV_END,1516218622084,110
31,PLAYER_SLEEPBEFORE_START,1516218622084,111
31,PLAYER_SLEEPBEFORE_END,1516218623043,111
31,WS_SEND_START,1516218623043,111
31,WS_SEND_END,1516218623043,111
31,WS_RECV_START,1516218623043,112
31,WS_RECV_END,1516218623076,112
31,PLAYER_SLEEPBEFORE_START,1516218623076,113
31,PLAYER_SLEEPBEFORE_END,1516218623638,113
31,WS_SEND_START,1516218623638,113
31,WS_SEND_END,1516218623638,113
31,WS_RECV_START,1516218623639,114
31,WS_RECV_END,1516218623817,114
31,PLAYER_SLEEPBEFORE_START,1516218623817,115
31,PLAYER_SLEEPBEFORE_END,1516218623826,115
31,WS_SEND_START,1516218623826,115
31,WS_SEND_END,1516218623826,115
31,WS_RECV_START,1516218623826,116
31,WS_RECV_END,1516218624056,116
31,PLAYER_SLEEPBEFORE_START,1516218624056,117
31,PLAYER_SLEEPBEFORE_END,1516218644416,117
31,WS_SEND_START,1516218644416,117
31,WS_SEND_END,1516218644416,117
31,PLAYER_SLEEPBEFORE_START,1516218644416,118
31,PLAYER_SLEEPBEFORE_END,1516218648168,118
31,WS_SEND_START,1516218648168,118
31,WS_SEND_END,1516218648168,118
31,WS_RECV_START,1516218648168,119
31,WS_RECV_END,1516218648923,119
31,PLAYER_SLEEPBEFORE_START,1516218648923,120
31,PLAYER_SLEEPBEFORE_END,1516218649911,120
31,WS_SEND_START,1516218649911,120
31,WS_SEND_END,1516218649911,120
31,WS_RECV_START,1516218649911,121
31,WS_RECV_END,1516218650944,121
31,PLAYER_SLEEPBEFORE_START,1516218650944,122
31,PLAYER_SLEEPBEFORE_END,1516218652129,122
31,WS_SEND_START,1516218652129,122
31,WS_SEND_END,1516218652129,122
31,WS_RECV_START,1516218652129,123
31,WS_RECV_END,1516218652799,123
31,PLAYER_SLEEPBEFORE_START,1516218652799,124
31,PLAYER_SLEEPBEFORE_END,1516218677204,124
31,WS_SEND_START,1516218677204,124
31,WS_SEND_END,1516218677204,124
31,WS_RECV_START,1516218677204,125
31,WS_RECV_END,1516218677793,125
31,PLAYER_SLEEPBEFORE_START,1516218677793,126
31,PLAYER_SLEEPBEFORE_END,1516218698305,126
31,WS_SEND_START,1516218698305,126
31,WS_SEND_END,1516218698305,126
31,PLAYER_SLEEPBEFORE_START,1516218698305,127
31,PLAYER_SLEEPBEFORE_END,1516218701359,127
31,WS_SEND_START,1516218701359,127
31,WS_SEND_END,1516218701359,127
31,WS_RECV_START,1516218701359,128
31,WS_RECV_END,1516218701921,128
31,PLAYER_SLEEPBEFORE_START,1516218701921,129
31,PLAYER_SLEEPBEFORE_END,1516218701941,129
31,WS_SEND_START,1516218701941,129
31,WS_SEND_END,1516218701941,129
31,WS_RECV_START,1516218701941,130
31,WS_RECV_END,1516218702168,130
31,PLAYER_SLEEPBEFORE_START,1516218702168,131
31,PLAYER_SLEEPBEFORE_END,1516218723792,131
31,WS_SEND_START,1516218723792,131
31,WS_SEND_END,1516218723792,131
31,PLAYER_SLEEPBEFORE_START,1516218723792,132
31,PLAYER_SLEEPBEFORE_END,1516218726873,132
31,WS_SEND_START,1516218726873,132
31,WS_SEND_END,1516218726873,132
31,WS_RECV_START,1516218726873,133
31,WS_RECV_END,1516218727052,133
31,PLAYER_SLEEPBEFORE_START,1516218727052,134
31,PLAYER_SLEEPBEFORE_END,1516218748269,134
31,WS_SEND_START,1516218748269,134
31,WS_SEND_END,1516218748269,134
31,PLAYER_SLEEPBEFORE_START,1516218748269,135
31,PLAYER_SLEEPBEFORE_END,1516218751459,135
31,WS_SEND_START,1516218751459,135
31,WS_SEND_END,1516218751459,135
31,WS_RECV_START,1516218751459,136
31,WS_RECV_END,1516218751497,136
31,PLAYER_SLEEPBEFORE_START,1516218751497,137
31,PLAYER_SLEEPBEFORE_END,1516218751504,137
31,WS_SEND_START,1516218751504,137
31,WS_SEND_END,1516218751504,137
31,WS_RECV_START,1516218751504,138
31,WS_RECV_END,1516218751544,138
31,PLAYER_SLEEPBEFORE_START,1516218751544,139
31,PLAYER_SLEEPBEFORE_END,1516218752234,139
31,WS_SEND_START,1516218752234,139
31,WS_SEND_END,1516218752234,139
31,WS_RECV_START,1516218752234,140
31,WS_RECV_END,1516218752722,140
31,PLAYER_SLEEPBEFORE_START,1516218752722,141
31,PLAYER_SLEEPBEFORE_END,1516218753377,141
31,WS_SEND_START,1516218753377,141
31,WS_SEND_END,1516218753377,141
31,WS_RECV_START,1516218753377,142
31,WS_RECV_END,1516218753958,142
31,PLAYER_SLEEPBEFORE_START,1516218753958,143
31,PLAYER_SLEEPBEFORE_END,1516218754015,143
31,WS_SEND_START,1516218754015,143
31,WS_SEND_END,1516218754015,143
31,WS_RECV_START,1516218754015,144
31,WS_RECV_END,1516218754636,144
31,PLAYER_SLEEPBEFORE_START,1516218754636,145
31,PLAYER_SLEEPBEFORE_END,1516218770698,145
31,REQ_START,1516218770698,145
31,REQ_END,1516218770706,145
31,PLAYER_SLEEPBEFORE_START,1516218770706,146
31,PLAYER_SLEEPBEFORE_END,1516218779583,146
31,WS_SEND_START,1516218779583,146
31,WS_SEND_END,1516218779583,146
31,WS_RECV_START,1516218779583,147
31,WS_RECV_END,1516218780500,147
31,PLAYER_SLEEPBEFORE_START,1516218780500,148
31,PLAYER_SLEEPBEFORE_END,1516218802422,148
31,WS_SEND_START,1516218802422,148
31,WS_SEND_END,1516218802422,148
31,PLAYER_SLEEPBEFORE_START,1516218802422,149
31,PLAYER_SLEEPBEFORE_END,1516218804850,149
31,WS_SEND_START,1516218804850,149
31,WS_SEND_END,1516218804850,149
31,WS_RECV_START,1516218804850,150
31,WS_RECV_END,1516218805545,150
31,PLAYER_SLEEPBEFORE_START,1516218805545,151
31,PLAYER_SLEEPBEFORE_END,1516218805755,151
31,WS_SEND_START,1516218805755,151
31,WS_SEND_END,1516218805755,151
31,WS_RECV_START,1516218805755,152
31,WS_RECV_END,1516218806058,152
31,PLAYER_SLEEPBEFORE_START,1516218806058,153
31,PLAYER_SLEEPBEFORE_END,1516218829985,153
31,WS_SEND_START,1516218829985,153
31,WS_SEND_END,1516218829985,153
31,WS_RECV_START,1516218829985,154
31,WS_RECV_END,1516218830119,154
31,PLAYER_SLEEPBEFORE_START,1516218830119,155
31,PLAYER_SLEEPBEFORE_END,1516218852678,155
31,WS_SEND_START,1516218852678,155
31,WS_SEND_END,1516218852678,155
31,PLAYER_SLEEPBEFORE_START,1516218852678,156
31,PLAYER_SLEEPBEFORE_END,1516218855952,156
31,WS_SEND_START,1516218855952,156
31,WS_SEND_END,1516218855952,156
31,WS_RECV_START,1516218855952,157
31,WS_RECV_END,1516218856302,157
31,PLAYER_SLEEPBEFORE_START,1516218856302,158
31,PLAYER_SLEEPBEFORE_END,1516218856312,158
31,WS_SEND_START,1516218856312,158
31,WS_SEND_END,1516218856312,158
31,WS_RECV_START,1516218856312,159
31,WS_RECV_END,1516218856688,159
31,PLAYER_SLEEPBEFORE_START,1516218856688,160
31,PLAYER_SLEEPBEFORE_END,1516218856863,160
31,WS_SEND_START,1516218856863,160
31,WS_SEND_END,1516218856863,160
31,WS_RECV_START,1516218856863,161
31,WS_RECV_END,1516218856971,161
31,PLAYER_SLEEPBEFORE_START,1516218856971,162
31,PLAYER_SLEEPBEFORE_END,1516218856996,162
31,WS_SEND_START,1516218856996,162
31,WS_SEND_END,1516218856996,162
31,WS_RECV_START,1516218856996,163
31,WS_RECV_END,1516218857233,163
31,PLAYER_SLEEPBEFORE_START,1516218857233,164
31,PLAYER_SLEEPBEFORE_END,1516218878045,164
31,WS_SEND_START,1516218878045,164
31,WS_SEND_END,1516218878045,164
31,WS_RECV_START,1516218878045,165
31,WS_RECV_END,1516218878180,165
31,PLAYER_SLEEPBEFORE_START,1516218878180,166
31,PLAYER_SLEEPBEFORE_END,1516218900635,166
31,WS_SEND_START,1516218900635,166
31,WS_SEND_END,1516218900635,166
31,WS_RECV_START,1516218900635,167
31,WS_RECV_END,1516218900751,167
31,PLAYER_SLEEPBEFORE_START,1516218900751,168
31,PLAYER_SLEEPBEFORE_END,1516218928108,168
31,WS_SEND_START,1516218928108,168
31,WS_SEND_END,1516218928108,168
31,WS_RECV_START,1516218928108,169
31,WS_RECV_END,1516218929264,169
31,PLAYER_SLEEPBEFORE_START,1516218929264,170
31,PLAYER_SLEEPBEFORE_END,1516218929273,170
31,WS_SEND_START,1516218929273,170
31,WS_SEND_END,1516218929273,170
31,WS_RECV_START,1516218929273,171
31,WS_RECV_END,1516218929895,171
31,PLAYER_SLEEPBEFORE_START,1516218929896,172
31,PLAYER_SLEEPBEFORE_END,1516218930265,172
31,WS_SEND_START,1516218930265,172
31,WS_SEND_END,1516218930265,172
31,WS_RECV_START,1516218930265,173
31,WS_RECV_END,1516218930796,173
31,PLAYER_SLEEPBEFORE_START,1516218930796,174
31,PLAYER_SLEEPBEFORE_END,1516218930837,174
31,WS_SEND_START,1516218930837,174
31,WS_SEND_END,1516218930837,174
31,WS_RECV_START,1516218930837,175
31,WS_RECV_END,1516218931431,175
31,PLAYER_SLEEPBEFORE_START,1516218931431,176
31,PLAYER_SLEEPBEFORE_END,1516218953192,176
31,WS_SEND_START,1516218953192,176
31,WS_SEND_END,1516218953192,176
31,PLAYER_SLEEPBEFORE_START,1516218953192,177
31,PLAYER_SLEEPBEFORE_END,1516218955710,177
31,WS_SEND_START,1516218955710,177
31,WS_SEND_END,1516218955710,177
31,WS_RECV_START,1516218955710,178
31,WS_RECV_END,1516218956033,178
31,PLAYER_SLEEPBEFORE_START,1516218956033,179
31,PLAYER_SLEEPBEFORE_END,1516218978373,179
31,WS_SEND_START,1516218978373,179
31,WS_SEND_END,1516218978373,179
31,WS_RECV_START,1516218978373,180
31,WS_RECV_END,1516218979838,180
31,PLAYER_SLEEPBEFORE_START,1516218979838,181
31,PLAYER_SLEEPBEFORE_END,1516218980282,181
31,WS_SEND_START,1516218980282,181
31,WS_SEND_END,1516218980282,181
31,WS_RECV_START,1516218980282,182
31,WS_RECV_END,1516218980971,182
31,PLAYER_SLEEPBEFORE_START,1516218980971,183
31,PLAYER_SLEEPBEFORE_END,1516218981494,183
31,WS_SEND_START,1516218981494,183
31,WS_SEND_END,1516218981494,183
31,WS_RECV_START,1516218981494,184
31,WS_RECV_END,1516218982470,184
31,PLAYER_SLEEPBEFORE_START,1516218982470,185
31,PLAYER_SLEEPBEFORE_END,1516218982738,185
31,WS_SEND_START,1516218982738,185
31,WS_SEND_END,1516218982738,185
31,WS_RECV_START,1516218982738,186
31,WS_RECV_END,1516218983917,186
31,PLAYER_SLEEPBEFORE_START,1516218983917,187
31,PLAYER_SLEEPBEFORE_END,1516219006417,187
31,WS_SEND_START,1516219006417,187
31,WS_SEND_END,1516219006417,187
31,WS_RECV_START,1516219006417,188
31,WS_RECV_END,1516219006665,188
31,PLAYER_SLEEPBEFORE_START,1516219006665,189
31,PLAYER_SLEEPBEFORE_END,1516219012904,189
31,WS_SEND_START,1516219012904,189
31,WS_SEND_END,1516219012904,189
31,WS_RECV_START,1516219012904,190
31,WS_RECV_END,1516219014669,190
31,PLAYER_SLEEPBEFORE_START,1516219014669,191
31,PLAYER_SLEEPBEFORE_END,1516219016584,191
31,WS_SEND_START,1516219016584,191
31,WS_SEND_END,1516219016584,191
31,WS_RECV_START,1516219016584,192
31,WS_RECV_END,1516219019428,192
31,PLAYER_SLEEPBEFORE_START,1516219019428,193
31,PLAYER_SLEEPBEFORE_END,1516219019556,193
31,WS_SEND_START,1516219019556,193
31,WS_SEND_END,1516219019556,193
31,WS_RECV_START,1516219019556,194
31,WS_RECV_END,1516219021298,194
31,PLAYER_SLEEPBEFORE_START,1516219021298,195
31,PLAYER_SLEEPBEFORE_END,1516219023053,195
31,WS_SEND_START,1516219023053,195
31,WS_SEND_END,1516219023053,195
31,WS_RECV_START,1516219023054,196
31,WS_RECV_END,1516219026913,196
31,PLAYER_SLEEPBEFORE_START,1516219026913,197
31,PLAYER_SLEEPBEFORE_END,1516219028717,197
31,WS_SEND_START,1516219028717,197
31,WS_SEND_END,1516219028717,197
31,WS_RECV_START,1516219028717,198
31,WS_RECV_END,1516219032910,198
31,PLAYER_SLEEPBEFORE_START,1516219032910,199
31,PLAYER_SLEEPBEFORE_END,1516219044764,199
31,WS_SEND_START,1516219044764,199
31,WS_SEND_END,1516219044764,199
31,PLAYER_SLEEPBEFORE_START,1516219044764,200
31,PLAYER_SLEEPBEFORE_END,1516219048852,200
31,WS_SEND_START,1516219048852,200
31,WS_SEND_END,1516219048852,200
31,WS_RECV_START,1516219048852,201
31,WS_RECV_END,1516219053757,201
31,PLAYER_SLEEPBEFORE_START,1516219053757,202
31,PLAYER_SLEEPBEFORE_END,1516219053772,202
31,WS_SEND_START,1516219053772,202
31,WS_SEND_END,1516219053772,202
31,WS_RECV_START,1516219053772,203
31,WS_RECV_END,1516219058150,203
31,PLAYER_SLEEPBEFORE_START,1516219058150,204
31,PLAYER_SLEEPBEFORE_END,1516219077799,204
31,WS_SEND_START,1516219077799,204
31,WS_SEND_END,1516219077799,204
31,PLAYER_SLEEPBEFORE_START,1516219077799,205
31,PLAYER_SLEEPBEFORE_END,1516219081697,205
31,WS_SEND_START,1516219081697,205
31,WS_SEND_END,1516219081697,205
31,WS_RECV_START,1516219081697,206
31,WS_RECV_END,1516219083792,206
31,PLAYER_SLEEPBEFORE_START,1516219083792,207
31,PLAYER_SLEEPBEFORE_END,1516219100723,207
31,REQ_START,1516219100723,207
31,REQ_END,1516219100731,207
31,PLAYER_SLEEPBEFORE_START,1516219100731,208
31,PLAYER_SLEEPBEFORE_END,1516219107583,208
31,WS_CLOSE_START,1516219107583,208
31,WS_CLOSE_END,1516219107583,208
31,PLAYER_DONE,1516219107583
