# --sessions 360 --app-url=http://shinyloadtest.rstudioservices.com/cran_explorer --output-dir test360 --overwrite-output --log-level warn --start-interval 500 15min.log
thread_id,event,timestamp,input_line_number,comment
76,PLAYER_SESSION_CREATE,1516218150681
76,PLAYER_START_INTERVAL_START,1516218150681
76,PLAYER_START_INTERVAL_END,1516218188681
76,REQ_HOME_START,1516218188682,2
76,REQ_HOME_END,1516218188770,2
76,REQ_START,1516218188770,3
76,REQ_END,1516218188910,3
76,REQ_START,1516218188910,4
76,REQ_END,1516218188945,4
76,REQ_START,1516218188945,5
76,REQ_END,1516218188979,5
76,REQ_START,1516218188979,6
76,REQ_END,1516218189012,6
76,REQ_START,1516218189012,7
76,REQ_END,1516218189054,7
76,REQ_START,1516218189054,8
76,REQ_END,1516218189210,8
76,REQ_START,1516218189210,9
76,REQ_END,1516218189261,9
76,REQ_START,1516218189261,10
76,REQ_END,1516218189268,10
76,REQ_START,1516218189268,11
76,REQ_END,1516218189305,11
76,REQ_START,1516218189305,12
76,REQ_END,1516218189315,12
76,REQ_START,1516218189315,13
76,REQ_END,1516218189348,13
76,REQ_START,1516218189348,14
76,REQ_END,1516218189362,14
76,REQ_START,1516218189362,15
76,REQ_END,1516218189395,15
76,REQ_TOK_START,1516218189395,16
76,REQ_TOK_END,1516218189402,16
76,REQ_SINF_START,1516218189402,17
76,REQ_SINF_END,1516218189408,17
76,WS_OPEN_START,1516218189408,18
76,WS_OPEN_END,1516218189415,18
76,REQ_START,1516218189415,19
76,REQ_END,1516218189441,19
76,WS_RECV_START,1516218189441,20
76,WS_RECV_END,1516218189441,20
76,PLAYER_SLEEPBEFORE_START,1516218189441,21
76,PLAYER_SLEEPBEFORE_END,1516218189446,21
76,WS_SEND_START,1516218189446,21
76,WS_SEND_END,1516218189447,21
76,PLAYER_SLEEPBEFORE_START,1516218189447,22
76,PLAYER_SLEEPBEFORE_END,1516218189448,22
76,WS_SEND_START,1516218189448,22
76,WS_SEND_END,1516218189448,22
76,WS_RECV_INIT_START,1516218189448,23
76,WS_RECV_INIT_END,1516218189466,23
76,WS_RECV_START,1516218189466,24
76,WS_RECV_END,1516218189526,24
76,PLAYER_SLEEPBEFORE_START,1516218189526,25
76,PLAYER_SLEEPBEFORE_END,1516218189533,25
76,REQ_START,1516218189533,25
76,REQ_END,1516218189569,25
76,PLAYER_SLEEPBEFORE_START,1516218189569,26
76,PLAYER_SLEEPBEFORE_END,1516218189570,26
76,REQ_START,1516218189570,26
76,REQ_END,1516218189603,26
76,PLAYER_SLEEPBEFORE_START,1516218189603,27
76,PLAYER_SLEEPBEFORE_END,1516218189606,27
76,REQ_START,1516218189606,27
76,REQ_END,1516218189637,27
76,PLAYER_SLEEPBEFORE_START,1516218189637,28
76,PLAYER_SLEEPBEFORE_END,1516218189922,28
76,REQ_START,1516218189922,28
76,REQ_END,1516218189953,28
76,PLAYER_SLEEPBEFORE_START,1516218189953,29
76,PLAYER_SLEEPBEFORE_END,1516218190128,29
76,WS_SEND_START,1516218190128,29
76,WS_SEND_END,1516218190128,29
76,WS_RECV_START,1516218190128,30
76,WS_RECV_END,1516218190260,30
76,PLAYER_SLEEPBEFORE_START,1516218190260,31
76,PLAYER_SLEEPBEFORE_END,1516218190271,31
76,REQ_START,1516218190271,31
76,REQ_END,1516218190308,31
76,PLAYER_SLEEPBEFORE_START,1516218190308,32
76,PLAYER_SLEEPBEFORE_END,1516218218454,32
76,WS_SEND_START,1516218218454,32
76,WS_SEND_END,1516218218454,32
76,WS_RECV_START,1516218218454,33
76,WS_RECV_END,1516218218546,33
76,PLAYER_SLEEPBEFORE_START,1516218218546,34
76,PLAYER_SLEEPBEFORE_END,1516218244457,34
76,WS_SEND_START,1516218244457,34
76,WS_SEND_END,1516218244457,34
76,WS_RECV_START,1516218244457,35
76,WS_RECV_END,1516218244492,35
76,PLAYER_SLEEPBEFORE_START,1516218244492,36
76,PLAYER_SLEEPBEFORE_END,1516218244501,36
76,WS_SEND_START,1516218244501,36
76,WS_SEND_END,1516218244501,36
76,WS_RECV_START,1516218244501,37
76,WS_RECV_END,1516218244561,37
76,PLAYER_SLEEPBEFORE_START,1516218244561,38
76,PLAYER_SLEEPBEFORE_END,1516218247756,38
76,WS_SEND_START,1516218247756,38
76,WS_SEND_END,1516218247756,38
76,WS_RECV_START,1516218247756,39
76,WS_RECV_END,1516218247882,39
76,PLAYER_SLEEPBEFORE_START,1516218247882,40
76,PLAYER_SLEEPBEFORE_END,1516218247928,40
76,WS_SEND_START,1516218247928,40
76,WS_SEND_END,1516218247928,40
76,WS_RECV_START,1516218247928,41
76,WS_RECV_END,1516218248069,41
76,PLAYER_SLEEPBEFORE_START,1516218248069,42
76,PLAYER_SLEEPBEFORE_END,1516218266204,42
76,WS_SEND_START,1516218266204,42
76,WS_SEND_END,1516218266204,42
76,WS_RECV_START,1516218266204,43
76,WS_RECV_END,1516218266251,43
76,PLAYER_SLEEPBEFORE_START,1516218266251,44
76,PLAYER_SLEEPBEFORE_END,1516218266264,44
76,WS_SEND_START,1516218266264,44
76,WS_SEND_END,1516218266264,44
76,WS_RECV_START,1516218266264,45
76,WS_RECV_END,1516218266305,45
76,PLAYER_SLEEPBEFORE_START,1516218266305,46
76,PLAYER_SLEEPBEFORE_END,1516218267565,46
76,WS_SEND_START,1516218267565,46
76,WS_SEND_END,1516218267565,46
76,WS_RECV_START,1516218267565,47
76,WS_RECV_END,1516218267641,47
76,PLAYER_SLEEPBEFORE_START,1516218267641,48
76,PLAYER_SLEEPBEFORE_END,1516218268961,48
76,WS_SEND_START,1516218268961,48
76,WS_SEND_END,1516218268961,48
76,WS_RECV_START,1516218268961,49
76,WS_RECV_END,1516218269079,49
76,PLAYER_SLEEPBEFORE_START,1516218269079,50
76,PLAYER_SLEEPBEFORE_END,1516218269103,50
76,WS_SEND_START,1516218269103,50
76,WS_SEND_END,1516218269103,50
76,WS_RECV_START,1516218269103,51
76,WS_RECV_END,1516218269307,51
76,PLAYER_SLEEPBEFORE_START,1516218269307,52
76,PLAYER_SLEEPBEFORE_END,1516218291872,52
76,WS_SEND_START,1516218291872,52
76,WS_SEND_END,1516218291872,52
76,WS_RECV_START,1516218291872,53
76,WS_RECV_END,1516218292076,53
76,PLAYER_SLEEPBEFORE_START,1516218292076,54
76,PLAYER_SLEEPBEFORE_END,1516218313380,54
76,WS_SEND_START,1516218313380,54
76,WS_SEND_END,1516218313380,54
76,PLAYER_SLEEPBEFORE_START,1516218313380,55
76,PLAYER_SLEEPBEFORE_END,1516218315321,55
76,WS_SEND_START,1516218315321,55
76,WS_SEND_END,1516218315321,55
76,WS_RECV_START,1516218315321,56
76,WS_RECV_END,1516218315667,56
76,PLAYER_SLEEPBEFORE_START,1516218315667,57
76,PLAYER_SLEEPBEFORE_END,1516218338540,57
76,WS_SEND_START,1516218338540,57
76,WS_SEND_END,1516218338540,57
76,WS_RECV_START,1516218338540,58
76,WS_RECV_END,1516218338841,58
76,PLAYER_SLEEPBEFORE_START,1516218338841,59
76,PLAYER_SLEEPBEFORE_END,1516218341168,59
76,WS_SEND_START,1516218341168,59
76,WS_SEND_END,1516218341168,59
76,WS_RECV_START,1516218341168,60
76,WS_RECV_END,1516218341326,60
76,PLAYER_SLEEPBEFORE_START,1516218341326,61
76,PLAYER_SLEEPBEFORE_END,1516218344917,61
76,WS_SEND_START,1516218344917,61
76,WS_SEND_END,1516218344917,61
76,WS_RECV_START,1516218344917,62
76,WS_RECV_END,1516218345149,62
76,PLAYER_SLEEPBEFORE_START,1516218345149,63
76,PLAYER_SLEEPBEFORE_END,1516218364411,63
76,WS_SEND_START,1516218364411,63
76,WS_SEND_END,1516218364411,63
76,WS_RECV_START,1516218364411,64
76,WS_RECV_END,1516218364697,64
76,PLAYER_SLEEPBEFORE_START,1516218364697,65
76,PLAYER_SLEEPBEFORE_END,1516218391514,65
76,WS_SEND_START,1516218391514,65
76,WS_SEND_END,1516218391515,65
76,WS_RECV_START,1516218391515,66
76,WS_RECV_END,1516218391625,66
76,PLAYER_SLEEPBEFORE_START,1516218391625,67
76,PLAYER_SLEEPBEFORE_END,1516218393132,67
76,WS_SEND_START,1516218393132,67
76,WS_SEND_END,1516218393132,67
76,WS_RECV_START,1516218393132,68
76,WS_RECV_END,1516218393242,68
76,PLAYER_SLEEPBEFORE_START,1516218393242,69
76,PLAYER_SLEEPBEFORE_END,1516218415240,69
76,WS_SEND_START,1516218415240,69
76,WS_SEND_END,1516218415240,69
76,WS_RECV_START,1516218415240,70
76,WS_RECV_END,1516218415394,70
76,PLAYER_SLEEPBEFORE_START,1516218415394,71
76,PLAYER_SLEEPBEFORE_END,1516218440170,71
76,WS_SEND_START,1516218440170,71
76,WS_SEND_END,1516218440170,71
76,PLAYER_SLEEPBEFORE_START,1516218440170,72
76,PLAYER_SLEEPBEFORE_END,1516218442777,72
76,WS_SEND_START,1516218442777,72
76,WS_SEND_END,1516218442777,72
76,WS_RECV_START,1516218442777,73
76,WS_RECV_END,1516218442958,73
76,PLAYER_SLEEPBEFORE_START,1516218442958,74
76,PLAYER_SLEEPBEFORE_END,1516218442967,74
76,WS_SEND_START,1516218442967,74
76,WS_SEND_END,1516218442967,74
76,WS_RECV_START,1516218442967,75
76,WS_RECV_END,1516218443009,75
76,PLAYER_SLEEPBEFORE_START,1516218443009,76
76,PLAYER_SLEEPBEFORE_END,1516218444515,76
76,WS_SEND_START,1516218444515,76
76,WS_SEND_END,1516218444515,76
76,WS_RECV_START,1516218444515,77
76,WS_RECV_END,1516218444570,77
76,PLAYER_SLEEPBEFORE_START,1516218444570,78
76,PLAYER_SLEEPBEFORE_END,1516218445438,78
76,WS_SEND_START,1516218445438,78
76,WS_SEND_END,1516218445438,78
76,WS_RECV_START,1516218445438,79
76,WS_RECV_END,1516218445481,79
76,PLAYER_SLEEPBEFORE_START,1516218445481,80
76,PLAYER_SLEEPBEFORE_END,1516218453147,80
76,WS_SEND_START,1516218453147,80
76,WS_SEND_END,1516218453147,80
76,WS_RECV_START,1516218453147,81
76,WS_RECV_END,1516218453261,81
76,PLAYER_SLEEPBEFORE_START,1516218453261,82
76,PLAYER_SLEEPBEFORE_END,1516218454363,82
76,WS_SEND_START,1516218454363,82
76,WS_SEND_END,1516218454363,82
76,WS_RECV_START,1516218454363,83
76,WS_RECV_END,1516218454626,83
76,PLAYER_SLEEPBEFORE_START,1516218454626,84
76,PLAYER_SLEEPBEFORE_END,1516218455573,84
76,WS_SEND_START,1516218455573,84
76,WS_SEND_END,1516218455573,84
76,WS_RECV_START,1516218455573,85
76,WS_RECV_END,1516218455864,85
76,PLAYER_SLEEPBEFORE_START,1516218455864,86
76,PLAYER_SLEEPBEFORE_END,1516218460036,86
76,WS_SEND_START,1516218460036,86
76,WS_SEND_END,1516218460036,86
76,WS_RECV_START,1516218460036,87
76,WS_RECV_END,1516218460411,87
76,PLAYER_SLEEPBEFORE_START,1516218460411,88
76,PLAYER_SLEEPBEFORE_END,1516218460419,88
76,WS_SEND_START,1516218460419,88
76,WS_SEND_END,1516218460419,88
76,WS_RECV_START,1516218460419,89
76,WS_RECV_END,1516218460768,89
76,PLAYER_SLEEPBEFORE_START,1516218460768,90
76,PLAYER_SLEEPBEFORE_END,1516218487966,90
76,REQ_START,1516218487966,90
76,REQ_END,1516218487974,90
76,PLAYER_SLEEPBEFORE_START,1516218487974,91
76,PLAYER_SLEEPBEFORE_END,1516218495863,91
76,WS_SEND_START,1516218495863,91
76,WS_SEND_END,1516218495863,91
76,WS_RECV_START,1516218495863,92
76,WS_RECV_END,1516218496051,92
76,PLAYER_SLEEPBEFORE_START,1516218496051,93
76,PLAYER_SLEEPBEFORE_END,1516218496066,93
76,WS_SEND_START,1516218496066,93
76,WS_SEND_END,1516218496066,93
76,WS_RECV_START,1516218496066,94
76,WS_RECV_END,1516218496484,94
76,PLAYER_SLEEPBEFORE_START,1516218496484,95
76,PLAYER_SLEEPBEFORE_END,1516218520039,95
76,WS_SEND_START,1516218520039,95
76,WS_SEND_END,1516218520039,95
76,WS_RECV_START,1516218520039,96
76,WS_RECV_END,1516218520328,96
76,PLAYER_SLEEPBEFORE_START,1516218520328,97
76,PLAYER_SLEEPBEFORE_END,1516218542768,97
76,WS_SEND_START,1516218542768,97
76,WS_SEND_END,1516218542768,97
76,WS_RECV_START,1516218542768,98
76,WS_RECV_END,1516218543281,98
76,PLAYER_SLEEPBEFORE_START,1516218543281,99
76,PLAYER_SLEEPBEFORE_END,1516218543303,99
76,WS_SEND_START,1516218543303,99
76,WS_SEND_END,1516218543303,99
76,WS_RECV_START,1516218543303,100
76,WS_RECV_END,1516218543630,100
76,PLAYER_SLEEPBEFORE_START,1516218543630,101
76,PLAYER_SLEEPBEFORE_END,1516218567189,101
76,WS_SEND_START,1516218567189,101
76,WS_SEND_END,1516218567190,101
76,WS_RECV_START,1516218567190,102
76,WS_RECV_END,1516218567835,102
76,PLAYER_SLEEPBEFORE_START,1516218567835,103
76,PLAYER_SLEEPBEFORE_END,1516218591460,103
76,WS_SEND_START,1516218591460,103
76,WS_SEND_END,1516218591460,103
76,WS_RECV_START,1516218591460,104
76,WS_RECV_END,1516218591597,104
76,PLAYER_SLEEPBEFORE_START,1516218591597,105
76,PLAYER_SLEEPBEFORE_END,1516218616974,105
76,WS_SEND_START,1516218616974,105
76,WS_SEND_END,1516218616974,105
76,WS_RECV_START,1516218616974,106
76,WS_RECV_END,1516218617493,106
76,PLAYER_SLEEPBEFORE_START,1516218617493,107
76,PLAYER_SLEEPBEFORE_END,1516218640916,107
76,WS_SEND_START,1516218640916,107
76,WS_SEND_END,1516218640916,107
76,WS_RECV_START,1516218640916,108
76,WS_RECV_END,1516218641639,108
76,PLAYER_SLEEPBEFORE_START,1516218641639,109
76,PLAYER_SLEEPBEFORE_END,1516218641648,109
76,WS_SEND_START,1516218641648,109
76,WS_SEND_END,1516218641648,109
76,WS_RECV_START,1516218641648,110
76,WS_RECV_END,1516218641924,110
76,PLAYER_SLEEPBEFORE_START,1516218641924,111
76,PLAYER_SLEEPBEFORE_END,1516218642883,111
76,WS_SEND_START,1516218642883,111
76,WS_SEND_END,1516218642883,111
76,WS_RECV_START,1516218642883,112
76,WS_RECV_END,1516218643582,112
76,PLAYER_SLEEPBEFORE_START,1516218643582,113
76,PLAYER_SLEEPBEFORE_END,1516218644144,113
76,WS_SEND_START,1516218644144,113
76,WS_SEND_END,1516218644144,113
76,WS_RECV_START,1516218644144,114
76,WS_RECV_END,1516218644892,114
76,PLAYER_SLEEPBEFORE_START,1516218644892,115
76,PLAYER_SLEEPBEFORE_END,1516218644901,115
76,WS_SEND_START,1516218644901,115
76,WS_SEND_END,1516218644902,115
76,WS_RECV_START,1516218644902,116
76,WS_RECV_END,1516218645431,116
76,PLAYER_SLEEPBEFORE_START,1516218645431,117
76,PLAYER_SLEEPBEFORE_END,1516218665791,117
76,WS_SEND_START,1516218665791,117
76,WS_SEND_END,1516218665791,117
76,PLAYER_SLEEPBEFORE_START,1516218665791,118
76,PLAYER_SLEEPBEFORE_END,1516218669543,118
76,WS_SEND_START,1516218669543,118
76,WS_SEND_END,1516218669543,118
76,WS_RECV_START,1516218669543,119
76,WS_RECV_END,1516218669996,119
76,PLAYER_SLEEPBEFORE_START,1516218669996,120
76,PLAYER_SLEEPBEFORE_END,1516218670984,120
76,WS_SEND_START,1516218670984,120
76,WS_SEND_END,1516218670984,120
76,WS_RECV_START,1516218670984,121
76,WS_RECV_END,1516218671116,121
76,PLAYER_SLEEPBEFORE_START,1516218671116,122
76,PLAYER_SLEEPBEFORE_END,1516218672301,122
76,WS_SEND_START,1516218672301,122
76,WS_SEND_END,1516218672301,122
76,WS_RECV_START,1516218672301,123
76,WS_RECV_END,1516218672808,123
76,PLAYER_SLEEPBEFORE_START,1516218672808,124
76,PLAYER_SLEEPBEFORE_END,1516218697213,124
76,WS_SEND_START,1516218697213,124
76,WS_SEND_END,1516218697213,124
76,WS_RECV_START,1516218697213,125
76,WS_RECV_END,1516218697500,125
76,PLAYER_SLEEPBEFORE_START,1516218697500,126
76,PLAYER_SLEEPBEFORE_END,1516218718012,126
76,WS_SEND_START,1516218718012,126
76,WS_SEND_END,1516218718012,126
76,PLAYER_SLEEPBEFORE_START,1516218718012,127
76,PLAYER_SLEEPBEFORE_END,1516218721066,127
76,WS_SEND_START,1516218721066,127
76,WS_SEND_END,1516218721066,127
76,WS_RECV_START,1516218721066,128
76,WS_RECV_END,1516218721741,128
76,PLAYER_SLEEPBEFORE_START,1516218721741,129
76,PLAYER_SLEEPBEFORE_END,1516218721761,129
76,WS_SEND_START,1516218721761,129
76,WS_SEND_END,1516218721761,129
76,WS_RECV_START,1516218721761,130
76,WS_RECV_END,1516218722283,130
76,PLAYER_SLEEPBEFORE_START,1516218722283,131
76,PLAYER_SLEEPBEFORE_END,1516218743908,131
76,WS_SEND_START,1516218743908,131
76,WS_SEND_END,1516218743908,131
76,PLAYER_SLEEPBEFORE_START,1516218743908,132
76,PLAYER_SLEEPBEFORE_END,1516218746988,132
76,WS_SEND_START,1516218746988,132
76,WS_SEND_END,1516218746988,132
76,WS_RECV_START,1516218746988,133
76,WS_RECV_END,1516218747216,133
76,PLAYER_SLEEPBEFORE_START,1516218747216,134
76,PLAYER_SLEEPBEFORE_END,1516218768433,134
76,WS_SEND_START,1516218768433,134
76,WS_SEND_END,1516218768433,134
76,PLAYER_SLEEPBEFORE_START,1516218768433,135
76,PLAYER_SLEEPBEFORE_END,1516218771624,135
76,WS_SEND_START,1516218771624,135
76,WS_SEND_END,1516218771624,135
76,WS_RECV_START,1516218771624,136
76,WS_RECV_END,1516218771673,136
76,PLAYER_SLEEPBEFORE_START,1516218771673,137
76,PLAYER_SLEEPBEFORE_END,1516218771680,137
76,WS_SEND_START,1516218771680,137
76,WS_SEND_END,1516218771680,137
76,WS_RECV_START,1516218771680,138
76,WS_RECV_END,1516218771728,138
76,PLAYER_SLEEPBEFORE_START,1516218771728,139
76,PLAYER_SLEEPBEFORE_END,1516218772418,139
76,WS_SEND_START,1516218772418,139
76,WS_SEND_END,1516218772418,139
76,WS_RECV_START,1516218772418,140
76,WS_RECV_END,1516218772861,140
76,PLAYER_SLEEPBEFORE_START,1516218772861,141
76,PLAYER_SLEEPBEFORE_END,1516218773516,141
76,WS_SEND_START,1516218773516,141
76,WS_SEND_END,1516218773516,141
76,WS_RECV_START,1516218773516,142
76,WS_RECV_END,1516218773858,142
76,PLAYER_SLEEPBEFORE_START,1516218773858,143
76,PLAYER_SLEEPBEFORE_END,1516218773915,143
76,WS_SEND_START,1516218773915,143
76,WS_SEND_END,1516218773915,143
76,WS_RECV_START,1516218773915,144
76,WS_RECV_END,1516218774375,144
76,PLAYER_SLEEPBEFORE_START,1516218774375,145
76,PLAYER_SLEEPBEFORE_END,1516218790437,145
76,REQ_START,1516218790437,145
76,REQ_END,1516218790445,145
76,PLAYER_SLEEPBEFORE_START,1516218790445,146
76,PLAYER_SLEEPBEFORE_END,1516218799322,146
76,WS_SEND_START,1516218799322,146
76,WS_SEND_END,1516218799322,146
76,WS_RECV_START,1516218799322,147
76,WS_RECV_END,1516218800701,147
76,PLAYER_SLEEPBEFORE_START,1516218800701,148
76,PLAYER_SLEEPBEFORE_END,1516218822623,148
76,WS_SEND_START,1516218822623,148
76,WS_SEND_END,1516218822623,148
76,PLAYER_SLEEPBEFORE_START,1516218822623,149
76,PLAYER_SLEEPBEFORE_END,1516218825051,149
76,WS_SEND_START,1516218825051,149
76,WS_SEND_END,1516218825051,149
76,WS_RECV_START,1516218825051,150
76,WS_RECV_END,1516218825478,150
76,PLAYER_SLEEPBEFORE_START,1516218825478,151
76,PLAYER_SLEEPBEFORE_END,1516218825689,151
76,WS_SEND_START,1516218825689,151
76,WS_SEND_END,1516218825689,151
76,WS_RECV_START,1516218825689,152
76,WS_RECV_END,1516218826426,152
76,PLAYER_SLEEPBEFORE_START,1516218826426,153
76,PLAYER_SLEEPBEFORE_END,1516218850353,153
76,WS_SEND_START,1516218850353,153
76,WS_SEND_END,1516218850353,153
76,WS_RECV_START,1516218850353,154
76,WS_RECV_END,1516218851351,154
76,PLAYER_SLEEPBEFORE_START,1516218851351,155
76,PLAYER_SLEEPBEFORE_END,1516218873910,155
76,WS_SEND_START,1516218873910,155
76,WS_SEND_END,1516218873910,155
76,PLAYER_SLEEPBEFORE_START,1516218873910,156
76,PLAYER_SLEEPBEFORE_END,1516218877184,156
76,WS_SEND_START,1516218877184,156
76,WS_SEND_END,1516218877184,156
76,WS_RECV_START,1516218877184,157
76,WS_RECV_END,1516218877349,157
76,PLAYER_SLEEPBEFORE_START,1516218877349,158
76,PLAYER_SLEEPBEFORE_END,1516218877359,158
76,WS_SEND_START,1516218877359,158
76,WS_SEND_END,1516218877359,158
76,WS_RECV_START,1516218877359,159
76,WS_RECV_END,1516218877464,159
76,PLAYER_SLEEPBEFORE_START,1516218877464,160
76,PLAYER_SLEEPBEFORE_END,1516218877639,160
76,WS_SEND_START,1516218877639,160
76,WS_SEND_END,1516218877639,160
76,WS_RECV_START,1516218877639,161
76,WS_RECV_END,1516218877754,161
76,PLAYER_SLEEPBEFORE_START,1516218877754,162
76,PLAYER_SLEEPBEFORE_END,1516218877779,162
76,WS_SEND_START,1516218877779,162
76,WS_SEND_END,1516218877779,162
76,WS_RECV_START,1516218877780,163
76,WS_RECV_END,1516218877927,163
76,PLAYER_SLEEPBEFORE_START,1516218877927,164
76,PLAYER_SLEEPBEFORE_END,1516218898739,164
76,WS_SEND_START,1516218898739,164
76,WS_SEND_END,1516218898739,164
76,WS_RECV_START,1516218898739,165
76,WS_RECV_END,1516218899150,165
76,PLAYER_SLEEPBEFORE_START,1516218899150,166
76,PLAYER_SLEEPBEFORE_END,1516218921605,166
76,WS_SEND_START,1516218921605,166
76,WS_SEND_END,1516218921605,166
76,WS_RECV_START,1516218921605,167
76,WS_RECV_END,1516218921744,167
76,PLAYER_SLEEPBEFORE_START,1516218921744,168
76,PLAYER_SLEEPBEFORE_END,1516218949101,168
76,WS_SEND_START,1516218949101,168
76,WS_SEND_END,1516218949101,168
76,WS_RECV_START,1516218949101,169
76,WS_RECV_END,1516218949261,169
76,PLAYER_SLEEPBEFORE_START,1516218949261,170
76,PLAYER_SLEEPBEFORE_END,1516218949271,170
76,WS_SEND_START,1516218949271,170
76,WS_SEND_END,1516218949271,170
76,WS_RECV_START,1516218949271,171
76,WS_RECV_END,1516218949415,171
76,PLAYER_SLEEPBEFORE_START,1516218949416,172
76,PLAYER_SLEEPBEFORE_END,1516218949785,172
76,WS_SEND_START,1516218949785,172
76,WS_SEND_END,1516218949785,172
76,WS_RECV_START,1516218949785,173
76,WS_RECV_END,1516218949918,173
76,PLAYER_SLEEPBEFORE_START,1516218949918,174
76,PLAYER_SLEEPBEFORE_END,1516218949960,174
76,WS_SEND_START,1516218949960,174
76,WS_SEND_END,1516218949960,174
76,WS_RECV_START,1516218949960,175
76,WS_RECV_END,1516218950208,175
76,PLAYER_SLEEPBEFORE_START,1516218950208,176
76,PLAYER_SLEEPBEFORE_END,1516218971970,176
76,WS_SEND_START,1516218971970,176
76,WS_SEND_END,1516218971970,176
76,PLAYER_SLEEPBEFORE_START,1516218971970,177
76,PLAYER_SLEEPBEFORE_END,1516218974488,177
76,WS_SEND_START,1516218974488,177
76,WS_SEND_END,1516218974488,177
76,WS_RECV_START,1516218974488,178
76,WS_RECV_END,1516218975879,178
76,PLAYER_SLEEPBEFORE_START,1516218975879,179
76,PLAYER_SLEEPBEFORE_END,1516218998219,179
76,WS_SEND_START,1516218998219,179
76,WS_SEND_END,1516218998219,179
76,WS_RECV_START,1516218998219,180
76,WS_RECV_END,1516218999710,180
76,PLAYER_SLEEPBEFORE_START,1516218999710,181
76,PLAYER_SLEEPBEFORE_END,1516219000154,181
76,WS_SEND_START,1516219000155,181
76,WS_SEND_END,1516219000155,181
76,WS_RECV_START,1516219000155,182
76,WS_RECV_END,1516219001299,182
76,PLAYER_SLEEPBEFORE_START,1516219001299,183
76,PLAYER_SLEEPBEFORE_END,1516219001822,183
76,WS_SEND_START,1516219001822,183
76,WS_SEND_END,1516219001822,183
76,WS_RECV_START,1516219001822,184
76,WS_RECV_END,1516219002574,184
76,PLAYER_SLEEPBEFORE_START,1516219002574,185
76,PLAYER_SLEEPBEFORE_END,1516219002842,185
76,WS_SEND_START,1516219002842,185
76,WS_SEND_END,1516219002842,185
76,WS_RECV_START,1516219002842,186
76,WS_RECV_END,1516219004438,186
76,PLAYER_SLEEPBEFORE_START,1516219004438,187
76,PLAYER_SLEEPBEFORE_END,1516219026938,187
76,WS_SEND_START,1516219026938,187
76,WS_SEND_END,1516219026938,187
76,WS_RECV_START,1516219026938,188
76,WS_RECV_END,1516219031025,188
76,PLAYER_SLEEPBEFORE_START,1516219031025,189
76,PLAYER_SLEEPBEFORE_END,1516219037264,189
76,WS_SEND_START,1516219037264,189
76,WS_SEND_END,1516219037264,189
76,WS_RECV_START,1516219037264,190
76,WS_RECV_END,1516219042052,190
76,PLAYER_SLEEPBEFORE_START,1516219042052,191
76,PLAYER_SLEEPBEFORE_END,1516219043967,191
76,WS_SEND_START,1516219043967,191
76,WS_SEND_END,1516219043967,191
76,WS_RECV_START,1516219043967,192
76,WS_RECV_END,1516219049456,192
76,PLAYER_SLEEPBEFORE_START,1516219049456,193
76,PLAYER_SLEEPBEFORE_END,1516219049584,193
76,WS_SEND_START,1516219049584,193
76,WS_SEND_END,1516219049584,193
76,WS_RECV_START,1516219049584,194
76,WS_RECV_END,1516219052043,194
76,PLAYER_SLEEPBEFORE_START,1516219052043,195
76,PLAYER_SLEEPBEFORE_END,1516219053798,195
76,WS_SEND_START,1516219053798,195
76,WS_SEND_END,1516219053798,195
76,WS_RECV_START,1516219053798,196
76,WS_RECV_END,1516219055160,196
76,PLAYER_SLEEPBEFORE_START,1516219055160,197
76,PLAYER_SLEEPBEFORE_END,1516219056964,197
76,WS_SEND_START,1516219056964,197
76,WS_SEND_END,1516219056964,197
76,WS_RECV_START,1516219056964,198
76,WS_RECV_END,1516219058423,198
76,PLAYER_SLEEPBEFORE_START,1516219058423,199
76,PLAYER_SLEEPBEFORE_END,1516219070277,199
76,WS_SEND_START,1516219070277,199
76,WS_SEND_END,1516219070277,199
76,PLAYER_SLEEPBEFORE_START,1516219070277,200
76,PLAYER_SLEEPBEFORE_END,1516219074365,200
76,WS_SEND_START,1516219074365,200
76,WS_SEND_END,1516219074365,200
76,WS_RECV_START,1516219074365,201
76,WS_RECV_END,1516219078062,201
76,PLAYER_SLEEPBEFORE_START,1516219078062,202
76,PLAYER_SLEEPBEFORE_END,1516219078076,202
76,WS_SEND_START,1516219078076,202
76,WS_SEND_END,1516219078076,202
76,WS_RECV_START,1516219078076,203
76,WS_RECV_END,1516219079179,203
76,PLAYER_SLEEPBEFORE_START,1516219079179,204
76,PLAYER_SLEEPBEFORE_END,1516219098828,204
76,WS_SEND_START,1516219098828,204
76,WS_SEND_END,1516219098828,204
76,PLAYER_SLEEPBEFORE_START,1516219098828,205
76,PLAYER_SLEEPBEFORE_END,1516219102726,205
76,WS_SEND_START,1516219102726,205
76,WS_SEND_END,1516219102726,205
76,WS_RECV_START,1516219102726,206
76,WS_RECV_END,1516219105784,206
76,PLAYER_SLEEPBEFORE_START,1516219105784,207
76,PLAYER_SLEEPBEFORE_END,1516219122715,207
76,REQ_START,1516219122715,207
76,REQ_END,1516219122723,207
76,PLAYER_SLEEPBEFORE_START,1516219122723,208
76,PLAYER_SLEEPBEFORE_END,1516219129575,208
76,WS_CLOSE_START,1516219129575,208
76,WS_CLOSE_END,1516219129575,208
76,PLAYER_DONE,1516219129575
