# --sessions 630 --app-url=http://shinyloadtest.rstudioservices.com/cran_explorer --output-dir test630 --overwrite-output --log-level warn --start-interval 800 15min.log
thread_id,event,timestamp,input_line_number,comment
102,PLAYER_SESSION_CREATE,1516292633471
102,PLAYER_START_INTERVAL_START,1516292633471
102,PLAYER_START_INTERVAL_END,1516292715071
102,REQ_HOME_START,1516292715071,2
102,REQ_HOME_END,1516292715160,2
102,REQ_START,1516292715160,3
102,REQ_END,1516292715191,3
102,REQ_START,1516292715191,4
102,REQ_END,1516292715223,4
102,REQ_START,1516292715223,5
102,REQ_END,1516292715257,5
102,REQ_START,1516292715257,6
102,REQ_END,1516292715312,6
102,REQ_START,1516292715313,7
102,REQ_END,1516292715343,7
102,REQ_START,1516292715343,8
102,REQ_END,1516292715378,8
102,REQ_START,1516292715378,9
102,REQ_END,1516292715414,9
102,REQ_START,1516292715414,10
102,REQ_END,1516292715422,10
102,REQ_START,1516292715422,11
102,REQ_END,1516292715453,11
102,REQ_START,1516292715453,12
102,REQ_END,1516292715463,12
102,REQ_START,1516292715463,13
102,REQ_END,1516292715497,13
102,REQ_START,1516292715497,14
102,REQ_END,1516292715511,14
102,REQ_START,1516292715511,15
102,REQ_END,1516292715547,15
102,REQ_TOK_START,1516292715547,16
102,REQ_TOK_END,1516292715558,16
102,REQ_SINF_START,1516292715558,17
102,REQ_SINF_END,1516292715568,17
102,WS_OPEN_START,1516292715568,18
102,WS_OPEN_END,1516292715575,18
102,REQ_START,1516292715575,19
102,REQ_END,1516292715603,19
102,WS_RECV_START,1516292715603,20
102,WS_RECV_END,1516292715603,20
102,PLAYER_SLEEPBEFORE_START,1516292715603,21
102,PLAYER_SLEEPBEFORE_END,1516292715608,21
102,WS_SEND_START,1516292715608,21
102,WS_SEND_END,1516292715608,21
102,PLAYER_SLEEPBEFORE_START,1516292715608,22
102,PLAYER_SLEEPBEFORE_END,1516292715609,22
102,WS_SEND_START,1516292715609,22
102,WS_SEND_END,1516292715609,22
102,WS_RECV_INIT_START,1516292715609,23
102,WS_RECV_INIT_END,1516292715627,23
102,WS_RECV_START,1516292715627,24
102,WS_RECV_END,1516292715678,24
102,PLAYER_SLEEPBEFORE_START,1516292715678,25
102,PLAYER_SLEEPBEFORE_END,1516292715685,25
102,REQ_START,1516292715685,25
102,REQ_END,1516292715716,25
102,PLAYER_SLEEPBEFORE_START,1516292715717,26
102,PLAYER_SLEEPBEFORE_END,1516292715718,26
102,REQ_START,1516292715718,26
102,REQ_END,1516292715749,26
102,PLAYER_SLEEPBEFORE_START,1516292715749,27
102,PLAYER_SLEEPBEFORE_END,1516292715752,27
102,REQ_START,1516292715752,27
102,REQ_END,1516292715864,27
102,PLAYER_SLEEPBEFORE_START,1516292715864,28
102,PLAYER_SLEEPBEFORE_END,1516292716149,28
102,REQ_START,1516292716149,28
102,REQ_END,1516292716185,28
102,PLAYER_SLEEPBEFORE_START,1516292716185,29
102,PLAYER_SLEEPBEFORE_END,1516292716360,29
102,WS_SEND_START,1516292716360,29
102,WS_SEND_END,1516292716360,29
102,WS_RECV_START,1516292716360,30
102,WS_RECV_END,1516292716555,30
102,PLAYER_SLEEPBEFORE_START,1516292716555,31
102,PLAYER_SLEEPBEFORE_END,1516292716567,31
102,REQ_START,1516292716567,31
102,REQ_END,1516292716684,31
102,PLAYER_SLEEPBEFORE_START,1516292716684,32
102,PLAYER_SLEEPBEFORE_END,1516292744829,32
102,WS_SEND_START,1516292744829,32
102,WS_SEND_END,1516292744829,32
102,WS_RECV_START,1516292744829,33
102,WS_RECV_END,1516292744915,33
102,PLAYER_SLEEPBEFORE_START,1516292744915,34
102,PLAYER_SLEEPBEFORE_END,1516292770826,34
102,WS_SEND_START,1516292770826,34
102,WS_SEND_END,1516292770831,34
102,WS_RECV_START,1516292770831,35
102,WS_RECV_END,1516292770859,35
102,PLAYER_SLEEPBEFORE_START,1516292770859,36
102,PLAYER_SLEEPBEFORE_END,1516292770868,36
102,WS_SEND_START,1516292770868,36
102,WS_SEND_END,1516292770868,36
102,WS_RECV_START,1516292770868,37
102,WS_RECV_END,1516292770908,37
102,PLAYER_SLEEPBEFORE_START,1516292770908,38
102,PLAYER_SLEEPBEFORE_END,1516292774103,38
102,WS_SEND_START,1516292774103,38
102,WS_SEND_END,1516292774103,38
102,WS_RECV_START,1516292774103,39
102,WS_RECV_END,1516292774238,39
102,PLAYER_SLEEPBEFORE_START,1516292774239,40
102,PLAYER_SLEEPBEFORE_END,1516292774285,40
102,WS_SEND_START,1516292774285,40
102,WS_SEND_END,1516292774285,40
102,WS_RECV_START,1516292774285,41
102,WS_RECV_END,1516292774417,41
102,PLAYER_SLEEPBEFORE_START,1516292774417,42
102,PLAYER_SLEEPBEFORE_END,1516292792552,42
102,WS_SEND_START,1516292792552,42
102,WS_SEND_END,1516292792552,42
102,WS_RECV_START,1516292792552,43
102,WS_RECV_END,1516292792582,43
102,PLAYER_SLEEPBEFORE_START,1516292792582,44
102,PLAYER_SLEEPBEFORE_END,1516292792594,44
102,WS_SEND_START,1516292792594,44
102,WS_SEND_END,1516292792594,44
102,WS_RECV_START,1516292792594,45
102,WS_RECV_END,1516292792640,45
102,PLAYER_SLEEPBEFORE_START,1516292792640,46
102,PLAYER_SLEEPBEFORE_END,1516292793900,46
102,WS_SEND_START,1516292793900,46
102,WS_SEND_END,1516292793900,46
102,WS_RECV_START,1516292793900,47
102,WS_RECV_END,1516292793928,47
102,PLAYER_SLEEPBEFORE_START,1516292793928,48
102,PLAYER_SLEEPBEFORE_END,1516292795248,48
102,WS_SEND_START,1516292795248,48
102,WS_SEND_END,1516292795248,48
102,WS_RECV_START,1516292795248,49
102,WS_RECV_END,1516292795340,49
102,PLAYER_SLEEPBEFORE_START,1516292795340,50
102,PLAYER_SLEEPBEFORE_END,1516292795365,50
102,WS_SEND_START,1516292795365,50
102,WS_SEND_END,1516292795365,50
102,WS_RECV_START,1516292795365,51
102,WS_RECV_END,1516292795515,51
102,PLAYER_SLEEPBEFORE_START,1516292795515,52
102,PLAYER_SLEEPBEFORE_END,1516292818079,52
102,WS_SEND_START,1516292818079,52
102,WS_SEND_END,1516292818079,52
102,WS_RECV_START,1516292818079,53
102,WS_RECV_END,1516292818197,53
102,PLAYER_SLEEPBEFORE_START,1516292818197,54
102,PLAYER_SLEEPBEFORE_END,1516292839500,54
102,WS_SEND_START,1516292839500,54
102,WS_SEND_END,1516292839500,54
102,PLAYER_SLEEPBEFORE_START,1516292839500,55
102,PLAYER_SLEEPBEFORE_END,1516292841441,55
102,WS_SEND_START,1516292841441,55
102,WS_SEND_END,1516292841441,55
102,WS_RECV_START,1516292841441,56
102,WS_RECV_END,1516292841514,56
102,PLAYER_SLEEPBEFORE_START,1516292841514,57
102,PLAYER_SLEEPBEFORE_END,1516292864386,57
102,WS_SEND_START,1516292864386,57
102,WS_SEND_END,1516292864386,57
102,WS_RECV_START,1516292864386,58
102,WS_RECV_END,1516292864437,58
102,PLAYER_SLEEPBEFORE_START,1516292864437,59
102,PLAYER_SLEEPBEFORE_END,1516292866764,59
102,WS_SEND_START,1516292866764,59
102,WS_SEND_END,1516292866764,59
102,WS_RECV_START,1516292866764,60
102,WS_RECV_END,1516292866856,60
102,PLAYER_SLEEPBEFORE_START,1516292866856,61
102,PLAYER_SLEEPBEFORE_END,1516292870448,61
102,WS_SEND_START,1516292870448,61
102,WS_SEND_END,1516292870448,61
102,WS_RECV_START,1516292870448,62
102,WS_RECV_END,1516292870573,62
102,PLAYER_SLEEPBEFORE_START,1516292870573,63
102,PLAYER_SLEEPBEFORE_END,1516292889835,63
102,WS_SEND_START,1516292889835,63
102,WS_SEND_END,1516292889835,63
102,WS_RECV_START,1516292889835,64
102,WS_RECV_END,1516292889906,64
102,PLAYER_SLEEPBEFORE_START,1516292889906,65
102,PLAYER_SLEEPBEFORE_END,1516292916723,65
102,WS_SEND_START,1516292916723,65
102,WS_SEND_END,1516292916723,65
102,WS_RECV_START,1516292916723,66
102,WS_RECV_END,1516292916837,66
102,PLAYER_SLEEPBEFORE_START,1516292916837,67
102,PLAYER_SLEEPBEFORE_END,1516292918344,67
102,WS_SEND_START,1516292918344,67
102,WS_SEND_END,1516292918344,67
102,WS_RECV_START,1516292918344,68
102,WS_RECV_END,1516292918468,68
102,PLAYER_SLEEPBEFORE_START,1516292918468,69
102,PLAYER_SLEEPBEFORE_END,1516292940466,69
102,WS_SEND_START,1516292940466,69
102,WS_SEND_END,1516292940466,69
102,WS_RECV_START,1516292940466,70
102,WS_RECV_END,1516292940692,70
102,PLAYER_SLEEPBEFORE_START,1516292940692,71
102,PLAYER_SLEEPBEFORE_END,1516292965467,71
102,WS_SEND_START,1516292965467,71
102,WS_SEND_END,1516292965467,71
102,PLAYER_SLEEPBEFORE_START,1516292965467,72
102,PLAYER_SLEEPBEFORE_END,1516292968074,72
102,WS_SEND_START,1516292968074,72
102,WS_SEND_END,1516292968074,72
102,WS_RECV_START,1516292968074,73
102,WS_RECV_END,1516292968124,73
102,PLAYER_SLEEPBEFORE_START,1516292968124,74
102,PLAYER_SLEEPBEFORE_END,1516292968133,74
102,WS_SEND_START,1516292968133,74
102,WS_SEND_END,1516292968133,74
102,WS_RECV_START,1516292968133,75
102,WS_RECV_END,1516292968316,75
102,PLAYER_SLEEPBEFORE_START,1516292968316,76
102,PLAYER_SLEEPBEFORE_END,1516292969822,76
102,WS_SEND_START,1516292969822,76
102,WS_SEND_END,1516292969822,76
102,WS_RECV_START,1516292969822,77
102,WS_RECV_END,1516292969887,77
102,PLAYER_SLEEPBEFORE_START,1516292969887,78
102,PLAYER_SLEEPBEFORE_END,1516292970755,78
102,WS_SEND_START,1516292970755,78
102,WS_SEND_END,1516292970755,78
102,WS_RECV_START,1516292970755,79
102,WS_RECV_END,1516292970918,79
102,PLAYER_SLEEPBEFORE_START,1516292970918,80
102,PLAYER_SLEEPBEFORE_END,1516292978584,80
102,WS_SEND_START,1516292978584,80
102,WS_SEND_END,1516292978585,80
102,WS_RECV_START,1516292978585,81
102,WS_RECV_END,1516292978635,81
102,PLAYER_SLEEPBEFORE_START,1516292978635,82
102,PLAYER_SLEEPBEFORE_END,1516292979737,82
102,WS_SEND_START,1516292979737,82
102,WS_SEND_END,1516292979737,82
102,WS_RECV_START,1516292979737,83
102,WS_RECV_END,1516292979773,83
102,PLAYER_SLEEPBEFORE_START,1516292979773,84
102,PLAYER_SLEEPBEFORE_END,1516292980720,84
102,WS_SEND_START,1516292980720,84
102,WS_SEND_END,1516292980720,84
102,WS_RECV_START,1516292980720,85
102,WS_RECV_END,1516292980846,85
102,PLAYER_SLEEPBEFORE_START,1516292980846,86
102,PLAYER_SLEEPBEFORE_END,1516292985021,86
102,WS_SEND_START,1516292985021,86
102,WS_SEND_END,1516292985021,86
102,WS_RECV_START,1516292985021,87
102,WS_RECV_END,1516292985177,87
102,PLAYER_SLEEPBEFORE_START,1516292985177,88
102,PLAYER_SLEEPBEFORE_END,1516292985185,88
102,WS_SEND_START,1516292985185,88
102,WS_SEND_END,1516292985185,88
102,WS_RECV_START,1516292985185,89
102,WS_RECV_END,1516292985321,89
102,PLAYER_SLEEPBEFORE_START,1516292985321,90
102,PLAYER_SLEEPBEFORE_END,1516293012518,90
102,REQ_START,1516293012518,90
102,REQ_END,1516293012525,90
102,PLAYER_SLEEPBEFORE_START,1516293012525,91
102,PLAYER_SLEEPBEFORE_END,1516293020414,91
102,WS_SEND_START,1516293020414,91
102,WS_SEND_END,1516293020414,91
102,WS_RECV_START,1516293020414,92
102,WS_RECV_END,1516293020725,92
102,PLAYER_SLEEPBEFORE_START,1516293020725,93
102,PLAYER_SLEEPBEFORE_END,1516293020740,93
102,WS_SEND_START,1516293020740,93
102,WS_SEND_END,1516293020740,93
102,WS_RECV_START,1516293020740,94
102,WS_RECV_END,1516293020904,94
102,PLAYER_SLEEPBEFORE_START,1516293020904,95
102,PLAYER_SLEEPBEFORE_END,1516293044459,95
102,WS_SEND_START,1516293044459,95
102,WS_SEND_END,1516293044459,95
102,WS_RECV_START,1516293044459,96
102,WS_RECV_END,1516293044592,96
102,PLAYER_SLEEPBEFORE_START,1516293044592,97
102,PLAYER_SLEEPBEFORE_END,1516293067032,97
102,WS_SEND_START,1516293067032,97
102,WS_SEND_END,1516293067032,97
102,WS_RECV_START,1516293067032,98
102,WS_RECV_END,1516293067332,98
102,PLAYER_SLEEPBEFORE_START,1516293067332,99
102,PLAYER_SLEEPBEFORE_END,1516293067353,99
102,WS_SEND_START,1516293067353,99
102,WS_SEND_END,1516293067353,99
102,WS_RECV_START,1516293067353,100
102,WS_RECV_END,1516293067997,100
102,PLAYER_SLEEPBEFORE_START,1516293067997,101
102,PLAYER_SLEEPBEFORE_END,1516293091556,101
102,WS_SEND_START,1516293091556,101
102,WS_SEND_END,1516293091556,101
102,WS_RECV_START,1516293091556,102
102,WS_RECV_END,1516293091858,102
102,PLAYER_SLEEPBEFORE_START,1516293091858,103
102,PLAYER_SLEEPBEFORE_END,1516293115483,103
102,WS_SEND_START,1516293115483,103
102,WS_SEND_END,1516293115483,103
102,WS_RECV_START,1516293115483,104
102,WS_RECV_END,1516293116177,104
102,PLAYER_SLEEPBEFORE_START,1516293116177,105
102,PLAYER_SLEEPBEFORE_END,1516293141554,105
102,WS_SEND_START,1516293141554,105
102,WS_SEND_END,1516293141554,105
102,WS_RECV_START,1516293141554,106
102,WS_RECV_END,1516293143199,106
102,PLAYER_SLEEPBEFORE_START,1516293143199,107
102,PLAYER_SLEEPBEFORE_END,1516293166623,107
102,WS_SEND_START,1516293166623,107
102,WS_SEND_END,1516293166623,107
102,WS_RECV_START,1516293166623,108
102,WS_RECV_END,1516293167844,108
102,PLAYER_SLEEPBEFORE_START,1516293167844,109
102,PLAYER_SLEEPBEFORE_END,1516293167854,109
102,WS_SEND_START,1516293167854,109
102,WS_SEND_END,1516293167854,109
102,WS_RECV_START,1516293167854,110
102,WS_RECV_END,1516293168652,110
102,PLAYER_SLEEPBEFORE_START,1516293168652,111
102,PLAYER_SLEEPBEFORE_END,1516293169611,111
102,WS_SEND_START,1516293169611,111
102,WS_SEND_END,1516293169611,111
102,WS_RECV_START,1516293169611,112
102,WS_RECV_END,1516293171836,112
102,PLAYER_SLEEPBEFORE_START,1516293171836,113
102,PLAYER_SLEEPBEFORE_END,1516293172398,113
102,WS_SEND_START,1516293172398,113
102,WS_SEND_END,1516293172398,113
102,WS_RECV_START,1516293172398,114
102,WS_RECV_END,1516293172823,114
102,PLAYER_SLEEPBEFORE_START,1516293172823,115
102,PLAYER_SLEEPBEFORE_END,1516293172832,115
102,WS_SEND_START,1516293172832,115
102,WS_SEND_END,1516293172832,115
102,WS_RECV_START,1516293172832,116
102,WS_RECV_END,1516293174390,116
102,PLAYER_SLEEPBEFORE_START,1516293174390,117
102,PLAYER_SLEEPBEFORE_END,1516293194750,117
102,WS_SEND_START,1516293194750,117
102,WS_SEND_END,1516293194750,117
102,PLAYER_SLEEPBEFORE_START,1516293194750,118
102,PLAYER_SLEEPBEFORE_END,1516293198502,118
102,WS_SEND_START,1516293198502,118
102,WS_SEND_END,1516293198502,118
102,WS_RECV_START,1516293198502,119
102,WS_RECV_END,1516293200915,119
102,PLAYER_SLEEPBEFORE_START,1516293200915,120
102,PLAYER_SLEEPBEFORE_END,1516293201903,120
102,WS_SEND_START,1516293201903,120
102,WS_SEND_END,1516293201903,120
102,WS_RECV_START,1516293201903,121
102,WS_RECV_END,1516293203507,121
102,PLAYER_SLEEPBEFORE_START,1516293203507,122
102,PLAYER_SLEEPBEFORE_END,1516293204692,122
102,WS_SEND_START,1516293204692,122
102,WS_SEND_END,1516293204692,122
102,WS_RECV_START,1516293204692,123
102,WS_RECV_END,1516293206293,123
102,PLAYER_SLEEPBEFORE_START,1516293206293,124
102,PLAYER_SLEEPBEFORE_END,1516293230698,124
102,WS_SEND_START,1516293230698,124
102,WS_SEND_END,1516293230698,124
102,WS_RECV_START,1516293230698,125
102,WS_RECV_END,1516293233399,125
102,PLAYER_SLEEPBEFORE_START,1516293233399,126
102,PLAYER_SLEEPBEFORE_END,1516293253911,126
102,WS_SEND_START,1516293253911,126
102,WS_SEND_END,1516293253911,126
102,PLAYER_SLEEPBEFORE_START,1516293253911,127
102,PLAYER_SLEEPBEFORE_END,1516293256966,127
102,WS_SEND_START,1516293256966,127
102,WS_SEND_END,1516293256966,127
102,WS_RECV_START,1516293256966,128
102,WS_RECV_END,1516293257392,128
102,PLAYER_SLEEPBEFORE_START,1516293257392,129
102,PLAYER_SLEEPBEFORE_END,1516293257413,129
102,WS_SEND_START,1516293257413,129
102,WS_SEND_END,1516293257413,129
102,WS_RECV_START,1516293257413,130
102,WS_RECV_END,1516293259526,130
102,PLAYER_SLEEPBEFORE_START,1516293259526,131
102,PLAYER_SLEEPBEFORE_END,1516293281151,131
102,WS_SEND_START,1516293281151,131
102,WS_SEND_END,1516293281151,131
102,PLAYER_SLEEPBEFORE_START,1516293281151,132
102,PLAYER_SLEEPBEFORE_END,1516293284231,132
102,WS_SEND_START,1516293284231,132
102,WS_SEND_END,1516293284231,132
102,WS_RECV_START,1516293284231,133
102,WS_RECV_END,1516293285430,133
102,PLAYER_SLEEPBEFORE_START,1516293285430,134
102,PLAYER_SLEEPBEFORE_END,1516293306648,134
102,WS_SEND_START,1516293306648,134
102,WS_SEND_END,1516293306648,134
102,PLAYER_SLEEPBEFORE_START,1516293306648,135
102,PLAYER_SLEEPBEFORE_END,1516293309838,135
102,WS_SEND_START,1516293309838,135
102,WS_SEND_END,1516293309838,135
102,WS_RECV_START,1516293309838,136
102,WS_RECV_END,1516293311077,136
102,PLAYER_SLEEPBEFORE_START,1516293311077,137
102,PLAYER_SLEEPBEFORE_END,1516293311084,137
102,WS_SEND_START,1516293311084,137
102,WS_SEND_END,1516293311084,137
102,WS_RECV_START,1516293311084,138
102,WS_RECV_END,1516293313785,138
102,PLAYER_SLEEPBEFORE_START,1516293313785,139
102,PLAYER_SLEEPBEFORE_END,1516293314475,139
102,WS_SEND_START,1516293314475,139
102,WS_SEND_END,1516293314475,139
102,WS_RECV_START,1516293314475,140
102,WS_RECV_END,1516293316701,140
102,PLAYER_SLEEPBEFORE_START,1516293316701,141
102,PLAYER_SLEEPBEFORE_END,1516293317356,141
102,WS_SEND_START,1516293317356,141
102,WS_SEND_END,1516293317356,141
102,WS_RECV_START,1516293317356,142
102,WS_RECV_END,1516293320405,142
102,PLAYER_SLEEPBEFORE_START,1516293320405,143
102,PLAYER_SLEEPBEFORE_END,1516293320462,143
102,WS_SEND_START,1516293320462,143
102,WS_SEND_END,1516293320462,143
102,WS_RECV_START,1516293320462,144
102,WS_RECV_END,1516293324246,144
102,PLAYER_SLEEPBEFORE_START,1516293324246,145
102,PLAYER_SLEEPBEFORE_END,1516293340308,145
102,REQ_START,1516293340308,145
102,REQ_END,1516293340318,145
102,PLAYER_SLEEPBEFORE_START,1516293340318,146
102,PLAYER_SLEEPBEFORE_END,1516293349195,146
102,WS_SEND_START,1516293349195,146
102,WS_SEND_END,1516293349195,146
102,WS_RECV_START,1516293349195,147
102,WS_RECV_END,1516293354037,147
102,PLAYER_SLEEPBEFORE_START,1516293354037,148
102,PLAYER_SLEEPBEFORE_END,1516293375959,148
102,WS_SEND_START,1516293375959,148
102,WS_SEND_END,1516293375959,148
102,PLAYER_SLEEPBEFORE_START,1516293375959,149
102,PLAYER_SLEEPBEFORE_END,1516293378387,149
102,WS_SEND_START,1516293378387,149
102,WS_SEND_END,1516293378387,149
102,WS_RECV_START,1516293378387,150
102,WS_RECV_END,1516293381247,150
102,PLAYER_SLEEPBEFORE_START,1516293381247,151
102,PLAYER_SLEEPBEFORE_END,1516293381457,151
102,WS_SEND_START,1516293381457,151
102,WS_SEND_END,1516293381457,151
102,WS_RECV_START,1516293381457,152
102,WS_RECV_END,1516293382987,152
102,PLAYER_SLEEPBEFORE_START,1516293382987,153
102,PLAYER_SLEEPBEFORE_END,1516293406914,153
102,WS_SEND_START,1516293406914,153
102,WS_SEND_END,1516293406914,153
102,WS_RECV_START,1516293406914,154
102,WS_RECV_END,1516293411640,154
102,PLAYER_SLEEPBEFORE_START,1516293411640,155
102,PLAYER_SLEEPBEFORE_END,1516293434198,155
102,WS_SEND_START,1516293434198,155
102,WS_SEND_END,1516293434198,155
102,PLAYER_SLEEPBEFORE_START,1516293434198,156
102,PLAYER_SLEEPBEFORE_END,1516293437472,156
102,WS_SEND_START,1516293437473,156
102,WS_SEND_END,1516293437473,156
102,WS_RECV_START,1516293437473,157
102,WS_RECV_END,1516293439565,157
102,PLAYER_SLEEPBEFORE_START,1516293439565,158
102,PLAYER_SLEEPBEFORE_END,1516293439575,158
102,WS_SEND_START,1516293439575,158
102,WS_SEND_END,1516293439575,158
102,WS_RECV_START,1516293439575,159
102,WS_RECV_END,1516293441781,159
102,PLAYER_SLEEPBEFORE_START,1516293441781,160
102,PLAYER_SLEEPBEFORE_END,1516293441956,160
102,WS_SEND_START,1516293441956,160
102,WS_SEND_END,1516293441956,160
102,WS_RECV_START,1516293441956,161
102,WS_RECV_END,1516293444937,161
102,PLAYER_SLEEPBEFORE_START,1516293444937,162
102,PLAYER_SLEEPBEFORE_END,1516293444962,162
102,WS_SEND_START,1516293444962,162
102,WS_SEND_END,1516293444962,162
102,WS_RECV_START,1516293444962,163
102,WS_RECV_END,1516293448598,163
102,PLAYER_SLEEPBEFORE_START,1516293448598,164
102,PLAYER_SLEEPBEFORE_END,1516293469410,164
102,WS_SEND_START,1516293469410,164
102,WS_SEND_END,1516293469410,164
102,WS_RECV_START,1516293469410,165
102,WS_RECV_END,1516293473951,165
102,PLAYER_SLEEPBEFORE_START,1516293473951,166
102,PLAYER_SLEEPBEFORE_END,1516293496406,166
102,WS_SEND_START,1516293496406,166
102,WS_SEND_END,1516293496406,166
102,WS_RECV_START,1516293496406,167
102,WS_RECV_END,1516293500785,167
102,PLAYER_SLEEPBEFORE_START,1516293500785,168
102,PLAYER_SLEEPBEFORE_END,1516293528142,168
102,WS_SEND_START,1516293528142,168
102,WS_SEND_END,1516293528142,168
102,WS_RECV_START,1516293528142,169
102,WS_RECV_END,1516293533707,169
102,PLAYER_SLEEPBEFORE_START,1516293533707,170
102,PLAYER_SLEEPBEFORE_END,1516293533716,170
102,WS_SEND_START,1516293533716,170
102,WS_SEND_END,1516293533716,170
102,WS_RECV_START,1516293533716,171
102,WS_RECV_END,1516293535902,171
102,PLAYER_SLEEPBEFORE_START,1516293535902,172
102,PLAYER_SLEEPBEFORE_END,1516293536271,172
102,WS_SEND_START,1516293536271,172
102,WS_SEND_END,1516293536271,172
102,WS_RECV_START,1516293536271,173
102,WS_RECV_END,1516293538797,173
102,PLAYER_SLEEPBEFORE_START,1516293538797,174
102,PLAYER_SLEEPBEFORE_END,1516293538838,174
102,WS_SEND_START,1516293538838,174
102,WS_SEND_END,1516293538838,174
102,WS_RECV_START,1516293538838,175
102,WS_RECV_END,1516293543066,175
102,PLAYER_SLEEPBEFORE_START,1516293543066,176
102,PLAYER_SLEEPBEFORE_END,1516293564827,176
102,WS_SEND_START,1516293564827,176
102,WS_SEND_END,1516293564827,176
102,PLAYER_SLEEPBEFORE_START,1516293564827,177
102,PLAYER_SLEEPBEFORE_END,1516293567346,177
102,WS_SEND_START,1516293567346,177
102,WS_SEND_END,1516293567346,177
102,WS_RECV_START,1516293567346,178
102,WS_RECV_END,1516293570923,178
102,PLAYER_SLEEPBEFORE_START,1516293570923,179
102,PLAYER_SLEEPBEFORE_END,1516293593263,179
102,WS_SEND_START,1516293593263,179
102,WS_SEND_END,1516293593263,179
102,WS_RECV_START,1516293593263,180
102,WS_RECV_END,1516293601012,180
102,PLAYER_SLEEPBEFORE_START,1516293601012,181
102,PLAYER_SLEEPBEFORE_END,1516293601456,181
102,WS_SEND_START,1516293601456,181
102,WS_SEND_END,1516293601456,181
102,WS_RECV_START,1516293601456,182
102,WS_RECV_END,1516293605450,182
102,PLAYER_SLEEPBEFORE_START,1516293605450,183
102,PLAYER_SLEEPBEFORE_END,1516293605973,183
102,WS_SEND_START,1516293605973,183
102,WS_SEND_END,1516293605973,183
102,WS_RECV_START,1516293605973,184
102,WS_RECV_END,1516293610514,184
102,PLAYER_SLEEPBEFORE_START,1516293610514,185
102,PLAYER_SLEEPBEFORE_END,1516293610782,185
102,WS_SEND_START,1516293610782,185
102,WS_SEND_END,1516293610782,185
102,WS_RECV_START,1516293610782,186
102,WS_RECV_END,1516293615631,186
102,PLAYER_SLEEPBEFORE_START,1516293615631,187
102,PLAYER_SLEEPBEFORE_END,1516293638131,187
102,WS_SEND_START,1516293638131,187
102,WS_SEND_END,1516293638131,187
102,WS_RECV_START,1516293638131,188
102,WS_RECV_END,1516293645050,188
102,PLAYER_SLEEPBEFORE_START,1516293645050,189
102,PLAYER_SLEEPBEFORE_END,1516293651289,189
102,WS_SEND_START,1516293651289,189
102,WS_SEND_END,1516293651289,189
102,WS_RECV_START,1516293651289,190
102,WS_RECV_END,1516293660446,190
102,PLAYER_SLEEPBEFORE_START,1516293660446,191
102,PLAYER_SLEEPBEFORE_END,1516293662362,191
102,WS_SEND_START,1516293662362,191
102,WS_SEND_END,1516293662362,191
102,WS_RECV_START,1516293662362,192
102,WS_RECV_END,1516293666110,192
102,PLAYER_SLEEPBEFORE_START,1516293666110,193
102,PLAYER_SLEEPBEFORE_END,1516293666238,193
102,WS_SEND_START,1516293666238,193
102,WS_SEND_END,1516293666238,193
102,WS_RECV_START,1516293666238,194
102,WS_RECV_END,1516293672478,194
102,PLAYER_SLEEPBEFORE_START,1516293672478,195
102,PLAYER_SLEEPBEFORE_END,1516293674233,195
102,WS_SEND_START,1516293674233,195
102,WS_SEND_END,1516293674233,195
102,WS_RECV_START,1516293674233,196
102,WS_RECV_END,1516293676941,196
102,PLAYER_SLEEPBEFORE_START,1516293676941,197
102,PLAYER_SLEEPBEFORE_END,1516293678745,197
102,WS_SEND_START,1516293678745,197
102,WS_SEND_END,1516293678745,197
102,WS_RECV_START,1516293678745,198
102,WS_RECV_END,1516293683123,198
102,PLAYER_SLEEPBEFORE_START,1516293683123,199
102,PLAYER_SLEEPBEFORE_END,1516293694977,199
102,WS_SEND_START,1516293694977,199
102,WS_SEND_END,1516293694977,199
102,PLAYER_SLEEPBEFORE_START,1516293694977,200
102,PLAYER_SLEEPBEFORE_END,1516293699065,200
102,WS_SEND_START,1516293699065,200
102,WS_SEND_END,1516293699065,200
102,WS_RECV_START,1516293699065,201
102,WS_RECV_END,1516293701466,201
102,PLAYER_SLEEPBEFORE_START,1516293701466,202
102,PLAYER_SLEEPBEFORE_END,1516293701480,202
102,WS_SEND_START,1516293701480,202
102,WS_SEND_END,1516293701480,202
102,WS_RECV_START,1516293701480,203
102,WS_RECV_END,1516293703580,203
102,PLAYER_SLEEPBEFORE_START,1516293703580,204
102,PLAYER_SLEEPBEFORE_END,1516293723232,204
102,WS_SEND_START,1516293723232,204
102,WS_SEND_END,1516293723232,204
102,PLAYER_SLEEPBEFORE_START,1516293723232,205
102,PLAYER_SLEEPBEFORE_END,1516293727131,205
102,WS_SEND_START,1516293727131,205
102,WS_SEND_END,1516293727131,205
102,WS_RECV_START,1516293727131,206
102,WS_RECV_END,1516293727792,206
102,PLAYER_SLEEPBEFORE_START,1516293727792,207
102,PLAYER_SLEEPBEFORE_END,1516293744723,207
102,REQ_START,1516293744723,207
102,REQ_END,1516293744731,207
102,PLAYER_SLEEPBEFORE_START,1516293744731,208
102,PLAYER_SLEEPBEFORE_END,1516293751583,208
102,WS_CLOSE_START,1516293751583,208
102,WS_CLOSE_END,1516293751583,208
102,PLAYER_DONE,1516293751583
