# --sessions 630 --app-url=http://shinyloadtest.rstudioservices.com/cran_explorer --output-dir test630 --overwrite-output --log-level warn --start-interval 800 15min.log
thread_id,event,timestamp,input_line_number,comment
205,PLAYER_SESSION_CREATE,1516292633506
205,PLAYER_START_INTERVAL_START,1516292633506
205,PLAYER_START_INTERVAL_END,1516292797506
205,REQ_HOME_START,1516292797506,2
205,REQ_HOME_END,1516292797662,2
205,REQ_START,1516292797662,3
205,REQ_END,1516292797694,3
205,REQ_START,1516292797694,4
205,REQ_END,1516292797725,4
205,REQ_START,1516292797725,5
205,REQ_END,1516292797759,5
205,REQ_START,1516292797759,6
205,REQ_END,1516292797796,6
205,REQ_START,1516292797796,7
205,REQ_END,1516292797829,7
205,REQ_START,1516292797829,8
205,REQ_END,1516292797864,8
205,REQ_START,1516292797864,9
205,REQ_END,1516292797906,9
205,REQ_START,1516292797906,10
205,REQ_END,1516292797914,10
205,REQ_START,1516292797914,11
205,REQ_END,1516292798052,11
205,REQ_START,1516292798052,12
205,REQ_END,1516292798063,12
205,REQ_START,1516292798063,13
205,REQ_END,1516292798093,13
205,REQ_START,1516292798093,14
205,REQ_END,1516292798113,14
205,REQ_START,1516292798113,15
205,REQ_END,1516292798229,15
205,REQ_TOK_START,1516292798229,16
205,REQ_TOK_END,1516292798237,16
205,REQ_SINF_START,1516292798237,17
205,REQ_SINF_END,1516292798244,17
205,WS_OPEN_START,1516292798244,18
205,WS_OPEN_END,1516292798250,18
205,REQ_START,1516292798250,19
205,REQ_END,1516292798277,19
205,WS_RECV_START,1516292798277,20
205,WS_RECV_END,1516292798277,20
205,PLAYER_SLEEPBEFORE_START,1516292798277,21
205,PLAYER_SLEEPBEFORE_END,1516292798283,21
205,WS_SEND_START,1516292798283,21
205,WS_SEND_END,1516292798283,21
205,PLAYER_SLEEPBEFORE_START,1516292798283,22
205,PLAYER_SLEEPBEFORE_END,1516292798284,22
205,WS_SEND_START,1516292798284,22
205,WS_SEND_END,1516292798284,22
205,WS_RECV_INIT_START,1516292798284,23
205,WS_RECV_INIT_END,1516292798301,23
205,WS_RECV_START,1516292798301,24
205,WS_RECV_END,1516292798356,24
205,PLAYER_SLEEPBEFORE_START,1516292798356,25
205,PLAYER_SLEEPBEFORE_END,1516292798363,25
205,REQ_START,1516292798363,25
205,REQ_END,1516292798394,25
205,PLAYER_SLEEPBEFORE_START,1516292798394,26
205,PLAYER_SLEEPBEFORE_END,1516292798395,26
205,REQ_START,1516292798395,26
205,REQ_END,1516292798427,26
205,PLAYER_SLEEPBEFORE_START,1516292798427,27
205,PLAYER_SLEEPBEFORE_END,1516292798430,27
205,REQ_START,1516292798430,27
205,REQ_END,1516292798462,27
205,PLAYER_SLEEPBEFORE_START,1516292798462,28
205,PLAYER_SLEEPBEFORE_END,1516292798747,28
205,REQ_START,1516292798748,28
205,REQ_END,1516292798780,28
205,PLAYER_SLEEPBEFORE_START,1516292798780,29
205,PLAYER_SLEEPBEFORE_END,1516292798955,29
205,WS_SEND_START,1516292798955,29
205,WS_SEND_END,1516292798955,29
205,WS_RECV_START,1516292798955,30
205,WS_RECV_END,1516292799064,30
205,PLAYER_SLEEPBEFORE_START,1516292799064,31
205,PLAYER_SLEEPBEFORE_END,1516292799075,31
205,REQ_START,1516292799075,31
205,REQ_END,1516292799109,31
205,PLAYER_SLEEPBEFORE_START,1516292799109,32
205,PLAYER_SLEEPBEFORE_END,1516292827254,32
205,WS_SEND_START,1516292827254,32
205,WS_SEND_END,1516292827254,32
205,WS_RECV_START,1516292827254,33
205,WS_RECV_END,1516292827358,33
205,PLAYER_SLEEPBEFORE_START,1516292827358,34
205,PLAYER_SLEEPBEFORE_END,1516292853269,34
205,WS_SEND_START,1516292853269,34
205,WS_SEND_END,1516292853269,34
205,WS_RECV_START,1516292853269,35
205,WS_RECV_END,1516292853313,35
205,PLAYER_SLEEPBEFORE_START,1516292853313,36
205,PLAYER_SLEEPBEFORE_END,1516292853323,36
205,WS_SEND_START,1516292853323,36
205,WS_SEND_END,1516292853323,36
205,WS_RECV_START,1516292853323,37
205,WS_RECV_END,1516292853364,37
205,PLAYER_SLEEPBEFORE_START,1516292853364,38
205,PLAYER_SLEEPBEFORE_END,1516292856559,38
205,WS_SEND_START,1516292856559,38
205,WS_SEND_END,1516292856559,38
205,WS_RECV_START,1516292856559,39
205,WS_RECV_END,1516292856763,39
205,PLAYER_SLEEPBEFORE_START,1516292856763,40
205,PLAYER_SLEEPBEFORE_END,1516292856809,40
205,WS_SEND_START,1516292856809,40
205,WS_SEND_END,1516292856809,40
205,WS_RECV_START,1516292856809,41
205,WS_RECV_END,1516292856952,41
205,PLAYER_SLEEPBEFORE_START,1516292856952,42
205,PLAYER_SLEEPBEFORE_END,1516292875087,42
205,WS_SEND_START,1516292875087,42
205,WS_SEND_END,1516292875087,42
205,WS_RECV_START,1516292875087,43
205,WS_RECV_END,1516292875146,43
205,PLAYER_SLEEPBEFORE_START,1516292875146,44
205,PLAYER_SLEEPBEFORE_END,1516292875158,44
205,WS_SEND_START,1516292875158,44
205,WS_SEND_END,1516292875158,44
205,WS_RECV_START,1516292875158,45
205,WS_RECV_END,1516292875200,45
205,PLAYER_SLEEPBEFORE_START,1516292875200,46
205,PLAYER_SLEEPBEFORE_END,1516292876460,46
205,WS_SEND_START,1516292876460,46
205,WS_SEND_END,1516292876460,46
205,WS_RECV_START,1516292876460,47
205,WS_RECV_END,1516292876500,47
205,PLAYER_SLEEPBEFORE_START,1516292876500,48
205,PLAYER_SLEEPBEFORE_END,1516292877820,48
205,WS_SEND_START,1516292877820,48
205,WS_SEND_END,1516292877820,48
205,WS_RECV_START,1516292877820,49
205,WS_RECV_END,1516292877994,49
205,PLAYER_SLEEPBEFORE_START,1516292877994,50
205,PLAYER_SLEEPBEFORE_END,1516292878018,50
205,WS_SEND_START,1516292878018,50
205,WS_SEND_END,1516292878018,50
205,WS_RECV_START,1516292878018,51
205,WS_RECV_END,1516292878146,51
205,PLAYER_SLEEPBEFORE_START,1516292878146,52
205,PLAYER_SLEEPBEFORE_END,1516292900711,52
205,WS_SEND_START,1516292900711,52
205,WS_SEND_END,1516292900711,52
205,WS_RECV_START,1516292900711,53
205,WS_RECV_END,1516292900941,53
205,PLAYER_SLEEPBEFORE_START,1516292900941,54
205,PLAYER_SLEEPBEFORE_END,1516292922244,54
205,WS_SEND_START,1516292922244,54
205,WS_SEND_END,1516292922244,54
205,PLAYER_SLEEPBEFORE_START,1516292922244,55
205,PLAYER_SLEEPBEFORE_END,1516292924186,55
205,WS_SEND_START,1516292924186,55
205,WS_SEND_END,1516292924186,55
205,WS_RECV_START,1516292924186,56
205,WS_RECV_END,1516292924238,56
205,PLAYER_SLEEPBEFORE_START,1516292924238,57
205,PLAYER_SLEEPBEFORE_END,1516292947110,57
205,WS_SEND_START,1516292947110,57
205,WS_SEND_END,1516292947110,57
205,WS_RECV_START,1516292947111,58
205,WS_RECV_END,1516292947243,58
205,PLAYER_SLEEPBEFORE_START,1516292947243,59
205,PLAYER_SLEEPBEFORE_END,1516292949571,59
205,WS_SEND_START,1516292949571,59
205,WS_SEND_END,1516292949571,59
205,WS_RECV_START,1516292949571,60
205,WS_RECV_END,1516292949819,60
205,PLAYER_SLEEPBEFORE_START,1516292949819,61
205,PLAYER_SLEEPBEFORE_END,1516292953410,61
205,WS_SEND_START,1516292953410,61
205,WS_SEND_END,1516292953410,61
205,WS_RECV_START,1516292953410,62
205,WS_RECV_END,1516292953505,62
205,PLAYER_SLEEPBEFORE_START,1516292953505,63
205,PLAYER_SLEEPBEFORE_END,1516292972768,63
205,WS_SEND_START,1516292972768,63
205,WS_SEND_END,1516292972768,63
205,WS_RECV_START,1516292972768,64
205,WS_RECV_END,1516292972909,64
205,PLAYER_SLEEPBEFORE_START,1516292972909,65
205,PLAYER_SLEEPBEFORE_END,1516292999726,65
205,WS_SEND_START,1516292999726,65
205,WS_SEND_END,1516292999726,65
205,WS_RECV_START,1516292999726,66
205,WS_RECV_END,1516292999832,66
205,PLAYER_SLEEPBEFORE_START,1516292999832,67
205,PLAYER_SLEEPBEFORE_END,1516293001339,67
205,WS_SEND_START,1516293001339,67
205,WS_SEND_END,1516293001339,67
205,WS_RECV_START,1516293001339,68
205,WS_RECV_END,1516293001653,68
205,PLAYER_SLEEPBEFORE_START,1516293001653,69
205,PLAYER_SLEEPBEFORE_END,1516293023651,69
205,WS_SEND_START,1516293023651,69
205,WS_SEND_END,1516293023651,69
205,WS_RECV_START,1516293023651,70
205,WS_RECV_END,1516293024164,70
205,PLAYER_SLEEPBEFORE_START,1516293024164,71
205,PLAYER_SLEEPBEFORE_END,1516293048939,71
205,WS_SEND_START,1516293048939,71
205,WS_SEND_END,1516293048939,71
205,PLAYER_SLEEPBEFORE_START,1516293048939,72
205,PLAYER_SLEEPBEFORE_END,1516293051547,72
205,WS_SEND_START,1516293051547,72
205,WS_SEND_END,1516293051547,72
205,WS_RECV_START,1516293051547,73
205,WS_RECV_END,1516293051592,73
205,PLAYER_SLEEPBEFORE_START,1516293051592,74
205,PLAYER_SLEEPBEFORE_END,1516293051602,74
205,WS_SEND_START,1516293051602,74
205,WS_SEND_END,1516293051602,74
205,WS_RECV_START,1516293051602,75
205,WS_RECV_END,1516293051663,75
205,PLAYER_SLEEPBEFORE_START,1516293051663,76
205,PLAYER_SLEEPBEFORE_END,1516293053169,76
205,WS_SEND_START,1516293053169,76
205,WS_SEND_END,1516293053169,76
205,WS_RECV_START,1516293053169,77
205,WS_RECV_END,1516293053231,77
205,PLAYER_SLEEPBEFORE_START,1516293053231,78
205,PLAYER_SLEEPBEFORE_END,1516293054099,78
205,WS_SEND_START,1516293054099,78
205,WS_SEND_END,1516293054099,78
205,WS_RECV_START,1516293054099,79
205,WS_RECV_END,1516293054277,79
205,PLAYER_SLEEPBEFORE_START,1516293054277,80
205,PLAYER_SLEEPBEFORE_END,1516293061943,80
205,WS_SEND_START,1516293061943,80
205,WS_SEND_END,1516293061943,80
205,WS_RECV_START,1516293061943,81
205,WS_RECV_END,1516293062181,81
205,PLAYER_SLEEPBEFORE_START,1516293062181,82
205,PLAYER_SLEEPBEFORE_END,1516293063283,82
205,WS_SEND_START,1516293063283,82
205,WS_SEND_END,1516293063283,82
205,WS_RECV_START,1516293063283,83
205,WS_RECV_END,1516293063446,83
205,PLAYER_SLEEPBEFORE_START,1516293063446,84
205,PLAYER_SLEEPBEFORE_END,1516293064393,84
205,WS_SEND_START,1516293064393,84
205,WS_SEND_END,1516293064393,84
205,WS_RECV_START,1516293064393,85
205,WS_RECV_END,1516293064735,85
205,PLAYER_SLEEPBEFORE_START,1516293064735,86
205,PLAYER_SLEEPBEFORE_END,1516293068907,86
205,WS_SEND_START,1516293068907,86
205,WS_SEND_END,1516293068907,86
205,WS_RECV_START,1516293068907,87
205,WS_RECV_END,1516293069128,87
205,PLAYER_SLEEPBEFORE_START,1516293069128,88
205,PLAYER_SLEEPBEFORE_END,1516293069136,88
205,WS_SEND_START,1516293069136,88
205,WS_SEND_END,1516293069136,88
205,WS_RECV_START,1516293069136,89
205,WS_RECV_END,1516293069532,89
205,PLAYER_SLEEPBEFORE_START,1516293069532,90
205,PLAYER_SLEEPBEFORE_END,1516293096730,90
205,REQ_START,1516293096730,90
205,REQ_END,1516293096740,90
205,PLAYER_SLEEPBEFORE_START,1516293096740,91
205,PLAYER_SLEEPBEFORE_END,1516293104630,91
205,WS_SEND_START,1516293104630,91
205,WS_SEND_END,1516293104630,91
205,WS_RECV_START,1516293104630,92
205,WS_RECV_END,1516293104890,92
205,PLAYER_SLEEPBEFORE_START,1516293104890,93
205,PLAYER_SLEEPBEFORE_END,1516293104905,93
205,WS_SEND_START,1516293104905,93
205,WS_SEND_END,1516293104905,93
205,WS_RECV_START,1516293104905,94
205,WS_RECV_END,1516293105149,94
205,PLAYER_SLEEPBEFORE_START,1516293105149,95
205,PLAYER_SLEEPBEFORE_END,1516293128704,95
205,WS_SEND_START,1516293128704,95
205,WS_SEND_END,1516293128704,95
205,WS_RECV_START,1516293128704,96
205,WS_RECV_END,1516293129777,96
205,PLAYER_SLEEPBEFORE_START,1516293129777,97
205,PLAYER_SLEEPBEFORE_END,1516293152217,97
205,WS_SEND_START,1516293152217,97
205,WS_SEND_END,1516293152217,97
205,WS_RECV_START,1516293152217,98
205,WS_RECV_END,1516293154908,98
205,PLAYER_SLEEPBEFORE_START,1516293154908,99
205,PLAYER_SLEEPBEFORE_END,1516293154929,99
205,WS_SEND_START,1516293154929,99
205,WS_SEND_END,1516293154929,99
205,WS_RECV_START,1516293154929,100
205,WS_RECV_END,1516293155825,100
205,PLAYER_SLEEPBEFORE_START,1516293155825,101
205,PLAYER_SLEEPBEFORE_END,1516293179385,101
205,WS_SEND_START,1516293179385,101
205,WS_SEND_END,1516293179385,101
205,WS_RECV_START,1516293179385,102
205,WS_RECV_END,1516293182677,102
205,PLAYER_SLEEPBEFORE_START,1516293182677,103
205,PLAYER_SLEEPBEFORE_END,1516293206302,103
205,WS_SEND_START,1516293206302,103
205,WS_SEND_END,1516293206302,103
205,WS_RECV_START,1516293206302,104
205,WS_RECV_END,1516293208882,104
205,PLAYER_SLEEPBEFORE_START,1516293208882,105
205,PLAYER_SLEEPBEFORE_END,1516293234259,105
205,WS_SEND_START,1516293234260,105
205,WS_SEND_END,1516293234260,105
205,WS_RECV_START,1516293234260,106
205,WS_RECV_END,1516293237876,106
205,PLAYER_SLEEPBEFORE_START,1516293237876,107
205,PLAYER_SLEEPBEFORE_END,1516293261299,107
205,WS_SEND_START,1516293261299,107
205,WS_SEND_END,1516293261299,107
205,WS_RECV_START,1516293261299,108
205,WS_RECV_END,1516293265088,108
205,PLAYER_SLEEPBEFORE_START,1516293265088,109
205,PLAYER_SLEEPBEFORE_END,1516293265097,109
205,WS_SEND_START,1516293265097,109
205,WS_SEND_END,1516293265097,109
205,WS_RECV_START,1516293265097,110
205,WS_RECV_END,1516293267181,110
205,PLAYER_SLEEPBEFORE_START,1516293267181,111
205,PLAYER_SLEEPBEFORE_END,1516293268140,111
205,WS_SEND_START,1516293268140,111
205,WS_SEND_END,1516293268140,111
205,WS_RECV_START,1516293268140,112
205,WS_RECV_END,1516293269831,112
205,PLAYER_SLEEPBEFORE_START,1516293269831,113
205,PLAYER_SLEEPBEFORE_END,1516293270393,113
205,WS_SEND_START,1516293270393,113
205,WS_SEND_END,1516293270393,113
205,WS_RECV_START,1516293270393,114
205,WS_RECV_END,1516293271617,114
205,PLAYER_SLEEPBEFORE_START,1516293271617,115
205,PLAYER_SLEEPBEFORE_END,1516293271626,115
205,WS_SEND_START,1516293271626,115
205,WS_SEND_END,1516293271626,115
205,WS_RECV_START,1516293271626,116
205,WS_RECV_END,1516293273464,116
205,PLAYER_SLEEPBEFORE_START,1516293273464,117
205,PLAYER_SLEEPBEFORE_END,1516293293824,117
205,WS_SEND_START,1516293293824,117
205,WS_SEND_END,1516293293824,117
205,PLAYER_SLEEPBEFORE_START,1516293293824,118
205,PLAYER_SLEEPBEFORE_END,1516293297576,118
205,WS_SEND_START,1516293297576,118
205,WS_SEND_END,1516293297576,118
205,WS_RECV_START,1516293297576,119
205,WS_RECV_END,1516293299784,119
205,PLAYER_SLEEPBEFORE_START,1516293299784,120
205,PLAYER_SLEEPBEFORE_END,1516293300772,120
205,WS_SEND_START,1516293300772,120
205,WS_SEND_END,1516293300772,120
205,WS_RECV_START,1516293300772,121
205,WS_RECV_END,1516293302979,121
205,PLAYER_SLEEPBEFORE_START,1516293302979,122
205,PLAYER_SLEEPBEFORE_END,1516293304165,122
205,WS_SEND_START,1516293304165,122
205,WS_SEND_END,1516293304165,122
205,WS_RECV_START,1516293304165,123
205,WS_RECV_END,1516293307967,123
205,PLAYER_SLEEPBEFORE_START,1516293307967,124
205,PLAYER_SLEEPBEFORE_END,1516293332372,124
205,WS_SEND_START,1516293332372,124
205,WS_SEND_END,1516293332372,124
205,WS_RECV_START,1516293332372,125
205,WS_RECV_END,1516293336732,125
205,PLAYER_SLEEPBEFORE_START,1516293336732,126
205,PLAYER_SLEEPBEFORE_END,1516293357244,126
205,WS_SEND_START,1516293357244,126
205,WS_SEND_END,1516293357244,126
205,PLAYER_SLEEPBEFORE_START,1516293357244,127
205,PLAYER_SLEEPBEFORE_END,1516293360298,127
205,WS_SEND_START,1516293360298,127
205,WS_SEND_END,1516293360298,127
205,WS_RECV_START,1516293360298,128
205,WS_RECV_END,1516293361727,128
205,PLAYER_SLEEPBEFORE_START,1516293361727,129
205,PLAYER_SLEEPBEFORE_END,1516293361747,129
205,WS_SEND_START,1516293361747,129
205,WS_SEND_END,1516293361747,129
205,WS_RECV_START,1516293361747,130
205,WS_RECV_END,1516293365061,130
205,PLAYER_SLEEPBEFORE_START,1516293365061,131
205,PLAYER_SLEEPBEFORE_END,1516293386685,131
205,WS_SEND_START,1516293386685,131
205,WS_SEND_END,1516293386685,131
205,PLAYER_SLEEPBEFORE_START,1516293386685,132
205,PLAYER_SLEEPBEFORE_END,1516293389766,132
205,WS_SEND_START,1516293389766,132
205,WS_SEND_END,1516293389766,132
205,WS_RECV_START,1516293389766,133
205,WS_RECV_END,1516293390133,133
205,PLAYER_SLEEPBEFORE_START,1516293390133,134
205,PLAYER_SLEEPBEFORE_END,1516293411350,134
205,WS_SEND_START,1516293411350,134
205,WS_SEND_END,1516293411350,134
205,PLAYER_SLEEPBEFORE_START,1516293411350,135
205,PLAYER_SLEEPBEFORE_END,1516293414541,135
205,WS_SEND_START,1516293414541,135
205,WS_SEND_END,1516293414541,135
205,WS_RECV_START,1516293414541,136
205,WS_RECV_END,1516293416763,136
205,PLAYER_SLEEPBEFORE_START,1516293416763,137
205,PLAYER_SLEEPBEFORE_END,1516293416770,137
205,WS_SEND_START,1516293416770,137
205,WS_SEND_END,1516293416770,137
205,WS_RECV_START,1516293416770,138
205,WS_RECV_END,1516293419557,138
205,PLAYER_SLEEPBEFORE_START,1516293419557,139
205,PLAYER_SLEEPBEFORE_END,1516293420247,139
205,WS_SEND_START,1516293420247,139
205,WS_SEND_END,1516293420247,139
205,WS_RECV_START,1516293420247,140
205,WS_RECV_END,1516293423093,140
205,PLAYER_SLEEPBEFORE_START,1516293423093,141
205,PLAYER_SLEEPBEFORE_END,1516293423748,141
205,WS_SEND_START,1516293423748,141
205,WS_SEND_END,1516293423748,141
205,WS_RECV_START,1516293423748,142
205,WS_RECV_END,1516293427812,142
205,PLAYER_SLEEPBEFORE_START,1516293427812,143
205,PLAYER_SLEEPBEFORE_END,1516293427870,143
205,WS_SEND_START,1516293427870,143
205,WS_SEND_END,1516293427870,143
205,WS_RECV_START,1516293427870,144
205,WS_RECV_END,1516293432292,144
205,PLAYER_SLEEPBEFORE_START,1516293432292,145
205,PLAYER_SLEEPBEFORE_END,1516293448354,145
205,REQ_START,1516293448354,145
205,REQ_END,1516293448362,145
205,PLAYER_SLEEPBEFORE_START,1516293448362,146
205,PLAYER_SLEEPBEFORE_END,1516293457239,146
205,WS_SEND_START,1516293457239,146
205,WS_SEND_END,1516293457239,146
205,WS_RECV_START,1516293457239,147
205,WS_RECV_END,1516293461679,147
205,PLAYER_SLEEPBEFORE_START,1516293461679,148
205,PLAYER_SLEEPBEFORE_END,1516293483602,148
205,WS_SEND_START,1516293483602,148
205,WS_SEND_END,1516293483602,148
205,PLAYER_SLEEPBEFORE_START,1516293483602,149
205,PLAYER_SLEEPBEFORE_END,1516293486030,149
205,WS_SEND_START,1516293486030,149
205,WS_SEND_END,1516293486030,149
205,WS_RECV_START,1516293486030,150
205,WS_RECV_END,1516293488225,150
205,PLAYER_SLEEPBEFORE_START,1516293488225,151
205,PLAYER_SLEEPBEFORE_END,1516293488435,151
205,WS_SEND_START,1516293488435,151
205,WS_SEND_END,1516293488435,151
205,WS_RECV_START,1516293488435,152
205,WS_RECV_END,1516293490583,152
205,PLAYER_SLEEPBEFORE_START,1516293490583,153
205,PLAYER_SLEEPBEFORE_END,1516293514511,153
205,WS_SEND_START,1516293514511,153
205,WS_SEND_END,1516293514511,153
205,WS_RECV_START,1516293514511,154
205,WS_RECV_END,1516293519456,154
205,PLAYER_SLEEPBEFORE_START,1516293519456,155
205,PLAYER_SLEEPBEFORE_END,1516293542015,155
205,WS_SEND_START,1516293542015,155
205,WS_SEND_END,1516293542015,155
205,PLAYER_SLEEPBEFORE_START,1516293542015,156
205,PLAYER_SLEEPBEFORE_END,1516293545289,156
205,WS_SEND_START,1516293545289,156
205,WS_SEND_END,1516293545289,156
205,WS_RECV_START,1516293545289,157
205,WS_RECV_END,1516293548581,157
205,PLAYER_SLEEPBEFORE_START,1516293548581,158
205,PLAYER_SLEEPBEFORE_END,1516293548591,158
205,WS_SEND_START,1516293548591,158
205,WS_SEND_END,1516293548591,158
205,WS_RECV_START,1516293548591,159
205,WS_RECV_END,1516293551034,159
205,PLAYER_SLEEPBEFORE_START,1516293551034,160
205,PLAYER_SLEEPBEFORE_END,1516293551209,160
205,WS_SEND_START,1516293551209,160
205,WS_SEND_END,1516293551209,160
205,WS_RECV_START,1516293551209,161
205,WS_RECV_END,1516293554587,161
205,PLAYER_SLEEPBEFORE_START,1516293554587,162
205,PLAYER_SLEEPBEFORE_END,1516293554612,162
205,WS_SEND_START,1516293554612,162
205,WS_SEND_END,1516293554612,162
205,WS_RECV_START,1516293554612,163
205,WS_RECV_END,1516293558143,163
205,PLAYER_SLEEPBEFORE_START,1516293558143,164
205,PLAYER_SLEEPBEFORE_END,1516293578956,164
205,WS_SEND_START,1516293578956,164
205,WS_SEND_END,1516293578956,164
205,WS_RECV_START,1516293578956,165
205,WS_RECV_END,1516293589278,165
205,PLAYER_SLEEPBEFORE_START,1516293589278,166
205,PLAYER_SLEEPBEFORE_END,1516293611733,166
205,WS_SEND_START,1516293611733,166
205,WS_SEND_END,1516293611733,166
205,WS_RECV_START,1516293611733,167
205,WS_RECV_END,1516293618825,167
205,PLAYER_SLEEPBEFORE_START,1516293618825,168
205,PLAYER_SLEEPBEFORE_END,1516293646183,168
205,WS_SEND_START,1516293646183,168
205,WS_SEND_END,1516293646183,168
205,WS_RECV_START,1516293646183,169
205,WS_RECV_END,1516293653988,169
205,PLAYER_SLEEPBEFORE_START,1516293653988,170
205,PLAYER_SLEEPBEFORE_END,1516293653997,170
205,WS_SEND_START,1516293653997,170
205,WS_SEND_END,1516293653997,170
205,WS_RECV_START,1516293653997,171
205,WS_RECV_END,1516293658154,171
205,PLAYER_SLEEPBEFORE_START,1516293658154,172
205,PLAYER_SLEEPBEFORE_END,1516293658523,172
205,WS_SEND_START,1516293658523,172
205,WS_SEND_END,1516293658523,172
205,WS_RECV_START,1516293658523,173
205,WS_RECV_END,1516293662566,173
205,PLAYER_SLEEPBEFORE_START,1516293662566,174
205,PLAYER_SLEEPBEFORE_END,1516293662607,174
205,WS_SEND_START,1516293662607,174
205,WS_SEND_END,1516293662607,174
205,WS_RECV_START,1516293662607,175
205,WS_RECV_END,1516293667504,175
205,PLAYER_SLEEPBEFORE_START,1516293667504,176
205,PLAYER_SLEEPBEFORE_END,1516293689265,176
205,WS_SEND_START,1516293689265,176
205,WS_SEND_END,1516293689265,176
205,PLAYER_SLEEPBEFORE_START,1516293689265,177
205,PLAYER_SLEEPBEFORE_END,1516293691783,177
205,WS_SEND_START,1516293691783,177
205,WS_SEND_END,1516293691783,177
205,WS_RECV_START,1516293691783,178
205,WS_RECV_END,1516293696121,178
205,PLAYER_SLEEPBEFORE_START,1516293696121,179
205,PLAYER_SLEEPBEFORE_END,1516293718461,179
205,WS_SEND_START,1516293718461,179
205,WS_SEND_END,1516293718461,179
205,WS_RECV_START,1516293718461,180
205,WS_RECV_END,1516293724334,180
205,PLAYER_SLEEPBEFORE_START,1516293724334,181
205,PLAYER_SLEEPBEFORE_END,1516293724778,181
205,WS_SEND_START,1516293724778,181
205,WS_SEND_END,1516293724778,181
205,WS_RECV_START,1516293724778,182
205,WS_RECV_END,1516293726457,182
205,PLAYER_SLEEPBEFORE_START,1516293726457,183
205,PLAYER_SLEEPBEFORE_END,1516293726980,183
205,WS_SEND_START,1516293726980,183
205,WS_SEND_END,1516293726980,183
205,WS_RECV_START,1516293726980,184
205,WS_RECV_END,1516293730183,184
205,PLAYER_SLEEPBEFORE_START,1516293730183,185
205,PLAYER_SLEEPBEFORE_END,1516293730452,185
205,WS_SEND_START,1516293730452,185
205,WS_SEND_END,1516293730452,185
205,WS_RECV_START,1516293730452,186
205,WS_RECV_END,1516293734039,186
205,PLAYER_SLEEPBEFORE_START,1516293734039,187
205,PLAYER_SLEEPBEFORE_END,1516293756539,187
205,WS_SEND_START,1516293756539,187
205,WS_SEND_END,1516293756539,187
205,WS_RECV_START,1516293756539,188
205,WS_RECV_END,1516293758725,188
205,PLAYER_SLEEPBEFORE_START,1516293758725,189
205,PLAYER_SLEEPBEFORE_END,1516293764964,189
205,WS_SEND_START,1516293764964,189
205,WS_SEND_END,1516293764964,189
205,WS_RECV_START,1516293764964,190
205,WS_RECV_END,1516293767490,190
205,PLAYER_SLEEPBEFORE_START,1516293767490,191
205,PLAYER_SLEEPBEFORE_END,1516293769405,191
205,WS_SEND_START,1516293769405,191
205,WS_SEND_END,1516293769405,191
205,WS_RECV_START,1516293769405,192
205,WS_RECV_END,1516293770966,192
205,PLAYER_SLEEPBEFORE_START,1516293770966,193
205,PLAYER_SLEEPBEFORE_END,1516293771094,193
205,WS_SEND_START,1516293771094,193
205,WS_SEND_END,1516293771094,193
205,WS_RECV_START,1516293771094,194
205,WS_RECV_END,1516293771898,194
205,PLAYER_SLEEPBEFORE_START,1516293771898,195
205,PLAYER_SLEEPBEFORE_END,1516293773653,195
205,WS_SEND_START,1516293773653,195
205,WS_SEND_END,1516293773653,195
205,WS_RECV_START,1516293773653,196
205,WS_RECV_END,1516293776778,196
205,PLAYER_SLEEPBEFORE_START,1516293776778,197
205,PLAYER_SLEEPBEFORE_END,1516293778582,197
205,WS_SEND_START,1516293778582,197
205,WS_SEND_END,1516293778582,197
205,WS_RECV_START,1516293778582,198
205,WS_RECV_END,1516293780025,198
205,PLAYER_SLEEPBEFORE_START,1516293780025,199
205,PLAYER_SLEEPBEFORE_END,1516293791879,199
205,WS_SEND_START,1516293791879,199
205,WS_SEND_END,1516293791879,199
205,PLAYER_SLEEPBEFORE_START,1516293791879,200
205,PLAYER_SLEEPBEFORE_END,1516293795967,200
205,WS_SEND_START,1516293795967,200
205,WS_SEND_END,1516293795967,200
205,WS_RECV_START,1516293795967,201
205,WS_RECV_END,1516293797316,201
205,PLAYER_SLEEPBEFORE_START,1516293797316,202
205,PLAYER_SLEEPBEFORE_END,1516293797330,202
205,WS_SEND_START,1516293797330,202
205,WS_SEND_END,1516293797330,202
205,WS_RECV_START,1516293797330,203
205,WS_RECV_END,1516293799775,203
205,PLAYER_SLEEPBEFORE_START,1516293799775,204
205,PLAYER_SLEEPBEFORE_END,1516293819424,204
205,WS_SEND_START,1516293819424,204
205,WS_SEND_END,1516293819424,204
205,PLAYER_SLEEPBEFORE_START,1516293819424,205
205,PLAYER_SLEEPBEFORE_END,1516293823322,205
205,WS_SEND_START,1516293823322,205
205,WS_SEND_END,1516293823322,205
205,WS_RECV_START,1516293823322,206
205,WS_RECV_END,1516293823625,206
205,PLAYER_SLEEPBEFORE_START,1516293823625,207
205,PLAYER_SLEEPBEFORE_END,1516293840557,207
205,REQ_START,1516293840557,207
205,REQ_END,1516293840568,207
205,PLAYER_SLEEPBEFORE_START,1516293840568,208
205,PLAYER_SLEEPBEFORE_END,1516293847421,208
205,WS_CLOSE_START,1516293847421,208
205,WS_CLOSE_END,1516293847421,208
205,PLAYER_DONE,1516293847421
