# --sessions 630 --app-url=http://shinyloadtest.rstudioservices.com/cran_explorer --output-dir test630 --overwrite-output --log-level warn --start-interval 800 15min.log
thread_id,event,timestamp,input_line_number,comment
226,PLAYER_SESSION_CREATE,1516292633511
226,PLAYER_START_INTERVAL_START,1516292633511
226,PLAYER_START_INTERVAL_END,1516292814311
226,REQ_HOME_START,1516292814311,2
226,REQ_HOME_END,1516292814396,2
226,REQ_START,1516292814396,3
226,REQ_END,1516292814428,3
226,REQ_START,1516292814428,4
226,REQ_END,1516292814459,4
226,REQ_START,1516292814459,5
226,REQ_END,1516292814497,5
226,REQ_START,1516292814497,6
226,REQ_END,1516292814533,6
226,REQ_START,1516292814533,7
226,REQ_END,1516292814565,7
226,REQ_START,1516292814565,8
226,REQ_END,1516292814599,8
226,REQ_START,1516292814599,9
226,REQ_END,1516292814728,9
226,REQ_START,1516292814728,10
226,REQ_END,1516292814765,10
226,REQ_START,1516292814765,11
226,REQ_END,1516292814798,11
226,REQ_START,1516292814798,12
226,REQ_END,1516292814807,12
226,REQ_START,1516292814807,13
226,REQ_END,1516292814870,13
226,REQ_START,1516292814870,14
226,REQ_END,1516292814886,14
226,REQ_START,1516292814886,15
226,REQ_END,1516292814923,15
226,REQ_TOK_START,1516292814923,16
226,REQ_TOK_END,1516292814930,16
226,REQ_SINF_START,1516292814930,17
226,REQ_SINF_END,1516292814937,17
226,WS_OPEN_START,1516292814937,18
226,WS_OPEN_END,1516292814943,18
226,REQ_START,1516292814943,19
226,REQ_END,1516292814970,19
226,WS_RECV_START,1516292814970,20
226,WS_RECV_END,1516292814970,20
226,PLAYER_SLEEPBEFORE_START,1516292814970,21
226,PLAYER_SLEEPBEFORE_END,1516292814975,21
226,WS_SEND_START,1516292814975,21
226,WS_SEND_END,1516292814975,21
226,PLAYER_SLEEPBEFORE_START,1516292814975,22
226,PLAYER_SLEEPBEFORE_END,1516292814976,22
226,WS_SEND_START,1516292814976,22
226,WS_SEND_END,1516292814976,22
226,WS_RECV_INIT_START,1516292814976,23
226,WS_RECV_INIT_END,1516292814992,23
226,WS_RECV_START,1516292814992,24
226,WS_RECV_END,1516292815037,24
226,PLAYER_SLEEPBEFORE_START,1516292815037,25
226,PLAYER_SLEEPBEFORE_END,1516292815044,25
226,REQ_START,1516292815044,25
226,REQ_END,1516292815075,25
226,PLAYER_SLEEPBEFORE_START,1516292815076,26
226,PLAYER_SLEEPBEFORE_END,1516292815077,26
226,REQ_START,1516292815077,26
226,REQ_END,1516292815108,26
226,PLAYER_SLEEPBEFORE_START,1516292815108,27
226,PLAYER_SLEEPBEFORE_END,1516292815111,27
226,REQ_START,1516292815111,27
226,REQ_END,1516292815142,27
226,PLAYER_SLEEPBEFORE_START,1516292815142,28
226,PLAYER_SLEEPBEFORE_END,1516292815428,28
226,REQ_START,1516292815428,28
226,REQ_END,1516292815458,28
226,PLAYER_SLEEPBEFORE_START,1516292815458,29
226,PLAYER_SLEEPBEFORE_END,1516292815634,29
226,WS_SEND_START,1516292815634,29
226,WS_SEND_END,1516292815634,29
226,WS_RECV_START,1516292815634,30
226,WS_RECV_END,1516292815781,30
226,PLAYER_SLEEPBEFORE_START,1516292815781,31
226,PLAYER_SLEEPBEFORE_END,1516292815792,31
226,REQ_START,1516292815792,31
226,REQ_END,1516292815826,31
226,PLAYER_SLEEPBEFORE_START,1516292815826,32
226,PLAYER_SLEEPBEFORE_END,1516292843971,32
226,WS_SEND_START,1516292843971,32
226,WS_SEND_END,1516292843971,32
226,WS_RECV_START,1516292843971,33
226,WS_RECV_END,1516292844092,33
226,PLAYER_SLEEPBEFORE_START,1516292844092,34
226,PLAYER_SLEEPBEFORE_END,1516292870004,34
226,WS_SEND_START,1516292870004,34
226,WS_SEND_END,1516292870004,34
226,WS_RECV_START,1516292870004,35
226,WS_RECV_END,1516292870231,35
226,PLAYER_SLEEPBEFORE_START,1516292870231,36
226,PLAYER_SLEEPBEFORE_END,1516292870240,36
226,WS_SEND_START,1516292870240,36
226,WS_SEND_END,1516292870240,36
226,WS_RECV_START,1516292870240,37
226,WS_RECV_END,1516292870280,37
226,PLAYER_SLEEPBEFORE_START,1516292870280,38
226,PLAYER_SLEEPBEFORE_END,1516292873475,38
226,WS_SEND_START,1516292873475,38
226,WS_SEND_END,1516292873475,38
226,WS_RECV_START,1516292873475,39
226,WS_RECV_END,1516292873606,39
226,PLAYER_SLEEPBEFORE_START,1516292873606,40
226,PLAYER_SLEEPBEFORE_END,1516292873652,40
226,WS_SEND_START,1516292873652,40
226,WS_SEND_END,1516292873652,40
226,WS_RECV_START,1516292873652,41
226,WS_RECV_END,1516292873766,41
226,PLAYER_SLEEPBEFORE_START,1516292873766,42
226,PLAYER_SLEEPBEFORE_END,1516292891901,42
226,WS_SEND_START,1516292891901,42
226,WS_SEND_END,1516292891901,42
226,WS_RECV_START,1516292891901,43
226,WS_RECV_END,1516292891929,43
226,PLAYER_SLEEPBEFORE_START,1516292891929,44
226,PLAYER_SLEEPBEFORE_END,1516292891941,44
226,WS_SEND_START,1516292891941,44
226,WS_SEND_END,1516292891941,44
226,WS_RECV_START,1516292891941,45
226,WS_RECV_END,1516292891984,45
226,PLAYER_SLEEPBEFORE_START,1516292891984,46
226,PLAYER_SLEEPBEFORE_END,1516292893244,46
226,WS_SEND_START,1516292893244,46
226,WS_SEND_END,1516292893244,46
226,WS_RECV_START,1516292893244,47
226,WS_RECV_END,1516292893266,47
226,PLAYER_SLEEPBEFORE_START,1516292893266,48
226,PLAYER_SLEEPBEFORE_END,1516292894586,48
226,WS_SEND_START,1516292894586,48
226,WS_SEND_END,1516292894586,48
226,WS_RECV_START,1516292894586,49
226,WS_RECV_END,1516292894699,49
226,PLAYER_SLEEPBEFORE_START,1516292894700,50
226,PLAYER_SLEEPBEFORE_END,1516292894724,50
226,WS_SEND_START,1516292894724,50
226,WS_SEND_END,1516292894724,50
226,WS_RECV_START,1516292894724,51
226,WS_RECV_END,1516292894835,51
226,PLAYER_SLEEPBEFORE_START,1516292894835,52
226,PLAYER_SLEEPBEFORE_END,1516292917400,52
226,WS_SEND_START,1516292917400,52
226,WS_SEND_END,1516292917400,52
226,WS_RECV_START,1516292917400,53
226,WS_RECV_END,1516292917541,53
226,PLAYER_SLEEPBEFORE_START,1516292917541,54
226,PLAYER_SLEEPBEFORE_END,1516292938844,54
226,WS_SEND_START,1516292938844,54
226,WS_SEND_END,1516292938845,54
226,PLAYER_SLEEPBEFORE_START,1516292938845,55
226,PLAYER_SLEEPBEFORE_END,1516292940786,55
226,WS_SEND_START,1516292940786,55
226,WS_SEND_END,1516292940786,55
226,WS_RECV_START,1516292940786,56
226,WS_RECV_END,1516292940887,56
226,PLAYER_SLEEPBEFORE_START,1516292940887,57
226,PLAYER_SLEEPBEFORE_END,1516292963759,57
226,WS_SEND_START,1516292963759,57
226,WS_SEND_END,1516292963759,57
226,WS_RECV_START,1516292963759,58
226,WS_RECV_END,1516292964200,58
226,PLAYER_SLEEPBEFORE_START,1516292964200,59
226,PLAYER_SLEEPBEFORE_END,1516292966527,59
226,WS_SEND_START,1516292966527,59
226,WS_SEND_END,1516292966527,59
226,WS_RECV_START,1516292966527,60
226,WS_RECV_END,1516292966643,60
226,PLAYER_SLEEPBEFORE_START,1516292966643,61
226,PLAYER_SLEEPBEFORE_END,1516292970234,61
226,WS_SEND_START,1516292970234,61
226,WS_SEND_END,1516292970234,61
226,WS_RECV_START,1516292970234,62
226,WS_RECV_END,1516292970368,62
226,PLAYER_SLEEPBEFORE_START,1516292970368,63
226,PLAYER_SLEEPBEFORE_END,1516292989630,63
226,WS_SEND_START,1516292989630,63
226,WS_SEND_END,1516292989630,63
226,WS_RECV_START,1516292989630,64
226,WS_RECV_END,1516292989751,64
226,PLAYER_SLEEPBEFORE_START,1516292989751,65
226,PLAYER_SLEEPBEFORE_END,1516293016568,65
226,WS_SEND_START,1516293016568,65
226,WS_SEND_END,1516293016568,65
226,WS_RECV_START,1516293016568,66
226,WS_RECV_END,1516293016701,66
226,PLAYER_SLEEPBEFORE_START,1516293016701,67
226,PLAYER_SLEEPBEFORE_END,1516293018208,67
226,WS_SEND_START,1516293018208,67
226,WS_SEND_END,1516293018208,67
226,WS_RECV_START,1516293018208,68
226,WS_RECV_END,1516293018491,68
226,PLAYER_SLEEPBEFORE_START,1516293018491,69
226,PLAYER_SLEEPBEFORE_END,1516293040489,69
226,WS_SEND_START,1516293040489,69
226,WS_SEND_END,1516293040489,69
226,WS_RECV_START,1516293040489,70
226,WS_RECV_END,1516293041224,70
226,PLAYER_SLEEPBEFORE_START,1516293041224,71
226,PLAYER_SLEEPBEFORE_END,1516293065999,71
226,WS_SEND_START,1516293065999,71
226,WS_SEND_END,1516293065999,71
226,PLAYER_SLEEPBEFORE_START,1516293065999,72
226,PLAYER_SLEEPBEFORE_END,1516293068606,72
226,WS_SEND_START,1516293068606,72
226,WS_SEND_END,1516293068607,72
226,WS_RECV_START,1516293068607,73
226,WS_RECV_END,1516293068919,73
226,PLAYER_SLEEPBEFORE_START,1516293068919,74
226,PLAYER_SLEEPBEFORE_END,1516293068928,74
226,WS_SEND_START,1516293068928,74
226,WS_SEND_END,1516293068928,74
226,WS_RECV_START,1516293068928,75
226,WS_RECV_END,1516293069232,75
226,PLAYER_SLEEPBEFORE_START,1516293069232,76
226,PLAYER_SLEEPBEFORE_END,1516293070738,76
226,WS_SEND_START,1516293070738,76
226,WS_SEND_END,1516293070738,76
226,WS_RECV_START,1516293070738,77
226,WS_RECV_END,1516293070826,77
226,PLAYER_SLEEPBEFORE_START,1516293070826,78
226,PLAYER_SLEEPBEFORE_END,1516293071694,78
226,WS_SEND_START,1516293071694,78
226,WS_SEND_END,1516293071694,78
226,WS_RECV_START,1516293071694,79
226,WS_RECV_END,1516293071753,79
226,PLAYER_SLEEPBEFORE_START,1516293071753,80
226,PLAYER_SLEEPBEFORE_END,1516293079420,80
226,WS_SEND_START,1516293079420,80
226,WS_SEND_END,1516293079420,80
226,WS_RECV_START,1516293079420,81
226,WS_RECV_END,1516293079677,81
226,PLAYER_SLEEPBEFORE_START,1516293079677,82
226,PLAYER_SLEEPBEFORE_END,1516293080779,82
226,WS_SEND_START,1516293080779,82
226,WS_SEND_END,1516293080779,82
226,WS_RECV_START,1516293080779,83
226,WS_RECV_END,1516293080821,83
226,PLAYER_SLEEPBEFORE_START,1516293080821,84
226,PLAYER_SLEEPBEFORE_END,1516293081768,84
226,WS_SEND_START,1516293081768,84
226,WS_SEND_END,1516293081768,84
226,WS_RECV_START,1516293081768,85
226,WS_RECV_END,1516293082074,85
226,PLAYER_SLEEPBEFORE_START,1516293082074,86
226,PLAYER_SLEEPBEFORE_END,1516293086246,86
226,WS_SEND_START,1516293086246,86
226,WS_SEND_END,1516293086246,86
226,WS_RECV_START,1516293086246,87
226,WS_RECV_END,1516293086807,87
226,PLAYER_SLEEPBEFORE_START,1516293086807,88
226,PLAYER_SLEEPBEFORE_END,1516293086815,88
226,WS_SEND_START,1516293086815,88
226,WS_SEND_END,1516293086815,88
226,WS_RECV_START,1516293086815,89
226,WS_RECV_END,1516293087536,89
226,PLAYER_SLEEPBEFORE_START,1516293087536,90
226,PLAYER_SLEEPBEFORE_END,1516293114733,90
226,REQ_START,1516293114733,90
226,REQ_END,1516293114741,90
226,PLAYER_SLEEPBEFORE_START,1516293114741,91
226,PLAYER_SLEEPBEFORE_END,1516293122630,91
226,WS_SEND_START,1516293122630,91
226,WS_SEND_END,1516293122630,91
226,WS_RECV_START,1516293122630,92
226,WS_RECV_END,1516293123574,92
226,PLAYER_SLEEPBEFORE_START,1516293123574,93
226,PLAYER_SLEEPBEFORE_END,1516293123589,93
226,WS_SEND_START,1516293123589,93
226,WS_SEND_END,1516293123589,93
226,WS_RECV_START,1516293123589,94
226,WS_RECV_END,1516293124323,94
226,PLAYER_SLEEPBEFORE_START,1516293124323,95
226,PLAYER_SLEEPBEFORE_END,1516293147878,95
226,WS_SEND_START,1516293147878,95
226,WS_SEND_END,1516293147878,95
226,WS_RECV_START,1516293147878,96
226,WS_RECV_END,1516293149094,96
226,PLAYER_SLEEPBEFORE_START,1516293149094,97
226,PLAYER_SLEEPBEFORE_END,1516293171534,97
226,WS_SEND_START,1516293171534,97
226,WS_SEND_END,1516293171534,97
226,WS_RECV_START,1516293171534,98
226,WS_RECV_END,1516293172873,98
226,PLAYER_SLEEPBEFORE_START,1516293172873,99
226,PLAYER_SLEEPBEFORE_END,1516293172895,99
226,WS_SEND_START,1516293172895,99
226,WS_SEND_END,1516293172895,99
226,WS_RECV_START,1516293172895,100
226,WS_RECV_END,1516293173773,100
226,PLAYER_SLEEPBEFORE_START,1516293173773,101
226,PLAYER_SLEEPBEFORE_END,1516293197332,101
226,WS_SEND_START,1516293197332,101
226,WS_SEND_END,1516293197332,101
226,WS_RECV_START,1516293197332,102
226,WS_RECV_END,1516293198641,102
226,PLAYER_SLEEPBEFORE_START,1516293198641,103
226,PLAYER_SLEEPBEFORE_END,1516293222266,103
226,WS_SEND_START,1516293222266,103
226,WS_SEND_END,1516293222266,103
226,WS_RECV_START,1516293222266,104
226,WS_RECV_END,1516293224043,104
226,PLAYER_SLEEPBEFORE_START,1516293224043,105
226,PLAYER_SLEEPBEFORE_END,1516293249420,105
226,WS_SEND_START,1516293249420,105
226,WS_SEND_END,1516293249420,105
226,WS_RECV_START,1516293249420,106
226,WS_RECV_END,1516293251809,106
226,PLAYER_SLEEPBEFORE_START,1516293251809,107
226,PLAYER_SLEEPBEFORE_END,1516293275232,107
226,WS_SEND_START,1516293275232,107
226,WS_SEND_END,1516293275232,107
226,WS_RECV_START,1516293275232,108
226,WS_RECV_END,1516293277716,108
226,PLAYER_SLEEPBEFORE_START,1516293277716,109
226,PLAYER_SLEEPBEFORE_END,1516293277726,109
226,WS_SEND_START,1516293277726,109
226,WS_SEND_END,1516293277726,109
226,WS_RECV_START,1516293277726,110
226,WS_RECV_END,1516293279097,110
226,PLAYER_SLEEPBEFORE_START,1516293279097,111
226,PLAYER_SLEEPBEFORE_END,1516293280056,111
226,WS_SEND_START,1516293280056,111
226,WS_SEND_END,1516293280056,111
226,WS_RECV_START,1516293280056,112
226,WS_RECV_END,1516293280644,112
226,PLAYER_SLEEPBEFORE_START,1516293280644,113
226,PLAYER_SLEEPBEFORE_END,1516293281206,113
226,WS_SEND_START,1516293281206,113
226,WS_SEND_END,1516293281207,113
226,WS_RECV_START,1516293281207,114
226,WS_RECV_END,1516293282334,114
226,PLAYER_SLEEPBEFORE_START,1516293282334,115
226,PLAYER_SLEEPBEFORE_END,1516293282344,115
226,WS_SEND_START,1516293282344,115
226,WS_SEND_END,1516293282344,115
226,WS_RECV_START,1516293282344,116
226,WS_RECV_END,1516293284158,116
226,PLAYER_SLEEPBEFORE_START,1516293284158,117
226,PLAYER_SLEEPBEFORE_END,1516293304518,117
226,WS_SEND_START,1516293304518,117
226,WS_SEND_END,1516293304518,117
226,PLAYER_SLEEPBEFORE_START,1516293304518,118
226,PLAYER_SLEEPBEFORE_END,1516293308270,118
226,WS_SEND_START,1516293308270,118
226,WS_SEND_END,1516293308270,118
226,WS_RECV_START,1516293308270,119
226,WS_RECV_END,1516293311228,119
226,PLAYER_SLEEPBEFORE_START,1516293311228,120
226,PLAYER_SLEEPBEFORE_END,1516293312216,120
226,WS_SEND_START,1516293312216,120
226,WS_SEND_END,1516293312216,120
226,WS_RECV_START,1516293312216,121
226,WS_RECV_END,1516293315559,121
226,PLAYER_SLEEPBEFORE_START,1516293315559,122
226,PLAYER_SLEEPBEFORE_END,1516293316744,122
226,WS_SEND_START,1516293316744,122
226,WS_SEND_END,1516293316744,122
226,WS_RECV_START,1516293316744,123
226,WS_RECV_END,1516293319036,123
226,PLAYER_SLEEPBEFORE_START,1516293319036,124
226,PLAYER_SLEEPBEFORE_END,1516293343441,124
226,WS_SEND_START,1516293343441,124
226,WS_SEND_END,1516293343441,124
226,WS_RECV_START,1516293343441,125
226,WS_RECV_END,1516293344757,125
226,PLAYER_SLEEPBEFORE_START,1516293344757,126
226,PLAYER_SLEEPBEFORE_END,1516293365269,126
226,WS_SEND_START,1516293365269,126
226,WS_SEND_END,1516293365269,126
226,PLAYER_SLEEPBEFORE_START,1516293365269,127
226,PLAYER_SLEEPBEFORE_END,1516293368323,127
226,WS_SEND_START,1516293368323,127
226,WS_SEND_END,1516293368323,127
226,WS_RECV_START,1516293368323,128
226,WS_RECV_END,1516293370155,128
226,PLAYER_SLEEPBEFORE_START,1516293370155,129
226,PLAYER_SLEEPBEFORE_END,1516293370175,129
226,WS_SEND_START,1516293370175,129
226,WS_SEND_END,1516293370175,129
226,WS_RECV_START,1516293370175,130
226,WS_RECV_END,1516293371420,130
226,PLAYER_SLEEPBEFORE_START,1516293371420,131
226,PLAYER_SLEEPBEFORE_END,1516293393044,131
226,WS_SEND_START,1516293393044,131
226,WS_SEND_END,1516293393044,131
226,PLAYER_SLEEPBEFORE_START,1516293393044,132
226,PLAYER_SLEEPBEFORE_END,1516293396124,132
226,WS_SEND_START,1516293396124,132
226,WS_SEND_END,1516293396124,132
226,WS_RECV_START,1516293396124,133
226,WS_RECV_END,1516293397459,133
226,PLAYER_SLEEPBEFORE_START,1516293397459,134
226,PLAYER_SLEEPBEFORE_END,1516293418676,134
226,WS_SEND_START,1516293418676,134
226,WS_SEND_END,1516293418676,134
226,PLAYER_SLEEPBEFORE_START,1516293418676,135
226,PLAYER_SLEEPBEFORE_END,1516293421866,135
226,WS_SEND_START,1516293421866,135
226,WS_SEND_END,1516293421866,135
226,WS_RECV_START,1516293421866,136
226,WS_RECV_END,1516293422114,136
226,PLAYER_SLEEPBEFORE_START,1516293422114,137
226,PLAYER_SLEEPBEFORE_END,1516293422121,137
226,WS_SEND_START,1516293422121,137
226,WS_SEND_END,1516293422121,137
226,WS_RECV_START,1516293422121,138
226,WS_RECV_END,1516293423634,138
226,PLAYER_SLEEPBEFORE_START,1516293423634,139
226,PLAYER_SLEEPBEFORE_END,1516293424324,139
226,WS_SEND_START,1516293424324,139
226,WS_SEND_END,1516293424324,139
226,WS_RECV_START,1516293424324,140
226,WS_RECV_END,1516293426434,140
226,PLAYER_SLEEPBEFORE_START,1516293426434,141
226,PLAYER_SLEEPBEFORE_END,1516293427089,141
226,WS_SEND_START,1516293427089,141
226,WS_SEND_END,1516293427089,141
226,WS_RECV_START,1516293427089,142
226,WS_RECV_END,1516293429375,142
226,PLAYER_SLEEPBEFORE_START,1516293429376,143
226,PLAYER_SLEEPBEFORE_END,1516293429433,143
226,WS_SEND_START,1516293429433,143
226,WS_SEND_END,1516293429433,143
226,WS_RECV_START,1516293429433,144
226,WS_RECV_END,1516293431947,144
226,PLAYER_SLEEPBEFORE_START,1516293431947,145
226,PLAYER_SLEEPBEFORE_END,1516293448009,145
226,REQ_START,1516293448009,145
226,REQ_END,1516293448036,145
226,PLAYER_SLEEPBEFORE_START,1516293448036,146
226,PLAYER_SLEEPBEFORE_END,1516293456913,146
226,WS_SEND_START,1516293456913,146
226,WS_SEND_END,1516293456913,146
226,WS_RECV_START,1516293456913,147
226,WS_RECV_END,1516293459553,147
226,PLAYER_SLEEPBEFORE_START,1516293459553,148
226,PLAYER_SLEEPBEFORE_END,1516293481475,148
226,WS_SEND_START,1516293481475,148
226,WS_SEND_END,1516293481475,148
226,PLAYER_SLEEPBEFORE_START,1516293481475,149
226,PLAYER_SLEEPBEFORE_END,1516293483903,149
226,WS_SEND_START,1516293483903,149
226,WS_SEND_END,1516293483903,149
226,WS_RECV_START,1516293483903,150
226,WS_RECV_END,1516293484146,150
226,PLAYER_SLEEPBEFORE_START,1516293484146,151
226,PLAYER_SLEEPBEFORE_END,1516293484356,151
226,WS_SEND_START,1516293484356,151
226,WS_SEND_END,1516293484356,151
226,WS_RECV_START,1516293484356,152
226,WS_RECV_END,1516293485949,152
226,PLAYER_SLEEPBEFORE_START,1516293485949,153
226,PLAYER_SLEEPBEFORE_END,1516293509876,153
226,WS_SEND_START,1516293509876,153
226,WS_SEND_END,1516293509876,153
226,WS_RECV_START,1516293509876,154
226,WS_RECV_END,1516293514615,154
226,PLAYER_SLEEPBEFORE_START,1516293514615,155
226,PLAYER_SLEEPBEFORE_END,1516293537173,155
226,WS_SEND_START,1516293537174,155
226,WS_SEND_END,1516293537174,155
226,PLAYER_SLEEPBEFORE_START,1516293537174,156
226,PLAYER_SLEEPBEFORE_END,1516293540448,156
226,WS_SEND_START,1516293540448,156
226,WS_SEND_END,1516293540448,156
226,WS_RECV_START,1516293540448,157
226,WS_RECV_END,1516293543176,157
226,PLAYER_SLEEPBEFORE_START,1516293543176,158
226,PLAYER_SLEEPBEFORE_END,1516293543186,158
226,WS_SEND_START,1516293543186,158
226,WS_SEND_END,1516293543186,158
226,WS_RECV_START,1516293543186,159
226,WS_RECV_END,1516293545270,159
226,PLAYER_SLEEPBEFORE_START,1516293545270,160
226,PLAYER_SLEEPBEFORE_END,1516293545445,160
226,WS_SEND_START,1516293545445,160
226,WS_SEND_END,1516293545445,160
226,WS_RECV_START,1516293545445,161
226,WS_RECV_END,1516293548904,161
226,PLAYER_SLEEPBEFORE_START,1516293548904,162
226,PLAYER_SLEEPBEFORE_END,1516293548929,162
226,WS_SEND_START,1516293548929,162
226,WS_SEND_END,1516293548929,162
226,WS_RECV_START,1516293548929,163
226,WS_RECV_END,1516293553159,163
226,PLAYER_SLEEPBEFORE_START,1516293553159,164
226,PLAYER_SLEEPBEFORE_END,1516293573971,164
226,WS_SEND_START,1516293573971,164
226,WS_SEND_END,1516293573971,164
226,WS_RECV_START,1516293573971,165
226,WS_RECV_END,1516293579420,165
226,PLAYER_SLEEPBEFORE_START,1516293579420,166
226,PLAYER_SLEEPBEFORE_END,1516293601875,166
226,WS_SEND_START,1516293601875,166
226,WS_SEND_END,1516293601875,166
226,WS_RECV_START,1516293601875,167
226,WS_RECV_END,1516293607569,167
226,PLAYER_SLEEPBEFORE_START,1516293607569,168
226,PLAYER_SLEEPBEFORE_END,1516293634926,168
226,WS_SEND_START,1516293634926,168
226,WS_SEND_END,1516293634926,168
226,WS_RECV_START,1516293634926,169
226,WS_RECV_END,1516293638277,169
226,PLAYER_SLEEPBEFORE_START,1516293638277,170
226,PLAYER_SLEEPBEFORE_END,1516293638287,170
226,WS_SEND_START,1516293638287,170
226,WS_SEND_END,1516293638287,170
226,WS_RECV_START,1516293638287,171
226,WS_RECV_END,1516293640026,171
226,PLAYER_SLEEPBEFORE_START,1516293640026,172
226,PLAYER_SLEEPBEFORE_END,1516293640395,172
226,WS_SEND_START,1516293640395,172
226,WS_SEND_END,1516293640395,172
226,WS_RECV_START,1516293640395,173
226,WS_RECV_END,1516293643949,173
226,PLAYER_SLEEPBEFORE_START,1516293643949,174
226,PLAYER_SLEEPBEFORE_END,1516293643990,174
226,WS_SEND_START,1516293643990,174
226,WS_SEND_END,1516293643990,174
226,WS_RECV_START,1516293643990,175
226,WS_RECV_END,1516293646515,175
226,PLAYER_SLEEPBEFORE_START,1516293646515,176
226,PLAYER_SLEEPBEFORE_END,1516293668276,176
226,WS_SEND_START,1516293668276,176
226,WS_SEND_END,1516293668276,176
226,PLAYER_SLEEPBEFORE_START,1516293668276,177
226,PLAYER_SLEEPBEFORE_END,1516293670794,177
226,WS_SEND_START,1516293670794,177
226,WS_SEND_END,1516293670794,177
226,WS_RECV_START,1516293670794,178
226,WS_RECV_END,1516293674174,178
226,PLAYER_SLEEPBEFORE_START,1516293674174,179
226,PLAYER_SLEEPBEFORE_END,1516293696514,179
226,WS_SEND_START,1516293696514,179
226,WS_SEND_END,1516293696514,179
226,WS_RECV_START,1516293696514,180
226,WS_RECV_END,1516293699976,180
226,PLAYER_SLEEPBEFORE_START,1516293699976,181
226,PLAYER_SLEEPBEFORE_END,1516293700424,181
226,WS_SEND_START,1516293700424,181
226,WS_SEND_END,1516293700424,181
226,WS_RECV_START,1516293700424,182
226,WS_RECV_END,1516293702107,182
226,PLAYER_SLEEPBEFORE_START,1516293702107,183
226,PLAYER_SLEEPBEFORE_END,1516293702631,183
226,WS_SEND_START,1516293702631,183
226,WS_SEND_END,1516293702631,183
226,WS_RECV_START,1516293702631,184
226,WS_RECV_END,1516293704539,184
226,PLAYER_SLEEPBEFORE_START,1516293704539,185
226,PLAYER_SLEEPBEFORE_END,1516293704807,185
226,WS_SEND_START,1516293704807,185
226,WS_SEND_END,1516293704807,185
226,WS_RECV_START,1516293704807,186
226,WS_RECV_END,1516293706920,186
226,PLAYER_SLEEPBEFORE_START,1516293706920,187
226,PLAYER_SLEEPBEFORE_END,1516293729420,187
226,WS_SEND_START,1516293729420,187
226,WS_SEND_END,1516293729420,187
226,WS_RECV_START,1516293729420,188
226,WS_RECV_END,1516293730297,188
226,PLAYER_SLEEPBEFORE_START,1516293730297,189
226,PLAYER_SLEEPBEFORE_END,1516293736536,189
226,WS_SEND_START,1516293736536,189
226,WS_SEND_END,1516293736536,189
226,WS_RECV_START,1516293736536,190
226,WS_RECV_END,1516293738006,190
226,PLAYER_SLEEPBEFORE_START,1516293738006,191
226,PLAYER_SLEEPBEFORE_END,1516293739921,191
226,WS_SEND_START,1516293739921,191
226,WS_SEND_END,1516293739921,191
226,WS_RECV_START,1516293739921,192
226,WS_RECV_END,1516293741158,192
226,PLAYER_SLEEPBEFORE_START,1516293741158,193
226,PLAYER_SLEEPBEFORE_END,1516293741286,193
226,WS_SEND_START,1516293741286,193
226,WS_SEND_END,1516293741286,193
226,WS_RECV_START,1516293741286,194
226,WS_RECV_END,1516293742192,194
226,PLAYER_SLEEPBEFORE_START,1516293742192,195
226,PLAYER_SLEEPBEFORE_END,1516293743947,195
226,WS_SEND_START,1516293743947,195
226,WS_SEND_END,1516293743947,195
226,WS_RECV_START,1516293743947,196
226,WS_RECV_END,1516293745681,196
226,PLAYER_SLEEPBEFORE_START,1516293745681,197
226,PLAYER_SLEEPBEFORE_END,1516293747485,197
226,WS_SEND_START,1516293747485,197
226,WS_SEND_END,1516293747485,197
226,WS_RECV_START,1516293747485,198
226,WS_RECV_END,1516293749527,198
226,PLAYER_SLEEPBEFORE_START,1516293749527,199
226,PLAYER_SLEEPBEFORE_END,1516293761381,199
226,WS_SEND_START,1516293761381,199
226,WS_SEND_END,1516293761381,199
226,PLAYER_SLEEPBEFORE_START,1516293761381,200
226,PLAYER_SLEEPBEFORE_END,1516293765469,200
226,WS_SEND_START,1516293765469,200
226,WS_SEND_END,1516293765469,200
226,WS_RECV_START,1516293765469,201
226,WS_RECV_END,1516293766158,201
226,PLAYER_SLEEPBEFORE_START,1516293766159,202
226,PLAYER_SLEEPBEFORE_END,1516293766173,202
226,WS_SEND_START,1516293766173,202
226,WS_SEND_END,1516293766173,202
226,WS_RECV_START,1516293766173,203
226,WS_RECV_END,1516293766771,203
226,PLAYER_SLEEPBEFORE_START,1516293766771,204
226,PLAYER_SLEEPBEFORE_END,1516293786420,204
226,WS_SEND_START,1516293786420,204
226,WS_SEND_END,1516293786420,204
226,PLAYER_SLEEPBEFORE_START,1516293786420,205
226,PLAYER_SLEEPBEFORE_END,1516293790318,205
226,WS_SEND_START,1516293790318,205
226,WS_SEND_END,1516293790318,205
226,WS_RECV_START,1516293790318,206
226,WS_RECV_END,1516293790899,206
226,PLAYER_SLEEPBEFORE_START,1516293790899,207
226,PLAYER_SLEEPBEFORE_END,1516293807830,207
226,REQ_START,1516293807830,207
226,REQ_END,1516293807838,207
226,PLAYER_SLEEPBEFORE_START,1516293807838,208
226,PLAYER_SLEEPBEFORE_END,1516293814691,208
226,WS_CLOSE_START,1516293814691,208
226,WS_CLOSE_END,1516293814691,208
226,PLAYER_DONE,1516293814691
