# --sessions 630 --app-url=http://shinyloadtest.rstudioservices.com/cran_explorer --output-dir test630 --overwrite-output --log-level warn --start-interval 800 15min.log
thread_id,event,timestamp,input_line_number,comment
24,PLAYER_SESSION_CREATE,1516292633429
24,PLAYER_START_INTERVAL_START,1516292633429
24,PLAYER_START_INTERVAL_END,1516292652629
24,REQ_HOME_START,1516292652630,2
24,REQ_HOME_END,1516292652708,2
24,REQ_START,1516292652708,3
24,REQ_END,1516292652739,3
24,REQ_START,1516292652739,4
24,REQ_END,1516292652769,4
24,REQ_START,1516292652769,5
24,REQ_END,1516292652802,5
24,REQ_START,1516292652802,6
24,REQ_END,1516292652835,6
24,REQ_START,1516292652835,7
24,REQ_END,1516292652864,7
24,REQ_START,1516292652864,8
24,REQ_END,1516292652899,8
24,REQ_START,1516292652899,9
24,REQ_END,1516292652934,9
24,REQ_START,1516292652934,10
24,REQ_END,1516292652943,10
24,REQ_START,1516292652943,11
24,REQ_END,1516292652973,11
24,REQ_START,1516292652973,12
24,REQ_END,1516292652983,12
24,REQ_START,1516292652983,13
24,REQ_END,1516292653016,13
24,REQ_START,1516292653016,14
24,REQ_END,1516292653030,14
24,REQ_START,1516292653030,15
24,REQ_END,1516292653064,15
24,REQ_TOK_START,1516292653064,16
24,REQ_TOK_END,1516292653072,16
24,REQ_SINF_START,1516292653072,17
24,REQ_SINF_END,1516292653079,17
24,WS_OPEN_START,1516292653079,18
24,WS_OPEN_END,1516292653086,18
24,REQ_START,1516292653086,19
24,REQ_END,1516292653118,19
24,WS_RECV_START,1516292653118,20
24,WS_RECV_END,1516292653118,20
24,PLAYER_SLEEPBEFORE_START,1516292653118,21
24,PLAYER_SLEEPBEFORE_END,1516292653123,21
24,WS_SEND_START,1516292653123,21
24,WS_SEND_END,1516292653123,21
24,PLAYER_SLEEPBEFORE_START,1516292653123,22
24,PLAYER_SLEEPBEFORE_END,1516292653126,22
24,WS_SEND_START,1516292653126,22
24,WS_SEND_END,1516292653126,22
24,WS_RECV_INIT_START,1516292653126,23
24,WS_RECV_INIT_END,1516292653142,23
24,WS_RECV_START,1516292653142,24
24,WS_RECV_END,1516292653189,24
24,PLAYER_SLEEPBEFORE_START,1516292653189,25
24,PLAYER_SLEEPBEFORE_END,1516292653196,25
24,REQ_START,1516292653196,25
24,REQ_END,1516292653226,25
24,PLAYER_SLEEPBEFORE_START,1516292653227,26
24,PLAYER_SLEEPBEFORE_END,1516292653228,26
24,REQ_START,1516292653228,26
24,REQ_END,1516292653258,26
24,PLAYER_SLEEPBEFORE_START,1516292653258,27
24,PLAYER_SLEEPBEFORE_END,1516292653261,27
24,REQ_START,1516292653261,27
24,REQ_END,1516292653292,27
24,PLAYER_SLEEPBEFORE_START,1516292653292,28
24,PLAYER_SLEEPBEFORE_END,1516292653577,28
24,REQ_START,1516292653578,28
24,REQ_END,1516292653607,28
24,PLAYER_SLEEPBEFORE_START,1516292653607,29
24,PLAYER_SLEEPBEFORE_END,1516292653783,29
24,WS_SEND_START,1516292653783,29
24,WS_SEND_END,1516292653783,29
24,WS_RECV_START,1516292653783,30
24,WS_RECV_END,1516292653887,30
24,PLAYER_SLEEPBEFORE_START,1516292653887,31
24,PLAYER_SLEEPBEFORE_END,1516292653898,31
24,REQ_START,1516292653898,31
24,REQ_END,1516292653931,31
24,PLAYER_SLEEPBEFORE_START,1516292653931,32
24,PLAYER_SLEEPBEFORE_END,1516292682077,32
24,WS_SEND_START,1516292682077,32
24,WS_SEND_END,1516292682077,32
24,WS_RECV_START,1516292682077,33
24,WS_RECV_END,1516292682174,33
24,PLAYER_SLEEPBEFORE_START,1516292682174,34
24,PLAYER_SLEEPBEFORE_END,1516292708085,34
24,WS_SEND_START,1516292708085,34
24,WS_SEND_END,1516292708085,34
24,WS_RECV_START,1516292708085,35
24,WS_RECV_END,1516292708108,35
24,PLAYER_SLEEPBEFORE_START,1516292708108,36
24,PLAYER_SLEEPBEFORE_END,1516292708117,36
24,WS_SEND_START,1516292708117,36
24,WS_SEND_END,1516292708117,36
24,WS_RECV_START,1516292708117,37
24,WS_RECV_END,1516292708156,37
24,PLAYER_SLEEPBEFORE_START,1516292708156,38
24,PLAYER_SLEEPBEFORE_END,1516292711351,38
24,WS_SEND_START,1516292711351,38
24,WS_SEND_END,1516292711351,38
24,WS_RECV_START,1516292711351,39
24,WS_RECV_END,1516292711461,39
24,PLAYER_SLEEPBEFORE_START,1516292711461,40
24,PLAYER_SLEEPBEFORE_END,1516292711507,40
24,WS_SEND_START,1516292711507,40
24,WS_SEND_END,1516292711507,40
24,WS_RECV_START,1516292711507,41
24,WS_RECV_END,1516292711608,41
24,PLAYER_SLEEPBEFORE_START,1516292711608,42
24,PLAYER_SLEEPBEFORE_END,1516292729743,42
24,WS_SEND_START,1516292729743,42
24,WS_SEND_END,1516292729743,42
24,WS_RECV_START,1516292729743,43
24,WS_RECV_END,1516292729769,43
24,PLAYER_SLEEPBEFORE_START,1516292729769,44
24,PLAYER_SLEEPBEFORE_END,1516292729781,44
24,WS_SEND_START,1516292729781,44
24,WS_SEND_END,1516292729781,44
24,WS_RECV_START,1516292729781,45
24,WS_RECV_END,1516292729832,45
24,PLAYER_SLEEPBEFORE_START,1516292729832,46
24,PLAYER_SLEEPBEFORE_END,1516292731092,46
24,WS_SEND_START,1516292731092,46
24,WS_SEND_END,1516292731092,46
24,WS_RECV_START,1516292731092,47
24,WS_RECV_END,1516292731113,47
24,PLAYER_SLEEPBEFORE_START,1516292731113,48
24,PLAYER_SLEEPBEFORE_END,1516292732433,48
24,WS_SEND_START,1516292732433,48
24,WS_SEND_END,1516292732433,48
24,WS_RECV_START,1516292732433,49
24,WS_RECV_END,1516292732519,49
24,PLAYER_SLEEPBEFORE_START,1516292732519,50
24,PLAYER_SLEEPBEFORE_END,1516292732543,50
24,WS_SEND_START,1516292732543,50
24,WS_SEND_END,1516292732543,50
24,WS_RECV_START,1516292732543,51
24,WS_RECV_END,1516292732662,51
24,PLAYER_SLEEPBEFORE_START,1516292732662,52
24,PLAYER_SLEEPBEFORE_END,1516292755227,52
24,WS_SEND_START,1516292755227,52
24,WS_SEND_END,1516292755227,52
24,WS_RECV_START,1516292755227,53
24,WS_RECV_END,1516292755341,53
24,PLAYER_SLEEPBEFORE_START,1516292755341,54
24,PLAYER_SLEEPBEFORE_END,1516292776644,54
24,WS_SEND_START,1516292776644,54
24,WS_SEND_END,1516292776644,54
24,PLAYER_SLEEPBEFORE_START,1516292776644,55
24,PLAYER_SLEEPBEFORE_END,1516292778585,55
24,WS_SEND_START,1516292778585,55
24,WS_SEND_END,1516292778585,55
24,WS_RECV_START,1516292778585,56
24,WS_RECV_END,1516292778631,56
24,PLAYER_SLEEPBEFORE_START,1516292778631,57
24,PLAYER_SLEEPBEFORE_END,1516292801503,57
24,WS_SEND_START,1516292801503,57
24,WS_SEND_END,1516292801503,57
24,WS_RECV_START,1516292801503,58
24,WS_RECV_END,1516292801574,58
24,PLAYER_SLEEPBEFORE_START,1516292801574,59
24,PLAYER_SLEEPBEFORE_END,1516292803901,59
24,WS_SEND_START,1516292803901,59
24,WS_SEND_END,1516292803901,59
24,WS_RECV_START,1516292803901,60
24,WS_RECV_END,1516292804004,60
24,PLAYER_SLEEPBEFORE_START,1516292804004,61
24,PLAYER_SLEEPBEFORE_END,1516292807595,61
24,WS_SEND_START,1516292807595,61
24,WS_SEND_END,1516292807595,61
24,WS_RECV_START,1516292807595,62
24,WS_RECV_END,1516292807673,62
24,PLAYER_SLEEPBEFORE_START,1516292807673,63
24,PLAYER_SLEEPBEFORE_END,1516292826936,63
24,WS_SEND_START,1516292826936,63
24,WS_SEND_END,1516292826936,63
24,WS_RECV_START,1516292826936,64
24,WS_RECV_END,1516292826977,64
24,PLAYER_SLEEPBEFORE_START,1516292826977,65
24,PLAYER_SLEEPBEFORE_END,1516292853794,65
24,WS_SEND_START,1516292853794,65
24,WS_SEND_END,1516292853794,65
24,WS_RECV_START,1516292853794,66
24,WS_RECV_END,1516292853890,66
24,PLAYER_SLEEPBEFORE_START,1516292853890,67
24,PLAYER_SLEEPBEFORE_END,1516292855397,67
24,WS_SEND_START,1516292855397,67
24,WS_SEND_END,1516292855397,67
24,WS_RECV_START,1516292855397,68
24,WS_RECV_END,1516292855487,68
24,PLAYER_SLEEPBEFORE_START,1516292855487,69
24,PLAYER_SLEEPBEFORE_END,1516292877485,69
24,WS_SEND_START,1516292877485,69
24,WS_SEND_END,1516292877485,69
24,WS_RECV_START,1516292877485,70
24,WS_RECV_END,1516292877674,70
24,PLAYER_SLEEPBEFORE_START,1516292877674,71
24,PLAYER_SLEEPBEFORE_END,1516292902449,71
24,WS_SEND_START,1516292902449,71
24,WS_SEND_END,1516292902449,71
24,PLAYER_SLEEPBEFORE_START,1516292902449,72
24,PLAYER_SLEEPBEFORE_END,1516292905057,72
24,WS_SEND_START,1516292905057,72
24,WS_SEND_END,1516292905057,72
24,WS_RECV_START,1516292905057,73
24,WS_RECV_END,1516292905194,73
24,PLAYER_SLEEPBEFORE_START,1516292905194,74
24,PLAYER_SLEEPBEFORE_END,1516292905203,74
24,WS_SEND_START,1516292905203,74
24,WS_SEND_END,1516292905203,74
24,WS_RECV_START,1516292905203,75
24,WS_RECV_END,1516292905260,75
24,PLAYER_SLEEPBEFORE_START,1516292905260,76
24,PLAYER_SLEEPBEFORE_END,1516292906766,76
24,WS_SEND_START,1516292906766,76
24,WS_SEND_END,1516292906766,76
24,WS_RECV_START,1516292906766,77
24,WS_RECV_END,1516292906833,77
24,PLAYER_SLEEPBEFORE_START,1516292906833,78
24,PLAYER_SLEEPBEFORE_END,1516292907702,78
24,WS_SEND_START,1516292907702,78
24,WS_SEND_END,1516292907702,78
24,WS_RECV_START,1516292907702,79
24,WS_RECV_END,1516292907819,79
24,PLAYER_SLEEPBEFORE_START,1516292907819,80
24,PLAYER_SLEEPBEFORE_END,1516292915485,80
24,WS_SEND_START,1516292915485,80
24,WS_SEND_END,1516292915485,80
24,WS_RECV_START,1516292915485,81
24,WS_RECV_END,1516292915536,81
24,PLAYER_SLEEPBEFORE_START,1516292915536,82
24,PLAYER_SLEEPBEFORE_END,1516292916638,82
24,WS_SEND_START,1516292916638,82
24,WS_SEND_END,1516292916638,82
24,WS_RECV_START,1516292916638,83
24,WS_RECV_END,1516292916673,83
24,PLAYER_SLEEPBEFORE_START,1516292916673,84
24,PLAYER_SLEEPBEFORE_END,1516292917620,84
24,WS_SEND_START,1516292917620,84
24,WS_SEND_END,1516292917620,84
24,WS_RECV_START,1516292917620,85
24,WS_RECV_END,1516292917794,85
24,PLAYER_SLEEPBEFORE_START,1516292917794,86
24,PLAYER_SLEEPBEFORE_END,1516292921966,86
24,WS_SEND_START,1516292921966,86
24,WS_SEND_END,1516292921966,86
24,WS_RECV_START,1516292921966,87
24,WS_RECV_END,1516292922064,87
24,PLAYER_SLEEPBEFORE_START,1516292922064,88
24,PLAYER_SLEEPBEFORE_END,1516292922072,88
24,WS_SEND_START,1516292922072,88
24,WS_SEND_END,1516292922072,88
24,WS_RECV_START,1516292922072,89
24,WS_RECV_END,1516292922190,89
24,PLAYER_SLEEPBEFORE_START,1516292922190,90
24,PLAYER_SLEEPBEFORE_END,1516292949387,90
24,REQ_START,1516292949387,90
24,REQ_END,1516292949394,90
24,PLAYER_SLEEPBEFORE_START,1516292949394,91
24,PLAYER_SLEEPBEFORE_END,1516292957283,91
24,WS_SEND_START,1516292957283,91
24,WS_SEND_END,1516292957283,91
24,WS_RECV_START,1516292957283,92
24,WS_RECV_END,1516292957425,92
24,PLAYER_SLEEPBEFORE_START,1516292957425,93
24,PLAYER_SLEEPBEFORE_END,1516292957440,93
24,WS_SEND_START,1516292957440,93
24,WS_SEND_END,1516292957440,93
24,WS_RECV_START,1516292957440,94
24,WS_RECV_END,1516292957669,94
24,PLAYER_SLEEPBEFORE_START,1516292957669,95
24,PLAYER_SLEEPBEFORE_END,1516292981224,95
24,WS_SEND_START,1516292981224,95
24,WS_SEND_END,1516292981224,95
24,WS_RECV_START,1516292981224,96
24,WS_RECV_END,1516292981401,96
24,PLAYER_SLEEPBEFORE_START,1516292981401,97
24,PLAYER_SLEEPBEFORE_END,1516293003841,97
24,WS_SEND_START,1516293003841,97
24,WS_SEND_END,1516293003841,97
24,WS_RECV_START,1516293003841,98
24,WS_RECV_END,1516293004034,98
24,PLAYER_SLEEPBEFORE_START,1516293004034,99
24,PLAYER_SLEEPBEFORE_END,1516293004055,99
24,WS_SEND_START,1516293004055,99
24,WS_SEND_END,1516293004055,99
24,WS_RECV_START,1516293004055,100
24,WS_RECV_END,1516293004244,100
24,PLAYER_SLEEPBEFORE_START,1516293004244,101
24,PLAYER_SLEEPBEFORE_END,1516293027803,101
24,WS_SEND_START,1516293027803,101
24,WS_SEND_END,1516293027803,101
24,WS_RECV_START,1516293027803,102
24,WS_RECV_END,1516293028294,102
24,PLAYER_SLEEPBEFORE_START,1516293028294,103
24,PLAYER_SLEEPBEFORE_END,1516293051919,103
24,WS_SEND_START,1516293051919,103
24,WS_SEND_END,1516293051919,103
24,WS_RECV_START,1516293051919,104
24,WS_RECV_END,1516293052669,104
24,PLAYER_SLEEPBEFORE_START,1516293052669,105
24,PLAYER_SLEEPBEFORE_END,1516293078046,105
24,WS_SEND_START,1516293078046,105
24,WS_SEND_END,1516293078046,105
24,WS_RECV_START,1516293078046,106
24,WS_RECV_END,1516293078477,106
24,PLAYER_SLEEPBEFORE_START,1516293078477,107
24,PLAYER_SLEEPBEFORE_END,1516293101900,107
24,WS_SEND_START,1516293101900,107
24,WS_SEND_END,1516293101900,107
24,WS_RECV_START,1516293101900,108
24,WS_RECV_END,1516293102329,108
24,PLAYER_SLEEPBEFORE_START,1516293102329,109
24,PLAYER_SLEEPBEFORE_END,1516293102339,109
24,WS_SEND_START,1516293102339,109
24,WS_SEND_END,1516293102339,109
24,WS_RECV_START,1516293102339,110
24,WS_RECV_END,1516293102704,110
24,PLAYER_SLEEPBEFORE_START,1516293102704,111
24,PLAYER_SLEEPBEFORE_END,1516293103663,111
24,WS_SEND_START,1516293103663,111
24,WS_SEND_END,1516293103663,111
24,WS_RECV_START,1516293103663,112
24,WS_RECV_END,1516293103781,112
24,PLAYER_SLEEPBEFORE_START,1516293103781,113
24,PLAYER_SLEEPBEFORE_END,1516293104343,113
24,WS_SEND_START,1516293104343,113
24,WS_SEND_END,1516293104343,113
24,WS_RECV_START,1516293104343,114
24,WS_RECV_END,1516293104468,114
24,PLAYER_SLEEPBEFORE_START,1516293104468,115
24,PLAYER_SLEEPBEFORE_END,1516293104477,115
24,WS_SEND_START,1516293104477,115
24,WS_SEND_END,1516293104477,115
24,WS_RECV_START,1516293104477,116
24,WS_RECV_END,1516293104689,116
24,PLAYER_SLEEPBEFORE_START,1516293104689,117
24,PLAYER_SLEEPBEFORE_END,1516293125049,117
24,WS_SEND_START,1516293125049,117
24,WS_SEND_END,1516293125049,117
24,PLAYER_SLEEPBEFORE_START,1516293125049,118
24,PLAYER_SLEEPBEFORE_END,1516293128801,118
24,WS_SEND_START,1516293128801,118
24,WS_SEND_END,1516293128801,118
24,WS_RECV_START,1516293128801,119
24,WS_RECV_END,1516293129790,119
24,PLAYER_SLEEPBEFORE_START,1516293129790,120
24,PLAYER_SLEEPBEFORE_END,1516293130778,120
24,WS_SEND_START,1516293130778,120
24,WS_SEND_END,1516293130778,120
24,WS_RECV_START,1516293130778,121
24,WS_RECV_END,1516293131448,121
24,PLAYER_SLEEPBEFORE_START,1516293131448,122
24,PLAYER_SLEEPBEFORE_END,1516293132633,122
24,WS_SEND_START,1516293132633,122
24,WS_SEND_END,1516293132633,122
24,WS_RECV_START,1516293132633,123
24,WS_RECV_END,1516293134217,123
24,PLAYER_SLEEPBEFORE_START,1516293134217,124
24,PLAYER_SLEEPBEFORE_END,1516293158622,124
24,WS_SEND_START,1516293158622,124
24,WS_SEND_END,1516293158622,124
24,WS_RECV_START,1516293158622,125
24,WS_RECV_END,1516293159590,125
24,PLAYER_SLEEPBEFORE_START,1516293159590,126
24,PLAYER_SLEEPBEFORE_END,1516293180102,126
24,WS_SEND_START,1516293180102,126
24,WS_SEND_END,1516293180102,126
24,PLAYER_SLEEPBEFORE_START,1516293180102,127
24,PLAYER_SLEEPBEFORE_END,1516293183157,127
24,WS_SEND_START,1516293183157,127
24,WS_SEND_END,1516293183157,127
24,WS_RECV_START,1516293183157,128
24,WS_RECV_END,1516293183875,128
24,PLAYER_SLEEPBEFORE_START,1516293183875,129
24,PLAYER_SLEEPBEFORE_END,1516293183895,129
24,WS_SEND_START,1516293183895,129
24,WS_SEND_END,1516293183895,129
24,WS_RECV_START,1516293183895,130
24,WS_RECV_END,1516293184270,130
24,PLAYER_SLEEPBEFORE_START,1516293184270,131
24,PLAYER_SLEEPBEFORE_END,1516293205894,131
24,WS_SEND_START,1516293205894,131
24,WS_SEND_END,1516293205894,131
24,PLAYER_SLEEPBEFORE_START,1516293205894,132
24,PLAYER_SLEEPBEFORE_END,1516293208974,132
24,WS_SEND_START,1516293208974,132
24,WS_SEND_END,1516293208974,132
24,WS_RECV_START,1516293208974,133
24,WS_RECV_END,1516293209730,133
24,PLAYER_SLEEPBEFORE_START,1516293209730,134
24,PLAYER_SLEEPBEFORE_END,1516293230947,134
24,WS_SEND_START,1516293230947,134
24,WS_SEND_END,1516293230947,134
24,PLAYER_SLEEPBEFORE_START,1516293230947,135
24,PLAYER_SLEEPBEFORE_END,1516293234137,135
24,WS_SEND_START,1516293234137,135
24,WS_SEND_END,1516293234137,135
24,WS_RECV_START,1516293234137,136
24,WS_RECV_END,1516293235582,136
24,PLAYER_SLEEPBEFORE_START,1516293235582,137
24,PLAYER_SLEEPBEFORE_END,1516293235589,137
24,WS_SEND_START,1516293235589,137
24,WS_SEND_END,1516293235589,137
24,WS_RECV_START,1516293235589,138
24,WS_RECV_END,1516293236465,138
24,PLAYER_SLEEPBEFORE_START,1516293236465,139
24,PLAYER_SLEEPBEFORE_END,1516293237155,139
24,WS_SEND_START,1516293237155,139
24,WS_SEND_END,1516293237155,139
24,WS_RECV_START,1516293237155,140
24,WS_RECV_END,1516293237547,140
24,PLAYER_SLEEPBEFORE_START,1516293237547,141
24,PLAYER_SLEEPBEFORE_END,1516293238202,141
24,WS_SEND_START,1516293238202,141
24,WS_SEND_END,1516293238202,141
24,WS_RECV_START,1516293238202,142
24,WS_RECV_END,1516293239739,142
24,PLAYER_SLEEPBEFORE_START,1516293239739,143
24,PLAYER_SLEEPBEFORE_END,1516293239797,143
24,WS_SEND_START,1516293239797,143
24,WS_SEND_END,1516293239797,143
24,WS_RECV_START,1516293239797,144
24,WS_RECV_END,1516293242802,144
24,PLAYER_SLEEPBEFORE_START,1516293242802,145
24,PLAYER_SLEEPBEFORE_END,1516293258864,145
24,REQ_START,1516293258864,145
24,REQ_END,1516293258872,145
24,PLAYER_SLEEPBEFORE_START,1516293258872,146
24,PLAYER_SLEEPBEFORE_END,1516293267749,146
24,WS_SEND_START,1516293267749,146
24,WS_SEND_END,1516293267749,146
24,WS_RECV_START,1516293267749,147
24,WS_RECV_END,1516293271553,147
24,PLAYER_SLEEPBEFORE_START,1516293271553,148
24,PLAYER_SLEEPBEFORE_END,1516293293475,148
24,WS_SEND_START,1516293293475,148
24,WS_SEND_END,1516293293476,148
24,PLAYER_SLEEPBEFORE_START,1516293293476,149
24,PLAYER_SLEEPBEFORE_END,1516293295904,149
24,WS_SEND_START,1516293295904,149
24,WS_SEND_END,1516293295904,149
24,WS_RECV_START,1516293295904,150
24,WS_RECV_END,1516293299179,150
24,PLAYER_SLEEPBEFORE_START,1516293299180,151
24,PLAYER_SLEEPBEFORE_END,1516293299390,151
24,WS_SEND_START,1516293299390,151
24,WS_SEND_END,1516293299390,151
24,WS_RECV_START,1516293299390,152
24,WS_RECV_END,1516293300606,152
24,PLAYER_SLEEPBEFORE_START,1516293300606,153
24,PLAYER_SLEEPBEFORE_END,1516293324533,153
24,WS_SEND_START,1516293324533,153
24,WS_SEND_END,1516293324533,153
24,WS_RECV_START,1516293324533,154
24,WS_RECV_END,1516293326636,154
24,PLAYER_SLEEPBEFORE_START,1516293326636,155
24,PLAYER_SLEEPBEFORE_END,1516293349194,155
24,WS_SEND_START,1516293349194,155
24,WS_SEND_END,1516293349194,155
24,PLAYER_SLEEPBEFORE_START,1516293349194,156
24,PLAYER_SLEEPBEFORE_END,1516293352468,156
24,WS_SEND_START,1516293352468,156
24,WS_SEND_END,1516293352468,156
24,WS_RECV_START,1516293352468,157
24,WS_RECV_END,1516293354803,157
24,PLAYER_SLEEPBEFORE_START,1516293354803,158
24,PLAYER_SLEEPBEFORE_END,1516293354813,158
24,WS_SEND_START,1516293354813,158
24,WS_SEND_END,1516293354813,158
24,WS_RECV_START,1516293354813,159
24,WS_RECV_END,1516293355946,159
24,PLAYER_SLEEPBEFORE_START,1516293355946,160
24,PLAYER_SLEEPBEFORE_END,1516293356121,160
24,WS_SEND_START,1516293356121,160
24,WS_SEND_END,1516293356121,160
24,WS_RECV_START,1516293356121,161
24,WS_RECV_END,1516293357467,161
24,PLAYER_SLEEPBEFORE_START,1516293357467,162
24,PLAYER_SLEEPBEFORE_END,1516293357492,162
24,WS_SEND_START,1516293357492,162
24,WS_SEND_END,1516293357492,162
24,WS_RECV_START,1516293357492,163
24,WS_RECV_END,1516293359575,163
24,PLAYER_SLEEPBEFORE_START,1516293359575,164
24,PLAYER_SLEEPBEFORE_END,1516293380387,164
24,WS_SEND_START,1516293380387,164
24,WS_SEND_END,1516293380387,164
24,WS_RECV_START,1516293380387,165
24,WS_RECV_END,1516293383555,165
24,PLAYER_SLEEPBEFORE_START,1516293383555,166
24,PLAYER_SLEEPBEFORE_END,1516293406010,166
24,WS_SEND_START,1516293406010,166
24,WS_SEND_END,1516293406010,166
24,WS_RECV_START,1516293406010,167
24,WS_RECV_END,1516293409692,167
24,PLAYER_SLEEPBEFORE_START,1516293409692,168
24,PLAYER_SLEEPBEFORE_END,1516293437050,168
24,WS_SEND_START,1516293437050,168
24,WS_SEND_END,1516293437050,168
24,WS_RECV_START,1516293437050,169
24,WS_RECV_END,1516293441227,169
24,PLAYER_SLEEPBEFORE_START,1516293441227,170
24,PLAYER_SLEEPBEFORE_END,1516293441236,170
24,WS_SEND_START,1516293441236,170
24,WS_SEND_END,1516293441237,170
24,WS_RECV_START,1516293441237,171
24,WS_RECV_END,1516293443073,171
24,PLAYER_SLEEPBEFORE_START,1516293443073,172
24,PLAYER_SLEEPBEFORE_END,1516293443442,172
24,WS_SEND_START,1516293443442,172
24,WS_SEND_END,1516293443442,172
24,WS_RECV_START,1516293443442,173
24,WS_RECV_END,1516293445101,173
24,PLAYER_SLEEPBEFORE_START,1516293445101,174
24,PLAYER_SLEEPBEFORE_END,1516293445142,174
24,WS_SEND_START,1516293445142,174
24,WS_SEND_END,1516293445142,174
24,WS_RECV_START,1516293445142,175
24,WS_RECV_END,1516293447039,175
24,PLAYER_SLEEPBEFORE_START,1516293447039,176
24,PLAYER_SLEEPBEFORE_END,1516293468801,176
24,WS_SEND_START,1516293468801,176
24,WS_SEND_END,1516293468801,176
24,PLAYER_SLEEPBEFORE_START,1516293468801,177
24,PLAYER_SLEEPBEFORE_END,1516293471319,177
24,WS_SEND_START,1516293471319,177
24,WS_SEND_END,1516293471319,177
24,WS_RECV_START,1516293471319,178
24,WS_RECV_END,1516293473350,178
24,PLAYER_SLEEPBEFORE_START,1516293473350,179
24,PLAYER_SLEEPBEFORE_END,1516293495690,179
24,WS_SEND_START,1516293495690,179
24,WS_SEND_END,1516293495690,179
24,WS_RECV_START,1516293495690,180
24,WS_RECV_END,1516293499610,180
24,PLAYER_SLEEPBEFORE_START,1516293499610,181
24,PLAYER_SLEEPBEFORE_END,1516293500054,181
24,WS_SEND_START,1516293500054,181
24,WS_SEND_END,1516293500054,181
24,WS_RECV_START,1516293500054,182
24,WS_RECV_END,1516293503702,182
24,PLAYER_SLEEPBEFORE_START,1516293503702,183
24,PLAYER_SLEEPBEFORE_END,1516293504226,183
24,WS_SEND_START,1516293504226,183
24,WS_SEND_END,1516293504226,183
24,WS_RECV_START,1516293504226,184
24,WS_RECV_END,1516293505563,184
24,PLAYER_SLEEPBEFORE_START,1516293505563,185
24,PLAYER_SLEEPBEFORE_END,1516293505832,185
24,WS_SEND_START,1516293505832,185
24,WS_SEND_END,1516293505832,185
24,WS_RECV_START,1516293505832,186
24,WS_RECV_END,1516293508612,186
24,PLAYER_SLEEPBEFORE_START,1516293508612,187
24,PLAYER_SLEEPBEFORE_END,1516293531112,187
24,WS_SEND_START,1516293531112,187
24,WS_SEND_END,1516293531112,187
24,WS_RECV_START,1516293531112,188
24,WS_RECV_END,1516293535327,188
24,PLAYER_SLEEPBEFORE_START,1516293535327,189
24,PLAYER_SLEEPBEFORE_END,1516293541566,189
24,WS_SEND_START,1516293541566,189
24,WS_SEND_END,1516293541566,189
24,WS_RECV_START,1516293541566,190
24,WS_RECV_END,1516293547613,190
24,PLAYER_SLEEPBEFORE_START,1516293547613,191
24,PLAYER_SLEEPBEFORE_END,1516293549528,191
24,WS_SEND_START,1516293549528,191
24,WS_SEND_END,1516293549528,191
24,WS_RECV_START,1516293549528,192
24,WS_RECV_END,1516293557156,192
24,PLAYER_SLEEPBEFORE_START,1516293557156,193
24,PLAYER_SLEEPBEFORE_END,1516293557284,193
24,WS_SEND_START,1516293557284,193
24,WS_SEND_END,1516293557284,193
24,WS_RECV_START,1516293557284,194
24,WS_RECV_END,1516293560727,194
24,PLAYER_SLEEPBEFORE_START,1516293560727,195
24,PLAYER_SLEEPBEFORE_END,1516293562483,195
24,WS_SEND_START,1516293562483,195
24,WS_SEND_END,1516293562483,195
24,WS_RECV_START,1516293562483,196
24,WS_RECV_END,1516293564324,196
24,PLAYER_SLEEPBEFORE_START,1516293564324,197
24,PLAYER_SLEEPBEFORE_END,1516293566129,197
24,WS_SEND_START,1516293566129,197
24,WS_SEND_END,1516293566129,197
24,WS_RECV_START,1516293566129,198
24,WS_RECV_END,1516293568839,198
24,PLAYER_SLEEPBEFORE_START,1516293568839,199
24,PLAYER_SLEEPBEFORE_END,1516293580693,199
24,WS_SEND_START,1516293580693,199
24,WS_SEND_END,1516293580693,199
24,PLAYER_SLEEPBEFORE_START,1516293580693,200
24,PLAYER_SLEEPBEFORE_END,1516293584781,200
24,WS_SEND_START,1516293584781,200
24,WS_SEND_END,1516293584781,200
24,WS_RECV_START,1516293584781,201
24,WS_RECV_END,1516293587365,201
24,PLAYER_SLEEPBEFORE_START,1516293587365,202
24,PLAYER_SLEEPBEFORE_END,1516293587379,202
24,WS_SEND_START,1516293587379,202
24,WS_SEND_END,1516293587379,202
24,WS_RECV_START,1516293587379,203
24,WS_RECV_END,1516293591290,203
24,PLAYER_SLEEPBEFORE_START,1516293591290,204
24,PLAYER_SLEEPBEFORE_END,1516293610940,204
24,WS_SEND_START,1516293610940,204
24,WS_SEND_END,1516293610940,204
24,PLAYER_SLEEPBEFORE_START,1516293610940,205
24,PLAYER_SLEEPBEFORE_END,1516293614838,205
24,WS_SEND_START,1516293614838,205
24,WS_SEND_END,1516293614838,205
24,WS_RECV_START,1516293614838,206
24,WS_RECV_END,1516293619143,206
24,PLAYER_SLEEPBEFORE_START,1516293619143,207
24,PLAYER_SLEEPBEFORE_END,1516293636074,207
24,REQ_START,1516293636074,207
24,REQ_END,1516293636085,207
24,PLAYER_SLEEPBEFORE_START,1516293636085,208
24,PLAYER_SLEEPBEFORE_END,1516293642937,208
24,WS_CLOSE_START,1516293642937,208
24,WS_CLOSE_END,1516293642937,208
24,PLAYER_DONE,1516293642937
