# --sessions 630 --app-url=http://shinyloadtest.rstudioservices.com/cran_explorer --output-dir test630 --overwrite-output --log-level warn --start-interval 800 15min.log
thread_id,event,timestamp,input_line_number,comment
270,PLAYER_SESSION_CREATE,1516292633541
270,PLAYER_START_INTERVAL_START,1516292633541
270,PLAYER_START_INTERVAL_END,1516292849541
270,REQ_HOME_START,1516292849541,2
270,REQ_HOME_END,1516292849626,2
270,REQ_START,1516292849626,3
270,REQ_END,1516292849656,3
270,REQ_START,1516292849656,4
270,REQ_END,1516292849687,4
270,REQ_START,1516292849687,5
270,REQ_END,1516292849725,5
270,REQ_START,1516292849725,6
270,REQ_END,1516292849758,6
270,REQ_START,1516292849758,7
270,REQ_END,1516292849790,7
270,REQ_START,1516292849790,8
270,REQ_END,1516292849825,8
270,REQ_START,1516292849825,9
270,REQ_END,1516292849863,9
270,REQ_START,1516292849863,10
270,REQ_END,1516292849871,10
270,REQ_START,1516292849871,11
270,REQ_END,1516292849903,11
270,REQ_START,1516292849903,12
270,REQ_END,1516292849912,12
270,REQ_START,1516292849912,13
270,REQ_END,1516292849944,13
270,REQ_START,1516292849944,14
270,REQ_END,1516292849965,14
270,REQ_START,1516292849965,15
270,REQ_END,1516292849999,15
270,REQ_TOK_START,1516292849999,16
270,REQ_TOK_END,1516292850024,16
270,REQ_SINF_START,1516292850024,17
270,REQ_SINF_END,1516292850035,17
270,WS_OPEN_START,1516292850035,18
270,WS_OPEN_END,1516292850041,18
270,REQ_START,1516292850041,19
270,REQ_END,1516292850068,19
270,WS_RECV_START,1516292850068,20
270,WS_RECV_END,1516292850068,20
270,PLAYER_SLEEPBEFORE_START,1516292850068,21
270,PLAYER_SLEEPBEFORE_END,1516292850073,21
270,WS_SEND_START,1516292850073,21
270,WS_SEND_END,1516292850073,21
270,PLAYER_SLEEPBEFORE_START,1516292850073,22
270,PLAYER_SLEEPBEFORE_END,1516292850074,22
270,WS_SEND_START,1516292850074,22
270,WS_SEND_END,1516292850074,22
270,WS_RECV_INIT_START,1516292850074,23
270,WS_RECV_INIT_END,1516292850176,23
270,WS_RECV_START,1516292850176,24
270,WS_RECV_END,1516292850229,24
270,PLAYER_SLEEPBEFORE_START,1516292850229,25
270,PLAYER_SLEEPBEFORE_END,1516292850236,25
270,REQ_START,1516292850236,25
270,REQ_END,1516292850267,25
270,PLAYER_SLEEPBEFORE_START,1516292850267,26
270,PLAYER_SLEEPBEFORE_END,1516292850268,26
270,REQ_START,1516292850268,26
270,REQ_END,1516292850299,26
270,PLAYER_SLEEPBEFORE_START,1516292850299,27
270,PLAYER_SLEEPBEFORE_END,1516292850302,27
270,REQ_START,1516292850302,27
270,REQ_END,1516292850335,27
270,PLAYER_SLEEPBEFORE_START,1516292850335,28
270,PLAYER_SLEEPBEFORE_END,1516292850620,28
270,REQ_START,1516292850621,28
270,REQ_END,1516292850651,28
270,PLAYER_SLEEPBEFORE_START,1516292850651,29
270,PLAYER_SLEEPBEFORE_END,1516292850827,29
270,WS_SEND_START,1516292850827,29
270,WS_SEND_END,1516292850827,29
270,WS_RECV_START,1516292850827,30
270,WS_RECV_END,1516292851066,30
270,PLAYER_SLEEPBEFORE_START,1516292851066,31
270,PLAYER_SLEEPBEFORE_END,1516292851077,31
270,REQ_START,1516292851077,31
270,REQ_END,1516292851111,31
270,PLAYER_SLEEPBEFORE_START,1516292851111,32
270,PLAYER_SLEEPBEFORE_END,1516292879256,32
270,WS_SEND_START,1516292879256,32
270,WS_SEND_END,1516292879256,32
270,WS_RECV_START,1516292879256,33
270,WS_RECV_END,1516292879358,33
270,PLAYER_SLEEPBEFORE_START,1516292879358,34
270,PLAYER_SLEEPBEFORE_END,1516292905270,34
270,WS_SEND_START,1516292905270,34
270,WS_SEND_END,1516292905270,34
270,WS_RECV_START,1516292905270,35
270,WS_RECV_END,1516292905300,35
270,PLAYER_SLEEPBEFORE_START,1516292905300,36
270,PLAYER_SLEEPBEFORE_END,1516292905309,36
270,WS_SEND_START,1516292905309,36
270,WS_SEND_END,1516292905309,36
270,WS_RECV_START,1516292905309,37
270,WS_RECV_END,1516292905352,37
270,PLAYER_SLEEPBEFORE_START,1516292905352,38
270,PLAYER_SLEEPBEFORE_END,1516292908547,38
270,WS_SEND_START,1516292908547,38
270,WS_SEND_END,1516292908547,38
270,WS_RECV_START,1516292908547,39
270,WS_RECV_END,1516292908670,39
270,PLAYER_SLEEPBEFORE_START,1516292908670,40
270,PLAYER_SLEEPBEFORE_END,1516292908716,40
270,WS_SEND_START,1516292908716,40
270,WS_SEND_END,1516292908716,40
270,WS_RECV_START,1516292908716,41
270,WS_RECV_END,1516292908828,41
270,PLAYER_SLEEPBEFORE_START,1516292908828,42
270,PLAYER_SLEEPBEFORE_END,1516292926963,42
270,WS_SEND_START,1516292926963,42
270,WS_SEND_END,1516292926963,42
270,WS_RECV_START,1516292926963,43
270,WS_RECV_END,1516292927228,43
270,PLAYER_SLEEPBEFORE_START,1516292927228,44
270,PLAYER_SLEEPBEFORE_END,1516292927240,44
270,WS_SEND_START,1516292927240,44
270,WS_SEND_END,1516292927240,44
270,WS_RECV_START,1516292927240,45
270,WS_RECV_END,1516292927300,45
270,PLAYER_SLEEPBEFORE_START,1516292927300,46
270,PLAYER_SLEEPBEFORE_END,1516292928560,46
270,WS_SEND_START,1516292928560,46
270,WS_SEND_END,1516292928560,46
270,WS_RECV_START,1516292928560,47
270,WS_RECV_END,1516292928688,47
270,PLAYER_SLEEPBEFORE_START,1516292928688,48
270,PLAYER_SLEEPBEFORE_END,1516292930009,48
270,WS_SEND_START,1516292930009,48
270,WS_SEND_END,1516292930009,48
270,WS_RECV_START,1516292930009,49
270,WS_RECV_END,1516292930296,49
270,PLAYER_SLEEPBEFORE_START,1516292930296,50
270,PLAYER_SLEEPBEFORE_END,1516292930320,50
270,WS_SEND_START,1516292930320,50
270,WS_SEND_END,1516292930320,50
270,WS_RECV_START,1516292930320,51
270,WS_RECV_END,1516292930470,51
270,PLAYER_SLEEPBEFORE_START,1516292930470,52
270,PLAYER_SLEEPBEFORE_END,1516292953034,52
270,WS_SEND_START,1516292953034,52
270,WS_SEND_END,1516292953034,52
270,WS_RECV_START,1516292953034,53
270,WS_RECV_END,1516292953163,53
270,PLAYER_SLEEPBEFORE_START,1516292953163,54
270,PLAYER_SLEEPBEFORE_END,1516292974466,54
270,WS_SEND_START,1516292974466,54
270,WS_SEND_END,1516292974466,54
270,PLAYER_SLEEPBEFORE_START,1516292974466,55
270,PLAYER_SLEEPBEFORE_END,1516292976408,55
270,WS_SEND_START,1516292976408,55
270,WS_SEND_END,1516292976408,55
270,WS_RECV_START,1516292976408,56
270,WS_RECV_END,1516292976494,56
270,PLAYER_SLEEPBEFORE_START,1516292976494,57
270,PLAYER_SLEEPBEFORE_END,1516292999366,57
270,WS_SEND_START,1516292999366,57
270,WS_SEND_END,1516292999367,57
270,WS_RECV_START,1516292999367,58
270,WS_RECV_END,1516292999497,58
270,PLAYER_SLEEPBEFORE_START,1516292999497,59
270,PLAYER_SLEEPBEFORE_END,1516293001824,59
270,WS_SEND_START,1516293001824,59
270,WS_SEND_END,1516293001824,59
270,WS_RECV_START,1516293001825,60
270,WS_RECV_END,1516293002104,60
270,PLAYER_SLEEPBEFORE_START,1516293002104,61
270,PLAYER_SLEEPBEFORE_END,1516293005695,61
270,WS_SEND_START,1516293005695,61
270,WS_SEND_END,1516293005695,61
270,WS_RECV_START,1516293005695,62
270,WS_RECV_END,1516293005787,62
270,PLAYER_SLEEPBEFORE_START,1516293005787,63
270,PLAYER_SLEEPBEFORE_END,1516293025049,63
270,WS_SEND_START,1516293025049,63
270,WS_SEND_END,1516293025049,63
270,WS_RECV_START,1516293025049,64
270,WS_RECV_END,1516293025177,64
270,PLAYER_SLEEPBEFORE_START,1516293025177,65
270,PLAYER_SLEEPBEFORE_END,1516293051995,65
270,WS_SEND_START,1516293051995,65
270,WS_SEND_END,1516293051995,65
270,WS_RECV_START,1516293051995,66
270,WS_RECV_END,1516293052141,66
270,PLAYER_SLEEPBEFORE_START,1516293052141,67
270,PLAYER_SLEEPBEFORE_END,1516293053648,67
270,WS_SEND_START,1516293053648,67
270,WS_SEND_END,1516293053648,67
270,WS_RECV_START,1516293053648,68
270,WS_RECV_END,1516293054002,68
270,PLAYER_SLEEPBEFORE_START,1516293054002,69
270,PLAYER_SLEEPBEFORE_END,1516293076000,69
270,WS_SEND_START,1516293076000,69
270,WS_SEND_END,1516293076000,69
270,WS_RECV_START,1516293076000,70
270,WS_RECV_END,1516293076430,70
270,PLAYER_SLEEPBEFORE_START,1516293076430,71
270,PLAYER_SLEEPBEFORE_END,1516293101205,71
270,WS_SEND_START,1516293101205,71
270,WS_SEND_END,1516293101205,71
270,PLAYER_SLEEPBEFORE_START,1516293101205,72
270,PLAYER_SLEEPBEFORE_END,1516293103812,72
270,WS_SEND_START,1516293103812,72
270,WS_SEND_END,1516293103812,72
270,WS_RECV_START,1516293103812,73
270,WS_RECV_END,1516293104325,73
270,PLAYER_SLEEPBEFORE_START,1516293104325,74
270,PLAYER_SLEEPBEFORE_END,1516293104334,74
270,WS_SEND_START,1516293104334,74
270,WS_SEND_END,1516293104334,74
270,WS_RECV_START,1516293104334,75
270,WS_RECV_END,1516293105072,75
270,PLAYER_SLEEPBEFORE_START,1516293105072,76
270,PLAYER_SLEEPBEFORE_END,1516293106578,76
270,WS_SEND_START,1516293106578,76
270,WS_SEND_END,1516293106578,76
270,WS_RECV_START,1516293106578,77
270,WS_RECV_END,1516293106978,77
270,PLAYER_SLEEPBEFORE_START,1516293106978,78
270,PLAYER_SLEEPBEFORE_END,1516293107846,78
270,WS_SEND_START,1516293107846,78
270,WS_SEND_END,1516293107846,78
270,WS_RECV_START,1516293107846,79
270,WS_RECV_END,1516293108222,79
270,PLAYER_SLEEPBEFORE_START,1516293108222,80
270,PLAYER_SLEEPBEFORE_END,1516293115888,80
270,WS_SEND_START,1516293115888,80
270,WS_SEND_END,1516293115888,80
270,WS_RECV_START,1516293115888,81
270,WS_RECV_END,1516293116824,81
270,PLAYER_SLEEPBEFORE_START,1516293116824,82
270,PLAYER_SLEEPBEFORE_END,1516293117927,82
270,WS_SEND_START,1516293117927,82
270,WS_SEND_END,1516293117927,82
270,WS_RECV_START,1516293117927,83
270,WS_RECV_END,1516293118845,83
270,PLAYER_SLEEPBEFORE_START,1516293118845,84
270,PLAYER_SLEEPBEFORE_END,1516293119792,84
270,WS_SEND_START,1516293119792,84
270,WS_SEND_END,1516293119792,84
270,WS_RECV_START,1516293119792,85
270,WS_RECV_END,1516293121380,85
270,PLAYER_SLEEPBEFORE_START,1516293121380,86
270,PLAYER_SLEEPBEFORE_END,1516293125552,86
270,WS_SEND_START,1516293125552,86
270,WS_SEND_END,1516293125552,86
270,WS_RECV_START,1516293125552,87
270,WS_RECV_END,1516293126601,87
270,PLAYER_SLEEPBEFORE_START,1516293126601,88
270,PLAYER_SLEEPBEFORE_END,1516293126610,88
270,WS_SEND_START,1516293126610,88
270,WS_SEND_END,1516293126610,88
270,WS_RECV_START,1516293126610,89
270,WS_RECV_END,1516293127184,89
270,PLAYER_SLEEPBEFORE_START,1516293127184,90
270,PLAYER_SLEEPBEFORE_END,1516293154381,90
270,REQ_START,1516293154381,90
270,REQ_END,1516293154390,90
270,PLAYER_SLEEPBEFORE_START,1516293154390,91
270,PLAYER_SLEEPBEFORE_END,1516293162279,91
270,WS_SEND_START,1516293162279,91
270,WS_SEND_END,1516293162279,91
270,WS_RECV_START,1516293162279,92
270,WS_RECV_END,1516293164338,92
270,PLAYER_SLEEPBEFORE_START,1516293164338,93
270,PLAYER_SLEEPBEFORE_END,1516293164353,93
270,WS_SEND_START,1516293164353,93
270,WS_SEND_END,1516293164353,93
270,WS_RECV_START,1516293164353,94
270,WS_RECV_END,1516293165069,94
270,PLAYER_SLEEPBEFORE_START,1516293165069,95
270,PLAYER_SLEEPBEFORE_END,1516293188625,95
270,WS_SEND_START,1516293188625,95
270,WS_SEND_END,1516293188625,95
270,WS_RECV_START,1516293188625,96
270,WS_RECV_END,1516293189666,96
270,PLAYER_SLEEPBEFORE_START,1516293189666,97
270,PLAYER_SLEEPBEFORE_END,1516293212106,97
270,WS_SEND_START,1516293212106,97
270,WS_SEND_END,1516293212106,97
270,WS_RECV_START,1516293212106,98
270,WS_RECV_END,1516293214878,98
270,PLAYER_SLEEPBEFORE_START,1516293214878,99
270,PLAYER_SLEEPBEFORE_END,1516293214899,99
270,WS_SEND_START,1516293214899,99
270,WS_SEND_END,1516293214899,99
270,WS_RECV_START,1516293214899,100
270,WS_RECV_END,1516293216737,100
270,PLAYER_SLEEPBEFORE_START,1516293216737,101
270,PLAYER_SLEEPBEFORE_END,1516293240296,101
270,WS_SEND_START,1516293240296,101
270,WS_SEND_END,1516293240296,101
270,WS_RECV_START,1516293240296,102
270,WS_RECV_END,1516293244168,102
270,PLAYER_SLEEPBEFORE_START,1516293244168,103
270,PLAYER_SLEEPBEFORE_END,1516293267793,103
270,WS_SEND_START,1516293267793,103
270,WS_SEND_END,1516293267793,103
270,WS_RECV_START,1516293267793,104
270,WS_RECV_END,1516293272095,104
270,PLAYER_SLEEPBEFORE_START,1516293272095,105
270,PLAYER_SLEEPBEFORE_END,1516293297472,105
270,WS_SEND_START,1516293297472,105
270,WS_SEND_END,1516293297472,105
270,WS_RECV_START,1516293297472,106
270,WS_RECV_END,1516293301220,106
270,PLAYER_SLEEPBEFORE_START,1516293301220,107
270,PLAYER_SLEEPBEFORE_END,1516293324643,107
270,WS_SEND_START,1516293324643,107
270,WS_SEND_END,1516293324643,107
270,WS_RECV_START,1516293324643,108
270,WS_RECV_END,1516293328496,108
270,PLAYER_SLEEPBEFORE_START,1516293328496,109
270,PLAYER_SLEEPBEFORE_END,1516293328505,109
270,WS_SEND_START,1516293328505,109
270,WS_SEND_END,1516293328505,109
270,WS_RECV_START,1516293328505,110
270,WS_RECV_END,1516293330593,110
270,PLAYER_SLEEPBEFORE_START,1516293330593,111
270,PLAYER_SLEEPBEFORE_END,1516293331552,111
270,WS_SEND_START,1516293331552,111
270,WS_SEND_END,1516293331552,111
270,WS_RECV_START,1516293331552,112
270,WS_RECV_END,1516293332694,112
270,PLAYER_SLEEPBEFORE_START,1516293332694,113
270,PLAYER_SLEEPBEFORE_END,1516293333256,113
270,WS_SEND_START,1516293333256,113
270,WS_SEND_END,1516293333256,113
270,WS_RECV_START,1516293333256,114
270,WS_RECV_END,1516293335613,114
270,PLAYER_SLEEPBEFORE_START,1516293335613,115
270,PLAYER_SLEEPBEFORE_END,1516293335622,115
270,WS_SEND_START,1516293335622,115
270,WS_SEND_END,1516293335622,115
270,WS_RECV_START,1516293335622,116
270,WS_RECV_END,1516293338604,116
270,PLAYER_SLEEPBEFORE_START,1516293338604,117
270,PLAYER_SLEEPBEFORE_END,1516293358964,117
270,WS_SEND_START,1516293358964,117
270,WS_SEND_END,1516293358964,117
270,PLAYER_SLEEPBEFORE_START,1516293358964,118
270,PLAYER_SLEEPBEFORE_END,1516293362716,118
270,WS_SEND_START,1516293362716,118
270,WS_SEND_END,1516293362716,118
270,WS_RECV_START,1516293362716,119
270,WS_RECV_END,1516293363918,119
270,PLAYER_SLEEPBEFORE_START,1516293363918,120
270,PLAYER_SLEEPBEFORE_END,1516293364906,120
270,WS_SEND_START,1516293364906,120
270,WS_SEND_END,1516293364907,120
270,WS_RECV_START,1516293364907,121
270,WS_RECV_END,1516293365789,121
270,PLAYER_SLEEPBEFORE_START,1516293365789,122
270,PLAYER_SLEEPBEFORE_END,1516293366974,122
270,WS_SEND_START,1516293366974,122
270,WS_SEND_END,1516293366974,122
270,WS_RECV_START,1516293366974,123
270,WS_RECV_END,1516293369416,123
270,PLAYER_SLEEPBEFORE_START,1516293369416,124
270,PLAYER_SLEEPBEFORE_END,1516293393821,124
270,WS_SEND_START,1516293393821,124
270,WS_SEND_END,1516293393821,124
270,WS_RECV_START,1516293393821,125
270,WS_RECV_END,1516293398021,125
270,PLAYER_SLEEPBEFORE_START,1516293398021,126
270,PLAYER_SLEEPBEFORE_END,1516293418533,126
270,WS_SEND_START,1516293418533,126
270,WS_SEND_END,1516293418533,126
270,PLAYER_SLEEPBEFORE_START,1516293418533,127
270,PLAYER_SLEEPBEFORE_END,1516293421587,127
270,WS_SEND_START,1516293421587,127
270,WS_SEND_END,1516293421587,127
270,WS_RECV_START,1516293421587,128
270,WS_RECV_END,1516293423525,128
270,PLAYER_SLEEPBEFORE_START,1516293423525,129
270,PLAYER_SLEEPBEFORE_END,1516293423545,129
270,WS_SEND_START,1516293423545,129
270,WS_SEND_END,1516293423545,129
270,WS_RECV_START,1516293423545,130
270,WS_RECV_END,1516293425875,130
270,PLAYER_SLEEPBEFORE_START,1516293425875,131
270,PLAYER_SLEEPBEFORE_END,1516293447499,131
270,WS_SEND_START,1516293447500,131
270,WS_SEND_END,1516293447500,131
270,PLAYER_SLEEPBEFORE_START,1516293447500,132
270,PLAYER_SLEEPBEFORE_END,1516293450580,132
270,WS_SEND_START,1516293450580,132
270,WS_SEND_END,1516293450580,132
270,WS_RECV_START,1516293450580,133
270,WS_RECV_END,1516293453251,133
270,PLAYER_SLEEPBEFORE_START,1516293453251,134
270,PLAYER_SLEEPBEFORE_END,1516293474468,134
270,WS_SEND_START,1516293474468,134
270,WS_SEND_END,1516293474468,134
270,PLAYER_SLEEPBEFORE_START,1516293474468,135
270,PLAYER_SLEEPBEFORE_END,1516293477659,135
270,WS_SEND_START,1516293477659,135
270,WS_SEND_END,1516293477659,135
270,WS_RECV_START,1516293477659,136
270,WS_RECV_END,1516293478627,136
270,PLAYER_SLEEPBEFORE_START,1516293478627,137
270,PLAYER_SLEEPBEFORE_END,1516293478634,137
270,WS_SEND_START,1516293478634,137
270,WS_SEND_END,1516293478634,137
270,WS_RECV_START,1516293478634,138
270,WS_RECV_END,1516293481021,138
270,PLAYER_SLEEPBEFORE_START,1516293481021,139
270,PLAYER_SLEEPBEFORE_END,1516293481711,139
270,WS_SEND_START,1516293481711,139
270,WS_SEND_END,1516293481711,139
270,WS_RECV_START,1516293481712,140
270,WS_RECV_END,1516293484871,140
270,PLAYER_SLEEPBEFORE_START,1516293484871,141
270,PLAYER_SLEEPBEFORE_END,1516293485526,141
270,WS_SEND_START,1516293485526,141
270,WS_SEND_END,1516293485526,141
270,WS_RECV_START,1516293485526,142
270,WS_RECV_END,1516293487949,142
270,PLAYER_SLEEPBEFORE_START,1516293487949,143
270,PLAYER_SLEEPBEFORE_END,1516293488006,143
270,WS_SEND_START,1516293488006,143
270,WS_SEND_END,1516293488006,143
270,WS_RECV_START,1516293488006,144
270,WS_RECV_END,1516293490532,144
270,PLAYER_SLEEPBEFORE_START,1516293490532,145
270,PLAYER_SLEEPBEFORE_END,1516293506594,145
270,REQ_START,1516293506594,145
270,REQ_END,1516293506602,145
270,PLAYER_SLEEPBEFORE_START,1516293506602,146
270,PLAYER_SLEEPBEFORE_END,1516293515479,146
270,WS_SEND_START,1516293515479,146
270,WS_SEND_END,1516293515479,146
270,WS_RECV_START,1516293515479,147
270,WS_RECV_END,1516293520780,147
270,PLAYER_SLEEPBEFORE_START,1516293520780,148
270,PLAYER_SLEEPBEFORE_END,1516293542702,148
270,WS_SEND_START,1516293542703,148
270,WS_SEND_END,1516293542703,148
270,PLAYER_SLEEPBEFORE_START,1516293542703,149
270,PLAYER_SLEEPBEFORE_END,1516293545131,149
270,WS_SEND_START,1516293545131,149
270,WS_SEND_END,1516293545131,149
270,WS_RECV_START,1516293545131,150
270,WS_RECV_END,1516293548283,150
270,PLAYER_SLEEPBEFORE_START,1516293548283,151
270,PLAYER_SLEEPBEFORE_END,1516293548493,151
270,WS_SEND_START,1516293548493,151
270,WS_SEND_END,1516293548493,151
270,WS_RECV_START,1516293548493,152
270,WS_RECV_END,1516293550975,152
270,PLAYER_SLEEPBEFORE_START,1516293550975,153
270,PLAYER_SLEEPBEFORE_END,1516293574902,153
270,WS_SEND_START,1516293574902,153
270,WS_SEND_END,1516293574902,153
270,WS_RECV_START,1516293574902,154
270,WS_RECV_END,1516293581154,154
270,PLAYER_SLEEPBEFORE_START,1516293581154,155
270,PLAYER_SLEEPBEFORE_END,1516293603712,155
270,WS_SEND_START,1516293603712,155
270,WS_SEND_END,1516293603712,155
270,PLAYER_SLEEPBEFORE_START,1516293603712,156
270,PLAYER_SLEEPBEFORE_END,1516293606986,156
270,WS_SEND_START,1516293606986,156
270,WS_SEND_END,1516293606987,156
270,WS_RECV_START,1516293606987,157
270,WS_RECV_END,1516293609927,157
270,PLAYER_SLEEPBEFORE_START,1516293609927,158
270,PLAYER_SLEEPBEFORE_END,1516293609937,158
270,WS_SEND_START,1516293609937,158
270,WS_SEND_END,1516293609937,158
270,WS_RECV_START,1516293609938,159
270,WS_RECV_END,1516293612946,159
270,PLAYER_SLEEPBEFORE_START,1516293612946,160
270,PLAYER_SLEEPBEFORE_END,1516293613121,160
270,WS_SEND_START,1516293613121,160
270,WS_SEND_END,1516293613121,160
270,WS_RECV_START,1516293613121,161
270,WS_RECV_END,1516293618884,161
270,PLAYER_SLEEPBEFORE_START,1516293618884,162
270,PLAYER_SLEEPBEFORE_END,1516293618909,162
270,WS_SEND_START,1516293618909,162
270,WS_SEND_END,1516293618909,162
270,WS_RECV_START,1516293618909,163
270,WS_RECV_END,1516293624151,163
270,PLAYER_SLEEPBEFORE_START,1516293624151,164
270,PLAYER_SLEEPBEFORE_END,1516293644964,164
270,WS_SEND_START,1516293644964,164
270,WS_SEND_END,1516293644964,164
270,WS_RECV_START,1516293644964,165
270,WS_RECV_END,1516293653336,165
270,PLAYER_SLEEPBEFORE_START,1516293653336,166
270,PLAYER_SLEEPBEFORE_END,1516293675791,166
270,WS_SEND_START,1516293675791,166
270,WS_SEND_END,1516293675791,166
270,WS_RECV_START,1516293675791,167
270,WS_RECV_END,1516293684162,167
270,PLAYER_SLEEPBEFORE_START,1516293684162,168
270,PLAYER_SLEEPBEFORE_END,1516293711519,168
270,WS_SEND_START,1516293711519,168
270,WS_SEND_END,1516293711519,168
270,WS_RECV_START,1516293711519,169
270,WS_RECV_END,1516293717497,169
270,PLAYER_SLEEPBEFORE_START,1516293717497,170
270,PLAYER_SLEEPBEFORE_END,1516293717506,170
270,WS_SEND_START,1516293717506,170
270,WS_SEND_END,1516293717506,170
270,WS_RECV_START,1516293717506,171
270,WS_RECV_END,1516293719370,171
270,PLAYER_SLEEPBEFORE_START,1516293719370,172
270,PLAYER_SLEEPBEFORE_END,1516293719739,172
270,WS_SEND_START,1516293719739,172
270,WS_SEND_END,1516293719739,172
270,WS_RECV_START,1516293719739,173
270,WS_RECV_END,1516293723362,173
270,PLAYER_SLEEPBEFORE_START,1516293723362,174
270,PLAYER_SLEEPBEFORE_END,1516293723403,174
270,WS_SEND_START,1516293723403,174
270,WS_SEND_END,1516293723403,174
270,WS_RECV_START,1516293723403,175
270,WS_RECV_END,1516293727110,175
270,PLAYER_SLEEPBEFORE_START,1516293727110,176
270,PLAYER_SLEEPBEFORE_END,1516293748871,176
270,WS_SEND_START,1516293748871,176
270,WS_SEND_END,1516293748871,176
270,PLAYER_SLEEPBEFORE_START,1516293748871,177
270,PLAYER_SLEEPBEFORE_END,1516293751389,177
270,WS_SEND_START,1516293751389,177
270,WS_SEND_END,1516293751389,177
270,WS_RECV_START,1516293751389,178
270,WS_RECV_END,1516293752037,178
270,PLAYER_SLEEPBEFORE_START,1516293752037,179
270,PLAYER_SLEEPBEFORE_END,1516293774377,179
270,WS_SEND_START,1516293774377,179
270,WS_SEND_END,1516293774377,179
270,WS_RECV_START,1516293774377,180
270,WS_RECV_END,1516293776463,180
270,PLAYER_SLEEPBEFORE_START,1516293776463,181
270,PLAYER_SLEEPBEFORE_END,1516293776908,181
270,WS_SEND_START,1516293776908,181
270,WS_SEND_END,1516293776908,181
270,WS_RECV_START,1516293776908,182
270,WS_RECV_END,1516293777482,182
270,PLAYER_SLEEPBEFORE_START,1516293777482,183
270,PLAYER_SLEEPBEFORE_END,1516293778005,183
270,WS_SEND_START,1516293778005,183
270,WS_SEND_END,1516293778006,183
270,WS_RECV_START,1516293778006,184
270,WS_RECV_END,1516293780129,184
270,PLAYER_SLEEPBEFORE_START,1516293780129,185
270,PLAYER_SLEEPBEFORE_END,1516293780398,185
270,WS_SEND_START,1516293780398,185
270,WS_SEND_END,1516293780398,185
270,WS_RECV_START,1516293780398,186
270,WS_RECV_END,1516293782416,186
270,PLAYER_SLEEPBEFORE_START,1516293782416,187
270,PLAYER_SLEEPBEFORE_END,1516293804916,187
270,WS_SEND_START,1516293804916,187
270,WS_SEND_END,1516293804916,187
270,WS_RECV_START,1516293804916,188
270,WS_RECV_END,1516293805915,188
270,PLAYER_SLEEPBEFORE_START,1516293805915,189
270,PLAYER_SLEEPBEFORE_END,1516293812154,189
270,WS_SEND_START,1516293812154,189
270,WS_SEND_END,1516293812154,189
270,WS_RECV_START,1516293812154,190
270,WS_RECV_END,1516293813004,190
270,PLAYER_SLEEPBEFORE_START,1516293813004,191
270,PLAYER_SLEEPBEFORE_END,1516293814920,191
270,WS_SEND_START,1516293814920,191
270,WS_SEND_END,1516293814920,191
270,WS_RECV_START,1516293814920,192
270,WS_RECV_END,1516293815333,192
270,PLAYER_SLEEPBEFORE_START,1516293815333,193
270,PLAYER_SLEEPBEFORE_END,1516293815462,193
270,WS_SEND_START,1516293815462,193
270,WS_SEND_END,1516293815462,193
270,WS_RECV_START,1516293815462,194
270,WS_RECV_END,1516293815768,194
270,PLAYER_SLEEPBEFORE_START,1516293815768,195
270,PLAYER_SLEEPBEFORE_END,1516293817524,195
270,WS_SEND_START,1516293817524,195
270,WS_SEND_END,1516293817524,195
270,WS_RECV_START,1516293817524,196
270,WS_RECV_END,1516293817827,196
270,PLAYER_SLEEPBEFORE_START,1516293817827,197
270,PLAYER_SLEEPBEFORE_END,1516293819631,197
270,WS_SEND_START,1516293819631,197
270,WS_SEND_END,1516293819631,197
270,WS_RECV_START,1516293819631,198
270,WS_RECV_END,1516293820232,198
270,PLAYER_SLEEPBEFORE_START,1516293820232,199
270,PLAYER_SLEEPBEFORE_END,1516293832086,199
270,WS_SEND_START,1516293832086,199
270,WS_SEND_END,1516293832086,199
270,PLAYER_SLEEPBEFORE_START,1516293832086,200
270,PLAYER_SLEEPBEFORE_END,1516293836175,200
270,WS_SEND_START,1516293836175,200
270,WS_SEND_END,1516293836175,200
270,WS_RECV_START,1516293836175,201
270,WS_RECV_END,1516293836788,201
270,PLAYER_SLEEPBEFORE_START,1516293836788,202
270,PLAYER_SLEEPBEFORE_END,1516293836802,202
270,WS_SEND_START,1516293836802,202
270,WS_SEND_END,1516293836802,202
270,WS_RECV_START,1516293836802,203
270,WS_RECV_END,1516293837073,203
270,PLAYER_SLEEPBEFORE_START,1516293837073,204
270,PLAYER_SLEEPBEFORE_END,1516293856722,204
270,WS_SEND_START,1516293856722,204
270,WS_SEND_END,1516293856722,204
270,PLAYER_SLEEPBEFORE_START,1516293856722,205
270,PLAYER_SLEEPBEFORE_END,1516293860621,205
270,WS_SEND_START,1516293860621,205
270,WS_SEND_END,1516293860621,205
270,WS_RECV_START,1516293860621,206
270,WS_RECV_END,1516293861086,206
270,PLAYER_SLEEPBEFORE_START,1516293861086,207
270,PLAYER_SLEEPBEFORE_END,1516293878017,207
270,REQ_START,1516293878017,207
270,REQ_END,1516293878025,207
270,PLAYER_SLEEPBEFORE_START,1516293878025,208
270,PLAYER_SLEEPBEFORE_END,1516293884877,208
270,WS_CLOSE_START,1516293884877,208
270,WS_CLOSE_END,1516293884877,208
270,PLAYER_DONE,1516293884877
