# --sessions 630 --app-url=http://shinyloadtest.rstudioservices.com/cran_explorer --output-dir test630 --overwrite-output --log-level warn --start-interval 800 15min.log
thread_id,event,timestamp,input_line_number,comment
548,PLAYER_SESSION_CREATE,1516292633628
548,PLAYER_START_INTERVAL_START,1516292633628
548,PLAYER_START_INTERVAL_END,1516293072028
548,REQ_HOME_START,1516293072028,2
548,REQ_HOME_END,1516293073062,2
548,REQ_START,1516293073062,3
548,REQ_END,1516293073305,3
548,REQ_START,1516293073305,4
548,REQ_END,1516293074239,4
548,REQ_START,1516293074239,5
548,REQ_END,1516293074735,5
548,REQ_START,1516293074735,6
548,REQ_END,1516293074771,6
548,REQ_START,1516293074771,7
548,REQ_END,1516293075674,7
548,REQ_START,1516293075674,8
548,REQ_END,1516293076425,8
548,REQ_START,1516293076425,9
548,REQ_END,1516293076489,9
548,REQ_START,1516293076489,10
548,REQ_END,1516293076497,10
548,REQ_START,1516293076497,11
548,REQ_END,1516293076526,11
548,REQ_START,1516293076526,12
548,REQ_END,1516293076535,12
548,REQ_START,1516293076536,13
548,REQ_END,1516293076569,13
548,REQ_START,1516293076569,14
548,REQ_END,1516293076583,14
548,REQ_START,1516293076583,15
548,REQ_END,1516293076618,15
548,REQ_TOK_START,1516293076618,16
548,REQ_TOK_END,1516293076625,16
548,REQ_SINF_START,1516293076625,17
548,REQ_SINF_END,1516293076632,17
548,WS_OPEN_START,1516293076632,18
548,WS_OPEN_END,1516293076639,18
548,REQ_START,1516293076639,19
548,REQ_END,1516293077363,19
548,WS_RECV_START,1516293077363,20
548,WS_RECV_END,1516293077363,20
548,PLAYER_SLEEPBEFORE_START,1516293077363,21
548,PLAYER_SLEEPBEFORE_END,1516293077369,21
548,WS_SEND_START,1516293077369,21
548,WS_SEND_END,1516293077369,21
548,PLAYER_SLEEPBEFORE_START,1516293077369,22
548,PLAYER_SLEEPBEFORE_END,1516293077370,22
548,WS_SEND_START,1516293077370,22
548,WS_SEND_END,1516293077370,22
548,WS_RECV_INIT_START,1516293077370,23
548,WS_RECV_INIT_END,1516293077395,23
548,WS_RECV_START,1516293077395,24
548,WS_RECV_END,1516293077511,24
548,PLAYER_SLEEPBEFORE_START,1516293077511,25
548,PLAYER_SLEEPBEFORE_END,1516293077518,25
548,REQ_START,1516293077518,25
548,REQ_END,1516293077754,25
548,PLAYER_SLEEPBEFORE_START,1516293077754,26
548,PLAYER_SLEEPBEFORE_END,1516293077755,26
548,REQ_START,1516293077755,26
548,REQ_END,1516293077820,26
548,PLAYER_SLEEPBEFORE_START,1516293077820,27
548,PLAYER_SLEEPBEFORE_END,1516293077823,27
548,REQ_START,1516293077823,27
548,REQ_END,1516293077859,27
548,PLAYER_SLEEPBEFORE_START,1516293077859,28
548,PLAYER_SLEEPBEFORE_END,1516293078144,28
548,REQ_START,1516293078144,28
548,REQ_END,1516293078283,28
548,PLAYER_SLEEPBEFORE_START,1516293078283,29
548,PLAYER_SLEEPBEFORE_END,1516293078458,29
548,WS_SEND_START,1516293078458,29
548,WS_SEND_END,1516293078458,29
548,WS_RECV_START,1516293078458,30
548,WS_RECV_END,1516293078615,30
548,PLAYER_SLEEPBEFORE_START,1516293078615,31
548,PLAYER_SLEEPBEFORE_END,1516293078626,31
548,REQ_START,1516293078626,31
548,REQ_END,1516293078924,31
548,PLAYER_SLEEPBEFORE_START,1516293078924,32
548,PLAYER_SLEEPBEFORE_END,1516293107070,32
548,WS_SEND_START,1516293107070,32
548,WS_SEND_END,1516293107070,32
548,WS_RECV_START,1516293107070,33
548,WS_RECV_END,1516293108040,33
548,PLAYER_SLEEPBEFORE_START,1516293108040,34
548,PLAYER_SLEEPBEFORE_END,1516293133951,34
548,WS_SEND_START,1516293133951,34
548,WS_SEND_END,1516293133951,34
548,WS_RECV_START,1516293133951,35
548,WS_RECV_END,1516293135931,35
548,PLAYER_SLEEPBEFORE_START,1516293135931,36
548,PLAYER_SLEEPBEFORE_END,1516293135940,36
548,WS_SEND_START,1516293135940,36
548,WS_SEND_END,1516293135940,36
548,WS_RECV_START,1516293135940,37
548,WS_RECV_END,1516293137052,37
548,PLAYER_SLEEPBEFORE_START,1516293137052,38
548,PLAYER_SLEEPBEFORE_END,1516293140247,38
548,WS_SEND_START,1516293140248,38
548,WS_SEND_END,1516293140248,38
548,WS_RECV_START,1516293140248,39
548,WS_RECV_END,1516293141469,39
548,PLAYER_SLEEPBEFORE_START,1516293141469,40
548,PLAYER_SLEEPBEFORE_END,1516293141515,40
548,WS_SEND_START,1516293141515,40
548,WS_SEND_END,1516293141515,40
548,WS_RECV_START,1516293141515,41
548,WS_RECV_END,1516293142431,41
548,PLAYER_SLEEPBEFORE_START,1516293142431,42
548,PLAYER_SLEEPBEFORE_END,1516293160567,42
548,WS_SEND_START,1516293160567,42
548,WS_SEND_END,1516293160567,42
548,WS_RECV_START,1516293160567,43
548,WS_RECV_END,1516293163245,43
548,PLAYER_SLEEPBEFORE_START,1516293163245,44
548,PLAYER_SLEEPBEFORE_END,1516293163258,44
548,WS_SEND_START,1516293163258,44
548,WS_SEND_END,1516293163258,44
548,WS_RECV_START,1516293163258,45
548,WS_RECV_END,1516293164164,45
548,PLAYER_SLEEPBEFORE_START,1516293164164,46
548,PLAYER_SLEEPBEFORE_END,1516293165424,46
548,WS_SEND_START,1516293165424,46
548,WS_SEND_END,1516293165424,46
548,WS_RECV_START,1516293165424,47
548,WS_RECV_END,1516293166583,47
548,PLAYER_SLEEPBEFORE_START,1516293166583,48
548,PLAYER_SLEEPBEFORE_END,1516293167903,48
548,WS_SEND_START,1516293167903,48
548,WS_SEND_END,1516293167903,48
548,WS_RECV_START,1516293167903,49
548,WS_RECV_END,1516293168846,49
548,PLAYER_SLEEPBEFORE_START,1516293168846,50
548,PLAYER_SLEEPBEFORE_END,1516293168870,50
548,WS_SEND_START,1516293168870,50
548,WS_SEND_END,1516293168870,50
548,WS_RECV_START,1516293168870,51
548,WS_RECV_END,1516293169646,51
548,PLAYER_SLEEPBEFORE_START,1516293169646,52
548,PLAYER_SLEEPBEFORE_END,1516293192210,52
548,WS_SEND_START,1516293192210,52
548,WS_SEND_END,1516293192210,52
548,WS_RECV_START,1516293192210,53
548,WS_RECV_END,1516293195568,53
548,PLAYER_SLEEPBEFORE_START,1516293195568,54
548,PLAYER_SLEEPBEFORE_END,1516293216871,54
548,WS_SEND_START,1516293216872,54
548,WS_SEND_END,1516293216872,54
548,PLAYER_SLEEPBEFORE_START,1516293216872,55
548,PLAYER_SLEEPBEFORE_END,1516293218813,55
548,WS_SEND_START,1516293218813,55
548,WS_SEND_END,1516293218813,55
548,WS_RECV_START,1516293218813,56
548,WS_RECV_END,1516293219522,56
548,PLAYER_SLEEPBEFORE_START,1516293219522,57
548,PLAYER_SLEEPBEFORE_END,1516293242394,57
548,WS_SEND_START,1516293242394,57
548,WS_SEND_END,1516293242395,57
548,WS_RECV_START,1516293242395,58
548,WS_RECV_END,1516293244739,58
548,PLAYER_SLEEPBEFORE_START,1516293244739,59
548,PLAYER_SLEEPBEFORE_END,1516293247067,59
548,WS_SEND_START,1516293247067,59
548,WS_SEND_END,1516293247067,59
548,WS_RECV_START,1516293247067,60
548,WS_RECV_END,1516293249614,60
548,PLAYER_SLEEPBEFORE_START,1516293249614,61
548,PLAYER_SLEEPBEFORE_END,1516293253205,61
548,WS_SEND_START,1516293253205,61
548,WS_SEND_END,1516293253206,61
548,WS_RECV_START,1516293253206,62
548,WS_RECV_END,1516293256475,62
548,PLAYER_SLEEPBEFORE_START,1516293256475,63
548,PLAYER_SLEEPBEFORE_END,1516293275738,63
548,WS_SEND_START,1516293275738,63
548,WS_SEND_END,1516293275738,63
548,WS_RECV_START,1516293275738,64
548,WS_RECV_END,1516293278413,64
548,PLAYER_SLEEPBEFORE_START,1516293278413,65
548,PLAYER_SLEEPBEFORE_END,1516293305230,65
548,WS_SEND_START,1516293305230,65
548,WS_SEND_END,1516293305230,65
548,WS_RECV_START,1516293305230,66
548,WS_RECV_END,1516293310815,66
548,PLAYER_SLEEPBEFORE_START,1516293310815,67
548,PLAYER_SLEEPBEFORE_END,1516293312322,67
548,WS_SEND_START,1516293312322,67
548,WS_SEND_END,1516293312322,67
548,WS_RECV_START,1516293312322,68
548,WS_RECV_END,1516293317387,68
548,PLAYER_SLEEPBEFORE_START,1516293317387,69
548,PLAYER_SLEEPBEFORE_END,1516293339385,69
548,WS_SEND_START,1516293339385,69
548,WS_SEND_END,1516293339385,69
548,WS_RECV_START,1516293339385,70
548,WS_RECV_END,1516293343896,70
548,PLAYER_SLEEPBEFORE_START,1516293343896,71
548,PLAYER_SLEEPBEFORE_END,1516293368672,71
548,WS_SEND_START,1516293368672,71
548,WS_SEND_END,1516293368672,71
548,PLAYER_SLEEPBEFORE_START,1516293368672,72
548,PLAYER_SLEEPBEFORE_END,1516293371279,72
548,WS_SEND_START,1516293371279,72
548,WS_SEND_END,1516293371279,72
548,WS_RECV_START,1516293371279,73
548,WS_RECV_END,1516293373654,73
548,PLAYER_SLEEPBEFORE_START,1516293373654,74
548,PLAYER_SLEEPBEFORE_END,1516293373663,74
548,WS_SEND_START,1516293373663,74
548,WS_SEND_END,1516293373663,74
548,WS_RECV_START,1516293373663,75
548,WS_RECV_END,1516293376329,75
548,PLAYER_SLEEPBEFORE_START,1516293376329,76
548,PLAYER_SLEEPBEFORE_END,1516293377835,76
548,WS_SEND_START,1516293377835,76
548,WS_SEND_END,1516293377835,76
548,WS_RECV_START,1516293377835,77
548,WS_RECV_END,1516293380668,77
548,PLAYER_SLEEPBEFORE_START,1516293380668,78
548,PLAYER_SLEEPBEFORE_END,1516293381536,78
548,WS_SEND_START,1516293381536,78
548,WS_SEND_END,1516293381536,78
548,WS_RECV_START,1516293381536,79
548,WS_RECV_END,1516293384711,79
548,PLAYER_SLEEPBEFORE_START,1516293384711,80
548,PLAYER_SLEEPBEFORE_END,1516293392377,80
548,WS_SEND_START,1516293392377,80
548,WS_SEND_END,1516293392377,80
548,WS_RECV_START,1516293392377,81
548,WS_RECV_END,1516293396909,81
548,PLAYER_SLEEPBEFORE_START,1516293396909,82
548,PLAYER_SLEEPBEFORE_END,1516293398011,82
548,WS_SEND_START,1516293398011,82
548,WS_SEND_END,1516293398011,82
548,WS_RECV_START,1516293398011,83
548,WS_RECV_END,1516293403063,83
548,PLAYER_SLEEPBEFORE_START,1516293403063,84
548,PLAYER_SLEEPBEFORE_END,1516293404010,84
548,WS_SEND_START,1516293404010,84
548,WS_SEND_END,1516293404010,84
548,WS_RECV_START,1516293404010,85
548,WS_RECV_END,1516293405289,85
548,PLAYER_SLEEPBEFORE_START,1516293405289,86
548,PLAYER_SLEEPBEFORE_END,1516293409461,86
548,WS_SEND_START,1516293409461,86
548,WS_SEND_END,1516293409461,86
548,WS_RECV_START,1516293409461,87
548,WS_RECV_END,1516293413209,87
548,PLAYER_SLEEPBEFORE_START,1516293413209,88
548,PLAYER_SLEEPBEFORE_END,1516293413217,88
548,WS_SEND_START,1516293413217,88
548,WS_SEND_END,1516293413217,88
548,WS_RECV_START,1516293413217,89
548,WS_RECV_END,1516293415838,89
548,PLAYER_SLEEPBEFORE_START,1516293415838,90
548,PLAYER_SLEEPBEFORE_END,1516293443035,90
548,REQ_START,1516293443035,90
548,REQ_END,1516293443042,90
548,PLAYER_SLEEPBEFORE_START,1516293443042,91
548,PLAYER_SLEEPBEFORE_END,1516293450931,91
548,WS_SEND_START,1516293450932,91
548,WS_SEND_END,1516293450932,91
548,WS_RECV_START,1516293450932,92
548,WS_RECV_END,1516293456242,92
548,PLAYER_SLEEPBEFORE_START,1516293456242,93
548,PLAYER_SLEEPBEFORE_END,1516293456257,93
548,WS_SEND_START,1516293456257,93
548,WS_SEND_END,1516293456257,93
548,WS_RECV_START,1516293456257,94
548,WS_RECV_END,1516293459836,94
548,PLAYER_SLEEPBEFORE_START,1516293459836,95
548,PLAYER_SLEEPBEFORE_END,1516293483391,95
548,WS_SEND_START,1516293483391,95
548,WS_SEND_END,1516293483391,95
548,WS_RECV_START,1516293483391,96
548,WS_RECV_END,1516293487953,96
548,PLAYER_SLEEPBEFORE_START,1516293487953,97
548,PLAYER_SLEEPBEFORE_END,1516293510394,97
548,WS_SEND_START,1516293510394,97
548,WS_SEND_END,1516293510394,97
548,WS_RECV_START,1516293510394,98
548,WS_RECV_END,1516293515593,98
548,PLAYER_SLEEPBEFORE_START,1516293515593,99
548,PLAYER_SLEEPBEFORE_END,1516293515614,99
548,WS_SEND_START,1516293515614,99
548,WS_SEND_END,1516293515614,99
548,WS_RECV_START,1516293515614,100
548,WS_RECV_END,1516293517449,100
548,PLAYER_SLEEPBEFORE_START,1516293517449,101
548,PLAYER_SLEEPBEFORE_END,1516293541008,101
548,WS_SEND_START,1516293541008,101
548,WS_SEND_END,1516293541009,101
548,WS_RECV_START,1516293541009,102
548,WS_RECV_END,1516293544708,102
548,PLAYER_SLEEPBEFORE_START,1516293544708,103
548,PLAYER_SLEEPBEFORE_END,1516293568334,103
548,WS_SEND_START,1516293568334,103
548,WS_SEND_END,1516293568334,103
548,WS_RECV_START,1516293568334,104
548,WS_RECV_END,1516293576796,104
548,PLAYER_SLEEPBEFORE_START,1516293576796,105
548,PLAYER_SLEEPBEFORE_END,1516293602173,105
548,WS_SEND_START,1516293602173,105
548,WS_SEND_END,1516293602173,105
548,WS_RECV_START,1516293602173,106
548,WS_RECV_END,1516293608090,106
548,PLAYER_SLEEPBEFORE_START,1516293608090,107
548,PLAYER_SLEEPBEFORE_END,1516293631513,107
548,WS_SEND_START,1516293631513,107
548,WS_SEND_END,1516293631513,107
548,WS_RECV_START,1516293631513,108
548,WS_RECV_END,1516293637777,108
548,PLAYER_SLEEPBEFORE_START,1516293637777,109
548,PLAYER_SLEEPBEFORE_END,1516293637786,109
548,WS_SEND_START,1516293637786,109
548,WS_SEND_END,1516293637786,109
548,WS_RECV_START,1516293637786,110
548,WS_RECV_END,1516293640986,110
548,PLAYER_SLEEPBEFORE_START,1516293640986,111
548,PLAYER_SLEEPBEFORE_END,1516293641945,111
548,WS_SEND_START,1516293641945,111
548,WS_SEND_END,1516293641945,111
548,WS_RECV_START,1516293641945,112
548,WS_RECV_END,1516293645930,112
548,PLAYER_SLEEPBEFORE_START,1516293645930,113
548,PLAYER_SLEEPBEFORE_END,1516293646492,113
548,WS_SEND_START,1516293646492,113
548,WS_SEND_END,1516293646492,113
548,WS_RECV_START,1516293646492,114
548,WS_RECV_END,1516293651448,114
548,PLAYER_SLEEPBEFORE_START,1516293651448,115
548,PLAYER_SLEEPBEFORE_END,1516293651457,115
548,WS_SEND_START,1516293651457,115
548,WS_SEND_END,1516293651457,115
548,WS_RECV_START,1516293651457,116
548,WS_RECV_END,1516293656324,116
548,PLAYER_SLEEPBEFORE_START,1516293656324,117
548,PLAYER_SLEEPBEFORE_END,1516293676684,117
548,WS_SEND_START,1516293676684,117
548,WS_SEND_END,1516293676685,117
548,PLAYER_SLEEPBEFORE_START,1516293676685,118
548,PLAYER_SLEEPBEFORE_END,1516293680437,118
548,WS_SEND_START,1516293680437,118
548,WS_SEND_END,1516293680437,118
548,WS_RECV_START,1516293680437,119
548,WS_RECV_END,1516293683961,119
548,PLAYER_SLEEPBEFORE_START,1516293683961,120
548,PLAYER_SLEEPBEFORE_END,1516293684949,120
548,WS_SEND_START,1516293684949,120
548,WS_SEND_END,1516293684949,120
548,WS_RECV_START,1516293684949,121
548,WS_RECV_END,1516293687525,121
548,PLAYER_SLEEPBEFORE_START,1516293687525,122
548,PLAYER_SLEEPBEFORE_END,1516293688711,122
548,WS_SEND_START,1516293688711,122
548,WS_SEND_END,1516293688711,122
548,WS_RECV_START,1516293688711,123
548,WS_RECV_END,1516293691754,123
548,PLAYER_SLEEPBEFORE_START,1516293691754,124
548,PLAYER_SLEEPBEFORE_END,1516293716159,124
548,WS_SEND_START,1516293716159,124
548,WS_SEND_END,1516293716159,124
548,WS_RECV_START,1516293716159,125
548,WS_RECV_END,1516293722171,125
548,PLAYER_SLEEPBEFORE_START,1516293722171,126
548,PLAYER_SLEEPBEFORE_END,1516293742683,126
548,WS_SEND_START,1516293742683,126
548,WS_SEND_END,1516293742683,126
548,PLAYER_SLEEPBEFORE_START,1516293742683,127
548,PLAYER_SLEEPBEFORE_END,1516293745738,127
548,WS_SEND_START,1516293745738,127
548,WS_SEND_END,1516293745738,127
548,WS_RECV_START,1516293745738,128
548,WS_RECV_END,1516293747405,128
548,PLAYER_SLEEPBEFORE_START,1516293747405,129
548,PLAYER_SLEEPBEFORE_END,1516293747425,129
548,WS_SEND_START,1516293747425,129
548,WS_SEND_END,1516293747425,129
548,WS_RECV_START,1516293747425,130
548,WS_RECV_END,1516293749582,130
548,PLAYER_SLEEPBEFORE_START,1516293749582,131
548,PLAYER_SLEEPBEFORE_END,1516293771206,131
548,WS_SEND_START,1516293771206,131
548,WS_SEND_END,1516293771206,131
548,PLAYER_SLEEPBEFORE_START,1516293771206,132
548,PLAYER_SLEEPBEFORE_END,1516293774286,132
548,WS_SEND_START,1516293774286,132
548,WS_SEND_END,1516293774286,132
548,WS_RECV_START,1516293774286,133
548,WS_RECV_END,1516293777176,133
548,PLAYER_SLEEPBEFORE_START,1516293777176,134
548,PLAYER_SLEEPBEFORE_END,1516293798393,134
548,WS_SEND_START,1516293798393,134
548,WS_SEND_END,1516293798393,134
548,PLAYER_SLEEPBEFORE_START,1516293798393,135
548,PLAYER_SLEEPBEFORE_END,1516293801583,135
548,WS_SEND_START,1516293801583,135
548,WS_SEND_END,1516293801583,135
548,WS_RECV_START,1516293801583,136
548,WS_RECV_END,1516293803175,136
548,PLAYER_SLEEPBEFORE_START,1516293803175,137
548,PLAYER_SLEEPBEFORE_END,1516293803182,137
548,WS_SEND_START,1516293803182,137
548,WS_SEND_END,1516293803182,137
548,WS_RECV_START,1516293803182,138
548,WS_RECV_END,1516293803719,138
548,PLAYER_SLEEPBEFORE_START,1516293803719,139
548,PLAYER_SLEEPBEFORE_END,1516293804409,139
548,WS_SEND_START,1516293804409,139
548,WS_SEND_END,1516293804409,139
548,WS_RECV_START,1516293804409,140
548,WS_RECV_END,1516293804568,140
548,PLAYER_SLEEPBEFORE_START,1516293804568,141
548,PLAYER_SLEEPBEFORE_END,1516293805223,141
548,WS_SEND_START,1516293805223,141
548,WS_SEND_END,1516293805223,141
548,WS_RECV_START,1516293805223,142
548,WS_RECV_END,1516293806583,142
548,PLAYER_SLEEPBEFORE_START,1516293806583,143
548,PLAYER_SLEEPBEFORE_END,1516293806640,143
548,WS_SEND_START,1516293806640,143
548,WS_SEND_END,1516293806640,143
548,WS_RECV_START,1516293806640,144
548,WS_RECV_END,1516293807060,144
548,PLAYER_SLEEPBEFORE_START,1516293807060,145
548,PLAYER_SLEEPBEFORE_END,1516293823122,145
548,REQ_START,1516293823122,145
548,REQ_END,1516293823130,145
548,PLAYER_SLEEPBEFORE_START,1516293823130,146
548,PLAYER_SLEEPBEFORE_END,1516293832007,146
548,WS_SEND_START,1516293832007,146
548,WS_SEND_END,1516293832008,146
548,WS_RECV_START,1516293832008,147
548,WS_RECV_END,1516293832832,147
548,PLAYER_SLEEPBEFORE_START,1516293832832,148
548,PLAYER_SLEEPBEFORE_END,1516293854754,148
548,WS_SEND_START,1516293854754,148
548,WS_SEND_END,1516293854754,148
548,PLAYER_SLEEPBEFORE_START,1516293854754,149
548,PLAYER_SLEEPBEFORE_END,1516293857182,149
548,WS_SEND_START,1516293857182,149
548,WS_SEND_END,1516293857183,149
548,WS_RECV_START,1516293857183,150
548,WS_RECV_END,1516293857323,150
548,PLAYER_SLEEPBEFORE_START,1516293857323,151
548,PLAYER_SLEEPBEFORE_END,1516293857533,151
548,WS_SEND_START,1516293857533,151
548,WS_SEND_END,1516293857533,151
548,WS_RECV_START,1516293857533,152
548,WS_RECV_END,1516293857885,152
548,PLAYER_SLEEPBEFORE_START,1516293857885,153
548,PLAYER_SLEEPBEFORE_END,1516293881812,153
548,WS_SEND_START,1516293881812,153
548,WS_SEND_END,1516293881812,153
548,WS_RECV_START,1516293881812,154
548,WS_RECV_END,1516293882123,154
548,PLAYER_SLEEPBEFORE_START,1516293882123,155
548,PLAYER_SLEEPBEFORE_END,1516293904681,155
548,WS_SEND_START,1516293904681,155
548,WS_SEND_END,1516293904681,155
548,PLAYER_SLEEPBEFORE_START,1516293904681,156
548,PLAYER_SLEEPBEFORE_END,1516293907956,156
548,WS_SEND_START,1516293907956,156
548,WS_SEND_END,1516293907956,156
548,WS_RECV_START,1516293907956,157
548,WS_RECV_END,1516293907984,157
548,PLAYER_SLEEPBEFORE_START,1516293907984,158
548,PLAYER_SLEEPBEFORE_END,1516293907994,158
548,WS_SEND_START,1516293907994,158
548,WS_SEND_END,1516293907994,158
548,WS_RECV_START,1516293907994,159
548,WS_RECV_END,1516293908035,159
548,PLAYER_SLEEPBEFORE_START,1516293908035,160
548,PLAYER_SLEEPBEFORE_END,1516293908210,160
548,WS_SEND_START,1516293908210,160
548,WS_SEND_END,1516293908210,160
548,WS_RECV_START,1516293908210,161
548,WS_RECV_END,1516293908332,161
548,PLAYER_SLEEPBEFORE_START,1516293908332,162
548,PLAYER_SLEEPBEFORE_END,1516293908357,162
548,WS_SEND_START,1516293908357,162
548,WS_SEND_END,1516293908357,162
548,WS_RECV_START,1516293908357,163
548,WS_RECV_END,1516293908483,163
548,PLAYER_SLEEPBEFORE_START,1516293908483,164
548,PLAYER_SLEEPBEFORE_END,1516293929295,164
548,WS_SEND_START,1516293929295,164
548,WS_SEND_END,1516293929295,164
548,WS_RECV_START,1516293929295,165
548,WS_RECV_END,1516293929416,165
548,PLAYER_SLEEPBEFORE_START,1516293929416,166
548,PLAYER_SLEEPBEFORE_END,1516293951871,166
548,WS_SEND_START,1516293951871,166
548,WS_SEND_END,1516293951871,166
548,WS_RECV_START,1516293951871,167
548,WS_RECV_END,1516293951998,167
548,PLAYER_SLEEPBEFORE_START,1516293951998,168
548,PLAYER_SLEEPBEFORE_END,1516293979356,168
548,WS_SEND_START,1516293979356,168
548,WS_SEND_END,1516293979356,168
548,WS_RECV_START,1516293979356,169
548,WS_RECV_END,1516293979382,169
548,PLAYER_SLEEPBEFORE_START,1516293979382,170
548,PLAYER_SLEEPBEFORE_END,1516293979391,170
548,WS_SEND_START,1516293979391,170
548,WS_SEND_END,1516293979391,170
548,WS_RECV_START,1516293979391,171
548,WS_RECV_END,1516293979431,171
548,PLAYER_SLEEPBEFORE_START,1516293979431,172
548,PLAYER_SLEEPBEFORE_END,1516293979800,172
548,WS_SEND_START,1516293979800,172
548,WS_SEND_END,1516293979800,172
548,WS_RECV_START,1516293979800,173
548,WS_RECV_END,1516293979911,173
548,PLAYER_SLEEPBEFORE_START,1516293979911,174
548,PLAYER_SLEEPBEFORE_END,1516293979952,174
548,WS_SEND_START,1516293979952,174
548,WS_SEND_END,1516293979952,174
548,WS_RECV_START,1516293979952,175
548,WS_RECV_END,1516293980061,175
548,PLAYER_SLEEPBEFORE_START,1516293980061,176
548,PLAYER_SLEEPBEFORE_END,1516294001822,176
548,WS_SEND_START,1516294001822,176
548,WS_SEND_END,1516294001822,176
548,PLAYER_SLEEPBEFORE_START,1516294001822,177
548,PLAYER_SLEEPBEFORE_END,1516294004340,177
548,WS_SEND_START,1516294004340,177
548,WS_SEND_END,1516294004340,177
548,WS_RECV_START,1516294004340,178
548,WS_RECV_END,1516294004491,178
548,PLAYER_SLEEPBEFORE_START,1516294004491,179
548,PLAYER_SLEEPBEFORE_END,1516294026831,179
548,WS_SEND_START,1516294026831,179
548,WS_SEND_END,1516294026831,179
548,WS_RECV_START,1516294026831,180
548,WS_RECV_END,1516294026975,180
548,PLAYER_SLEEPBEFORE_START,1516294026975,181
548,PLAYER_SLEEPBEFORE_END,1516294027419,181
548,WS_SEND_START,1516294027419,181
548,WS_SEND_END,1516294027419,181
548,WS_RECV_START,1516294027419,182
548,WS_RECV_END,1516294027526,182
548,PLAYER_SLEEPBEFORE_START,1516294027526,183
548,PLAYER_SLEEPBEFORE_END,1516294028049,183
548,WS_SEND_START,1516294028049,183
548,WS_SEND_END,1516294028049,183
548,WS_RECV_START,1516294028049,184
548,WS_RECV_END,1516294028168,184
548,PLAYER_SLEEPBEFORE_START,1516294028168,185
548,PLAYER_SLEEPBEFORE_END,1516294028436,185
548,WS_SEND_START,1516294028436,185
548,WS_SEND_END,1516294028436,185
548,WS_RECV_START,1516294028436,186
548,WS_RECV_END,1516294028589,186
548,PLAYER_SLEEPBEFORE_START,1516294028589,187
548,PLAYER_SLEEPBEFORE_END,1516294051089,187
548,WS_SEND_START,1516294051089,187
548,WS_SEND_END,1516294051089,187
548,WS_RECV_START,1516294051089,188
548,WS_RECV_END,1516294051147,188
548,PLAYER_SLEEPBEFORE_START,1516294051147,189
548,PLAYER_SLEEPBEFORE_END,1516294057386,189
548,WS_SEND_START,1516294057386,189
548,WS_SEND_END,1516294057386,189
548,WS_RECV_START,1516294057386,190
548,WS_RECV_END,1516294057529,190
548,PLAYER_SLEEPBEFORE_START,1516294057529,191
548,PLAYER_SLEEPBEFORE_END,1516294059445,191
548,WS_SEND_START,1516294059445,191
548,WS_SEND_END,1516294059445,191
548,WS_RECV_START,1516294059445,192
548,WS_RECV_END,1516294059559,192
548,PLAYER_SLEEPBEFORE_START,1516294059559,193
548,PLAYER_SLEEPBEFORE_END,1516294059687,193
548,WS_SEND_START,1516294059687,193
548,WS_SEND_END,1516294059687,193
548,WS_RECV_START,1516294059687,194
548,WS_RECV_END,1516294059820,194
548,PLAYER_SLEEPBEFORE_START,1516294059820,195
548,PLAYER_SLEEPBEFORE_END,1516294061576,195
548,WS_SEND_START,1516294061576,195
548,WS_SEND_END,1516294061576,195
548,WS_RECV_START,1516294061576,196
548,WS_RECV_END,1516294061678,196
548,PLAYER_SLEEPBEFORE_START,1516294061678,197
548,PLAYER_SLEEPBEFORE_END,1516294063482,197
548,WS_SEND_START,1516294063482,197
548,WS_SEND_END,1516294063483,197
548,WS_RECV_START,1516294063483,198
548,WS_RECV_END,1516294063714,198
548,PLAYER_SLEEPBEFORE_START,1516294063714,199
548,PLAYER_SLEEPBEFORE_END,1516294075568,199
548,WS_SEND_START,1516294075568,199
548,WS_SEND_END,1516294075568,199
548,PLAYER_SLEEPBEFORE_START,1516294075568,200
548,PLAYER_SLEEPBEFORE_END,1516294079656,200
548,WS_SEND_START,1516294079656,200
548,WS_SEND_END,1516294079656,200
548,WS_RECV_START,1516294079656,201
548,WS_RECV_END,1516294079784,201
548,PLAYER_SLEEPBEFORE_START,1516294079784,202
548,PLAYER_SLEEPBEFORE_END,1516294079798,202
548,WS_SEND_START,1516294079798,202
548,WS_SEND_END,1516294079798,202
548,WS_RECV_START,1516294079798,203
548,WS_RECV_END,1516294079925,203
548,PLAYER_SLEEPBEFORE_START,1516294079925,204
548,PLAYER_SLEEPBEFORE_END,1516294099574,204
548,WS_SEND_START,1516294099574,204
548,WS_SEND_END,1516294099574,204
548,PLAYER_SLEEPBEFORE_START,1516294099574,205
548,PLAYER_SLEEPBEFORE_END,1516294103472,205
548,WS_SEND_START,1516294103472,205
548,WS_SEND_END,1516294103472,205
548,WS_RECV_START,1516294103472,206
548,WS_RECV_END,1516294103576,206
548,PLAYER_SLEEPBEFORE_START,1516294103576,207
548,PLAYER_SLEEPBEFORE_END,1516294120507,207
548,REQ_START,1516294120507,207
548,REQ_END,1516294120514,207
548,PLAYER_SLEEPBEFORE_START,1516294120514,208
548,PLAYER_SLEEPBEFORE_END,1516294127366,208
548,WS_CLOSE_START,1516294127366,208
548,WS_CLOSE_END,1516294127366,208
548,PLAYER_DONE,1516294127366
