# --sessions 630 --app-url=http://shinyloadtest.rstudioservices.com/cran_explorer --output-dir test630 --overwrite-output --log-level warn --start-interval 800 15min.log
thread_id,event,timestamp,input_line_number,comment
7,PLAYER_SESSION_CREATE,1516292633426
7,PLAYER_START_INTERVAL_START,1516292633426
7,PLAYER_START_INTERVAL_END,1516292639026
7,REQ_HOME_START,1516292639026,2
7,REQ_HOME_END,1516292639113,2
7,REQ_START,1516292639113,3
7,REQ_END,1516292639145,3
7,REQ_START,1516292639145,4
7,REQ_END,1516292639177,4
7,REQ_START,1516292639177,5
7,REQ_END,1516292639212,5
7,REQ_START,1516292639212,6
7,REQ_END,1516292639246,6
7,REQ_START,1516292639246,7
7,REQ_END,1516292639278,7
7,REQ_START,1516292639278,8
7,REQ_END,1516292639313,8
7,REQ_START,1516292639313,9
7,REQ_END,1516292639350,9
7,REQ_START,1516292639350,10
7,REQ_END,1516292639359,10
7,REQ_START,1516292639359,11
7,REQ_END,1516292639391,11
7,REQ_START,1516292639391,12
7,REQ_END,1516292639401,12
7,REQ_START,1516292639401,13
7,REQ_END,1516292639433,13
7,REQ_START,1516292639433,14
7,REQ_END,1516292639448,14
7,REQ_START,1516292639448,15
7,REQ_END,1516292639482,15
7,REQ_TOK_START,1516292639482,16
7,REQ_TOK_END,1516292639490,16
7,REQ_SINF_START,1516292639490,17
7,REQ_SINF_END,1516292639498,17
7,WS_OPEN_START,1516292639498,18
7,WS_OPEN_END,1516292639505,18
7,REQ_START,1516292639505,19
7,REQ_END,1516292639539,19
7,WS_RECV_START,1516292639539,20
7,WS_RECV_END,1516292639539,20
7,PLAYER_SLEEPBEFORE_START,1516292639539,21
7,PLAYER_SLEEPBEFORE_END,1516292639544,21
7,WS_SEND_START,1516292639544,21
7,WS_SEND_END,1516292639544,21
7,PLAYER_SLEEPBEFORE_START,1516292639544,22
7,PLAYER_SLEEPBEFORE_END,1516292639545,22
7,WS_SEND_START,1516292639545,22
7,WS_SEND_END,1516292639545,22
7,WS_RECV_INIT_START,1516292639545,23
7,WS_RECV_INIT_END,1516292639564,23
7,WS_RECV_START,1516292639564,24
7,WS_RECV_END,1516292639613,24
7,PLAYER_SLEEPBEFORE_START,1516292639613,25
7,PLAYER_SLEEPBEFORE_END,1516292639620,25
7,REQ_START,1516292639620,25
7,REQ_END,1516292639652,25
7,PLAYER_SLEEPBEFORE_START,1516292639653,26
7,PLAYER_SLEEPBEFORE_END,1516292639654,26
7,REQ_START,1516292639654,26
7,REQ_END,1516292639685,26
7,PLAYER_SLEEPBEFORE_START,1516292639685,27
7,PLAYER_SLEEPBEFORE_END,1516292639689,27
7,REQ_START,1516292639689,27
7,REQ_END,1516292639721,27
7,PLAYER_SLEEPBEFORE_START,1516292639721,28
7,PLAYER_SLEEPBEFORE_END,1516292640006,28
7,REQ_START,1516292640006,28
7,REQ_END,1516292640058,28
7,PLAYER_SLEEPBEFORE_START,1516292640058,29
7,PLAYER_SLEEPBEFORE_END,1516292640233,29
7,WS_SEND_START,1516292640233,29
7,WS_SEND_END,1516292640233,29
7,WS_RECV_START,1516292640233,30
7,WS_RECV_END,1516292640341,30
7,PLAYER_SLEEPBEFORE_START,1516292640341,31
7,PLAYER_SLEEPBEFORE_END,1516292640352,31
7,REQ_START,1516292640352,31
7,REQ_END,1516292640387,31
7,PLAYER_SLEEPBEFORE_START,1516292640387,32
7,PLAYER_SLEEPBEFORE_END,1516292668532,32
7,WS_SEND_START,1516292668532,32
7,WS_SEND_END,1516292668532,32
7,WS_RECV_START,1516292668532,33
7,WS_RECV_END,1516292668619,33
7,PLAYER_SLEEPBEFORE_START,1516292668619,34
7,PLAYER_SLEEPBEFORE_END,1516292694530,34
7,WS_SEND_START,1516292694530,34
7,WS_SEND_END,1516292694530,34
7,WS_RECV_START,1516292694530,35
7,WS_RECV_END,1516292694554,35
7,PLAYER_SLEEPBEFORE_START,1516292694554,36
7,PLAYER_SLEEPBEFORE_END,1516292694563,36
7,WS_SEND_START,1516292694563,36
7,WS_SEND_END,1516292694563,36
7,WS_RECV_START,1516292694563,37
7,WS_RECV_END,1516292694604,37
7,PLAYER_SLEEPBEFORE_START,1516292694604,38
7,PLAYER_SLEEPBEFORE_END,1516292697799,38
7,WS_SEND_START,1516292697799,38
7,WS_SEND_END,1516292697799,38
7,WS_RECV_START,1516292697799,39
7,WS_RECV_END,1516292697914,39
7,PLAYER_SLEEPBEFORE_START,1516292697914,40
7,PLAYER_SLEEPBEFORE_END,1516292697960,40
7,WS_SEND_START,1516292697960,40
7,WS_SEND_END,1516292697960,40
7,WS_RECV_START,1516292697960,41
7,WS_RECV_END,1516292698066,41
7,PLAYER_SLEEPBEFORE_START,1516292698066,42
7,PLAYER_SLEEPBEFORE_END,1516292716202,42
7,WS_SEND_START,1516292716202,42
7,WS_SEND_END,1516292716202,42
7,WS_RECV_START,1516292716202,43
7,WS_RECV_END,1516292716228,43
7,PLAYER_SLEEPBEFORE_START,1516292716228,44
7,PLAYER_SLEEPBEFORE_END,1516292716241,44
7,WS_SEND_START,1516292716241,44
7,WS_SEND_END,1516292716241,44
7,WS_RECV_START,1516292716241,45
7,WS_RECV_END,1516292716296,45
7,PLAYER_SLEEPBEFORE_START,1516292716296,46
7,PLAYER_SLEEPBEFORE_END,1516292717556,46
7,WS_SEND_START,1516292717556,46
7,WS_SEND_END,1516292717556,46
7,WS_RECV_START,1516292717556,47
7,WS_RECV_END,1516292717588,47
7,PLAYER_SLEEPBEFORE_START,1516292717588,48
7,PLAYER_SLEEPBEFORE_END,1516292718908,48
7,WS_SEND_START,1516292718908,48
7,WS_SEND_END,1516292718908,48
7,WS_RECV_START,1516292718908,49
7,WS_RECV_END,1516292719008,49
7,PLAYER_SLEEPBEFORE_START,1516292719008,50
7,PLAYER_SLEEPBEFORE_END,1516292719032,50
7,WS_SEND_START,1516292719032,50
7,WS_SEND_END,1516292719032,50
7,WS_RECV_START,1516292719032,51
7,WS_RECV_END,1516292719170,51
7,PLAYER_SLEEPBEFORE_START,1516292719170,52
7,PLAYER_SLEEPBEFORE_END,1516292741734,52
7,WS_SEND_START,1516292741734,52
7,WS_SEND_END,1516292741734,52
7,WS_RECV_START,1516292741734,53
7,WS_RECV_END,1516292741868,53
7,PLAYER_SLEEPBEFORE_START,1516292741868,54
7,PLAYER_SLEEPBEFORE_END,1516292763171,54
7,WS_SEND_START,1516292763171,54
7,WS_SEND_END,1516292763171,54
7,PLAYER_SLEEPBEFORE_START,1516292763171,55
7,PLAYER_SLEEPBEFORE_END,1516292765112,55
7,WS_SEND_START,1516292765112,55
7,WS_SEND_END,1516292765112,55
7,WS_RECV_START,1516292765112,56
7,WS_RECV_END,1516292765158,56
7,PLAYER_SLEEPBEFORE_START,1516292765158,57
7,PLAYER_SLEEPBEFORE_END,1516292788031,57
7,WS_SEND_START,1516292788031,57
7,WS_SEND_END,1516292788031,57
7,WS_RECV_START,1516292788031,58
7,WS_RECV_END,1516292788128,58
7,PLAYER_SLEEPBEFORE_START,1516292788128,59
7,PLAYER_SLEEPBEFORE_END,1516292790455,59
7,WS_SEND_START,1516292790455,59
7,WS_SEND_END,1516292790455,59
7,WS_RECV_START,1516292790455,60
7,WS_RECV_END,1516292790547,60
7,PLAYER_SLEEPBEFORE_START,1516292790547,61
7,PLAYER_SLEEPBEFORE_END,1516292794138,61
7,WS_SEND_START,1516292794138,61
7,WS_SEND_END,1516292794138,61
7,WS_RECV_START,1516292794138,62
7,WS_RECV_END,1516292794245,62
7,PLAYER_SLEEPBEFORE_START,1516292794245,63
7,PLAYER_SLEEPBEFORE_END,1516292813507,63
7,WS_SEND_START,1516292813507,63
7,WS_SEND_END,1516292813507,63
7,WS_RECV_START,1516292813507,64
7,WS_RECV_END,1516292813577,64
7,PLAYER_SLEEPBEFORE_START,1516292813577,65
7,PLAYER_SLEEPBEFORE_END,1516292840394,65
7,WS_SEND_START,1516292840394,65
7,WS_SEND_END,1516292840394,65
7,WS_RECV_START,1516292840394,66
7,WS_RECV_END,1516292840567,66
7,PLAYER_SLEEPBEFORE_START,1516292840567,67
7,PLAYER_SLEEPBEFORE_END,1516292842075,67
7,WS_SEND_START,1516292842075,67
7,WS_SEND_END,1516292842075,67
7,WS_RECV_START,1516292842075,68
7,WS_RECV_END,1516292842192,68
7,PLAYER_SLEEPBEFORE_START,1516292842192,69
7,PLAYER_SLEEPBEFORE_END,1516292864190,69
7,WS_SEND_START,1516292864190,69
7,WS_SEND_END,1516292864190,69
7,WS_RECV_START,1516292864190,70
7,WS_RECV_END,1516292864284,70
7,PLAYER_SLEEPBEFORE_START,1516292864284,71
7,PLAYER_SLEEPBEFORE_END,1516292889059,71
7,WS_SEND_START,1516292889059,71
7,WS_SEND_END,1516292889059,71
7,PLAYER_SLEEPBEFORE_START,1516292889059,72
7,PLAYER_SLEEPBEFORE_END,1516292891666,72
7,WS_SEND_START,1516292891666,72
7,WS_SEND_END,1516292891666,72
7,WS_RECV_START,1516292891666,73
7,WS_RECV_END,1516292891695,73
7,PLAYER_SLEEPBEFORE_START,1516292891696,74
7,PLAYER_SLEEPBEFORE_END,1516292891705,74
7,WS_SEND_START,1516292891705,74
7,WS_SEND_END,1516292891705,74
7,WS_RECV_START,1516292891705,75
7,WS_RECV_END,1516292891748,75
7,PLAYER_SLEEPBEFORE_START,1516292891748,76
7,PLAYER_SLEEPBEFORE_END,1516292893254,76
7,WS_SEND_START,1516292893254,76
7,WS_SEND_END,1516292893254,76
7,WS_RECV_START,1516292893254,77
7,WS_RECV_END,1516292893280,77
7,PLAYER_SLEEPBEFORE_START,1516292893280,78
7,PLAYER_SLEEPBEFORE_END,1516292894148,78
7,WS_SEND_START,1516292894148,78
7,WS_SEND_END,1516292894148,78
7,WS_RECV_START,1516292894148,79
7,WS_RECV_END,1516292894302,79
7,PLAYER_SLEEPBEFORE_START,1516292894302,80
7,PLAYER_SLEEPBEFORE_END,1516292901968,80
7,WS_SEND_START,1516292901968,80
7,WS_SEND_END,1516292901968,80
7,WS_RECV_START,1516292901968,81
7,WS_RECV_END,1516292901996,81
7,PLAYER_SLEEPBEFORE_START,1516292901996,82
7,PLAYER_SLEEPBEFORE_END,1516292903098,82
7,WS_SEND_START,1516292903098,82
7,WS_SEND_END,1516292903098,82
7,WS_RECV_START,1516292903098,83
7,WS_RECV_END,1516292903202,83
7,PLAYER_SLEEPBEFORE_START,1516292903202,84
7,PLAYER_SLEEPBEFORE_END,1516292904149,84
7,WS_SEND_START,1516292904149,84
7,WS_SEND_END,1516292904149,84
7,WS_RECV_START,1516292904149,85
7,WS_RECV_END,1516292904208,85
7,PLAYER_SLEEPBEFORE_START,1516292904208,86
7,PLAYER_SLEEPBEFORE_END,1516292908380,86
7,WS_SEND_START,1516292908380,86
7,WS_SEND_END,1516292908380,86
7,WS_RECV_START,1516292908380,87
7,WS_RECV_END,1516292908495,87
7,PLAYER_SLEEPBEFORE_START,1516292908495,88
7,PLAYER_SLEEPBEFORE_END,1516292908503,88
7,WS_SEND_START,1516292908503,88
7,WS_SEND_END,1516292908503,88
7,WS_RECV_START,1516292908503,89
7,WS_RECV_END,1516292908622,89
7,PLAYER_SLEEPBEFORE_START,1516292908622,90
7,PLAYER_SLEEPBEFORE_END,1516292935819,90
7,REQ_START,1516292935819,90
7,REQ_END,1516292935826,90
7,PLAYER_SLEEPBEFORE_START,1516292935826,91
7,PLAYER_SLEEPBEFORE_END,1516292943715,91
7,WS_SEND_START,1516292943715,91
7,WS_SEND_END,1516292943715,91
7,WS_RECV_START,1516292943715,92
7,WS_RECV_END,1516292943802,92
7,PLAYER_SLEEPBEFORE_START,1516292943802,93
7,PLAYER_SLEEPBEFORE_END,1516292943817,93
7,WS_SEND_START,1516292943817,93
7,WS_SEND_END,1516292943817,93
7,WS_RECV_START,1516292943817,94
7,WS_RECV_END,1516292943948,94
7,PLAYER_SLEEPBEFORE_START,1516292943948,95
7,PLAYER_SLEEPBEFORE_END,1516292967503,95
7,WS_SEND_START,1516292967503,95
7,WS_SEND_END,1516292967503,95
7,WS_RECV_START,1516292967503,96
7,WS_RECV_END,1516292967673,96
7,PLAYER_SLEEPBEFORE_START,1516292967673,97
7,PLAYER_SLEEPBEFORE_END,1516292990113,97
7,WS_SEND_START,1516292990113,97
7,WS_SEND_END,1516292990113,97
7,WS_RECV_START,1516292990113,98
7,WS_RECV_END,1516292990446,98
7,PLAYER_SLEEPBEFORE_START,1516292990446,99
7,PLAYER_SLEEPBEFORE_END,1516292990467,99
7,WS_SEND_START,1516292990467,99
7,WS_SEND_END,1516292990467,99
7,WS_RECV_START,1516292990467,100
7,WS_RECV_END,1516292990684,100
7,PLAYER_SLEEPBEFORE_START,1516292990684,101
7,PLAYER_SLEEPBEFORE_END,1516293014243,101
7,WS_SEND_START,1516293014243,101
7,WS_SEND_END,1516293014243,101
7,WS_RECV_START,1516293014243,102
7,WS_RECV_END,1516293014725,102
7,PLAYER_SLEEPBEFORE_START,1516293014725,103
7,PLAYER_SLEEPBEFORE_END,1516293038350,103
7,WS_SEND_START,1516293038350,103
7,WS_SEND_END,1516293038350,103
7,WS_RECV_START,1516293038350,104
7,WS_RECV_END,1516293039107,104
7,PLAYER_SLEEPBEFORE_START,1516293039107,105
7,PLAYER_SLEEPBEFORE_END,1516293064484,105
7,WS_SEND_START,1516293064484,105
7,WS_SEND_END,1516293064484,105
7,WS_RECV_START,1516293064484,106
7,WS_RECV_END,1516293064920,106
7,PLAYER_SLEEPBEFORE_START,1516293064920,107
7,PLAYER_SLEEPBEFORE_END,1516293088343,107
7,WS_SEND_START,1516293088343,107
7,WS_SEND_END,1516293088343,107
7,WS_RECV_START,1516293088343,108
7,WS_RECV_END,1516293088410,108
7,PLAYER_SLEEPBEFORE_START,1516293088410,109
7,PLAYER_SLEEPBEFORE_END,1516293088419,109
7,WS_SEND_START,1516293088419,109
7,WS_SEND_END,1516293088419,109
7,WS_RECV_START,1516293088419,110
7,WS_RECV_END,1516293088464,110
7,PLAYER_SLEEPBEFORE_START,1516293088464,111
7,PLAYER_SLEEPBEFORE_END,1516293089423,111
7,WS_SEND_START,1516293089423,111
7,WS_SEND_END,1516293089423,111
7,WS_RECV_START,1516293089423,112
7,WS_RECV_END,1516293089713,112
7,PLAYER_SLEEPBEFORE_START,1516293089713,113
7,PLAYER_SLEEPBEFORE_END,1516293090275,113
7,WS_SEND_START,1516293090275,113
7,WS_SEND_END,1516293090275,113
7,WS_RECV_START,1516293090275,114
7,WS_RECV_END,1516293090591,114
7,PLAYER_SLEEPBEFORE_START,1516293090591,115
7,PLAYER_SLEEPBEFORE_END,1516293090600,115
7,WS_SEND_START,1516293090600,115
7,WS_SEND_END,1516293090600,115
7,WS_RECV_START,1516293090600,116
7,WS_RECV_END,1516293090962,116
7,PLAYER_SLEEPBEFORE_START,1516293090962,117
7,PLAYER_SLEEPBEFORE_END,1516293111322,117
7,WS_SEND_START,1516293111322,117
7,WS_SEND_END,1516293111322,117
7,PLAYER_SLEEPBEFORE_START,1516293111322,118
7,PLAYER_SLEEPBEFORE_END,1516293115075,118
7,WS_SEND_START,1516293115075,118
7,WS_SEND_END,1516293115075,118
7,WS_RECV_START,1516293115075,119
7,WS_RECV_END,1516293115744,119
7,PLAYER_SLEEPBEFORE_START,1516293115744,120
7,PLAYER_SLEEPBEFORE_END,1516293116732,120
7,WS_SEND_START,1516293116732,120
7,WS_SEND_END,1516293116732,120
7,WS_RECV_START,1516293116732,121
7,WS_RECV_END,1516293117565,121
7,PLAYER_SLEEPBEFORE_START,1516293117565,122
7,PLAYER_SLEEPBEFORE_END,1516293118750,122
7,WS_SEND_START,1516293118750,122
7,WS_SEND_END,1516293118750,122
7,WS_RECV_START,1516293118750,123
7,WS_RECV_END,1516293118987,123
7,PLAYER_SLEEPBEFORE_START,1516293118987,124
7,PLAYER_SLEEPBEFORE_END,1516293143392,124
7,WS_SEND_START,1516293143392,124
7,WS_SEND_END,1516293143392,124
7,WS_RECV_START,1516293143392,125
7,WS_RECV_END,1516293145482,125
7,PLAYER_SLEEPBEFORE_START,1516293145482,126
7,PLAYER_SLEEPBEFORE_END,1516293165995,126
7,WS_SEND_START,1516293165995,126
7,WS_SEND_END,1516293165995,126
7,PLAYER_SLEEPBEFORE_START,1516293165995,127
7,PLAYER_SLEEPBEFORE_END,1516293169049,127
7,WS_SEND_START,1516293169049,127
7,WS_SEND_END,1516293169049,127
7,WS_RECV_START,1516293169049,128
7,WS_RECV_END,1516293171218,128
7,PLAYER_SLEEPBEFORE_START,1516293171218,129
7,PLAYER_SLEEPBEFORE_END,1516293171238,129
7,WS_SEND_START,1516293171238,129
7,WS_SEND_END,1516293171238,129
7,WS_RECV_START,1516293171238,130
7,WS_RECV_END,1516293171963,130
7,PLAYER_SLEEPBEFORE_START,1516293171963,131
7,PLAYER_SLEEPBEFORE_END,1516293193588,131
7,WS_SEND_START,1516293193588,131
7,WS_SEND_END,1516293193588,131
7,PLAYER_SLEEPBEFORE_START,1516293193588,132
7,PLAYER_SLEEPBEFORE_END,1516293196668,132
7,WS_SEND_START,1516293196668,132
7,WS_SEND_END,1516293196668,132
7,WS_RECV_START,1516293196668,133
7,WS_RECV_END,1516293197778,133
7,PLAYER_SLEEPBEFORE_START,1516293197778,134
7,PLAYER_SLEEPBEFORE_END,1516293218996,134
7,WS_SEND_START,1516293218996,134
7,WS_SEND_END,1516293218996,134
7,PLAYER_SLEEPBEFORE_START,1516293218996,135
7,PLAYER_SLEEPBEFORE_END,1516293222186,135
7,WS_SEND_START,1516293222186,135
7,WS_SEND_END,1516293222186,135
7,WS_RECV_START,1516293222186,136
7,WS_RECV_END,1516293222840,136
7,PLAYER_SLEEPBEFORE_START,1516293222840,137
7,PLAYER_SLEEPBEFORE_END,1516293222847,137
7,WS_SEND_START,1516293222847,137
7,WS_SEND_END,1516293222847,137
7,WS_RECV_START,1516293222847,138
7,WS_RECV_END,1516293224572,138
7,PLAYER_SLEEPBEFORE_START,1516293224572,139
7,PLAYER_SLEEPBEFORE_END,1516293225263,139
7,WS_SEND_START,1516293225263,139
7,WS_SEND_END,1516293225263,139
7,WS_RECV_START,1516293225263,140
7,WS_RECV_END,1516293226599,140
7,PLAYER_SLEEPBEFORE_START,1516293226599,141
7,PLAYER_SLEEPBEFORE_END,1516293227255,141
7,WS_SEND_START,1516293227255,141
7,WS_SEND_END,1516293227255,141
7,WS_RECV_START,1516293227255,142
7,WS_RECV_END,1516293228841,142
7,PLAYER_SLEEPBEFORE_START,1516293228841,143
7,PLAYER_SLEEPBEFORE_END,1516293228898,143
7,WS_SEND_START,1516293228898,143
7,WS_SEND_END,1516293228898,143
7,WS_RECV_START,1516293228898,144
7,WS_RECV_END,1516293231700,144
7,PLAYER_SLEEPBEFORE_START,1516293231700,145
7,PLAYER_SLEEPBEFORE_END,1516293247763,145
7,REQ_START,1516293247763,145
7,REQ_END,1516293247770,145
7,PLAYER_SLEEPBEFORE_START,1516293247770,146
7,PLAYER_SLEEPBEFORE_END,1516293256647,146
7,WS_SEND_START,1516293256647,146
7,WS_SEND_END,1516293256647,146
7,WS_RECV_START,1516293256647,147
7,WS_RECV_END,1516293259127,147
7,PLAYER_SLEEPBEFORE_START,1516293259127,148
7,PLAYER_SLEEPBEFORE_END,1516293281049,148
7,WS_SEND_START,1516293281049,148
7,WS_SEND_END,1516293281049,148
7,PLAYER_SLEEPBEFORE_START,1516293281049,149
7,PLAYER_SLEEPBEFORE_END,1516293283477,149
7,WS_SEND_START,1516293283477,149
7,WS_SEND_END,1516293283477,149
7,WS_RECV_START,1516293283477,150
7,WS_RECV_END,1516293284585,150
7,PLAYER_SLEEPBEFORE_START,1516293284585,151
7,PLAYER_SLEEPBEFORE_END,1516293284795,151
7,WS_SEND_START,1516293284795,151
7,WS_SEND_END,1516293284795,151
7,WS_RECV_START,1516293284795,152
7,WS_RECV_END,1516293286645,152
7,PLAYER_SLEEPBEFORE_START,1516293286645,153
7,PLAYER_SLEEPBEFORE_END,1516293310573,153
7,WS_SEND_START,1516293310573,153
7,WS_SEND_END,1516293310573,153
7,WS_RECV_START,1516293310573,154
7,WS_RECV_END,1516293315009,154
7,PLAYER_SLEEPBEFORE_START,1516293315009,155
7,PLAYER_SLEEPBEFORE_END,1516293337567,155
7,WS_SEND_START,1516293337567,155
7,WS_SEND_END,1516293337567,155
7,PLAYER_SLEEPBEFORE_START,1516293337567,156
7,PLAYER_SLEEPBEFORE_END,1516293340841,156
7,WS_SEND_START,1516293340841,156
7,WS_SEND_END,1516293340841,156
7,WS_RECV_START,1516293340841,157
7,WS_RECV_END,1516293342423,157
7,PLAYER_SLEEPBEFORE_START,1516293342423,158
7,PLAYER_SLEEPBEFORE_END,1516293342433,158
7,WS_SEND_START,1516293342433,158
7,WS_SEND_END,1516293342433,158
7,WS_RECV_START,1516293342433,159
7,WS_RECV_END,1516293345741,159
7,PLAYER_SLEEPBEFORE_START,1516293345741,160
7,PLAYER_SLEEPBEFORE_END,1516293345916,160
7,WS_SEND_START,1516293345916,160
7,WS_SEND_END,1516293345916,160
7,WS_RECV_START,1516293345916,161
7,WS_RECV_END,1516293349630,161
7,PLAYER_SLEEPBEFORE_START,1516293349630,162
7,PLAYER_SLEEPBEFORE_END,1516293349655,162
7,WS_SEND_START,1516293349655,162
7,WS_SEND_END,1516293349655,162
7,WS_RECV_START,1516293349655,163
7,WS_RECV_END,1516293353342,163
7,PLAYER_SLEEPBEFORE_START,1516293353342,164
7,PLAYER_SLEEPBEFORE_END,1516293374154,164
7,WS_SEND_START,1516293374154,164
7,WS_SEND_END,1516293374154,164
7,WS_RECV_START,1516293374154,165
7,WS_RECV_END,1516293379734,165
7,PLAYER_SLEEPBEFORE_START,1516293379734,166
7,PLAYER_SLEEPBEFORE_END,1516293402190,166
7,WS_SEND_START,1516293402190,166
7,WS_SEND_END,1516293402190,166
7,WS_RECV_START,1516293402190,167
7,WS_RECV_END,1516293406669,167
7,PLAYER_SLEEPBEFORE_START,1516293406669,168
7,PLAYER_SLEEPBEFORE_END,1516293434026,168
7,WS_SEND_START,1516293434026,168
7,WS_SEND_END,1516293434026,168
7,WS_RECV_START,1516293434026,169
7,WS_RECV_END,1516293438657,169
7,PLAYER_SLEEPBEFORE_START,1516293438657,170
7,PLAYER_SLEEPBEFORE_END,1516293438666,170
7,WS_SEND_START,1516293438666,170
7,WS_SEND_END,1516293438666,170
7,WS_RECV_START,1516293438666,171
7,WS_RECV_END,1516293440745,171
7,PLAYER_SLEEPBEFORE_START,1516293440745,172
7,PLAYER_SLEEPBEFORE_END,1516293441114,172
7,WS_SEND_START,1516293441114,172
7,WS_SEND_END,1516293441115,172
7,WS_RECV_START,1516293441115,173
7,WS_RECV_END,1516293444363,173
7,PLAYER_SLEEPBEFORE_START,1516293444363,174
7,PLAYER_SLEEPBEFORE_END,1516293444404,174
7,WS_SEND_START,1516293444404,174
7,WS_SEND_END,1516293444404,174
7,WS_RECV_START,1516293444404,175
7,WS_RECV_END,1516293447791,175
7,PLAYER_SLEEPBEFORE_START,1516293447791,176
7,PLAYER_SLEEPBEFORE_END,1516293469552,176
7,WS_SEND_START,1516293469552,176
7,WS_SEND_END,1516293469552,176
7,PLAYER_SLEEPBEFORE_START,1516293469552,177
7,PLAYER_SLEEPBEFORE_END,1516293472070,177
7,WS_SEND_START,1516293472070,177
7,WS_SEND_END,1516293472070,177
7,WS_RECV_START,1516293472070,178
7,WS_RECV_END,1516293475312,178
7,PLAYER_SLEEPBEFORE_START,1516293475312,179
7,PLAYER_SLEEPBEFORE_END,1516293497653,179
7,WS_SEND_START,1516293497653,179
7,WS_SEND_END,1516293497654,179
7,WS_RECV_START,1516293497654,180
7,WS_RECV_END,1516293502890,180
7,PLAYER_SLEEPBEFORE_START,1516293502890,181
7,PLAYER_SLEEPBEFORE_END,1516293503334,181
7,WS_SEND_START,1516293503334,181
7,WS_SEND_END,1516293503334,181
7,WS_RECV_START,1516293503334,182
7,WS_RECV_END,1516293506240,182
7,PLAYER_SLEEPBEFORE_START,1516293506240,183
7,PLAYER_SLEEPBEFORE_END,1516293506763,183
7,WS_SEND_START,1516293506763,183
7,WS_SEND_END,1516293506763,183
7,WS_RECV_START,1516293506763,184
7,WS_RECV_END,1516293510565,184
7,PLAYER_SLEEPBEFORE_START,1516293510565,185
7,PLAYER_SLEEPBEFORE_END,1516293510833,185
7,WS_SEND_START,1516293510833,185
7,WS_SEND_END,1516293510833,185
7,WS_RECV_START,1516293510833,186
7,WS_RECV_END,1516293514316,186
7,PLAYER_SLEEPBEFORE_START,1516293514316,187
7,PLAYER_SLEEPBEFORE_END,1516293536816,187
7,WS_SEND_START,1516293536816,187
7,WS_SEND_END,1516293536816,187
7,WS_RECV_START,1516293536816,188
7,WS_RECV_END,1516293541044,188
7,PLAYER_SLEEPBEFORE_START,1516293541044,189
7,PLAYER_SLEEPBEFORE_END,1516293547283,189
7,WS_SEND_START,1516293547283,189
7,WS_SEND_END,1516293547284,189
7,WS_RECV_START,1516293547284,190
7,WS_RECV_END,1516293552618,190
7,PLAYER_SLEEPBEFORE_START,1516293552618,191
7,PLAYER_SLEEPBEFORE_END,1516293554533,191
7,WS_SEND_START,1516293554533,191
7,WS_SEND_END,1516293554533,191
7,WS_RECV_START,1516293554533,192
7,WS_RECV_END,1516293560315,192
7,PLAYER_SLEEPBEFORE_START,1516293560315,193
7,PLAYER_SLEEPBEFORE_END,1516293560443,193
7,WS_SEND_START,1516293560443,193
7,WS_SEND_END,1516293560443,193
7,WS_RECV_START,1516293560443,194
7,WS_RECV_END,1516293563974,194
7,PLAYER_SLEEPBEFORE_START,1516293563974,195
7,PLAYER_SLEEPBEFORE_END,1516293565729,195
7,WS_SEND_START,1516293565729,195
7,WS_SEND_END,1516293565729,195
7,WS_RECV_START,1516293565729,196
7,WS_RECV_END,1516293568083,196
7,PLAYER_SLEEPBEFORE_START,1516293568083,197
7,PLAYER_SLEEPBEFORE_END,1516293569888,197
7,WS_SEND_START,1516293569888,197
7,WS_SEND_END,1516293569888,197
7,WS_RECV_START,1516293569888,198
7,WS_RECV_END,1516293572987,198
7,PLAYER_SLEEPBEFORE_START,1516293572987,199
7,PLAYER_SLEEPBEFORE_END,1516293584841,199
7,WS_SEND_START,1516293584841,199
7,WS_SEND_END,1516293584841,199
7,PLAYER_SLEEPBEFORE_START,1516293584841,200
7,PLAYER_SLEEPBEFORE_END,1516293588929,200
7,WS_SEND_START,1516293588929,200
7,WS_SEND_END,1516293588929,200
7,WS_RECV_START,1516293588929,201
7,WS_RECV_END,1516293592421,201
7,PLAYER_SLEEPBEFORE_START,1516293592421,202
7,PLAYER_SLEEPBEFORE_END,1516293592435,202
7,WS_SEND_START,1516293592435,202
7,WS_SEND_END,1516293592435,202
7,WS_RECV_START,1516293592435,203
7,WS_RECV_END,1516293600235,203
7,PLAYER_SLEEPBEFORE_START,1516293600235,204
7,PLAYER_SLEEPBEFORE_END,1516293619884,204
7,WS_SEND_START,1516293619884,204
7,WS_SEND_END,1516293619884,204
7,PLAYER_SLEEPBEFORE_START,1516293619884,205
7,PLAYER_SLEEPBEFORE_END,1516293623782,205
7,WS_SEND_START,1516293623782,205
7,WS_SEND_END,1516293623782,205
7,WS_RECV_START,1516293623782,206
7,WS_RECV_END,1516293625929,206
7,PLAYER_SLEEPBEFORE_START,1516293625929,207
7,PLAYER_SLEEPBEFORE_END,1516293642860,207
7,REQ_START,1516293642860,207
7,REQ_END,1516293642871,207
7,PLAYER_SLEEPBEFORE_START,1516293642871,208
7,PLAYER_SLEEPBEFORE_END,1516293649723,208
7,WS_CLOSE_START,1516293649723,208
7,WS_CLOSE_END,1516293649723,208
7,PLAYER_DONE,1516293649723
