# --sessions 720 --app-url=http://shinyloadtest.rstudioservices.com/cran_explorer --output-dir test720 --overwrite-output --log-level warn --start-interval 500 15min.log
thread_id,event,timestamp,input_line_number,comment
190,PLAYER_SESSION_CREATE,1516289462041
190,PLAYER_START_INTERVAL_START,1516289462041
190,PLAYER_START_INTERVAL_END,1516289557041
190,REQ_HOME_START,1516289557041,2
190,REQ_HOME_END,1516289557138,2
190,REQ_START,1516289557138,3
190,REQ_END,1516289557176,3
190,REQ_START,1516289557176,4
190,REQ_END,1516289557213,4
190,REQ_START,1516289557213,5
190,REQ_END,1516289557251,5
190,REQ_START,1516289557251,6
190,REQ_END,1516289557328,6
190,REQ_START,1516289557328,7
190,REQ_END,1516289557361,7
190,REQ_START,1516289557361,8
190,REQ_END,1516289557394,8
190,REQ_START,1516289557394,9
190,REQ_END,1516289557426,9
190,REQ_START,1516289557426,10
190,REQ_END,1516289557433,10
190,REQ_START,1516289557433,11
190,REQ_END,1516289557467,11
190,REQ_START,1516289557467,12
190,REQ_END,1516289557480,12
190,REQ_START,1516289557480,13
190,REQ_END,1516289557511,13
190,REQ_START,1516289557511,14
190,REQ_END,1516289557525,14
190,REQ_START,1516289557525,15
190,REQ_END,1516289557562,15
190,REQ_TOK_START,1516289557562,16
190,REQ_TOK_END,1516289557569,16
190,REQ_SINF_START,1516289557569,17
190,REQ_SINF_END,1516289557576,17
190,WS_OPEN_START,1516289557576,18
190,WS_OPEN_END,1516289557583,18
190,REQ_START,1516289557583,19
190,REQ_END,1516289557610,19
190,WS_RECV_START,1516289557610,20
190,WS_RECV_END,1516289557611,20
190,PLAYER_SLEEPBEFORE_START,1516289557611,21
190,PLAYER_SLEEPBEFORE_END,1516289557616,21
190,WS_SEND_START,1516289557616,21
190,WS_SEND_END,1516289557616,21
190,PLAYER_SLEEPBEFORE_START,1516289557616,22
190,PLAYER_SLEEPBEFORE_END,1516289557617,22
190,WS_SEND_START,1516289557617,22
190,WS_SEND_END,1516289557617,22
190,WS_RECV_INIT_START,1516289557617,23
190,WS_RECV_INIT_END,1516289557655,23
190,WS_RECV_START,1516289557655,24
190,WS_RECV_END,1516289557705,24
190,PLAYER_SLEEPBEFORE_START,1516289557705,25
190,PLAYER_SLEEPBEFORE_END,1516289557712,25
190,REQ_START,1516289557712,25
190,REQ_END,1516289557745,25
190,PLAYER_SLEEPBEFORE_START,1516289557745,26
190,PLAYER_SLEEPBEFORE_END,1516289557746,26
190,REQ_START,1516289557746,26
190,REQ_END,1516289557783,26
190,PLAYER_SLEEPBEFORE_START,1516289557783,27
190,PLAYER_SLEEPBEFORE_END,1516289557786,27
190,REQ_START,1516289557786,27
190,REQ_END,1516289557822,27
190,PLAYER_SLEEPBEFORE_START,1516289557822,28
190,PLAYER_SLEEPBEFORE_END,1516289558107,28
190,REQ_START,1516289558107,28
190,REQ_END,1516289558209,28
190,PLAYER_SLEEPBEFORE_START,1516289558209,29
190,PLAYER_SLEEPBEFORE_END,1516289558384,29
190,WS_SEND_START,1516289558384,29
190,WS_SEND_END,1516289558384,29
190,WS_RECV_START,1516289558384,30
190,WS_RECV_END,1516289558506,30
190,PLAYER_SLEEPBEFORE_START,1516289558506,31
190,PLAYER_SLEEPBEFORE_END,1516289558517,31
190,REQ_START,1516289558517,31
190,REQ_END,1516289558551,31
190,PLAYER_SLEEPBEFORE_START,1516289558551,32
190,PLAYER_SLEEPBEFORE_END,1516289586696,32
190,WS_SEND_START,1516289586696,32
190,WS_SEND_END,1516289586696,32
190,WS_RECV_START,1516289586696,33
190,WS_RECV_END,1516289586780,33
190,PLAYER_SLEEPBEFORE_START,1516289586780,34
190,PLAYER_SLEEPBEFORE_END,1516289612691,34
190,WS_SEND_START,1516289612691,34
190,WS_SEND_END,1516289612691,34
190,WS_RECV_START,1516289612691,35
190,WS_RECV_END,1516289612722,35
190,PLAYER_SLEEPBEFORE_START,1516289612722,36
190,PLAYER_SLEEPBEFORE_END,1516289612731,36
190,WS_SEND_START,1516289612731,36
190,WS_SEND_END,1516289612731,36
190,WS_RECV_START,1516289612731,37
190,WS_RECV_END,1516289612773,37
190,PLAYER_SLEEPBEFORE_START,1516289612773,38
190,PLAYER_SLEEPBEFORE_END,1516289615969,38
190,WS_SEND_START,1516289615969,38
190,WS_SEND_END,1516289615969,38
190,WS_RECV_START,1516289615969,39
190,WS_RECV_END,1516289616092,39
190,PLAYER_SLEEPBEFORE_START,1516289616092,40
190,PLAYER_SLEEPBEFORE_END,1516289616138,40
190,WS_SEND_START,1516289616138,40
190,WS_SEND_END,1516289616138,40
190,WS_RECV_START,1516289616138,41
190,WS_RECV_END,1516289616287,41
190,PLAYER_SLEEPBEFORE_START,1516289616287,42
190,PLAYER_SLEEPBEFORE_END,1516289634422,42
190,WS_SEND_START,1516289634422,42
190,WS_SEND_END,1516289634422,42
190,WS_RECV_START,1516289634422,43
190,WS_RECV_END,1516289634458,43
190,PLAYER_SLEEPBEFORE_START,1516289634458,44
190,PLAYER_SLEEPBEFORE_END,1516289634470,44
190,WS_SEND_START,1516289634470,44
190,WS_SEND_END,1516289634470,44
190,WS_RECV_START,1516289634470,45
190,WS_RECV_END,1516289634609,45
190,PLAYER_SLEEPBEFORE_START,1516289634609,46
190,PLAYER_SLEEPBEFORE_END,1516289635870,46
190,WS_SEND_START,1516289635870,46
190,WS_SEND_END,1516289635870,46
190,WS_RECV_START,1516289635870,47
190,WS_RECV_END,1516289635911,47
190,PLAYER_SLEEPBEFORE_START,1516289635911,48
190,PLAYER_SLEEPBEFORE_END,1516289637231,48
190,WS_SEND_START,1516289637231,48
190,WS_SEND_END,1516289637231,48
190,WS_RECV_START,1516289637231,49
190,WS_RECV_END,1516289637337,49
190,PLAYER_SLEEPBEFORE_START,1516289637337,50
190,PLAYER_SLEEPBEFORE_END,1516289637361,50
190,WS_SEND_START,1516289637361,50
190,WS_SEND_END,1516289637361,50
190,WS_RECV_START,1516289637361,51
190,WS_RECV_END,1516289637484,51
190,PLAYER_SLEEPBEFORE_START,1516289637484,52
190,PLAYER_SLEEPBEFORE_END,1516289660048,52
190,WS_SEND_START,1516289660048,52
190,WS_SEND_END,1516289660048,52
190,WS_RECV_START,1516289660048,53
190,WS_RECV_END,1516289660193,53
190,PLAYER_SLEEPBEFORE_START,1516289660193,54
190,PLAYER_SLEEPBEFORE_END,1516289681496,54
190,WS_SEND_START,1516289681496,54
190,WS_SEND_END,1516289681496,54
190,PLAYER_SLEEPBEFORE_START,1516289681496,55
190,PLAYER_SLEEPBEFORE_END,1516289683437,55
190,WS_SEND_START,1516289683437,55
190,WS_SEND_END,1516289683437,55
190,WS_RECV_START,1516289683437,56
190,WS_RECV_END,1516289683529,56
190,PLAYER_SLEEPBEFORE_START,1516289683529,57
190,PLAYER_SLEEPBEFORE_END,1516289706401,57
190,WS_SEND_START,1516289706401,57
190,WS_SEND_END,1516289706401,57
190,WS_RECV_START,1516289706401,58
190,WS_RECV_END,1516289706458,58
190,PLAYER_SLEEPBEFORE_START,1516289706458,59
190,PLAYER_SLEEPBEFORE_END,1516289708785,59
190,WS_SEND_START,1516289708785,59
190,WS_SEND_END,1516289708785,59
190,WS_RECV_START,1516289708785,60
190,WS_RECV_END,1516289709139,60
190,PLAYER_SLEEPBEFORE_START,1516289709139,61
190,PLAYER_SLEEPBEFORE_END,1516289712730,61
190,WS_SEND_START,1516289712731,61
190,WS_SEND_END,1516289712731,61
190,WS_RECV_START,1516289712731,62
190,WS_RECV_END,1516289712889,62
190,PLAYER_SLEEPBEFORE_START,1516289712889,63
190,PLAYER_SLEEPBEFORE_END,1516289732151,63
190,WS_SEND_START,1516289732151,63
190,WS_SEND_END,1516289732151,63
190,WS_RECV_START,1516289732151,64
190,WS_RECV_END,1516289732194,64
190,PLAYER_SLEEPBEFORE_START,1516289732194,65
190,PLAYER_SLEEPBEFORE_END,1516289759011,65
190,WS_SEND_START,1516289759011,65
190,WS_SEND_END,1516289759011,65
190,WS_RECV_START,1516289759011,66
190,WS_RECV_END,1516289759520,66
190,PLAYER_SLEEPBEFORE_START,1516289759520,67
190,PLAYER_SLEEPBEFORE_END,1516289761027,67
190,WS_SEND_START,1516289761027,67
190,WS_SEND_END,1516289761027,67
190,WS_RECV_START,1516289761027,68
190,WS_RECV_END,1516289761480,68
190,PLAYER_SLEEPBEFORE_START,1516289761480,69
190,PLAYER_SLEEPBEFORE_END,1516289783478,69
190,WS_SEND_START,1516289783478,69
190,WS_SEND_END,1516289783478,69
190,WS_RECV_START,1516289783478,70
190,WS_RECV_END,1516289784232,70
190,PLAYER_SLEEPBEFORE_START,1516289784232,71
190,PLAYER_SLEEPBEFORE_END,1516289809008,71
190,WS_SEND_START,1516289809008,71
190,WS_SEND_END,1516289809008,71
190,PLAYER_SLEEPBEFORE_START,1516289809008,72
190,PLAYER_SLEEPBEFORE_END,1516289811615,72
190,WS_SEND_START,1516289811615,72
190,WS_SEND_END,1516289811615,72
190,WS_RECV_START,1516289811615,73
190,WS_RECV_END,1516289814156,73
190,PLAYER_SLEEPBEFORE_START,1516289814156,74
190,PLAYER_SLEEPBEFORE_END,1516289814165,74
190,WS_SEND_START,1516289814165,74
190,WS_SEND_END,1516289814165,74
190,WS_RECV_START,1516289814165,75
190,WS_RECV_END,1516289814746,75
190,PLAYER_SLEEPBEFORE_START,1516289814746,76
190,PLAYER_SLEEPBEFORE_END,1516289816252,76
190,WS_SEND_START,1516289816252,76
190,WS_SEND_END,1516289816252,76
190,WS_RECV_START,1516289816252,77
190,WS_RECV_END,1516289818042,77
190,PLAYER_SLEEPBEFORE_START,1516289818042,78
190,PLAYER_SLEEPBEFORE_END,1516289818910,78
190,WS_SEND_START,1516289818910,78
190,WS_SEND_END,1516289818910,78
190,WS_RECV_START,1516289818910,79
190,WS_RECV_END,1516289820078,79
190,PLAYER_SLEEPBEFORE_START,1516289820078,80
190,PLAYER_SLEEPBEFORE_END,1516289827744,80
190,WS_SEND_START,1516289827744,80
190,WS_SEND_END,1516289827744,80
190,WS_RECV_START,1516289827744,81
190,WS_RECV_END,1516289829568,81
190,PLAYER_SLEEPBEFORE_START,1516289829568,82
190,PLAYER_SLEEPBEFORE_END,1516289830670,82
190,WS_SEND_START,1516289830670,82
190,WS_SEND_END,1516289830670,82
190,WS_RECV_START,1516289830670,83
190,WS_RECV_END,1516289832969,83
190,PLAYER_SLEEPBEFORE_START,1516289832969,84
190,PLAYER_SLEEPBEFORE_END,1516289833916,84
190,WS_SEND_START,1516289833916,84
190,WS_SEND_END,1516289833916,84
190,WS_RECV_START,1516289833916,85
190,WS_RECV_END,1516289836513,85
190,PLAYER_SLEEPBEFORE_START,1516289836513,86
190,PLAYER_SLEEPBEFORE_END,1516289840685,86
190,WS_SEND_START,1516289840686,86
190,WS_SEND_END,1516289840686,86
190,WS_RECV_START,1516289840686,87
190,WS_RECV_END,1516289843220,87
190,PLAYER_SLEEPBEFORE_START,1516289843220,88
190,PLAYER_SLEEPBEFORE_END,1516289843228,88
190,WS_SEND_START,1516289843228,88
190,WS_SEND_END,1516289843228,88
190,WS_RECV_START,1516289843228,89
190,WS_RECV_END,1516289844568,89
190,PLAYER_SLEEPBEFORE_START,1516289844568,90
190,PLAYER_SLEEPBEFORE_END,1516289871765,90
190,REQ_START,1516289871765,90
190,REQ_END,1516289871773,90
190,PLAYER_SLEEPBEFORE_START,1516289871773,91
190,PLAYER_SLEEPBEFORE_END,1516289879662,91
190,WS_SEND_START,1516289879662,91
190,WS_SEND_END,1516289879662,91
190,WS_RECV_START,1516289879662,92
190,WS_RECV_END,1516289882523,92
190,PLAYER_SLEEPBEFORE_START,1516289882523,93
190,PLAYER_SLEEPBEFORE_END,1516289882538,93
190,WS_SEND_START,1516289882538,93
190,WS_SEND_END,1516289882538,93
190,WS_RECV_START,1516289882538,94
190,WS_RECV_END,1516289884074,94
190,PLAYER_SLEEPBEFORE_START,1516289884074,95
190,PLAYER_SLEEPBEFORE_END,1516289907629,95
190,WS_SEND_START,1516289907629,95
190,WS_SEND_END,1516289907629,95
190,WS_RECV_START,1516289907629,96
190,WS_RECV_END,1516289910389,96
190,PLAYER_SLEEPBEFORE_START,1516289910389,97
190,PLAYER_SLEEPBEFORE_END,1516289932829,97
190,WS_SEND_START,1516289932829,97
190,WS_SEND_END,1516289932829,97
190,WS_RECV_START,1516289932829,98
190,WS_RECV_END,1516289934608,98
190,PLAYER_SLEEPBEFORE_START,1516289934608,99
190,PLAYER_SLEEPBEFORE_END,1516289934629,99
190,WS_SEND_START,1516289934629,99
190,WS_SEND_END,1516289934629,99
190,WS_RECV_START,1516289934629,100
190,WS_RECV_END,1516289935620,100
190,PLAYER_SLEEPBEFORE_START,1516289935620,101
190,PLAYER_SLEEPBEFORE_END,1516289959179,101
190,WS_SEND_START,1516289959179,101
190,WS_SEND_END,1516289959179,101
190,WS_RECV_START,1516289959179,102
190,WS_RECV_END,1516289963173,102
190,PLAYER_SLEEPBEFORE_START,1516289963173,103
190,PLAYER_SLEEPBEFORE_END,1516289986798,103
190,WS_SEND_START,1516289986798,103
190,WS_SEND_END,1516289986798,103
190,WS_RECV_START,1516289986798,104
190,WS_RECV_END,1516289991541,104
190,PLAYER_SLEEPBEFORE_START,1516289991541,105
190,PLAYER_SLEEPBEFORE_END,1516290016918,105
190,WS_SEND_START,1516290016918,105
190,WS_SEND_END,1516290016918,105
190,WS_RECV_START,1516290016918,106
190,WS_RECV_END,1516290022871,106
190,PLAYER_SLEEPBEFORE_START,1516290022871,107
190,PLAYER_SLEEPBEFORE_END,1516290046294,107
190,WS_SEND_START,1516290046294,107
190,WS_SEND_END,1516290046294,107
190,WS_RECV_START,1516290046294,108
190,WS_RECV_END,1516290051035,108
190,PLAYER_SLEEPBEFORE_START,1516290051035,109
190,PLAYER_SLEEPBEFORE_END,1516290051044,109
190,WS_SEND_START,1516290051044,109
190,WS_SEND_END,1516290051044,109
190,WS_RECV_START,1516290051044,110
190,WS_RECV_END,1516290053526,110
190,PLAYER_SLEEPBEFORE_START,1516290053526,111
190,PLAYER_SLEEPBEFORE_END,1516290054485,111
190,WS_SEND_START,1516290054485,111
190,WS_SEND_END,1516290054485,111
190,WS_RECV_START,1516290054485,112
190,WS_RECV_END,1516290055603,112
190,PLAYER_SLEEPBEFORE_START,1516290055603,113
190,PLAYER_SLEEPBEFORE_END,1516290056165,113
190,WS_SEND_START,1516290056165,113
190,WS_SEND_END,1516290056165,113
190,WS_RECV_START,1516290056165,114
190,WS_RECV_END,1516290058716,114
190,PLAYER_SLEEPBEFORE_START,1516290058716,115
190,PLAYER_SLEEPBEFORE_END,1516290058725,115
190,WS_SEND_START,1516290058725,115
190,WS_SEND_END,1516290058725,115
190,WS_RECV_START,1516290058725,116
190,WS_RECV_END,1516290061844,116
190,PLAYER_SLEEPBEFORE_START,1516290061844,117
190,PLAYER_SLEEPBEFORE_END,1516290082205,117
190,WS_SEND_START,1516290082205,117
190,WS_SEND_END,1516290082205,117
190,PLAYER_SLEEPBEFORE_START,1516290082205,118
190,PLAYER_SLEEPBEFORE_END,1516290085957,118
190,WS_SEND_START,1516290085957,118
190,WS_SEND_END,1516290085957,118
190,WS_RECV_START,1516290085957,119
190,WS_RECV_END,1516290086818,119
190,PLAYER_SLEEPBEFORE_START,1516290086818,120
190,PLAYER_SLEEPBEFORE_END,1516290087806,120
190,WS_SEND_START,1516290087806,120
190,WS_SEND_END,1516290087806,120
190,WS_RECV_START,1516290087806,121
190,WS_RECV_END,1516290089099,121
190,PLAYER_SLEEPBEFORE_START,1516290089099,122
190,PLAYER_SLEEPBEFORE_END,1516290090284,122
190,WS_SEND_START,1516290090284,122
190,WS_SEND_END,1516290090284,122
190,WS_RECV_START,1516290090284,123
190,WS_RECV_END,1516290093025,123
190,PLAYER_SLEEPBEFORE_START,1516290093025,124
190,PLAYER_SLEEPBEFORE_END,1516290117430,124
190,WS_SEND_START,1516290117430,124
190,WS_SEND_END,1516290117430,124
190,WS_RECV_START,1516290117430,125
190,WS_RECV_END,1516290121775,125
190,PLAYER_SLEEPBEFORE_START,1516290121775,126
190,PLAYER_SLEEPBEFORE_END,1516290142287,126
190,WS_SEND_START,1516290142287,126
190,WS_SEND_END,1516290142287,126
190,PLAYER_SLEEPBEFORE_START,1516290142287,127
190,PLAYER_SLEEPBEFORE_END,1516290145341,127
190,WS_SEND_START,1516290145341,127
190,WS_SEND_END,1516290145341,127
190,WS_RECV_START,1516290145341,128
190,WS_RECV_END,1516290147249,128
190,PLAYER_SLEEPBEFORE_START,1516290147249,129
190,PLAYER_SLEEPBEFORE_END,1516290147269,129
190,WS_SEND_START,1516290147269,129
190,WS_SEND_END,1516290147269,129
190,WS_RECV_START,1516290147269,130
190,WS_RECV_END,1516290150924,130
190,PLAYER_SLEEPBEFORE_START,1516290150924,131
190,PLAYER_SLEEPBEFORE_END,1516290172548,131
190,WS_SEND_START,1516290172548,131
190,WS_SEND_END,1516290172548,131
190,PLAYER_SLEEPBEFORE_START,1516290172548,132
190,PLAYER_SLEEPBEFORE_END,1516290175628,132
190,WS_SEND_START,1516290175628,132
190,WS_SEND_END,1516290175628,132
190,WS_RECV_START,1516290175628,133
190,WS_RECV_END,1516290180751,133
190,PLAYER_SLEEPBEFORE_START,1516290180751,134
190,PLAYER_SLEEPBEFORE_END,1516290201968,134
190,WS_SEND_START,1516290201968,134
190,WS_SEND_END,1516290201968,134
190,PLAYER_SLEEPBEFORE_START,1516290201968,135
190,PLAYER_SLEEPBEFORE_END,1516290205158,135
190,WS_SEND_START,1516290205158,135
190,WS_SEND_END,1516290205159,135
190,WS_RECV_START,1516290205159,136
190,WS_RECV_END,1516290208011,136
190,PLAYER_SLEEPBEFORE_START,1516290208011,137
190,PLAYER_SLEEPBEFORE_END,1516290208018,137
190,WS_SEND_START,1516290208018,137
190,WS_SEND_END,1516290208018,137
190,WS_RECV_START,1516290208018,138
190,WS_RECV_END,1516290211802,138
190,PLAYER_SLEEPBEFORE_START,1516290211802,139
190,PLAYER_SLEEPBEFORE_END,1516290212493,139
190,WS_SEND_START,1516290212493,139
190,WS_SEND_END,1516290212493,139
190,WS_RECV_START,1516290212493,140
190,WS_RECV_END,1516290216322,140
190,PLAYER_SLEEPBEFORE_START,1516290216323,141
190,PLAYER_SLEEPBEFORE_END,1516290216978,141
190,WS_SEND_START,1516290216978,141
190,WS_SEND_END,1516290216978,141
190,WS_RECV_START,1516290216978,142
190,WS_RECV_END,1516290221352,142
190,PLAYER_SLEEPBEFORE_START,1516290221352,143
190,PLAYER_SLEEPBEFORE_END,1516290221409,143
190,WS_SEND_START,1516290221409,143
190,WS_SEND_END,1516290221409,143
190,WS_RECV_START,1516290221409,144
190,WS_RECV_END,1516290224824,144
190,PLAYER_SLEEPBEFORE_START,1516290224824,145
190,PLAYER_SLEEPBEFORE_END,1516290240887,145
190,REQ_START,1516290240887,145
190,REQ_END,1516290240894,145
190,PLAYER_SLEEPBEFORE_START,1516290240894,146
190,PLAYER_SLEEPBEFORE_END,1516290249771,146
190,WS_SEND_START,1516290249771,146
190,WS_SEND_END,1516290249771,146
190,WS_RECV_START,1516290249771,147
190,WS_RECV_END,1516290255096,147
190,PLAYER_SLEEPBEFORE_START,1516290255096,148
190,PLAYER_SLEEPBEFORE_END,1516290277028,148
190,WS_SEND_START,1516290277028,148
190,WS_SEND_END,1516290277028,148
190,PLAYER_SLEEPBEFORE_START,1516290277028,149
190,PLAYER_SLEEPBEFORE_END,1516290279456,149
190,WS_SEND_START,1516290279456,149
190,WS_SEND_END,1516290279456,149
190,WS_RECV_START,1516290279456,150
190,WS_RECV_END,1516290283576,150
190,PLAYER_SLEEPBEFORE_START,1516290283576,151
190,PLAYER_SLEEPBEFORE_END,1516290283786,151
190,WS_SEND_START,1516290283786,151
190,WS_SEND_END,1516290283786,151
190,WS_RECV_START,1516290283786,152
190,WS_RECV_END,1516290286273,152
190,PLAYER_SLEEPBEFORE_START,1516290286273,153
190,PLAYER_SLEEPBEFORE_END,1516290310201,153
190,WS_SEND_START,1516290310201,153
190,WS_SEND_END,1516290310201,153
190,WS_RECV_START,1516290310201,154
190,WS_RECV_END,1516290317014,154
190,PLAYER_SLEEPBEFORE_START,1516290317014,155
190,PLAYER_SLEEPBEFORE_END,1516290339573,155
190,WS_SEND_START,1516290339573,155
190,WS_SEND_END,1516290339573,155
190,PLAYER_SLEEPBEFORE_START,1516290339573,156
190,PLAYER_SLEEPBEFORE_END,1516290342847,156
190,WS_SEND_START,1516290342847,156
190,WS_SEND_END,1516290342847,156
190,WS_RECV_START,1516290342847,157
190,WS_RECV_END,1516290346969,157
190,PLAYER_SLEEPBEFORE_START,1516290346969,158
190,PLAYER_SLEEPBEFORE_END,1516290346979,158
190,WS_SEND_START,1516290346979,158
190,WS_SEND_END,1516290346979,158
190,WS_RECV_START,1516290346979,159
190,WS_RECV_END,1516290350411,159
190,PLAYER_SLEEPBEFORE_START,1516290350411,160
190,PLAYER_SLEEPBEFORE_END,1516290350586,160
190,WS_SEND_START,1516290350586,160
190,WS_SEND_END,1516290350586,160
190,WS_RECV_START,1516290350586,161
190,WS_RECV_END,1516290355130,161
190,PLAYER_SLEEPBEFORE_START,1516290355130,162
190,PLAYER_SLEEPBEFORE_END,1516290355155,162
190,WS_SEND_START,1516290355155,162
190,WS_SEND_END,1516290355155,162
190,WS_RECV_START,1516290355155,163
190,WS_RECV_END,1516290359584,163
190,PLAYER_SLEEPBEFORE_START,1516290359584,164
190,PLAYER_SLEEPBEFORE_END,1516290380396,164
190,WS_SEND_START,1516290380396,164
190,WS_SEND_END,1516290380396,164
190,WS_RECV_START,1516290380396,165
190,WS_RECV_END,1516290386301,165
190,PLAYER_SLEEPBEFORE_START,1516290386301,166
190,PLAYER_SLEEPBEFORE_END,1516290408756,166
190,WS_SEND_START,1516290408756,166
190,WS_SEND_END,1516290408756,166
190,WS_RECV_START,1516290408756,167
190,WS_RECV_END,1516290418578,167
190,PLAYER_SLEEPBEFORE_START,1516290418578,168
190,PLAYER_SLEEPBEFORE_END,1516290445935,168
190,WS_SEND_START,1516290445935,168
190,WS_SEND_END,1516290445935,168
190,WS_RECV_START,1516290445935,169
190,WS_RECV_END,1516290454578,169
190,PLAYER_SLEEPBEFORE_START,1516290454578,170
190,PLAYER_SLEEPBEFORE_END,1516290454587,170
190,WS_SEND_START,1516290454587,170
190,WS_SEND_END,1516290454587,170
190,WS_RECV_START,1516290454587,171
190,WS_RECV_END,1516290458410,171
190,PLAYER_SLEEPBEFORE_START,1516290458410,172
190,PLAYER_SLEEPBEFORE_END,1516290458779,172
190,WS_SEND_START,1516290458779,172
190,WS_SEND_END,1516290458779,172
190,WS_RECV_START,1516290458779,173
190,WS_RECV_END,1516290463808,173
190,PLAYER_SLEEPBEFORE_START,1516290463808,174
190,PLAYER_SLEEPBEFORE_END,1516290463849,174
190,WS_SEND_START,1516290463849,174
190,WS_SEND_END,1516290463849,174
190,WS_RECV_START,1516290463849,175
190,WS_RECV_END,1516290468568,175
190,PLAYER_SLEEPBEFORE_START,1516290468568,176
190,PLAYER_SLEEPBEFORE_END,1516290490329,176
190,WS_SEND_START,1516290490329,176
190,WS_SEND_END,1516290490329,176
190,PLAYER_SLEEPBEFORE_START,1516290490329,177
190,PLAYER_SLEEPBEFORE_END,1516290492847,177
190,WS_SEND_START,1516290492847,177
190,WS_SEND_END,1516290492847,177
190,WS_RECV_START,1516290492847,178
190,WS_RECV_END,1516290498574,178
190,PLAYER_SLEEPBEFORE_START,1516290498574,179
190,PLAYER_SLEEPBEFORE_END,1516290520914,179
190,WS_SEND_START,1516290520915,179
190,WS_SEND_END,1516290520915,179
190,WS_RECV_START,1516290520915,180
190,WS_RECV_END,1516290528281,180
190,PLAYER_SLEEPBEFORE_START,1516290528281,181
190,PLAYER_SLEEPBEFORE_END,1516290528725,181
190,WS_SEND_START,1516290528725,181
190,WS_SEND_END,1516290528725,181
190,WS_RECV_START,1516290528725,182
190,WS_RECV_END,1516290533709,182
190,PLAYER_SLEEPBEFORE_START,1516290533709,183
190,PLAYER_SLEEPBEFORE_END,1516290534232,183
190,WS_SEND_START,1516290534232,183
190,WS_SEND_END,1516290534232,183
190,WS_RECV_START,1516290534232,184
190,WS_RECV_END,1516290539184,184
190,PLAYER_SLEEPBEFORE_START,1516290539184,185
190,PLAYER_SLEEPBEFORE_END,1516290539452,185
190,WS_SEND_START,1516290539452,185
190,WS_SEND_END,1516290539452,185
190,WS_RECV_START,1516290539452,186
190,WS_RECV_END,1516290545497,186
190,PLAYER_SLEEPBEFORE_START,1516290545497,187
190,PLAYER_SLEEPBEFORE_END,1516290567997,187
190,WS_SEND_START,1516290567997,187
190,WS_SEND_END,1516290567997,187
190,WS_RECV_START,1516290567997,188
190,WS_RECV_END,1516290580893,188
190,PLAYER_SLEEPBEFORE_START,1516290580893,189
190,PLAYER_SLEEPBEFORE_END,1516290587132,189
190,WS_SEND_START,1516290587132,189
190,WS_SEND_END,1516290587132,189
190,WS_RECV_START,1516290587132,190
190,WS_RECV_END,1516290595391,190
190,PLAYER_SLEEPBEFORE_START,1516290595391,191
190,PLAYER_SLEEPBEFORE_END,1516290597306,191
190,WS_SEND_START,1516290597306,191
190,WS_SEND_END,1516290597306,191
190,WS_RECV_START,1516290597306,192
190,WS_RECV_END,1516290606487,192
190,PLAYER_SLEEPBEFORE_START,1516290606487,193
190,PLAYER_SLEEPBEFORE_END,1516290606616,193
190,WS_SEND_START,1516290606616,193
190,WS_SEND_END,1516290606616,193
190,WS_RECV_START,1516290606616,194
190,WS_RECV_END,1516290611281,194
190,PLAYER_SLEEPBEFORE_START,1516290611281,195
190,PLAYER_SLEEPBEFORE_END,1516290613036,195
190,WS_SEND_START,1516290613036,195
190,WS_SEND_END,1516290613036,195
190,WS_RECV_START,1516290613036,196
190,WS_RECV_END,1516290617020,196
190,PLAYER_SLEEPBEFORE_START,1516290617020,197
190,PLAYER_SLEEPBEFORE_END,1516290618824,197
190,WS_SEND_START,1516290618824,197
190,WS_SEND_END,1516290618825,197
190,WS_RECV_START,1516290618825,198
190,WS_RECV_END,1516290621743,198
190,PLAYER_SLEEPBEFORE_START,1516290621743,199
190,PLAYER_SLEEPBEFORE_END,1516290633597,199
190,WS_SEND_START,1516290633597,199
190,WS_SEND_END,1516290633597,199
190,PLAYER_SLEEPBEFORE_START,1516290633597,200
190,PLAYER_SLEEPBEFORE_END,1516290637685,200
190,WS_SEND_START,1516290637685,200
190,WS_SEND_END,1516290637685,200
190,WS_RECV_START,1516290637685,201
190,WS_RECV_END,1516290640936,201
190,PLAYER_SLEEPBEFORE_START,1516290640936,202
190,PLAYER_SLEEPBEFORE_END,1516290640950,202
190,WS_SEND_START,1516290640950,202
190,WS_SEND_END,1516290640950,202
190,WS_RECV_START,1516290640950,203
190,WS_RECV_END,1516290643466,203
190,PLAYER_SLEEPBEFORE_START,1516290643466,204
190,PLAYER_SLEEPBEFORE_END,1516290663115,204
190,WS_SEND_START,1516290663115,204
190,WS_SEND_END,1516290663115,204
190,PLAYER_SLEEPBEFORE_START,1516290663115,205
190,PLAYER_SLEEPBEFORE_END,1516290667013,205
190,WS_SEND_START,1516290667013,205
190,WS_SEND_END,1516290667013,205
190,WS_RECV_START,1516290667013,206
190,WS_RECV_END,1516290668433,206
190,PLAYER_SLEEPBEFORE_START,1516290668433,207
190,PLAYER_SLEEPBEFORE_END,1516290685364,207
190,REQ_START,1516290685364,207
190,REQ_END,1516290685372,207
190,PLAYER_SLEEPBEFORE_START,1516290685372,208
190,PLAYER_SLEEPBEFORE_END,1516290692224,208
190,WS_CLOSE_START,1516290692224,208
190,WS_CLOSE_END,1516290692224,208
190,PLAYER_DONE,1516290692224
