# --sessions 720 --app-url=http://shinyloadtest.rstudioservices.com/cran_explorer --output-dir test720 --overwrite-output --log-level warn --start-interval 500 15min.log
thread_id,event,timestamp,input_line_number,comment
245,PLAYER_SESSION_CREATE,1516289462071
245,PLAYER_START_INTERVAL_START,1516289462071
245,PLAYER_START_INTERVAL_END,1516289584571
245,REQ_HOME_START,1516289584571,2
245,REQ_HOME_END,1516289584657,2
245,REQ_START,1516289584657,3
245,REQ_END,1516289584688,3
245,REQ_START,1516289584688,4
245,REQ_END,1516289584720,4
245,REQ_START,1516289584720,5
245,REQ_END,1516289584761,5
245,REQ_START,1516289584761,6
245,REQ_END,1516289584830,6
245,REQ_START,1516289584830,7
245,REQ_END,1516289584888,7
245,REQ_START,1516289584888,8
245,REQ_END,1516289584930,8
245,REQ_START,1516289584930,9
245,REQ_END,1516289584970,9
245,REQ_START,1516289584970,10
245,REQ_END,1516289584977,10
245,REQ_START,1516289584977,11
245,REQ_END,1516289585009,11
245,REQ_START,1516289585009,12
245,REQ_END,1516289585032,12
245,REQ_START,1516289585032,13
245,REQ_END,1516289585066,13
245,REQ_START,1516289585066,14
245,REQ_END,1516289585080,14
245,REQ_START,1516289585080,15
245,REQ_END,1516289585121,15
245,REQ_TOK_START,1516289585121,16
245,REQ_TOK_END,1516289585128,16
245,REQ_SINF_START,1516289585128,17
245,REQ_SINF_END,1516289585135,17
245,WS_OPEN_START,1516289585135,18
245,WS_OPEN_END,1516289585142,18
245,REQ_START,1516289585142,19
245,REQ_END,1516289585171,19
245,WS_RECV_START,1516289585171,20
245,WS_RECV_END,1516289585171,20
245,PLAYER_SLEEPBEFORE_START,1516289585171,21
245,PLAYER_SLEEPBEFORE_END,1516289585176,21
245,WS_SEND_START,1516289585176,21
245,WS_SEND_END,1516289585176,21
245,PLAYER_SLEEPBEFORE_START,1516289585176,22
245,PLAYER_SLEEPBEFORE_END,1516289585177,22
245,WS_SEND_START,1516289585177,22
245,WS_SEND_END,1516289585177,22
245,WS_RECV_INIT_START,1516289585177,23
245,WS_RECV_INIT_END,1516289585195,23
245,WS_RECV_START,1516289585195,24
245,WS_RECV_END,1516289585248,24
245,PLAYER_SLEEPBEFORE_START,1516289585248,25
245,PLAYER_SLEEPBEFORE_END,1516289585255,25
245,REQ_START,1516289585255,25
245,REQ_END,1516289585291,25
245,PLAYER_SLEEPBEFORE_START,1516289585291,26
245,PLAYER_SLEEPBEFORE_END,1516289585292,26
245,REQ_START,1516289585292,26
245,REQ_END,1516289585326,26
245,PLAYER_SLEEPBEFORE_START,1516289585326,27
245,PLAYER_SLEEPBEFORE_END,1516289585329,27
245,REQ_START,1516289585329,27
245,REQ_END,1516289585371,27
245,PLAYER_SLEEPBEFORE_START,1516289585371,28
245,PLAYER_SLEEPBEFORE_END,1516289585656,28
245,REQ_START,1516289585656,28
245,REQ_END,1516289585696,28
245,PLAYER_SLEEPBEFORE_START,1516289585696,29
245,PLAYER_SLEEPBEFORE_END,1516289585871,29
245,WS_SEND_START,1516289585871,29
245,WS_SEND_END,1516289585871,29
245,WS_RECV_START,1516289585871,30
245,WS_RECV_END,1516289586055,30
245,PLAYER_SLEEPBEFORE_START,1516289586055,31
245,PLAYER_SLEEPBEFORE_END,1516289586066,31
245,REQ_START,1516289586066,31
245,REQ_END,1516289586101,31
245,PLAYER_SLEEPBEFORE_START,1516289586101,32
245,PLAYER_SLEEPBEFORE_END,1516289614246,32
245,WS_SEND_START,1516289614246,32
245,WS_SEND_END,1516289614246,32
245,WS_RECV_START,1516289614246,33
245,WS_RECV_END,1516289614341,33
245,PLAYER_SLEEPBEFORE_START,1516289614341,34
245,PLAYER_SLEEPBEFORE_END,1516289640252,34
245,WS_SEND_START,1516289640252,34
245,WS_SEND_END,1516289640252,34
245,WS_RECV_START,1516289640252,35
245,WS_RECV_END,1516289640280,35
245,PLAYER_SLEEPBEFORE_START,1516289640280,36
245,PLAYER_SLEEPBEFORE_END,1516289640289,36
245,WS_SEND_START,1516289640289,36
245,WS_SEND_END,1516289640289,36
245,WS_RECV_START,1516289640289,37
245,WS_RECV_END,1516289640330,37
245,PLAYER_SLEEPBEFORE_START,1516289640330,38
245,PLAYER_SLEEPBEFORE_END,1516289643525,38
245,WS_SEND_START,1516289643525,38
245,WS_SEND_END,1516289643525,38
245,WS_RECV_START,1516289643525,39
245,WS_RECV_END,1516289643777,39
245,PLAYER_SLEEPBEFORE_START,1516289643777,40
245,PLAYER_SLEEPBEFORE_END,1516289643823,40
245,WS_SEND_START,1516289643823,40
245,WS_SEND_END,1516289643823,40
245,WS_RECV_START,1516289643823,41
245,WS_RECV_END,1516289644005,41
245,PLAYER_SLEEPBEFORE_START,1516289644005,42
245,PLAYER_SLEEPBEFORE_END,1516289662141,42
245,WS_SEND_START,1516289662141,42
245,WS_SEND_END,1516289662141,42
245,WS_RECV_START,1516289662141,43
245,WS_RECV_END,1516289662222,43
245,PLAYER_SLEEPBEFORE_START,1516289662222,44
245,PLAYER_SLEEPBEFORE_END,1516289662234,44
245,WS_SEND_START,1516289662234,44
245,WS_SEND_END,1516289662234,44
245,WS_RECV_START,1516289662234,45
245,WS_RECV_END,1516289662294,45
245,PLAYER_SLEEPBEFORE_START,1516289662294,46
245,PLAYER_SLEEPBEFORE_END,1516289663554,46
245,WS_SEND_START,1516289663554,46
245,WS_SEND_END,1516289663554,46
245,WS_RECV_START,1516289663554,47
245,WS_RECV_END,1516289663582,47
245,PLAYER_SLEEPBEFORE_START,1516289663582,48
245,PLAYER_SLEEPBEFORE_END,1516289664902,48
245,WS_SEND_START,1516289664902,48
245,WS_SEND_END,1516289664902,48
245,WS_RECV_START,1516289664902,49
245,WS_RECV_END,1516289665024,49
245,PLAYER_SLEEPBEFORE_START,1516289665024,50
245,PLAYER_SLEEPBEFORE_END,1516289665048,50
245,WS_SEND_START,1516289665048,50
245,WS_SEND_END,1516289665048,50
245,WS_RECV_START,1516289665048,51
245,WS_RECV_END,1516289665179,51
245,PLAYER_SLEEPBEFORE_START,1516289665179,52
245,PLAYER_SLEEPBEFORE_END,1516289687743,52
245,WS_SEND_START,1516289687743,52
245,WS_SEND_END,1516289687743,52
245,WS_RECV_START,1516289687743,53
245,WS_RECV_END,1516289687894,53
245,PLAYER_SLEEPBEFORE_START,1516289687894,54
245,PLAYER_SLEEPBEFORE_END,1516289709198,54
245,WS_SEND_START,1516289709198,54
245,WS_SEND_END,1516289709198,54
245,PLAYER_SLEEPBEFORE_START,1516289709198,55
245,PLAYER_SLEEPBEFORE_END,1516289711139,55
245,WS_SEND_START,1516289711139,55
245,WS_SEND_END,1516289711139,55
245,WS_RECV_START,1516289711139,56
245,WS_RECV_END,1516289711203,56
245,PLAYER_SLEEPBEFORE_START,1516289711203,57
245,PLAYER_SLEEPBEFORE_END,1516289734075,57
245,WS_SEND_START,1516289734075,57
245,WS_SEND_END,1516289734075,57
245,WS_RECV_START,1516289734075,58
245,WS_RECV_END,1516289734138,58
245,PLAYER_SLEEPBEFORE_START,1516289734138,59
245,PLAYER_SLEEPBEFORE_END,1516289736465,59
245,WS_SEND_START,1516289736465,59
245,WS_SEND_END,1516289736465,59
245,WS_RECV_START,1516289736465,60
245,WS_RECV_END,1516289737166,60
245,PLAYER_SLEEPBEFORE_START,1516289737166,61
245,PLAYER_SLEEPBEFORE_END,1516289740757,61
245,WS_SEND_START,1516289740757,61
245,WS_SEND_END,1516289740757,61
245,WS_RECV_START,1516289740757,62
245,WS_RECV_END,1516289740997,62
245,PLAYER_SLEEPBEFORE_START,1516289740997,63
245,PLAYER_SLEEPBEFORE_END,1516289760259,63
245,WS_SEND_START,1516289760259,63
245,WS_SEND_END,1516289760259,63
245,WS_RECV_START,1516289760259,64
245,WS_RECV_END,1516289761040,64
245,PLAYER_SLEEPBEFORE_START,1516289761040,65
245,PLAYER_SLEEPBEFORE_END,1516289787857,65
245,WS_SEND_START,1516289787857,65
245,WS_SEND_END,1516289787857,65
245,WS_RECV_START,1516289787857,66
245,WS_RECV_END,1516289788895,66
245,PLAYER_SLEEPBEFORE_START,1516289788895,67
245,PLAYER_SLEEPBEFORE_END,1516289790402,67
245,WS_SEND_START,1516289790402,67
245,WS_SEND_END,1516289790402,67
245,WS_RECV_START,1516289790402,68
245,WS_RECV_END,1516289791088,68
245,PLAYER_SLEEPBEFORE_START,1516289791091,69
245,PLAYER_SLEEPBEFORE_END,1516289813089,69
245,WS_SEND_START,1516289813089,69
245,WS_SEND_END,1516289813089,69
245,WS_RECV_START,1516289813089,70
245,WS_RECV_END,1516289814005,70
245,PLAYER_SLEEPBEFORE_START,1516289814005,71
245,PLAYER_SLEEPBEFORE_END,1516289838780,71
245,WS_SEND_START,1516289838780,71
245,WS_SEND_END,1516289838780,71
245,PLAYER_SLEEPBEFORE_START,1516289838780,72
245,PLAYER_SLEEPBEFORE_END,1516289841387,72
245,WS_SEND_START,1516289841387,72
245,WS_SEND_END,1516289841387,72
245,WS_RECV_START,1516289841387,73
245,WS_RECV_END,1516289841574,73
245,PLAYER_SLEEPBEFORE_START,1516289841574,74
245,PLAYER_SLEEPBEFORE_END,1516289841583,74
245,WS_SEND_START,1516289841583,74
245,WS_SEND_END,1516289841583,74
245,WS_RECV_START,1516289841583,75
245,WS_RECV_END,1516289843282,75
245,PLAYER_SLEEPBEFORE_START,1516289843282,76
245,PLAYER_SLEEPBEFORE_END,1516289844788,76
245,WS_SEND_START,1516289844788,76
245,WS_SEND_END,1516289844788,76
245,WS_RECV_START,1516289844788,77
245,WS_RECV_END,1516289845562,77
245,PLAYER_SLEEPBEFORE_START,1516289845562,78
245,PLAYER_SLEEPBEFORE_END,1516289846430,78
245,WS_SEND_START,1516289846430,78
245,WS_SEND_END,1516289846430,78
245,WS_RECV_START,1516289846430,79
245,WS_RECV_END,1516289847597,79
245,PLAYER_SLEEPBEFORE_START,1516289847597,80
245,PLAYER_SLEEPBEFORE_END,1516289855263,80
245,WS_SEND_START,1516289855263,80
245,WS_SEND_END,1516289855263,80
245,WS_RECV_START,1516289855263,81
245,WS_RECV_END,1516289857753,81
245,PLAYER_SLEEPBEFORE_START,1516289857753,82
245,PLAYER_SLEEPBEFORE_END,1516289858855,82
245,WS_SEND_START,1516289858855,82
245,WS_SEND_END,1516289858855,82
245,WS_RECV_START,1516289858855,83
245,WS_RECV_END,1516289862346,83
245,PLAYER_SLEEPBEFORE_START,1516289862346,84
245,PLAYER_SLEEPBEFORE_END,1516289863293,84
245,WS_SEND_START,1516289863293,84
245,WS_SEND_END,1516289863293,84
245,WS_RECV_START,1516289863293,85
245,WS_RECV_END,1516289864664,85
245,PLAYER_SLEEPBEFORE_START,1516289864664,86
245,PLAYER_SLEEPBEFORE_END,1516289868837,86
245,WS_SEND_START,1516289868837,86
245,WS_SEND_END,1516289868837,86
245,WS_RECV_START,1516289868837,87
245,WS_RECV_END,1516289871459,87
245,PLAYER_SLEEPBEFORE_START,1516289871459,88
245,PLAYER_SLEEPBEFORE_END,1516289871468,88
245,WS_SEND_START,1516289871468,88
245,WS_SEND_END,1516289871468,88
245,WS_RECV_START,1516289871468,89
245,WS_RECV_END,1516289872667,89
245,PLAYER_SLEEPBEFORE_START,1516289872667,90
245,PLAYER_SLEEPBEFORE_END,1516289899864,90
245,REQ_START,1516289899864,90
245,REQ_END,1516289899871,90
245,PLAYER_SLEEPBEFORE_START,1516289899871,91
245,PLAYER_SLEEPBEFORE_END,1516289907760,91
245,WS_SEND_START,1516289907760,91
245,WS_SEND_END,1516289907760,91
245,WS_RECV_START,1516289907760,92
245,WS_RECV_END,1516289910203,92
245,PLAYER_SLEEPBEFORE_START,1516289910203,93
245,PLAYER_SLEEPBEFORE_END,1516289910218,93
245,WS_SEND_START,1516289910218,93
245,WS_SEND_END,1516289910219,93
245,WS_RECV_START,1516289910219,94
245,WS_RECV_END,1516289911675,94
245,PLAYER_SLEEPBEFORE_START,1516289911675,95
245,PLAYER_SLEEPBEFORE_END,1516289935230,95
245,WS_SEND_START,1516289935230,95
245,WS_SEND_END,1516289935230,95
245,WS_RECV_START,1516289935230,96
245,WS_RECV_END,1516289938218,96
245,PLAYER_SLEEPBEFORE_START,1516289938218,97
245,PLAYER_SLEEPBEFORE_END,1516289960658,97
245,WS_SEND_START,1516289960658,97
245,WS_SEND_END,1516289960658,97
245,WS_RECV_START,1516289960658,98
245,WS_RECV_END,1516289964315,98
245,PLAYER_SLEEPBEFORE_START,1516289964315,99
245,PLAYER_SLEEPBEFORE_END,1516289964336,99
245,WS_SEND_START,1516289964337,99
245,WS_SEND_END,1516289964337,99
245,WS_RECV_START,1516289964337,100
245,WS_RECV_END,1516289966547,100
245,PLAYER_SLEEPBEFORE_START,1516289966547,101
245,PLAYER_SLEEPBEFORE_END,1516289990106,101
245,WS_SEND_START,1516289990106,101
245,WS_SEND_END,1516289990106,101
245,WS_RECV_START,1516289990106,102
245,WS_RECV_END,1516289995621,102
245,PLAYER_SLEEPBEFORE_START,1516289995621,103
245,PLAYER_SLEEPBEFORE_END,1516290019246,103
245,WS_SEND_START,1516290019246,103
245,WS_SEND_END,1516290019246,103
245,WS_RECV_START,1516290019246,104
245,WS_RECV_END,1516290025157,104
245,PLAYER_SLEEPBEFORE_START,1516290025157,105
245,PLAYER_SLEEPBEFORE_END,1516290050534,105
245,WS_SEND_START,1516290050534,105
245,WS_SEND_END,1516290050534,105
245,WS_RECV_START,1516290050534,106
245,WS_RECV_END,1516290055375,106
245,PLAYER_SLEEPBEFORE_START,1516290055375,107
245,PLAYER_SLEEPBEFORE_END,1516290078800,107
245,WS_SEND_START,1516290078800,107
245,WS_SEND_END,1516290078800,107
245,WS_RECV_START,1516290078800,108
245,WS_RECV_END,1516290081729,108
245,PLAYER_SLEEPBEFORE_START,1516290081729,109
245,PLAYER_SLEEPBEFORE_END,1516290081738,109
245,WS_SEND_START,1516290081738,109
245,WS_SEND_END,1516290081738,109
245,WS_RECV_START,1516290081738,110
245,WS_RECV_END,1516290083190,110
245,PLAYER_SLEEPBEFORE_START,1516290083190,111
245,PLAYER_SLEEPBEFORE_END,1516290084149,111
245,WS_SEND_START,1516290084149,111
245,WS_SEND_END,1516290084149,111
245,WS_RECV_START,1516290084149,112
245,WS_RECV_END,1516290085158,112
245,PLAYER_SLEEPBEFORE_START,1516290085158,113
245,PLAYER_SLEEPBEFORE_END,1516290085720,113
245,WS_SEND_START,1516290085720,113
245,WS_SEND_END,1516290085720,113
245,WS_RECV_START,1516290085720,114
245,WS_RECV_END,1516290088779,114
245,PLAYER_SLEEPBEFORE_START,1516290088779,115
245,PLAYER_SLEEPBEFORE_END,1516290088788,115
245,WS_SEND_START,1516290088788,115
245,WS_SEND_END,1516290088788,115
245,WS_RECV_START,1516290088788,116
245,WS_RECV_END,1516290092671,116
245,PLAYER_SLEEPBEFORE_START,1516290092671,117
245,PLAYER_SLEEPBEFORE_END,1516290113031,117
245,WS_SEND_START,1516290113031,117
245,WS_SEND_END,1516290113031,117
245,PLAYER_SLEEPBEFORE_START,1516290113031,118
245,PLAYER_SLEEPBEFORE_END,1516290116783,118
245,WS_SEND_START,1516290116783,118
245,WS_SEND_END,1516290116783,118
245,WS_RECV_START,1516290116783,119
245,WS_RECV_END,1516290118563,119
245,PLAYER_SLEEPBEFORE_START,1516290118563,120
245,PLAYER_SLEEPBEFORE_END,1516290119558,120
245,WS_SEND_START,1516290119558,120
245,WS_SEND_END,1516290119558,120
245,WS_RECV_START,1516290119558,121
245,WS_RECV_END,1516290122074,121
245,PLAYER_SLEEPBEFORE_START,1516290122074,122
245,PLAYER_SLEEPBEFORE_END,1516290123259,122
245,WS_SEND_START,1516290123259,122
245,WS_SEND_END,1516290123259,122
245,WS_RECV_START,1516290123259,123
245,WS_RECV_END,1516290125640,123
245,PLAYER_SLEEPBEFORE_START,1516290125640,124
245,PLAYER_SLEEPBEFORE_END,1516290150045,124
245,WS_SEND_START,1516290150045,124
245,WS_SEND_END,1516290150045,124
245,WS_RECV_START,1516290150045,125
245,WS_RECV_END,1516290156129,125
245,PLAYER_SLEEPBEFORE_START,1516290156129,126
245,PLAYER_SLEEPBEFORE_END,1516290176642,126
245,WS_SEND_START,1516290176642,126
245,WS_SEND_END,1516290176642,126
245,PLAYER_SLEEPBEFORE_START,1516290176642,127
245,PLAYER_SLEEPBEFORE_END,1516290179696,127
245,WS_SEND_START,1516290179696,127
245,WS_SEND_END,1516290179696,127
245,WS_RECV_START,1516290179696,128
245,WS_RECV_END,1516290183435,128
245,PLAYER_SLEEPBEFORE_START,1516290183435,129
245,PLAYER_SLEEPBEFORE_END,1516290183455,129
245,WS_SEND_START,1516290183455,129
245,WS_SEND_END,1516290183455,129
245,WS_RECV_START,1516290183455,130
245,WS_RECV_END,1516290186878,130
245,PLAYER_SLEEPBEFORE_START,1516290186878,131
245,PLAYER_SLEEPBEFORE_END,1516290208502,131
245,WS_SEND_START,1516290208502,131
245,WS_SEND_END,1516290208502,131
245,PLAYER_SLEEPBEFORE_START,1516290208502,132
245,PLAYER_SLEEPBEFORE_END,1516290211582,132
245,WS_SEND_START,1516290211582,132
245,WS_SEND_END,1516290211582,132
245,WS_RECV_START,1516290211582,133
245,WS_RECV_END,1516290215132,133
245,PLAYER_SLEEPBEFORE_START,1516290215132,134
245,PLAYER_SLEEPBEFORE_END,1516290236349,134
245,WS_SEND_START,1516290236349,134
245,WS_SEND_END,1516290236349,134
245,PLAYER_SLEEPBEFORE_START,1516290236349,135
245,PLAYER_SLEEPBEFORE_END,1516290239539,135
245,WS_SEND_START,1516290239539,135
245,WS_SEND_END,1516290239539,135
245,WS_RECV_START,1516290239539,136
245,WS_RECV_END,1516290242090,136
245,PLAYER_SLEEPBEFORE_START,1516290242090,137
245,PLAYER_SLEEPBEFORE_END,1516290242097,137
245,WS_SEND_START,1516290242097,137
245,WS_SEND_END,1516290242097,137
245,WS_RECV_START,1516290242097,138
245,WS_RECV_END,1516290246183,138
245,PLAYER_SLEEPBEFORE_START,1516290246183,139
245,PLAYER_SLEEPBEFORE_END,1516290246873,139
245,WS_SEND_START,1516290246873,139
245,WS_SEND_END,1516290246873,139
245,WS_RECV_START,1516290246873,140
245,WS_RECV_END,1516290250665,140
245,PLAYER_SLEEPBEFORE_START,1516290250665,141
245,PLAYER_SLEEPBEFORE_END,1516290251320,141
245,WS_SEND_START,1516290251320,141
245,WS_SEND_END,1516290251320,141
245,WS_RECV_START,1516290251320,142
245,WS_RECV_END,1516290254950,142
245,PLAYER_SLEEPBEFORE_START,1516290254950,143
245,PLAYER_SLEEPBEFORE_END,1516290255007,143
245,WS_SEND_START,1516290255007,143
245,WS_SEND_END,1516290255007,143
245,WS_RECV_START,1516290255007,144
245,WS_RECV_END,1516290259639,144
245,PLAYER_SLEEPBEFORE_START,1516290259639,145
245,PLAYER_SLEEPBEFORE_END,1516290275701,145
245,REQ_START,1516290275701,145
245,REQ_END,1516290275710,145
245,PLAYER_SLEEPBEFORE_START,1516290275710,146
245,PLAYER_SLEEPBEFORE_END,1516290284587,146
245,WS_SEND_START,1516290284587,146
245,WS_SEND_END,1516290284587,146
245,WS_RECV_START,1516290284587,147
245,WS_RECV_END,1516290288716,147
245,PLAYER_SLEEPBEFORE_START,1516290288717,148
245,PLAYER_SLEEPBEFORE_END,1516290310639,148
245,WS_SEND_START,1516290310639,148
245,WS_SEND_END,1516290310639,148
245,PLAYER_SLEEPBEFORE_START,1516290310639,149
245,PLAYER_SLEEPBEFORE_END,1516290313067,149
245,WS_SEND_START,1516290313067,149
245,WS_SEND_END,1516290313067,149
245,WS_RECV_START,1516290313067,150
245,WS_RECV_END,1516290315231,150
245,PLAYER_SLEEPBEFORE_START,1516290315231,151
245,PLAYER_SLEEPBEFORE_END,1516290315442,151
245,WS_SEND_START,1516290315442,151
245,WS_SEND_END,1516290315442,151
245,WS_RECV_START,1516290315442,152
245,WS_RECV_END,1516290318354,152
245,PLAYER_SLEEPBEFORE_START,1516290318354,153
245,PLAYER_SLEEPBEFORE_END,1516290342282,153
245,WS_SEND_START,1516290342282,153
245,WS_SEND_END,1516290342282,153
245,WS_RECV_START,1516290342282,154
245,WS_RECV_END,1516290347170,154
245,PLAYER_SLEEPBEFORE_START,1516290347170,155
245,PLAYER_SLEEPBEFORE_END,1516290369729,155
245,WS_SEND_START,1516290369729,155
245,WS_SEND_END,1516290369729,155
245,PLAYER_SLEEPBEFORE_START,1516290369729,156
245,PLAYER_SLEEPBEFORE_END,1516290373003,156
245,WS_SEND_START,1516290373003,156
245,WS_SEND_END,1516290373003,156
245,WS_RECV_START,1516290373003,157
245,WS_RECV_END,1516290373687,157
245,PLAYER_SLEEPBEFORE_START,1516290373687,158
245,PLAYER_SLEEPBEFORE_END,1516290373697,158
245,WS_SEND_START,1516290373697,158
245,WS_SEND_END,1516290373697,158
245,WS_RECV_START,1516290373697,159
245,WS_RECV_END,1516290376239,159
245,PLAYER_SLEEPBEFORE_START,1516290376239,160
245,PLAYER_SLEEPBEFORE_END,1516290376414,160
245,WS_SEND_START,1516290376414,160
245,WS_SEND_END,1516290376414,160
245,WS_RECV_START,1516290376414,161
245,WS_RECV_END,1516290380428,161
245,PLAYER_SLEEPBEFORE_START,1516290380428,162
245,PLAYER_SLEEPBEFORE_END,1516290380453,162
245,WS_SEND_START,1516290380453,162
245,WS_SEND_END,1516290380453,162
245,WS_RECV_START,1516290380453,163
245,WS_RECV_END,1516290384837,163
245,PLAYER_SLEEPBEFORE_START,1516290384837,164
245,PLAYER_SLEEPBEFORE_END,1516290405650,164
245,WS_SEND_START,1516290405650,164
245,WS_SEND_END,1516290405650,164
245,WS_RECV_START,1516290405650,165
245,WS_RECV_END,1516290410848,165
245,PLAYER_SLEEPBEFORE_START,1516290410848,166
245,PLAYER_SLEEPBEFORE_END,1516290433303,166
245,WS_SEND_START,1516290433303,166
245,WS_SEND_END,1516290433303,166
245,WS_RECV_START,1516290433303,167
245,WS_RECV_END,1516290440257,167
245,PLAYER_SLEEPBEFORE_START,1516290440257,168
245,PLAYER_SLEEPBEFORE_END,1516290467614,168
245,WS_SEND_START,1516290467614,168
245,WS_SEND_END,1516290467614,168
245,WS_RECV_START,1516290467614,169
245,WS_RECV_END,1516290475397,169
245,PLAYER_SLEEPBEFORE_START,1516290475397,170
245,PLAYER_SLEEPBEFORE_END,1516290475406,170
245,WS_SEND_START,1516290475406,170
245,WS_SEND_END,1516290475406,170
245,WS_RECV_START,1516290475406,171
245,WS_RECV_END,1516290479994,171
245,PLAYER_SLEEPBEFORE_START,1516290479994,172
245,PLAYER_SLEEPBEFORE_END,1516290480363,172
245,WS_SEND_START,1516290480363,172
245,WS_SEND_END,1516290480363,172
245,WS_RECV_START,1516290480363,173
245,WS_RECV_END,1516290485851,173
245,PLAYER_SLEEPBEFORE_START,1516290485851,174
245,PLAYER_SLEEPBEFORE_END,1516290485892,174
245,WS_SEND_START,1516290485892,174
245,WS_SEND_END,1516290485892,174
245,WS_RECV_START,1516290485892,175
245,WS_RECV_END,1516290492305,175
245,PLAYER_SLEEPBEFORE_START,1516290492305,176
245,PLAYER_SLEEPBEFORE_END,1516290514067,176
245,WS_SEND_START,1516290514067,176
245,WS_SEND_END,1516290514067,176
245,PLAYER_SLEEPBEFORE_START,1516290514067,177
245,PLAYER_SLEEPBEFORE_END,1516290516585,177
245,WS_SEND_START,1516290516585,177
245,WS_SEND_END,1516290516585,177
245,WS_RECV_START,1516290516585,178
245,WS_RECV_END,1516290526659,178
245,PLAYER_SLEEPBEFORE_START,1516290526659,179
245,PLAYER_SLEEPBEFORE_END,1516290548999,179
245,WS_SEND_START,1516290548999,179
245,WS_SEND_END,1516290548999,179
245,WS_RECV_START,1516290548999,180
245,WS_RECV_END,1516290561232,180
245,PLAYER_SLEEPBEFORE_START,1516290561232,181
245,PLAYER_SLEEPBEFORE_END,1516290561676,181
245,WS_SEND_START,1516290561676,181
245,WS_SEND_END,1516290561676,181
245,WS_RECV_START,1516290561676,182
245,WS_RECV_END,1516290567454,182
245,PLAYER_SLEEPBEFORE_START,1516290567454,183
245,PLAYER_SLEEPBEFORE_END,1516290567977,183
245,WS_SEND_START,1516290567977,183
245,WS_SEND_END,1516290567977,183
245,WS_RECV_START,1516290567977,184
245,WS_RECV_END,1516290573445,184
245,PLAYER_SLEEPBEFORE_START,1516290573445,185
245,PLAYER_SLEEPBEFORE_END,1516290573714,185
245,WS_SEND_START,1516290573714,185
245,WS_SEND_END,1516290573714,185
245,WS_RECV_START,1516290573714,186
245,WS_RECV_END,1516290580224,186
245,PLAYER_SLEEPBEFORE_START,1516290580224,187
245,PLAYER_SLEEPBEFORE_END,1516290602724,187
245,WS_SEND_START,1516290602724,187
245,WS_SEND_END,1516290602724,187
245,WS_RECV_START,1516290602724,188
245,WS_RECV_END,1516290608385,188
245,PLAYER_SLEEPBEFORE_START,1516290608385,189
245,PLAYER_SLEEPBEFORE_END,1516290614624,189
245,WS_SEND_START,1516290614624,189
245,WS_SEND_END,1516290614624,189
245,WS_RECV_START,1516290614624,190
245,WS_RECV_END,1516290622500,190
245,PLAYER_SLEEPBEFORE_START,1516290622500,191
245,PLAYER_SLEEPBEFORE_END,1516290624415,191
245,WS_SEND_START,1516290624415,191
245,WS_SEND_END,1516290624415,191
245,WS_RECV_START,1516290624415,192
245,WS_RECV_END,1516290628150,192
245,PLAYER_SLEEPBEFORE_START,1516290628150,193
245,PLAYER_SLEEPBEFORE_END,1516290628278,193
245,WS_SEND_START,1516290628278,193
245,WS_SEND_END,1516290628278,193
245,WS_RECV_START,1516290628278,194
245,WS_RECV_END,1516290633415,194
245,PLAYER_SLEEPBEFORE_START,1516290633415,195
245,PLAYER_SLEEPBEFORE_END,1516290635170,195
245,WS_SEND_START,1516290635170,195
245,WS_SEND_END,1516290635170,195
245,WS_RECV_START,1516290635170,196
245,WS_RECV_END,1516290637004,196
245,PLAYER_SLEEPBEFORE_START,1516290637004,197
245,PLAYER_SLEEPBEFORE_END,1516290638808,197
245,WS_SEND_START,1516290638808,197
245,WS_SEND_END,1516290638808,197
245,WS_RECV_START,1516290638808,198
245,WS_RECV_END,1516290641961,198
245,PLAYER_SLEEPBEFORE_START,1516290641961,199
245,PLAYER_SLEEPBEFORE_END,1516290653815,199
245,WS_SEND_START,1516290653815,199
245,WS_SEND_END,1516290653816,199
245,PLAYER_SLEEPBEFORE_START,1516290653816,200
245,PLAYER_SLEEPBEFORE_END,1516290657904,200
245,WS_SEND_START,1516290657904,200
245,WS_SEND_END,1516290657904,200
245,WS_RECV_START,1516290657904,201
245,WS_RECV_END,1516290659472,201
245,PLAYER_SLEEPBEFORE_START,1516290659472,202
245,PLAYER_SLEEPBEFORE_END,1516290659486,202
245,WS_SEND_START,1516290659486,202
245,WS_SEND_END,1516290659486,202
245,WS_RECV_START,1516290659486,203
245,WS_RECV_END,1516290662473,203
245,PLAYER_SLEEPBEFORE_START,1516290662473,204
245,PLAYER_SLEEPBEFORE_END,1516290682122,204
245,WS_SEND_START,1516290682122,204
245,WS_SEND_END,1516290682122,204
245,PLAYER_SLEEPBEFORE_START,1516290682122,205
245,PLAYER_SLEEPBEFORE_END,1516290686020,205
245,WS_SEND_START,1516290686020,205
245,WS_SEND_END,1516290686020,205
245,WS_RECV_START,1516290686020,206
245,WS_RECV_END,1516290687639,206
245,PLAYER_SLEEPBEFORE_START,1516290687639,207
245,PLAYER_SLEEPBEFORE_END,1516290704570,207
245,REQ_START,1516290704570,207
245,REQ_END,1516290704578,207
245,PLAYER_SLEEPBEFORE_START,1516290704578,208
245,PLAYER_SLEEPBEFORE_END,1516290711430,208
245,WS_CLOSE_START,1516290711430,208
245,WS_CLOSE_END,1516290711430,208
245,PLAYER_DONE,1516290711431
