# --sessions 720 --app-url=http://shinyloadtest.rstudioservices.com/cran_explorer --output-dir test720 --overwrite-output --log-level warn --start-interval 500 15min.log
thread_id,event,timestamp,input_line_number,comment
260,PLAYER_SESSION_CREATE,1516289462069
260,PLAYER_START_INTERVAL_START,1516289462069
260,PLAYER_START_INTERVAL_END,1516289592069
260,REQ_HOME_START,1516289592069,2
260,REQ_HOME_END,1516289592197,2
260,REQ_START,1516289592197,3
260,REQ_END,1516289592240,3
260,REQ_START,1516289592240,4
260,REQ_END,1516289592276,4
260,REQ_START,1516289592276,5
260,REQ_END,1516289592315,5
260,REQ_START,1516289592315,6
260,REQ_END,1516289592352,6
260,REQ_START,1516289592352,7
260,REQ_END,1516289592387,7
260,REQ_START,1516289592387,8
260,REQ_END,1516289592423,8
260,REQ_START,1516289592423,9
260,REQ_END,1516289592462,9
260,REQ_START,1516289592462,10
260,REQ_END,1516289592469,10
260,REQ_START,1516289592469,11
260,REQ_END,1516289592574,11
260,REQ_START,1516289592574,12
260,REQ_END,1516289592583,12
260,REQ_START,1516289592583,13
260,REQ_END,1516289592614,13
260,REQ_START,1516289592614,14
260,REQ_END,1516289592627,14
260,REQ_START,1516289592627,15
260,REQ_END,1516289592774,15
260,REQ_TOK_START,1516289592774,16
260,REQ_TOK_END,1516289592782,16
260,REQ_SINF_START,1516289592782,17
260,REQ_SINF_END,1516289592789,17
260,WS_OPEN_START,1516289592789,18
260,WS_OPEN_END,1516289592796,18
260,REQ_START,1516289592796,19
260,REQ_END,1516289592826,19
260,WS_RECV_START,1516289592826,20
260,WS_RECV_END,1516289592826,20
260,PLAYER_SLEEPBEFORE_START,1516289592826,21
260,PLAYER_SLEEPBEFORE_END,1516289592831,21
260,WS_SEND_START,1516289592831,21
260,WS_SEND_END,1516289592831,21
260,PLAYER_SLEEPBEFORE_START,1516289592831,22
260,PLAYER_SLEEPBEFORE_END,1516289592832,22
260,WS_SEND_START,1516289592832,22
260,WS_SEND_END,1516289592832,22
260,WS_RECV_INIT_START,1516289592832,23
260,WS_RECV_INIT_END,1516289592855,23
260,WS_RECV_START,1516289592855,24
260,WS_RECV_END,1516289592932,24
260,PLAYER_SLEEPBEFORE_START,1516289592932,25
260,PLAYER_SLEEPBEFORE_END,1516289592939,25
260,REQ_START,1516289592939,25
260,REQ_END,1516289592974,25
260,PLAYER_SLEEPBEFORE_START,1516289592974,26
260,PLAYER_SLEEPBEFORE_END,1516289592975,26
260,REQ_START,1516289592975,26
260,REQ_END,1516289593010,26
260,PLAYER_SLEEPBEFORE_START,1516289593010,27
260,PLAYER_SLEEPBEFORE_END,1516289593013,27
260,REQ_START,1516289593013,27
260,REQ_END,1516289593055,27
260,PLAYER_SLEEPBEFORE_START,1516289593055,28
260,PLAYER_SLEEPBEFORE_END,1516289593340,28
260,REQ_START,1516289593340,28
260,REQ_END,1516289593373,28
260,PLAYER_SLEEPBEFORE_START,1516289593373,29
260,PLAYER_SLEEPBEFORE_END,1516289593548,29
260,WS_SEND_START,1516289593548,29
260,WS_SEND_END,1516289593548,29
260,WS_RECV_START,1516289593548,30
260,WS_RECV_END,1516289593687,30
260,PLAYER_SLEEPBEFORE_START,1516289593687,31
260,PLAYER_SLEEPBEFORE_END,1516289593698,31
260,REQ_START,1516289593698,31
260,REQ_END,1516289593752,31
260,PLAYER_SLEEPBEFORE_START,1516289593753,32
260,PLAYER_SLEEPBEFORE_END,1516289621898,32
260,WS_SEND_START,1516289621898,32
260,WS_SEND_END,1516289621898,32
260,WS_RECV_START,1516289621898,33
260,WS_RECV_END,1516289622021,33
260,PLAYER_SLEEPBEFORE_START,1516289622021,34
260,PLAYER_SLEEPBEFORE_END,1516289647932,34
260,WS_SEND_START,1516289647932,34
260,WS_SEND_END,1516289647932,34
260,WS_RECV_START,1516289647932,35
260,WS_RECV_END,1516289647968,35
260,PLAYER_SLEEPBEFORE_START,1516289647968,36
260,PLAYER_SLEEPBEFORE_END,1516289647977,36
260,WS_SEND_START,1516289647977,36
260,WS_SEND_END,1516289647977,36
260,WS_RECV_START,1516289647977,37
260,WS_RECV_END,1516289648027,37
260,PLAYER_SLEEPBEFORE_START,1516289648027,38
260,PLAYER_SLEEPBEFORE_END,1516289651222,38
260,WS_SEND_START,1516289651222,38
260,WS_SEND_END,1516289651222,38
260,WS_RECV_START,1516289651222,39
260,WS_RECV_END,1516289651361,39
260,PLAYER_SLEEPBEFORE_START,1516289651361,40
260,PLAYER_SLEEPBEFORE_END,1516289651407,40
260,WS_SEND_START,1516289651407,40
260,WS_SEND_END,1516289651407,40
260,WS_RECV_START,1516289651407,41
260,WS_RECV_END,1516289651570,41
260,PLAYER_SLEEPBEFORE_START,1516289651570,42
260,PLAYER_SLEEPBEFORE_END,1516289669705,42
260,WS_SEND_START,1516289669705,42
260,WS_SEND_END,1516289669705,42
260,WS_RECV_START,1516289669705,43
260,WS_RECV_END,1516289669743,43
260,PLAYER_SLEEPBEFORE_START,1516289669743,44
260,PLAYER_SLEEPBEFORE_END,1516289669755,44
260,WS_SEND_START,1516289669755,44
260,WS_SEND_END,1516289669755,44
260,WS_RECV_START,1516289669755,45
260,WS_RECV_END,1516289669817,45
260,PLAYER_SLEEPBEFORE_START,1516289669817,46
260,PLAYER_SLEEPBEFORE_END,1516289671078,46
260,WS_SEND_START,1516289671078,46
260,WS_SEND_END,1516289671078,46
260,WS_RECV_START,1516289671078,47
260,WS_RECV_END,1516289671146,47
260,PLAYER_SLEEPBEFORE_START,1516289671146,48
260,PLAYER_SLEEPBEFORE_END,1516289672467,48
260,WS_SEND_START,1516289672467,48
260,WS_SEND_END,1516289672467,48
260,WS_RECV_START,1516289672467,49
260,WS_RECV_END,1516289672636,49
260,PLAYER_SLEEPBEFORE_START,1516289672636,50
260,PLAYER_SLEEPBEFORE_END,1516289672660,50
260,WS_SEND_START,1516289672660,50
260,WS_SEND_END,1516289672660,50
260,WS_RECV_START,1516289672660,51
260,WS_RECV_END,1516289672890,51
260,PLAYER_SLEEPBEFORE_START,1516289672890,52
260,PLAYER_SLEEPBEFORE_END,1516289695455,52
260,WS_SEND_START,1516289695455,52
260,WS_SEND_END,1516289695455,52
260,WS_RECV_START,1516289695455,53
260,WS_RECV_END,1516289695611,53
260,PLAYER_SLEEPBEFORE_START,1516289695611,54
260,PLAYER_SLEEPBEFORE_END,1516289716915,54
260,WS_SEND_START,1516289716915,54
260,WS_SEND_END,1516289716915,54
260,PLAYER_SLEEPBEFORE_START,1516289716915,55
260,PLAYER_SLEEPBEFORE_END,1516289718856,55
260,WS_SEND_START,1516289718856,55
260,WS_SEND_END,1516289718856,55
260,WS_RECV_START,1516289718856,56
260,WS_RECV_END,1516289719231,56
260,PLAYER_SLEEPBEFORE_START,1516289719231,57
260,PLAYER_SLEEPBEFORE_END,1516289742103,57
260,WS_SEND_START,1516289742103,57
260,WS_SEND_END,1516289742103,57
260,WS_RECV_START,1516289742103,58
260,WS_RECV_END,1516289742603,58
260,PLAYER_SLEEPBEFORE_START,1516289742603,59
260,PLAYER_SLEEPBEFORE_END,1516289744930,59
260,WS_SEND_START,1516289744930,59
260,WS_SEND_END,1516289744930,59
260,WS_RECV_START,1516289744930,60
260,WS_RECV_END,1516289745493,60
260,PLAYER_SLEEPBEFORE_START,1516289745493,61
260,PLAYER_SLEEPBEFORE_END,1516289749084,61
260,WS_SEND_START,1516289749084,61
260,WS_SEND_END,1516289749084,61
260,WS_RECV_START,1516289749084,62
260,WS_RECV_END,1516289749272,62
260,PLAYER_SLEEPBEFORE_START,1516289749272,63
260,PLAYER_SLEEPBEFORE_END,1516289768534,63
260,WS_SEND_START,1516289768534,63
260,WS_SEND_END,1516289768534,63
260,WS_RECV_START,1516289768534,64
260,WS_RECV_END,1516289768595,64
260,PLAYER_SLEEPBEFORE_START,1516289768595,65
260,PLAYER_SLEEPBEFORE_END,1516289795412,65
260,WS_SEND_START,1516289795412,65
260,WS_SEND_END,1516289795412,65
260,WS_RECV_START,1516289795412,66
260,WS_RECV_END,1516289796388,66
260,PLAYER_SLEEPBEFORE_START,1516289796388,67
260,PLAYER_SLEEPBEFORE_END,1516289797895,67
260,WS_SEND_START,1516289797895,67
260,WS_SEND_END,1516289797895,67
260,WS_RECV_START,1516289797895,68
260,WS_RECV_END,1516289798658,68
260,PLAYER_SLEEPBEFORE_START,1516289798658,69
260,PLAYER_SLEEPBEFORE_END,1516289820656,69
260,WS_SEND_START,1516289820656,69
260,WS_SEND_END,1516289820656,69
260,WS_RECV_START,1516289820656,70
260,WS_RECV_END,1516289822265,70
260,PLAYER_SLEEPBEFORE_START,1516289822265,71
260,PLAYER_SLEEPBEFORE_END,1516289847040,71
260,WS_SEND_START,1516289847040,71
260,WS_SEND_END,1516289847040,71
260,PLAYER_SLEEPBEFORE_START,1516289847040,72
260,PLAYER_SLEEPBEFORE_END,1516289849647,72
260,WS_SEND_START,1516289849647,72
260,WS_SEND_END,1516289849647,72
260,WS_RECV_START,1516289849647,73
260,WS_RECV_END,1516289853325,73
260,PLAYER_SLEEPBEFORE_START,1516289853325,74
260,PLAYER_SLEEPBEFORE_END,1516289853334,74
260,WS_SEND_START,1516289853334,74
260,WS_SEND_END,1516289853334,74
260,WS_RECV_START,1516289853334,75
260,WS_RECV_END,1516289855242,75
260,PLAYER_SLEEPBEFORE_START,1516289855242,76
260,PLAYER_SLEEPBEFORE_END,1516289856748,76
260,WS_SEND_START,1516289856748,76
260,WS_SEND_END,1516289856748,76
260,WS_RECV_START,1516289856748,77
260,WS_RECV_END,1516289858655,77
260,PLAYER_SLEEPBEFORE_START,1516289858655,78
260,PLAYER_SLEEPBEFORE_END,1516289859523,78
260,WS_SEND_START,1516289859523,78
260,WS_SEND_END,1516289859523,78
260,WS_RECV_START,1516289859523,79
260,WS_RECV_END,1516289859971,79
260,PLAYER_SLEEPBEFORE_START,1516289859971,80
260,PLAYER_SLEEPBEFORE_END,1516289867637,80
260,WS_SEND_START,1516289867637,80
260,WS_SEND_END,1516289867637,80
260,WS_RECV_START,1516289867637,81
260,WS_RECV_END,1516289869191,81
260,PLAYER_SLEEPBEFORE_START,1516289869191,82
260,PLAYER_SLEEPBEFORE_END,1516289870293,82
260,WS_SEND_START,1516289870293,82
260,WS_SEND_END,1516289870301,82
260,WS_RECV_START,1516289870301,83
260,WS_RECV_END,1516289872043,83
260,PLAYER_SLEEPBEFORE_START,1516289872043,84
260,PLAYER_SLEEPBEFORE_END,1516289872991,84
260,WS_SEND_START,1516289872991,84
260,WS_SEND_END,1516289872991,84
260,WS_RECV_START,1516289872991,85
260,WS_RECV_END,1516289875985,85
260,PLAYER_SLEEPBEFORE_START,1516289875985,86
260,PLAYER_SLEEPBEFORE_END,1516289880157,86
260,WS_SEND_START,1516289880157,86
260,WS_SEND_END,1516289880157,86
260,WS_RECV_START,1516289880157,87
260,WS_RECV_END,1516289882801,87
260,PLAYER_SLEEPBEFORE_START,1516289882801,88
260,PLAYER_SLEEPBEFORE_END,1516289882810,88
260,WS_SEND_START,1516289882810,88
260,WS_SEND_END,1516289882810,88
260,WS_RECV_START,1516289882810,89
260,WS_RECV_END,1516289884296,89
260,PLAYER_SLEEPBEFORE_START,1516289884296,90
260,PLAYER_SLEEPBEFORE_END,1516289911493,90
260,REQ_START,1516289911493,90
260,REQ_END,1516289911500,90
260,PLAYER_SLEEPBEFORE_START,1516289911501,91
260,PLAYER_SLEEPBEFORE_END,1516289919390,91
260,WS_SEND_START,1516289919390,91
260,WS_SEND_END,1516289919390,91
260,WS_RECV_START,1516289919390,92
260,WS_RECV_END,1516289922011,92
260,PLAYER_SLEEPBEFORE_START,1516289922011,93
260,PLAYER_SLEEPBEFORE_END,1516289922026,93
260,WS_SEND_START,1516289922026,93
260,WS_SEND_END,1516289922026,93
260,WS_RECV_START,1516289922026,94
260,WS_RECV_END,1516289923026,94
260,PLAYER_SLEEPBEFORE_START,1516289923026,95
260,PLAYER_SLEEPBEFORE_END,1516289946581,95
260,WS_SEND_START,1516289946581,95
260,WS_SEND_END,1516289946581,95
260,WS_RECV_START,1516289946581,96
260,WS_RECV_END,1516289948689,96
260,PLAYER_SLEEPBEFORE_START,1516289948689,97
260,PLAYER_SLEEPBEFORE_END,1516289971129,97
260,WS_SEND_START,1516289971129,97
260,WS_SEND_END,1516289971129,97
260,WS_RECV_START,1516289971129,98
260,WS_RECV_END,1516289976135,98
260,PLAYER_SLEEPBEFORE_START,1516289976135,99
260,PLAYER_SLEEPBEFORE_END,1516289976156,99
260,WS_SEND_START,1516289976156,99
260,WS_SEND_END,1516289976156,99
260,WS_RECV_START,1516289976156,100
260,WS_RECV_END,1516289978639,100
260,PLAYER_SLEEPBEFORE_START,1516289978639,101
260,PLAYER_SLEEPBEFORE_END,1516290002198,101
260,WS_SEND_START,1516290002198,101
260,WS_SEND_END,1516290002198,101
260,WS_RECV_START,1516290002198,102
260,WS_RECV_END,1516290008150,102
260,PLAYER_SLEEPBEFORE_START,1516290008150,103
260,PLAYER_SLEEPBEFORE_END,1516290031775,103
260,WS_SEND_START,1516290031775,103
260,WS_SEND_END,1516290031775,103
260,WS_RECV_START,1516290031775,104
260,WS_RECV_END,1516290037969,104
260,PLAYER_SLEEPBEFORE_START,1516290037969,105
260,PLAYER_SLEEPBEFORE_END,1516290063346,105
260,WS_SEND_START,1516290063346,105
260,WS_SEND_END,1516290063346,105
260,WS_RECV_START,1516290063346,106
260,WS_RECV_END,1516290068121,106
260,PLAYER_SLEEPBEFORE_START,1516290068121,107
260,PLAYER_SLEEPBEFORE_END,1516290091545,107
260,WS_SEND_START,1516290091545,107
260,WS_SEND_END,1516290091545,107
260,WS_RECV_START,1516290091545,108
260,WS_RECV_END,1516290096890,108
260,PLAYER_SLEEPBEFORE_START,1516290096890,109
260,PLAYER_SLEEPBEFORE_END,1516290096900,109
260,WS_SEND_START,1516290096900,109
260,WS_SEND_END,1516290096900,109
260,WS_RECV_START,1516290096900,110
260,WS_RECV_END,1516290098826,110
260,PLAYER_SLEEPBEFORE_START,1516290098826,111
260,PLAYER_SLEEPBEFORE_END,1516290099785,111
260,WS_SEND_START,1516290099785,111
260,WS_SEND_END,1516290099785,111
260,WS_RECV_START,1516290099785,112
260,WS_RECV_END,1516290103894,112
260,PLAYER_SLEEPBEFORE_START,1516290103894,113
260,PLAYER_SLEEPBEFORE_END,1516290104456,113
260,WS_SEND_START,1516290104456,113
260,WS_SEND_END,1516290104456,113
260,WS_RECV_START,1516290104456,114
260,WS_RECV_END,1516290108906,114
260,PLAYER_SLEEPBEFORE_START,1516290108906,115
260,PLAYER_SLEEPBEFORE_END,1516290108915,115
260,WS_SEND_START,1516290108915,115
260,WS_SEND_END,1516290108915,115
260,WS_RECV_START,1516290108915,116
260,WS_RECV_END,1516290113645,116
260,PLAYER_SLEEPBEFORE_START,1516290113645,117
260,PLAYER_SLEEPBEFORE_END,1516290134005,117
260,WS_SEND_START,1516290134005,117
260,WS_SEND_END,1516290134005,117
260,PLAYER_SLEEPBEFORE_START,1516290134005,118
260,PLAYER_SLEEPBEFORE_END,1516290137757,118
260,WS_SEND_START,1516290137757,118
260,WS_SEND_END,1516290137757,118
260,WS_RECV_START,1516290137757,119
260,WS_RECV_END,1516290139520,119
260,PLAYER_SLEEPBEFORE_START,1516290139520,120
260,PLAYER_SLEEPBEFORE_END,1516290140508,120
260,WS_SEND_START,1516290140508,120
260,WS_SEND_END,1516290140508,120
260,WS_RECV_START,1516290140508,121
260,WS_RECV_END,1516290146789,121
260,PLAYER_SLEEPBEFORE_START,1516290146789,122
260,PLAYER_SLEEPBEFORE_END,1516290147974,122
260,WS_SEND_START,1516290147974,122
260,WS_SEND_END,1516290147974,122
260,WS_RECV_START,1516290147974,123
260,WS_RECV_END,1516290150493,123
260,PLAYER_SLEEPBEFORE_START,1516290150493,124
260,PLAYER_SLEEPBEFORE_END,1516290174898,124
260,WS_SEND_START,1516290174898,124
260,WS_SEND_END,1516290174898,124
260,WS_RECV_START,1516290174898,125
260,WS_RECV_END,1516290182832,125
260,PLAYER_SLEEPBEFORE_START,1516290182832,126
260,PLAYER_SLEEPBEFORE_END,1516290203344,126
260,WS_SEND_START,1516290203344,126
260,WS_SEND_END,1516290203344,126
260,PLAYER_SLEEPBEFORE_START,1516290203344,127
260,PLAYER_SLEEPBEFORE_END,1516290206398,127
260,WS_SEND_START,1516290206398,127
260,WS_SEND_END,1516290206398,127
260,WS_RECV_START,1516290206398,128
260,WS_RECV_END,1516290209375,128
260,PLAYER_SLEEPBEFORE_START,1516290209375,129
260,PLAYER_SLEEPBEFORE_END,1516290209395,129
260,WS_SEND_START,1516290209395,129
260,WS_SEND_END,1516290209395,129
260,WS_RECV_START,1516290209395,130
260,WS_RECV_END,1516290217548,130
260,PLAYER_SLEEPBEFORE_START,1516290217548,131
260,PLAYER_SLEEPBEFORE_END,1516290239172,131
260,WS_SEND_START,1516290239172,131
260,WS_SEND_END,1516290239172,131
260,PLAYER_SLEEPBEFORE_START,1516290239172,132
260,PLAYER_SLEEPBEFORE_END,1516290242252,132
260,WS_SEND_START,1516290242252,132
260,WS_SEND_END,1516290242252,132
260,WS_RECV_START,1516290242252,133
260,WS_RECV_END,1516290244565,133
260,PLAYER_SLEEPBEFORE_START,1516290244565,134
260,PLAYER_SLEEPBEFORE_END,1516290265782,134
260,WS_SEND_START,1516290265782,134
260,WS_SEND_END,1516290265782,134
260,PLAYER_SLEEPBEFORE_START,1516290265782,135
260,PLAYER_SLEEPBEFORE_END,1516290268973,135
260,WS_SEND_START,1516290268973,135
260,WS_SEND_END,1516290268973,135
260,WS_RECV_START,1516290268973,136
260,WS_RECV_END,1516290270984,136
260,PLAYER_SLEEPBEFORE_START,1516290270984,137
260,PLAYER_SLEEPBEFORE_END,1516290270991,137
260,WS_SEND_START,1516290270991,137
260,WS_SEND_END,1516290270991,137
260,WS_RECV_START,1516290270991,138
260,WS_RECV_END,1516290274490,138
260,PLAYER_SLEEPBEFORE_START,1516290274490,139
260,PLAYER_SLEEPBEFORE_END,1516290275181,139
260,WS_SEND_START,1516290275181,139
260,WS_SEND_END,1516290275181,139
260,WS_RECV_START,1516290275181,140
260,WS_RECV_END,1516290278959,140
260,PLAYER_SLEEPBEFORE_START,1516290278959,141
260,PLAYER_SLEEPBEFORE_END,1516290279615,141
260,WS_SEND_START,1516290279615,141
260,WS_SEND_END,1516290279615,141
260,WS_RECV_START,1516290279615,142
260,WS_RECV_END,1516290284957,142
260,PLAYER_SLEEPBEFORE_START,1516290284957,143
260,PLAYER_SLEEPBEFORE_END,1516290285014,143
260,WS_SEND_START,1516290285014,143
260,WS_SEND_END,1516290285014,143
260,WS_RECV_START,1516290285014,144
260,WS_RECV_END,1516290289317,144
260,PLAYER_SLEEPBEFORE_START,1516290289317,145
260,PLAYER_SLEEPBEFORE_END,1516290305379,145
260,REQ_START,1516290305379,145
260,REQ_END,1516290305387,145
260,PLAYER_SLEEPBEFORE_START,1516290305387,146
260,PLAYER_SLEEPBEFORE_END,1516290314264,146
260,WS_SEND_START,1516290314264,146
260,WS_SEND_END,1516290314264,146
260,WS_RECV_START,1516290314264,147
260,WS_RECV_END,1516290320912,147
260,PLAYER_SLEEPBEFORE_START,1516290320912,148
260,PLAYER_SLEEPBEFORE_END,1516290342834,148
260,WS_SEND_START,1516290342834,148
260,WS_SEND_END,1516290342834,148
260,PLAYER_SLEEPBEFORE_START,1516290342834,149
260,PLAYER_SLEEPBEFORE_END,1516290345262,149
260,WS_SEND_START,1516290345262,149
260,WS_SEND_END,1516290345262,149
260,WS_RECV_START,1516290345262,150
260,WS_RECV_END,1516290347992,150
260,PLAYER_SLEEPBEFORE_START,1516290347992,151
260,PLAYER_SLEEPBEFORE_END,1516290348202,151
260,WS_SEND_START,1516290348202,151
260,WS_SEND_END,1516290348202,151
260,WS_RECV_START,1516290348202,152
260,WS_RECV_END,1516290350637,152
260,PLAYER_SLEEPBEFORE_START,1516290350637,153
260,PLAYER_SLEEPBEFORE_END,1516290374564,153
260,WS_SEND_START,1516290374564,153
260,WS_SEND_END,1516290374564,153
260,WS_RECV_START,1516290374564,154
260,WS_RECV_END,1516290379358,154
260,PLAYER_SLEEPBEFORE_START,1516290379358,155
260,PLAYER_SLEEPBEFORE_END,1516290401916,155
260,WS_SEND_START,1516290401916,155
260,WS_SEND_END,1516290401916,155
260,PLAYER_SLEEPBEFORE_START,1516290401916,156
260,PLAYER_SLEEPBEFORE_END,1516290405190,156
260,WS_SEND_START,1516290405190,156
260,WS_SEND_END,1516290405190,156
260,WS_RECV_START,1516290405190,157
260,WS_RECV_END,1516290407458,157
260,PLAYER_SLEEPBEFORE_START,1516290407458,158
260,PLAYER_SLEEPBEFORE_END,1516290407468,158
260,WS_SEND_START,1516290407468,158
260,WS_SEND_END,1516290407468,158
260,WS_RECV_START,1516290407468,159
260,WS_RECV_END,1516290411450,159
260,PLAYER_SLEEPBEFORE_START,1516290411450,160
260,PLAYER_SLEEPBEFORE_END,1516290411626,160
260,WS_SEND_START,1516290411626,160
260,WS_SEND_END,1516290411626,160
260,WS_RECV_START,1516290411626,161
260,WS_RECV_END,1516290417184,161
260,PLAYER_SLEEPBEFORE_START,1516290417184,162
260,PLAYER_SLEEPBEFORE_END,1516290417209,162
260,WS_SEND_START,1516290417209,162
260,WS_SEND_END,1516290417209,162
260,WS_RECV_START,1516290417209,163
260,WS_RECV_END,1516290423019,163
260,PLAYER_SLEEPBEFORE_START,1516290423019,164
260,PLAYER_SLEEPBEFORE_END,1516290443831,164
260,WS_SEND_START,1516290443831,164
260,WS_SEND_END,1516290443831,164
260,WS_RECV_START,1516290443831,165
260,WS_RECV_END,1516290453335,165
260,PLAYER_SLEEPBEFORE_START,1516290453335,166
260,PLAYER_SLEEPBEFORE_END,1516290475790,166
260,WS_SEND_START,1516290475790,166
260,WS_SEND_END,1516290475790,166
260,WS_RECV_START,1516290475790,167
260,WS_RECV_END,1516290485396,167
260,PLAYER_SLEEPBEFORE_START,1516290485396,168
260,PLAYER_SLEEPBEFORE_END,1516290512753,168
260,WS_SEND_START,1516290512753,168
260,WS_SEND_END,1516290512753,168
260,WS_RECV_START,1516290512753,169
260,WS_RECV_END,1516290521076,169
260,PLAYER_SLEEPBEFORE_START,1516290521076,170
260,PLAYER_SLEEPBEFORE_END,1516290521085,170
260,WS_SEND_START,1516290521085,170
260,WS_SEND_END,1516290521085,170
260,WS_RECV_START,1516290521085,171
260,WS_RECV_END,1516290526693,171
260,PLAYER_SLEEPBEFORE_START,1516290526693,172
260,PLAYER_SLEEPBEFORE_END,1516290527063,172
260,WS_SEND_START,1516290527063,172
260,WS_SEND_END,1516290527063,172
260,WS_RECV_START,1516290527063,173
260,WS_RECV_END,1516290532819,173
260,PLAYER_SLEEPBEFORE_START,1516290532819,174
260,PLAYER_SLEEPBEFORE_END,1516290532860,174
260,WS_SEND_START,1516290532860,174
260,WS_SEND_END,1516290532860,174
260,WS_RECV_START,1516290532860,175
260,WS_RECV_END,1516290537986,175
260,PLAYER_SLEEPBEFORE_START,1516290537986,176
260,PLAYER_SLEEPBEFORE_END,1516290559748,176
260,WS_SEND_START,1516290559748,176
260,WS_SEND_END,1516290559748,176
260,PLAYER_SLEEPBEFORE_START,1516290559748,177
260,PLAYER_SLEEPBEFORE_END,1516290562266,177
260,WS_SEND_START,1516290562266,177
260,WS_SEND_END,1516290562266,177
260,WS_RECV_START,1516290562266,178
260,WS_RECV_END,1516290572412,178
260,PLAYER_SLEEPBEFORE_START,1516290572412,179
260,PLAYER_SLEEPBEFORE_END,1516290594752,179
260,WS_SEND_START,1516290594752,179
260,WS_SEND_END,1516290594752,179
260,WS_RECV_START,1516290594752,180
260,WS_RECV_END,1516290601745,180
260,PLAYER_SLEEPBEFORE_START,1516290601745,181
260,PLAYER_SLEEPBEFORE_END,1516290602189,181
260,WS_SEND_START,1516290602189,181
260,WS_SEND_END,1516290602189,181
260,WS_RECV_START,1516290602189,182
260,WS_RECV_END,1516290605918,182
260,PLAYER_SLEEPBEFORE_START,1516290605918,183
260,PLAYER_SLEEPBEFORE_END,1516290606441,183
260,WS_SEND_START,1516290606441,183
260,WS_SEND_END,1516290606441,183
260,WS_RECV_START,1516290606441,184
260,WS_RECV_END,1516290610914,184
260,PLAYER_SLEEPBEFORE_START,1516290610914,185
260,PLAYER_SLEEPBEFORE_END,1516290611182,185
260,WS_SEND_START,1516290611182,185
260,WS_SEND_END,1516290611182,185
260,WS_RECV_START,1516290611182,186
260,WS_RECV_END,1516290616610,186
260,PLAYER_SLEEPBEFORE_START,1516290616610,187
260,PLAYER_SLEEPBEFORE_END,1516290639111,187
260,WS_SEND_START,1516290639111,187
260,WS_SEND_END,1516290639111,187
260,WS_RECV_START,1516290639111,188
260,WS_RECV_END,1516290644939,188
260,PLAYER_SLEEPBEFORE_START,1516290644939,189
260,PLAYER_SLEEPBEFORE_END,1516290651178,189
260,WS_SEND_START,1516290651178,189
260,WS_SEND_END,1516290651178,189
260,WS_RECV_START,1516290651178,190
260,WS_RECV_END,1516290659240,190
260,PLAYER_SLEEPBEFORE_START,1516290659240,191
260,PLAYER_SLEEPBEFORE_END,1516290661155,191
260,WS_SEND_START,1516290661155,191
260,WS_SEND_END,1516290661155,191
260,WS_RECV_START,1516290661155,192
260,WS_RECV_END,1516290663517,192
260,PLAYER_SLEEPBEFORE_START,1516290663517,193
260,PLAYER_SLEEPBEFORE_END,1516290663645,193
260,WS_SEND_START,1516290663645,193
260,WS_SEND_END,1516290663645,193
260,WS_RECV_START,1516290663645,194
260,WS_RECV_END,1516290666389,194
260,PLAYER_SLEEPBEFORE_START,1516290666389,195
260,PLAYER_SLEEPBEFORE_END,1516290668144,195
260,WS_SEND_START,1516290668144,195
260,WS_SEND_END,1516290668144,195
260,WS_RECV_START,1516290668144,196
260,WS_RECV_END,1516290669943,196
260,PLAYER_SLEEPBEFORE_START,1516290669943,197
260,PLAYER_SLEEPBEFORE_END,1516290671748,197
260,WS_SEND_START,1516290671748,197
260,WS_SEND_END,1516290671748,197
260,WS_RECV_START,1516290671748,198
260,WS_RECV_END,1516290675722,198
260,PLAYER_SLEEPBEFORE_START,1516290675722,199
260,PLAYER_SLEEPBEFORE_END,1516290687576,199
260,WS_SEND_START,1516290687576,199
260,WS_SEND_END,1516290687576,199
260,PLAYER_SLEEPBEFORE_START,1516290687576,200
260,PLAYER_SLEEPBEFORE_END,1516290691670,200
260,WS_SEND_START,1516290691670,200
260,WS_SEND_END,1516290691670,200
260,WS_RECV_START,1516290691670,201
260,WS_RECV_END,1516290695850,201
260,PLAYER_SLEEPBEFORE_START,1516290695850,202
260,PLAYER_SLEEPBEFORE_END,1516290695864,202
260,WS_SEND_START,1516290695864,202
260,WS_SEND_END,1516290695864,202
260,WS_RECV_START,1516290695864,203
260,WS_RECV_END,1516290699322,203
260,PLAYER_SLEEPBEFORE_START,1516290699322,204
260,PLAYER_SLEEPBEFORE_END,1516290718971,204
260,WS_SEND_START,1516290718971,204
260,WS_SEND_END,1516290718971,204
260,PLAYER_SLEEPBEFORE_START,1516290718971,205
260,PLAYER_SLEEPBEFORE_END,1516290722869,205
260,WS_SEND_START,1516290722869,205
260,WS_SEND_END,1516290722869,205
260,WS_RECV_START,1516290722869,206
260,WS_RECV_END,1516290725771,206
260,PLAYER_SLEEPBEFORE_START,1516290725771,207
260,PLAYER_SLEEPBEFORE_END,1516290742702,207
260,REQ_START,1516290742702,207
260,REQ_END,1516290742710,207
260,PLAYER_SLEEPBEFORE_START,1516290742710,208
260,PLAYER_SLEEPBEFORE_END,1516290749562,208
260,WS_CLOSE_START,1516290749562,208
260,WS_CLOSE_END,1516290749562,208
260,PLAYER_DONE,1516290749562
