# --sessions 720 --app-url=http://shinyloadtest.rstudioservices.com/cran_explorer --output-dir test720 --overwrite-output --log-level warn --start-interval 500 15min.log
thread_id,event,timestamp,input_line_number,comment
317,PLAYER_SESSION_CREATE,1516289462087
317,PLAYER_START_INTERVAL_START,1516289462087
317,PLAYER_START_INTERVAL_END,1516289620587
317,REQ_HOME_START,1516289620588,2
317,REQ_HOME_END,1516289620686,2
317,REQ_START,1516289620686,3
317,REQ_END,1516289620719,3
317,REQ_START,1516289620719,4
317,REQ_END,1516289620754,4
317,REQ_START,1516289620754,5
317,REQ_END,1516289620787,5
317,REQ_START,1516289620787,6
317,REQ_END,1516289620821,6
317,REQ_START,1516289620821,7
317,REQ_END,1516289620851,7
317,REQ_START,1516289620851,8
317,REQ_END,1516289620885,8
317,REQ_START,1516289620885,9
317,REQ_END,1516289620927,9
317,REQ_START,1516289620927,10
317,REQ_END,1516289620935,10
317,REQ_START,1516289620935,11
317,REQ_END,1516289620969,11
317,REQ_START,1516289620969,12
317,REQ_END,1516289620979,12
317,REQ_START,1516289620979,13
317,REQ_END,1516289621013,13
317,REQ_START,1516289621013,14
317,REQ_END,1516289621028,14
317,REQ_START,1516289621028,15
317,REQ_END,1516289621064,15
317,REQ_TOK_START,1516289621064,16
317,REQ_TOK_END,1516289621071,16
317,REQ_SINF_START,1516289621071,17
317,REQ_SINF_END,1516289621078,17
317,WS_OPEN_START,1516289621078,18
317,WS_OPEN_END,1516289621084,18
317,REQ_START,1516289621084,19
317,REQ_END,1516289621256,19
317,WS_RECV_START,1516289621257,20
317,WS_RECV_END,1516289621257,20
317,PLAYER_SLEEPBEFORE_START,1516289621257,21
317,PLAYER_SLEEPBEFORE_END,1516289621262,21
317,WS_SEND_START,1516289621262,21
317,WS_SEND_END,1516289621262,21
317,PLAYER_SLEEPBEFORE_START,1516289621262,22
317,PLAYER_SLEEPBEFORE_END,1516289621263,22
317,WS_SEND_START,1516289621263,22
317,WS_SEND_END,1516289621263,22
317,WS_RECV_INIT_START,1516289621263,23
317,WS_RECV_INIT_END,1516289621337,23
317,WS_RECV_START,1516289621337,24
317,WS_RECV_END,1516289621418,24
317,PLAYER_SLEEPBEFORE_START,1516289621418,25
317,PLAYER_SLEEPBEFORE_END,1516289621425,25
317,REQ_START,1516289621425,25
317,REQ_END,1516289621588,25
317,PLAYER_SLEEPBEFORE_START,1516289621588,26
317,PLAYER_SLEEPBEFORE_END,1516289621589,26
317,REQ_START,1516289621589,26
317,REQ_END,1516289621625,26
317,PLAYER_SLEEPBEFORE_START,1516289621625,27
317,PLAYER_SLEEPBEFORE_END,1516289621628,27
317,REQ_START,1516289621628,27
317,REQ_END,1516289621672,27
317,PLAYER_SLEEPBEFORE_START,1516289621672,28
317,PLAYER_SLEEPBEFORE_END,1516289621957,28
317,REQ_START,1516289621957,28
317,REQ_END,1516289621993,28
317,PLAYER_SLEEPBEFORE_START,1516289621993,29
317,PLAYER_SLEEPBEFORE_END,1516289622168,29
317,WS_SEND_START,1516289622168,29
317,WS_SEND_END,1516289622168,29
317,WS_RECV_START,1516289622168,30
317,WS_RECV_END,1516289622382,30
317,PLAYER_SLEEPBEFORE_START,1516289622382,31
317,PLAYER_SLEEPBEFORE_END,1516289622394,31
317,REQ_START,1516289622394,31
317,REQ_END,1516289622750,31
317,PLAYER_SLEEPBEFORE_START,1516289622750,32
317,PLAYER_SLEEPBEFORE_END,1516289650895,32
317,WS_SEND_START,1516289650895,32
317,WS_SEND_END,1516289650895,32
317,WS_RECV_START,1516289650895,33
317,WS_RECV_END,1516289651026,33
317,PLAYER_SLEEPBEFORE_START,1516289651026,34
317,PLAYER_SLEEPBEFORE_END,1516289676937,34
317,WS_SEND_START,1516289676937,34
317,WS_SEND_END,1516289676937,34
317,WS_RECV_START,1516289676937,35
317,WS_RECV_END,1516289677046,35
317,PLAYER_SLEEPBEFORE_START,1516289677046,36
317,PLAYER_SLEEPBEFORE_END,1516289677055,36
317,WS_SEND_START,1516289677055,36
317,WS_SEND_END,1516289677055,36
317,WS_RECV_START,1516289677055,37
317,WS_RECV_END,1516289677122,37
317,PLAYER_SLEEPBEFORE_START,1516289677122,38
317,PLAYER_SLEEPBEFORE_END,1516289680317,38
317,WS_SEND_START,1516289680317,38
317,WS_SEND_END,1516289680317,38
317,WS_RECV_START,1516289680317,39
317,WS_RECV_END,1516289680467,39
317,PLAYER_SLEEPBEFORE_START,1516289680467,40
317,PLAYER_SLEEPBEFORE_END,1516289680513,40
317,WS_SEND_START,1516289680513,40
317,WS_SEND_END,1516289680513,40
317,WS_RECV_START,1516289680513,41
317,WS_RECV_END,1516289680754,41
317,PLAYER_SLEEPBEFORE_START,1516289680754,42
317,PLAYER_SLEEPBEFORE_END,1516289698889,42
317,WS_SEND_START,1516289698889,42
317,WS_SEND_END,1516289698889,42
317,WS_RECV_START,1516289698889,43
317,WS_RECV_END,1516289698927,43
317,PLAYER_SLEEPBEFORE_START,1516289698927,44
317,PLAYER_SLEEPBEFORE_END,1516289698939,44
317,WS_SEND_START,1516289698939,44
317,WS_SEND_END,1516289698939,44
317,WS_RECV_START,1516289698939,45
317,WS_RECV_END,1516289699086,45
317,PLAYER_SLEEPBEFORE_START,1516289699086,46
317,PLAYER_SLEEPBEFORE_END,1516289700346,46
317,WS_SEND_START,1516289700346,46
317,WS_SEND_END,1516289700346,46
317,WS_RECV_START,1516289700346,47
317,WS_RECV_END,1516289700380,47
317,PLAYER_SLEEPBEFORE_START,1516289700380,48
317,PLAYER_SLEEPBEFORE_END,1516289701701,48
317,WS_SEND_START,1516289701701,48
317,WS_SEND_END,1516289701701,48
317,WS_RECV_START,1516289701701,49
317,WS_RECV_END,1516289701874,49
317,PLAYER_SLEEPBEFORE_START,1516289701874,50
317,PLAYER_SLEEPBEFORE_END,1516289701898,50
317,WS_SEND_START,1516289701898,50
317,WS_SEND_END,1516289701898,50
317,WS_RECV_START,1516289701898,51
317,WS_RECV_END,1516289702130,51
317,PLAYER_SLEEPBEFORE_START,1516289702130,52
317,PLAYER_SLEEPBEFORE_END,1516289724695,52
317,WS_SEND_START,1516289724695,52
317,WS_SEND_END,1516289724695,52
317,WS_RECV_START,1516289724695,53
317,WS_RECV_END,1516289724858,53
317,PLAYER_SLEEPBEFORE_START,1516289724858,54
317,PLAYER_SLEEPBEFORE_END,1516289746161,54
317,WS_SEND_START,1516289746161,54
317,WS_SEND_END,1516289746161,54
317,PLAYER_SLEEPBEFORE_START,1516289746161,55
317,PLAYER_SLEEPBEFORE_END,1516289748102,55
317,WS_SEND_START,1516289748102,55
317,WS_SEND_END,1516289748102,55
317,WS_RECV_START,1516289748102,56
317,WS_RECV_END,1516289748655,56
317,PLAYER_SLEEPBEFORE_START,1516289748656,57
317,PLAYER_SLEEPBEFORE_END,1516289771528,57
317,WS_SEND_START,1516289771528,57
317,WS_SEND_END,1516289771528,57
317,WS_RECV_START,1516289771528,58
317,WS_RECV_END,1516289772152,58
317,PLAYER_SLEEPBEFORE_START,1516289772152,59
317,PLAYER_SLEEPBEFORE_END,1516289774479,59
317,WS_SEND_START,1516289774479,59
317,WS_SEND_END,1516289774479,59
317,WS_RECV_START,1516289774479,60
317,WS_RECV_END,1516289775122,60
317,PLAYER_SLEEPBEFORE_START,1516289775122,61
317,PLAYER_SLEEPBEFORE_END,1516289778713,61
317,WS_SEND_START,1516289778713,61
317,WS_SEND_END,1516289778713,61
317,WS_RECV_START,1516289778713,62
317,WS_RECV_END,1516289779410,62
317,PLAYER_SLEEPBEFORE_START,1516289779410,63
317,PLAYER_SLEEPBEFORE_END,1516289798672,63
317,WS_SEND_START,1516289798672,63
317,WS_SEND_END,1516289798672,63
317,WS_RECV_START,1516289798672,64
317,WS_RECV_END,1516289799484,64
317,PLAYER_SLEEPBEFORE_START,1516289799484,65
317,PLAYER_SLEEPBEFORE_END,1516289826301,65
317,WS_SEND_START,1516289826301,65
317,WS_SEND_END,1516289826301,65
317,WS_RECV_START,1516289826301,66
317,WS_RECV_END,1516289828088,66
317,PLAYER_SLEEPBEFORE_START,1516289828088,67
317,PLAYER_SLEEPBEFORE_END,1516289829595,67
317,WS_SEND_START,1516289829595,67
317,WS_SEND_END,1516289829595,67
317,WS_RECV_START,1516289829595,68
317,WS_RECV_END,1516289831519,68
317,PLAYER_SLEEPBEFORE_START,1516289831519,69
317,PLAYER_SLEEPBEFORE_END,1516289853518,69
317,WS_SEND_START,1516289853518,69
317,WS_SEND_END,1516289853518,69
317,WS_RECV_START,1516289853518,70
317,WS_RECV_END,1516289856378,70
317,PLAYER_SLEEPBEFORE_START,1516289856378,71
317,PLAYER_SLEEPBEFORE_END,1516289881153,71
317,WS_SEND_START,1516289881153,71
317,WS_SEND_END,1516289881153,71
317,PLAYER_SLEEPBEFORE_START,1516289881153,72
317,PLAYER_SLEEPBEFORE_END,1516289883760,72
317,WS_SEND_START,1516289883761,72
317,WS_SEND_END,1516289883761,72
317,WS_RECV_START,1516289883761,73
317,WS_RECV_END,1516289884612,73
317,PLAYER_SLEEPBEFORE_START,1516289884612,74
317,PLAYER_SLEEPBEFORE_END,1516289884621,74
317,WS_SEND_START,1516289884621,74
317,WS_SEND_END,1516289884621,74
317,WS_RECV_START,1516289884621,75
317,WS_RECV_END,1516289886410,75
317,PLAYER_SLEEPBEFORE_START,1516289886410,76
317,PLAYER_SLEEPBEFORE_END,1516289887916,76
317,WS_SEND_START,1516289887916,76
317,WS_SEND_END,1516289887916,76
317,WS_RECV_START,1516289887916,77
317,WS_RECV_END,1516289888554,77
317,PLAYER_SLEEPBEFORE_START,1516289888554,78
317,PLAYER_SLEEPBEFORE_END,1516289889422,78
317,WS_SEND_START,1516289889422,78
317,WS_SEND_END,1516289889422,78
317,WS_RECV_START,1516289889422,79
317,WS_RECV_END,1516289890471,79
317,PLAYER_SLEEPBEFORE_START,1516289890471,80
317,PLAYER_SLEEPBEFORE_END,1516289898137,80
317,WS_SEND_START,1516289898137,80
317,WS_SEND_END,1516289898137,80
317,WS_RECV_START,1516289898137,81
317,WS_RECV_END,1516289900874,81
317,PLAYER_SLEEPBEFORE_START,1516289900874,82
317,PLAYER_SLEEPBEFORE_END,1516289901976,82
317,WS_SEND_START,1516289901976,82
317,WS_SEND_END,1516289901976,82
317,WS_RECV_START,1516289901976,83
317,WS_RECV_END,1516289904253,83
317,PLAYER_SLEEPBEFORE_START,1516289904253,84
317,PLAYER_SLEEPBEFORE_END,1516289905200,84
317,WS_SEND_START,1516289905200,84
317,WS_SEND_END,1516289905200,84
317,WS_RECV_START,1516289905200,85
317,WS_RECV_END,1516289907785,85
317,PLAYER_SLEEPBEFORE_START,1516289907785,86
317,PLAYER_SLEEPBEFORE_END,1516289911957,86
317,WS_SEND_START,1516289911957,86
317,WS_SEND_END,1516289911957,86
317,WS_RECV_START,1516289911957,87
317,WS_RECV_END,1516289914641,87
317,PLAYER_SLEEPBEFORE_START,1516289914641,88
317,PLAYER_SLEEPBEFORE_END,1516289914649,88
317,WS_SEND_START,1516289914649,88
317,WS_SEND_END,1516289914649,88
317,WS_RECV_START,1516289914649,89
317,WS_RECV_END,1516289916406,89
317,PLAYER_SLEEPBEFORE_START,1516289916406,90
317,PLAYER_SLEEPBEFORE_END,1516289943604,90
317,REQ_START,1516289943604,90
317,REQ_END,1516289943612,90
317,PLAYER_SLEEPBEFORE_START,1516289943612,91
317,PLAYER_SLEEPBEFORE_END,1516289951501,91
317,WS_SEND_START,1516289951501,91
317,WS_SEND_END,1516289951501,91
317,WS_RECV_START,1516289951501,92
317,WS_RECV_END,1516289954554,92
317,PLAYER_SLEEPBEFORE_START,1516289954554,93
317,PLAYER_SLEEPBEFORE_END,1516289954569,93
317,WS_SEND_START,1516289954569,93
317,WS_SEND_END,1516289954569,93
317,WS_RECV_START,1516289954569,94
317,WS_RECV_END,1516289958471,94
317,PLAYER_SLEEPBEFORE_START,1516289958471,95
317,PLAYER_SLEEPBEFORE_END,1516289982027,95
317,WS_SEND_START,1516289982027,95
317,WS_SEND_END,1516289982027,95
317,WS_RECV_START,1516289982027,96
317,WS_RECV_END,1516289985037,96
317,PLAYER_SLEEPBEFORE_START,1516289985037,97
317,PLAYER_SLEEPBEFORE_END,1516290007477,97
317,WS_SEND_START,1516290007477,97
317,WS_SEND_END,1516290007477,97
317,WS_RECV_START,1516290007477,98
317,WS_RECV_END,1516290012721,98
317,PLAYER_SLEEPBEFORE_START,1516290012721,99
317,PLAYER_SLEEPBEFORE_END,1516290012742,99
317,WS_SEND_START,1516290012742,99
317,WS_SEND_END,1516290012742,99
317,WS_RECV_START,1516290012742,100
317,WS_RECV_END,1516290014399,100
317,PLAYER_SLEEPBEFORE_START,1516290014399,101
317,PLAYER_SLEEPBEFORE_END,1516290037958,101
317,WS_SEND_START,1516290037958,101
317,WS_SEND_END,1516290037958,101
317,WS_RECV_START,1516290037958,102
317,WS_RECV_END,1516290043003,102
317,PLAYER_SLEEPBEFORE_START,1516290043003,103
317,PLAYER_SLEEPBEFORE_END,1516290066628,103
317,WS_SEND_START,1516290066628,103
317,WS_SEND_END,1516290066629,103
317,WS_RECV_START,1516290066629,104
317,WS_RECV_END,1516290070599,104
317,PLAYER_SLEEPBEFORE_START,1516290070599,105
317,PLAYER_SLEEPBEFORE_END,1516290095976,105
317,WS_SEND_START,1516290095976,105
317,WS_SEND_END,1516290095976,105
317,WS_RECV_START,1516290095976,106
317,WS_RECV_END,1516290100922,106
317,PLAYER_SLEEPBEFORE_START,1516290100922,107
317,PLAYER_SLEEPBEFORE_END,1516290124346,107
317,WS_SEND_START,1516290124346,107
317,WS_SEND_END,1516290124346,107
317,WS_RECV_START,1516290124346,108
317,WS_RECV_END,1516290129225,108
317,PLAYER_SLEEPBEFORE_START,1516290129225,109
317,PLAYER_SLEEPBEFORE_END,1516290129235,109
317,WS_SEND_START,1516290129235,109
317,WS_SEND_END,1516290129235,109
317,WS_RECV_START,1516290129235,110
317,WS_RECV_END,1516290131486,110
317,PLAYER_SLEEPBEFORE_START,1516290131486,111
317,PLAYER_SLEEPBEFORE_END,1516290132446,111
317,WS_SEND_START,1516290132446,111
317,WS_SEND_END,1516290132446,111
317,WS_RECV_START,1516290132446,112
317,WS_RECV_END,1516290135723,112
317,PLAYER_SLEEPBEFORE_START,1516290135723,113
317,PLAYER_SLEEPBEFORE_END,1516290136285,113
317,WS_SEND_START,1516290136285,113
317,WS_SEND_END,1516290136285,113
317,WS_RECV_START,1516290136285,114
317,WS_RECV_END,1516290139232,114
317,PLAYER_SLEEPBEFORE_START,1516290139232,115
317,PLAYER_SLEEPBEFORE_END,1516290139242,115
317,WS_SEND_START,1516290139242,115
317,WS_SEND_END,1516290139242,115
317,WS_RECV_START,1516290139242,116
317,WS_RECV_END,1516290142707,116
317,PLAYER_SLEEPBEFORE_START,1516290142707,117
317,PLAYER_SLEEPBEFORE_END,1516290163067,117
317,WS_SEND_START,1516290163067,117
317,WS_SEND_END,1516290163067,117
317,PLAYER_SLEEPBEFORE_START,1516290163067,118
317,PLAYER_SLEEPBEFORE_END,1516290166819,118
317,WS_SEND_START,1516290166819,118
317,WS_SEND_END,1516290166819,118
317,WS_RECV_START,1516290166819,119
317,WS_RECV_END,1516290169997,119
317,PLAYER_SLEEPBEFORE_START,1516290169997,120
317,PLAYER_SLEEPBEFORE_END,1516290170985,120
317,WS_SEND_START,1516290170985,120
317,WS_SEND_END,1516290170985,120
317,WS_RECV_START,1516290170985,121
317,WS_RECV_END,1516290173387,121
317,PLAYER_SLEEPBEFORE_START,1516290173387,122
317,PLAYER_SLEEPBEFORE_END,1516290174572,122
317,WS_SEND_START,1516290174572,122
317,WS_SEND_END,1516290174572,122
317,WS_RECV_START,1516290174572,123
317,WS_RECV_END,1516290177030,123
317,PLAYER_SLEEPBEFORE_START,1516290177031,124
317,PLAYER_SLEEPBEFORE_END,1516290201436,124
317,WS_SEND_START,1516290201436,124
317,WS_SEND_END,1516290201436,124
317,WS_RECV_START,1516290201436,125
317,WS_RECV_END,1516290206503,125
317,PLAYER_SLEEPBEFORE_START,1516290206503,126
317,PLAYER_SLEEPBEFORE_END,1516290227015,126
317,WS_SEND_START,1516290227015,126
317,WS_SEND_END,1516290227015,126
317,PLAYER_SLEEPBEFORE_START,1516290227015,127
317,PLAYER_SLEEPBEFORE_END,1516290230069,127
317,WS_SEND_START,1516290230069,127
317,WS_SEND_END,1516290230069,127
317,WS_RECV_START,1516290230069,128
317,WS_RECV_END,1516290233671,128
317,PLAYER_SLEEPBEFORE_START,1516290233671,129
317,PLAYER_SLEEPBEFORE_END,1516290233691,129
317,WS_SEND_START,1516290233691,129
317,WS_SEND_END,1516290233691,129
317,WS_RECV_START,1516290233691,130
317,WS_RECV_END,1516290236824,130
317,PLAYER_SLEEPBEFORE_START,1516290236824,131
317,PLAYER_SLEEPBEFORE_END,1516290258448,131
317,WS_SEND_START,1516290258448,131
317,WS_SEND_END,1516290258448,131
317,PLAYER_SLEEPBEFORE_START,1516290258448,132
317,PLAYER_SLEEPBEFORE_END,1516290261528,132
317,WS_SEND_START,1516290261528,132
317,WS_SEND_END,1516290261528,132
317,WS_RECV_START,1516290261528,133
317,WS_RECV_END,1516290263794,133
317,PLAYER_SLEEPBEFORE_START,1516290263794,134
317,PLAYER_SLEEPBEFORE_END,1516290285011,134
317,WS_SEND_START,1516290285011,134
317,WS_SEND_END,1516290285011,134
317,PLAYER_SLEEPBEFORE_START,1516290285011,135
317,PLAYER_SLEEPBEFORE_END,1516290288201,135
317,WS_SEND_START,1516290288201,135
317,WS_SEND_END,1516290288201,135
317,WS_RECV_START,1516290288201,136
317,WS_RECV_END,1516290289970,136
317,PLAYER_SLEEPBEFORE_START,1516290289970,137
317,PLAYER_SLEEPBEFORE_END,1516290289977,137
317,WS_SEND_START,1516290289977,137
317,WS_SEND_END,1516290289977,137
317,WS_RECV_START,1516290289977,138
317,WS_RECV_END,1516290292392,138
317,PLAYER_SLEEPBEFORE_START,1516290292392,139
317,PLAYER_SLEEPBEFORE_END,1516290293082,139
317,WS_SEND_START,1516290293082,139
317,WS_SEND_END,1516290293082,139
317,WS_RECV_START,1516290293082,140
317,WS_RECV_END,1516290296423,140
317,PLAYER_SLEEPBEFORE_START,1516290296423,141
317,PLAYER_SLEEPBEFORE_END,1516290297078,141
317,WS_SEND_START,1516290297078,141
317,WS_SEND_END,1516290297078,141
317,WS_RECV_START,1516290297078,142
317,WS_RECV_END,1516290302254,142
317,PLAYER_SLEEPBEFORE_START,1516290302254,143
317,PLAYER_SLEEPBEFORE_END,1516290302311,143
317,WS_SEND_START,1516290302311,143
317,WS_SEND_END,1516290302311,143
317,WS_RECV_START,1516290302311,144
317,WS_RECV_END,1516290307504,144
317,PLAYER_SLEEPBEFORE_START,1516290307504,145
317,PLAYER_SLEEPBEFORE_END,1516290323566,145
317,REQ_START,1516290323566,145
317,REQ_END,1516290323573,145
317,PLAYER_SLEEPBEFORE_START,1516290323573,146
317,PLAYER_SLEEPBEFORE_END,1516290332450,146
317,WS_SEND_START,1516290332450,146
317,WS_SEND_END,1516290332450,146
317,WS_RECV_START,1516290332450,147
317,WS_RECV_END,1516290337975,147
317,PLAYER_SLEEPBEFORE_START,1516290337975,148
317,PLAYER_SLEEPBEFORE_END,1516290359897,148
317,WS_SEND_START,1516290359897,148
317,WS_SEND_END,1516290359898,148
317,PLAYER_SLEEPBEFORE_START,1516290359898,149
317,PLAYER_SLEEPBEFORE_END,1516290362326,149
317,WS_SEND_START,1516290362326,149
317,WS_SEND_END,1516290362326,149
317,WS_RECV_START,1516290362326,150
317,WS_RECV_END,1516290364634,150
317,PLAYER_SLEEPBEFORE_START,1516290364634,151
317,PLAYER_SLEEPBEFORE_END,1516290364844,151
317,WS_SEND_START,1516290364844,151
317,WS_SEND_END,1516290364844,151
317,WS_RECV_START,1516290364844,152
317,WS_RECV_END,1516290367331,152
317,PLAYER_SLEEPBEFORE_START,1516290367331,153
317,PLAYER_SLEEPBEFORE_END,1516290391259,153
317,WS_SEND_START,1516290391259,153
317,WS_SEND_END,1516290391259,153
317,WS_RECV_START,1516290391259,154
317,WS_RECV_END,1516290398994,154
317,PLAYER_SLEEPBEFORE_START,1516290398994,155
317,PLAYER_SLEEPBEFORE_END,1516290421553,155
317,WS_SEND_START,1516290421553,155
317,WS_SEND_END,1516290421553,155
317,PLAYER_SLEEPBEFORE_START,1516290421553,156
317,PLAYER_SLEEPBEFORE_END,1516290424827,156
317,WS_SEND_START,1516290424827,156
317,WS_SEND_END,1516290424827,156
317,WS_RECV_START,1516290424827,157
317,WS_RECV_END,1516290428390,157
317,PLAYER_SLEEPBEFORE_START,1516290428390,158
317,PLAYER_SLEEPBEFORE_END,1516290428400,158
317,WS_SEND_START,1516290428400,158
317,WS_SEND_END,1516290428400,158
317,WS_RECV_START,1516290428400,159
317,WS_RECV_END,1516290431630,159
317,PLAYER_SLEEPBEFORE_START,1516290431630,160
317,PLAYER_SLEEPBEFORE_END,1516290431806,160
317,WS_SEND_START,1516290431806,160
317,WS_SEND_END,1516290431806,160
317,WS_RECV_START,1516290431806,161
317,WS_RECV_END,1516290436635,161
317,PLAYER_SLEEPBEFORE_START,1516290436635,162
317,PLAYER_SLEEPBEFORE_END,1516290436660,162
317,WS_SEND_START,1516290436660,162
317,WS_SEND_END,1516290436660,162
317,WS_RECV_START,1516290436660,163
317,WS_RECV_END,1516290441306,163
317,PLAYER_SLEEPBEFORE_START,1516290441306,164
317,PLAYER_SLEEPBEFORE_END,1516290462119,164
317,WS_SEND_START,1516290462119,164
317,WS_SEND_END,1516290462119,164
317,WS_RECV_START,1516290462119,165
317,WS_RECV_END,1516290468302,165
317,PLAYER_SLEEPBEFORE_START,1516290468302,166
317,PLAYER_SLEEPBEFORE_END,1516290490758,166
317,WS_SEND_START,1516290490758,166
317,WS_SEND_END,1516290490758,166
317,WS_RECV_START,1516290490758,167
317,WS_RECV_END,1516290498114,167
317,PLAYER_SLEEPBEFORE_START,1516290498114,168
317,PLAYER_SLEEPBEFORE_END,1516290525471,168
317,WS_SEND_START,1516290525471,168
317,WS_SEND_END,1516290525471,168
317,WS_RECV_START,1516290525471,169
317,WS_RECV_END,1516290534126,169
317,PLAYER_SLEEPBEFORE_START,1516290534126,170
317,PLAYER_SLEEPBEFORE_END,1516290534136,170
317,WS_SEND_START,1516290534136,170
317,WS_SEND_END,1516290534136,170
317,WS_RECV_START,1516290534136,171
317,WS_RECV_END,1516290538346,171
317,PLAYER_SLEEPBEFORE_START,1516290538346,172
317,PLAYER_SLEEPBEFORE_END,1516290538715,172
317,WS_SEND_START,1516290538715,172
317,WS_SEND_END,1516290538715,172
317,WS_RECV_START,1516290538715,173
317,WS_RECV_END,1516290544510,173
317,PLAYER_SLEEPBEFORE_START,1516290544510,174
317,PLAYER_SLEEPBEFORE_END,1516290544551,174
317,WS_SEND_START,1516290544551,174
317,WS_SEND_END,1516290544551,174
317,WS_RECV_START,1516290544551,175
317,WS_RECV_END,1516290550380,175
317,PLAYER_SLEEPBEFORE_START,1516290550380,176
317,PLAYER_SLEEPBEFORE_END,1516290572142,176
317,WS_SEND_START,1516290572142,176
317,WS_SEND_END,1516290572142,176
317,PLAYER_SLEEPBEFORE_START,1516290572142,177
317,PLAYER_SLEEPBEFORE_END,1516290574660,177
317,WS_SEND_START,1516290574660,177
317,WS_SEND_END,1516290574660,177
317,WS_RECV_START,1516290574660,178
317,WS_RECV_END,1516290584260,178
317,PLAYER_SLEEPBEFORE_START,1516290584260,179
317,PLAYER_SLEEPBEFORE_END,1516290606600,179
317,WS_SEND_START,1516290606600,179
317,WS_SEND_END,1516290606600,179
317,WS_RECV_START,1516290606600,180
317,WS_RECV_END,1516290612726,180
317,PLAYER_SLEEPBEFORE_START,1516290612726,181
317,PLAYER_SLEEPBEFORE_END,1516290613170,181
317,WS_SEND_START,1516290613170,181
317,WS_SEND_END,1516290613170,181
317,WS_RECV_START,1516290613170,182
317,WS_RECV_END,1516290617514,182
317,PLAYER_SLEEPBEFORE_START,1516290617514,183
317,PLAYER_SLEEPBEFORE_END,1516290618037,183
317,WS_SEND_START,1516290618037,183
317,WS_SEND_END,1516290618037,183
317,WS_RECV_START,1516290618037,184
317,WS_RECV_END,1516290621489,184
317,PLAYER_SLEEPBEFORE_START,1516290621489,185
317,PLAYER_SLEEPBEFORE_END,1516290621757,185
317,WS_SEND_START,1516290621757,185
317,WS_SEND_END,1516290621757,185
317,WS_RECV_START,1516290621757,186
317,WS_RECV_END,1516290626901,186
317,PLAYER_SLEEPBEFORE_START,1516290626901,187
317,PLAYER_SLEEPBEFORE_END,1516290649401,187
317,WS_SEND_START,1516290649401,187
317,WS_SEND_END,1516290649401,187
317,WS_RECV_START,1516290649401,188
317,WS_RECV_END,1516290655950,188
317,PLAYER_SLEEPBEFORE_START,1516290655950,189
317,PLAYER_SLEEPBEFORE_END,1516290662189,189
317,WS_SEND_START,1516290662189,189
317,WS_SEND_END,1516290662189,189
317,WS_RECV_START,1516290662189,190
317,WS_RECV_END,1516290666769,190
317,PLAYER_SLEEPBEFORE_START,1516290666769,191
317,PLAYER_SLEEPBEFORE_END,1516290668684,191
317,WS_SEND_START,1516290668684,191
317,WS_SEND_END,1516290668684,191
317,WS_RECV_START,1516290668684,192
317,WS_RECV_END,1516290670518,192
317,PLAYER_SLEEPBEFORE_START,1516290670518,193
317,PLAYER_SLEEPBEFORE_END,1516290670646,193
317,WS_SEND_START,1516290670646,193
317,WS_SEND_END,1516290670646,193
317,WS_RECV_START,1516290670646,194
317,WS_RECV_END,1516290674243,194
317,PLAYER_SLEEPBEFORE_START,1516290674243,195
317,PLAYER_SLEEPBEFORE_END,1516290675999,195
317,WS_SEND_START,1516290675999,195
317,WS_SEND_END,1516290675999,195
317,WS_RECV_START,1516290675999,196
317,WS_RECV_END,1516290677458,196
317,PLAYER_SLEEPBEFORE_START,1516290677458,197
317,PLAYER_SLEEPBEFORE_END,1516290679263,197
317,WS_SEND_START,1516290679263,197
317,WS_SEND_END,1516290679263,197
317,WS_RECV_START,1516290679263,198
317,WS_RECV_END,1516290681381,198
317,PLAYER_SLEEPBEFORE_START,1516290681381,199
317,PLAYER_SLEEPBEFORE_END,1516290693235,199
317,WS_SEND_START,1516290693235,199
317,WS_SEND_END,1516290693235,199
317,PLAYER_SLEEPBEFORE_START,1516290693235,200
317,PLAYER_SLEEPBEFORE_END,1516290697323,200
317,WS_SEND_START,1516290697323,200
317,WS_SEND_END,1516290697323,200
317,WS_RECV_START,1516290697323,201
317,WS_RECV_END,1516290700410,201
317,PLAYER_SLEEPBEFORE_START,1516290700410,202
317,PLAYER_SLEEPBEFORE_END,1516290700424,202
317,WS_SEND_START,1516290700424,202
317,WS_SEND_END,1516290700424,202
317,WS_RECV_START,1516290700424,203
317,WS_RECV_END,1516290701816,203
317,PLAYER_SLEEPBEFORE_START,1516290701816,204
317,PLAYER_SLEEPBEFORE_END,1516290721465,204
317,WS_SEND_START,1516290721465,204
317,WS_SEND_END,1516290721466,204
317,PLAYER_SLEEPBEFORE_START,1516290721466,205
317,PLAYER_SLEEPBEFORE_END,1516290725364,205
317,WS_SEND_START,1516290725364,205
317,WS_SEND_END,1516290725364,205
317,WS_RECV_START,1516290725364,206
317,WS_RECV_END,1516290726332,206
317,PLAYER_SLEEPBEFORE_START,1516290726332,207
317,PLAYER_SLEEPBEFORE_END,1516290743263,207
317,REQ_START,1516290743263,207
317,REQ_END,1516290743272,207
317,PLAYER_SLEEPBEFORE_START,1516290743272,208
317,PLAYER_SLEEPBEFORE_END,1516290750124,208
317,WS_CLOSE_START,1516290750124,208
317,WS_CLOSE_END,1516290750124,208
317,PLAYER_DONE,1516290750124
