# --sessions 720 --app-url=http://shinyloadtest.rstudioservices.com/cran_explorer --output-dir test720 --overwrite-output --log-level warn --start-interval 500 15min.log
thread_id,event,timestamp,input_line_number,comment
379,PLAYER_SESSION_CREATE,1516289462101
379,PLAYER_START_INTERVAL_START,1516289462101
379,PLAYER_START_INTERVAL_END,1516289651601
379,REQ_HOME_START,1516289651601,2
379,REQ_HOME_END,1516289651684,2
379,REQ_START,1516289651684,3
379,REQ_END,1516289651715,3
379,REQ_START,1516289651715,4
379,REQ_END,1516289651744,4
379,REQ_START,1516289651744,5
379,REQ_END,1516289651786,5
379,REQ_START,1516289651786,6
379,REQ_END,1516289651816,6
379,REQ_START,1516289651816,7
379,REQ_END,1516289651853,7
379,REQ_START,1516289651853,8
379,REQ_END,1516289651895,8
379,REQ_START,1516289651895,9
379,REQ_END,1516289651945,9
379,REQ_START,1516289651945,10
379,REQ_END,1516289651954,10
379,REQ_START,1516289651954,11
379,REQ_END,1516289652008,11
379,REQ_START,1516289652008,12
379,REQ_END,1516289652035,12
379,REQ_START,1516289652035,13
379,REQ_END,1516289652067,13
379,REQ_START,1516289652067,14
379,REQ_END,1516289652081,14
379,REQ_START,1516289652081,15
379,REQ_END,1516289652118,15
379,REQ_TOK_START,1516289652118,16
379,REQ_TOK_END,1516289652126,16
379,REQ_SINF_START,1516289652126,17
379,REQ_SINF_END,1516289652133,17
379,WS_OPEN_START,1516289652133,18
379,WS_OPEN_END,1516289652140,18
379,REQ_START,1516289652140,19
379,REQ_END,1516289652168,19
379,WS_RECV_START,1516289652168,20
379,WS_RECV_END,1516289652168,20
379,PLAYER_SLEEPBEFORE_START,1516289652168,21
379,PLAYER_SLEEPBEFORE_END,1516289652173,21
379,WS_SEND_START,1516289652173,21
379,WS_SEND_END,1516289652173,21
379,PLAYER_SLEEPBEFORE_START,1516289652173,22
379,PLAYER_SLEEPBEFORE_END,1516289652174,22
379,WS_SEND_START,1516289652174,22
379,WS_SEND_END,1516289652175,22
379,WS_RECV_INIT_START,1516289652175,23
379,WS_RECV_INIT_END,1516289652197,23
379,WS_RECV_START,1516289652197,24
379,WS_RECV_END,1516289652270,24
379,PLAYER_SLEEPBEFORE_START,1516289652270,25
379,PLAYER_SLEEPBEFORE_END,1516289652277,25
379,REQ_START,1516289652277,25
379,REQ_END,1516289652435,25
379,PLAYER_SLEEPBEFORE_START,1516289652435,26
379,PLAYER_SLEEPBEFORE_END,1516289652436,26
379,REQ_START,1516289652436,26
379,REQ_END,1516289652472,26
379,PLAYER_SLEEPBEFORE_START,1516289652472,27
379,PLAYER_SLEEPBEFORE_END,1516289652475,27
379,REQ_START,1516289652475,27
379,REQ_END,1516289652509,27
379,PLAYER_SLEEPBEFORE_START,1516289652509,28
379,PLAYER_SLEEPBEFORE_END,1516289652794,28
379,REQ_START,1516289652794,28
379,REQ_END,1516289652827,28
379,PLAYER_SLEEPBEFORE_START,1516289652827,29
379,PLAYER_SLEEPBEFORE_END,1516289653002,29
379,WS_SEND_START,1516289653002,29
379,WS_SEND_END,1516289653002,29
379,WS_RECV_START,1516289653002,30
379,WS_RECV_END,1516289653278,30
379,PLAYER_SLEEPBEFORE_START,1516289653279,31
379,PLAYER_SLEEPBEFORE_END,1516289653290,31
379,REQ_START,1516289653290,31
379,REQ_END,1516289653324,31
379,PLAYER_SLEEPBEFORE_START,1516289653324,32
379,PLAYER_SLEEPBEFORE_END,1516289681470,32
379,WS_SEND_START,1516289681470,32
379,WS_SEND_END,1516289681470,32
379,WS_RECV_START,1516289681470,33
379,WS_RECV_END,1516289681656,33
379,PLAYER_SLEEPBEFORE_START,1516289681656,34
379,PLAYER_SLEEPBEFORE_END,1516289707567,34
379,WS_SEND_START,1516289707567,34
379,WS_SEND_END,1516289707567,34
379,WS_RECV_START,1516289707567,35
379,WS_RECV_END,1516289707648,35
379,PLAYER_SLEEPBEFORE_START,1516289707648,36
379,PLAYER_SLEEPBEFORE_END,1516289707657,36
379,WS_SEND_START,1516289707657,36
379,WS_SEND_END,1516289707657,36
379,WS_RECV_START,1516289707657,37
379,WS_RECV_END,1516289707702,37
379,PLAYER_SLEEPBEFORE_START,1516289707702,38
379,PLAYER_SLEEPBEFORE_END,1516289710897,38
379,WS_SEND_START,1516289710897,38
379,WS_SEND_END,1516289710897,38
379,WS_RECV_START,1516289710897,39
379,WS_RECV_END,1516289711064,39
379,PLAYER_SLEEPBEFORE_START,1516289711064,40
379,PLAYER_SLEEPBEFORE_END,1516289711110,40
379,WS_SEND_START,1516289711110,40
379,WS_SEND_END,1516289711110,40
379,WS_RECV_START,1516289711110,41
379,WS_RECV_END,1516289711306,41
379,PLAYER_SLEEPBEFORE_START,1516289711306,42
379,PLAYER_SLEEPBEFORE_END,1516289729442,42
379,WS_SEND_START,1516289729442,42
379,WS_SEND_END,1516289729442,42
379,WS_RECV_START,1516289729442,43
379,WS_RECV_END,1516289729524,43
379,PLAYER_SLEEPBEFORE_START,1516289729524,44
379,PLAYER_SLEEPBEFORE_END,1516289729536,44
379,WS_SEND_START,1516289729536,44
379,WS_SEND_END,1516289729536,44
379,WS_RECV_START,1516289729536,45
379,WS_RECV_END,1516289729590,45
379,PLAYER_SLEEPBEFORE_START,1516289729590,46
379,PLAYER_SLEEPBEFORE_END,1516289730850,46
379,WS_SEND_START,1516289730850,46
379,WS_SEND_END,1516289730850,46
379,WS_RECV_START,1516289730850,47
379,WS_RECV_END,1516289730995,47
379,PLAYER_SLEEPBEFORE_START,1516289730995,48
379,PLAYER_SLEEPBEFORE_END,1516289732315,48
379,WS_SEND_START,1516289732315,48
379,WS_SEND_END,1516289732315,48
379,WS_RECV_START,1516289732315,49
379,WS_RECV_END,1516289732464,49
379,PLAYER_SLEEPBEFORE_START,1516289732464,50
379,PLAYER_SLEEPBEFORE_END,1516289732488,50
379,WS_SEND_START,1516289732488,50
379,WS_SEND_END,1516289732488,50
379,WS_RECV_START,1516289732488,51
379,WS_RECV_END,1516289732904,51
379,PLAYER_SLEEPBEFORE_START,1516289732904,52
379,PLAYER_SLEEPBEFORE_END,1516289755468,52
379,WS_SEND_START,1516289755468,52
379,WS_SEND_END,1516289755468,52
379,WS_RECV_START,1516289755468,53
379,WS_RECV_END,1516289755940,53
379,PLAYER_SLEEPBEFORE_START,1516289755940,54
379,PLAYER_SLEEPBEFORE_END,1516289777244,54
379,WS_SEND_START,1516289777244,54
379,WS_SEND_END,1516289777244,54
379,PLAYER_SLEEPBEFORE_START,1516289777244,55
379,PLAYER_SLEEPBEFORE_END,1516289779185,55
379,WS_SEND_START,1516289779185,55
379,WS_SEND_END,1516289779185,55
379,WS_RECV_START,1516289779185,56
379,WS_RECV_END,1516289780886,56
379,PLAYER_SLEEPBEFORE_START,1516289780886,57
379,PLAYER_SLEEPBEFORE_END,1516289803758,57
379,WS_SEND_START,1516289803758,57
379,WS_SEND_END,1516289803758,57
379,WS_RECV_START,1516289803758,58
379,WS_RECV_END,1516289804745,58
379,PLAYER_SLEEPBEFORE_START,1516289804745,59
379,PLAYER_SLEEPBEFORE_END,1516289807073,59
379,WS_SEND_START,1516289807073,59
379,WS_SEND_END,1516289807073,59
379,WS_RECV_START,1516289807073,60
379,WS_RECV_END,1516289807991,60
379,PLAYER_SLEEPBEFORE_START,1516289807991,61
379,PLAYER_SLEEPBEFORE_END,1516289811583,61
379,WS_SEND_START,1516289811583,61
379,WS_SEND_END,1516289811583,61
379,WS_RECV_START,1516289811583,62
379,WS_RECV_END,1516289814062,62
379,PLAYER_SLEEPBEFORE_START,1516289814062,63
379,PLAYER_SLEEPBEFORE_END,1516289833324,63
379,WS_SEND_START,1516289833324,63
379,WS_SEND_END,1516289833324,63
379,WS_RECV_START,1516289833324,64
379,WS_RECV_END,1516289837001,64
379,PLAYER_SLEEPBEFORE_START,1516289837001,65
379,PLAYER_SLEEPBEFORE_END,1516289863818,65
379,WS_SEND_START,1516289863818,65
379,WS_SEND_END,1516289863818,65
379,WS_RECV_START,1516289863818,66
379,WS_RECV_END,1516289866912,66
379,PLAYER_SLEEPBEFORE_START,1516289866912,67
379,PLAYER_SLEEPBEFORE_END,1516289868419,67
379,WS_SEND_START,1516289868419,67
379,WS_SEND_END,1516289868419,67
379,WS_RECV_START,1516289868419,68
379,WS_RECV_END,1516289871891,68
379,PLAYER_SLEEPBEFORE_START,1516289871891,69
379,PLAYER_SLEEPBEFORE_END,1516289893889,69
379,WS_SEND_START,1516289893889,69
379,WS_SEND_END,1516289893889,69
379,WS_RECV_START,1516289893889,70
379,WS_RECV_END,1516289895596,70
379,PLAYER_SLEEPBEFORE_START,1516289895596,71
379,PLAYER_SLEEPBEFORE_END,1516289920371,71
379,WS_SEND_START,1516289920371,71
379,WS_SEND_END,1516289920371,71
379,PLAYER_SLEEPBEFORE_START,1516289920371,72
379,PLAYER_SLEEPBEFORE_END,1516289922978,72
379,WS_SEND_START,1516289922978,72
379,WS_SEND_END,1516289922979,72
379,WS_RECV_START,1516289922979,73
379,WS_RECV_END,1516289923710,73
379,PLAYER_SLEEPBEFORE_START,1516289923711,74
379,PLAYER_SLEEPBEFORE_END,1516289923720,74
379,WS_SEND_START,1516289923720,74
379,WS_SEND_END,1516289923720,74
379,WS_RECV_START,1516289923720,75
379,WS_RECV_END,1516289923762,75
379,PLAYER_SLEEPBEFORE_START,1516289923762,76
379,PLAYER_SLEEPBEFORE_END,1516289925268,76
379,WS_SEND_START,1516289925268,76
379,WS_SEND_END,1516289925268,76
379,WS_RECV_START,1516289925268,77
379,WS_RECV_END,1516289927118,77
379,PLAYER_SLEEPBEFORE_START,1516289927118,78
379,PLAYER_SLEEPBEFORE_END,1516289927986,78
379,WS_SEND_START,1516289927986,78
379,WS_SEND_END,1516289927986,78
379,WS_RECV_START,1516289927986,79
379,WS_RECV_END,1516289929693,79
379,PLAYER_SLEEPBEFORE_START,1516289929693,80
379,PLAYER_SLEEPBEFORE_END,1516289937359,80
379,WS_SEND_START,1516289937359,80
379,WS_SEND_END,1516289937359,80
379,WS_RECV_START,1516289937359,81
379,WS_RECV_END,1516289939673,81
379,PLAYER_SLEEPBEFORE_START,1516289939673,82
379,PLAYER_SLEEPBEFORE_END,1516289940775,82
379,WS_SEND_START,1516289940775,82
379,WS_SEND_END,1516289940775,82
379,WS_RECV_START,1516289940775,83
379,WS_RECV_END,1516289941099,83
379,PLAYER_SLEEPBEFORE_START,1516289941099,84
379,PLAYER_SLEEPBEFORE_END,1516289942047,84
379,WS_SEND_START,1516289942047,84
379,WS_SEND_END,1516289942047,84
379,WS_RECV_START,1516289942047,85
379,WS_RECV_END,1516289942944,85
379,PLAYER_SLEEPBEFORE_START,1516289942944,86
379,PLAYER_SLEEPBEFORE_END,1516289947116,86
379,WS_SEND_START,1516289947116,86
379,WS_SEND_END,1516289947116,86
379,WS_RECV_START,1516289947116,87
379,WS_RECV_END,1516289950963,87
379,PLAYER_SLEEPBEFORE_START,1516289950963,88
379,PLAYER_SLEEPBEFORE_END,1516289950971,88
379,WS_SEND_START,1516289950971,88
379,WS_SEND_END,1516289950971,88
379,WS_RECV_START,1516289950971,89
379,WS_RECV_END,1516289953514,89
379,PLAYER_SLEEPBEFORE_START,1516289953514,90
379,PLAYER_SLEEPBEFORE_END,1516289980711,90
379,REQ_START,1516289980711,90
379,REQ_END,1516289980719,90
379,PLAYER_SLEEPBEFORE_START,1516289980719,91
379,PLAYER_SLEEPBEFORE_END,1516289988608,91
379,WS_SEND_START,1516289988608,91
379,WS_SEND_END,1516289988608,91
379,WS_RECV_START,1516289988608,92
379,WS_RECV_END,1516289993939,92
379,PLAYER_SLEEPBEFORE_START,1516289993939,93
379,PLAYER_SLEEPBEFORE_END,1516289993955,93
379,WS_SEND_START,1516289993955,93
379,WS_SEND_END,1516289993955,93
379,WS_RECV_START,1516289993955,94
379,WS_RECV_END,1516289997403,94
379,PLAYER_SLEEPBEFORE_START,1516289997403,95
379,PLAYER_SLEEPBEFORE_END,1516290020958,95
379,WS_SEND_START,1516290020958,95
379,WS_SEND_END,1516290020958,95
379,WS_RECV_START,1516290020958,96
379,WS_RECV_END,1516290025667,96
379,PLAYER_SLEEPBEFORE_START,1516290025667,97
379,PLAYER_SLEEPBEFORE_END,1516290048107,97
379,WS_SEND_START,1516290048107,97
379,WS_SEND_END,1516290048107,97
379,WS_RECV_START,1516290048107,98
379,WS_RECV_END,1516290051370,98
379,PLAYER_SLEEPBEFORE_START,1516290051370,99
379,PLAYER_SLEEPBEFORE_END,1516290051391,99
379,WS_SEND_START,1516290051391,99
379,WS_SEND_END,1516290051391,99
379,WS_RECV_START,1516290051391,100
379,WS_RECV_END,1516290053153,100
379,PLAYER_SLEEPBEFORE_START,1516290053153,101
379,PLAYER_SLEEPBEFORE_END,1516290076713,101
379,WS_SEND_START,1516290076713,101
379,WS_SEND_END,1516290076713,101
379,WS_RECV_START,1516290076713,102
379,WS_RECV_END,1516290079406,102
379,PLAYER_SLEEPBEFORE_START,1516290079406,103
379,PLAYER_SLEEPBEFORE_END,1516290103031,103
379,WS_SEND_START,1516290103031,103
379,WS_SEND_END,1516290103031,103
379,WS_RECV_START,1516290103031,104
379,WS_RECV_END,1516290109997,104
379,PLAYER_SLEEPBEFORE_START,1516290109997,105
379,PLAYER_SLEEPBEFORE_END,1516290135375,105
379,WS_SEND_START,1516290135375,105
379,WS_SEND_END,1516290135375,105
379,WS_RECV_START,1516290135375,106
379,WS_RECV_END,1516290140734,106
379,PLAYER_SLEEPBEFORE_START,1516290140734,107
379,PLAYER_SLEEPBEFORE_END,1516290164157,107
379,WS_SEND_START,1516290164157,107
379,WS_SEND_END,1516290164157,107
379,WS_RECV_START,1516290164157,108
379,WS_RECV_END,1516290169766,108
379,PLAYER_SLEEPBEFORE_START,1516290169766,109
379,PLAYER_SLEEPBEFORE_END,1516290169775,109
379,WS_SEND_START,1516290169775,109
379,WS_SEND_END,1516290169775,109
379,WS_RECV_START,1516290169775,110
379,WS_RECV_END,1516290172238,110
379,PLAYER_SLEEPBEFORE_START,1516290172238,111
379,PLAYER_SLEEPBEFORE_END,1516290173198,111
379,WS_SEND_START,1516290173198,111
379,WS_SEND_END,1516290173198,111
379,WS_RECV_START,1516290173198,112
379,WS_RECV_END,1516290175254,112
379,PLAYER_SLEEPBEFORE_START,1516290175254,113
379,PLAYER_SLEEPBEFORE_END,1516290175817,113
379,WS_SEND_START,1516290175817,113
379,WS_SEND_END,1516290175817,113
379,WS_RECV_START,1516290175817,114
379,WS_RECV_END,1516290179783,114
379,PLAYER_SLEEPBEFORE_START,1516290179783,115
379,PLAYER_SLEEPBEFORE_END,1516290179792,115
379,WS_SEND_START,1516290179792,115
379,WS_SEND_END,1516290179792,115
379,WS_RECV_START,1516290179792,116
379,WS_RECV_END,1516290184285,116
379,PLAYER_SLEEPBEFORE_START,1516290184285,117
379,PLAYER_SLEEPBEFORE_END,1516290204646,117
379,WS_SEND_START,1516290204646,117
379,WS_SEND_END,1516290204646,117
379,PLAYER_SLEEPBEFORE_START,1516290204646,118
379,PLAYER_SLEEPBEFORE_END,1516290208398,118
379,WS_SEND_START,1516290208398,118
379,WS_SEND_END,1516290208398,118
379,WS_RECV_START,1516290208398,119
379,WS_RECV_END,1516290209544,119
379,PLAYER_SLEEPBEFORE_START,1516290209544,120
379,PLAYER_SLEEPBEFORE_END,1516290210532,120
379,WS_SEND_START,1516290210532,120
379,WS_SEND_END,1516290210532,120
379,WS_RECV_START,1516290210532,121
379,WS_RECV_END,1516290212009,121
379,PLAYER_SLEEPBEFORE_START,1516290212009,122
379,PLAYER_SLEEPBEFORE_END,1516290213194,122
379,WS_SEND_START,1516290213194,122
379,WS_SEND_END,1516290213194,122
379,WS_RECV_START,1516290213194,123
379,WS_RECV_END,1516290216293,123
379,PLAYER_SLEEPBEFORE_START,1516290216293,124
379,PLAYER_SLEEPBEFORE_END,1516290240699,124
379,WS_SEND_START,1516290240699,124
379,WS_SEND_END,1516290240699,124
379,WS_RECV_START,1516290240699,125
379,WS_RECV_END,1516290247291,125
379,PLAYER_SLEEPBEFORE_START,1516290247291,126
379,PLAYER_SLEEPBEFORE_END,1516290267803,126
379,WS_SEND_START,1516290267803,126
379,WS_SEND_END,1516290267803,126
379,PLAYER_SLEEPBEFORE_START,1516290267803,127
379,PLAYER_SLEEPBEFORE_END,1516290270857,127
379,WS_SEND_START,1516290270857,127
379,WS_SEND_END,1516290270857,127
379,WS_RECV_START,1516290270857,128
379,WS_RECV_END,1516290273256,128
379,PLAYER_SLEEPBEFORE_START,1516290273256,129
379,PLAYER_SLEEPBEFORE_END,1516290273276,129
379,WS_SEND_START,1516290273276,129
379,WS_SEND_END,1516290273276,129
379,WS_RECV_START,1516290273276,130
379,WS_RECV_END,1516290275931,130
379,PLAYER_SLEEPBEFORE_START,1516290275931,131
379,PLAYER_SLEEPBEFORE_END,1516290297555,131
379,WS_SEND_START,1516290297555,131
379,WS_SEND_END,1516290297555,131
379,PLAYER_SLEEPBEFORE_START,1516290297555,132
379,PLAYER_SLEEPBEFORE_END,1516290300636,132
379,WS_SEND_START,1516290300636,132
379,WS_SEND_END,1516290300636,132
379,WS_RECV_START,1516290300636,133
379,WS_RECV_END,1516290300849,133
379,PLAYER_SLEEPBEFORE_START,1516290300849,134
379,PLAYER_SLEEPBEFORE_END,1516290322066,134
379,WS_SEND_START,1516290322066,134
379,WS_SEND_END,1516290322066,134
379,PLAYER_SLEEPBEFORE_START,1516290322066,135
379,PLAYER_SLEEPBEFORE_END,1516290325256,135
379,WS_SEND_START,1516290325256,135
379,WS_SEND_END,1516290325256,135
379,WS_RECV_START,1516290325256,136
379,WS_RECV_END,1516290326399,136
379,PLAYER_SLEEPBEFORE_START,1516290326399,137
379,PLAYER_SLEEPBEFORE_END,1516290326406,137
379,WS_SEND_START,1516290326406,137
379,WS_SEND_END,1516290326406,137
379,WS_RECV_START,1516290326406,138
379,WS_RECV_END,1516290331227,138
379,PLAYER_SLEEPBEFORE_START,1516290331227,139
379,PLAYER_SLEEPBEFORE_END,1516290331917,139
379,WS_SEND_START,1516290331917,139
379,WS_SEND_END,1516290331917,139
379,WS_RECV_START,1516290331917,140
379,WS_RECV_END,1516290335642,140
379,PLAYER_SLEEPBEFORE_START,1516290335642,141
379,PLAYER_SLEEPBEFORE_END,1516290336297,141
379,WS_SEND_START,1516290336297,141
379,WS_SEND_END,1516290336297,141
379,WS_RECV_START,1516290336297,142
379,WS_RECV_END,1516290338727,142
379,PLAYER_SLEEPBEFORE_START,1516290338727,143
379,PLAYER_SLEEPBEFORE_END,1516290338784,143
379,WS_SEND_START,1516290338784,143
379,WS_SEND_END,1516290338784,143
379,WS_RECV_START,1516290338784,144
379,WS_RECV_END,1516290342523,144
379,PLAYER_SLEEPBEFORE_START,1516290342523,145
379,PLAYER_SLEEPBEFORE_END,1516290358585,145
379,REQ_START,1516290358585,145
379,REQ_END,1516290358593,145
379,PLAYER_SLEEPBEFORE_START,1516290358593,146
379,PLAYER_SLEEPBEFORE_END,1516290367470,146
379,WS_SEND_START,1516290367470,146
379,WS_SEND_END,1516290367470,146
379,WS_RECV_START,1516290367470,147
379,WS_RECV_END,1516290373302,147
379,PLAYER_SLEEPBEFORE_START,1516290373302,148
379,PLAYER_SLEEPBEFORE_END,1516290395224,148
379,WS_SEND_START,1516290395224,148
379,WS_SEND_END,1516290395224,148
379,PLAYER_SLEEPBEFORE_START,1516290395224,149
379,PLAYER_SLEEPBEFORE_END,1516290397652,149
379,WS_SEND_START,1516290397652,149
379,WS_SEND_END,1516290397652,149
379,WS_RECV_START,1516290397652,150
379,WS_RECV_END,1516290399067,150
379,PLAYER_SLEEPBEFORE_START,1516290399067,151
379,PLAYER_SLEEPBEFORE_END,1516290399278,151
379,WS_SEND_START,1516290399278,151
379,WS_SEND_END,1516290399278,151
379,WS_RECV_START,1516290399278,152
379,WS_RECV_END,1516290401767,152
379,PLAYER_SLEEPBEFORE_START,1516290401767,153
379,PLAYER_SLEEPBEFORE_END,1516290425694,153
379,WS_SEND_START,1516290425694,153
379,WS_SEND_END,1516290425694,153
379,WS_RECV_START,1516290425694,154
379,WS_RECV_END,1516290431231,154
379,PLAYER_SLEEPBEFORE_START,1516290431231,155
379,PLAYER_SLEEPBEFORE_END,1516290453789,155
379,WS_SEND_START,1516290453789,155
379,WS_SEND_END,1516290453789,155
379,PLAYER_SLEEPBEFORE_START,1516290453789,156
379,PLAYER_SLEEPBEFORE_END,1516290457063,156
379,WS_SEND_START,1516290457063,156
379,WS_SEND_END,1516290457063,156
379,WS_RECV_START,1516290457063,157
379,WS_RECV_END,1516290459789,157
379,PLAYER_SLEEPBEFORE_START,1516290459789,158
379,PLAYER_SLEEPBEFORE_END,1516290459799,158
379,WS_SEND_START,1516290459799,158
379,WS_SEND_END,1516290459799,158
379,WS_RECV_START,1516290459799,159
379,WS_RECV_END,1516290463329,159
379,PLAYER_SLEEPBEFORE_START,1516290463329,160
379,PLAYER_SLEEPBEFORE_END,1516290463504,160
379,WS_SEND_START,1516290463504,160
379,WS_SEND_END,1516290463504,160
379,WS_RECV_START,1516290463504,161
379,WS_RECV_END,1516290467958,161
379,PLAYER_SLEEPBEFORE_START,1516290467958,162
379,PLAYER_SLEEPBEFORE_END,1516290467983,162
379,WS_SEND_START,1516290467983,162
379,WS_SEND_END,1516290467984,162
379,WS_RECV_START,1516290467984,163
379,WS_RECV_END,1516290473446,163
379,PLAYER_SLEEPBEFORE_START,1516290473446,164
379,PLAYER_SLEEPBEFORE_END,1516290494258,164
379,WS_SEND_START,1516290494258,164
379,WS_SEND_END,1516290494258,164
379,WS_RECV_START,1516290494258,165
379,WS_RECV_END,1516290502856,165
379,PLAYER_SLEEPBEFORE_START,1516290502856,166
379,PLAYER_SLEEPBEFORE_END,1516290525312,166
379,WS_SEND_START,1516290525312,166
379,WS_SEND_END,1516290525312,166
379,WS_RECV_START,1516290525312,167
379,WS_RECV_END,1516290536429,167
379,PLAYER_SLEEPBEFORE_START,1516290536429,168
379,PLAYER_SLEEPBEFORE_END,1516290563786,168
379,WS_SEND_START,1516290563786,168
379,WS_SEND_END,1516290563786,168
379,WS_RECV_START,1516290563786,169
379,WS_RECV_END,1516290572750,169
379,PLAYER_SLEEPBEFORE_START,1516290572751,170
379,PLAYER_SLEEPBEFORE_END,1516290572760,170
379,WS_SEND_START,1516290572760,170
379,WS_SEND_END,1516290572760,170
379,WS_RECV_START,1516290572760,171
379,WS_RECV_END,1516290576841,171
379,PLAYER_SLEEPBEFORE_START,1516290576841,172
379,PLAYER_SLEEPBEFORE_END,1516290577211,172
379,WS_SEND_START,1516290577211,172
379,WS_SEND_END,1516290577211,172
379,WS_RECV_START,1516290577211,173
379,WS_RECV_END,1516290581199,173
379,PLAYER_SLEEPBEFORE_START,1516290581199,174
379,PLAYER_SLEEPBEFORE_END,1516290581241,174
379,WS_SEND_START,1516290581241,174
379,WS_SEND_END,1516290581241,174
379,WS_RECV_START,1516290581241,175
379,WS_RECV_END,1516290585513,175
379,PLAYER_SLEEPBEFORE_START,1516290585513,176
379,PLAYER_SLEEPBEFORE_END,1516290607281,176
379,WS_SEND_START,1516290607281,176
379,WS_SEND_END,1516290607281,176
379,PLAYER_SLEEPBEFORE_START,1516290607281,177
379,PLAYER_SLEEPBEFORE_END,1516290609800,177
379,WS_SEND_START,1516290609800,177
379,WS_SEND_END,1516290609800,177
379,WS_RECV_START,1516290609800,178
379,WS_RECV_END,1516290612810,178
379,PLAYER_SLEEPBEFORE_START,1516290612810,179
379,PLAYER_SLEEPBEFORE_END,1516290635150,179
379,WS_SEND_START,1516290635150,179
379,WS_SEND_END,1516290635150,179
379,WS_RECV_START,1516290635150,180
379,WS_RECV_END,1516290637508,180
379,PLAYER_SLEEPBEFORE_START,1516290637508,181
379,PLAYER_SLEEPBEFORE_END,1516290637952,181
379,WS_SEND_START,1516290637952,181
379,WS_SEND_END,1516290637952,181
379,WS_RECV_START,1516290637952,182
379,WS_RECV_END,1516290640766,182
379,PLAYER_SLEEPBEFORE_START,1516290640766,183
379,PLAYER_SLEEPBEFORE_END,1516290641289,183
379,WS_SEND_START,1516290641289,183
379,WS_SEND_END,1516290641289,183
379,WS_RECV_START,1516290641289,184
379,WS_RECV_END,1516290642863,184
379,PLAYER_SLEEPBEFORE_START,1516290642863,185
379,PLAYER_SLEEPBEFORE_END,1516290643131,185
379,WS_SEND_START,1516290643131,185
379,WS_SEND_END,1516290643131,185
379,WS_RECV_START,1516290643131,186
379,WS_RECV_END,1516290644496,186
379,PLAYER_SLEEPBEFORE_START,1516290644496,187
379,PLAYER_SLEEPBEFORE_END,1516290666996,187
379,WS_SEND_START,1516290666997,187
379,WS_SEND_END,1516290666997,187
379,WS_RECV_START,1516290666997,188
379,WS_RECV_END,1516290669577,188
379,PLAYER_SLEEPBEFORE_START,1516290669577,189
379,PLAYER_SLEEPBEFORE_END,1516290675817,189
379,WS_SEND_START,1516290675817,189
379,WS_SEND_END,1516290675817,189
379,WS_RECV_START,1516290675817,190
379,WS_RECV_END,1516290676839,190
379,PLAYER_SLEEPBEFORE_START,1516290676839,191
379,PLAYER_SLEEPBEFORE_END,1516290678754,191
379,WS_SEND_START,1516290678754,191
379,WS_SEND_END,1516290678754,191
379,WS_RECV_START,1516290678754,192
379,WS_RECV_END,1516290680098,192
379,PLAYER_SLEEPBEFORE_START,1516290680098,193
379,PLAYER_SLEEPBEFORE_END,1516290680226,193
379,WS_SEND_START,1516290680226,193
379,WS_SEND_END,1516290680226,193
379,WS_RECV_START,1516290680226,194
379,WS_RECV_END,1516290680583,194
379,PLAYER_SLEEPBEFORE_START,1516290680583,195
379,PLAYER_SLEEPBEFORE_END,1516290682338,195
379,WS_SEND_START,1516290682338,195
379,WS_SEND_END,1516290682339,195
379,WS_RECV_START,1516290682339,196
379,WS_RECV_END,1516290683626,196
379,PLAYER_SLEEPBEFORE_START,1516290683626,197
379,PLAYER_SLEEPBEFORE_END,1516290685430,197
379,WS_SEND_START,1516290685431,197
379,WS_SEND_END,1516290685431,197
379,WS_RECV_START,1516290685431,198
379,WS_RECV_END,1516290685803,198
379,PLAYER_SLEEPBEFORE_START,1516290685803,199
379,PLAYER_SLEEPBEFORE_END,1516290697657,199
379,WS_SEND_START,1516290697657,199
379,WS_SEND_END,1516290697657,199
379,PLAYER_SLEEPBEFORE_START,1516290697657,200
379,PLAYER_SLEEPBEFORE_END,1516290701745,200
379,WS_SEND_START,1516290701745,200
379,WS_SEND_END,1516290701745,200
379,WS_RECV_START,1516290701745,201
379,WS_RECV_END,1516290702339,201
379,PLAYER_SLEEPBEFORE_START,1516290702339,202
379,PLAYER_SLEEPBEFORE_END,1516290702354,202
379,WS_SEND_START,1516290702354,202
379,WS_SEND_END,1516290702354,202
379,WS_RECV_START,1516290702354,203
379,WS_RECV_END,1516290703329,203
379,PLAYER_SLEEPBEFORE_START,1516290703329,204
379,PLAYER_SLEEPBEFORE_END,1516290722978,204
379,WS_SEND_START,1516290722978,204
379,WS_SEND_END,1516290722979,204
379,PLAYER_SLEEPBEFORE_START,1516290722979,205
379,PLAYER_SLEEPBEFORE_END,1516290726877,205
379,WS_SEND_START,1516290726877,205
379,WS_SEND_END,1516290726877,205
379,WS_RECV_START,1516290726877,206
379,WS_RECV_END,1516290727569,206
379,PLAYER_SLEEPBEFORE_START,1516290727569,207
379,PLAYER_SLEEPBEFORE_END,1516290744500,207
379,REQ_START,1516290744500,207
379,REQ_END,1516290744508,207
379,PLAYER_SLEEPBEFORE_START,1516290744508,208
379,PLAYER_SLEEPBEFORE_END,1516290751360,208
379,WS_CLOSE_START,1516290751360,208
379,WS_CLOSE_END,1516290751360,208
379,PLAYER_DONE,1516290751360
