# --sessions 720 --app-url=http://shinyloadtest.rstudioservices.com/cran_explorer --output-dir test720 --overwrite-output --log-level warn --start-interval 500 15min.log
thread_id,event,timestamp,input_line_number,comment
423,PLAYER_SESSION_CREATE,1516289462114
423,PLAYER_START_INTERVAL_START,1516289462114
423,PLAYER_START_INTERVAL_END,1516289673614
423,REQ_HOME_START,1516289673614,2
423,REQ_HOME_END,1516289674061,2
423,REQ_START,1516289674061,3
423,REQ_END,1516289674096,3
423,REQ_START,1516289674096,4
423,REQ_END,1516289674130,4
423,REQ_START,1516289674130,5
423,REQ_END,1516289674165,5
423,REQ_START,1516289674165,6
423,REQ_END,1516289674201,6
423,REQ_START,1516289674201,7
423,REQ_END,1516289674237,7
423,REQ_START,1516289674237,8
423,REQ_END,1516289674281,8
423,REQ_START,1516289674281,9
423,REQ_END,1516289674329,9
423,REQ_START,1516289674329,10
423,REQ_END,1516289674338,10
423,REQ_START,1516289674338,11
423,REQ_END,1516289674522,11
423,REQ_START,1516289674523,12
423,REQ_END,1516289674537,12
423,REQ_START,1516289674537,13
423,REQ_END,1516289674571,13
423,REQ_START,1516289674571,14
423,REQ_END,1516289674588,14
423,REQ_START,1516289674588,15
423,REQ_END,1516289675034,15
423,REQ_TOK_START,1516289675034,16
423,REQ_TOK_END,1516289675042,16
423,REQ_SINF_START,1516289675042,17
423,REQ_SINF_END,1516289675049,17
423,WS_OPEN_START,1516289675049,18
423,WS_OPEN_END,1516289675056,18
423,REQ_START,1516289675056,19
423,REQ_END,1516289675172,19
423,WS_RECV_START,1516289675172,20
423,WS_RECV_END,1516289675172,20
423,PLAYER_SLEEPBEFORE_START,1516289675172,21
423,PLAYER_SLEEPBEFORE_END,1516289675177,21
423,WS_SEND_START,1516289675177,21
423,WS_SEND_END,1516289675177,21
423,PLAYER_SLEEPBEFORE_START,1516289675177,22
423,PLAYER_SLEEPBEFORE_END,1516289675178,22
423,WS_SEND_START,1516289675178,22
423,WS_SEND_END,1516289675178,22
423,WS_RECV_INIT_START,1516289675178,23
423,WS_RECV_INIT_END,1516289675333,23
423,WS_RECV_START,1516289675333,24
423,WS_RECV_END,1516289675392,24
423,PLAYER_SLEEPBEFORE_START,1516289675392,25
423,PLAYER_SLEEPBEFORE_END,1516289675399,25
423,REQ_START,1516289675399,25
423,REQ_END,1516289675584,25
423,PLAYER_SLEEPBEFORE_START,1516289675584,26
423,PLAYER_SLEEPBEFORE_END,1516289675585,26
423,REQ_START,1516289675585,26
423,REQ_END,1516289675631,26
423,PLAYER_SLEEPBEFORE_START,1516289675631,27
423,PLAYER_SLEEPBEFORE_END,1516289675641,27
423,REQ_START,1516289675641,27
423,REQ_END,1516289675679,27
423,PLAYER_SLEEPBEFORE_START,1516289675679,28
423,PLAYER_SLEEPBEFORE_END,1516289675965,28
423,REQ_START,1516289675965,28
423,REQ_END,1516289675998,28
423,PLAYER_SLEEPBEFORE_START,1516289675998,29
423,PLAYER_SLEEPBEFORE_END,1516289676173,29
423,WS_SEND_START,1516289676173,29
423,WS_SEND_END,1516289676173,29
423,WS_RECV_START,1516289676173,30
423,WS_RECV_END,1516289676376,30
423,PLAYER_SLEEPBEFORE_START,1516289676376,31
423,PLAYER_SLEEPBEFORE_END,1516289676387,31
423,REQ_START,1516289676387,31
423,REQ_END,1516289676443,31
423,PLAYER_SLEEPBEFORE_START,1516289676443,32
423,PLAYER_SLEEPBEFORE_END,1516289704588,32
423,WS_SEND_START,1516289704588,32
423,WS_SEND_END,1516289704588,32
423,WS_RECV_START,1516289704588,33
423,WS_RECV_END,1516289704843,33
423,PLAYER_SLEEPBEFORE_START,1516289704843,34
423,PLAYER_SLEEPBEFORE_END,1516289730754,34
423,WS_SEND_START,1516289730754,34
423,WS_SEND_END,1516289730754,34
423,WS_RECV_START,1516289730754,35
423,WS_RECV_END,1516289730947,35
423,PLAYER_SLEEPBEFORE_START,1516289730947,36
423,PLAYER_SLEEPBEFORE_END,1516289730956,36
423,WS_SEND_START,1516289730956,36
423,WS_SEND_END,1516289730956,36
423,WS_RECV_START,1516289730956,37
423,WS_RECV_END,1516289731050,37
423,PLAYER_SLEEPBEFORE_START,1516289731050,38
423,PLAYER_SLEEPBEFORE_END,1516289734245,38
423,WS_SEND_START,1516289734245,38
423,WS_SEND_END,1516289734245,38
423,WS_RECV_START,1516289734245,39
423,WS_RECV_END,1516289734706,39
423,PLAYER_SLEEPBEFORE_START,1516289734706,40
423,PLAYER_SLEEPBEFORE_END,1516289734752,40
423,WS_SEND_START,1516289734752,40
423,WS_SEND_END,1516289734752,40
423,WS_RECV_START,1516289734752,41
423,WS_RECV_END,1516289735304,41
423,PLAYER_SLEEPBEFORE_START,1516289735304,42
423,PLAYER_SLEEPBEFORE_END,1516289753440,42
423,WS_SEND_START,1516289753440,42
423,WS_SEND_END,1516289753440,42
423,WS_RECV_START,1516289753440,43
423,WS_RECV_END,1516289754154,43
423,PLAYER_SLEEPBEFORE_START,1516289754154,44
423,PLAYER_SLEEPBEFORE_END,1516289754166,44
423,WS_SEND_START,1516289754166,44
423,WS_SEND_END,1516289754166,44
423,WS_RECV_START,1516289754166,45
423,WS_RECV_END,1516289754498,45
423,PLAYER_SLEEPBEFORE_START,1516289754498,46
423,PLAYER_SLEEPBEFORE_END,1516289755758,46
423,WS_SEND_START,1516289755758,46
423,WS_SEND_END,1516289755758,46
423,WS_RECV_START,1516289755758,47
423,WS_RECV_END,1516289756040,47
423,PLAYER_SLEEPBEFORE_START,1516289756040,48
423,PLAYER_SLEEPBEFORE_END,1516289757360,48
423,WS_SEND_START,1516289757360,48
423,WS_SEND_END,1516289757360,48
423,WS_RECV_START,1516289757360,49
423,WS_RECV_END,1516289757996,49
423,PLAYER_SLEEPBEFORE_START,1516289757996,50
423,PLAYER_SLEEPBEFORE_END,1516289758020,50
423,WS_SEND_START,1516289758020,50
423,WS_SEND_END,1516289758020,50
423,WS_RECV_START,1516289758020,51
423,WS_RECV_END,1516289758989,51
423,PLAYER_SLEEPBEFORE_START,1516289758989,52
423,PLAYER_SLEEPBEFORE_END,1516289781553,52
423,WS_SEND_START,1516289781553,52
423,WS_SEND_END,1516289781553,52
423,WS_RECV_START,1516289781553,53
423,WS_RECV_END,1516289782989,53
423,PLAYER_SLEEPBEFORE_START,1516289782989,54
423,PLAYER_SLEEPBEFORE_END,1516289804292,54
423,WS_SEND_START,1516289804292,54
423,WS_SEND_END,1516289804292,54
423,PLAYER_SLEEPBEFORE_START,1516289804292,55
423,PLAYER_SLEEPBEFORE_END,1516289806234,55
423,WS_SEND_START,1516289806234,55
423,WS_SEND_END,1516289806234,55
423,WS_RECV_START,1516289806234,56
423,WS_RECV_END,1516289806482,56
423,PLAYER_SLEEPBEFORE_START,1516289806482,57
423,PLAYER_SLEEPBEFORE_END,1516289829354,57
423,WS_SEND_START,1516289829354,57
423,WS_SEND_END,1516289829354,57
423,WS_RECV_START,1516289829354,58
423,WS_RECV_END,1516289831357,58
423,PLAYER_SLEEPBEFORE_START,1516289831357,59
423,PLAYER_SLEEPBEFORE_END,1516289833685,59
423,WS_SEND_START,1516289833685,59
423,WS_SEND_END,1516289833685,59
423,WS_RECV_START,1516289833685,60
423,WS_RECV_END,1516289836265,60
423,PLAYER_SLEEPBEFORE_START,1516289836265,61
423,PLAYER_SLEEPBEFORE_END,1516289839856,61
423,WS_SEND_START,1516289839856,61
423,WS_SEND_END,1516289839856,61
423,WS_RECV_START,1516289839856,62
423,WS_RECV_END,1516289843726,62
423,PLAYER_SLEEPBEFORE_START,1516289843726,63
423,PLAYER_SLEEPBEFORE_END,1516289862988,63
423,WS_SEND_START,1516289862988,63
423,WS_SEND_END,1516289862988,63
423,WS_RECV_START,1516289862988,64
423,WS_RECV_END,1516289864279,64
423,PLAYER_SLEEPBEFORE_START,1516289864279,65
423,PLAYER_SLEEPBEFORE_END,1516289891096,65
423,WS_SEND_START,1516289891096,65
423,WS_SEND_END,1516289891096,65
423,WS_RECV_START,1516289891096,66
423,WS_RECV_END,1516289893865,66
423,PLAYER_SLEEPBEFORE_START,1516289893865,67
423,PLAYER_SLEEPBEFORE_END,1516289895373,67
423,WS_SEND_START,1516289895373,67
423,WS_SEND_END,1516289895373,67
423,WS_RECV_START,1516289895373,68
423,WS_RECV_END,1516289898003,68
423,PLAYER_SLEEPBEFORE_START,1516289898003,69
423,PLAYER_SLEEPBEFORE_END,1516289920001,69
423,WS_SEND_START,1516289920001,69
423,WS_SEND_END,1516289920001,69
423,WS_RECV_START,1516289920001,70
423,WS_RECV_END,1516289921766,70
423,PLAYER_SLEEPBEFORE_START,1516289921766,71
423,PLAYER_SLEEPBEFORE_END,1516289946541,71
423,WS_SEND_START,1516289946541,71
423,WS_SEND_END,1516289946541,71
423,PLAYER_SLEEPBEFORE_START,1516289946541,72
423,PLAYER_SLEEPBEFORE_END,1516289949148,72
423,WS_SEND_START,1516289949148,72
423,WS_SEND_END,1516289949148,72
423,WS_RECV_START,1516289949148,73
423,WS_RECV_END,1516289951018,73
423,PLAYER_SLEEPBEFORE_START,1516289951018,74
423,PLAYER_SLEEPBEFORE_END,1516289951027,74
423,WS_SEND_START,1516289951027,74
423,WS_SEND_END,1516289951027,74
423,WS_RECV_START,1516289951027,75
423,WS_RECV_END,1516289952242,75
423,PLAYER_SLEEPBEFORE_START,1516289952242,76
423,PLAYER_SLEEPBEFORE_END,1516289953748,76
423,WS_SEND_START,1516289953748,76
423,WS_SEND_END,1516289953748,76
423,WS_RECV_START,1516289953748,77
423,WS_RECV_END,1516289954965,77
423,PLAYER_SLEEPBEFORE_START,1516289954965,78
423,PLAYER_SLEEPBEFORE_END,1516289955836,78
423,WS_SEND_START,1516289955836,78
423,WS_SEND_END,1516289955836,78
423,WS_RECV_START,1516289955836,79
423,WS_RECV_END,1516289957279,79
423,PLAYER_SLEEPBEFORE_START,1516289957279,80
423,PLAYER_SLEEPBEFORE_END,1516289964946,80
423,WS_SEND_START,1516289964946,80
423,WS_SEND_END,1516289964946,80
423,WS_RECV_START,1516289964946,81
423,WS_RECV_END,1516289969001,81
423,PLAYER_SLEEPBEFORE_START,1516289969001,82
423,PLAYER_SLEEPBEFORE_END,1516289970103,82
423,WS_SEND_START,1516289970103,82
423,WS_SEND_END,1516289970103,82
423,WS_RECV_START,1516289970103,83
423,WS_RECV_END,1516289974543,83
423,PLAYER_SLEEPBEFORE_START,1516289974543,84
423,PLAYER_SLEEPBEFORE_END,1516289975490,84
423,WS_SEND_START,1516289975490,84
423,WS_SEND_END,1516289975490,84
423,WS_RECV_START,1516289975490,85
423,WS_RECV_END,1516289979683,85
423,PLAYER_SLEEPBEFORE_START,1516289979683,86
423,PLAYER_SLEEPBEFORE_END,1516289983855,86
423,WS_SEND_START,1516289983855,86
423,WS_SEND_END,1516289983855,86
423,WS_RECV_START,1516289983855,87
423,WS_RECV_END,1516289987735,87
423,PLAYER_SLEEPBEFORE_START,1516289987735,88
423,PLAYER_SLEEPBEFORE_END,1516289987743,88
423,WS_SEND_START,1516289987743,88
423,WS_SEND_END,1516289987743,88
423,WS_RECV_START,1516289987743,89
423,WS_RECV_END,1516289990168,89
423,PLAYER_SLEEPBEFORE_START,1516289990168,90
423,PLAYER_SLEEPBEFORE_END,1516290017365,90
423,REQ_START,1516290017365,90
423,REQ_END,1516290017373,90
423,PLAYER_SLEEPBEFORE_START,1516290017373,91
423,PLAYER_SLEEPBEFORE_END,1516290025263,91
423,WS_SEND_START,1516290025263,91
423,WS_SEND_END,1516290025263,91
423,WS_RECV_START,1516290025263,92
423,WS_RECV_END,1516290030405,92
423,PLAYER_SLEEPBEFORE_START,1516290030405,93
423,PLAYER_SLEEPBEFORE_END,1516290030420,93
423,WS_SEND_START,1516290030420,93
423,WS_SEND_END,1516290030421,93
423,WS_RECV_START,1516290030421,94
423,WS_RECV_END,1516290033029,94
423,PLAYER_SLEEPBEFORE_START,1516290033029,95
423,PLAYER_SLEEPBEFORE_END,1516290056584,95
423,WS_SEND_START,1516290056584,95
423,WS_SEND_END,1516290056584,95
423,WS_RECV_START,1516290056584,96
423,WS_RECV_END,1516290060984,96
423,PLAYER_SLEEPBEFORE_START,1516290060984,97
423,PLAYER_SLEEPBEFORE_END,1516290083424,97
423,WS_SEND_START,1516290083424,97
423,WS_SEND_END,1516290083424,97
423,WS_RECV_START,1516290083424,98
423,WS_RECV_END,1516290086693,98
423,PLAYER_SLEEPBEFORE_START,1516290086693,99
423,PLAYER_SLEEPBEFORE_END,1516290086714,99
423,WS_SEND_START,1516290086714,99
423,WS_SEND_END,1516290086714,99
423,WS_RECV_START,1516290086714,100
423,WS_RECV_END,1516290089623,100
423,PLAYER_SLEEPBEFORE_START,1516290089623,101
423,PLAYER_SLEEPBEFORE_END,1516290113182,101
423,WS_SEND_START,1516290113182,101
423,WS_SEND_END,1516290113182,101
423,WS_RECV_START,1516290113182,102
423,WS_RECV_END,1516290118796,102
423,PLAYER_SLEEPBEFORE_START,1516290118796,103
423,PLAYER_SLEEPBEFORE_END,1516290142421,103
423,WS_SEND_START,1516290142421,103
423,WS_SEND_END,1516290142421,103
423,WS_RECV_START,1516290142421,104
423,WS_RECV_END,1516290146589,104
423,PLAYER_SLEEPBEFORE_START,1516290146589,105
423,PLAYER_SLEEPBEFORE_END,1516290171966,105
423,WS_SEND_START,1516290171966,105
423,WS_SEND_END,1516290171966,105
423,WS_RECV_START,1516290171966,106
423,WS_RECV_END,1516290177872,106
423,PLAYER_SLEEPBEFORE_START,1516290177872,107
423,PLAYER_SLEEPBEFORE_END,1516290201295,107
423,WS_SEND_START,1516290201295,107
423,WS_SEND_END,1516290201295,107
423,WS_RECV_START,1516290201295,108
423,WS_RECV_END,1516290206336,108
423,PLAYER_SLEEPBEFORE_START,1516290206336,109
423,PLAYER_SLEEPBEFORE_END,1516290206345,109
423,WS_SEND_START,1516290206345,109
423,WS_SEND_END,1516290206345,109
423,WS_RECV_START,1516290206345,110
423,WS_RECV_END,1516290209939,110
423,PLAYER_SLEEPBEFORE_START,1516290209939,111
423,PLAYER_SLEEPBEFORE_END,1516290210898,111
423,WS_SEND_START,1516290210898,111
423,WS_SEND_END,1516290210898,111
423,WS_RECV_START,1516290210898,112
423,WS_RECV_END,1516290213751,112
423,PLAYER_SLEEPBEFORE_START,1516290213751,113
423,PLAYER_SLEEPBEFORE_END,1516290214313,113
423,WS_SEND_START,1516290214313,113
423,WS_SEND_END,1516290214313,113
423,WS_RECV_START,1516290214313,114
423,WS_RECV_END,1516290217678,114
423,PLAYER_SLEEPBEFORE_START,1516290217678,115
423,PLAYER_SLEEPBEFORE_END,1516290217687,115
423,WS_SEND_START,1516290217687,115
423,WS_SEND_END,1516290217687,115
423,WS_RECV_START,1516290217687,116
423,WS_RECV_END,1516290221413,116
423,PLAYER_SLEEPBEFORE_START,1516290221413,117
423,PLAYER_SLEEPBEFORE_END,1516290241773,117
423,WS_SEND_START,1516290241773,117
423,WS_SEND_END,1516290241773,117
423,PLAYER_SLEEPBEFORE_START,1516290241773,118
423,PLAYER_SLEEPBEFORE_END,1516290245525,118
423,WS_SEND_START,1516290245525,118
423,WS_SEND_END,1516290245525,118
423,WS_RECV_START,1516290245525,119
423,WS_RECV_END,1516290247637,119
423,PLAYER_SLEEPBEFORE_START,1516290247637,120
423,PLAYER_SLEEPBEFORE_END,1516290248625,120
423,WS_SEND_START,1516290248625,120
423,WS_SEND_END,1516290248625,120
423,WS_RECV_START,1516290248625,121
423,WS_RECV_END,1516290251329,121
423,PLAYER_SLEEPBEFORE_START,1516290251329,122
423,PLAYER_SLEEPBEFORE_END,1516290252514,122
423,WS_SEND_START,1516290252514,122
423,WS_SEND_END,1516290252514,122
423,WS_RECV_START,1516290252514,123
423,WS_RECV_END,1516290255645,123
423,PLAYER_SLEEPBEFORE_START,1516290255645,124
423,PLAYER_SLEEPBEFORE_END,1516290280050,124
423,WS_SEND_START,1516290280050,124
423,WS_SEND_END,1516290280050,124
423,WS_RECV_START,1516290280050,125
423,WS_RECV_END,1516290284630,125
423,PLAYER_SLEEPBEFORE_START,1516290284630,126
423,PLAYER_SLEEPBEFORE_END,1516290305142,126
423,WS_SEND_START,1516290305142,126
423,WS_SEND_END,1516290305142,126
423,PLAYER_SLEEPBEFORE_START,1516290305142,127
423,PLAYER_SLEEPBEFORE_END,1516290308196,127
423,WS_SEND_START,1516290308196,127
423,WS_SEND_END,1516290308196,127
423,WS_RECV_START,1516290308197,128
423,WS_RECV_END,1516290311364,128
423,PLAYER_SLEEPBEFORE_START,1516290311364,129
423,PLAYER_SLEEPBEFORE_END,1516290311385,129
423,WS_SEND_START,1516290311385,129
423,WS_SEND_END,1516290311385,129
423,WS_RECV_START,1516290311385,130
423,WS_RECV_END,1516290313731,130
423,PLAYER_SLEEPBEFORE_START,1516290313731,131
423,PLAYER_SLEEPBEFORE_END,1516290335355,131
423,WS_SEND_START,1516290335355,131
423,WS_SEND_END,1516290335356,131
423,PLAYER_SLEEPBEFORE_START,1516290335356,132
423,PLAYER_SLEEPBEFORE_END,1516290338436,132
423,WS_SEND_START,1516290338436,132
423,WS_SEND_END,1516290338436,132
423,WS_RECV_START,1516290338436,133
423,WS_RECV_END,1516290343167,133
423,PLAYER_SLEEPBEFORE_START,1516290343167,134
423,PLAYER_SLEEPBEFORE_END,1516290364384,134
423,WS_SEND_START,1516290364384,134
423,WS_SEND_END,1516290364384,134
423,PLAYER_SLEEPBEFORE_START,1516290364384,135
423,PLAYER_SLEEPBEFORE_END,1516290367574,135
423,WS_SEND_START,1516290367574,135
423,WS_SEND_END,1516290367574,135
423,WS_RECV_START,1516290367574,136
423,WS_RECV_END,1516290369749,136
423,PLAYER_SLEEPBEFORE_START,1516290369749,137
423,PLAYER_SLEEPBEFORE_END,1516290369756,137
423,WS_SEND_START,1516290369756,137
423,WS_SEND_END,1516290369756,137
423,WS_RECV_START,1516290369756,138
423,WS_RECV_END,1516290371571,138
423,PLAYER_SLEEPBEFORE_START,1516290371571,139
423,PLAYER_SLEEPBEFORE_END,1516290372261,139
423,WS_SEND_START,1516290372261,139
423,WS_SEND_END,1516290372261,139
423,WS_RECV_START,1516290372261,140
423,WS_RECV_END,1516290375791,140
423,PLAYER_SLEEPBEFORE_START,1516290375791,141
423,PLAYER_SLEEPBEFORE_END,1516290376446,141
423,WS_SEND_START,1516290376446,141
423,WS_SEND_END,1516290376446,141
423,WS_RECV_START,1516290376446,142
423,WS_RECV_END,1516290379034,142
423,PLAYER_SLEEPBEFORE_START,1516290379034,143
423,PLAYER_SLEEPBEFORE_END,1516290379091,143
423,WS_SEND_START,1516290379091,143
423,WS_SEND_END,1516290379091,143
423,WS_RECV_START,1516290379091,144
423,WS_RECV_END,1516290383950,144
423,PLAYER_SLEEPBEFORE_START,1516290383950,145
423,PLAYER_SLEEPBEFORE_END,1516290400012,145
423,REQ_START,1516290400012,145
423,REQ_END,1516290400037,145
423,PLAYER_SLEEPBEFORE_START,1516290400037,146
423,PLAYER_SLEEPBEFORE_END,1516290408914,146
423,WS_SEND_START,1516290408914,146
423,WS_SEND_END,1516290408914,146
423,WS_RECV_START,1516290408914,147
423,WS_RECV_END,1516290414846,147
423,PLAYER_SLEEPBEFORE_START,1516290414846,148
423,PLAYER_SLEEPBEFORE_END,1516290436768,148
423,WS_SEND_START,1516290436768,148
423,WS_SEND_END,1516290436768,148
423,PLAYER_SLEEPBEFORE_START,1516290436768,149
423,PLAYER_SLEEPBEFORE_END,1516290439197,149
423,WS_SEND_START,1516290439197,149
423,WS_SEND_END,1516290439197,149
423,WS_RECV_START,1516290439197,150
423,WS_RECV_END,1516290444313,150
423,PLAYER_SLEEPBEFORE_START,1516290444313,151
423,PLAYER_SLEEPBEFORE_END,1516290444523,151
423,WS_SEND_START,1516290444523,151
423,WS_SEND_END,1516290444523,151
423,WS_RECV_START,1516290444523,152
423,WS_RECV_END,1516290449072,152
423,PLAYER_SLEEPBEFORE_START,1516290449072,153
423,PLAYER_SLEEPBEFORE_END,1516290472999,153
423,WS_SEND_START,1516290472999,153
423,WS_SEND_END,1516290472999,153
423,WS_RECV_START,1516290472999,154
423,WS_RECV_END,1516290481546,154
423,PLAYER_SLEEPBEFORE_START,1516290481546,155
423,PLAYER_SLEEPBEFORE_END,1516290504104,155
423,WS_SEND_START,1516290504104,155
423,WS_SEND_END,1516290504104,155
423,PLAYER_SLEEPBEFORE_START,1516290504104,156
423,PLAYER_SLEEPBEFORE_END,1516290507379,156
423,WS_SEND_START,1516290507379,156
423,WS_SEND_END,1516290507379,156
423,WS_RECV_START,1516290507379,157
423,WS_RECV_END,1516290512509,157
423,PLAYER_SLEEPBEFORE_START,1516290512509,158
423,PLAYER_SLEEPBEFORE_END,1516290512519,158
423,WS_SEND_START,1516290512519,158
423,WS_SEND_END,1516290512519,158
423,WS_RECV_START,1516290512519,159
423,WS_RECV_END,1516290517378,159
423,PLAYER_SLEEPBEFORE_START,1516290517378,160
423,PLAYER_SLEEPBEFORE_END,1516290517553,160
423,WS_SEND_START,1516290517553,160
423,WS_SEND_END,1516290517553,160
423,WS_RECV_START,1516290517553,161
423,WS_RECV_END,1516290524221,161
423,PLAYER_SLEEPBEFORE_START,1516290524221,162
423,PLAYER_SLEEPBEFORE_END,1516290524246,162
423,WS_SEND_START,1516290524246,162
423,WS_SEND_END,1516290524246,162
423,WS_RECV_START,1516290524246,163
423,WS_RECV_END,1516290530197,163
423,PLAYER_SLEEPBEFORE_START,1516290530197,164
423,PLAYER_SLEEPBEFORE_END,1516290551009,164
423,WS_SEND_START,1516290551009,164
423,WS_SEND_END,1516290551009,164
423,WS_RECV_START,1516290551009,165
423,WS_RECV_END,1516290562532,165
423,PLAYER_SLEEPBEFORE_START,1516290562532,166
423,PLAYER_SLEEPBEFORE_END,1516290584987,166
423,WS_SEND_START,1516290584987,166
423,WS_SEND_END,1516290584987,166
423,WS_RECV_START,1516290584987,167
423,WS_RECV_END,1516290592051,167
423,PLAYER_SLEEPBEFORE_START,1516290592051,168
423,PLAYER_SLEEPBEFORE_END,1516290619408,168
423,WS_SEND_START,1516290619408,168
423,WS_SEND_END,1516290619408,168
423,WS_RECV_START,1516290619408,169
423,WS_RECV_END,1516290626075,169
423,PLAYER_SLEEPBEFORE_START,1516290626075,170
423,PLAYER_SLEEPBEFORE_END,1516290626084,170
423,WS_SEND_START,1516290626084,170
423,WS_SEND_END,1516290626084,170
423,WS_RECV_START,1516290626084,171
423,WS_RECV_END,1516290629601,171
423,PLAYER_SLEEPBEFORE_START,1516290629601,172
423,PLAYER_SLEEPBEFORE_END,1516290629970,172
423,WS_SEND_START,1516290629970,172
423,WS_SEND_END,1516290629970,172
423,WS_RECV_START,1516290629970,173
423,WS_RECV_END,1516290633680,173
423,PLAYER_SLEEPBEFORE_START,1516290633680,174
423,PLAYER_SLEEPBEFORE_END,1516290633721,174
423,WS_SEND_START,1516290633721,174
423,WS_SEND_END,1516290633721,174
423,WS_RECV_START,1516290633721,175
423,WS_RECV_END,1516290637461,175
423,PLAYER_SLEEPBEFORE_START,1516290637461,176
423,PLAYER_SLEEPBEFORE_END,1516290659222,176
423,WS_SEND_START,1516290659222,176
423,WS_SEND_END,1516290659222,176
423,PLAYER_SLEEPBEFORE_START,1516290659222,177
423,PLAYER_SLEEPBEFORE_END,1516290661740,177
423,WS_SEND_START,1516290661741,177
423,WS_SEND_END,1516290661741,177
423,WS_RECV_START,1516290661741,178
423,WS_RECV_END,1516290664460,178
423,PLAYER_SLEEPBEFORE_START,1516290664460,179
423,PLAYER_SLEEPBEFORE_END,1516290686800,179
423,WS_SEND_START,1516290686800,179
423,WS_SEND_END,1516290686800,179
423,WS_RECV_START,1516290686800,180
423,WS_RECV_END,1516290690715,180
423,PLAYER_SLEEPBEFORE_START,1516290690715,181
423,PLAYER_SLEEPBEFORE_END,1516290691159,181
423,WS_SEND_START,1516290691159,181
423,WS_SEND_END,1516290691159,181
423,WS_RECV_START,1516290691159,182
423,WS_RECV_END,1516290692353,182
423,PLAYER_SLEEPBEFORE_START,1516290692353,183
423,PLAYER_SLEEPBEFORE_END,1516290692876,183
423,WS_SEND_START,1516290692876,183
423,WS_SEND_END,1516290692876,183
423,WS_RECV_START,1516290692876,184
423,WS_RECV_END,1516290694634,184
423,PLAYER_SLEEPBEFORE_START,1516290694634,185
423,PLAYER_SLEEPBEFORE_END,1516290694902,185
423,WS_SEND_START,1516290694902,185
423,WS_SEND_END,1516290694902,185
423,WS_RECV_START,1516290694902,186
423,WS_RECV_END,1516290696099,186
423,PLAYER_SLEEPBEFORE_START,1516290696099,187
423,PLAYER_SLEEPBEFORE_END,1516290718599,187
423,WS_SEND_START,1516290718599,187
423,WS_SEND_END,1516290718599,187
423,WS_RECV_START,1516290718599,188
423,WS_RECV_END,1516290720718,188
423,PLAYER_SLEEPBEFORE_START,1516290720718,189
423,PLAYER_SLEEPBEFORE_END,1516290726957,189
423,WS_SEND_START,1516290726957,189
423,WS_SEND_END,1516290726957,189
423,WS_RECV_START,1516290726957,190
423,WS_RECV_END,1516290727826,190
423,PLAYER_SLEEPBEFORE_START,1516290727826,191
423,PLAYER_SLEEPBEFORE_END,1516290729741,191
423,WS_SEND_START,1516290729741,191
423,WS_SEND_END,1516290729741,191
423,WS_RECV_START,1516290729741,192
423,WS_RECV_END,1516290730488,192
423,PLAYER_SLEEPBEFORE_START,1516290730488,193
423,PLAYER_SLEEPBEFORE_END,1516290730616,193
423,WS_SEND_START,1516290730616,193
423,WS_SEND_END,1516290730616,193
423,WS_RECV_START,1516290730616,194
423,WS_RECV_END,1516290731282,194
423,PLAYER_SLEEPBEFORE_START,1516290731282,195
423,PLAYER_SLEEPBEFORE_END,1516290733037,195
423,WS_SEND_START,1516290733037,195
423,WS_SEND_END,1516290733037,195
423,WS_RECV_START,1516290733037,196
423,WS_RECV_END,1516290733207,196
423,PLAYER_SLEEPBEFORE_START,1516290733207,197
423,PLAYER_SLEEPBEFORE_END,1516290735011,197
423,WS_SEND_START,1516290735011,197
423,WS_SEND_END,1516290735011,197
423,WS_RECV_START,1516290735011,198
423,WS_RECV_END,1516290736006,198
423,PLAYER_SLEEPBEFORE_START,1516290736006,199
423,PLAYER_SLEEPBEFORE_END,1516290747860,199
423,WS_SEND_START,1516290747860,199
423,WS_SEND_END,1516290747860,199
423,PLAYER_SLEEPBEFORE_START,1516290747860,200
423,PLAYER_SLEEPBEFORE_END,1516290751948,200
423,WS_SEND_START,1516290751948,200
423,WS_SEND_END,1516290751948,200
423,WS_RECV_START,1516290751948,201
423,WS_RECV_END,1516290752367,201
423,PLAYER_SLEEPBEFORE_START,1516290752367,202
423,PLAYER_SLEEPBEFORE_END,1516290752382,202
423,WS_SEND_START,1516290752382,202
423,WS_SEND_END,1516290752382,202
423,WS_RECV_START,1516290752382,203
423,WS_RECV_END,1516290752719,203
423,PLAYER_SLEEPBEFORE_START,1516290752719,204
423,PLAYER_SLEEPBEFORE_END,1516290772368,204
423,WS_SEND_START,1516290772368,204
423,WS_SEND_END,1516290772368,204
423,PLAYER_SLEEPBEFORE_START,1516290772368,205
423,PLAYER_SLEEPBEFORE_END,1516290776267,205
423,WS_SEND_START,1516290776267,205
423,WS_SEND_END,1516290776267,205
423,WS_RECV_START,1516290776267,206
423,WS_RECV_END,1516290776451,206
423,PLAYER_SLEEPBEFORE_START,1516290776451,207
423,PLAYER_SLEEPBEFORE_END,1516290793382,207
423,REQ_START,1516290793382,207
423,REQ_END,1516290793391,207
423,PLAYER_SLEEPBEFORE_START,1516290793391,208
423,PLAYER_SLEEPBEFORE_END,1516290800243,208
423,WS_CLOSE_START,1516290800243,208
423,WS_CLOSE_END,1516290800243,208
423,PLAYER_DONE,1516290800243
