# --sessions 720 --app-url=http://shinyloadtest.rstudioservices.com/cran_explorer --output-dir test720 --overwrite-output --log-level warn --start-interval 500 15min.log
thread_id,event,timestamp,input_line_number,comment
428,PLAYER_SESSION_CREATE,1516289462115
428,PLAYER_START_INTERVAL_START,1516289462115
428,PLAYER_START_INTERVAL_END,1516289676115
428,REQ_HOME_START,1516289676115,2
428,REQ_HOME_END,1516289676252,2
428,REQ_START,1516289676252,3
428,REQ_END,1516289676413,3
428,REQ_START,1516289676413,4
428,REQ_END,1516289676467,4
428,REQ_START,1516289676467,5
428,REQ_END,1516289676506,5
428,REQ_START,1516289676506,6
428,REQ_END,1516289676550,6
428,REQ_START,1516289676550,7
428,REQ_END,1516289676581,7
428,REQ_START,1516289676581,8
428,REQ_END,1516289676627,8
428,REQ_START,1516289676627,9
428,REQ_END,1516289676671,9
428,REQ_START,1516289676671,10
428,REQ_END,1516289676683,10
428,REQ_START,1516289676683,11
428,REQ_END,1516289676723,11
428,REQ_START,1516289676723,12
428,REQ_END,1516289676733,12
428,REQ_START,1516289676733,13
428,REQ_END,1516289676766,13
428,REQ_START,1516289676766,14
428,REQ_END,1516289676782,14
428,REQ_START,1516289676782,15
428,REQ_END,1516289676818,15
428,REQ_TOK_START,1516289676818,16
428,REQ_TOK_END,1516289676825,16
428,REQ_SINF_START,1516289676825,17
428,REQ_SINF_END,1516289676833,17
428,WS_OPEN_START,1516289676833,18
428,WS_OPEN_END,1516289676839,18
428,REQ_START,1516289676839,19
428,REQ_END,1516289677108,19
428,WS_RECV_START,1516289677108,20
428,WS_RECV_END,1516289677108,20
428,PLAYER_SLEEPBEFORE_START,1516289677108,21
428,PLAYER_SLEEPBEFORE_END,1516289677113,21
428,WS_SEND_START,1516289677113,21
428,WS_SEND_END,1516289677113,21
428,PLAYER_SLEEPBEFORE_START,1516289677113,22
428,PLAYER_SLEEPBEFORE_END,1516289677114,22
428,WS_SEND_START,1516289677114,22
428,WS_SEND_END,1516289677114,22
428,WS_RECV_INIT_START,1516289677114,23
428,WS_RECV_INIT_END,1516289677279,23
428,WS_RECV_START,1516289677279,24
428,WS_RECV_END,1516289677336,24
428,PLAYER_SLEEPBEFORE_START,1516289677336,25
428,PLAYER_SLEEPBEFORE_END,1516289677343,25
428,REQ_START,1516289677343,25
428,REQ_END,1516289677378,25
428,PLAYER_SLEEPBEFORE_START,1516289677378,26
428,PLAYER_SLEEPBEFORE_END,1516289677379,26
428,REQ_START,1516289677379,26
428,REQ_END,1516289677411,26
428,PLAYER_SLEEPBEFORE_START,1516289677411,27
428,PLAYER_SLEEPBEFORE_END,1516289677414,27
428,REQ_START,1516289677414,27
428,REQ_END,1516289677447,27
428,PLAYER_SLEEPBEFORE_START,1516289677447,28
428,PLAYER_SLEEPBEFORE_END,1516289677732,28
428,REQ_START,1516289677732,28
428,REQ_END,1516289677764,28
428,PLAYER_SLEEPBEFORE_START,1516289677764,29
428,PLAYER_SLEEPBEFORE_END,1516289677940,29
428,WS_SEND_START,1516289677940,29
428,WS_SEND_END,1516289677940,29
428,WS_RECV_START,1516289677940,30
428,WS_RECV_END,1516289678161,30
428,PLAYER_SLEEPBEFORE_START,1516289678161,31
428,PLAYER_SLEEPBEFORE_END,1516289678172,31
428,REQ_START,1516289678172,31
428,REQ_END,1516289678356,31
428,PLAYER_SLEEPBEFORE_START,1516289678356,32
428,PLAYER_SLEEPBEFORE_END,1516289706501,32
428,WS_SEND_START,1516289706501,32
428,WS_SEND_END,1516289706501,32
428,WS_RECV_START,1516289706501,33
428,WS_RECV_END,1516289706648,33
428,PLAYER_SLEEPBEFORE_START,1516289706648,34
428,PLAYER_SLEEPBEFORE_END,1516289732560,34
428,WS_SEND_START,1516289732560,34
428,WS_SEND_END,1516289732560,34
428,WS_RECV_START,1516289732560,35
428,WS_RECV_END,1516289732818,35
428,PLAYER_SLEEPBEFORE_START,1516289732818,36
428,PLAYER_SLEEPBEFORE_END,1516289732827,36
428,WS_SEND_START,1516289732827,36
428,WS_SEND_END,1516289732827,36
428,WS_RECV_START,1516289732827,37
428,WS_RECV_END,1516289732902,37
428,PLAYER_SLEEPBEFORE_START,1516289732902,38
428,PLAYER_SLEEPBEFORE_END,1516289736097,38
428,WS_SEND_START,1516289736097,38
428,WS_SEND_END,1516289736097,38
428,WS_RECV_START,1516289736097,39
428,WS_RECV_END,1516289736372,39
428,PLAYER_SLEEPBEFORE_START,1516289736372,40
428,PLAYER_SLEEPBEFORE_END,1516289736419,40
428,WS_SEND_START,1516289736419,40
428,WS_SEND_END,1516289736419,40
428,WS_RECV_START,1516289736419,41
428,WS_RECV_END,1516289736642,41
428,PLAYER_SLEEPBEFORE_START,1516289736642,42
428,PLAYER_SLEEPBEFORE_END,1516289754777,42
428,WS_SEND_START,1516289754777,42
428,WS_SEND_END,1516289754777,42
428,WS_RECV_START,1516289754777,43
428,WS_RECV_END,1516289755239,43
428,PLAYER_SLEEPBEFORE_START,1516289755239,44
428,PLAYER_SLEEPBEFORE_END,1516289755251,44
428,WS_SEND_START,1516289755251,44
428,WS_SEND_END,1516289755251,44
428,WS_RECV_START,1516289755251,45
428,WS_RECV_END,1516289755562,45
428,PLAYER_SLEEPBEFORE_START,1516289755562,46
428,PLAYER_SLEEPBEFORE_END,1516289756822,46
428,WS_SEND_START,1516289756822,46
428,WS_SEND_END,1516289756822,46
428,WS_RECV_START,1516289756822,47
428,WS_RECV_END,1516289757104,47
428,PLAYER_SLEEPBEFORE_START,1516289757104,48
428,PLAYER_SLEEPBEFORE_END,1516289758424,48
428,WS_SEND_START,1516289758424,48
428,WS_SEND_END,1516289758424,48
428,WS_RECV_START,1516289758424,49
428,WS_RECV_END,1516289759844,49
428,PLAYER_SLEEPBEFORE_START,1516289759844,50
428,PLAYER_SLEEPBEFORE_END,1516289759868,50
428,WS_SEND_START,1516289759868,50
428,WS_SEND_END,1516289759868,50
428,WS_RECV_START,1516289759868,51
428,WS_RECV_END,1516289760160,51
428,PLAYER_SLEEPBEFORE_START,1516289760160,52
428,PLAYER_SLEEPBEFORE_END,1516289782724,52
428,WS_SEND_START,1516289782724,52
428,WS_SEND_END,1516289782724,52
428,WS_RECV_START,1516289782724,53
428,WS_RECV_END,1516289783879,53
428,PLAYER_SLEEPBEFORE_START,1516289783879,54
428,PLAYER_SLEEPBEFORE_END,1516289805182,54
428,WS_SEND_START,1516289805182,54
428,WS_SEND_END,1516289805182,54
428,PLAYER_SLEEPBEFORE_START,1516289805182,55
428,PLAYER_SLEEPBEFORE_END,1516289807123,55
428,WS_SEND_START,1516289807123,55
428,WS_SEND_END,1516289807123,55
428,WS_RECV_START,1516289807123,56
428,WS_RECV_END,1516289807316,56
428,PLAYER_SLEEPBEFORE_START,1516289807316,57
428,PLAYER_SLEEPBEFORE_END,1516289830188,57
428,WS_SEND_START,1516289830188,57
428,WS_SEND_END,1516289830188,57
428,WS_RECV_START,1516289830188,58
428,WS_RECV_END,1516289832893,58
428,PLAYER_SLEEPBEFORE_START,1516289832893,59
428,PLAYER_SLEEPBEFORE_END,1516289835220,59
428,WS_SEND_START,1516289835220,59
428,WS_SEND_END,1516289835220,59
428,WS_RECV_START,1516289835220,60
428,WS_RECV_END,1516289838693,60
428,PLAYER_SLEEPBEFORE_START,1516289838693,61
428,PLAYER_SLEEPBEFORE_END,1516289842284,61
428,WS_SEND_START,1516289842284,61
428,WS_SEND_END,1516289842284,61
428,WS_RECV_START,1516289842284,62
428,WS_RECV_END,1516289844971,62
428,PLAYER_SLEEPBEFORE_START,1516289844972,63
428,PLAYER_SLEEPBEFORE_END,1516289864234,63
428,WS_SEND_START,1516289864234,63
428,WS_SEND_END,1516289864234,63
428,WS_RECV_START,1516289864234,64
428,WS_RECV_END,1516289865823,64
428,PLAYER_SLEEPBEFORE_START,1516289865823,65
428,PLAYER_SLEEPBEFORE_END,1516289892640,65
428,WS_SEND_START,1516289892640,65
428,WS_SEND_END,1516289892640,65
428,WS_RECV_START,1516289892640,66
428,WS_RECV_END,1516289894893,66
428,PLAYER_SLEEPBEFORE_START,1516289894893,67
428,PLAYER_SLEEPBEFORE_END,1516289896400,67
428,WS_SEND_START,1516289896400,67
428,WS_SEND_END,1516289896400,67
428,WS_RECV_START,1516289896400,68
428,WS_RECV_END,1516289899368,68
428,PLAYER_SLEEPBEFORE_START,1516289899368,69
428,PLAYER_SLEEPBEFORE_END,1516289921367,69
428,WS_SEND_START,1516289921367,69
428,WS_SEND_END,1516289921367,69
428,WS_RECV_START,1516289921367,70
428,WS_RECV_END,1516289923753,70
428,PLAYER_SLEEPBEFORE_START,1516289923753,71
428,PLAYER_SLEEPBEFORE_END,1516289948528,71
428,WS_SEND_START,1516289948528,71
428,WS_SEND_END,1516289948528,71
428,PLAYER_SLEEPBEFORE_START,1516289948528,72
428,PLAYER_SLEEPBEFORE_END,1516289951135,72
428,WS_SEND_START,1516289951135,72
428,WS_SEND_END,1516289951135,72
428,WS_RECV_START,1516289951135,73
428,WS_RECV_END,1516289951532,73
428,PLAYER_SLEEPBEFORE_START,1516289951532,74
428,PLAYER_SLEEPBEFORE_END,1516289951541,74
428,WS_SEND_START,1516289951541,74
428,WS_SEND_END,1516289951541,74
428,WS_RECV_START,1516289951541,75
428,WS_RECV_END,1516289952286,75
428,PLAYER_SLEEPBEFORE_START,1516289952286,76
428,PLAYER_SLEEPBEFORE_END,1516289953792,76
428,WS_SEND_START,1516289953792,76
428,WS_SEND_END,1516289953792,76
428,WS_RECV_START,1516289953792,77
428,WS_RECV_END,1516289955026,77
428,PLAYER_SLEEPBEFORE_START,1516289955026,78
428,PLAYER_SLEEPBEFORE_END,1516289955894,78
428,WS_SEND_START,1516289955894,78
428,WS_SEND_END,1516289955894,78
428,WS_RECV_START,1516289955894,79
428,WS_RECV_END,1516289957344,79
428,PLAYER_SLEEPBEFORE_START,1516289957344,80
428,PLAYER_SLEEPBEFORE_END,1516289965010,80
428,WS_SEND_START,1516289965010,80
428,WS_SEND_END,1516289965010,80
428,WS_RECV_START,1516289965010,81
428,WS_RECV_END,1516289969067,81
428,PLAYER_SLEEPBEFORE_START,1516289969067,82
428,PLAYER_SLEEPBEFORE_END,1516289970169,82
428,WS_SEND_START,1516289970169,82
428,WS_SEND_END,1516289970170,82
428,WS_RECV_START,1516289970170,83
428,WS_RECV_END,1516289974605,83
428,PLAYER_SLEEPBEFORE_START,1516289974605,84
428,PLAYER_SLEEPBEFORE_END,1516289975552,84
428,WS_SEND_START,1516289975552,84
428,WS_SEND_END,1516289975552,84
428,WS_RECV_START,1516289975552,85
428,WS_RECV_END,1516289979747,85
428,PLAYER_SLEEPBEFORE_START,1516289979747,86
428,PLAYER_SLEEPBEFORE_END,1516289983919,86
428,WS_SEND_START,1516289983919,86
428,WS_SEND_END,1516289983919,86
428,WS_RECV_START,1516289983919,87
428,WS_RECV_END,1516289987892,87
428,PLAYER_SLEEPBEFORE_START,1516289987892,88
428,PLAYER_SLEEPBEFORE_END,1516289987900,88
428,WS_SEND_START,1516289987900,88
428,WS_SEND_END,1516289987900,88
428,WS_RECV_START,1516289987900,89
428,WS_RECV_END,1516289990406,89
428,PLAYER_SLEEPBEFORE_START,1516289990406,90
428,PLAYER_SLEEPBEFORE_END,1516290017603,90
428,REQ_START,1516290017603,90
428,REQ_END,1516290017611,90
428,PLAYER_SLEEPBEFORE_START,1516290017611,91
428,PLAYER_SLEEPBEFORE_END,1516290025500,91
428,WS_SEND_START,1516290025500,91
428,WS_SEND_END,1516290025500,91
428,WS_RECV_START,1516290025500,92
428,WS_RECV_END,1516290030872,92
428,PLAYER_SLEEPBEFORE_START,1516290030872,93
428,PLAYER_SLEEPBEFORE_END,1516290030887,93
428,WS_SEND_START,1516290030887,93
428,WS_SEND_END,1516290030887,93
428,WS_RECV_START,1516290030887,94
428,WS_RECV_END,1516290033237,94
428,PLAYER_SLEEPBEFORE_START,1516290033237,95
428,PLAYER_SLEEPBEFORE_END,1516290056792,95
428,WS_SEND_START,1516290056792,95
428,WS_SEND_END,1516290056792,95
428,WS_RECV_START,1516290056792,96
428,WS_RECV_END,1516290061197,96
428,PLAYER_SLEEPBEFORE_START,1516290061197,97
428,PLAYER_SLEEPBEFORE_END,1516290083637,97
428,WS_SEND_START,1516290083637,97
428,WS_SEND_END,1516290083637,97
428,WS_RECV_START,1516290083637,98
428,WS_RECV_END,1516290087250,98
428,PLAYER_SLEEPBEFORE_START,1516290087250,99
428,PLAYER_SLEEPBEFORE_END,1516290087271,99
428,WS_SEND_START,1516290087271,99
428,WS_SEND_END,1516290087271,99
428,WS_RECV_START,1516290087271,100
428,WS_RECV_END,1516290089839,100
428,PLAYER_SLEEPBEFORE_START,1516290089839,101
428,PLAYER_SLEEPBEFORE_END,1516290113398,101
428,WS_SEND_START,1516290113398,101
428,WS_SEND_END,1516290113398,101
428,WS_RECV_START,1516290113398,102
428,WS_RECV_END,1516290119248,102
428,PLAYER_SLEEPBEFORE_START,1516290119248,103
428,PLAYER_SLEEPBEFORE_END,1516290142873,103
428,WS_SEND_START,1516290142873,103
428,WS_SEND_END,1516290142873,103
428,WS_RECV_START,1516290142873,104
428,WS_RECV_END,1516290147554,104
428,PLAYER_SLEEPBEFORE_START,1516290147554,105
428,PLAYER_SLEEPBEFORE_END,1516290172931,105
428,WS_SEND_START,1516290172931,105
428,WS_SEND_END,1516290172931,105
428,WS_RECV_START,1516290172931,106
428,WS_RECV_END,1516290179004,106
428,PLAYER_SLEEPBEFORE_START,1516290179004,107
428,PLAYER_SLEEPBEFORE_END,1516290202427,107
428,WS_SEND_START,1516290202427,107
428,WS_SEND_END,1516290202427,107
428,WS_RECV_START,1516290202428,108
428,WS_RECV_END,1516290207852,108
428,PLAYER_SLEEPBEFORE_START,1516290207852,109
428,PLAYER_SLEEPBEFORE_END,1516290207862,109
428,WS_SEND_START,1516290207862,109
428,WS_SEND_END,1516290207862,109
428,WS_RECV_START,1516290207862,110
428,WS_RECV_END,1516290210608,110
428,PLAYER_SLEEPBEFORE_START,1516290210608,111
428,PLAYER_SLEEPBEFORE_END,1516290211567,111
428,WS_SEND_START,1516290211567,111
428,WS_SEND_END,1516290211567,111
428,WS_RECV_START,1516290211567,112
428,WS_RECV_END,1516290213806,112
428,PLAYER_SLEEPBEFORE_START,1516290213806,113
428,PLAYER_SLEEPBEFORE_END,1516290214368,113
428,WS_SEND_START,1516290214368,113
428,WS_SEND_END,1516290214368,113
428,WS_RECV_START,1516290214368,114
428,WS_RECV_END,1516290217844,114
428,PLAYER_SLEEPBEFORE_START,1516290217844,115
428,PLAYER_SLEEPBEFORE_END,1516290217853,115
428,WS_SEND_START,1516290217853,115
428,WS_SEND_END,1516290217853,115
428,WS_RECV_START,1516290217853,116
428,WS_RECV_END,1516290221627,116
428,PLAYER_SLEEPBEFORE_START,1516290221627,117
428,PLAYER_SLEEPBEFORE_END,1516290241987,117
428,WS_SEND_START,1516290241987,117
428,WS_SEND_END,1516290241987,117
428,PLAYER_SLEEPBEFORE_START,1516290241987,118
428,PLAYER_SLEEPBEFORE_END,1516290245739,118
428,WS_SEND_START,1516290245739,118
428,WS_SEND_END,1516290245739,118
428,WS_RECV_START,1516290245739,119
428,WS_RECV_END,1516290247853,119
428,PLAYER_SLEEPBEFORE_START,1516290247853,120
428,PLAYER_SLEEPBEFORE_END,1516290248841,120
428,WS_SEND_START,1516290248841,120
428,WS_SEND_END,1516290248841,120
428,WS_RECV_START,1516290248841,121
428,WS_RECV_END,1516290251508,121
428,PLAYER_SLEEPBEFORE_START,1516290251508,122
428,PLAYER_SLEEPBEFORE_END,1516290252693,122
428,WS_SEND_START,1516290252693,122
428,WS_SEND_END,1516290252693,122
428,WS_RECV_START,1516290252693,123
428,WS_RECV_END,1516290255837,123
428,PLAYER_SLEEPBEFORE_START,1516290255837,124
428,PLAYER_SLEEPBEFORE_END,1516290280242,124
428,WS_SEND_START,1516290280242,124
428,WS_SEND_END,1516290280242,124
428,WS_RECV_START,1516290280242,125
428,WS_RECV_END,1516290285042,125
428,PLAYER_SLEEPBEFORE_START,1516290285042,126
428,PLAYER_SLEEPBEFORE_END,1516290305554,126
428,WS_SEND_START,1516290305554,126
428,WS_SEND_END,1516290305555,126
428,PLAYER_SLEEPBEFORE_START,1516290305555,127
428,PLAYER_SLEEPBEFORE_END,1516290308609,127
428,WS_SEND_START,1516290308609,127
428,WS_SEND_END,1516290308609,127
428,WS_RECV_START,1516290308609,128
428,WS_RECV_END,1516290311687,128
428,PLAYER_SLEEPBEFORE_START,1516290311687,129
428,PLAYER_SLEEPBEFORE_END,1516290311707,129
428,WS_SEND_START,1516290311707,129
428,WS_SEND_END,1516290311707,129
428,WS_RECV_START,1516290311707,130
428,WS_RECV_END,1516290314003,130
428,PLAYER_SLEEPBEFORE_START,1516290314003,131
428,PLAYER_SLEEPBEFORE_END,1516290335627,131
428,WS_SEND_START,1516290335627,131
428,WS_SEND_END,1516290335627,131
428,PLAYER_SLEEPBEFORE_START,1516290335627,132
428,PLAYER_SLEEPBEFORE_END,1516290338707,132
428,WS_SEND_START,1516290338707,132
428,WS_SEND_END,1516290338708,132
428,WS_RECV_START,1516290338708,133
428,WS_RECV_END,1516290343638,133
428,PLAYER_SLEEPBEFORE_START,1516290343638,134
428,PLAYER_SLEEPBEFORE_END,1516290364855,134
428,WS_SEND_START,1516290364855,134
428,WS_SEND_END,1516290364855,134
428,PLAYER_SLEEPBEFORE_START,1516290364855,135
428,PLAYER_SLEEPBEFORE_END,1516290368046,135
428,WS_SEND_START,1516290368046,135
428,WS_SEND_END,1516290368046,135
428,WS_RECV_START,1516290368046,136
428,WS_RECV_END,1516290369890,136
428,PLAYER_SLEEPBEFORE_START,1516290369890,137
428,PLAYER_SLEEPBEFORE_END,1516290369897,137
428,WS_SEND_START,1516290369897,137
428,WS_SEND_END,1516290369897,137
428,WS_RECV_START,1516290369897,138
428,WS_RECV_END,1516290371615,138
428,PLAYER_SLEEPBEFORE_START,1516290371615,139
428,PLAYER_SLEEPBEFORE_END,1516290372305,139
428,WS_SEND_START,1516290372305,139
428,WS_SEND_END,1516290372305,139
428,WS_RECV_START,1516290372305,140
428,WS_RECV_END,1516290375857,140
428,PLAYER_SLEEPBEFORE_START,1516290375857,141
428,PLAYER_SLEEPBEFORE_END,1516290376513,141
428,WS_SEND_START,1516290376513,141
428,WS_SEND_END,1516290376513,141
428,WS_RECV_START,1516290376513,142
428,WS_RECV_END,1516290379248,142
428,PLAYER_SLEEPBEFORE_START,1516290379248,143
428,PLAYER_SLEEPBEFORE_END,1516290379305,143
428,WS_SEND_START,1516290379305,143
428,WS_SEND_END,1516290379305,143
428,WS_RECV_START,1516290379305,144
428,WS_RECV_END,1516290384171,144
428,PLAYER_SLEEPBEFORE_START,1516290384171,145
428,PLAYER_SLEEPBEFORE_END,1516290400233,145
428,REQ_START,1516290400233,145
428,REQ_END,1516290400240,145
428,PLAYER_SLEEPBEFORE_START,1516290400240,146
428,PLAYER_SLEEPBEFORE_END,1516290409117,146
428,WS_SEND_START,1516290409117,146
428,WS_SEND_END,1516290409117,146
428,WS_RECV_START,1516290409117,147
428,WS_RECV_END,1516290415061,147
428,PLAYER_SLEEPBEFORE_START,1516290415061,148
428,PLAYER_SLEEPBEFORE_END,1516290436984,148
428,WS_SEND_START,1516290436984,148
428,WS_SEND_END,1516290436984,148
428,PLAYER_SLEEPBEFORE_START,1516290436984,149
428,PLAYER_SLEEPBEFORE_END,1516290439412,149
428,WS_SEND_START,1516290439412,149
428,WS_SEND_END,1516290439412,149
428,WS_RECV_START,1516290439412,150
428,WS_RECV_END,1516290444771,150
428,PLAYER_SLEEPBEFORE_START,1516290444771,151
428,PLAYER_SLEEPBEFORE_END,1516290444981,151
428,WS_SEND_START,1516290444981,151
428,WS_SEND_END,1516290444981,151
428,WS_RECV_START,1516290444981,152
428,WS_RECV_END,1516290449236,152
428,PLAYER_SLEEPBEFORE_START,1516290449236,153
428,PLAYER_SLEEPBEFORE_END,1516290473163,153
428,WS_SEND_START,1516290473163,153
428,WS_SEND_END,1516290473163,153
428,WS_RECV_START,1516290473163,154
428,WS_RECV_END,1516290481764,154
428,PLAYER_SLEEPBEFORE_START,1516290481764,155
428,PLAYER_SLEEPBEFORE_END,1516290504322,155
428,WS_SEND_START,1516290504323,155
428,WS_SEND_END,1516290504323,155
428,PLAYER_SLEEPBEFORE_START,1516290504323,156
428,PLAYER_SLEEPBEFORE_END,1516290507597,156
428,WS_SEND_START,1516290507597,156
428,WS_SEND_END,1516290507597,156
428,WS_RECV_START,1516290507597,157
428,WS_RECV_END,1516290512614,157
428,PLAYER_SLEEPBEFORE_START,1516290512614,158
428,PLAYER_SLEEPBEFORE_END,1516290512624,158
428,WS_SEND_START,1516290512624,158
428,WS_SEND_END,1516290512624,158
428,WS_RECV_START,1516290512624,159
428,WS_RECV_END,1516290517442,159
428,PLAYER_SLEEPBEFORE_START,1516290517442,160
428,PLAYER_SLEEPBEFORE_END,1516290517617,160
428,WS_SEND_START,1516290517617,160
428,WS_SEND_END,1516290517617,160
428,WS_RECV_START,1516290517617,161
428,WS_RECV_END,1516290524398,161
428,PLAYER_SLEEPBEFORE_START,1516290524398,162
428,PLAYER_SLEEPBEFORE_END,1516290524423,162
428,WS_SEND_START,1516290524423,162
428,WS_SEND_END,1516290524423,162
428,WS_RECV_START,1516290524423,163
428,WS_RECV_END,1516290530449,163
428,PLAYER_SLEEPBEFORE_START,1516290530449,164
428,PLAYER_SLEEPBEFORE_END,1516290551261,164
428,WS_SEND_START,1516290551261,164
428,WS_SEND_END,1516290551261,164
428,WS_RECV_START,1516290551261,165
428,WS_RECV_END,1516290562771,165
428,PLAYER_SLEEPBEFORE_START,1516290562771,166
428,PLAYER_SLEEPBEFORE_END,1516290585226,166
428,WS_SEND_START,1516290585226,166
428,WS_SEND_END,1516290585226,166
428,WS_RECV_START,1516290585226,167
428,WS_RECV_END,1516290592268,167
428,PLAYER_SLEEPBEFORE_START,1516290592268,168
428,PLAYER_SLEEPBEFORE_END,1516290619625,168
428,WS_SEND_START,1516290619625,168
428,WS_SEND_END,1516290619625,168
428,WS_RECV_START,1516290619625,169
428,WS_RECV_END,1516290629876,169
428,PLAYER_SLEEPBEFORE_START,1516290629876,170
428,PLAYER_SLEEPBEFORE_END,1516290629885,170
428,WS_SEND_START,1516290629885,170
428,WS_SEND_END,1516290629885,170
428,WS_RECV_START,1516290629885,171
428,WS_RECV_END,1516290633709,171
428,PLAYER_SLEEPBEFORE_START,1516290633709,172
428,PLAYER_SLEEPBEFORE_END,1516290634078,172
428,WS_SEND_START,1516290634078,172
428,WS_SEND_END,1516290634078,172
428,WS_RECV_START,1516290634078,173
428,WS_RECV_END,1516290637655,173
428,PLAYER_SLEEPBEFORE_START,1516290637655,174
428,PLAYER_SLEEPBEFORE_END,1516290637697,174
428,WS_SEND_START,1516290637697,174
428,WS_SEND_END,1516290637697,174
428,WS_RECV_START,1516290637697,175
428,WS_RECV_END,1516290642456,175
428,PLAYER_SLEEPBEFORE_START,1516290642456,176
428,PLAYER_SLEEPBEFORE_END,1516290664217,176
428,WS_SEND_START,1516290664217,176
428,WS_SEND_END,1516290664217,176
428,PLAYER_SLEEPBEFORE_START,1516290664217,177
428,PLAYER_SLEEPBEFORE_END,1516290666736,177
428,WS_SEND_START,1516290666736,177
428,WS_SEND_END,1516290666736,177
428,WS_RECV_START,1516290666736,178
428,WS_RECV_END,1516290668455,178
428,PLAYER_SLEEPBEFORE_START,1516290668455,179
428,PLAYER_SLEEPBEFORE_END,1516290690795,179
428,WS_SEND_START,1516290690795,179
428,WS_SEND_END,1516290690795,179
428,WS_RECV_START,1516290690795,180
428,WS_RECV_END,1516290693958,180
428,PLAYER_SLEEPBEFORE_START,1516290693958,181
428,PLAYER_SLEEPBEFORE_END,1516290694402,181
428,WS_SEND_START,1516290694402,181
428,WS_SEND_END,1516290694402,181
428,WS_RECV_START,1516290694402,182
428,WS_RECV_END,1516290697365,182
428,PLAYER_SLEEPBEFORE_START,1516290697365,183
428,PLAYER_SLEEPBEFORE_END,1516290697888,183
428,WS_SEND_START,1516290697888,183
428,WS_SEND_END,1516290697888,183
428,WS_RECV_START,1516290697888,184
428,WS_RECV_END,1516290699018,184
428,PLAYER_SLEEPBEFORE_START,1516290699018,185
428,PLAYER_SLEEPBEFORE_END,1516290699286,185
428,WS_SEND_START,1516290699286,185
428,WS_SEND_END,1516290699286,185
428,WS_RECV_START,1516290699286,186
428,WS_RECV_END,1516290700851,186
428,PLAYER_SLEEPBEFORE_START,1516290700851,187
428,PLAYER_SLEEPBEFORE_END,1516290723351,187
428,WS_SEND_START,1516290723351,187
428,WS_SEND_END,1516290723351,187
428,WS_RECV_START,1516290723351,188
428,WS_RECV_END,1516290724432,188
428,PLAYER_SLEEPBEFORE_START,1516290724432,189
428,PLAYER_SLEEPBEFORE_END,1516290730671,189
428,WS_SEND_START,1516290730671,189
428,WS_SEND_END,1516290730671,189
428,WS_RECV_START,1516290730671,190
428,WS_RECV_END,1516290731721,190
428,PLAYER_SLEEPBEFORE_START,1516290731721,191
428,PLAYER_SLEEPBEFORE_END,1516290733637,191
428,WS_SEND_START,1516290733637,191
428,WS_SEND_END,1516290733637,191
428,WS_RECV_START,1516290733637,192
428,WS_RECV_END,1516290734744,192
428,PLAYER_SLEEPBEFORE_START,1516290734744,193
428,PLAYER_SLEEPBEFORE_END,1516290734873,193
428,WS_SEND_START,1516290734873,193
428,WS_SEND_END,1516290734873,193
428,WS_RECV_START,1516290734873,194
428,WS_RECV_END,1516290735644,194
428,PLAYER_SLEEPBEFORE_START,1516290735644,195
428,PLAYER_SLEEPBEFORE_END,1516290737400,195
428,WS_SEND_START,1516290737400,195
428,WS_SEND_END,1516290737400,195
428,WS_RECV_START,1516290737400,196
428,WS_RECV_END,1516290738308,196
428,PLAYER_SLEEPBEFORE_START,1516290738308,197
428,PLAYER_SLEEPBEFORE_END,1516290740112,197
428,WS_SEND_START,1516290740112,197
428,WS_SEND_END,1516290740112,197
428,WS_RECV_START,1516290740112,198
428,WS_RECV_END,1516290740362,198
428,PLAYER_SLEEPBEFORE_START,1516290740362,199
428,PLAYER_SLEEPBEFORE_END,1516290752216,199
428,WS_SEND_START,1516290752216,199
428,WS_SEND_END,1516290752216,199
428,PLAYER_SLEEPBEFORE_START,1516290752216,200
428,PLAYER_SLEEPBEFORE_END,1516290756304,200
428,WS_SEND_START,1516290756304,200
428,WS_SEND_END,1516290756304,200
428,WS_RECV_START,1516290756304,201
428,WS_RECV_END,1516290756531,201
428,PLAYER_SLEEPBEFORE_START,1516290756531,202
428,PLAYER_SLEEPBEFORE_END,1516290756545,202
428,WS_SEND_START,1516290756545,202
428,WS_SEND_END,1516290756545,202
428,WS_RECV_START,1516290756545,203
428,WS_RECV_END,1516290756733,203
428,PLAYER_SLEEPBEFORE_START,1516290756733,204
428,PLAYER_SLEEPBEFORE_END,1516290776382,204
428,WS_SEND_START,1516290776382,204
428,WS_SEND_END,1516290776382,204
428,PLAYER_SLEEPBEFORE_START,1516290776382,205
428,PLAYER_SLEEPBEFORE_END,1516290780280,205
428,WS_SEND_START,1516290780280,205
428,WS_SEND_END,1516290780280,205
428,WS_RECV_START,1516290780280,206
428,WS_RECV_END,1516290780397,206
428,PLAYER_SLEEPBEFORE_START,1516290780397,207
428,PLAYER_SLEEPBEFORE_END,1516290797329,207
428,REQ_START,1516290797329,207
428,REQ_END,1516290797339,207
428,PLAYER_SLEEPBEFORE_START,1516290797339,208
428,PLAYER_SLEEPBEFORE_END,1516290804191,208
428,WS_CLOSE_START,1516290804191,208
428,WS_CLOSE_END,1516290804191,208
428,PLAYER_DONE,1516290804191
