# --sessions 720 --app-url=http://shinyloadtest.rstudioservices.com/cran_explorer --output-dir test720 --overwrite-output --log-level warn --start-interval 500 15min.log
thread_id,event,timestamp,input_line_number,comment
429,PLAYER_SESSION_CREATE,1516289462115
429,PLAYER_START_INTERVAL_START,1516289462115
429,PLAYER_START_INTERVAL_END,1516289676615
429,REQ_HOME_START,1516289676615,2
429,REQ_HOME_END,1516289676722,2
429,REQ_START,1516289676722,3
429,REQ_END,1516289676757,3
429,REQ_START,1516289676757,4
429,REQ_END,1516289676792,4
429,REQ_START,1516289676792,5
429,REQ_END,1516289676831,5
429,REQ_START,1516289676831,6
429,REQ_END,1516289677055,6
429,REQ_START,1516289677055,7
429,REQ_END,1516289677090,7
429,REQ_START,1516289677090,8
429,REQ_END,1516289677155,8
429,REQ_START,1516289677155,9
429,REQ_END,1516289677197,9
429,REQ_START,1516289677197,10
429,REQ_END,1516289677206,10
429,REQ_START,1516289677206,11
429,REQ_END,1516289677247,11
429,REQ_START,1516289677247,12
429,REQ_END,1516289677257,12
429,REQ_START,1516289677257,13
429,REQ_END,1516289677379,13
429,REQ_START,1516289677379,14
429,REQ_END,1516289677393,14
429,REQ_START,1516289677393,15
429,REQ_END,1516289677427,15
429,REQ_TOK_START,1516289677427,16
429,REQ_TOK_END,1516289677435,16
429,REQ_SINF_START,1516289677435,17
429,REQ_SINF_END,1516289677443,17
429,WS_OPEN_START,1516289677443,18
429,WS_OPEN_END,1516289677450,18
429,REQ_START,1516289677450,19
429,REQ_END,1516289677495,19
429,WS_RECV_START,1516289677495,20
429,WS_RECV_END,1516289677495,20
429,PLAYER_SLEEPBEFORE_START,1516289677495,21
429,PLAYER_SLEEPBEFORE_END,1516289677501,21
429,WS_SEND_START,1516289677501,21
429,WS_SEND_END,1516289677501,21
429,PLAYER_SLEEPBEFORE_START,1516289677501,22
429,PLAYER_SLEEPBEFORE_END,1516289677502,22
429,WS_SEND_START,1516289677502,22
429,WS_SEND_END,1516289677502,22
429,WS_RECV_INIT_START,1516289677502,23
429,WS_RECV_INIT_END,1516289677519,23
429,WS_RECV_START,1516289677519,24
429,WS_RECV_END,1516289677590,24
429,PLAYER_SLEEPBEFORE_START,1516289677590,25
429,PLAYER_SLEEPBEFORE_END,1516289677597,25
429,REQ_START,1516289677597,25
429,REQ_END,1516289677638,25
429,PLAYER_SLEEPBEFORE_START,1516289677638,26
429,PLAYER_SLEEPBEFORE_END,1516289677639,26
429,REQ_START,1516289677639,26
429,REQ_END,1516289677682,26
429,PLAYER_SLEEPBEFORE_START,1516289677682,27
429,PLAYER_SLEEPBEFORE_END,1516289677685,27
429,REQ_START,1516289677685,27
429,REQ_END,1516289677722,27
429,PLAYER_SLEEPBEFORE_START,1516289677722,28
429,PLAYER_SLEEPBEFORE_END,1516289678007,28
429,REQ_START,1516289678007,28
429,REQ_END,1516289678136,28
429,PLAYER_SLEEPBEFORE_START,1516289678136,29
429,PLAYER_SLEEPBEFORE_END,1516289678312,29
429,WS_SEND_START,1516289678312,29
429,WS_SEND_END,1516289678312,29
429,WS_RECV_START,1516289678312,30
429,WS_RECV_END,1516289678475,30
429,PLAYER_SLEEPBEFORE_START,1516289678475,31
429,PLAYER_SLEEPBEFORE_END,1516289678486,31
429,REQ_START,1516289678486,31
429,REQ_END,1516289678528,31
429,PLAYER_SLEEPBEFORE_START,1516289678528,32
429,PLAYER_SLEEPBEFORE_END,1516289706673,32
429,WS_SEND_START,1516289706673,32
429,WS_SEND_END,1516289706673,32
429,WS_RECV_START,1516289706673,33
429,WS_RECV_END,1516289707015,33
429,PLAYER_SLEEPBEFORE_START,1516289707015,34
429,PLAYER_SLEEPBEFORE_END,1516289732926,34
429,WS_SEND_START,1516289732926,34
429,WS_SEND_END,1516289732927,34
429,WS_RECV_START,1516289732927,35
429,WS_RECV_END,1516289733311,35
429,PLAYER_SLEEPBEFORE_START,1516289733311,36
429,PLAYER_SLEEPBEFORE_END,1516289733320,36
429,WS_SEND_START,1516289733320,36
429,WS_SEND_END,1516289733320,36
429,WS_RECV_START,1516289733320,37
429,WS_RECV_END,1516289733374,37
429,PLAYER_SLEEPBEFORE_START,1516289733374,38
429,PLAYER_SLEEPBEFORE_END,1516289736569,38
429,WS_SEND_START,1516289736569,38
429,WS_SEND_END,1516289736569,38
429,WS_RECV_START,1516289736569,39
429,WS_RECV_END,1516289737382,39
429,PLAYER_SLEEPBEFORE_START,1516289737382,40
429,PLAYER_SLEEPBEFORE_END,1516289737428,40
429,WS_SEND_START,1516289737428,40
429,WS_SEND_END,1516289737428,40
429,WS_RECV_START,1516289737428,41
429,WS_RECV_END,1516289738430,41
429,PLAYER_SLEEPBEFORE_START,1516289738430,42
429,PLAYER_SLEEPBEFORE_END,1516289756565,42
429,WS_SEND_START,1516289756565,42
429,WS_SEND_END,1516289756565,42
429,WS_RECV_START,1516289756565,43
429,WS_RECV_END,1516289756706,43
429,PLAYER_SLEEPBEFORE_START,1516289756706,44
429,PLAYER_SLEEPBEFORE_END,1516289756718,44
429,WS_SEND_START,1516289756718,44
429,WS_SEND_END,1516289756718,44
429,WS_RECV_START,1516289756718,45
429,WS_RECV_END,1516289756817,45
429,PLAYER_SLEEPBEFORE_START,1516289756817,46
429,PLAYER_SLEEPBEFORE_END,1516289758078,46
429,WS_SEND_START,1516289758078,46
429,WS_SEND_END,1516289758078,46
429,WS_RECV_START,1516289758078,47
429,WS_RECV_END,1516289758268,47
429,PLAYER_SLEEPBEFORE_START,1516289758268,48
429,PLAYER_SLEEPBEFORE_END,1516289759588,48
429,WS_SEND_START,1516289759588,48
429,WS_SEND_END,1516289759588,48
429,WS_RECV_START,1516289759588,49
429,WS_RECV_END,1516289760415,49
429,PLAYER_SLEEPBEFORE_START,1516289760415,50
429,PLAYER_SLEEPBEFORE_END,1516289760439,50
429,WS_SEND_START,1516289760439,50
429,WS_SEND_END,1516289760439,50
429,WS_RECV_START,1516289760439,51
429,WS_RECV_END,1516289761006,51
429,PLAYER_SLEEPBEFORE_START,1516289761006,52
429,PLAYER_SLEEPBEFORE_END,1516289783570,52
429,WS_SEND_START,1516289783570,52
429,WS_SEND_END,1516289783570,52
429,WS_RECV_START,1516289783570,53
429,WS_RECV_END,1516289784593,53
429,PLAYER_SLEEPBEFORE_START,1516289784593,54
429,PLAYER_SLEEPBEFORE_END,1516289805896,54
429,WS_SEND_START,1516289805896,54
429,WS_SEND_END,1516289805896,54
429,PLAYER_SLEEPBEFORE_START,1516289805896,55
429,PLAYER_SLEEPBEFORE_END,1516289807838,55
429,WS_SEND_START,1516289807838,55
429,WS_SEND_END,1516289807838,55
429,WS_RECV_START,1516289807838,56
429,WS_RECV_END,1516289808643,56
429,PLAYER_SLEEPBEFORE_START,1516289808643,57
429,PLAYER_SLEEPBEFORE_END,1516289831515,57
429,WS_SEND_START,1516289831515,57
429,WS_SEND_END,1516289831515,57
429,WS_RECV_START,1516289831515,58
429,WS_RECV_END,1516289834368,58
429,PLAYER_SLEEPBEFORE_START,1516289834368,59
429,PLAYER_SLEEPBEFORE_END,1516289836696,59
429,WS_SEND_START,1516289836696,59
429,WS_SEND_END,1516289836696,59
429,WS_RECV_START,1516289836696,60
429,WS_RECV_END,1516289839693,60
429,PLAYER_SLEEPBEFORE_START,1516289839693,61
429,PLAYER_SLEEPBEFORE_END,1516289843284,61
429,WS_SEND_START,1516289843284,61
429,WS_SEND_END,1516289843284,61
429,WS_RECV_START,1516289843284,62
429,WS_RECV_END,1516289846222,62
429,PLAYER_SLEEPBEFORE_START,1516289846222,63
429,PLAYER_SLEEPBEFORE_END,1516289865484,63
429,WS_SEND_START,1516289865484,63
429,WS_SEND_END,1516289865484,63
429,WS_RECV_START,1516289865484,64
429,WS_RECV_END,1516289866585,64
429,PLAYER_SLEEPBEFORE_START,1516289866585,65
429,PLAYER_SLEEPBEFORE_END,1516289893402,65
429,WS_SEND_START,1516289893402,65
429,WS_SEND_END,1516289893402,65
429,WS_RECV_START,1516289893402,66
429,WS_RECV_END,1516289895407,66
429,PLAYER_SLEEPBEFORE_START,1516289895407,67
429,PLAYER_SLEEPBEFORE_END,1516289896914,67
429,WS_SEND_START,1516289896914,67
429,WS_SEND_END,1516289896914,67
429,WS_RECV_START,1516289896914,68
429,WS_RECV_END,1516289899927,68
429,PLAYER_SLEEPBEFORE_START,1516289899927,69
429,PLAYER_SLEEPBEFORE_END,1516289921925,69
429,WS_SEND_START,1516289921925,69
429,WS_SEND_END,1516289921925,69
429,WS_RECV_START,1516289921925,70
429,WS_RECV_END,1516289925223,70
429,PLAYER_SLEEPBEFORE_START,1516289925223,71
429,PLAYER_SLEEPBEFORE_END,1516289949998,71
429,WS_SEND_START,1516289949998,71
429,WS_SEND_END,1516289949998,71
429,PLAYER_SLEEPBEFORE_START,1516289949998,72
429,PLAYER_SLEEPBEFORE_END,1516289952605,72
429,WS_SEND_START,1516289952605,72
429,WS_SEND_END,1516289952605,72
429,WS_RECV_START,1516289952605,73
429,WS_RECV_END,1516289952707,73
429,PLAYER_SLEEPBEFORE_START,1516289952707,74
429,PLAYER_SLEEPBEFORE_END,1516289952716,74
429,WS_SEND_START,1516289952716,74
429,WS_SEND_END,1516289952716,74
429,WS_RECV_START,1516289952716,75
429,WS_RECV_END,1516289955054,75
429,PLAYER_SLEEPBEFORE_START,1516289955054,76
429,PLAYER_SLEEPBEFORE_END,1516289956560,76
429,WS_SEND_START,1516289956560,76
429,WS_SEND_END,1516289956560,76
429,WS_RECV_START,1516289956560,77
429,WS_RECV_END,1516289957867,77
429,PLAYER_SLEEPBEFORE_START,1516289957867,78
429,PLAYER_SLEEPBEFORE_END,1516289958735,78
429,WS_SEND_START,1516289958735,78
429,WS_SEND_END,1516289958735,78
429,WS_RECV_START,1516289958735,79
429,WS_RECV_END,1516289960928,79
429,PLAYER_SLEEPBEFORE_START,1516289960928,80
429,PLAYER_SLEEPBEFORE_END,1516289968594,80
429,WS_SEND_START,1516289968594,80
429,WS_SEND_END,1516289968594,80
429,WS_RECV_START,1516289968594,81
429,WS_RECV_END,1516289972529,81
429,PLAYER_SLEEPBEFORE_START,1516289972529,82
429,PLAYER_SLEEPBEFORE_END,1516289973631,82
429,WS_SEND_START,1516289973631,82
429,WS_SEND_END,1516289973631,82
429,WS_RECV_START,1516289973631,83
429,WS_RECV_END,1516289974788,83
429,PLAYER_SLEEPBEFORE_START,1516289974788,84
429,PLAYER_SLEEPBEFORE_END,1516289975735,84
429,WS_SEND_START,1516289975735,84
429,WS_SEND_END,1516289975735,84
429,WS_RECV_START,1516289975735,85
429,WS_RECV_END,1516289978043,85
429,PLAYER_SLEEPBEFORE_START,1516289978043,86
429,PLAYER_SLEEPBEFORE_END,1516289982215,86
429,WS_SEND_START,1516289982215,86
429,WS_SEND_END,1516289982215,86
429,WS_RECV_START,1516289982215,87
429,WS_RECV_END,1516289987579,87
429,PLAYER_SLEEPBEFORE_START,1516289987579,88
429,PLAYER_SLEEPBEFORE_END,1516289987588,88
429,WS_SEND_START,1516289987588,88
429,WS_SEND_END,1516289987588,88
429,WS_RECV_START,1516289987588,89
429,WS_RECV_END,1516289989538,89
429,PLAYER_SLEEPBEFORE_START,1516289989538,90
429,PLAYER_SLEEPBEFORE_END,1516290016735,90
429,REQ_START,1516290016735,90
429,REQ_END,1516290016743,90
429,PLAYER_SLEEPBEFORE_START,1516290016743,91
429,PLAYER_SLEEPBEFORE_END,1516290024632,91
429,WS_SEND_START,1516290024633,91
429,WS_SEND_END,1516290024633,91
429,WS_RECV_START,1516290024633,92
429,WS_RECV_END,1516290030268,92
429,PLAYER_SLEEPBEFORE_START,1516290030268,93
429,PLAYER_SLEEPBEFORE_END,1516290030284,93
429,WS_SEND_START,1516290030284,93
429,WS_SEND_END,1516290030284,93
429,WS_RECV_START,1516290030284,94
429,WS_RECV_END,1516290034658,94
429,PLAYER_SLEEPBEFORE_START,1516290034658,95
429,PLAYER_SLEEPBEFORE_END,1516290058213,95
429,WS_SEND_START,1516290058213,95
429,WS_SEND_END,1516290058213,95
429,WS_RECV_START,1516290058213,96
429,WS_RECV_END,1516290061623,96
429,PLAYER_SLEEPBEFORE_START,1516290061623,97
429,PLAYER_SLEEPBEFORE_END,1516290084063,97
429,WS_SEND_START,1516290084063,97
429,WS_SEND_END,1516290084063,97
429,WS_RECV_START,1516290084063,98
429,WS_RECV_END,1516290090134,98
429,PLAYER_SLEEPBEFORE_START,1516290090134,99
429,PLAYER_SLEEPBEFORE_END,1516290090155,99
429,WS_SEND_START,1516290090155,99
429,WS_SEND_END,1516290090155,99
429,WS_RECV_START,1516290090155,100
429,WS_RECV_END,1516290093879,100
429,PLAYER_SLEEPBEFORE_START,1516290093879,101
429,PLAYER_SLEEPBEFORE_END,1516290117438,101
429,WS_SEND_START,1516290117438,101
429,WS_SEND_END,1516290117438,101
429,WS_RECV_START,1516290117438,102
429,WS_RECV_END,1516290122041,102
429,PLAYER_SLEEPBEFORE_START,1516290122041,103
429,PLAYER_SLEEPBEFORE_END,1516290145666,103
429,WS_SEND_START,1516290145666,103
429,WS_SEND_END,1516290145666,103
429,WS_RECV_START,1516290145666,104
429,WS_RECV_END,1516290151290,104
429,PLAYER_SLEEPBEFORE_START,1516290151290,105
429,PLAYER_SLEEPBEFORE_END,1516290176667,105
429,WS_SEND_START,1516290176667,105
429,WS_SEND_END,1516290176667,105
429,WS_RECV_START,1516290176667,106
429,WS_RECV_END,1516290183569,106
429,PLAYER_SLEEPBEFORE_START,1516290183569,107
429,PLAYER_SLEEPBEFORE_END,1516290206992,107
429,WS_SEND_START,1516290206992,107
429,WS_SEND_END,1516290206992,107
429,WS_RECV_START,1516290206992,108
429,WS_RECV_END,1516290214439,108
429,PLAYER_SLEEPBEFORE_START,1516290214439,109
429,PLAYER_SLEEPBEFORE_END,1516290214448,109
429,WS_SEND_START,1516290214448,109
429,WS_SEND_END,1516290214448,109
429,WS_RECV_START,1516290214448,110
429,WS_RECV_END,1516290217170,110
429,PLAYER_SLEEPBEFORE_START,1516290217170,111
429,PLAYER_SLEEPBEFORE_END,1516290218129,111
429,WS_SEND_START,1516290218129,111
429,WS_SEND_END,1516290218129,111
429,WS_RECV_START,1516290218129,112
429,WS_RECV_END,1516290221918,112
429,PLAYER_SLEEPBEFORE_START,1516290221918,113
429,PLAYER_SLEEPBEFORE_END,1516290222480,113
429,WS_SEND_START,1516290222480,113
429,WS_SEND_END,1516290222480,113
429,WS_RECV_START,1516290222480,114
429,WS_RECV_END,1516290225583,114
429,PLAYER_SLEEPBEFORE_START,1516290225583,115
429,PLAYER_SLEEPBEFORE_END,1516290225592,115
429,WS_SEND_START,1516290225592,115
429,WS_SEND_END,1516290225593,115
429,WS_RECV_START,1516290225593,116
429,WS_RECV_END,1516290230590,116
429,PLAYER_SLEEPBEFORE_START,1516290230590,117
429,PLAYER_SLEEPBEFORE_END,1516290250950,117
429,WS_SEND_START,1516290250950,117
429,WS_SEND_END,1516290250950,117
429,PLAYER_SLEEPBEFORE_START,1516290250950,118
429,PLAYER_SLEEPBEFORE_END,1516290254702,118
429,WS_SEND_START,1516290254702,118
429,WS_SEND_END,1516290254702,118
429,WS_RECV_START,1516290254702,119
429,WS_RECV_END,1516290258613,119
429,PLAYER_SLEEPBEFORE_START,1516290258613,120
429,PLAYER_SLEEPBEFORE_END,1516290259601,120
429,WS_SEND_START,1516290259601,120
429,WS_SEND_END,1516290259601,120
429,WS_RECV_START,1516290259601,121
429,WS_RECV_END,1516290262442,121
429,PLAYER_SLEEPBEFORE_START,1516290262442,122
429,PLAYER_SLEEPBEFORE_END,1516290263627,122
429,WS_SEND_START,1516290263627,122
429,WS_SEND_END,1516290263627,122
429,WS_RECV_START,1516290263627,123
429,WS_RECV_END,1516290268189,123
429,PLAYER_SLEEPBEFORE_START,1516290268189,124
429,PLAYER_SLEEPBEFORE_END,1516290292595,124
429,WS_SEND_START,1516290292595,124
429,WS_SEND_END,1516290292595,124
429,WS_RECV_START,1516290292595,125
429,WS_RECV_END,1516290298124,125
429,PLAYER_SLEEPBEFORE_START,1516290298124,126
429,PLAYER_SLEEPBEFORE_END,1516290318636,126
429,WS_SEND_START,1516290318636,126
429,WS_SEND_END,1516290318636,126
429,PLAYER_SLEEPBEFORE_START,1516290318636,127
429,PLAYER_SLEEPBEFORE_END,1516290321690,127
429,WS_SEND_START,1516290321690,127
429,WS_SEND_END,1516290321690,127
429,WS_RECV_START,1516290321690,128
429,WS_RECV_END,1516290325097,128
429,PLAYER_SLEEPBEFORE_START,1516290325097,129
429,PLAYER_SLEEPBEFORE_END,1516290325117,129
429,WS_SEND_START,1516290325117,129
429,WS_SEND_END,1516290325117,129
429,WS_RECV_START,1516290325117,130
429,WS_RECV_END,1516290329648,130
429,PLAYER_SLEEPBEFORE_START,1516290329648,131
429,PLAYER_SLEEPBEFORE_END,1516290351272,131
429,WS_SEND_START,1516290351272,131
429,WS_SEND_END,1516290351272,131
429,PLAYER_SLEEPBEFORE_START,1516290351272,132
429,PLAYER_SLEEPBEFORE_END,1516290354352,132
429,WS_SEND_START,1516290354352,132
429,WS_SEND_END,1516290354352,132
429,WS_RECV_START,1516290354352,133
429,WS_RECV_END,1516290357862,133
429,PLAYER_SLEEPBEFORE_START,1516290357862,134
429,PLAYER_SLEEPBEFORE_END,1516290379079,134
429,WS_SEND_START,1516290379079,134
429,WS_SEND_END,1516290379079,134
429,PLAYER_SLEEPBEFORE_START,1516290379079,135
429,PLAYER_SLEEPBEFORE_END,1516290382269,135
429,WS_SEND_START,1516290382269,135
429,WS_SEND_END,1516290382269,135
429,WS_RECV_START,1516290382269,136
429,WS_RECV_END,1516290384964,136
429,PLAYER_SLEEPBEFORE_START,1516290384964,137
429,PLAYER_SLEEPBEFORE_END,1516290384971,137
429,WS_SEND_START,1516290384971,137
429,WS_SEND_END,1516290384971,137
429,WS_RECV_START,1516290384971,138
429,WS_RECV_END,1516290389251,138
429,PLAYER_SLEEPBEFORE_START,1516290389251,139
429,PLAYER_SLEEPBEFORE_END,1516290389941,139
429,WS_SEND_START,1516290389941,139
429,WS_SEND_END,1516290389941,139
429,WS_RECV_START,1516290389941,140
429,WS_RECV_END,1516290393891,140
429,PLAYER_SLEEPBEFORE_START,1516290393891,141
429,PLAYER_SLEEPBEFORE_END,1516290394546,141
429,WS_SEND_START,1516290394546,141
429,WS_SEND_END,1516290394546,141
429,WS_RECV_START,1516290394546,142
429,WS_RECV_END,1516290399488,142
429,PLAYER_SLEEPBEFORE_START,1516290399488,143
429,PLAYER_SLEEPBEFORE_END,1516290399545,143
429,WS_SEND_START,1516290399545,143
429,WS_SEND_END,1516290399545,143
429,WS_RECV_START,1516290399545,144
429,WS_RECV_END,1516290403539,144
429,PLAYER_SLEEPBEFORE_START,1516290403539,145
429,PLAYER_SLEEPBEFORE_END,1516290419601,145
429,REQ_START,1516290419601,145
429,REQ_END,1516290419610,145
429,PLAYER_SLEEPBEFORE_START,1516290419610,146
429,PLAYER_SLEEPBEFORE_END,1516290428487,146
429,WS_SEND_START,1516290428487,146
429,WS_SEND_END,1516290428487,146
429,WS_RECV_START,1516290428487,147
429,WS_RECV_END,1516290434861,147
429,PLAYER_SLEEPBEFORE_START,1516290434861,148
429,PLAYER_SLEEPBEFORE_END,1516290456783,148
429,WS_SEND_START,1516290456783,148
429,WS_SEND_END,1516290456783,148
429,PLAYER_SLEEPBEFORE_START,1516290456783,149
429,PLAYER_SLEEPBEFORE_END,1516290459211,149
429,WS_SEND_START,1516290459211,149
429,WS_SEND_END,1516290459211,149
429,WS_RECV_START,1516290459211,150
429,WS_RECV_END,1516290466426,150
429,PLAYER_SLEEPBEFORE_START,1516290466426,151
429,PLAYER_SLEEPBEFORE_END,1516290466637,151
429,WS_SEND_START,1516290466637,151
429,WS_SEND_END,1516290466637,151
429,WS_RECV_START,1516290466637,152
429,WS_RECV_END,1516290471921,152
429,PLAYER_SLEEPBEFORE_START,1516290471921,153
429,PLAYER_SLEEPBEFORE_END,1516290495849,153
429,WS_SEND_START,1516290495849,153
429,WS_SEND_END,1516290495849,153
429,WS_RECV_START,1516290495849,154
429,WS_RECV_END,1516290505784,154
429,PLAYER_SLEEPBEFORE_START,1516290505784,155
429,PLAYER_SLEEPBEFORE_END,1516290528342,155
429,WS_SEND_START,1516290528342,155
429,WS_SEND_END,1516290528342,155
429,PLAYER_SLEEPBEFORE_START,1516290528342,156
429,PLAYER_SLEEPBEFORE_END,1516290531617,156
429,WS_SEND_START,1516290531617,156
429,WS_SEND_END,1516290531617,156
429,WS_RECV_START,1516290531617,157
429,WS_RECV_END,1516290535615,157
429,PLAYER_SLEEPBEFORE_START,1516290535615,158
429,PLAYER_SLEEPBEFORE_END,1516290535625,158
429,WS_SEND_START,1516290535625,158
429,WS_SEND_END,1516290535625,158
429,WS_RECV_START,1516290535625,159
429,WS_RECV_END,1516290539741,159
429,PLAYER_SLEEPBEFORE_START,1516290539741,160
429,PLAYER_SLEEPBEFORE_END,1516290539916,160
429,WS_SEND_START,1516290539916,160
429,WS_SEND_END,1516290539916,160
429,WS_RECV_START,1516290539916,161
429,WS_RECV_END,1516290545993,161
429,PLAYER_SLEEPBEFORE_START,1516290545993,162
429,PLAYER_SLEEPBEFORE_END,1516290546018,162
429,WS_SEND_START,1516290546018,162
429,WS_SEND_END,1516290546018,162
429,WS_RECV_START,1516290546018,163
429,WS_RECV_END,1516290552618,163
429,PLAYER_SLEEPBEFORE_START,1516290552618,164
429,PLAYER_SLEEPBEFORE_END,1516290573430,164
429,WS_SEND_START,1516290573430,164
429,WS_SEND_END,1516290573430,164
429,WS_RECV_START,1516290573430,165
429,WS_RECV_END,1516290582855,165
429,PLAYER_SLEEPBEFORE_START,1516290582855,166
429,PLAYER_SLEEPBEFORE_END,1516290605310,166
429,WS_SEND_START,1516290605310,166
429,WS_SEND_END,1516290605311,166
429,WS_RECV_START,1516290605311,167
429,WS_RECV_END,1516290614388,167
429,PLAYER_SLEEPBEFORE_START,1516290614388,168
429,PLAYER_SLEEPBEFORE_END,1516290641745,168
429,WS_SEND_START,1516290641745,168
429,WS_SEND_END,1516290641745,168
429,WS_RECV_START,1516290641745,169
429,WS_RECV_END,1516290648925,169
429,PLAYER_SLEEPBEFORE_START,1516290648925,170
429,PLAYER_SLEEPBEFORE_END,1516290648934,170
429,WS_SEND_START,1516290648934,170
429,WS_SEND_END,1516290648934,170
429,WS_RECV_START,1516290648934,171
429,WS_RECV_END,1516290653409,171
429,PLAYER_SLEEPBEFORE_START,1516290653409,172
429,PLAYER_SLEEPBEFORE_END,1516290653778,172
429,WS_SEND_START,1516290653778,172
429,WS_SEND_END,1516290653778,172
429,WS_RECV_START,1516290653778,173
429,WS_RECV_END,1516290657564,173
429,PLAYER_SLEEPBEFORE_START,1516290657564,174
429,PLAYER_SLEEPBEFORE_END,1516290657605,174
429,WS_SEND_START,1516290657605,174
429,WS_SEND_END,1516290657605,174
429,WS_RECV_START,1516290657605,175
429,WS_RECV_END,1516290662314,175
429,PLAYER_SLEEPBEFORE_START,1516290662314,176
429,PLAYER_SLEEPBEFORE_END,1516290684075,176
429,WS_SEND_START,1516290684075,176
429,WS_SEND_END,1516290684075,176
429,PLAYER_SLEEPBEFORE_START,1516290684075,177
429,PLAYER_SLEEPBEFORE_END,1516290686593,177
429,WS_SEND_START,1516290686593,177
429,WS_SEND_END,1516290686593,177
429,WS_RECV_START,1516290686593,178
429,WS_RECV_END,1516290689963,178
429,PLAYER_SLEEPBEFORE_START,1516290689963,179
429,PLAYER_SLEEPBEFORE_END,1516290712303,179
429,WS_SEND_START,1516290712303,179
429,WS_SEND_END,1516290712303,179
429,WS_RECV_START,1516290712303,180
429,WS_RECV_END,1516290713844,180
429,PLAYER_SLEEPBEFORE_START,1516290713844,181
429,PLAYER_SLEEPBEFORE_END,1516290714288,181
429,WS_SEND_START,1516290714288,181
429,WS_SEND_END,1516290714288,181
429,WS_RECV_START,1516290714288,182
429,WS_RECV_END,1516290714806,182
429,PLAYER_SLEEPBEFORE_START,1516290714806,183
429,PLAYER_SLEEPBEFORE_END,1516290715329,183
429,WS_SEND_START,1516290715329,183
429,WS_SEND_END,1516290715329,183
429,WS_RECV_START,1516290715329,184
429,WS_RECV_END,1516290715616,184
429,PLAYER_SLEEPBEFORE_START,1516290715616,185
429,PLAYER_SLEEPBEFORE_END,1516290715885,185
429,WS_SEND_START,1516290715885,185
429,WS_SEND_END,1516290715885,185
429,WS_RECV_START,1516290715885,186
429,WS_RECV_END,1516290716740,186
429,PLAYER_SLEEPBEFORE_START,1516290716740,187
429,PLAYER_SLEEPBEFORE_END,1516290739241,187
429,WS_SEND_START,1516290739241,187
429,WS_SEND_END,1516290739241,187
429,WS_RECV_START,1516290739241,188
429,WS_RECV_END,1516290740001,188
429,PLAYER_SLEEPBEFORE_START,1516290740001,189
429,PLAYER_SLEEPBEFORE_END,1516290746240,189
429,WS_SEND_START,1516290746240,189
429,WS_SEND_END,1516290746240,189
429,WS_RECV_START,1516290746240,190
429,WS_RECV_END,1516290746560,190
429,PLAYER_SLEEPBEFORE_START,1516290746560,191
429,PLAYER_SLEEPBEFORE_END,1516290748475,191
429,WS_SEND_START,1516290748476,191
429,WS_SEND_END,1516290748476,191
429,WS_RECV_START,1516290748476,192
429,WS_RECV_END,1516290748613,192
429,PLAYER_SLEEPBEFORE_START,1516290748613,193
429,PLAYER_SLEEPBEFORE_END,1516290748741,193
429,WS_SEND_START,1516290748741,193
429,WS_SEND_END,1516290748741,193
429,WS_RECV_START,1516290748741,194
429,WS_RECV_END,1516290748920,194
429,PLAYER_SLEEPBEFORE_START,1516290748920,195
429,PLAYER_SLEEPBEFORE_END,1516290750675,195
429,WS_SEND_START,1516290750675,195
429,WS_SEND_END,1516290750675,195
429,WS_RECV_START,1516290750675,196
429,WS_RECV_END,1516290751172,196
429,PLAYER_SLEEPBEFORE_START,1516290751172,197
429,PLAYER_SLEEPBEFORE_END,1516290752976,197
429,WS_SEND_START,1516290752976,197
429,WS_SEND_END,1516290752976,197
429,WS_RECV_START,1516290752976,198
429,WS_RECV_END,1516290753110,198
429,PLAYER_SLEEPBEFORE_START,1516290753110,199
429,PLAYER_SLEEPBEFORE_END,1516290764965,199
429,WS_SEND_START,1516290764965,199
429,WS_SEND_END,1516290764965,199
429,PLAYER_SLEEPBEFORE_START,1516290764965,200
429,PLAYER_SLEEPBEFORE_END,1516290769053,200
429,WS_SEND_START,1516290769053,200
429,WS_SEND_END,1516290769053,200
429,WS_RECV_START,1516290769053,201
429,WS_RECV_END,1516290769697,201
429,PLAYER_SLEEPBEFORE_START,1516290769697,202
429,PLAYER_SLEEPBEFORE_END,1516290769711,202
429,WS_SEND_START,1516290769711,202
429,WS_SEND_END,1516290769711,202
429,WS_RECV_START,1516290769711,203
429,WS_RECV_END,1516290770222,203
429,PLAYER_SLEEPBEFORE_START,1516290770222,204
429,PLAYER_SLEEPBEFORE_END,1516290789871,204
429,WS_SEND_START,1516290789871,204
429,WS_SEND_END,1516290789871,204
429,PLAYER_SLEEPBEFORE_START,1516290789871,205
429,PLAYER_SLEEPBEFORE_END,1516290793770,205
429,WS_SEND_START,1516290793770,205
429,WS_SEND_END,1516290793770,205
429,WS_RECV_START,1516290793770,206
429,WS_RECV_END,1516290793945,206
429,PLAYER_SLEEPBEFORE_START,1516290793945,207
429,PLAYER_SLEEPBEFORE_END,1516290810876,207
429,REQ_START,1516290810876,207
429,REQ_END,1516290810884,207
429,PLAYER_SLEEPBEFORE_START,1516290810884,208
429,PLAYER_SLEEPBEFORE_END,1516290817736,208
429,WS_CLOSE_START,1516290817736,208
429,WS_CLOSE_END,1516290817736,208
429,PLAYER_DONE,1516290817736
