# --sessions 720 --app-url=http://shinyloadtest.rstudioservices.com/cran_explorer --output-dir test720 --overwrite-output --log-level warn --start-interval 500 15min.log
thread_id,event,timestamp,input_line_number,comment
535,PLAYER_SESSION_CREATE,1516289462150
535,PLAYER_START_INTERVAL_START,1516289462150
535,PLAYER_START_INTERVAL_END,1516289729650
535,REQ_HOME_START,1516289729650,2
535,REQ_HOME_END,1516289729894,2
535,REQ_START,1516289729894,3
535,REQ_END,1516289730141,3
535,REQ_START,1516289730141,4
535,REQ_END,1516289731333,4
535,REQ_START,1516289731333,5
535,REQ_END,1516289731748,5
535,REQ_START,1516289731748,6
535,REQ_END,1516289732116,6
535,REQ_START,1516289732116,7
535,REQ_END,1516289732152,7
535,REQ_START,1516289732152,8
535,REQ_END,1516289732189,8
535,REQ_START,1516289732189,9
535,REQ_END,1516289732226,9
535,REQ_START,1516289732226,10
535,REQ_END,1516289732234,10
535,REQ_START,1516289732234,11
535,REQ_END,1516289732274,11
535,REQ_START,1516289732274,12
535,REQ_END,1516289732285,12
535,REQ_START,1516289732285,13
535,REQ_END,1516289732323,13
535,REQ_START,1516289732323,14
535,REQ_END,1516289732341,14
535,REQ_START,1516289732341,15
535,REQ_END,1516289732399,15
535,REQ_TOK_START,1516289732399,16
535,REQ_TOK_END,1516289732407,16
535,REQ_SINF_START,1516289732407,17
535,REQ_SINF_END,1516289732415,17
535,WS_OPEN_START,1516289732415,18
535,WS_OPEN_END,1516289732422,18
535,REQ_START,1516289732422,19
535,REQ_END,1516289732620,19
535,WS_RECV_START,1516289732620,20
535,WS_RECV_END,1516289732620,20
535,PLAYER_SLEEPBEFORE_START,1516289732620,21
535,PLAYER_SLEEPBEFORE_END,1516289732625,21
535,WS_SEND_START,1516289732625,21
535,WS_SEND_END,1516289732625,21
535,PLAYER_SLEEPBEFORE_START,1516289732625,22
535,PLAYER_SLEEPBEFORE_END,1516289732626,22
535,WS_SEND_START,1516289732626,22
535,WS_SEND_END,1516289732626,22
535,WS_RECV_INIT_START,1516289732626,23
535,WS_RECV_INIT_END,1516289732649,23
535,WS_RECV_START,1516289732649,24
535,WS_RECV_END,1516289732753,24
535,PLAYER_SLEEPBEFORE_START,1516289732753,25
535,PLAYER_SLEEPBEFORE_END,1516289732761,25
535,REQ_START,1516289732761,25
535,REQ_END,1516289733010,25
535,PLAYER_SLEEPBEFORE_START,1516289733010,26
535,PLAYER_SLEEPBEFORE_END,1516289733011,26
535,REQ_START,1516289733011,26
535,REQ_END,1516289733142,26
535,PLAYER_SLEEPBEFORE_START,1516289733142,27
535,PLAYER_SLEEPBEFORE_END,1516289733145,27
535,REQ_START,1516289733145,27
535,REQ_END,1516289733183,27
535,PLAYER_SLEEPBEFORE_START,1516289733183,28
535,PLAYER_SLEEPBEFORE_END,1516289733468,28
535,REQ_START,1516289733468,28
535,REQ_END,1516289733509,28
535,PLAYER_SLEEPBEFORE_START,1516289733509,29
535,PLAYER_SLEEPBEFORE_END,1516289733684,29
535,WS_SEND_START,1516289733684,29
535,WS_SEND_END,1516289733684,29
535,WS_RECV_START,1516289733684,30
535,WS_RECV_END,1516289733961,30
535,PLAYER_SLEEPBEFORE_START,1516289733961,31
535,PLAYER_SLEEPBEFORE_END,1516289733972,31
535,REQ_START,1516289733972,31
535,REQ_END,1516289734350,31
535,PLAYER_SLEEPBEFORE_START,1516289734350,32
535,PLAYER_SLEEPBEFORE_END,1516289762496,32
535,WS_SEND_START,1516289762496,32
535,WS_SEND_END,1516289762496,32
535,WS_RECV_START,1516289762496,33
535,WS_RECV_END,1516289762711,33
535,PLAYER_SLEEPBEFORE_START,1516289762711,34
535,PLAYER_SLEEPBEFORE_END,1516289788622,34
535,WS_SEND_START,1516289788622,34
535,WS_SEND_END,1516289788622,34
535,WS_RECV_START,1516289788622,35
535,WS_RECV_END,1516289788829,35
535,PLAYER_SLEEPBEFORE_START,1516289788829,36
535,PLAYER_SLEEPBEFORE_END,1516289788838,36
535,WS_SEND_START,1516289788838,36
535,WS_SEND_END,1516289788838,36
535,WS_RECV_START,1516289788838,37
535,WS_RECV_END,1516289788945,37
535,PLAYER_SLEEPBEFORE_START,1516289788945,38
535,PLAYER_SLEEPBEFORE_END,1516289792140,38
535,WS_SEND_START,1516289792140,38
535,WS_SEND_END,1516289792140,38
535,WS_RECV_START,1516289792140,39
535,WS_RECV_END,1516289792816,39
535,PLAYER_SLEEPBEFORE_START,1516289792816,40
535,PLAYER_SLEEPBEFORE_END,1516289792862,40
535,WS_SEND_START,1516289792862,40
535,WS_SEND_END,1516289792862,40
535,WS_RECV_START,1516289792862,41
535,WS_RECV_END,1516289793451,41
535,PLAYER_SLEEPBEFORE_START,1516289793451,42
535,PLAYER_SLEEPBEFORE_END,1516289811586,42
535,WS_SEND_START,1516289811586,42
535,WS_SEND_END,1516289811586,42
535,WS_RECV_START,1516289811586,43
535,WS_RECV_END,1516289813328,43
535,PLAYER_SLEEPBEFORE_START,1516289813328,44
535,PLAYER_SLEEPBEFORE_END,1516289813340,44
535,WS_SEND_START,1516289813340,44
535,WS_SEND_END,1516289813340,44
535,WS_RECV_START,1516289813340,45
535,WS_RECV_END,1516289813906,45
535,PLAYER_SLEEPBEFORE_START,1516289813906,46
535,PLAYER_SLEEPBEFORE_END,1516289815166,46
535,WS_SEND_START,1516289815166,46
535,WS_SEND_END,1516289815166,46
535,WS_RECV_START,1516289815166,47
535,WS_RECV_END,1516289816657,47
535,PLAYER_SLEEPBEFORE_START,1516289816657,48
535,PLAYER_SLEEPBEFORE_END,1516289817977,48
535,WS_SEND_START,1516289817977,48
535,WS_SEND_END,1516289817977,48
535,WS_RECV_START,1516289817977,49
535,WS_RECV_END,1516289818844,49
535,PLAYER_SLEEPBEFORE_START,1516289818844,50
535,PLAYER_SLEEPBEFORE_END,1516289818868,50
535,WS_SEND_START,1516289818868,50
535,WS_SEND_END,1516289818868,50
535,WS_RECV_START,1516289818868,51
535,WS_RECV_END,1516289819363,51
535,PLAYER_SLEEPBEFORE_START,1516289819363,52
535,PLAYER_SLEEPBEFORE_END,1516289841927,52
535,WS_SEND_START,1516289841927,52
535,WS_SEND_END,1516289841927,52
535,WS_RECV_START,1516289841927,53
535,WS_RECV_END,1516289844913,53
535,PLAYER_SLEEPBEFORE_START,1516289844913,54
535,PLAYER_SLEEPBEFORE_END,1516289866216,54
535,WS_SEND_START,1516289866216,54
535,WS_SEND_END,1516289866216,54
535,PLAYER_SLEEPBEFORE_START,1516289866216,55
535,PLAYER_SLEEPBEFORE_END,1516289868157,55
535,WS_SEND_START,1516289868157,55
535,WS_SEND_END,1516289868157,55
535,WS_RECV_START,1516289868157,56
535,WS_RECV_END,1516289869273,56
535,PLAYER_SLEEPBEFORE_START,1516289869273,57
535,PLAYER_SLEEPBEFORE_END,1516289892145,57
535,WS_SEND_START,1516289892145,57
535,WS_SEND_END,1516289892145,57
535,WS_RECV_START,1516289892145,58
535,WS_RECV_END,1516289894877,58
535,PLAYER_SLEEPBEFORE_START,1516289894877,59
535,PLAYER_SLEEPBEFORE_END,1516289897204,59
535,WS_SEND_START,1516289897204,59
535,WS_SEND_END,1516289897204,59
535,WS_RECV_START,1516289897204,60
535,WS_RECV_END,1516289899451,60
535,PLAYER_SLEEPBEFORE_START,1516289899451,61
535,PLAYER_SLEEPBEFORE_END,1516289903042,61
535,WS_SEND_START,1516289903042,61
535,WS_SEND_END,1516289903042,61
535,WS_RECV_START,1516289903042,62
535,WS_RECV_END,1516289906394,62
535,PLAYER_SLEEPBEFORE_START,1516289906394,63
535,PLAYER_SLEEPBEFORE_END,1516289925656,63
535,WS_SEND_START,1516289925656,63
535,WS_SEND_END,1516289925656,63
535,WS_RECV_START,1516289925656,64
535,WS_RECV_END,1516289927864,64
535,PLAYER_SLEEPBEFORE_START,1516289927864,65
535,PLAYER_SLEEPBEFORE_END,1516289954681,65
535,WS_SEND_START,1516289954681,65
535,WS_SEND_END,1516289954681,65
535,WS_RECV_START,1516289954681,66
535,WS_RECV_END,1516289958056,66
535,PLAYER_SLEEPBEFORE_START,1516289958056,67
535,PLAYER_SLEEPBEFORE_END,1516289959563,67
535,WS_SEND_START,1516289959563,67
535,WS_SEND_END,1516289959563,67
535,WS_RECV_START,1516289959563,68
535,WS_RECV_END,1516289963483,68
535,PLAYER_SLEEPBEFORE_START,1516289963483,69
535,PLAYER_SLEEPBEFORE_END,1516289985481,69
535,WS_SEND_START,1516289985481,69
535,WS_SEND_END,1516289985481,69
535,WS_RECV_START,1516289985481,70
535,WS_RECV_END,1516289990233,70
535,PLAYER_SLEEPBEFORE_START,1516289990233,71
535,PLAYER_SLEEPBEFORE_END,1516290015008,71
535,WS_SEND_START,1516290015008,71
535,WS_SEND_END,1516290015008,71
535,PLAYER_SLEEPBEFORE_START,1516290015008,72
535,PLAYER_SLEEPBEFORE_END,1516290017615,72
535,WS_SEND_START,1516290017615,72
535,WS_SEND_END,1516290017615,72
535,WS_RECV_START,1516290017615,73
535,WS_RECV_END,1516290021185,73
535,PLAYER_SLEEPBEFORE_START,1516290021185,74
535,PLAYER_SLEEPBEFORE_END,1516290021194,74
535,WS_SEND_START,1516290021194,74
535,WS_SEND_END,1516290021194,74
535,WS_RECV_START,1516290021194,75
535,WS_RECV_END,1516290023934,75
535,PLAYER_SLEEPBEFORE_START,1516290023934,76
535,PLAYER_SLEEPBEFORE_END,1516290025440,76
535,WS_SEND_START,1516290025440,76
535,WS_SEND_END,1516290025440,76
535,WS_RECV_START,1516290025440,77
535,WS_RECV_END,1516290027923,77
535,PLAYER_SLEEPBEFORE_START,1516290027923,78
535,PLAYER_SLEEPBEFORE_END,1516290028791,78
535,WS_SEND_START,1516290028791,78
535,WS_SEND_END,1516290028791,78
535,WS_RECV_START,1516290028791,79
535,WS_RECV_END,1516290031586,79
535,PLAYER_SLEEPBEFORE_START,1516290031586,80
535,PLAYER_SLEEPBEFORE_END,1516290039252,80
535,WS_SEND_START,1516290039252,80
535,WS_SEND_END,1516290039252,80
535,WS_RECV_START,1516290039252,81
535,WS_RECV_END,1516290043980,81
535,PLAYER_SLEEPBEFORE_START,1516290043980,82
535,PLAYER_SLEEPBEFORE_END,1516290045082,82
535,WS_SEND_START,1516290045082,82
535,WS_SEND_END,1516290045082,82
535,WS_RECV_START,1516290045082,83
535,WS_RECV_END,1516290048859,83
535,PLAYER_SLEEPBEFORE_START,1516290048859,84
535,PLAYER_SLEEPBEFORE_END,1516290049806,84
535,WS_SEND_START,1516290049806,84
535,WS_SEND_END,1516290049806,84
535,WS_RECV_START,1516290049806,85
535,WS_RECV_END,1516290050204,85
535,PLAYER_SLEEPBEFORE_START,1516290050204,86
535,PLAYER_SLEEPBEFORE_END,1516290054376,86
535,WS_SEND_START,1516290054376,86
535,WS_SEND_END,1516290054376,86
535,WS_RECV_START,1516290054376,87
535,WS_RECV_END,1516290057579,87
535,PLAYER_SLEEPBEFORE_START,1516290057579,88
535,PLAYER_SLEEPBEFORE_END,1516290057587,88
535,WS_SEND_START,1516290057587,88
535,WS_SEND_END,1516290057587,88
535,WS_RECV_START,1516290057587,89
535,WS_RECV_END,1516290059843,89
535,PLAYER_SLEEPBEFORE_START,1516290059843,90
535,PLAYER_SLEEPBEFORE_END,1516290087040,90
535,REQ_START,1516290087040,90
535,REQ_END,1516290087056,90
535,PLAYER_SLEEPBEFORE_START,1516290087056,91
535,PLAYER_SLEEPBEFORE_END,1516290094945,91
535,WS_SEND_START,1516290094945,91
535,WS_SEND_END,1516290094945,91
535,WS_RECV_START,1516290094945,92
535,WS_RECV_END,1516290099653,92
535,PLAYER_SLEEPBEFORE_START,1516290099653,93
535,PLAYER_SLEEPBEFORE_END,1516290099669,93
535,WS_SEND_START,1516290099669,93
535,WS_SEND_END,1516290099669,93
535,WS_RECV_START,1516290099669,94
535,WS_RECV_END,1516290102466,94
535,PLAYER_SLEEPBEFORE_START,1516290102466,95
535,PLAYER_SLEEPBEFORE_END,1516290126021,95
535,WS_SEND_START,1516290126021,95
535,WS_SEND_END,1516290126021,95
535,WS_RECV_START,1516290126021,96
535,WS_RECV_END,1516290132274,96
535,PLAYER_SLEEPBEFORE_START,1516290132274,97
535,PLAYER_SLEEPBEFORE_END,1516290154715,97
535,WS_SEND_START,1516290154715,97
535,WS_SEND_END,1516290154715,97
535,WS_RECV_START,1516290154715,98
535,WS_RECV_END,1516290162044,98
535,PLAYER_SLEEPBEFORE_START,1516290162044,99
535,PLAYER_SLEEPBEFORE_END,1516290162065,99
535,WS_SEND_START,1516290162065,99
535,WS_SEND_END,1516290162066,99
535,WS_RECV_START,1516290162066,100
535,WS_RECV_END,1516290166152,100
535,PLAYER_SLEEPBEFORE_START,1516290166152,101
535,PLAYER_SLEEPBEFORE_END,1516290189711,101
535,WS_SEND_START,1516290189711,101
535,WS_SEND_END,1516290189711,101
535,WS_RECV_START,1516290189711,102
535,WS_RECV_END,1516290196121,102
535,PLAYER_SLEEPBEFORE_START,1516290196121,103
535,PLAYER_SLEEPBEFORE_END,1516290219746,103
535,WS_SEND_START,1516290219746,103
535,WS_SEND_END,1516290219746,103
535,WS_RECV_START,1516290219746,104
535,WS_RECV_END,1516290225035,104
535,PLAYER_SLEEPBEFORE_START,1516290225035,105
535,PLAYER_SLEEPBEFORE_END,1516290250412,105
535,WS_SEND_START,1516290250412,105
535,WS_SEND_END,1516290250412,105
535,WS_RECV_START,1516290250412,106
535,WS_RECV_END,1516290257522,106
535,PLAYER_SLEEPBEFORE_START,1516290257522,107
535,PLAYER_SLEEPBEFORE_END,1516290280945,107
535,WS_SEND_START,1516290280945,107
535,WS_SEND_END,1516290280945,107
535,WS_RECV_START,1516290280945,108
535,WS_RECV_END,1516290289508,108
535,PLAYER_SLEEPBEFORE_START,1516290289508,109
535,PLAYER_SLEEPBEFORE_END,1516290289517,109
535,WS_SEND_START,1516290289517,109
535,WS_SEND_END,1516290289517,109
535,WS_RECV_START,1516290289517,110
535,WS_RECV_END,1516290293922,110
535,PLAYER_SLEEPBEFORE_START,1516290293922,111
535,PLAYER_SLEEPBEFORE_END,1516290294882,111
535,WS_SEND_START,1516290294882,111
535,WS_SEND_END,1516290294882,111
535,WS_RECV_START,1516290294882,112
535,WS_RECV_END,1516290299395,112
535,PLAYER_SLEEPBEFORE_START,1516290299395,113
535,PLAYER_SLEEPBEFORE_END,1516290299957,113
535,WS_SEND_START,1516290299957,113
535,WS_SEND_END,1516290299957,113
535,WS_RECV_START,1516290299957,114
535,WS_RECV_END,1516290303780,114
535,PLAYER_SLEEPBEFORE_START,1516290303780,115
535,PLAYER_SLEEPBEFORE_END,1516290303789,115
535,WS_SEND_START,1516290303789,115
535,WS_SEND_END,1516290303789,115
535,WS_RECV_START,1516290303789,116
535,WS_RECV_END,1516290308176,116
535,PLAYER_SLEEPBEFORE_START,1516290308176,117
535,PLAYER_SLEEPBEFORE_END,1516290328536,117
535,WS_SEND_START,1516290328536,117
535,WS_SEND_END,1516290328536,117
535,PLAYER_SLEEPBEFORE_START,1516290328536,118
535,PLAYER_SLEEPBEFORE_END,1516290332288,118
535,WS_SEND_START,1516290332288,118
535,WS_SEND_END,1516290332288,118
535,WS_RECV_START,1516290332288,119
535,WS_RECV_END,1516290333359,119
535,PLAYER_SLEEPBEFORE_START,1516290333359,120
535,PLAYER_SLEEPBEFORE_END,1516290334348,120
535,WS_SEND_START,1516290334348,120
535,WS_SEND_END,1516290334348,120
535,WS_RECV_START,1516290334348,121
535,WS_RECV_END,1516290337215,121
535,PLAYER_SLEEPBEFORE_START,1516290337215,122
535,PLAYER_SLEEPBEFORE_END,1516290338401,122
535,WS_SEND_START,1516290338401,122
535,WS_SEND_END,1516290338401,122
535,WS_RECV_START,1516290338401,123
535,WS_RECV_END,1516290342247,123
535,PLAYER_SLEEPBEFORE_START,1516290342247,124
535,PLAYER_SLEEPBEFORE_END,1516290366652,124
535,WS_SEND_START,1516290366652,124
535,WS_SEND_END,1516290366652,124
535,WS_RECV_START,1516290366652,125
535,WS_RECV_END,1516290372002,125
535,PLAYER_SLEEPBEFORE_START,1516290372002,126
535,PLAYER_SLEEPBEFORE_END,1516290392514,126
535,WS_SEND_START,1516290392514,126
535,WS_SEND_END,1516290392514,126
535,PLAYER_SLEEPBEFORE_START,1516290392514,127
535,PLAYER_SLEEPBEFORE_END,1516290395568,127
535,WS_SEND_START,1516290395568,127
535,WS_SEND_END,1516290395568,127
535,WS_RECV_START,1516290395568,128
535,WS_RECV_END,1516290400985,128
535,PLAYER_SLEEPBEFORE_START,1516290400985,129
535,PLAYER_SLEEPBEFORE_END,1516290401005,129
535,WS_SEND_START,1516290401005,129
535,WS_SEND_END,1516290401005,129
535,WS_RECV_START,1516290401005,130
535,WS_RECV_END,1516290404933,130
535,PLAYER_SLEEPBEFORE_START,1516290404933,131
535,PLAYER_SLEEPBEFORE_END,1516290426558,131
535,WS_SEND_START,1516290426558,131
535,WS_SEND_END,1516290426558,131
535,PLAYER_SLEEPBEFORE_START,1516290426558,132
535,PLAYER_SLEEPBEFORE_END,1516290429638,132
535,WS_SEND_START,1516290429638,132
535,WS_SEND_END,1516290429638,132
535,WS_RECV_START,1516290429638,133
535,WS_RECV_END,1516290434490,133
535,PLAYER_SLEEPBEFORE_START,1516290434490,134
535,PLAYER_SLEEPBEFORE_END,1516290455707,134
535,WS_SEND_START,1516290455707,134
535,WS_SEND_END,1516290455707,134
535,PLAYER_SLEEPBEFORE_START,1516290455707,135
535,PLAYER_SLEEPBEFORE_END,1516290458898,135
535,WS_SEND_START,1516290458898,135
535,WS_SEND_END,1516290458898,135
535,WS_RECV_START,1516290458898,136
535,WS_RECV_END,1516290463563,136
535,PLAYER_SLEEPBEFORE_START,1516290463563,137
535,PLAYER_SLEEPBEFORE_END,1516290463570,137
535,WS_SEND_START,1516290463570,137
535,WS_SEND_END,1516290463570,137
535,WS_RECV_START,1516290463570,138
535,WS_RECV_END,1516290470042,138
535,PLAYER_SLEEPBEFORE_START,1516290470042,139
535,PLAYER_SLEEPBEFORE_END,1516290470733,139
535,WS_SEND_START,1516290470733,139
535,WS_SEND_END,1516290470733,139
535,WS_RECV_START,1516290470733,140
535,WS_RECV_END,1516290475578,140
535,PLAYER_SLEEPBEFORE_START,1516290475578,141
535,PLAYER_SLEEPBEFORE_END,1516290476234,141
535,WS_SEND_START,1516290476234,141
535,WS_SEND_END,1516290476234,141
535,WS_RECV_START,1516290476234,142
535,WS_RECV_END,1516290481375,142
535,PLAYER_SLEEPBEFORE_START,1516290481375,143
535,PLAYER_SLEEPBEFORE_END,1516290481433,143
535,WS_SEND_START,1516290481433,143
535,WS_SEND_END,1516290481433,143
535,WS_RECV_START,1516290481433,144
535,WS_RECV_END,1516290487432,144
535,PLAYER_SLEEPBEFORE_START,1516290487432,145
535,PLAYER_SLEEPBEFORE_END,1516290503494,145
535,REQ_START,1516290503494,145
535,REQ_END,1516290503502,145
535,PLAYER_SLEEPBEFORE_START,1516290503502,146
535,PLAYER_SLEEPBEFORE_END,1516290512379,146
535,WS_SEND_START,1516290512379,146
535,WS_SEND_END,1516290512379,146
535,WS_RECV_START,1516290512379,147
535,WS_RECV_END,1516290522029,147
535,PLAYER_SLEEPBEFORE_START,1516290522029,148
535,PLAYER_SLEEPBEFORE_END,1516290543951,148
535,WS_SEND_START,1516290543951,148
535,WS_SEND_END,1516290543951,148
535,PLAYER_SLEEPBEFORE_START,1516290543951,149
535,PLAYER_SLEEPBEFORE_END,1516290546379,149
535,WS_SEND_START,1516290546379,149
535,WS_SEND_END,1516290546379,149
535,WS_RECV_START,1516290546379,150
535,WS_RECV_END,1516290552429,150
535,PLAYER_SLEEPBEFORE_START,1516290552429,151
535,PLAYER_SLEEPBEFORE_END,1516290552640,151
535,WS_SEND_START,1516290552640,151
535,WS_SEND_END,1516290552640,151
535,WS_RECV_START,1516290552640,152
535,WS_RECV_END,1516290558544,152
535,PLAYER_SLEEPBEFORE_START,1516290558544,153
535,PLAYER_SLEEPBEFORE_END,1516290582471,153
535,WS_SEND_START,1516290582471,153
535,WS_SEND_END,1516290582471,153
535,WS_RECV_START,1516290582471,154
535,WS_RECV_END,1516290590854,154
535,PLAYER_SLEEPBEFORE_START,1516290590854,155
535,PLAYER_SLEEPBEFORE_END,1516290613413,155
535,WS_SEND_START,1516290613413,155
535,WS_SEND_END,1516290613413,155
535,PLAYER_SLEEPBEFORE_START,1516290613413,156
535,PLAYER_SLEEPBEFORE_END,1516290616687,156
535,WS_SEND_START,1516290616687,156
535,WS_SEND_END,1516290616687,156
535,WS_RECV_START,1516290616687,157
535,WS_RECV_END,1516290618751,157
535,PLAYER_SLEEPBEFORE_START,1516290618751,158
535,PLAYER_SLEEPBEFORE_END,1516290618763,158
535,WS_SEND_START,1516290618763,158
535,WS_SEND_END,1516290618763,158
535,WS_RECV_START,1516290618763,159
535,WS_RECV_END,1516290622159,159
535,PLAYER_SLEEPBEFORE_START,1516290622159,160
535,PLAYER_SLEEPBEFORE_END,1516290622335,160
535,WS_SEND_START,1516290622335,160
535,WS_SEND_END,1516290622335,160
535,WS_RECV_START,1516290622335,161
535,WS_RECV_END,1516290626830,161
535,PLAYER_SLEEPBEFORE_START,1516290626830,162
535,PLAYER_SLEEPBEFORE_END,1516290626855,162
535,WS_SEND_START,1516290626855,162
535,WS_SEND_END,1516290626855,162
535,WS_RECV_START,1516290626855,163
535,WS_RECV_END,1516290631415,163
535,PLAYER_SLEEPBEFORE_START,1516290631415,164
535,PLAYER_SLEEPBEFORE_END,1516290652227,164
535,WS_SEND_START,1516290652227,164
535,WS_SEND_END,1516290652227,164
535,WS_RECV_START,1516290652227,165
535,WS_RECV_END,1516290656546,165
535,PLAYER_SLEEPBEFORE_START,1516290656546,166
535,PLAYER_SLEEPBEFORE_END,1516290679001,166
535,WS_SEND_START,1516290679001,166
535,WS_SEND_END,1516290679001,166
535,WS_RECV_START,1516290679001,167
535,WS_RECV_END,1516290681461,167
535,PLAYER_SLEEPBEFORE_START,1516290681461,168
535,PLAYER_SLEEPBEFORE_END,1516290708818,168
535,WS_SEND_START,1516290708818,168
535,WS_SEND_END,1516290708818,168
535,WS_RECV_START,1516290708818,169
535,WS_RECV_END,1516290711064,169
535,PLAYER_SLEEPBEFORE_START,1516290711064,170
535,PLAYER_SLEEPBEFORE_END,1516290711073,170
535,WS_SEND_START,1516290711073,170
535,WS_SEND_END,1516290711073,170
535,WS_RECV_START,1516290711073,171
535,WS_RECV_END,1516290712829,171
535,PLAYER_SLEEPBEFORE_START,1516290712829,172
535,PLAYER_SLEEPBEFORE_END,1516290713198,172
535,WS_SEND_START,1516290713198,172
535,WS_SEND_END,1516290713198,172
535,WS_RECV_START,1516290713198,173
535,WS_RECV_END,1516290714767,173
535,PLAYER_SLEEPBEFORE_START,1516290714767,174
535,PLAYER_SLEEPBEFORE_END,1516290714808,174
535,WS_SEND_START,1516290714809,174
535,WS_SEND_END,1516290714809,174
535,WS_RECV_START,1516290714809,175
535,WS_RECV_END,1516290716407,175
535,PLAYER_SLEEPBEFORE_START,1516290716407,176
535,PLAYER_SLEEPBEFORE_END,1516290738168,176
535,WS_SEND_START,1516290738168,176
535,WS_SEND_END,1516290738168,176
535,PLAYER_SLEEPBEFORE_START,1516290738168,177
535,PLAYER_SLEEPBEFORE_END,1516290740686,177
535,WS_SEND_START,1516290740686,177
535,WS_SEND_END,1516290740686,177
535,WS_RECV_START,1516290740687,178
535,WS_RECV_END,1516290743122,178
535,PLAYER_SLEEPBEFORE_START,1516290743122,179
535,PLAYER_SLEEPBEFORE_END,1516290765462,179
535,WS_SEND_START,1516290765462,179
535,WS_SEND_END,1516290765462,179
535,WS_RECV_START,1516290765462,180
535,WS_RECV_END,1516290765614,180
535,PLAYER_SLEEPBEFORE_START,1516290765614,181
535,PLAYER_SLEEPBEFORE_END,1516290766058,181
535,WS_SEND_START,1516290766058,181
535,WS_SEND_END,1516290766058,181
535,WS_RECV_START,1516290766058,182
535,WS_RECV_END,1516290766445,182
535,PLAYER_SLEEPBEFORE_START,1516290766445,183
535,PLAYER_SLEEPBEFORE_END,1516290766968,183
535,WS_SEND_START,1516290766968,183
535,WS_SEND_END,1516290766968,183
535,WS_RECV_START,1516290766968,184
535,WS_RECV_END,1516290767298,184
535,PLAYER_SLEEPBEFORE_START,1516290767298,185
535,PLAYER_SLEEPBEFORE_END,1516290767566,185
535,WS_SEND_START,1516290767566,185
535,WS_SEND_END,1516290767566,185
535,WS_RECV_START,1516290767566,186
535,WS_RECV_END,1516290767984,186
535,PLAYER_SLEEPBEFORE_START,1516290767984,187
535,PLAYER_SLEEPBEFORE_END,1516290790484,187
535,WS_SEND_START,1516290790484,187
535,WS_SEND_END,1516290790484,187
535,WS_RECV_START,1516290790484,188
535,WS_RECV_END,1516290790530,188
535,PLAYER_SLEEPBEFORE_START,1516290790530,189
535,PLAYER_SLEEPBEFORE_END,1516290796769,189
535,WS_SEND_START,1516290796769,189
535,WS_SEND_END,1516290796769,189
535,WS_RECV_START,1516290796769,190
535,WS_RECV_END,1516290796996,190
535,PLAYER_SLEEPBEFORE_START,1516290796996,191
535,PLAYER_SLEEPBEFORE_END,1516290798912,191
535,WS_SEND_START,1516290798912,191
535,WS_SEND_END,1516290798912,191
535,WS_RECV_START,1516290798912,192
535,WS_RECV_END,1516290799060,192
535,PLAYER_SLEEPBEFORE_START,1516290799060,193
535,PLAYER_SLEEPBEFORE_END,1516290799188,193
535,WS_SEND_START,1516290799188,193
535,WS_SEND_END,1516290799188,193
535,WS_RECV_START,1516290799188,194
535,WS_RECV_END,1516290799294,194
535,PLAYER_SLEEPBEFORE_START,1516290799294,195
535,PLAYER_SLEEPBEFORE_END,1516290801049,195
535,WS_SEND_START,1516290801050,195
535,WS_SEND_END,1516290801050,195
535,WS_RECV_START,1516290801050,196
535,WS_RECV_END,1516290801268,196
535,PLAYER_SLEEPBEFORE_START,1516290801268,197
535,PLAYER_SLEEPBEFORE_END,1516290803072,197
535,WS_SEND_START,1516290803072,197
535,WS_SEND_END,1516290803072,197
535,WS_RECV_START,1516290803072,198
535,WS_RECV_END,1516290803177,198
535,PLAYER_SLEEPBEFORE_START,1516290803177,199
535,PLAYER_SLEEPBEFORE_END,1516290815031,199
535,WS_SEND_START,1516290815031,199
535,WS_SEND_END,1516290815031,199
535,PLAYER_SLEEPBEFORE_START,1516290815031,200
535,PLAYER_SLEEPBEFORE_END,1516290819119,200
535,WS_SEND_START,1516290819119,200
535,WS_SEND_END,1516290819119,200
535,WS_RECV_START,1516290819119,201
535,WS_RECV_END,1516290819240,201
535,PLAYER_SLEEPBEFORE_START,1516290819240,202
535,PLAYER_SLEEPBEFORE_END,1516290819254,202
535,WS_SEND_START,1516290819254,202
535,WS_SEND_END,1516290819254,202
535,WS_RECV_START,1516290819254,203
535,WS_RECV_END,1516290819382,203
535,PLAYER_SLEEPBEFORE_START,1516290819382,204
535,PLAYER_SLEEPBEFORE_END,1516290839031,204
535,WS_SEND_START,1516290839031,204
535,WS_SEND_END,1516290839031,204
535,PLAYER_SLEEPBEFORE_START,1516290839031,205
535,PLAYER_SLEEPBEFORE_END,1516290842929,205
535,WS_SEND_START,1516290842929,205
535,WS_SEND_END,1516290842929,205
535,WS_RECV_START,1516290842929,206
535,WS_RECV_END,1516290843055,206
535,PLAYER_SLEEPBEFORE_START,1516290843055,207
535,PLAYER_SLEEPBEFORE_END,1516290859986,207
535,REQ_START,1516290859986,207
535,REQ_END,1516290859996,207
535,PLAYER_SLEEPBEFORE_START,1516290859996,208
535,PLAYER_SLEEPBEFORE_END,1516290866848,208
535,WS_CLOSE_START,1516290866848,208
535,WS_CLOSE_END,1516290866848,208
535,PLAYER_DONE,1516290866848
