# --sessions 720 --app-url=http://shinyloadtest.rstudioservices.com/cran_explorer --output-dir test720 --overwrite-output --log-level warn --start-interval 500 15min.log
thread_id,event,timestamp,input_line_number,comment
542,PLAYER_SESSION_CREATE,1516289462149
542,PLAYER_START_INTERVAL_START,1516289462149
542,PLAYER_START_INTERVAL_END,1516289733149
542,REQ_HOME_START,1516289733150,2
542,REQ_HOME_END,1516289733756,2
542,REQ_START,1516289733756,3
542,REQ_END,1516289734648,3
542,REQ_START,1516289734648,4
542,REQ_END,1516289734733,4
542,REQ_START,1516289734733,5
542,REQ_END,1516289734929,5
542,REQ_START,1516289734929,6
542,REQ_END,1516289734977,6
542,REQ_START,1516289734977,7
542,REQ_END,1516289735017,7
542,REQ_START,1516289735017,8
542,REQ_END,1516289735150,8
542,REQ_START,1516289735150,9
542,REQ_END,1516289735659,9
542,REQ_START,1516289735659,10
542,REQ_END,1516289735666,10
542,REQ_START,1516289735666,11
542,REQ_END,1516289736284,11
542,REQ_START,1516289736284,12
542,REQ_END,1516289736295,12
542,REQ_START,1516289736295,13
542,REQ_END,1516289738032,13
542,REQ_START,1516289738032,14
542,REQ_END,1516289738052,14
542,REQ_START,1516289738052,15
542,REQ_END,1516289738986,15
542,REQ_TOK_START,1516289738986,16
542,REQ_TOK_END,1516289738994,16
542,REQ_SINF_START,1516289738994,17
542,REQ_SINF_END,1516289739001,17
542,WS_OPEN_START,1516289739001,18
542,WS_OPEN_END,1516289739008,18
542,REQ_START,1516289739008,19
542,REQ_END,1516289739101,19
542,WS_RECV_START,1516289739101,20
542,WS_RECV_END,1516289739101,20
542,PLAYER_SLEEPBEFORE_START,1516289739101,21
542,PLAYER_SLEEPBEFORE_END,1516289739106,21
542,WS_SEND_START,1516289739106,21
542,WS_SEND_END,1516289739106,21
542,PLAYER_SLEEPBEFORE_START,1516289739106,22
542,PLAYER_SLEEPBEFORE_END,1516289739107,22
542,WS_SEND_START,1516289739107,22
542,WS_SEND_END,1516289739107,22
542,WS_RECV_INIT_START,1516289739107,23
542,WS_RECV_INIT_END,1516289739143,23
542,WS_RECV_START,1516289739143,24
542,WS_RECV_END,1516289739225,24
542,PLAYER_SLEEPBEFORE_START,1516289739225,25
542,PLAYER_SLEEPBEFORE_END,1516289739233,25
542,REQ_START,1516289739233,25
542,REQ_END,1516289739419,25
542,PLAYER_SLEEPBEFORE_START,1516289739419,26
542,PLAYER_SLEEPBEFORE_END,1516289739420,26
542,REQ_START,1516289739420,26
542,REQ_END,1516289739607,26
542,PLAYER_SLEEPBEFORE_START,1516289739607,27
542,PLAYER_SLEEPBEFORE_END,1516289739614,27
542,REQ_START,1516289739614,27
542,REQ_END,1516289739680,27
542,PLAYER_SLEEPBEFORE_START,1516289739680,28
542,PLAYER_SLEEPBEFORE_END,1516289739965,28
542,REQ_START,1516289739965,28
542,REQ_END,1516289741077,28
542,PLAYER_SLEEPBEFORE_START,1516289741077,29
542,PLAYER_SLEEPBEFORE_END,1516289741252,29
542,WS_SEND_START,1516289741252,29
542,WS_SEND_END,1516289741252,29
542,WS_RECV_START,1516289741252,30
542,WS_RECV_END,1516289741696,30
542,PLAYER_SLEEPBEFORE_START,1516289741696,31
542,PLAYER_SLEEPBEFORE_END,1516289741707,31
542,REQ_START,1516289741707,31
542,REQ_END,1516289742895,31
542,PLAYER_SLEEPBEFORE_START,1516289742896,32
542,PLAYER_SLEEPBEFORE_END,1516289771041,32
542,WS_SEND_START,1516289771041,32
542,WS_SEND_END,1516289771041,32
542,WS_RECV_START,1516289771041,33
542,WS_RECV_END,1516289771900,33
542,PLAYER_SLEEPBEFORE_START,1516289771900,34
542,PLAYER_SLEEPBEFORE_END,1516289797811,34
542,WS_SEND_START,1516289797811,34
542,WS_SEND_END,1516289797811,34
542,WS_RECV_START,1516289797811,35
542,WS_RECV_END,1516289798079,35
542,PLAYER_SLEEPBEFORE_START,1516289798079,36
542,PLAYER_SLEEPBEFORE_END,1516289798088,36
542,WS_SEND_START,1516289798088,36
542,WS_SEND_END,1516289798088,36
542,WS_RECV_START,1516289798088,37
542,WS_RECV_END,1516289798294,37
542,PLAYER_SLEEPBEFORE_START,1516289798294,38
542,PLAYER_SLEEPBEFORE_END,1516289801489,38
542,WS_SEND_START,1516289801489,38
542,WS_SEND_END,1516289801489,38
542,WS_RECV_START,1516289801489,39
542,WS_RECV_END,1516289803493,39
542,PLAYER_SLEEPBEFORE_START,1516289803493,40
542,PLAYER_SLEEPBEFORE_END,1516289803539,40
542,WS_SEND_START,1516289803539,40
542,WS_SEND_END,1516289803539,40
542,WS_RECV_START,1516289803539,41
542,WS_RECV_END,1516289804238,41
542,PLAYER_SLEEPBEFORE_START,1516289804238,42
542,PLAYER_SLEEPBEFORE_END,1516289822373,42
542,WS_SEND_START,1516289822373,42
542,WS_SEND_END,1516289822373,42
542,WS_RECV_START,1516289822373,43
542,WS_RECV_END,1516289824610,43
542,PLAYER_SLEEPBEFORE_START,1516289824610,44
542,PLAYER_SLEEPBEFORE_END,1516289824622,44
542,WS_SEND_START,1516289824622,44
542,WS_SEND_END,1516289824622,44
542,WS_RECV_START,1516289824622,45
542,WS_RECV_END,1516289825010,45
542,PLAYER_SLEEPBEFORE_START,1516289825010,46
542,PLAYER_SLEEPBEFORE_END,1516289826270,46
542,WS_SEND_START,1516289826270,46
542,WS_SEND_END,1516289826270,46
542,WS_RECV_START,1516289826270,47
542,WS_RECV_END,1516289826683,47
542,PLAYER_SLEEPBEFORE_START,1516289826683,48
542,PLAYER_SLEEPBEFORE_END,1516289828004,48
542,WS_SEND_START,1516289828004,48
542,WS_SEND_END,1516289828004,48
542,WS_RECV_START,1516289828004,49
542,WS_RECV_END,1516289828580,49
542,PLAYER_SLEEPBEFORE_START,1516289828580,50
542,PLAYER_SLEEPBEFORE_END,1516289828604,50
542,WS_SEND_START,1516289828604,50
542,WS_SEND_END,1516289828604,50
542,WS_RECV_START,1516289828604,51
542,WS_RECV_END,1516289830081,51
542,PLAYER_SLEEPBEFORE_START,1516289830081,52
542,PLAYER_SLEEPBEFORE_END,1516289852645,52
542,WS_SEND_START,1516289852645,52
542,WS_SEND_END,1516289852645,52
542,WS_RECV_START,1516289852645,53
542,WS_RECV_END,1516289855865,53
542,PLAYER_SLEEPBEFORE_START,1516289855865,54
542,PLAYER_SLEEPBEFORE_END,1516289877168,54
542,WS_SEND_START,1516289877168,54
542,WS_SEND_END,1516289877169,54
542,PLAYER_SLEEPBEFORE_START,1516289877169,55
542,PLAYER_SLEEPBEFORE_END,1516289879110,55
542,WS_SEND_START,1516289879110,55
542,WS_SEND_END,1516289879110,55
542,WS_RECV_START,1516289879110,56
542,WS_RECV_END,1516289879240,56
542,PLAYER_SLEEPBEFORE_START,1516289879240,57
542,PLAYER_SLEEPBEFORE_END,1516289902113,57
542,WS_SEND_START,1516289902113,57
542,WS_SEND_END,1516289902113,57
542,WS_RECV_START,1516289902113,58
542,WS_RECV_END,1516289904385,58
542,PLAYER_SLEEPBEFORE_START,1516289904385,59
542,PLAYER_SLEEPBEFORE_END,1516289906712,59
542,WS_SEND_START,1516289906712,59
542,WS_SEND_END,1516289906712,59
542,WS_RECV_START,1516289906712,60
542,WS_RECV_END,1516289908489,60
542,PLAYER_SLEEPBEFORE_START,1516289908489,61
542,PLAYER_SLEEPBEFORE_END,1516289912080,61
542,WS_SEND_START,1516289912080,61
542,WS_SEND_END,1516289912080,61
542,WS_RECV_START,1516289912080,62
542,WS_RECV_END,1516289913851,62
542,PLAYER_SLEEPBEFORE_START,1516289913851,63
542,PLAYER_SLEEPBEFORE_END,1516289933113,63
542,WS_SEND_START,1516289933113,63
542,WS_SEND_END,1516289933113,63
542,WS_RECV_START,1516289933113,64
542,WS_RECV_END,1516289934677,64
542,PLAYER_SLEEPBEFORE_START,1516289934677,65
542,PLAYER_SLEEPBEFORE_END,1516289961494,65
542,WS_SEND_START,1516289961494,65
542,WS_SEND_END,1516289961494,65
542,WS_RECV_START,1516289961494,66
542,WS_RECV_END,1516289966295,66
542,PLAYER_SLEEPBEFORE_START,1516289966295,67
542,PLAYER_SLEEPBEFORE_END,1516289967802,67
542,WS_SEND_START,1516289967802,67
542,WS_SEND_END,1516289967802,67
542,WS_RECV_START,1516289967802,68
542,WS_RECV_END,1516289971653,68
542,PLAYER_SLEEPBEFORE_START,1516289971653,69
542,PLAYER_SLEEPBEFORE_END,1516289993651,69
542,WS_SEND_START,1516289993651,69
542,WS_SEND_END,1516289993651,69
542,WS_RECV_START,1516289993651,70
542,WS_RECV_END,1516289998848,70
542,PLAYER_SLEEPBEFORE_START,1516289998848,71
542,PLAYER_SLEEPBEFORE_END,1516290023623,71
542,WS_SEND_START,1516290023623,71
542,WS_SEND_END,1516290023623,71
542,PLAYER_SLEEPBEFORE_START,1516290023623,72
542,PLAYER_SLEEPBEFORE_END,1516290026230,72
542,WS_SEND_START,1516290026231,72
542,WS_SEND_END,1516290026231,72
542,WS_RECV_START,1516290026231,73
542,WS_RECV_END,1516290028014,73
542,PLAYER_SLEEPBEFORE_START,1516290028014,74
542,PLAYER_SLEEPBEFORE_END,1516290028023,74
542,WS_SEND_START,1516290028023,74
542,WS_SEND_END,1516290028023,74
542,WS_RECV_START,1516290028023,75
542,WS_RECV_END,1516290029830,75
542,PLAYER_SLEEPBEFORE_START,1516290029830,76
542,PLAYER_SLEEPBEFORE_END,1516290031336,76
542,WS_SEND_START,1516290031336,76
542,WS_SEND_END,1516290031336,76
542,WS_RECV_START,1516290031336,77
542,WS_RECV_END,1516290034362,77
542,PLAYER_SLEEPBEFORE_START,1516290034362,78
542,PLAYER_SLEEPBEFORE_END,1516290035230,78
542,WS_SEND_START,1516290035230,78
542,WS_SEND_END,1516290035230,78
542,WS_RECV_START,1516290035230,79
542,WS_RECV_END,1516290039289,79
542,PLAYER_SLEEPBEFORE_START,1516290039289,80
542,PLAYER_SLEEPBEFORE_END,1516290046955,80
542,WS_SEND_START,1516290046955,80
542,WS_SEND_END,1516290046955,80
542,WS_RECV_START,1516290046955,81
542,WS_RECV_END,1516290051378,81
542,PLAYER_SLEEPBEFORE_START,1516290051378,82
542,PLAYER_SLEEPBEFORE_END,1516290052480,82
542,WS_SEND_START,1516290052480,82
542,WS_SEND_END,1516290052480,82
542,WS_RECV_START,1516290052480,83
542,WS_RECV_END,1516290056393,83
542,PLAYER_SLEEPBEFORE_START,1516290056393,84
542,PLAYER_SLEEPBEFORE_END,1516290057340,84
542,WS_SEND_START,1516290057340,84
542,WS_SEND_END,1516290057340,84
542,WS_RECV_START,1516290057340,85
542,WS_RECV_END,1516290059178,85
542,PLAYER_SLEEPBEFORE_START,1516290059178,86
542,PLAYER_SLEEPBEFORE_END,1516290063350,86
542,WS_SEND_START,1516290063350,86
542,WS_SEND_END,1516290063350,86
542,WS_RECV_START,1516290063350,87
542,WS_RECV_END,1516290068296,87
542,PLAYER_SLEEPBEFORE_START,1516290068296,88
542,PLAYER_SLEEPBEFORE_END,1516290068304,88
542,WS_SEND_START,1516290068304,88
542,WS_SEND_END,1516290068304,88
542,WS_RECV_START,1516290068304,89
542,WS_RECV_END,1516290070767,89
542,PLAYER_SLEEPBEFORE_START,1516290070767,90
542,PLAYER_SLEEPBEFORE_END,1516290097964,90
542,REQ_START,1516290097964,90
542,REQ_END,1516290097972,90
542,PLAYER_SLEEPBEFORE_START,1516290097972,91
542,PLAYER_SLEEPBEFORE_END,1516290105861,91
542,WS_SEND_START,1516290105861,91
542,WS_SEND_END,1516290105861,91
542,WS_RECV_START,1516290105861,92
542,WS_RECV_END,1516290111722,92
542,PLAYER_SLEEPBEFORE_START,1516290111722,93
542,PLAYER_SLEEPBEFORE_END,1516290111737,93
542,WS_SEND_START,1516290111737,93
542,WS_SEND_END,1516290111737,93
542,WS_RECV_START,1516290111737,94
542,WS_RECV_END,1516290115416,94
542,PLAYER_SLEEPBEFORE_START,1516290115416,95
542,PLAYER_SLEEPBEFORE_END,1516290138971,95
542,WS_SEND_START,1516290138971,95
542,WS_SEND_END,1516290138971,95
542,WS_RECV_START,1516290138971,96
542,WS_RECV_END,1516290143035,96
542,PLAYER_SLEEPBEFORE_START,1516290143035,97
542,PLAYER_SLEEPBEFORE_END,1516290165475,97
542,WS_SEND_START,1516290165475,97
542,WS_SEND_END,1516290165475,97
542,WS_RECV_START,1516290165475,98
542,WS_RECV_END,1516290170549,98
542,PLAYER_SLEEPBEFORE_START,1516290170549,99
542,PLAYER_SLEEPBEFORE_END,1516290170571,99
542,WS_SEND_START,1516290170571,99
542,WS_SEND_END,1516290170571,99
542,WS_RECV_START,1516290170571,100
542,WS_RECV_END,1516290174593,100
542,PLAYER_SLEEPBEFORE_START,1516290174593,101
542,PLAYER_SLEEPBEFORE_END,1516290198152,101
542,WS_SEND_START,1516290198152,101
542,WS_SEND_END,1516290198152,101
542,WS_RECV_START,1516290198152,102
542,WS_RECV_END,1516290202325,102
542,PLAYER_SLEEPBEFORE_START,1516290202325,103
542,PLAYER_SLEEPBEFORE_END,1516290225950,103
542,WS_SEND_START,1516290225950,103
542,WS_SEND_END,1516290225950,103
542,WS_RECV_START,1516290225950,104
542,WS_RECV_END,1516290233450,104
542,PLAYER_SLEEPBEFORE_START,1516290233450,105
542,PLAYER_SLEEPBEFORE_END,1516290258827,105
542,WS_SEND_START,1516290258827,105
542,WS_SEND_END,1516290258827,105
542,WS_RECV_START,1516290258827,106
542,WS_RECV_END,1516290265445,106
542,PLAYER_SLEEPBEFORE_START,1516290265445,107
542,PLAYER_SLEEPBEFORE_END,1516290288868,107
542,WS_SEND_START,1516290288868,107
542,WS_SEND_END,1516290288868,107
542,WS_RECV_START,1516290288868,108
542,WS_RECV_END,1516290294122,108
542,PLAYER_SLEEPBEFORE_START,1516290294122,109
542,PLAYER_SLEEPBEFORE_END,1516290294131,109
542,WS_SEND_START,1516290294131,109
542,WS_SEND_END,1516290294131,109
542,WS_RECV_START,1516290294131,110
542,WS_RECV_END,1516290296554,110
542,PLAYER_SLEEPBEFORE_START,1516290296554,111
542,PLAYER_SLEEPBEFORE_END,1516290297514,111
542,WS_SEND_START,1516290297514,111
542,WS_SEND_END,1516290297514,111
542,WS_RECV_START,1516290297514,112
542,WS_RECV_END,1516290300916,112
542,PLAYER_SLEEPBEFORE_START,1516290300916,113
542,PLAYER_SLEEPBEFORE_END,1516290301478,113
542,WS_SEND_START,1516290301478,113
542,WS_SEND_END,1516290301478,113
542,WS_RECV_START,1516290301478,114
542,WS_RECV_END,1516290305058,114
542,PLAYER_SLEEPBEFORE_START,1516290305058,115
542,PLAYER_SLEEPBEFORE_END,1516290305067,115
542,WS_SEND_START,1516290305067,115
542,WS_SEND_END,1516290305067,115
542,WS_RECV_START,1516290305067,116
542,WS_RECV_END,1516290308896,116
542,PLAYER_SLEEPBEFORE_START,1516290308896,117
542,PLAYER_SLEEPBEFORE_END,1516290329256,117
542,WS_SEND_START,1516290329256,117
542,WS_SEND_END,1516290329256,117
542,PLAYER_SLEEPBEFORE_START,1516290329256,118
542,PLAYER_SLEEPBEFORE_END,1516290333008,118
542,WS_SEND_START,1516290333008,118
542,WS_SEND_END,1516290333008,118
542,WS_RECV_START,1516290333008,119
542,WS_RECV_END,1516290336617,119
542,PLAYER_SLEEPBEFORE_START,1516290336617,120
542,PLAYER_SLEEPBEFORE_END,1516290337605,120
542,WS_SEND_START,1516290337605,120
542,WS_SEND_END,1516290337605,120
542,WS_RECV_START,1516290337605,121
542,WS_RECV_END,1516290341182,121
542,PLAYER_SLEEPBEFORE_START,1516290341182,122
542,PLAYER_SLEEPBEFORE_END,1516290342367,122
542,WS_SEND_START,1516290342368,122
542,WS_SEND_END,1516290342368,122
542,WS_RECV_START,1516290342368,123
542,WS_RECV_END,1516290345161,123
542,PLAYER_SLEEPBEFORE_START,1516290345161,124
542,PLAYER_SLEEPBEFORE_END,1516290369566,124
542,WS_SEND_START,1516290369566,124
542,WS_SEND_END,1516290369566,124
542,WS_RECV_START,1516290369566,125
542,WS_RECV_END,1516290375607,125
542,PLAYER_SLEEPBEFORE_START,1516290375607,126
542,PLAYER_SLEEPBEFORE_END,1516290396119,126
542,WS_SEND_START,1516290396119,126
542,WS_SEND_END,1516290396119,126
542,PLAYER_SLEEPBEFORE_START,1516290396119,127
542,PLAYER_SLEEPBEFORE_END,1516290399173,127
542,WS_SEND_START,1516290399173,127
542,WS_SEND_END,1516290399173,127
542,WS_RECV_START,1516290399173,128
542,WS_RECV_END,1516290401825,128
542,PLAYER_SLEEPBEFORE_START,1516290401825,129
542,PLAYER_SLEEPBEFORE_END,1516290401845,129
542,WS_SEND_START,1516290401845,129
542,WS_SEND_END,1516290401845,129
542,WS_RECV_START,1516290401845,130
542,WS_RECV_END,1516290405655,130
542,PLAYER_SLEEPBEFORE_START,1516290405655,131
542,PLAYER_SLEEPBEFORE_END,1516290427279,131
542,WS_SEND_START,1516290427279,131
542,WS_SEND_END,1516290427279,131
542,PLAYER_SLEEPBEFORE_START,1516290427279,132
542,PLAYER_SLEEPBEFORE_END,1516290430359,132
542,WS_SEND_START,1516290430359,132
542,WS_SEND_END,1516290430359,132
542,WS_RECV_START,1516290430359,133
542,WS_RECV_END,1516290432275,133
542,PLAYER_SLEEPBEFORE_START,1516290432275,134
542,PLAYER_SLEEPBEFORE_END,1516290453492,134
542,WS_SEND_START,1516290453492,134
542,WS_SEND_END,1516290453492,134
542,PLAYER_SLEEPBEFORE_START,1516290453492,135
542,PLAYER_SLEEPBEFORE_END,1516290456682,135
542,WS_SEND_START,1516290456682,135
542,WS_SEND_END,1516290456682,135
542,WS_RECV_START,1516290456682,136
542,WS_RECV_END,1516290460998,136
542,PLAYER_SLEEPBEFORE_START,1516290460998,137
542,PLAYER_SLEEPBEFORE_END,1516290461005,137
542,WS_SEND_START,1516290461005,137
542,WS_SEND_END,1516290461005,137
542,WS_RECV_START,1516290461005,138
542,WS_RECV_END,1516290465102,138
542,PLAYER_SLEEPBEFORE_START,1516290465102,139
542,PLAYER_SLEEPBEFORE_END,1516290465792,139
542,WS_SEND_START,1516290465792,139
542,WS_SEND_END,1516290465792,139
542,WS_RECV_START,1516290465792,140
542,WS_RECV_END,1516290470675,140
542,PLAYER_SLEEPBEFORE_START,1516290470675,141
542,PLAYER_SLEEPBEFORE_END,1516290471330,141
542,WS_SEND_START,1516290471330,141
542,WS_SEND_END,1516290471330,141
542,WS_RECV_START,1516290471330,142
542,WS_RECV_END,1516290477187,142
542,PLAYER_SLEEPBEFORE_START,1516290477187,143
542,PLAYER_SLEEPBEFORE_END,1516290477244,143
542,WS_SEND_START,1516290477244,143
542,WS_SEND_END,1516290477244,143
542,WS_RECV_START,1516290477244,144
542,WS_RECV_END,1516290482701,144
542,PLAYER_SLEEPBEFORE_START,1516290482701,145
542,PLAYER_SLEEPBEFORE_END,1516290498763,145
542,REQ_START,1516290498763,145
542,REQ_END,1516290498771,145
542,PLAYER_SLEEPBEFORE_START,1516290498771,146
542,PLAYER_SLEEPBEFORE_END,1516290507649,146
542,WS_SEND_START,1516290507649,146
542,WS_SEND_END,1516290507649,146
542,WS_RECV_START,1516290507649,147
542,WS_RECV_END,1516290515894,147
542,PLAYER_SLEEPBEFORE_START,1516290515894,148
542,PLAYER_SLEEPBEFORE_END,1516290537816,148
542,WS_SEND_START,1516290537816,148
542,WS_SEND_END,1516290537816,148
542,PLAYER_SLEEPBEFORE_START,1516290537816,149
542,PLAYER_SLEEPBEFORE_END,1516290540244,149
542,WS_SEND_START,1516290540244,149
542,WS_SEND_END,1516290540244,149
542,WS_RECV_START,1516290540244,150
542,WS_RECV_END,1516290549347,150
542,PLAYER_SLEEPBEFORE_START,1516290549347,151
542,PLAYER_SLEEPBEFORE_END,1516290549557,151
542,WS_SEND_START,1516290549557,151
542,WS_SEND_END,1516290549557,151
542,WS_RECV_START,1516290549557,152
542,WS_RECV_END,1516290554729,152
542,PLAYER_SLEEPBEFORE_START,1516290554729,153
542,PLAYER_SLEEPBEFORE_END,1516290578656,153
542,WS_SEND_START,1516290578656,153
542,WS_SEND_END,1516290578656,153
542,WS_RECV_START,1516290578656,154
542,WS_RECV_END,1516290588013,154
542,PLAYER_SLEEPBEFORE_START,1516290588013,155
542,PLAYER_SLEEPBEFORE_END,1516290610571,155
542,WS_SEND_START,1516290610571,155
542,WS_SEND_END,1516290610571,155
542,PLAYER_SLEEPBEFORE_START,1516290610571,156
542,PLAYER_SLEEPBEFORE_END,1516290613845,156
542,WS_SEND_START,1516290613845,156
542,WS_SEND_END,1516290613845,156
542,WS_RECV_START,1516290613845,157
542,WS_RECV_END,1516290619243,157
542,PLAYER_SLEEPBEFORE_START,1516290619243,158
542,PLAYER_SLEEPBEFORE_END,1516290619253,158
542,WS_SEND_START,1516290619253,158
542,WS_SEND_END,1516290619253,158
542,WS_RECV_START,1516290619253,159
542,WS_RECV_END,1516290623889,159
542,PLAYER_SLEEPBEFORE_START,1516290623889,160
542,PLAYER_SLEEPBEFORE_END,1516290624064,160
542,WS_SEND_START,1516290624064,160
542,WS_SEND_END,1516290624064,160
542,WS_RECV_START,1516290624064,161
542,WS_RECV_END,1516290630443,161
542,PLAYER_SLEEPBEFORE_START,1516290630443,162
542,PLAYER_SLEEPBEFORE_END,1516290630468,162
542,WS_SEND_START,1516290630468,162
542,WS_SEND_END,1516290630468,162
542,WS_RECV_START,1516290630468,163
542,WS_RECV_END,1516290634813,163
542,PLAYER_SLEEPBEFORE_START,1516290634813,164
542,PLAYER_SLEEPBEFORE_END,1516290655625,164
542,WS_SEND_START,1516290655625,164
542,WS_SEND_END,1516290655625,164
542,WS_RECV_START,1516290655626,165
542,WS_RECV_END,1516290660831,165
542,PLAYER_SLEEPBEFORE_START,1516290660831,166
542,PLAYER_SLEEPBEFORE_END,1516290683286,166
542,WS_SEND_START,1516290683286,166
542,WS_SEND_END,1516290683286,166
542,WS_RECV_START,1516290683286,167
542,WS_RECV_END,1516290687854,167
542,PLAYER_SLEEPBEFORE_START,1516290687854,168
542,PLAYER_SLEEPBEFORE_END,1516290715211,168
542,WS_SEND_START,1516290715211,168
542,WS_SEND_END,1516290715211,168
542,WS_RECV_START,1516290715211,169
542,WS_RECV_END,1516290716267,169
542,PLAYER_SLEEPBEFORE_START,1516290716267,170
542,PLAYER_SLEEPBEFORE_END,1516290716276,170
542,WS_SEND_START,1516290716277,170
542,WS_SEND_END,1516290716277,170
542,WS_RECV_START,1516290716277,171
542,WS_RECV_END,1516290717033,171
542,PLAYER_SLEEPBEFORE_START,1516290717033,172
542,PLAYER_SLEEPBEFORE_END,1516290717402,172
542,WS_SEND_START,1516290717402,172
542,WS_SEND_END,1516290717402,172
542,WS_RECV_START,1516290717402,173
542,WS_RECV_END,1516290718398,173
542,PLAYER_SLEEPBEFORE_START,1516290718398,174
542,PLAYER_SLEEPBEFORE_END,1516290718439,174
542,WS_SEND_START,1516290718439,174
542,WS_SEND_END,1516290718439,174
542,WS_RECV_START,1516290718439,175
542,WS_RECV_END,1516290719642,175
542,PLAYER_SLEEPBEFORE_START,1516290719642,176
542,PLAYER_SLEEPBEFORE_END,1516290741403,176
542,WS_SEND_START,1516290741403,176
542,WS_SEND_END,1516290741403,176
542,PLAYER_SLEEPBEFORE_START,1516290741403,177
542,PLAYER_SLEEPBEFORE_END,1516290743921,177
542,WS_SEND_START,1516290743921,177
542,WS_SEND_END,1516290743921,177
542,WS_RECV_START,1516290743921,178
542,WS_RECV_END,1516290745152,178
542,PLAYER_SLEEPBEFORE_START,1516290745152,179
542,PLAYER_SLEEPBEFORE_END,1516290767492,179
542,WS_SEND_START,1516290767492,179
542,WS_SEND_END,1516290767492,179
542,WS_RECV_START,1516290767492,180
542,WS_RECV_END,1516290768478,180
542,PLAYER_SLEEPBEFORE_START,1516290768478,181
542,PLAYER_SLEEPBEFORE_END,1516290768922,181
542,WS_SEND_START,1516290768922,181
542,WS_SEND_END,1516290768922,181
542,WS_RECV_START,1516290768922,182
542,WS_RECV_END,1516290769576,182
542,PLAYER_SLEEPBEFORE_START,1516290769576,183
542,PLAYER_SLEEPBEFORE_END,1516290770099,183
542,WS_SEND_START,1516290770099,183
542,WS_SEND_END,1516290770099,183
542,WS_RECV_START,1516290770099,184
542,WS_RECV_END,1516290770875,184
542,PLAYER_SLEEPBEFORE_START,1516290770875,185
542,PLAYER_SLEEPBEFORE_END,1516290771143,185
542,WS_SEND_START,1516290771143,185
542,WS_SEND_END,1516290771143,185
542,WS_RECV_START,1516290771143,186
542,WS_RECV_END,1516290771489,186
542,PLAYER_SLEEPBEFORE_START,1516290771489,187
542,PLAYER_SLEEPBEFORE_END,1516290793989,187
542,WS_SEND_START,1516290793989,187
542,WS_SEND_END,1516290793989,187
542,WS_RECV_START,1516290793989,188
542,WS_RECV_END,1516290794038,188
542,PLAYER_SLEEPBEFORE_START,1516290794038,189
542,PLAYER_SLEEPBEFORE_END,1516290800278,189
542,WS_SEND_START,1516290800278,189
542,WS_SEND_END,1516290800278,189
542,WS_RECV_START,1516290800278,190
542,WS_RECV_END,1516290800402,190
542,PLAYER_SLEEPBEFORE_START,1516290800402,191
542,PLAYER_SLEEPBEFORE_END,1516290802317,191
542,WS_SEND_START,1516290802317,191
542,WS_SEND_END,1516290802317,191
542,WS_RECV_START,1516290802317,192
542,WS_RECV_END,1516290802433,192
542,PLAYER_SLEEPBEFORE_START,1516290802433,193
542,PLAYER_SLEEPBEFORE_END,1516290802561,193
542,WS_SEND_START,1516290802561,193
542,WS_SEND_END,1516290802561,193
542,WS_RECV_START,1516290802561,194
542,WS_RECV_END,1516290802773,194
542,PLAYER_SLEEPBEFORE_START,1516290802773,195
542,PLAYER_SLEEPBEFORE_END,1516290804528,195
542,WS_SEND_START,1516290804528,195
542,WS_SEND_END,1516290804528,195
542,WS_RECV_START,1516290804528,196
542,WS_RECV_END,1516290804861,196
542,PLAYER_SLEEPBEFORE_START,1516290804861,197
542,PLAYER_SLEEPBEFORE_END,1516290806665,197
542,WS_SEND_START,1516290806665,197
542,WS_SEND_END,1516290806665,197
542,WS_RECV_START,1516290806665,198
542,WS_RECV_END,1516290806769,198
542,PLAYER_SLEEPBEFORE_START,1516290806769,199
542,PLAYER_SLEEPBEFORE_END,1516290818623,199
542,WS_SEND_START,1516290818623,199
542,WS_SEND_END,1516290818623,199
542,PLAYER_SLEEPBEFORE_START,1516290818623,200
542,PLAYER_SLEEPBEFORE_END,1516290822712,200
542,WS_SEND_START,1516290822712,200
542,WS_SEND_END,1516290822712,200
542,WS_RECV_START,1516290822712,201
542,WS_RECV_END,1516290822801,201
542,PLAYER_SLEEPBEFORE_START,1516290822801,202
542,PLAYER_SLEEPBEFORE_END,1516290822816,202
542,WS_SEND_START,1516290822816,202
542,WS_SEND_END,1516290822816,202
542,WS_RECV_START,1516290822816,203
542,WS_RECV_END,1516290822940,203
542,PLAYER_SLEEPBEFORE_START,1516290822940,204
542,PLAYER_SLEEPBEFORE_END,1516290842590,204
542,WS_SEND_START,1516290842590,204
542,WS_SEND_END,1516290842590,204
542,PLAYER_SLEEPBEFORE_START,1516290842590,205
542,PLAYER_SLEEPBEFORE_END,1516290846488,205
542,WS_SEND_START,1516290846488,205
542,WS_SEND_END,1516290846488,205
542,WS_RECV_START,1516290846488,206
542,WS_RECV_END,1516290846588,206
542,PLAYER_SLEEPBEFORE_START,1516290846588,207
542,PLAYER_SLEEPBEFORE_END,1516290863519,207
542,REQ_START,1516290863519,207
542,REQ_END,1516290863527,207
542,PLAYER_SLEEPBEFORE_START,1516290863527,208
542,PLAYER_SLEEPBEFORE_END,1516290870379,208
542,WS_CLOSE_START,1516290870379,208
542,WS_CLOSE_END,1516290870379,208
542,PLAYER_DONE,1516290870379
