# --sessions 720 --app-url=http://shinyloadtest.rstudioservices.com/cran_explorer --output-dir test720 --overwrite-output --log-level warn --start-interval 500 15min.log
thread_id,event,timestamp,input_line_number,comment
546,PLAYER_SESSION_CREATE,1516289462149
546,PLAYER_START_INTERVAL_START,1516289462149
546,PLAYER_START_INTERVAL_END,1516289735149
546,REQ_HOME_START,1516289735149,2
546,REQ_HOME_END,1516289735288,2
546,REQ_START,1516289735288,3
546,REQ_END,1516289735667,3
546,REQ_START,1516289735667,4
546,REQ_END,1516289735699,4
546,REQ_START,1516289735699,5
546,REQ_END,1516289735734,5
546,REQ_START,1516289735734,6
546,REQ_END,1516289735774,6
546,REQ_START,1516289735774,7
546,REQ_END,1516289736257,7
546,REQ_START,1516289736257,8
546,REQ_END,1516289736379,8
546,REQ_START,1516289736379,9
546,REQ_END,1516289736421,9
546,REQ_START,1516289736421,10
546,REQ_END,1516289736436,10
546,REQ_START,1516289736436,11
546,REQ_END,1516289736502,11
546,REQ_START,1516289736502,12
546,REQ_END,1516289736512,12
546,REQ_START,1516289736512,13
546,REQ_END,1516289736549,13
546,REQ_START,1516289736549,14
546,REQ_END,1516289736567,14
546,REQ_START,1516289736567,15
546,REQ_END,1516289736608,15
546,REQ_TOK_START,1516289736608,16
546,REQ_TOK_END,1516289736616,16
546,REQ_SINF_START,1516289736616,17
546,REQ_SINF_END,1516289736623,17
546,WS_OPEN_START,1516289736624,18
546,WS_OPEN_END,1516289736631,18
546,REQ_START,1516289736631,19
546,REQ_END,1516289736660,19
546,WS_RECV_START,1516289736661,20
546,WS_RECV_END,1516289736661,20
546,PLAYER_SLEEPBEFORE_START,1516289736661,21
546,PLAYER_SLEEPBEFORE_END,1516289736666,21
546,WS_SEND_START,1516289736666,21
546,WS_SEND_END,1516289736666,21
546,PLAYER_SLEEPBEFORE_START,1516289736666,22
546,PLAYER_SLEEPBEFORE_END,1516289736667,22
546,WS_SEND_START,1516289736667,22
546,WS_SEND_END,1516289736667,22
546,WS_RECV_INIT_START,1516289736667,23
546,WS_RECV_INIT_END,1516289737266,23
546,WS_RECV_START,1516289737266,24
546,WS_RECV_END,1516289737351,24
546,PLAYER_SLEEPBEFORE_START,1516289737351,25
546,PLAYER_SLEEPBEFORE_END,1516289737358,25
546,REQ_START,1516289737358,25
546,REQ_END,1516289738421,25
546,PLAYER_SLEEPBEFORE_START,1516289738421,26
546,PLAYER_SLEEPBEFORE_END,1516289738422,26
546,REQ_START,1516289738422,26
546,REQ_END,1516289738865,26
546,PLAYER_SLEEPBEFORE_START,1516289738865,27
546,PLAYER_SLEEPBEFORE_END,1516289738868,27
546,REQ_START,1516289738868,27
546,REQ_END,1516289738986,27
546,PLAYER_SLEEPBEFORE_START,1516289738986,28
546,PLAYER_SLEEPBEFORE_END,1516289739271,28
546,REQ_START,1516289739271,28
546,REQ_END,1516289739342,28
546,PLAYER_SLEEPBEFORE_START,1516289739342,29
546,PLAYER_SLEEPBEFORE_END,1516289739517,29
546,WS_SEND_START,1516289739517,29
546,WS_SEND_END,1516289739517,29
546,WS_RECV_START,1516289739517,30
546,WS_RECV_END,1516289739793,30
546,PLAYER_SLEEPBEFORE_START,1516289739793,31
546,PLAYER_SLEEPBEFORE_END,1516289739804,31
546,REQ_START,1516289739804,31
546,REQ_END,1516289740379,31
546,PLAYER_SLEEPBEFORE_START,1516289740379,32
546,PLAYER_SLEEPBEFORE_END,1516289768524,32
546,WS_SEND_START,1516289768524,32
546,WS_SEND_END,1516289768524,32
546,WS_RECV_START,1516289768524,33
546,WS_RECV_END,1516289769162,33
546,PLAYER_SLEEPBEFORE_START,1516289769162,34
546,PLAYER_SLEEPBEFORE_END,1516289795073,34
546,WS_SEND_START,1516289795073,34
546,WS_SEND_END,1516289795073,34
546,WS_RECV_START,1516289795073,35
546,WS_RECV_END,1516289795695,35
546,PLAYER_SLEEPBEFORE_START,1516289795695,36
546,PLAYER_SLEEPBEFORE_END,1516289795704,36
546,WS_SEND_START,1516289795704,36
546,WS_SEND_END,1516289795704,36
546,WS_RECV_START,1516289795704,37
546,WS_RECV_END,1516289796117,37
546,PLAYER_SLEEPBEFORE_START,1516289796117,38
546,PLAYER_SLEEPBEFORE_END,1516289799312,38
546,WS_SEND_START,1516289799312,38
546,WS_SEND_END,1516289799312,38
546,WS_RECV_START,1516289799312,39
546,WS_RECV_END,1516289800883,39
546,PLAYER_SLEEPBEFORE_START,1516289800883,40
546,PLAYER_SLEEPBEFORE_END,1516289800929,40
546,WS_SEND_START,1516289800929,40
546,WS_SEND_END,1516289800929,40
546,WS_RECV_START,1516289800929,41
546,WS_RECV_END,1516289801284,41
546,PLAYER_SLEEPBEFORE_START,1516289801284,42
546,PLAYER_SLEEPBEFORE_END,1516289819419,42
546,WS_SEND_START,1516289819419,42
546,WS_SEND_END,1516289819419,42
546,WS_RECV_START,1516289819419,43
546,WS_RECV_END,1516289820315,43
546,PLAYER_SLEEPBEFORE_START,1516289820315,44
546,PLAYER_SLEEPBEFORE_END,1516289820327,44
546,WS_SEND_START,1516289820327,44
546,WS_SEND_END,1516289820327,44
546,WS_RECV_START,1516289820327,45
546,WS_RECV_END,1516289820914,45
546,PLAYER_SLEEPBEFORE_START,1516289820914,46
546,PLAYER_SLEEPBEFORE_END,1516289822174,46
546,WS_SEND_START,1516289822174,46
546,WS_SEND_END,1516289822174,46
546,WS_RECV_START,1516289822174,47
546,WS_RECV_END,1516289824106,47
546,PLAYER_SLEEPBEFORE_START,1516289824106,48
546,PLAYER_SLEEPBEFORE_END,1516289825427,48
546,WS_SEND_START,1516289825427,48
546,WS_SEND_END,1516289825427,48
546,WS_RECV_START,1516289825427,49
546,WS_RECV_END,1516289827614,49
546,PLAYER_SLEEPBEFORE_START,1516289827614,50
546,PLAYER_SLEEPBEFORE_END,1516289827638,50
546,WS_SEND_START,1516289827638,50
546,WS_SEND_END,1516289827638,50
546,WS_RECV_START,1516289827638,51
546,WS_RECV_END,1516289828278,51
546,PLAYER_SLEEPBEFORE_START,1516289828278,52
546,PLAYER_SLEEPBEFORE_END,1516289850842,52
546,WS_SEND_START,1516289850842,52
546,WS_SEND_END,1516289850842,52
546,WS_RECV_START,1516289850842,53
546,WS_RECV_END,1516289853154,53
546,PLAYER_SLEEPBEFORE_START,1516289853154,54
546,PLAYER_SLEEPBEFORE_END,1516289874457,54
546,WS_SEND_START,1516289874457,54
546,WS_SEND_END,1516289874457,54
546,PLAYER_SLEEPBEFORE_START,1516289874457,55
546,PLAYER_SLEEPBEFORE_END,1516289876398,55
546,WS_SEND_START,1516289876398,55
546,WS_SEND_END,1516289876398,55
546,WS_RECV_START,1516289876398,56
546,WS_RECV_END,1516289876771,56
546,PLAYER_SLEEPBEFORE_START,1516289876771,57
546,PLAYER_SLEEPBEFORE_END,1516289899643,57
546,WS_SEND_START,1516289899643,57
546,WS_SEND_END,1516289899643,57
546,WS_RECV_START,1516289899643,58
546,WS_RECV_END,1516289901663,58
546,PLAYER_SLEEPBEFORE_START,1516289901663,59
546,PLAYER_SLEEPBEFORE_END,1516289903990,59
546,WS_SEND_START,1516289903990,59
546,WS_SEND_END,1516289903990,59
546,WS_RECV_START,1516289903990,60
546,WS_RECV_END,1516289906869,60
546,PLAYER_SLEEPBEFORE_START,1516289906869,61
546,PLAYER_SLEEPBEFORE_END,1516289910461,61
546,WS_SEND_START,1516289910461,61
546,WS_SEND_END,1516289910461,61
546,WS_RECV_START,1516289910461,62
546,WS_RECV_END,1516289911941,62
546,PLAYER_SLEEPBEFORE_START,1516289911941,63
546,PLAYER_SLEEPBEFORE_END,1516289931203,63
546,WS_SEND_START,1516289931203,63
546,WS_SEND_END,1516289931203,63
546,WS_RECV_START,1516289931203,64
546,WS_RECV_END,1516289933313,64
546,PLAYER_SLEEPBEFORE_START,1516289933313,65
546,PLAYER_SLEEPBEFORE_END,1516289960130,65
546,WS_SEND_START,1516289960130,65
546,WS_SEND_END,1516289960130,65
546,WS_RECV_START,1516289960130,66
546,WS_RECV_END,1516289964400,66
546,PLAYER_SLEEPBEFORE_START,1516289964400,67
546,PLAYER_SLEEPBEFORE_END,1516289965907,67
546,WS_SEND_START,1516289965907,67
546,WS_SEND_END,1516289965907,67
546,WS_RECV_START,1516289965907,68
546,WS_RECV_END,1516289969806,68
546,PLAYER_SLEEPBEFORE_START,1516289969806,69
546,PLAYER_SLEEPBEFORE_END,1516289991804,69
546,WS_SEND_START,1516289991804,69
546,WS_SEND_END,1516289991804,69
546,WS_RECV_START,1516289991804,70
546,WS_RECV_END,1516289997261,70
546,PLAYER_SLEEPBEFORE_START,1516289997261,71
546,PLAYER_SLEEPBEFORE_END,1516290022036,71
546,WS_SEND_START,1516290022036,71
546,WS_SEND_END,1516290022036,71
546,PLAYER_SLEEPBEFORE_START,1516290022036,72
546,PLAYER_SLEEPBEFORE_END,1516290024643,72
546,WS_SEND_START,1516290024643,72
546,WS_SEND_END,1516290024643,72
546,WS_RECV_START,1516290024643,73
546,WS_RECV_END,1516290026192,73
546,PLAYER_SLEEPBEFORE_START,1516290026192,74
546,PLAYER_SLEEPBEFORE_END,1516290026202,74
546,WS_SEND_START,1516290026202,74
546,WS_SEND_END,1516290026202,74
546,WS_RECV_START,1516290026202,75
546,WS_RECV_END,1516290027326,75
546,PLAYER_SLEEPBEFORE_START,1516290027326,76
546,PLAYER_SLEEPBEFORE_END,1516290028832,76
546,WS_SEND_START,1516290028832,76
546,WS_SEND_END,1516290028832,76
546,WS_RECV_START,1516290028832,77
546,WS_RECV_END,1516290031452,77
546,PLAYER_SLEEPBEFORE_START,1516290031452,78
546,PLAYER_SLEEPBEFORE_END,1516290032321,78
546,WS_SEND_START,1516290032321,78
546,WS_SEND_END,1516290032321,78
546,WS_RECV_START,1516290032321,79
546,WS_RECV_END,1516290035028,79
546,PLAYER_SLEEPBEFORE_START,1516290035028,80
546,PLAYER_SLEEPBEFORE_END,1516290042694,80
546,WS_SEND_START,1516290042694,80
546,WS_SEND_END,1516290042694,80
546,WS_RECV_START,1516290042694,81
546,WS_RECV_END,1516290048270,81
546,PLAYER_SLEEPBEFORE_START,1516290048270,82
546,PLAYER_SLEEPBEFORE_END,1516290049372,82
546,WS_SEND_START,1516290049372,82
546,WS_SEND_END,1516290049372,82
546,WS_RECV_START,1516290049372,83
546,WS_RECV_END,1516290051649,83
546,PLAYER_SLEEPBEFORE_START,1516290051649,84
546,PLAYER_SLEEPBEFORE_END,1516290052596,84
546,WS_SEND_START,1516290052596,84
546,WS_SEND_END,1516290052596,84
546,WS_RECV_START,1516290052596,85
546,WS_RECV_END,1516290056361,85
546,PLAYER_SLEEPBEFORE_START,1516290056361,86
546,PLAYER_SLEEPBEFORE_END,1516290060533,86
546,WS_SEND_START,1516290060533,86
546,WS_SEND_END,1516290060533,86
546,WS_RECV_START,1516290060533,87
546,WS_RECV_END,1516290065183,87
546,PLAYER_SLEEPBEFORE_START,1516290065183,88
546,PLAYER_SLEEPBEFORE_END,1516290065191,88
546,WS_SEND_START,1516290065191,88
546,WS_SEND_END,1516290065191,88
546,WS_RECV_START,1516290065191,89
546,WS_RECV_END,1516290067660,89
546,PLAYER_SLEEPBEFORE_START,1516290067660,90
546,PLAYER_SLEEPBEFORE_END,1516290094857,90
546,REQ_START,1516290094857,90
546,REQ_END,1516290094865,90
546,PLAYER_SLEEPBEFORE_START,1516290094865,91
546,PLAYER_SLEEPBEFORE_END,1516290102755,91
546,WS_SEND_START,1516290102755,91
546,WS_SEND_END,1516290102755,91
546,WS_RECV_START,1516290102755,92
546,WS_RECV_END,1516290112744,92
546,PLAYER_SLEEPBEFORE_START,1516290112744,93
546,PLAYER_SLEEPBEFORE_END,1516290112759,93
546,WS_SEND_START,1516290112759,93
546,WS_SEND_END,1516290112759,93
546,WS_RECV_START,1516290112759,94
546,WS_RECV_END,1516290117135,94
546,PLAYER_SLEEPBEFORE_START,1516290117135,95
546,PLAYER_SLEEPBEFORE_END,1516290140691,95
546,WS_SEND_START,1516290140691,95
546,WS_SEND_END,1516290140691,95
546,WS_RECV_START,1516290140691,96
546,WS_RECV_END,1516290143147,96
546,PLAYER_SLEEPBEFORE_START,1516290143147,97
546,PLAYER_SLEEPBEFORE_END,1516290165587,97
546,WS_SEND_START,1516290165587,97
546,WS_SEND_END,1516290165587,97
546,WS_RECV_START,1516290165587,98
546,WS_RECV_END,1516290170872,98
546,PLAYER_SLEEPBEFORE_START,1516290170872,99
546,PLAYER_SLEEPBEFORE_END,1516290170893,99
546,WS_SEND_START,1516290170893,99
546,WS_SEND_END,1516290170893,99
546,WS_RECV_START,1516290170893,100
546,WS_RECV_END,1516290173543,100
546,PLAYER_SLEEPBEFORE_START,1516290173543,101
546,PLAYER_SLEEPBEFORE_END,1516290197102,101
546,WS_SEND_START,1516290197102,101
546,WS_SEND_END,1516290197102,101
546,WS_RECV_START,1516290197102,102
546,WS_RECV_END,1516290201307,102
546,PLAYER_SLEEPBEFORE_START,1516290201307,103
546,PLAYER_SLEEPBEFORE_END,1516290224932,103
546,WS_SEND_START,1516290224932,103
546,WS_SEND_END,1516290224932,103
546,WS_RECV_START,1516290224932,104
546,WS_RECV_END,1516290230663,104
546,PLAYER_SLEEPBEFORE_START,1516290230663,105
546,PLAYER_SLEEPBEFORE_END,1516290256040,105
546,WS_SEND_START,1516290256040,105
546,WS_SEND_END,1516290256040,105
546,WS_RECV_START,1516290256040,106
546,WS_RECV_END,1516290260855,106
546,PLAYER_SLEEPBEFORE_START,1516290260855,107
546,PLAYER_SLEEPBEFORE_END,1516290284279,107
546,WS_SEND_START,1516290284279,107
546,WS_SEND_END,1516290284279,107
546,WS_RECV_START,1516290284279,108
546,WS_RECV_END,1516290291957,108
546,PLAYER_SLEEPBEFORE_START,1516290291957,109
546,PLAYER_SLEEPBEFORE_END,1516290291966,109
546,WS_SEND_START,1516290291967,109
546,WS_SEND_END,1516290291967,109
546,WS_RECV_START,1516290291967,110
546,WS_RECV_END,1516290294091,110
546,PLAYER_SLEEPBEFORE_START,1516290294091,111
546,PLAYER_SLEEPBEFORE_END,1516290295050,111
546,WS_SEND_START,1516290295050,111
546,WS_SEND_END,1516290295050,111
546,WS_RECV_START,1516290295050,112
546,WS_RECV_END,1516290298146,112
546,PLAYER_SLEEPBEFORE_START,1516290298146,113
546,PLAYER_SLEEPBEFORE_END,1516290298708,113
546,WS_SEND_START,1516290298708,113
546,WS_SEND_END,1516290298708,113
546,WS_RECV_START,1516290298708,114
546,WS_RECV_END,1516290301960,114
546,PLAYER_SLEEPBEFORE_START,1516290301960,115
546,PLAYER_SLEEPBEFORE_END,1516290301969,115
546,WS_SEND_START,1516290301969,115
546,WS_SEND_END,1516290301969,115
546,WS_RECV_START,1516290301969,116
546,WS_RECV_END,1516290305927,116
546,PLAYER_SLEEPBEFORE_START,1516290305927,117
546,PLAYER_SLEEPBEFORE_END,1516290326287,117
546,WS_SEND_START,1516290326287,117
546,WS_SEND_END,1516290326287,117
546,PLAYER_SLEEPBEFORE_START,1516290326287,118
546,PLAYER_SLEEPBEFORE_END,1516290330039,118
546,WS_SEND_START,1516290330039,118
546,WS_SEND_END,1516290330039,118
546,WS_RECV_START,1516290330039,119
546,WS_RECV_END,1516290333228,119
546,PLAYER_SLEEPBEFORE_START,1516290333228,120
546,PLAYER_SLEEPBEFORE_END,1516290334216,120
546,WS_SEND_START,1516290334216,120
546,WS_SEND_END,1516290334216,120
546,WS_RECV_START,1516290334216,121
546,WS_RECV_END,1516290337202,121
546,PLAYER_SLEEPBEFORE_START,1516290337202,122
546,PLAYER_SLEEPBEFORE_END,1516290338387,122
546,WS_SEND_START,1516290338387,122
546,WS_SEND_END,1516290338387,122
546,WS_RECV_START,1516290338387,123
546,WS_RECV_END,1516290342281,123
546,PLAYER_SLEEPBEFORE_START,1516290342281,124
546,PLAYER_SLEEPBEFORE_END,1516290366687,124
546,WS_SEND_START,1516290366687,124
546,WS_SEND_END,1516290366687,124
546,WS_RECV_START,1516290366687,125
546,WS_RECV_END,1516290371133,125
546,PLAYER_SLEEPBEFORE_START,1516290371133,126
546,PLAYER_SLEEPBEFORE_END,1516290391645,126
546,WS_SEND_START,1516290391645,126
546,WS_SEND_END,1516290391645,126
546,PLAYER_SLEEPBEFORE_START,1516290391645,127
546,PLAYER_SLEEPBEFORE_END,1516290394699,127
546,WS_SEND_START,1516290394699,127
546,WS_SEND_END,1516290394699,127
546,WS_RECV_START,1516290394699,128
546,WS_RECV_END,1516290397808,128
546,PLAYER_SLEEPBEFORE_START,1516290397808,129
546,PLAYER_SLEEPBEFORE_END,1516290397828,129
546,WS_SEND_START,1516290397829,129
546,WS_SEND_END,1516290397829,129
546,WS_RECV_START,1516290397829,130
546,WS_RECV_END,1516290400752,130
546,PLAYER_SLEEPBEFORE_START,1516290400752,131
546,PLAYER_SLEEPBEFORE_END,1516290422376,131
546,WS_SEND_START,1516290422376,131
546,WS_SEND_END,1516290422376,131
546,PLAYER_SLEEPBEFORE_START,1516290422376,132
546,PLAYER_SLEEPBEFORE_END,1516290425456,132
546,WS_SEND_START,1516290425456,132
546,WS_SEND_END,1516290425456,132
546,WS_RECV_START,1516290425456,133
546,WS_RECV_END,1516290429083,133
546,PLAYER_SLEEPBEFORE_START,1516290429083,134
546,PLAYER_SLEEPBEFORE_END,1516290450300,134
546,WS_SEND_START,1516290450300,134
546,WS_SEND_END,1516290450300,134
546,PLAYER_SLEEPBEFORE_START,1516290450300,135
546,PLAYER_SLEEPBEFORE_END,1516290453490,135
546,WS_SEND_START,1516290453490,135
546,WS_SEND_END,1516290453491,135
546,WS_RECV_START,1516290453491,136
546,WS_RECV_END,1516290456453,136
546,PLAYER_SLEEPBEFORE_START,1516290456453,137
546,PLAYER_SLEEPBEFORE_END,1516290456460,137
546,WS_SEND_START,1516290456460,137
546,WS_SEND_END,1516290456460,137
546,WS_RECV_START,1516290456461,138
546,WS_RECV_END,1516290460562,138
546,PLAYER_SLEEPBEFORE_START,1516290460562,139
546,PLAYER_SLEEPBEFORE_END,1516290461253,139
546,WS_SEND_START,1516290461253,139
546,WS_SEND_END,1516290461253,139
546,WS_RECV_START,1516290461253,140
546,WS_RECV_END,1516290465382,140
546,PLAYER_SLEEPBEFORE_START,1516290465382,141
546,PLAYER_SLEEPBEFORE_END,1516290466037,141
546,WS_SEND_START,1516290466037,141
546,WS_SEND_END,1516290466037,141
546,WS_RECV_START,1516290466037,142
546,WS_RECV_END,1516290469938,142
546,PLAYER_SLEEPBEFORE_START,1516290469938,143
546,PLAYER_SLEEPBEFORE_END,1516290469995,143
546,WS_SEND_START,1516290469995,143
546,WS_SEND_END,1516290469995,143
546,WS_RECV_START,1516290469995,144
546,WS_RECV_END,1516290476851,144
546,PLAYER_SLEEPBEFORE_START,1516290476851,145
546,PLAYER_SLEEPBEFORE_END,1516290492913,145
546,REQ_START,1516290492913,145
546,REQ_END,1516290492920,145
546,PLAYER_SLEEPBEFORE_START,1516290492920,146
546,PLAYER_SLEEPBEFORE_END,1516290501797,146
546,WS_SEND_START,1516290501798,146
546,WS_SEND_END,1516290501798,146
546,WS_RECV_START,1516290501798,147
546,WS_RECV_END,1516290511431,147
546,PLAYER_SLEEPBEFORE_START,1516290511431,148
546,PLAYER_SLEEPBEFORE_END,1516290533353,148
546,WS_SEND_START,1516290533353,148
546,WS_SEND_END,1516290533353,148
546,PLAYER_SLEEPBEFORE_START,1516290533353,149
546,PLAYER_SLEEPBEFORE_END,1516290535781,149
546,WS_SEND_START,1516290535781,149
546,WS_SEND_END,1516290535781,149
546,WS_RECV_START,1516290535781,150
546,WS_RECV_END,1516290543751,150
546,PLAYER_SLEEPBEFORE_START,1516290543751,151
546,PLAYER_SLEEPBEFORE_END,1516290543961,151
546,WS_SEND_START,1516290543961,151
546,WS_SEND_END,1516290543961,151
546,WS_RECV_START,1516290543961,152
546,WS_RECV_END,1516290547819,152
546,PLAYER_SLEEPBEFORE_START,1516290547819,153
546,PLAYER_SLEEPBEFORE_END,1516290571746,153
546,WS_SEND_START,1516290571746,153
546,WS_SEND_END,1516290571746,153
546,WS_RECV_START,1516290571746,154
546,WS_RECV_END,1516290579237,154
546,PLAYER_SLEEPBEFORE_START,1516290579237,155
546,PLAYER_SLEEPBEFORE_END,1516290601796,155
546,WS_SEND_START,1516290601796,155
546,WS_SEND_END,1516290601796,155
546,PLAYER_SLEEPBEFORE_START,1516290601796,156
546,PLAYER_SLEEPBEFORE_END,1516290605070,156
546,WS_SEND_START,1516290605070,156
546,WS_SEND_END,1516290605070,156
546,WS_RECV_START,1516290605070,157
546,WS_RECV_END,1516290606931,157
546,PLAYER_SLEEPBEFORE_START,1516290606931,158
546,PLAYER_SLEEPBEFORE_END,1516290606941,158
546,WS_SEND_START,1516290606941,158
546,WS_SEND_END,1516290606941,158
546,WS_RECV_START,1516290606941,159
546,WS_RECV_END,1516290609617,159
546,PLAYER_SLEEPBEFORE_START,1516290609617,160
546,PLAYER_SLEEPBEFORE_END,1516290609792,160
546,WS_SEND_START,1516290609792,160
546,WS_SEND_END,1516290609792,160
546,WS_RECV_START,1516290609792,161
546,WS_RECV_END,1516290613098,161
546,PLAYER_SLEEPBEFORE_START,1516290613098,162
546,PLAYER_SLEEPBEFORE_END,1516290613123,162
546,WS_SEND_START,1516290613123,162
546,WS_SEND_END,1516290613123,162
546,WS_RECV_START,1516290613123,163
546,WS_RECV_END,1516290617840,163
546,PLAYER_SLEEPBEFORE_START,1516290617840,164
546,PLAYER_SLEEPBEFORE_END,1516290638652,164
546,WS_SEND_START,1516290638652,164
546,WS_SEND_END,1516290638652,164
546,WS_RECV_START,1516290638652,165
546,WS_RECV_END,1516290641581,165
546,PLAYER_SLEEPBEFORE_START,1516290641581,166
546,PLAYER_SLEEPBEFORE_END,1516290664036,166
546,WS_SEND_START,1516290664036,166
546,WS_SEND_END,1516290664036,166
546,WS_RECV_START,1516290664036,167
546,WS_RECV_END,1516290667179,167
546,PLAYER_SLEEPBEFORE_START,1516290667179,168
546,PLAYER_SLEEPBEFORE_END,1516290694536,168
546,WS_SEND_START,1516290694536,168
546,WS_SEND_END,1516290694536,168
546,WS_RECV_START,1516290694536,169
546,WS_RECV_END,1516290694783,169
546,PLAYER_SLEEPBEFORE_START,1516290694783,170
546,PLAYER_SLEEPBEFORE_END,1516290694792,170
546,WS_SEND_START,1516290694792,170
546,WS_SEND_END,1516290694792,170
546,WS_RECV_START,1516290694792,171
546,WS_RECV_END,1516290694849,171
546,PLAYER_SLEEPBEFORE_START,1516290694849,172
546,PLAYER_SLEEPBEFORE_END,1516290695218,172
546,WS_SEND_START,1516290695218,172
546,WS_SEND_END,1516290695218,172
546,WS_RECV_START,1516290695218,173
546,WS_RECV_END,1516290695442,173
546,PLAYER_SLEEPBEFORE_START,1516290695442,174
546,PLAYER_SLEEPBEFORE_END,1516290695483,174
546,WS_SEND_START,1516290695483,174
546,WS_SEND_END,1516290695483,174
546,WS_RECV_START,1516290695483,175
546,WS_RECV_END,1516290695670,175
546,PLAYER_SLEEPBEFORE_START,1516290695670,176
546,PLAYER_SLEEPBEFORE_END,1516290717432,176
546,WS_SEND_START,1516290717432,176
546,WS_SEND_END,1516290717432,176
546,PLAYER_SLEEPBEFORE_START,1516290717432,177
546,PLAYER_SLEEPBEFORE_END,1516290719950,177
546,WS_SEND_START,1516290719950,177
546,WS_SEND_END,1516290719950,177
546,WS_RECV_START,1516290719950,178
546,WS_RECV_END,1516290720186,178
546,PLAYER_SLEEPBEFORE_START,1516290720186,179
546,PLAYER_SLEEPBEFORE_END,1516290742527,179
546,WS_SEND_START,1516290742527,179
546,WS_SEND_END,1516290742527,179
546,WS_RECV_START,1516290742527,180
546,WS_RECV_END,1516290742667,180
546,PLAYER_SLEEPBEFORE_START,1516290742667,181
546,PLAYER_SLEEPBEFORE_END,1516290743111,181
546,WS_SEND_START,1516290743111,181
546,WS_SEND_END,1516290743111,181
546,WS_RECV_START,1516290743111,182
546,WS_RECV_END,1516290743348,182
546,PLAYER_SLEEPBEFORE_START,1516290743348,183
546,PLAYER_SLEEPBEFORE_END,1516290743872,183
546,WS_SEND_START,1516290743872,183
546,WS_SEND_END,1516290743872,183
546,WS_RECV_START,1516290743872,184
546,WS_RECV_END,1516290744061,184
546,PLAYER_SLEEPBEFORE_START,1516290744061,185
546,PLAYER_SLEEPBEFORE_END,1516290744329,185
546,WS_SEND_START,1516290744329,185
546,WS_SEND_END,1516290744329,185
546,WS_RECV_START,1516290744329,186
546,WS_RECV_END,1516290744755,186
546,PLAYER_SLEEPBEFORE_START,1516290744755,187
546,PLAYER_SLEEPBEFORE_END,1516290767255,187
546,WS_SEND_START,1516290767255,187
546,WS_SEND_END,1516290767255,187
546,WS_RECV_START,1516290767255,188
546,WS_RECV_END,1516290767311,188
546,PLAYER_SLEEPBEFORE_START,1516290767311,189
546,PLAYER_SLEEPBEFORE_END,1516290773550,189
546,WS_SEND_START,1516290773550,189
546,WS_SEND_END,1516290773550,189
546,WS_RECV_START,1516290773550,190
546,WS_RECV_END,1516290773958,190
546,PLAYER_SLEEPBEFORE_START,1516290773958,191
546,PLAYER_SLEEPBEFORE_END,1516290775873,191
546,WS_SEND_START,1516290775873,191
546,WS_SEND_END,1516290775873,191
546,WS_RECV_START,1516290775873,192
546,WS_RECV_END,1516290775992,192
546,PLAYER_SLEEPBEFORE_START,1516290775992,193
546,PLAYER_SLEEPBEFORE_END,1516290776120,193
546,WS_SEND_START,1516290776120,193
546,WS_SEND_END,1516290776121,193
546,WS_RECV_START,1516290776121,194
546,WS_RECV_END,1516290776278,194
546,PLAYER_SLEEPBEFORE_START,1516290776278,195
546,PLAYER_SLEEPBEFORE_END,1516290778033,195
546,WS_SEND_START,1516290778033,195
546,WS_SEND_END,1516290778034,195
546,WS_RECV_START,1516290778034,196
546,WS_RECV_END,1516290778153,196
546,PLAYER_SLEEPBEFORE_START,1516290778153,197
546,PLAYER_SLEEPBEFORE_END,1516290779957,197
546,WS_SEND_START,1516290779957,197
546,WS_SEND_END,1516290779957,197
546,WS_RECV_START,1516290779957,198
546,WS_RECV_END,1516290780137,198
546,PLAYER_SLEEPBEFORE_START,1516290780137,199
546,PLAYER_SLEEPBEFORE_END,1516290791991,199
546,WS_SEND_START,1516290791991,199
546,WS_SEND_END,1516290791991,199
546,PLAYER_SLEEPBEFORE_START,1516290791991,200
546,PLAYER_SLEEPBEFORE_END,1516290796079,200
546,WS_SEND_START,1516290796079,200
546,WS_SEND_END,1516290796079,200
546,WS_RECV_START,1516290796079,201
546,WS_RECV_END,1516290796192,201
546,PLAYER_SLEEPBEFORE_START,1516290796192,202
546,PLAYER_SLEEPBEFORE_END,1516290796206,202
546,WS_SEND_START,1516290796206,202
546,WS_SEND_END,1516290796206,202
546,WS_RECV_START,1516290796206,203
546,WS_RECV_END,1516290796326,203
546,PLAYER_SLEEPBEFORE_START,1516290796326,204
546,PLAYER_SLEEPBEFORE_END,1516290815975,204
546,WS_SEND_START,1516290815975,204
546,WS_SEND_END,1516290815975,204
546,PLAYER_SLEEPBEFORE_START,1516290815975,205
546,PLAYER_SLEEPBEFORE_END,1516290819874,205
546,WS_SEND_START,1516290819874,205
546,WS_SEND_END,1516290819874,205
546,WS_RECV_START,1516290819874,206
546,WS_RECV_END,1516290819973,206
546,PLAYER_SLEEPBEFORE_START,1516290819973,207
546,PLAYER_SLEEPBEFORE_END,1516290836905,207
546,REQ_START,1516290836905,207
546,REQ_END,1516290836916,207
546,PLAYER_SLEEPBEFORE_START,1516290836916,208
546,PLAYER_SLEEPBEFORE_END,1516290843768,208
546,WS_CLOSE_START,1516290843768,208
546,WS_CLOSE_END,1516290843768,208
546,PLAYER_DONE,1516290843768
