# --sessions 720 --app-url=http://shinyloadtest.rstudioservices.com/cran_explorer --output-dir test720 --overwrite-output --log-level warn --start-interval 500 15min.log
thread_id,event,timestamp,input_line_number,comment
562,PLAYER_SESSION_CREATE,1516289462164
562,PLAYER_START_INTERVAL_START,1516289462164
562,PLAYER_START_INTERVAL_END,1516289743164
562,REQ_HOME_START,1516289743164,2
562,REQ_HOME_END,1516289743376,2
562,REQ_START,1516289743376,3
562,REQ_END,1516289744006,3
562,REQ_START,1516289744006,4
562,REQ_END,1516289744853,4
562,REQ_START,1516289744853,5
562,REQ_END,1516289744926,5
562,REQ_START,1516289744926,6
562,REQ_END,1516289745169,6
562,REQ_START,1516289745169,7
562,REQ_END,1516289745744,7
562,REQ_START,1516289745744,8
562,REQ_END,1516289747003,8
562,REQ_START,1516289747003,9
562,REQ_END,1516289747792,9
562,REQ_START,1516289747792,10
562,REQ_END,1516289747801,10
562,REQ_START,1516289747801,11
562,REQ_END,1516289748486,11
562,REQ_START,1516289748486,12
562,REQ_END,1516289748496,12
562,REQ_START,1516289748496,13
562,REQ_END,1516289748917,13
562,REQ_START,1516289748917,14
562,REQ_END,1516289748934,14
562,REQ_START,1516289748934,15
562,REQ_END,1516289749018,15
562,REQ_TOK_START,1516289749018,16
562,REQ_TOK_END,1516289749026,16
562,REQ_SINF_START,1516289749026,17
562,REQ_SINF_END,1516289749033,17
562,WS_OPEN_START,1516289749033,18
562,WS_OPEN_END,1516289749040,18
562,REQ_START,1516289749040,19
562,REQ_END,1516289749638,19
562,WS_RECV_START,1516289749638,20
562,WS_RECV_END,1516289749638,20
562,PLAYER_SLEEPBEFORE_START,1516289749638,21
562,PLAYER_SLEEPBEFORE_END,1516289749643,21
562,WS_SEND_START,1516289749643,21
562,WS_SEND_END,1516289749643,21
562,PLAYER_SLEEPBEFORE_START,1516289749643,22
562,PLAYER_SLEEPBEFORE_END,1516289749644,22
562,WS_SEND_START,1516289749644,22
562,WS_SEND_END,1516289749644,22
562,WS_RECV_INIT_START,1516289749645,23
562,WS_RECV_INIT_END,1516289750071,23
562,WS_RECV_START,1516289750071,24
562,WS_RECV_END,1516289750223,24
562,PLAYER_SLEEPBEFORE_START,1516289750223,25
562,PLAYER_SLEEPBEFORE_END,1516289750231,25
562,REQ_START,1516289750231,25
562,REQ_END,1516289750338,25
562,PLAYER_SLEEPBEFORE_START,1516289750338,26
562,PLAYER_SLEEPBEFORE_END,1516289750339,26
562,REQ_START,1516289750339,26
562,REQ_END,1516289750372,26
562,PLAYER_SLEEPBEFORE_START,1516289750372,27
562,PLAYER_SLEEPBEFORE_END,1516289750375,27
562,REQ_START,1516289750375,27
562,REQ_END,1516289750427,27
562,PLAYER_SLEEPBEFORE_START,1516289750427,28
562,PLAYER_SLEEPBEFORE_END,1516289750712,28
562,REQ_START,1516289750712,28
562,REQ_END,1516289751244,28
562,PLAYER_SLEEPBEFORE_START,1516289751244,29
562,PLAYER_SLEEPBEFORE_END,1516289751419,29
562,WS_SEND_START,1516289751419,29
562,WS_SEND_END,1516289751419,29
562,WS_RECV_START,1516289751419,30
562,WS_RECV_END,1516289751914,30
562,PLAYER_SLEEPBEFORE_START,1516289751915,31
562,PLAYER_SLEEPBEFORE_END,1516289751926,31
562,REQ_START,1516289751926,31
562,REQ_END,1516289752560,31
562,PLAYER_SLEEPBEFORE_START,1516289752560,32
562,PLAYER_SLEEPBEFORE_END,1516289780705,32
562,WS_SEND_START,1516289780705,32
562,WS_SEND_END,1516289780705,32
562,WS_RECV_START,1516289780705,33
562,WS_RECV_END,1516289781220,33
562,PLAYER_SLEEPBEFORE_START,1516289781220,34
562,PLAYER_SLEEPBEFORE_END,1516289807131,34
562,WS_SEND_START,1516289807131,34
562,WS_SEND_END,1516289807131,34
562,WS_RECV_START,1516289807131,35
562,WS_RECV_END,1516289807800,35
562,PLAYER_SLEEPBEFORE_START,1516289807800,36
562,PLAYER_SLEEPBEFORE_END,1516289807810,36
562,WS_SEND_START,1516289807810,36
562,WS_SEND_END,1516289807810,36
562,WS_RECV_START,1516289807810,37
562,WS_RECV_END,1516289808734,37
562,PLAYER_SLEEPBEFORE_START,1516289808734,38
562,PLAYER_SLEEPBEFORE_END,1516289811929,38
562,WS_SEND_START,1516289811929,38
562,WS_SEND_END,1516289811929,38
562,WS_RECV_START,1516289811929,39
562,WS_RECV_END,1516289813542,39
562,PLAYER_SLEEPBEFORE_START,1516289813542,40
562,PLAYER_SLEEPBEFORE_END,1516289813588,40
562,WS_SEND_START,1516289813588,40
562,WS_SEND_END,1516289813588,40
562,WS_RECV_START,1516289813588,41
562,WS_RECV_END,1516289814639,41
562,PLAYER_SLEEPBEFORE_START,1516289814639,42
562,PLAYER_SLEEPBEFORE_END,1516289832774,42
562,WS_SEND_START,1516289832774,42
562,WS_SEND_END,1516289832774,42
562,WS_RECV_START,1516289832774,43
562,WS_RECV_END,1516289835326,43
562,PLAYER_SLEEPBEFORE_START,1516289835326,44
562,PLAYER_SLEEPBEFORE_END,1516289835339,44
562,WS_SEND_START,1516289835339,44
562,WS_SEND_END,1516289835339,44
562,WS_RECV_START,1516289835339,45
562,WS_RECV_END,1516289836798,45
562,PLAYER_SLEEPBEFORE_START,1516289836798,46
562,PLAYER_SLEEPBEFORE_END,1516289838058,46
562,WS_SEND_START,1516289838058,46
562,WS_SEND_END,1516289838058,46
562,WS_RECV_START,1516289838058,47
562,WS_RECV_END,1516289839011,47
562,PLAYER_SLEEPBEFORE_START,1516289839011,48
562,PLAYER_SLEEPBEFORE_END,1516289840331,48
562,WS_SEND_START,1516289840331,48
562,WS_SEND_END,1516289840331,48
562,WS_RECV_START,1516289840331,49
562,WS_RECV_END,1516289841182,49
562,PLAYER_SLEEPBEFORE_START,1516289841182,50
562,PLAYER_SLEEPBEFORE_END,1516289841206,50
562,WS_SEND_START,1516289841206,50
562,WS_SEND_END,1516289841206,50
562,WS_RECV_START,1516289841206,51
562,WS_RECV_END,1516289843333,51
562,PLAYER_SLEEPBEFORE_START,1516289843334,52
562,PLAYER_SLEEPBEFORE_END,1516289865898,52
562,WS_SEND_START,1516289865898,52
562,WS_SEND_END,1516289865898,52
562,WS_RECV_START,1516289865898,53
562,WS_RECV_END,1516289868642,53
562,PLAYER_SLEEPBEFORE_START,1516289868642,54
562,PLAYER_SLEEPBEFORE_END,1516289889945,54
562,WS_SEND_START,1516289889945,54
562,WS_SEND_END,1516289889945,54
562,PLAYER_SLEEPBEFORE_START,1516289889945,55
562,PLAYER_SLEEPBEFORE_END,1516289891886,55
562,WS_SEND_START,1516289891886,55
562,WS_SEND_END,1516289891886,55
562,WS_RECV_START,1516289891886,56
562,WS_RECV_END,1516289893066,56
562,PLAYER_SLEEPBEFORE_START,1516289893066,57
562,PLAYER_SLEEPBEFORE_END,1516289915938,57
562,WS_SEND_START,1516289915938,57
562,WS_SEND_END,1516289915938,57
562,WS_RECV_START,1516289915938,58
562,WS_RECV_END,1516289917711,58
562,PLAYER_SLEEPBEFORE_START,1516289917711,59
562,PLAYER_SLEEPBEFORE_END,1516289920038,59
562,WS_SEND_START,1516289920038,59
562,WS_SEND_END,1516289920038,59
562,WS_RECV_START,1516289920038,60
562,WS_RECV_END,1516289921835,60
562,PLAYER_SLEEPBEFORE_START,1516289921835,61
562,PLAYER_SLEEPBEFORE_END,1516289925426,61
562,WS_SEND_START,1516289925426,61
562,WS_SEND_END,1516289925426,61
562,WS_RECV_START,1516289925426,62
562,WS_RECV_END,1516289928119,62
562,PLAYER_SLEEPBEFORE_START,1516289928119,63
562,PLAYER_SLEEPBEFORE_END,1516289947381,63
562,WS_SEND_START,1516289947381,63
562,WS_SEND_END,1516289947381,63
562,WS_RECV_START,1516289947381,64
562,WS_RECV_END,1516289950382,64
562,PLAYER_SLEEPBEFORE_START,1516289950382,65
562,PLAYER_SLEEPBEFORE_END,1516289977200,65
562,WS_SEND_START,1516289977200,65
562,WS_SEND_END,1516289977200,65
562,WS_RECV_START,1516289977200,66
562,WS_RECV_END,1516289981987,66
562,PLAYER_SLEEPBEFORE_START,1516289981987,67
562,PLAYER_SLEEPBEFORE_END,1516289983494,67
562,WS_SEND_START,1516289983494,67
562,WS_SEND_END,1516289983494,67
562,WS_RECV_START,1516289983494,68
562,WS_RECV_END,1516289989055,68
562,PLAYER_SLEEPBEFORE_START,1516289989055,69
562,PLAYER_SLEEPBEFORE_END,1516290011053,69
562,WS_SEND_START,1516290011053,69
562,WS_SEND_END,1516290011053,69
562,WS_RECV_START,1516290011053,70
562,WS_RECV_END,1516290015873,70
562,PLAYER_SLEEPBEFORE_START,1516290015873,71
562,PLAYER_SLEEPBEFORE_END,1516290040648,71
562,WS_SEND_START,1516290040648,71
562,WS_SEND_END,1516290040648,71
562,PLAYER_SLEEPBEFORE_START,1516290040648,72
562,PLAYER_SLEEPBEFORE_END,1516290043255,72
562,WS_SEND_START,1516290043255,72
562,WS_SEND_END,1516290043255,72
562,WS_RECV_START,1516290043255,73
562,WS_RECV_END,1516290045705,73
562,PLAYER_SLEEPBEFORE_START,1516290045705,74
562,PLAYER_SLEEPBEFORE_END,1516290045714,74
562,WS_SEND_START,1516290045714,74
562,WS_SEND_END,1516290045714,74
562,WS_RECV_START,1516290045714,75
562,WS_RECV_END,1516290047098,75
562,PLAYER_SLEEPBEFORE_START,1516290047098,76
562,PLAYER_SLEEPBEFORE_END,1516290048604,76
562,WS_SEND_START,1516290048604,76
562,WS_SEND_END,1516290048604,76
562,WS_RECV_START,1516290048604,77
562,WS_RECV_END,1516290049555,77
562,PLAYER_SLEEPBEFORE_START,1516290049555,78
562,PLAYER_SLEEPBEFORE_END,1516290050423,78
562,WS_SEND_START,1516290050423,78
562,WS_SEND_END,1516290050423,78
562,WS_RECV_START,1516290050423,79
562,WS_RECV_END,1516290053185,79
562,PLAYER_SLEEPBEFORE_START,1516290053185,80
562,PLAYER_SLEEPBEFORE_END,1516290060851,80
562,WS_SEND_START,1516290060851,80
562,WS_SEND_END,1516290060851,80
562,WS_RECV_START,1516290060851,81
562,WS_RECV_END,1516290066722,81
562,PLAYER_SLEEPBEFORE_START,1516290066722,82
562,PLAYER_SLEEPBEFORE_END,1516290067824,82
562,WS_SEND_START,1516290067824,82
562,WS_SEND_END,1516290067824,82
562,WS_RECV_START,1516290067824,83
562,WS_RECV_END,1516290069656,83
562,PLAYER_SLEEPBEFORE_START,1516290069656,84
562,PLAYER_SLEEPBEFORE_END,1516290070603,84
562,WS_SEND_START,1516290070603,84
562,WS_SEND_END,1516290070603,84
562,WS_RECV_START,1516290070603,85
562,WS_RECV_END,1516290073281,85
562,PLAYER_SLEEPBEFORE_START,1516290073281,86
562,PLAYER_SLEEPBEFORE_END,1516290077453,86
562,WS_SEND_START,1516290077453,86
562,WS_SEND_END,1516290077453,86
562,WS_RECV_START,1516290077453,87
562,WS_RECV_END,1516290081830,87
562,PLAYER_SLEEPBEFORE_START,1516290081830,88
562,PLAYER_SLEEPBEFORE_END,1516290081838,88
562,WS_SEND_START,1516290081838,88
562,WS_SEND_END,1516290081838,88
562,WS_RECV_START,1516290081838,89
562,WS_RECV_END,1516290084997,89
562,PLAYER_SLEEPBEFORE_START,1516290084997,90
562,PLAYER_SLEEPBEFORE_END,1516290112194,90
562,REQ_START,1516290112194,90
562,REQ_END,1516290112202,90
562,PLAYER_SLEEPBEFORE_START,1516290112202,91
562,PLAYER_SLEEPBEFORE_END,1516290120091,91
562,WS_SEND_START,1516290120091,91
562,WS_SEND_END,1516290120091,91
562,WS_RECV_START,1516290120091,92
562,WS_RECV_END,1516290127926,92
562,PLAYER_SLEEPBEFORE_START,1516290127926,93
562,PLAYER_SLEEPBEFORE_END,1516290127941,93
562,WS_SEND_START,1516290127941,93
562,WS_SEND_END,1516290127941,93
562,WS_RECV_START,1516290127941,94
562,WS_RECV_END,1516290131510,94
562,PLAYER_SLEEPBEFORE_START,1516290131510,95
562,PLAYER_SLEEPBEFORE_END,1516290155065,95
562,WS_SEND_START,1516290155065,95
562,WS_SEND_END,1516290155065,95
562,WS_RECV_START,1516290155065,96
562,WS_RECV_END,1516290159634,96
562,PLAYER_SLEEPBEFORE_START,1516290159634,97
562,PLAYER_SLEEPBEFORE_END,1516290182074,97
562,WS_SEND_START,1516290182075,97
562,WS_SEND_END,1516290182075,97
562,WS_RECV_START,1516290182075,98
562,WS_RECV_END,1516290188186,98
562,PLAYER_SLEEPBEFORE_START,1516290188186,99
562,PLAYER_SLEEPBEFORE_END,1516290188207,99
562,WS_SEND_START,1516290188207,99
562,WS_SEND_END,1516290188207,99
562,WS_RECV_START,1516290188207,100
562,WS_RECV_END,1516290191699,100
562,PLAYER_SLEEPBEFORE_START,1516290191699,101
562,PLAYER_SLEEPBEFORE_END,1516290215258,101
562,WS_SEND_START,1516290215258,101
562,WS_SEND_END,1516290215258,101
562,WS_RECV_START,1516290215258,102
562,WS_RECV_END,1516290221958,102
562,PLAYER_SLEEPBEFORE_START,1516290221958,103
562,PLAYER_SLEEPBEFORE_END,1516290245583,103
562,WS_SEND_START,1516290245583,103
562,WS_SEND_END,1516290245583,103
562,WS_RECV_START,1516290245583,104
562,WS_RECV_END,1516290251910,104
562,PLAYER_SLEEPBEFORE_START,1516290251910,105
562,PLAYER_SLEEPBEFORE_END,1516290277287,105
562,WS_SEND_START,1516290277287,105
562,WS_SEND_END,1516290277287,105
562,WS_RECV_START,1516290277287,106
562,WS_RECV_END,1516290285408,106
562,PLAYER_SLEEPBEFORE_START,1516290285408,107
562,PLAYER_SLEEPBEFORE_END,1516290308832,107
562,WS_SEND_START,1516290308832,107
562,WS_SEND_END,1516290308832,107
562,WS_RECV_START,1516290308832,108
562,WS_RECV_END,1516290314268,108
562,PLAYER_SLEEPBEFORE_START,1516290314268,109
562,PLAYER_SLEEPBEFORE_END,1516290314277,109
562,WS_SEND_START,1516290314277,109
562,WS_SEND_END,1516290314277,109
562,WS_RECV_START,1516290314277,110
562,WS_RECV_END,1516290316383,110
562,PLAYER_SLEEPBEFORE_START,1516290316383,111
562,PLAYER_SLEEPBEFORE_END,1516290317342,111
562,WS_SEND_START,1516290317342,111
562,WS_SEND_END,1516290317342,111
562,WS_RECV_START,1516290317342,112
562,WS_RECV_END,1516290320177,112
562,PLAYER_SLEEPBEFORE_START,1516290320177,113
562,PLAYER_SLEEPBEFORE_END,1516290320739,113
562,WS_SEND_START,1516290320739,113
562,WS_SEND_END,1516290320739,113
562,WS_RECV_START,1516290320739,114
562,WS_RECV_END,1516290324035,114
562,PLAYER_SLEEPBEFORE_START,1516290324035,115
562,PLAYER_SLEEPBEFORE_END,1516290324044,115
562,WS_SEND_START,1516290324044,115
562,WS_SEND_END,1516290324044,115
562,WS_RECV_START,1516290324044,116
562,WS_RECV_END,1516290327505,116
562,PLAYER_SLEEPBEFORE_START,1516290327505,117
562,PLAYER_SLEEPBEFORE_END,1516290347866,117
562,WS_SEND_START,1516290347866,117
562,WS_SEND_END,1516290347866,117
562,PLAYER_SLEEPBEFORE_START,1516290347866,118
562,PLAYER_SLEEPBEFORE_END,1516290351618,118
562,WS_SEND_START,1516290351618,118
562,WS_SEND_END,1516290351618,118
562,WS_RECV_START,1516290351618,119
562,WS_RECV_END,1516290353072,119
562,PLAYER_SLEEPBEFORE_START,1516290353072,120
562,PLAYER_SLEEPBEFORE_END,1516290354060,120
562,WS_SEND_START,1516290354060,120
562,WS_SEND_END,1516290354060,120
562,WS_RECV_START,1516290354060,121
562,WS_RECV_END,1516290361182,121
562,PLAYER_SLEEPBEFORE_START,1516290361182,122
562,PLAYER_SLEEPBEFORE_END,1516290362367,122
562,WS_SEND_START,1516290362367,122
562,WS_SEND_END,1516290362367,122
562,WS_RECV_START,1516290362367,123
562,WS_RECV_END,1516290366068,123
562,PLAYER_SLEEPBEFORE_START,1516290366068,124
562,PLAYER_SLEEPBEFORE_END,1516290390474,124
562,WS_SEND_START,1516290390474,124
562,WS_SEND_END,1516290390474,124
562,WS_RECV_START,1516290390474,125
562,WS_RECV_END,1516290398527,125
562,PLAYER_SLEEPBEFORE_START,1516290398527,126
562,PLAYER_SLEEPBEFORE_END,1516290419039,126
562,WS_SEND_START,1516290419039,126
562,WS_SEND_END,1516290419039,126
562,PLAYER_SLEEPBEFORE_START,1516290419039,127
562,PLAYER_SLEEPBEFORE_END,1516290422093,127
562,WS_SEND_START,1516290422093,127
562,WS_SEND_END,1516290422093,127
562,WS_RECV_START,1516290422093,128
562,WS_RECV_END,1516290425985,128
562,PLAYER_SLEEPBEFORE_START,1516290425985,129
562,PLAYER_SLEEPBEFORE_END,1516290426005,129
562,WS_SEND_START,1516290426005,129
562,WS_SEND_END,1516290426005,129
562,WS_RECV_START,1516290426005,130
562,WS_RECV_END,1516290431201,130
562,PLAYER_SLEEPBEFORE_START,1516290431201,131
562,PLAYER_SLEEPBEFORE_END,1516290452826,131
562,WS_SEND_START,1516290452826,131
562,WS_SEND_END,1516290452826,131
562,PLAYER_SLEEPBEFORE_START,1516290452826,132
562,PLAYER_SLEEPBEFORE_END,1516290455906,132
562,WS_SEND_START,1516290455906,132
562,WS_SEND_END,1516290455906,132
562,WS_RECV_START,1516290455906,133
562,WS_RECV_END,1516290461926,133
562,PLAYER_SLEEPBEFORE_START,1516290461926,134
562,PLAYER_SLEEPBEFORE_END,1516290483143,134
562,WS_SEND_START,1516290483143,134
562,WS_SEND_END,1516290483143,134
562,PLAYER_SLEEPBEFORE_START,1516290483143,135
562,PLAYER_SLEEPBEFORE_END,1516290486333,135
562,WS_SEND_START,1516290486333,135
562,WS_SEND_END,1516290486333,135
562,WS_RECV_START,1516290486333,136
562,WS_RECV_END,1516290489509,136
562,PLAYER_SLEEPBEFORE_START,1516290489509,137
562,PLAYER_SLEEPBEFORE_END,1516290489516,137
562,WS_SEND_START,1516290489516,137
562,WS_SEND_END,1516290489516,137
562,WS_RECV_START,1516290489516,138
562,WS_RECV_END,1516290493120,138
562,PLAYER_SLEEPBEFORE_START,1516290493120,139
562,PLAYER_SLEEPBEFORE_END,1516290493810,139
562,WS_SEND_START,1516290493810,139
562,WS_SEND_END,1516290493810,139
562,WS_RECV_START,1516290493810,140
562,WS_RECV_END,1516290499660,140
562,PLAYER_SLEEPBEFORE_START,1516290499660,141
562,PLAYER_SLEEPBEFORE_END,1516290500315,141
562,WS_SEND_START,1516290500315,141
562,WS_SEND_END,1516290500315,141
562,WS_RECV_START,1516290500315,142
562,WS_RECV_END,1516290505795,142
562,PLAYER_SLEEPBEFORE_START,1516290505795,143
562,PLAYER_SLEEPBEFORE_END,1516290505852,143
562,WS_SEND_START,1516290505852,143
562,WS_SEND_END,1516290505852,143
562,WS_RECV_START,1516290505852,144
562,WS_RECV_END,1516290511978,144
562,PLAYER_SLEEPBEFORE_START,1516290511978,145
562,PLAYER_SLEEPBEFORE_END,1516290528040,145
562,REQ_START,1516290528040,145
562,REQ_END,1516290528048,145
562,PLAYER_SLEEPBEFORE_START,1516290528048,146
562,PLAYER_SLEEPBEFORE_END,1516290536925,146
562,WS_SEND_START,1516290536925,146
562,WS_SEND_END,1516290536925,146
562,WS_RECV_START,1516290536925,147
562,WS_RECV_END,1516290547684,147
562,PLAYER_SLEEPBEFORE_START,1516290547684,148
562,PLAYER_SLEEPBEFORE_END,1516290569606,148
562,WS_SEND_START,1516290569606,148
562,WS_SEND_END,1516290569606,148
562,PLAYER_SLEEPBEFORE_START,1516290569606,149
562,PLAYER_SLEEPBEFORE_END,1516290572034,149
562,WS_SEND_START,1516290572034,149
562,WS_SEND_END,1516290572034,149
562,WS_RECV_START,1516290572034,150
562,WS_RECV_END,1516290580693,150
562,PLAYER_SLEEPBEFORE_START,1516290580694,151
562,PLAYER_SLEEPBEFORE_END,1516290580904,151
562,WS_SEND_START,1516290580904,151
562,WS_SEND_END,1516290580904,151
562,WS_RECV_START,1516290580904,152
562,WS_RECV_END,1516290586472,152
562,PLAYER_SLEEPBEFORE_START,1516290586472,153
562,PLAYER_SLEEPBEFORE_END,1516290610399,153
562,WS_SEND_START,1516290610399,153
562,WS_SEND_END,1516290610399,153
562,WS_RECV_START,1516290610399,154
562,WS_RECV_END,1516290616966,154
562,PLAYER_SLEEPBEFORE_START,1516290616966,155
562,PLAYER_SLEEPBEFORE_END,1516290639525,155
562,WS_SEND_START,1516290639525,155
562,WS_SEND_END,1516290639525,155
562,PLAYER_SLEEPBEFORE_START,1516290639525,156
562,PLAYER_SLEEPBEFORE_END,1516290642799,156
562,WS_SEND_START,1516290642799,156
562,WS_SEND_END,1516290642799,156
562,WS_RECV_START,1516290642799,157
562,WS_RECV_END,1516290645182,157
562,PLAYER_SLEEPBEFORE_START,1516290645182,158
562,PLAYER_SLEEPBEFORE_END,1516290645192,158
562,WS_SEND_START,1516290645192,158
562,WS_SEND_END,1516290645192,158
562,WS_RECV_START,1516290645192,159
562,WS_RECV_END,1516290648381,159
562,PLAYER_SLEEPBEFORE_START,1516290648381,160
562,PLAYER_SLEEPBEFORE_END,1516290648556,160
562,WS_SEND_START,1516290648556,160
562,WS_SEND_END,1516290648556,160
562,WS_RECV_START,1516290648556,161
562,WS_RECV_END,1516290651981,161
562,PLAYER_SLEEPBEFORE_START,1516290651981,162
562,PLAYER_SLEEPBEFORE_END,1516290652006,162
562,WS_SEND_START,1516290652006,162
562,WS_SEND_END,1516290652006,162
562,WS_RECV_START,1516290652006,163
562,WS_RECV_END,1516290655222,163
562,PLAYER_SLEEPBEFORE_START,1516290655222,164
562,PLAYER_SLEEPBEFORE_END,1516290676034,164
562,WS_SEND_START,1516290676034,164
562,WS_SEND_END,1516290676034,164
562,WS_RECV_START,1516290676034,165
562,WS_RECV_END,1516290680468,165
562,PLAYER_SLEEPBEFORE_START,1516290680468,166
562,PLAYER_SLEEPBEFORE_END,1516290702923,166
562,WS_SEND_START,1516290702923,166
562,WS_SEND_END,1516290702923,166
562,WS_RECV_START,1516290702923,167
562,WS_RECV_END,1516290705324,167
562,PLAYER_SLEEPBEFORE_START,1516290705324,168
562,PLAYER_SLEEPBEFORE_END,1516290732681,168
562,WS_SEND_START,1516290732681,168
562,WS_SEND_END,1516290732681,168
562,WS_RECV_START,1516290732681,169
562,WS_RECV_END,1516290734603,169
562,PLAYER_SLEEPBEFORE_START,1516290734603,170
562,PLAYER_SLEEPBEFORE_END,1516290734612,170
562,WS_SEND_START,1516290734612,170
562,WS_SEND_END,1516290734612,170
562,WS_RECV_START,1516290734612,171
562,WS_RECV_END,1516290735709,171
562,PLAYER_SLEEPBEFORE_START,1516290735709,172
562,PLAYER_SLEEPBEFORE_END,1516290736078,172
562,WS_SEND_START,1516290736078,172
562,WS_SEND_END,1516290736078,172
562,WS_RECV_START,1516290736078,173
562,WS_RECV_END,1516290736975,173
562,PLAYER_SLEEPBEFORE_START,1516290736975,174
562,PLAYER_SLEEPBEFORE_END,1516290737016,174
562,WS_SEND_START,1516290737016,174
562,WS_SEND_END,1516290737016,174
562,WS_RECV_START,1516290737016,175
562,WS_RECV_END,1516290738407,175
562,PLAYER_SLEEPBEFORE_START,1516290738407,176
562,PLAYER_SLEEPBEFORE_END,1516290760169,176
562,WS_SEND_START,1516290760169,176
562,WS_SEND_END,1516290760169,176
562,PLAYER_SLEEPBEFORE_START,1516290760169,177
562,PLAYER_SLEEPBEFORE_END,1516290762687,177
562,WS_SEND_START,1516290762687,177
562,WS_SEND_END,1516290762687,177
562,WS_RECV_START,1516290762687,178
562,WS_RECV_END,1516290762930,178
562,PLAYER_SLEEPBEFORE_START,1516290762930,179
562,PLAYER_SLEEPBEFORE_END,1516290785270,179
562,WS_SEND_START,1516290785270,179
562,WS_SEND_END,1516290785270,179
562,WS_RECV_START,1516290785270,180
562,WS_RECV_END,1516290785463,180
562,PLAYER_SLEEPBEFORE_START,1516290785463,181
562,PLAYER_SLEEPBEFORE_END,1516290785907,181
562,WS_SEND_START,1516290785907,181
562,WS_SEND_END,1516290785907,181
562,WS_RECV_START,1516290785907,182
562,WS_RECV_END,1516290786035,182
562,PLAYER_SLEEPBEFORE_START,1516290786035,183
562,PLAYER_SLEEPBEFORE_END,1516290786558,183
562,WS_SEND_START,1516290786558,183
562,WS_SEND_END,1516290786558,183
562,WS_RECV_START,1516290786558,184
562,WS_RECV_END,1516290786715,184
562,PLAYER_SLEEPBEFORE_START,1516290786715,185
562,PLAYER_SLEEPBEFORE_END,1516290786983,185
562,WS_SEND_START,1516290786983,185
562,WS_SEND_END,1516290786983,185
562,WS_RECV_START,1516290786983,186
562,WS_RECV_END,1516290787283,186
562,PLAYER_SLEEPBEFORE_START,1516290787283,187
562,PLAYER_SLEEPBEFORE_END,1516290809783,187
562,WS_SEND_START,1516290809783,187
562,WS_SEND_END,1516290809783,187
562,WS_RECV_START,1516290809783,188
562,WS_RECV_END,1516290809838,188
562,PLAYER_SLEEPBEFORE_START,1516290809838,189
562,PLAYER_SLEEPBEFORE_END,1516290816077,189
562,WS_SEND_START,1516290816077,189
562,WS_SEND_END,1516290816077,189
562,WS_RECV_START,1516290816077,190
562,WS_RECV_END,1516290816211,190
562,PLAYER_SLEEPBEFORE_START,1516290816211,191
562,PLAYER_SLEEPBEFORE_END,1516290818126,191
562,WS_SEND_START,1516290818126,191
562,WS_SEND_END,1516290818126,191
562,WS_RECV_START,1516290818126,192
562,WS_RECV_END,1516290818299,192
562,PLAYER_SLEEPBEFORE_START,1516290818299,193
562,PLAYER_SLEEPBEFORE_END,1516290818427,193
562,WS_SEND_START,1516290818427,193
562,WS_SEND_END,1516290818427,193
562,WS_RECV_START,1516290818427,194
562,WS_RECV_END,1516290818949,194
562,PLAYER_SLEEPBEFORE_START,1516290818949,195
562,PLAYER_SLEEPBEFORE_END,1516290820704,195
562,WS_SEND_START,1516290820704,195
562,WS_SEND_END,1516290820704,195
562,WS_RECV_START,1516290820704,196
562,WS_RECV_END,1516290820844,196
562,PLAYER_SLEEPBEFORE_START,1516290820844,197
562,PLAYER_SLEEPBEFORE_END,1516290822648,197
562,WS_SEND_START,1516290822648,197
562,WS_SEND_END,1516290822648,197
562,WS_RECV_START,1516290822648,198
562,WS_RECV_END,1516290823165,198
562,PLAYER_SLEEPBEFORE_START,1516290823165,199
562,PLAYER_SLEEPBEFORE_END,1516290835019,199
562,WS_SEND_START,1516290835019,199
562,WS_SEND_END,1516290835019,199
562,PLAYER_SLEEPBEFORE_START,1516290835019,200
562,PLAYER_SLEEPBEFORE_END,1516290839107,200
562,WS_SEND_START,1516290839107,200
562,WS_SEND_END,1516290839107,200
562,WS_RECV_START,1516290839107,201
562,WS_RECV_END,1516290839209,201
562,PLAYER_SLEEPBEFORE_START,1516290839209,202
562,PLAYER_SLEEPBEFORE_END,1516290839223,202
562,WS_SEND_START,1516290839223,202
562,WS_SEND_END,1516290839223,202
562,WS_RECV_START,1516290839223,203
562,WS_RECV_END,1516290839357,203
562,PLAYER_SLEEPBEFORE_START,1516290839357,204
562,PLAYER_SLEEPBEFORE_END,1516290859006,204
562,WS_SEND_START,1516290859006,204
562,WS_SEND_END,1516290859006,204
562,PLAYER_SLEEPBEFORE_START,1516290859006,205
562,PLAYER_SLEEPBEFORE_END,1516290862904,205
562,WS_SEND_START,1516290862904,205
562,WS_SEND_END,1516290862904,205
562,WS_RECV_START,1516290862904,206
562,WS_RECV_END,1516290863107,206
562,PLAYER_SLEEPBEFORE_START,1516290863107,207
562,PLAYER_SLEEPBEFORE_END,1516290880038,207
562,REQ_START,1516290880038,207
562,REQ_END,1516290880047,207
562,PLAYER_SLEEPBEFORE_START,1516290880047,208
562,PLAYER_SLEEPBEFORE_END,1516290886899,208
562,WS_CLOSE_START,1516290886899,208
562,WS_CLOSE_END,1516290886899,208
562,PLAYER_DONE,1516290886899
