# --sessions 720 --app-url=http://shinyloadtest.rstudioservices.com/cran_explorer --output-dir test720 --overwrite-output --log-level warn --start-interval 500 15min.log
thread_id,event,timestamp,input_line_number,comment
618,PLAYER_SESSION_CREATE,1516289462176
618,PLAYER_START_INTERVAL_START,1516289462176
618,PLAYER_START_INTERVAL_END,1516289771176
618,REQ_HOME_START,1516289771176,2
618,REQ_HOME_END,1516289772579,2
618,REQ_START,1516289772579,3
618,REQ_END,1516289772791,3
618,REQ_START,1516289772791,4
618,REQ_END,1516289773104,4
618,REQ_START,1516289773104,5
618,REQ_END,1516289773853,5
618,REQ_START,1516289773853,6
618,REQ_END,1516289774108,6
618,REQ_START,1516289774108,7
618,REQ_END,1516289774154,7
618,REQ_START,1516289774154,8
618,REQ_END,1516289774211,8
618,REQ_START,1516289774212,9
618,REQ_END,1516289774267,9
618,REQ_START,1516289774267,10
618,REQ_END,1516289774276,10
618,REQ_START,1516289774276,11
618,REQ_END,1516289774498,11
618,REQ_START,1516289774498,12
618,REQ_END,1516289774508,12
618,REQ_START,1516289774508,13
618,REQ_END,1516289775211,13
618,REQ_START,1516289775211,14
618,REQ_END,1516289775228,14
618,REQ_START,1516289775228,15
618,REQ_END,1516289776870,15
618,REQ_TOK_START,1516289776870,16
618,REQ_TOK_END,1516289776878,16
618,REQ_SINF_START,1516289776878,17
618,REQ_SINF_END,1516289776885,17
618,WS_OPEN_START,1516289776885,18
618,WS_OPEN_END,1516289776892,18
618,REQ_START,1516289776892,19
618,REQ_END,1516289778110,19
618,WS_RECV_START,1516289778110,20
618,WS_RECV_END,1516289778110,20
618,PLAYER_SLEEPBEFORE_START,1516289778110,21
618,PLAYER_SLEEPBEFORE_END,1516289778115,21
618,WS_SEND_START,1516289778115,21
618,WS_SEND_END,1516289778115,21
618,PLAYER_SLEEPBEFORE_START,1516289778115,22
618,PLAYER_SLEEPBEFORE_END,1516289778116,22
618,WS_SEND_START,1516289778116,22
618,WS_SEND_END,1516289778116,22
618,WS_RECV_INIT_START,1516289778116,23
618,WS_RECV_INIT_END,1516289778244,23
618,WS_RECV_START,1516289778244,24
618,WS_RECV_END,1516289778307,24
618,PLAYER_SLEEPBEFORE_START,1516289778307,25
618,PLAYER_SLEEPBEFORE_END,1516289778314,25
618,REQ_START,1516289778314,25
618,REQ_END,1516289778880,25
618,PLAYER_SLEEPBEFORE_START,1516289778880,26
618,PLAYER_SLEEPBEFORE_END,1516289778881,26
618,REQ_START,1516289778881,26
618,REQ_END,1516289781907,26
618,PLAYER_SLEEPBEFORE_START,1516289781907,27
618,PLAYER_SLEEPBEFORE_END,1516289781910,27
618,REQ_START,1516289781910,27
618,REQ_END,1516289786378,27
618,PLAYER_SLEEPBEFORE_START,1516289786378,28
618,PLAYER_SLEEPBEFORE_END,1516289786663,28
618,REQ_START,1516289786663,28
618,REQ_END,1516289788080,28
618,PLAYER_SLEEPBEFORE_START,1516289788080,29
618,PLAYER_SLEEPBEFORE_END,1516289788255,29
618,WS_SEND_START,1516289788255,29
618,WS_SEND_END,1516289788255,29
618,WS_RECV_START,1516289788255,30
618,WS_RECV_END,1516289789298,30
618,PLAYER_SLEEPBEFORE_START,1516289789298,31
618,PLAYER_SLEEPBEFORE_END,1516289789309,31
618,REQ_START,1516289789309,31
618,REQ_END,1516289792288,31
618,PLAYER_SLEEPBEFORE_START,1516289792288,32
618,PLAYER_SLEEPBEFORE_END,1516289820433,32
618,WS_SEND_START,1516289820433,32
618,WS_SEND_END,1516289820433,32
618,WS_RECV_START,1516289820433,33
618,WS_RECV_END,1516289821481,33
618,PLAYER_SLEEPBEFORE_START,1516289821481,34
618,PLAYER_SLEEPBEFORE_END,1516289847393,34
618,WS_SEND_START,1516289847393,34
618,WS_SEND_END,1516289847393,34
618,WS_RECV_START,1516289847393,35
618,WS_RECV_END,1516289850627,35
618,PLAYER_SLEEPBEFORE_START,1516289850627,36
618,PLAYER_SLEEPBEFORE_END,1516289850636,36
618,WS_SEND_START,1516289850636,36
618,WS_SEND_END,1516289850636,36
618,WS_RECV_START,1516289850636,37
618,WS_RECV_END,1516289851914,37
618,PLAYER_SLEEPBEFORE_START,1516289851914,38
618,PLAYER_SLEEPBEFORE_END,1516289855109,38
618,WS_SEND_START,1516289855109,38
618,WS_SEND_END,1516289855109,38
618,WS_RECV_START,1516289855109,39
618,WS_RECV_END,1516289857607,39
618,PLAYER_SLEEPBEFORE_START,1516289857607,40
618,PLAYER_SLEEPBEFORE_END,1516289857653,40
618,WS_SEND_START,1516289857653,40
618,WS_SEND_END,1516289857653,40
618,WS_RECV_START,1516289857653,41
618,WS_RECV_END,1516289858773,41
618,PLAYER_SLEEPBEFORE_START,1516289858773,42
618,PLAYER_SLEEPBEFORE_END,1516289876908,42
618,WS_SEND_START,1516289876909,42
618,WS_SEND_END,1516289876909,42
618,WS_RECV_START,1516289876909,43
618,WS_RECV_END,1516289878826,43
618,PLAYER_SLEEPBEFORE_START,1516289878826,44
618,PLAYER_SLEEPBEFORE_END,1516289878838,44
618,WS_SEND_START,1516289878838,44
618,WS_SEND_END,1516289878838,44
618,WS_RECV_START,1516289878838,45
618,WS_RECV_END,1516289880202,45
618,PLAYER_SLEEPBEFORE_START,1516289880202,46
618,PLAYER_SLEEPBEFORE_END,1516289881462,46
618,WS_SEND_START,1516289881462,46
618,WS_SEND_END,1516289881462,46
618,WS_RECV_START,1516289881462,47
618,WS_RECV_END,1516289881666,47
618,PLAYER_SLEEPBEFORE_START,1516289881666,48
618,PLAYER_SLEEPBEFORE_END,1516289882986,48
618,WS_SEND_START,1516289882986,48
618,WS_SEND_END,1516289882986,48
618,WS_RECV_START,1516289882986,49
618,WS_RECV_END,1516289884620,49
618,PLAYER_SLEEPBEFORE_START,1516289884620,50
618,PLAYER_SLEEPBEFORE_END,1516289884645,50
618,WS_SEND_START,1516289884645,50
618,WS_SEND_END,1516289884645,50
618,WS_RECV_START,1516289884645,51
618,WS_RECV_END,1516289885471,51
618,PLAYER_SLEEPBEFORE_START,1516289885471,52
618,PLAYER_SLEEPBEFORE_END,1516289908035,52
618,WS_SEND_START,1516289908035,52
618,WS_SEND_END,1516289908035,52
618,WS_RECV_START,1516289908035,53
618,WS_RECV_END,1516289910350,53
618,PLAYER_SLEEPBEFORE_START,1516289910351,54
618,PLAYER_SLEEPBEFORE_END,1516289931654,54
618,WS_SEND_START,1516289931654,54
618,WS_SEND_END,1516289931654,54
618,PLAYER_SLEEPBEFORE_START,1516289931654,55
618,PLAYER_SLEEPBEFORE_END,1516289933595,55
618,WS_SEND_START,1516289933595,55
618,WS_SEND_END,1516289933595,55
618,WS_RECV_START,1516289933595,56
618,WS_RECV_END,1516289934006,56
618,PLAYER_SLEEPBEFORE_START,1516289934006,57
618,PLAYER_SLEEPBEFORE_END,1516289956878,57
618,WS_SEND_START,1516289956878,57
618,WS_SEND_END,1516289956878,57
618,WS_RECV_START,1516289956878,58
618,WS_RECV_END,1516289961466,58
618,PLAYER_SLEEPBEFORE_START,1516289961466,59
618,PLAYER_SLEEPBEFORE_END,1516289963793,59
618,WS_SEND_START,1516289963793,59
618,WS_SEND_END,1516289963793,59
618,WS_RECV_START,1516289963793,60
618,WS_RECV_END,1516289967925,60
618,PLAYER_SLEEPBEFORE_START,1516289967925,61
618,PLAYER_SLEEPBEFORE_END,1516289971516,61
618,WS_SEND_START,1516289971516,61
618,WS_SEND_END,1516289971516,61
618,WS_RECV_START,1516289971516,62
618,WS_RECV_END,1516289974571,62
618,PLAYER_SLEEPBEFORE_START,1516289974571,63
618,PLAYER_SLEEPBEFORE_END,1516289993834,63
618,WS_SEND_START,1516289993834,63
618,WS_SEND_END,1516289993834,63
618,WS_RECV_START,1516289993834,64
618,WS_RECV_END,1516289998769,64
618,PLAYER_SLEEPBEFORE_START,1516289998769,65
618,PLAYER_SLEEPBEFORE_END,1516290025586,65
618,WS_SEND_START,1516290025586,65
618,WS_SEND_END,1516290025586,65
618,WS_RECV_START,1516290025586,66
618,WS_RECV_END,1516290030795,66
618,PLAYER_SLEEPBEFORE_START,1516290030795,67
618,PLAYER_SLEEPBEFORE_END,1516290032302,67
618,WS_SEND_START,1516290032302,67
618,WS_SEND_END,1516290032302,67
618,WS_RECV_START,1516290032302,68
618,WS_RECV_END,1516290036685,68
618,PLAYER_SLEEPBEFORE_START,1516290036685,69
618,PLAYER_SLEEPBEFORE_END,1516290058683,69
618,WS_SEND_START,1516290058683,69
618,WS_SEND_END,1516290058683,69
618,WS_RECV_START,1516290058683,70
618,WS_RECV_END,1516290062591,70
618,PLAYER_SLEEPBEFORE_START,1516290062591,71
618,PLAYER_SLEEPBEFORE_END,1516290087366,71
618,WS_SEND_START,1516290087366,71
618,WS_SEND_END,1516290087366,71
618,PLAYER_SLEEPBEFORE_START,1516290087366,72
618,PLAYER_SLEEPBEFORE_END,1516290089973,72
618,WS_SEND_START,1516290089973,72
618,WS_SEND_END,1516290089974,72
618,WS_RECV_START,1516290089974,73
618,WS_RECV_END,1516290092037,73
618,PLAYER_SLEEPBEFORE_START,1516290092037,74
618,PLAYER_SLEEPBEFORE_END,1516290092046,74
618,WS_SEND_START,1516290092046,74
618,WS_SEND_END,1516290092046,74
618,WS_RECV_START,1516290092046,75
618,WS_RECV_END,1516290093846,75
618,PLAYER_SLEEPBEFORE_START,1516290093846,76
618,PLAYER_SLEEPBEFORE_END,1516290095352,76
618,WS_SEND_START,1516290095352,76
618,WS_SEND_END,1516290095352,76
618,WS_RECV_START,1516290095352,77
618,WS_RECV_END,1516290100088,77
618,PLAYER_SLEEPBEFORE_START,1516290100088,78
618,PLAYER_SLEEPBEFORE_END,1516290100956,78
618,WS_SEND_START,1516290100956,78
618,WS_SEND_END,1516290100956,78
618,WS_RECV_START,1516290100956,79
618,WS_RECV_END,1516290103676,79
618,PLAYER_SLEEPBEFORE_START,1516290103676,80
618,PLAYER_SLEEPBEFORE_END,1516290111342,80
618,WS_SEND_START,1516290111342,80
618,WS_SEND_END,1516290111342,80
618,WS_RECV_START,1516290111342,81
618,WS_RECV_END,1516290119334,81
618,PLAYER_SLEEPBEFORE_START,1516290119334,82
618,PLAYER_SLEEPBEFORE_END,1516290120437,82
618,WS_SEND_START,1516290120437,82
618,WS_SEND_END,1516290120437,82
618,WS_RECV_START,1516290120437,83
618,WS_RECV_END,1516290122909,83
618,PLAYER_SLEEPBEFORE_START,1516290122909,84
618,PLAYER_SLEEPBEFORE_END,1516290123856,84
618,WS_SEND_START,1516290123856,84
618,WS_SEND_END,1516290123856,84
618,WS_RECV_START,1516290123856,85
618,WS_RECV_END,1516290127272,85
618,PLAYER_SLEEPBEFORE_START,1516290127272,86
618,PLAYER_SLEEPBEFORE_END,1516290131444,86
618,WS_SEND_START,1516290131444,86
618,WS_SEND_END,1516290131444,86
618,WS_RECV_START,1516290131444,87
618,WS_RECV_END,1516290136680,87
618,PLAYER_SLEEPBEFORE_START,1516290136680,88
618,PLAYER_SLEEPBEFORE_END,1516290136688,88
618,WS_SEND_START,1516290136688,88
618,WS_SEND_END,1516290136688,88
618,WS_RECV_START,1516290136688,89
618,WS_RECV_END,1516290139355,89
618,PLAYER_SLEEPBEFORE_START,1516290139355,90
618,PLAYER_SLEEPBEFORE_END,1516290166552,90
618,REQ_START,1516290166552,90
618,REQ_END,1516290166560,90
618,PLAYER_SLEEPBEFORE_START,1516290166560,91
618,PLAYER_SLEEPBEFORE_END,1516290174450,91
618,WS_SEND_START,1516290174450,91
618,WS_SEND_END,1516290174450,91
618,WS_RECV_START,1516290174450,92
618,WS_RECV_END,1516290179450,92
618,PLAYER_SLEEPBEFORE_START,1516290179450,93
618,PLAYER_SLEEPBEFORE_END,1516290179465,93
618,WS_SEND_START,1516290179465,93
618,WS_SEND_END,1516290179465,93
618,WS_RECV_START,1516290179465,94
618,WS_RECV_END,1516290181849,94
618,PLAYER_SLEEPBEFORE_START,1516290181849,95
618,PLAYER_SLEEPBEFORE_END,1516290205404,95
618,WS_SEND_START,1516290205404,95
618,WS_SEND_END,1516290205404,95
618,WS_RECV_START,1516290205404,96
618,WS_RECV_END,1516290208308,96
618,PLAYER_SLEEPBEFORE_START,1516290208308,97
618,PLAYER_SLEEPBEFORE_END,1516290230748,97
618,WS_SEND_START,1516290230748,97
618,WS_SEND_END,1516290230748,97
618,WS_RECV_START,1516290230748,98
618,WS_RECV_END,1516290236510,98
618,PLAYER_SLEEPBEFORE_START,1516290236510,99
618,PLAYER_SLEEPBEFORE_END,1516290236531,99
618,WS_SEND_START,1516290236531,99
618,WS_SEND_END,1516290236531,99
618,WS_RECV_START,1516290236531,100
618,WS_RECV_END,1516290239851,100
618,PLAYER_SLEEPBEFORE_START,1516290239851,101
618,PLAYER_SLEEPBEFORE_END,1516290263410,101
618,WS_SEND_START,1516290263410,101
618,WS_SEND_END,1516290263410,101
618,WS_RECV_START,1516290263410,102
618,WS_RECV_END,1516290268048,102
618,PLAYER_SLEEPBEFORE_START,1516290268048,103
618,PLAYER_SLEEPBEFORE_END,1516290291673,103
618,WS_SEND_START,1516290291673,103
618,WS_SEND_END,1516290291673,103
618,WS_RECV_START,1516290291673,104
618,WS_RECV_END,1516290296670,104
618,PLAYER_SLEEPBEFORE_START,1516290296670,105
618,PLAYER_SLEEPBEFORE_END,1516290322047,105
618,WS_SEND_START,1516290322047,105
618,WS_SEND_END,1516290322047,105
618,WS_RECV_START,1516290322047,106
618,WS_RECV_END,1516290328767,106
618,PLAYER_SLEEPBEFORE_START,1516290328767,107
618,PLAYER_SLEEPBEFORE_END,1516290352190,107
618,WS_SEND_START,1516290352190,107
618,WS_SEND_END,1516290352190,107
618,WS_RECV_START,1516290352190,108
618,WS_RECV_END,1516290358288,108
618,PLAYER_SLEEPBEFORE_START,1516290358288,109
618,PLAYER_SLEEPBEFORE_END,1516290358298,109
618,WS_SEND_START,1516290358298,109
618,WS_SEND_END,1516290358298,109
618,WS_RECV_START,1516290358298,110
618,WS_RECV_END,1516290361143,110
618,PLAYER_SLEEPBEFORE_START,1516290361143,111
618,PLAYER_SLEEPBEFORE_END,1516290362102,111
618,WS_SEND_START,1516290362102,111
618,WS_SEND_END,1516290362102,111
618,WS_RECV_START,1516290362102,112
618,WS_RECV_END,1516290363555,112
618,PLAYER_SLEEPBEFORE_START,1516290363555,113
618,PLAYER_SLEEPBEFORE_END,1516290364117,113
618,WS_SEND_START,1516290364117,113
618,WS_SEND_END,1516290364117,113
618,WS_RECV_START,1516290364117,114
618,WS_RECV_END,1516290367758,114
618,PLAYER_SLEEPBEFORE_START,1516290367758,115
618,PLAYER_SLEEPBEFORE_END,1516290367767,115
618,WS_SEND_START,1516290367767,115
618,WS_SEND_END,1516290367767,115
618,WS_RECV_START,1516290367767,116
618,WS_RECV_END,1516290371838,116
618,PLAYER_SLEEPBEFORE_START,1516290371838,117
618,PLAYER_SLEEPBEFORE_END,1516290392198,117
618,WS_SEND_START,1516290392198,117
618,WS_SEND_END,1516290392198,117
618,PLAYER_SLEEPBEFORE_START,1516290392198,118
618,PLAYER_SLEEPBEFORE_END,1516290395950,118
618,WS_SEND_START,1516290395950,118
618,WS_SEND_END,1516290395950,118
618,WS_RECV_START,1516290395950,119
618,WS_RECV_END,1516290398266,119
618,PLAYER_SLEEPBEFORE_START,1516290398266,120
618,PLAYER_SLEEPBEFORE_END,1516290399254,120
618,WS_SEND_START,1516290399254,120
618,WS_SEND_END,1516290399254,120
618,WS_RECV_START,1516290399254,121
618,WS_RECV_END,1516290407399,121
618,PLAYER_SLEEPBEFORE_START,1516290407399,122
618,PLAYER_SLEEPBEFORE_END,1516290408585,122
618,WS_SEND_START,1516290408585,122
618,WS_SEND_END,1516290408585,122
618,WS_RECV_START,1516290408585,123
618,WS_RECV_END,1516290411300,123
618,PLAYER_SLEEPBEFORE_START,1516290411300,124
618,PLAYER_SLEEPBEFORE_END,1516290435705,124
618,WS_SEND_START,1516290435705,124
618,WS_SEND_END,1516290435705,124
618,WS_RECV_START,1516290435705,125
618,WS_RECV_END,1516290444471,125
618,PLAYER_SLEEPBEFORE_START,1516290444471,126
618,PLAYER_SLEEPBEFORE_END,1516290464983,126
618,WS_SEND_START,1516290464983,126
618,WS_SEND_END,1516290464983,126
618,PLAYER_SLEEPBEFORE_START,1516290464983,127
618,PLAYER_SLEEPBEFORE_END,1516290468037,127
618,WS_SEND_START,1516290468037,127
618,WS_SEND_END,1516290468037,127
618,WS_RECV_START,1516290468037,128
618,WS_RECV_END,1516290473491,128
618,PLAYER_SLEEPBEFORE_START,1516290473491,129
618,PLAYER_SLEEPBEFORE_END,1516290473511,129
618,WS_SEND_START,1516290473511,129
618,WS_SEND_END,1516290473511,129
618,WS_RECV_START,1516290473511,130
618,WS_RECV_END,1516290479803,130
618,PLAYER_SLEEPBEFORE_START,1516290479803,131
618,PLAYER_SLEEPBEFORE_END,1516290501427,131
618,WS_SEND_START,1516290501427,131
618,WS_SEND_END,1516290501427,131
618,PLAYER_SLEEPBEFORE_START,1516290501427,132
618,PLAYER_SLEEPBEFORE_END,1516290504507,132
618,WS_SEND_START,1516290504507,132
618,WS_SEND_END,1516290504507,132
618,WS_RECV_START,1516290504507,133
618,WS_RECV_END,1516290511244,133
618,PLAYER_SLEEPBEFORE_START,1516290511244,134
618,PLAYER_SLEEPBEFORE_END,1516290532461,134
618,WS_SEND_START,1516290532461,134
618,WS_SEND_END,1516290532461,134
618,PLAYER_SLEEPBEFORE_START,1516290532462,135
618,PLAYER_SLEEPBEFORE_END,1516290535652,135
618,WS_SEND_START,1516290535652,135
618,WS_SEND_END,1516290535652,135
618,WS_RECV_START,1516290535652,136
618,WS_RECV_END,1516290542528,136
618,PLAYER_SLEEPBEFORE_START,1516290542528,137
618,PLAYER_SLEEPBEFORE_END,1516290542535,137
618,WS_SEND_START,1516290542535,137
618,WS_SEND_END,1516290542535,137
618,WS_RECV_START,1516290542535,138
618,WS_RECV_END,1516290547324,138
618,PLAYER_SLEEPBEFORE_START,1516290547324,139
618,PLAYER_SLEEPBEFORE_END,1516290548014,139
618,WS_SEND_START,1516290548014,139
618,WS_SEND_END,1516290548014,139
618,WS_RECV_START,1516290548014,140
618,WS_RECV_END,1516290552359,140
618,PLAYER_SLEEPBEFORE_START,1516290552359,141
618,PLAYER_SLEEPBEFORE_END,1516290553014,141
618,WS_SEND_START,1516290553014,141
618,WS_SEND_END,1516290553014,141
618,WS_RECV_START,1516290553014,142
618,WS_RECV_END,1516290557287,142
618,PLAYER_SLEEPBEFORE_START,1516290557287,143
618,PLAYER_SLEEPBEFORE_END,1516290557344,143
618,WS_SEND_START,1516290557344,143
618,WS_SEND_END,1516290557344,143
618,WS_RECV_START,1516290557344,144
618,WS_RECV_END,1516290563109,144
618,PLAYER_SLEEPBEFORE_START,1516290563109,145
618,PLAYER_SLEEPBEFORE_END,1516290579171,145
618,REQ_START,1516290579171,145
618,REQ_END,1516290579179,145
618,PLAYER_SLEEPBEFORE_START,1516290579179,146
618,PLAYER_SLEEPBEFORE_END,1516290588056,146
618,WS_SEND_START,1516290588056,146
618,WS_SEND_END,1516290588056,146
618,WS_RECV_START,1516290588056,147
618,WS_RECV_END,1516290594411,147
618,PLAYER_SLEEPBEFORE_START,1516290594411,148
618,PLAYER_SLEEPBEFORE_END,1516290616333,148
618,WS_SEND_START,1516290616333,148
618,WS_SEND_END,1516290616333,148
618,PLAYER_SLEEPBEFORE_START,1516290616333,149
618,PLAYER_SLEEPBEFORE_END,1516290618763,149
618,WS_SEND_START,1516290618763,149
618,WS_SEND_END,1516290618763,149
618,WS_RECV_START,1516290618763,150
618,WS_RECV_END,1516290621284,150
618,PLAYER_SLEEPBEFORE_START,1516290621284,151
618,PLAYER_SLEEPBEFORE_END,1516290621494,151
618,WS_SEND_START,1516290621494,151
618,WS_SEND_END,1516290621494,151
618,WS_RECV_START,1516290621494,152
618,WS_RECV_END,1516290623619,152
618,PLAYER_SLEEPBEFORE_START,1516290623619,153
618,PLAYER_SLEEPBEFORE_END,1516290647547,153
618,WS_SEND_START,1516290647547,153
618,WS_SEND_END,1516290647547,153
618,WS_RECV_START,1516290647547,154
618,WS_RECV_END,1516290650836,154
618,PLAYER_SLEEPBEFORE_START,1516290650836,155
618,PLAYER_SLEEPBEFORE_END,1516290673394,155
618,WS_SEND_START,1516290673394,155
618,WS_SEND_END,1516290673394,155
618,PLAYER_SLEEPBEFORE_START,1516290673394,156
618,PLAYER_SLEEPBEFORE_END,1516290676668,156
618,WS_SEND_START,1516290676668,156
618,WS_SEND_END,1516290676668,156
618,WS_RECV_START,1516290676668,157
618,WS_RECV_END,1516290677957,157
618,PLAYER_SLEEPBEFORE_START,1516290677957,158
618,PLAYER_SLEEPBEFORE_END,1516290677968,158
618,WS_SEND_START,1516290677968,158
618,WS_SEND_END,1516290677968,158
618,WS_RECV_START,1516290677968,159
618,WS_RECV_END,1516290679525,159
618,PLAYER_SLEEPBEFORE_START,1516290679525,160
618,PLAYER_SLEEPBEFORE_END,1516290679700,160
618,WS_SEND_START,1516290679700,160
618,WS_SEND_END,1516290679700,160
618,WS_RECV_START,1516290679700,161
618,WS_RECV_END,1516290680635,161
618,PLAYER_SLEEPBEFORE_START,1516290680635,162
618,PLAYER_SLEEPBEFORE_END,1516290680660,162
618,WS_SEND_START,1516290680660,162
618,WS_SEND_END,1516290680660,162
618,WS_RECV_START,1516290680660,163
618,WS_RECV_END,1516290681512,163
618,PLAYER_SLEEPBEFORE_START,1516290681512,164
618,PLAYER_SLEEPBEFORE_END,1516290702325,164
618,WS_SEND_START,1516290702325,164
618,WS_SEND_END,1516290702325,164
618,WS_RECV_START,1516290702325,165
618,WS_RECV_END,1516290703869,165
618,PLAYER_SLEEPBEFORE_START,1516290703869,166
618,PLAYER_SLEEPBEFORE_END,1516290726324,166
618,WS_SEND_START,1516290726324,166
618,WS_SEND_END,1516290726324,166
618,WS_RECV_START,1516290726324,167
618,WS_RECV_END,1516290727039,167
618,PLAYER_SLEEPBEFORE_START,1516290727039,168
618,PLAYER_SLEEPBEFORE_END,1516290754397,168
618,WS_SEND_START,1516290754397,168
618,WS_SEND_END,1516290754397,168
618,WS_RECV_START,1516290754397,169
618,WS_RECV_END,1516290754517,169
618,PLAYER_SLEEPBEFORE_START,1516290754517,170
618,PLAYER_SLEEPBEFORE_END,1516290754526,170
618,WS_SEND_START,1516290754526,170
618,WS_SEND_END,1516290754526,170
618,WS_RECV_START,1516290754526,171
618,WS_RECV_END,1516290754568,171
618,PLAYER_SLEEPBEFORE_START,1516290754568,172
618,PLAYER_SLEEPBEFORE_END,1516290754938,172
618,WS_SEND_START,1516290754938,172
618,WS_SEND_END,1516290754938,172
618,WS_RECV_START,1516290754938,173
618,WS_RECV_END,1516290755290,173
618,PLAYER_SLEEPBEFORE_START,1516290755290,174
618,PLAYER_SLEEPBEFORE_END,1516290755331,174
618,WS_SEND_START,1516290755331,174
618,WS_SEND_END,1516290755331,174
618,WS_RECV_START,1516290755331,175
618,WS_RECV_END,1516290755733,175
618,PLAYER_SLEEPBEFORE_START,1516290755733,176
618,PLAYER_SLEEPBEFORE_END,1516290777494,176
618,WS_SEND_START,1516290777494,176
618,WS_SEND_END,1516290777494,176
618,PLAYER_SLEEPBEFORE_START,1516290777494,177
618,PLAYER_SLEEPBEFORE_END,1516290780012,177
618,WS_SEND_START,1516290780012,177
618,WS_SEND_END,1516290780012,177
618,WS_RECV_START,1516290780012,178
618,WS_RECV_END,1516290780326,178
618,PLAYER_SLEEPBEFORE_START,1516290780326,179
618,PLAYER_SLEEPBEFORE_END,1516290802666,179
618,WS_SEND_START,1516290802666,179
618,WS_SEND_END,1516290802666,179
618,WS_RECV_START,1516290802666,180
618,WS_RECV_END,1516290802839,180
618,PLAYER_SLEEPBEFORE_START,1516290802839,181
618,PLAYER_SLEEPBEFORE_END,1516290803283,181
618,WS_SEND_START,1516290803283,181
618,WS_SEND_END,1516290803283,181
618,WS_RECV_START,1516290803283,182
618,WS_RECV_END,1516290803420,182
618,PLAYER_SLEEPBEFORE_START,1516290803420,183
618,PLAYER_SLEEPBEFORE_END,1516290803943,183
618,WS_SEND_START,1516290803943,183
618,WS_SEND_END,1516290803943,183
618,WS_RECV_START,1516290803943,184
618,WS_RECV_END,1516290804081,184
618,PLAYER_SLEEPBEFORE_START,1516290804081,185
618,PLAYER_SLEEPBEFORE_END,1516290804349,185
618,WS_SEND_START,1516290804349,185
618,WS_SEND_END,1516290804349,185
618,WS_RECV_START,1516290804349,186
618,WS_RECV_END,1516290804535,186
618,PLAYER_SLEEPBEFORE_START,1516290804535,187
618,PLAYER_SLEEPBEFORE_END,1516290827035,187
618,WS_SEND_START,1516290827035,187
618,WS_SEND_END,1516290827035,187
618,WS_RECV_START,1516290827035,188
618,WS_RECV_END,1516290827082,188
618,PLAYER_SLEEPBEFORE_START,1516290827082,189
618,PLAYER_SLEEPBEFORE_END,1516290833321,189
618,WS_SEND_START,1516290833321,189
618,WS_SEND_END,1516290833321,189
618,WS_RECV_START,1516290833321,190
618,WS_RECV_END,1516290833445,190
618,PLAYER_SLEEPBEFORE_START,1516290833445,191
618,PLAYER_SLEEPBEFORE_END,1516290835361,191
618,WS_SEND_START,1516290835361,191
618,WS_SEND_END,1516290835361,191
618,WS_RECV_START,1516290835361,192
618,WS_RECV_END,1516290835564,192
618,PLAYER_SLEEPBEFORE_START,1516290835564,193
618,PLAYER_SLEEPBEFORE_END,1516290835692,193
618,WS_SEND_START,1516290835692,193
618,WS_SEND_END,1516290835692,193
618,WS_RECV_START,1516290835692,194
618,WS_RECV_END,1516290835821,194
618,PLAYER_SLEEPBEFORE_START,1516290835821,195
618,PLAYER_SLEEPBEFORE_END,1516290837576,195
618,WS_SEND_START,1516290837576,195
618,WS_SEND_END,1516290837576,195
618,WS_RECV_START,1516290837576,196
618,WS_RECV_END,1516290837747,196
618,PLAYER_SLEEPBEFORE_START,1516290837747,197
618,PLAYER_SLEEPBEFORE_END,1516290839551,197
618,WS_SEND_START,1516290839551,197
618,WS_SEND_END,1516290839551,197
618,WS_RECV_START,1516290839551,198
618,WS_RECV_END,1516290839743,198
618,PLAYER_SLEEPBEFORE_START,1516290839744,199
618,PLAYER_SLEEPBEFORE_END,1516290851598,199
618,WS_SEND_START,1516290851598,199
618,WS_SEND_END,1516290851598,199
618,PLAYER_SLEEPBEFORE_START,1516290851598,200
618,PLAYER_SLEEPBEFORE_END,1516290855686,200
618,WS_SEND_START,1516290855686,200
618,WS_SEND_END,1516290855686,200
618,WS_RECV_START,1516290855686,201
618,WS_RECV_END,1516290855769,201
618,PLAYER_SLEEPBEFORE_START,1516290855769,202
618,PLAYER_SLEEPBEFORE_END,1516290855783,202
618,WS_SEND_START,1516290855783,202
618,WS_SEND_END,1516290855783,202
618,WS_RECV_START,1516290855783,203
618,WS_RECV_END,1516290855905,203
618,PLAYER_SLEEPBEFORE_START,1516290855905,204
618,PLAYER_SLEEPBEFORE_END,1516290875554,204
618,WS_SEND_START,1516290875554,204
618,WS_SEND_END,1516290875554,204
618,PLAYER_SLEEPBEFORE_START,1516290875554,205
618,PLAYER_SLEEPBEFORE_END,1516290879452,205
618,WS_SEND_START,1516290879452,205
618,WS_SEND_END,1516290879453,205
618,WS_RECV_START,1516290879453,206
618,WS_RECV_END,1516290879554,206
618,PLAYER_SLEEPBEFORE_START,1516290879554,207
618,PLAYER_SLEEPBEFORE_END,1516290896485,207
618,REQ_START,1516290896485,207
618,REQ_END,1516290896493,207
618,PLAYER_SLEEPBEFORE_START,1516290896493,208
618,PLAYER_SLEEPBEFORE_END,1516290903345,208
618,WS_CLOSE_START,1516290903345,208
618,WS_CLOSE_END,1516290903345,208
618,PLAYER_DONE,1516290903345
