# --sessions 720 --app-url=http://shinyloadtest.rstudioservices.com/cran_explorer --output-dir test720 --overwrite-output --log-level warn --start-interval 500 15min.log
thread_id,event,timestamp,input_line_number,comment
636,PLAYER_SESSION_CREATE,1516289462183
636,PLAYER_START_INTERVAL_START,1516289462183
636,PLAYER_START_INTERVAL_END,1516289780184
636,REQ_HOME_START,1516289780184,2
636,REQ_HOME_END,1516289782932,2
636,REQ_START,1516289782932,3
636,REQ_END,1516289784693,3
636,REQ_START,1516289784693,4
636,REQ_END,1516289786439,4
636,REQ_START,1516289786439,5
636,REQ_END,1516289788688,5
636,REQ_START,1516289788688,6
636,REQ_END,1516289789807,6
636,REQ_START,1516289789807,7
636,REQ_END,1516289790406,7
636,REQ_START,1516289790406,8
636,REQ_END,1516289790825,8
636,REQ_START,1516289790825,9
636,REQ_END,1516289791880,9
636,REQ_START,1516289791880,10
636,REQ_END,1516289791888,10
636,REQ_START,1516289791888,11
636,REQ_END,1516289794279,11
636,REQ_START,1516289794279,12
636,REQ_END,1516289794290,12
636,REQ_START,1516289794290,13
636,REQ_END,1516289797338,13
636,REQ_START,1516289797338,14
636,REQ_END,1516289797370,14
636,REQ_START,1516289797370,15
636,REQ_END,1516289801184,15
636,REQ_TOK_START,1516289801184,16
636,REQ_TOK_END,1516289801192,16
636,REQ_SINF_START,1516289801192,17
636,REQ_SINF_END,1516289801199,17
636,WS_OPEN_START,1516289801199,18
636,WS_OPEN_END,1516289801210,18
636,REQ_START,1516289801210,19
636,REQ_END,1516289802853,19
636,WS_RECV_START,1516289802853,20
636,WS_RECV_END,1516289802853,20
636,PLAYER_SLEEPBEFORE_START,1516289802853,21
636,PLAYER_SLEEPBEFORE_END,1516289802858,21
636,WS_SEND_START,1516289802858,21
636,WS_SEND_END,1516289802858,21
636,PLAYER_SLEEPBEFORE_START,1516289802858,22
636,PLAYER_SLEEPBEFORE_END,1516289802859,22
636,WS_SEND_START,1516289802859,22
636,WS_SEND_END,1516289802859,22
636,WS_RECV_INIT_START,1516289802859,23
636,WS_RECV_INIT_END,1516289804095,23
636,WS_RECV_START,1516289804095,24
636,WS_RECV_END,1516289804367,24
636,PLAYER_SLEEPBEFORE_START,1516289804367,25
636,PLAYER_SLEEPBEFORE_END,1516289804374,25
636,REQ_START,1516289804374,25
636,REQ_END,1516289806947,25
636,PLAYER_SLEEPBEFORE_START,1516289806947,26
636,PLAYER_SLEEPBEFORE_END,1516289806957,26
636,REQ_START,1516289806957,26
636,REQ_END,1516289810139,26
636,PLAYER_SLEEPBEFORE_START,1516289810139,27
636,PLAYER_SLEEPBEFORE_END,1516289810149,27
636,REQ_START,1516289810149,27
636,REQ_END,1516289812097,27
636,PLAYER_SLEEPBEFORE_START,1516289812097,28
636,PLAYER_SLEEPBEFORE_END,1516289812382,28
636,REQ_START,1516289812382,28
636,REQ_END,1516289814113,28
636,PLAYER_SLEEPBEFORE_START,1516289814113,29
636,PLAYER_SLEEPBEFORE_END,1516289814288,29
636,WS_SEND_START,1516289814288,29
636,WS_SEND_END,1516289814288,29
636,WS_RECV_START,1516289814288,30
636,WS_RECV_END,1516289815237,30
636,PLAYER_SLEEPBEFORE_START,1516289815237,31
636,PLAYER_SLEEPBEFORE_END,1516289815248,31
636,REQ_START,1516289815248,31
636,REQ_END,1516289818773,31
636,PLAYER_SLEEPBEFORE_START,1516289818773,32
636,PLAYER_SLEEPBEFORE_END,1516289846918,32
636,WS_SEND_START,1516289846918,32
636,WS_SEND_END,1516289846918,32
636,WS_RECV_START,1516289846918,33
636,WS_RECV_END,1516289849874,33
636,PLAYER_SLEEPBEFORE_START,1516289849874,34
636,PLAYER_SLEEPBEFORE_END,1516289875785,34
636,WS_SEND_START,1516289875785,34
636,WS_SEND_END,1516289875785,34
636,WS_RECV_START,1516289875785,35
636,WS_RECV_END,1516289878887,35
636,PLAYER_SLEEPBEFORE_START,1516289878887,36
636,PLAYER_SLEEPBEFORE_END,1516289878896,36
636,WS_SEND_START,1516289878896,36
636,WS_SEND_END,1516289878896,36
636,WS_RECV_START,1516289878896,37
636,WS_RECV_END,1516289879908,37
636,PLAYER_SLEEPBEFORE_START,1516289879908,38
636,PLAYER_SLEEPBEFORE_END,1516289883103,38
636,WS_SEND_START,1516289883103,38
636,WS_SEND_END,1516289883103,38
636,WS_RECV_START,1516289883103,39
636,WS_RECV_END,1516289885444,39
636,PLAYER_SLEEPBEFORE_START,1516289885444,40
636,PLAYER_SLEEPBEFORE_END,1516289885491,40
636,WS_SEND_START,1516289885491,40
636,WS_SEND_END,1516289885491,40
636,WS_RECV_START,1516289885491,41
636,WS_RECV_END,1516289888247,41
636,PLAYER_SLEEPBEFORE_START,1516289888247,42
636,PLAYER_SLEEPBEFORE_END,1516289906382,42
636,WS_SEND_START,1516289906382,42
636,WS_SEND_END,1516289906382,42
636,WS_RECV_START,1516289906382,43
636,WS_RECV_END,1516289907947,43
636,PLAYER_SLEEPBEFORE_START,1516289907947,44
636,PLAYER_SLEEPBEFORE_END,1516289907959,44
636,WS_SEND_START,1516289907959,44
636,WS_SEND_END,1516289907959,44
636,WS_RECV_START,1516289907959,45
636,WS_RECV_END,1516289908342,45
636,PLAYER_SLEEPBEFORE_START,1516289908342,46
636,PLAYER_SLEEPBEFORE_END,1516289909602,46
636,WS_SEND_START,1516289909602,46
636,WS_SEND_END,1516289909602,46
636,WS_RECV_START,1516289909602,47
636,WS_RECV_END,1516289911047,47
636,PLAYER_SLEEPBEFORE_START,1516289911047,48
636,PLAYER_SLEEPBEFORE_END,1516289912367,48
636,WS_SEND_START,1516289912367,48
636,WS_SEND_END,1516289912367,48
636,WS_RECV_START,1516289912367,49
636,WS_RECV_END,1516289914197,49
636,PLAYER_SLEEPBEFORE_START,1516289914197,50
636,PLAYER_SLEEPBEFORE_END,1516289914221,50
636,WS_SEND_START,1516289914222,50
636,WS_SEND_END,1516289914222,50
636,WS_RECV_START,1516289914222,51
636,WS_RECV_END,1516289914801,51
636,PLAYER_SLEEPBEFORE_START,1516289914801,52
636,PLAYER_SLEEPBEFORE_END,1516289937365,52
636,WS_SEND_START,1516289937366,52
636,WS_SEND_END,1516289937366,52
636,WS_RECV_START,1516289937366,53
636,WS_RECV_END,1516289939856,53
636,PLAYER_SLEEPBEFORE_START,1516289939856,54
636,PLAYER_SLEEPBEFORE_END,1516289961160,54
636,WS_SEND_START,1516289961160,54
636,WS_SEND_END,1516289961160,54
636,PLAYER_SLEEPBEFORE_START,1516289961160,55
636,PLAYER_SLEEPBEFORE_END,1516289963101,55
636,WS_SEND_START,1516289963101,55
636,WS_SEND_END,1516289963101,55
636,WS_RECV_START,1516289963101,56
636,WS_RECV_END,1516289965258,56
636,PLAYER_SLEEPBEFORE_START,1516289965258,57
636,PLAYER_SLEEPBEFORE_END,1516289988130,57
636,WS_SEND_START,1516289988130,57
636,WS_SEND_END,1516289988130,57
636,WS_RECV_START,1516289988130,58
636,WS_RECV_END,1516289993296,58
636,PLAYER_SLEEPBEFORE_START,1516289993296,59
636,PLAYER_SLEEPBEFORE_END,1516289995623,59
636,WS_SEND_START,1516289995623,59
636,WS_SEND_END,1516289995623,59
636,WS_RECV_START,1516289995623,60
636,WS_RECV_END,1516290001170,60
636,PLAYER_SLEEPBEFORE_START,1516290001170,61
636,PLAYER_SLEEPBEFORE_END,1516290004761,61
636,WS_SEND_START,1516290004761,61
636,WS_SEND_END,1516290004761,61
636,WS_RECV_START,1516290004761,62
636,WS_RECV_END,1516290010426,62
636,PLAYER_SLEEPBEFORE_START,1516290010426,63
636,PLAYER_SLEEPBEFORE_END,1516290029688,63
636,WS_SEND_START,1516290029688,63
636,WS_SEND_END,1516290029688,63
636,WS_RECV_START,1516290029688,64
636,WS_RECV_END,1516290035167,64
636,PLAYER_SLEEPBEFORE_START,1516290035167,65
636,PLAYER_SLEEPBEFORE_END,1516290061985,65
636,WS_SEND_START,1516290061985,65
636,WS_SEND_END,1516290061985,65
636,WS_RECV_START,1516290061985,66
636,WS_RECV_END,1516290066545,66
636,PLAYER_SLEEPBEFORE_START,1516290066545,67
636,PLAYER_SLEEPBEFORE_END,1516290068052,67
636,WS_SEND_START,1516290068052,67
636,WS_SEND_END,1516290068052,67
636,WS_RECV_START,1516290068052,68
636,WS_RECV_END,1516290069710,68
636,PLAYER_SLEEPBEFORE_START,1516290069710,69
636,PLAYER_SLEEPBEFORE_END,1516290091709,69
636,WS_SEND_START,1516290091709,69
636,WS_SEND_END,1516290091709,69
636,WS_RECV_START,1516290091709,70
636,WS_RECV_END,1516290096934,70
636,PLAYER_SLEEPBEFORE_START,1516290096934,71
636,PLAYER_SLEEPBEFORE_END,1516290121709,71
636,WS_SEND_START,1516290121709,71
636,WS_SEND_END,1516290121709,71
636,PLAYER_SLEEPBEFORE_START,1516290121709,72
636,PLAYER_SLEEPBEFORE_END,1516290124317,72
636,WS_SEND_START,1516290124317,72
636,WS_SEND_END,1516290124317,72
636,WS_RECV_START,1516290124317,73
636,WS_RECV_END,1516290127937,73
636,PLAYER_SLEEPBEFORE_START,1516290127937,74
636,PLAYER_SLEEPBEFORE_END,1516290127946,74
636,WS_SEND_START,1516290127946,74
636,WS_SEND_END,1516290127946,74
636,WS_RECV_START,1516290127946,75
636,WS_RECV_END,1516290131350,75
636,PLAYER_SLEEPBEFORE_START,1516290131350,76
636,PLAYER_SLEEPBEFORE_END,1516290132856,76
636,WS_SEND_START,1516290132856,76
636,WS_SEND_END,1516290132856,76
636,WS_RECV_START,1516290132856,77
636,WS_RECV_END,1516290135926,77
636,PLAYER_SLEEPBEFORE_START,1516290135926,78
636,PLAYER_SLEEPBEFORE_END,1516290136794,78
636,WS_SEND_START,1516290136794,78
636,WS_SEND_END,1516290136794,78
636,WS_RECV_START,1516290136794,79
636,WS_RECV_END,1516290139667,79
636,PLAYER_SLEEPBEFORE_START,1516290139667,80
636,PLAYER_SLEEPBEFORE_END,1516290147333,80
636,WS_SEND_START,1516290147333,80
636,WS_SEND_END,1516290147333,80
636,WS_RECV_START,1516290147333,81
636,WS_RECV_END,1516290153825,81
636,PLAYER_SLEEPBEFORE_START,1516290153825,82
636,PLAYER_SLEEPBEFORE_END,1516290154927,82
636,WS_SEND_START,1516290154927,82
636,WS_SEND_END,1516290154928,82
636,WS_RECV_START,1516290154928,83
636,WS_RECV_END,1516290157386,83
636,PLAYER_SLEEPBEFORE_START,1516290157386,84
636,PLAYER_SLEEPBEFORE_END,1516290158333,84
636,WS_SEND_START,1516290158333,84
636,WS_SEND_END,1516290158333,84
636,WS_RECV_START,1516290158333,85
636,WS_RECV_END,1516290163241,85
636,PLAYER_SLEEPBEFORE_START,1516290163241,86
636,PLAYER_SLEEPBEFORE_END,1516290167414,86
636,WS_SEND_START,1516290167414,86
636,WS_SEND_END,1516290167414,86
636,WS_RECV_START,1516290167414,87
636,WS_RECV_END,1516290168335,87
636,PLAYER_SLEEPBEFORE_START,1516290168335,88
636,PLAYER_SLEEPBEFORE_END,1516290168343,88
636,WS_SEND_START,1516290168343,88
636,WS_SEND_END,1516290168343,88
636,WS_RECV_START,1516290168343,89
636,WS_RECV_END,1516290172930,89
636,PLAYER_SLEEPBEFORE_START,1516290172930,90
636,PLAYER_SLEEPBEFORE_END,1516290200127,90
636,REQ_START,1516290200127,90
636,REQ_END,1516290200134,90
636,PLAYER_SLEEPBEFORE_START,1516290200134,91
636,PLAYER_SLEEPBEFORE_END,1516290208023,91
636,WS_SEND_START,1516290208023,91
636,WS_SEND_END,1516290208023,91
636,WS_RECV_START,1516290208023,92
636,WS_RECV_END,1516290212502,92
636,PLAYER_SLEEPBEFORE_START,1516290212502,93
636,PLAYER_SLEEPBEFORE_END,1516290212518,93
636,WS_SEND_START,1516290212518,93
636,WS_SEND_END,1516290212518,93
636,WS_RECV_START,1516290212518,94
636,WS_RECV_END,1516290215767,94
636,PLAYER_SLEEPBEFORE_START,1516290215767,95
636,PLAYER_SLEEPBEFORE_END,1516290239322,95
636,WS_SEND_START,1516290239322,95
636,WS_SEND_END,1516290239322,95
636,WS_RECV_START,1516290239322,96
636,WS_RECV_END,1516290246050,96
636,PLAYER_SLEEPBEFORE_START,1516290246050,97
636,PLAYER_SLEEPBEFORE_END,1516290268490,97
636,WS_SEND_START,1516290268490,97
636,WS_SEND_END,1516290268490,97
636,WS_RECV_START,1516290268490,98
636,WS_RECV_END,1516290274835,98
636,PLAYER_SLEEPBEFORE_START,1516290274835,99
636,PLAYER_SLEEPBEFORE_END,1516290274856,99
636,WS_SEND_START,1516290274856,99
636,WS_SEND_END,1516290274856,99
636,WS_RECV_START,1516290274856,100
636,WS_RECV_END,1516290277404,100
636,PLAYER_SLEEPBEFORE_START,1516290277404,101
636,PLAYER_SLEEPBEFORE_END,1516290300963,101
636,WS_SEND_START,1516290300963,101
636,WS_SEND_END,1516290300963,101
636,WS_RECV_START,1516290300963,102
636,WS_RECV_END,1516290307250,102
636,PLAYER_SLEEPBEFORE_START,1516290307250,103
636,PLAYER_SLEEPBEFORE_END,1516290330875,103
636,WS_SEND_START,1516290330875,103
636,WS_SEND_END,1516290330875,103
636,WS_RECV_START,1516290330875,104
636,WS_RECV_END,1516290337243,104
636,PLAYER_SLEEPBEFORE_START,1516290337243,105
636,PLAYER_SLEEPBEFORE_END,1516290362621,105
636,WS_SEND_START,1516290362621,105
636,WS_SEND_END,1516290362621,105
636,WS_RECV_START,1516290362621,106
636,WS_RECV_END,1516290369283,106
636,PLAYER_SLEEPBEFORE_START,1516290369283,107
636,PLAYER_SLEEPBEFORE_END,1516290392706,107
636,WS_SEND_START,1516290392706,107
636,WS_SEND_END,1516290392706,107
636,WS_RECV_START,1516290392706,108
636,WS_RECV_END,1516290399792,108
636,PLAYER_SLEEPBEFORE_START,1516290399792,109
636,PLAYER_SLEEPBEFORE_END,1516290399801,109
636,WS_SEND_START,1516290399801,109
636,WS_SEND_END,1516290399801,109
636,WS_RECV_START,1516290399801,110
636,WS_RECV_END,1516290402323,110
636,PLAYER_SLEEPBEFORE_START,1516290402323,111
636,PLAYER_SLEEPBEFORE_END,1516290403282,111
636,WS_SEND_START,1516290403282,111
636,WS_SEND_END,1516290403282,111
636,WS_RECV_START,1516290403282,112
636,WS_RECV_END,1516290407526,112
636,PLAYER_SLEEPBEFORE_START,1516290407526,113
636,PLAYER_SLEEPBEFORE_END,1516290408088,113
636,WS_SEND_START,1516290408088,113
636,WS_SEND_END,1516290408088,113
636,WS_RECV_START,1516290408088,114
636,WS_RECV_END,1516290411987,114
636,PLAYER_SLEEPBEFORE_START,1516290411987,115
636,PLAYER_SLEEPBEFORE_END,1516290411996,115
636,WS_SEND_START,1516290411996,115
636,WS_SEND_END,1516290411996,115
636,WS_RECV_START,1516290411996,116
636,WS_RECV_END,1516290416678,116
636,PLAYER_SLEEPBEFORE_START,1516290416678,117
636,PLAYER_SLEEPBEFORE_END,1516290437038,117
636,WS_SEND_START,1516290437038,117
636,WS_SEND_END,1516290437038,117
636,PLAYER_SLEEPBEFORE_START,1516290437038,118
636,PLAYER_SLEEPBEFORE_END,1516290440790,118
636,WS_SEND_START,1516290440790,118
636,WS_SEND_END,1516290440790,118
636,WS_RECV_START,1516290440790,119
636,WS_RECV_END,1516290444693,119
636,PLAYER_SLEEPBEFORE_START,1516290444693,120
636,PLAYER_SLEEPBEFORE_END,1516290445681,120
636,WS_SEND_START,1516290445681,120
636,WS_SEND_END,1516290445681,120
636,WS_RECV_START,1516290445681,121
636,WS_RECV_END,1516290449640,121
636,PLAYER_SLEEPBEFORE_START,1516290449640,122
636,PLAYER_SLEEPBEFORE_END,1516290450826,122
636,WS_SEND_START,1516290450826,122
636,WS_SEND_END,1516290450826,122
636,WS_RECV_START,1516290450826,123
636,WS_RECV_END,1516290456167,123
636,PLAYER_SLEEPBEFORE_START,1516290456167,124
636,PLAYER_SLEEPBEFORE_END,1516290480572,124
636,WS_SEND_START,1516290480572,124
636,WS_SEND_END,1516290480572,124
636,WS_RECV_START,1516290480572,125
636,WS_RECV_END,1516290489574,125
636,PLAYER_SLEEPBEFORE_START,1516290489574,126
636,PLAYER_SLEEPBEFORE_END,1516290510086,126
636,WS_SEND_START,1516290510086,126
636,WS_SEND_END,1516290510086,126
636,PLAYER_SLEEPBEFORE_START,1516290510086,127
636,PLAYER_SLEEPBEFORE_END,1516290513141,127
636,WS_SEND_START,1516290513141,127
636,WS_SEND_END,1516290513141,127
636,WS_RECV_START,1516290513141,128
636,WS_RECV_END,1516290520181,128
636,PLAYER_SLEEPBEFORE_START,1516290520181,129
636,PLAYER_SLEEPBEFORE_END,1516290520201,129
636,WS_SEND_START,1516290520201,129
636,WS_SEND_END,1516290520201,129
636,WS_RECV_START,1516290520201,130
636,WS_RECV_END,1516290525373,130
636,PLAYER_SLEEPBEFORE_START,1516290525373,131
636,PLAYER_SLEEPBEFORE_END,1516290546997,131
636,WS_SEND_START,1516290546997,131
636,WS_SEND_END,1516290546997,131
636,PLAYER_SLEEPBEFORE_START,1516290546997,132
636,PLAYER_SLEEPBEFORE_END,1516290550077,132
636,WS_SEND_START,1516290550078,132
636,WS_SEND_END,1516290550078,132
636,WS_RECV_START,1516290550078,133
636,WS_RECV_END,1516290556092,133
636,PLAYER_SLEEPBEFORE_START,1516290556092,134
636,PLAYER_SLEEPBEFORE_END,1516290577309,134
636,WS_SEND_START,1516290577309,134
636,WS_SEND_END,1516290577309,134
636,PLAYER_SLEEPBEFORE_START,1516290577309,135
636,PLAYER_SLEEPBEFORE_END,1516290580499,135
636,WS_SEND_START,1516290580499,135
636,WS_SEND_END,1516290580499,135
636,WS_RECV_START,1516290580499,136
636,WS_RECV_END,1516290584343,136
636,PLAYER_SLEEPBEFORE_START,1516290584343,137
636,PLAYER_SLEEPBEFORE_END,1516290584350,137
636,WS_SEND_START,1516290584350,137
636,WS_SEND_END,1516290584350,137
636,WS_RECV_START,1516290584350,138
636,WS_RECV_END,1516290587369,138
636,PLAYER_SLEEPBEFORE_START,1516290587369,139
636,PLAYER_SLEEPBEFORE_END,1516290588059,139
636,WS_SEND_START,1516290588059,139
636,WS_SEND_END,1516290588059,139
636,WS_RECV_START,1516290588059,140
636,WS_RECV_END,1516290592527,140
636,PLAYER_SLEEPBEFORE_START,1516290592527,141
636,PLAYER_SLEEPBEFORE_END,1516290593182,141
636,WS_SEND_START,1516290593182,141
636,WS_SEND_END,1516290593182,141
636,WS_RECV_START,1516290593182,142
636,WS_RECV_END,1516290597581,142
636,PLAYER_SLEEPBEFORE_START,1516290597582,143
636,PLAYER_SLEEPBEFORE_END,1516290597639,143
636,WS_SEND_START,1516290597639,143
636,WS_SEND_END,1516290597639,143
636,WS_RECV_START,1516290597639,144
636,WS_RECV_END,1516290602157,144
636,PLAYER_SLEEPBEFORE_START,1516290602157,145
636,PLAYER_SLEEPBEFORE_END,1516290618219,145
636,REQ_START,1516290618219,145
636,REQ_END,1516290618227,145
636,PLAYER_SLEEPBEFORE_START,1516290618227,146
636,PLAYER_SLEEPBEFORE_END,1516290627104,146
636,WS_SEND_START,1516290627104,146
636,WS_SEND_END,1516290627104,146
636,WS_RECV_START,1516290627104,147
636,WS_RECV_END,1516290632995,147
636,PLAYER_SLEEPBEFORE_START,1516290632995,148
636,PLAYER_SLEEPBEFORE_END,1516290654917,148
636,WS_SEND_START,1516290654917,148
636,WS_SEND_END,1516290654917,148
636,PLAYER_SLEEPBEFORE_START,1516290654917,149
636,PLAYER_SLEEPBEFORE_END,1516290657345,149
636,WS_SEND_START,1516290657345,149
636,WS_SEND_END,1516290657345,149
636,WS_RECV_START,1516290657345,150
636,WS_RECV_END,1516290660476,150
636,PLAYER_SLEEPBEFORE_START,1516290660476,151
636,PLAYER_SLEEPBEFORE_END,1516290660686,151
636,WS_SEND_START,1516290660686,151
636,WS_SEND_END,1516290660686,151
636,WS_RECV_START,1516290660686,152
636,WS_RECV_END,1516290662785,152
636,PLAYER_SLEEPBEFORE_START,1516290662785,153
636,PLAYER_SLEEPBEFORE_END,1516290686712,153
636,WS_SEND_START,1516290686712,153
636,WS_SEND_END,1516290686712,153
636,WS_RECV_START,1516290686712,154
636,WS_RECV_END,1516290690066,154
636,PLAYER_SLEEPBEFORE_START,1516290690066,155
636,PLAYER_SLEEPBEFORE_END,1516290712628,155
636,WS_SEND_START,1516290712629,155
636,WS_SEND_END,1516290712629,155
636,PLAYER_SLEEPBEFORE_START,1516290712629,156
636,PLAYER_SLEEPBEFORE_END,1516290715903,156
636,WS_SEND_START,1516290715903,156
636,WS_SEND_END,1516290715903,156
636,WS_RECV_START,1516290715903,157
636,WS_RECV_END,1516290716393,157
636,PLAYER_SLEEPBEFORE_START,1516290716393,158
636,PLAYER_SLEEPBEFORE_END,1516290716403,158
636,WS_SEND_START,1516290716403,158
636,WS_SEND_END,1516290716403,158
636,WS_RECV_START,1516290716403,159
636,WS_RECV_END,1516290718405,159
636,PLAYER_SLEEPBEFORE_START,1516290718405,160
636,PLAYER_SLEEPBEFORE_END,1516290718580,160
636,WS_SEND_START,1516290718580,160
636,WS_SEND_END,1516290718580,160
636,WS_RECV_START,1516290718580,161
636,WS_RECV_END,1516290719650,161
636,PLAYER_SLEEPBEFORE_START,1516290719650,162
636,PLAYER_SLEEPBEFORE_END,1516290719676,162
636,WS_SEND_START,1516290719676,162
636,WS_SEND_END,1516290719676,162
636,WS_RECV_START,1516290719676,163
636,WS_RECV_END,1516290721477,163
636,PLAYER_SLEEPBEFORE_START,1516290721477,164
636,PLAYER_SLEEPBEFORE_END,1516290742289,164
636,WS_SEND_START,1516290742289,164
636,WS_SEND_END,1516290742289,164
636,WS_RECV_START,1516290742289,165
636,WS_RECV_END,1516290742471,165
636,PLAYER_SLEEPBEFORE_START,1516290742471,166
636,PLAYER_SLEEPBEFORE_END,1516290764926,166
636,WS_SEND_START,1516290764926,166
636,WS_SEND_END,1516290764926,166
636,WS_RECV_START,1516290764926,167
636,WS_RECV_END,1516290765300,167
636,PLAYER_SLEEPBEFORE_START,1516290765300,168
636,PLAYER_SLEEPBEFORE_END,1516290792657,168
636,WS_SEND_START,1516290792657,168
636,WS_SEND_END,1516290792657,168
636,WS_RECV_START,1516290792657,169
636,WS_RECV_END,1516290792726,169
636,PLAYER_SLEEPBEFORE_START,1516290792726,170
636,PLAYER_SLEEPBEFORE_END,1516290792735,170
636,WS_SEND_START,1516290792735,170
636,WS_SEND_END,1516290792735,170
636,WS_RECV_START,1516290792735,171
636,WS_RECV_END,1516290792956,171
636,PLAYER_SLEEPBEFORE_START,1516290792956,172
636,PLAYER_SLEEPBEFORE_END,1516290793326,172
636,WS_SEND_START,1516290793326,172
636,WS_SEND_END,1516290793326,172
636,WS_RECV_START,1516290793326,173
636,WS_RECV_END,1516290793484,173
636,PLAYER_SLEEPBEFORE_START,1516290793484,174
636,PLAYER_SLEEPBEFORE_END,1516290793525,174
636,WS_SEND_START,1516290793525,174
636,WS_SEND_END,1516290793525,174
636,WS_RECV_START,1516290793525,175
636,WS_RECV_END,1516290793707,175
636,PLAYER_SLEEPBEFORE_START,1516290793707,176
636,PLAYER_SLEEPBEFORE_END,1516290815469,176
636,WS_SEND_START,1516290815469,176
636,WS_SEND_END,1516290815469,176
636,PLAYER_SLEEPBEFORE_START,1516290815469,177
636,PLAYER_SLEEPBEFORE_END,1516290817987,177
636,WS_SEND_START,1516290817987,177
636,WS_SEND_END,1516290817987,177
636,WS_RECV_START,1516290817987,178
636,WS_RECV_END,1516290818379,178
636,PLAYER_SLEEPBEFORE_START,1516290818379,179
636,PLAYER_SLEEPBEFORE_END,1516290840719,179
636,WS_SEND_START,1516290840719,179
636,WS_SEND_END,1516290840719,179
636,WS_RECV_START,1516290840719,180
636,WS_RECV_END,1516290840858,180
636,PLAYER_SLEEPBEFORE_START,1516290840858,181
636,PLAYER_SLEEPBEFORE_END,1516290841302,181
636,WS_SEND_START,1516290841302,181
636,WS_SEND_END,1516290841302,181
636,WS_RECV_START,1516290841302,182
636,WS_RECV_END,1516290841442,182
636,PLAYER_SLEEPBEFORE_START,1516290841442,183
636,PLAYER_SLEEPBEFORE_END,1516290841965,183
636,WS_SEND_START,1516290841965,183
636,WS_SEND_END,1516290841965,183
636,WS_RECV_START,1516290841965,184
636,WS_RECV_END,1516290842096,184
636,PLAYER_SLEEPBEFORE_START,1516290842096,185
636,PLAYER_SLEEPBEFORE_END,1516290842365,185
636,WS_SEND_START,1516290842365,185
636,WS_SEND_END,1516290842365,185
636,WS_RECV_START,1516290842365,186
636,WS_RECV_END,1516290842477,186
636,PLAYER_SLEEPBEFORE_START,1516290842477,187
636,PLAYER_SLEEPBEFORE_END,1516290864978,187
636,WS_SEND_START,1516290864978,187
636,WS_SEND_END,1516290864978,187
636,WS_RECV_START,1516290864978,188
636,WS_RECV_END,1516290865038,188
636,PLAYER_SLEEPBEFORE_START,1516290865038,189
636,PLAYER_SLEEPBEFORE_END,1516290871277,189
636,WS_SEND_START,1516290871277,189
636,WS_SEND_END,1516290871277,189
636,WS_RECV_START,1516290871277,190
636,WS_RECV_END,1516290871392,190
636,PLAYER_SLEEPBEFORE_START,1516290871392,191
636,PLAYER_SLEEPBEFORE_END,1516290873307,191
636,WS_SEND_START,1516290873307,191
636,WS_SEND_END,1516290873307,191
636,WS_RECV_START,1516290873307,192
636,WS_RECV_END,1516290873471,192
636,PLAYER_SLEEPBEFORE_START,1516290873471,193
636,PLAYER_SLEEPBEFORE_END,1516290873599,193
636,WS_SEND_START,1516290873599,193
636,WS_SEND_END,1516290873599,193
636,WS_RECV_START,1516290873599,194
636,WS_RECV_END,1516290873724,194
636,PLAYER_SLEEPBEFORE_START,1516290873725,195
636,PLAYER_SLEEPBEFORE_END,1516290875480,195
636,WS_SEND_START,1516290875480,195
636,WS_SEND_END,1516290875480,195
636,WS_RECV_START,1516290875480,196
636,WS_RECV_END,1516290875585,196
636,PLAYER_SLEEPBEFORE_START,1516290875585,197
636,PLAYER_SLEEPBEFORE_END,1516290877389,197
636,WS_SEND_START,1516290877389,197
636,WS_SEND_END,1516290877389,197
636,WS_RECV_START,1516290877389,198
636,WS_RECV_END,1516290877506,198
636,PLAYER_SLEEPBEFORE_START,1516290877506,199
636,PLAYER_SLEEPBEFORE_END,1516290889360,199
636,WS_SEND_START,1516290889360,199
636,WS_SEND_END,1516290889360,199
636,PLAYER_SLEEPBEFORE_START,1516290889360,200
636,PLAYER_SLEEPBEFORE_END,1516290893449,200
636,WS_SEND_START,1516290893449,200
636,WS_SEND_END,1516290893449,200
636,WS_RECV_START,1516290893449,201
636,WS_RECV_END,1516290893534,201
636,PLAYER_SLEEPBEFORE_START,1516290893534,202
636,PLAYER_SLEEPBEFORE_END,1516290893548,202
636,WS_SEND_START,1516290893548,202
636,WS_SEND_END,1516290893548,202
636,WS_RECV_START,1516290893548,203
636,WS_RECV_END,1516290893658,203
636,PLAYER_SLEEPBEFORE_START,1516290893658,204
636,PLAYER_SLEEPBEFORE_END,1516290913307,204
636,WS_SEND_START,1516290913307,204
636,WS_SEND_END,1516290913307,204
636,PLAYER_SLEEPBEFORE_START,1516290913307,205
636,PLAYER_SLEEPBEFORE_END,1516290917206,205
636,WS_SEND_START,1516290917206,205
636,WS_SEND_END,1516290917206,205
636,WS_RECV_START,1516290917206,206
636,WS_RECV_END,1516290917338,206
636,PLAYER_SLEEPBEFORE_START,1516290917338,207
636,PLAYER_SLEEPBEFORE_END,1516290934269,207
636,REQ_START,1516290934269,207
636,REQ_END,1516290934277,207
636,PLAYER_SLEEPBEFORE_START,1516290934277,208
636,PLAYER_SLEEPBEFORE_END,1516290941129,208
636,WS_CLOSE_START,1516290941129,208
636,WS_CLOSE_END,1516290941129,208
636,PLAYER_DONE,1516290941129
