# --sessions 720 --app-url=http://shinyloadtest.rstudioservices.com/cran_explorer --output-dir test720 --overwrite-output --log-level warn --start-interval 500 15min.log
thread_id,event,timestamp,input_line_number,comment
78,PLAYER_SESSION_CREATE,1516289461986
78,PLAYER_START_INTERVAL_START,1516289461986
78,PLAYER_START_INTERVAL_END,1516289500986
78,REQ_HOME_START,1516289500986,2
78,REQ_HOME_END,1516289501166,2
78,REQ_START,1516289501167,3
78,REQ_END,1516289501212,3
78,REQ_START,1516289501212,4
78,REQ_END,1516289501252,4
78,REQ_START,1516289501252,5
78,REQ_END,1516289501294,5
78,REQ_START,1516289501294,6
78,REQ_END,1516289501340,6
78,REQ_START,1516289501340,7
78,REQ_END,1516289501381,7
78,REQ_START,1516289501381,8
78,REQ_END,1516289501431,8
78,REQ_START,1516289501431,9
78,REQ_END,1516289501476,9
78,REQ_START,1516289501476,10
78,REQ_END,1516289501484,10
78,REQ_START,1516289501484,11
78,REQ_END,1516289501520,11
78,REQ_START,1516289501520,12
78,REQ_END,1516289501530,12
78,REQ_START,1516289501530,13
78,REQ_END,1516289501566,13
78,REQ_START,1516289501566,14
78,REQ_END,1516289501580,14
78,REQ_START,1516289501580,15
78,REQ_END,1516289501618,15
78,REQ_TOK_START,1516289501618,16
78,REQ_TOK_END,1516289501626,16
78,REQ_SINF_START,1516289501626,17
78,REQ_SINF_END,1516289501634,17
78,WS_OPEN_START,1516289501634,18
78,WS_OPEN_END,1516289501641,18
78,REQ_START,1516289501641,19
78,REQ_END,1516289501671,19
78,WS_RECV_START,1516289501671,20
78,WS_RECV_END,1516289501671,20
78,PLAYER_SLEEPBEFORE_START,1516289501671,21
78,PLAYER_SLEEPBEFORE_END,1516289501676,21
78,WS_SEND_START,1516289501676,21
78,WS_SEND_END,1516289501676,21
78,PLAYER_SLEEPBEFORE_START,1516289501676,22
78,PLAYER_SLEEPBEFORE_END,1516289501677,22
78,WS_SEND_START,1516289501677,22
78,WS_SEND_END,1516289501677,22
78,WS_RECV_INIT_START,1516289501677,23
78,WS_RECV_INIT_END,1516289501695,23
78,WS_RECV_START,1516289501695,24
78,WS_RECV_END,1516289501742,24
78,PLAYER_SLEEPBEFORE_START,1516289501742,25
78,PLAYER_SLEEPBEFORE_END,1516289501749,25
78,REQ_START,1516289501749,25
78,REQ_END,1516289501787,25
78,PLAYER_SLEEPBEFORE_START,1516289501787,26
78,PLAYER_SLEEPBEFORE_END,1516289501788,26
78,REQ_START,1516289501788,26
78,REQ_END,1516289501820,26
78,PLAYER_SLEEPBEFORE_START,1516289501820,27
78,PLAYER_SLEEPBEFORE_END,1516289501823,27
78,REQ_START,1516289501823,27
78,REQ_END,1516289501854,27
78,PLAYER_SLEEPBEFORE_START,1516289501854,28
78,PLAYER_SLEEPBEFORE_END,1516289502140,28
78,REQ_START,1516289502140,28
78,REQ_END,1516289502180,28
78,PLAYER_SLEEPBEFORE_START,1516289502180,29
78,PLAYER_SLEEPBEFORE_END,1516289502355,29
78,WS_SEND_START,1516289502355,29
78,WS_SEND_END,1516289502355,29
78,WS_RECV_START,1516289502355,30
78,WS_RECV_END,1516289502456,30
78,PLAYER_SLEEPBEFORE_START,1516289502456,31
78,PLAYER_SLEEPBEFORE_END,1516289502468,31
78,REQ_START,1516289502468,31
78,REQ_END,1516289502506,31
78,PLAYER_SLEEPBEFORE_START,1516289502506,32
78,PLAYER_SLEEPBEFORE_END,1516289530651,32
78,WS_SEND_START,1516289530651,32
78,WS_SEND_END,1516289530651,32
78,WS_RECV_START,1516289530651,33
78,WS_RECV_END,1516289530735,33
78,PLAYER_SLEEPBEFORE_START,1516289530735,34
78,PLAYER_SLEEPBEFORE_END,1516289556646,34
78,WS_SEND_START,1516289556646,34
78,WS_SEND_END,1516289556646,34
78,WS_RECV_START,1516289556646,35
78,WS_RECV_END,1516289556669,35
78,PLAYER_SLEEPBEFORE_START,1516289556669,36
78,PLAYER_SLEEPBEFORE_END,1516289556678,36
78,WS_SEND_START,1516289556678,36
78,WS_SEND_END,1516289556678,36
78,WS_RECV_START,1516289556678,37
78,WS_RECV_END,1516289556721,37
78,PLAYER_SLEEPBEFORE_START,1516289556721,38
78,PLAYER_SLEEPBEFORE_END,1516289559916,38
78,WS_SEND_START,1516289559916,38
78,WS_SEND_END,1516289559917,38
78,WS_RECV_START,1516289559917,39
78,WS_RECV_END,1516289560039,39
78,PLAYER_SLEEPBEFORE_START,1516289560039,40
78,PLAYER_SLEEPBEFORE_END,1516289560085,40
78,WS_SEND_START,1516289560085,40
78,WS_SEND_END,1516289560085,40
78,WS_RECV_START,1516289560085,41
78,WS_RECV_END,1516289560256,41
78,PLAYER_SLEEPBEFORE_START,1516289560256,42
78,PLAYER_SLEEPBEFORE_END,1516289578391,42
78,WS_SEND_START,1516289578391,42
78,WS_SEND_END,1516289578391,42
78,WS_RECV_START,1516289578391,43
78,WS_RECV_END,1516289578427,43
78,PLAYER_SLEEPBEFORE_START,1516289578427,44
78,PLAYER_SLEEPBEFORE_END,1516289578439,44
78,WS_SEND_START,1516289578439,44
78,WS_SEND_END,1516289578439,44
78,WS_RECV_START,1516289578439,45
78,WS_RECV_END,1516289578481,45
78,PLAYER_SLEEPBEFORE_START,1516289578481,46
78,PLAYER_SLEEPBEFORE_END,1516289579742,46
78,WS_SEND_START,1516289579742,46
78,WS_SEND_END,1516289579742,46
78,WS_RECV_START,1516289579742,47
78,WS_RECV_END,1516289579803,47
78,PLAYER_SLEEPBEFORE_START,1516289579803,48
78,PLAYER_SLEEPBEFORE_END,1516289581123,48
78,WS_SEND_START,1516289581123,48
78,WS_SEND_END,1516289581123,48
78,WS_RECV_START,1516289581123,49
78,WS_RECV_END,1516289581229,49
78,PLAYER_SLEEPBEFORE_START,1516289581229,50
78,PLAYER_SLEEPBEFORE_END,1516289581253,50
78,WS_SEND_START,1516289581253,50
78,WS_SEND_END,1516289581253,50
78,WS_RECV_START,1516289581253,51
78,WS_RECV_END,1516289581357,51
78,PLAYER_SLEEPBEFORE_START,1516289581357,52
78,PLAYER_SLEEPBEFORE_END,1516289603921,52
78,WS_SEND_START,1516289603921,52
78,WS_SEND_END,1516289603921,52
78,WS_RECV_START,1516289603921,53
78,WS_RECV_END,1516289604047,53
78,PLAYER_SLEEPBEFORE_START,1516289604047,54
78,PLAYER_SLEEPBEFORE_END,1516289625350,54
78,WS_SEND_START,1516289625350,54
78,WS_SEND_END,1516289625350,54
78,PLAYER_SLEEPBEFORE_START,1516289625350,55
78,PLAYER_SLEEPBEFORE_END,1516289627291,55
78,WS_SEND_START,1516289627291,55
78,WS_SEND_END,1516289627291,55
78,WS_RECV_START,1516289627291,56
78,WS_RECV_END,1516289627370,56
78,PLAYER_SLEEPBEFORE_START,1516289627370,57
78,PLAYER_SLEEPBEFORE_END,1516289650242,57
78,WS_SEND_START,1516289650242,57
78,WS_SEND_END,1516289650242,57
78,WS_RECV_START,1516289650242,58
78,WS_RECV_END,1516289650323,58
78,PLAYER_SLEEPBEFORE_START,1516289650323,59
78,PLAYER_SLEEPBEFORE_END,1516289652650,59
78,WS_SEND_START,1516289652650,59
78,WS_SEND_END,1516289652651,59
78,WS_RECV_START,1516289652651,60
78,WS_RECV_END,1516289652776,60
78,PLAYER_SLEEPBEFORE_START,1516289652776,61
78,PLAYER_SLEEPBEFORE_END,1516289656367,61
78,WS_SEND_START,1516289656367,61
78,WS_SEND_END,1516289656367,61
78,WS_RECV_START,1516289656367,62
78,WS_RECV_END,1516289656499,62
78,PLAYER_SLEEPBEFORE_START,1516289656499,63
78,PLAYER_SLEEPBEFORE_END,1516289675761,63
78,WS_SEND_START,1516289675761,63
78,WS_SEND_END,1516289675761,63
78,WS_RECV_START,1516289675761,64
78,WS_RECV_END,1516289675841,64
78,PLAYER_SLEEPBEFORE_START,1516289675841,65
78,PLAYER_SLEEPBEFORE_END,1516289702658,65
78,WS_SEND_START,1516289702658,65
78,WS_SEND_END,1516289702658,65
78,WS_RECV_START,1516289702658,66
78,WS_RECV_END,1516289702792,66
78,PLAYER_SLEEPBEFORE_START,1516289702792,67
78,PLAYER_SLEEPBEFORE_END,1516289704299,67
78,WS_SEND_START,1516289704299,67
78,WS_SEND_END,1516289704299,67
78,WS_RECV_START,1516289704299,68
78,WS_RECV_END,1516289704414,68
78,PLAYER_SLEEPBEFORE_START,1516289704414,69
78,PLAYER_SLEEPBEFORE_END,1516289726412,69
78,WS_SEND_START,1516289726412,69
78,WS_SEND_END,1516289726412,69
78,WS_RECV_START,1516289726412,70
78,WS_RECV_END,1516289726632,70
78,PLAYER_SLEEPBEFORE_START,1516289726632,71
78,PLAYER_SLEEPBEFORE_END,1516289751407,71
78,WS_SEND_START,1516289751407,71
78,WS_SEND_END,1516289751407,71
78,PLAYER_SLEEPBEFORE_START,1516289751407,72
78,PLAYER_SLEEPBEFORE_END,1516289754014,72
78,WS_SEND_START,1516289754014,72
78,WS_SEND_END,1516289754014,72
78,WS_RECV_START,1516289754014,73
78,WS_RECV_END,1516289754476,73
78,PLAYER_SLEEPBEFORE_START,1516289754476,74
78,PLAYER_SLEEPBEFORE_END,1516289754486,74
78,WS_SEND_START,1516289754486,74
78,WS_SEND_END,1516289754486,74
78,WS_RECV_START,1516289754486,75
78,WS_RECV_END,1516289754762,75
78,PLAYER_SLEEPBEFORE_START,1516289754762,76
78,PLAYER_SLEEPBEFORE_END,1516289756268,76
78,WS_SEND_START,1516289756268,76
78,WS_SEND_END,1516289756268,76
78,WS_RECV_START,1516289756268,77
78,WS_RECV_END,1516289756869,77
78,PLAYER_SLEEPBEFORE_START,1516289756869,78
78,PLAYER_SLEEPBEFORE_END,1516289757737,78
78,WS_SEND_START,1516289757737,78
78,WS_SEND_END,1516289757737,78
78,WS_RECV_START,1516289757737,79
78,WS_RECV_END,1516289758530,79
78,PLAYER_SLEEPBEFORE_START,1516289758530,80
78,PLAYER_SLEEPBEFORE_END,1516289766196,80
78,WS_SEND_START,1516289766196,80
78,WS_SEND_END,1516289766196,80
78,WS_RECV_START,1516289766196,81
78,WS_RECV_END,1516289766552,81
78,PLAYER_SLEEPBEFORE_START,1516289766552,82
78,PLAYER_SLEEPBEFORE_END,1516289767654,82
78,WS_SEND_START,1516289767654,82
78,WS_SEND_END,1516289767654,82
78,WS_RECV_START,1516289767654,83
78,WS_RECV_END,1516289767965,83
78,PLAYER_SLEEPBEFORE_START,1516289767965,84
78,PLAYER_SLEEPBEFORE_END,1516289768913,84
78,WS_SEND_START,1516289768913,84
78,WS_SEND_END,1516289768913,84
78,WS_RECV_START,1516289768913,85
78,WS_RECV_END,1516289769488,85
78,PLAYER_SLEEPBEFORE_START,1516289769488,86
78,PLAYER_SLEEPBEFORE_END,1516289773660,86
78,WS_SEND_START,1516289773660,86
78,WS_SEND_END,1516289773660,86
78,WS_RECV_START,1516289773660,87
78,WS_RECV_END,1516289774762,87
78,PLAYER_SLEEPBEFORE_START,1516289774762,88
78,PLAYER_SLEEPBEFORE_END,1516289774770,88
78,WS_SEND_START,1516289774770,88
78,WS_SEND_END,1516289774770,88
78,WS_RECV_START,1516289774770,89
78,WS_RECV_END,1516289776131,89
78,PLAYER_SLEEPBEFORE_START,1516289776131,90
78,PLAYER_SLEEPBEFORE_END,1516289803328,90
78,REQ_START,1516289803328,90
78,REQ_END,1516289803336,90
78,PLAYER_SLEEPBEFORE_START,1516289803336,91
78,PLAYER_SLEEPBEFORE_END,1516289811225,91
78,WS_SEND_START,1516289811225,91
78,WS_SEND_END,1516289811225,91
78,WS_RECV_START,1516289811225,92
78,WS_RECV_END,1516289812828,92
78,PLAYER_SLEEPBEFORE_START,1516289812828,93
78,PLAYER_SLEEPBEFORE_END,1516289812848,93
78,WS_SEND_START,1516289812848,93
78,WS_SEND_END,1516289812849,93
78,WS_RECV_START,1516289812849,94
78,WS_RECV_END,1516289813641,94
78,PLAYER_SLEEPBEFORE_START,1516289813641,95
78,PLAYER_SLEEPBEFORE_END,1516289837196,95
78,WS_SEND_START,1516289837196,95
78,WS_SEND_END,1516289837196,95
78,WS_RECV_START,1516289837196,96
78,WS_RECV_END,1516289839840,96
78,PLAYER_SLEEPBEFORE_START,1516289839840,97
78,PLAYER_SLEEPBEFORE_END,1516289862280,97
78,WS_SEND_START,1516289862280,97
78,WS_SEND_END,1516289862280,97
78,WS_RECV_START,1516289862280,98
78,WS_RECV_END,1516289864566,98
78,PLAYER_SLEEPBEFORE_START,1516289864566,99
78,PLAYER_SLEEPBEFORE_END,1516289864587,99
78,WS_SEND_START,1516289864587,99
78,WS_SEND_END,1516289864587,99
78,WS_RECV_START,1516289864587,100
78,WS_RECV_END,1516289865277,100
78,PLAYER_SLEEPBEFORE_START,1516289865277,101
78,PLAYER_SLEEPBEFORE_END,1516289888836,101
78,WS_SEND_START,1516289888836,101
78,WS_SEND_END,1516289888836,101
78,WS_RECV_START,1516289888836,102
78,WS_RECV_END,1516289891320,102
78,PLAYER_SLEEPBEFORE_START,1516289891320,103
78,PLAYER_SLEEPBEFORE_END,1516289914945,103
78,WS_SEND_START,1516289914945,103
78,WS_SEND_END,1516289914945,103
78,WS_RECV_START,1516289914945,104
78,WS_RECV_END,1516289916334,104
78,PLAYER_SLEEPBEFORE_START,1516289916334,105
78,PLAYER_SLEEPBEFORE_END,1516289941711,105
78,WS_SEND_START,1516289941711,105
78,WS_SEND_END,1516289941711,105
78,WS_RECV_START,1516289941711,106
78,WS_RECV_END,1516289943974,106
78,PLAYER_SLEEPBEFORE_START,1516289943974,107
78,PLAYER_SLEEPBEFORE_END,1516289967397,107
78,WS_SEND_START,1516289967397,107
78,WS_SEND_END,1516289967397,107
78,WS_RECV_START,1516289967397,108
78,WS_RECV_END,1516289971608,108
78,PLAYER_SLEEPBEFORE_START,1516289971608,109
78,PLAYER_SLEEPBEFORE_END,1516289971617,109
78,WS_SEND_START,1516289971617,109
78,WS_SEND_END,1516289971617,109
78,WS_RECV_START,1516289971617,110
78,WS_RECV_END,1516289973478,110
78,PLAYER_SLEEPBEFORE_START,1516289973478,111
78,PLAYER_SLEEPBEFORE_END,1516289974437,111
78,WS_SEND_START,1516289974437,111
78,WS_SEND_END,1516289974437,111
78,WS_RECV_START,1516289974437,112
78,WS_RECV_END,1516289975885,112
78,PLAYER_SLEEPBEFORE_START,1516289975885,113
78,PLAYER_SLEEPBEFORE_END,1516289976447,113
78,WS_SEND_START,1516289976447,113
78,WS_SEND_END,1516289976447,113
78,WS_RECV_START,1516289976447,114
78,WS_RECV_END,1516289978628,114
78,PLAYER_SLEEPBEFORE_START,1516289978628,115
78,PLAYER_SLEEPBEFORE_END,1516289978637,115
78,WS_SEND_START,1516289978637,115
78,WS_SEND_END,1516289978638,115
78,WS_RECV_START,1516289978638,116
78,WS_RECV_END,1516289982050,116
78,PLAYER_SLEEPBEFORE_START,1516289982050,117
78,PLAYER_SLEEPBEFORE_END,1516290002410,117
78,WS_SEND_START,1516290002410,117
78,WS_SEND_END,1516290002410,117
78,PLAYER_SLEEPBEFORE_START,1516290002410,118
78,PLAYER_SLEEPBEFORE_END,1516290006162,118
78,WS_SEND_START,1516290006162,118
78,WS_SEND_END,1516290006162,118
78,WS_RECV_START,1516290006162,119
78,WS_RECV_END,1516290007586,119
78,PLAYER_SLEEPBEFORE_START,1516290007586,120
78,PLAYER_SLEEPBEFORE_END,1516290008574,120
78,WS_SEND_START,1516290008574,120
78,WS_SEND_END,1516290008574,120
78,WS_RECV_START,1516290008574,121
78,WS_RECV_END,1516290013474,121
78,PLAYER_SLEEPBEFORE_START,1516290013474,122
78,PLAYER_SLEEPBEFORE_END,1516290014659,122
78,WS_SEND_START,1516290014659,122
78,WS_SEND_END,1516290014659,122
78,WS_RECV_START,1516290014659,123
78,WS_RECV_END,1516290016149,123
78,PLAYER_SLEEPBEFORE_START,1516290016150,124
78,PLAYER_SLEEPBEFORE_END,1516290040555,124
78,WS_SEND_START,1516290040555,124
78,WS_SEND_END,1516290040555,124
78,WS_RECV_START,1516290040555,125
78,WS_RECV_END,1516290046884,125
78,PLAYER_SLEEPBEFORE_START,1516290046884,126
78,PLAYER_SLEEPBEFORE_END,1516290067396,126
78,WS_SEND_START,1516290067396,126
78,WS_SEND_END,1516290067396,126
78,PLAYER_SLEEPBEFORE_START,1516290067396,127
78,PLAYER_SLEEPBEFORE_END,1516290070450,127
78,WS_SEND_START,1516290070450,127
78,WS_SEND_END,1516290070450,127
78,WS_RECV_START,1516290070450,128
78,WS_RECV_END,1516290071694,128
78,PLAYER_SLEEPBEFORE_START,1516290071694,129
78,PLAYER_SLEEPBEFORE_END,1516290071715,129
78,WS_SEND_START,1516290071715,129
78,WS_SEND_END,1516290071715,129
78,WS_RECV_START,1516290071715,130
78,WS_RECV_END,1516290073814,130
78,PLAYER_SLEEPBEFORE_START,1516290073814,131
78,PLAYER_SLEEPBEFORE_END,1516290095438,131
78,WS_SEND_START,1516290095438,131
78,WS_SEND_END,1516290095438,131
78,PLAYER_SLEEPBEFORE_START,1516290095438,132
78,PLAYER_SLEEPBEFORE_END,1516290098518,132
78,WS_SEND_START,1516290098518,132
78,WS_SEND_END,1516290098518,132
78,WS_RECV_START,1516290098518,133
78,WS_RECV_END,1516290102481,133
78,PLAYER_SLEEPBEFORE_START,1516290102481,134
78,PLAYER_SLEEPBEFORE_END,1516290123698,134
78,WS_SEND_START,1516290123698,134
78,WS_SEND_END,1516290123698,134
78,PLAYER_SLEEPBEFORE_START,1516290123698,135
78,PLAYER_SLEEPBEFORE_END,1516290126888,135
78,WS_SEND_START,1516290126888,135
78,WS_SEND_END,1516290126888,135
78,WS_RECV_START,1516290126888,136
78,WS_RECV_END,1516290129268,136
78,PLAYER_SLEEPBEFORE_START,1516290129268,137
78,PLAYER_SLEEPBEFORE_END,1516290129275,137
78,WS_SEND_START,1516290129275,137
78,WS_SEND_END,1516290129275,137
78,WS_RECV_START,1516290129275,138
78,WS_RECV_END,1516290132398,138
78,PLAYER_SLEEPBEFORE_START,1516290132398,139
78,PLAYER_SLEEPBEFORE_END,1516290133088,139
78,WS_SEND_START,1516290133088,139
78,WS_SEND_END,1516290133088,139
78,WS_RECV_START,1516290133088,140
78,WS_RECV_END,1516290135131,140
78,PLAYER_SLEEPBEFORE_START,1516290135131,141
78,PLAYER_SLEEPBEFORE_END,1516290135787,141
78,WS_SEND_START,1516290135787,141
78,WS_SEND_END,1516290135787,141
78,WS_RECV_START,1516290135787,142
78,WS_RECV_END,1516290137531,142
78,PLAYER_SLEEPBEFORE_START,1516290137531,143
78,PLAYER_SLEEPBEFORE_END,1516290137588,143
78,WS_SEND_START,1516290137588,143
78,WS_SEND_END,1516290137588,143
78,WS_RECV_START,1516290137588,144
78,WS_RECV_END,1516290140185,144
78,PLAYER_SLEEPBEFORE_START,1516290140185,145
78,PLAYER_SLEEPBEFORE_END,1516290156247,145
78,REQ_START,1516290156247,145
78,REQ_END,1516290156255,145
78,PLAYER_SLEEPBEFORE_START,1516290156255,146
78,PLAYER_SLEEPBEFORE_END,1516290165132,146
78,WS_SEND_START,1516290165132,146
78,WS_SEND_END,1516290165132,146
78,WS_RECV_START,1516290165132,147
78,WS_RECV_END,1516290170318,147
78,PLAYER_SLEEPBEFORE_START,1516290170318,148
78,PLAYER_SLEEPBEFORE_END,1516290192240,148
78,WS_SEND_START,1516290192240,148
78,WS_SEND_END,1516290192240,148
78,PLAYER_SLEEPBEFORE_START,1516290192240,149
78,PLAYER_SLEEPBEFORE_END,1516290194668,149
78,WS_SEND_START,1516290194668,149
78,WS_SEND_END,1516290194668,149
78,WS_RECV_START,1516290194668,150
78,WS_RECV_END,1516290198783,150
78,PLAYER_SLEEPBEFORE_START,1516290198783,151
78,PLAYER_SLEEPBEFORE_END,1516290198993,151
78,WS_SEND_START,1516290198993,151
78,WS_SEND_END,1516290198993,151
78,WS_RECV_START,1516290198993,152
78,WS_RECV_END,1516290200590,152
78,PLAYER_SLEEPBEFORE_START,1516290200590,153
78,PLAYER_SLEEPBEFORE_END,1516290224517,153
78,WS_SEND_START,1516290224517,153
78,WS_SEND_END,1516290224517,153
78,WS_RECV_START,1516290224517,154
78,WS_RECV_END,1516290231778,154
78,PLAYER_SLEEPBEFORE_START,1516290231778,155
78,PLAYER_SLEEPBEFORE_END,1516290254337,155
78,WS_SEND_START,1516290254337,155
78,WS_SEND_END,1516290254337,155
78,PLAYER_SLEEPBEFORE_START,1516290254337,156
78,PLAYER_SLEEPBEFORE_END,1516290257611,156
78,WS_SEND_START,1516290257611,156
78,WS_SEND_END,1516290257611,156
78,WS_RECV_START,1516290257611,157
78,WS_RECV_END,1516290260283,157
78,PLAYER_SLEEPBEFORE_START,1516290260283,158
78,PLAYER_SLEEPBEFORE_END,1516290260293,158
78,WS_SEND_START,1516290260293,158
78,WS_SEND_END,1516290260293,158
78,WS_RECV_START,1516290260293,159
78,WS_RECV_END,1516290263103,159
78,PLAYER_SLEEPBEFORE_START,1516290263103,160
78,PLAYER_SLEEPBEFORE_END,1516290263278,160
78,WS_SEND_START,1516290263278,160
78,WS_SEND_END,1516290263278,160
78,WS_RECV_START,1516290263278,161
78,WS_RECV_END,1516290266955,161
78,PLAYER_SLEEPBEFORE_START,1516290266955,162
78,PLAYER_SLEEPBEFORE_END,1516290266980,162
78,WS_SEND_START,1516290266980,162
78,WS_SEND_END,1516290266980,162
78,WS_RECV_START,1516290266980,163
78,WS_RECV_END,1516290271181,163
78,PLAYER_SLEEPBEFORE_START,1516290271181,164
78,PLAYER_SLEEPBEFORE_END,1516290291993,164
78,WS_SEND_START,1516290291993,164
78,WS_SEND_END,1516290291993,164
78,WS_RECV_START,1516290291993,165
78,WS_RECV_END,1516290298732,165
78,PLAYER_SLEEPBEFORE_START,1516290298732,166
78,PLAYER_SLEEPBEFORE_END,1516290321187,166
78,WS_SEND_START,1516290321187,166
78,WS_SEND_END,1516290321187,166
78,WS_RECV_START,1516290321187,167
78,WS_RECV_END,1516290328628,167
78,PLAYER_SLEEPBEFORE_START,1516290328628,168
78,PLAYER_SLEEPBEFORE_END,1516290355985,168
78,WS_SEND_START,1516290355985,168
78,WS_SEND_END,1516290355985,168
78,WS_RECV_START,1516290355985,169
78,WS_RECV_END,1516290361693,169
78,PLAYER_SLEEPBEFORE_START,1516290361693,170
78,PLAYER_SLEEPBEFORE_END,1516290361702,170
78,WS_SEND_START,1516290361703,170
78,WS_SEND_END,1516290361703,170
78,WS_RECV_START,1516290361703,171
78,WS_RECV_END,1516290364191,171
78,PLAYER_SLEEPBEFORE_START,1516290364191,172
78,PLAYER_SLEEPBEFORE_END,1516290364560,172
78,WS_SEND_START,1516290364560,172
78,WS_SEND_END,1516290364560,172
78,WS_RECV_START,1516290364560,173
78,WS_RECV_END,1516290367798,173
78,PLAYER_SLEEPBEFORE_START,1516290367798,174
78,PLAYER_SLEEPBEFORE_END,1516290367839,174
78,WS_SEND_START,1516290367839,174
78,WS_SEND_END,1516290367839,174
78,WS_RECV_START,1516290367839,175
78,WS_RECV_END,1516290372166,175
78,PLAYER_SLEEPBEFORE_START,1516290372166,176
78,PLAYER_SLEEPBEFORE_END,1516290393927,176
78,WS_SEND_START,1516290393927,176
78,WS_SEND_END,1516290393927,176
78,PLAYER_SLEEPBEFORE_START,1516290393927,177
78,PLAYER_SLEEPBEFORE_END,1516290396445,177
78,WS_SEND_START,1516290396445,177
78,WS_SEND_END,1516290396445,177
78,WS_RECV_START,1516290396445,178
78,WS_RECV_END,1516290402502,178
78,PLAYER_SLEEPBEFORE_START,1516290402502,179
78,PLAYER_SLEEPBEFORE_END,1516290424842,179
78,WS_SEND_START,1516290424842,179
78,WS_SEND_END,1516290424842,179
78,WS_RECV_START,1516290424842,180
78,WS_RECV_END,1516290431498,180
78,PLAYER_SLEEPBEFORE_START,1516290431498,181
78,PLAYER_SLEEPBEFORE_END,1516290431942,181
78,WS_SEND_START,1516290431942,181
78,WS_SEND_END,1516290431942,181
78,WS_RECV_START,1516290431942,182
78,WS_RECV_END,1516290435788,182
78,PLAYER_SLEEPBEFORE_START,1516290435788,183
78,PLAYER_SLEEPBEFORE_END,1516290436311,183
78,WS_SEND_START,1516290436311,183
78,WS_SEND_END,1516290436311,183
78,WS_RECV_START,1516290436311,184
78,WS_RECV_END,1516290440310,184
78,PLAYER_SLEEPBEFORE_START,1516290440310,185
78,PLAYER_SLEEPBEFORE_END,1516290440578,185
78,WS_SEND_START,1516290440578,185
78,WS_SEND_END,1516290440578,185
78,WS_RECV_START,1516290440578,186
78,WS_RECV_END,1516290445066,186
78,PLAYER_SLEEPBEFORE_START,1516290445066,187
78,PLAYER_SLEEPBEFORE_END,1516290467566,187
78,WS_SEND_START,1516290467566,187
78,WS_SEND_END,1516290467566,187
78,WS_RECV_START,1516290467566,188
78,WS_RECV_END,1516290475024,188
78,PLAYER_SLEEPBEFORE_START,1516290475024,189
78,PLAYER_SLEEPBEFORE_END,1516290481263,189
78,WS_SEND_START,1516290481263,189
78,WS_SEND_END,1516290481263,189
78,WS_RECV_START,1516290481263,190
78,WS_RECV_END,1516290489087,190
78,PLAYER_SLEEPBEFORE_START,1516290489087,191
78,PLAYER_SLEEPBEFORE_END,1516290491002,191
78,WS_SEND_START,1516290491002,191
78,WS_SEND_END,1516290491002,191
78,WS_RECV_START,1516290491002,192
78,WS_RECV_END,1516290500569,192
78,PLAYER_SLEEPBEFORE_START,1516290500569,193
78,PLAYER_SLEEPBEFORE_END,1516290500697,193
78,WS_SEND_START,1516290500697,193
78,WS_SEND_END,1516290500697,193
78,WS_RECV_START,1516290500697,194
78,WS_RECV_END,1516290505578,194
78,PLAYER_SLEEPBEFORE_START,1516290505578,195
78,PLAYER_SLEEPBEFORE_END,1516290507333,195
78,WS_SEND_START,1516290507333,195
78,WS_SEND_END,1516290507333,195
78,WS_RECV_START,1516290507333,196
78,WS_RECV_END,1516290511712,196
78,PLAYER_SLEEPBEFORE_START,1516290511712,197
78,PLAYER_SLEEPBEFORE_END,1516290513517,197
78,WS_SEND_START,1516290513517,197
78,WS_SEND_END,1516290513517,197
78,WS_RECV_START,1516290513517,198
78,WS_RECV_END,1516290516610,198
78,PLAYER_SLEEPBEFORE_START,1516290516610,199
78,PLAYER_SLEEPBEFORE_END,1516290528464,199
78,WS_SEND_START,1516290528464,199
78,WS_SEND_END,1516290528464,199
78,PLAYER_SLEEPBEFORE_START,1516290528464,200
78,PLAYER_SLEEPBEFORE_END,1516290532552,200
78,WS_SEND_START,1516290532552,200
78,WS_SEND_END,1516290532552,200
78,WS_RECV_START,1516290532552,201
78,WS_RECV_END,1516290536409,201
78,PLAYER_SLEEPBEFORE_START,1516290536409,202
78,PLAYER_SLEEPBEFORE_END,1516290536424,202
78,WS_SEND_START,1516290536424,202
78,WS_SEND_END,1516290536424,202
78,WS_RECV_START,1516290536424,203
78,WS_RECV_END,1516290548072,203
78,PLAYER_SLEEPBEFORE_START,1516290548072,204
78,PLAYER_SLEEPBEFORE_END,1516290567721,204
78,WS_SEND_START,1516290567721,204
78,WS_SEND_END,1516290567721,204
78,PLAYER_SLEEPBEFORE_START,1516290567721,205
78,PLAYER_SLEEPBEFORE_END,1516290571619,205
78,WS_SEND_START,1516290571619,205
78,WS_SEND_END,1516290571619,205
78,WS_RECV_START,1516290571619,206
78,WS_RECV_END,1516290578763,206
78,PLAYER_SLEEPBEFORE_START,1516290578763,207
78,PLAYER_SLEEPBEFORE_END,1516290595694,207
78,REQ_START,1516290595694,207
78,REQ_END,1516290595703,207
78,PLAYER_SLEEPBEFORE_START,1516290595703,208
78,PLAYER_SLEEPBEFORE_END,1516290602555,208
78,WS_CLOSE_START,1516290602555,208
78,WS_CLOSE_END,1516290602555,208
78,PLAYER_DONE,1516290602555
