# --sessions 720 --app-url=http://shinyloadtest.rstudioservices.com/cran_explorer --output-dir test720 --overwrite-output --log-level warn --start-interval 500 15min.log
thread_id,event,timestamp,input_line_number,comment
98,PLAYER_SESSION_CREATE,1516289462002
98,PLAYER_START_INTERVAL_START,1516289462002
98,PLAYER_START_INTERVAL_END,1516289511002
98,REQ_HOME_START,1516289511002,2
98,REQ_HOME_END,1516289511124,2
98,REQ_START,1516289511124,3
98,REQ_END,1516289511161,3
98,REQ_START,1516289511161,4
98,REQ_END,1516289511194,4
98,REQ_START,1516289511194,5
98,REQ_END,1516289511231,5
98,REQ_START,1516289511231,6
98,REQ_END,1516289511271,6
98,REQ_START,1516289511271,7
98,REQ_END,1516289511307,7
98,REQ_START,1516289511307,8
98,REQ_END,1516289511346,8
98,REQ_START,1516289511346,9
98,REQ_END,1516289511388,9
98,REQ_START,1516289511388,10
98,REQ_END,1516289511398,10
98,REQ_START,1516289511398,11
98,REQ_END,1516289511439,11
98,REQ_START,1516289511439,12
98,REQ_END,1516289511450,12
98,REQ_START,1516289511450,13
98,REQ_END,1516289511495,13
98,REQ_START,1516289511495,14
98,REQ_END,1516289511510,14
98,REQ_START,1516289511510,15
98,REQ_END,1516289511565,15
98,REQ_TOK_START,1516289511565,16
98,REQ_TOK_END,1516289511573,16
98,REQ_SINF_START,1516289511573,17
98,REQ_SINF_END,1516289511580,17
98,WS_OPEN_START,1516289511580,18
98,WS_OPEN_END,1516289511587,18
98,REQ_START,1516289511587,19
98,REQ_END,1516289511617,19
98,WS_RECV_START,1516289511617,20
98,WS_RECV_END,1516289511617,20
98,PLAYER_SLEEPBEFORE_START,1516289511617,21
98,PLAYER_SLEEPBEFORE_END,1516289511622,21
98,WS_SEND_START,1516289511622,21
98,WS_SEND_END,1516289511623,21
98,PLAYER_SLEEPBEFORE_START,1516289511623,22
98,PLAYER_SLEEPBEFORE_END,1516289511624,22
98,WS_SEND_START,1516289511624,22
98,WS_SEND_END,1516289511624,22
98,WS_RECV_INIT_START,1516289511624,23
98,WS_RECV_INIT_END,1516289511658,23
98,WS_RECV_START,1516289511658,24
98,WS_RECV_END,1516289511706,24
98,PLAYER_SLEEPBEFORE_START,1516289511706,25
98,PLAYER_SLEEPBEFORE_END,1516289511713,25
98,REQ_START,1516289511713,25
98,REQ_END,1516289511745,25
98,PLAYER_SLEEPBEFORE_START,1516289511745,26
98,PLAYER_SLEEPBEFORE_END,1516289511746,26
98,REQ_START,1516289511746,26
98,REQ_END,1516289511785,26
98,PLAYER_SLEEPBEFORE_START,1516289511785,27
98,PLAYER_SLEEPBEFORE_END,1516289511788,27
98,REQ_START,1516289511788,27
98,REQ_END,1516289511849,27
98,PLAYER_SLEEPBEFORE_START,1516289511849,28
98,PLAYER_SLEEPBEFORE_END,1516289512134,28
98,REQ_START,1516289512134,28
98,REQ_END,1516289512174,28
98,PLAYER_SLEEPBEFORE_START,1516289512174,29
98,PLAYER_SLEEPBEFORE_END,1516289512350,29
98,WS_SEND_START,1516289512350,29
98,WS_SEND_END,1516289512350,29
98,WS_RECV_START,1516289512350,30
98,WS_RECV_END,1516289512452,30
98,PLAYER_SLEEPBEFORE_START,1516289512452,31
98,PLAYER_SLEEPBEFORE_END,1516289512463,31
98,REQ_START,1516289512463,31
98,REQ_END,1516289512498,31
98,PLAYER_SLEEPBEFORE_START,1516289512498,32
98,PLAYER_SLEEPBEFORE_END,1516289540643,32
98,WS_SEND_START,1516289540643,32
98,WS_SEND_END,1516289540643,32
98,WS_RECV_START,1516289540643,33
98,WS_RECV_END,1516289540723,33
98,PLAYER_SLEEPBEFORE_START,1516289540723,34
98,PLAYER_SLEEPBEFORE_END,1516289566635,34
98,WS_SEND_START,1516289566635,34
98,WS_SEND_END,1516289566635,34
98,WS_RECV_START,1516289566635,35
98,WS_RECV_END,1516289566718,35
98,PLAYER_SLEEPBEFORE_START,1516289566718,36
98,PLAYER_SLEEPBEFORE_END,1516289566727,36
98,WS_SEND_START,1516289566727,36
98,WS_SEND_END,1516289566727,36
98,WS_RECV_START,1516289566727,37
98,WS_RECV_END,1516289566789,37
98,PLAYER_SLEEPBEFORE_START,1516289566789,38
98,PLAYER_SLEEPBEFORE_END,1516289569985,38
98,WS_SEND_START,1516289569985,38
98,WS_SEND_END,1516289569985,38
98,WS_RECV_START,1516289569985,39
98,WS_RECV_END,1516289570133,39
98,PLAYER_SLEEPBEFORE_START,1516289570133,40
98,PLAYER_SLEEPBEFORE_END,1516289570179,40
98,WS_SEND_START,1516289570179,40
98,WS_SEND_END,1516289570179,40
98,WS_RECV_START,1516289570179,41
98,WS_RECV_END,1516289570293,41
98,PLAYER_SLEEPBEFORE_START,1516289570293,42
98,PLAYER_SLEEPBEFORE_END,1516289588428,42
98,WS_SEND_START,1516289588428,42
98,WS_SEND_END,1516289588428,42
98,WS_RECV_START,1516289588428,43
98,WS_RECV_END,1516289588471,43
98,PLAYER_SLEEPBEFORE_START,1516289588471,44
98,PLAYER_SLEEPBEFORE_END,1516289588484,44
98,WS_SEND_START,1516289588484,44
98,WS_SEND_END,1516289588484,44
98,WS_RECV_START,1516289588484,45
98,WS_RECV_END,1516289588525,45
98,PLAYER_SLEEPBEFORE_START,1516289588525,46
98,PLAYER_SLEEPBEFORE_END,1516289589786,46
98,WS_SEND_START,1516289589786,46
98,WS_SEND_END,1516289589786,46
98,WS_RECV_START,1516289589786,47
98,WS_RECV_END,1516289589824,47
98,PLAYER_SLEEPBEFORE_START,1516289589824,48
98,PLAYER_SLEEPBEFORE_END,1516289591145,48
98,WS_SEND_START,1516289591145,48
98,WS_SEND_END,1516289591145,48
98,WS_RECV_START,1516289591145,49
98,WS_RECV_END,1516289591281,49
98,PLAYER_SLEEPBEFORE_START,1516289591281,50
98,PLAYER_SLEEPBEFORE_END,1516289591305,50
98,WS_SEND_START,1516289591305,50
98,WS_SEND_END,1516289591305,50
98,WS_RECV_START,1516289591305,51
98,WS_RECV_END,1516289591463,51
98,PLAYER_SLEEPBEFORE_START,1516289591463,52
98,PLAYER_SLEEPBEFORE_END,1516289614027,52
98,WS_SEND_START,1516289614027,52
98,WS_SEND_END,1516289614027,52
98,WS_RECV_START,1516289614027,53
98,WS_RECV_END,1516289614146,53
98,PLAYER_SLEEPBEFORE_START,1516289614146,54
98,PLAYER_SLEEPBEFORE_END,1516289635449,54
98,WS_SEND_START,1516289635449,54
98,WS_SEND_END,1516289635449,54
98,PLAYER_SLEEPBEFORE_START,1516289635449,55
98,PLAYER_SLEEPBEFORE_END,1516289637391,55
98,WS_SEND_START,1516289637391,55
98,WS_SEND_END,1516289637391,55
98,WS_RECV_START,1516289637391,56
98,WS_RECV_END,1516289637485,56
98,PLAYER_SLEEPBEFORE_START,1516289637485,57
98,PLAYER_SLEEPBEFORE_END,1516289660357,57
98,WS_SEND_START,1516289660357,57
98,WS_SEND_END,1516289660357,57
98,WS_RECV_START,1516289660357,58
98,WS_RECV_END,1516289660404,58
98,PLAYER_SLEEPBEFORE_START,1516289660404,59
98,PLAYER_SLEEPBEFORE_END,1516289662732,59
98,WS_SEND_START,1516289662732,59
98,WS_SEND_END,1516289662732,59
98,WS_RECV_START,1516289662732,60
98,WS_RECV_END,1516289662972,60
98,PLAYER_SLEEPBEFORE_START,1516289662972,61
98,PLAYER_SLEEPBEFORE_END,1516289666563,61
98,WS_SEND_START,1516289666563,61
98,WS_SEND_END,1516289666563,61
98,WS_RECV_START,1516289666563,62
98,WS_RECV_END,1516289666703,62
98,PLAYER_SLEEPBEFORE_START,1516289666703,63
98,PLAYER_SLEEPBEFORE_END,1516289685965,63
98,WS_SEND_START,1516289685965,63
98,WS_SEND_END,1516289685965,63
98,WS_RECV_START,1516289685965,64
98,WS_RECV_END,1516289686131,64
98,PLAYER_SLEEPBEFORE_START,1516289686131,65
98,PLAYER_SLEEPBEFORE_END,1516289712948,65
98,WS_SEND_START,1516289712948,65
98,WS_SEND_END,1516289712948,65
98,WS_RECV_START,1516289712948,66
98,WS_RECV_END,1516289713216,66
98,PLAYER_SLEEPBEFORE_START,1516289713216,67
98,PLAYER_SLEEPBEFORE_END,1516289714723,67
98,WS_SEND_START,1516289714723,67
98,WS_SEND_END,1516289714723,67
98,WS_RECV_START,1516289714723,68
98,WS_RECV_END,1516289715028,68
98,PLAYER_SLEEPBEFORE_START,1516289715028,69
98,PLAYER_SLEEPBEFORE_END,1516289737026,69
98,WS_SEND_START,1516289737026,69
98,WS_SEND_END,1516289737027,69
98,WS_RECV_START,1516289737027,70
98,WS_RECV_END,1516289737235,70
98,PLAYER_SLEEPBEFORE_START,1516289737235,71
98,PLAYER_SLEEPBEFORE_END,1516289762010,71
98,WS_SEND_START,1516289762010,71
98,WS_SEND_END,1516289762010,71
98,PLAYER_SLEEPBEFORE_START,1516289762010,72
98,PLAYER_SLEEPBEFORE_END,1516289764669,72
98,WS_SEND_START,1516289764669,72
98,WS_SEND_END,1516289764669,72
98,WS_RECV_START,1516289764670,73
98,WS_RECV_END,1516289764828,73
98,PLAYER_SLEEPBEFORE_START,1516289764828,74
98,PLAYER_SLEEPBEFORE_END,1516289764837,74
98,WS_SEND_START,1516289764837,74
98,WS_SEND_END,1516289764837,74
98,WS_RECV_START,1516289764837,75
98,WS_RECV_END,1516289765118,75
98,PLAYER_SLEEPBEFORE_START,1516289765118,76
98,PLAYER_SLEEPBEFORE_END,1516289766624,76
98,WS_SEND_START,1516289766624,76
98,WS_SEND_END,1516289766624,76
98,WS_RECV_START,1516289766624,77
98,WS_RECV_END,1516289767470,77
98,PLAYER_SLEEPBEFORE_START,1516289767470,78
98,PLAYER_SLEEPBEFORE_END,1516289768338,78
98,WS_SEND_START,1516289768338,78
98,WS_SEND_END,1516289768338,78
98,WS_RECV_START,1516289768338,79
98,WS_RECV_END,1516289768746,79
98,PLAYER_SLEEPBEFORE_START,1516289768746,80
98,PLAYER_SLEEPBEFORE_END,1516289776412,80
98,WS_SEND_START,1516289776412,80
98,WS_SEND_END,1516289776412,80
98,WS_RECV_START,1516289776412,81
98,WS_RECV_END,1516289777324,81
98,PLAYER_SLEEPBEFORE_START,1516289777324,82
98,PLAYER_SLEEPBEFORE_END,1516289778427,82
98,WS_SEND_START,1516289778427,82
98,WS_SEND_END,1516289778427,82
98,WS_RECV_START,1516289778427,83
98,WS_RECV_END,1516289779262,83
98,PLAYER_SLEEPBEFORE_START,1516289779262,84
98,PLAYER_SLEEPBEFORE_END,1516289780209,84
98,WS_SEND_START,1516289780209,84
98,WS_SEND_END,1516289780209,84
98,WS_RECV_START,1516289780209,85
98,WS_RECV_END,1516289780890,85
98,PLAYER_SLEEPBEFORE_START,1516289780890,86
98,PLAYER_SLEEPBEFORE_END,1516289785062,86
98,WS_SEND_START,1516289785062,86
98,WS_SEND_END,1516289785062,86
98,WS_RECV_START,1516289785062,87
98,WS_RECV_END,1516289786532,87
98,PLAYER_SLEEPBEFORE_START,1516289786532,88
98,PLAYER_SLEEPBEFORE_END,1516289786540,88
98,WS_SEND_START,1516289786540,88
98,WS_SEND_END,1516289786540,88
98,WS_RECV_START,1516289786540,89
98,WS_RECV_END,1516289786961,89
98,PLAYER_SLEEPBEFORE_START,1516289786961,90
98,PLAYER_SLEEPBEFORE_END,1516289814158,90
98,REQ_START,1516289814158,90
98,REQ_END,1516289814166,90
98,PLAYER_SLEEPBEFORE_START,1516289814166,91
98,PLAYER_SLEEPBEFORE_END,1516289822055,91
98,WS_SEND_START,1516289822055,91
98,WS_SEND_END,1516289822055,91
98,WS_RECV_START,1516289822055,92
98,WS_RECV_END,1516289824345,92
98,PLAYER_SLEEPBEFORE_START,1516289824345,93
98,PLAYER_SLEEPBEFORE_END,1516289824360,93
98,WS_SEND_START,1516289824360,93
98,WS_SEND_END,1516289824360,93
98,WS_RECV_START,1516289824360,94
98,WS_RECV_END,1516289825285,94
98,PLAYER_SLEEPBEFORE_START,1516289825285,95
98,PLAYER_SLEEPBEFORE_END,1516289848840,95
98,WS_SEND_START,1516289848840,95
98,WS_SEND_END,1516289848840,95
98,WS_RECV_START,1516289848840,96
98,WS_RECV_END,1516289852135,96
98,PLAYER_SLEEPBEFORE_START,1516289852135,97
98,PLAYER_SLEEPBEFORE_END,1516289874575,97
98,WS_SEND_START,1516289874575,97
98,WS_SEND_END,1516289874575,97
98,WS_RECV_START,1516289874575,98
98,WS_RECV_END,1516289876249,98
98,PLAYER_SLEEPBEFORE_START,1516289876249,99
98,PLAYER_SLEEPBEFORE_END,1516289876270,99
98,WS_SEND_START,1516289876270,99
98,WS_SEND_END,1516289876270,99
98,WS_RECV_START,1516289876270,100
98,WS_RECV_END,1516289877515,100
98,PLAYER_SLEEPBEFORE_START,1516289877515,101
98,PLAYER_SLEEPBEFORE_END,1516289901075,101
98,WS_SEND_START,1516289901075,101
98,WS_SEND_END,1516289901075,101
98,WS_RECV_START,1516289901075,102
98,WS_RECV_END,1516289903766,102
98,PLAYER_SLEEPBEFORE_START,1516289903766,103
98,PLAYER_SLEEPBEFORE_END,1516289927391,103
98,WS_SEND_START,1516289927391,103
98,WS_SEND_END,1516289927391,103
98,WS_RECV_START,1516289927391,104
98,WS_RECV_END,1516289930298,104
98,PLAYER_SLEEPBEFORE_START,1516289930298,105
98,PLAYER_SLEEPBEFORE_END,1516289955675,105
98,WS_SEND_START,1516289955675,105
98,WS_SEND_END,1516289955675,105
98,WS_RECV_START,1516289955675,106
98,WS_RECV_END,1516289960250,106
98,PLAYER_SLEEPBEFORE_START,1516289960250,107
98,PLAYER_SLEEPBEFORE_END,1516289983673,107
98,WS_SEND_START,1516289983673,107
98,WS_SEND_END,1516289983673,107
98,WS_RECV_START,1516289983673,108
98,WS_RECV_END,1516289989358,108
98,PLAYER_SLEEPBEFORE_START,1516289989358,109
98,PLAYER_SLEEPBEFORE_END,1516289989368,109
98,WS_SEND_START,1516289989368,109
98,WS_SEND_END,1516289989368,109
98,WS_RECV_START,1516289989368,110
98,WS_RECV_END,1516289991270,110
98,PLAYER_SLEEPBEFORE_START,1516289991270,111
98,PLAYER_SLEEPBEFORE_END,1516289992229,111
98,WS_SEND_START,1516289992229,111
98,WS_SEND_END,1516289992229,111
98,WS_RECV_START,1516289992229,112
98,WS_RECV_END,1516289994424,112
98,PLAYER_SLEEPBEFORE_START,1516289994424,113
98,PLAYER_SLEEPBEFORE_END,1516289994986,113
98,WS_SEND_START,1516289994986,113
98,WS_SEND_END,1516289994986,113
98,WS_RECV_START,1516289994986,114
98,WS_RECV_END,1516289998107,114
98,PLAYER_SLEEPBEFORE_START,1516289998107,115
98,PLAYER_SLEEPBEFORE_END,1516289998116,115
98,WS_SEND_START,1516289998116,115
98,WS_SEND_END,1516289998116,115
98,WS_RECV_START,1516289998116,116
98,WS_RECV_END,1516290002665,116
98,PLAYER_SLEEPBEFORE_START,1516290002665,117
98,PLAYER_SLEEPBEFORE_END,1516290023025,117
98,WS_SEND_START,1516290023025,117
98,WS_SEND_END,1516290023025,117
98,PLAYER_SLEEPBEFORE_START,1516290023025,118
98,PLAYER_SLEEPBEFORE_END,1516290026777,118
98,WS_SEND_START,1516290026777,118
98,WS_SEND_END,1516290026777,118
98,WS_RECV_START,1516290026777,119
98,WS_RECV_END,1516290029215,119
98,PLAYER_SLEEPBEFORE_START,1516290029215,120
98,PLAYER_SLEEPBEFORE_END,1516290030203,120
98,WS_SEND_START,1516290030203,120
98,WS_SEND_END,1516290030203,120
98,WS_RECV_START,1516290030203,121
98,WS_RECV_END,1516290036311,121
98,PLAYER_SLEEPBEFORE_START,1516290036311,122
98,PLAYER_SLEEPBEFORE_END,1516290037496,122
98,WS_SEND_START,1516290037496,122
98,WS_SEND_END,1516290037496,122
98,WS_RECV_START,1516290037496,123
98,WS_RECV_END,1516290039523,123
98,PLAYER_SLEEPBEFORE_START,1516290039523,124
98,PLAYER_SLEEPBEFORE_END,1516290063928,124
98,WS_SEND_START,1516290063928,124
98,WS_SEND_END,1516290063928,124
98,WS_RECV_START,1516290063928,125
98,WS_RECV_END,1516290068284,125
98,PLAYER_SLEEPBEFORE_START,1516290068284,126
98,PLAYER_SLEEPBEFORE_END,1516290088796,126
98,WS_SEND_START,1516290088796,126
98,WS_SEND_END,1516290088796,126
98,PLAYER_SLEEPBEFORE_START,1516290088796,127
98,PLAYER_SLEEPBEFORE_END,1516290091850,127
98,WS_SEND_START,1516290091850,127
98,WS_SEND_END,1516290091850,127
98,WS_RECV_START,1516290091850,128
98,WS_RECV_END,1516290094263,128
98,PLAYER_SLEEPBEFORE_START,1516290094263,129
98,PLAYER_SLEEPBEFORE_END,1516290094283,129
98,WS_SEND_START,1516290094283,129
98,WS_SEND_END,1516290094283,129
98,WS_RECV_START,1516290094283,130
98,WS_RECV_END,1516290096032,130
98,PLAYER_SLEEPBEFORE_START,1516290096032,131
98,PLAYER_SLEEPBEFORE_END,1516290117656,131
98,WS_SEND_START,1516290117656,131
98,WS_SEND_END,1516290117656,131
98,PLAYER_SLEEPBEFORE_START,1516290117656,132
98,PLAYER_SLEEPBEFORE_END,1516290120736,132
98,WS_SEND_START,1516290120736,132
98,WS_SEND_END,1516290120736,132
98,WS_RECV_START,1516290120736,133
98,WS_RECV_END,1516290123820,133
98,PLAYER_SLEEPBEFORE_START,1516290123820,134
98,PLAYER_SLEEPBEFORE_END,1516290145037,134
98,WS_SEND_START,1516290145037,134
98,WS_SEND_END,1516290145037,134
98,PLAYER_SLEEPBEFORE_START,1516290145037,135
98,PLAYER_SLEEPBEFORE_END,1516290148227,135
98,WS_SEND_START,1516290148227,135
98,WS_SEND_END,1516290148227,135
98,WS_RECV_START,1516290148227,136
98,WS_RECV_END,1516290149902,136
98,PLAYER_SLEEPBEFORE_START,1516290149902,137
98,PLAYER_SLEEPBEFORE_END,1516290149910,137
98,WS_SEND_START,1516290149910,137
98,WS_SEND_END,1516290149910,137
98,WS_RECV_START,1516290149910,138
98,WS_RECV_END,1516290152946,138
98,PLAYER_SLEEPBEFORE_START,1516290152946,139
98,PLAYER_SLEEPBEFORE_END,1516290153636,139
98,WS_SEND_START,1516290153636,139
98,WS_SEND_END,1516290153636,139
98,WS_RECV_START,1516290153636,140
98,WS_RECV_END,1516290157114,140
98,PLAYER_SLEEPBEFORE_START,1516290157114,141
98,PLAYER_SLEEPBEFORE_END,1516290157769,141
98,WS_SEND_START,1516290157769,141
98,WS_SEND_END,1516290157769,141
98,WS_RECV_START,1516290157769,142
98,WS_RECV_END,1516290161925,142
98,PLAYER_SLEEPBEFORE_START,1516290161925,143
98,PLAYER_SLEEPBEFORE_END,1516290161982,143
98,WS_SEND_START,1516290161982,143
98,WS_SEND_END,1516290161982,143
98,WS_RECV_START,1516290161983,144
98,WS_RECV_END,1516290166345,144
98,PLAYER_SLEEPBEFORE_START,1516290166345,145
98,PLAYER_SLEEPBEFORE_END,1516290182407,145
98,REQ_START,1516290182407,145
98,REQ_END,1516290182415,145
98,PLAYER_SLEEPBEFORE_START,1516290182415,146
98,PLAYER_SLEEPBEFORE_END,1516290191292,146
98,WS_SEND_START,1516290191292,146
98,WS_SEND_END,1516290191292,146
98,WS_RECV_START,1516290191292,147
98,WS_RECV_END,1516290197356,147
98,PLAYER_SLEEPBEFORE_START,1516290197356,148
98,PLAYER_SLEEPBEFORE_END,1516290219278,148
98,WS_SEND_START,1516290219278,148
98,WS_SEND_END,1516290219278,148
98,PLAYER_SLEEPBEFORE_START,1516290219278,149
98,PLAYER_SLEEPBEFORE_END,1516290221706,149
98,WS_SEND_START,1516290221706,149
98,WS_SEND_END,1516290221706,149
98,WS_RECV_START,1516290221706,150
98,WS_RECV_END,1516290226163,150
98,PLAYER_SLEEPBEFORE_START,1516290226163,151
98,PLAYER_SLEEPBEFORE_END,1516290226373,151
98,WS_SEND_START,1516290226373,151
98,WS_SEND_END,1516290226373,151
98,WS_RECV_START,1516290226373,152
98,WS_RECV_END,1516290229092,152
98,PLAYER_SLEEPBEFORE_START,1516290229092,153
98,PLAYER_SLEEPBEFORE_END,1516290253019,153
98,WS_SEND_START,1516290253019,153
98,WS_SEND_END,1516290253019,153
98,WS_RECV_START,1516290253019,154
98,WS_RECV_END,1516290259236,154
98,PLAYER_SLEEPBEFORE_START,1516290259236,155
98,PLAYER_SLEEPBEFORE_END,1516290281794,155
98,WS_SEND_START,1516290281794,155
98,WS_SEND_END,1516290281794,155
98,PLAYER_SLEEPBEFORE_START,1516290281794,156
98,PLAYER_SLEEPBEFORE_END,1516290285068,156
98,WS_SEND_START,1516290285068,156
98,WS_SEND_END,1516290285068,156
98,WS_RECV_START,1516290285068,157
98,WS_RECV_END,1516290290075,157
98,PLAYER_SLEEPBEFORE_START,1516290290075,158
98,PLAYER_SLEEPBEFORE_END,1516290290085,158
98,WS_SEND_START,1516290290085,158
98,WS_SEND_END,1516290290085,158
98,WS_RECV_START,1516290290085,159
98,WS_RECV_END,1516290295734,159
98,PLAYER_SLEEPBEFORE_START,1516290295734,160
98,PLAYER_SLEEPBEFORE_END,1516290295910,160
98,WS_SEND_START,1516290295910,160
98,WS_SEND_END,1516290295910,160
98,WS_RECV_START,1516290295910,161
98,WS_RECV_END,1516290300653,161
98,PLAYER_SLEEPBEFORE_START,1516290300653,162
98,PLAYER_SLEEPBEFORE_END,1516290300678,162
98,WS_SEND_START,1516290300678,162
98,WS_SEND_END,1516290300678,162
98,WS_RECV_START,1516290300678,163
98,WS_RECV_END,1516290306509,163
98,PLAYER_SLEEPBEFORE_START,1516290306509,164
98,PLAYER_SLEEPBEFORE_END,1516290327321,164
98,WS_SEND_START,1516290327321,164
98,WS_SEND_END,1516290327321,164
98,WS_RECV_START,1516290327321,165
98,WS_RECV_END,1516290334380,165
98,PLAYER_SLEEPBEFORE_START,1516290334380,166
98,PLAYER_SLEEPBEFORE_END,1516290356835,166
98,WS_SEND_START,1516290356835,166
98,WS_SEND_END,1516290356835,166
98,WS_RECV_START,1516290356835,167
98,WS_RECV_END,1516290361670,167
98,PLAYER_SLEEPBEFORE_START,1516290361670,168
98,PLAYER_SLEEPBEFORE_END,1516290389027,168
98,WS_SEND_START,1516290389027,168
98,WS_SEND_END,1516290389027,168
98,WS_RECV_START,1516290389027,169
98,WS_RECV_END,1516290397118,169
98,PLAYER_SLEEPBEFORE_START,1516290397118,170
98,PLAYER_SLEEPBEFORE_END,1516290397127,170
98,WS_SEND_START,1516290397127,170
98,WS_SEND_END,1516290397127,170
98,WS_RECV_START,1516290397127,171
98,WS_RECV_END,1516290401306,171
98,PLAYER_SLEEPBEFORE_START,1516290401307,172
98,PLAYER_SLEEPBEFORE_END,1516290401676,172
98,WS_SEND_START,1516290401676,172
98,WS_SEND_END,1516290401676,172
98,WS_RECV_START,1516290401676,173
98,WS_RECV_END,1516290406103,173
98,PLAYER_SLEEPBEFORE_START,1516290406103,174
98,PLAYER_SLEEPBEFORE_END,1516290406144,174
98,WS_SEND_START,1516290406144,174
98,WS_SEND_END,1516290406144,174
98,WS_RECV_START,1516290406144,175
98,WS_RECV_END,1516290411277,175
98,PLAYER_SLEEPBEFORE_START,1516290411277,176
98,PLAYER_SLEEPBEFORE_END,1516290433038,176
98,WS_SEND_START,1516290433038,176
98,WS_SEND_END,1516290433038,176
98,PLAYER_SLEEPBEFORE_START,1516290433038,177
98,PLAYER_SLEEPBEFORE_END,1516290435556,177
98,WS_SEND_START,1516290435556,177
98,WS_SEND_END,1516290435556,177
98,WS_RECV_START,1516290435556,178
98,WS_RECV_END,1516290438566,178
98,PLAYER_SLEEPBEFORE_START,1516290438566,179
98,PLAYER_SLEEPBEFORE_END,1516290460907,179
98,WS_SEND_START,1516290460907,179
98,WS_SEND_END,1516290460907,179
98,WS_RECV_START,1516290460907,180
98,WS_RECV_END,1516290470003,180
98,PLAYER_SLEEPBEFORE_START,1516290470003,181
98,PLAYER_SLEEPBEFORE_END,1516290470447,181
98,WS_SEND_START,1516290470447,181
98,WS_SEND_END,1516290470447,181
98,WS_RECV_START,1516290470447,182
98,WS_RECV_END,1516290475067,182
98,PLAYER_SLEEPBEFORE_START,1516290475067,183
98,PLAYER_SLEEPBEFORE_END,1516290475590,183
98,WS_SEND_START,1516290475590,183
98,WS_SEND_END,1516290475590,183
98,WS_RECV_START,1516290475590,184
98,WS_RECV_END,1516290480709,184
98,PLAYER_SLEEPBEFORE_START,1516290480709,185
98,PLAYER_SLEEPBEFORE_END,1516290480977,185
98,WS_SEND_START,1516290480977,185
98,WS_SEND_END,1516290480977,185
98,WS_RECV_START,1516290480977,186
98,WS_RECV_END,1516290485630,186
98,PLAYER_SLEEPBEFORE_START,1516290485630,187
98,PLAYER_SLEEPBEFORE_END,1516290508130,187
98,WS_SEND_START,1516290508130,187
98,WS_SEND_END,1516290508130,187
98,WS_RECV_START,1516290508130,188
98,WS_RECV_END,1516290517874,188
98,PLAYER_SLEEPBEFORE_START,1516290517874,189
98,PLAYER_SLEEPBEFORE_END,1516290524113,189
98,WS_SEND_START,1516290524113,189
98,WS_SEND_END,1516290524113,189
98,WS_RECV_START,1516290524113,190
98,WS_RECV_END,1516290533193,190
98,PLAYER_SLEEPBEFORE_START,1516290533193,191
98,PLAYER_SLEEPBEFORE_END,1516290535108,191
98,WS_SEND_START,1516290535108,191
98,WS_SEND_END,1516290535108,191
98,WS_RECV_START,1516290535108,192
98,WS_RECV_END,1516290539007,192
98,PLAYER_SLEEPBEFORE_START,1516290539007,193
98,PLAYER_SLEEPBEFORE_END,1516290539135,193
98,WS_SEND_START,1516290539135,193
98,WS_SEND_END,1516290539135,193
98,WS_RECV_START,1516290539135,194
98,WS_RECV_END,1516290545518,194
98,PLAYER_SLEEPBEFORE_START,1516290545518,195
98,PLAYER_SLEEPBEFORE_END,1516290547273,195
98,WS_SEND_START,1516290547273,195
98,WS_SEND_END,1516290547273,195
98,WS_RECV_START,1516290547273,196
98,WS_RECV_END,1516290552361,196
98,PLAYER_SLEEPBEFORE_START,1516290552361,197
98,PLAYER_SLEEPBEFORE_END,1516290554165,197
98,WS_SEND_START,1516290554165,197
98,WS_SEND_END,1516290554165,197
98,WS_RECV_START,1516290554165,198
98,WS_RECV_END,1516290560560,198
98,PLAYER_SLEEPBEFORE_START,1516290560560,199
98,PLAYER_SLEEPBEFORE_END,1516290572414,199
98,WS_SEND_START,1516290572414,199
98,WS_SEND_END,1516290572414,199
98,PLAYER_SLEEPBEFORE_START,1516290572414,200
98,PLAYER_SLEEPBEFORE_END,1516290576503,200
98,WS_SEND_START,1516290576503,200
98,WS_SEND_END,1516290576503,200
98,WS_RECV_START,1516290576503,201
98,WS_RECV_END,1516290581257,201
98,PLAYER_SLEEPBEFORE_START,1516290581257,202
98,PLAYER_SLEEPBEFORE_END,1516290581271,202
98,WS_SEND_START,1516290581271,202
98,WS_SEND_END,1516290581271,202
98,WS_RECV_START,1516290581271,203
98,WS_RECV_END,1516290586733,203
98,PLAYER_SLEEPBEFORE_START,1516290586733,204
98,PLAYER_SLEEPBEFORE_END,1516290606382,204
98,WS_SEND_START,1516290606382,204
98,WS_SEND_END,1516290606382,204
98,PLAYER_SLEEPBEFORE_START,1516290606382,205
98,PLAYER_SLEEPBEFORE_END,1516290610280,205
98,WS_SEND_START,1516290610280,205
98,WS_SEND_END,1516290610280,205
98,WS_RECV_START,1516290610280,206
98,WS_RECV_END,1516290614750,206
98,PLAYER_SLEEPBEFORE_START,1516290614750,207
98,PLAYER_SLEEPBEFORE_END,1516290631685,207
98,REQ_START,1516290631685,207
98,REQ_END,1516290631692,207
98,PLAYER_SLEEPBEFORE_START,1516290631692,208
98,PLAYER_SLEEPBEFORE_END,1516290638544,208
98,WS_CLOSE_START,1516290638544,208
98,WS_CLOSE_END,1516290638544,208
98,PLAYER_DONE,1516290638544
