# --sessions 540 --app-url=http://shinyloadtest.rstudioservices.com/cran_explorer --output-dir test540-2 --overwrite-output --log-level warn --start-interval 500 15min.log
thread_id,event,timestamp,input_line_number,comment
115,PLAYER_SESSION_CREATE,1516230347963
115,PLAYER_START_INTERVAL_START,1516230347963
115,PLAYER_START_INTERVAL_END,1516230405463
115,REQ_HOME_START,1516230405463,2
115,REQ_HOME_END,1516230405564,2
115,REQ_START,1516230405564,3
115,REQ_END,1516230405596,3
115,REQ_START,1516230405596,4
115,REQ_END,1516230405671,4
115,REQ_START,1516230405671,5
115,REQ_END,1516230405708,5
115,REQ_START,1516230405708,6
115,REQ_END,1516230405746,6
115,REQ_START,1516230405746,7
115,REQ_END,1516230405780,7
115,REQ_START,1516230405780,8
115,REQ_END,1516230405816,8
115,REQ_START,1516230405816,9
115,REQ_END,1516230405853,9
115,REQ_START,1516230405853,10
115,REQ_END,1516230405861,10
115,REQ_START,1516230405861,11
115,REQ_END,1516230405908,11
115,REQ_START,1516230405908,12
115,REQ_END,1516230405917,12
115,REQ_START,1516230405917,13
115,REQ_END,1516230405949,13
115,REQ_START,1516230405949,14
115,REQ_END,1516230405967,14
115,REQ_START,1516230405967,15
115,REQ_END,1516230406001,15
115,REQ_TOK_START,1516230406001,16
115,REQ_TOK_END,1516230406009,16
115,REQ_SINF_START,1516230406009,17
115,REQ_SINF_END,1516230406016,17
115,WS_OPEN_START,1516230406016,18
115,WS_OPEN_END,1516230406023,18
115,REQ_START,1516230406023,19
115,REQ_END,1516230406050,19
115,WS_RECV_START,1516230406050,20
115,WS_RECV_END,1516230406050,20
115,PLAYER_SLEEPBEFORE_START,1516230406050,21
115,PLAYER_SLEEPBEFORE_END,1516230406055,21
115,WS_SEND_START,1516230406055,21
115,WS_SEND_END,1516230406055,21
115,PLAYER_SLEEPBEFORE_START,1516230406055,22
115,PLAYER_SLEEPBEFORE_END,1516230406056,22
115,WS_SEND_START,1516230406056,22
115,WS_SEND_END,1516230406057,22
115,WS_RECV_INIT_START,1516230406057,23
115,WS_RECV_INIT_END,1516230406076,23
115,WS_RECV_START,1516230406076,24
115,WS_RECV_END,1516230406139,24
115,PLAYER_SLEEPBEFORE_START,1516230406139,25
115,PLAYER_SLEEPBEFORE_END,1516230406146,25
115,REQ_START,1516230406146,25
115,REQ_END,1516230406177,25
115,PLAYER_SLEEPBEFORE_START,1516230406177,26
115,PLAYER_SLEEPBEFORE_END,1516230406178,26
115,REQ_START,1516230406178,26
115,REQ_END,1516230406210,26
115,PLAYER_SLEEPBEFORE_START,1516230406210,27
115,PLAYER_SLEEPBEFORE_END,1516230406213,27
115,REQ_START,1516230406213,27
115,REQ_END,1516230406250,27
115,PLAYER_SLEEPBEFORE_START,1516230406250,28
115,PLAYER_SLEEPBEFORE_END,1516230406536,28
115,REQ_START,1516230406536,28
115,REQ_END,1516230406568,28
115,PLAYER_SLEEPBEFORE_START,1516230406568,29
115,PLAYER_SLEEPBEFORE_END,1516230406743,29
115,WS_SEND_START,1516230406743,29
115,WS_SEND_END,1516230406743,29
115,WS_RECV_START,1516230406743,30
115,WS_RECV_END,1516230406864,30
115,PLAYER_SLEEPBEFORE_START,1516230406864,31
115,PLAYER_SLEEPBEFORE_END,1516230406875,31
115,REQ_START,1516230406875,31
115,REQ_END,1516230406912,31
115,PLAYER_SLEEPBEFORE_START,1516230406912,32
115,PLAYER_SLEEPBEFORE_END,1516230435057,32
115,WS_SEND_START,1516230435057,32
115,WS_SEND_END,1516230435057,32
115,WS_RECV_START,1516230435057,33
115,WS_RECV_END,1516230435192,33
115,PLAYER_SLEEPBEFORE_START,1516230435192,34
115,PLAYER_SLEEPBEFORE_END,1516230461104,34
115,WS_SEND_START,1516230461104,34
115,WS_SEND_END,1516230461104,34
115,WS_RECV_START,1516230461104,35
115,WS_RECV_END,1516230461163,35
115,PLAYER_SLEEPBEFORE_START,1516230461163,36
115,PLAYER_SLEEPBEFORE_END,1516230461172,36
115,WS_SEND_START,1516230461172,36
115,WS_SEND_END,1516230461172,36
115,WS_RECV_START,1516230461172,37
115,WS_RECV_END,1516230461236,37
115,PLAYER_SLEEPBEFORE_START,1516230461236,38
115,PLAYER_SLEEPBEFORE_END,1516230464431,38
115,WS_SEND_START,1516230464431,38
115,WS_SEND_END,1516230464431,38
115,WS_RECV_START,1516230464431,39
115,WS_RECV_END,1516230464573,39
115,PLAYER_SLEEPBEFORE_START,1516230464573,40
115,PLAYER_SLEEPBEFORE_END,1516230464620,40
115,WS_SEND_START,1516230464620,40
115,WS_SEND_END,1516230464620,40
115,WS_RECV_START,1516230464620,41
115,WS_RECV_END,1516230464745,41
115,PLAYER_SLEEPBEFORE_START,1516230464745,42
115,PLAYER_SLEEPBEFORE_END,1516230482882,42
115,WS_SEND_START,1516230482882,42
115,WS_SEND_END,1516230482882,42
115,WS_RECV_START,1516230482882,43
115,WS_RECV_END,1516230482932,43
115,PLAYER_SLEEPBEFORE_START,1516230482932,44
115,PLAYER_SLEEPBEFORE_END,1516230482944,44
115,WS_SEND_START,1516230482944,44
115,WS_SEND_END,1516230482944,44
115,WS_RECV_START,1516230482944,45
115,WS_RECV_END,1516230483128,45
115,PLAYER_SLEEPBEFORE_START,1516230483128,46
115,PLAYER_SLEEPBEFORE_END,1516230484388,46
115,WS_SEND_START,1516230484388,46
115,WS_SEND_END,1516230484388,46
115,WS_RECV_START,1516230484388,47
115,WS_RECV_END,1516230484425,47
115,PLAYER_SLEEPBEFORE_START,1516230484425,48
115,PLAYER_SLEEPBEFORE_END,1516230485746,48
115,WS_SEND_START,1516230485746,48
115,WS_SEND_END,1516230485746,48
115,WS_RECV_START,1516230485746,49
115,WS_RECV_END,1516230485946,49
115,PLAYER_SLEEPBEFORE_START,1516230485946,50
115,PLAYER_SLEEPBEFORE_END,1516230485970,50
115,WS_SEND_START,1516230485970,50
115,WS_SEND_END,1516230485970,50
115,WS_RECV_START,1516230485970,51
115,WS_RECV_END,1516230486145,51
115,PLAYER_SLEEPBEFORE_START,1516230486145,52
115,PLAYER_SLEEPBEFORE_END,1516230508709,52
115,WS_SEND_START,1516230508709,52
115,WS_SEND_END,1516230508709,52
115,WS_RECV_START,1516230508709,53
115,WS_RECV_END,1516230509020,53
115,PLAYER_SLEEPBEFORE_START,1516230509020,54
115,PLAYER_SLEEPBEFORE_END,1516230530323,54
115,WS_SEND_START,1516230530323,54
115,WS_SEND_END,1516230530323,54
115,PLAYER_SLEEPBEFORE_START,1516230530323,55
115,PLAYER_SLEEPBEFORE_END,1516230532264,55
115,WS_SEND_START,1516230532264,55
115,WS_SEND_END,1516230532264,55
115,WS_RECV_START,1516230532264,56
115,WS_RECV_END,1516230532389,56
115,PLAYER_SLEEPBEFORE_START,1516230532389,57
115,PLAYER_SLEEPBEFORE_END,1516230555262,57
115,WS_SEND_START,1516230555262,57
115,WS_SEND_END,1516230555262,57
115,WS_RECV_START,1516230555262,58
115,WS_RECV_END,1516230555344,58
115,PLAYER_SLEEPBEFORE_START,1516230555344,59
115,PLAYER_SLEEPBEFORE_END,1516230557671,59
115,WS_SEND_START,1516230557671,59
115,WS_SEND_END,1516230557671,59
115,WS_RECV_START,1516230557671,60
115,WS_RECV_END,1516230557833,60
115,PLAYER_SLEEPBEFORE_START,1516230557833,61
115,PLAYER_SLEEPBEFORE_END,1516230561424,61
115,WS_SEND_START,1516230561424,61
115,WS_SEND_END,1516230561424,61
115,WS_RECV_START,1516230561424,62
115,WS_RECV_END,1516230561759,62
115,PLAYER_SLEEPBEFORE_START,1516230561759,63
115,PLAYER_SLEEPBEFORE_END,1516230581021,63
115,WS_SEND_START,1516230581021,63
115,WS_SEND_END,1516230581021,63
115,WS_RECV_START,1516230581021,64
115,WS_RECV_END,1516230581634,64
115,PLAYER_SLEEPBEFORE_START,1516230581634,65
115,PLAYER_SLEEPBEFORE_END,1516230608452,65
115,WS_SEND_START,1516230608452,65
115,WS_SEND_END,1516230608452,65
115,WS_RECV_START,1516230608452,66
115,WS_RECV_END,1516230608883,66
115,PLAYER_SLEEPBEFORE_START,1516230608883,67
115,PLAYER_SLEEPBEFORE_END,1516230610390,67
115,WS_SEND_START,1516230610390,67
115,WS_SEND_END,1516230610390,67
115,WS_RECV_START,1516230610390,68
115,WS_RECV_END,1516230610598,68
115,PLAYER_SLEEPBEFORE_START,1516230610598,69
115,PLAYER_SLEEPBEFORE_END,1516230632596,69
115,WS_SEND_START,1516230632596,69
115,WS_SEND_END,1516230632596,69
115,WS_RECV_START,1516230632596,70
115,WS_RECV_END,1516230633513,70
115,PLAYER_SLEEPBEFORE_START,1516230633513,71
115,PLAYER_SLEEPBEFORE_END,1516230658288,71
115,WS_SEND_START,1516230658288,71
115,WS_SEND_END,1516230658288,71
115,PLAYER_SLEEPBEFORE_START,1516230658288,72
115,PLAYER_SLEEPBEFORE_END,1516230660895,72
115,WS_SEND_START,1516230660895,72
115,WS_SEND_END,1516230660895,72
115,WS_RECV_START,1516230660895,73
115,WS_RECV_END,1516230661438,73
115,PLAYER_SLEEPBEFORE_START,1516230661438,74
115,PLAYER_SLEEPBEFORE_END,1516230661448,74
115,WS_SEND_START,1516230661448,74
115,WS_SEND_END,1516230661448,74
115,WS_RECV_START,1516230661448,75
115,WS_RECV_END,1516230661492,75
115,PLAYER_SLEEPBEFORE_START,1516230661492,76
115,PLAYER_SLEEPBEFORE_END,1516230662998,76
115,WS_SEND_START,1516230662998,76
115,WS_SEND_END,1516230662998,76
115,WS_RECV_START,1516230662998,77
115,WS_RECV_END,1516230663257,77
115,PLAYER_SLEEPBEFORE_START,1516230663257,78
115,PLAYER_SLEEPBEFORE_END,1516230664125,78
115,WS_SEND_START,1516230664125,78
115,WS_SEND_END,1516230664125,78
115,WS_RECV_START,1516230664125,79
115,WS_RECV_END,1516230664843,79
115,PLAYER_SLEEPBEFORE_START,1516230664843,80
115,PLAYER_SLEEPBEFORE_END,1516230672509,80
115,WS_SEND_START,1516230672509,80
115,WS_SEND_END,1516230672509,80
115,WS_RECV_START,1516230672509,81
115,WS_RECV_END,1516230673474,81
115,PLAYER_SLEEPBEFORE_START,1516230673474,82
115,PLAYER_SLEEPBEFORE_END,1516230674576,82
115,WS_SEND_START,1516230674576,82
115,WS_SEND_END,1516230674576,82
115,WS_RECV_START,1516230674576,83
115,WS_RECV_END,1516230675166,83
115,PLAYER_SLEEPBEFORE_START,1516230675166,84
115,PLAYER_SLEEPBEFORE_END,1516230676113,84
115,WS_SEND_START,1516230676113,84
115,WS_SEND_END,1516230676113,84
115,WS_RECV_START,1516230676113,85
115,WS_RECV_END,1516230677161,85
115,PLAYER_SLEEPBEFORE_START,1516230677161,86
115,PLAYER_SLEEPBEFORE_END,1516230681333,86
115,WS_SEND_START,1516230681333,86
115,WS_SEND_END,1516230681333,86
115,WS_RECV_START,1516230681333,87
115,WS_RECV_END,1516230681527,87
115,PLAYER_SLEEPBEFORE_START,1516230681527,88
115,PLAYER_SLEEPBEFORE_END,1516230681535,88
115,WS_SEND_START,1516230681535,88
115,WS_SEND_END,1516230681535,88
115,WS_RECV_START,1516230681535,89
115,WS_RECV_END,1516230682505,89
115,PLAYER_SLEEPBEFORE_START,1516230682505,90
115,PLAYER_SLEEPBEFORE_END,1516230709702,90
115,REQ_START,1516230709702,90
115,REQ_END,1516230709710,90
115,PLAYER_SLEEPBEFORE_START,1516230709710,91
115,PLAYER_SLEEPBEFORE_END,1516230717599,91
115,WS_SEND_START,1516230717599,91
115,WS_SEND_END,1516230717599,91
115,WS_RECV_START,1516230717599,92
115,WS_RECV_END,1516230718441,92
115,PLAYER_SLEEPBEFORE_START,1516230718441,93
115,PLAYER_SLEEPBEFORE_END,1516230718456,93
115,WS_SEND_START,1516230718456,93
115,WS_SEND_END,1516230718456,93
115,WS_RECV_START,1516230718456,94
115,WS_RECV_END,1516230718859,94
115,PLAYER_SLEEPBEFORE_START,1516230718859,95
115,PLAYER_SLEEPBEFORE_END,1516230742414,95
115,WS_SEND_START,1516230742414,95
115,WS_SEND_END,1516230742414,95
115,WS_RECV_START,1516230742414,96
115,WS_RECV_END,1516230742822,96
115,PLAYER_SLEEPBEFORE_START,1516230742822,97
115,PLAYER_SLEEPBEFORE_END,1516230765262,97
115,WS_SEND_START,1516230765262,97
115,WS_SEND_END,1516230765262,97
115,WS_RECV_START,1516230765262,98
115,WS_RECV_END,1516230765896,98
115,PLAYER_SLEEPBEFORE_START,1516230765896,99
115,PLAYER_SLEEPBEFORE_END,1516230765918,99
115,WS_SEND_START,1516230765918,99
115,WS_SEND_END,1516230765918,99
115,WS_RECV_START,1516230765918,100
115,WS_RECV_END,1516230766316,100
115,PLAYER_SLEEPBEFORE_START,1516230766316,101
115,PLAYER_SLEEPBEFORE_END,1516230789875,101
115,WS_SEND_START,1516230789875,101
115,WS_SEND_END,1516230789875,101
115,WS_RECV_START,1516230789875,102
115,WS_RECV_END,1516230790613,102
115,PLAYER_SLEEPBEFORE_START,1516230790613,103
115,PLAYER_SLEEPBEFORE_END,1516230814238,103
115,WS_SEND_START,1516230814238,103
115,WS_SEND_END,1516230814238,103
115,WS_RECV_START,1516230814238,104
115,WS_RECV_END,1516230815036,104
115,PLAYER_SLEEPBEFORE_START,1516230815036,105
115,PLAYER_SLEEPBEFORE_END,1516230840413,105
115,WS_SEND_START,1516230840413,105
115,WS_SEND_END,1516230840413,105
115,WS_RECV_START,1516230840413,106
115,WS_RECV_END,1516230841955,106
115,PLAYER_SLEEPBEFORE_START,1516230841955,107
115,PLAYER_SLEEPBEFORE_END,1516230865378,107
115,WS_SEND_START,1516230865378,107
115,WS_SEND_END,1516230865378,107
115,WS_RECV_START,1516230865378,108
115,WS_RECV_END,1516230868549,108
115,PLAYER_SLEEPBEFORE_START,1516230868549,109
115,PLAYER_SLEEPBEFORE_END,1516230868558,109
115,WS_SEND_START,1516230868558,109
115,WS_SEND_END,1516230868558,109
115,WS_RECV_START,1516230868558,110
115,WS_RECV_END,1516230869876,110
115,PLAYER_SLEEPBEFORE_START,1516230869876,111
115,PLAYER_SLEEPBEFORE_END,1516230870835,111
115,WS_SEND_START,1516230870835,111
115,WS_SEND_END,1516230870835,111
115,WS_RECV_START,1516230870835,112
115,WS_RECV_END,1516230873684,112
115,PLAYER_SLEEPBEFORE_START,1516230873684,113
115,PLAYER_SLEEPBEFORE_END,1516230874246,113
115,WS_SEND_START,1516230874246,113
115,WS_SEND_END,1516230874247,113
115,WS_RECV_START,1516230874247,114
115,WS_RECV_END,1516230876278,114
115,PLAYER_SLEEPBEFORE_START,1516230876278,115
115,PLAYER_SLEEPBEFORE_END,1516230876287,115
115,WS_SEND_START,1516230876287,115
115,WS_SEND_END,1516230876287,115
115,WS_RECV_START,1516230876287,116
115,WS_RECV_END,1516230878894,116
115,PLAYER_SLEEPBEFORE_START,1516230878894,117
115,PLAYER_SLEEPBEFORE_END,1516230899254,117
115,WS_SEND_START,1516230899254,117
115,WS_SEND_END,1516230899254,117
115,PLAYER_SLEEPBEFORE_START,1516230899254,118
115,PLAYER_SLEEPBEFORE_END,1516230903006,118
115,WS_SEND_START,1516230903006,118
115,WS_SEND_END,1516230903007,118
115,WS_RECV_START,1516230903007,119
115,WS_RECV_END,1516230904512,119
115,PLAYER_SLEEPBEFORE_START,1516230904512,120
115,PLAYER_SLEEPBEFORE_END,1516230905500,120
115,WS_SEND_START,1516230905500,120
115,WS_SEND_END,1516230905500,120
115,WS_RECV_START,1516230905500,121
115,WS_RECV_END,1516230907145,121
115,PLAYER_SLEEPBEFORE_START,1516230907145,122
115,PLAYER_SLEEPBEFORE_END,1516230908330,122
115,WS_SEND_START,1516230908330,122
115,WS_SEND_END,1516230908330,122
115,WS_RECV_START,1516230908330,123
115,WS_RECV_END,1516230909660,123
115,PLAYER_SLEEPBEFORE_START,1516230909660,124
115,PLAYER_SLEEPBEFORE_END,1516230934065,124
115,WS_SEND_START,1516230934065,124
115,WS_SEND_END,1516230934065,124
115,WS_RECV_START,1516230934065,125
115,WS_RECV_END,1516230936255,125
115,PLAYER_SLEEPBEFORE_START,1516230936255,126
115,PLAYER_SLEEPBEFORE_END,1516230956768,126
115,WS_SEND_START,1516230956768,126
115,WS_SEND_END,1516230956768,126
115,PLAYER_SLEEPBEFORE_START,1516230956768,127
115,PLAYER_SLEEPBEFORE_END,1516230959822,127
115,WS_SEND_START,1516230959822,127
115,WS_SEND_END,1516230959822,127
115,WS_RECV_START,1516230959822,128
115,WS_RECV_END,1516230963841,128
115,PLAYER_SLEEPBEFORE_START,1516230963841,129
115,PLAYER_SLEEPBEFORE_END,1516230963861,129
115,WS_SEND_START,1516230963861,129
115,WS_SEND_END,1516230963861,129
115,WS_RECV_START,1516230963861,130
115,WS_RECV_END,1516230965396,130
115,PLAYER_SLEEPBEFORE_START,1516230965396,131
115,PLAYER_SLEEPBEFORE_END,1516230987020,131
115,WS_SEND_START,1516230987020,131
115,WS_SEND_END,1516230987020,131
115,PLAYER_SLEEPBEFORE_START,1516230987020,132
115,PLAYER_SLEEPBEFORE_END,1516230990100,132
115,WS_SEND_START,1516230990100,132
115,WS_SEND_END,1516230990100,132
115,WS_RECV_START,1516230990100,133
115,WS_RECV_END,1516230991851,133
115,PLAYER_SLEEPBEFORE_START,1516230991851,134
115,PLAYER_SLEEPBEFORE_END,1516231013068,134
115,WS_SEND_START,1516231013068,134
115,WS_SEND_END,1516231013068,134
115,PLAYER_SLEEPBEFORE_START,1516231013068,135
115,PLAYER_SLEEPBEFORE_END,1516231016258,135
115,WS_SEND_START,1516231016259,135
115,WS_SEND_END,1516231016259,135
115,WS_RECV_START,1516231016259,136
115,WS_RECV_END,1516231017087,136
115,PLAYER_SLEEPBEFORE_START,1516231017087,137
115,PLAYER_SLEEPBEFORE_END,1516231017094,137
115,WS_SEND_START,1516231017094,137
115,WS_SEND_END,1516231017094,137
115,WS_RECV_START,1516231017094,138
115,WS_RECV_END,1516231019672,138
115,PLAYER_SLEEPBEFORE_START,1516231019672,139
115,PLAYER_SLEEPBEFORE_END,1516231020363,139
115,WS_SEND_START,1516231020363,139
115,WS_SEND_END,1516231020363,139
115,WS_RECV_START,1516231020363,140
115,WS_RECV_END,1516231021389,140
115,PLAYER_SLEEPBEFORE_START,1516231021389,141
115,PLAYER_SLEEPBEFORE_END,1516231022044,141
115,WS_SEND_START,1516231022044,141
115,WS_SEND_END,1516231022044,141
115,WS_RECV_START,1516231022044,142
115,WS_RECV_END,1516231022823,142
115,PLAYER_SLEEPBEFORE_START,1516231022823,143
115,PLAYER_SLEEPBEFORE_END,1516231022881,143
115,WS_SEND_START,1516231022881,143
115,WS_SEND_END,1516231022881,143
115,WS_RECV_START,1516231022881,144
115,WS_RECV_END,1516231024458,144
115,PLAYER_SLEEPBEFORE_START,1516231024458,145
115,PLAYER_SLEEPBEFORE_END,1516231040521,145
115,REQ_START,1516231040521,145
115,REQ_END,1516231040529,145
115,PLAYER_SLEEPBEFORE_START,1516231040529,146
115,PLAYER_SLEEPBEFORE_END,1516231049406,146
115,WS_SEND_START,1516231049406,146
115,WS_SEND_END,1516231049406,146
115,WS_RECV_START,1516231049406,147
115,WS_RECV_END,1516231052597,147
115,PLAYER_SLEEPBEFORE_START,1516231052597,148
115,PLAYER_SLEEPBEFORE_END,1516231074520,148
115,WS_SEND_START,1516231074520,148
115,WS_SEND_END,1516231074520,148
115,PLAYER_SLEEPBEFORE_START,1516231074520,149
115,PLAYER_SLEEPBEFORE_END,1516231076948,149
115,WS_SEND_START,1516231076948,149
115,WS_SEND_END,1516231076948,149
115,WS_RECV_START,1516231076948,150
115,WS_RECV_END,1516231080383,150
115,PLAYER_SLEEPBEFORE_START,1516231080383,151
115,PLAYER_SLEEPBEFORE_END,1516231080593,151
115,WS_SEND_START,1516231080593,151
115,WS_SEND_END,1516231080593,151
115,WS_RECV_START,1516231080593,152
115,WS_RECV_END,1516231081512,152
115,PLAYER_SLEEPBEFORE_START,1516231081512,153
115,PLAYER_SLEEPBEFORE_END,1516231105439,153
115,WS_SEND_START,1516231105439,153
115,WS_SEND_END,1516231105439,153
115,WS_RECV_START,1516231105439,154
115,WS_RECV_END,1516231111324,154
115,PLAYER_SLEEPBEFORE_START,1516231111324,155
115,PLAYER_SLEEPBEFORE_END,1516231133882,155
115,WS_SEND_START,1516231133882,155
115,WS_SEND_END,1516231133882,155
115,PLAYER_SLEEPBEFORE_START,1516231133882,156
115,PLAYER_SLEEPBEFORE_END,1516231137156,156
115,WS_SEND_START,1516231137156,156
115,WS_SEND_END,1516231137157,156
115,WS_RECV_START,1516231137157,157
115,WS_RECV_END,1516231138052,157
115,PLAYER_SLEEPBEFORE_START,1516231138052,158
115,PLAYER_SLEEPBEFORE_END,1516231138062,158
115,WS_SEND_START,1516231138062,158
115,WS_SEND_END,1516231138062,158
115,WS_RECV_START,1516231138062,159
115,WS_RECV_END,1516231141300,159
115,PLAYER_SLEEPBEFORE_START,1516231141300,160
115,PLAYER_SLEEPBEFORE_END,1516231141475,160
115,WS_SEND_START,1516231141475,160
115,WS_SEND_END,1516231141476,160
115,WS_RECV_START,1516231141476,161
115,WS_RECV_END,1516231144707,161
115,PLAYER_SLEEPBEFORE_START,1516231144707,162
115,PLAYER_SLEEPBEFORE_END,1516231144732,162
115,WS_SEND_START,1516231144732,162
115,WS_SEND_END,1516231144732,162
115,WS_RECV_START,1516231144732,163
115,WS_RECV_END,1516231147984,163
115,PLAYER_SLEEPBEFORE_START,1516231147984,164
115,PLAYER_SLEEPBEFORE_END,1516231168796,164
115,WS_SEND_START,1516231168796,164
115,WS_SEND_END,1516231168796,164
115,WS_RECV_START,1516231168796,165
115,WS_RECV_END,1516231171501,165
115,PLAYER_SLEEPBEFORE_START,1516231171501,166
115,PLAYER_SLEEPBEFORE_END,1516231193956,166
115,WS_SEND_START,1516231193956,166
115,WS_SEND_END,1516231193956,166
115,WS_RECV_START,1516231193956,167
115,WS_RECV_END,1516231196581,167
115,PLAYER_SLEEPBEFORE_START,1516231196581,168
115,PLAYER_SLEEPBEFORE_END,1516231223938,168
115,WS_SEND_START,1516231223938,168
115,WS_SEND_END,1516231223938,168
115,WS_RECV_START,1516231223938,169
115,WS_RECV_END,1516231227964,169
115,PLAYER_SLEEPBEFORE_START,1516231227964,170
115,PLAYER_SLEEPBEFORE_END,1516231227973,170
115,WS_SEND_START,1516231227973,170
115,WS_SEND_END,1516231227973,170
115,WS_RECV_START,1516231227973,171
115,WS_RECV_END,1516231230000,171
115,PLAYER_SLEEPBEFORE_START,1516231230000,172
115,PLAYER_SLEEPBEFORE_END,1516231230370,172
115,WS_SEND_START,1516231230370,172
115,WS_SEND_END,1516231230370,172
115,WS_RECV_START,1516231230370,173
115,WS_RECV_END,1516231232433,173
115,PLAYER_SLEEPBEFORE_START,1516231232433,174
115,PLAYER_SLEEPBEFORE_END,1516231232474,174
115,WS_SEND_START,1516231232474,174
115,WS_SEND_END,1516231232475,174
115,WS_RECV_START,1516231232475,175
115,WS_RECV_END,1516231234342,175
115,PLAYER_SLEEPBEFORE_START,1516231234342,176
115,PLAYER_SLEEPBEFORE_END,1516231256103,176
115,WS_SEND_START,1516231256103,176
115,WS_SEND_END,1516231256103,176
115,PLAYER_SLEEPBEFORE_START,1516231256103,177
115,PLAYER_SLEEPBEFORE_END,1516231258621,177
115,WS_SEND_START,1516231258621,177
115,WS_SEND_END,1516231258621,177
115,WS_RECV_START,1516231258622,178
115,WS_RECV_END,1516231260578,178
115,PLAYER_SLEEPBEFORE_START,1516231260578,179
115,PLAYER_SLEEPBEFORE_END,1516231282918,179
115,WS_SEND_START,1516231282918,179
115,WS_SEND_END,1516231282918,179
115,WS_RECV_START,1516231282918,180
115,WS_RECV_END,1516231287125,180
115,PLAYER_SLEEPBEFORE_START,1516231287125,181
115,PLAYER_SLEEPBEFORE_END,1516231287569,181
115,WS_SEND_START,1516231287569,181
115,WS_SEND_END,1516231287569,181
115,WS_RECV_START,1516231287569,182
115,WS_RECV_END,1516231295548,182
115,PLAYER_SLEEPBEFORE_START,1516231295548,183
115,PLAYER_SLEEPBEFORE_END,1516231296071,183
115,WS_SEND_START,1516231296071,183
115,WS_SEND_END,1516231296071,183
115,WS_RECV_START,1516231296071,184
115,WS_RECV_END,1516231300773,184
115,PLAYER_SLEEPBEFORE_START,1516231300773,185
115,PLAYER_SLEEPBEFORE_END,1516231301041,185
115,WS_SEND_START,1516231301041,185
115,WS_SEND_END,1516231301041,185
115,WS_RECV_START,1516231301041,186
115,WS_RECV_END,1516231306321,186
115,PLAYER_SLEEPBEFORE_START,1516231306321,187
115,PLAYER_SLEEPBEFORE_END,1516231328821,187
115,WS_SEND_START,1516231328821,187
115,WS_SEND_END,1516231328821,187
115,WS_RECV_START,1516231328821,188
115,WS_RECV_END,1516231336963,188
115,PLAYER_SLEEPBEFORE_START,1516231336963,189
115,PLAYER_SLEEPBEFORE_END,1516231343203,189
115,WS_SEND_START,1516231343203,189
115,WS_SEND_END,1516231343203,189
115,WS_RECV_START,1516231343203,190
115,WS_RECV_END,1516231351507,190
115,PLAYER_SLEEPBEFORE_START,1516231351507,191
115,PLAYER_SLEEPBEFORE_END,1516231353422,191
115,WS_SEND_START,1516231353422,191
115,WS_SEND_END,1516231353422,191
115,WS_RECV_START,1516231353422,192
115,WS_RECV_END,1516231356303,192
115,PLAYER_SLEEPBEFORE_START,1516231356303,193
115,PLAYER_SLEEPBEFORE_END,1516231356431,193
115,WS_SEND_START,1516231356431,193
115,WS_SEND_END,1516231356431,193
115,WS_RECV_START,1516231356431,194
115,WS_RECV_END,1516231362281,194
115,PLAYER_SLEEPBEFORE_START,1516231362281,195
115,PLAYER_SLEEPBEFORE_END,1516231364037,195
115,WS_SEND_START,1516231364037,195
115,WS_SEND_END,1516231364037,195
115,WS_RECV_START,1516231364037,196
115,WS_RECV_END,1516231366805,196
115,PLAYER_SLEEPBEFORE_START,1516231366805,197
115,PLAYER_SLEEPBEFORE_END,1516231368609,197
115,WS_SEND_START,1516231368609,197
115,WS_SEND_END,1516231368609,197
115,WS_RECV_START,1516231368609,198
115,WS_RECV_END,1516231371552,198
115,PLAYER_SLEEPBEFORE_START,1516231371552,199
115,PLAYER_SLEEPBEFORE_END,1516231383406,199
115,WS_SEND_START,1516231383406,199
115,WS_SEND_END,1516231383406,199
115,PLAYER_SLEEPBEFORE_START,1516231383406,200
115,PLAYER_SLEEPBEFORE_END,1516231387494,200
115,WS_SEND_START,1516231387494,200
115,WS_SEND_END,1516231387494,200
115,WS_RECV_START,1516231387494,201
115,WS_RECV_END,1516231391629,201
115,PLAYER_SLEEPBEFORE_START,1516231391629,202
115,PLAYER_SLEEPBEFORE_END,1516231391643,202
115,WS_SEND_START,1516231391643,202
115,WS_SEND_END,1516231391644,202
115,WS_RECV_START,1516231391644,203
115,WS_RECV_END,1516231396420,203
115,PLAYER_SLEEPBEFORE_START,1516231396420,204
115,PLAYER_SLEEPBEFORE_END,1516231416069,204
115,WS_SEND_START,1516231416069,204
115,WS_SEND_END,1516231416069,204
115,PLAYER_SLEEPBEFORE_START,1516231416069,205
115,PLAYER_SLEEPBEFORE_END,1516231419968,205
115,WS_SEND_START,1516231419968,205
115,WS_SEND_END,1516231419968,205
115,WS_RECV_START,1516231419968,206
115,WS_RECV_END,1516231420926,206
115,PLAYER_SLEEPBEFORE_START,1516231420926,207
115,PLAYER_SLEEPBEFORE_END,1516231437857,207
115,REQ_START,1516231437857,207
115,REQ_END,1516231437864,207
115,PLAYER_SLEEPBEFORE_START,1516231437865,208
115,PLAYER_SLEEPBEFORE_END,1516231444717,208
115,WS_CLOSE_START,1516231444717,208
115,WS_CLOSE_END,1516231444717,208
115,PLAYER_DONE,1516231444717
