# --sessions 540 --app-url=http://shinyloadtest.rstudioservices.com/cran_explorer --output-dir test540-2 --overwrite-output --log-level warn --start-interval 500 15min.log
thread_id,event,timestamp,input_line_number,comment
206,PLAYER_SESSION_CREATE,1516230347984
206,PLAYER_START_INTERVAL_START,1516230347984
206,PLAYER_START_INTERVAL_END,1516230450984
206,REQ_HOME_START,1516230450984,2
206,REQ_HOME_END,1516230451095,2
206,REQ_START,1516230451095,3
206,REQ_END,1516230451205,3
206,REQ_START,1516230451205,4
206,REQ_END,1516230451239,4
206,REQ_START,1516230451239,5
206,REQ_END,1516230451275,5
206,REQ_START,1516230451275,6
206,REQ_END,1516230451311,6
206,REQ_START,1516230451311,7
206,REQ_END,1516230451346,7
206,REQ_START,1516230451346,8
206,REQ_END,1516230451385,8
206,REQ_START,1516230451385,9
206,REQ_END,1516230451424,9
206,REQ_START,1516230451424,10
206,REQ_END,1516230451431,10
206,REQ_START,1516230451431,11
206,REQ_END,1516230451468,11
206,REQ_START,1516230451469,12
206,REQ_END,1516230451478,12
206,REQ_START,1516230451478,13
206,REQ_END,1516230451510,13
206,REQ_START,1516230451510,14
206,REQ_END,1516230451525,14
206,REQ_START,1516230451525,15
206,REQ_END,1516230451562,15
206,REQ_TOK_START,1516230451562,16
206,REQ_TOK_END,1516230451569,16
206,REQ_SINF_START,1516230451569,17
206,REQ_SINF_END,1516230451576,17
206,WS_OPEN_START,1516230451576,18
206,WS_OPEN_END,1516230451586,18
206,REQ_START,1516230451586,19
206,REQ_END,1516230451613,19
206,WS_RECV_START,1516230451613,20
206,WS_RECV_END,1516230451613,20
206,PLAYER_SLEEPBEFORE_START,1516230451613,21
206,PLAYER_SLEEPBEFORE_END,1516230451619,21
206,WS_SEND_START,1516230451619,21
206,WS_SEND_END,1516230451619,21
206,PLAYER_SLEEPBEFORE_START,1516230451619,22
206,PLAYER_SLEEPBEFORE_END,1516230451620,22
206,WS_SEND_START,1516230451620,22
206,WS_SEND_END,1516230451620,22
206,WS_RECV_INIT_START,1516230451620,23
206,WS_RECV_INIT_END,1516230451653,23
206,WS_RECV_START,1516230451653,24
206,WS_RECV_END,1516230451748,24
206,PLAYER_SLEEPBEFORE_START,1516230451748,25
206,PLAYER_SLEEPBEFORE_END,1516230451755,25
206,REQ_START,1516230451755,25
206,REQ_END,1516230451788,25
206,PLAYER_SLEEPBEFORE_START,1516230451788,26
206,PLAYER_SLEEPBEFORE_END,1516230451789,26
206,REQ_START,1516230451789,26
206,REQ_END,1516230451823,26
206,PLAYER_SLEEPBEFORE_START,1516230451823,27
206,PLAYER_SLEEPBEFORE_END,1516230451828,27
206,REQ_START,1516230451828,27
206,REQ_END,1516230452059,27
206,PLAYER_SLEEPBEFORE_START,1516230452059,28
206,PLAYER_SLEEPBEFORE_END,1516230452344,28
206,REQ_START,1516230452344,28
206,REQ_END,1516230452391,28
206,PLAYER_SLEEPBEFORE_START,1516230452392,29
206,PLAYER_SLEEPBEFORE_END,1516230452567,29
206,WS_SEND_START,1516230452567,29
206,WS_SEND_END,1516230452567,29
206,WS_RECV_START,1516230452567,30
206,WS_RECV_END,1516230452755,30
206,PLAYER_SLEEPBEFORE_START,1516230452755,31
206,PLAYER_SLEEPBEFORE_END,1516230452767,31
206,REQ_START,1516230452767,31
206,REQ_END,1516230452955,31
206,PLAYER_SLEEPBEFORE_START,1516230452955,32
206,PLAYER_SLEEPBEFORE_END,1516230481103,32
206,WS_SEND_START,1516230481103,32
206,WS_SEND_END,1516230481103,32
206,WS_RECV_START,1516230481103,33
206,WS_RECV_END,1516230481252,33
206,PLAYER_SLEEPBEFORE_START,1516230481252,34
206,PLAYER_SLEEPBEFORE_END,1516230507163,34
206,WS_SEND_START,1516230507163,34
206,WS_SEND_END,1516230507163,34
206,WS_RECV_START,1516230507163,35
206,WS_RECV_END,1516230507387,35
206,PLAYER_SLEEPBEFORE_START,1516230507387,36
206,PLAYER_SLEEPBEFORE_END,1516230507396,36
206,WS_SEND_START,1516230507396,36
206,WS_SEND_END,1516230507396,36
206,WS_RECV_START,1516230507396,37
206,WS_RECV_END,1516230507444,37
206,PLAYER_SLEEPBEFORE_START,1516230507444,38
206,PLAYER_SLEEPBEFORE_END,1516230510639,38
206,WS_SEND_START,1516230510639,38
206,WS_SEND_END,1516230510639,38
206,WS_RECV_START,1516230510639,39
206,WS_RECV_END,1516230510808,39
206,PLAYER_SLEEPBEFORE_START,1516230510808,40
206,PLAYER_SLEEPBEFORE_END,1516230510854,40
206,WS_SEND_START,1516230510854,40
206,WS_SEND_END,1516230510854,40
206,WS_RECV_START,1516230510854,41
206,WS_RECV_END,1516230511094,41
206,PLAYER_SLEEPBEFORE_START,1516230511094,42
206,PLAYER_SLEEPBEFORE_END,1516230529230,42
206,WS_SEND_START,1516230529230,42
206,WS_SEND_END,1516230529230,42
206,WS_RECV_START,1516230529230,43
206,WS_RECV_END,1516230529416,43
206,PLAYER_SLEEPBEFORE_START,1516230529416,44
206,PLAYER_SLEEPBEFORE_END,1516230529428,44
206,WS_SEND_START,1516230529428,44
206,WS_SEND_END,1516230529428,44
206,WS_RECV_START,1516230529428,45
206,WS_RECV_END,1516230529684,45
206,PLAYER_SLEEPBEFORE_START,1516230529684,46
206,PLAYER_SLEEPBEFORE_END,1516230530944,46
206,WS_SEND_START,1516230530944,46
206,WS_SEND_END,1516230530944,46
206,WS_RECV_START,1516230530944,47
206,WS_RECV_END,1516230531122,47
206,PLAYER_SLEEPBEFORE_START,1516230531122,48
206,PLAYER_SLEEPBEFORE_END,1516230532442,48
206,WS_SEND_START,1516230532442,48
206,WS_SEND_END,1516230532442,48
206,WS_RECV_START,1516230532442,49
206,WS_RECV_END,1516230532838,49
206,PLAYER_SLEEPBEFORE_START,1516230532838,50
206,PLAYER_SLEEPBEFORE_END,1516230532862,50
206,WS_SEND_START,1516230532862,50
206,WS_SEND_END,1516230532862,50
206,WS_RECV_START,1516230532862,51
206,WS_RECV_END,1516230533035,51
206,PLAYER_SLEEPBEFORE_START,1516230533035,52
206,PLAYER_SLEEPBEFORE_END,1516230555600,52
206,WS_SEND_START,1516230555600,52
206,WS_SEND_END,1516230555600,52
206,WS_RECV_START,1516230555600,53
206,WS_RECV_END,1516230556114,53
206,PLAYER_SLEEPBEFORE_START,1516230556114,54
206,PLAYER_SLEEPBEFORE_END,1516230577417,54
206,WS_SEND_START,1516230577417,54
206,WS_SEND_END,1516230577417,54
206,PLAYER_SLEEPBEFORE_START,1516230577417,55
206,PLAYER_SLEEPBEFORE_END,1516230579359,55
206,WS_SEND_START,1516230579359,55
206,WS_SEND_END,1516230579359,55
206,WS_RECV_START,1516230579359,56
206,WS_RECV_END,1516230579635,56
206,PLAYER_SLEEPBEFORE_START,1516230579635,57
206,PLAYER_SLEEPBEFORE_END,1516230602507,57
206,WS_SEND_START,1516230602507,57
206,WS_SEND_END,1516230602507,57
206,WS_RECV_START,1516230602507,58
206,WS_RECV_END,1516230603000,58
206,PLAYER_SLEEPBEFORE_START,1516230603000,59
206,PLAYER_SLEEPBEFORE_END,1516230605327,59
206,WS_SEND_START,1516230605327,59
206,WS_SEND_END,1516230605327,59
206,WS_RECV_START,1516230605327,60
206,WS_RECV_END,1516230607304,60
206,PLAYER_SLEEPBEFORE_START,1516230607304,61
206,PLAYER_SLEEPBEFORE_END,1516230610895,61
206,WS_SEND_START,1516230610895,61
206,WS_SEND_END,1516230610895,61
206,WS_RECV_START,1516230610895,62
206,WS_RECV_END,1516230612534,62
206,PLAYER_SLEEPBEFORE_START,1516230612534,63
206,PLAYER_SLEEPBEFORE_END,1516230631796,63
206,WS_SEND_START,1516230631796,63
206,WS_SEND_END,1516230631796,63
206,WS_RECV_START,1516230631796,64
206,WS_RECV_END,1516230633281,64
206,PLAYER_SLEEPBEFORE_START,1516230633281,65
206,PLAYER_SLEEPBEFORE_END,1516230660098,65
206,WS_SEND_START,1516230660098,65
206,WS_SEND_END,1516230660098,65
206,WS_RECV_START,1516230660098,66
206,WS_RECV_END,1516230662208,66
206,PLAYER_SLEEPBEFORE_START,1516230662208,67
206,PLAYER_SLEEPBEFORE_END,1516230663715,67
206,WS_SEND_START,1516230663715,67
206,WS_SEND_END,1516230663715,67
206,WS_RECV_START,1516230663715,68
206,WS_RECV_END,1516230664416,68
206,PLAYER_SLEEPBEFORE_START,1516230664416,69
206,PLAYER_SLEEPBEFORE_END,1516230686414,69
206,WS_SEND_START,1516230686414,69
206,WS_SEND_END,1516230686414,69
206,WS_RECV_START,1516230686414,70
206,WS_RECV_END,1516230689705,70
206,PLAYER_SLEEPBEFORE_START,1516230689706,71
206,PLAYER_SLEEPBEFORE_END,1516230714481,71
206,WS_SEND_START,1516230714481,71
206,WS_SEND_END,1516230714481,71
206,PLAYER_SLEEPBEFORE_START,1516230714481,72
206,PLAYER_SLEEPBEFORE_END,1516230717088,72
206,WS_SEND_START,1516230717088,72
206,WS_SEND_END,1516230717088,72
206,WS_RECV_START,1516230717088,73
206,WS_RECV_END,1516230718919,73
206,PLAYER_SLEEPBEFORE_START,1516230718919,74
206,PLAYER_SLEEPBEFORE_END,1516230718928,74
206,WS_SEND_START,1516230718928,74
206,WS_SEND_END,1516230718928,74
206,WS_RECV_START,1516230718928,75
206,WS_RECV_END,1516230719608,75
206,PLAYER_SLEEPBEFORE_START,1516230719608,76
206,PLAYER_SLEEPBEFORE_END,1516230721114,76
206,WS_SEND_START,1516230721114,76
206,WS_SEND_END,1516230721114,76
206,WS_RECV_START,1516230721114,77
206,WS_RECV_END,1516230721959,77
206,PLAYER_SLEEPBEFORE_START,1516230721959,78
206,PLAYER_SLEEPBEFORE_END,1516230722827,78
206,WS_SEND_START,1516230722827,78
206,WS_SEND_END,1516230722827,78
206,WS_RECV_START,1516230722827,79
206,WS_RECV_END,1516230724073,79
206,PLAYER_SLEEPBEFORE_START,1516230724073,80
206,PLAYER_SLEEPBEFORE_END,1516230731739,80
206,WS_SEND_START,1516230731739,80
206,WS_SEND_END,1516230731739,80
206,WS_RECV_START,1516230731739,81
206,WS_RECV_END,1516230733042,81
206,PLAYER_SLEEPBEFORE_START,1516230733042,82
206,PLAYER_SLEEPBEFORE_END,1516230734144,82
206,WS_SEND_START,1516230734144,82
206,WS_SEND_END,1516230734144,82
206,WS_RECV_START,1516230734144,83
206,WS_RECV_END,1516230735346,83
206,PLAYER_SLEEPBEFORE_START,1516230735346,84
206,PLAYER_SLEEPBEFORE_END,1516230736293,84
206,WS_SEND_START,1516230736293,84
206,WS_SEND_END,1516230736293,84
206,WS_RECV_START,1516230736293,85
206,WS_RECV_END,1516230737408,85
206,PLAYER_SLEEPBEFORE_START,1516230737408,86
206,PLAYER_SLEEPBEFORE_END,1516230741580,86
206,WS_SEND_START,1516230741580,86
206,WS_SEND_END,1516230741580,86
206,WS_RECV_START,1516230741580,87
206,WS_RECV_END,1516230743299,87
206,PLAYER_SLEEPBEFORE_START,1516230743299,88
206,PLAYER_SLEEPBEFORE_END,1516230743307,88
206,WS_SEND_START,1516230743307,88
206,WS_SEND_END,1516230743307,88
206,WS_RECV_START,1516230743307,89
206,WS_RECV_END,1516230744180,89
206,PLAYER_SLEEPBEFORE_START,1516230744180,90
206,PLAYER_SLEEPBEFORE_END,1516230771381,90
206,REQ_START,1516230771381,90
206,REQ_END,1516230771389,90
206,PLAYER_SLEEPBEFORE_START,1516230771389,91
206,PLAYER_SLEEPBEFORE_END,1516230779278,91
206,WS_SEND_START,1516230779278,91
206,WS_SEND_END,1516230779278,91
206,WS_RECV_START,1516230779278,92
206,WS_RECV_END,1516230780550,92
206,PLAYER_SLEEPBEFORE_START,1516230780550,93
206,PLAYER_SLEEPBEFORE_END,1516230780565,93
206,WS_SEND_START,1516230780565,93
206,WS_SEND_END,1516230780565,93
206,WS_RECV_START,1516230780565,94
206,WS_RECV_END,1516230780745,94
206,PLAYER_SLEEPBEFORE_START,1516230780745,95
206,PLAYER_SLEEPBEFORE_END,1516230804301,95
206,WS_SEND_START,1516230804301,95
206,WS_SEND_END,1516230804301,95
206,WS_RECV_START,1516230804301,96
206,WS_RECV_END,1516230805295,96
206,PLAYER_SLEEPBEFORE_START,1516230805295,97
206,PLAYER_SLEEPBEFORE_END,1516230827735,97
206,WS_SEND_START,1516230827735,97
206,WS_SEND_END,1516230827735,97
206,WS_RECV_START,1516230827735,98
206,WS_RECV_END,1516230829238,98
206,PLAYER_SLEEPBEFORE_START,1516230829238,99
206,PLAYER_SLEEPBEFORE_END,1516230829259,99
206,WS_SEND_START,1516230829259,99
206,WS_SEND_END,1516230829260,99
206,WS_RECV_START,1516230829260,100
206,WS_RECV_END,1516230832103,100
206,PLAYER_SLEEPBEFORE_START,1516230832103,101
206,PLAYER_SLEEPBEFORE_END,1516230855662,101
206,WS_SEND_START,1516230855662,101
206,WS_SEND_END,1516230855662,101
206,WS_RECV_START,1516230855662,102
206,WS_RECV_END,1516230859117,102
206,PLAYER_SLEEPBEFORE_START,1516230859117,103
206,PLAYER_SLEEPBEFORE_END,1516230882742,103
206,WS_SEND_START,1516230882742,103
206,WS_SEND_END,1516230882742,103
206,WS_RECV_START,1516230882742,104
206,WS_RECV_END,1516230889191,104
206,PLAYER_SLEEPBEFORE_START,1516230889191,105
206,PLAYER_SLEEPBEFORE_END,1516230914568,105
206,WS_SEND_START,1516230914568,105
206,WS_SEND_END,1516230914568,105
206,WS_RECV_START,1516230914568,106
206,WS_RECV_END,1516230918328,106
206,PLAYER_SLEEPBEFORE_START,1516230918328,107
206,PLAYER_SLEEPBEFORE_END,1516230941751,107
206,WS_SEND_START,1516230941751,107
206,WS_SEND_END,1516230941751,107
206,WS_RECV_START,1516230941751,108
206,WS_RECV_END,1516230946830,108
206,PLAYER_SLEEPBEFORE_START,1516230946830,109
206,PLAYER_SLEEPBEFORE_END,1516230946839,109
206,WS_SEND_START,1516230946839,109
206,WS_SEND_END,1516230946840,109
206,WS_RECV_START,1516230946840,110
206,WS_RECV_END,1516230950212,110
206,PLAYER_SLEEPBEFORE_START,1516230950212,111
206,PLAYER_SLEEPBEFORE_END,1516230951171,111
206,WS_SEND_START,1516230951171,111
206,WS_SEND_END,1516230951172,111
206,WS_RECV_START,1516230951172,112
206,WS_RECV_END,1516230954030,112
206,PLAYER_SLEEPBEFORE_START,1516230954030,113
206,PLAYER_SLEEPBEFORE_END,1516230954592,113
206,WS_SEND_START,1516230954592,113
206,WS_SEND_END,1516230954592,113
206,WS_RECV_START,1516230954592,114
206,WS_RECV_END,1516230958817,114
206,PLAYER_SLEEPBEFORE_START,1516230958817,115
206,PLAYER_SLEEPBEFORE_END,1516230958826,115
206,WS_SEND_START,1516230958826,115
206,WS_SEND_END,1516230958826,115
206,WS_RECV_START,1516230958826,116
206,WS_RECV_END,1516230962077,116
206,PLAYER_SLEEPBEFORE_START,1516230962077,117
206,PLAYER_SLEEPBEFORE_END,1516230982437,117
206,WS_SEND_START,1516230982437,117
206,WS_SEND_END,1516230982437,117
206,PLAYER_SLEEPBEFORE_START,1516230982437,118
206,PLAYER_SLEEPBEFORE_END,1516230986190,118
206,WS_SEND_START,1516230986190,118
206,WS_SEND_END,1516230986190,118
206,WS_RECV_START,1516230986190,119
206,WS_RECV_END,1516230986818,119
206,PLAYER_SLEEPBEFORE_START,1516230986818,120
206,PLAYER_SLEEPBEFORE_END,1516230987806,120
206,WS_SEND_START,1516230987806,120
206,WS_SEND_END,1516230987806,120
206,WS_RECV_START,1516230987806,121
206,WS_RECV_END,1516230993218,121
206,PLAYER_SLEEPBEFORE_START,1516230993218,122
206,PLAYER_SLEEPBEFORE_END,1516230994403,122
206,WS_SEND_START,1516230994403,122
206,WS_SEND_END,1516230994403,122
206,WS_RECV_START,1516230994403,123
206,WS_RECV_END,1516230997333,123
206,PLAYER_SLEEPBEFORE_START,1516230997333,124
206,PLAYER_SLEEPBEFORE_END,1516231021738,124
206,WS_SEND_START,1516231021738,124
206,WS_SEND_END,1516231021738,124
206,WS_RECV_START,1516231021738,125
206,WS_RECV_END,1516231026628,125
206,PLAYER_SLEEPBEFORE_START,1516231026628,126
206,PLAYER_SLEEPBEFORE_END,1516231047140,126
206,WS_SEND_START,1516231047140,126
206,WS_SEND_END,1516231047140,126
206,PLAYER_SLEEPBEFORE_START,1516231047140,127
206,PLAYER_SLEEPBEFORE_END,1516231050194,127
206,WS_SEND_START,1516231050194,127
206,WS_SEND_END,1516231050194,127
206,WS_RECV_START,1516231050194,128
206,WS_RECV_END,1516231053043,128
206,PLAYER_SLEEPBEFORE_START,1516231053043,129
206,PLAYER_SLEEPBEFORE_END,1516231053063,129
206,WS_SEND_START,1516231053063,129
206,WS_SEND_END,1516231053063,129
206,WS_RECV_START,1516231053063,130
206,WS_RECV_END,1516231057136,130
206,PLAYER_SLEEPBEFORE_START,1516231057136,131
206,PLAYER_SLEEPBEFORE_END,1516231078760,131
206,WS_SEND_START,1516231078760,131
206,WS_SEND_END,1516231078760,131
206,PLAYER_SLEEPBEFORE_START,1516231078760,132
206,PLAYER_SLEEPBEFORE_END,1516231081840,132
206,WS_SEND_START,1516231081840,132
206,WS_SEND_END,1516231081840,132
206,WS_RECV_START,1516231081840,133
206,WS_RECV_END,1516231084146,133
206,PLAYER_SLEEPBEFORE_START,1516231084146,134
206,PLAYER_SLEEPBEFORE_END,1516231105364,134
206,WS_SEND_START,1516231105364,134
206,WS_SEND_END,1516231105364,134
206,PLAYER_SLEEPBEFORE_START,1516231105364,135
206,PLAYER_SLEEPBEFORE_END,1516231108554,135
206,WS_SEND_START,1516231108554,135
206,WS_SEND_END,1516231108554,135
206,WS_RECV_START,1516231108554,136
206,WS_RECV_END,1516231110164,136
206,PLAYER_SLEEPBEFORE_START,1516231110164,137
206,PLAYER_SLEEPBEFORE_END,1516231110171,137
206,WS_SEND_START,1516231110171,137
206,WS_SEND_END,1516231110171,137
206,WS_RECV_START,1516231110171,138
206,WS_RECV_END,1516231111272,138
206,PLAYER_SLEEPBEFORE_START,1516231111272,139
206,PLAYER_SLEEPBEFORE_END,1516231111962,139
206,WS_SEND_START,1516231111962,139
206,WS_SEND_END,1516231111962,139
206,WS_RECV_START,1516231111962,140
206,WS_RECV_END,1516231115723,140
206,PLAYER_SLEEPBEFORE_START,1516231115723,141
206,PLAYER_SLEEPBEFORE_END,1516231116378,141
206,WS_SEND_START,1516231116378,141
206,WS_SEND_END,1516231116378,141
206,WS_RECV_START,1516231116378,142
206,WS_RECV_END,1516231119927,142
206,PLAYER_SLEEPBEFORE_START,1516231119927,143
206,PLAYER_SLEEPBEFORE_END,1516231119984,143
206,WS_SEND_START,1516231119984,143
206,WS_SEND_END,1516231119985,143
206,WS_RECV_START,1516231119985,144
206,WS_RECV_END,1516231123641,144
206,PLAYER_SLEEPBEFORE_START,1516231123641,145
206,PLAYER_SLEEPBEFORE_END,1516231139703,145
206,REQ_START,1516231139703,145
206,REQ_END,1516231139712,145
206,PLAYER_SLEEPBEFORE_START,1516231139712,146
206,PLAYER_SLEEPBEFORE_END,1516231148589,146
206,WS_SEND_START,1516231148589,146
206,WS_SEND_END,1516231148589,146
206,WS_RECV_START,1516231148589,147
206,WS_RECV_END,1516231154591,147
206,PLAYER_SLEEPBEFORE_START,1516231154592,148
206,PLAYER_SLEEPBEFORE_END,1516231176514,148
206,WS_SEND_START,1516231176514,148
206,WS_SEND_END,1516231176514,148
206,PLAYER_SLEEPBEFORE_START,1516231176514,149
206,PLAYER_SLEEPBEFORE_END,1516231178942,149
206,WS_SEND_START,1516231178942,149
206,WS_SEND_END,1516231178942,149
206,WS_RECV_START,1516231178942,150
206,WS_RECV_END,1516231182201,150
206,PLAYER_SLEEPBEFORE_START,1516231182201,151
206,PLAYER_SLEEPBEFORE_END,1516231182411,151
206,WS_SEND_START,1516231182411,151
206,WS_SEND_END,1516231182411,151
206,WS_RECV_START,1516231182411,152
206,WS_RECV_END,1516231184919,152
206,PLAYER_SLEEPBEFORE_START,1516231184919,153
206,PLAYER_SLEEPBEFORE_END,1516231208847,153
206,WS_SEND_START,1516231208847,153
206,WS_SEND_END,1516231208847,153
206,WS_RECV_START,1516231208847,154
206,WS_RECV_END,1516231215495,154
206,PLAYER_SLEEPBEFORE_START,1516231215495,155
206,PLAYER_SLEEPBEFORE_END,1516231238053,155
206,WS_SEND_START,1516231238054,155
206,WS_SEND_END,1516231238054,155
206,PLAYER_SLEEPBEFORE_START,1516231238054,156
206,PLAYER_SLEEPBEFORE_END,1516231241328,156
206,WS_SEND_START,1516231241328,156
206,WS_SEND_END,1516231241328,156
206,WS_RECV_START,1516231241328,157
206,WS_RECV_END,1516231242867,157
206,PLAYER_SLEEPBEFORE_START,1516231242867,158
206,PLAYER_SLEEPBEFORE_END,1516231242878,158
206,WS_SEND_START,1516231242878,158
206,WS_SEND_END,1516231242878,158
206,WS_RECV_START,1516231242878,159
206,WS_RECV_END,1516231246340,159
206,PLAYER_SLEEPBEFORE_START,1516231246340,160
206,PLAYER_SLEEPBEFORE_END,1516231246515,160
206,WS_SEND_START,1516231246515,160
206,WS_SEND_END,1516231246515,160
206,WS_RECV_START,1516231246515,161
206,WS_RECV_END,1516231250380,161
206,PLAYER_SLEEPBEFORE_START,1516231250380,162
206,PLAYER_SLEEPBEFORE_END,1516231250405,162
206,WS_SEND_START,1516231250405,162
206,WS_SEND_END,1516231250405,162
206,WS_RECV_START,1516231250405,163
206,WS_RECV_END,1516231253566,163
206,PLAYER_SLEEPBEFORE_START,1516231253566,164
206,PLAYER_SLEEPBEFORE_END,1516231274379,164
206,WS_SEND_START,1516231274379,164
206,WS_SEND_END,1516231274379,164
206,WS_RECV_START,1516231274379,165
206,WS_RECV_END,1516231280107,165
206,PLAYER_SLEEPBEFORE_START,1516231280107,166
206,PLAYER_SLEEPBEFORE_END,1516231302562,166
206,WS_SEND_START,1516231302562,166
206,WS_SEND_END,1516231302562,166
206,WS_RECV_START,1516231302562,167
206,WS_RECV_END,1516231309661,167
206,PLAYER_SLEEPBEFORE_START,1516231309661,168
206,PLAYER_SLEEPBEFORE_END,1516231337018,168
206,WS_SEND_START,1516231337018,168
206,WS_SEND_END,1516231337018,168
206,WS_RECV_START,1516231337018,169
206,WS_RECV_END,1516231345078,169
206,PLAYER_SLEEPBEFORE_START,1516231345078,170
206,PLAYER_SLEEPBEFORE_END,1516231345088,170
206,WS_SEND_START,1516231345088,170
206,WS_SEND_END,1516231345088,170
206,WS_RECV_START,1516231345088,171
206,WS_RECV_END,1516231348293,171
206,PLAYER_SLEEPBEFORE_START,1516231348293,172
206,PLAYER_SLEEPBEFORE_END,1516231348662,172
206,WS_SEND_START,1516231348662,172
206,WS_SEND_END,1516231348662,172
206,WS_RECV_START,1516231348662,173
206,WS_RECV_END,1516231352654,173
206,PLAYER_SLEEPBEFORE_START,1516231352654,174
206,PLAYER_SLEEPBEFORE_END,1516231352696,174
206,WS_SEND_START,1516231352696,174
206,WS_SEND_END,1516231352696,174
206,WS_RECV_START,1516231352696,175
206,WS_RECV_END,1516231358166,175
206,PLAYER_SLEEPBEFORE_START,1516231358166,176
206,PLAYER_SLEEPBEFORE_END,1516231379927,176
206,WS_SEND_START,1516231379927,176
206,WS_SEND_END,1516231379927,176
206,PLAYER_SLEEPBEFORE_START,1516231379927,177
206,PLAYER_SLEEPBEFORE_END,1516231382445,177
206,WS_SEND_START,1516231382445,177
206,WS_SEND_END,1516231382445,177
206,WS_RECV_START,1516231382445,178
206,WS_RECV_END,1516231391943,178
206,PLAYER_SLEEPBEFORE_START,1516231391943,179
206,PLAYER_SLEEPBEFORE_END,1516231414283,179
206,WS_SEND_START,1516231414283,179
206,WS_SEND_END,1516231414283,179
206,WS_RECV_START,1516231414283,180
206,WS_RECV_END,1516231423013,180
206,PLAYER_SLEEPBEFORE_START,1516231423013,181
206,PLAYER_SLEEPBEFORE_END,1516231423457,181
206,WS_SEND_START,1516231423457,181
206,WS_SEND_END,1516231423457,181
206,WS_RECV_START,1516231423457,182
206,WS_RECV_END,1516231433879,182
206,PLAYER_SLEEPBEFORE_START,1516231433879,183
206,PLAYER_SLEEPBEFORE_END,1516231434402,183
206,WS_SEND_START,1516231434402,183
206,WS_SEND_END,1516231434402,183
206,WS_RECV_START,1516231434402,184
206,WS_RECV_END,1516231440354,184
206,PLAYER_SLEEPBEFORE_START,1516231440354,185
206,PLAYER_SLEEPBEFORE_END,1516231440622,185
206,WS_SEND_START,1516231440622,185
206,WS_SEND_END,1516231440622,185
206,WS_RECV_START,1516231440622,186
206,WS_RECV_END,1516231445667,186
206,PLAYER_SLEEPBEFORE_START,1516231445667,187
206,PLAYER_SLEEPBEFORE_END,1516231468168,187
206,WS_SEND_START,1516231468172,187
206,WS_SEND_END,1516231468172,187
206,WS_RECV_START,1516231468172,188
206,WS_RECV_END,1516231474317,188
206,PLAYER_SLEEPBEFORE_START,1516231474317,189
206,PLAYER_SLEEPBEFORE_END,1516231480556,189
206,WS_SEND_START,1516231480556,189
206,WS_SEND_END,1516231480556,189
206,WS_RECV_START,1516231480556,190
206,WS_RECV_END,1516231488625,190
206,PLAYER_SLEEPBEFORE_START,1516231488625,191
206,PLAYER_SLEEPBEFORE_END,1516231490540,191
206,WS_SEND_START,1516231490540,191
206,WS_SEND_END,1516231490540,191
206,WS_RECV_START,1516231490540,192
206,WS_RECV_END,1516231495375,192
206,PLAYER_SLEEPBEFORE_START,1516231495375,193
206,PLAYER_SLEEPBEFORE_END,1516231495503,193
206,WS_SEND_START,1516231495503,193
206,WS_SEND_END,1516231495503,193
206,WS_RECV_START,1516231495503,194
206,WS_RECV_END,1516231499153,194
206,PLAYER_SLEEPBEFORE_START,1516231499153,195
206,PLAYER_SLEEPBEFORE_END,1516231500909,195
206,WS_SEND_START,1516231500909,195
206,WS_SEND_END,1516231500909,195
206,WS_RECV_START,1516231500909,196
206,WS_RECV_END,1516231501981,196
206,PLAYER_SLEEPBEFORE_START,1516231501981,197
206,PLAYER_SLEEPBEFORE_END,1516231503786,197
206,WS_SEND_START,1516231503786,197
206,WS_SEND_END,1516231503786,197
206,WS_RECV_START,1516231503786,198
206,WS_RECV_END,1516231504031,198
206,PLAYER_SLEEPBEFORE_START,1516231504031,199
206,PLAYER_SLEEPBEFORE_END,1516231515886,199
206,WS_SEND_START,1516231515886,199
206,WS_SEND_END,1516231515886,199
206,PLAYER_SLEEPBEFORE_START,1516231515886,200
206,PLAYER_SLEEPBEFORE_END,1516231519974,200
206,WS_SEND_START,1516231519974,200
206,WS_SEND_END,1516231519974,200
206,WS_RECV_START,1516231519974,201
206,WS_RECV_END,1516231520419,201
206,PLAYER_SLEEPBEFORE_START,1516231520419,202
206,PLAYER_SLEEPBEFORE_END,1516231520433,202
206,WS_SEND_START,1516231520433,202
206,WS_SEND_END,1516231520433,202
206,WS_RECV_START,1516231520433,203
206,WS_RECV_END,1516231520649,203
206,PLAYER_SLEEPBEFORE_START,1516231520649,204
206,PLAYER_SLEEPBEFORE_END,1516231540298,204
206,WS_SEND_START,1516231540298,204
206,WS_SEND_END,1516231540299,204
206,PLAYER_SLEEPBEFORE_START,1516231540299,205
206,PLAYER_SLEEPBEFORE_END,1516231544197,205
206,WS_SEND_START,1516231544197,205
206,WS_SEND_END,1516231544197,205
206,WS_RECV_START,1516231544197,206
206,WS_RECV_END,1516231545359,206
206,PLAYER_SLEEPBEFORE_START,1516231545359,207
206,PLAYER_SLEEPBEFORE_END,1516231562290,207
206,REQ_START,1516231562290,207
206,REQ_END,1516231562298,207
206,PLAYER_SLEEPBEFORE_START,1516231562298,208
206,PLAYER_SLEEPBEFORE_END,1516231569150,208
206,WS_CLOSE_START,1516231569150,208
206,WS_CLOSE_END,1516231569150,208
206,PLAYER_DONE,1516231569150
