# --sessions 540 --app-url=http://shinyloadtest.rstudioservices.com/cran_explorer --output-dir test540-2 --overwrite-output --log-level warn --start-interval 500 15min.log
thread_id,event,timestamp,input_line_number,comment
208,PLAYER_SESSION_CREATE,1516230347984
208,PLAYER_START_INTERVAL_START,1516230347984
208,PLAYER_START_INTERVAL_END,1516230451985
208,REQ_HOME_START,1516230451985,2
208,REQ_HOME_END,1516230452086,2
208,REQ_START,1516230452086,3
208,REQ_END,1516230452252,3
208,REQ_START,1516230452252,4
208,REQ_END,1516230452290,4
208,REQ_START,1516230452290,5
208,REQ_END,1516230452327,5
208,REQ_START,1516230452327,6
208,REQ_END,1516230452364,6
208,REQ_START,1516230452364,7
208,REQ_END,1516230452395,7
208,REQ_START,1516230452395,8
208,REQ_END,1516230452434,8
208,REQ_START,1516230452434,9
208,REQ_END,1516230452522,9
208,REQ_START,1516230452522,10
208,REQ_END,1516230452530,10
208,REQ_START,1516230452530,11
208,REQ_END,1516230452561,11
208,REQ_START,1516230452561,12
208,REQ_END,1516230452571,12
208,REQ_START,1516230452571,13
208,REQ_END,1516230452602,13
208,REQ_START,1516230452602,14
208,REQ_END,1516230452618,14
208,REQ_START,1516230452618,15
208,REQ_END,1516230452652,15
208,REQ_TOK_START,1516230452652,16
208,REQ_TOK_END,1516230452659,16
208,REQ_SINF_START,1516230452659,17
208,REQ_SINF_END,1516230452666,17
208,WS_OPEN_START,1516230452666,18
208,WS_OPEN_END,1516230452672,18
208,REQ_START,1516230452672,19
208,REQ_END,1516230452702,19
208,WS_RECV_START,1516230452703,20
208,WS_RECV_END,1516230452703,20
208,PLAYER_SLEEPBEFORE_START,1516230452703,21
208,PLAYER_SLEEPBEFORE_END,1516230452708,21
208,WS_SEND_START,1516230452708,21
208,WS_SEND_END,1516230452708,21
208,PLAYER_SLEEPBEFORE_START,1516230452708,22
208,PLAYER_SLEEPBEFORE_END,1516230452709,22
208,WS_SEND_START,1516230452709,22
208,WS_SEND_END,1516230452709,22
208,WS_RECV_INIT_START,1516230452709,23
208,WS_RECV_INIT_END,1516230452727,23
208,WS_RECV_START,1516230452727,24
208,WS_RECV_END,1516230452783,24
208,PLAYER_SLEEPBEFORE_START,1516230452783,25
208,PLAYER_SLEEPBEFORE_END,1516230452790,25
208,REQ_START,1516230452790,25
208,REQ_END,1516230452824,25
208,PLAYER_SLEEPBEFORE_START,1516230452824,26
208,PLAYER_SLEEPBEFORE_END,1516230452825,26
208,REQ_START,1516230452825,26
208,REQ_END,1516230452859,26
208,PLAYER_SLEEPBEFORE_START,1516230452859,27
208,PLAYER_SLEEPBEFORE_END,1516230452862,27
208,REQ_START,1516230452862,27
208,REQ_END,1516230452897,27
208,PLAYER_SLEEPBEFORE_START,1516230452897,28
208,PLAYER_SLEEPBEFORE_END,1516230453182,28
208,REQ_START,1516230453182,28
208,REQ_END,1516230453218,28
208,PLAYER_SLEEPBEFORE_START,1516230453218,29
208,PLAYER_SLEEPBEFORE_END,1516230453393,29
208,WS_SEND_START,1516230453393,29
208,WS_SEND_END,1516230453393,29
208,WS_RECV_START,1516230453393,30
208,WS_RECV_END,1516230453610,30
208,PLAYER_SLEEPBEFORE_START,1516230453610,31
208,PLAYER_SLEEPBEFORE_END,1516230453621,31
208,REQ_START,1516230453621,31
208,REQ_END,1516230453667,31
208,PLAYER_SLEEPBEFORE_START,1516230453667,32
208,PLAYER_SLEEPBEFORE_END,1516230481812,32
208,WS_SEND_START,1516230481812,32
208,WS_SEND_END,1516230481812,32
208,WS_RECV_START,1516230481812,33
208,WS_RECV_END,1516230481916,33
208,PLAYER_SLEEPBEFORE_START,1516230481916,34
208,PLAYER_SLEEPBEFORE_END,1516230507827,34
208,WS_SEND_START,1516230507827,34
208,WS_SEND_END,1516230507828,34
208,WS_RECV_START,1516230507828,35
208,WS_RECV_END,1516230507899,35
208,PLAYER_SLEEPBEFORE_START,1516230507899,36
208,PLAYER_SLEEPBEFORE_END,1516230507908,36
208,WS_SEND_START,1516230507908,36
208,WS_SEND_END,1516230507908,36
208,WS_RECV_START,1516230507908,37
208,WS_RECV_END,1516230508064,37
208,PLAYER_SLEEPBEFORE_START,1516230508064,38
208,PLAYER_SLEEPBEFORE_END,1516230511259,38
208,WS_SEND_START,1516230511259,38
208,WS_SEND_END,1516230511259,38
208,WS_RECV_START,1516230511259,39
208,WS_RECV_END,1516230511455,39
208,PLAYER_SLEEPBEFORE_START,1516230511455,40
208,PLAYER_SLEEPBEFORE_END,1516230511501,40
208,WS_SEND_START,1516230511501,40
208,WS_SEND_END,1516230511501,40
208,WS_RECV_START,1516230511501,41
208,WS_RECV_END,1516230511688,41
208,PLAYER_SLEEPBEFORE_START,1516230511688,42
208,PLAYER_SLEEPBEFORE_END,1516230529823,42
208,WS_SEND_START,1516230529823,42
208,WS_SEND_END,1516230529823,42
208,WS_RECV_START,1516230529823,43
208,WS_RECV_END,1516230529870,43
208,PLAYER_SLEEPBEFORE_START,1516230529870,44
208,PLAYER_SLEEPBEFORE_END,1516230529882,44
208,WS_SEND_START,1516230529882,44
208,WS_SEND_END,1516230529882,44
208,WS_RECV_START,1516230529882,45
208,WS_RECV_END,1516230529944,45
208,PLAYER_SLEEPBEFORE_START,1516230529944,46
208,PLAYER_SLEEPBEFORE_END,1516230531204,46
208,WS_SEND_START,1516230531204,46
208,WS_SEND_END,1516230531204,46
208,WS_RECV_START,1516230531204,47
208,WS_RECV_END,1516230531250,47
208,PLAYER_SLEEPBEFORE_START,1516230531250,48
208,PLAYER_SLEEPBEFORE_END,1516230532570,48
208,WS_SEND_START,1516230532570,48
208,WS_SEND_END,1516230532570,48
208,WS_RECV_START,1516230532570,49
208,WS_RECV_END,1516230532701,49
208,PLAYER_SLEEPBEFORE_START,1516230532701,50
208,PLAYER_SLEEPBEFORE_END,1516230532725,50
208,WS_SEND_START,1516230532725,50
208,WS_SEND_END,1516230532725,50
208,WS_RECV_START,1516230532725,51
208,WS_RECV_END,1516230532895,51
208,PLAYER_SLEEPBEFORE_START,1516230532895,52
208,PLAYER_SLEEPBEFORE_END,1516230555459,52
208,WS_SEND_START,1516230555459,52
208,WS_SEND_END,1516230555459,52
208,WS_RECV_START,1516230555459,53
208,WS_RECV_END,1516230555835,53
208,PLAYER_SLEEPBEFORE_START,1516230555836,54
208,PLAYER_SLEEPBEFORE_END,1516230577139,54
208,WS_SEND_START,1516230577139,54
208,WS_SEND_END,1516230577139,54
208,PLAYER_SLEEPBEFORE_START,1516230577139,55
208,PLAYER_SLEEPBEFORE_END,1516230579080,55
208,WS_SEND_START,1516230579080,55
208,WS_SEND_END,1516230579080,55
208,WS_RECV_START,1516230579080,56
208,WS_RECV_END,1516230579504,56
208,PLAYER_SLEEPBEFORE_START,1516230579504,57
208,PLAYER_SLEEPBEFORE_END,1516230602376,57
208,WS_SEND_START,1516230602376,57
208,WS_SEND_END,1516230602376,57
208,WS_RECV_START,1516230602376,58
208,WS_RECV_END,1516230602482,58
208,PLAYER_SLEEPBEFORE_START,1516230602482,59
208,PLAYER_SLEEPBEFORE_END,1516230604810,59
208,WS_SEND_START,1516230604810,59
208,WS_SEND_END,1516230604810,59
208,WS_RECV_START,1516230604810,60
208,WS_RECV_END,1516230605449,60
208,PLAYER_SLEEPBEFORE_START,1516230605449,61
208,PLAYER_SLEEPBEFORE_END,1516230609041,61
208,WS_SEND_START,1516230609041,61
208,WS_SEND_END,1516230609041,61
208,WS_RECV_START,1516230609041,62
208,WS_RECV_END,1516230609421,62
208,PLAYER_SLEEPBEFORE_START,1516230609421,63
208,PLAYER_SLEEPBEFORE_END,1516230628683,63
208,WS_SEND_START,1516230628683,63
208,WS_SEND_END,1516230628683,63
208,WS_RECV_START,1516230628683,64
208,WS_RECV_END,1516230629600,64
208,PLAYER_SLEEPBEFORE_START,1516230629600,65
208,PLAYER_SLEEPBEFORE_END,1516230656417,65
208,WS_SEND_START,1516230656417,65
208,WS_SEND_END,1516230656417,65
208,WS_RECV_START,1516230656417,66
208,WS_RECV_END,1516230656861,66
208,PLAYER_SLEEPBEFORE_START,1516230656861,67
208,PLAYER_SLEEPBEFORE_END,1516230658368,67
208,WS_SEND_START,1516230658368,67
208,WS_SEND_END,1516230658368,67
208,WS_RECV_START,1516230658368,68
208,WS_RECV_END,1516230659012,68
208,PLAYER_SLEEPBEFORE_START,1516230659012,69
208,PLAYER_SLEEPBEFORE_END,1516230681010,69
208,WS_SEND_START,1516230681010,69
208,WS_SEND_END,1516230681010,69
208,WS_RECV_START,1516230681010,70
208,WS_RECV_END,1516230682496,70
208,PLAYER_SLEEPBEFORE_START,1516230682496,71
208,PLAYER_SLEEPBEFORE_END,1516230707271,71
208,WS_SEND_START,1516230707271,71
208,WS_SEND_END,1516230707271,71
208,PLAYER_SLEEPBEFORE_START,1516230707271,72
208,PLAYER_SLEEPBEFORE_END,1516230709878,72
208,WS_SEND_START,1516230709878,72
208,WS_SEND_END,1516230709878,72
208,WS_RECV_START,1516230709878,73
208,WS_RECV_END,1516230709971,73
208,PLAYER_SLEEPBEFORE_START,1516230709971,74
208,PLAYER_SLEEPBEFORE_END,1516230709983,74
208,WS_SEND_START,1516230709983,74
208,WS_SEND_END,1516230709983,74
208,WS_RECV_START,1516230709983,75
208,WS_RECV_END,1516230710036,75
208,PLAYER_SLEEPBEFORE_START,1516230710036,76
208,PLAYER_SLEEPBEFORE_END,1516230711542,76
208,WS_SEND_START,1516230711542,76
208,WS_SEND_END,1516230711542,76
208,WS_RECV_START,1516230711542,77
208,WS_RECV_END,1516230711778,77
208,PLAYER_SLEEPBEFORE_START,1516230711778,78
208,PLAYER_SLEEPBEFORE_END,1516230712646,78
208,WS_SEND_START,1516230712647,78
208,WS_SEND_END,1516230712647,78
208,WS_RECV_START,1516230712647,79
208,WS_RECV_END,1516230712873,79
208,PLAYER_SLEEPBEFORE_START,1516230712873,80
208,PLAYER_SLEEPBEFORE_END,1516230720539,80
208,WS_SEND_START,1516230720539,80
208,WS_SEND_END,1516230720539,80
208,WS_RECV_START,1516230720539,81
208,WS_RECV_END,1516230721042,81
208,PLAYER_SLEEPBEFORE_START,1516230721042,82
208,PLAYER_SLEEPBEFORE_END,1516230722144,82
208,WS_SEND_START,1516230722144,82
208,WS_SEND_END,1516230722144,82
208,WS_RECV_START,1516230722144,83
208,WS_RECV_END,1516230722355,83
208,PLAYER_SLEEPBEFORE_START,1516230722355,84
208,PLAYER_SLEEPBEFORE_END,1516230723302,84
208,WS_SEND_START,1516230723302,84
208,WS_SEND_END,1516230723302,84
208,WS_RECV_START,1516230723302,85
208,WS_RECV_END,1516230723449,85
208,PLAYER_SLEEPBEFORE_START,1516230723449,86
208,PLAYER_SLEEPBEFORE_END,1516230727621,86
208,WS_SEND_START,1516230727621,86
208,WS_SEND_END,1516230727621,86
208,WS_RECV_START,1516230727621,87
208,WS_RECV_END,1516230727803,87
208,PLAYER_SLEEPBEFORE_START,1516230727803,88
208,PLAYER_SLEEPBEFORE_END,1516230727811,88
208,WS_SEND_START,1516230727811,88
208,WS_SEND_END,1516230727811,88
208,WS_RECV_START,1516230727811,89
208,WS_RECV_END,1516230728013,89
208,PLAYER_SLEEPBEFORE_START,1516230728013,90
208,PLAYER_SLEEPBEFORE_END,1516230755210,90
208,REQ_START,1516230755210,90
208,REQ_END,1516230755218,90
208,PLAYER_SLEEPBEFORE_START,1516230755218,91
208,PLAYER_SLEEPBEFORE_END,1516230763107,91
208,WS_SEND_START,1516230763107,91
208,WS_SEND_END,1516230763107,91
208,WS_RECV_START,1516230763107,92
208,WS_RECV_END,1516230763296,92
208,PLAYER_SLEEPBEFORE_START,1516230763296,93
208,PLAYER_SLEEPBEFORE_END,1516230763311,93
208,WS_SEND_START,1516230763311,93
208,WS_SEND_END,1516230763311,93
208,WS_RECV_START,1516230763311,94
208,WS_RECV_END,1516230763864,94
208,PLAYER_SLEEPBEFORE_START,1516230763864,95
208,PLAYER_SLEEPBEFORE_END,1516230787419,95
208,WS_SEND_START,1516230787419,95
208,WS_SEND_END,1516230787419,95
208,WS_RECV_START,1516230787419,96
208,WS_RECV_END,1516230787610,96
208,PLAYER_SLEEPBEFORE_START,1516230787610,97
208,PLAYER_SLEEPBEFORE_END,1516230810050,97
208,WS_SEND_START,1516230810050,97
208,WS_SEND_END,1516230810050,97
208,WS_RECV_START,1516230810050,98
208,WS_RECV_END,1516230810501,98
208,PLAYER_SLEEPBEFORE_START,1516230810501,99
208,PLAYER_SLEEPBEFORE_END,1516230810522,99
208,WS_SEND_START,1516230810522,99
208,WS_SEND_END,1516230810522,99
208,WS_RECV_START,1516230810522,100
208,WS_RECV_END,1516230810953,100
208,PLAYER_SLEEPBEFORE_START,1516230810953,101
208,PLAYER_SLEEPBEFORE_END,1516230834512,101
208,WS_SEND_START,1516230834512,101
208,WS_SEND_END,1516230834512,101
208,WS_RECV_START,1516230834512,102
208,WS_RECV_END,1516230835709,102
208,PLAYER_SLEEPBEFORE_START,1516230835709,103
208,PLAYER_SLEEPBEFORE_END,1516230859335,103
208,WS_SEND_START,1516230859335,103
208,WS_SEND_END,1516230859335,103
208,WS_RECV_START,1516230859335,104
208,WS_RECV_END,1516230860536,104
208,PLAYER_SLEEPBEFORE_START,1516230860536,105
208,PLAYER_SLEEPBEFORE_END,1516230885913,105
208,WS_SEND_START,1516230885913,105
208,WS_SEND_END,1516230885913,105
208,WS_RECV_START,1516230885913,106
208,WS_RECV_END,1516230887348,106
208,PLAYER_SLEEPBEFORE_START,1516230887348,107
208,PLAYER_SLEEPBEFORE_END,1516230910772,107
208,WS_SEND_START,1516230910772,107
208,WS_SEND_END,1516230910772,107
208,WS_RECV_START,1516230910772,108
208,WS_RECV_END,1516230913160,108
208,PLAYER_SLEEPBEFORE_START,1516230913160,109
208,PLAYER_SLEEPBEFORE_END,1516230913169,109
208,WS_SEND_START,1516230913169,109
208,WS_SEND_END,1516230913169,109
208,WS_RECV_START,1516230913169,110
208,WS_RECV_END,1516230913264,110
208,PLAYER_SLEEPBEFORE_START,1516230913264,111
208,PLAYER_SLEEPBEFORE_END,1516230914223,111
208,WS_SEND_START,1516230914223,111
208,WS_SEND_END,1516230914223,111
208,WS_RECV_START,1516230914223,112
208,WS_RECV_END,1516230915841,112
208,PLAYER_SLEEPBEFORE_START,1516230915841,113
208,PLAYER_SLEEPBEFORE_END,1516230916403,113
208,WS_SEND_START,1516230916403,113
208,WS_SEND_END,1516230916403,113
208,WS_RECV_START,1516230916403,114
208,WS_RECV_END,1516230916803,114
208,PLAYER_SLEEPBEFORE_START,1516230916803,115
208,PLAYER_SLEEPBEFORE_END,1516230916812,115
208,WS_SEND_START,1516230916812,115
208,WS_SEND_END,1516230916812,115
208,WS_RECV_START,1516230916812,116
208,WS_RECV_END,1516230918650,116
208,PLAYER_SLEEPBEFORE_START,1516230918650,117
208,PLAYER_SLEEPBEFORE_END,1516230939010,117
208,WS_SEND_START,1516230939010,117
208,WS_SEND_END,1516230939010,117
208,PLAYER_SLEEPBEFORE_START,1516230939010,118
208,PLAYER_SLEEPBEFORE_END,1516230942762,118
208,WS_SEND_START,1516230942762,118
208,WS_SEND_END,1516230942762,118
208,WS_RECV_START,1516230942762,119
208,WS_RECV_END,1516230944077,119
208,PLAYER_SLEEPBEFORE_START,1516230944077,120
208,PLAYER_SLEEPBEFORE_END,1516230945065,120
208,WS_SEND_START,1516230945065,120
208,WS_SEND_END,1516230945065,120
208,WS_RECV_START,1516230945065,121
208,WS_RECV_END,1516230945603,121
208,PLAYER_SLEEPBEFORE_START,1516230945603,122
208,PLAYER_SLEEPBEFORE_END,1516230946788,122
208,WS_SEND_START,1516230946788,122
208,WS_SEND_END,1516230946788,122
208,WS_RECV_START,1516230946788,123
208,WS_RECV_END,1516230950135,123
208,PLAYER_SLEEPBEFORE_START,1516230950135,124
208,PLAYER_SLEEPBEFORE_END,1516230974540,124
208,WS_SEND_START,1516230974540,124
208,WS_SEND_END,1516230974540,124
208,WS_RECV_START,1516230974540,125
208,WS_RECV_END,1516230976529,125
208,PLAYER_SLEEPBEFORE_START,1516230976529,126
208,PLAYER_SLEEPBEFORE_END,1516230997041,126
208,WS_SEND_START,1516230997041,126
208,WS_SEND_END,1516230997041,126
208,PLAYER_SLEEPBEFORE_START,1516230997041,127
208,PLAYER_SLEEPBEFORE_END,1516231000095,127
208,WS_SEND_START,1516231000095,127
208,WS_SEND_END,1516231000095,127
208,WS_RECV_START,1516231000095,128
208,WS_RECV_END,1516231001797,128
208,PLAYER_SLEEPBEFORE_START,1516231001797,129
208,PLAYER_SLEEPBEFORE_END,1516231001817,129
208,WS_SEND_START,1516231001817,129
208,WS_SEND_END,1516231001817,129
208,WS_RECV_START,1516231001817,130
208,WS_RECV_END,1516231003357,130
208,PLAYER_SLEEPBEFORE_START,1516231003357,131
208,PLAYER_SLEEPBEFORE_END,1516231024981,131
208,WS_SEND_START,1516231024981,131
208,WS_SEND_END,1516231024981,131
208,PLAYER_SLEEPBEFORE_START,1516231024981,132
208,PLAYER_SLEEPBEFORE_END,1516231028061,132
208,WS_SEND_START,1516231028061,132
208,WS_SEND_END,1516231028062,132
208,WS_RECV_START,1516231028062,133
208,WS_RECV_END,1516231029116,133
208,PLAYER_SLEEPBEFORE_START,1516231029116,134
208,PLAYER_SLEEPBEFORE_END,1516231050334,134
208,WS_SEND_START,1516231050334,134
208,WS_SEND_END,1516231050334,134
208,PLAYER_SLEEPBEFORE_START,1516231050334,135
208,PLAYER_SLEEPBEFORE_END,1516231053524,135
208,WS_SEND_START,1516231053524,135
208,WS_SEND_END,1516231053524,135
208,WS_RECV_START,1516231053524,136
208,WS_RECV_END,1516231054014,136
208,PLAYER_SLEEPBEFORE_START,1516231054014,137
208,PLAYER_SLEEPBEFORE_END,1516231054021,137
208,WS_SEND_START,1516231054021,137
208,WS_SEND_END,1516231054021,137
208,WS_RECV_START,1516231054021,138
208,WS_RECV_END,1516231054316,138
208,PLAYER_SLEEPBEFORE_START,1516231054316,139
208,PLAYER_SLEEPBEFORE_END,1516231055006,139
208,WS_SEND_START,1516231055006,139
208,WS_SEND_END,1516231055006,139
208,WS_RECV_START,1516231055006,140
208,WS_RECV_END,1516231055906,140
208,PLAYER_SLEEPBEFORE_START,1516231055906,141
208,PLAYER_SLEEPBEFORE_END,1516231056561,141
208,WS_SEND_START,1516231056561,141
208,WS_SEND_END,1516231056561,141
208,WS_RECV_START,1516231056561,142
208,WS_RECV_END,1516231057071,142
208,PLAYER_SLEEPBEFORE_START,1516231057071,143
208,PLAYER_SLEEPBEFORE_END,1516231057128,143
208,WS_SEND_START,1516231057128,143
208,WS_SEND_END,1516231057128,143
208,WS_RECV_START,1516231057128,144
208,WS_RECV_END,1516231057860,144
208,PLAYER_SLEEPBEFORE_START,1516231057860,145
208,PLAYER_SLEEPBEFORE_END,1516231073923,145
208,REQ_START,1516231073923,145
208,REQ_END,1516231073931,145
208,PLAYER_SLEEPBEFORE_START,1516231073931,146
208,PLAYER_SLEEPBEFORE_END,1516231082808,146
208,WS_SEND_START,1516231082808,146
208,WS_SEND_END,1516231082808,146
208,WS_RECV_START,1516231082808,147
208,WS_RECV_END,1516231084431,147
208,PLAYER_SLEEPBEFORE_START,1516231084431,148
208,PLAYER_SLEEPBEFORE_END,1516231106353,148
208,WS_SEND_START,1516231106353,148
208,WS_SEND_END,1516231106353,148
208,PLAYER_SLEEPBEFORE_START,1516231106353,149
208,PLAYER_SLEEPBEFORE_END,1516231108781,149
208,WS_SEND_START,1516231108781,149
208,WS_SEND_END,1516231108782,149
208,WS_RECV_START,1516231108782,150
208,WS_RECV_END,1516231109311,150
208,PLAYER_SLEEPBEFORE_START,1516231109311,151
208,PLAYER_SLEEPBEFORE_END,1516231109521,151
208,WS_SEND_START,1516231109521,151
208,WS_SEND_END,1516231109521,151
208,WS_RECV_START,1516231109521,152
208,WS_RECV_END,1516231110867,152
208,PLAYER_SLEEPBEFORE_START,1516231110867,153
208,PLAYER_SLEEPBEFORE_END,1516231134795,153
208,WS_SEND_START,1516231134795,153
208,WS_SEND_END,1516231134795,153
208,WS_RECV_START,1516231134795,154
208,WS_RECV_END,1516231135879,154
208,PLAYER_SLEEPBEFORE_START,1516231135879,155
208,PLAYER_SLEEPBEFORE_END,1516231158437,155
208,WS_SEND_START,1516231158437,155
208,WS_SEND_END,1516231158437,155
208,PLAYER_SLEEPBEFORE_START,1516231158437,156
208,PLAYER_SLEEPBEFORE_END,1516231161712,156
208,WS_SEND_START,1516231161712,156
208,WS_SEND_END,1516231161712,156
208,WS_RECV_START,1516231161712,157
208,WS_RECV_END,1516231162653,157
208,PLAYER_SLEEPBEFORE_START,1516231162653,158
208,PLAYER_SLEEPBEFORE_END,1516231162663,158
208,WS_SEND_START,1516231162663,158
208,WS_SEND_END,1516231162663,158
208,WS_RECV_START,1516231162663,159
208,WS_RECV_END,1516231163204,159
208,PLAYER_SLEEPBEFORE_START,1516231163204,160
208,PLAYER_SLEEPBEFORE_END,1516231163380,160
208,WS_SEND_START,1516231163380,160
208,WS_SEND_END,1516231163380,160
208,WS_RECV_START,1516231163380,161
208,WS_RECV_END,1516231163920,161
208,PLAYER_SLEEPBEFORE_START,1516231163920,162
208,PLAYER_SLEEPBEFORE_END,1516231163945,162
208,WS_SEND_START,1516231163945,162
208,WS_SEND_END,1516231163945,162
208,WS_RECV_START,1516231163945,163
208,WS_RECV_END,1516231165045,163
208,PLAYER_SLEEPBEFORE_START,1516231165045,164
208,PLAYER_SLEEPBEFORE_END,1516231185857,164
208,WS_SEND_START,1516231185857,164
208,WS_SEND_END,1516231185857,164
208,WS_RECV_START,1516231185857,165
208,WS_RECV_END,1516231186742,165
208,PLAYER_SLEEPBEFORE_START,1516231186742,166
208,PLAYER_SLEEPBEFORE_END,1516231209197,166
208,WS_SEND_START,1516231209197,166
208,WS_SEND_END,1516231209197,166
208,WS_RECV_START,1516231209197,167
208,WS_RECV_END,1516231212134,167
208,PLAYER_SLEEPBEFORE_START,1516231212134,168
208,PLAYER_SLEEPBEFORE_END,1516231239491,168
208,WS_SEND_START,1516231239491,168
208,WS_SEND_END,1516231239491,168
208,WS_RECV_START,1516231239491,169
208,WS_RECV_END,1516231243631,169
208,PLAYER_SLEEPBEFORE_START,1516231243631,170
208,PLAYER_SLEEPBEFORE_END,1516231243641,170
208,WS_SEND_START,1516231243641,170
208,WS_SEND_END,1516231243641,170
208,WS_RECV_START,1516231243641,171
208,WS_RECV_END,1516231246120,171
208,PLAYER_SLEEPBEFORE_START,1516231246120,172
208,PLAYER_SLEEPBEFORE_END,1516231246489,172
208,WS_SEND_START,1516231246489,172
208,WS_SEND_END,1516231246489,172
208,WS_RECV_START,1516231246490,173
208,WS_RECV_END,1516231249051,173
208,PLAYER_SLEEPBEFORE_START,1516231249051,174
208,PLAYER_SLEEPBEFORE_END,1516231249092,174
208,WS_SEND_START,1516231249092,174
208,WS_SEND_END,1516231249092,174
208,WS_RECV_START,1516231249092,175
208,WS_RECV_END,1516231252622,175
208,PLAYER_SLEEPBEFORE_START,1516231252622,176
208,PLAYER_SLEEPBEFORE_END,1516231274383,176
208,WS_SEND_START,1516231274383,176
208,WS_SEND_END,1516231274383,176
208,PLAYER_SLEEPBEFORE_START,1516231274383,177
208,PLAYER_SLEEPBEFORE_END,1516231276901,177
208,WS_SEND_START,1516231276901,177
208,WS_SEND_END,1516231276901,177
208,WS_RECV_START,1516231276901,178
208,WS_RECV_END,1516231279897,178
208,PLAYER_SLEEPBEFORE_START,1516231279897,179
208,PLAYER_SLEEPBEFORE_END,1516231302237,179
208,WS_SEND_START,1516231302237,179
208,WS_SEND_END,1516231302237,179
208,WS_RECV_START,1516231302237,180
208,WS_RECV_END,1516231307699,180
208,PLAYER_SLEEPBEFORE_START,1516231307699,181
208,PLAYER_SLEEPBEFORE_END,1516231308143,181
208,WS_SEND_START,1516231308143,181
208,WS_SEND_END,1516231308143,181
208,WS_RECV_START,1516231308143,182
208,WS_RECV_END,1516231310545,182
208,PLAYER_SLEEPBEFORE_START,1516231310545,183
208,PLAYER_SLEEPBEFORE_END,1516231311071,183
208,WS_SEND_START,1516231311071,183
208,WS_SEND_END,1516231311071,183
208,WS_RECV_START,1516231311071,184
208,WS_RECV_END,1516231313587,184
208,PLAYER_SLEEPBEFORE_START,1516231313587,185
208,PLAYER_SLEEPBEFORE_END,1516231313856,185
208,WS_SEND_START,1516231313856,185
208,WS_SEND_END,1516231313856,185
208,WS_RECV_START,1516231313856,186
208,WS_RECV_END,1516231315861,186
208,PLAYER_SLEEPBEFORE_START,1516231315861,187
208,PLAYER_SLEEPBEFORE_END,1516231338361,187
208,WS_SEND_START,1516231338361,187
208,WS_SEND_END,1516231338361,187
208,WS_RECV_START,1516231338361,188
208,WS_RECV_END,1516231342677,188
208,PLAYER_SLEEPBEFORE_START,1516231342677,189
208,PLAYER_SLEEPBEFORE_END,1516231348916,189
208,WS_SEND_START,1516231348916,189
208,WS_SEND_END,1516231348916,189
208,WS_RECV_START,1516231348916,190
208,WS_RECV_END,1516231353132,190
208,PLAYER_SLEEPBEFORE_START,1516231353132,191
208,PLAYER_SLEEPBEFORE_END,1516231355047,191
208,WS_SEND_START,1516231355047,191
208,WS_SEND_END,1516231355048,191
208,WS_RECV_START,1516231355048,192
208,WS_RECV_END,1516231357451,192
208,PLAYER_SLEEPBEFORE_START,1516231357451,193
208,PLAYER_SLEEPBEFORE_END,1516231357580,193
208,WS_SEND_START,1516231357580,193
208,WS_SEND_END,1516231357580,193
208,WS_RECV_START,1516231357580,194
208,WS_RECV_END,1516231358892,194
208,PLAYER_SLEEPBEFORE_START,1516231358892,195
208,PLAYER_SLEEPBEFORE_END,1516231360647,195
208,WS_SEND_START,1516231360647,195
208,WS_SEND_END,1516231360647,195
208,WS_RECV_START,1516231360647,196
208,WS_RECV_END,1516231363422,196
208,PLAYER_SLEEPBEFORE_START,1516231363422,197
208,PLAYER_SLEEPBEFORE_END,1516231365226,197
208,WS_SEND_START,1516231365226,197
208,WS_SEND_END,1516231365226,197
208,WS_RECV_START,1516231365226,198
208,WS_RECV_END,1516231369166,198
208,PLAYER_SLEEPBEFORE_START,1516231369166,199
208,PLAYER_SLEEPBEFORE_END,1516231381020,199
208,WS_SEND_START,1516231381020,199
208,WS_SEND_END,1516231381020,199
208,PLAYER_SLEEPBEFORE_START,1516231381020,200
208,PLAYER_SLEEPBEFORE_END,1516231385108,200
208,WS_SEND_START,1516231385108,200
208,WS_SEND_END,1516231385108,200
208,WS_RECV_START,1516231385108,201
208,WS_RECV_END,1516231387573,201
208,PLAYER_SLEEPBEFORE_START,1516231387573,202
208,PLAYER_SLEEPBEFORE_END,1516231387587,202
208,WS_SEND_START,1516231387587,202
208,WS_SEND_END,1516231387587,202
208,WS_RECV_START,1516231387587,203
208,WS_RECV_END,1516231389010,203
208,PLAYER_SLEEPBEFORE_START,1516231389010,204
208,PLAYER_SLEEPBEFORE_END,1516231408659,204
208,WS_SEND_START,1516231408659,204
208,WS_SEND_END,1516231408659,204
208,PLAYER_SLEEPBEFORE_START,1516231408659,205
208,PLAYER_SLEEPBEFORE_END,1516231412557,205
208,WS_SEND_START,1516231412557,205
208,WS_SEND_END,1516231412557,205
208,WS_RECV_START,1516231412557,206
208,WS_RECV_END,1516231412834,206
208,PLAYER_SLEEPBEFORE_START,1516231412834,207
208,PLAYER_SLEEPBEFORE_END,1516231429765,207
208,REQ_START,1516231429765,207
208,REQ_END,1516231429773,207
208,PLAYER_SLEEPBEFORE_START,1516231429773,208
208,PLAYER_SLEEPBEFORE_END,1516231436625,208
208,WS_CLOSE_START,1516231436625,208
208,WS_CLOSE_END,1516231436625,208
208,PLAYER_DONE,1516231436625
