# --sessions 540 --app-url=http://shinyloadtest.rstudioservices.com/cran_explorer --output-dir test540-2 --overwrite-output --log-level warn --start-interval 500 15min.log
thread_id,event,timestamp,input_line_number,comment
22,PLAYER_SESSION_CREATE,1516230347891
22,PLAYER_START_INTERVAL_START,1516230347891
22,PLAYER_START_INTERVAL_END,1516230358891
22,REQ_HOME_START,1516230358891,2
22,REQ_HOME_END,1516230359007,2
22,REQ_START,1516230359007,3
22,REQ_END,1516230359039,3
22,REQ_START,1516230359039,4
22,REQ_END,1516230359098,4
22,REQ_START,1516230359098,5
22,REQ_END,1516230359130,5
22,REQ_START,1516230359130,6
22,REQ_END,1516230359164,6
22,REQ_START,1516230359164,7
22,REQ_END,1516230359197,7
22,REQ_START,1516230359197,8
22,REQ_END,1516230359231,8
22,REQ_START,1516230359231,9
22,REQ_END,1516230359267,9
22,REQ_START,1516230359267,10
22,REQ_END,1516230359275,10
22,REQ_START,1516230359275,11
22,REQ_END,1516230359305,11
22,REQ_START,1516230359305,12
22,REQ_END,1516230359315,12
22,REQ_START,1516230359315,13
22,REQ_END,1516230359346,13
22,REQ_START,1516230359346,14
22,REQ_END,1516230359360,14
22,REQ_START,1516230359360,15
22,REQ_END,1516230359394,15
22,REQ_TOK_START,1516230359394,16
22,REQ_TOK_END,1516230359430,16
22,REQ_SINF_START,1516230359430,17
22,REQ_SINF_END,1516230359439,17
22,WS_OPEN_START,1516230359439,18
22,WS_OPEN_END,1516230359445,18
22,REQ_START,1516230359445,19
22,REQ_END,1516230359474,19
22,WS_RECV_START,1516230359474,20
22,WS_RECV_END,1516230359474,20
22,PLAYER_SLEEPBEFORE_START,1516230359474,21
22,PLAYER_SLEEPBEFORE_END,1516230359479,21
22,WS_SEND_START,1516230359479,21
22,WS_SEND_END,1516230359479,21
22,PLAYER_SLEEPBEFORE_START,1516230359479,22
22,PLAYER_SLEEPBEFORE_END,1516230359480,22
22,WS_SEND_START,1516230359480,22
22,WS_SEND_END,1516230359480,22
22,WS_RECV_INIT_START,1516230359481,23
22,WS_RECV_INIT_END,1516230359506,23
22,WS_RECV_START,1516230359506,24
22,WS_RECV_END,1516230359571,24
22,PLAYER_SLEEPBEFORE_START,1516230359571,25
22,PLAYER_SLEEPBEFORE_END,1516230359579,25
22,REQ_START,1516230359579,25
22,REQ_END,1516230359612,25
22,PLAYER_SLEEPBEFORE_START,1516230359612,26
22,PLAYER_SLEEPBEFORE_END,1516230359613,26
22,REQ_START,1516230359613,26
22,REQ_END,1516230359650,26
22,PLAYER_SLEEPBEFORE_START,1516230359650,27
22,PLAYER_SLEEPBEFORE_END,1516230359654,27
22,REQ_START,1516230359654,27
22,REQ_END,1516230359700,27
22,PLAYER_SLEEPBEFORE_START,1516230359700,28
22,PLAYER_SLEEPBEFORE_END,1516230359985,28
22,REQ_START,1516230359985,28
22,REQ_END,1516230360021,28
22,PLAYER_SLEEPBEFORE_START,1516230360021,29
22,PLAYER_SLEEPBEFORE_END,1516230360196,29
22,WS_SEND_START,1516230360196,29
22,WS_SEND_END,1516230360196,29
22,WS_RECV_START,1516230360196,30
22,WS_RECV_END,1516230360318,30
22,PLAYER_SLEEPBEFORE_START,1516230360318,31
22,PLAYER_SLEEPBEFORE_END,1516230360329,31
22,REQ_START,1516230360329,31
22,REQ_END,1516230360363,31
22,PLAYER_SLEEPBEFORE_START,1516230360363,32
22,PLAYER_SLEEPBEFORE_END,1516230388508,32
22,WS_SEND_START,1516230388508,32
22,WS_SEND_END,1516230388508,32
22,WS_RECV_START,1516230388508,33
22,WS_RECV_END,1516230388607,33
22,PLAYER_SLEEPBEFORE_START,1516230388607,34
22,PLAYER_SLEEPBEFORE_END,1516230414518,34
22,WS_SEND_START,1516230414518,34
22,WS_SEND_END,1516230414518,34
22,WS_RECV_START,1516230414518,35
22,WS_RECV_END,1516230414584,35
22,PLAYER_SLEEPBEFORE_START,1516230414584,36
22,PLAYER_SLEEPBEFORE_END,1516230414593,36
22,WS_SEND_START,1516230414593,36
22,WS_SEND_END,1516230414593,36
22,WS_RECV_START,1516230414593,37
22,WS_RECV_END,1516230414652,37
22,PLAYER_SLEEPBEFORE_START,1516230414652,38
22,PLAYER_SLEEPBEFORE_END,1516230417847,38
22,WS_SEND_START,1516230417847,38
22,WS_SEND_END,1516230417847,38
22,WS_RECV_START,1516230417847,39
22,WS_RECV_END,1516230417991,39
22,PLAYER_SLEEPBEFORE_START,1516230417991,40
22,PLAYER_SLEEPBEFORE_END,1516230418037,40
22,WS_SEND_START,1516230418037,40
22,WS_SEND_END,1516230418037,40
22,WS_RECV_START,1516230418037,41
22,WS_RECV_END,1516230418146,41
22,PLAYER_SLEEPBEFORE_START,1516230418146,42
22,PLAYER_SLEEPBEFORE_END,1516230436281,42
22,WS_SEND_START,1516230436282,42
22,WS_SEND_END,1516230436282,42
22,WS_RECV_START,1516230436282,43
22,WS_RECV_END,1516230436398,43
22,PLAYER_SLEEPBEFORE_START,1516230436398,44
22,PLAYER_SLEEPBEFORE_END,1516230436410,44
22,WS_SEND_START,1516230436410,44
22,WS_SEND_END,1516230436410,44
22,WS_RECV_START,1516230436410,45
22,WS_RECV_END,1516230436468,45
22,PLAYER_SLEEPBEFORE_START,1516230436468,46
22,PLAYER_SLEEPBEFORE_END,1516230437728,46
22,WS_SEND_START,1516230437728,46
22,WS_SEND_END,1516230437728,46
22,WS_RECV_START,1516230437728,47
22,WS_RECV_END,1516230437776,47
22,PLAYER_SLEEPBEFORE_START,1516230437776,48
22,PLAYER_SLEEPBEFORE_END,1516230439096,48
22,WS_SEND_START,1516230439096,48
22,WS_SEND_END,1516230439096,48
22,WS_RECV_START,1516230439096,49
22,WS_RECV_END,1516230439200,49
22,PLAYER_SLEEPBEFORE_START,1516230439200,50
22,PLAYER_SLEEPBEFORE_END,1516230439225,50
22,WS_SEND_START,1516230439225,50
22,WS_SEND_END,1516230439225,50
22,WS_RECV_START,1516230439225,51
22,WS_RECV_END,1516230439339,51
22,PLAYER_SLEEPBEFORE_START,1516230439339,52
22,PLAYER_SLEEPBEFORE_END,1516230461907,52
22,WS_SEND_START,1516230461907,52
22,WS_SEND_END,1516230461907,52
22,WS_RECV_START,1516230461907,53
22,WS_RECV_END,1516230462026,53
22,PLAYER_SLEEPBEFORE_START,1516230462026,54
22,PLAYER_SLEEPBEFORE_END,1516230483329,54
22,WS_SEND_START,1516230483329,54
22,WS_SEND_END,1516230483329,54
22,PLAYER_SLEEPBEFORE_START,1516230483329,55
22,PLAYER_SLEEPBEFORE_END,1516230485270,55
22,WS_SEND_START,1516230485270,55
22,WS_SEND_END,1516230485270,55
22,WS_RECV_START,1516230485270,56
22,WS_RECV_END,1516230485423,56
22,PLAYER_SLEEPBEFORE_START,1516230485423,57
22,PLAYER_SLEEPBEFORE_END,1516230508295,57
22,WS_SEND_START,1516230508295,57
22,WS_SEND_END,1516230508295,57
22,WS_RECV_START,1516230508295,58
22,WS_RECV_END,1516230508349,58
22,PLAYER_SLEEPBEFORE_START,1516230508349,59
22,PLAYER_SLEEPBEFORE_END,1516230510676,59
22,WS_SEND_START,1516230510676,59
22,WS_SEND_END,1516230510676,59
22,WS_RECV_START,1516230510676,60
22,WS_RECV_END,1516230510860,60
22,PLAYER_SLEEPBEFORE_START,1516230510861,61
22,PLAYER_SLEEPBEFORE_END,1516230514452,61
22,WS_SEND_START,1516230514452,61
22,WS_SEND_END,1516230514452,61
22,WS_RECV_START,1516230514452,62
22,WS_RECV_END,1516230514641,62
22,PLAYER_SLEEPBEFORE_START,1516230514641,63
22,PLAYER_SLEEPBEFORE_END,1516230533904,63
22,WS_SEND_START,1516230533904,63
22,WS_SEND_END,1516230533904,63
22,WS_RECV_START,1516230533904,64
22,WS_RECV_END,1516230533973,64
22,PLAYER_SLEEPBEFORE_START,1516230533973,65
22,PLAYER_SLEEPBEFORE_END,1516230560790,65
22,WS_SEND_START,1516230560790,65
22,WS_SEND_END,1516230560790,65
22,WS_RECV_START,1516230560790,66
22,WS_RECV_END,1516230561018,66
22,PLAYER_SLEEPBEFORE_START,1516230561018,67
22,PLAYER_SLEEPBEFORE_END,1516230562525,67
22,WS_SEND_START,1516230562526,67
22,WS_SEND_END,1516230562526,67
22,WS_RECV_START,1516230562526,68
22,WS_RECV_END,1516230562691,68
22,PLAYER_SLEEPBEFORE_START,1516230562691,69
22,PLAYER_SLEEPBEFORE_END,1516230584689,69
22,WS_SEND_START,1516230584689,69
22,WS_SEND_END,1516230584689,69
22,WS_RECV_START,1516230584689,70
22,WS_RECV_END,1516230584884,70
22,PLAYER_SLEEPBEFORE_START,1516230584884,71
22,PLAYER_SLEEPBEFORE_END,1516230609659,71
22,WS_SEND_START,1516230609659,71
22,WS_SEND_END,1516230609659,71
22,PLAYER_SLEEPBEFORE_START,1516230609660,72
22,PLAYER_SLEEPBEFORE_END,1516230612267,72
22,WS_SEND_START,1516230612267,72
22,WS_SEND_END,1516230612267,72
22,WS_RECV_START,1516230612267,73
22,WS_RECV_END,1516230612846,73
22,PLAYER_SLEEPBEFORE_START,1516230612846,74
22,PLAYER_SLEEPBEFORE_END,1516230612855,74
22,WS_SEND_START,1516230612855,74
22,WS_SEND_END,1516230612855,74
22,WS_RECV_START,1516230612855,75
22,WS_RECV_END,1516230613312,75
22,PLAYER_SLEEPBEFORE_START,1516230613312,76
22,PLAYER_SLEEPBEFORE_END,1516230614818,76
22,WS_SEND_START,1516230614818,76
22,WS_SEND_END,1516230614818,76
22,WS_RECV_START,1516230614818,77
22,WS_RECV_END,1516230615444,77
22,PLAYER_SLEEPBEFORE_START,1516230615444,78
22,PLAYER_SLEEPBEFORE_END,1516230616312,78
22,WS_SEND_START,1516230616312,78
22,WS_SEND_END,1516230616312,78
22,WS_RECV_START,1516230616312,79
22,WS_RECV_END,1516230616504,79
22,PLAYER_SLEEPBEFORE_START,1516230616504,80
22,PLAYER_SLEEPBEFORE_END,1516230624170,80
22,WS_SEND_START,1516230624170,80
22,WS_SEND_END,1516230624170,80
22,WS_RECV_START,1516230624170,81
22,WS_RECV_END,1516230624935,81
22,PLAYER_SLEEPBEFORE_START,1516230624935,82
22,PLAYER_SLEEPBEFORE_END,1516230626037,82
22,WS_SEND_START,1516230626037,82
22,WS_SEND_END,1516230626037,82
22,WS_RECV_START,1516230626037,83
22,WS_RECV_END,1516230627467,83
22,PLAYER_SLEEPBEFORE_START,1516230627467,84
22,PLAYER_SLEEPBEFORE_END,1516230628414,84
22,WS_SEND_START,1516230628414,84
22,WS_SEND_END,1516230628414,84
22,WS_RECV_START,1516230628414,85
22,WS_RECV_END,1516230629622,85
22,PLAYER_SLEEPBEFORE_START,1516230629622,86
22,PLAYER_SLEEPBEFORE_END,1516230633794,86
22,WS_SEND_START,1516230633794,86
22,WS_SEND_END,1516230633794,86
22,WS_RECV_START,1516230633794,87
22,WS_RECV_END,1516230634691,87
22,PLAYER_SLEEPBEFORE_START,1516230634691,88
22,PLAYER_SLEEPBEFORE_END,1516230634699,88
22,WS_SEND_START,1516230634699,88
22,WS_SEND_END,1516230634699,88
22,WS_RECV_START,1516230634699,89
22,WS_RECV_END,1516230635455,89
22,PLAYER_SLEEPBEFORE_START,1516230635455,90
22,PLAYER_SLEEPBEFORE_END,1516230662652,90
22,REQ_START,1516230662652,90
22,REQ_END,1516230662660,90
22,PLAYER_SLEEPBEFORE_START,1516230662660,91
22,PLAYER_SLEEPBEFORE_END,1516230670550,91
22,WS_SEND_START,1516230670550,91
22,WS_SEND_END,1516230670550,91
22,WS_RECV_START,1516230670550,92
22,WS_RECV_END,1516230671801,92
22,PLAYER_SLEEPBEFORE_START,1516230671801,93
22,PLAYER_SLEEPBEFORE_END,1516230671817,93
22,WS_SEND_START,1516230671817,93
22,WS_SEND_END,1516230671817,93
22,WS_RECV_START,1516230671817,94
22,WS_RECV_END,1516230672461,94
22,PLAYER_SLEEPBEFORE_START,1516230672461,95
22,PLAYER_SLEEPBEFORE_END,1516230696017,95
22,WS_SEND_START,1516230696017,95
22,WS_SEND_END,1516230696017,95
22,WS_RECV_START,1516230696017,96
22,WS_RECV_END,1516230697512,96
22,PLAYER_SLEEPBEFORE_START,1516230697512,97
22,PLAYER_SLEEPBEFORE_END,1516230719952,97
22,WS_SEND_START,1516230719952,97
22,WS_SEND_END,1516230719952,97
22,WS_RECV_START,1516230719952,98
22,WS_RECV_END,1516230721362,98
22,PLAYER_SLEEPBEFORE_START,1516230721362,99
22,PLAYER_SLEEPBEFORE_END,1516230721383,99
22,WS_SEND_START,1516230721383,99
22,WS_SEND_END,1516230721383,99
22,WS_RECV_START,1516230721383,100
22,WS_RECV_END,1516230722328,100
22,PLAYER_SLEEPBEFORE_START,1516230722328,101
22,PLAYER_SLEEPBEFORE_END,1516230745887,101
22,WS_SEND_START,1516230745887,101
22,WS_SEND_END,1516230745887,101
22,WS_RECV_START,1516230745887,102
22,WS_RECV_END,1516230746323,102
22,PLAYER_SLEEPBEFORE_START,1516230746323,103
22,PLAYER_SLEEPBEFORE_END,1516230769948,103
22,WS_SEND_START,1516230769948,103
22,WS_SEND_END,1516230769948,103
22,WS_RECV_START,1516230769948,104
22,WS_RECV_END,1516230770211,104
22,PLAYER_SLEEPBEFORE_START,1516230770211,105
22,PLAYER_SLEEPBEFORE_END,1516230795589,105
22,WS_SEND_START,1516230795589,105
22,WS_SEND_END,1516230795589,105
22,WS_RECV_START,1516230795589,106
22,WS_RECV_END,1516230796662,106
22,PLAYER_SLEEPBEFORE_START,1516230796662,107
22,PLAYER_SLEEPBEFORE_END,1516230820086,107
22,WS_SEND_START,1516230820086,107
22,WS_SEND_END,1516230820086,107
22,WS_RECV_START,1516230820086,108
22,WS_RECV_END,1516230820161,108
22,PLAYER_SLEEPBEFORE_START,1516230820161,109
22,PLAYER_SLEEPBEFORE_END,1516230820170,109
22,WS_SEND_START,1516230820170,109
22,WS_SEND_END,1516230820170,109
22,WS_RECV_START,1516230820170,110
22,WS_RECV_END,1516230820224,110
22,PLAYER_SLEEPBEFORE_START,1516230820224,111
22,PLAYER_SLEEPBEFORE_END,1516230821183,111
22,WS_SEND_START,1516230821183,111
22,WS_SEND_END,1516230821183,111
22,WS_RECV_START,1516230821183,112
22,WS_RECV_END,1516230821307,112
22,PLAYER_SLEEPBEFORE_START,1516230821307,113
22,PLAYER_SLEEPBEFORE_END,1516230821869,113
22,WS_SEND_START,1516230821869,113
22,WS_SEND_END,1516230821869,113
22,WS_RECV_START,1516230821869,114
22,WS_RECV_END,1516230822122,114
22,PLAYER_SLEEPBEFORE_START,1516230822122,115
22,PLAYER_SLEEPBEFORE_END,1516230822131,115
22,WS_SEND_START,1516230822131,115
22,WS_SEND_END,1516230822131,115
22,WS_RECV_START,1516230822131,116
22,WS_RECV_END,1516230822354,116
22,PLAYER_SLEEPBEFORE_START,1516230822354,117
22,PLAYER_SLEEPBEFORE_END,1516230842714,117
22,WS_SEND_START,1516230842714,117
22,WS_SEND_END,1516230842714,117
22,PLAYER_SLEEPBEFORE_START,1516230842714,118
22,PLAYER_SLEEPBEFORE_END,1516230846466,118
22,WS_SEND_START,1516230846466,118
22,WS_SEND_END,1516230846466,118
22,WS_RECV_START,1516230846466,119
22,WS_RECV_END,1516230847808,119
22,PLAYER_SLEEPBEFORE_START,1516230847808,120
22,PLAYER_SLEEPBEFORE_END,1516230848797,120
22,WS_SEND_START,1516230848797,120
22,WS_SEND_END,1516230848797,120
22,WS_RECV_START,1516230848797,121
22,WS_RECV_END,1516230850284,121
22,PLAYER_SLEEPBEFORE_START,1516230850284,122
22,PLAYER_SLEEPBEFORE_END,1516230851469,122
22,WS_SEND_START,1516230851469,122
22,WS_SEND_END,1516230851469,122
22,WS_RECV_START,1516230851469,123
22,WS_RECV_END,1516230853351,123
22,PLAYER_SLEEPBEFORE_START,1516230853351,124
22,PLAYER_SLEEPBEFORE_END,1516230877756,124
22,WS_SEND_START,1516230877756,124
22,WS_SEND_END,1516230877756,124
22,WS_RECV_START,1516230877756,125
22,WS_RECV_END,1516230880599,125
22,PLAYER_SLEEPBEFORE_START,1516230880599,126
22,PLAYER_SLEEPBEFORE_END,1516230901112,126
22,WS_SEND_START,1516230901112,126
22,WS_SEND_END,1516230901112,126
22,PLAYER_SLEEPBEFORE_START,1516230901112,127
22,PLAYER_SLEEPBEFORE_END,1516230904166,127
22,WS_SEND_START,1516230904166,127
22,WS_SEND_END,1516230904166,127
22,WS_RECV_START,1516230904166,128
22,WS_RECV_END,1516230906187,128
22,PLAYER_SLEEPBEFORE_START,1516230906187,129
22,PLAYER_SLEEPBEFORE_END,1516230906207,129
22,WS_SEND_START,1516230906208,129
22,WS_SEND_END,1516230906208,129
22,WS_RECV_START,1516230906208,130
22,WS_RECV_END,1516230907542,130
22,PLAYER_SLEEPBEFORE_START,1516230907542,131
22,PLAYER_SLEEPBEFORE_END,1516230929166,131
22,WS_SEND_START,1516230929166,131
22,WS_SEND_END,1516230929166,131
22,PLAYER_SLEEPBEFORE_START,1516230929166,132
22,PLAYER_SLEEPBEFORE_END,1516230932247,132
22,WS_SEND_START,1516230932247,132
22,WS_SEND_END,1516230932247,132
22,WS_RECV_START,1516230932247,133
22,WS_RECV_END,1516230935317,133
22,PLAYER_SLEEPBEFORE_START,1516230935318,134
22,PLAYER_SLEEPBEFORE_END,1516230956535,134
22,WS_SEND_START,1516230956535,134
22,WS_SEND_END,1516230956535,134
22,PLAYER_SLEEPBEFORE_START,1516230956535,135
22,PLAYER_SLEEPBEFORE_END,1516230959725,135
22,WS_SEND_START,1516230959725,135
22,WS_SEND_END,1516230959725,135
22,WS_RECV_START,1516230959725,136
22,WS_RECV_END,1516230961071,136
22,PLAYER_SLEEPBEFORE_START,1516230961071,137
22,PLAYER_SLEEPBEFORE_END,1516230961078,137
22,WS_SEND_START,1516230961078,137
22,WS_SEND_END,1516230961078,137
22,WS_RECV_START,1516230961078,138
22,WS_RECV_END,1516230961876,138
22,PLAYER_SLEEPBEFORE_START,1516230961876,139
22,PLAYER_SLEEPBEFORE_END,1516230962566,139
22,WS_SEND_START,1516230962566,139
22,WS_SEND_END,1516230962566,139
22,WS_RECV_START,1516230962566,140
22,WS_RECV_END,1516230963095,140
22,PLAYER_SLEEPBEFORE_START,1516230963095,141
22,PLAYER_SLEEPBEFORE_END,1516230963750,141
22,WS_SEND_START,1516230963750,141
22,WS_SEND_END,1516230963750,141
22,WS_RECV_START,1516230963750,142
22,WS_RECV_END,1516230965189,142
22,PLAYER_SLEEPBEFORE_START,1516230965189,143
22,PLAYER_SLEEPBEFORE_END,1516230965246,143
22,WS_SEND_START,1516230965246,143
22,WS_SEND_END,1516230965246,143
22,WS_RECV_START,1516230965246,144
22,WS_RECV_END,1516230967542,144
22,PLAYER_SLEEPBEFORE_START,1516230967542,145
22,PLAYER_SLEEPBEFORE_END,1516230983604,145
22,REQ_START,1516230983604,145
22,REQ_END,1516230983613,145
22,PLAYER_SLEEPBEFORE_START,1516230983613,146
22,PLAYER_SLEEPBEFORE_END,1516230992490,146
22,WS_SEND_START,1516230992490,146
22,WS_SEND_END,1516230992490,146
22,WS_RECV_START,1516230992490,147
22,WS_RECV_END,1516230994196,147
22,PLAYER_SLEEPBEFORE_START,1516230994196,148
22,PLAYER_SLEEPBEFORE_END,1516231016118,148
22,WS_SEND_START,1516231016118,148
22,WS_SEND_END,1516231016119,148
22,PLAYER_SLEEPBEFORE_START,1516231016119,149
22,PLAYER_SLEEPBEFORE_END,1516231018547,149
22,WS_SEND_START,1516231018547,149
22,WS_SEND_END,1516231018547,149
22,WS_RECV_START,1516231018547,150
22,WS_RECV_END,1516231018864,150
22,PLAYER_SLEEPBEFORE_START,1516231018864,151
22,PLAYER_SLEEPBEFORE_END,1516231019074,151
22,WS_SEND_START,1516231019074,151
22,WS_SEND_END,1516231019074,151
22,WS_RECV_START,1516231019074,152
22,WS_RECV_END,1516231019727,152
22,PLAYER_SLEEPBEFORE_START,1516231019727,153
22,PLAYER_SLEEPBEFORE_END,1516231043654,153
22,WS_SEND_START,1516231043654,153
22,WS_SEND_END,1516231043655,153
22,WS_RECV_START,1516231043655,154
22,WS_RECV_END,1516231045254,154
22,PLAYER_SLEEPBEFORE_START,1516231045254,155
22,PLAYER_SLEEPBEFORE_END,1516231067812,155
22,WS_SEND_START,1516231067812,155
22,WS_SEND_END,1516231067812,155
22,PLAYER_SLEEPBEFORE_START,1516231067812,156
22,PLAYER_SLEEPBEFORE_END,1516231071086,156
22,WS_SEND_START,1516231071086,156
22,WS_SEND_END,1516231071086,156
22,WS_RECV_START,1516231071086,157
22,WS_RECV_END,1516231073373,157
22,PLAYER_SLEEPBEFORE_START,1516231073373,158
22,PLAYER_SLEEPBEFORE_END,1516231073383,158
22,WS_SEND_START,1516231073383,158
22,WS_SEND_END,1516231073383,158
22,WS_RECV_START,1516231073383,159
22,WS_RECV_END,1516231074212,159
22,PLAYER_SLEEPBEFORE_START,1516231074212,160
22,PLAYER_SLEEPBEFORE_END,1516231074387,160
22,WS_SEND_START,1516231074387,160
22,WS_SEND_END,1516231074387,160
22,WS_RECV_START,1516231074387,161
22,WS_RECV_END,1516231076035,161
22,PLAYER_SLEEPBEFORE_START,1516231076035,162
22,PLAYER_SLEEPBEFORE_END,1516231076060,162
22,WS_SEND_START,1516231076060,162
22,WS_SEND_END,1516231076060,162
22,WS_RECV_START,1516231076060,163
22,WS_RECV_END,1516231077968,163
22,PLAYER_SLEEPBEFORE_START,1516231077968,164
22,PLAYER_SLEEPBEFORE_END,1516231098780,164
22,WS_SEND_START,1516231098780,164
22,WS_SEND_END,1516231098780,164
22,WS_RECV_START,1516231098780,165
22,WS_RECV_END,1516231100211,165
22,PLAYER_SLEEPBEFORE_START,1516231100211,166
22,PLAYER_SLEEPBEFORE_END,1516231122666,166
22,WS_SEND_START,1516231122666,166
22,WS_SEND_END,1516231122667,166
22,WS_RECV_START,1516231122667,167
22,WS_RECV_END,1516231124989,167
22,PLAYER_SLEEPBEFORE_START,1516231124989,168
22,PLAYER_SLEEPBEFORE_END,1516231152346,168
22,WS_SEND_START,1516231152346,168
22,WS_SEND_END,1516231152347,168
22,WS_RECV_START,1516231152347,169
22,WS_RECV_END,1516231153779,169
22,PLAYER_SLEEPBEFORE_START,1516231153780,170
22,PLAYER_SLEEPBEFORE_END,1516231153789,170
22,WS_SEND_START,1516231153789,170
22,WS_SEND_END,1516231153789,170
22,WS_RECV_START,1516231153789,171
22,WS_RECV_END,1516231154796,171
22,PLAYER_SLEEPBEFORE_START,1516231154796,172
22,PLAYER_SLEEPBEFORE_END,1516231155165,172
22,WS_SEND_START,1516231155165,172
22,WS_SEND_END,1516231155165,172
22,WS_RECV_START,1516231155165,173
22,WS_RECV_END,1516231155713,173
22,PLAYER_SLEEPBEFORE_START,1516231155713,174
22,PLAYER_SLEEPBEFORE_END,1516231155754,174
22,WS_SEND_START,1516231155754,174
22,WS_SEND_END,1516231155754,174
22,WS_RECV_START,1516231155754,175
22,WS_RECV_END,1516231156750,175
22,PLAYER_SLEEPBEFORE_START,1516231156750,176
22,PLAYER_SLEEPBEFORE_END,1516231178511,176
22,WS_SEND_START,1516231178511,176
22,WS_SEND_END,1516231178511,176
22,PLAYER_SLEEPBEFORE_START,1516231178511,177
22,PLAYER_SLEEPBEFORE_END,1516231181029,177
22,WS_SEND_START,1516231181029,177
22,WS_SEND_END,1516231181029,177
22,WS_RECV_START,1516231181029,178
22,WS_RECV_END,1516231182135,178
22,PLAYER_SLEEPBEFORE_START,1516231182135,179
22,PLAYER_SLEEPBEFORE_END,1516231204475,179
22,WS_SEND_START,1516231204475,179
22,WS_SEND_END,1516231204475,179
22,WS_RECV_START,1516231204475,180
22,WS_RECV_END,1516231205848,180
22,PLAYER_SLEEPBEFORE_START,1516231205848,181
22,PLAYER_SLEEPBEFORE_END,1516231206292,181
22,WS_SEND_START,1516231206292,181
22,WS_SEND_END,1516231206292,181
22,WS_RECV_START,1516231206292,182
22,WS_RECV_END,1516231207300,182
22,PLAYER_SLEEPBEFORE_START,1516231207301,183
22,PLAYER_SLEEPBEFORE_END,1516231207824,183
22,WS_SEND_START,1516231207824,183
22,WS_SEND_END,1516231207824,183
22,WS_RECV_START,1516231207824,184
22,WS_RECV_END,1516231209129,184
22,PLAYER_SLEEPBEFORE_START,1516231209129,185
22,PLAYER_SLEEPBEFORE_END,1516231209397,185
22,WS_SEND_START,1516231209397,185
22,WS_SEND_END,1516231209397,185
22,WS_RECV_START,1516231209397,186
22,WS_RECV_END,1516231211339,186
22,PLAYER_SLEEPBEFORE_START,1516231211339,187
22,PLAYER_SLEEPBEFORE_END,1516231233839,187
22,WS_SEND_START,1516231233839,187
22,WS_SEND_END,1516231233839,187
22,WS_RECV_START,1516231233839,188
22,WS_RECV_END,1516231236230,188
22,PLAYER_SLEEPBEFORE_START,1516231236230,189
22,PLAYER_SLEEPBEFORE_END,1516231242470,189
22,WS_SEND_START,1516231242470,189
22,WS_SEND_END,1516231242470,189
22,WS_RECV_START,1516231242470,190
22,WS_RECV_END,1516231246734,190
22,PLAYER_SLEEPBEFORE_START,1516231246734,191
22,PLAYER_SLEEPBEFORE_END,1516231248649,191
22,WS_SEND_START,1516231248649,191
22,WS_SEND_END,1516231248649,191
22,WS_RECV_START,1516231248649,192
22,WS_RECV_END,1516231253565,192
22,PLAYER_SLEEPBEFORE_START,1516231253565,193
22,PLAYER_SLEEPBEFORE_END,1516231253694,193
22,WS_SEND_START,1516231253694,193
22,WS_SEND_END,1516231253694,193
22,WS_RECV_START,1516231253694,194
22,WS_RECV_END,1516231257133,194
22,PLAYER_SLEEPBEFORE_START,1516231257133,195
22,PLAYER_SLEEPBEFORE_END,1516231258888,195
22,WS_SEND_START,1516231258888,195
22,WS_SEND_END,1516231258888,195
22,WS_RECV_START,1516231258888,196
22,WS_RECV_END,1516231260832,196
22,PLAYER_SLEEPBEFORE_START,1516231260832,197
22,PLAYER_SLEEPBEFORE_END,1516231262636,197
22,WS_SEND_START,1516231262636,197
22,WS_SEND_END,1516231262636,197
22,WS_RECV_START,1516231262636,198
22,WS_RECV_END,1516231264457,198
22,PLAYER_SLEEPBEFORE_START,1516231264457,199
22,PLAYER_SLEEPBEFORE_END,1516231276311,199
22,WS_SEND_START,1516231276311,199
22,WS_SEND_END,1516231276311,199
22,PLAYER_SLEEPBEFORE_START,1516231276311,200
22,PLAYER_SLEEPBEFORE_END,1516231280399,200
22,WS_SEND_START,1516231280399,200
22,WS_SEND_END,1516231280399,200
22,WS_RECV_START,1516231280399,201
22,WS_RECV_END,1516231283717,201
22,PLAYER_SLEEPBEFORE_START,1516231283717,202
22,PLAYER_SLEEPBEFORE_END,1516231283731,202
22,WS_SEND_START,1516231283731,202
22,WS_SEND_END,1516231283731,202
22,WS_RECV_START,1516231283731,203
22,WS_RECV_END,1516231288736,203
22,PLAYER_SLEEPBEFORE_START,1516231288736,204
22,PLAYER_SLEEPBEFORE_END,1516231308385,204
22,WS_SEND_START,1516231308385,204
22,WS_SEND_END,1516231308385,204
22,PLAYER_SLEEPBEFORE_START,1516231308385,205
22,PLAYER_SLEEPBEFORE_END,1516231312283,205
22,WS_SEND_START,1516231312283,205
22,WS_SEND_END,1516231312283,205
22,WS_RECV_START,1516231312283,206
22,WS_RECV_END,1516231313962,206
22,PLAYER_SLEEPBEFORE_START,1516231313962,207
22,PLAYER_SLEEPBEFORE_END,1516231330893,207
22,REQ_START,1516231330893,207
22,REQ_END,1516231330902,207
22,PLAYER_SLEEPBEFORE_START,1516231330902,208
22,PLAYER_SLEEPBEFORE_END,1516231337754,208
22,WS_CLOSE_START,1516231337754,208
22,WS_CLOSE_END,1516231337754,208
22,PLAYER_DONE,1516231337754
