# --sessions 540 --app-url=http://shinyloadtest.rstudioservices.com/cran_explorer --output-dir test540-2 --overwrite-output --log-level warn --start-interval 500 15min.log
thread_id,event,timestamp,input_line_number,comment
25,PLAYER_SESSION_CREATE,1516230347890
25,PLAYER_START_INTERVAL_START,1516230347891
25,PLAYER_START_INTERVAL_END,1516230360391
25,REQ_HOME_START,1516230360391,2
25,REQ_HOME_END,1516230360481,2
25,REQ_START,1516230360481,3
25,REQ_END,1516230360514,3
25,REQ_START,1516230360514,4
25,REQ_END,1516230360545,4
25,REQ_START,1516230360545,5
25,REQ_END,1516230360577,5
25,REQ_START,1516230360577,6
25,REQ_END,1516230360608,6
25,REQ_START,1516230360608,7
25,REQ_END,1516230360638,7
25,REQ_START,1516230360638,8
25,REQ_END,1516230360670,8
25,REQ_START,1516230360670,9
25,REQ_END,1516230360702,9
25,REQ_START,1516230360702,10
25,REQ_END,1516230360709,10
25,REQ_START,1516230360709,11
25,REQ_END,1516230360739,11
25,REQ_START,1516230360739,12
25,REQ_END,1516230360749,12
25,REQ_START,1516230360749,13
25,REQ_END,1516230360780,13
25,REQ_START,1516230360780,14
25,REQ_END,1516230360795,14
25,REQ_START,1516230360795,15
25,REQ_END,1516230360828,15
25,REQ_TOK_START,1516230360828,16
25,REQ_TOK_END,1516230360835,16
25,REQ_SINF_START,1516230360835,17
25,REQ_SINF_END,1516230360842,17
25,WS_OPEN_START,1516230360842,18
25,WS_OPEN_END,1516230360849,18
25,REQ_START,1516230360849,19
25,REQ_END,1516230360878,19
25,WS_RECV_START,1516230360878,20
25,WS_RECV_END,1516230360878,20
25,PLAYER_SLEEPBEFORE_START,1516230360878,21
25,PLAYER_SLEEPBEFORE_END,1516230360883,21
25,WS_SEND_START,1516230360883,21
25,WS_SEND_END,1516230360883,21
25,PLAYER_SLEEPBEFORE_START,1516230360883,22
25,PLAYER_SLEEPBEFORE_END,1516230360884,22
25,WS_SEND_START,1516230360884,22
25,WS_SEND_END,1516230360884,22
25,WS_RECV_INIT_START,1516230360884,23
25,WS_RECV_INIT_END,1516230360905,23
25,WS_RECV_START,1516230360905,24
25,WS_RECV_END,1516230360961,24
25,PLAYER_SLEEPBEFORE_START,1516230360961,25
25,PLAYER_SLEEPBEFORE_END,1516230360968,25
25,REQ_START,1516230360968,25
25,REQ_END,1516230360999,25
25,PLAYER_SLEEPBEFORE_START,1516230360999,26
25,PLAYER_SLEEPBEFORE_END,1516230361000,26
25,REQ_START,1516230361000,26
25,REQ_END,1516230361030,26
25,PLAYER_SLEEPBEFORE_START,1516230361030,27
25,PLAYER_SLEEPBEFORE_END,1516230361033,27
25,REQ_START,1516230361033,27
25,REQ_END,1516230361064,27
25,PLAYER_SLEEPBEFORE_START,1516230361064,28
25,PLAYER_SLEEPBEFORE_END,1516230361349,28
25,REQ_START,1516230361349,28
25,REQ_END,1516230361389,28
25,PLAYER_SLEEPBEFORE_START,1516230361389,29
25,PLAYER_SLEEPBEFORE_END,1516230361564,29
25,WS_SEND_START,1516230361564,29
25,WS_SEND_END,1516230361564,29
25,WS_RECV_START,1516230361564,30
25,WS_RECV_END,1516230361684,30
25,PLAYER_SLEEPBEFORE_START,1516230361684,31
25,PLAYER_SLEEPBEFORE_END,1516230361695,31
25,REQ_START,1516230361695,31
25,REQ_END,1516230361729,31
25,PLAYER_SLEEPBEFORE_START,1516230361729,32
25,PLAYER_SLEEPBEFORE_END,1516230389874,32
25,WS_SEND_START,1516230389874,32
25,WS_SEND_END,1516230389874,32
25,WS_RECV_START,1516230389874,33
25,WS_RECV_END,1516230390016,33
25,PLAYER_SLEEPBEFORE_START,1516230390016,34
25,PLAYER_SLEEPBEFORE_END,1516230415928,34
25,WS_SEND_START,1516230415928,34
25,WS_SEND_END,1516230415928,34
25,WS_RECV_START,1516230415928,35
25,WS_RECV_END,1516230415954,35
25,PLAYER_SLEEPBEFORE_START,1516230415954,36
25,PLAYER_SLEEPBEFORE_END,1516230415963,36
25,WS_SEND_START,1516230415963,36
25,WS_SEND_END,1516230415963,36
25,WS_RECV_START,1516230415963,37
25,WS_RECV_END,1516230416004,37
25,PLAYER_SLEEPBEFORE_START,1516230416004,38
25,PLAYER_SLEEPBEFORE_END,1516230419199,38
25,WS_SEND_START,1516230419199,38
25,WS_SEND_END,1516230419199,38
25,WS_RECV_START,1516230419199,39
25,WS_RECV_END,1516230419346,39
25,PLAYER_SLEEPBEFORE_START,1516230419346,40
25,PLAYER_SLEEPBEFORE_END,1516230419393,40
25,WS_SEND_START,1516230419393,40
25,WS_SEND_END,1516230419393,40
25,WS_RECV_START,1516230419393,41
25,WS_RECV_END,1516230419508,41
25,PLAYER_SLEEPBEFORE_START,1516230419508,42
25,PLAYER_SLEEPBEFORE_END,1516230437644,42
25,WS_SEND_START,1516230437644,42
25,WS_SEND_END,1516230437644,42
25,WS_RECV_START,1516230437644,43
25,WS_RECV_END,1516230437681,43
25,PLAYER_SLEEPBEFORE_START,1516230437681,44
25,PLAYER_SLEEPBEFORE_END,1516230437693,44
25,WS_SEND_START,1516230437693,44
25,WS_SEND_END,1516230437693,44
25,WS_RECV_START,1516230437693,45
25,WS_RECV_END,1516230437780,45
25,PLAYER_SLEEPBEFORE_START,1516230437780,46
25,PLAYER_SLEEPBEFORE_END,1516230439040,46
25,WS_SEND_START,1516230439040,46
25,WS_SEND_END,1516230439040,46
25,WS_RECV_START,1516230439040,47
25,WS_RECV_END,1516230439082,47
25,PLAYER_SLEEPBEFORE_START,1516230439082,48
25,PLAYER_SLEEPBEFORE_END,1516230440402,48
25,WS_SEND_START,1516230440402,48
25,WS_SEND_END,1516230440402,48
25,WS_RECV_START,1516230440402,49
25,WS_RECV_END,1516230440530,49
25,PLAYER_SLEEPBEFORE_START,1516230440530,50
25,PLAYER_SLEEPBEFORE_END,1516230440554,50
25,WS_SEND_START,1516230440554,50
25,WS_SEND_END,1516230440555,50
25,WS_RECV_START,1516230440555,51
25,WS_RECV_END,1516230440668,51
25,PLAYER_SLEEPBEFORE_START,1516230440668,52
25,PLAYER_SLEEPBEFORE_END,1516230463232,52
25,WS_SEND_START,1516230463232,52
25,WS_SEND_END,1516230463232,52
25,WS_RECV_START,1516230463232,53
25,WS_RECV_END,1516230463357,53
25,PLAYER_SLEEPBEFORE_START,1516230463357,54
25,PLAYER_SLEEPBEFORE_END,1516230484661,54
25,WS_SEND_START,1516230484661,54
25,WS_SEND_END,1516230484661,54
25,PLAYER_SLEEPBEFORE_START,1516230484661,55
25,PLAYER_SLEEPBEFORE_END,1516230486602,55
25,WS_SEND_START,1516230486602,55
25,WS_SEND_END,1516230486602,55
25,WS_RECV_START,1516230486602,56
25,WS_RECV_END,1516230486762,56
25,PLAYER_SLEEPBEFORE_START,1516230486762,57
25,PLAYER_SLEEPBEFORE_END,1516230509635,57
25,WS_SEND_START,1516230509635,57
25,WS_SEND_END,1516230509635,57
25,WS_RECV_START,1516230509635,58
25,WS_RECV_END,1516230509684,58
25,PLAYER_SLEEPBEFORE_START,1516230509684,59
25,PLAYER_SLEEPBEFORE_END,1516230512011,59
25,WS_SEND_START,1516230512011,59
25,WS_SEND_END,1516230512011,59
25,WS_RECV_START,1516230512011,60
25,WS_RECV_END,1516230512115,60
25,PLAYER_SLEEPBEFORE_START,1516230512115,61
25,PLAYER_SLEEPBEFORE_END,1516230515706,61
25,WS_SEND_START,1516230515706,61
25,WS_SEND_END,1516230515706,61
25,WS_RECV_START,1516230515706,62
25,WS_RECV_END,1516230515863,62
25,PLAYER_SLEEPBEFORE_START,1516230515863,63
25,PLAYER_SLEEPBEFORE_END,1516230535125,63
25,WS_SEND_START,1516230535125,63
25,WS_SEND_END,1516230535125,63
25,WS_RECV_START,1516230535125,64
25,WS_RECV_END,1516230535190,64
25,PLAYER_SLEEPBEFORE_START,1516230535190,65
25,PLAYER_SLEEPBEFORE_END,1516230562007,65
25,WS_SEND_START,1516230562008,65
25,WS_SEND_END,1516230562008,65
25,WS_RECV_START,1516230562008,66
25,WS_RECV_END,1516230562159,66
25,PLAYER_SLEEPBEFORE_START,1516230562159,67
25,PLAYER_SLEEPBEFORE_END,1516230563666,67
25,WS_SEND_START,1516230563666,67
25,WS_SEND_END,1516230563666,67
25,WS_RECV_START,1516230563666,68
25,WS_RECV_END,1516230563831,68
25,PLAYER_SLEEPBEFORE_START,1516230563831,69
25,PLAYER_SLEEPBEFORE_END,1516230585829,69
25,WS_SEND_START,1516230585829,69
25,WS_SEND_END,1516230585829,69
25,WS_RECV_START,1516230585829,70
25,WS_RECV_END,1516230586380,70
25,PLAYER_SLEEPBEFORE_START,1516230586380,71
25,PLAYER_SLEEPBEFORE_END,1516230611156,71
25,WS_SEND_START,1516230611156,71
25,WS_SEND_END,1516230611156,71
25,PLAYER_SLEEPBEFORE_START,1516230611156,72
25,PLAYER_SLEEPBEFORE_END,1516230613763,72
25,WS_SEND_START,1516230613763,72
25,WS_SEND_END,1516230613763,72
25,WS_RECV_START,1516230613763,73
25,WS_RECV_END,1516230614296,73
25,PLAYER_SLEEPBEFORE_START,1516230614296,74
25,PLAYER_SLEEPBEFORE_END,1516230614305,74
25,WS_SEND_START,1516230614305,74
25,WS_SEND_END,1516230614305,74
25,WS_RECV_START,1516230614305,75
25,WS_RECV_END,1516230614552,75
25,PLAYER_SLEEPBEFORE_START,1516230614552,76
25,PLAYER_SLEEPBEFORE_END,1516230616058,76
25,WS_SEND_START,1516230616058,76
25,WS_SEND_END,1516230616058,76
25,WS_RECV_START,1516230616058,77
25,WS_RECV_END,1516230616388,77
25,PLAYER_SLEEPBEFORE_START,1516230616388,78
25,PLAYER_SLEEPBEFORE_END,1516230617256,78
25,WS_SEND_START,1516230617256,78
25,WS_SEND_END,1516230617257,78
25,WS_RECV_START,1516230617257,79
25,WS_RECV_END,1516230617394,79
25,PLAYER_SLEEPBEFORE_START,1516230617394,80
25,PLAYER_SLEEPBEFORE_END,1516230625060,80
25,WS_SEND_START,1516230625060,80
25,WS_SEND_END,1516230625060,80
25,WS_RECV_START,1516230625060,81
25,WS_RECV_END,1516230626761,81
25,PLAYER_SLEEPBEFORE_START,1516230626761,82
25,PLAYER_SLEEPBEFORE_END,1516230627863,82
25,WS_SEND_START,1516230627863,82
25,WS_SEND_END,1516230627863,82
25,WS_RECV_START,1516230627863,83
25,WS_RECV_END,1516230628909,83
25,PLAYER_SLEEPBEFORE_START,1516230628909,84
25,PLAYER_SLEEPBEFORE_END,1516230629856,84
25,WS_SEND_START,1516230629856,84
25,WS_SEND_END,1516230629856,84
25,WS_RECV_START,1516230629856,85
25,WS_RECV_END,1516230630452,85
25,PLAYER_SLEEPBEFORE_START,1516230630452,86
25,PLAYER_SLEEPBEFORE_END,1516230634624,86
25,WS_SEND_START,1516230634624,86
25,WS_SEND_END,1516230634625,86
25,WS_RECV_START,1516230634625,87
25,WS_RECV_END,1516230636187,87
25,PLAYER_SLEEPBEFORE_START,1516230636187,88
25,PLAYER_SLEEPBEFORE_END,1516230636195,88
25,WS_SEND_START,1516230636195,88
25,WS_SEND_END,1516230636195,88
25,WS_RECV_START,1516230636195,89
25,WS_RECV_END,1516230636523,89
25,PLAYER_SLEEPBEFORE_START,1516230636523,90
25,PLAYER_SLEEPBEFORE_END,1516230663720,90
25,REQ_START,1516230663720,90
25,REQ_END,1516230663729,90
25,PLAYER_SLEEPBEFORE_START,1516230663729,91
25,PLAYER_SLEEPBEFORE_END,1516230671618,91
25,WS_SEND_START,1516230671618,91
25,WS_SEND_END,1516230671618,91
25,WS_RECV_START,1516230671618,92
25,WS_RECV_END,1516230672905,92
25,PLAYER_SLEEPBEFORE_START,1516230672905,93
25,PLAYER_SLEEPBEFORE_END,1516230672920,93
25,WS_SEND_START,1516230672920,93
25,WS_SEND_END,1516230672920,93
25,WS_RECV_START,1516230672920,94
25,WS_RECV_END,1516230673183,94
25,PLAYER_SLEEPBEFORE_START,1516230673183,95
25,PLAYER_SLEEPBEFORE_END,1516230696738,95
25,WS_SEND_START,1516230696738,95
25,WS_SEND_END,1516230696738,95
25,WS_RECV_START,1516230696738,96
25,WS_RECV_END,1516230697721,96
25,PLAYER_SLEEPBEFORE_START,1516230697721,97
25,PLAYER_SLEEPBEFORE_END,1516230720161,97
25,WS_SEND_START,1516230720161,97
25,WS_SEND_END,1516230720161,97
25,WS_RECV_START,1516230720161,98
25,WS_RECV_END,1516230721997,98
25,PLAYER_SLEEPBEFORE_START,1516230721997,99
25,PLAYER_SLEEPBEFORE_END,1516230722018,99
25,WS_SEND_START,1516230722018,99
25,WS_SEND_END,1516230722018,99
25,WS_RECV_START,1516230722018,100
25,WS_RECV_END,1516230724645,100
25,PLAYER_SLEEPBEFORE_START,1516230724645,101
25,PLAYER_SLEEPBEFORE_END,1516230748204,101
25,WS_SEND_START,1516230748204,101
25,WS_SEND_END,1516230748204,101
25,WS_RECV_START,1516230748204,102
25,WS_RECV_END,1516230748535,102
25,PLAYER_SLEEPBEFORE_START,1516230748535,103
25,PLAYER_SLEEPBEFORE_END,1516230772160,103
25,WS_SEND_START,1516230772160,103
25,WS_SEND_END,1516230772160,103
25,WS_RECV_START,1516230772160,104
25,WS_RECV_END,1516230772873,104
25,PLAYER_SLEEPBEFORE_START,1516230772873,105
25,PLAYER_SLEEPBEFORE_END,1516230798251,105
25,WS_SEND_START,1516230798251,105
25,WS_SEND_END,1516230798251,105
25,WS_RECV_START,1516230798251,106
25,WS_RECV_END,1516230798397,106
25,PLAYER_SLEEPBEFORE_START,1516230798397,107
25,PLAYER_SLEEPBEFORE_END,1516230821820,107
25,WS_SEND_START,1516230821820,107
25,WS_SEND_END,1516230821821,107
25,WS_RECV_START,1516230821821,108
25,WS_RECV_END,1516230821871,108
25,PLAYER_SLEEPBEFORE_START,1516230821871,109
25,PLAYER_SLEEPBEFORE_END,1516230821880,109
25,WS_SEND_START,1516230821880,109
25,WS_SEND_END,1516230821880,109
25,WS_RECV_START,1516230821880,110
25,WS_RECV_END,1516230821944,110
25,PLAYER_SLEEPBEFORE_START,1516230821944,111
25,PLAYER_SLEEPBEFORE_END,1516230822903,111
25,WS_SEND_START,1516230822903,111
25,WS_SEND_END,1516230822903,111
25,WS_RECV_START,1516230822903,112
25,WS_RECV_END,1516230822986,112
25,PLAYER_SLEEPBEFORE_START,1516230822986,113
25,PLAYER_SLEEPBEFORE_END,1516230823548,113
25,WS_SEND_START,1516230823548,113
25,WS_SEND_END,1516230823548,113
25,WS_RECV_START,1516230823548,114
25,WS_RECV_END,1516230823823,114
25,PLAYER_SLEEPBEFORE_START,1516230823823,115
25,PLAYER_SLEEPBEFORE_END,1516230823832,115
25,WS_SEND_START,1516230823832,115
25,WS_SEND_END,1516230823832,115
25,WS_RECV_START,1516230823832,116
25,WS_RECV_END,1516230824226,116
25,PLAYER_SLEEPBEFORE_START,1516230824226,117
25,PLAYER_SLEEPBEFORE_END,1516230844586,117
25,WS_SEND_START,1516230844586,117
25,WS_SEND_END,1516230844586,117
25,PLAYER_SLEEPBEFORE_START,1516230844586,118
25,PLAYER_SLEEPBEFORE_END,1516230848338,118
25,WS_SEND_START,1516230848338,118
25,WS_SEND_END,1516230848338,118
25,WS_RECV_START,1516230848338,119
25,WS_RECV_END,1516230849171,119
25,PLAYER_SLEEPBEFORE_START,1516230849171,120
25,PLAYER_SLEEPBEFORE_END,1516230850159,120
25,WS_SEND_START,1516230850159,120
25,WS_SEND_END,1516230850159,120
25,WS_RECV_START,1516230850159,121
25,WS_RECV_END,1516230852391,121
25,PLAYER_SLEEPBEFORE_START,1516230852391,122
25,PLAYER_SLEEPBEFORE_END,1516230853576,122
25,WS_SEND_START,1516230853576,122
25,WS_SEND_END,1516230853576,122
25,WS_RECV_START,1516230853576,123
25,WS_RECV_END,1516230855425,123
25,PLAYER_SLEEPBEFORE_START,1516230855425,124
25,PLAYER_SLEEPBEFORE_END,1516230879830,124
25,WS_SEND_START,1516230879830,124
25,WS_SEND_END,1516230879830,124
25,WS_RECV_START,1516230879830,125
25,WS_RECV_END,1516230881968,125
25,PLAYER_SLEEPBEFORE_START,1516230881968,126
25,PLAYER_SLEEPBEFORE_END,1516230902480,126
25,WS_SEND_START,1516230902480,126
25,WS_SEND_END,1516230902480,126
25,PLAYER_SLEEPBEFORE_START,1516230902480,127
25,PLAYER_SLEEPBEFORE_END,1516230905534,127
25,WS_SEND_START,1516230905534,127
25,WS_SEND_END,1516230905534,127
25,WS_RECV_START,1516230905534,128
25,WS_RECV_END,1516230907995,128
25,PLAYER_SLEEPBEFORE_START,1516230907995,129
25,PLAYER_SLEEPBEFORE_END,1516230908015,129
25,WS_SEND_START,1516230908015,129
25,WS_SEND_END,1516230908015,129
25,WS_RECV_START,1516230908015,130
25,WS_RECV_END,1516230909300,130
25,PLAYER_SLEEPBEFORE_START,1516230909300,131
25,PLAYER_SLEEPBEFORE_END,1516230930924,131
25,WS_SEND_START,1516230930924,131
25,WS_SEND_END,1516230930924,131
25,PLAYER_SLEEPBEFORE_START,1516230930924,132
25,PLAYER_SLEEPBEFORE_END,1516230934004,132
25,WS_SEND_START,1516230934004,132
25,WS_SEND_END,1516230934004,132
25,WS_RECV_START,1516230934004,133
25,WS_RECV_END,1516230934634,133
25,PLAYER_SLEEPBEFORE_START,1516230934634,134
25,PLAYER_SLEEPBEFORE_END,1516230955851,134
25,WS_SEND_START,1516230955851,134
25,WS_SEND_END,1516230955851,134
25,PLAYER_SLEEPBEFORE_START,1516230955851,135
25,PLAYER_SLEEPBEFORE_END,1516230959041,135
25,WS_SEND_START,1516230959041,135
25,WS_SEND_END,1516230959041,135
25,WS_RECV_START,1516230959041,136
25,WS_RECV_END,1516230960380,136
25,PLAYER_SLEEPBEFORE_START,1516230960380,137
25,PLAYER_SLEEPBEFORE_END,1516230960387,137
25,WS_SEND_START,1516230960387,137
25,WS_SEND_END,1516230960387,137
25,WS_RECV_START,1516230960387,138
25,WS_RECV_END,1516230960896,138
25,PLAYER_SLEEPBEFORE_START,1516230960896,139
25,PLAYER_SLEEPBEFORE_END,1516230961586,139
25,WS_SEND_START,1516230961586,139
25,WS_SEND_END,1516230961586,139
25,WS_RECV_START,1516230961586,140
25,WS_RECV_END,1516230963653,140
25,PLAYER_SLEEPBEFORE_START,1516230963653,141
25,PLAYER_SLEEPBEFORE_END,1516230964308,141
25,WS_SEND_START,1516230964308,141
25,WS_SEND_END,1516230964308,141
25,WS_RECV_START,1516230964308,142
25,WS_RECV_END,1516230965373,142
25,PLAYER_SLEEPBEFORE_START,1516230965373,143
25,PLAYER_SLEEPBEFORE_END,1516230965430,143
25,WS_SEND_START,1516230965430,143
25,WS_SEND_END,1516230965430,143
25,WS_RECV_START,1516230965430,144
25,WS_RECV_END,1516230967763,144
25,PLAYER_SLEEPBEFORE_START,1516230967763,145
25,PLAYER_SLEEPBEFORE_END,1516230983825,145
25,REQ_START,1516230983825,145
25,REQ_END,1516230983834,145
25,PLAYER_SLEEPBEFORE_START,1516230983834,146
25,PLAYER_SLEEPBEFORE_END,1516230992711,146
25,WS_SEND_START,1516230992711,146
25,WS_SEND_END,1516230992711,146
25,WS_RECV_START,1516230992711,147
25,WS_RECV_END,1516230994416,147
25,PLAYER_SLEEPBEFORE_START,1516230994416,148
25,PLAYER_SLEEPBEFORE_END,1516231016338,148
25,WS_SEND_START,1516231016339,148
25,WS_SEND_END,1516231016339,148
25,PLAYER_SLEEPBEFORE_START,1516231016339,149
25,PLAYER_SLEEPBEFORE_END,1516231018767,149
25,WS_SEND_START,1516231018767,149
25,WS_SEND_END,1516231018767,149
25,WS_RECV_START,1516231018767,150
25,WS_RECV_END,1516231019221,150
25,PLAYER_SLEEPBEFORE_START,1516231019221,151
25,PLAYER_SLEEPBEFORE_END,1516231019431,151
25,WS_SEND_START,1516231019431,151
25,WS_SEND_END,1516231019431,151
25,WS_RECV_START,1516231019431,152
25,WS_RECV_END,1516231021484,152
25,PLAYER_SLEEPBEFORE_START,1516231021484,153
25,PLAYER_SLEEPBEFORE_END,1516231045411,153
25,WS_SEND_START,1516231045411,153
25,WS_SEND_END,1516231045411,153
25,WS_RECV_START,1516231045411,154
25,WS_RECV_END,1516231046768,154
25,PLAYER_SLEEPBEFORE_START,1516231046768,155
25,PLAYER_SLEEPBEFORE_END,1516231069326,155
25,WS_SEND_START,1516231069326,155
25,WS_SEND_END,1516231069326,155
25,PLAYER_SLEEPBEFORE_START,1516231069326,156
25,PLAYER_SLEEPBEFORE_END,1516231072600,156
25,WS_SEND_START,1516231072600,156
25,WS_SEND_END,1516231072600,156
25,WS_RECV_START,1516231072600,157
25,WS_RECV_END,1516231075171,157
25,PLAYER_SLEEPBEFORE_START,1516231075171,158
25,PLAYER_SLEEPBEFORE_END,1516231075181,158
25,WS_SEND_START,1516231075181,158
25,WS_SEND_END,1516231075182,158
25,WS_RECV_START,1516231075182,159
25,WS_RECV_END,1516231076568,159
25,PLAYER_SLEEPBEFORE_START,1516231076568,160
25,PLAYER_SLEEPBEFORE_END,1516231076743,160
25,WS_SEND_START,1516231076743,160
25,WS_SEND_END,1516231076743,160
25,WS_RECV_START,1516231076743,161
25,WS_RECV_END,1516231078257,161
25,PLAYER_SLEEPBEFORE_START,1516231078257,162
25,PLAYER_SLEEPBEFORE_END,1516231078282,162
25,WS_SEND_START,1516231078282,162
25,WS_SEND_END,1516231078282,162
25,WS_RECV_START,1516231078282,163
25,WS_RECV_END,1516231080505,163
25,PLAYER_SLEEPBEFORE_START,1516231080505,164
25,PLAYER_SLEEPBEFORE_END,1516231101317,164
25,WS_SEND_START,1516231101317,164
25,WS_SEND_END,1516231101317,164
25,WS_RECV_START,1516231101317,165
25,WS_RECV_END,1516231103575,165
25,PLAYER_SLEEPBEFORE_START,1516231103575,166
25,PLAYER_SLEEPBEFORE_END,1516231126030,166
25,WS_SEND_START,1516231126030,166
25,WS_SEND_END,1516231126030,166
25,WS_RECV_START,1516231126030,167
25,WS_RECV_END,1516231127818,167
25,PLAYER_SLEEPBEFORE_START,1516231127818,168
25,PLAYER_SLEEPBEFORE_END,1516231155175,168
25,WS_SEND_START,1516231155175,168
25,WS_SEND_END,1516231155175,168
25,WS_RECV_START,1516231155175,169
25,WS_RECV_END,1516231156511,169
25,PLAYER_SLEEPBEFORE_START,1516231156511,170
25,PLAYER_SLEEPBEFORE_END,1516231156520,170
25,WS_SEND_START,1516231156520,170
25,WS_SEND_END,1516231156520,170
25,WS_RECV_START,1516231156520,171
25,WS_RECV_END,1516231156808,171
25,PLAYER_SLEEPBEFORE_START,1516231156808,172
25,PLAYER_SLEEPBEFORE_END,1516231157178,172
25,WS_SEND_START,1516231157178,172
25,WS_SEND_END,1516231157178,172
25,WS_RECV_START,1516231157178,173
25,WS_RECV_END,1516231157722,173
25,PLAYER_SLEEPBEFORE_START,1516231157722,174
25,PLAYER_SLEEPBEFORE_END,1516231157764,174
25,WS_SEND_START,1516231157764,174
25,WS_SEND_END,1516231157764,174
25,WS_RECV_START,1516231157764,175
25,WS_RECV_END,1516231158553,175
25,PLAYER_SLEEPBEFORE_START,1516231158553,176
25,PLAYER_SLEEPBEFORE_END,1516231180314,176
25,WS_SEND_START,1516231180314,176
25,WS_SEND_END,1516231180314,176
25,PLAYER_SLEEPBEFORE_START,1516231180314,177
25,PLAYER_SLEEPBEFORE_END,1516231182832,177
25,WS_SEND_START,1516231182832,177
25,WS_SEND_END,1516231182832,177
25,WS_RECV_START,1516231182832,178
25,WS_RECV_END,1516231183452,178
25,PLAYER_SLEEPBEFORE_START,1516231183452,179
25,PLAYER_SLEEPBEFORE_END,1516231205792,179
25,WS_SEND_START,1516231205792,179
25,WS_SEND_END,1516231205792,179
25,WS_RECV_START,1516231205792,180
25,WS_RECV_END,1516231208108,180
25,PLAYER_SLEEPBEFORE_START,1516231208108,181
25,PLAYER_SLEEPBEFORE_END,1516231208552,181
25,WS_SEND_START,1516231208552,181
25,WS_SEND_END,1516231208552,181
25,WS_RECV_START,1516231208552,182
25,WS_RECV_END,1516231209791,182
25,PLAYER_SLEEPBEFORE_START,1516231209791,183
25,PLAYER_SLEEPBEFORE_END,1516231210315,183
25,WS_SEND_START,1516231210315,183
25,WS_SEND_END,1516231210315,183
25,WS_RECV_START,1516231210315,184
25,WS_RECV_END,1516231211814,184
25,PLAYER_SLEEPBEFORE_START,1516231211814,185
25,PLAYER_SLEEPBEFORE_END,1516231212082,185
25,WS_SEND_START,1516231212082,185
25,WS_SEND_END,1516231212082,185
25,WS_RECV_START,1516231212082,186
25,WS_RECV_END,1516231213731,186
25,PLAYER_SLEEPBEFORE_START,1516231213731,187
25,PLAYER_SLEEPBEFORE_END,1516231236231,187
25,WS_SEND_START,1516231236231,187
25,WS_SEND_END,1516231236231,187
25,WS_RECV_START,1516231236231,188
25,WS_RECV_END,1516231239719,188
25,PLAYER_SLEEPBEFORE_START,1516231239719,189
25,PLAYER_SLEEPBEFORE_END,1516231245958,189
25,WS_SEND_START,1516231245958,189
25,WS_SEND_END,1516231245958,189
25,WS_RECV_START,1516231245958,190
25,WS_RECV_END,1516231250338,190
25,PLAYER_SLEEPBEFORE_START,1516231250338,191
25,PLAYER_SLEEPBEFORE_END,1516231252253,191
25,WS_SEND_START,1516231252253,191
25,WS_SEND_END,1516231252253,191
25,WS_RECV_START,1516231252253,192
25,WS_RECV_END,1516231258197,192
25,PLAYER_SLEEPBEFORE_START,1516231258197,193
25,PLAYER_SLEEPBEFORE_END,1516231258325,193
25,WS_SEND_START,1516231258325,193
25,WS_SEND_END,1516231258325,193
25,WS_RECV_START,1516231258325,194
25,WS_RECV_END,1516231261503,194
25,PLAYER_SLEEPBEFORE_START,1516231261503,195
25,PLAYER_SLEEPBEFORE_END,1516231263258,195
25,WS_SEND_START,1516231263258,195
25,WS_SEND_END,1516231263258,195
25,WS_RECV_START,1516231263258,196
25,WS_RECV_END,1516231265177,196
25,PLAYER_SLEEPBEFORE_START,1516231265177,197
25,PLAYER_SLEEPBEFORE_END,1516231266981,197
25,WS_SEND_START,1516231266981,197
25,WS_SEND_END,1516231266981,197
25,WS_RECV_START,1516231266981,198
25,WS_RECV_END,1516231268071,198
25,PLAYER_SLEEPBEFORE_START,1516231268071,199
25,PLAYER_SLEEPBEFORE_END,1516231279925,199
25,WS_SEND_START,1516231279925,199
25,WS_SEND_END,1516231279925,199
25,PLAYER_SLEEPBEFORE_START,1516231279925,200
25,PLAYER_SLEEPBEFORE_END,1516231284013,200
25,WS_SEND_START,1516231284014,200
25,WS_SEND_END,1516231284014,200
25,WS_RECV_START,1516231284014,201
25,WS_RECV_END,1516231285537,201
25,PLAYER_SLEEPBEFORE_START,1516231285537,202
25,PLAYER_SLEEPBEFORE_END,1516231285551,202
25,WS_SEND_START,1516231285551,202
25,WS_SEND_END,1516231285551,202
25,WS_RECV_START,1516231285551,203
25,WS_RECV_END,1516231290066,203
25,PLAYER_SLEEPBEFORE_START,1516231290066,204
25,PLAYER_SLEEPBEFORE_END,1516231309715,204
25,WS_SEND_START,1516231309715,204
25,WS_SEND_END,1516231309715,204
25,PLAYER_SLEEPBEFORE_START,1516231309715,205
25,PLAYER_SLEEPBEFORE_END,1516231313613,205
25,WS_SEND_START,1516231313613,205
25,WS_SEND_END,1516231313613,205
25,WS_RECV_START,1516231313613,206
25,WS_RECV_END,1516231315127,206
25,PLAYER_SLEEPBEFORE_START,1516231315127,207
25,PLAYER_SLEEPBEFORE_END,1516231332059,207
25,REQ_START,1516231332059,207
25,REQ_END,1516231332067,207
25,PLAYER_SLEEPBEFORE_START,1516231332067,208
25,PLAYER_SLEEPBEFORE_END,1516231338919,208
25,WS_CLOSE_START,1516231338919,208
25,WS_CLOSE_END,1516231338919,208
25,PLAYER_DONE,1516231338919
