# --sessions 540 --app-url=http://shinyloadtest.rstudioservices.com/cran_explorer --output-dir test540-2 --overwrite-output --log-level warn --start-interval 500 15min.log
thread_id,event,timestamp,input_line_number,comment
35,PLAYER_SESSION_CREATE,1516230347898
35,PLAYER_START_INTERVAL_START,1516230347898
35,PLAYER_START_INTERVAL_END,1516230365398
35,REQ_HOME_START,1516230365398,2
35,REQ_HOME_END,1516230365488,2
35,REQ_START,1516230365488,3
35,REQ_END,1516230365517,3
35,REQ_START,1516230365518,4
35,REQ_END,1516230365550,4
35,REQ_START,1516230365550,5
35,REQ_END,1516230365583,5
35,REQ_START,1516230365583,6
35,REQ_END,1516230365617,6
35,REQ_START,1516230365617,7
35,REQ_END,1516230365650,7
35,REQ_START,1516230365651,8
35,REQ_END,1516230365685,8
35,REQ_START,1516230365685,9
35,REQ_END,1516230365718,9
35,REQ_START,1516230365718,10
35,REQ_END,1516230365726,10
35,REQ_START,1516230365726,11
35,REQ_END,1516230365757,11
35,REQ_START,1516230365757,12
35,REQ_END,1516230365766,12
35,REQ_START,1516230365766,13
35,REQ_END,1516230365797,13
35,REQ_START,1516230365797,14
35,REQ_END,1516230365813,14
35,REQ_START,1516230365813,15
35,REQ_END,1516230365846,15
35,REQ_TOK_START,1516230365846,16
35,REQ_TOK_END,1516230365853,16
35,REQ_SINF_START,1516230365853,17
35,REQ_SINF_END,1516230365861,17
35,WS_OPEN_START,1516230365861,18
35,WS_OPEN_END,1516230365868,18
35,REQ_START,1516230365869,19
35,REQ_END,1516230365896,19
35,WS_RECV_START,1516230365896,20
35,WS_RECV_END,1516230365896,20
35,PLAYER_SLEEPBEFORE_START,1516230365896,21
35,PLAYER_SLEEPBEFORE_END,1516230365902,21
35,WS_SEND_START,1516230365902,21
35,WS_SEND_END,1516230365902,21
35,PLAYER_SLEEPBEFORE_START,1516230365902,22
35,PLAYER_SLEEPBEFORE_END,1516230365903,22
35,WS_SEND_START,1516230365903,22
35,WS_SEND_END,1516230365903,22
35,WS_RECV_INIT_START,1516230365903,23
35,WS_RECV_INIT_END,1516230365922,23
35,WS_RECV_START,1516230365922,24
35,WS_RECV_END,1516230365979,24
35,PLAYER_SLEEPBEFORE_START,1516230365979,25
35,PLAYER_SLEEPBEFORE_END,1516230365986,25
35,REQ_START,1516230365986,25
35,REQ_END,1516230366018,25
35,PLAYER_SLEEPBEFORE_START,1516230366018,26
35,PLAYER_SLEEPBEFORE_END,1516230366019,26
35,REQ_START,1516230366019,26
35,REQ_END,1516230366049,26
35,PLAYER_SLEEPBEFORE_START,1516230366049,27
35,PLAYER_SLEEPBEFORE_END,1516230366052,27
35,REQ_START,1516230366052,27
35,REQ_END,1516230366083,27
35,PLAYER_SLEEPBEFORE_START,1516230366083,28
35,PLAYER_SLEEPBEFORE_END,1516230366368,28
35,REQ_START,1516230366368,28
35,REQ_END,1516230366399,28
35,PLAYER_SLEEPBEFORE_START,1516230366399,29
35,PLAYER_SLEEPBEFORE_END,1516230366575,29
35,WS_SEND_START,1516230366575,29
35,WS_SEND_END,1516230366575,29
35,WS_RECV_START,1516230366575,30
35,WS_RECV_END,1516230366704,30
35,PLAYER_SLEEPBEFORE_START,1516230366704,31
35,PLAYER_SLEEPBEFORE_END,1516230366715,31
35,REQ_START,1516230366715,31
35,REQ_END,1516230366748,31
35,PLAYER_SLEEPBEFORE_START,1516230366748,32
35,PLAYER_SLEEPBEFORE_END,1516230394893,32
35,WS_SEND_START,1516230394893,32
35,WS_SEND_END,1516230394893,32
35,WS_RECV_START,1516230394893,33
35,WS_RECV_END,1516230394998,33
35,PLAYER_SLEEPBEFORE_START,1516230394998,34
35,PLAYER_SLEEPBEFORE_END,1516230420909,34
35,WS_SEND_START,1516230420909,34
35,WS_SEND_END,1516230420910,34
35,WS_RECV_START,1516230420910,35
35,WS_RECV_END,1516230420938,35
35,PLAYER_SLEEPBEFORE_START,1516230420938,36
35,PLAYER_SLEEPBEFORE_END,1516230420947,36
35,WS_SEND_START,1516230420947,36
35,WS_SEND_END,1516230420947,36
35,WS_RECV_START,1516230420947,37
35,WS_RECV_END,1516230420992,37
35,PLAYER_SLEEPBEFORE_START,1516230420992,38
35,PLAYER_SLEEPBEFORE_END,1516230424187,38
35,WS_SEND_START,1516230424187,38
35,WS_SEND_END,1516230424187,38
35,WS_RECV_START,1516230424187,39
35,WS_RECV_END,1516230424322,39
35,PLAYER_SLEEPBEFORE_START,1516230424322,40
35,PLAYER_SLEEPBEFORE_END,1516230424368,40
35,WS_SEND_START,1516230424368,40
35,WS_SEND_END,1516230424368,40
35,WS_RECV_START,1516230424368,41
35,WS_RECV_END,1516230424487,41
35,PLAYER_SLEEPBEFORE_START,1516230424487,42
35,PLAYER_SLEEPBEFORE_END,1516230442622,42
35,WS_SEND_START,1516230442622,42
35,WS_SEND_END,1516230442622,42
35,WS_RECV_START,1516230442622,43
35,WS_RECV_END,1516230442743,43
35,PLAYER_SLEEPBEFORE_START,1516230442743,44
35,PLAYER_SLEEPBEFORE_END,1516230442755,44
35,WS_SEND_START,1516230442755,44
35,WS_SEND_END,1516230442755,44
35,WS_RECV_START,1516230442755,45
35,WS_RECV_END,1516230442796,45
35,PLAYER_SLEEPBEFORE_START,1516230442796,46
35,PLAYER_SLEEPBEFORE_END,1516230444056,46
35,WS_SEND_START,1516230444056,46
35,WS_SEND_END,1516230444056,46
35,WS_RECV_START,1516230444056,47
35,WS_RECV_END,1516230444112,47
35,PLAYER_SLEEPBEFORE_START,1516230444112,48
35,PLAYER_SLEEPBEFORE_END,1516230445432,48
35,WS_SEND_START,1516230445432,48
35,WS_SEND_END,1516230445433,48
35,WS_RECV_START,1516230445433,49
35,WS_RECV_END,1516230445558,49
35,PLAYER_SLEEPBEFORE_START,1516230445558,50
35,PLAYER_SLEEPBEFORE_END,1516230445582,50
35,WS_SEND_START,1516230445582,50
35,WS_SEND_END,1516230445582,50
35,WS_RECV_START,1516230445582,51
35,WS_RECV_END,1516230445832,51
35,PLAYER_SLEEPBEFORE_START,1516230445832,52
35,PLAYER_SLEEPBEFORE_END,1516230468397,52
35,WS_SEND_START,1516230468397,52
35,WS_SEND_END,1516230468397,52
35,WS_RECV_START,1516230468397,53
35,WS_RECV_END,1516230468509,53
35,PLAYER_SLEEPBEFORE_START,1516230468509,54
35,PLAYER_SLEEPBEFORE_END,1516230489813,54
35,WS_SEND_START,1516230489813,54
35,WS_SEND_END,1516230489813,54
35,PLAYER_SLEEPBEFORE_START,1516230489813,55
35,PLAYER_SLEEPBEFORE_END,1516230491754,55
35,WS_SEND_START,1516230491754,55
35,WS_SEND_END,1516230491754,55
35,WS_RECV_START,1516230491754,56
35,WS_RECV_END,1516230491806,56
35,PLAYER_SLEEPBEFORE_START,1516230491806,57
35,PLAYER_SLEEPBEFORE_END,1516230514678,57
35,WS_SEND_START,1516230514678,57
35,WS_SEND_END,1516230514678,57
35,WS_RECV_START,1516230514678,58
35,WS_RECV_END,1516230514779,58
35,PLAYER_SLEEPBEFORE_START,1516230514779,59
35,PLAYER_SLEEPBEFORE_END,1516230517106,59
35,WS_SEND_START,1516230517106,59
35,WS_SEND_END,1516230517106,59
35,WS_RECV_START,1516230517106,60
35,WS_RECV_END,1516230517703,60
35,PLAYER_SLEEPBEFORE_START,1516230517703,61
35,PLAYER_SLEEPBEFORE_END,1516230521294,61
35,WS_SEND_START,1516230521294,61
35,WS_SEND_END,1516230521294,61
35,WS_RECV_START,1516230521294,62
35,WS_RECV_END,1516230521420,62
35,PLAYER_SLEEPBEFORE_START,1516230521420,63
35,PLAYER_SLEEPBEFORE_END,1516230540683,63
35,WS_SEND_START,1516230540683,63
35,WS_SEND_END,1516230540683,63
35,WS_RECV_START,1516230540683,64
35,WS_RECV_END,1516230540750,64
35,PLAYER_SLEEPBEFORE_START,1516230540750,65
35,PLAYER_SLEEPBEFORE_END,1516230567567,65
35,WS_SEND_START,1516230567567,65
35,WS_SEND_END,1516230567567,65
35,WS_RECV_START,1516230567567,66
35,WS_RECV_END,1516230567764,66
35,PLAYER_SLEEPBEFORE_START,1516230567764,67
35,PLAYER_SLEEPBEFORE_END,1516230569272,67
35,WS_SEND_START,1516230569272,67
35,WS_SEND_END,1516230569272,67
35,WS_RECV_START,1516230569272,68
35,WS_RECV_END,1516230569500,68
35,PLAYER_SLEEPBEFORE_START,1516230569500,69
35,PLAYER_SLEEPBEFORE_END,1516230591498,69
35,WS_SEND_START,1516230591498,69
35,WS_SEND_END,1516230591498,69
35,WS_RECV_START,1516230591498,70
35,WS_RECV_END,1516230591695,70
35,PLAYER_SLEEPBEFORE_START,1516230591695,71
35,PLAYER_SLEEPBEFORE_END,1516230616470,71
35,WS_SEND_START,1516230616470,71
35,WS_SEND_END,1516230616470,71
35,PLAYER_SLEEPBEFORE_START,1516230616470,72
35,PLAYER_SLEEPBEFORE_END,1516230619078,72
35,WS_SEND_START,1516230619078,72
35,WS_SEND_END,1516230619078,72
35,WS_RECV_START,1516230619078,73
35,WS_RECV_END,1516230619598,73
35,PLAYER_SLEEPBEFORE_START,1516230619598,74
35,PLAYER_SLEEPBEFORE_END,1516230619607,74
35,WS_SEND_START,1516230619607,74
35,WS_SEND_END,1516230619607,74
35,WS_RECV_START,1516230619607,75
35,WS_RECV_END,1516230619791,75
35,PLAYER_SLEEPBEFORE_START,1516230619791,76
35,PLAYER_SLEEPBEFORE_END,1516230621297,76
35,WS_SEND_START,1516230621297,76
35,WS_SEND_END,1516230621297,76
35,WS_RECV_START,1516230621297,77
35,WS_RECV_END,1516230621514,77
35,PLAYER_SLEEPBEFORE_START,1516230621514,78
35,PLAYER_SLEEPBEFORE_END,1516230622382,78
35,WS_SEND_START,1516230622382,78
35,WS_SEND_END,1516230622382,78
35,WS_RECV_START,1516230622382,79
35,WS_RECV_END,1516230623386,79
35,PLAYER_SLEEPBEFORE_START,1516230623386,80
35,PLAYER_SLEEPBEFORE_END,1516230631052,80
35,WS_SEND_START,1516230631052,80
35,WS_SEND_END,1516230631052,80
35,WS_RECV_START,1516230631052,81
35,WS_RECV_END,1516230631398,81
35,PLAYER_SLEEPBEFORE_START,1516230631398,82
35,PLAYER_SLEEPBEFORE_END,1516230632500,82
35,WS_SEND_START,1516230632500,82
35,WS_SEND_END,1516230632500,82
35,WS_RECV_START,1516230632500,83
35,WS_RECV_END,1516230632804,83
35,PLAYER_SLEEPBEFORE_START,1516230632804,84
35,PLAYER_SLEEPBEFORE_END,1516230633751,84
35,WS_SEND_START,1516230633751,84
35,WS_SEND_END,1516230633751,84
35,WS_RECV_START,1516230633751,85
35,WS_RECV_END,1516230634122,85
35,PLAYER_SLEEPBEFORE_START,1516230634122,86
35,PLAYER_SLEEPBEFORE_END,1516230638294,86
35,WS_SEND_START,1516230638294,86
35,WS_SEND_END,1516230638294,86
35,WS_RECV_START,1516230638294,87
35,WS_RECV_END,1516230638926,87
35,PLAYER_SLEEPBEFORE_START,1516230638926,88
35,PLAYER_SLEEPBEFORE_END,1516230638934,88
35,WS_SEND_START,1516230638934,88
35,WS_SEND_END,1516230638934,88
35,WS_RECV_START,1516230638934,89
35,WS_RECV_END,1516230639836,89
35,PLAYER_SLEEPBEFORE_START,1516230639836,90
35,PLAYER_SLEEPBEFORE_END,1516230667033,90
35,REQ_START,1516230667033,90
35,REQ_END,1516230667041,90
35,PLAYER_SLEEPBEFORE_START,1516230667041,91
35,PLAYER_SLEEPBEFORE_END,1516230674931,91
35,WS_SEND_START,1516230674931,91
35,WS_SEND_END,1516230674931,91
35,WS_RECV_START,1516230674931,92
35,WS_RECV_END,1516230675195,92
35,PLAYER_SLEEPBEFORE_START,1516230675195,93
35,PLAYER_SLEEPBEFORE_END,1516230675210,93
35,WS_SEND_START,1516230675210,93
35,WS_SEND_END,1516230675210,93
35,WS_RECV_START,1516230675210,94
35,WS_RECV_END,1516230675463,94
35,PLAYER_SLEEPBEFORE_START,1516230675463,95
35,PLAYER_SLEEPBEFORE_END,1516230699018,95
35,WS_SEND_START,1516230699018,95
35,WS_SEND_END,1516230699019,95
35,WS_RECV_START,1516230699019,96
35,WS_RECV_END,1516230699513,96
35,PLAYER_SLEEPBEFORE_START,1516230699513,97
35,PLAYER_SLEEPBEFORE_END,1516230721953,97
35,WS_SEND_START,1516230721953,97
35,WS_SEND_END,1516230721953,97
35,WS_RECV_START,1516230721953,98
35,WS_RECV_END,1516230722262,98
35,PLAYER_SLEEPBEFORE_START,1516230722262,99
35,PLAYER_SLEEPBEFORE_END,1516230722283,99
35,WS_SEND_START,1516230722283,99
35,WS_SEND_END,1516230722283,99
35,WS_RECV_START,1516230722283,100
35,WS_RECV_END,1516230722621,100
35,PLAYER_SLEEPBEFORE_START,1516230722621,101
35,PLAYER_SLEEPBEFORE_END,1516230746180,101
35,WS_SEND_START,1516230746180,101
35,WS_SEND_END,1516230746180,101
35,WS_RECV_START,1516230746180,102
35,WS_RECV_END,1516230747077,102
35,PLAYER_SLEEPBEFORE_START,1516230747077,103
35,PLAYER_SLEEPBEFORE_END,1516230770703,103
35,WS_SEND_START,1516230770703,103
35,WS_SEND_END,1516230770703,103
35,WS_RECV_START,1516230770703,104
35,WS_RECV_END,1516230771518,104
35,PLAYER_SLEEPBEFORE_START,1516230771518,105
35,PLAYER_SLEEPBEFORE_END,1516230796895,105
35,WS_SEND_START,1516230796895,105
35,WS_SEND_END,1516230796895,105
35,WS_RECV_START,1516230796895,106
35,WS_RECV_END,1516230797702,106
35,PLAYER_SLEEPBEFORE_START,1516230797702,107
35,PLAYER_SLEEPBEFORE_END,1516230821125,107
35,WS_SEND_START,1516230821125,107
35,WS_SEND_END,1516230821125,107
35,WS_RECV_START,1516230821125,108
35,WS_RECV_END,1516230822663,108
35,PLAYER_SLEEPBEFORE_START,1516230822663,109
35,PLAYER_SLEEPBEFORE_END,1516230822672,109
35,WS_SEND_START,1516230822672,109
35,WS_SEND_END,1516230822672,109
35,WS_RECV_START,1516230822672,110
35,WS_RECV_END,1516230823232,110
35,PLAYER_SLEEPBEFORE_START,1516230823232,111
35,PLAYER_SLEEPBEFORE_END,1516230824191,111
35,WS_SEND_START,1516230824191,111
35,WS_SEND_END,1516230824191,111
35,WS_RECV_START,1516230824191,112
35,WS_RECV_END,1516230824900,112
35,PLAYER_SLEEPBEFORE_START,1516230824900,113
35,PLAYER_SLEEPBEFORE_END,1516230825462,113
35,WS_SEND_START,1516230825462,113
35,WS_SEND_END,1516230825462,113
35,WS_RECV_START,1516230825462,114
35,WS_RECV_END,1516230826207,114
35,PLAYER_SLEEPBEFORE_START,1516230826207,115
35,PLAYER_SLEEPBEFORE_END,1516230826216,115
35,WS_SEND_START,1516230826216,115
35,WS_SEND_END,1516230826216,115
35,WS_RECV_START,1516230826216,116
35,WS_RECV_END,1516230826789,116
35,PLAYER_SLEEPBEFORE_START,1516230826789,117
35,PLAYER_SLEEPBEFORE_END,1516230847149,117
35,WS_SEND_START,1516230847149,117
35,WS_SEND_END,1516230847149,117
35,PLAYER_SLEEPBEFORE_START,1516230847149,118
35,PLAYER_SLEEPBEFORE_END,1516230850901,118
35,WS_SEND_START,1516230850901,118
35,WS_SEND_END,1516230850901,118
35,WS_RECV_START,1516230850901,119
35,WS_RECV_END,1516230851997,119
35,PLAYER_SLEEPBEFORE_START,1516230851997,120
35,PLAYER_SLEEPBEFORE_END,1516230852985,120
35,WS_SEND_START,1516230852985,120
35,WS_SEND_END,1516230852985,120
35,WS_RECV_START,1516230852985,121
35,WS_RECV_END,1516230853709,121
35,PLAYER_SLEEPBEFORE_START,1516230853709,122
35,PLAYER_SLEEPBEFORE_END,1516230854894,122
35,WS_SEND_START,1516230854894,122
35,WS_SEND_END,1516230854894,122
35,WS_RECV_START,1516230854894,123
35,WS_RECV_END,1516230856069,123
35,PLAYER_SLEEPBEFORE_START,1516230856069,124
35,PLAYER_SLEEPBEFORE_END,1516230880474,124
35,WS_SEND_START,1516230880474,124
35,WS_SEND_END,1516230880474,124
35,WS_RECV_START,1516230880474,125
35,WS_RECV_END,1516230881738,125
35,PLAYER_SLEEPBEFORE_START,1516230881738,126
35,PLAYER_SLEEPBEFORE_END,1516230902251,126
35,WS_SEND_START,1516230902251,126
35,WS_SEND_END,1516230902251,126
35,PLAYER_SLEEPBEFORE_START,1516230902251,127
35,PLAYER_SLEEPBEFORE_END,1516230905305,127
35,WS_SEND_START,1516230905305,127
35,WS_SEND_END,1516230905305,127
35,WS_RECV_START,1516230905305,128
35,WS_RECV_END,1516230906403,128
35,PLAYER_SLEEPBEFORE_START,1516230906404,129
35,PLAYER_SLEEPBEFORE_END,1516230906424,129
35,WS_SEND_START,1516230906424,129
35,WS_SEND_END,1516230906424,129
35,WS_RECV_START,1516230906424,130
35,WS_RECV_END,1516230906925,130
35,PLAYER_SLEEPBEFORE_START,1516230906925,131
35,PLAYER_SLEEPBEFORE_END,1516230928550,131
35,WS_SEND_START,1516230928550,131
35,WS_SEND_END,1516230928550,131
35,PLAYER_SLEEPBEFORE_START,1516230928550,132
35,PLAYER_SLEEPBEFORE_END,1516230931630,132
35,WS_SEND_START,1516230931630,132
35,WS_SEND_END,1516230931630,132
35,WS_RECV_START,1516230931630,133
35,WS_RECV_END,1516230933414,133
35,PLAYER_SLEEPBEFORE_START,1516230933414,134
35,PLAYER_SLEEPBEFORE_END,1516230954631,134
35,WS_SEND_START,1516230954631,134
35,WS_SEND_END,1516230954631,134
35,PLAYER_SLEEPBEFORE_START,1516230954632,135
35,PLAYER_SLEEPBEFORE_END,1516230957822,135
35,WS_SEND_START,1516230957822,135
35,WS_SEND_END,1516230957822,135
35,WS_RECV_START,1516230957822,136
35,WS_RECV_END,1516230958860,136
35,PLAYER_SLEEPBEFORE_START,1516230958860,137
35,PLAYER_SLEEPBEFORE_END,1516230958867,137
35,WS_SEND_START,1516230958867,137
35,WS_SEND_END,1516230958867,137
35,WS_RECV_START,1516230958867,138
35,WS_RECV_END,1516230960825,138
35,PLAYER_SLEEPBEFORE_START,1516230960825,139
35,PLAYER_SLEEPBEFORE_END,1516230961516,139
35,WS_SEND_START,1516230961516,139
35,WS_SEND_END,1516230961516,139
35,WS_RECV_START,1516230961516,140
35,WS_RECV_END,1516230963238,140
35,PLAYER_SLEEPBEFORE_START,1516230963238,141
35,PLAYER_SLEEPBEFORE_END,1516230963893,141
35,WS_SEND_START,1516230963893,141
35,WS_SEND_END,1516230963893,141
35,WS_RECV_START,1516230963893,142
35,WS_RECV_END,1516230966363,142
35,PLAYER_SLEEPBEFORE_START,1516230966363,143
35,PLAYER_SLEEPBEFORE_END,1516230966420,143
35,WS_SEND_START,1516230966420,143
35,WS_SEND_END,1516230966420,143
35,WS_RECV_START,1516230966420,144
35,WS_RECV_END,1516230968422,144
35,PLAYER_SLEEPBEFORE_START,1516230968422,145
35,PLAYER_SLEEPBEFORE_END,1516230984484,145
35,REQ_START,1516230984484,145
35,REQ_END,1516230984492,145
35,PLAYER_SLEEPBEFORE_START,1516230984492,146
35,PLAYER_SLEEPBEFORE_END,1516230993369,146
35,WS_SEND_START,1516230993369,146
35,WS_SEND_END,1516230993369,146
35,WS_RECV_START,1516230993369,147
35,WS_RECV_END,1516230993808,147
35,PLAYER_SLEEPBEFORE_START,1516230993808,148
35,PLAYER_SLEEPBEFORE_END,1516231015730,148
35,WS_SEND_START,1516231015730,148
35,WS_SEND_END,1516231015730,148
35,PLAYER_SLEEPBEFORE_START,1516231015730,149
35,PLAYER_SLEEPBEFORE_END,1516231018158,149
35,WS_SEND_START,1516231018158,149
35,WS_SEND_END,1516231018158,149
35,WS_RECV_START,1516231018158,150
35,WS_RECV_END,1516231018836,150
35,PLAYER_SLEEPBEFORE_START,1516231018836,151
35,PLAYER_SLEEPBEFORE_END,1516231019046,151
35,WS_SEND_START,1516231019046,151
35,WS_SEND_END,1516231019046,151
35,WS_RECV_START,1516231019046,152
35,WS_RECV_END,1516231019479,152
35,PLAYER_SLEEPBEFORE_START,1516231019479,153
35,PLAYER_SLEEPBEFORE_END,1516231043406,153
35,WS_SEND_START,1516231043406,153
35,WS_SEND_END,1516231043406,153
35,WS_RECV_START,1516231043406,154
35,WS_RECV_END,1516231045412,154
35,PLAYER_SLEEPBEFORE_START,1516231045412,155
35,PLAYER_SLEEPBEFORE_END,1516231067970,155
35,WS_SEND_START,1516231067970,155
35,WS_SEND_END,1516231067970,155
35,PLAYER_SLEEPBEFORE_START,1516231067970,156
35,PLAYER_SLEEPBEFORE_END,1516231071244,156
35,WS_SEND_START,1516231071244,156
35,WS_SEND_END,1516231071244,156
35,WS_RECV_START,1516231071244,157
35,WS_RECV_END,1516231072208,157
35,PLAYER_SLEEPBEFORE_START,1516231072208,158
35,PLAYER_SLEEPBEFORE_END,1516231072218,158
35,WS_SEND_START,1516231072218,158
35,WS_SEND_END,1516231072218,158
35,WS_RECV_START,1516231072218,159
35,WS_RECV_END,1516231072407,159
35,PLAYER_SLEEPBEFORE_START,1516231072407,160
35,PLAYER_SLEEPBEFORE_END,1516231072582,160
35,WS_SEND_START,1516231072582,160
35,WS_SEND_END,1516231072582,160
35,WS_RECV_START,1516231072582,161
35,WS_RECV_END,1516231073238,161
35,PLAYER_SLEEPBEFORE_START,1516231073238,162
35,PLAYER_SLEEPBEFORE_END,1516231073263,162
35,WS_SEND_START,1516231073263,162
35,WS_SEND_END,1516231073263,162
35,WS_RECV_START,1516231073263,163
35,WS_RECV_END,1516231075131,163
35,PLAYER_SLEEPBEFORE_START,1516231075131,164
35,PLAYER_SLEEPBEFORE_END,1516231095943,164
35,WS_SEND_START,1516231095943,164
35,WS_SEND_END,1516231095943,164
35,WS_RECV_START,1516231095943,165
35,WS_RECV_END,1516231097767,165
35,PLAYER_SLEEPBEFORE_START,1516231097767,166
35,PLAYER_SLEEPBEFORE_END,1516231120222,166
35,WS_SEND_START,1516231120222,166
35,WS_SEND_END,1516231120222,166
35,WS_RECV_START,1516231120222,167
35,WS_RECV_END,1516231121485,167
35,PLAYER_SLEEPBEFORE_START,1516231121485,168
35,PLAYER_SLEEPBEFORE_END,1516231148842,168
35,WS_SEND_START,1516231148842,168
35,WS_SEND_END,1516231148842,168
35,WS_RECV_START,1516231148842,169
35,WS_RECV_END,1516231150179,169
35,PLAYER_SLEEPBEFORE_START,1516231150179,170
35,PLAYER_SLEEPBEFORE_END,1516231150188,170
35,WS_SEND_START,1516231150188,170
35,WS_SEND_END,1516231150188,170
35,WS_RECV_START,1516231150188,171
35,WS_RECV_END,1516231150304,171
35,PLAYER_SLEEPBEFORE_START,1516231150304,172
35,PLAYER_SLEEPBEFORE_END,1516231150673,172
35,WS_SEND_START,1516231150673,172
35,WS_SEND_END,1516231150673,172
35,WS_RECV_START,1516231150673,173
35,WS_RECV_END,1516231151362,173
35,PLAYER_SLEEPBEFORE_START,1516231151362,174
35,PLAYER_SLEEPBEFORE_END,1516231151403,174
35,WS_SEND_START,1516231151403,174
35,WS_SEND_END,1516231151403,174
35,WS_RECV_START,1516231151403,175
35,WS_RECV_END,1516231152196,175
35,PLAYER_SLEEPBEFORE_START,1516231152196,176
35,PLAYER_SLEEPBEFORE_END,1516231173957,176
35,WS_SEND_START,1516231173957,176
35,WS_SEND_END,1516231173957,176
35,PLAYER_SLEEPBEFORE_START,1516231173957,177
35,PLAYER_SLEEPBEFORE_END,1516231176475,177
35,WS_SEND_START,1516231176475,177
35,WS_SEND_END,1516231176475,177
35,WS_RECV_START,1516231176475,178
35,WS_RECV_END,1516231177949,178
35,PLAYER_SLEEPBEFORE_START,1516231177949,179
35,PLAYER_SLEEPBEFORE_END,1516231200289,179
35,WS_SEND_START,1516231200289,179
35,WS_SEND_END,1516231200290,179
35,WS_RECV_START,1516231200290,180
35,WS_RECV_END,1516231201941,180
35,PLAYER_SLEEPBEFORE_START,1516231201941,181
35,PLAYER_SLEEPBEFORE_END,1516231202385,181
35,WS_SEND_START,1516231202385,181
35,WS_SEND_END,1516231202385,181
35,WS_RECV_START,1516231202385,182
35,WS_RECV_END,1516231203811,182
35,PLAYER_SLEEPBEFORE_START,1516231203811,183
35,PLAYER_SLEEPBEFORE_END,1516231204334,183
35,WS_SEND_START,1516231204334,183
35,WS_SEND_END,1516231204334,183
35,WS_RECV_START,1516231204334,184
35,WS_RECV_END,1516231204728,184
35,PLAYER_SLEEPBEFORE_START,1516231204728,185
35,PLAYER_SLEEPBEFORE_END,1516231204996,185
35,WS_SEND_START,1516231204996,185
35,WS_SEND_END,1516231204996,185
35,WS_RECV_START,1516231204996,186
35,WS_RECV_END,1516231205998,186
35,PLAYER_SLEEPBEFORE_START,1516231205998,187
35,PLAYER_SLEEPBEFORE_END,1516231228498,187
35,WS_SEND_START,1516231228498,187
35,WS_SEND_END,1516231228498,187
35,WS_RECV_START,1516231228498,188
35,WS_RECV_END,1516231233100,188
35,PLAYER_SLEEPBEFORE_START,1516231233100,189
35,PLAYER_SLEEPBEFORE_END,1516231239340,189
35,WS_SEND_START,1516231239340,189
35,WS_SEND_END,1516231239340,189
35,WS_RECV_START,1516231239340,190
35,WS_RECV_END,1516231243578,190
35,PLAYER_SLEEPBEFORE_START,1516231243578,191
35,PLAYER_SLEEPBEFORE_END,1516231245493,191
35,WS_SEND_START,1516231245493,191
35,WS_SEND_END,1516231245493,191
35,WS_RECV_START,1516231245493,192
35,WS_RECV_END,1516231250204,192
35,PLAYER_SLEEPBEFORE_START,1516231250204,193
35,PLAYER_SLEEPBEFORE_END,1516231250333,193
35,WS_SEND_START,1516231250333,193
35,WS_SEND_END,1516231250333,193
35,WS_RECV_START,1516231250333,194
35,WS_RECV_END,1516231253157,194
35,PLAYER_SLEEPBEFORE_START,1516231253157,195
35,PLAYER_SLEEPBEFORE_END,1516231254912,195
35,WS_SEND_START,1516231254912,195
35,WS_SEND_END,1516231254912,195
35,WS_RECV_START,1516231254912,196
35,WS_RECV_END,1516231256008,196
35,PLAYER_SLEEPBEFORE_START,1516231256008,197
35,PLAYER_SLEEPBEFORE_END,1516231257812,197
35,WS_SEND_START,1516231257812,197
35,WS_SEND_END,1516231257812,197
35,WS_RECV_START,1516231257812,198
35,WS_RECV_END,1516231258808,198
35,PLAYER_SLEEPBEFORE_START,1516231258808,199
35,PLAYER_SLEEPBEFORE_END,1516231270662,199
35,WS_SEND_START,1516231270662,199
35,WS_SEND_END,1516231270662,199
35,PLAYER_SLEEPBEFORE_START,1516231270662,200
35,PLAYER_SLEEPBEFORE_END,1516231274751,200
35,WS_SEND_START,1516231274751,200
35,WS_SEND_END,1516231274751,200
35,WS_RECV_START,1516231274751,201
35,WS_RECV_END,1516231275811,201
35,PLAYER_SLEEPBEFORE_START,1516231275811,202
35,PLAYER_SLEEPBEFORE_END,1516231275825,202
35,WS_SEND_START,1516231275825,202
35,WS_SEND_END,1516231275825,202
35,WS_RECV_START,1516231275825,203
35,WS_RECV_END,1516231278288,203
35,PLAYER_SLEEPBEFORE_START,1516231278288,204
35,PLAYER_SLEEPBEFORE_END,1516231297937,204
35,WS_SEND_START,1516231297937,204
35,WS_SEND_END,1516231297937,204
35,PLAYER_SLEEPBEFORE_START,1516231297937,205
35,PLAYER_SLEEPBEFORE_END,1516231301835,205
35,WS_SEND_START,1516231301835,205
35,WS_SEND_END,1516231301835,205
35,WS_RECV_START,1516231301835,206
35,WS_RECV_END,1516231304116,206
35,PLAYER_SLEEPBEFORE_START,1516231304117,207
35,PLAYER_SLEEPBEFORE_END,1516231321048,207
35,REQ_START,1516231321048,207
35,REQ_END,1516231321084,207
35,PLAYER_SLEEPBEFORE_START,1516231321084,208
35,PLAYER_SLEEPBEFORE_END,1516231327936,208
35,WS_CLOSE_START,1516231327936,208
35,WS_CLOSE_END,1516231327936,208
35,PLAYER_DONE,1516231327936
