# --sessions 540 --app-url=http://shinyloadtest.rstudioservices.com/cran_explorer --output-dir test540-2 --overwrite-output --log-level warn --start-interval 500 15min.log
thread_id,event,timestamp,input_line_number,comment
419,PLAYER_SESSION_CREATE,1516230348070
419,PLAYER_START_INTERVAL_START,1516230348070
419,PLAYER_START_INTERVAL_END,1516230557570
419,REQ_HOME_START,1516230557571,2
419,REQ_HOME_END,1516230557768,2
419,REQ_START,1516230557768,3
419,REQ_END,1516230558587,3
419,REQ_START,1516230558587,4
419,REQ_END,1516230558640,4
419,REQ_START,1516230558640,5
419,REQ_END,1516230558763,5
419,REQ_START,1516230558763,6
419,REQ_END,1516230558798,6
419,REQ_START,1516230558798,7
419,REQ_END,1516230558833,7
419,REQ_START,1516230558833,8
419,REQ_END,1516230558870,8
419,REQ_START,1516230558870,9
419,REQ_END,1516230559146,9
419,REQ_START,1516230559146,10
419,REQ_END,1516230559154,10
419,REQ_START,1516230559154,11
419,REQ_END,1516230559194,11
419,REQ_START,1516230559194,12
419,REQ_END,1516230559204,12
419,REQ_START,1516230559204,13
419,REQ_END,1516230559236,13
419,REQ_START,1516230559236,14
419,REQ_END,1516230559253,14
419,REQ_START,1516230559253,15
419,REQ_END,1516230559298,15
419,REQ_TOK_START,1516230559298,16
419,REQ_TOK_END,1516230559305,16
419,REQ_SINF_START,1516230559305,17
419,REQ_SINF_END,1516230559312,17
419,WS_OPEN_START,1516230559312,18
419,WS_OPEN_END,1516230559318,18
419,REQ_START,1516230559318,19
419,REQ_END,1516230559350,19
419,WS_RECV_START,1516230559350,20
419,WS_RECV_END,1516230559350,20
419,PLAYER_SLEEPBEFORE_START,1516230559350,21
419,PLAYER_SLEEPBEFORE_END,1516230559355,21
419,WS_SEND_START,1516230559355,21
419,WS_SEND_END,1516230559355,21
419,PLAYER_SLEEPBEFORE_START,1516230559355,22
419,PLAYER_SLEEPBEFORE_END,1516230559356,22
419,WS_SEND_START,1516230559356,22
419,WS_SEND_END,1516230559356,22
419,WS_RECV_INIT_START,1516230559356,23
419,WS_RECV_INIT_END,1516230559381,23
419,WS_RECV_START,1516230559381,24
419,WS_RECV_END,1516230559476,24
419,PLAYER_SLEEPBEFORE_START,1516230559476,25
419,PLAYER_SLEEPBEFORE_END,1516230559483,25
419,REQ_START,1516230559483,25
419,REQ_END,1516230559515,25
419,PLAYER_SLEEPBEFORE_START,1516230559515,26
419,PLAYER_SLEEPBEFORE_END,1516230559517,26
419,REQ_START,1516230559517,26
419,REQ_END,1516230559548,26
419,PLAYER_SLEEPBEFORE_START,1516230559548,27
419,PLAYER_SLEEPBEFORE_END,1516230559552,27
419,REQ_START,1516230559552,27
419,REQ_END,1516230559591,27
419,PLAYER_SLEEPBEFORE_START,1516230559591,28
419,PLAYER_SLEEPBEFORE_END,1516230559876,28
419,REQ_START,1516230559876,28
419,REQ_END,1516230560469,28
419,PLAYER_SLEEPBEFORE_START,1516230560469,29
419,PLAYER_SLEEPBEFORE_END,1516230560644,29
419,WS_SEND_START,1516230560644,29
419,WS_SEND_END,1516230560644,29
419,WS_RECV_START,1516230560644,30
419,WS_RECV_END,1516230560834,30
419,PLAYER_SLEEPBEFORE_START,1516230560834,31
419,PLAYER_SLEEPBEFORE_END,1516230560845,31
419,REQ_START,1516230560845,31
419,REQ_END,1516230561291,31
419,PLAYER_SLEEPBEFORE_START,1516230561291,32
419,PLAYER_SLEEPBEFORE_END,1516230589436,32
419,WS_SEND_START,1516230589436,32
419,WS_SEND_END,1516230589436,32
419,WS_RECV_START,1516230589436,33
419,WS_RECV_END,1516230589556,33
419,PLAYER_SLEEPBEFORE_START,1516230589556,34
419,PLAYER_SLEEPBEFORE_END,1516230615467,34
419,WS_SEND_START,1516230615467,34
419,WS_SEND_END,1516230615467,34
419,WS_RECV_START,1516230615467,35
419,WS_RECV_END,1516230616120,35
419,PLAYER_SLEEPBEFORE_START,1516230616120,36
419,PLAYER_SLEEPBEFORE_END,1516230616130,36
419,WS_SEND_START,1516230616130,36
419,WS_SEND_END,1516230616130,36
419,WS_RECV_START,1516230616130,37
419,WS_RECV_END,1516230616340,37
419,PLAYER_SLEEPBEFORE_START,1516230616340,38
419,PLAYER_SLEEPBEFORE_END,1516230619535,38
419,WS_SEND_START,1516230619535,38
419,WS_SEND_END,1516230619535,38
419,WS_RECV_START,1516230619535,39
419,WS_RECV_END,1516230619815,39
419,PLAYER_SLEEPBEFORE_START,1516230619815,40
419,PLAYER_SLEEPBEFORE_END,1516230619861,40
419,WS_SEND_START,1516230619861,40
419,WS_SEND_END,1516230619861,40
419,WS_RECV_START,1516230619861,41
419,WS_RECV_END,1516230620032,41
419,PLAYER_SLEEPBEFORE_START,1516230620032,42
419,PLAYER_SLEEPBEFORE_END,1516230638167,42
419,WS_SEND_START,1516230638167,42
419,WS_SEND_END,1516230638167,42
419,WS_RECV_START,1516230638167,43
419,WS_RECV_END,1516230639032,43
419,PLAYER_SLEEPBEFORE_START,1516230639032,44
419,PLAYER_SLEEPBEFORE_END,1516230639045,44
419,WS_SEND_START,1516230639045,44
419,WS_SEND_END,1516230639045,44
419,WS_RECV_START,1516230639045,45
419,WS_RECV_END,1516230639580,45
419,PLAYER_SLEEPBEFORE_START,1516230639580,46
419,PLAYER_SLEEPBEFORE_END,1516230640840,46
419,WS_SEND_START,1516230640840,46
419,WS_SEND_END,1516230640840,46
419,WS_RECV_START,1516230640840,47
419,WS_RECV_END,1516230641801,47
419,PLAYER_SLEEPBEFORE_START,1516230641801,48
419,PLAYER_SLEEPBEFORE_END,1516230643121,48
419,WS_SEND_START,1516230643121,48
419,WS_SEND_END,1516230643121,48
419,WS_RECV_START,1516230643121,49
419,WS_RECV_END,1516230643437,49
419,PLAYER_SLEEPBEFORE_START,1516230643437,50
419,PLAYER_SLEEPBEFORE_END,1516230643461,50
419,WS_SEND_START,1516230643461,50
419,WS_SEND_END,1516230643462,50
419,WS_RECV_START,1516230643462,51
419,WS_RECV_END,1516230643993,51
419,PLAYER_SLEEPBEFORE_START,1516230643993,52
419,PLAYER_SLEEPBEFORE_END,1516230666557,52
419,WS_SEND_START,1516230666557,52
419,WS_SEND_END,1516230666557,52
419,WS_RECV_START,1516230666557,53
419,WS_RECV_END,1516230667198,53
419,PLAYER_SLEEPBEFORE_START,1516230667198,54
419,PLAYER_SLEEPBEFORE_END,1516230688501,54
419,WS_SEND_START,1516230688501,54
419,WS_SEND_END,1516230688501,54
419,PLAYER_SLEEPBEFORE_START,1516230688501,55
419,PLAYER_SLEEPBEFORE_END,1516230690442,55
419,WS_SEND_START,1516230690442,55
419,WS_SEND_END,1516230690442,55
419,WS_RECV_START,1516230690442,56
419,WS_RECV_END,1516230690702,56
419,PLAYER_SLEEPBEFORE_START,1516230690702,57
419,PLAYER_SLEEPBEFORE_END,1516230713574,57
419,WS_SEND_START,1516230713574,57
419,WS_SEND_END,1516230713574,57
419,WS_RECV_START,1516230713574,58
419,WS_RECV_END,1516230713656,58
419,PLAYER_SLEEPBEFORE_START,1516230713656,59
419,PLAYER_SLEEPBEFORE_END,1516230715984,59
419,WS_SEND_START,1516230715984,59
419,WS_SEND_END,1516230715984,59
419,WS_RECV_START,1516230715984,60
419,WS_RECV_END,1516230717200,60
419,PLAYER_SLEEPBEFORE_START,1516230717200,61
419,PLAYER_SLEEPBEFORE_END,1516230720791,61
419,WS_SEND_START,1516230720791,61
419,WS_SEND_END,1516230720791,61
419,WS_RECV_START,1516230720791,62
419,WS_RECV_END,1516230722892,62
419,PLAYER_SLEEPBEFORE_START,1516230722892,63
419,PLAYER_SLEEPBEFORE_END,1516230742154,63
419,WS_SEND_START,1516230742154,63
419,WS_SEND_END,1516230742154,63
419,WS_RECV_START,1516230742154,64
419,WS_RECV_END,1516230742698,64
419,PLAYER_SLEEPBEFORE_START,1516230742698,65
419,PLAYER_SLEEPBEFORE_END,1516230769515,65
419,WS_SEND_START,1516230769515,65
419,WS_SEND_END,1516230769515,65
419,WS_RECV_START,1516230769515,66
419,WS_RECV_END,1516230770029,66
419,PLAYER_SLEEPBEFORE_START,1516230770029,67
419,PLAYER_SLEEPBEFORE_END,1516230771536,67
419,WS_SEND_START,1516230771536,67
419,WS_SEND_END,1516230771536,67
419,WS_RECV_START,1516230771536,68
419,WS_RECV_END,1516230771927,68
419,PLAYER_SLEEPBEFORE_START,1516230771927,69
419,PLAYER_SLEEPBEFORE_END,1516230793925,69
419,WS_SEND_START,1516230793925,69
419,WS_SEND_END,1516230793925,69
419,WS_RECV_START,1516230793925,70
419,WS_RECV_END,1516230794605,70
419,PLAYER_SLEEPBEFORE_START,1516230794605,71
419,PLAYER_SLEEPBEFORE_END,1516230819380,71
419,WS_SEND_START,1516230819380,71
419,WS_SEND_END,1516230819380,71
419,PLAYER_SLEEPBEFORE_START,1516230819380,72
419,PLAYER_SLEEPBEFORE_END,1516230821987,72
419,WS_SEND_START,1516230821987,72
419,WS_SEND_END,1516230821987,72
419,WS_RECV_START,1516230821987,73
419,WS_RECV_END,1516230822434,73
419,PLAYER_SLEEPBEFORE_START,1516230822434,74
419,PLAYER_SLEEPBEFORE_END,1516230822444,74
419,WS_SEND_START,1516230822444,74
419,WS_SEND_END,1516230822444,74
419,WS_RECV_START,1516230822444,75
419,WS_RECV_END,1516230822568,75
419,PLAYER_SLEEPBEFORE_START,1516230822568,76
419,PLAYER_SLEEPBEFORE_END,1516230824074,76
419,WS_SEND_START,1516230824074,76
419,WS_SEND_END,1516230824074,76
419,WS_RECV_START,1516230824074,77
419,WS_RECV_END,1516230824569,77
419,PLAYER_SLEEPBEFORE_START,1516230824569,78
419,PLAYER_SLEEPBEFORE_END,1516230825437,78
419,WS_SEND_START,1516230825437,78
419,WS_SEND_END,1516230825437,78
419,WS_RECV_START,1516230825437,79
419,WS_RECV_END,1516230826764,79
419,PLAYER_SLEEPBEFORE_START,1516230826764,80
419,PLAYER_SLEEPBEFORE_END,1516230834430,80
419,WS_SEND_START,1516230834430,80
419,WS_SEND_END,1516230834430,80
419,WS_RECV_START,1516230834430,81
419,WS_RECV_END,1516230835441,81
419,PLAYER_SLEEPBEFORE_START,1516230835441,82
419,PLAYER_SLEEPBEFORE_END,1516230836543,82
419,WS_SEND_START,1516230836543,82
419,WS_SEND_END,1516230836543,82
419,WS_RECV_START,1516230836543,83
419,WS_RECV_END,1516230837992,83
419,PLAYER_SLEEPBEFORE_START,1516230837992,84
419,PLAYER_SLEEPBEFORE_END,1516230838939,84
419,WS_SEND_START,1516230838939,84
419,WS_SEND_END,1516230838939,84
419,WS_RECV_START,1516230838939,85
419,WS_RECV_END,1516230840879,85
419,PLAYER_SLEEPBEFORE_START,1516230840879,86
419,PLAYER_SLEEPBEFORE_END,1516230845051,86
419,WS_SEND_START,1516230845051,86
419,WS_SEND_END,1516230845051,86
419,WS_RECV_START,1516230845051,87
419,WS_RECV_END,1516230846501,87
419,PLAYER_SLEEPBEFORE_START,1516230846501,88
419,PLAYER_SLEEPBEFORE_END,1516230846509,88
419,WS_SEND_START,1516230846509,88
419,WS_SEND_END,1516230846509,88
419,WS_RECV_START,1516230846509,89
419,WS_RECV_END,1516230847259,89
419,PLAYER_SLEEPBEFORE_START,1516230847259,90
419,PLAYER_SLEEPBEFORE_END,1516230874456,90
419,REQ_START,1516230874456,90
419,REQ_END,1516230874464,90
419,PLAYER_SLEEPBEFORE_START,1516230874464,91
419,PLAYER_SLEEPBEFORE_END,1516230882354,91
419,WS_SEND_START,1516230882354,91
419,WS_SEND_END,1516230882354,91
419,WS_RECV_START,1516230882354,92
419,WS_RECV_END,1516230884796,92
419,PLAYER_SLEEPBEFORE_START,1516230884796,93
419,PLAYER_SLEEPBEFORE_END,1516230884811,93
419,WS_SEND_START,1516230884811,93
419,WS_SEND_END,1516230884811,93
419,WS_RECV_START,1516230884811,94
419,WS_RECV_END,1516230886173,94
419,PLAYER_SLEEPBEFORE_START,1516230886173,95
419,PLAYER_SLEEPBEFORE_END,1516230909728,95
419,WS_SEND_START,1516230909728,95
419,WS_SEND_END,1516230909728,95
419,WS_RECV_START,1516230909728,96
419,WS_RECV_END,1516230911801,96
419,PLAYER_SLEEPBEFORE_START,1516230911801,97
419,PLAYER_SLEEPBEFORE_END,1516230934241,97
419,WS_SEND_START,1516230934241,97
419,WS_SEND_END,1516230934241,97
419,WS_RECV_START,1516230934241,98
419,WS_RECV_END,1516230937279,98
419,PLAYER_SLEEPBEFORE_START,1516230937279,99
419,PLAYER_SLEEPBEFORE_END,1516230937301,99
419,WS_SEND_START,1516230937301,99
419,WS_SEND_END,1516230937301,99
419,WS_RECV_START,1516230937301,100
419,WS_RECV_END,1516230939191,100
419,PLAYER_SLEEPBEFORE_START,1516230939191,101
419,PLAYER_SLEEPBEFORE_END,1516230962751,101
419,WS_SEND_START,1516230962751,101
419,WS_SEND_END,1516230962751,101
419,WS_RECV_START,1516230962751,102
419,WS_RECV_END,1516230964542,102
419,PLAYER_SLEEPBEFORE_START,1516230964542,103
419,PLAYER_SLEEPBEFORE_END,1516230988167,103
419,WS_SEND_START,1516230988167,103
419,WS_SEND_END,1516230988167,103
419,WS_RECV_START,1516230988167,104
419,WS_RECV_END,1516230989850,104
419,PLAYER_SLEEPBEFORE_START,1516230989850,105
419,PLAYER_SLEEPBEFORE_END,1516231015227,105
419,WS_SEND_START,1516231015227,105
419,WS_SEND_END,1516231015227,105
419,WS_RECV_START,1516231015227,106
419,WS_RECV_END,1516231017657,106
419,PLAYER_SLEEPBEFORE_START,1516231017657,107
419,PLAYER_SLEEPBEFORE_END,1516231041081,107
419,WS_SEND_START,1516231041081,107
419,WS_SEND_END,1516231041081,107
419,WS_RECV_START,1516231041081,108
419,WS_RECV_END,1516231043470,108
419,PLAYER_SLEEPBEFORE_START,1516231043470,109
419,PLAYER_SLEEPBEFORE_END,1516231043480,109
419,WS_SEND_START,1516231043480,109
419,WS_SEND_END,1516231043480,109
419,WS_RECV_START,1516231043480,110
419,WS_RECV_END,1516231044720,110
419,PLAYER_SLEEPBEFORE_START,1516231044720,111
419,PLAYER_SLEEPBEFORE_END,1516231045679,111
419,WS_SEND_START,1516231045679,111
419,WS_SEND_END,1516231045679,111
419,WS_RECV_START,1516231045679,112
419,WS_RECV_END,1516231045811,112
419,PLAYER_SLEEPBEFORE_START,1516231045811,113
419,PLAYER_SLEEPBEFORE_END,1516231046373,113
419,WS_SEND_START,1516231046373,113
419,WS_SEND_END,1516231046373,113
419,WS_RECV_START,1516231046373,114
419,WS_RECV_END,1516231046957,114
419,PLAYER_SLEEPBEFORE_START,1516231046957,115
419,PLAYER_SLEEPBEFORE_END,1516231046966,115
419,WS_SEND_START,1516231046966,115
419,WS_SEND_END,1516231046966,115
419,WS_RECV_START,1516231046966,116
419,WS_RECV_END,1516231048233,116
419,PLAYER_SLEEPBEFORE_START,1516231048233,117
419,PLAYER_SLEEPBEFORE_END,1516231068593,117
419,WS_SEND_START,1516231068593,117
419,WS_SEND_END,1516231068593,117
419,PLAYER_SLEEPBEFORE_START,1516231068593,118
419,PLAYER_SLEEPBEFORE_END,1516231072345,118
419,WS_SEND_START,1516231072345,118
419,WS_SEND_END,1516231072345,118
419,WS_RECV_START,1516231072345,119
419,WS_RECV_END,1516231075107,119
419,PLAYER_SLEEPBEFORE_START,1516231075107,120
419,PLAYER_SLEEPBEFORE_END,1516231076095,120
419,WS_SEND_START,1516231076095,120
419,WS_SEND_END,1516231076095,120
419,WS_RECV_START,1516231076095,121
419,WS_RECV_END,1516231079410,121
419,PLAYER_SLEEPBEFORE_START,1516231079410,122
419,PLAYER_SLEEPBEFORE_END,1516231080595,122
419,WS_SEND_START,1516231080595,122
419,WS_SEND_END,1516231080595,122
419,WS_RECV_START,1516231080595,123
419,WS_RECV_END,1516231084399,123
419,PLAYER_SLEEPBEFORE_START,1516231084399,124
419,PLAYER_SLEEPBEFORE_END,1516231108804,124
419,WS_SEND_START,1516231108804,124
419,WS_SEND_END,1516231108804,124
419,WS_RECV_START,1516231108804,125
419,WS_RECV_END,1516231110213,125
419,PLAYER_SLEEPBEFORE_START,1516231110213,126
419,PLAYER_SLEEPBEFORE_END,1516231130725,126
419,WS_SEND_START,1516231130725,126
419,WS_SEND_END,1516231130725,126
419,PLAYER_SLEEPBEFORE_START,1516231130725,127
419,PLAYER_SLEEPBEFORE_END,1516231133779,127
419,WS_SEND_START,1516231133779,127
419,WS_SEND_END,1516231133779,127
419,WS_RECV_START,1516231133779,128
419,WS_RECV_END,1516231135812,128
419,PLAYER_SLEEPBEFORE_START,1516231135812,129
419,PLAYER_SLEEPBEFORE_END,1516231135832,129
419,WS_SEND_START,1516231135832,129
419,WS_SEND_END,1516231135832,129
419,WS_RECV_START,1516231135832,130
419,WS_RECV_END,1516231136865,130
419,PLAYER_SLEEPBEFORE_START,1516231136865,131
419,PLAYER_SLEEPBEFORE_END,1516231158489,131
419,WS_SEND_START,1516231158489,131
419,WS_SEND_END,1516231158489,131
419,PLAYER_SLEEPBEFORE_START,1516231158489,132
419,PLAYER_SLEEPBEFORE_END,1516231161570,132
419,WS_SEND_START,1516231161570,132
419,WS_SEND_END,1516231161570,132
419,WS_RECV_START,1516231161570,133
419,WS_RECV_END,1516231161930,133
419,PLAYER_SLEEPBEFORE_START,1516231161930,134
419,PLAYER_SLEEPBEFORE_END,1516231183147,134
419,WS_SEND_START,1516231183147,134
419,WS_SEND_END,1516231183147,134
419,PLAYER_SLEEPBEFORE_START,1516231183147,135
419,PLAYER_SLEEPBEFORE_END,1516231186338,135
419,WS_SEND_START,1516231186338,135
419,WS_SEND_END,1516231186338,135
419,WS_RECV_START,1516231186338,136
419,WS_RECV_END,1516231186506,136
419,PLAYER_SLEEPBEFORE_START,1516231186506,137
419,PLAYER_SLEEPBEFORE_END,1516231186513,137
419,WS_SEND_START,1516231186513,137
419,WS_SEND_END,1516231186513,137
419,WS_RECV_START,1516231186513,138
419,WS_RECV_END,1516231186572,138
419,PLAYER_SLEEPBEFORE_START,1516231186572,139
419,PLAYER_SLEEPBEFORE_END,1516231187262,139
419,WS_SEND_START,1516231187262,139
419,WS_SEND_END,1516231187262,139
419,WS_RECV_START,1516231187262,140
419,WS_RECV_END,1516231188055,140
419,PLAYER_SLEEPBEFORE_START,1516231188055,141
419,PLAYER_SLEEPBEFORE_END,1516231188710,141
419,WS_SEND_START,1516231188710,141
419,WS_SEND_END,1516231188710,141
419,WS_RECV_START,1516231188710,142
419,WS_RECV_END,1516231190211,142
419,PLAYER_SLEEPBEFORE_START,1516231190211,143
419,PLAYER_SLEEPBEFORE_END,1516231190268,143
419,WS_SEND_START,1516231190268,143
419,WS_SEND_END,1516231190268,143
419,WS_RECV_START,1516231190268,144
419,WS_RECV_END,1516231190713,144
419,PLAYER_SLEEPBEFORE_START,1516231190713,145
419,PLAYER_SLEEPBEFORE_END,1516231206775,145
419,REQ_START,1516231206775,145
419,REQ_END,1516231206783,145
419,PLAYER_SLEEPBEFORE_START,1516231206783,146
419,PLAYER_SLEEPBEFORE_END,1516231215660,146
419,WS_SEND_START,1516231215660,146
419,WS_SEND_END,1516231215660,146
419,WS_RECV_START,1516231215660,147
419,WS_RECV_END,1516231218574,147
419,PLAYER_SLEEPBEFORE_START,1516231218574,148
419,PLAYER_SLEEPBEFORE_END,1516231240496,148
419,WS_SEND_START,1516231240496,148
419,WS_SEND_END,1516231240496,148
419,PLAYER_SLEEPBEFORE_START,1516231240496,149
419,PLAYER_SLEEPBEFORE_END,1516231242924,149
419,WS_SEND_START,1516231242924,149
419,WS_SEND_END,1516231242924,149
419,WS_RECV_START,1516231242924,150
419,WS_RECV_END,1516231245405,150
419,PLAYER_SLEEPBEFORE_START,1516231245405,151
419,PLAYER_SLEEPBEFORE_END,1516231245615,151
419,WS_SEND_START,1516231245615,151
419,WS_SEND_END,1516231245615,151
419,WS_RECV_START,1516231245615,152
419,WS_RECV_END,1516231248708,152
419,PLAYER_SLEEPBEFORE_START,1516231248708,153
419,PLAYER_SLEEPBEFORE_END,1516231272636,153
419,WS_SEND_START,1516231272636,153
419,WS_SEND_END,1516231272636,153
419,WS_RECV_START,1516231272636,154
419,WS_RECV_END,1516231276990,154
419,PLAYER_SLEEPBEFORE_START,1516231276990,155
419,PLAYER_SLEEPBEFORE_END,1516231299548,155
419,WS_SEND_START,1516231299548,155
419,WS_SEND_END,1516231299548,155
419,PLAYER_SLEEPBEFORE_START,1516231299548,156
419,PLAYER_SLEEPBEFORE_END,1516231302822,156
419,WS_SEND_START,1516231302822,156
419,WS_SEND_END,1516231302822,156
419,WS_RECV_START,1516231302822,157
419,WS_RECV_END,1516231306059,157
419,PLAYER_SLEEPBEFORE_START,1516231306059,158
419,PLAYER_SLEEPBEFORE_END,1516231306070,158
419,WS_SEND_START,1516231306070,158
419,WS_SEND_END,1516231306070,158
419,WS_RECV_START,1516231306070,159
419,WS_RECV_END,1516231308053,159
419,PLAYER_SLEEPBEFORE_START,1516231308053,160
419,PLAYER_SLEEPBEFORE_END,1516231308228,160
419,WS_SEND_START,1516231308228,160
419,WS_SEND_END,1516231308228,160
419,WS_RECV_START,1516231308228,161
419,WS_RECV_END,1516231311701,161
419,PLAYER_SLEEPBEFORE_START,1516231311701,162
419,PLAYER_SLEEPBEFORE_END,1516231311726,162
419,WS_SEND_START,1516231311726,162
419,WS_SEND_END,1516231311726,162
419,WS_RECV_START,1516231311726,163
419,WS_RECV_END,1516231316656,163
419,PLAYER_SLEEPBEFORE_START,1516231316656,164
419,PLAYER_SLEEPBEFORE_END,1516231337468,164
419,WS_SEND_START,1516231337468,164
419,WS_SEND_END,1516231337468,164
419,WS_RECV_START,1516231337468,165
419,WS_RECV_END,1516231341951,165
419,PLAYER_SLEEPBEFORE_START,1516231341951,166
419,PLAYER_SLEEPBEFORE_END,1516231364406,166
419,WS_SEND_START,1516231364406,166
419,WS_SEND_END,1516231364406,166
419,WS_RECV_START,1516231364406,167
419,WS_RECV_END,1516231368477,167
419,PLAYER_SLEEPBEFORE_START,1516231368477,168
419,PLAYER_SLEEPBEFORE_END,1516231395834,168
419,WS_SEND_START,1516231395834,168
419,WS_SEND_END,1516231395834,168
419,WS_RECV_START,1516231395834,169
419,WS_RECV_END,1516231398448,169
419,PLAYER_SLEEPBEFORE_START,1516231398448,170
419,PLAYER_SLEEPBEFORE_END,1516231398457,170
419,WS_SEND_START,1516231398457,170
419,WS_SEND_END,1516231398457,170
419,WS_RECV_START,1516231398457,171
419,WS_RECV_END,1516231400233,171
419,PLAYER_SLEEPBEFORE_START,1516231400233,172
419,PLAYER_SLEEPBEFORE_END,1516231400602,172
419,WS_SEND_START,1516231400602,172
419,WS_SEND_END,1516231400602,172
419,WS_RECV_START,1516231400602,173
419,WS_RECV_END,1516231403246,173
419,PLAYER_SLEEPBEFORE_START,1516231403246,174
419,PLAYER_SLEEPBEFORE_END,1516231403287,174
419,WS_SEND_START,1516231403287,174
419,WS_SEND_END,1516231403287,174
419,WS_RECV_START,1516231403287,175
419,WS_RECV_END,1516231406679,175
419,PLAYER_SLEEPBEFORE_START,1516231406679,176
419,PLAYER_SLEEPBEFORE_END,1516231428440,176
419,WS_SEND_START,1516231428440,176
419,WS_SEND_END,1516231428440,176
419,PLAYER_SLEEPBEFORE_START,1516231428440,177
419,PLAYER_SLEEPBEFORE_END,1516231430958,177
419,WS_SEND_START,1516231430958,177
419,WS_SEND_END,1516231430958,177
419,WS_RECV_START,1516231430958,178
419,WS_RECV_END,1516231431910,178
419,PLAYER_SLEEPBEFORE_START,1516231431910,179
419,PLAYER_SLEEPBEFORE_END,1516231454251,179
419,WS_SEND_START,1516231454251,179
419,WS_SEND_END,1516231454251,179
419,WS_RECV_START,1516231454251,180
419,WS_RECV_END,1516231456164,180
419,PLAYER_SLEEPBEFORE_START,1516231456164,181
419,PLAYER_SLEEPBEFORE_END,1516231456608,181
419,WS_SEND_START,1516231456608,181
419,WS_SEND_END,1516231456608,181
419,WS_RECV_START,1516231456608,182
419,WS_RECV_END,1516231457190,182
419,PLAYER_SLEEPBEFORE_START,1516231457190,183
419,PLAYER_SLEEPBEFORE_END,1516231457713,183
419,WS_SEND_START,1516231457713,183
419,WS_SEND_END,1516231457713,183
419,WS_RECV_START,1516231457713,184
419,WS_RECV_END,1516231458130,184
419,PLAYER_SLEEPBEFORE_START,1516231458130,185
419,PLAYER_SLEEPBEFORE_END,1516231458398,185
419,WS_SEND_START,1516231458398,185
419,WS_SEND_END,1516231458398,185
419,WS_RECV_START,1516231458398,186
419,WS_RECV_END,1516231458996,186
419,PLAYER_SLEEPBEFORE_START,1516231458996,187
419,PLAYER_SLEEPBEFORE_END,1516231481496,187
419,WS_SEND_START,1516231481496,187
419,WS_SEND_END,1516231481496,187
419,WS_RECV_START,1516231481496,188
419,WS_RECV_END,1516231481570,188
419,PLAYER_SLEEPBEFORE_START,1516231481570,189
419,PLAYER_SLEEPBEFORE_END,1516231487809,189
419,WS_SEND_START,1516231487809,189
419,WS_SEND_END,1516231487809,189
419,WS_RECV_START,1516231487809,190
419,WS_RECV_END,1516231488029,190
419,PLAYER_SLEEPBEFORE_START,1516231488029,191
419,PLAYER_SLEEPBEFORE_END,1516231489944,191
419,WS_SEND_START,1516231489944,191
419,WS_SEND_END,1516231489944,191
419,WS_RECV_START,1516231489944,192
419,WS_RECV_END,1516231490247,192
419,PLAYER_SLEEPBEFORE_START,1516231490247,193
419,PLAYER_SLEEPBEFORE_END,1516231490375,193
419,WS_SEND_START,1516231490375,193
419,WS_SEND_END,1516231490375,193
419,WS_RECV_START,1516231490375,194
419,WS_RECV_END,1516231490693,194
419,PLAYER_SLEEPBEFORE_START,1516231490693,195
419,PLAYER_SLEEPBEFORE_END,1516231492448,195
419,WS_SEND_START,1516231492448,195
419,WS_SEND_END,1516231492448,195
419,WS_RECV_START,1516231492448,196
419,WS_RECV_END,1516231492631,196
419,PLAYER_SLEEPBEFORE_START,1516231492631,197
419,PLAYER_SLEEPBEFORE_END,1516231494435,197
419,WS_SEND_START,1516231494435,197
419,WS_SEND_END,1516231494435,197
419,WS_RECV_START,1516231494435,198
419,WS_RECV_END,1516231494816,198
419,PLAYER_SLEEPBEFORE_START,1516231494816,199
419,PLAYER_SLEEPBEFORE_END,1516231506670,199
419,WS_SEND_START,1516231506670,199
419,WS_SEND_END,1516231506670,199
419,PLAYER_SLEEPBEFORE_START,1516231506670,200
419,PLAYER_SLEEPBEFORE_END,1516231510758,200
419,WS_SEND_START,1516231510758,200
419,WS_SEND_END,1516231510758,200
419,WS_RECV_START,1516231510758,201
419,WS_RECV_END,1516231510872,201
419,PLAYER_SLEEPBEFORE_START,1516231510872,202
419,PLAYER_SLEEPBEFORE_END,1516231510886,202
419,WS_SEND_START,1516231510886,202
419,WS_SEND_END,1516231510886,202
419,WS_RECV_START,1516231510886,203
419,WS_RECV_END,1516231511028,203
419,PLAYER_SLEEPBEFORE_START,1516231511028,204
419,PLAYER_SLEEPBEFORE_END,1516231530677,204
419,WS_SEND_START,1516231530677,204
419,WS_SEND_END,1516231530677,204
419,PLAYER_SLEEPBEFORE_START,1516231530677,205
419,PLAYER_SLEEPBEFORE_END,1516231534576,205
419,WS_SEND_START,1516231534576,205
419,WS_SEND_END,1516231534576,205
419,WS_RECV_START,1516231534576,206
419,WS_RECV_END,1516231534756,206
419,PLAYER_SLEEPBEFORE_START,1516231534756,207
419,PLAYER_SLEEPBEFORE_END,1516231551687,207
419,REQ_START,1516231551687,207
419,REQ_END,1516231551694,207
419,PLAYER_SLEEPBEFORE_START,1516231551694,208
419,PLAYER_SLEEPBEFORE_END,1516231558546,208
419,WS_CLOSE_START,1516231558546,208
419,WS_CLOSE_END,1516231558546,208
419,PLAYER_DONE,1516231558546
