# --sessions 540 --app-url=http://shinyloadtest.rstudioservices.com/cran_explorer --output-dir test540-2 --overwrite-output --log-level warn --start-interval 500 15min.log
thread_id,event,timestamp,input_line_number,comment
486,PLAYER_SESSION_CREATE,1516230348102
486,PLAYER_START_INTERVAL_START,1516230348102
486,PLAYER_START_INTERVAL_END,1516230591102
486,REQ_HOME_START,1516230591102,2
486,REQ_HOME_END,1516230591479,2
486,REQ_START,1516230591479,3
486,REQ_END,1516230591964,3
486,REQ_START,1516230591964,4
486,REQ_END,1516230592000,4
486,REQ_START,1516230592000,5
486,REQ_END,1516230592058,5
486,REQ_START,1516230592058,6
486,REQ_END,1516230592092,6
486,REQ_START,1516230592092,7
486,REQ_END,1516230592135,7
486,REQ_START,1516230592135,8
486,REQ_END,1516230592171,8
486,REQ_START,1516230592171,9
486,REQ_END,1516230592212,9
486,REQ_START,1516230592212,10
486,REQ_END,1516230592220,10
486,REQ_START,1516230592220,11
486,REQ_END,1516230592252,11
486,REQ_START,1516230592252,12
486,REQ_END,1516230592263,12
486,REQ_START,1516230592263,13
486,REQ_END,1516230592297,13
486,REQ_START,1516230592297,14
486,REQ_END,1516230592314,14
486,REQ_START,1516230592314,15
486,REQ_END,1516230592362,15
486,REQ_TOK_START,1516230592362,16
486,REQ_TOK_END,1516230592369,16
486,REQ_SINF_START,1516230592369,17
486,REQ_SINF_END,1516230592376,17
486,WS_OPEN_START,1516230592376,18
486,WS_OPEN_END,1516230592383,18
486,REQ_START,1516230592383,19
486,REQ_END,1516230593604,19
486,WS_RECV_START,1516230593604,20
486,WS_RECV_END,1516230593604,20
486,PLAYER_SLEEPBEFORE_START,1516230593604,21
486,PLAYER_SLEEPBEFORE_END,1516230593609,21
486,WS_SEND_START,1516230593609,21
486,WS_SEND_END,1516230593609,21
486,PLAYER_SLEEPBEFORE_START,1516230593609,22
486,PLAYER_SLEEPBEFORE_END,1516230593611,22
486,WS_SEND_START,1516230593611,22
486,WS_SEND_END,1516230593611,22
486,WS_RECV_INIT_START,1516230593611,23
486,WS_RECV_INIT_END,1516230594637,23
486,WS_RECV_START,1516230594637,24
486,WS_RECV_END,1516230594803,24
486,PLAYER_SLEEPBEFORE_START,1516230594803,25
486,PLAYER_SLEEPBEFORE_END,1516230594810,25
486,REQ_START,1516230594810,25
486,REQ_END,1516230594943,25
486,PLAYER_SLEEPBEFORE_START,1516230594943,26
486,PLAYER_SLEEPBEFORE_END,1516230594944,26
486,REQ_START,1516230594944,26
486,REQ_END,1516230594981,26
486,PLAYER_SLEEPBEFORE_START,1516230594981,27
486,PLAYER_SLEEPBEFORE_END,1516230594984,27
486,REQ_START,1516230594984,27
486,REQ_END,1516230595018,27
486,PLAYER_SLEEPBEFORE_START,1516230595018,28
486,PLAYER_SLEEPBEFORE_END,1516230595304,28
486,REQ_START,1516230595304,28
486,REQ_END,1516230595337,28
486,PLAYER_SLEEPBEFORE_START,1516230595337,29
486,PLAYER_SLEEPBEFORE_END,1516230595512,29
486,WS_SEND_START,1516230595512,29
486,WS_SEND_END,1516230595512,29
486,WS_RECV_START,1516230595512,30
486,WS_RECV_END,1516230595723,30
486,PLAYER_SLEEPBEFORE_START,1516230595723,31
486,PLAYER_SLEEPBEFORE_END,1516230595734,31
486,REQ_START,1516230595734,31
486,REQ_END,1516230596049,31
486,PLAYER_SLEEPBEFORE_START,1516230596049,32
486,PLAYER_SLEEPBEFORE_END,1516230624194,32
486,WS_SEND_START,1516230624194,32
486,WS_SEND_END,1516230624194,32
486,WS_RECV_START,1516230624194,33
486,WS_RECV_END,1516230625767,33
486,PLAYER_SLEEPBEFORE_START,1516230625767,34
486,PLAYER_SLEEPBEFORE_END,1516230651678,34
486,WS_SEND_START,1516230651678,34
486,WS_SEND_END,1516230651678,34
486,WS_RECV_START,1516230651678,35
486,WS_RECV_END,1516230652116,35
486,PLAYER_SLEEPBEFORE_START,1516230652116,36
486,PLAYER_SLEEPBEFORE_END,1516230652125,36
486,WS_SEND_START,1516230652125,36
486,WS_SEND_END,1516230652125,36
486,WS_RECV_START,1516230652125,37
486,WS_RECV_END,1516230652476,37
486,PLAYER_SLEEPBEFORE_START,1516230652476,38
486,PLAYER_SLEEPBEFORE_END,1516230655671,38
486,WS_SEND_START,1516230655671,38
486,WS_SEND_END,1516230655671,38
486,WS_RECV_START,1516230655671,39
486,WS_RECV_END,1516230656352,39
486,PLAYER_SLEEPBEFORE_START,1516230656352,40
486,PLAYER_SLEEPBEFORE_END,1516230656398,40
486,WS_SEND_START,1516230656398,40
486,WS_SEND_END,1516230656398,40
486,WS_RECV_START,1516230656398,41
486,WS_RECV_END,1516230657313,41
486,PLAYER_SLEEPBEFORE_START,1516230657313,42
486,PLAYER_SLEEPBEFORE_END,1516230675448,42
486,WS_SEND_START,1516230675448,42
486,WS_SEND_END,1516230675448,42
486,WS_RECV_START,1516230675448,43
486,WS_RECV_END,1516230676912,43
486,PLAYER_SLEEPBEFORE_START,1516230676912,44
486,PLAYER_SLEEPBEFORE_END,1516230676924,44
486,WS_SEND_START,1516230676924,44
486,WS_SEND_END,1516230676924,44
486,WS_RECV_START,1516230676924,45
486,WS_RECV_END,1516230677404,45
486,PLAYER_SLEEPBEFORE_START,1516230677404,46
486,PLAYER_SLEEPBEFORE_END,1516230678664,46
486,WS_SEND_START,1516230678664,46
486,WS_SEND_END,1516230678664,46
486,WS_RECV_START,1516230678664,47
486,WS_RECV_END,1516230680100,47
486,PLAYER_SLEEPBEFORE_START,1516230680100,48
486,PLAYER_SLEEPBEFORE_END,1516230681420,48
486,WS_SEND_START,1516230681420,48
486,WS_SEND_END,1516230681420,48
486,WS_RECV_START,1516230681420,49
486,WS_RECV_END,1516230681707,49
486,PLAYER_SLEEPBEFORE_START,1516230681707,50
486,PLAYER_SLEEPBEFORE_END,1516230681731,50
486,WS_SEND_START,1516230681731,50
486,WS_SEND_END,1516230681731,50
486,WS_RECV_START,1516230681731,51
486,WS_RECV_END,1516230682274,51
486,PLAYER_SLEEPBEFORE_START,1516230682274,52
486,PLAYER_SLEEPBEFORE_END,1516230704838,52
486,WS_SEND_START,1516230704838,52
486,WS_SEND_END,1516230704838,52
486,WS_RECV_START,1516230704838,53
486,WS_RECV_END,1516230705117,53
486,PLAYER_SLEEPBEFORE_START,1516230705117,54
486,PLAYER_SLEEPBEFORE_END,1516230726420,54
486,WS_SEND_START,1516230726420,54
486,WS_SEND_END,1516230726420,54
486,PLAYER_SLEEPBEFORE_START,1516230726420,55
486,PLAYER_SLEEPBEFORE_END,1516230728361,55
486,WS_SEND_START,1516230728361,55
486,WS_SEND_END,1516230728361,55
486,WS_RECV_START,1516230728361,56
486,WS_RECV_END,1516230729428,56
486,PLAYER_SLEEPBEFORE_START,1516230729428,57
486,PLAYER_SLEEPBEFORE_END,1516230752300,57
486,WS_SEND_START,1516230752300,57
486,WS_SEND_END,1516230752300,57
486,WS_RECV_START,1516230752300,58
486,WS_RECV_END,1516230753791,58
486,PLAYER_SLEEPBEFORE_START,1516230753791,59
486,PLAYER_SLEEPBEFORE_END,1516230756118,59
486,WS_SEND_START,1516230756118,59
486,WS_SEND_END,1516230756118,59
486,WS_RECV_START,1516230756118,60
486,WS_RECV_END,1516230756528,60
486,PLAYER_SLEEPBEFORE_START,1516230756528,61
486,PLAYER_SLEEPBEFORE_END,1516230760119,61
486,WS_SEND_START,1516230760119,61
486,WS_SEND_END,1516230760119,61
486,WS_RECV_START,1516230760119,62
486,WS_RECV_END,1516230760907,62
486,PLAYER_SLEEPBEFORE_START,1516230760907,63
486,PLAYER_SLEEPBEFORE_END,1516230780170,63
486,WS_SEND_START,1516230780170,63
486,WS_SEND_END,1516230780170,63
486,WS_RECV_START,1516230780170,64
486,WS_RECV_END,1516230780383,64
486,PLAYER_SLEEPBEFORE_START,1516230780383,65
486,PLAYER_SLEEPBEFORE_END,1516230807200,65
486,WS_SEND_START,1516230807200,65
486,WS_SEND_END,1516230807200,65
486,WS_RECV_START,1516230807200,66
486,WS_RECV_END,1516230807398,66
486,PLAYER_SLEEPBEFORE_START,1516230807398,67
486,PLAYER_SLEEPBEFORE_END,1516230808905,67
486,WS_SEND_START,1516230808905,67
486,WS_SEND_END,1516230808906,67
486,WS_RECV_START,1516230808906,68
486,WS_RECV_END,1516230809486,68
486,PLAYER_SLEEPBEFORE_START,1516230809486,69
486,PLAYER_SLEEPBEFORE_END,1516230831484,69
486,WS_SEND_START,1516230831484,69
486,WS_SEND_END,1516230831484,69
486,WS_RECV_START,1516230831484,70
486,WS_RECV_END,1516230832525,70
486,PLAYER_SLEEPBEFORE_START,1516230832525,71
486,PLAYER_SLEEPBEFORE_END,1516230857300,71
486,WS_SEND_START,1516230857300,71
486,WS_SEND_END,1516230857300,71
486,PLAYER_SLEEPBEFORE_START,1516230857300,72
486,PLAYER_SLEEPBEFORE_END,1516230859907,72
486,WS_SEND_START,1516230859907,72
486,WS_SEND_END,1516230859907,72
486,WS_RECV_START,1516230859907,73
486,WS_RECV_END,1516230860995,73
486,PLAYER_SLEEPBEFORE_START,1516230860995,74
486,PLAYER_SLEEPBEFORE_END,1516230861004,74
486,WS_SEND_START,1516230861004,74
486,WS_SEND_END,1516230861004,74
486,WS_RECV_START,1516230861004,75
486,WS_RECV_END,1516230863664,75
486,PLAYER_SLEEPBEFORE_START,1516230863664,76
486,PLAYER_SLEEPBEFORE_END,1516230865170,76
486,WS_SEND_START,1516230865170,76
486,WS_SEND_END,1516230865170,76
486,WS_RECV_START,1516230865170,77
486,WS_RECV_END,1516230866343,77
486,PLAYER_SLEEPBEFORE_START,1516230866343,78
486,PLAYER_SLEEPBEFORE_END,1516230867211,78
486,WS_SEND_START,1516230867211,78
486,WS_SEND_END,1516230867211,78
486,WS_RECV_START,1516230867211,79
486,WS_RECV_END,1516230868737,79
486,PLAYER_SLEEPBEFORE_START,1516230868737,80
486,PLAYER_SLEEPBEFORE_END,1516230876403,80
486,WS_SEND_START,1516230876403,80
486,WS_SEND_END,1516230876403,80
486,WS_RECV_START,1516230876403,81
486,WS_RECV_END,1516230879914,81
486,PLAYER_SLEEPBEFORE_START,1516230879914,82
486,PLAYER_SLEEPBEFORE_END,1516230881016,82
486,WS_SEND_START,1516230881016,82
486,WS_SEND_END,1516230881016,82
486,WS_RECV_START,1516230881016,83
486,WS_RECV_END,1516230882757,83
486,PLAYER_SLEEPBEFORE_START,1516230882757,84
486,PLAYER_SLEEPBEFORE_END,1516230883704,84
486,WS_SEND_START,1516230883704,84
486,WS_SEND_END,1516230883704,84
486,WS_RECV_START,1516230883704,85
486,WS_RECV_END,1516230886754,85
486,PLAYER_SLEEPBEFORE_START,1516230886754,86
486,PLAYER_SLEEPBEFORE_END,1516230890926,86
486,WS_SEND_START,1516230890926,86
486,WS_SEND_END,1516230890926,86
486,WS_RECV_START,1516230890926,87
486,WS_RECV_END,1516230893943,87
486,PLAYER_SLEEPBEFORE_START,1516230893943,88
486,PLAYER_SLEEPBEFORE_END,1516230893952,88
486,WS_SEND_START,1516230893952,88
486,WS_SEND_END,1516230893952,88
486,WS_RECV_START,1516230893952,89
486,WS_RECV_END,1516230895454,89
486,PLAYER_SLEEPBEFORE_START,1516230895454,90
486,PLAYER_SLEEPBEFORE_END,1516230922651,90
486,REQ_START,1516230922651,90
486,REQ_END,1516230922659,90
486,PLAYER_SLEEPBEFORE_START,1516230922659,91
486,PLAYER_SLEEPBEFORE_END,1516230930548,91
486,WS_SEND_START,1516230930548,91
486,WS_SEND_END,1516230930548,91
486,WS_RECV_START,1516230930548,92
486,WS_RECV_END,1516230932913,92
486,PLAYER_SLEEPBEFORE_START,1516230932913,93
486,PLAYER_SLEEPBEFORE_END,1516230932928,93
486,WS_SEND_START,1516230932928,93
486,WS_SEND_END,1516230932928,93
486,WS_RECV_START,1516230932928,94
486,WS_RECV_END,1516230934096,94
486,PLAYER_SLEEPBEFORE_START,1516230934096,95
486,PLAYER_SLEEPBEFORE_END,1516230957651,95
486,WS_SEND_START,1516230957651,95
486,WS_SEND_END,1516230957651,95
486,WS_RECV_START,1516230957651,96
486,WS_RECV_END,1516230960412,96
486,PLAYER_SLEEPBEFORE_START,1516230960412,97
486,PLAYER_SLEEPBEFORE_END,1516230982853,97
486,WS_SEND_START,1516230982853,97
486,WS_SEND_END,1516230982853,97
486,WS_RECV_START,1516230982853,98
486,WS_RECV_END,1516230987985,98
486,PLAYER_SLEEPBEFORE_START,1516230987985,99
486,PLAYER_SLEEPBEFORE_END,1516230988006,99
486,WS_SEND_START,1516230988006,99
486,WS_SEND_END,1516230988006,99
486,WS_RECV_START,1516230988007,100
486,WS_RECV_END,1516230990626,100
486,PLAYER_SLEEPBEFORE_START,1516230990626,101
486,PLAYER_SLEEPBEFORE_END,1516231014185,101
486,WS_SEND_START,1516231014185,101
486,WS_SEND_END,1516231014185,101
486,WS_RECV_START,1516231014185,102
486,WS_RECV_END,1516231017699,102
486,PLAYER_SLEEPBEFORE_START,1516231017699,103
486,PLAYER_SLEEPBEFORE_END,1516231041324,103
486,WS_SEND_START,1516231041324,103
486,WS_SEND_END,1516231041324,103
486,WS_RECV_START,1516231041324,104
486,WS_RECV_END,1516231047209,104
486,PLAYER_SLEEPBEFORE_START,1516231047209,105
486,PLAYER_SLEEPBEFORE_END,1516231072586,105
486,WS_SEND_START,1516231072586,105
486,WS_SEND_END,1516231072586,105
486,WS_RECV_START,1516231072586,106
486,WS_RECV_END,1516231073833,106
486,PLAYER_SLEEPBEFORE_START,1516231073833,107
486,PLAYER_SLEEPBEFORE_END,1516231097256,107
486,WS_SEND_START,1516231097256,107
486,WS_SEND_END,1516231097256,107
486,WS_RECV_START,1516231097256,108
486,WS_RECV_END,1516231101972,108
486,PLAYER_SLEEPBEFORE_START,1516231101972,109
486,PLAYER_SLEEPBEFORE_END,1516231101981,109
486,WS_SEND_START,1516231101981,109
486,WS_SEND_END,1516231101981,109
486,WS_RECV_START,1516231101981,110
486,WS_RECV_END,1516231104070,110
486,PLAYER_SLEEPBEFORE_START,1516231104070,111
486,PLAYER_SLEEPBEFORE_END,1516231105029,111
486,WS_SEND_START,1516231105029,111
486,WS_SEND_END,1516231105029,111
486,WS_RECV_START,1516231105029,112
486,WS_RECV_END,1516231106986,112
486,PLAYER_SLEEPBEFORE_START,1516231106986,113
486,PLAYER_SLEEPBEFORE_END,1516231107548,113
486,WS_SEND_START,1516231107548,113
486,WS_SEND_END,1516231107548,113
486,WS_RECV_START,1516231107548,114
486,WS_RECV_END,1516231109726,114
486,PLAYER_SLEEPBEFORE_START,1516231109726,115
486,PLAYER_SLEEPBEFORE_END,1516231109735,115
486,WS_SEND_START,1516231109735,115
486,WS_SEND_END,1516231109735,115
486,WS_RECV_START,1516231109735,116
486,WS_RECV_END,1516231112957,116
486,PLAYER_SLEEPBEFORE_START,1516231112957,117
486,PLAYER_SLEEPBEFORE_END,1516231133317,117
486,WS_SEND_START,1516231133317,117
486,WS_SEND_END,1516231133317,117
486,PLAYER_SLEEPBEFORE_START,1516231133317,118
486,PLAYER_SLEEPBEFORE_END,1516231137069,118
486,WS_SEND_START,1516231137069,118
486,WS_SEND_END,1516231137069,118
486,WS_RECV_START,1516231137069,119
486,WS_RECV_END,1516231137384,119
486,PLAYER_SLEEPBEFORE_START,1516231137384,120
486,PLAYER_SLEEPBEFORE_END,1516231138372,120
486,WS_SEND_START,1516231138372,120
486,WS_SEND_END,1516231138372,120
486,WS_RECV_START,1516231138372,121
486,WS_RECV_END,1516231141035,121
486,PLAYER_SLEEPBEFORE_START,1516231141035,122
486,PLAYER_SLEEPBEFORE_END,1516231142220,122
486,WS_SEND_START,1516231142220,122
486,WS_SEND_END,1516231142220,122
486,WS_RECV_START,1516231142220,123
486,WS_RECV_END,1516231144493,123
486,PLAYER_SLEEPBEFORE_START,1516231144493,124
486,PLAYER_SLEEPBEFORE_END,1516231168899,124
486,WS_SEND_START,1516231168899,124
486,WS_SEND_END,1516231168899,124
486,WS_RECV_START,1516231168899,125
486,WS_RECV_END,1516231171762,125
486,PLAYER_SLEEPBEFORE_START,1516231171762,126
486,PLAYER_SLEEPBEFORE_END,1516231192274,126
486,WS_SEND_START,1516231192274,126
486,WS_SEND_END,1516231192274,126
486,PLAYER_SLEEPBEFORE_START,1516231192274,127
486,PLAYER_SLEEPBEFORE_END,1516231195329,127
486,WS_SEND_START,1516231195329,127
486,WS_SEND_END,1516231195329,127
486,WS_RECV_START,1516231195329,128
486,WS_RECV_END,1516231196327,128
486,PLAYER_SLEEPBEFORE_START,1516231196327,129
486,PLAYER_SLEEPBEFORE_END,1516231196347,129
486,WS_SEND_START,1516231196347,129
486,WS_SEND_END,1516231196347,129
486,WS_RECV_START,1516231196347,130
486,WS_RECV_END,1516231198584,130
486,PLAYER_SLEEPBEFORE_START,1516231198584,131
486,PLAYER_SLEEPBEFORE_END,1516231220208,131
486,WS_SEND_START,1516231220208,131
486,WS_SEND_END,1516231220208,131
486,PLAYER_SLEEPBEFORE_START,1516231220208,132
486,PLAYER_SLEEPBEFORE_END,1516231223289,132
486,WS_SEND_START,1516231223289,132
486,WS_SEND_END,1516231223289,132
486,WS_RECV_START,1516231223289,133
486,WS_RECV_END,1516231224749,133
486,PLAYER_SLEEPBEFORE_START,1516231224749,134
486,PLAYER_SLEEPBEFORE_END,1516231245966,134
486,WS_SEND_START,1516231245966,134
486,WS_SEND_END,1516231245966,134
486,PLAYER_SLEEPBEFORE_START,1516231245966,135
486,PLAYER_SLEEPBEFORE_END,1516231249156,135
486,WS_SEND_START,1516231249156,135
486,WS_SEND_END,1516231249156,135
486,WS_RECV_START,1516231249156,136
486,WS_RECV_END,1516231251857,136
486,PLAYER_SLEEPBEFORE_START,1516231251857,137
486,PLAYER_SLEEPBEFORE_END,1516231251865,137
486,WS_SEND_START,1516231251865,137
486,WS_SEND_END,1516231251865,137
486,WS_RECV_START,1516231251865,138
486,WS_RECV_END,1516231253844,138
486,PLAYER_SLEEPBEFORE_START,1516231253844,139
486,PLAYER_SLEEPBEFORE_END,1516231254535,139
486,WS_SEND_START,1516231254535,139
486,WS_SEND_END,1516231254535,139
486,WS_RECV_START,1516231254535,140
486,WS_RECV_END,1516231257767,140
486,PLAYER_SLEEPBEFORE_START,1516231257767,141
486,PLAYER_SLEEPBEFORE_END,1516231258422,141
486,WS_SEND_START,1516231258422,141
486,WS_SEND_END,1516231258422,141
486,WS_RECV_START,1516231258422,142
486,WS_RECV_END,1516231261593,142
486,PLAYER_SLEEPBEFORE_START,1516231261593,143
486,PLAYER_SLEEPBEFORE_END,1516231261650,143
486,WS_SEND_START,1516231261650,143
486,WS_SEND_END,1516231261650,143
486,WS_RECV_START,1516231261650,144
486,WS_RECV_END,1516231264930,144
486,PLAYER_SLEEPBEFORE_START,1516231264930,145
486,PLAYER_SLEEPBEFORE_END,1516231280992,145
486,REQ_START,1516231280992,145
486,REQ_END,1516231281000,145
486,PLAYER_SLEEPBEFORE_START,1516231281000,146
486,PLAYER_SLEEPBEFORE_END,1516231289877,146
486,WS_SEND_START,1516231289877,146
486,WS_SEND_END,1516231289877,146
486,WS_RECV_START,1516231289877,147
486,WS_RECV_END,1516231297072,147
486,PLAYER_SLEEPBEFORE_START,1516231297072,148
486,PLAYER_SLEEPBEFORE_END,1516231318994,148
486,WS_SEND_START,1516231318994,148
486,WS_SEND_END,1516231318994,148
486,PLAYER_SLEEPBEFORE_START,1516231318994,149
486,PLAYER_SLEEPBEFORE_END,1516231321422,149
486,WS_SEND_START,1516231321422,149
486,WS_SEND_END,1516231321422,149
486,WS_RECV_START,1516231321422,150
486,WS_RECV_END,1516231324900,150
486,PLAYER_SLEEPBEFORE_START,1516231324900,151
486,PLAYER_SLEEPBEFORE_END,1516231325110,151
486,WS_SEND_START,1516231325110,151
486,WS_SEND_END,1516231325110,151
486,WS_RECV_START,1516231325110,152
486,WS_RECV_END,1516231328676,152
486,PLAYER_SLEEPBEFORE_START,1516231328676,153
486,PLAYER_SLEEPBEFORE_END,1516231352603,153
486,WS_SEND_START,1516231352603,153
486,WS_SEND_END,1516231352603,153
486,WS_RECV_START,1516231352603,154
486,WS_RECV_END,1516231358874,154
486,PLAYER_SLEEPBEFORE_START,1516231358874,155
486,PLAYER_SLEEPBEFORE_END,1516231381433,155
486,WS_SEND_START,1516231381433,155
486,WS_SEND_END,1516231381433,155
486,PLAYER_SLEEPBEFORE_START,1516231381433,156
486,PLAYER_SLEEPBEFORE_END,1516231384707,156
486,WS_SEND_START,1516231384707,156
486,WS_SEND_END,1516231384707,156
486,WS_RECV_START,1516231384707,157
486,WS_RECV_END,1516231386561,157
486,PLAYER_SLEEPBEFORE_START,1516231386561,158
486,PLAYER_SLEEPBEFORE_END,1516231386571,158
486,WS_SEND_START,1516231386571,158
486,WS_SEND_END,1516231386571,158
486,WS_RECV_START,1516231386571,159
486,WS_RECV_END,1516231391113,159
486,PLAYER_SLEEPBEFORE_START,1516231391113,160
486,PLAYER_SLEEPBEFORE_END,1516231391288,160
486,WS_SEND_START,1516231391288,160
486,WS_SEND_END,1516231391288,160
486,WS_RECV_START,1516231391288,161
486,WS_RECV_END,1516231395951,161
486,PLAYER_SLEEPBEFORE_START,1516231395951,162
486,PLAYER_SLEEPBEFORE_END,1516231395976,162
486,WS_SEND_START,1516231395976,162
486,WS_SEND_END,1516231395976,162
486,WS_RECV_START,1516231395976,163
486,WS_RECV_END,1516231400552,163
486,PLAYER_SLEEPBEFORE_START,1516231400552,164
486,PLAYER_SLEEPBEFORE_END,1516231421364,164
486,WS_SEND_START,1516231421364,164
486,WS_SEND_END,1516231421364,164
486,WS_RECV_START,1516231421364,165
486,WS_RECV_END,1516231426246,165
486,PLAYER_SLEEPBEFORE_START,1516231426246,166
486,PLAYER_SLEEPBEFORE_END,1516231448701,166
486,WS_SEND_START,1516231448701,166
486,WS_SEND_END,1516231448701,166
486,WS_RECV_START,1516231448701,167
486,WS_RECV_END,1516231449906,167
486,PLAYER_SLEEPBEFORE_START,1516231449906,168
486,PLAYER_SLEEPBEFORE_END,1516231477263,168
486,WS_SEND_START,1516231477263,168
486,WS_SEND_END,1516231477263,168
486,WS_RECV_START,1516231477263,169
486,WS_RECV_END,1516231477621,169
486,PLAYER_SLEEPBEFORE_START,1516231477621,170
486,PLAYER_SLEEPBEFORE_END,1516231477630,170
486,WS_SEND_START,1516231477630,170
486,WS_SEND_END,1516231477630,170
486,WS_RECV_START,1516231477630,171
486,WS_RECV_END,1516231477830,171
486,PLAYER_SLEEPBEFORE_START,1516231477830,172
486,PLAYER_SLEEPBEFORE_END,1516231478199,172
486,WS_SEND_START,1516231478199,172
486,WS_SEND_END,1516231478199,172
486,WS_RECV_START,1516231478199,173
486,WS_RECV_END,1516231478781,173
486,PLAYER_SLEEPBEFORE_START,1516231478781,174
486,PLAYER_SLEEPBEFORE_END,1516231478822,174
486,WS_SEND_START,1516231478822,174
486,WS_SEND_END,1516231478822,174
486,WS_RECV_START,1516231478822,175
486,WS_RECV_END,1516231479191,175
486,PLAYER_SLEEPBEFORE_START,1516231479191,176
486,PLAYER_SLEEPBEFORE_END,1516231500952,176
486,WS_SEND_START,1516231500952,176
486,WS_SEND_END,1516231500952,176
486,PLAYER_SLEEPBEFORE_START,1516231500952,177
486,PLAYER_SLEEPBEFORE_END,1516231503470,177
486,WS_SEND_START,1516231503470,177
486,WS_SEND_END,1516231503470,177
486,WS_RECV_START,1516231503470,178
486,WS_RECV_END,1516231503633,178
486,PLAYER_SLEEPBEFORE_START,1516231503633,179
486,PLAYER_SLEEPBEFORE_END,1516231525973,179
486,WS_SEND_START,1516231525973,179
486,WS_SEND_END,1516231525973,179
486,WS_RECV_START,1516231525973,180
486,WS_RECV_END,1516231526147,180
486,PLAYER_SLEEPBEFORE_START,1516231526147,181
486,PLAYER_SLEEPBEFORE_END,1516231526591,181
486,WS_SEND_START,1516231526591,181
486,WS_SEND_END,1516231526591,181
486,WS_RECV_START,1516231526591,182
486,WS_RECV_END,1516231526738,182
486,PLAYER_SLEEPBEFORE_START,1516231526738,183
486,PLAYER_SLEEPBEFORE_END,1516231527261,183
486,WS_SEND_START,1516231527261,183
486,WS_SEND_END,1516231527261,183
486,WS_RECV_START,1516231527261,184
486,WS_RECV_END,1516231527443,184
486,PLAYER_SLEEPBEFORE_START,1516231527443,185
486,PLAYER_SLEEPBEFORE_END,1516231527711,185
486,WS_SEND_START,1516231527711,185
486,WS_SEND_END,1516231527711,185
486,WS_RECV_START,1516231527711,186
486,WS_RECV_END,1516231527883,186
486,PLAYER_SLEEPBEFORE_START,1516231527883,187
486,PLAYER_SLEEPBEFORE_END,1516231550383,187
486,WS_SEND_START,1516231550383,187
486,WS_SEND_END,1516231550383,187
486,WS_RECV_START,1516231550383,188
486,WS_RECV_END,1516231550438,188
486,PLAYER_SLEEPBEFORE_START,1516231550438,189
486,PLAYER_SLEEPBEFORE_END,1516231556677,189
486,WS_SEND_START,1516231556677,189
486,WS_SEND_END,1516231556677,189
486,WS_RECV_START,1516231556677,190
486,WS_RECV_END,1516231556816,190
486,PLAYER_SLEEPBEFORE_START,1516231556816,191
486,PLAYER_SLEEPBEFORE_END,1516231558731,191
486,WS_SEND_START,1516231558731,191
486,WS_SEND_END,1516231558731,191
486,WS_RECV_START,1516231558731,192
486,WS_RECV_END,1516231558850,192
486,PLAYER_SLEEPBEFORE_START,1516231558850,193
486,PLAYER_SLEEPBEFORE_END,1516231558978,193
486,WS_SEND_START,1516231558978,193
486,WS_SEND_END,1516231558978,193
486,WS_RECV_START,1516231558978,194
486,WS_RECV_END,1516231559106,194
486,PLAYER_SLEEPBEFORE_START,1516231559106,195
486,PLAYER_SLEEPBEFORE_END,1516231560861,195
486,WS_SEND_START,1516231560861,195
486,WS_SEND_END,1516231560862,195
486,WS_RECV_START,1516231560862,196
486,WS_RECV_END,1516231560982,196
486,PLAYER_SLEEPBEFORE_START,1516231560982,197
486,PLAYER_SLEEPBEFORE_END,1516231562786,197
486,WS_SEND_START,1516231562786,197
486,WS_SEND_END,1516231562786,197
486,WS_RECV_START,1516231562786,198
486,WS_RECV_END,1516231562919,198
486,PLAYER_SLEEPBEFORE_START,1516231562919,199
486,PLAYER_SLEEPBEFORE_END,1516231574773,199
486,WS_SEND_START,1516231574773,199
486,WS_SEND_END,1516231574773,199
486,PLAYER_SLEEPBEFORE_START,1516231574773,200
486,PLAYER_SLEEPBEFORE_END,1516231578861,200
486,WS_SEND_START,1516231578861,200
486,WS_SEND_END,1516231578861,200
486,WS_RECV_START,1516231578861,201
486,WS_RECV_END,1516231578995,201
486,PLAYER_SLEEPBEFORE_START,1516231578995,202
486,PLAYER_SLEEPBEFORE_END,1516231579009,202
486,WS_SEND_START,1516231579009,202
486,WS_SEND_END,1516231579009,202
486,WS_RECV_START,1516231579009,203
486,WS_RECV_END,1516231579136,203
486,PLAYER_SLEEPBEFORE_START,1516231579136,204
486,PLAYER_SLEEPBEFORE_END,1516231598785,204
486,WS_SEND_START,1516231598785,204
486,WS_SEND_END,1516231598785,204
486,PLAYER_SLEEPBEFORE_START,1516231598785,205
486,PLAYER_SLEEPBEFORE_END,1516231602683,205
486,WS_SEND_START,1516231602683,205
486,WS_SEND_END,1516231602683,205
486,WS_RECV_START,1516231602683,206
486,WS_RECV_END,1516231602802,206
486,PLAYER_SLEEPBEFORE_START,1516231602802,207
486,PLAYER_SLEEPBEFORE_END,1516231619733,207
486,REQ_START,1516231619733,207
486,REQ_END,1516231619741,207
486,PLAYER_SLEEPBEFORE_START,1516231619741,208
486,PLAYER_SLEEPBEFORE_END,1516231626593,208
486,WS_CLOSE_START,1516231626593,208
486,WS_CLOSE_END,1516231626593,208
486,PLAYER_DONE,1516231626593
