# --sessions 540 --app-url=http://shinyloadtest.rstudioservices.com/cran_explorer --output-dir test540-2 --overwrite-output --log-level warn --start-interval 500 15min.log
thread_id,event,timestamp,input_line_number,comment
74,PLAYER_SESSION_CREATE,1516230347935
74,PLAYER_START_INTERVAL_START,1516230347935
74,PLAYER_START_INTERVAL_END,1516230384935
74,REQ_HOME_START,1516230384935,2
74,REQ_HOME_END,1516230385071,2
74,REQ_START,1516230385071,3
74,REQ_END,1516230385103,3
74,REQ_START,1516230385103,4
74,REQ_END,1516230385134,4
74,REQ_START,1516230385134,5
74,REQ_END,1516230385174,5
74,REQ_START,1516230385174,6
74,REQ_END,1516230385209,6
74,REQ_START,1516230385209,7
74,REQ_END,1516230385244,7
74,REQ_START,1516230385244,8
74,REQ_END,1516230385285,8
74,REQ_START,1516230385285,9
74,REQ_END,1516230385321,9
74,REQ_START,1516230385321,10
74,REQ_END,1516230385330,10
74,REQ_START,1516230385330,11
74,REQ_END,1516230385364,11
74,REQ_START,1516230385364,12
74,REQ_END,1516230385375,12
74,REQ_START,1516230385375,13
74,REQ_END,1516230385432,13
74,REQ_START,1516230385432,14
74,REQ_END,1516230385451,14
74,REQ_START,1516230385451,15
74,REQ_END,1516230385490,15
74,REQ_TOK_START,1516230385490,16
74,REQ_TOK_END,1516230385517,16
74,REQ_SINF_START,1516230385517,17
74,REQ_SINF_END,1516230385526,17
74,WS_OPEN_START,1516230385526,18
74,WS_OPEN_END,1516230385534,18
74,REQ_START,1516230385534,19
74,REQ_END,1516230385568,19
74,WS_RECV_START,1516230385568,20
74,WS_RECV_END,1516230385568,20
74,PLAYER_SLEEPBEFORE_START,1516230385568,21
74,PLAYER_SLEEPBEFORE_END,1516230385573,21
74,WS_SEND_START,1516230385573,21
74,WS_SEND_END,1516230385573,21
74,PLAYER_SLEEPBEFORE_START,1516230385573,22
74,PLAYER_SLEEPBEFORE_END,1516230385574,22
74,WS_SEND_START,1516230385574,22
74,WS_SEND_END,1516230385574,22
74,WS_RECV_INIT_START,1516230385574,23
74,WS_RECV_INIT_END,1516230385610,23
74,WS_RECV_START,1516230385610,24
74,WS_RECV_END,1516230385716,24
74,PLAYER_SLEEPBEFORE_START,1516230385716,25
74,PLAYER_SLEEPBEFORE_END,1516230385723,25
74,REQ_START,1516230385723,25
74,REQ_END,1516230385759,25
74,PLAYER_SLEEPBEFORE_START,1516230385759,26
74,PLAYER_SLEEPBEFORE_END,1516230385760,26
74,REQ_START,1516230385760,26
74,REQ_END,1516230385792,26
74,PLAYER_SLEEPBEFORE_START,1516230385792,27
74,PLAYER_SLEEPBEFORE_END,1516230385795,27
74,REQ_START,1516230385795,27
74,REQ_END,1516230385830,27
74,PLAYER_SLEEPBEFORE_START,1516230385830,28
74,PLAYER_SLEEPBEFORE_END,1516230386115,28
74,REQ_START,1516230386115,28
74,REQ_END,1516230386147,28
74,PLAYER_SLEEPBEFORE_START,1516230386147,29
74,PLAYER_SLEEPBEFORE_END,1516230386322,29
74,WS_SEND_START,1516230386322,29
74,WS_SEND_END,1516230386322,29
74,WS_RECV_START,1516230386322,30
74,WS_RECV_END,1516230386446,30
74,PLAYER_SLEEPBEFORE_START,1516230386446,31
74,PLAYER_SLEEPBEFORE_END,1516230386457,31
74,REQ_START,1516230386457,31
74,REQ_END,1516230386494,31
74,PLAYER_SLEEPBEFORE_START,1516230386494,32
74,PLAYER_SLEEPBEFORE_END,1516230414639,32
74,WS_SEND_START,1516230414639,32
74,WS_SEND_END,1516230414639,32
74,WS_RECV_START,1516230414639,33
74,WS_RECV_END,1516230414744,33
74,PLAYER_SLEEPBEFORE_START,1516230414745,34
74,PLAYER_SLEEPBEFORE_END,1516230440656,34
74,WS_SEND_START,1516230440656,34
74,WS_SEND_END,1516230440656,34
74,WS_RECV_START,1516230440656,35
74,WS_RECV_END,1516230440787,35
74,PLAYER_SLEEPBEFORE_START,1516230440787,36
74,PLAYER_SLEEPBEFORE_END,1516230440796,36
74,WS_SEND_START,1516230440796,36
74,WS_SEND_END,1516230440796,36
74,WS_RECV_START,1516230440796,37
74,WS_RECV_END,1516230440840,37
74,PLAYER_SLEEPBEFORE_START,1516230440840,38
74,PLAYER_SLEEPBEFORE_END,1516230444035,38
74,WS_SEND_START,1516230444035,38
74,WS_SEND_END,1516230444035,38
74,WS_RECV_START,1516230444035,39
74,WS_RECV_END,1516230444282,39
74,PLAYER_SLEEPBEFORE_START,1516230444282,40
74,PLAYER_SLEEPBEFORE_END,1516230444328,40
74,WS_SEND_START,1516230444328,40
74,WS_SEND_END,1516230444328,40
74,WS_RECV_START,1516230444328,41
74,WS_RECV_END,1516230444468,41
74,PLAYER_SLEEPBEFORE_START,1516230444468,42
74,PLAYER_SLEEPBEFORE_END,1516230462603,42
74,WS_SEND_START,1516230462603,42
74,WS_SEND_END,1516230462603,42
74,WS_RECV_START,1516230462603,43
74,WS_RECV_END,1516230462655,43
74,PLAYER_SLEEPBEFORE_START,1516230462655,44
74,PLAYER_SLEEPBEFORE_END,1516230462667,44
74,WS_SEND_START,1516230462667,44
74,WS_SEND_END,1516230462667,44
74,WS_RECV_START,1516230462667,45
74,WS_RECV_END,1516230462712,45
74,PLAYER_SLEEPBEFORE_START,1516230462712,46
74,PLAYER_SLEEPBEFORE_END,1516230463972,46
74,WS_SEND_START,1516230463972,46
74,WS_SEND_END,1516230463972,46
74,WS_RECV_START,1516230463972,47
74,WS_RECV_END,1516230464006,47
74,PLAYER_SLEEPBEFORE_START,1516230464006,48
74,PLAYER_SLEEPBEFORE_END,1516230465326,48
74,WS_SEND_START,1516230465326,48
74,WS_SEND_END,1516230465326,48
74,WS_RECV_START,1516230465326,49
74,WS_RECV_END,1516230465454,49
74,PLAYER_SLEEPBEFORE_START,1516230465454,50
74,PLAYER_SLEEPBEFORE_END,1516230465478,50
74,WS_SEND_START,1516230465478,50
74,WS_SEND_END,1516230465478,50
74,WS_RECV_START,1516230465478,51
74,WS_RECV_END,1516230465715,51
74,PLAYER_SLEEPBEFORE_START,1516230465715,52
74,PLAYER_SLEEPBEFORE_END,1516230488279,52
74,WS_SEND_START,1516230488279,52
74,WS_SEND_END,1516230488279,52
74,WS_RECV_START,1516230488279,53
74,WS_RECV_END,1516230488575,53
74,PLAYER_SLEEPBEFORE_START,1516230488575,54
74,PLAYER_SLEEPBEFORE_END,1516230509879,54
74,WS_SEND_START,1516230509879,54
74,WS_SEND_END,1516230509879,54
74,PLAYER_SLEEPBEFORE_START,1516230509879,55
74,PLAYER_SLEEPBEFORE_END,1516230511820,55
74,WS_SEND_START,1516230511820,55
74,WS_SEND_END,1516230511820,55
74,WS_RECV_START,1516230511820,56
74,WS_RECV_END,1516230511882,56
74,PLAYER_SLEEPBEFORE_START,1516230511882,57
74,PLAYER_SLEEPBEFORE_END,1516230534754,57
74,WS_SEND_START,1516230534754,57
74,WS_SEND_END,1516230534754,57
74,WS_RECV_START,1516230534754,58
74,WS_RECV_END,1516230534813,58
74,PLAYER_SLEEPBEFORE_START,1516230534813,59
74,PLAYER_SLEEPBEFORE_END,1516230537140,59
74,WS_SEND_START,1516230537140,59
74,WS_SEND_END,1516230537140,59
74,WS_RECV_START,1516230537140,60
74,WS_RECV_END,1516230537255,60
74,PLAYER_SLEEPBEFORE_START,1516230537255,61
74,PLAYER_SLEEPBEFORE_END,1516230540846,61
74,WS_SEND_START,1516230540846,61
74,WS_SEND_END,1516230540847,61
74,WS_RECV_START,1516230540847,62
74,WS_RECV_END,1516230541051,62
74,PLAYER_SLEEPBEFORE_START,1516230541051,63
74,PLAYER_SLEEPBEFORE_END,1516230560313,63
74,WS_SEND_START,1516230560313,63
74,WS_SEND_END,1516230560313,63
74,WS_RECV_START,1516230560313,64
74,WS_RECV_END,1516230560556,64
74,PLAYER_SLEEPBEFORE_START,1516230560556,65
74,PLAYER_SLEEPBEFORE_END,1516230587373,65
74,WS_SEND_START,1516230587373,65
74,WS_SEND_END,1516230587373,65
74,WS_RECV_START,1516230587373,66
74,WS_RECV_END,1516230588060,66
74,PLAYER_SLEEPBEFORE_START,1516230588060,67
74,PLAYER_SLEEPBEFORE_END,1516230589567,67
74,WS_SEND_START,1516230589567,67
74,WS_SEND_END,1516230589567,67
74,WS_RECV_START,1516230589567,68
74,WS_RECV_END,1516230589886,68
74,PLAYER_SLEEPBEFORE_START,1516230589886,69
74,PLAYER_SLEEPBEFORE_END,1516230611884,69
74,WS_SEND_START,1516230611884,69
74,WS_SEND_END,1516230611884,69
74,WS_RECV_START,1516230611884,70
74,WS_RECV_END,1516230612598,70
74,PLAYER_SLEEPBEFORE_START,1516230612598,71
74,PLAYER_SLEEPBEFORE_END,1516230637373,71
74,WS_SEND_START,1516230637373,71
74,WS_SEND_END,1516230637373,71
74,PLAYER_SLEEPBEFORE_START,1516230637373,72
74,PLAYER_SLEEPBEFORE_END,1516230639980,72
74,WS_SEND_START,1516230639980,72
74,WS_SEND_END,1516230639980,72
74,WS_RECV_START,1516230639980,73
74,WS_RECV_END,1516230640950,73
74,PLAYER_SLEEPBEFORE_START,1516230640950,74
74,PLAYER_SLEEPBEFORE_END,1516230640959,74
74,WS_SEND_START,1516230640959,74
74,WS_SEND_END,1516230640959,74
74,WS_RECV_START,1516230640959,75
74,WS_RECV_END,1516230641192,75
74,PLAYER_SLEEPBEFORE_START,1516230641192,76
74,PLAYER_SLEEPBEFORE_END,1516230642698,76
74,WS_SEND_START,1516230642698,76
74,WS_SEND_END,1516230642698,76
74,WS_RECV_START,1516230642698,77
74,WS_RECV_END,1516230643150,77
74,PLAYER_SLEEPBEFORE_START,1516230643150,78
74,PLAYER_SLEEPBEFORE_END,1516230644018,78
74,WS_SEND_START,1516230644018,78
74,WS_SEND_END,1516230644018,78
74,WS_RECV_START,1516230644018,79
74,WS_RECV_END,1516230644645,79
74,PLAYER_SLEEPBEFORE_START,1516230644645,80
74,PLAYER_SLEEPBEFORE_END,1516230652311,80
74,WS_SEND_START,1516230652312,80
74,WS_SEND_END,1516230652312,80
74,WS_RECV_START,1516230652312,81
74,WS_RECV_END,1516230653155,81
74,PLAYER_SLEEPBEFORE_START,1516230653155,82
74,PLAYER_SLEEPBEFORE_END,1516230654257,82
74,WS_SEND_START,1516230654257,82
74,WS_SEND_END,1516230654257,82
74,WS_RECV_START,1516230654257,83
74,WS_RECV_END,1516230654401,83
74,PLAYER_SLEEPBEFORE_START,1516230654401,84
74,PLAYER_SLEEPBEFORE_END,1516230655348,84
74,WS_SEND_START,1516230655348,84
74,WS_SEND_END,1516230655348,84
74,WS_RECV_START,1516230655348,85
74,WS_RECV_END,1516230655579,85
74,PLAYER_SLEEPBEFORE_START,1516230655579,86
74,PLAYER_SLEEPBEFORE_END,1516230659751,86
74,WS_SEND_START,1516230659751,86
74,WS_SEND_END,1516230659752,86
74,WS_RECV_START,1516230659752,87
74,WS_RECV_END,1516230660535,87
74,PLAYER_SLEEPBEFORE_START,1516230660535,88
74,PLAYER_SLEEPBEFORE_END,1516230660543,88
74,WS_SEND_START,1516230660543,88
74,WS_SEND_END,1516230660543,88
74,WS_RECV_START,1516230660543,89
74,WS_RECV_END,1516230660898,89
74,PLAYER_SLEEPBEFORE_START,1516230660898,90
74,PLAYER_SLEEPBEFORE_END,1516230688095,90
74,REQ_START,1516230688095,90
74,REQ_END,1516230688103,90
74,PLAYER_SLEEPBEFORE_START,1516230688103,91
74,PLAYER_SLEEPBEFORE_END,1516230695992,91
74,WS_SEND_START,1516230695992,91
74,WS_SEND_END,1516230695992,91
74,WS_RECV_START,1516230695992,92
74,WS_RECV_END,1516230696171,92
74,PLAYER_SLEEPBEFORE_START,1516230696171,93
74,PLAYER_SLEEPBEFORE_END,1516230696186,93
74,WS_SEND_START,1516230696186,93
74,WS_SEND_END,1516230696186,93
74,WS_RECV_START,1516230696186,94
74,WS_RECV_END,1516230696575,94
74,PLAYER_SLEEPBEFORE_START,1516230696575,95
74,PLAYER_SLEEPBEFORE_END,1516230720130,95
74,WS_SEND_START,1516230720130,95
74,WS_SEND_END,1516230720130,95
74,WS_RECV_START,1516230720130,96
74,WS_RECV_END,1516230720672,96
74,PLAYER_SLEEPBEFORE_START,1516230720672,97
74,PLAYER_SLEEPBEFORE_END,1516230743112,97
74,WS_SEND_START,1516230743112,97
74,WS_SEND_END,1516230743112,97
74,WS_RECV_START,1516230743112,98
74,WS_RECV_END,1516230743461,98
74,PLAYER_SLEEPBEFORE_START,1516230743461,99
74,PLAYER_SLEEPBEFORE_END,1516230743482,99
74,WS_SEND_START,1516230743483,99
74,WS_SEND_END,1516230743483,99
74,WS_RECV_START,1516230743483,100
74,WS_RECV_END,1516230743884,100
74,PLAYER_SLEEPBEFORE_START,1516230743884,101
74,PLAYER_SLEEPBEFORE_END,1516230767443,101
74,WS_SEND_START,1516230767443,101
74,WS_SEND_END,1516230767443,101
74,WS_RECV_START,1516230767443,102
74,WS_RECV_END,1516230767714,102
74,PLAYER_SLEEPBEFORE_START,1516230767714,103
74,PLAYER_SLEEPBEFORE_END,1516230791339,103
74,WS_SEND_START,1516230791339,103
74,WS_SEND_END,1516230791339,103
74,WS_RECV_START,1516230791339,104
74,WS_RECV_END,1516230791767,104
74,PLAYER_SLEEPBEFORE_START,1516230791767,105
74,PLAYER_SLEEPBEFORE_END,1516230817144,105
74,WS_SEND_START,1516230817144,105
74,WS_SEND_END,1516230817144,105
74,WS_RECV_START,1516230817144,106
74,WS_RECV_END,1516230818916,106
74,PLAYER_SLEEPBEFORE_START,1516230818916,107
74,PLAYER_SLEEPBEFORE_END,1516230842339,107
74,WS_SEND_START,1516230842339,107
74,WS_SEND_END,1516230842339,107
74,WS_RECV_START,1516230842339,108
74,WS_RECV_END,1516230845089,108
74,PLAYER_SLEEPBEFORE_START,1516230845089,109
74,PLAYER_SLEEPBEFORE_END,1516230845098,109
74,WS_SEND_START,1516230845098,109
74,WS_SEND_END,1516230845098,109
74,WS_RECV_START,1516230845098,110
74,WS_RECV_END,1516230846828,110
74,PLAYER_SLEEPBEFORE_START,1516230846828,111
74,PLAYER_SLEEPBEFORE_END,1516230847787,111
74,WS_SEND_START,1516230847787,111
74,WS_SEND_END,1516230847787,111
74,WS_RECV_START,1516230847787,112
74,WS_RECV_END,1516230849276,112
74,PLAYER_SLEEPBEFORE_START,1516230849276,113
74,PLAYER_SLEEPBEFORE_END,1516230849838,113
74,WS_SEND_START,1516230849838,113
74,WS_SEND_END,1516230849838,113
74,WS_RECV_START,1516230849838,114
74,WS_RECV_END,1516230851649,114
74,PLAYER_SLEEPBEFORE_START,1516230851649,115
74,PLAYER_SLEEPBEFORE_END,1516230851658,115
74,WS_SEND_START,1516230851658,115
74,WS_SEND_END,1516230851658,115
74,WS_RECV_START,1516230851658,116
74,WS_RECV_END,1516230853928,116
74,PLAYER_SLEEPBEFORE_START,1516230853928,117
74,PLAYER_SLEEPBEFORE_END,1516230874288,117
74,WS_SEND_START,1516230874288,117
74,WS_SEND_END,1516230874288,117
74,PLAYER_SLEEPBEFORE_START,1516230874288,118
74,PLAYER_SLEEPBEFORE_END,1516230878040,118
74,WS_SEND_START,1516230878040,118
74,WS_SEND_END,1516230878040,118
74,WS_RECV_START,1516230878040,119
74,WS_RECV_END,1516230879424,119
74,PLAYER_SLEEPBEFORE_START,1516230879424,120
74,PLAYER_SLEEPBEFORE_END,1516230880412,120
74,WS_SEND_START,1516230880412,120
74,WS_SEND_END,1516230880412,120
74,WS_RECV_START,1516230880412,121
74,WS_RECV_END,1516230883452,121
74,PLAYER_SLEEPBEFORE_START,1516230883452,122
74,PLAYER_SLEEPBEFORE_END,1516230884637,122
74,WS_SEND_START,1516230884637,122
74,WS_SEND_END,1516230884637,122
74,WS_RECV_START,1516230884637,123
74,WS_RECV_END,1516230887095,123
74,PLAYER_SLEEPBEFORE_START,1516230887095,124
74,PLAYER_SLEEPBEFORE_END,1516230911500,124
74,WS_SEND_START,1516230911500,124
74,WS_SEND_END,1516230911500,124
74,WS_RECV_START,1516230911500,125
74,WS_RECV_END,1516230915164,125
74,PLAYER_SLEEPBEFORE_START,1516230915164,126
74,PLAYER_SLEEPBEFORE_END,1516230935677,126
74,WS_SEND_START,1516230935677,126
74,WS_SEND_END,1516230935677,126
74,PLAYER_SLEEPBEFORE_START,1516230935677,127
74,PLAYER_SLEEPBEFORE_END,1516230938731,127
74,WS_SEND_START,1516230938731,127
74,WS_SEND_END,1516230938731,127
74,WS_RECV_START,1516230938731,128
74,WS_RECV_END,1516230939362,128
74,PLAYER_SLEEPBEFORE_START,1516230939362,129
74,PLAYER_SLEEPBEFORE_END,1516230939382,129
74,WS_SEND_START,1516230939382,129
74,WS_SEND_END,1516230939383,129
74,WS_RECV_START,1516230939383,130
74,WS_RECV_END,1516230941031,130
74,PLAYER_SLEEPBEFORE_START,1516230941031,131
74,PLAYER_SLEEPBEFORE_END,1516230962655,131
74,WS_SEND_START,1516230962655,131
74,WS_SEND_END,1516230962655,131
74,PLAYER_SLEEPBEFORE_START,1516230962655,132
74,PLAYER_SLEEPBEFORE_END,1516230965736,132
74,WS_SEND_START,1516230965736,132
74,WS_SEND_END,1516230965736,132
74,WS_RECV_START,1516230965736,133
74,WS_RECV_END,1516230966674,133
74,PLAYER_SLEEPBEFORE_START,1516230966674,134
74,PLAYER_SLEEPBEFORE_END,1516230987891,134
74,WS_SEND_START,1516230987891,134
74,WS_SEND_END,1516230987891,134
74,PLAYER_SLEEPBEFORE_START,1516230987891,135
74,PLAYER_SLEEPBEFORE_END,1516230991082,135
74,WS_SEND_START,1516230991082,135
74,WS_SEND_END,1516230991082,135
74,WS_RECV_START,1516230991082,136
74,WS_RECV_END,1516230993043,136
74,PLAYER_SLEEPBEFORE_START,1516230993043,137
74,PLAYER_SLEEPBEFORE_END,1516230993050,137
74,WS_SEND_START,1516230993050,137
74,WS_SEND_END,1516230993050,137
74,WS_RECV_START,1516230993050,138
74,WS_RECV_END,1516230995340,138
74,PLAYER_SLEEPBEFORE_START,1516230995340,139
74,PLAYER_SLEEPBEFORE_END,1516230996030,139
74,WS_SEND_START,1516230996030,139
74,WS_SEND_END,1516230996030,139
74,WS_RECV_START,1516230996030,140
74,WS_RECV_END,1516230998043,140
74,PLAYER_SLEEPBEFORE_START,1516230998043,141
74,PLAYER_SLEEPBEFORE_END,1516230998698,141
74,WS_SEND_START,1516230998698,141
74,WS_SEND_END,1516230998698,141
74,WS_RECV_START,1516230998698,142
74,WS_RECV_END,1516231001715,142
74,PLAYER_SLEEPBEFORE_START,1516231001715,143
74,PLAYER_SLEEPBEFORE_END,1516231001772,143
74,WS_SEND_START,1516231001772,143
74,WS_SEND_END,1516231001772,143
74,WS_RECV_START,1516231001772,144
74,WS_RECV_END,1516231003822,144
74,PLAYER_SLEEPBEFORE_START,1516231003822,145
74,PLAYER_SLEEPBEFORE_END,1516231019884,145
74,REQ_START,1516231019884,145
74,REQ_END,1516231019893,145
74,PLAYER_SLEEPBEFORE_START,1516231019893,146
74,PLAYER_SLEEPBEFORE_END,1516231028770,146
74,WS_SEND_START,1516231028770,146
74,WS_SEND_END,1516231028770,146
74,WS_RECV_START,1516231028770,147
74,WS_RECV_END,1516231031273,147
74,PLAYER_SLEEPBEFORE_START,1516231031273,148
74,PLAYER_SLEEPBEFORE_END,1516231053195,148
74,WS_SEND_START,1516231053195,148
74,WS_SEND_END,1516231053195,148
74,PLAYER_SLEEPBEFORE_START,1516231053195,149
74,PLAYER_SLEEPBEFORE_END,1516231055623,149
74,WS_SEND_START,1516231055623,149
74,WS_SEND_END,1516231055623,149
74,WS_RECV_START,1516231055623,150
74,WS_RECV_END,1516231057474,150
74,PLAYER_SLEEPBEFORE_START,1516231057474,151
74,PLAYER_SLEEPBEFORE_END,1516231057684,151
74,WS_SEND_START,1516231057684,151
74,WS_SEND_END,1516231057684,151
74,WS_RECV_START,1516231057684,152
74,WS_RECV_END,1516231060191,152
74,PLAYER_SLEEPBEFORE_START,1516231060191,153
74,PLAYER_SLEEPBEFORE_END,1516231084119,153
74,WS_SEND_START,1516231084119,153
74,WS_SEND_END,1516231084119,153
74,WS_RECV_START,1516231084119,154
74,WS_RECV_END,1516231085677,154
74,PLAYER_SLEEPBEFORE_START,1516231085677,155
74,PLAYER_SLEEPBEFORE_END,1516231108236,155
74,WS_SEND_START,1516231108236,155
74,WS_SEND_END,1516231108236,155
74,PLAYER_SLEEPBEFORE_START,1516231108236,156
74,PLAYER_SLEEPBEFORE_END,1516231111510,156
74,WS_SEND_START,1516231111510,156
74,WS_SEND_END,1516231111510,156
74,WS_RECV_START,1516231111510,157
74,WS_RECV_END,1516231112795,157
74,PLAYER_SLEEPBEFORE_START,1516231112795,158
74,PLAYER_SLEEPBEFORE_END,1516231112806,158
74,WS_SEND_START,1516231112806,158
74,WS_SEND_END,1516231112806,158
74,WS_RECV_START,1516231112806,159
74,WS_RECV_END,1516231114850,159
74,PLAYER_SLEEPBEFORE_START,1516231114850,160
74,PLAYER_SLEEPBEFORE_END,1516231115025,160
74,WS_SEND_START,1516231115025,160
74,WS_SEND_END,1516231115025,160
74,WS_RECV_START,1516231115026,161
74,WS_RECV_END,1516231118133,161
74,PLAYER_SLEEPBEFORE_START,1516231118133,162
74,PLAYER_SLEEPBEFORE_END,1516231118158,162
74,WS_SEND_START,1516231118158,162
74,WS_SEND_END,1516231118158,162
74,WS_RECV_START,1516231118158,163
74,WS_RECV_END,1516231121832,163
74,PLAYER_SLEEPBEFORE_START,1516231121832,164
74,PLAYER_SLEEPBEFORE_END,1516231142645,164
74,WS_SEND_START,1516231142645,164
74,WS_SEND_END,1516231142645,164
74,WS_RECV_START,1516231142645,165
74,WS_RECV_END,1516231145796,165
74,PLAYER_SLEEPBEFORE_START,1516231145796,166
74,PLAYER_SLEEPBEFORE_END,1516231168251,166
74,WS_SEND_START,1516231168251,166
74,WS_SEND_END,1516231168251,166
74,WS_RECV_START,1516231168251,167
74,WS_RECV_END,1516231171264,167
74,PLAYER_SLEEPBEFORE_START,1516231171264,168
74,PLAYER_SLEEPBEFORE_END,1516231198622,168
74,WS_SEND_START,1516231198622,168
74,WS_SEND_END,1516231198622,168
74,WS_RECV_START,1516231198622,169
74,WS_RECV_END,1516231200350,169
74,PLAYER_SLEEPBEFORE_START,1516231200350,170
74,PLAYER_SLEEPBEFORE_END,1516231200359,170
74,WS_SEND_START,1516231200359,170
74,WS_SEND_END,1516231200359,170
74,WS_RECV_START,1516231200359,171
74,WS_RECV_END,1516231201256,171
74,PLAYER_SLEEPBEFORE_START,1516231201256,172
74,PLAYER_SLEEPBEFORE_END,1516231201630,172
74,WS_SEND_START,1516231201630,172
74,WS_SEND_END,1516231201630,172
74,WS_RECV_START,1516231201630,173
74,WS_RECV_END,1516231202922,173
74,PLAYER_SLEEPBEFORE_START,1516231202922,174
74,PLAYER_SLEEPBEFORE_END,1516231202964,174
74,WS_SEND_START,1516231202964,174
74,WS_SEND_END,1516231202964,174
74,WS_RECV_START,1516231202964,175
74,WS_RECV_END,1516231205096,175
74,PLAYER_SLEEPBEFORE_START,1516231205096,176
74,PLAYER_SLEEPBEFORE_END,1516231226857,176
74,WS_SEND_START,1516231226857,176
74,WS_SEND_END,1516231226857,176
74,PLAYER_SLEEPBEFORE_START,1516231226857,177
74,PLAYER_SLEEPBEFORE_END,1516231229375,177
74,WS_SEND_START,1516231229375,177
74,WS_SEND_END,1516231229375,177
74,WS_RECV_START,1516231229375,178
74,WS_RECV_END,1516231231555,178
74,PLAYER_SLEEPBEFORE_START,1516231231555,179
74,PLAYER_SLEEPBEFORE_END,1516231253895,179
74,WS_SEND_START,1516231253895,179
74,WS_SEND_END,1516231253895,179
74,WS_RECV_START,1516231253895,180
74,WS_RECV_END,1516231257044,180
74,PLAYER_SLEEPBEFORE_START,1516231257044,181
74,PLAYER_SLEEPBEFORE_END,1516231257488,181
74,WS_SEND_START,1516231257488,181
74,WS_SEND_END,1516231257488,181
74,WS_RECV_START,1516231257488,182
74,WS_RECV_END,1516231262946,182
74,PLAYER_SLEEPBEFORE_START,1516231262946,183
74,PLAYER_SLEEPBEFORE_END,1516231263470,183
74,WS_SEND_START,1516231263470,183
74,WS_SEND_END,1516231263470,183
74,WS_RECV_START,1516231263470,184
74,WS_RECV_END,1516231264810,184
74,PLAYER_SLEEPBEFORE_START,1516231264810,185
74,PLAYER_SLEEPBEFORE_END,1516231265078,185
74,WS_SEND_START,1516231265078,185
74,WS_SEND_END,1516231265078,185
74,WS_RECV_START,1516231265078,186
74,WS_RECV_END,1516231267915,186
74,PLAYER_SLEEPBEFORE_START,1516231267915,187
74,PLAYER_SLEEPBEFORE_END,1516231290415,187
74,WS_SEND_START,1516231290415,187
74,WS_SEND_END,1516231290415,187
74,WS_RECV_START,1516231290415,188
74,WS_RECV_END,1516231295146,188
74,PLAYER_SLEEPBEFORE_START,1516231295146,189
74,PLAYER_SLEEPBEFORE_END,1516231301385,189
74,WS_SEND_START,1516231301385,189
74,WS_SEND_END,1516231301385,189
74,WS_RECV_START,1516231301385,190
74,WS_RECV_END,1516231309607,190
74,PLAYER_SLEEPBEFORE_START,1516231309607,191
74,PLAYER_SLEEPBEFORE_END,1516231311522,191
74,WS_SEND_START,1516231311522,191
74,WS_SEND_END,1516231311522,191
74,WS_RECV_START,1516231311522,192
74,WS_RECV_END,1516231319134,192
74,PLAYER_SLEEPBEFORE_START,1516231319134,193
74,PLAYER_SLEEPBEFORE_END,1516231319262,193
74,WS_SEND_START,1516231319262,193
74,WS_SEND_END,1516231319262,193
74,WS_RECV_START,1516231319262,194
74,WS_RECV_END,1516231324654,194
74,PLAYER_SLEEPBEFORE_START,1516231324654,195
74,PLAYER_SLEEPBEFORE_END,1516231326409,195
74,WS_SEND_START,1516231326409,195
74,WS_SEND_END,1516231326410,195
74,WS_RECV_START,1516231326410,196
74,WS_RECV_END,1516231329527,196
74,PLAYER_SLEEPBEFORE_START,1516231329527,197
74,PLAYER_SLEEPBEFORE_END,1516231331331,197
74,WS_SEND_START,1516231331331,197
74,WS_SEND_END,1516231331331,197
74,WS_RECV_START,1516231331331,198
74,WS_RECV_END,1516231335931,198
74,PLAYER_SLEEPBEFORE_START,1516231335931,199
74,PLAYER_SLEEPBEFORE_END,1516231347785,199
74,WS_SEND_START,1516231347785,199
74,WS_SEND_END,1516231347785,199
74,PLAYER_SLEEPBEFORE_START,1516231347785,200
74,PLAYER_SLEEPBEFORE_END,1516231351873,200
74,WS_SEND_START,1516231351873,200
74,WS_SEND_END,1516231351873,200
74,WS_RECV_START,1516231351873,201
74,WS_RECV_END,1516231355627,201
74,PLAYER_SLEEPBEFORE_START,1516231355627,202
74,PLAYER_SLEEPBEFORE_END,1516231355641,202
74,WS_SEND_START,1516231355641,202
74,WS_SEND_END,1516231355641,202
74,WS_RECV_START,1516231355641,203
74,WS_RECV_END,1516231360780,203
74,PLAYER_SLEEPBEFORE_START,1516231360780,204
74,PLAYER_SLEEPBEFORE_END,1516231380429,204
74,WS_SEND_START,1516231380429,204
74,WS_SEND_END,1516231380429,204
74,PLAYER_SLEEPBEFORE_START,1516231380429,205
74,PLAYER_SLEEPBEFORE_END,1516231384327,205
74,WS_SEND_START,1516231384327,205
74,WS_SEND_END,1516231384327,205
74,WS_RECV_START,1516231384327,206
74,WS_RECV_END,1516231387880,206
74,PLAYER_SLEEPBEFORE_START,1516231387880,207
74,PLAYER_SLEEPBEFORE_END,1516231404811,207
74,REQ_START,1516231404811,207
74,REQ_END,1516231404819,207
74,PLAYER_SLEEPBEFORE_START,1516231404819,208
74,PLAYER_SLEEPBEFORE_END,1516231411671,208
74,WS_CLOSE_START,1516231411671,208
74,WS_CLOSE_END,1516231411671,208
74,PLAYER_DONE,1516231411671
