# --sessions 2700 --app-url=http://shinyloadtest.rstudioservices.com/cran_explorer --output-dir test2700 --overwrite-output --log-level warn --start-interval 100 15min.log
thread_id,event,timestamp,input_line_number,comment
109,PLAYER_SESSION_CREATE,1516299245308
109,PLAYER_START_INTERVAL_START,1516299245308
109,PLAYER_START_INTERVAL_END,1516299256208
109,REQ_HOME_START,1516299256208,2
109,REQ_HOME_END,1516299256294,2
109,REQ_START,1516299256294,3
109,REQ_END,1516299256331,3
109,REQ_START,1516299256331,4
109,REQ_END,1516299256365,4
109,REQ_START,1516299256365,5
109,REQ_END,1516299256400,5
109,REQ_START,1516299256400,6
109,REQ_END,1516299256433,6
109,REQ_START,1516299256433,7
109,REQ_END,1516299256466,7
109,REQ_START,1516299256466,8
109,REQ_END,1516299256499,8
109,REQ_START,1516299256499,9
109,REQ_END,1516299256536,9
109,REQ_START,1516299256536,10
109,REQ_END,1516299256546,10
109,REQ_START,1516299256546,11
109,REQ_END,1516299256578,11
109,REQ_START,1516299256578,12
109,REQ_END,1516299256588,12
109,REQ_START,1516299256588,13
109,REQ_END,1516299256621,13
109,REQ_START,1516299256621,14
109,REQ_END,1516299256635,14
109,REQ_START,1516299256635,15
109,REQ_END,1516299256672,15
109,REQ_TOK_START,1516299256672,16
109,REQ_TOK_END,1516299256679,16
109,REQ_SINF_START,1516299256679,17
109,REQ_SINF_END,1516299256686,17
109,WS_OPEN_START,1516299256686,18
109,WS_OPEN_END,1516299256693,18
109,REQ_START,1516299256693,19
109,REQ_END,1516299256721,19
109,WS_RECV_START,1516299256721,20
109,WS_RECV_END,1516299256721,20
109,PLAYER_SLEEPBEFORE_START,1516299256721,21
109,PLAYER_SLEEPBEFORE_END,1516299256726,21
109,WS_SEND_START,1516299256726,21
109,WS_SEND_END,1516299256726,21
109,PLAYER_SLEEPBEFORE_START,1516299256726,22
109,PLAYER_SLEEPBEFORE_END,1516299256727,22
109,WS_SEND_START,1516299256727,22
109,WS_SEND_END,1516299256727,22
109,WS_RECV_INIT_START,1516299256727,23
109,WS_RECV_INIT_END,1516299256744,23
109,WS_RECV_START,1516299256744,24
109,WS_RECV_END,1516299256811,24
109,PLAYER_SLEEPBEFORE_START,1516299256811,25
109,PLAYER_SLEEPBEFORE_END,1516299256818,25
109,REQ_START,1516299256818,25
109,REQ_END,1516299256851,25
109,PLAYER_SLEEPBEFORE_START,1516299256851,26
109,PLAYER_SLEEPBEFORE_END,1516299256852,26
109,REQ_START,1516299256852,26
109,REQ_END,1516299256891,26
109,PLAYER_SLEEPBEFORE_START,1516299256891,27
109,PLAYER_SLEEPBEFORE_END,1516299256894,27
109,REQ_START,1516299256894,27
109,REQ_END,1516299256930,27
109,PLAYER_SLEEPBEFORE_START,1516299256930,28
109,PLAYER_SLEEPBEFORE_END,1516299257216,28
109,REQ_START,1516299257216,28
109,REQ_END,1516299257279,28
109,PLAYER_SLEEPBEFORE_START,1516299257279,29
109,PLAYER_SLEEPBEFORE_END,1516299257454,29
109,WS_SEND_START,1516299257454,29
109,WS_SEND_END,1516299257454,29
109,WS_RECV_START,1516299257454,30
109,WS_RECV_END,1516299257562,30
109,PLAYER_SLEEPBEFORE_START,1516299257562,31
109,PLAYER_SLEEPBEFORE_END,1516299257574,31
109,REQ_START,1516299257574,31
109,REQ_END,1516299257609,31
109,PLAYER_SLEEPBEFORE_START,1516299257609,32
109,PLAYER_SLEEPBEFORE_END,1516299285754,32
109,WS_SEND_START,1516299285754,32
109,WS_SEND_END,1516299285754,32
109,WS_RECV_START,1516299285754,33
109,WS_RECV_END,1516299285859,33
109,PLAYER_SLEEPBEFORE_START,1516299285859,34
109,PLAYER_SLEEPBEFORE_END,1516299311770,34
109,WS_SEND_START,1516299311770,34
109,WS_SEND_END,1516299311770,34
109,WS_RECV_START,1516299311770,35
109,WS_RECV_END,1516299312846,35
109,PLAYER_SLEEPBEFORE_START,1516299312846,36
109,PLAYER_SLEEPBEFORE_END,1516299312855,36
109,WS_SEND_START,1516299312855,36
109,WS_SEND_END,1516299312856,36
109,WS_RECV_START,1516299312856,37
109,WS_RECV_END,1516299313393,37
109,PLAYER_SLEEPBEFORE_START,1516299313393,38
109,PLAYER_SLEEPBEFORE_END,1516299316588,38
109,WS_SEND_START,1516299316588,38
109,WS_SEND_END,1516299316588,38
109,WS_RECV_START,1516299316588,39
109,WS_RECV_END,1516299316728,39
109,PLAYER_SLEEPBEFORE_START,1516299316728,40
109,PLAYER_SLEEPBEFORE_END,1516299316774,40
109,WS_SEND_START,1516299316774,40
109,WS_SEND_END,1516299316774,40
109,WS_RECV_START,1516299316774,41
109,WS_RECV_END,1516299316937,41
109,PLAYER_SLEEPBEFORE_START,1516299316937,42
109,PLAYER_SLEEPBEFORE_END,1516299335072,42
109,WS_SEND_START,1516299335072,42
109,WS_SEND_END,1516299335072,42
109,WS_RECV_START,1516299335072,43
109,WS_RECV_END,1516299337743,43
109,PLAYER_SLEEPBEFORE_START,1516299337743,44
109,PLAYER_SLEEPBEFORE_END,1516299337756,44
109,WS_SEND_START,1516299337756,44
109,WS_SEND_END,1516299337756,44
109,WS_RECV_START,1516299337756,45
109,WS_RECV_END,1516299338193,45
109,PLAYER_SLEEPBEFORE_START,1516299338193,46
109,PLAYER_SLEEPBEFORE_END,1516299339453,46
109,WS_SEND_START,1516299339453,46
109,WS_SEND_END,1516299339453,46
109,WS_RECV_START,1516299339453,47
109,WS_RECV_END,1516299339499,47
109,PLAYER_SLEEPBEFORE_START,1516299339499,48
109,PLAYER_SLEEPBEFORE_END,1516299340819,48
109,WS_SEND_START,1516299340819,48
109,WS_SEND_END,1516299340819,48
109,WS_RECV_START,1516299340819,49
109,WS_RECV_END,1516299340991,49
109,PLAYER_SLEEPBEFORE_START,1516299340991,50
109,PLAYER_SLEEPBEFORE_END,1516299341015,50
109,WS_SEND_START,1516299341015,50
109,WS_SEND_END,1516299341015,50
109,WS_RECV_START,1516299341015,51
109,WS_RECV_END,1516299341381,51
109,PLAYER_SLEEPBEFORE_START,1516299341381,52
109,PLAYER_SLEEPBEFORE_END,1516299363945,52
109,WS_SEND_START,1516299363945,52
109,WS_SEND_END,1516299363945,52
109,WS_RECV_START,1516299363945,53
109,WS_RECV_END,1516299364180,53
109,PLAYER_SLEEPBEFORE_START,1516299364180,54
109,PLAYER_SLEEPBEFORE_END,1516299385483,54
109,WS_SEND_START,1516299385483,54
109,WS_SEND_END,1516299385483,54
109,PLAYER_SLEEPBEFORE_START,1516299385483,55
109,PLAYER_SLEEPBEFORE_END,1516299387424,55
109,WS_SEND_START,1516299387424,55
109,WS_SEND_END,1516299387424,55
109,WS_RECV_START,1516299387424,56
109,WS_RECV_END,1516299387639,56
109,PLAYER_SLEEPBEFORE_START,1516299387639,57
109,PLAYER_SLEEPBEFORE_END,1516299410511,57
109,WS_SEND_START,1516299410511,57
109,WS_SEND_END,1516299410511,57
109,WS_RECV_START,1516299410511,58
109,WS_RECV_END,1516299410787,58
109,PLAYER_SLEEPBEFORE_START,1516299410787,59
109,PLAYER_SLEEPBEFORE_END,1516299413114,59
109,WS_SEND_START,1516299413114,59
109,WS_SEND_END,1516299413114,59
109,WS_RECV_START,1516299413114,60
109,WS_RECV_END,1516299413238,60
109,PLAYER_SLEEPBEFORE_START,1516299413238,61
109,PLAYER_SLEEPBEFORE_END,1516299416830,61
109,WS_SEND_START,1516299416830,61
109,WS_SEND_END,1516299416830,61
109,WS_RECV_START,1516299416830,62
109,WS_RECV_END,1516299417307,62
109,PLAYER_SLEEPBEFORE_START,1516299417307,63
109,PLAYER_SLEEPBEFORE_END,1516299436569,63
109,WS_SEND_START,1516299436569,63
109,WS_SEND_END,1516299436569,63
109,WS_RECV_START,1516299436569,64
109,WS_RECV_END,1516299436969,64
109,PLAYER_SLEEPBEFORE_START,1516299436969,65
109,PLAYER_SLEEPBEFORE_END,1516299463786,65
109,WS_SEND_START,1516299463786,65
109,WS_SEND_END,1516299463786,65
109,WS_RECV_START,1516299463786,66
109,WS_RECV_END,1516299463961,66
109,PLAYER_SLEEPBEFORE_START,1516299463961,67
109,PLAYER_SLEEPBEFORE_END,1516299465468,67
109,WS_SEND_START,1516299465468,67
109,WS_SEND_END,1516299465468,67
109,WS_RECV_START,1516299465468,68
109,WS_RECV_END,1516299465881,68
109,PLAYER_SLEEPBEFORE_START,1516299465881,69
109,PLAYER_SLEEPBEFORE_END,1516299487912,69
109,WS_SEND_START,1516299487912,69
109,WS_SEND_END,1516299487912,69
109,WS_RECV_START,1516299487912,70
109,WS_RECV_END,1516299488375,70
109,PLAYER_SLEEPBEFORE_START,1516299488375,71
109,PLAYER_SLEEPBEFORE_END,1516299513150,71
109,WS_SEND_START,1516299513150,71
109,WS_SEND_END,1516299513150,71
109,PLAYER_SLEEPBEFORE_START,1516299513150,72
109,PLAYER_SLEEPBEFORE_END,1516299515757,72
109,WS_SEND_START,1516299515757,72
109,WS_SEND_END,1516299515757,72
109,WS_RECV_START,1516299515757,73
109,WS_RECV_END,1516299516133,73
109,PLAYER_SLEEPBEFORE_START,1516299516133,74
109,PLAYER_SLEEPBEFORE_END,1516299516142,74
109,WS_SEND_START,1516299516142,74
109,WS_SEND_END,1516299516142,74
109,WS_RECV_START,1516299516142,75
109,WS_RECV_END,1516299516335,75
109,PLAYER_SLEEPBEFORE_START,1516299516335,76
109,PLAYER_SLEEPBEFORE_END,1516299517841,76
109,WS_SEND_START,1516299517841,76
109,WS_SEND_END,1516299517841,76
109,WS_RECV_START,1516299517841,77
109,WS_RECV_END,1516299518478,77
109,PLAYER_SLEEPBEFORE_START,1516299518478,78
109,PLAYER_SLEEPBEFORE_END,1516299519346,78
109,WS_SEND_START,1516299519346,78
109,WS_SEND_END,1516299519346,78
109,WS_RECV_START,1516299519347,79
109,WS_RECV_END,1516299519505,79
109,PLAYER_SLEEPBEFORE_START,1516299519505,80
109,PLAYER_SLEEPBEFORE_END,1516299527171,80
109,WS_SEND_START,1516299527171,80
109,WS_SEND_END,1516299527171,80
109,WS_RECV_START,1516299527171,81
109,WS_RECV_END,1516299527220,81
109,PLAYER_SLEEPBEFORE_START,1516299527220,82
109,PLAYER_SLEEPBEFORE_END,1516299528322,82
109,WS_SEND_START,1516299528322,82
109,WS_SEND_END,1516299528322,82
109,WS_RECV_START,1516299528322,83
109,WS_RECV_END,1516299528465,83
109,PLAYER_SLEEPBEFORE_START,1516299528465,84
109,PLAYER_SLEEPBEFORE_END,1516299529413,84
109,WS_SEND_START,1516299529413,84
109,WS_SEND_END,1516299529413,84
109,WS_RECV_START,1516299529413,85
109,WS_RECV_END,1516299530352,85
109,PLAYER_SLEEPBEFORE_START,1516299530352,86
109,PLAYER_SLEEPBEFORE_END,1516299534524,86
109,WS_SEND_START,1516299534524,86
109,WS_SEND_END,1516299534524,86
109,WS_RECV_START,1516299534524,87
109,WS_RECV_END,1516299534944,87
109,PLAYER_SLEEPBEFORE_START,1516299534944,88
109,PLAYER_SLEEPBEFORE_END,1516299534952,88
109,WS_SEND_START,1516299534952,88
109,WS_SEND_END,1516299534952,88
109,WS_RECV_START,1516299534952,89
109,WS_RECV_END,1516299535234,89
109,PLAYER_SLEEPBEFORE_START,1516299535234,90
109,PLAYER_SLEEPBEFORE_END,1516299562431,90
109,REQ_START,1516299562431,90
109,REQ_END,1516299562438,90
109,PLAYER_SLEEPBEFORE_START,1516299562438,91
109,PLAYER_SLEEPBEFORE_END,1516299570327,91
109,WS_SEND_START,1516299570327,91
109,WS_SEND_END,1516299570328,91
109,WS_RECV_START,1516299570328,92
109,WS_RECV_END,1516299570925,92
109,PLAYER_SLEEPBEFORE_START,1516299570925,93
109,PLAYER_SLEEPBEFORE_END,1516299570940,93
109,WS_SEND_START,1516299570940,93
109,WS_SEND_END,1516299570940,93
109,WS_RECV_START,1516299570940,94
109,WS_RECV_END,1516299571116,94
109,PLAYER_SLEEPBEFORE_START,1516299571116,95
109,PLAYER_SLEEPBEFORE_END,1516299594671,95
109,WS_SEND_START,1516299594671,95
109,WS_SEND_END,1516299594671,95
109,WS_RECV_START,1516299594671,96
109,WS_RECV_END,1516299595078,96
109,PLAYER_SLEEPBEFORE_START,1516299595078,97
109,PLAYER_SLEEPBEFORE_END,1516299617518,97
109,WS_SEND_START,1516299617518,97
109,WS_SEND_END,1516299617518,97
109,WS_RECV_START,1516299617518,98
109,WS_RECV_END,1516299618003,98
109,PLAYER_SLEEPBEFORE_START,1516299618003,99
109,PLAYER_SLEEPBEFORE_END,1516299618024,99
109,WS_SEND_START,1516299618024,99
109,WS_SEND_END,1516299618024,99
109,WS_RECV_START,1516299618024,100
109,WS_RECV_END,1516299618226,100
109,PLAYER_SLEEPBEFORE_START,1516299618226,101
109,PLAYER_SLEEPBEFORE_END,1516299641785,101
109,WS_SEND_START,1516299641785,101
109,WS_SEND_END,1516299641785,101
109,WS_RECV_START,1516299641785,102
109,WS_RECV_END,1516299642074,102
109,PLAYER_SLEEPBEFORE_START,1516299642074,103
109,PLAYER_SLEEPBEFORE_END,1516299665699,103
109,WS_SEND_START,1516299665699,103
109,WS_SEND_END,1516299665699,103
109,WS_RECV_START,1516299665699,104
109,WS_RECV_END,1516299665900,104
109,PLAYER_SLEEPBEFORE_START,1516299665900,105
109,PLAYER_SLEEPBEFORE_END,1516299691277,105
109,WS_SEND_START,1516299691277,105
109,WS_SEND_END,1516299691277,105
109,WS_RECV_START,1516299691277,106
109,WS_RECV_END,1516299691505,106
109,PLAYER_SLEEPBEFORE_START,1516299691505,107
109,PLAYER_SLEEPBEFORE_END,1516299714928,107
109,WS_SEND_START,1516299714928,107
109,WS_SEND_END,1516299714928,107
109,WS_RECV_START,1516299714928,108
109,WS_RECV_END,1516299716292,108
109,PLAYER_SLEEPBEFORE_START,1516299716292,109
109,PLAYER_SLEEPBEFORE_END,1516299716301,109
109,WS_SEND_START,1516299716301,109
109,WS_SEND_END,1516299716301,109
109,WS_RECV_START,1516299716301,110
109,WS_RECV_END,1516299716749,110
109,PLAYER_SLEEPBEFORE_START,1516299716749,111
109,PLAYER_SLEEPBEFORE_END,1516299717709,111
109,WS_SEND_START,1516299717709,111
109,WS_SEND_END,1516299717709,111
109,WS_RECV_START,1516299717709,112
109,WS_RECV_END,1516299718468,112
109,PLAYER_SLEEPBEFORE_START,1516299718468,113
109,PLAYER_SLEEPBEFORE_END,1516299719031,113
109,WS_SEND_START,1516299719031,113
109,WS_SEND_END,1516299719031,113
109,WS_RECV_START,1516299719031,114
109,WS_RECV_END,1516299719234,114
109,PLAYER_SLEEPBEFORE_START,1516299719234,115
109,PLAYER_SLEEPBEFORE_END,1516299719243,115
109,WS_SEND_START,1516299719243,115
109,WS_SEND_END,1516299719243,115
109,WS_RECV_START,1516299719243,116
109,WS_RECV_END,1516299719457,116
109,PLAYER_SLEEPBEFORE_START,1516299719457,117
109,PLAYER_SLEEPBEFORE_END,1516299739817,117
109,WS_SEND_START,1516299739817,117
109,WS_SEND_END,1516299739817,117
109,PLAYER_SLEEPBEFORE_START,1516299739817,118
109,PLAYER_SLEEPBEFORE_END,1516299743569,118
109,WS_SEND_START,1516299743569,118
109,WS_SEND_END,1516299743569,118
109,WS_RECV_START,1516299743569,119
109,WS_RECV_END,1516299743866,119
109,PLAYER_SLEEPBEFORE_START,1516299743866,120
109,PLAYER_SLEEPBEFORE_END,1516299744854,120
109,WS_SEND_START,1516299744854,120
109,WS_SEND_END,1516299744854,120
109,WS_RECV_START,1516299744854,121
109,WS_RECV_END,1516299745002,121
109,PLAYER_SLEEPBEFORE_START,1516299745002,122
109,PLAYER_SLEEPBEFORE_END,1516299746187,122
109,WS_SEND_START,1516299746187,122
109,WS_SEND_END,1516299746187,122
109,WS_RECV_START,1516299746187,123
109,WS_RECV_END,1516299746823,123
109,PLAYER_SLEEPBEFORE_START,1516299746823,124
109,PLAYER_SLEEPBEFORE_END,1516299771229,124
109,WS_SEND_START,1516299771229,124
109,WS_SEND_END,1516299771229,124
109,WS_RECV_START,1516299771229,125
109,WS_RECV_END,1516299771917,125
109,PLAYER_SLEEPBEFORE_START,1516299771918,126
109,PLAYER_SLEEPBEFORE_END,1516299792430,126
109,WS_SEND_START,1516299792430,126
109,WS_SEND_END,1516299792430,126
109,PLAYER_SLEEPBEFORE_START,1516299792430,127
109,PLAYER_SLEEPBEFORE_END,1516299795484,127
109,WS_SEND_START,1516299795484,127
109,WS_SEND_END,1516299795484,127
109,WS_RECV_START,1516299795484,128
109,WS_RECV_END,1516299796969,128
109,PLAYER_SLEEPBEFORE_START,1516299796969,129
109,PLAYER_SLEEPBEFORE_END,1516299796990,129
109,WS_SEND_START,1516299796990,129
109,WS_SEND_END,1516299796990,129
109,WS_RECV_START,1516299796990,130
109,WS_RECV_END,1516299797239,130
109,PLAYER_SLEEPBEFORE_START,1516299797239,131
109,PLAYER_SLEEPBEFORE_END,1516299818863,131
109,WS_SEND_START,1516299818863,131
109,WS_SEND_END,1516299818863,131
109,PLAYER_SLEEPBEFORE_START,1516299818863,132
109,PLAYER_SLEEPBEFORE_END,1516299821943,132
109,WS_SEND_START,1516299821943,132
109,WS_SEND_END,1516299821943,132
109,WS_RECV_START,1516299821943,133
109,WS_RECV_END,1516299822040,133
109,PLAYER_SLEEPBEFORE_START,1516299822041,134
109,PLAYER_SLEEPBEFORE_END,1516299843258,134
109,WS_SEND_START,1516299843258,134
109,WS_SEND_END,1516299843258,134
109,PLAYER_SLEEPBEFORE_START,1516299843258,135
109,PLAYER_SLEEPBEFORE_END,1516299846448,135
109,WS_SEND_START,1516299846448,135
109,WS_SEND_END,1516299846448,135
109,WS_RECV_START,1516299846448,136
109,WS_RECV_END,1516299847984,136
109,PLAYER_SLEEPBEFORE_START,1516299847984,137
109,PLAYER_SLEEPBEFORE_END,1516299847991,137
109,WS_SEND_START,1516299847991,137
109,WS_SEND_END,1516299847991,137
109,WS_RECV_START,1516299847991,138
109,WS_RECV_END,1516299850222,138
109,PLAYER_SLEEPBEFORE_START,1516299850222,139
109,PLAYER_SLEEPBEFORE_END,1516299850912,139
109,WS_SEND_START,1516299850912,139
109,WS_SEND_END,1516299850912,139
109,WS_RECV_START,1516299850912,140
109,WS_RECV_END,1516299854628,140
109,PLAYER_SLEEPBEFORE_START,1516299854628,141
109,PLAYER_SLEEPBEFORE_END,1516299855283,141
109,WS_SEND_START,1516299855283,141
109,WS_SEND_END,1516299855283,141
109,WS_RECV_START,1516299855283,142
109,WS_RECV_END,1516299857564,142
109,PLAYER_SLEEPBEFORE_START,1516299857564,143
109,PLAYER_SLEEPBEFORE_END,1516299857621,143
109,WS_SEND_START,1516299857621,143
109,WS_SEND_END,1516299857621,143
109,WS_RECV_START,1516299857621,144
109,WS_RECV_END,1516299859488,144
109,PLAYER_SLEEPBEFORE_START,1516299859488,145
109,PLAYER_SLEEPBEFORE_END,1516299875550,145
109,REQ_START,1516299875550,145
109,REQ_END,1516299875558,145
109,PLAYER_SLEEPBEFORE_START,1516299875558,146
109,PLAYER_SLEEPBEFORE_END,1516299884435,146
109,WS_SEND_START,1516299884435,146
109,WS_SEND_END,1516299884435,146
109,WS_RECV_START,1516299884435,147
109,WS_RECV_END,1516299885191,147
109,PLAYER_SLEEPBEFORE_START,1516299885191,148
109,PLAYER_SLEEPBEFORE_END,1516299907113,148
109,WS_SEND_START,1516299907113,148
109,WS_SEND_END,1516299907113,148
109,PLAYER_SLEEPBEFORE_START,1516299907113,149
109,PLAYER_SLEEPBEFORE_END,1516299909541,149
109,WS_SEND_START,1516299909541,149
109,WS_SEND_END,1516299909541,149
109,WS_RECV_START,1516299909541,150
109,WS_RECV_END,1516299910008,150
109,PLAYER_SLEEPBEFORE_START,1516299910008,151
109,PLAYER_SLEEPBEFORE_END,1516299910218,151
109,WS_SEND_START,1516299910218,151
109,WS_SEND_END,1516299910218,151
109,WS_RECV_START,1516299910218,152
109,WS_RECV_END,1516299910563,152
109,PLAYER_SLEEPBEFORE_START,1516299910563,153
109,PLAYER_SLEEPBEFORE_END,1516299934490,153
109,WS_SEND_START,1516299934490,153
109,WS_SEND_END,1516299934490,153
109,WS_RECV_START,1516299934490,154
109,WS_RECV_END,1516299935483,154
109,PLAYER_SLEEPBEFORE_START,1516299935483,155
109,PLAYER_SLEEPBEFORE_END,1516299958041,155
109,WS_SEND_START,1516299958041,155
109,WS_SEND_END,1516299958041,155
109,PLAYER_SLEEPBEFORE_START,1516299958041,156
109,PLAYER_SLEEPBEFORE_END,1516299961315,156
109,WS_SEND_START,1516299961315,156
109,WS_SEND_END,1516299961315,156
109,WS_RECV_START,1516299961316,157
109,WS_RECV_END,1516299962509,157
109,PLAYER_SLEEPBEFORE_START,1516299962509,158
109,PLAYER_SLEEPBEFORE_END,1516299962519,158
109,WS_SEND_START,1516299962519,158
109,WS_SEND_END,1516299962519,158
109,WS_RECV_START,1516299962519,159
109,WS_RECV_END,1516299964594,159
109,PLAYER_SLEEPBEFORE_START,1516299964594,160
109,PLAYER_SLEEPBEFORE_END,1516299964769,160
109,WS_SEND_START,1516299964769,160
109,WS_SEND_END,1516299964769,160
109,WS_RECV_START,1516299964769,161
109,WS_RECV_END,1516299966178,161
109,PLAYER_SLEEPBEFORE_START,1516299966178,162
109,PLAYER_SLEEPBEFORE_END,1516299966203,162
109,WS_SEND_START,1516299966203,162
109,WS_SEND_END,1516299966203,162
109,WS_RECV_START,1516299966203,163
109,WS_RECV_END,1516299967137,163
109,PLAYER_SLEEPBEFORE_START,1516299967137,164
109,PLAYER_SLEEPBEFORE_END,1516299987949,164
109,WS_SEND_START,1516299987949,164
109,WS_SEND_END,1516299987949,164
109,WS_RECV_START,1516299987949,165
109,WS_RECV_END,1516299989818,165
109,PLAYER_SLEEPBEFORE_START,1516299989818,166
109,PLAYER_SLEEPBEFORE_END,1516300012273,166
109,WS_SEND_START,1516300012273,166
109,WS_SEND_END,1516300012273,166
109,WS_RECV_START,1516300012273,167
109,WS_RECV_END,1516300012855,167
109,PLAYER_SLEEPBEFORE_START,1516300012855,168
109,PLAYER_SLEEPBEFORE_END,1516300040212,168
109,WS_SEND_START,1516300040212,168
109,WS_SEND_END,1516300040212,168
109,WS_RECV_START,1516300040212,169
109,WS_RECV_END,1516300041375,169
109,PLAYER_SLEEPBEFORE_START,1516300041375,170
109,PLAYER_SLEEPBEFORE_END,1516300041384,170
109,WS_SEND_START,1516300041384,170
109,WS_SEND_END,1516300041384,170
109,WS_RECV_START,1516300041384,171
109,WS_RECV_END,1516300042073,171
109,PLAYER_SLEEPBEFORE_START,1516300042073,172
109,PLAYER_SLEEPBEFORE_END,1516300042443,172
109,WS_SEND_START,1516300042443,172
109,WS_SEND_END,1516300042443,172
109,WS_RECV_START,1516300042443,173
109,WS_RECV_END,1516300043551,173
109,PLAYER_SLEEPBEFORE_START,1516300043551,174
109,PLAYER_SLEEPBEFORE_END,1516300043592,174
109,WS_SEND_START,1516300043592,174
109,WS_SEND_END,1516300043592,174
109,WS_RECV_START,1516300043592,175
109,WS_RECV_END,1516300044054,175
109,PLAYER_SLEEPBEFORE_START,1516300044054,176
109,PLAYER_SLEEPBEFORE_END,1516300065815,176
109,WS_SEND_START,1516300065815,176
109,WS_SEND_END,1516300065815,176
109,PLAYER_SLEEPBEFORE_START,1516300065815,177
109,PLAYER_SLEEPBEFORE_END,1516300068333,177
109,WS_SEND_START,1516300068333,177
109,WS_SEND_END,1516300068333,177
109,WS_RECV_START,1516300068333,178
109,WS_RECV_END,1516300069582,178
109,PLAYER_SLEEPBEFORE_START,1516300069582,179
109,PLAYER_SLEEPBEFORE_END,1516300091922,179
109,WS_SEND_START,1516300091922,179
109,WS_SEND_END,1516300091922,179
109,WS_RECV_START,1516300091922,180
109,WS_RECV_END,1516300092808,180
109,PLAYER_SLEEPBEFORE_START,1516300092808,181
109,PLAYER_SLEEPBEFORE_END,1516300093252,181
109,WS_SEND_START,1516300093252,181
109,WS_SEND_END,1516300093252,181
109,WS_RECV_START,1516300093252,182
109,WS_RECV_END,1516300093636,182
109,PLAYER_SLEEPBEFORE_START,1516300093636,183
109,PLAYER_SLEEPBEFORE_END,1516300094159,183
109,WS_SEND_START,1516300094159,183
109,WS_SEND_END,1516300094159,183
109,WS_RECV_START,1516300094159,184
109,WS_RECV_END,1516300095517,184
109,PLAYER_SLEEPBEFORE_START,1516300095517,185
109,PLAYER_SLEEPBEFORE_END,1516300095786,185
109,WS_SEND_START,1516300095786,185
109,WS_SEND_END,1516300095786,185
109,WS_RECV_START,1516300095786,186
109,WS_RECV_END,1516300096281,186
109,PLAYER_SLEEPBEFORE_START,1516300096281,187
109,PLAYER_SLEEPBEFORE_END,1516300118781,187
109,WS_SEND_START,1516300118781,187
109,WS_SEND_END,1516300118781,187
109,WS_RECV_START,1516300118781,188
109,WS_RECV_END,1516300121852,188
109,PLAYER_SLEEPBEFORE_START,1516300121852,189
109,PLAYER_SLEEPBEFORE_END,1516300128092,189
109,WS_SEND_START,1516300128092,189
109,WS_SEND_END,1516300128092,189
109,WS_RECV_START,1516300128092,190
109,WS_RECV_END,1516300133347,190
109,PLAYER_SLEEPBEFORE_START,1516300133347,191
109,PLAYER_SLEEPBEFORE_END,1516300135263,191
109,WS_SEND_START,1516300135263,191
109,WS_SEND_END,1516300135263,191
109,WS_RECV_START,1516300135263,192
109,WS_RECV_END,1516300139735,192
109,PLAYER_SLEEPBEFORE_START,1516300139735,193
109,PLAYER_SLEEPBEFORE_END,1516300139863,193
109,WS_SEND_START,1516300139863,193
109,WS_SEND_END,1516300139863,193
109,WS_RECV_START,1516300139863,194
109,WS_RECV_END,1516300142457,194
109,PLAYER_SLEEPBEFORE_START,1516300142457,195
109,PLAYER_SLEEPBEFORE_END,1516300144212,195
109,WS_SEND_START,1516300144212,195
109,WS_SEND_END,1516300144212,195
109,WS_RECV_START,1516300144212,196
109,WS_RECV_END,1516300145502,196
109,PLAYER_SLEEPBEFORE_START,1516300145502,197
109,PLAYER_SLEEPBEFORE_END,1516300147306,197
109,WS_SEND_START,1516300147306,197
109,WS_SEND_END,1516300147306,197
109,WS_RECV_START,1516300147306,198
109,WS_RECV_END,1516300149472,198
109,PLAYER_SLEEPBEFORE_START,1516300149472,199
109,PLAYER_SLEEPBEFORE_END,1516300161326,199
109,WS_SEND_START,1516300161326,199
109,WS_SEND_END,1516300161326,199
109,PLAYER_SLEEPBEFORE_START,1516300161326,200
109,PLAYER_SLEEPBEFORE_END,1516300165414,200
109,WS_SEND_START,1516300165414,200
109,WS_SEND_END,1516300165414,200
109,WS_RECV_START,1516300165414,201
109,WS_RECV_END,1516300167115,201
109,PLAYER_SLEEPBEFORE_START,1516300167115,202
109,PLAYER_SLEEPBEFORE_END,1516300167129,202
109,WS_SEND_START,1516300167129,202
109,WS_SEND_END,1516300167129,202
109,WS_RECV_START,1516300167129,203
109,WS_RECV_END,1516300171047,203
109,PLAYER_SLEEPBEFORE_START,1516300171047,204
109,PLAYER_SLEEPBEFORE_END,1516300190696,204
109,WS_SEND_START,1516300190696,204
109,WS_SEND_END,1516300190696,204
109,PLAYER_SLEEPBEFORE_START,1516300190696,205
109,PLAYER_SLEEPBEFORE_END,1516300194594,205
109,WS_SEND_START,1516300194594,205
109,WS_SEND_END,1516300194594,205
109,WS_RECV_START,1516300194594,206
109,WS_RECV_END,1516300197731,206
109,PLAYER_SLEEPBEFORE_START,1516300197731,207
109,PLAYER_SLEEPBEFORE_END,1516300214663,207
109,REQ_START,1516300214663,207
109,REQ_END,1516300214670,207
109,PLAYER_SLEEPBEFORE_START,1516300214670,208
109,PLAYER_SLEEPBEFORE_END,1516300221523,208
109,WS_CLOSE_START,1516300221523,208
109,WS_CLOSE_END,1516300221523,208
109,PLAYER_DONE,1516300221523
