# --sessions 2700 --app-url=http://shinyloadtest.rstudioservices.com/cran_explorer --output-dir test2700 --overwrite-output --log-level warn --start-interval 100 15min.log
thread_id,event,timestamp,input_line_number,comment
1126,PLAYER_SESSION_CREATE,1516299245880
1126,PLAYER_START_INTERVAL_START,1516299245880
1126,PLAYER_START_INTERVAL_END,1516299358480
1126,REQ_HOME_START,1516299358480,2
1126,REQ_HOME_END,1516299358566,2
1126,REQ_START,1516299358566,3
1126,REQ_END,1516299358714,3
1126,REQ_START,1516299358715,4
1126,REQ_END,1516299358747,4
1126,REQ_START,1516299358747,5
1126,REQ_END,1516299358779,5
1126,REQ_START,1516299358779,6
1126,REQ_END,1516299358810,6
1126,REQ_START,1516299358810,7
1126,REQ_END,1516299358843,7
1126,REQ_START,1516299358843,8
1126,REQ_END,1516299358878,8
1126,REQ_START,1516299358878,9
1126,REQ_END,1516299358912,9
1126,REQ_START,1516299358912,10
1126,REQ_END,1516299358919,10
1126,REQ_START,1516299358919,11
1126,REQ_END,1516299358951,11
1126,REQ_START,1516299358951,12
1126,REQ_END,1516299358962,12
1126,REQ_START,1516299358962,13
1126,REQ_END,1516299359003,13
1126,REQ_START,1516299359003,14
1126,REQ_END,1516299359019,14
1126,REQ_START,1516299359019,15
1126,REQ_END,1516299359054,15
1126,REQ_TOK_START,1516299359054,16
1126,REQ_TOK_END,1516299359060,16
1126,REQ_SINF_START,1516299359060,17
1126,REQ_SINF_END,1516299359067,17
1126,WS_OPEN_START,1516299359067,18
1126,WS_OPEN_END,1516299359073,18
1126,REQ_START,1516299359073,19
1126,REQ_END,1516299359126,19
1126,WS_RECV_START,1516299359126,20
1126,WS_RECV_END,1516299359126,20
1126,PLAYER_SLEEPBEFORE_START,1516299359126,21
1126,PLAYER_SLEEPBEFORE_END,1516299359131,21
1126,WS_SEND_START,1516299359131,21
1126,WS_SEND_END,1516299359131,21
1126,PLAYER_SLEEPBEFORE_START,1516299359131,22
1126,PLAYER_SLEEPBEFORE_END,1516299359132,22
1126,WS_SEND_START,1516299359132,22
1126,WS_SEND_END,1516299359132,22
1126,WS_RECV_INIT_START,1516299359132,23
1126,WS_RECV_INIT_END,1516299359150,23
1126,WS_RECV_START,1516299359150,24
1126,WS_RECV_END,1516299359199,24
1126,PLAYER_SLEEPBEFORE_START,1516299359200,25
1126,PLAYER_SLEEPBEFORE_END,1516299359207,25
1126,REQ_START,1516299359207,25
1126,REQ_END,1516299359270,25
1126,PLAYER_SLEEPBEFORE_START,1516299359270,26
1126,PLAYER_SLEEPBEFORE_END,1516299359271,26
1126,REQ_START,1516299359271,26
1126,REQ_END,1516299359305,26
1126,PLAYER_SLEEPBEFORE_START,1516299359305,27
1126,PLAYER_SLEEPBEFORE_END,1516299359308,27
1126,REQ_START,1516299359308,27
1126,REQ_END,1516299359339,27
1126,PLAYER_SLEEPBEFORE_START,1516299359339,28
1126,PLAYER_SLEEPBEFORE_END,1516299359624,28
1126,REQ_START,1516299359624,28
1126,REQ_END,1516299359658,28
1126,PLAYER_SLEEPBEFORE_START,1516299359658,29
1126,PLAYER_SLEEPBEFORE_END,1516299359833,29
1126,WS_SEND_START,1516299359833,29
1126,WS_SEND_END,1516299359833,29
1126,WS_RECV_START,1516299359833,30
1126,WS_RECV_END,1516299359973,30
1126,PLAYER_SLEEPBEFORE_START,1516299359973,31
1126,PLAYER_SLEEPBEFORE_END,1516299359985,31
1126,REQ_START,1516299359985,31
1126,REQ_END,1516299360051,31
1126,PLAYER_SLEEPBEFORE_START,1516299360052,32
1126,PLAYER_SLEEPBEFORE_END,1516299388197,32
1126,WS_SEND_START,1516299388197,32
1126,WS_SEND_END,1516299388197,32
1126,WS_RECV_START,1516299388197,33
1126,WS_RECV_END,1516299388478,33
1126,PLAYER_SLEEPBEFORE_START,1516299388478,34
1126,PLAYER_SLEEPBEFORE_END,1516299414389,34
1126,WS_SEND_START,1516299414389,34
1126,WS_SEND_END,1516299414389,34
1126,WS_RECV_START,1516299414389,35
1126,WS_RECV_END,1516299414545,35
1126,PLAYER_SLEEPBEFORE_START,1516299414545,36
1126,PLAYER_SLEEPBEFORE_END,1516299414554,36
1126,WS_SEND_START,1516299414554,36
1126,WS_SEND_END,1516299414554,36
1126,WS_RECV_START,1516299414554,37
1126,WS_RECV_END,1516299414597,37
1126,PLAYER_SLEEPBEFORE_START,1516299414597,38
1126,PLAYER_SLEEPBEFORE_END,1516299417792,38
1126,WS_SEND_START,1516299417792,38
1126,WS_SEND_END,1516299417792,38
1126,WS_RECV_START,1516299417792,39
1126,WS_RECV_END,1516299418280,39
1126,PLAYER_SLEEPBEFORE_START,1516299418280,40
1126,PLAYER_SLEEPBEFORE_END,1516299418326,40
1126,WS_SEND_START,1516299418326,40
1126,WS_SEND_END,1516299418326,40
1126,WS_RECV_START,1516299418326,41
1126,WS_RECV_END,1516299418493,41
1126,PLAYER_SLEEPBEFORE_START,1516299418493,42
1126,PLAYER_SLEEPBEFORE_END,1516299436628,42
1126,WS_SEND_START,1516299436628,42
1126,WS_SEND_END,1516299436628,42
1126,WS_RECV_START,1516299436628,43
1126,WS_RECV_END,1516299436679,43
1126,PLAYER_SLEEPBEFORE_START,1516299436679,44
1126,PLAYER_SLEEPBEFORE_END,1516299436713,44
1126,WS_SEND_START,1516299436713,44
1126,WS_SEND_END,1516299436713,44
1126,WS_RECV_START,1516299436713,45
1126,WS_RECV_END,1516299436833,45
1126,PLAYER_SLEEPBEFORE_START,1516299436833,46
1126,PLAYER_SLEEPBEFORE_END,1516299438093,46
1126,WS_SEND_START,1516299438093,46
1126,WS_SEND_END,1516299438093,46
1126,WS_RECV_START,1516299438093,47
1126,WS_RECV_END,1516299438172,47
1126,PLAYER_SLEEPBEFORE_START,1516299438172,48
1126,PLAYER_SLEEPBEFORE_END,1516299439492,48
1126,WS_SEND_START,1516299439492,48
1126,WS_SEND_END,1516299439492,48
1126,WS_RECV_START,1516299439492,49
1126,WS_RECV_END,1516299439773,49
1126,PLAYER_SLEEPBEFORE_START,1516299439773,50
1126,PLAYER_SLEEPBEFORE_END,1516299439797,50
1126,WS_SEND_START,1516299439797,50
1126,WS_SEND_END,1516299439798,50
1126,WS_RECV_START,1516299439798,51
1126,WS_RECV_END,1516299439963,51
1126,PLAYER_SLEEPBEFORE_START,1516299439963,52
1126,PLAYER_SLEEPBEFORE_END,1516299462548,52
1126,WS_SEND_START,1516299462548,52
1126,WS_SEND_END,1516299462548,52
1126,WS_RECV_START,1516299462548,53
1126,WS_RECV_END,1516299462703,53
1126,PLAYER_SLEEPBEFORE_START,1516299462703,54
1126,PLAYER_SLEEPBEFORE_END,1516299484006,54
1126,WS_SEND_START,1516299484007,54
1126,WS_SEND_END,1516299484007,54
1126,PLAYER_SLEEPBEFORE_START,1516299484007,55
1126,PLAYER_SLEEPBEFORE_END,1516299485948,55
1126,WS_SEND_START,1516299485948,55
1126,WS_SEND_END,1516299485948,55
1126,WS_RECV_START,1516299485948,56
1126,WS_RECV_END,1516299486176,56
1126,PLAYER_SLEEPBEFORE_START,1516299486176,57
1126,PLAYER_SLEEPBEFORE_END,1516299509048,57
1126,WS_SEND_START,1516299509048,57
1126,WS_SEND_END,1516299509048,57
1126,WS_RECV_START,1516299509048,58
1126,WS_RECV_END,1516299509710,58
1126,PLAYER_SLEEPBEFORE_START,1516299509710,59
1126,PLAYER_SLEEPBEFORE_END,1516299512038,59
1126,WS_SEND_START,1516299512038,59
1126,WS_SEND_END,1516299512038,59
1126,WS_RECV_START,1516299512038,60
1126,WS_RECV_END,1516299512946,60
1126,PLAYER_SLEEPBEFORE_START,1516299512946,61
1126,PLAYER_SLEEPBEFORE_END,1516299516537,61
1126,WS_SEND_START,1516299516537,61
1126,WS_SEND_END,1516299516537,61
1126,WS_RECV_START,1516299516537,62
1126,WS_RECV_END,1516299517575,62
1126,PLAYER_SLEEPBEFORE_START,1516299517575,63
1126,PLAYER_SLEEPBEFORE_END,1516299536837,63
1126,WS_SEND_START,1516299536837,63
1126,WS_SEND_END,1516299536837,63
1126,WS_RECV_START,1516299536837,64
1126,WS_RECV_END,1516299539391,64
1126,PLAYER_SLEEPBEFORE_START,1516299539391,65
1126,PLAYER_SLEEPBEFORE_END,1516299566208,65
1126,WS_SEND_START,1516299566208,65
1126,WS_SEND_END,1516299566208,65
1126,WS_RECV_START,1516299566208,66
1126,WS_RECV_END,1516299567209,66
1126,PLAYER_SLEEPBEFORE_START,1516299567209,67
1126,PLAYER_SLEEPBEFORE_END,1516299568716,67
1126,WS_SEND_START,1516299568716,67
1126,WS_SEND_END,1516299568716,67
1126,WS_RECV_START,1516299568716,68
1126,WS_RECV_END,1516299569128,68
1126,PLAYER_SLEEPBEFORE_START,1516299569128,69
1126,PLAYER_SLEEPBEFORE_END,1516299591126,69
1126,WS_SEND_START,1516299591126,69
1126,WS_SEND_END,1516299591126,69
1126,WS_RECV_START,1516299591126,70
1126,WS_RECV_END,1516299593352,70
1126,PLAYER_SLEEPBEFORE_START,1516299593352,71
1126,PLAYER_SLEEPBEFORE_END,1516299618127,71
1126,WS_SEND_START,1516299618127,71
1126,WS_SEND_END,1516299618127,71
1126,PLAYER_SLEEPBEFORE_START,1516299618127,72
1126,PLAYER_SLEEPBEFORE_END,1516299620734,72
1126,WS_SEND_START,1516299620734,72
1126,WS_SEND_END,1516299620735,72
1126,WS_RECV_START,1516299620735,73
1126,WS_RECV_END,1516299622334,73
1126,PLAYER_SLEEPBEFORE_START,1516299622334,74
1126,PLAYER_SLEEPBEFORE_END,1516299622343,74
1126,WS_SEND_START,1516299622343,74
1126,WS_SEND_END,1516299622343,74
1126,WS_RECV_START,1516299622343,75
1126,WS_RECV_END,1516299622705,75
1126,PLAYER_SLEEPBEFORE_START,1516299622705,76
1126,PLAYER_SLEEPBEFORE_END,1516299624211,76
1126,WS_SEND_START,1516299624211,76
1126,WS_SEND_END,1516299624211,76
1126,WS_RECV_START,1516299624211,77
1126,WS_RECV_END,1516299625691,77
1126,PLAYER_SLEEPBEFORE_START,1516299625691,78
1126,PLAYER_SLEEPBEFORE_END,1516299626559,78
1126,WS_SEND_START,1516299626559,78
1126,WS_SEND_END,1516299626559,78
1126,WS_RECV_START,1516299626559,79
1126,WS_RECV_END,1516299627181,79
1126,PLAYER_SLEEPBEFORE_START,1516299627181,80
1126,PLAYER_SLEEPBEFORE_END,1516299634848,80
1126,WS_SEND_START,1516299634848,80
1126,WS_SEND_END,1516299634848,80
1126,WS_RECV_START,1516299634848,81
1126,WS_RECV_END,1516299636781,81
1126,PLAYER_SLEEPBEFORE_START,1516299636781,82
1126,PLAYER_SLEEPBEFORE_END,1516299637883,82
1126,WS_SEND_START,1516299637883,82
1126,WS_SEND_END,1516299637883,82
1126,WS_RECV_START,1516299637883,83
1126,WS_RECV_END,1516299641050,83
1126,PLAYER_SLEEPBEFORE_START,1516299641050,84
1126,PLAYER_SLEEPBEFORE_END,1516299641997,84
1126,WS_SEND_START,1516299641997,84
1126,WS_SEND_END,1516299641997,84
1126,WS_RECV_START,1516299641997,85
1126,WS_RECV_END,1516299643076,85
1126,PLAYER_SLEEPBEFORE_START,1516299643076,86
1126,PLAYER_SLEEPBEFORE_END,1516299647248,86
1126,WS_SEND_START,1516299647248,86
1126,WS_SEND_END,1516299647248,86
1126,WS_RECV_START,1516299647248,87
1126,WS_RECV_END,1516299649272,87
1126,PLAYER_SLEEPBEFORE_START,1516299649272,88
1126,PLAYER_SLEEPBEFORE_END,1516299649280,88
1126,WS_SEND_START,1516299649280,88
1126,WS_SEND_END,1516299649280,88
1126,WS_RECV_START,1516299649280,89
1126,WS_RECV_END,1516299650244,89
1126,PLAYER_SLEEPBEFORE_START,1516299650244,90
1126,PLAYER_SLEEPBEFORE_END,1516299677441,90
1126,REQ_START,1516299677441,90
1126,REQ_END,1516299677449,90
1126,PLAYER_SLEEPBEFORE_START,1516299677449,91
1126,PLAYER_SLEEPBEFORE_END,1516299685338,91
1126,WS_SEND_START,1516299685338,91
1126,WS_SEND_END,1516299685338,91
1126,WS_RECV_START,1516299685338,92
1126,WS_RECV_END,1516299685887,92
1126,PLAYER_SLEEPBEFORE_START,1516299685887,93
1126,PLAYER_SLEEPBEFORE_END,1516299685902,93
1126,WS_SEND_START,1516299685902,93
1126,WS_SEND_END,1516299685902,93
1126,WS_RECV_START,1516299685902,94
1126,WS_RECV_END,1516299686067,94
1126,PLAYER_SLEEPBEFORE_START,1516299686067,95
1126,PLAYER_SLEEPBEFORE_END,1516299709622,95
1126,WS_SEND_START,1516299709622,95
1126,WS_SEND_END,1516299709622,95
1126,WS_RECV_START,1516299709622,96
1126,WS_RECV_END,1516299709934,96
1126,PLAYER_SLEEPBEFORE_START,1516299709934,97
1126,PLAYER_SLEEPBEFORE_END,1516299732374,97
1126,WS_SEND_START,1516299732374,97
1126,WS_SEND_END,1516299732374,97
1126,WS_RECV_START,1516299732374,98
1126,WS_RECV_END,1516299736712,98
1126,PLAYER_SLEEPBEFORE_START,1516299736712,99
1126,PLAYER_SLEEPBEFORE_END,1516299736733,99
1126,WS_SEND_START,1516299736733,99
1126,WS_SEND_END,1516299736733,99
1126,WS_RECV_START,1516299736733,100
1126,WS_RECV_END,1516299737946,100
1126,PLAYER_SLEEPBEFORE_START,1516299737946,101
1126,PLAYER_SLEEPBEFORE_END,1516299761505,101
1126,WS_SEND_START,1516299761505,101
1126,WS_SEND_END,1516299761505,101
1126,WS_RECV_START,1516299761505,102
1126,WS_RECV_END,1516299763933,102
1126,PLAYER_SLEEPBEFORE_START,1516299763933,103
1126,PLAYER_SLEEPBEFORE_END,1516299787558,103
1126,WS_SEND_START,1516299787558,103
1126,WS_SEND_END,1516299787558,103
1126,WS_RECV_START,1516299787558,104
1126,WS_RECV_END,1516299790832,104
1126,PLAYER_SLEEPBEFORE_START,1516299790832,105
1126,PLAYER_SLEEPBEFORE_END,1516299816209,105
1126,WS_SEND_START,1516299816209,105
1126,WS_SEND_END,1516299816209,105
1126,WS_RECV_START,1516299816209,106
1126,WS_RECV_END,1516299816671,106
1126,PLAYER_SLEEPBEFORE_START,1516299816671,107
1126,PLAYER_SLEEPBEFORE_END,1516299840094,107
1126,WS_SEND_START,1516299840094,107
1126,WS_SEND_END,1516299840094,107
1126,WS_RECV_START,1516299840094,108
1126,WS_RECV_END,1516299842056,108
1126,PLAYER_SLEEPBEFORE_START,1516299842056,109
1126,PLAYER_SLEEPBEFORE_END,1516299842066,109
1126,WS_SEND_START,1516299842066,109
1126,WS_SEND_END,1516299842066,109
1126,WS_RECV_START,1516299842066,110
1126,WS_RECV_END,1516299842326,110
1126,PLAYER_SLEEPBEFORE_START,1516299842326,111
1126,PLAYER_SLEEPBEFORE_END,1516299843285,111
1126,WS_SEND_START,1516299843285,111
1126,WS_SEND_END,1516299843285,111
1126,WS_RECV_START,1516299843285,112
1126,WS_RECV_END,1516299843819,112
1126,PLAYER_SLEEPBEFORE_START,1516299843819,113
1126,PLAYER_SLEEPBEFORE_END,1516299844381,113
1126,WS_SEND_START,1516299844381,113
1126,WS_SEND_END,1516299844381,113
1126,WS_RECV_START,1516299844381,114
1126,WS_RECV_END,1516299845797,114
1126,PLAYER_SLEEPBEFORE_START,1516299845797,115
1126,PLAYER_SLEEPBEFORE_END,1516299845806,115
1126,WS_SEND_START,1516299845806,115
1126,WS_SEND_END,1516299845806,115
1126,WS_RECV_START,1516299845806,116
1126,WS_RECV_END,1516299846105,116
1126,PLAYER_SLEEPBEFORE_START,1516299846105,117
1126,PLAYER_SLEEPBEFORE_END,1516299866466,117
1126,WS_SEND_START,1516299866466,117
1126,WS_SEND_END,1516299866466,117
1126,PLAYER_SLEEPBEFORE_START,1516299866466,118
1126,PLAYER_SLEEPBEFORE_END,1516299870218,118
1126,WS_SEND_START,1516299870218,118
1126,WS_SEND_END,1516299870218,118
1126,WS_RECV_START,1516299870218,119
1126,WS_RECV_END,1516299872594,119
1126,PLAYER_SLEEPBEFORE_START,1516299872594,120
1126,PLAYER_SLEEPBEFORE_END,1516299873582,120
1126,WS_SEND_START,1516299873582,120
1126,WS_SEND_END,1516299873582,120
1126,WS_RECV_START,1516299873582,121
1126,WS_RECV_END,1516299876111,121
1126,PLAYER_SLEEPBEFORE_START,1516299876111,122
1126,PLAYER_SLEEPBEFORE_END,1516299877296,122
1126,WS_SEND_START,1516299877296,122
1126,WS_SEND_END,1516299877296,122
1126,WS_RECV_START,1516299877296,123
1126,WS_RECV_END,1516299880298,123
1126,PLAYER_SLEEPBEFORE_START,1516299880298,124
1126,PLAYER_SLEEPBEFORE_END,1516299904703,124
1126,WS_SEND_START,1516299904703,124
1126,WS_SEND_END,1516299904703,124
1126,WS_RECV_START,1516299904703,125
1126,WS_RECV_END,1516299906675,125
1126,PLAYER_SLEEPBEFORE_START,1516299906675,126
1126,PLAYER_SLEEPBEFORE_END,1516299927187,126
1126,WS_SEND_START,1516299927187,126
1126,WS_SEND_END,1516299927187,126
1126,PLAYER_SLEEPBEFORE_START,1516299927187,127
1126,PLAYER_SLEEPBEFORE_END,1516299930241,127
1126,WS_SEND_START,1516299930241,127
1126,WS_SEND_END,1516299930241,127
1126,WS_RECV_START,1516299930241,128
1126,WS_RECV_END,1516299930489,128
1126,PLAYER_SLEEPBEFORE_START,1516299930489,129
1126,PLAYER_SLEEPBEFORE_END,1516299930509,129
1126,WS_SEND_START,1516299930509,129
1126,WS_SEND_END,1516299930509,129
1126,WS_RECV_START,1516299930509,130
1126,WS_RECV_END,1516299930783,130
1126,PLAYER_SLEEPBEFORE_START,1516299930783,131
1126,PLAYER_SLEEPBEFORE_END,1516299952407,131
1126,WS_SEND_START,1516299952407,131
1126,WS_SEND_END,1516299952407,131
1126,PLAYER_SLEEPBEFORE_START,1516299952407,132
1126,PLAYER_SLEEPBEFORE_END,1516299955487,132
1126,WS_SEND_START,1516299955487,132
1126,WS_SEND_END,1516299955487,132
1126,WS_RECV_START,1516299955487,133
1126,WS_RECV_END,1516299955823,133
1126,PLAYER_SLEEPBEFORE_START,1516299955823,134
1126,PLAYER_SLEEPBEFORE_END,1516299977040,134
1126,WS_SEND_START,1516299977040,134
1126,WS_SEND_END,1516299977040,134
1126,PLAYER_SLEEPBEFORE_START,1516299977040,135
1126,PLAYER_SLEEPBEFORE_END,1516299980230,135
1126,WS_SEND_START,1516299980230,135
1126,WS_SEND_END,1516299980230,135
1126,WS_RECV_START,1516299980230,136
1126,WS_RECV_END,1516299981330,136
1126,PLAYER_SLEEPBEFORE_START,1516299981330,137
1126,PLAYER_SLEEPBEFORE_END,1516299981337,137
1126,WS_SEND_START,1516299981337,137
1126,WS_SEND_END,1516299981337,137
1126,WS_RECV_START,1516299981338,138
1126,WS_RECV_END,1516299982109,138
1126,PLAYER_SLEEPBEFORE_START,1516299982110,139
1126,PLAYER_SLEEPBEFORE_END,1516299982800,139
1126,WS_SEND_START,1516299982800,139
1126,WS_SEND_END,1516299982800,139
1126,WS_RECV_START,1516299982800,140
1126,WS_RECV_END,1516299983305,140
1126,PLAYER_SLEEPBEFORE_START,1516299983305,141
1126,PLAYER_SLEEPBEFORE_END,1516299983961,141
1126,WS_SEND_START,1516299983961,141
1126,WS_SEND_END,1516299983961,141
1126,WS_RECV_START,1516299983961,142
1126,WS_RECV_END,1516299985481,142
1126,PLAYER_SLEEPBEFORE_START,1516299985481,143
1126,PLAYER_SLEEPBEFORE_END,1516299985538,143
1126,WS_SEND_START,1516299985538,143
1126,WS_SEND_END,1516299985538,143
1126,WS_RECV_START,1516299985538,144
1126,WS_RECV_END,1516299986481,144
1126,PLAYER_SLEEPBEFORE_START,1516299986481,145
1126,PLAYER_SLEEPBEFORE_END,1516300002543,145
1126,REQ_START,1516300002543,145
1126,REQ_END,1516300002550,145
1126,PLAYER_SLEEPBEFORE_START,1516300002550,146
1126,PLAYER_SLEEPBEFORE_END,1516300011428,146
1126,WS_SEND_START,1516300011428,146
1126,WS_SEND_END,1516300011428,146
1126,WS_RECV_START,1516300011428,147
1126,WS_RECV_END,1516300013552,147
1126,PLAYER_SLEEPBEFORE_START,1516300013552,148
1126,PLAYER_SLEEPBEFORE_END,1516300035474,148
1126,WS_SEND_START,1516300035474,148
1126,WS_SEND_END,1516300035474,148
1126,PLAYER_SLEEPBEFORE_START,1516300035474,149
1126,PLAYER_SLEEPBEFORE_END,1516300037902,149
1126,WS_SEND_START,1516300037902,149
1126,WS_SEND_END,1516300037902,149
1126,WS_RECV_START,1516300037902,150
1126,WS_RECV_END,1516300038625,150
1126,PLAYER_SLEEPBEFORE_START,1516300038625,151
1126,PLAYER_SLEEPBEFORE_END,1516300038835,151
1126,WS_SEND_START,1516300038835,151
1126,WS_SEND_END,1516300038836,151
1126,WS_RECV_START,1516300038836,152
1126,WS_RECV_END,1516300039617,152
1126,PLAYER_SLEEPBEFORE_START,1516300039617,153
1126,PLAYER_SLEEPBEFORE_END,1516300063544,153
1126,WS_SEND_START,1516300063544,153
1126,WS_SEND_END,1516300063544,153
1126,WS_RECV_START,1516300063544,154
1126,WS_RECV_END,1516300064620,154
1126,PLAYER_SLEEPBEFORE_START,1516300064620,155
1126,PLAYER_SLEEPBEFORE_END,1516300087178,155
1126,WS_SEND_START,1516300087178,155
1126,WS_SEND_END,1516300087178,155
1126,PLAYER_SLEEPBEFORE_START,1516300087178,156
1126,PLAYER_SLEEPBEFORE_END,1516300090452,156
1126,WS_SEND_START,1516300090452,156
1126,WS_SEND_END,1516300090452,156
1126,WS_RECV_START,1516300090452,157
1126,WS_RECV_END,1516300090935,157
1126,PLAYER_SLEEPBEFORE_START,1516300090935,158
1126,PLAYER_SLEEPBEFORE_END,1516300090945,158
1126,WS_SEND_START,1516300090945,158
1126,WS_SEND_END,1516300090945,158
1126,WS_RECV_START,1516300090945,159
1126,WS_RECV_END,1516300091216,159
1126,PLAYER_SLEEPBEFORE_START,1516300091216,160
1126,PLAYER_SLEEPBEFORE_END,1516300091392,160
1126,WS_SEND_START,1516300091392,160
1126,WS_SEND_END,1516300091392,160
1126,WS_RECV_START,1516300091392,161
1126,WS_RECV_END,1516300091723,161
1126,PLAYER_SLEEPBEFORE_START,1516300091723,162
1126,PLAYER_SLEEPBEFORE_END,1516300091748,162
1126,WS_SEND_START,1516300091748,162
1126,WS_SEND_END,1516300091748,162
1126,WS_RECV_START,1516300091748,163
1126,WS_RECV_END,1516300091983,163
1126,PLAYER_SLEEPBEFORE_START,1516300091983,164
1126,PLAYER_SLEEPBEFORE_END,1516300112795,164
1126,WS_SEND_START,1516300112795,164
1126,WS_SEND_END,1516300112795,164
1126,WS_RECV_START,1516300112795,165
1126,WS_RECV_END,1516300113902,165
1126,PLAYER_SLEEPBEFORE_START,1516300113902,166
1126,PLAYER_SLEEPBEFORE_END,1516300136357,166
1126,WS_SEND_START,1516300136357,166
1126,WS_SEND_END,1516300136357,166
1126,WS_RECV_START,1516300136357,167
1126,WS_RECV_END,1516300140101,167
1126,PLAYER_SLEEPBEFORE_START,1516300140101,168
1126,PLAYER_SLEEPBEFORE_END,1516300167458,168
1126,WS_SEND_START,1516300167458,168
1126,WS_SEND_END,1516300167458,168
1126,WS_RECV_START,1516300167458,169
1126,WS_RECV_END,1516300173918,169
1126,PLAYER_SLEEPBEFORE_START,1516300173918,170
1126,PLAYER_SLEEPBEFORE_END,1516300173927,170
1126,WS_SEND_START,1516300173927,170
1126,WS_SEND_END,1516300173928,170
1126,WS_RECV_START,1516300173928,171
1126,WS_RECV_END,1516300176933,171
1126,PLAYER_SLEEPBEFORE_START,1516300176933,172
1126,PLAYER_SLEEPBEFORE_END,1516300177303,172
1126,WS_SEND_START,1516300177303,172
1126,WS_SEND_END,1516300177303,172
1126,WS_RECV_START,1516300177303,173
1126,WS_RECV_END,1516300180548,173
1126,PLAYER_SLEEPBEFORE_START,1516300180548,174
1126,PLAYER_SLEEPBEFORE_END,1516300180590,174
1126,WS_SEND_START,1516300180590,174
1126,WS_SEND_END,1516300180590,174
1126,WS_RECV_START,1516300180590,175
1126,WS_RECV_END,1516300184704,175
1126,PLAYER_SLEEPBEFORE_START,1516300184704,176
1126,PLAYER_SLEEPBEFORE_END,1516300206465,176
1126,WS_SEND_START,1516300206465,176
1126,WS_SEND_END,1516300206465,176
1126,PLAYER_SLEEPBEFORE_START,1516300206465,177
1126,PLAYER_SLEEPBEFORE_END,1516300208984,177
1126,WS_SEND_START,1516300208984,177
1126,WS_SEND_END,1516300208984,177
1126,WS_RECV_START,1516300208984,178
1126,WS_RECV_END,1516300214185,178
1126,PLAYER_SLEEPBEFORE_START,1516300214185,179
1126,PLAYER_SLEEPBEFORE_END,1516300236525,179
1126,WS_SEND_START,1516300236525,179
1126,WS_SEND_END,1516300236525,179
1126,WS_RECV_START,1516300236525,180
1126,WS_RECV_END,1516300240104,180
1126,PLAYER_SLEEPBEFORE_START,1516300240104,181
1126,PLAYER_SLEEPBEFORE_END,1516300240549,181
1126,WS_SEND_START,1516300240549,181
1126,WS_SEND_END,1516300240549,181
1126,WS_RECV_START,1516300240549,182
1126,WS_RECV_END,1516300242329,182
1126,PLAYER_SLEEPBEFORE_START,1516300242329,183
1126,PLAYER_SLEEPBEFORE_END,1516300242852,183
1126,WS_SEND_START,1516300242852,183
1126,WS_SEND_END,1516300242852,183
1126,WS_RECV_START,1516300242852,184
1126,WS_RECV_END,1516300245334,184
1126,PLAYER_SLEEPBEFORE_START,1516300245334,185
1126,PLAYER_SLEEPBEFORE_END,1516300245602,185
1126,WS_SEND_START,1516300245602,185
1126,WS_SEND_END,1516300245602,185
1126,WS_RECV_START,1516300245602,186
1126,WS_RECV_END,1516300247904,186
1126,PLAYER_SLEEPBEFORE_START,1516300247904,187
1126,PLAYER_SLEEPBEFORE_END,1516300270430,187
1126,WS_SEND_START,1516300270430,187
1126,WS_SEND_END,1516300270430,187
1126,WS_RECV_START,1516300270430,188
1126,WS_RECV_END,1516300272211,188
1126,PLAYER_SLEEPBEFORE_START,1516300272211,189
1126,PLAYER_SLEEPBEFORE_END,1516300278450,189
1126,WS_SEND_START,1516300278450,189
1126,WS_SEND_END,1516300278450,189
1126,WS_RECV_START,1516300278450,190
1126,WS_RECV_END,1516300280613,190
1126,PLAYER_SLEEPBEFORE_START,1516300280613,191
1126,PLAYER_SLEEPBEFORE_END,1516300282528,191
1126,WS_SEND_START,1516300282528,191
1126,WS_SEND_END,1516300282528,191
1126,WS_RECV_START,1516300282528,192
1126,WS_RECV_END,1516300283996,192
1126,PLAYER_SLEEPBEFORE_START,1516300283996,193
1126,PLAYER_SLEEPBEFORE_END,1516300284124,193
1126,WS_SEND_START,1516300284124,193
1126,WS_SEND_END,1516300284124,193
1126,WS_RECV_START,1516300284124,194
1126,WS_RECV_END,1516300284854,194
1126,PLAYER_SLEEPBEFORE_START,1516300284854,195
1126,PLAYER_SLEEPBEFORE_END,1516300286609,195
1126,WS_SEND_START,1516300286609,195
1126,WS_SEND_END,1516300286609,195
1126,WS_RECV_START,1516300286609,196
1126,WS_RECV_END,1516300287468,196
1126,PLAYER_SLEEPBEFORE_START,1516300287468,197
1126,PLAYER_SLEEPBEFORE_END,1516300289272,197
1126,WS_SEND_START,1516300289272,197
1126,WS_SEND_END,1516300289272,197
1126,WS_RECV_START,1516300289272,198
1126,WS_RECV_END,1516300290080,198
1126,PLAYER_SLEEPBEFORE_START,1516300290080,199
1126,PLAYER_SLEEPBEFORE_END,1516300301935,199
1126,WS_SEND_START,1516300301935,199
1126,WS_SEND_END,1516300301935,199
1126,PLAYER_SLEEPBEFORE_START,1516300301935,200
1126,PLAYER_SLEEPBEFORE_END,1516300306023,200
1126,WS_SEND_START,1516300306023,200
1126,WS_SEND_END,1516300306023,200
1126,WS_RECV_START,1516300306023,201
1126,WS_RECV_END,1516300306174,201
1126,PLAYER_SLEEPBEFORE_START,1516300306174,202
1126,PLAYER_SLEEPBEFORE_END,1516300306188,202
1126,WS_SEND_START,1516300306188,202
1126,WS_SEND_END,1516300306188,202
1126,WS_RECV_START,1516300306188,203
1126,WS_RECV_END,1516300306439,203
1126,PLAYER_SLEEPBEFORE_START,1516300306439,204
1126,PLAYER_SLEEPBEFORE_END,1516300326089,204
1126,WS_SEND_START,1516300326089,204
1126,WS_SEND_END,1516300326089,204
1126,PLAYER_SLEEPBEFORE_START,1516300326089,205
1126,PLAYER_SLEEPBEFORE_END,1516300329987,205
1126,WS_SEND_START,1516300329987,205
1126,WS_SEND_END,1516300329987,205
1126,WS_RECV_START,1516300329987,206
1126,WS_RECV_END,1516300330313,206
1126,PLAYER_SLEEPBEFORE_START,1516300330313,207
1126,PLAYER_SLEEPBEFORE_END,1516300347244,207
1126,REQ_START,1516300347244,207
1126,REQ_END,1516300347252,207
1126,PLAYER_SLEEPBEFORE_START,1516300347252,208
1126,PLAYER_SLEEPBEFORE_END,1516300354104,208
1126,WS_CLOSE_START,1516300354104,208
1126,WS_CLOSE_END,1516300354104,208
1126,PLAYER_DONE,1516300354104
