# --sessions 2700 --app-url=http://shinyloadtest.rstudioservices.com/cran_explorer --output-dir test2700 --overwrite-output --log-level warn --start-interval 100 15min.log
thread_id,event,timestamp,input_line_number,comment
115,PLAYER_SESSION_CREATE,1516299245306
115,PLAYER_START_INTERVAL_START,1516299245306
115,PLAYER_START_INTERVAL_END,1516299256806
115,REQ_HOME_START,1516299256806,2
115,REQ_HOME_END,1516299256899,2
115,REQ_START,1516299256899,3
115,REQ_END,1516299256935,3
115,REQ_START,1516299256935,4
115,REQ_END,1516299256971,4
115,REQ_START,1516299256971,5
115,REQ_END,1516299257010,5
115,REQ_START,1516299257010,6
115,REQ_END,1516299257048,6
115,REQ_START,1516299257048,7
115,REQ_END,1516299257087,7
115,REQ_START,1516299257087,8
115,REQ_END,1516299257128,8
115,REQ_START,1516299257128,9
115,REQ_END,1516299257173,9
115,REQ_START,1516299257173,10
115,REQ_END,1516299257179,10
115,REQ_START,1516299257179,11
115,REQ_END,1516299257213,11
115,REQ_START,1516299257213,12
115,REQ_END,1516299257222,12
115,REQ_START,1516299257222,13
115,REQ_END,1516299257257,13
115,REQ_START,1516299257257,14
115,REQ_END,1516299257269,14
115,REQ_START,1516299257269,15
115,REQ_END,1516299257312,15
115,REQ_TOK_START,1516299257312,16
115,REQ_TOK_END,1516299257317,16
115,REQ_SINF_START,1516299257317,17
115,REQ_SINF_END,1516299257323,17
115,WS_OPEN_START,1516299257323,18
115,WS_OPEN_END,1516299257328,18
115,REQ_START,1516299257328,19
115,REQ_END,1516299257359,19
115,WS_RECV_START,1516299257359,20
115,WS_RECV_END,1516299257359,20
115,PLAYER_SLEEPBEFORE_START,1516299257359,21
115,PLAYER_SLEEPBEFORE_END,1516299257364,21
115,WS_SEND_START,1516299257364,21
115,WS_SEND_END,1516299257364,21
115,PLAYER_SLEEPBEFORE_START,1516299257364,22
115,PLAYER_SLEEPBEFORE_END,1516299257365,22
115,WS_SEND_START,1516299257365,22
115,WS_SEND_END,1516299257365,22
115,WS_RECV_INIT_START,1516299257365,23
115,WS_RECV_INIT_END,1516299257384,23
115,WS_RECV_START,1516299257384,24
115,WS_RECV_END,1516299257432,24
115,PLAYER_SLEEPBEFORE_START,1516299257432,25
115,PLAYER_SLEEPBEFORE_END,1516299257439,25
115,REQ_START,1516299257439,25
115,REQ_END,1516299257477,25
115,PLAYER_SLEEPBEFORE_START,1516299257477,26
115,PLAYER_SLEEPBEFORE_END,1516299257478,26
115,REQ_START,1516299257478,26
115,REQ_END,1516299257515,26
115,PLAYER_SLEEPBEFORE_START,1516299257515,27
115,PLAYER_SLEEPBEFORE_END,1516299257518,27
115,REQ_START,1516299257518,27
115,REQ_END,1516299257560,27
115,PLAYER_SLEEPBEFORE_START,1516299257560,28
115,PLAYER_SLEEPBEFORE_END,1516299257845,28
115,REQ_START,1516299257845,28
115,REQ_END,1516299257882,28
115,PLAYER_SLEEPBEFORE_START,1516299257882,29
115,PLAYER_SLEEPBEFORE_END,1516299258058,29
115,WS_SEND_START,1516299258058,29
115,WS_SEND_END,1516299258058,29
115,WS_RECV_START,1516299258058,30
115,WS_RECV_END,1516299258153,30
115,PLAYER_SLEEPBEFORE_START,1516299258153,31
115,PLAYER_SLEEPBEFORE_END,1516299258164,31
115,REQ_START,1516299258164,31
115,REQ_END,1516299258274,31
115,PLAYER_SLEEPBEFORE_START,1516299258274,32
115,PLAYER_SLEEPBEFORE_END,1516299286419,32
115,WS_SEND_START,1516299286419,32
115,WS_SEND_END,1516299286419,32
115,WS_RECV_START,1516299286419,33
115,WS_RECV_END,1516299286550,33
115,PLAYER_SLEEPBEFORE_START,1516299286550,34
115,PLAYER_SLEEPBEFORE_END,1516299312461,34
115,WS_SEND_START,1516299312461,34
115,WS_SEND_END,1516299312461,34
115,WS_RECV_START,1516299312461,35
115,WS_RECV_END,1516299312517,35
115,PLAYER_SLEEPBEFORE_START,1516299312517,36
115,PLAYER_SLEEPBEFORE_END,1516299312526,36
115,WS_SEND_START,1516299312526,36
115,WS_SEND_END,1516299312526,36
115,WS_RECV_START,1516299312526,37
115,WS_RECV_END,1516299312591,37
115,PLAYER_SLEEPBEFORE_START,1516299312592,38
115,PLAYER_SLEEPBEFORE_END,1516299315787,38
115,WS_SEND_START,1516299315787,38
115,WS_SEND_END,1516299315787,38
115,WS_RECV_START,1516299315787,39
115,WS_RECV_END,1516299315919,39
115,PLAYER_SLEEPBEFORE_START,1516299315919,40
115,PLAYER_SLEEPBEFORE_END,1516299315965,40
115,WS_SEND_START,1516299315965,40
115,WS_SEND_END,1516299315965,40
115,WS_RECV_START,1516299315965,41
115,WS_RECV_END,1516299316077,41
115,PLAYER_SLEEPBEFORE_START,1516299316077,42
115,PLAYER_SLEEPBEFORE_END,1516299334212,42
115,WS_SEND_START,1516299334212,42
115,WS_SEND_END,1516299334212,42
115,WS_RECV_START,1516299334212,43
115,WS_RECV_END,1516299334806,43
115,PLAYER_SLEEPBEFORE_START,1516299334806,44
115,PLAYER_SLEEPBEFORE_END,1516299334818,44
115,WS_SEND_START,1516299334818,44
115,WS_SEND_END,1516299334818,44
115,WS_RECV_START,1516299334818,45
115,WS_RECV_END,1516299335012,45
115,PLAYER_SLEEPBEFORE_START,1516299335012,46
115,PLAYER_SLEEPBEFORE_END,1516299336273,46
115,WS_SEND_START,1516299336273,46
115,WS_SEND_END,1516299336273,46
115,WS_RECV_START,1516299336273,47
115,WS_RECV_END,1516299336303,47
115,PLAYER_SLEEPBEFORE_START,1516299336303,48
115,PLAYER_SLEEPBEFORE_END,1516299337623,48
115,WS_SEND_START,1516299337623,48
115,WS_SEND_END,1516299337623,48
115,WS_RECV_START,1516299337623,49
115,WS_RECV_END,1516299337997,49
115,PLAYER_SLEEPBEFORE_START,1516299337997,50
115,PLAYER_SLEEPBEFORE_END,1516299338023,50
115,WS_SEND_START,1516299338023,50
115,WS_SEND_END,1516299338023,50
115,WS_RECV_START,1516299338023,51
115,WS_RECV_END,1516299338297,51
115,PLAYER_SLEEPBEFORE_START,1516299338297,52
115,PLAYER_SLEEPBEFORE_END,1516299360861,52
115,WS_SEND_START,1516299360861,52
115,WS_SEND_END,1516299360861,52
115,WS_RECV_START,1516299360861,53
115,WS_RECV_END,1516299360985,53
115,PLAYER_SLEEPBEFORE_START,1516299360985,54
115,PLAYER_SLEEPBEFORE_END,1516299382289,54
115,WS_SEND_START,1516299382289,54
115,WS_SEND_END,1516299382289,54
115,PLAYER_SLEEPBEFORE_START,1516299382289,55
115,PLAYER_SLEEPBEFORE_END,1516299384230,55
115,WS_SEND_START,1516299384230,55
115,WS_SEND_END,1516299384230,55
115,WS_RECV_START,1516299384230,56
115,WS_RECV_END,1516299384383,56
115,PLAYER_SLEEPBEFORE_START,1516299384383,57
115,PLAYER_SLEEPBEFORE_END,1516299407256,57
115,WS_SEND_START,1516299407256,57
115,WS_SEND_END,1516299407256,57
115,WS_RECV_START,1516299407256,58
115,WS_RECV_END,1516299407295,58
115,PLAYER_SLEEPBEFORE_START,1516299407295,59
115,PLAYER_SLEEPBEFORE_END,1516299409622,59
115,WS_SEND_START,1516299409622,59
115,WS_SEND_END,1516299409622,59
115,WS_RECV_START,1516299409622,60
115,WS_RECV_END,1516299409747,60
115,PLAYER_SLEEPBEFORE_START,1516299409747,61
115,PLAYER_SLEEPBEFORE_END,1516299413338,61
115,WS_SEND_START,1516299413338,61
115,WS_SEND_END,1516299413339,61
115,WS_RECV_START,1516299413339,62
115,WS_RECV_END,1516299413442,62
115,PLAYER_SLEEPBEFORE_START,1516299413442,63
115,PLAYER_SLEEPBEFORE_END,1516299432713,63
115,WS_SEND_START,1516299432713,63
115,WS_SEND_END,1516299432713,63
115,WS_RECV_START,1516299432713,64
115,WS_RECV_END,1516299432770,64
115,PLAYER_SLEEPBEFORE_START,1516299432770,65
115,PLAYER_SLEEPBEFORE_END,1516299459865,65
115,WS_SEND_START,1516299459865,65
115,WS_SEND_END,1516299459865,65
115,WS_RECV_START,1516299459865,66
115,WS_RECV_END,1516299460207,66
115,PLAYER_SLEEPBEFORE_START,1516299460207,67
115,PLAYER_SLEEPBEFORE_END,1516299461714,67
115,WS_SEND_START,1516299461714,67
115,WS_SEND_END,1516299461714,67
115,WS_RECV_START,1516299461714,68
115,WS_RECV_END,1516299461883,68
115,PLAYER_SLEEPBEFORE_START,1516299461883,69
115,PLAYER_SLEEPBEFORE_END,1516299483881,69
115,WS_SEND_START,1516299483881,69
115,WS_SEND_END,1516299483881,69
115,WS_RECV_START,1516299483881,70
115,WS_RECV_END,1516299484093,70
115,PLAYER_SLEEPBEFORE_START,1516299484093,71
115,PLAYER_SLEEPBEFORE_END,1516299508868,71
115,WS_SEND_START,1516299508868,71
115,WS_SEND_END,1516299508868,71
115,PLAYER_SLEEPBEFORE_START,1516299508868,72
115,PLAYER_SLEEPBEFORE_END,1516299511475,72
115,WS_SEND_START,1516299511475,72
115,WS_SEND_END,1516299511475,72
115,WS_RECV_START,1516299511475,73
115,WS_RECV_END,1516299512068,73
115,PLAYER_SLEEPBEFORE_START,1516299512068,74
115,PLAYER_SLEEPBEFORE_END,1516299512077,74
115,WS_SEND_START,1516299512078,74
115,WS_SEND_END,1516299512078,74
115,WS_RECV_START,1516299512078,75
115,WS_RECV_END,1516299512418,75
115,PLAYER_SLEEPBEFORE_START,1516299512418,76
115,PLAYER_SLEEPBEFORE_END,1516299513924,76
115,WS_SEND_START,1516299513924,76
115,WS_SEND_END,1516299513924,76
115,WS_RECV_START,1516299513924,77
115,WS_RECV_END,1516299514293,77
115,PLAYER_SLEEPBEFORE_START,1516299514293,78
115,PLAYER_SLEEPBEFORE_END,1516299515162,78
115,WS_SEND_START,1516299515162,78
115,WS_SEND_END,1516299515162,78
115,WS_RECV_START,1516299515162,79
115,WS_RECV_END,1516299515734,79
115,PLAYER_SLEEPBEFORE_START,1516299515734,80
115,PLAYER_SLEEPBEFORE_END,1516299523400,80
115,WS_SEND_START,1516299523400,80
115,WS_SEND_END,1516299523400,80
115,WS_RECV_START,1516299523400,81
115,WS_RECV_END,1516299523517,81
115,PLAYER_SLEEPBEFORE_START,1516299523517,82
115,PLAYER_SLEEPBEFORE_END,1516299524619,82
115,WS_SEND_START,1516299524619,82
115,WS_SEND_END,1516299524619,82
115,WS_RECV_START,1516299524619,83
115,WS_RECV_END,1516299524998,83
115,PLAYER_SLEEPBEFORE_START,1516299524998,84
115,PLAYER_SLEEPBEFORE_END,1516299525945,84
115,WS_SEND_START,1516299525945,84
115,WS_SEND_END,1516299525945,84
115,WS_RECV_START,1516299525945,85
115,WS_RECV_END,1516299527334,85
115,PLAYER_SLEEPBEFORE_START,1516299527334,86
115,PLAYER_SLEEPBEFORE_END,1516299531506,86
115,WS_SEND_START,1516299531506,86
115,WS_SEND_END,1516299531506,86
115,WS_RECV_START,1516299531506,87
115,WS_RECV_END,1516299532565,87
115,PLAYER_SLEEPBEFORE_START,1516299532565,88
115,PLAYER_SLEEPBEFORE_END,1516299532573,88
115,WS_SEND_START,1516299532573,88
115,WS_SEND_END,1516299532573,88
115,WS_RECV_START,1516299532573,89
115,WS_RECV_END,1516299533214,89
115,PLAYER_SLEEPBEFORE_START,1516299533214,90
115,PLAYER_SLEEPBEFORE_END,1516299560411,90
115,REQ_START,1516299560411,90
115,REQ_END,1516299560416,90
115,PLAYER_SLEEPBEFORE_START,1516299560416,91
115,PLAYER_SLEEPBEFORE_END,1516299568305,91
115,WS_SEND_START,1516299568305,91
115,WS_SEND_END,1516299568305,91
115,WS_RECV_START,1516299568305,92
115,WS_RECV_END,1516299569372,92
115,PLAYER_SLEEPBEFORE_START,1516299569372,93
115,PLAYER_SLEEPBEFORE_END,1516299569387,93
115,WS_SEND_START,1516299569387,93
115,WS_SEND_END,1516299569387,93
115,WS_RECV_START,1516299569387,94
115,WS_RECV_END,1516299569873,94
115,PLAYER_SLEEPBEFORE_START,1516299569873,95
115,PLAYER_SLEEPBEFORE_END,1516299593428,95
115,WS_SEND_START,1516299593428,95
115,WS_SEND_END,1516299593429,95
115,WS_RECV_START,1516299593429,96
115,WS_RECV_END,1516299594978,96
115,PLAYER_SLEEPBEFORE_START,1516299594978,97
115,PLAYER_SLEEPBEFORE_END,1516299617418,97
115,WS_SEND_START,1516299617418,97
115,WS_SEND_END,1516299617418,97
115,WS_RECV_START,1516299617418,98
115,WS_RECV_END,1516299618825,98
115,PLAYER_SLEEPBEFORE_START,1516299618826,99
115,PLAYER_SLEEPBEFORE_END,1516299618847,99
115,WS_SEND_START,1516299618847,99
115,WS_SEND_END,1516299618847,99
115,WS_RECV_START,1516299618847,100
115,WS_RECV_END,1516299619313,100
115,PLAYER_SLEEPBEFORE_START,1516299619313,101
115,PLAYER_SLEEPBEFORE_END,1516299642872,101
115,WS_SEND_START,1516299642872,101
115,WS_SEND_END,1516299642872,101
115,WS_RECV_START,1516299642872,102
115,WS_RECV_END,1516299643140,102
115,PLAYER_SLEEPBEFORE_START,1516299643140,103
115,PLAYER_SLEEPBEFORE_END,1516299666766,103
115,WS_SEND_START,1516299666766,103
115,WS_SEND_END,1516299666766,103
115,WS_RECV_START,1516299666766,104
115,WS_RECV_END,1516299667433,104
115,PLAYER_SLEEPBEFORE_START,1516299667433,105
115,PLAYER_SLEEPBEFORE_END,1516299692811,105
115,WS_SEND_START,1516299692811,105
115,WS_SEND_END,1516299692811,105
115,WS_RECV_START,1516299692811,106
115,WS_RECV_END,1516299693083,106
115,PLAYER_SLEEPBEFORE_START,1516299693083,107
115,PLAYER_SLEEPBEFORE_END,1516299716506,107
115,WS_SEND_START,1516299716506,107
115,WS_SEND_END,1516299716506,107
115,WS_RECV_START,1516299716506,108
115,WS_RECV_END,1516299717666,108
115,PLAYER_SLEEPBEFORE_START,1516299717666,109
115,PLAYER_SLEEPBEFORE_END,1516299717675,109
115,WS_SEND_START,1516299717675,109
115,WS_SEND_END,1516299717675,109
115,WS_RECV_START,1516299717675,110
115,WS_RECV_END,1516299718130,110
115,PLAYER_SLEEPBEFORE_START,1516299718130,111
115,PLAYER_SLEEPBEFORE_END,1516299719089,111
115,WS_SEND_START,1516299719089,111
115,WS_SEND_END,1516299719089,111
115,WS_RECV_START,1516299719089,112
115,WS_RECV_END,1516299719669,112
115,PLAYER_SLEEPBEFORE_START,1516299719669,113
115,PLAYER_SLEEPBEFORE_END,1516299720231,113
115,WS_SEND_START,1516299720231,113
115,WS_SEND_END,1516299720231,113
115,WS_RECV_START,1516299720232,114
115,WS_RECV_END,1516299721163,114
115,PLAYER_SLEEPBEFORE_START,1516299721163,115
115,PLAYER_SLEEPBEFORE_END,1516299721172,115
115,WS_SEND_START,1516299721172,115
115,WS_SEND_END,1516299721172,115
115,WS_RECV_START,1516299721172,116
115,WS_RECV_END,1516299721792,116
115,PLAYER_SLEEPBEFORE_START,1516299721792,117
115,PLAYER_SLEEPBEFORE_END,1516299742153,117
115,WS_SEND_START,1516299742153,117
115,WS_SEND_END,1516299742153,117
115,PLAYER_SLEEPBEFORE_START,1516299742153,118
115,PLAYER_SLEEPBEFORE_END,1516299745905,118
115,WS_SEND_START,1516299745905,118
115,WS_SEND_END,1516299745905,118
115,WS_RECV_START,1516299745905,119
115,WS_RECV_END,1516299746492,119
115,PLAYER_SLEEPBEFORE_START,1516299746492,120
115,PLAYER_SLEEPBEFORE_END,1516299747480,120
115,WS_SEND_START,1516299747480,120
115,WS_SEND_END,1516299747480,120
115,WS_RECV_START,1516299747480,121
115,WS_RECV_END,1516299749676,121
115,PLAYER_SLEEPBEFORE_START,1516299749676,122
115,PLAYER_SLEEPBEFORE_END,1516299750861,122
115,WS_SEND_START,1516299750861,122
115,WS_SEND_END,1516299750861,122
115,WS_RECV_START,1516299750861,123
115,WS_RECV_END,1516299751349,123
115,PLAYER_SLEEPBEFORE_START,1516299751349,124
115,PLAYER_SLEEPBEFORE_END,1516299775754,124
115,WS_SEND_START,1516299775754,124
115,WS_SEND_END,1516299775754,124
115,WS_RECV_START,1516299775754,125
115,WS_RECV_END,1516299777675,125
115,PLAYER_SLEEPBEFORE_START,1516299777675,126
115,PLAYER_SLEEPBEFORE_END,1516299798187,126
115,WS_SEND_START,1516299798187,126
115,WS_SEND_END,1516299798187,126
115,PLAYER_SLEEPBEFORE_START,1516299798187,127
115,PLAYER_SLEEPBEFORE_END,1516299801241,127
115,WS_SEND_START,1516299801241,127
115,WS_SEND_END,1516299801241,127
115,WS_RECV_START,1516299801241,128
115,WS_RECV_END,1516299801779,128
115,PLAYER_SLEEPBEFORE_START,1516299801779,129
115,PLAYER_SLEEPBEFORE_END,1516299801799,129
115,WS_SEND_START,1516299801799,129
115,WS_SEND_END,1516299801799,129
115,WS_RECV_START,1516299801799,130
115,WS_RECV_END,1516299803371,130
115,PLAYER_SLEEPBEFORE_START,1516299803371,131
115,PLAYER_SLEEPBEFORE_END,1516299824995,131
115,WS_SEND_START,1516299824995,131
115,WS_SEND_END,1516299824995,131
115,PLAYER_SLEEPBEFORE_START,1516299824995,132
115,PLAYER_SLEEPBEFORE_END,1516299828075,132
115,WS_SEND_START,1516299828075,132
115,WS_SEND_END,1516299828075,132
115,WS_RECV_START,1516299828075,133
115,WS_RECV_END,1516299832624,133
115,PLAYER_SLEEPBEFORE_START,1516299832624,134
115,PLAYER_SLEEPBEFORE_END,1516299853841,134
115,WS_SEND_START,1516299853841,134
115,WS_SEND_END,1516299853841,134
115,PLAYER_SLEEPBEFORE_START,1516299853841,135
115,PLAYER_SLEEPBEFORE_END,1516299857031,135
115,WS_SEND_START,1516299857031,135
115,WS_SEND_END,1516299857031,135
115,WS_RECV_START,1516299857031,136
115,WS_RECV_END,1516299860402,136
115,PLAYER_SLEEPBEFORE_START,1516299860402,137
115,PLAYER_SLEEPBEFORE_END,1516299860409,137
115,WS_SEND_START,1516299860409,137
115,WS_SEND_END,1516299860409,137
115,WS_RECV_START,1516299860409,138
115,WS_RECV_END,1516299861838,138
115,PLAYER_SLEEPBEFORE_START,1516299861838,139
115,PLAYER_SLEEPBEFORE_END,1516299862528,139
115,WS_SEND_START,1516299862528,139
115,WS_SEND_END,1516299862528,139
115,WS_RECV_START,1516299862528,140
115,WS_RECV_END,1516299863255,140
115,PLAYER_SLEEPBEFORE_START,1516299863255,141
115,PLAYER_SLEEPBEFORE_END,1516299863910,141
115,WS_SEND_START,1516299863910,141
115,WS_SEND_END,1516299863910,141
115,WS_RECV_START,1516299863910,142
115,WS_RECV_END,1516299865372,142
115,PLAYER_SLEEPBEFORE_START,1516299865372,143
115,PLAYER_SLEEPBEFORE_END,1516299865429,143
115,WS_SEND_START,1516299865429,143
115,WS_SEND_END,1516299865429,143
115,WS_RECV_START,1516299865429,144
115,WS_RECV_END,1516299868279,144
115,PLAYER_SLEEPBEFORE_START,1516299868279,145
115,PLAYER_SLEEPBEFORE_END,1516299884341,145
115,REQ_START,1516299884341,145
115,REQ_END,1516299884347,145
115,PLAYER_SLEEPBEFORE_START,1516299884347,146
115,PLAYER_SLEEPBEFORE_END,1516299893224,146
115,WS_SEND_START,1516299893224,146
115,WS_SEND_END,1516299893224,146
115,WS_RECV_START,1516299893224,147
115,WS_RECV_END,1516299895916,147
115,PLAYER_SLEEPBEFORE_START,1516299895916,148
115,PLAYER_SLEEPBEFORE_END,1516299917838,148
115,WS_SEND_START,1516299917838,148
115,WS_SEND_END,1516299917838,148
115,PLAYER_SLEEPBEFORE_START,1516299917838,149
115,PLAYER_SLEEPBEFORE_END,1516299920266,149
115,WS_SEND_START,1516299920266,149
115,WS_SEND_END,1516299920266,149
115,WS_RECV_START,1516299920266,150
115,WS_RECV_END,1516299921347,150
115,PLAYER_SLEEPBEFORE_START,1516299921347,151
115,PLAYER_SLEEPBEFORE_END,1516299921557,151
115,WS_SEND_START,1516299921557,151
115,WS_SEND_END,1516299921557,151
115,WS_RECV_START,1516299921557,152
115,WS_RECV_END,1516299922974,152
115,PLAYER_SLEEPBEFORE_START,1516299922974,153
115,PLAYER_SLEEPBEFORE_END,1516299946901,153
115,WS_SEND_START,1516299946901,153
115,WS_SEND_END,1516299946901,153
115,WS_RECV_START,1516299946901,154
115,WS_RECV_END,1516299947215,154
115,PLAYER_SLEEPBEFORE_START,1516299947215,155
115,PLAYER_SLEEPBEFORE_END,1516299969774,155
115,WS_SEND_START,1516299969774,155
115,WS_SEND_END,1516299969774,155
115,PLAYER_SLEEPBEFORE_START,1516299969774,156
115,PLAYER_SLEEPBEFORE_END,1516299973048,156
115,WS_SEND_START,1516299973048,156
115,WS_SEND_END,1516299973048,156
115,WS_RECV_START,1516299973048,157
115,WS_RECV_END,1516299974630,157
115,PLAYER_SLEEPBEFORE_START,1516299974630,158
115,PLAYER_SLEEPBEFORE_END,1516299974640,158
115,WS_SEND_START,1516299974640,158
115,WS_SEND_END,1516299974640,158
115,WS_RECV_START,1516299974640,159
115,WS_RECV_END,1516299975258,159
115,PLAYER_SLEEPBEFORE_START,1516299975258,160
115,PLAYER_SLEEPBEFORE_END,1516299975433,160
115,WS_SEND_START,1516299975433,160
115,WS_SEND_END,1516299975433,160
115,WS_RECV_START,1516299975433,161
115,WS_RECV_END,1516299977098,161
115,PLAYER_SLEEPBEFORE_START,1516299977098,162
115,PLAYER_SLEEPBEFORE_END,1516299977123,162
115,WS_SEND_START,1516299977123,162
115,WS_SEND_END,1516299977123,162
115,WS_RECV_START,1516299977124,163
115,WS_RECV_END,1516299978659,163
115,PLAYER_SLEEPBEFORE_START,1516299978659,164
115,PLAYER_SLEEPBEFORE_END,1516299999471,164
115,WS_SEND_START,1516299999471,164
115,WS_SEND_END,1516299999471,164
115,WS_RECV_START,1516299999471,165
115,WS_RECV_END,1516300004268,165
115,PLAYER_SLEEPBEFORE_START,1516300004268,166
115,PLAYER_SLEEPBEFORE_END,1516300026723,166
115,WS_SEND_START,1516300026723,166
115,WS_SEND_END,1516300026723,166
115,WS_RECV_START,1516300026723,167
115,WS_RECV_END,1516300029130,167
115,PLAYER_SLEEPBEFORE_START,1516300029130,168
115,PLAYER_SLEEPBEFORE_END,1516300056487,168
115,WS_SEND_START,1516300056487,168
115,WS_SEND_END,1516300056487,168
115,WS_RECV_START,1516300056487,169
115,WS_RECV_END,1516300058976,169
115,PLAYER_SLEEPBEFORE_START,1516300058976,170
115,PLAYER_SLEEPBEFORE_END,1516300058985,170
115,WS_SEND_START,1516300058985,170
115,WS_SEND_END,1516300058985,170
115,WS_RECV_START,1516300058985,171
115,WS_RECV_END,1516300060203,171
115,PLAYER_SLEEPBEFORE_START,1516300060203,172
115,PLAYER_SLEEPBEFORE_END,1516300060572,172
115,WS_SEND_START,1516300060572,172
115,WS_SEND_END,1516300060572,172
115,WS_RECV_START,1516300060572,173
115,WS_RECV_END,1516300062575,173
115,PLAYER_SLEEPBEFORE_START,1516300062575,174
115,PLAYER_SLEEPBEFORE_END,1516300062616,174
115,WS_SEND_START,1516300062616,174
115,WS_SEND_END,1516300062616,174
115,WS_RECV_START,1516300062616,175
115,WS_RECV_END,1516300065316,175
115,PLAYER_SLEEPBEFORE_START,1516300065316,176
115,PLAYER_SLEEPBEFORE_END,1516300087077,176
115,WS_SEND_START,1516300087077,176
115,WS_SEND_END,1516300087077,176
115,PLAYER_SLEEPBEFORE_START,1516300087077,177
115,PLAYER_SLEEPBEFORE_END,1516300089596,177
115,WS_SEND_START,1516300089596,177
115,WS_SEND_END,1516300089596,177
115,WS_RECV_START,1516300089596,178
115,WS_RECV_END,1516300091809,178
115,PLAYER_SLEEPBEFORE_START,1516300091809,179
115,PLAYER_SLEEPBEFORE_END,1516300114164,179
115,WS_SEND_START,1516300114164,179
115,WS_SEND_END,1516300114164,179
115,WS_RECV_START,1516300114164,180
115,WS_RECV_END,1516300116165,180
115,PLAYER_SLEEPBEFORE_START,1516300116165,181
115,PLAYER_SLEEPBEFORE_END,1516300116609,181
115,WS_SEND_START,1516300116609,181
115,WS_SEND_END,1516300116609,181
115,WS_RECV_START,1516300116609,182
115,WS_RECV_END,1516300117141,182
115,PLAYER_SLEEPBEFORE_START,1516300117141,183
115,PLAYER_SLEEPBEFORE_END,1516300117664,183
115,WS_SEND_START,1516300117664,183
115,WS_SEND_END,1516300117664,183
115,WS_RECV_START,1516300117664,184
115,WS_RECV_END,1516300118402,184
115,PLAYER_SLEEPBEFORE_START,1516300118402,185
115,PLAYER_SLEEPBEFORE_END,1516300118670,185
115,WS_SEND_START,1516300118670,185
115,WS_SEND_END,1516300118670,185
115,WS_RECV_START,1516300118670,186
115,WS_RECV_END,1516300120244,186
115,PLAYER_SLEEPBEFORE_START,1516300120244,187
115,PLAYER_SLEEPBEFORE_END,1516300142744,187
115,WS_SEND_START,1516300142744,187
115,WS_SEND_END,1516300142744,187
115,WS_RECV_START,1516300142744,188
115,WS_RECV_END,1516300146080,188
115,PLAYER_SLEEPBEFORE_START,1516300146080,189
115,PLAYER_SLEEPBEFORE_END,1516300152319,189
115,WS_SEND_START,1516300152319,189
115,WS_SEND_END,1516300152319,189
115,WS_RECV_START,1516300152319,190
115,WS_RECV_END,1516300156823,190
115,PLAYER_SLEEPBEFORE_START,1516300156823,191
115,PLAYER_SLEEPBEFORE_END,1516300158738,191
115,WS_SEND_START,1516300158738,191
115,WS_SEND_END,1516300158738,191
115,WS_RECV_START,1516300158738,192
115,WS_RECV_END,1516300160857,192
115,PLAYER_SLEEPBEFORE_START,1516300160857,193
115,PLAYER_SLEEPBEFORE_END,1516300160985,193
115,WS_SEND_START,1516300160985,193
115,WS_SEND_END,1516300160985,193
115,WS_RECV_START,1516300160985,194
115,WS_RECV_END,1516300164909,194
115,PLAYER_SLEEPBEFORE_START,1516300164909,195
115,PLAYER_SLEEPBEFORE_END,1516300166664,195
115,WS_SEND_START,1516300166664,195
115,WS_SEND_END,1516300166664,195
115,WS_RECV_START,1516300166664,196
115,WS_RECV_END,1516300169245,196
115,PLAYER_SLEEPBEFORE_START,1516300169245,197
115,PLAYER_SLEEPBEFORE_END,1516300171049,197
115,WS_SEND_START,1516300171049,197
115,WS_SEND_END,1516300171049,197
115,WS_RECV_START,1516300171049,198
115,WS_RECV_END,1516300173751,198
115,PLAYER_SLEEPBEFORE_START,1516300173751,199
115,PLAYER_SLEEPBEFORE_END,1516300185605,199
115,WS_SEND_START,1516300185605,199
115,WS_SEND_END,1516300185605,199
115,PLAYER_SLEEPBEFORE_START,1516300185605,200
115,PLAYER_SLEEPBEFORE_END,1516300189693,200
115,WS_SEND_START,1516300189693,200
115,WS_SEND_END,1516300189693,200
115,WS_RECV_START,1516300189693,201
115,WS_RECV_END,1516300192186,201
115,PLAYER_SLEEPBEFORE_START,1516300192186,202
115,PLAYER_SLEEPBEFORE_END,1516300192200,202
115,WS_SEND_START,1516300192200,202
115,WS_SEND_END,1516300192200,202
115,WS_RECV_START,1516300192200,203
115,WS_RECV_END,1516300196014,203
115,PLAYER_SLEEPBEFORE_START,1516300196014,204
115,PLAYER_SLEEPBEFORE_END,1516300215663,204
115,WS_SEND_START,1516300215663,204
115,WS_SEND_END,1516300215663,204
115,PLAYER_SLEEPBEFORE_START,1516300215663,205
115,PLAYER_SLEEPBEFORE_END,1516300219561,205
115,WS_SEND_START,1516300219561,205
115,WS_SEND_END,1516300219561,205
115,WS_RECV_START,1516300219561,206
115,WS_RECV_END,1516300221400,206
115,PLAYER_SLEEPBEFORE_START,1516300221400,207
115,PLAYER_SLEEPBEFORE_END,1516300238331,207
115,REQ_START,1516300238331,207
115,REQ_END,1516300238336,207
115,PLAYER_SLEEPBEFORE_START,1516300238336,208
115,PLAYER_SLEEPBEFORE_END,1516300245188,208
115,WS_CLOSE_START,1516300245188,208
115,WS_CLOSE_END,1516300245188,208
115,PLAYER_DONE,1516300245188
