# --sessions 2700 --app-url=http://shinyloadtest.rstudioservices.com/cran_explorer --output-dir test2700 --overwrite-output --log-level warn --start-interval 100 15min.log
thread_id,event,timestamp,input_line_number,comment
1177,PLAYER_SESSION_CREATE,1516299245895
1177,PLAYER_START_INTERVAL_START,1516299245895
1177,PLAYER_START_INTERVAL_END,1516299363595
1177,REQ_HOME_START,1516299363595,2
1177,REQ_HOME_END,1516299363912,2
1177,REQ_START,1516299363912,3
1177,REQ_END,1516299363959,3
1177,REQ_START,1516299363959,4
1177,REQ_END,1516299363991,4
1177,REQ_START,1516299363991,5
1177,REQ_END,1516299364034,5
1177,REQ_START,1516299364034,6
1177,REQ_END,1516299364073,6
1177,REQ_START,1516299364073,7
1177,REQ_END,1516299364112,7
1177,REQ_START,1516299364112,8
1177,REQ_END,1516299364151,8
1177,REQ_START,1516299364151,9
1177,REQ_END,1516299364191,9
1177,REQ_START,1516299364191,10
1177,REQ_END,1516299364196,10
1177,REQ_START,1516299364196,11
1177,REQ_END,1516299364231,11
1177,REQ_START,1516299364231,12
1177,REQ_END,1516299364237,12
1177,REQ_START,1516299364237,13
1177,REQ_END,1516299364273,13
1177,REQ_START,1516299364273,14
1177,REQ_END,1516299364285,14
1177,REQ_START,1516299364285,15
1177,REQ_END,1516299364323,15
1177,REQ_TOK_START,1516299364323,16
1177,REQ_TOK_END,1516299364327,16
1177,REQ_SINF_START,1516299364327,17
1177,REQ_SINF_END,1516299364330,17
1177,WS_OPEN_START,1516299364331,18
1177,WS_OPEN_END,1516299364334,18
1177,REQ_START,1516299364334,19
1177,REQ_END,1516299364380,19
1177,WS_RECV_START,1516299364380,20
1177,WS_RECV_END,1516299364380,20
1177,PLAYER_SLEEPBEFORE_START,1516299364380,21
1177,PLAYER_SLEEPBEFORE_END,1516299364385,21
1177,WS_SEND_START,1516299364385,21
1177,WS_SEND_END,1516299364385,21
1177,PLAYER_SLEEPBEFORE_START,1516299364385,22
1177,PLAYER_SLEEPBEFORE_END,1516299364386,22
1177,WS_SEND_START,1516299364386,22
1177,WS_SEND_END,1516299364386,22
1177,WS_RECV_INIT_START,1516299364386,23
1177,WS_RECV_INIT_END,1516299364406,23
1177,WS_RECV_START,1516299364406,24
1177,WS_RECV_END,1516299364480,24
1177,PLAYER_SLEEPBEFORE_START,1516299364480,25
1177,PLAYER_SLEEPBEFORE_END,1516299364487,25
1177,REQ_START,1516299364487,25
1177,REQ_END,1516299364524,25
1177,PLAYER_SLEEPBEFORE_START,1516299364524,26
1177,PLAYER_SLEEPBEFORE_END,1516299364525,26
1177,REQ_START,1516299364525,26
1177,REQ_END,1516299364560,26
1177,PLAYER_SLEEPBEFORE_START,1516299364560,27
1177,PLAYER_SLEEPBEFORE_END,1516299364563,27
1177,REQ_START,1516299364563,27
1177,REQ_END,1516299364599,27
1177,PLAYER_SLEEPBEFORE_START,1516299364599,28
1177,PLAYER_SLEEPBEFORE_END,1516299364884,28
1177,REQ_START,1516299364884,28
1177,REQ_END,1516299364919,28
1177,PLAYER_SLEEPBEFORE_START,1516299364919,29
1177,PLAYER_SLEEPBEFORE_END,1516299365094,29
1177,WS_SEND_START,1516299365094,29
1177,WS_SEND_END,1516299365094,29
1177,WS_RECV_START,1516299365094,30
1177,WS_RECV_END,1516299365211,30
1177,PLAYER_SLEEPBEFORE_START,1516299365211,31
1177,PLAYER_SLEEPBEFORE_END,1516299365222,31
1177,REQ_START,1516299365222,31
1177,REQ_END,1516299365292,31
1177,PLAYER_SLEEPBEFORE_START,1516299365292,32
1177,PLAYER_SLEEPBEFORE_END,1516299393437,32
1177,WS_SEND_START,1516299393437,32
1177,WS_SEND_END,1516299393437,32
1177,WS_RECV_START,1516299393437,33
1177,WS_RECV_END,1516299393572,33
1177,PLAYER_SLEEPBEFORE_START,1516299393572,34
1177,PLAYER_SLEEPBEFORE_END,1516299419483,34
1177,WS_SEND_START,1516299419483,34
1177,WS_SEND_END,1516299419483,34
1177,WS_RECV_START,1516299419483,35
1177,WS_RECV_END,1516299419708,35
1177,PLAYER_SLEEPBEFORE_START,1516299419708,36
1177,PLAYER_SLEEPBEFORE_END,1516299419717,36
1177,WS_SEND_START,1516299419717,36
1177,WS_SEND_END,1516299419717,36
1177,WS_RECV_START,1516299419717,37
1177,WS_RECV_END,1516299419841,37
1177,PLAYER_SLEEPBEFORE_START,1516299419841,38
1177,PLAYER_SLEEPBEFORE_END,1516299423036,38
1177,WS_SEND_START,1516299423036,38
1177,WS_SEND_END,1516299423036,38
1177,WS_RECV_START,1516299423036,39
1177,WS_RECV_END,1516299423178,39
1177,PLAYER_SLEEPBEFORE_START,1516299423178,40
1177,PLAYER_SLEEPBEFORE_END,1516299423224,40
1177,WS_SEND_START,1516299423224,40
1177,WS_SEND_END,1516299423224,40
1177,WS_RECV_START,1516299423224,41
1177,WS_RECV_END,1516299423453,41
1177,PLAYER_SLEEPBEFORE_START,1516299423453,42
1177,PLAYER_SLEEPBEFORE_END,1516299441589,42
1177,WS_SEND_START,1516299441589,42
1177,WS_SEND_END,1516299441589,42
1177,WS_RECV_START,1516299441589,43
1177,WS_RECV_END,1516299441745,43
1177,PLAYER_SLEEPBEFORE_START,1516299441745,44
1177,PLAYER_SLEEPBEFORE_END,1516299441757,44
1177,WS_SEND_START,1516299441757,44
1177,WS_SEND_END,1516299441757,44
1177,WS_RECV_START,1516299441757,45
1177,WS_RECV_END,1516299441981,45
1177,PLAYER_SLEEPBEFORE_START,1516299441981,46
1177,PLAYER_SLEEPBEFORE_END,1516299443242,46
1177,WS_SEND_START,1516299443242,46
1177,WS_SEND_END,1516299443242,46
1177,WS_RECV_START,1516299443242,47
1177,WS_RECV_END,1516299443423,47
1177,PLAYER_SLEEPBEFORE_START,1516299443423,48
1177,PLAYER_SLEEPBEFORE_END,1516299444743,48
1177,WS_SEND_START,1516299444743,48
1177,WS_SEND_END,1516299444743,48
1177,WS_RECV_START,1516299444743,49
1177,WS_RECV_END,1516299444867,49
1177,PLAYER_SLEEPBEFORE_START,1516299444867,50
1177,PLAYER_SLEEPBEFORE_END,1516299444892,50
1177,WS_SEND_START,1516299444892,50
1177,WS_SEND_END,1516299444892,50
1177,WS_RECV_START,1516299444892,51
1177,WS_RECV_END,1516299445112,51
1177,PLAYER_SLEEPBEFORE_START,1516299445112,52
1177,PLAYER_SLEEPBEFORE_END,1516299467676,52
1177,WS_SEND_START,1516299467676,52
1177,WS_SEND_END,1516299467676,52
1177,WS_RECV_START,1516299467676,53
1177,WS_RECV_END,1516299467988,53
1177,PLAYER_SLEEPBEFORE_START,1516299467988,54
1177,PLAYER_SLEEPBEFORE_END,1516299489291,54
1177,WS_SEND_START,1516299489291,54
1177,WS_SEND_END,1516299489291,54
1177,PLAYER_SLEEPBEFORE_START,1516299489291,55
1177,PLAYER_SLEEPBEFORE_END,1516299491232,55
1177,WS_SEND_START,1516299491232,55
1177,WS_SEND_END,1516299491232,55
1177,WS_RECV_START,1516299491232,56
1177,WS_RECV_END,1516299491363,56
1177,PLAYER_SLEEPBEFORE_START,1516299491363,57
1177,PLAYER_SLEEPBEFORE_END,1516299514235,57
1177,WS_SEND_START,1516299514235,57
1177,WS_SEND_END,1516299514235,57
1177,WS_RECV_START,1516299514235,58
1177,WS_RECV_END,1516299514976,58
1177,PLAYER_SLEEPBEFORE_START,1516299514976,59
1177,PLAYER_SLEEPBEFORE_END,1516299517303,59
1177,WS_SEND_START,1516299517303,59
1177,WS_SEND_END,1516299517303,59
1177,WS_RECV_START,1516299517303,60
1177,WS_RECV_END,1516299517691,60
1177,PLAYER_SLEEPBEFORE_START,1516299517691,61
1177,PLAYER_SLEEPBEFORE_END,1516299521282,61
1177,WS_SEND_START,1516299521282,61
1177,WS_SEND_END,1516299521282,61
1177,WS_RECV_START,1516299521282,62
1177,WS_RECV_END,1516299521500,62
1177,PLAYER_SLEEPBEFORE_START,1516299521500,63
1177,PLAYER_SLEEPBEFORE_END,1516299540762,63
1177,WS_SEND_START,1516299540762,63
1177,WS_SEND_END,1516299540762,63
1177,WS_RECV_START,1516299540762,64
1177,WS_RECV_END,1516299542245,64
1177,PLAYER_SLEEPBEFORE_START,1516299542245,65
1177,PLAYER_SLEEPBEFORE_END,1516299569062,65
1177,WS_SEND_START,1516299569063,65
1177,WS_SEND_END,1516299569063,65
1177,WS_RECV_START,1516299569063,66
1177,WS_RECV_END,1516299570579,66
1177,PLAYER_SLEEPBEFORE_START,1516299570579,67
1177,PLAYER_SLEEPBEFORE_END,1516299572086,67
1177,WS_SEND_START,1516299572086,67
1177,WS_SEND_END,1516299572086,67
1177,WS_RECV_START,1516299572086,68
1177,WS_RECV_END,1516299573528,68
1177,PLAYER_SLEEPBEFORE_START,1516299573528,69
1177,PLAYER_SLEEPBEFORE_END,1516299595526,69
1177,WS_SEND_START,1516299595526,69
1177,WS_SEND_END,1516299595526,69
1177,WS_RECV_START,1516299595526,70
1177,WS_RECV_END,1516299596508,70
1177,PLAYER_SLEEPBEFORE_START,1516299596508,71
1177,PLAYER_SLEEPBEFORE_END,1516299621283,71
1177,WS_SEND_START,1516299621283,71
1177,WS_SEND_END,1516299621283,71
1177,PLAYER_SLEEPBEFORE_START,1516299621283,72
1177,PLAYER_SLEEPBEFORE_END,1516299623890,72
1177,WS_SEND_START,1516299623890,72
1177,WS_SEND_END,1516299623890,72
1177,WS_RECV_START,1516299623890,73
1177,WS_RECV_END,1516299624874,73
1177,PLAYER_SLEEPBEFORE_START,1516299624874,74
1177,PLAYER_SLEEPBEFORE_END,1516299624883,74
1177,WS_SEND_START,1516299624883,74
1177,WS_SEND_END,1516299624883,74
1177,WS_RECV_START,1516299624883,75
1177,WS_RECV_END,1516299625461,75
1177,PLAYER_SLEEPBEFORE_START,1516299625461,76
1177,PLAYER_SLEEPBEFORE_END,1516299626967,76
1177,WS_SEND_START,1516299626967,76
1177,WS_SEND_END,1516299626967,76
1177,WS_RECV_START,1516299626967,77
1177,WS_RECV_END,1516299627417,77
1177,PLAYER_SLEEPBEFORE_START,1516299627417,78
1177,PLAYER_SLEEPBEFORE_END,1516299628285,78
1177,WS_SEND_START,1516299628285,78
1177,WS_SEND_END,1516299628285,78
1177,WS_RECV_START,1516299628285,79
1177,WS_RECV_END,1516299628724,79
1177,PLAYER_SLEEPBEFORE_START,1516299628724,80
1177,PLAYER_SLEEPBEFORE_END,1516299636390,80
1177,WS_SEND_START,1516299636390,80
1177,WS_SEND_END,1516299636390,80
1177,WS_RECV_START,1516299636390,81
1177,WS_RECV_END,1516299637988,81
1177,PLAYER_SLEEPBEFORE_START,1516299637988,82
1177,PLAYER_SLEEPBEFORE_END,1516299639090,82
1177,WS_SEND_START,1516299639090,82
1177,WS_SEND_END,1516299639090,82
1177,WS_RECV_START,1516299639090,83
1177,WS_RECV_END,1516299639420,83
1177,PLAYER_SLEEPBEFORE_START,1516299639420,84
1177,PLAYER_SLEEPBEFORE_END,1516299640380,84
1177,WS_SEND_START,1516299640380,84
1177,WS_SEND_END,1516299640380,84
1177,WS_RECV_START,1516299640380,85
1177,WS_RECV_END,1516299641363,85
1177,PLAYER_SLEEPBEFORE_START,1516299641363,86
1177,PLAYER_SLEEPBEFORE_END,1516299645535,86
1177,WS_SEND_START,1516299645535,86
1177,WS_SEND_END,1516299645535,86
1177,WS_RECV_START,1516299645535,87
1177,WS_RECV_END,1516299645687,87
1177,PLAYER_SLEEPBEFORE_START,1516299645687,88
1177,PLAYER_SLEEPBEFORE_END,1516299645695,88
1177,WS_SEND_START,1516299645695,88
1177,WS_SEND_END,1516299645695,88
1177,WS_RECV_START,1516299645695,89
1177,WS_RECV_END,1516299645891,89
1177,PLAYER_SLEEPBEFORE_START,1516299645891,90
1177,PLAYER_SLEEPBEFORE_END,1516299673088,90
1177,REQ_START,1516299673088,90
1177,REQ_END,1516299673093,90
1177,PLAYER_SLEEPBEFORE_START,1516299673093,91
1177,PLAYER_SLEEPBEFORE_END,1516299680982,91
1177,WS_SEND_START,1516299680982,91
1177,WS_SEND_END,1516299680982,91
1177,WS_RECV_START,1516299680982,92
1177,WS_RECV_END,1516299681081,92
1177,PLAYER_SLEEPBEFORE_START,1516299681081,93
1177,PLAYER_SLEEPBEFORE_END,1516299681096,93
1177,WS_SEND_START,1516299681096,93
1177,WS_SEND_END,1516299681096,93
1177,WS_RECV_START,1516299681096,94
1177,WS_RECV_END,1516299681432,94
1177,PLAYER_SLEEPBEFORE_START,1516299681432,95
1177,PLAYER_SLEEPBEFORE_END,1516299704987,95
1177,WS_SEND_START,1516299704987,95
1177,WS_SEND_END,1516299704987,95
1177,WS_RECV_START,1516299704987,96
1177,WS_RECV_END,1516299705137,96
1177,PLAYER_SLEEPBEFORE_START,1516299705137,97
1177,PLAYER_SLEEPBEFORE_END,1516299727577,97
1177,WS_SEND_START,1516299727577,97
1177,WS_SEND_END,1516299727577,97
1177,WS_RECV_START,1516299727577,98
1177,WS_RECV_END,1516299730716,98
1177,PLAYER_SLEEPBEFORE_START,1516299730716,99
1177,PLAYER_SLEEPBEFORE_END,1516299730737,99
1177,WS_SEND_START,1516299730737,99
1177,WS_SEND_END,1516299730737,99
1177,WS_RECV_START,1516299730737,100
1177,WS_RECV_END,1516299731866,100
1177,PLAYER_SLEEPBEFORE_START,1516299731866,101
1177,PLAYER_SLEEPBEFORE_END,1516299755425,101
1177,WS_SEND_START,1516299755425,101
1177,WS_SEND_END,1516299755425,101
1177,WS_RECV_START,1516299755425,102
1177,WS_RECV_END,1516299759203,102
1177,PLAYER_SLEEPBEFORE_START,1516299759203,103
1177,PLAYER_SLEEPBEFORE_END,1516299782828,103
1177,WS_SEND_START,1516299782828,103
1177,WS_SEND_END,1516299782828,103
1177,WS_RECV_START,1516299782828,104
1177,WS_RECV_END,1516299784424,104
1177,PLAYER_SLEEPBEFORE_START,1516299784424,105
1177,PLAYER_SLEEPBEFORE_END,1516299809801,105
1177,WS_SEND_START,1516299809801,105
1177,WS_SEND_END,1516299809801,105
1177,WS_RECV_START,1516299809801,106
1177,WS_RECV_END,1516299816233,106
1177,PLAYER_SLEEPBEFORE_START,1516299816233,107
1177,PLAYER_SLEEPBEFORE_END,1516299839656,107
1177,WS_SEND_START,1516299839656,107
1177,WS_SEND_END,1516299839656,107
1177,WS_RECV_START,1516299839656,108
1177,WS_RECV_END,1516299844205,108
1177,PLAYER_SLEEPBEFORE_START,1516299844205,109
1177,PLAYER_SLEEPBEFORE_END,1516299844214,109
1177,WS_SEND_START,1516299844214,109
1177,WS_SEND_END,1516299844214,109
1177,WS_RECV_START,1516299844214,110
1177,WS_RECV_END,1516299844818,110
1177,PLAYER_SLEEPBEFORE_START,1516299844818,111
1177,PLAYER_SLEEPBEFORE_END,1516299845777,111
1177,WS_SEND_START,1516299845777,111
1177,WS_SEND_END,1516299845777,111
1177,WS_RECV_START,1516299845777,112
1177,WS_RECV_END,1516299847700,112
1177,PLAYER_SLEEPBEFORE_START,1516299847700,113
1177,PLAYER_SLEEPBEFORE_END,1516299848263,113
1177,WS_SEND_START,1516299848263,113
1177,WS_SEND_END,1516299848263,113
1177,WS_RECV_START,1516299848263,114
1177,WS_RECV_END,1516299850707,114
1177,PLAYER_SLEEPBEFORE_START,1516299850707,115
1177,PLAYER_SLEEPBEFORE_END,1516299850716,115
1177,WS_SEND_START,1516299850716,115
1177,WS_SEND_END,1516299850716,115
1177,WS_RECV_START,1516299850716,116
1177,WS_RECV_END,1516299852218,116
1177,PLAYER_SLEEPBEFORE_START,1516299852218,117
1177,PLAYER_SLEEPBEFORE_END,1516299872578,117
1177,WS_SEND_START,1516299872578,117
1177,WS_SEND_END,1516299872578,117
1177,PLAYER_SLEEPBEFORE_START,1516299872578,118
1177,PLAYER_SLEEPBEFORE_END,1516299876330,118
1177,WS_SEND_START,1516299876330,118
1177,WS_SEND_END,1516299876330,118
1177,WS_RECV_START,1516299876330,119
1177,WS_RECV_END,1516299879227,119
1177,PLAYER_SLEEPBEFORE_START,1516299879227,120
1177,PLAYER_SLEEPBEFORE_END,1516299880215,120
1177,WS_SEND_START,1516299880215,120
1177,WS_SEND_END,1516299880215,120
1177,WS_RECV_START,1516299880215,121
1177,WS_RECV_END,1516299882915,121
1177,PLAYER_SLEEPBEFORE_START,1516299882915,122
1177,PLAYER_SLEEPBEFORE_END,1516299884100,122
1177,WS_SEND_START,1516299884100,122
1177,WS_SEND_END,1516299884100,122
1177,WS_RECV_START,1516299884100,123
1177,WS_RECV_END,1516299887556,123
1177,PLAYER_SLEEPBEFORE_START,1516299887556,124
1177,PLAYER_SLEEPBEFORE_END,1516299911961,124
1177,WS_SEND_START,1516299911961,124
1177,WS_SEND_END,1516299911961,124
1177,WS_RECV_START,1516299911961,125
1177,WS_RECV_END,1516299912699,125
1177,PLAYER_SLEEPBEFORE_START,1516299912699,126
1177,PLAYER_SLEEPBEFORE_END,1516299933211,126
1177,WS_SEND_START,1516299933211,126
1177,WS_SEND_END,1516299933211,126
1177,PLAYER_SLEEPBEFORE_START,1516299933211,127
1177,PLAYER_SLEEPBEFORE_END,1516299936265,127
1177,WS_SEND_START,1516299936265,127
1177,WS_SEND_END,1516299936265,127
1177,WS_RECV_START,1516299936265,128
1177,WS_RECV_END,1516299936725,128
1177,PLAYER_SLEEPBEFORE_START,1516299936725,129
1177,PLAYER_SLEEPBEFORE_END,1516299936745,129
1177,WS_SEND_START,1516299936745,129
1177,WS_SEND_END,1516299936745,129
1177,WS_RECV_START,1516299936745,130
1177,WS_RECV_END,1516299937779,130
1177,PLAYER_SLEEPBEFORE_START,1516299937779,131
1177,PLAYER_SLEEPBEFORE_END,1516299959403,131
1177,WS_SEND_START,1516299959403,131
1177,WS_SEND_END,1516299959403,131
1177,PLAYER_SLEEPBEFORE_START,1516299959403,132
1177,PLAYER_SLEEPBEFORE_END,1516299962484,132
1177,WS_SEND_START,1516299962484,132
1177,WS_SEND_END,1516299962484,132
1177,WS_RECV_START,1516299962484,133
1177,WS_RECV_END,1516299962851,133
1177,PLAYER_SLEEPBEFORE_START,1516299962851,134
1177,PLAYER_SLEEPBEFORE_END,1516299984068,134
1177,WS_SEND_START,1516299984068,134
1177,WS_SEND_END,1516299984068,134
1177,PLAYER_SLEEPBEFORE_START,1516299984068,135
1177,PLAYER_SLEEPBEFORE_END,1516299987258,135
1177,WS_SEND_START,1516299987258,135
1177,WS_SEND_END,1516299987258,135
1177,WS_RECV_START,1516299987258,136
1177,WS_RECV_END,1516299988825,136
1177,PLAYER_SLEEPBEFORE_START,1516299988825,137
1177,PLAYER_SLEEPBEFORE_END,1516299988833,137
1177,WS_SEND_START,1516299988833,137
1177,WS_SEND_END,1516299988833,137
1177,WS_RECV_START,1516299988833,138
1177,WS_RECV_END,1516299990558,138
1177,PLAYER_SLEEPBEFORE_START,1516299990558,139
1177,PLAYER_SLEEPBEFORE_END,1516299991248,139
1177,WS_SEND_START,1516299991248,139
1177,WS_SEND_END,1516299991248,139
1177,WS_RECV_START,1516299991248,140
1177,WS_RECV_END,1516299994610,140
1177,PLAYER_SLEEPBEFORE_START,1516299994610,141
1177,PLAYER_SLEEPBEFORE_END,1516299995266,141
1177,WS_SEND_START,1516299995266,141
1177,WS_SEND_END,1516299995266,141
1177,WS_RECV_START,1516299995266,142
1177,WS_RECV_END,1516299996136,142
1177,PLAYER_SLEEPBEFORE_START,1516299996136,143
1177,PLAYER_SLEEPBEFORE_END,1516299996194,143
1177,WS_SEND_START,1516299996194,143
1177,WS_SEND_END,1516299996194,143
1177,WS_RECV_START,1516299996194,144
1177,WS_RECV_END,1516299997442,144
1177,PLAYER_SLEEPBEFORE_START,1516299997442,145
1177,PLAYER_SLEEPBEFORE_END,1516300013504,145
1177,REQ_START,1516300013504,145
1177,REQ_END,1516300013509,145
1177,PLAYER_SLEEPBEFORE_START,1516300013509,146
1177,PLAYER_SLEEPBEFORE_END,1516300022387,146
1177,WS_SEND_START,1516300022387,146
1177,WS_SEND_END,1516300022387,146
1177,WS_RECV_START,1516300022387,147
1177,WS_RECV_END,1516300022853,147
1177,PLAYER_SLEEPBEFORE_START,1516300022853,148
1177,PLAYER_SLEEPBEFORE_END,1516300044775,148
1177,WS_SEND_START,1516300044775,148
1177,WS_SEND_END,1516300044775,148
1177,PLAYER_SLEEPBEFORE_START,1516300044775,149
1177,PLAYER_SLEEPBEFORE_END,1516300047203,149
1177,WS_SEND_START,1516300047203,149
1177,WS_SEND_END,1516300047203,149
1177,WS_RECV_START,1516300047203,150
1177,WS_RECV_END,1516300048189,150
1177,PLAYER_SLEEPBEFORE_START,1516300048189,151
1177,PLAYER_SLEEPBEFORE_END,1516300048399,151
1177,WS_SEND_START,1516300048399,151
1177,WS_SEND_END,1516300048399,151
1177,WS_RECV_START,1516300048399,152
1177,WS_RECV_END,1516300048843,152
1177,PLAYER_SLEEPBEFORE_START,1516300048843,153
1177,PLAYER_SLEEPBEFORE_END,1516300072770,153
1177,WS_SEND_START,1516300072770,153
1177,WS_SEND_END,1516300072770,153
1177,WS_RECV_START,1516300072770,154
1177,WS_RECV_END,1516300073408,154
1177,PLAYER_SLEEPBEFORE_START,1516300073408,155
1177,PLAYER_SLEEPBEFORE_END,1516300095966,155
1177,WS_SEND_START,1516300095966,155
1177,WS_SEND_END,1516300095967,155
1177,PLAYER_SLEEPBEFORE_START,1516300095967,156
1177,PLAYER_SLEEPBEFORE_END,1516300099241,156
1177,WS_SEND_START,1516300099241,156
1177,WS_SEND_END,1516300099241,156
1177,WS_RECV_START,1516300099241,157
1177,WS_RECV_END,1516300099655,157
1177,PLAYER_SLEEPBEFORE_START,1516300099655,158
1177,PLAYER_SLEEPBEFORE_END,1516300099665,158
1177,WS_SEND_START,1516300099665,158
1177,WS_SEND_END,1516300099665,158
1177,WS_RECV_START,1516300099665,159
1177,WS_RECV_END,1516300100106,159
1177,PLAYER_SLEEPBEFORE_START,1516300100106,160
1177,PLAYER_SLEEPBEFORE_END,1516300100281,160
1177,WS_SEND_START,1516300100281,160
1177,WS_SEND_END,1516300100281,160
1177,WS_RECV_START,1516300100281,161
1177,WS_RECV_END,1516300100494,161
1177,PLAYER_SLEEPBEFORE_START,1516300100494,162
1177,PLAYER_SLEEPBEFORE_END,1516300100519,162
1177,WS_SEND_START,1516300100519,162
1177,WS_SEND_END,1516300100519,162
1177,WS_RECV_START,1516300100519,163
1177,WS_RECV_END,1516300100660,163
1177,PLAYER_SLEEPBEFORE_START,1516300100660,164
1177,PLAYER_SLEEPBEFORE_END,1516300121472,164
1177,WS_SEND_START,1516300121472,164
1177,WS_SEND_END,1516300121472,164
1177,WS_RECV_START,1516300121472,165
1177,WS_RECV_END,1516300122995,165
1177,PLAYER_SLEEPBEFORE_START,1516300122995,166
1177,PLAYER_SLEEPBEFORE_END,1516300145450,166
1177,WS_SEND_START,1516300145450,166
1177,WS_SEND_END,1516300145450,166
1177,WS_RECV_START,1516300145450,167
1177,WS_RECV_END,1516300148910,167
1177,PLAYER_SLEEPBEFORE_START,1516300148910,168
1177,PLAYER_SLEEPBEFORE_END,1516300176267,168
1177,WS_SEND_START,1516300176267,168
1177,WS_SEND_END,1516300176267,168
1177,WS_RECV_START,1516300176267,169
1177,WS_RECV_END,1516300181065,169
1177,PLAYER_SLEEPBEFORE_START,1516300181065,170
1177,PLAYER_SLEEPBEFORE_END,1516300181074,170
1177,WS_SEND_START,1516300181074,170
1177,WS_SEND_END,1516300181074,170
1177,WS_RECV_START,1516300181074,171
1177,WS_RECV_END,1516300183230,171
1177,PLAYER_SLEEPBEFORE_START,1516300183230,172
1177,PLAYER_SLEEPBEFORE_END,1516300183599,172
1177,WS_SEND_START,1516300183599,172
1177,WS_SEND_END,1516300183599,172
1177,WS_RECV_START,1516300183599,173
1177,WS_RECV_END,1516300186900,173
1177,PLAYER_SLEEPBEFORE_START,1516300186900,174
1177,PLAYER_SLEEPBEFORE_END,1516300186941,174
1177,WS_SEND_START,1516300186941,174
1177,WS_SEND_END,1516300186941,174
1177,WS_RECV_START,1516300186941,175
1177,WS_RECV_END,1516300191014,175
1177,PLAYER_SLEEPBEFORE_START,1516300191014,176
1177,PLAYER_SLEEPBEFORE_END,1516300212775,176
1177,WS_SEND_START,1516300212775,176
1177,WS_SEND_END,1516300212775,176
1177,PLAYER_SLEEPBEFORE_START,1516300212775,177
1177,PLAYER_SLEEPBEFORE_END,1516300215293,177
1177,WS_SEND_START,1516300215293,177
1177,WS_SEND_END,1516300215293,177
1177,WS_RECV_START,1516300215293,178
1177,WS_RECV_END,1516300218413,178
1177,PLAYER_SLEEPBEFORE_START,1516300218413,179
1177,PLAYER_SLEEPBEFORE_END,1516300240754,179
1177,WS_SEND_START,1516300240754,179
1177,WS_SEND_END,1516300240754,179
1177,WS_RECV_START,1516300240754,180
1177,WS_RECV_END,1516300244149,180
1177,PLAYER_SLEEPBEFORE_START,1516300244149,181
1177,PLAYER_SLEEPBEFORE_END,1516300244593,181
1177,WS_SEND_START,1516300244593,181
1177,WS_SEND_END,1516300244593,181
1177,WS_RECV_START,1516300244593,182
1177,WS_RECV_END,1516300246546,182
1177,PLAYER_SLEEPBEFORE_START,1516300246546,183
1177,PLAYER_SLEEPBEFORE_END,1516300247069,183
1177,WS_SEND_START,1516300247069,183
1177,WS_SEND_END,1516300247069,183
1177,WS_RECV_START,1516300247069,184
1177,WS_RECV_END,1516300249081,184
1177,PLAYER_SLEEPBEFORE_START,1516300249081,185
1177,PLAYER_SLEEPBEFORE_END,1516300249349,185
1177,WS_SEND_START,1516300249349,185
1177,WS_SEND_END,1516300249349,185
1177,WS_RECV_START,1516300249349,186
1177,WS_RECV_END,1516300251380,186
1177,PLAYER_SLEEPBEFORE_START,1516300251380,187
1177,PLAYER_SLEEPBEFORE_END,1516300273880,187
1177,WS_SEND_START,1516300273880,187
1177,WS_SEND_END,1516300273880,187
1177,WS_RECV_START,1516300273880,188
1177,WS_RECV_END,1516300276304,188
1177,PLAYER_SLEEPBEFORE_START,1516300276304,189
1177,PLAYER_SLEEPBEFORE_END,1516300282543,189
1177,WS_SEND_START,1516300282543,189
1177,WS_SEND_END,1516300282543,189
1177,WS_RECV_START,1516300282543,190
1177,WS_RECV_END,1516300283550,190
1177,PLAYER_SLEEPBEFORE_START,1516300283550,191
1177,PLAYER_SLEEPBEFORE_END,1516300285465,191
1177,WS_SEND_START,1516300285465,191
1177,WS_SEND_END,1516300285465,191
1177,WS_RECV_START,1516300285465,192
1177,WS_RECV_END,1516300286791,192
1177,PLAYER_SLEEPBEFORE_START,1516300286791,193
1177,PLAYER_SLEEPBEFORE_END,1516300286920,193
1177,WS_SEND_START,1516300286920,193
1177,WS_SEND_END,1516300286920,193
1177,WS_RECV_START,1516300286920,194
1177,WS_RECV_END,1516300287347,194
1177,PLAYER_SLEEPBEFORE_START,1516300287347,195
1177,PLAYER_SLEEPBEFORE_END,1516300289102,195
1177,WS_SEND_START,1516300289102,195
1177,WS_SEND_END,1516300289102,195
1177,WS_RECV_START,1516300289102,196
1177,WS_RECV_END,1516300290485,196
1177,PLAYER_SLEEPBEFORE_START,1516300290485,197
1177,PLAYER_SLEEPBEFORE_END,1516300292289,197
1177,WS_SEND_START,1516300292289,197
1177,WS_SEND_END,1516300292289,197
1177,WS_RECV_START,1516300292289,198
1177,WS_RECV_END,1516300293311,198
1177,PLAYER_SLEEPBEFORE_START,1516300293311,199
1177,PLAYER_SLEEPBEFORE_END,1516300305165,199
1177,WS_SEND_START,1516300305165,199
1177,WS_SEND_END,1516300305165,199
1177,PLAYER_SLEEPBEFORE_START,1516300305165,200
1177,PLAYER_SLEEPBEFORE_END,1516300309253,200
1177,WS_SEND_START,1516300309253,200
1177,WS_SEND_END,1516300309253,200
1177,WS_RECV_START,1516300309253,201
1177,WS_RECV_END,1516300309372,201
1177,PLAYER_SLEEPBEFORE_START,1516300309372,202
1177,PLAYER_SLEEPBEFORE_END,1516300309386,202
1177,WS_SEND_START,1516300309386,202
1177,WS_SEND_END,1516300309386,202
1177,WS_RECV_START,1516300309386,203
1177,WS_RECV_END,1516300309518,203
1177,PLAYER_SLEEPBEFORE_START,1516300309518,204
1177,PLAYER_SLEEPBEFORE_END,1516300329167,204
1177,WS_SEND_START,1516300329167,204
1177,WS_SEND_END,1516300329167,204
1177,PLAYER_SLEEPBEFORE_START,1516300329167,205
1177,PLAYER_SLEEPBEFORE_END,1516300333066,205
1177,WS_SEND_START,1516300333066,205
1177,WS_SEND_END,1516300333066,205
1177,WS_RECV_START,1516300333066,206
1177,WS_RECV_END,1516300333631,206
1177,PLAYER_SLEEPBEFORE_START,1516300333631,207
1177,PLAYER_SLEEPBEFORE_END,1516300350563,207
1177,REQ_START,1516300350563,207
1177,REQ_END,1516300350567,207
1177,PLAYER_SLEEPBEFORE_START,1516300350567,208
1177,PLAYER_SLEEPBEFORE_END,1516300357419,208
1177,WS_CLOSE_START,1516300357419,208
1177,WS_CLOSE_END,1516300357419,208
1177,PLAYER_DONE,1516300357419
