# --sessions 2700 --app-url=http://shinyloadtest.rstudioservices.com/cran_explorer --output-dir test2700 --overwrite-output --log-level warn --start-interval 100 15min.log
thread_id,event,timestamp,input_line_number,comment
1357,PLAYER_SESSION_CREATE,1516299245927
1357,PLAYER_START_INTERVAL_START,1516299245927
1357,PLAYER_START_INTERVAL_END,1516299381627
1357,REQ_HOME_START,1516299381627,2
1357,REQ_HOME_END,1516299381721,2
1357,REQ_START,1516299381721,3
1357,REQ_END,1516299381755,3
1357,REQ_START,1516299381755,4
1357,REQ_END,1516299381789,4
1357,REQ_START,1516299381789,5
1357,REQ_END,1516299381832,5
1357,REQ_START,1516299381832,6
1357,REQ_END,1516299381876,6
1357,REQ_START,1516299381876,7
1357,REQ_END,1516299381917,7
1357,REQ_START,1516299381917,8
1357,REQ_END,1516299381956,8
1357,REQ_START,1516299381956,9
1357,REQ_END,1516299382003,9
1357,REQ_START,1516299382003,10
1357,REQ_END,1516299382011,10
1357,REQ_START,1516299382011,11
1357,REQ_END,1516299382057,11
1357,REQ_START,1516299382057,12
1357,REQ_END,1516299382067,12
1357,REQ_START,1516299382067,13
1357,REQ_END,1516299382096,13
1357,REQ_START,1516299382096,14
1357,REQ_END,1516299382112,14
1357,REQ_START,1516299382112,15
1357,REQ_END,1516299382172,15
1357,REQ_TOK_START,1516299382172,16
1357,REQ_TOK_END,1516299382179,16
1357,REQ_SINF_START,1516299382179,17
1357,REQ_SINF_END,1516299382187,17
1357,WS_OPEN_START,1516299382187,18
1357,WS_OPEN_END,1516299382193,18
1357,REQ_START,1516299382193,19
1357,REQ_END,1516299382224,19
1357,WS_RECV_START,1516299382224,20
1357,WS_RECV_END,1516299382224,20
1357,PLAYER_SLEEPBEFORE_START,1516299382224,21
1357,PLAYER_SLEEPBEFORE_END,1516299382229,21
1357,WS_SEND_START,1516299382229,21
1357,WS_SEND_END,1516299382229,21
1357,PLAYER_SLEEPBEFORE_START,1516299382229,22
1357,PLAYER_SLEEPBEFORE_END,1516299382230,22
1357,WS_SEND_START,1516299382230,22
1357,WS_SEND_END,1516299382230,22
1357,WS_RECV_INIT_START,1516299382230,23
1357,WS_RECV_INIT_END,1516299382333,23
1357,WS_RECV_START,1516299382333,24
1357,WS_RECV_END,1516299382418,24
1357,PLAYER_SLEEPBEFORE_START,1516299382418,25
1357,PLAYER_SLEEPBEFORE_END,1516299382425,25
1357,REQ_START,1516299382425,25
1357,REQ_END,1516299382580,25
1357,PLAYER_SLEEPBEFORE_START,1516299382580,26
1357,PLAYER_SLEEPBEFORE_END,1516299382581,26
1357,REQ_START,1516299382581,26
1357,REQ_END,1516299382623,26
1357,PLAYER_SLEEPBEFORE_START,1516299382623,27
1357,PLAYER_SLEEPBEFORE_END,1516299382626,27
1357,REQ_START,1516299382626,27
1357,REQ_END,1516299382663,27
1357,PLAYER_SLEEPBEFORE_START,1516299382663,28
1357,PLAYER_SLEEPBEFORE_END,1516299382948,28
1357,REQ_START,1516299382948,28
1357,REQ_END,1516299383095,28
1357,PLAYER_SLEEPBEFORE_START,1516299383095,29
1357,PLAYER_SLEEPBEFORE_END,1516299383270,29
1357,WS_SEND_START,1516299383270,29
1357,WS_SEND_END,1516299383270,29
1357,WS_RECV_START,1516299383270,30
1357,WS_RECV_END,1516299383404,30
1357,PLAYER_SLEEPBEFORE_START,1516299383404,31
1357,PLAYER_SLEEPBEFORE_END,1516299383415,31
1357,REQ_START,1516299383415,31
1357,REQ_END,1516299383480,31
1357,PLAYER_SLEEPBEFORE_START,1516299383480,32
1357,PLAYER_SLEEPBEFORE_END,1516299411625,32
1357,WS_SEND_START,1516299411625,32
1357,WS_SEND_END,1516299411625,32
1357,WS_RECV_START,1516299411625,33
1357,WS_RECV_END,1516299411865,33
1357,PLAYER_SLEEPBEFORE_START,1516299411865,34
1357,PLAYER_SLEEPBEFORE_END,1516299437776,34
1357,WS_SEND_START,1516299437776,34
1357,WS_SEND_END,1516299437776,34
1357,WS_RECV_START,1516299437776,35
1357,WS_RECV_END,1516299438038,35
1357,PLAYER_SLEEPBEFORE_START,1516299438038,36
1357,PLAYER_SLEEPBEFORE_END,1516299438047,36
1357,WS_SEND_START,1516299438047,36
1357,WS_SEND_END,1516299438047,36
1357,WS_RECV_START,1516299438047,37
1357,WS_RECV_END,1516299438143,37
1357,PLAYER_SLEEPBEFORE_START,1516299438143,38
1357,PLAYER_SLEEPBEFORE_END,1516299441338,38
1357,WS_SEND_START,1516299441338,38
1357,WS_SEND_END,1516299441339,38
1357,WS_RECV_START,1516299441339,39
1357,WS_RECV_END,1516299441508,39
1357,PLAYER_SLEEPBEFORE_START,1516299441508,40
1357,PLAYER_SLEEPBEFORE_END,1516299441554,40
1357,WS_SEND_START,1516299441554,40
1357,WS_SEND_END,1516299441554,40
1357,WS_RECV_START,1516299441554,41
1357,WS_RECV_END,1516299441719,41
1357,PLAYER_SLEEPBEFORE_START,1516299441719,42
1357,PLAYER_SLEEPBEFORE_END,1516299459854,42
1357,WS_SEND_START,1516299459854,42
1357,WS_SEND_END,1516299459854,42
1357,WS_RECV_START,1516299459854,43
1357,WS_RECV_END,1516299460105,43
1357,PLAYER_SLEEPBEFORE_START,1516299460105,44
1357,PLAYER_SLEEPBEFORE_END,1516299460117,44
1357,WS_SEND_START,1516299460117,44
1357,WS_SEND_END,1516299460117,44
1357,WS_RECV_START,1516299460117,45
1357,WS_RECV_END,1516299460413,45
1357,PLAYER_SLEEPBEFORE_START,1516299460413,46
1357,PLAYER_SLEEPBEFORE_END,1516299461673,46
1357,WS_SEND_START,1516299461673,46
1357,WS_SEND_END,1516299461673,46
1357,WS_RECV_START,1516299461673,47
1357,WS_RECV_END,1516299461796,47
1357,PLAYER_SLEEPBEFORE_START,1516299461796,48
1357,PLAYER_SLEEPBEFORE_END,1516299463116,48
1357,WS_SEND_START,1516299463116,48
1357,WS_SEND_END,1516299463116,48
1357,WS_RECV_START,1516299463116,49
1357,WS_RECV_END,1516299463402,49
1357,PLAYER_SLEEPBEFORE_START,1516299463402,50
1357,PLAYER_SLEEPBEFORE_END,1516299463426,50
1357,WS_SEND_START,1516299463426,50
1357,WS_SEND_END,1516299463426,50
1357,WS_RECV_START,1516299463426,51
1357,WS_RECV_END,1516299463832,51
1357,PLAYER_SLEEPBEFORE_START,1516299463832,52
1357,PLAYER_SLEEPBEFORE_END,1516299486396,52
1357,WS_SEND_START,1516299486396,52
1357,WS_SEND_END,1516299486396,52
1357,WS_RECV_START,1516299486396,53
1357,WS_RECV_END,1516299486793,53
1357,PLAYER_SLEEPBEFORE_START,1516299486793,54
1357,PLAYER_SLEEPBEFORE_END,1516299508096,54
1357,WS_SEND_START,1516299508096,54
1357,WS_SEND_END,1516299508096,54
1357,PLAYER_SLEEPBEFORE_START,1516299508096,55
1357,PLAYER_SLEEPBEFORE_END,1516299510037,55
1357,WS_SEND_START,1516299510037,55
1357,WS_SEND_END,1516299510037,55
1357,WS_RECV_START,1516299510037,56
1357,WS_RECV_END,1516299510391,56
1357,PLAYER_SLEEPBEFORE_START,1516299510391,57
1357,PLAYER_SLEEPBEFORE_END,1516299533263,57
1357,WS_SEND_START,1516299533263,57
1357,WS_SEND_END,1516299533263,57
1357,WS_RECV_START,1516299533263,58
1357,WS_RECV_END,1516299534702,58
1357,PLAYER_SLEEPBEFORE_START,1516299534702,59
1357,PLAYER_SLEEPBEFORE_END,1516299537029,59
1357,WS_SEND_START,1516299537029,59
1357,WS_SEND_END,1516299537029,59
1357,WS_RECV_START,1516299537029,60
1357,WS_RECV_END,1516299539631,60
1357,PLAYER_SLEEPBEFORE_START,1516299539631,61
1357,PLAYER_SLEEPBEFORE_END,1516299543222,61
1357,WS_SEND_START,1516299543222,61
1357,WS_SEND_END,1516299543222,61
1357,WS_RECV_START,1516299543222,62
1357,WS_RECV_END,1516299545292,62
1357,PLAYER_SLEEPBEFORE_START,1516299545292,63
1357,PLAYER_SLEEPBEFORE_END,1516299564554,63
1357,WS_SEND_START,1516299564554,63
1357,WS_SEND_END,1516299564554,63
1357,WS_RECV_START,1516299564554,64
1357,WS_RECV_END,1516299566317,64
1357,PLAYER_SLEEPBEFORE_START,1516299566317,65
1357,PLAYER_SLEEPBEFORE_END,1516299593134,65
1357,WS_SEND_START,1516299593134,65
1357,WS_SEND_END,1516299593134,65
1357,WS_RECV_START,1516299593134,66
1357,WS_RECV_END,1516299594583,66
1357,PLAYER_SLEEPBEFORE_START,1516299594583,67
1357,PLAYER_SLEEPBEFORE_END,1516299596090,67
1357,WS_SEND_START,1516299596090,67
1357,WS_SEND_END,1516299596090,67
1357,WS_RECV_START,1516299596090,68
1357,WS_RECV_END,1516299597310,68
1357,PLAYER_SLEEPBEFORE_START,1516299597310,69
1357,PLAYER_SLEEPBEFORE_END,1516299619309,69
1357,WS_SEND_START,1516299619309,69
1357,WS_SEND_END,1516299619309,69
1357,WS_RECV_START,1516299619309,70
1357,WS_RECV_END,1516299620828,70
1357,PLAYER_SLEEPBEFORE_START,1516299620828,71
1357,PLAYER_SLEEPBEFORE_END,1516299645603,71
1357,WS_SEND_START,1516299645603,71
1357,WS_SEND_END,1516299645603,71
1357,PLAYER_SLEEPBEFORE_START,1516299645603,72
1357,PLAYER_SLEEPBEFORE_END,1516299648210,72
1357,WS_SEND_START,1516299648210,72
1357,WS_SEND_END,1516299648210,72
1357,WS_RECV_START,1516299648210,73
1357,WS_RECV_END,1516299648408,73
1357,PLAYER_SLEEPBEFORE_START,1516299648408,74
1357,PLAYER_SLEEPBEFORE_END,1516299648417,74
1357,WS_SEND_START,1516299648417,74
1357,WS_SEND_END,1516299648417,74
1357,WS_RECV_START,1516299648417,75
1357,WS_RECV_END,1516299649670,75
1357,PLAYER_SLEEPBEFORE_START,1516299649670,76
1357,PLAYER_SLEEPBEFORE_END,1516299651176,76
1357,WS_SEND_START,1516299651176,76
1357,WS_SEND_END,1516299651176,76
1357,WS_RECV_START,1516299651176,77
1357,WS_RECV_END,1516299651234,77
1357,PLAYER_SLEEPBEFORE_START,1516299651234,78
1357,PLAYER_SLEEPBEFORE_END,1516299652102,78
1357,WS_SEND_START,1516299652102,78
1357,WS_SEND_END,1516299652102,78
1357,WS_RECV_START,1516299652102,79
1357,WS_RECV_END,1516299653090,79
1357,PLAYER_SLEEPBEFORE_START,1516299653090,80
1357,PLAYER_SLEEPBEFORE_END,1516299660756,80
1357,WS_SEND_START,1516299660756,80
1357,WS_SEND_END,1516299660756,80
1357,WS_RECV_START,1516299660756,81
1357,WS_RECV_END,1516299661360,81
1357,PLAYER_SLEEPBEFORE_START,1516299661360,82
1357,PLAYER_SLEEPBEFORE_END,1516299662462,82
1357,WS_SEND_START,1516299662462,82
1357,WS_SEND_END,1516299662462,82
1357,WS_RECV_START,1516299662462,83
1357,WS_RECV_END,1516299663428,83
1357,PLAYER_SLEEPBEFORE_START,1516299663428,84
1357,PLAYER_SLEEPBEFORE_END,1516299664375,84
1357,WS_SEND_START,1516299664375,84
1357,WS_SEND_END,1516299664375,84
1357,WS_RECV_START,1516299664375,85
1357,WS_RECV_END,1516299665197,85
1357,PLAYER_SLEEPBEFORE_START,1516299665197,86
1357,PLAYER_SLEEPBEFORE_END,1516299669369,86
1357,WS_SEND_START,1516299669369,86
1357,WS_SEND_END,1516299669369,86
1357,WS_RECV_START,1516299669369,87
1357,WS_RECV_END,1516299671035,87
1357,PLAYER_SLEEPBEFORE_START,1516299671035,88
1357,PLAYER_SLEEPBEFORE_END,1516299671043,88
1357,WS_SEND_START,1516299671043,88
1357,WS_SEND_END,1516299671043,88
1357,WS_RECV_START,1516299671043,89
1357,WS_RECV_END,1516299671640,89
1357,PLAYER_SLEEPBEFORE_START,1516299671640,90
1357,PLAYER_SLEEPBEFORE_END,1516299698837,90
1357,REQ_START,1516299698837,90
1357,REQ_END,1516299698845,90
1357,PLAYER_SLEEPBEFORE_START,1516299698845,91
1357,PLAYER_SLEEPBEFORE_END,1516299706735,91
1357,WS_SEND_START,1516299706735,91
1357,WS_SEND_END,1516299706735,91
1357,WS_RECV_START,1516299706735,92
1357,WS_RECV_END,1516299707410,92
1357,PLAYER_SLEEPBEFORE_START,1516299707410,93
1357,PLAYER_SLEEPBEFORE_END,1516299707425,93
1357,WS_SEND_START,1516299707425,93
1357,WS_SEND_END,1516299707425,93
1357,WS_RECV_START,1516299707425,94
1357,WS_RECV_END,1516299707680,94
1357,PLAYER_SLEEPBEFORE_START,1516299707680,95
1357,PLAYER_SLEEPBEFORE_END,1516299731235,95
1357,WS_SEND_START,1516299731235,95
1357,WS_SEND_END,1516299731235,95
1357,WS_RECV_START,1516299731235,96
1357,WS_RECV_END,1516299733942,96
1357,PLAYER_SLEEPBEFORE_START,1516299733942,97
1357,PLAYER_SLEEPBEFORE_END,1516299756382,97
1357,WS_SEND_START,1516299756382,97
1357,WS_SEND_END,1516299756382,97
1357,WS_RECV_START,1516299756382,98
1357,WS_RECV_END,1516299757619,98
1357,PLAYER_SLEEPBEFORE_START,1516299757619,99
1357,PLAYER_SLEEPBEFORE_END,1516299757640,99
1357,WS_SEND_START,1516299757640,99
1357,WS_SEND_END,1516299757640,99
1357,WS_RECV_START,1516299757640,100
1357,WS_RECV_END,1516299758121,100
1357,PLAYER_SLEEPBEFORE_START,1516299758121,101
1357,PLAYER_SLEEPBEFORE_END,1516299781680,101
1357,WS_SEND_START,1516299781680,101
1357,WS_SEND_END,1516299781680,101
1357,WS_RECV_START,1516299781680,102
1357,WS_RECV_END,1516299785604,102
1357,PLAYER_SLEEPBEFORE_START,1516299785604,103
1357,PLAYER_SLEEPBEFORE_END,1516299809229,103
1357,WS_SEND_START,1516299809229,103
1357,WS_SEND_END,1516299809229,103
1357,WS_RECV_START,1516299809229,104
1357,WS_RECV_END,1516299810663,104
1357,PLAYER_SLEEPBEFORE_START,1516299810663,105
1357,PLAYER_SLEEPBEFORE_END,1516299836040,105
1357,WS_SEND_START,1516299836040,105
1357,WS_SEND_END,1516299836040,105
1357,WS_RECV_START,1516299836040,106
1357,WS_RECV_END,1516299838940,106
1357,PLAYER_SLEEPBEFORE_START,1516299838940,107
1357,PLAYER_SLEEPBEFORE_END,1516299862363,107
1357,WS_SEND_START,1516299862363,107
1357,WS_SEND_END,1516299862363,107
1357,WS_RECV_START,1516299862363,108
1357,WS_RECV_END,1516299863517,108
1357,PLAYER_SLEEPBEFORE_START,1516299863517,109
1357,PLAYER_SLEEPBEFORE_END,1516299863526,109
1357,WS_SEND_START,1516299863526,109
1357,WS_SEND_END,1516299863526,109
1357,WS_RECV_START,1516299863526,110
1357,WS_RECV_END,1516299863657,110
1357,PLAYER_SLEEPBEFORE_START,1516299863657,111
1357,PLAYER_SLEEPBEFORE_END,1516299864617,111
1357,WS_SEND_START,1516299864617,111
1357,WS_SEND_END,1516299864617,111
1357,WS_RECV_START,1516299864617,112
1357,WS_RECV_END,1516299865391,112
1357,PLAYER_SLEEPBEFORE_START,1516299865391,113
1357,PLAYER_SLEEPBEFORE_END,1516299865954,113
1357,WS_SEND_START,1516299865954,113
1357,WS_SEND_END,1516299865954,113
1357,WS_RECV_START,1516299865954,114
1357,WS_RECV_END,1516299867061,114
1357,PLAYER_SLEEPBEFORE_START,1516299867061,115
1357,PLAYER_SLEEPBEFORE_END,1516299867070,115
1357,WS_SEND_START,1516299867070,115
1357,WS_SEND_END,1516299867070,115
1357,WS_RECV_START,1516299867070,116
1357,WS_RECV_END,1516299870098,116
1357,PLAYER_SLEEPBEFORE_START,1516299870098,117
1357,PLAYER_SLEEPBEFORE_END,1516299890478,117
1357,WS_SEND_START,1516299890478,117
1357,WS_SEND_END,1516299890478,117
1357,PLAYER_SLEEPBEFORE_START,1516299890478,118
1357,PLAYER_SLEEPBEFORE_END,1516299894230,118
1357,WS_SEND_START,1516299894230,118
1357,WS_SEND_END,1516299894230,118
1357,WS_RECV_START,1516299894230,119
1357,WS_RECV_END,1516299894740,119
1357,PLAYER_SLEEPBEFORE_START,1516299894740,120
1357,PLAYER_SLEEPBEFORE_END,1516299895728,120
1357,WS_SEND_START,1516299895728,120
1357,WS_SEND_END,1516299895728,120
1357,WS_RECV_START,1516299895728,121
1357,WS_RECV_END,1516299898473,121
1357,PLAYER_SLEEPBEFORE_START,1516299898473,122
1357,PLAYER_SLEEPBEFORE_END,1516299899659,122
1357,WS_SEND_START,1516299899659,122
1357,WS_SEND_END,1516299899659,122
1357,WS_RECV_START,1516299899659,123
1357,WS_RECV_END,1516299903660,123
1357,PLAYER_SLEEPBEFORE_START,1516299903660,124
1357,PLAYER_SLEEPBEFORE_END,1516299928065,124
1357,WS_SEND_START,1516299928065,124
1357,WS_SEND_END,1516299928065,124
1357,WS_RECV_START,1516299928065,125
1357,WS_RECV_END,1516299928207,125
1357,PLAYER_SLEEPBEFORE_START,1516299928207,126
1357,PLAYER_SLEEPBEFORE_END,1516299948719,126
1357,WS_SEND_START,1516299948719,126
1357,WS_SEND_END,1516299948719,126
1357,PLAYER_SLEEPBEFORE_START,1516299948719,127
1357,PLAYER_SLEEPBEFORE_END,1516299951773,127
1357,WS_SEND_START,1516299951773,127
1357,WS_SEND_END,1516299951773,127
1357,WS_RECV_START,1516299951773,128
1357,WS_RECV_END,1516299953371,128
1357,PLAYER_SLEEPBEFORE_START,1516299953371,129
1357,PLAYER_SLEEPBEFORE_END,1516299953391,129
1357,WS_SEND_START,1516299953391,129
1357,WS_SEND_END,1516299953391,129
1357,WS_RECV_START,1516299953391,130
1357,WS_RECV_END,1516299954129,130
1357,PLAYER_SLEEPBEFORE_START,1516299954129,131
1357,PLAYER_SLEEPBEFORE_END,1516299975754,131
1357,WS_SEND_START,1516299975754,131
1357,WS_SEND_END,1516299975754,131
1357,PLAYER_SLEEPBEFORE_START,1516299975754,132
1357,PLAYER_SLEEPBEFORE_END,1516299978834,132
1357,WS_SEND_START,1516299978834,132
1357,WS_SEND_END,1516299978834,132
1357,WS_RECV_START,1516299978834,133
1357,WS_RECV_END,1516299980295,133
1357,PLAYER_SLEEPBEFORE_START,1516299980295,134
1357,PLAYER_SLEEPBEFORE_END,1516300001512,134
1357,WS_SEND_START,1516300001512,134
1357,WS_SEND_END,1516300001512,134
1357,PLAYER_SLEEPBEFORE_START,1516300001512,135
1357,PLAYER_SLEEPBEFORE_END,1516300004705,135
1357,WS_SEND_START,1516300004705,135
1357,WS_SEND_END,1516300004705,135
1357,WS_RECV_START,1516300004705,136
1357,WS_RECV_END,1516300005273,136
1357,PLAYER_SLEEPBEFORE_START,1516300005273,137
1357,PLAYER_SLEEPBEFORE_END,1516300005280,137
1357,WS_SEND_START,1516300005280,137
1357,WS_SEND_END,1516300005280,137
1357,WS_RECV_START,1516300005280,138
1357,WS_RECV_END,1516300006174,138
1357,PLAYER_SLEEPBEFORE_START,1516300006174,139
1357,PLAYER_SLEEPBEFORE_END,1516300006864,139
1357,WS_SEND_START,1516300006864,139
1357,WS_SEND_END,1516300006864,139
1357,WS_RECV_START,1516300006864,140
1357,WS_RECV_END,1516300007189,140
1357,PLAYER_SLEEPBEFORE_START,1516300007189,141
1357,PLAYER_SLEEPBEFORE_END,1516300007844,141
1357,WS_SEND_START,1516300007844,141
1357,WS_SEND_END,1516300007844,141
1357,WS_RECV_START,1516300007844,142
1357,WS_RECV_END,1516300009318,142
1357,PLAYER_SLEEPBEFORE_START,1516300009318,143
1357,PLAYER_SLEEPBEFORE_END,1516300009375,143
1357,WS_SEND_START,1516300009375,143
1357,WS_SEND_END,1516300009375,143
1357,WS_RECV_START,1516300009375,144
1357,WS_RECV_END,1516300010169,144
1357,PLAYER_SLEEPBEFORE_START,1516300010169,145
1357,PLAYER_SLEEPBEFORE_END,1516300026231,145
1357,REQ_START,1516300026232,145
1357,REQ_END,1516300026240,145
1357,PLAYER_SLEEPBEFORE_START,1516300026240,146
1357,PLAYER_SLEEPBEFORE_END,1516300035117,146
1357,WS_SEND_START,1516300035117,146
1357,WS_SEND_END,1516300035117,146
1357,WS_RECV_START,1516300035117,147
1357,WS_RECV_END,1516300035779,147
1357,PLAYER_SLEEPBEFORE_START,1516300035779,148
1357,PLAYER_SLEEPBEFORE_END,1516300057701,148
1357,WS_SEND_START,1516300057701,148
1357,WS_SEND_END,1516300057701,148
1357,PLAYER_SLEEPBEFORE_START,1516300057701,149
1357,PLAYER_SLEEPBEFORE_END,1516300060130,149
1357,WS_SEND_START,1516300060130,149
1357,WS_SEND_END,1516300060130,149
1357,WS_RECV_START,1516300060130,150
1357,WS_RECV_END,1516300060683,150
1357,PLAYER_SLEEPBEFORE_START,1516300060683,151
1357,PLAYER_SLEEPBEFORE_END,1516300060893,151
1357,WS_SEND_START,1516300060893,151
1357,WS_SEND_END,1516300060893,151
1357,WS_RECV_START,1516300060893,152
1357,WS_RECV_END,1516300061293,152
1357,PLAYER_SLEEPBEFORE_START,1516300061293,153
1357,PLAYER_SLEEPBEFORE_END,1516300085220,153
1357,WS_SEND_START,1516300085220,153
1357,WS_SEND_END,1516300085220,153
1357,WS_RECV_START,1516300085221,154
1357,WS_RECV_END,1516300086423,154
1357,PLAYER_SLEEPBEFORE_START,1516300086423,155
1357,PLAYER_SLEEPBEFORE_END,1516300108981,155
1357,WS_SEND_START,1516300108981,155
1357,WS_SEND_END,1516300108981,155
1357,PLAYER_SLEEPBEFORE_START,1516300108981,156
1357,PLAYER_SLEEPBEFORE_END,1516300112256,156
1357,WS_SEND_START,1516300112256,156
1357,WS_SEND_END,1516300112256,156
1357,WS_RECV_START,1516300112256,157
1357,WS_RECV_END,1516300113516,157
1357,PLAYER_SLEEPBEFORE_START,1516300113516,158
1357,PLAYER_SLEEPBEFORE_END,1516300113526,158
1357,WS_SEND_START,1516300113526,158
1357,WS_SEND_END,1516300113526,158
1357,WS_RECV_START,1516300113526,159
1357,WS_RECV_END,1516300113754,159
1357,PLAYER_SLEEPBEFORE_START,1516300113754,160
1357,PLAYER_SLEEPBEFORE_END,1516300113929,160
1357,WS_SEND_START,1516300113929,160
1357,WS_SEND_END,1516300113929,160
1357,WS_RECV_START,1516300113929,161
1357,WS_RECV_END,1516300114715,161
1357,PLAYER_SLEEPBEFORE_START,1516300114715,162
1357,PLAYER_SLEEPBEFORE_END,1516300114740,162
1357,WS_SEND_START,1516300114740,162
1357,WS_SEND_END,1516300114740,162
1357,WS_RECV_START,1516300114740,163
1357,WS_RECV_END,1516300115752,163
1357,PLAYER_SLEEPBEFORE_START,1516300115752,164
1357,PLAYER_SLEEPBEFORE_END,1516300136564,164
1357,WS_SEND_START,1516300136564,164
1357,WS_SEND_END,1516300136564,164
1357,WS_RECV_START,1516300136564,165
1357,WS_RECV_END,1516300140320,165
1357,PLAYER_SLEEPBEFORE_START,1516300140320,166
1357,PLAYER_SLEEPBEFORE_END,1516300162775,166
1357,WS_SEND_START,1516300162775,166
1357,WS_SEND_END,1516300162775,166
1357,WS_RECV_START,1516300162775,167
1357,WS_RECV_END,1516300166759,167
1357,PLAYER_SLEEPBEFORE_START,1516300166759,168
1357,PLAYER_SLEEPBEFORE_END,1516300194116,168
1357,WS_SEND_START,1516300194116,168
1357,WS_SEND_END,1516300194116,168
1357,WS_RECV_START,1516300194116,169
1357,WS_RECV_END,1516300199075,169
1357,PLAYER_SLEEPBEFORE_START,1516300199075,170
1357,PLAYER_SLEEPBEFORE_END,1516300199084,170
1357,WS_SEND_START,1516300199084,170
1357,WS_SEND_END,1516300199084,170
1357,WS_RECV_START,1516300199084,171
1357,WS_RECV_END,1516300202566,171
1357,PLAYER_SLEEPBEFORE_START,1516300202566,172
1357,PLAYER_SLEEPBEFORE_END,1516300202935,172
1357,WS_SEND_START,1516300202935,172
1357,WS_SEND_END,1516300202935,172
1357,WS_RECV_START,1516300202935,173
1357,WS_RECV_END,1516300205731,173
1357,PLAYER_SLEEPBEFORE_START,1516300205731,174
1357,PLAYER_SLEEPBEFORE_END,1516300205773,174
1357,WS_SEND_START,1516300205773,174
1357,WS_SEND_END,1516300205773,174
1357,WS_RECV_START,1516300205773,175
1357,WS_RECV_END,1516300210936,175
1357,PLAYER_SLEEPBEFORE_START,1516300210936,176
1357,PLAYER_SLEEPBEFORE_END,1516300232698,176
1357,WS_SEND_START,1516300232698,176
1357,WS_SEND_END,1516300232698,176
1357,PLAYER_SLEEPBEFORE_START,1516300232698,177
1357,PLAYER_SLEEPBEFORE_END,1516300235216,177
1357,WS_SEND_START,1516300235216,177
1357,WS_SEND_END,1516300235216,177
1357,WS_RECV_START,1516300235216,178
1357,WS_RECV_END,1516300235618,178
1357,PLAYER_SLEEPBEFORE_START,1516300235618,179
1357,PLAYER_SLEEPBEFORE_END,1516300257958,179
1357,WS_SEND_START,1516300257958,179
1357,WS_SEND_END,1516300257958,179
1357,WS_RECV_START,1516300257958,180
1357,WS_RECV_END,1516300262959,180
1357,PLAYER_SLEEPBEFORE_START,1516300262959,181
1357,PLAYER_SLEEPBEFORE_END,1516300263403,181
1357,WS_SEND_START,1516300263403,181
1357,WS_SEND_END,1516300263403,181
1357,WS_RECV_START,1516300263403,182
1357,WS_RECV_END,1516300268062,182
1357,PLAYER_SLEEPBEFORE_START,1516300268062,183
1357,PLAYER_SLEEPBEFORE_END,1516300268585,183
1357,WS_SEND_START,1516300268585,183
1357,WS_SEND_END,1516300268585,183
1357,WS_RECV_START,1516300268585,184
1357,WS_RECV_END,1516300270120,184
1357,PLAYER_SLEEPBEFORE_START,1516300270120,185
1357,PLAYER_SLEEPBEFORE_END,1516300270388,185
1357,WS_SEND_START,1516300270388,185
1357,WS_SEND_END,1516300270388,185
1357,WS_RECV_START,1516300270388,186
1357,WS_RECV_END,1516300271205,186
1357,PLAYER_SLEEPBEFORE_START,1516300271206,187
1357,PLAYER_SLEEPBEFORE_END,1516300293706,187
1357,WS_SEND_START,1516300293706,187
1357,WS_SEND_END,1516300293706,187
1357,WS_RECV_START,1516300293706,188
1357,WS_RECV_END,1516300295781,188
1357,PLAYER_SLEEPBEFORE_START,1516300295781,189
1357,PLAYER_SLEEPBEFORE_END,1516300302020,189
1357,WS_SEND_START,1516300302020,189
1357,WS_SEND_END,1516300302020,189
1357,WS_RECV_START,1516300302020,190
1357,WS_RECV_END,1516300303311,190
1357,PLAYER_SLEEPBEFORE_START,1516300303311,191
1357,PLAYER_SLEEPBEFORE_END,1516300305226,191
1357,WS_SEND_START,1516300305226,191
1357,WS_SEND_END,1516300305226,191
1357,WS_RECV_START,1516300305226,192
1357,WS_RECV_END,1516300305941,192
1357,PLAYER_SLEEPBEFORE_START,1516300305941,193
1357,PLAYER_SLEEPBEFORE_END,1516300306069,193
1357,WS_SEND_START,1516300306069,193
1357,WS_SEND_END,1516300306069,193
1357,WS_RECV_START,1516300306069,194
1357,WS_RECV_END,1516300306310,194
1357,PLAYER_SLEEPBEFORE_START,1516300306310,195
1357,PLAYER_SLEEPBEFORE_END,1516300308065,195
1357,WS_SEND_START,1516300308065,195
1357,WS_SEND_END,1516300308065,195
1357,WS_RECV_START,1516300308065,196
1357,WS_RECV_END,1516300308227,196
1357,PLAYER_SLEEPBEFORE_START,1516300308227,197
1357,PLAYER_SLEEPBEFORE_END,1516300310031,197
1357,WS_SEND_START,1516300310031,197
1357,WS_SEND_END,1516300310031,197
1357,WS_RECV_START,1516300310031,198
1357,WS_RECV_END,1516300310902,198
1357,PLAYER_SLEEPBEFORE_START,1516300310902,199
1357,PLAYER_SLEEPBEFORE_END,1516300322756,199
1357,WS_SEND_START,1516300322756,199
1357,WS_SEND_END,1516300322756,199
1357,PLAYER_SLEEPBEFORE_START,1516300322756,200
1357,PLAYER_SLEEPBEFORE_END,1516300326844,200
1357,WS_SEND_START,1516300326844,200
1357,WS_SEND_END,1516300326844,200
1357,WS_RECV_START,1516300326844,201
1357,WS_RECV_END,1516300327827,201
1357,PLAYER_SLEEPBEFORE_START,1516300327827,202
1357,PLAYER_SLEEPBEFORE_END,1516300327842,202
1357,WS_SEND_START,1516300327842,202
1357,WS_SEND_END,1516300327842,202
1357,WS_RECV_START,1516300327842,203
1357,WS_RECV_END,1516300328625,203
1357,PLAYER_SLEEPBEFORE_START,1516300328625,204
1357,PLAYER_SLEEPBEFORE_END,1516300348274,204
1357,WS_SEND_START,1516300348274,204
1357,WS_SEND_END,1516300348274,204
1357,PLAYER_SLEEPBEFORE_START,1516300348274,205
1357,PLAYER_SLEEPBEFORE_END,1516300352172,205
1357,WS_SEND_START,1516300352172,205
1357,WS_SEND_END,1516300352172,205
1357,WS_RECV_START,1516300352172,206
1357,WS_RECV_END,1516300352592,206
1357,PLAYER_SLEEPBEFORE_START,1516300352592,207
1357,PLAYER_SLEEPBEFORE_END,1516300369524,207
1357,REQ_START,1516300369524,207
1357,REQ_END,1516300369531,207
1357,PLAYER_SLEEPBEFORE_START,1516300369531,208
1357,PLAYER_SLEEPBEFORE_END,1516300376383,208
1357,WS_CLOSE_START,1516300376383,208
1357,WS_CLOSE_END,1516300376383,208
1357,PLAYER_DONE,1516300376384
