# --sessions 2700 --app-url=http://shinyloadtest.rstudioservices.com/cran_explorer --output-dir test2700 --overwrite-output --log-level warn --start-interval 100 15min.log
thread_id,event,timestamp,input_line_number,comment
1367,PLAYER_SESSION_CREATE,1516299245928
1367,PLAYER_START_INTERVAL_START,1516299245928
1367,PLAYER_START_INTERVAL_END,1516299382628
1367,REQ_HOME_START,1516299382628,2
1367,REQ_HOME_END,1516299382724,2
1367,REQ_START,1516299382724,3
1367,REQ_END,1516299382755,3
1367,REQ_START,1516299382755,4
1367,REQ_END,1516299382789,4
1367,REQ_START,1516299382789,5
1367,REQ_END,1516299382825,5
1367,REQ_START,1516299382825,6
1367,REQ_END,1516299382861,6
1367,REQ_START,1516299382861,7
1367,REQ_END,1516299382893,7
1367,REQ_START,1516299382893,8
1367,REQ_END,1516299382929,8
1367,REQ_START,1516299382929,9
1367,REQ_END,1516299382966,9
1367,REQ_START,1516299382966,10
1367,REQ_END,1516299382974,10
1367,REQ_START,1516299382974,11
1367,REQ_END,1516299383007,11
1367,REQ_START,1516299383007,12
1367,REQ_END,1516299383021,12
1367,REQ_START,1516299383021,13
1367,REQ_END,1516299383052,13
1367,REQ_START,1516299383052,14
1367,REQ_END,1516299383066,14
1367,REQ_START,1516299383066,15
1367,REQ_END,1516299383178,15
1367,REQ_TOK_START,1516299383178,16
1367,REQ_TOK_END,1516299383186,16
1367,REQ_SINF_START,1516299383186,17
1367,REQ_SINF_END,1516299383193,17
1367,WS_OPEN_START,1516299383193,18
1367,WS_OPEN_END,1516299383200,18
1367,REQ_START,1516299383200,19
1367,REQ_END,1516299383234,19
1367,WS_RECV_START,1516299383234,20
1367,WS_RECV_END,1516299383234,20
1367,PLAYER_SLEEPBEFORE_START,1516299383234,21
1367,PLAYER_SLEEPBEFORE_END,1516299383239,21
1367,WS_SEND_START,1516299383239,21
1367,WS_SEND_END,1516299383239,21
1367,PLAYER_SLEEPBEFORE_START,1516299383239,22
1367,PLAYER_SLEEPBEFORE_END,1516299383240,22
1367,WS_SEND_START,1516299383240,22
1367,WS_SEND_END,1516299383240,22
1367,WS_RECV_INIT_START,1516299383240,23
1367,WS_RECV_INIT_END,1516299383259,23
1367,WS_RECV_START,1516299383259,24
1367,WS_RECV_END,1516299383329,24
1367,PLAYER_SLEEPBEFORE_START,1516299383329,25
1367,PLAYER_SLEEPBEFORE_END,1516299383336,25
1367,REQ_START,1516299383336,25
1367,REQ_END,1516299383614,25
1367,PLAYER_SLEEPBEFORE_START,1516299383614,26
1367,PLAYER_SLEEPBEFORE_END,1516299383616,26
1367,REQ_START,1516299383616,26
1367,REQ_END,1516299383654,26
1367,PLAYER_SLEEPBEFORE_START,1516299383654,27
1367,PLAYER_SLEEPBEFORE_END,1516299383657,27
1367,REQ_START,1516299383657,27
1367,REQ_END,1516299383737,27
1367,PLAYER_SLEEPBEFORE_START,1516299383737,28
1367,PLAYER_SLEEPBEFORE_END,1516299384022,28
1367,REQ_START,1516299384022,28
1367,REQ_END,1516299384288,28
1367,PLAYER_SLEEPBEFORE_START,1516299384288,29
1367,PLAYER_SLEEPBEFORE_END,1516299384463,29
1367,WS_SEND_START,1516299384463,29
1367,WS_SEND_END,1516299384463,29
1367,WS_RECV_START,1516299384463,30
1367,WS_RECV_END,1516299384635,30
1367,PLAYER_SLEEPBEFORE_START,1516299384635,31
1367,PLAYER_SLEEPBEFORE_END,1516299384646,31
1367,REQ_START,1516299384646,31
1367,REQ_END,1516299384815,31
1367,PLAYER_SLEEPBEFORE_START,1516299384815,32
1367,PLAYER_SLEEPBEFORE_END,1516299412961,32
1367,WS_SEND_START,1516299412961,32
1367,WS_SEND_END,1516299412961,32
1367,WS_RECV_START,1516299412961,33
1367,WS_RECV_END,1516299413071,33
1367,PLAYER_SLEEPBEFORE_START,1516299413071,34
1367,PLAYER_SLEEPBEFORE_END,1516299438982,34
1367,WS_SEND_START,1516299438982,34
1367,WS_SEND_END,1516299438982,34
1367,WS_RECV_START,1516299438982,35
1367,WS_RECV_END,1516299439253,35
1367,PLAYER_SLEEPBEFORE_START,1516299439253,36
1367,PLAYER_SLEEPBEFORE_END,1516299439262,36
1367,WS_SEND_START,1516299439262,36
1367,WS_SEND_END,1516299439262,36
1367,WS_RECV_START,1516299439262,37
1367,WS_RECV_END,1516299439445,37
1367,PLAYER_SLEEPBEFORE_START,1516299439445,38
1367,PLAYER_SLEEPBEFORE_END,1516299442640,38
1367,WS_SEND_START,1516299442640,38
1367,WS_SEND_END,1516299442640,38
1367,WS_RECV_START,1516299442640,39
1367,WS_RECV_END,1516299442768,39
1367,PLAYER_SLEEPBEFORE_START,1516299442768,40
1367,PLAYER_SLEEPBEFORE_END,1516299442814,40
1367,WS_SEND_START,1516299442814,40
1367,WS_SEND_END,1516299442814,40
1367,WS_RECV_START,1516299442814,41
1367,WS_RECV_END,1516299442928,41
1367,PLAYER_SLEEPBEFORE_START,1516299442928,42
1367,PLAYER_SLEEPBEFORE_END,1516299461063,42
1367,WS_SEND_START,1516299461064,42
1367,WS_SEND_END,1516299461064,42
1367,WS_RECV_START,1516299461064,43
1367,WS_RECV_END,1516299461213,43
1367,PLAYER_SLEEPBEFORE_START,1516299461213,44
1367,PLAYER_SLEEPBEFORE_END,1516299461225,44
1367,WS_SEND_START,1516299461225,44
1367,WS_SEND_END,1516299461225,44
1367,WS_RECV_START,1516299461225,45
1367,WS_RECV_END,1516299461633,45
1367,PLAYER_SLEEPBEFORE_START,1516299461633,46
1367,PLAYER_SLEEPBEFORE_END,1516299462893,46
1367,WS_SEND_START,1516299462893,46
1367,WS_SEND_END,1516299462893,46
1367,WS_RECV_START,1516299462893,47
1367,WS_RECV_END,1516299463068,47
1367,PLAYER_SLEEPBEFORE_START,1516299463068,48
1367,PLAYER_SLEEPBEFORE_END,1516299464388,48
1367,WS_SEND_START,1516299464388,48
1367,WS_SEND_END,1516299464388,48
1367,WS_RECV_START,1516299464388,49
1367,WS_RECV_END,1516299464583,49
1367,PLAYER_SLEEPBEFORE_START,1516299464583,50
1367,PLAYER_SLEEPBEFORE_END,1516299464607,50
1367,WS_SEND_START,1516299464607,50
1367,WS_SEND_END,1516299464607,50
1367,WS_RECV_START,1516299464607,51
1367,WS_RECV_END,1516299464881,51
1367,PLAYER_SLEEPBEFORE_START,1516299464881,52
1367,PLAYER_SLEEPBEFORE_END,1516299487445,52
1367,WS_SEND_START,1516299487445,52
1367,WS_SEND_END,1516299487445,52
1367,WS_RECV_START,1516299487445,53
1367,WS_RECV_END,1516299487854,53
1367,PLAYER_SLEEPBEFORE_START,1516299487854,54
1367,PLAYER_SLEEPBEFORE_END,1516299509157,54
1367,WS_SEND_START,1516299509157,54
1367,WS_SEND_END,1516299509157,54
1367,PLAYER_SLEEPBEFORE_START,1516299509157,55
1367,PLAYER_SLEEPBEFORE_END,1516299511098,55
1367,WS_SEND_START,1516299511098,55
1367,WS_SEND_END,1516299511099,55
1367,WS_RECV_START,1516299511099,56
1367,WS_RECV_END,1516299511800,56
1367,PLAYER_SLEEPBEFORE_START,1516299511800,57
1367,PLAYER_SLEEPBEFORE_END,1516299534672,57
1367,WS_SEND_START,1516299534672,57
1367,WS_SEND_END,1516299534672,57
1367,WS_RECV_START,1516299534672,58
1367,WS_RECV_END,1516299535855,58
1367,PLAYER_SLEEPBEFORE_START,1516299535855,59
1367,PLAYER_SLEEPBEFORE_END,1516299538182,59
1367,WS_SEND_START,1516299538182,59
1367,WS_SEND_END,1516299538182,59
1367,WS_RECV_START,1516299538182,60
1367,WS_RECV_END,1516299539361,60
1367,PLAYER_SLEEPBEFORE_START,1516299539361,61
1367,PLAYER_SLEEPBEFORE_END,1516299542952,61
1367,WS_SEND_START,1516299542952,61
1367,WS_SEND_END,1516299542952,61
1367,WS_RECV_START,1516299542952,62
1367,WS_RECV_END,1516299543551,62
1367,PLAYER_SLEEPBEFORE_START,1516299543551,63
1367,PLAYER_SLEEPBEFORE_END,1516299562813,63
1367,WS_SEND_START,1516299562813,63
1367,WS_SEND_END,1516299562813,63
1367,WS_RECV_START,1516299562813,64
1367,WS_RECV_END,1516299563934,64
1367,PLAYER_SLEEPBEFORE_START,1516299563934,65
1367,PLAYER_SLEEPBEFORE_END,1516299590751,65
1367,WS_SEND_START,1516299590751,65
1367,WS_SEND_END,1516299590751,65
1367,WS_RECV_START,1516299590751,66
1367,WS_RECV_END,1516299590964,66
1367,PLAYER_SLEEPBEFORE_START,1516299590964,67
1367,PLAYER_SLEEPBEFORE_END,1516299592471,67
1367,WS_SEND_START,1516299592471,67
1367,WS_SEND_END,1516299592471,67
1367,WS_RECV_START,1516299592471,68
1367,WS_RECV_END,1516299592744,68
1367,PLAYER_SLEEPBEFORE_START,1516299592744,69
1367,PLAYER_SLEEPBEFORE_END,1516299614742,69
1367,WS_SEND_START,1516299614742,69
1367,WS_SEND_END,1516299614742,69
1367,WS_RECV_START,1516299614742,70
1367,WS_RECV_END,1516299616266,70
1367,PLAYER_SLEEPBEFORE_START,1516299616266,71
1367,PLAYER_SLEEPBEFORE_END,1516299641041,71
1367,WS_SEND_START,1516299641041,71
1367,WS_SEND_END,1516299641041,71
1367,PLAYER_SLEEPBEFORE_START,1516299641041,72
1367,PLAYER_SLEEPBEFORE_END,1516299643648,72
1367,WS_SEND_START,1516299643648,72
1367,WS_SEND_END,1516299643648,72
1367,WS_RECV_START,1516299643648,73
1367,WS_RECV_END,1516299643761,73
1367,PLAYER_SLEEPBEFORE_START,1516299643761,74
1367,PLAYER_SLEEPBEFORE_END,1516299643770,74
1367,WS_SEND_START,1516299643770,74
1367,WS_SEND_END,1516299643770,74
1367,WS_RECV_START,1516299643770,75
1367,WS_RECV_END,1516299643953,75
1367,PLAYER_SLEEPBEFORE_START,1516299643953,76
1367,PLAYER_SLEEPBEFORE_END,1516299645459,76
1367,WS_SEND_START,1516299645459,76
1367,WS_SEND_END,1516299645460,76
1367,WS_RECV_START,1516299645460,77
1367,WS_RECV_END,1516299645861,77
1367,PLAYER_SLEEPBEFORE_START,1516299645861,78
1367,PLAYER_SLEEPBEFORE_END,1516299646729,78
1367,WS_SEND_START,1516299646729,78
1367,WS_SEND_END,1516299646729,78
1367,WS_RECV_START,1516299646729,79
1367,WS_RECV_END,1516299647081,79
1367,PLAYER_SLEEPBEFORE_START,1516299647081,80
1367,PLAYER_SLEEPBEFORE_END,1516299654747,80
1367,WS_SEND_START,1516299654747,80
1367,WS_SEND_END,1516299654747,80
1367,WS_RECV_START,1516299654747,81
1367,WS_RECV_END,1516299655163,81
1367,PLAYER_SLEEPBEFORE_START,1516299655163,82
1367,PLAYER_SLEEPBEFORE_END,1516299656265,82
1367,WS_SEND_START,1516299656265,82
1367,WS_SEND_END,1516299656265,82
1367,WS_RECV_START,1516299656265,83
1367,WS_RECV_END,1516299656878,83
1367,PLAYER_SLEEPBEFORE_START,1516299656878,84
1367,PLAYER_SLEEPBEFORE_END,1516299657825,84
1367,WS_SEND_START,1516299657825,84
1367,WS_SEND_END,1516299657825,84
1367,WS_RECV_START,1516299657825,85
1367,WS_RECV_END,1516299658006,85
1367,PLAYER_SLEEPBEFORE_START,1516299658006,86
1367,PLAYER_SLEEPBEFORE_END,1516299662179,86
1367,WS_SEND_START,1516299662179,86
1367,WS_SEND_END,1516299662179,86
1367,WS_RECV_START,1516299662179,87
1367,WS_RECV_END,1516299662794,87
1367,PLAYER_SLEEPBEFORE_START,1516299662794,88
1367,PLAYER_SLEEPBEFORE_END,1516299662803,88
1367,WS_SEND_START,1516299662803,88
1367,WS_SEND_END,1516299662803,88
1367,WS_RECV_START,1516299662803,89
1367,WS_RECV_END,1516299663316,89
1367,PLAYER_SLEEPBEFORE_START,1516299663316,90
1367,PLAYER_SLEEPBEFORE_END,1516299690513,90
1367,REQ_START,1516299690513,90
1367,REQ_END,1516299690520,90
1367,PLAYER_SLEEPBEFORE_START,1516299690520,91
1367,PLAYER_SLEEPBEFORE_END,1516299698409,91
1367,WS_SEND_START,1516299698410,91
1367,WS_SEND_END,1516299698410,91
1367,WS_RECV_START,1516299698410,92
1367,WS_RECV_END,1516299698502,92
1367,PLAYER_SLEEPBEFORE_START,1516299698502,93
1367,PLAYER_SLEEPBEFORE_END,1516299698517,93
1367,WS_SEND_START,1516299698517,93
1367,WS_SEND_END,1516299698517,93
1367,WS_RECV_START,1516299698517,94
1367,WS_RECV_END,1516299698797,94
1367,PLAYER_SLEEPBEFORE_START,1516299698797,95
1367,PLAYER_SLEEPBEFORE_END,1516299722352,95
1367,WS_SEND_START,1516299722352,95
1367,WS_SEND_END,1516299722352,95
1367,WS_RECV_START,1516299722352,96
1367,WS_RECV_END,1516299723146,96
1367,PLAYER_SLEEPBEFORE_START,1516299723146,97
1367,PLAYER_SLEEPBEFORE_END,1516299745586,97
1367,WS_SEND_START,1516299745586,97
1367,WS_SEND_END,1516299745586,97
1367,WS_RECV_START,1516299745586,98
1367,WS_RECV_END,1516299745971,98
1367,PLAYER_SLEEPBEFORE_START,1516299745971,99
1367,PLAYER_SLEEPBEFORE_END,1516299745992,99
1367,WS_SEND_START,1516299745992,99
1367,WS_SEND_END,1516299745992,99
1367,WS_RECV_START,1516299745992,100
1367,WS_RECV_END,1516299746214,100
1367,PLAYER_SLEEPBEFORE_START,1516299746214,101
1367,PLAYER_SLEEPBEFORE_END,1516299769773,101
1367,WS_SEND_START,1516299769773,101
1367,WS_SEND_END,1516299769773,101
1367,WS_RECV_START,1516299769773,102
1367,WS_RECV_END,1516299769998,102
1367,PLAYER_SLEEPBEFORE_START,1516299769998,103
1367,PLAYER_SLEEPBEFORE_END,1516299793624,103
1367,WS_SEND_START,1516299793624,103
1367,WS_SEND_END,1516299793624,103
1367,WS_RECV_START,1516299793624,104
1367,WS_RECV_END,1516299795736,104
1367,PLAYER_SLEEPBEFORE_START,1516299795736,105
1367,PLAYER_SLEEPBEFORE_END,1516299821113,105
1367,WS_SEND_START,1516299821113,105
1367,WS_SEND_END,1516299821113,105
1367,WS_RECV_START,1516299821113,106
1367,WS_RECV_END,1516299822567,106
1367,PLAYER_SLEEPBEFORE_START,1516299822567,107
1367,PLAYER_SLEEPBEFORE_END,1516299845990,107
1367,WS_SEND_START,1516299845990,107
1367,WS_SEND_END,1516299845990,107
1367,WS_RECV_START,1516299845990,108
1367,WS_RECV_END,1516299846719,108
1367,PLAYER_SLEEPBEFORE_START,1516299846719,109
1367,PLAYER_SLEEPBEFORE_END,1516299846729,109
1367,WS_SEND_START,1516299846729,109
1367,WS_SEND_END,1516299846729,109
1367,WS_RECV_START,1516299846729,110
1367,WS_RECV_END,1516299846950,110
1367,PLAYER_SLEEPBEFORE_START,1516299846950,111
1367,PLAYER_SLEEPBEFORE_END,1516299847909,111
1367,WS_SEND_START,1516299847909,111
1367,WS_SEND_END,1516299847909,111
1367,WS_RECV_START,1516299847909,112
1367,WS_RECV_END,1516299848419,112
1367,PLAYER_SLEEPBEFORE_START,1516299848419,113
1367,PLAYER_SLEEPBEFORE_END,1516299848982,113
1367,WS_SEND_START,1516299848982,113
1367,WS_SEND_END,1516299848982,113
1367,WS_RECV_START,1516299848982,114
1367,WS_RECV_END,1516299849540,114
1367,PLAYER_SLEEPBEFORE_START,1516299849540,115
1367,PLAYER_SLEEPBEFORE_END,1516299849549,115
1367,WS_SEND_START,1516299849549,115
1367,WS_SEND_END,1516299849549,115
1367,WS_RECV_START,1516299849549,116
1367,WS_RECV_END,1516299850028,116
1367,PLAYER_SLEEPBEFORE_START,1516299850028,117
1367,PLAYER_SLEEPBEFORE_END,1516299870388,117
1367,WS_SEND_START,1516299870388,117
1367,WS_SEND_END,1516299870388,117
1367,PLAYER_SLEEPBEFORE_START,1516299870388,118
1367,PLAYER_SLEEPBEFORE_END,1516299874140,118
1367,WS_SEND_START,1516299874140,118
1367,WS_SEND_END,1516299874140,118
1367,WS_RECV_START,1516299874140,119
1367,WS_RECV_END,1516299874441,119
1367,PLAYER_SLEEPBEFORE_START,1516299874441,120
1367,PLAYER_SLEEPBEFORE_END,1516299875430,120
1367,WS_SEND_START,1516299875430,120
1367,WS_SEND_END,1516299875430,120
1367,WS_RECV_START,1516299875430,121
1367,WS_RECV_END,1516299877509,121
1367,PLAYER_SLEEPBEFORE_START,1516299877509,122
1367,PLAYER_SLEEPBEFORE_END,1516299878694,122
1367,WS_SEND_START,1516299878694,122
1367,WS_SEND_END,1516299878694,122
1367,WS_RECV_START,1516299878694,123
1367,WS_RECV_END,1516299880972,123
1367,PLAYER_SLEEPBEFORE_START,1516299880972,124
1367,PLAYER_SLEEPBEFORE_END,1516299905377,124
1367,WS_SEND_START,1516299905377,124
1367,WS_SEND_END,1516299905377,124
1367,WS_RECV_START,1516299905377,125
1367,WS_RECV_END,1516299905707,125
1367,PLAYER_SLEEPBEFORE_START,1516299905707,126
1367,PLAYER_SLEEPBEFORE_END,1516299926220,126
1367,WS_SEND_START,1516299926220,126
1367,WS_SEND_END,1516299926220,126
1367,PLAYER_SLEEPBEFORE_START,1516299926220,127
1367,PLAYER_SLEEPBEFORE_END,1516299929274,127
1367,WS_SEND_START,1516299929274,127
1367,WS_SEND_END,1516299929274,127
1367,WS_RECV_START,1516299929274,128
1367,WS_RECV_END,1516299929809,128
1367,PLAYER_SLEEPBEFORE_START,1516299929809,129
1367,PLAYER_SLEEPBEFORE_END,1516299929829,129
1367,WS_SEND_START,1516299929830,129
1367,WS_SEND_END,1516299929830,129
1367,WS_RECV_START,1516299929830,130
1367,WS_RECV_END,1516299930336,130
1367,PLAYER_SLEEPBEFORE_START,1516299930336,131
1367,PLAYER_SLEEPBEFORE_END,1516299951960,131
1367,WS_SEND_START,1516299951960,131
1367,WS_SEND_END,1516299951960,131
1367,PLAYER_SLEEPBEFORE_START,1516299951960,132
1367,PLAYER_SLEEPBEFORE_END,1516299955041,132
1367,WS_SEND_START,1516299955041,132
1367,WS_SEND_END,1516299955041,132
1367,WS_RECV_START,1516299955041,133
1367,WS_RECV_END,1516299956044,133
1367,PLAYER_SLEEPBEFORE_START,1516299956044,134
1367,PLAYER_SLEEPBEFORE_END,1516299977261,134
1367,WS_SEND_START,1516299977261,134
1367,WS_SEND_END,1516299977261,134
1367,PLAYER_SLEEPBEFORE_START,1516299977261,135
1367,PLAYER_SLEEPBEFORE_END,1516299980451,135
1367,WS_SEND_START,1516299980451,135
1367,WS_SEND_END,1516299980451,135
1367,WS_RECV_START,1516299980451,136
1367,WS_RECV_END,1516299981517,136
1367,PLAYER_SLEEPBEFORE_START,1516299981517,137
1367,PLAYER_SLEEPBEFORE_END,1516299981524,137
1367,WS_SEND_START,1516299981524,137
1367,WS_SEND_END,1516299981524,137
1367,WS_RECV_START,1516299981524,138
1367,WS_RECV_END,1516299981866,138
1367,PLAYER_SLEEPBEFORE_START,1516299981866,139
1367,PLAYER_SLEEPBEFORE_END,1516299982556,139
1367,WS_SEND_START,1516299982556,139
1367,WS_SEND_END,1516299982556,139
1367,WS_RECV_START,1516299982556,140
1367,WS_RECV_END,1516299984189,140
1367,PLAYER_SLEEPBEFORE_START,1516299984189,141
1367,PLAYER_SLEEPBEFORE_END,1516299984845,141
1367,WS_SEND_START,1516299984845,141
1367,WS_SEND_END,1516299984845,141
1367,WS_RECV_START,1516299984845,142
1367,WS_RECV_END,1516299985779,142
1367,PLAYER_SLEEPBEFORE_START,1516299985779,143
1367,PLAYER_SLEEPBEFORE_END,1516299985836,143
1367,WS_SEND_START,1516299985836,143
1367,WS_SEND_END,1516299985836,143
1367,WS_RECV_START,1516299985836,144
1367,WS_RECV_END,1516299986496,144
1367,PLAYER_SLEEPBEFORE_START,1516299986496,145
1367,PLAYER_SLEEPBEFORE_END,1516300002558,145
1367,REQ_START,1516300002558,145
1367,REQ_END,1516300002565,145
1367,PLAYER_SLEEPBEFORE_START,1516300002565,146
1367,PLAYER_SLEEPBEFORE_END,1516300011442,146
1367,WS_SEND_START,1516300011442,146
1367,WS_SEND_END,1516300011442,146
1367,WS_RECV_START,1516300011442,147
1367,WS_RECV_END,1516300011851,147
1367,PLAYER_SLEEPBEFORE_START,1516300011851,148
1367,PLAYER_SLEEPBEFORE_END,1516300033774,148
1367,WS_SEND_START,1516300033774,148
1367,WS_SEND_END,1516300033774,148
1367,PLAYER_SLEEPBEFORE_START,1516300033774,149
1367,PLAYER_SLEEPBEFORE_END,1516300036202,149
1367,WS_SEND_START,1516300036202,149
1367,WS_SEND_END,1516300036202,149
1367,WS_RECV_START,1516300036202,150
1367,WS_RECV_END,1516300036746,150
1367,PLAYER_SLEEPBEFORE_START,1516300036746,151
1367,PLAYER_SLEEPBEFORE_END,1516300036956,151
1367,WS_SEND_START,1516300036956,151
1367,WS_SEND_END,1516300036956,151
1367,WS_RECV_START,1516300036956,152
1367,WS_RECV_END,1516300037153,152
1367,PLAYER_SLEEPBEFORE_START,1516300037153,153
1367,PLAYER_SLEEPBEFORE_END,1516300061080,153
1367,WS_SEND_START,1516300061080,153
1367,WS_SEND_END,1516300061080,153
1367,WS_RECV_START,1516300061080,154
1367,WS_RECV_END,1516300061572,154
1367,PLAYER_SLEEPBEFORE_START,1516300061573,155
1367,PLAYER_SLEEPBEFORE_END,1516300084131,155
1367,WS_SEND_START,1516300084131,155
1367,WS_SEND_END,1516300084131,155
1367,PLAYER_SLEEPBEFORE_START,1516300084131,156
1367,PLAYER_SLEEPBEFORE_END,1516300087405,156
1367,WS_SEND_START,1516300087405,156
1367,WS_SEND_END,1516300087405,156
1367,WS_RECV_START,1516300087405,157
1367,WS_RECV_END,1516300087595,157
1367,PLAYER_SLEEPBEFORE_START,1516300087595,158
1367,PLAYER_SLEEPBEFORE_END,1516300087605,158
1367,WS_SEND_START,1516300087605,158
1367,WS_SEND_END,1516300087605,158
1367,WS_RECV_START,1516300087605,159
1367,WS_RECV_END,1516300087822,159
1367,PLAYER_SLEEPBEFORE_START,1516300087822,160
1367,PLAYER_SLEEPBEFORE_END,1516300087997,160
1367,WS_SEND_START,1516300087997,160
1367,WS_SEND_END,1516300087997,160
1367,WS_RECV_START,1516300087997,161
1367,WS_RECV_END,1516300088741,161
1367,PLAYER_SLEEPBEFORE_START,1516300088741,162
1367,PLAYER_SLEEPBEFORE_END,1516300088767,162
1367,WS_SEND_START,1516300088767,162
1367,WS_SEND_END,1516300088767,162
1367,WS_RECV_START,1516300088767,163
1367,WS_RECV_END,1516300089384,163
1367,PLAYER_SLEEPBEFORE_START,1516300089384,164
1367,PLAYER_SLEEPBEFORE_END,1516300110196,164
1367,WS_SEND_START,1516300110196,164
1367,WS_SEND_END,1516300110196,164
1367,WS_RECV_START,1516300110196,165
1367,WS_RECV_END,1516300113620,165
1367,PLAYER_SLEEPBEFORE_START,1516300113620,166
1367,PLAYER_SLEEPBEFORE_END,1516300136075,166
1367,WS_SEND_START,1516300136075,166
1367,WS_SEND_END,1516300136075,166
1367,WS_RECV_START,1516300136075,167
1367,WS_RECV_END,1516300140158,167
1367,PLAYER_SLEEPBEFORE_START,1516300140158,168
1367,PLAYER_SLEEPBEFORE_END,1516300167515,168
1367,WS_SEND_START,1516300167515,168
1367,WS_SEND_END,1516300167515,168
1367,WS_RECV_START,1516300167515,169
1367,WS_RECV_END,1516300171926,169
1367,PLAYER_SLEEPBEFORE_START,1516300171926,170
1367,PLAYER_SLEEPBEFORE_END,1516300171936,170
1367,WS_SEND_START,1516300171936,170
1367,WS_SEND_END,1516300171936,170
1367,WS_RECV_START,1516300171936,171
1367,WS_RECV_END,1516300174003,171
1367,PLAYER_SLEEPBEFORE_START,1516300174003,172
1367,PLAYER_SLEEPBEFORE_END,1516300174372,172
1367,WS_SEND_START,1516300174372,172
1367,WS_SEND_END,1516300174372,172
1367,WS_RECV_START,1516300174372,173
1367,WS_RECV_END,1516300176965,173
1367,PLAYER_SLEEPBEFORE_START,1516300176965,174
1367,PLAYER_SLEEPBEFORE_END,1516300177006,174
1367,WS_SEND_START,1516300177006,174
1367,WS_SEND_END,1516300177006,174
1367,WS_RECV_START,1516300177006,175
1367,WS_RECV_END,1516300180651,175
1367,PLAYER_SLEEPBEFORE_START,1516300180651,176
1367,PLAYER_SLEEPBEFORE_END,1516300202413,176
1367,WS_SEND_START,1516300202413,176
1367,WS_SEND_END,1516300202413,176
1367,PLAYER_SLEEPBEFORE_START,1516300202413,177
1367,PLAYER_SLEEPBEFORE_END,1516300204931,177
1367,WS_SEND_START,1516300204931,177
1367,WS_SEND_END,1516300204931,177
1367,WS_RECV_START,1516300204931,178
1367,WS_RECV_END,1516300206653,178
1367,PLAYER_SLEEPBEFORE_START,1516300206653,179
1367,PLAYER_SLEEPBEFORE_END,1516300228993,179
1367,WS_SEND_START,1516300228993,179
1367,WS_SEND_END,1516300228993,179
1367,WS_RECV_START,1516300228993,180
1367,WS_RECV_END,1516300233236,180
1367,PLAYER_SLEEPBEFORE_START,1516300233236,181
1367,PLAYER_SLEEPBEFORE_END,1516300233680,181
1367,WS_SEND_START,1516300233680,181
1367,WS_SEND_END,1516300233680,181
1367,WS_RECV_START,1516300233680,182
1367,WS_RECV_END,1516300237847,182
1367,PLAYER_SLEEPBEFORE_START,1516300237847,183
1367,PLAYER_SLEEPBEFORE_END,1516300238370,183
1367,WS_SEND_START,1516300238370,183
1367,WS_SEND_END,1516300238370,183
1367,WS_RECV_START,1516300238370,184
1367,WS_RECV_END,1516300240183,184
1367,PLAYER_SLEEPBEFORE_START,1516300240183,185
1367,PLAYER_SLEEPBEFORE_END,1516300240451,185
1367,WS_SEND_START,1516300240451,185
1367,WS_SEND_END,1516300240451,185
1367,WS_RECV_START,1516300240451,186
1367,WS_RECV_END,1516300242482,186
1367,PLAYER_SLEEPBEFORE_START,1516300242483,187
1367,PLAYER_SLEEPBEFORE_END,1516300264983,187
1367,WS_SEND_START,1516300264983,187
1367,WS_SEND_END,1516300264983,187
1367,WS_RECV_START,1516300264983,188
1367,WS_RECV_END,1516300266683,188
1367,PLAYER_SLEEPBEFORE_START,1516300266683,189
1367,PLAYER_SLEEPBEFORE_END,1516300272922,189
1367,WS_SEND_START,1516300272922,189
1367,WS_SEND_END,1516300272922,189
1367,WS_RECV_START,1516300272922,190
1367,WS_RECV_END,1516300274118,190
1367,PLAYER_SLEEPBEFORE_START,1516300274118,191
1367,PLAYER_SLEEPBEFORE_END,1516300276040,191
1367,WS_SEND_START,1516300276040,191
1367,WS_SEND_END,1516300276040,191
1367,WS_RECV_START,1516300276040,192
1367,WS_RECV_END,1516300276819,192
1367,PLAYER_SLEEPBEFORE_START,1516300276819,193
1367,PLAYER_SLEEPBEFORE_END,1516300276947,193
1367,WS_SEND_START,1516300276947,193
1367,WS_SEND_END,1516300276947,193
1367,WS_RECV_START,1516300276947,194
1367,WS_RECV_END,1516300277302,194
1367,PLAYER_SLEEPBEFORE_START,1516300277302,195
1367,PLAYER_SLEEPBEFORE_END,1516300279057,195
1367,WS_SEND_START,1516300279057,195
1367,WS_SEND_END,1516300279057,195
1367,WS_RECV_START,1516300279057,196
1367,WS_RECV_END,1516300279726,196
1367,PLAYER_SLEEPBEFORE_START,1516300279726,197
1367,PLAYER_SLEEPBEFORE_END,1516300281530,197
1367,WS_SEND_START,1516300281530,197
1367,WS_SEND_END,1516300281530,197
1367,WS_RECV_START,1516300281530,198
1367,WS_RECV_END,1516300282167,198
1367,PLAYER_SLEEPBEFORE_START,1516300282167,199
1367,PLAYER_SLEEPBEFORE_END,1516300294021,199
1367,WS_SEND_START,1516300294021,199
1367,WS_SEND_END,1516300294021,199
1367,PLAYER_SLEEPBEFORE_START,1516300294021,200
1367,PLAYER_SLEEPBEFORE_END,1516300298109,200
1367,WS_SEND_START,1516300298109,200
1367,WS_SEND_END,1516300298109,200
1367,WS_RECV_START,1516300298109,201
1367,WS_RECV_END,1516300299057,201
1367,PLAYER_SLEEPBEFORE_START,1516300299057,202
1367,PLAYER_SLEEPBEFORE_END,1516300299071,202
1367,WS_SEND_START,1516300299071,202
1367,WS_SEND_END,1516300299071,202
1367,WS_RECV_START,1516300299071,203
1367,WS_RECV_END,1516300299845,203
1367,PLAYER_SLEEPBEFORE_START,1516300299845,204
1367,PLAYER_SLEEPBEFORE_END,1516300319494,204
1367,WS_SEND_START,1516300319494,204
1367,WS_SEND_END,1516300319494,204
1367,PLAYER_SLEEPBEFORE_START,1516300319494,205
1367,PLAYER_SLEEPBEFORE_END,1516300323392,205
1367,WS_SEND_START,1516300323392,205
1367,WS_SEND_END,1516300323392,205
1367,WS_RECV_START,1516300323392,206
1367,WS_RECV_END,1516300323871,206
1367,PLAYER_SLEEPBEFORE_START,1516300323871,207
1367,PLAYER_SLEEPBEFORE_END,1516300340802,207
1367,REQ_START,1516300340802,207
1367,REQ_END,1516300340809,207
1367,PLAYER_SLEEPBEFORE_START,1516300340809,208
1367,PLAYER_SLEEPBEFORE_END,1516300347662,208
1367,WS_CLOSE_START,1516300347662,208
1367,WS_CLOSE_END,1516300347662,208
1367,PLAYER_DONE,1516300347662
