# --sessions 2700 --app-url=http://shinyloadtest.rstudioservices.com/cran_explorer --output-dir test2700 --overwrite-output --log-level warn --start-interval 100 15min.log
thread_id,event,timestamp,input_line_number,comment
1375,PLAYER_SESSION_CREATE,1516299245929
1375,PLAYER_START_INTERVAL_START,1516299245929
1375,PLAYER_START_INTERVAL_END,1516299383429
1375,REQ_HOME_START,1516299383429,2
1375,REQ_HOME_END,1516299383537,2
1375,REQ_START,1516299383537,3
1375,REQ_END,1516299383571,3
1375,REQ_START,1516299383571,4
1375,REQ_END,1516299383719,4
1375,REQ_START,1516299383719,5
1375,REQ_END,1516299383759,5
1375,REQ_START,1516299383759,6
1375,REQ_END,1516299383986,6
1375,REQ_START,1516299383986,7
1375,REQ_END,1516299384028,7
1375,REQ_START,1516299384028,8
1375,REQ_END,1516299384072,8
1375,REQ_START,1516299384072,9
1375,REQ_END,1516299384424,9
1375,REQ_START,1516299384424,10
1375,REQ_END,1516299384430,10
1375,REQ_START,1516299384430,11
1375,REQ_END,1516299384466,11
1375,REQ_START,1516299384466,12
1375,REQ_END,1516299384474,12
1375,REQ_START,1516299384474,13
1375,REQ_END,1516299384510,13
1375,REQ_START,1516299384510,14
1375,REQ_END,1516299384523,14
1375,REQ_START,1516299384523,15
1375,REQ_END,1516299384627,15
1375,REQ_TOK_START,1516299384627,16
1375,REQ_TOK_END,1516299384633,16
1375,REQ_SINF_START,1516299384633,17
1375,REQ_SINF_END,1516299384639,17
1375,WS_OPEN_START,1516299384639,18
1375,WS_OPEN_END,1516299384645,18
1375,REQ_START,1516299384645,19
1375,REQ_END,1516299384677,19
1375,WS_RECV_START,1516299384677,20
1375,WS_RECV_END,1516299384677,20
1375,PLAYER_SLEEPBEFORE_START,1516299384677,21
1375,PLAYER_SLEEPBEFORE_END,1516299384682,21
1375,WS_SEND_START,1516299384682,21
1375,WS_SEND_END,1516299384682,21
1375,PLAYER_SLEEPBEFORE_START,1516299384682,22
1375,PLAYER_SLEEPBEFORE_END,1516299384683,22
1375,WS_SEND_START,1516299384683,22
1375,WS_SEND_END,1516299384683,22
1375,WS_RECV_INIT_START,1516299384683,23
1375,WS_RECV_INIT_END,1516299384701,23
1375,WS_RECV_START,1516299384701,24
1375,WS_RECV_END,1516299384750,24
1375,PLAYER_SLEEPBEFORE_START,1516299384750,25
1375,PLAYER_SLEEPBEFORE_END,1516299384757,25
1375,REQ_START,1516299384757,25
1375,REQ_END,1516299384794,25
1375,PLAYER_SLEEPBEFORE_START,1516299384794,26
1375,PLAYER_SLEEPBEFORE_END,1516299384795,26
1375,REQ_START,1516299384795,26
1375,REQ_END,1516299384936,26
1375,PLAYER_SLEEPBEFORE_START,1516299384936,27
1375,PLAYER_SLEEPBEFORE_END,1516299384939,27
1375,REQ_START,1516299384939,27
1375,REQ_END,1516299385091,27
1375,PLAYER_SLEEPBEFORE_START,1516299385091,28
1375,PLAYER_SLEEPBEFORE_END,1516299385376,28
1375,REQ_START,1516299385376,28
1375,REQ_END,1516299385414,28
1375,PLAYER_SLEEPBEFORE_START,1516299385414,29
1375,PLAYER_SLEEPBEFORE_END,1516299385589,29
1375,WS_SEND_START,1516299385589,29
1375,WS_SEND_END,1516299385589,29
1375,WS_RECV_START,1516299385589,30
1375,WS_RECV_END,1516299385738,30
1375,PLAYER_SLEEPBEFORE_START,1516299385738,31
1375,PLAYER_SLEEPBEFORE_END,1516299385749,31
1375,REQ_START,1516299385749,31
1375,REQ_END,1516299385788,31
1375,PLAYER_SLEEPBEFORE_START,1516299385788,32
1375,PLAYER_SLEEPBEFORE_END,1516299413933,32
1375,WS_SEND_START,1516299413933,32
1375,WS_SEND_END,1516299413933,32
1375,WS_RECV_START,1516299413933,33
1375,WS_RECV_END,1516299414015,33
1375,PLAYER_SLEEPBEFORE_START,1516299414015,34
1375,PLAYER_SLEEPBEFORE_END,1516299439926,34
1375,WS_SEND_START,1516299439926,34
1375,WS_SEND_END,1516299439926,34
1375,WS_RECV_START,1516299439926,35
1375,WS_RECV_END,1516299440029,35
1375,PLAYER_SLEEPBEFORE_START,1516299440029,36
1375,PLAYER_SLEEPBEFORE_END,1516299440038,36
1375,WS_SEND_START,1516299440038,36
1375,WS_SEND_END,1516299440038,36
1375,WS_RECV_START,1516299440038,37
1375,WS_RECV_END,1516299440082,37
1375,PLAYER_SLEEPBEFORE_START,1516299440082,38
1375,PLAYER_SLEEPBEFORE_END,1516299443277,38
1375,WS_SEND_START,1516299443277,38
1375,WS_SEND_END,1516299443277,38
1375,WS_RECV_START,1516299443277,39
1375,WS_RECV_END,1516299443446,39
1375,PLAYER_SLEEPBEFORE_START,1516299443446,40
1375,PLAYER_SLEEPBEFORE_END,1516299443493,40
1375,WS_SEND_START,1516299443493,40
1375,WS_SEND_END,1516299443493,40
1375,WS_RECV_START,1516299443493,41
1375,WS_RECV_END,1516299443738,41
1375,PLAYER_SLEEPBEFORE_START,1516299443738,42
1375,PLAYER_SLEEPBEFORE_END,1516299461873,42
1375,WS_SEND_START,1516299461873,42
1375,WS_SEND_END,1516299461873,42
1375,WS_RECV_START,1516299461873,43
1375,WS_RECV_END,1516299461977,43
1375,PLAYER_SLEEPBEFORE_START,1516299461977,44
1375,PLAYER_SLEEPBEFORE_END,1516299461989,44
1375,WS_SEND_START,1516299461989,44
1375,WS_SEND_END,1516299461989,44
1375,WS_RECV_START,1516299461989,45
1375,WS_RECV_END,1516299462078,45
1375,PLAYER_SLEEPBEFORE_START,1516299462078,46
1375,PLAYER_SLEEPBEFORE_END,1516299463338,46
1375,WS_SEND_START,1516299463338,46
1375,WS_SEND_END,1516299463338,46
1375,WS_RECV_START,1516299463338,47
1375,WS_RECV_END,1516299463371,47
1375,PLAYER_SLEEPBEFORE_START,1516299463371,48
1375,PLAYER_SLEEPBEFORE_END,1516299464691,48
1375,WS_SEND_START,1516299464691,48
1375,WS_SEND_END,1516299464691,48
1375,WS_RECV_START,1516299464691,49
1375,WS_RECV_END,1516299464916,49
1375,PLAYER_SLEEPBEFORE_START,1516299464916,50
1375,PLAYER_SLEEPBEFORE_END,1516299464941,50
1375,WS_SEND_START,1516299464941,50
1375,WS_SEND_END,1516299464941,50
1375,WS_RECV_START,1516299464941,51
1375,WS_RECV_END,1516299465116,51
1375,PLAYER_SLEEPBEFORE_START,1516299465116,52
1375,PLAYER_SLEEPBEFORE_END,1516299487680,52
1375,WS_SEND_START,1516299487680,52
1375,WS_SEND_END,1516299487680,52
1375,WS_RECV_START,1516299487680,53
1375,WS_RECV_END,1516299488133,53
1375,PLAYER_SLEEPBEFORE_START,1516299488133,54
1375,PLAYER_SLEEPBEFORE_END,1516299509436,54
1375,WS_SEND_START,1516299509436,54
1375,WS_SEND_END,1516299509436,54
1375,PLAYER_SLEEPBEFORE_START,1516299509436,55
1375,PLAYER_SLEEPBEFORE_END,1516299511378,55
1375,WS_SEND_START,1516299511378,55
1375,WS_SEND_END,1516299511378,55
1375,WS_RECV_START,1516299511378,56
1375,WS_RECV_END,1516299511927,56
1375,PLAYER_SLEEPBEFORE_START,1516299511927,57
1375,PLAYER_SLEEPBEFORE_END,1516299534799,57
1375,WS_SEND_START,1516299534799,57
1375,WS_SEND_END,1516299534799,57
1375,WS_RECV_START,1516299534799,58
1375,WS_RECV_END,1516299535786,58
1375,PLAYER_SLEEPBEFORE_START,1516299535786,59
1375,PLAYER_SLEEPBEFORE_END,1516299538113,59
1375,WS_SEND_START,1516299538113,59
1375,WS_SEND_END,1516299538114,59
1375,WS_RECV_START,1516299538114,60
1375,WS_RECV_END,1516299538601,60
1375,PLAYER_SLEEPBEFORE_START,1516299538601,61
1375,PLAYER_SLEEPBEFORE_END,1516299542192,61
1375,WS_SEND_START,1516299542192,61
1375,WS_SEND_END,1516299542192,61
1375,WS_RECV_START,1516299542192,62
1375,WS_RECV_END,1516299542535,62
1375,PLAYER_SLEEPBEFORE_START,1516299542535,63
1375,PLAYER_SLEEPBEFORE_END,1516299561798,63
1375,WS_SEND_START,1516299561798,63
1375,WS_SEND_END,1516299561798,63
1375,WS_RECV_START,1516299561798,64
1375,WS_RECV_END,1516299562550,64
1375,PLAYER_SLEEPBEFORE_START,1516299562550,65
1375,PLAYER_SLEEPBEFORE_END,1516299589367,65
1375,WS_SEND_START,1516299589367,65
1375,WS_SEND_END,1516299589367,65
1375,WS_RECV_START,1516299589367,66
1375,WS_RECV_END,1516299589543,66
1375,PLAYER_SLEEPBEFORE_START,1516299589543,67
1375,PLAYER_SLEEPBEFORE_END,1516299591050,67
1375,WS_SEND_START,1516299591050,67
1375,WS_SEND_END,1516299591050,67
1375,WS_RECV_START,1516299591050,68
1375,WS_RECV_END,1516299592221,68
1375,PLAYER_SLEEPBEFORE_START,1516299592221,69
1375,PLAYER_SLEEPBEFORE_END,1516299614219,69
1375,WS_SEND_START,1516299614219,69
1375,WS_SEND_END,1516299614219,69
1375,WS_RECV_START,1516299614219,70
1375,WS_RECV_END,1516299615145,70
1375,PLAYER_SLEEPBEFORE_START,1516299615145,71
1375,PLAYER_SLEEPBEFORE_END,1516299639921,71
1375,WS_SEND_START,1516299639921,71
1375,WS_SEND_END,1516299639921,71
1375,PLAYER_SLEEPBEFORE_START,1516299639921,72
1375,PLAYER_SLEEPBEFORE_END,1516299642528,72
1375,WS_SEND_START,1516299642528,72
1375,WS_SEND_END,1516299642528,72
1375,WS_RECV_START,1516299642528,73
1375,WS_RECV_END,1516299642943,73
1375,PLAYER_SLEEPBEFORE_START,1516299642943,74
1375,PLAYER_SLEEPBEFORE_END,1516299642952,74
1375,WS_SEND_START,1516299642952,74
1375,WS_SEND_END,1516299642952,74
1375,WS_RECV_START,1516299642952,75
1375,WS_RECV_END,1516299643194,75
1375,PLAYER_SLEEPBEFORE_START,1516299643194,76
1375,PLAYER_SLEEPBEFORE_END,1516299644700,76
1375,WS_SEND_START,1516299644700,76
1375,WS_SEND_END,1516299644700,76
1375,WS_RECV_START,1516299644700,77
1375,WS_RECV_END,1516299645384,77
1375,PLAYER_SLEEPBEFORE_START,1516299645384,78
1375,PLAYER_SLEEPBEFORE_END,1516299646253,78
1375,WS_SEND_START,1516299646253,78
1375,WS_SEND_END,1516299646253,78
1375,WS_RECV_START,1516299646253,79
1375,WS_RECV_END,1516299646850,79
1375,PLAYER_SLEEPBEFORE_START,1516299646850,80
1375,PLAYER_SLEEPBEFORE_END,1516299654517,80
1375,WS_SEND_START,1516299654517,80
1375,WS_SEND_END,1516299654517,80
1375,WS_RECV_START,1516299654517,81
1375,WS_RECV_END,1516299655443,81
1375,PLAYER_SLEEPBEFORE_START,1516299655443,82
1375,PLAYER_SLEEPBEFORE_END,1516299656545,82
1375,WS_SEND_START,1516299656545,82
1375,WS_SEND_END,1516299656545,82
1375,WS_RECV_START,1516299656545,83
1375,WS_RECV_END,1516299656771,83
1375,PLAYER_SLEEPBEFORE_START,1516299656771,84
1375,PLAYER_SLEEPBEFORE_END,1516299657718,84
1375,WS_SEND_START,1516299657718,84
1375,WS_SEND_END,1516299657718,84
1375,WS_RECV_START,1516299657718,85
1375,WS_RECV_END,1516299657873,85
1375,PLAYER_SLEEPBEFORE_START,1516299657873,86
1375,PLAYER_SLEEPBEFORE_END,1516299662045,86
1375,WS_SEND_START,1516299662045,86
1375,WS_SEND_END,1516299662045,86
1375,WS_RECV_START,1516299662045,87
1375,WS_RECV_END,1516299662385,87
1375,PLAYER_SLEEPBEFORE_START,1516299662385,88
1375,PLAYER_SLEEPBEFORE_END,1516299662393,88
1375,WS_SEND_START,1516299662393,88
1375,WS_SEND_END,1516299662393,88
1375,WS_RECV_START,1516299662393,89
1375,WS_RECV_END,1516299663111,89
1375,PLAYER_SLEEPBEFORE_START,1516299663111,90
1375,PLAYER_SLEEPBEFORE_END,1516299690309,90
1375,REQ_START,1516299690309,90
1375,REQ_END,1516299690314,90
1375,PLAYER_SLEEPBEFORE_START,1516299690314,91
1375,PLAYER_SLEEPBEFORE_END,1516299698203,91
1375,WS_SEND_START,1516299698203,91
1375,WS_SEND_END,1516299698203,91
1375,WS_RECV_START,1516299698203,92
1375,WS_RECV_END,1516299698358,92
1375,PLAYER_SLEEPBEFORE_START,1516299698358,93
1375,PLAYER_SLEEPBEFORE_END,1516299698373,93
1375,WS_SEND_START,1516299698373,93
1375,WS_SEND_END,1516299698373,93
1375,WS_RECV_START,1516299698373,94
1375,WS_RECV_END,1516299698493,94
1375,PLAYER_SLEEPBEFORE_START,1516299698493,95
1375,PLAYER_SLEEPBEFORE_END,1516299722048,95
1375,WS_SEND_START,1516299722048,95
1375,WS_SEND_END,1516299722048,95
1375,WS_RECV_START,1516299722048,96
1375,WS_RECV_END,1516299723742,96
1375,PLAYER_SLEEPBEFORE_START,1516299723742,97
1375,PLAYER_SLEEPBEFORE_END,1516299746182,97
1375,WS_SEND_START,1516299746182,97
1375,WS_SEND_END,1516299746182,97
1375,WS_RECV_START,1516299746182,98
1375,WS_RECV_END,1516299746890,98
1375,PLAYER_SLEEPBEFORE_START,1516299746890,99
1375,PLAYER_SLEEPBEFORE_END,1516299746911,99
1375,WS_SEND_START,1516299746911,99
1375,WS_SEND_END,1516299746911,99
1375,WS_RECV_START,1516299746911,100
1375,WS_RECV_END,1516299747542,100
1375,PLAYER_SLEEPBEFORE_START,1516299747542,101
1375,PLAYER_SLEEPBEFORE_END,1516299771101,101
1375,WS_SEND_START,1516299771101,101
1375,WS_SEND_END,1516299771101,101
1375,WS_RECV_START,1516299771101,102
1375,WS_RECV_END,1516299771835,102
1375,PLAYER_SLEEPBEFORE_START,1516299771835,103
1375,PLAYER_SLEEPBEFORE_END,1516299795460,103
1375,WS_SEND_START,1516299795460,103
1375,WS_SEND_END,1516299795460,103
1375,WS_RECV_START,1516299795460,104
1375,WS_RECV_END,1516299798928,104
1375,PLAYER_SLEEPBEFORE_START,1516299798928,105
1375,PLAYER_SLEEPBEFORE_END,1516299824305,105
1375,WS_SEND_START,1516299824305,105
1375,WS_SEND_END,1516299824305,105
1375,WS_RECV_START,1516299824305,106
1375,WS_RECV_END,1516299827175,106
1375,PLAYER_SLEEPBEFORE_START,1516299827175,107
1375,PLAYER_SLEEPBEFORE_END,1516299850598,107
1375,WS_SEND_START,1516299850598,107
1375,WS_SEND_END,1516299850598,107
1375,WS_RECV_START,1516299850598,108
1375,WS_RECV_END,1516299851677,108
1375,PLAYER_SLEEPBEFORE_START,1516299851677,109
1375,PLAYER_SLEEPBEFORE_END,1516299851687,109
1375,WS_SEND_START,1516299851687,109
1375,WS_SEND_END,1516299851687,109
1375,WS_RECV_START,1516299851687,110
1375,WS_RECV_END,1516299853782,110
1375,PLAYER_SLEEPBEFORE_START,1516299853782,111
1375,PLAYER_SLEEPBEFORE_END,1516299854741,111
1375,WS_SEND_START,1516299854741,111
1375,WS_SEND_END,1516299854741,111
1375,WS_RECV_START,1516299854741,112
1375,WS_RECV_END,1516299856300,112
1375,PLAYER_SLEEPBEFORE_START,1516299856300,113
1375,PLAYER_SLEEPBEFORE_END,1516299856863,113
1375,WS_SEND_START,1516299856863,113
1375,WS_SEND_END,1516299856863,113
1375,WS_RECV_START,1516299856863,114
1375,WS_RECV_END,1516299857944,114
1375,PLAYER_SLEEPBEFORE_START,1516299857944,115
1375,PLAYER_SLEEPBEFORE_END,1516299857953,115
1375,WS_SEND_START,1516299857953,115
1375,WS_SEND_END,1516299857954,115
1375,WS_RECV_START,1516299857954,116
1375,WS_RECV_END,1516299861110,116
1375,PLAYER_SLEEPBEFORE_START,1516299861110,117
1375,PLAYER_SLEEPBEFORE_END,1516299881470,117
1375,WS_SEND_START,1516299881470,117
1375,WS_SEND_END,1516299881470,117
1375,PLAYER_SLEEPBEFORE_START,1516299881470,118
1375,PLAYER_SLEEPBEFORE_END,1516299885222,118
1375,WS_SEND_START,1516299885222,118
1375,WS_SEND_END,1516299885222,118
1375,WS_RECV_START,1516299885222,119
1375,WS_RECV_END,1516299887789,119
1375,PLAYER_SLEEPBEFORE_START,1516299887789,120
1375,PLAYER_SLEEPBEFORE_END,1516299888777,120
1375,WS_SEND_START,1516299888777,120
1375,WS_SEND_END,1516299888777,120
1375,WS_RECV_START,1516299888777,121
1375,WS_RECV_END,1516299890024,121
1375,PLAYER_SLEEPBEFORE_START,1516299890024,122
1375,PLAYER_SLEEPBEFORE_END,1516299891209,122
1375,WS_SEND_START,1516299891209,122
1375,WS_SEND_END,1516299891209,122
1375,WS_RECV_START,1516299891209,123
1375,WS_RECV_END,1516299892350,123
1375,PLAYER_SLEEPBEFORE_START,1516299892350,124
1375,PLAYER_SLEEPBEFORE_END,1516299916755,124
1375,WS_SEND_START,1516299916755,124
1375,WS_SEND_END,1516299916756,124
1375,WS_RECV_START,1516299916756,125
1375,WS_RECV_END,1516299918240,125
1375,PLAYER_SLEEPBEFORE_START,1516299918240,126
1375,PLAYER_SLEEPBEFORE_END,1516299938753,126
1375,WS_SEND_START,1516299938753,126
1375,WS_SEND_END,1516299938753,126
1375,PLAYER_SLEEPBEFORE_START,1516299938753,127
1375,PLAYER_SLEEPBEFORE_END,1516299941807,127
1375,WS_SEND_START,1516299941807,127
1375,WS_SEND_END,1516299941807,127
1375,WS_RECV_START,1516299941807,128
1375,WS_RECV_END,1516299943058,128
1375,PLAYER_SLEEPBEFORE_START,1516299943058,129
1375,PLAYER_SLEEPBEFORE_END,1516299943079,129
1375,WS_SEND_START,1516299943079,129
1375,WS_SEND_END,1516299943079,129
1375,WS_RECV_START,1516299943079,130
1375,WS_RECV_END,1516299944104,130
1375,PLAYER_SLEEPBEFORE_START,1516299944104,131
1375,PLAYER_SLEEPBEFORE_END,1516299965728,131
1375,WS_SEND_START,1516299965728,131
1375,WS_SEND_END,1516299965728,131
1375,PLAYER_SLEEPBEFORE_START,1516299965728,132
1375,PLAYER_SLEEPBEFORE_END,1516299968808,132
1375,WS_SEND_START,1516299968808,132
1375,WS_SEND_END,1516299968808,132
1375,WS_RECV_START,1516299968808,133
1375,WS_RECV_END,1516299970670,133
1375,PLAYER_SLEEPBEFORE_START,1516299970670,134
1375,PLAYER_SLEEPBEFORE_END,1516299991887,134
1375,WS_SEND_START,1516299991887,134
1375,WS_SEND_END,1516299991887,134
1375,PLAYER_SLEEPBEFORE_START,1516299991887,135
1375,PLAYER_SLEEPBEFORE_END,1516299995077,135
1375,WS_SEND_START,1516299995077,135
1375,WS_SEND_END,1516299995077,135
1375,WS_RECV_START,1516299995077,136
1375,WS_RECV_END,1516299996969,136
1375,PLAYER_SLEEPBEFORE_START,1516299996969,137
1375,PLAYER_SLEEPBEFORE_END,1516299996976,137
1375,WS_SEND_START,1516299996976,137
1375,WS_SEND_END,1516299996976,137
1375,WS_RECV_START,1516299996976,138
1375,WS_RECV_END,1516299999094,138
1375,PLAYER_SLEEPBEFORE_START,1516299999094,139
1375,PLAYER_SLEEPBEFORE_END,1516299999784,139
1375,WS_SEND_START,1516299999784,139
1375,WS_SEND_END,1516299999784,139
1375,WS_RECV_START,1516299999784,140
1375,WS_RECV_END,1516300001447,140
1375,PLAYER_SLEEPBEFORE_START,1516300001447,141
1375,PLAYER_SLEEPBEFORE_END,1516300002102,141
1375,WS_SEND_START,1516300002102,141
1375,WS_SEND_END,1516300002102,141
1375,WS_RECV_START,1516300002102,142
1375,WS_RECV_END,1516300004779,142
1375,PLAYER_SLEEPBEFORE_START,1516300004779,143
1375,PLAYER_SLEEPBEFORE_END,1516300004836,143
1375,WS_SEND_START,1516300004836,143
1375,WS_SEND_END,1516300004836,143
1375,WS_RECV_START,1516300004836,144
1375,WS_RECV_END,1516300008315,144
1375,PLAYER_SLEEPBEFORE_START,1516300008315,145
1375,PLAYER_SLEEPBEFORE_END,1516300024377,145
1375,REQ_START,1516300024377,145
1375,REQ_END,1516300024382,145
1375,PLAYER_SLEEPBEFORE_START,1516300024382,146
1375,PLAYER_SLEEPBEFORE_END,1516300033259,146
1375,WS_SEND_START,1516300033260,146
1375,WS_SEND_END,1516300033260,146
1375,WS_RECV_START,1516300033260,147
1375,WS_RECV_END,1516300033945,147
1375,PLAYER_SLEEPBEFORE_START,1516300033945,148
1375,PLAYER_SLEEPBEFORE_END,1516300055867,148
1375,WS_SEND_START,1516300055867,148
1375,WS_SEND_END,1516300055867,148
1375,PLAYER_SLEEPBEFORE_START,1516300055867,149
1375,PLAYER_SLEEPBEFORE_END,1516300058295,149
1375,WS_SEND_START,1516300058295,149
1375,WS_SEND_END,1516300058295,149
1375,WS_RECV_START,1516300058295,150
1375,WS_RECV_END,1516300058568,150
1375,PLAYER_SLEEPBEFORE_START,1516300058568,151
1375,PLAYER_SLEEPBEFORE_END,1516300058778,151
1375,WS_SEND_START,1516300058778,151
1375,WS_SEND_END,1516300058778,151
1375,WS_RECV_START,1516300058778,152
1375,WS_RECV_END,1516300060104,152
1375,PLAYER_SLEEPBEFORE_START,1516300060104,153
1375,PLAYER_SLEEPBEFORE_END,1516300084031,153
1375,WS_SEND_START,1516300084031,153
1375,WS_SEND_END,1516300084031,153
1375,WS_RECV_START,1516300084031,154
1375,WS_RECV_END,1516300084599,154
1375,PLAYER_SLEEPBEFORE_START,1516300084599,155
1375,PLAYER_SLEEPBEFORE_END,1516300107157,155
1375,WS_SEND_START,1516300107157,155
1375,WS_SEND_END,1516300107157,155
1375,PLAYER_SLEEPBEFORE_START,1516300107157,156
1375,PLAYER_SLEEPBEFORE_END,1516300110432,156
1375,WS_SEND_START,1516300110432,156
1375,WS_SEND_END,1516300110432,156
1375,WS_RECV_START,1516300110432,157
1375,WS_RECV_END,1516300111507,157
1375,PLAYER_SLEEPBEFORE_START,1516300111507,158
1375,PLAYER_SLEEPBEFORE_END,1516300111517,158
1375,WS_SEND_START,1516300111517,158
1375,WS_SEND_END,1516300111517,158
1375,WS_RECV_START,1516300111517,159
1375,WS_RECV_END,1516300112750,159
1375,PLAYER_SLEEPBEFORE_START,1516300112750,160
1375,PLAYER_SLEEPBEFORE_END,1516300112925,160
1375,WS_SEND_START,1516300112925,160
1375,WS_SEND_END,1516300112925,160
1375,WS_RECV_START,1516300112925,161
1375,WS_RECV_END,1516300113875,161
1375,PLAYER_SLEEPBEFORE_START,1516300113875,162
1375,PLAYER_SLEEPBEFORE_END,1516300113900,162
1375,WS_SEND_START,1516300113900,162
1375,WS_SEND_END,1516300113900,162
1375,WS_RECV_START,1516300113900,163
1375,WS_RECV_END,1516300115183,163
1375,PLAYER_SLEEPBEFORE_START,1516300115183,164
1375,PLAYER_SLEEPBEFORE_END,1516300135995,164
1375,WS_SEND_START,1516300135995,164
1375,WS_SEND_END,1516300135995,164
1375,WS_RECV_START,1516300135995,165
1375,WS_RECV_END,1516300139161,165
1375,PLAYER_SLEEPBEFORE_START,1516300139161,166
1375,PLAYER_SLEEPBEFORE_END,1516300161616,166
1375,WS_SEND_START,1516300161616,166
1375,WS_SEND_END,1516300161616,166
1375,WS_RECV_START,1516300161616,167
1375,WS_RECV_END,1516300167941,167
1375,PLAYER_SLEEPBEFORE_START,1516300167941,168
1375,PLAYER_SLEEPBEFORE_END,1516300195298,168
1375,WS_SEND_START,1516300195298,168
1375,WS_SEND_END,1516300195298,168
1375,WS_RECV_START,1516300195298,169
1375,WS_RECV_END,1516300203194,169
1375,PLAYER_SLEEPBEFORE_START,1516300203194,170
1375,PLAYER_SLEEPBEFORE_END,1516300203203,170
1375,WS_SEND_START,1516300203203,170
1375,WS_SEND_END,1516300203203,170
1375,WS_RECV_START,1516300203203,171
1375,WS_RECV_END,1516300207298,171
1375,PLAYER_SLEEPBEFORE_START,1516300207298,172
1375,PLAYER_SLEEPBEFORE_END,1516300207667,172
1375,WS_SEND_START,1516300207667,172
1375,WS_SEND_END,1516300207667,172
1375,WS_RECV_START,1516300207667,173
1375,WS_RECV_END,1516300211953,173
1375,PLAYER_SLEEPBEFORE_START,1516300211953,174
1375,PLAYER_SLEEPBEFORE_END,1516300211994,174
1375,WS_SEND_START,1516300211994,174
1375,WS_SEND_END,1516300211994,174
1375,WS_RECV_START,1516300211994,175
1375,WS_RECV_END,1516300217385,175
1375,PLAYER_SLEEPBEFORE_START,1516300217385,176
1375,PLAYER_SLEEPBEFORE_END,1516300239147,176
1375,WS_SEND_START,1516300239147,176
1375,WS_SEND_END,1516300239148,176
1375,PLAYER_SLEEPBEFORE_START,1516300239148,177
1375,PLAYER_SLEEPBEFORE_END,1516300241682,177
1375,WS_SEND_START,1516300241682,177
1375,WS_SEND_END,1516300241682,177
1375,WS_RECV_START,1516300241682,178
1375,WS_RECV_END,1516300245227,178
1375,PLAYER_SLEEPBEFORE_START,1516300245227,179
1375,PLAYER_SLEEPBEFORE_END,1516300267567,179
1375,WS_SEND_START,1516300267567,179
1375,WS_SEND_END,1516300267567,179
1375,WS_RECV_START,1516300267567,180
1375,WS_RECV_END,1516300273327,180
1375,PLAYER_SLEEPBEFORE_START,1516300273327,181
1375,PLAYER_SLEEPBEFORE_END,1516300273771,181
1375,WS_SEND_START,1516300273771,181
1375,WS_SEND_END,1516300273771,181
1375,WS_RECV_START,1516300273771,182
1375,WS_RECV_END,1516300275727,182
1375,PLAYER_SLEEPBEFORE_START,1516300275727,183
1375,PLAYER_SLEEPBEFORE_END,1516300276250,183
1375,WS_SEND_START,1516300276250,183
1375,WS_SEND_END,1516300276250,183
1375,WS_RECV_START,1516300276250,184
1375,WS_RECV_END,1516300278438,184
1375,PLAYER_SLEEPBEFORE_START,1516300278438,185
1375,PLAYER_SLEEPBEFORE_END,1516300278706,185
1375,WS_SEND_START,1516300278706,185
1375,WS_SEND_END,1516300278706,185
1375,WS_RECV_START,1516300278706,186
1375,WS_RECV_END,1516300281012,186
1375,PLAYER_SLEEPBEFORE_START,1516300281012,187
1375,PLAYER_SLEEPBEFORE_END,1516300303512,187
1375,WS_SEND_START,1516300303512,187
1375,WS_SEND_END,1516300303512,187
1375,WS_RECV_START,1516300303512,188
1375,WS_RECV_END,1516300307311,188
1375,PLAYER_SLEEPBEFORE_START,1516300307311,189
1375,PLAYER_SLEEPBEFORE_END,1516300313550,189
1375,WS_SEND_START,1516300313550,189
1375,WS_SEND_END,1516300313550,189
1375,WS_RECV_START,1516300313550,190
1375,WS_RECV_END,1516300315623,190
1375,PLAYER_SLEEPBEFORE_START,1516300315623,191
1375,PLAYER_SLEEPBEFORE_END,1516300317538,191
1375,WS_SEND_START,1516300317538,191
1375,WS_SEND_END,1516300317538,191
1375,WS_RECV_START,1516300317538,192
1375,WS_RECV_END,1516300319012,192
1375,PLAYER_SLEEPBEFORE_START,1516300319012,193
1375,PLAYER_SLEEPBEFORE_END,1516300319140,193
1375,WS_SEND_START,1516300319140,193
1375,WS_SEND_END,1516300319140,193
1375,WS_RECV_START,1516300319140,194
1375,WS_RECV_END,1516300319704,194
1375,PLAYER_SLEEPBEFORE_START,1516300319704,195
1375,PLAYER_SLEEPBEFORE_END,1516300321459,195
1375,WS_SEND_START,1516300321459,195
1375,WS_SEND_END,1516300321459,195
1375,WS_RECV_START,1516300321459,196
1375,WS_RECV_END,1516300322483,196
1375,PLAYER_SLEEPBEFORE_START,1516300322483,197
1375,PLAYER_SLEEPBEFORE_END,1516300324288,197
1375,WS_SEND_START,1516300324288,197
1375,WS_SEND_END,1516300324288,197
1375,WS_RECV_START,1516300324288,198
1375,WS_RECV_END,1516300325100,198
1375,PLAYER_SLEEPBEFORE_START,1516300325100,199
1375,PLAYER_SLEEPBEFORE_END,1516300336954,199
1375,WS_SEND_START,1516300336954,199
1375,WS_SEND_END,1516300336954,199
1375,PLAYER_SLEEPBEFORE_START,1516300336954,200
1375,PLAYER_SLEEPBEFORE_END,1516300341042,200
1375,WS_SEND_START,1516300341042,200
1375,WS_SEND_END,1516300341042,200
1375,WS_RECV_START,1516300341042,201
1375,WS_RECV_END,1516300341572,201
1375,PLAYER_SLEEPBEFORE_START,1516300341572,202
1375,PLAYER_SLEEPBEFORE_END,1516300341587,202
1375,WS_SEND_START,1516300341587,202
1375,WS_SEND_END,1516300341587,202
1375,WS_RECV_START,1516300341587,203
1375,WS_RECV_END,1516300341915,203
1375,PLAYER_SLEEPBEFORE_START,1516300341915,204
1375,PLAYER_SLEEPBEFORE_END,1516300361564,204
1375,WS_SEND_START,1516300361564,204
1375,WS_SEND_END,1516300361564,204
1375,PLAYER_SLEEPBEFORE_START,1516300361564,205
1375,PLAYER_SLEEPBEFORE_END,1516300365462,205
1375,WS_SEND_START,1516300365462,205
1375,WS_SEND_END,1516300365462,205
1375,WS_RECV_START,1516300365462,206
1375,WS_RECV_END,1516300365786,206
1375,PLAYER_SLEEPBEFORE_START,1516300365786,207
1375,PLAYER_SLEEPBEFORE_END,1516300382717,207
1375,REQ_START,1516300382717,207
1375,REQ_END,1516300382723,207
1375,PLAYER_SLEEPBEFORE_START,1516300382723,208
1375,PLAYER_SLEEPBEFORE_END,1516300389575,208
1375,WS_CLOSE_START,1516300389575,208
1375,WS_CLOSE_END,1516300389575,208
1375,PLAYER_DONE,1516300389575
