# --sessions 2700 --app-url=http://shinyloadtest.rstudioservices.com/cran_explorer --output-dir test2700 --overwrite-output --log-level warn --start-interval 100 15min.log
thread_id,event,timestamp,input_line_number,comment
1440,PLAYER_SESSION_CREATE,1516299245950
1440,PLAYER_START_INTERVAL_START,1516299245950
1440,PLAYER_START_INTERVAL_END,1516299389950
1440,REQ_HOME_START,1516299389950,2
1440,REQ_HOME_END,1516299390049,2
1440,REQ_START,1516299390049,3
1440,REQ_END,1516299390085,3
1440,REQ_START,1516299390086,4
1440,REQ_END,1516299390123,4
1440,REQ_START,1516299390123,5
1440,REQ_END,1516299390165,5
1440,REQ_START,1516299390165,6
1440,REQ_END,1516299390205,6
1440,REQ_START,1516299390205,7
1440,REQ_END,1516299390250,7
1440,REQ_START,1516299390250,8
1440,REQ_END,1516299390410,8
1440,REQ_START,1516299390410,9
1440,REQ_END,1516299390583,9
1440,REQ_START,1516299390583,10
1440,REQ_END,1516299390590,10
1440,REQ_START,1516299390590,11
1440,REQ_END,1516299390632,11
1440,REQ_START,1516299390632,12
1440,REQ_END,1516299390647,12
1440,REQ_START,1516299390647,13
1440,REQ_END,1516299390686,13
1440,REQ_START,1516299390686,14
1440,REQ_END,1516299390699,14
1440,REQ_START,1516299390699,15
1440,REQ_END,1516299390739,15
1440,REQ_TOK_START,1516299390739,16
1440,REQ_TOK_END,1516299390745,16
1440,REQ_SINF_START,1516299390745,17
1440,REQ_SINF_END,1516299390750,17
1440,WS_OPEN_START,1516299390750,18
1440,WS_OPEN_END,1516299390755,18
1440,REQ_START,1516299390755,19
1440,REQ_END,1516299390898,19
1440,WS_RECV_START,1516299390898,20
1440,WS_RECV_END,1516299390898,20
1440,PLAYER_SLEEPBEFORE_START,1516299390898,21
1440,PLAYER_SLEEPBEFORE_END,1516299390903,21
1440,WS_SEND_START,1516299390903,21
1440,WS_SEND_END,1516299390903,21
1440,PLAYER_SLEEPBEFORE_START,1516299390903,22
1440,PLAYER_SLEEPBEFORE_END,1516299390905,22
1440,WS_SEND_START,1516299390905,22
1440,WS_SEND_END,1516299390905,22
1440,WS_RECV_INIT_START,1516299390905,23
1440,WS_RECV_INIT_END,1516299390959,23
1440,WS_RECV_START,1516299390959,24
1440,WS_RECV_END,1516299391009,24
1440,PLAYER_SLEEPBEFORE_START,1516299391009,25
1440,PLAYER_SLEEPBEFORE_END,1516299391016,25
1440,REQ_START,1516299391016,25
1440,REQ_END,1516299391066,25
1440,PLAYER_SLEEPBEFORE_START,1516299391066,26
1440,PLAYER_SLEEPBEFORE_END,1516299391067,26
1440,REQ_START,1516299391067,26
1440,REQ_END,1516299391105,26
1440,PLAYER_SLEEPBEFORE_START,1516299391105,27
1440,PLAYER_SLEEPBEFORE_END,1516299391108,27
1440,REQ_START,1516299391108,27
1440,REQ_END,1516299391146,27
1440,PLAYER_SLEEPBEFORE_START,1516299391146,28
1440,PLAYER_SLEEPBEFORE_END,1516299391431,28
1440,REQ_START,1516299391431,28
1440,REQ_END,1516299391468,28
1440,PLAYER_SLEEPBEFORE_START,1516299391468,29
1440,PLAYER_SLEEPBEFORE_END,1516299391643,29
1440,WS_SEND_START,1516299391643,29
1440,WS_SEND_END,1516299391643,29
1440,WS_RECV_START,1516299391643,30
1440,WS_RECV_END,1516299391768,30
1440,PLAYER_SLEEPBEFORE_START,1516299391768,31
1440,PLAYER_SLEEPBEFORE_END,1516299391779,31
1440,REQ_START,1516299391779,31
1440,REQ_END,1516299391889,31
1440,PLAYER_SLEEPBEFORE_START,1516299391889,32
1440,PLAYER_SLEEPBEFORE_END,1516299420034,32
1440,WS_SEND_START,1516299420034,32
1440,WS_SEND_END,1516299420034,32
1440,WS_RECV_START,1516299420034,33
1440,WS_RECV_END,1516299420134,33
1440,PLAYER_SLEEPBEFORE_START,1516299420134,34
1440,PLAYER_SLEEPBEFORE_END,1516299446045,34
1440,WS_SEND_START,1516299446045,34
1440,WS_SEND_END,1516299446046,34
1440,WS_RECV_START,1516299446046,35
1440,WS_RECV_END,1516299446240,35
1440,PLAYER_SLEEPBEFORE_START,1516299446240,36
1440,PLAYER_SLEEPBEFORE_END,1516299446250,36
1440,WS_SEND_START,1516299446250,36
1440,WS_SEND_END,1516299446250,36
1440,WS_RECV_START,1516299446250,37
1440,WS_RECV_END,1516299446345,37
1440,PLAYER_SLEEPBEFORE_START,1516299446345,38
1440,PLAYER_SLEEPBEFORE_END,1516299449540,38
1440,WS_SEND_START,1516299449540,38
1440,WS_SEND_END,1516299449540,38
1440,WS_RECV_START,1516299449540,39
1440,WS_RECV_END,1516299449658,39
1440,PLAYER_SLEEPBEFORE_START,1516299449658,40
1440,PLAYER_SLEEPBEFORE_END,1516299449704,40
1440,WS_SEND_START,1516299449704,40
1440,WS_SEND_END,1516299449704,40
1440,WS_RECV_START,1516299449704,41
1440,WS_RECV_END,1516299450138,41
1440,PLAYER_SLEEPBEFORE_START,1516299450138,42
1440,PLAYER_SLEEPBEFORE_END,1516299468273,42
1440,WS_SEND_START,1516299468273,42
1440,WS_SEND_END,1516299468273,42
1440,WS_RECV_START,1516299468273,43
1440,WS_RECV_END,1516299468431,43
1440,PLAYER_SLEEPBEFORE_START,1516299468431,44
1440,PLAYER_SLEEPBEFORE_END,1516299468443,44
1440,WS_SEND_START,1516299468443,44
1440,WS_SEND_END,1516299468443,44
1440,WS_RECV_START,1516299468443,45
1440,WS_RECV_END,1516299468517,45
1440,PLAYER_SLEEPBEFORE_START,1516299468517,46
1440,PLAYER_SLEEPBEFORE_END,1516299469777,46
1440,WS_SEND_START,1516299469777,46
1440,WS_SEND_END,1516299469778,46
1440,WS_RECV_START,1516299469778,47
1440,WS_RECV_END,1516299469853,47
1440,PLAYER_SLEEPBEFORE_START,1516299469853,48
1440,PLAYER_SLEEPBEFORE_END,1516299471173,48
1440,WS_SEND_START,1516299471173,48
1440,WS_SEND_END,1516299471173,48
1440,WS_RECV_START,1516299471173,49
1440,WS_RECV_END,1516299471324,49
1440,PLAYER_SLEEPBEFORE_START,1516299471324,50
1440,PLAYER_SLEEPBEFORE_END,1516299471349,50
1440,WS_SEND_START,1516299471349,50
1440,WS_SEND_END,1516299471349,50
1440,WS_RECV_START,1516299471349,51
1440,WS_RECV_END,1516299471485,51
1440,PLAYER_SLEEPBEFORE_START,1516299471485,52
1440,PLAYER_SLEEPBEFORE_END,1516299494049,52
1440,WS_SEND_START,1516299494049,52
1440,WS_SEND_END,1516299494049,52
1440,WS_RECV_START,1516299494049,53
1440,WS_RECV_END,1516299494228,53
1440,PLAYER_SLEEPBEFORE_START,1516299494228,54
1440,PLAYER_SLEEPBEFORE_END,1516299515531,54
1440,WS_SEND_START,1516299515531,54
1440,WS_SEND_END,1516299515531,54
1440,PLAYER_SLEEPBEFORE_START,1516299515531,55
1440,PLAYER_SLEEPBEFORE_END,1516299517472,55
1440,WS_SEND_START,1516299517472,55
1440,WS_SEND_END,1516299517472,55
1440,WS_RECV_START,1516299517472,56
1440,WS_RECV_END,1516299518030,56
1440,PLAYER_SLEEPBEFORE_START,1516299518030,57
1440,PLAYER_SLEEPBEFORE_END,1516299540902,57
1440,WS_SEND_START,1516299540902,57
1440,WS_SEND_END,1516299540902,57
1440,WS_RECV_START,1516299540902,58
1440,WS_RECV_END,1516299541423,58
1440,PLAYER_SLEEPBEFORE_START,1516299541423,59
1440,PLAYER_SLEEPBEFORE_END,1516299543751,59
1440,WS_SEND_START,1516299543751,59
1440,WS_SEND_END,1516299543751,59
1440,WS_RECV_START,1516299543751,60
1440,WS_RECV_END,1516299544345,60
1440,PLAYER_SLEEPBEFORE_START,1516299544345,61
1440,PLAYER_SLEEPBEFORE_END,1516299547936,61
1440,WS_SEND_START,1516299547936,61
1440,WS_SEND_END,1516299547937,61
1440,WS_RECV_START,1516299547937,62
1440,WS_RECV_END,1516299548035,62
1440,PLAYER_SLEEPBEFORE_START,1516299548035,63
1440,PLAYER_SLEEPBEFORE_END,1516299567297,63
1440,WS_SEND_START,1516299567297,63
1440,WS_SEND_END,1516299567297,63
1440,WS_RECV_START,1516299567297,64
1440,WS_RECV_END,1516299568441,64
1440,PLAYER_SLEEPBEFORE_START,1516299568441,65
1440,PLAYER_SLEEPBEFORE_END,1516299595259,65
1440,WS_SEND_START,1516299595259,65
1440,WS_SEND_END,1516299595259,65
1440,WS_RECV_START,1516299595259,66
1440,WS_RECV_END,1516299595438,66
1440,PLAYER_SLEEPBEFORE_START,1516299595438,67
1440,PLAYER_SLEEPBEFORE_END,1516299596945,67
1440,WS_SEND_START,1516299596945,67
1440,WS_SEND_END,1516299596945,67
1440,WS_RECV_START,1516299596945,68
1440,WS_RECV_END,1516299597214,68
1440,PLAYER_SLEEPBEFORE_START,1516299597214,69
1440,PLAYER_SLEEPBEFORE_END,1516299619212,69
1440,WS_SEND_START,1516299619212,69
1440,WS_SEND_END,1516299619212,69
1440,WS_RECV_START,1516299619212,70
1440,WS_RECV_END,1516299619368,70
1440,PLAYER_SLEEPBEFORE_START,1516299619368,71
1440,PLAYER_SLEEPBEFORE_END,1516299644143,71
1440,WS_SEND_START,1516299644143,71
1440,WS_SEND_END,1516299644143,71
1440,PLAYER_SLEEPBEFORE_START,1516299644143,72
1440,PLAYER_SLEEPBEFORE_END,1516299646750,72
1440,WS_SEND_START,1516299646750,72
1440,WS_SEND_END,1516299646750,72
1440,WS_RECV_START,1516299646750,73
1440,WS_RECV_END,1516299647782,73
1440,PLAYER_SLEEPBEFORE_START,1516299647782,74
1440,PLAYER_SLEEPBEFORE_END,1516299647791,74
1440,WS_SEND_START,1516299647791,74
1440,WS_SEND_END,1516299647791,74
1440,WS_RECV_START,1516299647791,75
1440,WS_RECV_END,1516299648178,75
1440,PLAYER_SLEEPBEFORE_START,1516299648178,76
1440,PLAYER_SLEEPBEFORE_END,1516299649684,76
1440,WS_SEND_START,1516299649684,76
1440,WS_SEND_END,1516299649684,76
1440,WS_RECV_START,1516299649684,77
1440,WS_RECV_END,1516299650054,77
1440,PLAYER_SLEEPBEFORE_START,1516299650054,78
1440,PLAYER_SLEEPBEFORE_END,1516299650922,78
1440,WS_SEND_START,1516299650922,78
1440,WS_SEND_END,1516299650922,78
1440,WS_RECV_START,1516299650922,79
1440,WS_RECV_END,1516299651075,79
1440,PLAYER_SLEEPBEFORE_START,1516299651075,80
1440,PLAYER_SLEEPBEFORE_END,1516299658742,80
1440,WS_SEND_START,1516299658742,80
1440,WS_SEND_END,1516299658742,80
1440,WS_RECV_START,1516299658742,81
1440,WS_RECV_END,1516299659491,81
1440,PLAYER_SLEEPBEFORE_START,1516299659491,82
1440,PLAYER_SLEEPBEFORE_END,1516299660593,82
1440,WS_SEND_START,1516299660593,82
1440,WS_SEND_END,1516299660593,82
1440,WS_RECV_START,1516299660593,83
1440,WS_RECV_END,1516299661046,83
1440,PLAYER_SLEEPBEFORE_START,1516299661046,84
1440,PLAYER_SLEEPBEFORE_END,1516299661993,84
1440,WS_SEND_START,1516299661993,84
1440,WS_SEND_END,1516299661993,84
1440,WS_RECV_START,1516299661993,85
1440,WS_RECV_END,1516299662722,85
1440,PLAYER_SLEEPBEFORE_START,1516299662722,86
1440,PLAYER_SLEEPBEFORE_END,1516299666894,86
1440,WS_SEND_START,1516299666894,86
1440,WS_SEND_END,1516299666894,86
1440,WS_RECV_START,1516299666894,87
1440,WS_RECV_END,1516299666995,87
1440,PLAYER_SLEEPBEFORE_START,1516299666995,88
1440,PLAYER_SLEEPBEFORE_END,1516299667004,88
1440,WS_SEND_START,1516299667004,88
1440,WS_SEND_END,1516299667004,88
1440,WS_RECV_START,1516299667004,89
1440,WS_RECV_END,1516299667153,89
1440,PLAYER_SLEEPBEFORE_START,1516299667153,90
1440,PLAYER_SLEEPBEFORE_END,1516299694350,90
1440,REQ_START,1516299694350,90
1440,REQ_END,1516299694355,90
1440,PLAYER_SLEEPBEFORE_START,1516299694355,91
1440,PLAYER_SLEEPBEFORE_END,1516299702244,91
1440,WS_SEND_START,1516299702244,91
1440,WS_SEND_END,1516299702244,91
1440,WS_RECV_START,1516299702244,92
1440,WS_RECV_END,1516299702378,92
1440,PLAYER_SLEEPBEFORE_START,1516299702378,93
1440,PLAYER_SLEEPBEFORE_END,1516299702393,93
1440,WS_SEND_START,1516299702393,93
1440,WS_SEND_END,1516299702393,93
1440,WS_RECV_START,1516299702393,94
1440,WS_RECV_END,1516299702671,94
1440,PLAYER_SLEEPBEFORE_START,1516299702671,95
1440,PLAYER_SLEEPBEFORE_END,1516299726226,95
1440,WS_SEND_START,1516299726226,95
1440,WS_SEND_END,1516299726226,95
1440,WS_RECV_START,1516299726226,96
1440,WS_RECV_END,1516299727131,96
1440,PLAYER_SLEEPBEFORE_START,1516299727131,97
1440,PLAYER_SLEEPBEFORE_END,1516299749571,97
1440,WS_SEND_START,1516299749571,97
1440,WS_SEND_END,1516299749571,97
1440,WS_RECV_START,1516299749571,98
1440,WS_RECV_END,1516299751231,98
1440,PLAYER_SLEEPBEFORE_START,1516299751231,99
1440,PLAYER_SLEEPBEFORE_END,1516299751252,99
1440,WS_SEND_START,1516299751252,99
1440,WS_SEND_END,1516299751252,99
1440,WS_RECV_START,1516299751252,100
1440,WS_RECV_END,1516299753748,100
1440,PLAYER_SLEEPBEFORE_START,1516299753748,101
1440,PLAYER_SLEEPBEFORE_END,1516299777307,101
1440,WS_SEND_START,1516299777307,101
1440,WS_SEND_END,1516299777307,101
1440,WS_RECV_START,1516299777307,102
1440,WS_RECV_END,1516299778459,102
1440,PLAYER_SLEEPBEFORE_START,1516299778459,103
1440,PLAYER_SLEEPBEFORE_END,1516299802084,103
1440,WS_SEND_START,1516299802084,103
1440,WS_SEND_END,1516299802084,103
1440,WS_RECV_START,1516299802084,104
1440,WS_RECV_END,1516299804990,104
1440,PLAYER_SLEEPBEFORE_START,1516299804990,105
1440,PLAYER_SLEEPBEFORE_END,1516299830367,105
1440,WS_SEND_START,1516299830367,105
1440,WS_SEND_END,1516299830367,105
1440,WS_RECV_START,1516299830367,106
1440,WS_RECV_END,1516299830716,106
1440,PLAYER_SLEEPBEFORE_START,1516299830716,107
1440,PLAYER_SLEEPBEFORE_END,1516299854139,107
1440,WS_SEND_START,1516299854139,107
1440,WS_SEND_END,1516299854139,107
1440,WS_RECV_START,1516299854139,108
1440,WS_RECV_END,1516299856479,108
1440,PLAYER_SLEEPBEFORE_START,1516299856479,109
1440,PLAYER_SLEEPBEFORE_END,1516299856488,109
1440,WS_SEND_START,1516299856488,109
1440,WS_SEND_END,1516299856488,109
1440,WS_RECV_START,1516299856488,110
1440,WS_RECV_END,1516299858010,110
1440,PLAYER_SLEEPBEFORE_START,1516299858010,111
1440,PLAYER_SLEEPBEFORE_END,1516299858970,111
1440,WS_SEND_START,1516299858970,111
1440,WS_SEND_END,1516299858970,111
1440,WS_RECV_START,1516299858970,112
1440,WS_RECV_END,1516299859924,112
1440,PLAYER_SLEEPBEFORE_START,1516299859924,113
1440,PLAYER_SLEEPBEFORE_END,1516299860486,113
1440,WS_SEND_START,1516299860486,113
1440,WS_SEND_END,1516299860486,113
1440,WS_RECV_START,1516299860486,114
1440,WS_RECV_END,1516299861322,114
1440,PLAYER_SLEEPBEFORE_START,1516299861322,115
1440,PLAYER_SLEEPBEFORE_END,1516299861331,115
1440,WS_SEND_START,1516299861331,115
1440,WS_SEND_END,1516299861331,115
1440,WS_RECV_START,1516299861331,116
1440,WS_RECV_END,1516299862691,116
1440,PLAYER_SLEEPBEFORE_START,1516299862691,117
1440,PLAYER_SLEEPBEFORE_END,1516299883051,117
1440,WS_SEND_START,1516299883051,117
1440,WS_SEND_END,1516299883051,117
1440,PLAYER_SLEEPBEFORE_START,1516299883051,118
1440,PLAYER_SLEEPBEFORE_END,1516299886803,118
1440,WS_SEND_START,1516299886803,118
1440,WS_SEND_END,1516299886803,118
1440,WS_RECV_START,1516299886803,119
1440,WS_RECV_END,1516299888607,119
1440,PLAYER_SLEEPBEFORE_START,1516299888607,120
1440,PLAYER_SLEEPBEFORE_END,1516299889595,120
1440,WS_SEND_START,1516299889595,120
1440,WS_SEND_END,1516299889595,120
1440,WS_RECV_START,1516299889595,121
1440,WS_RECV_END,1516299891698,121
1440,PLAYER_SLEEPBEFORE_START,1516299891698,122
1440,PLAYER_SLEEPBEFORE_END,1516299892883,122
1440,WS_SEND_START,1516299892883,122
1440,WS_SEND_END,1516299892883,122
1440,WS_RECV_START,1516299892883,123
1440,WS_RECV_END,1516299894078,123
1440,PLAYER_SLEEPBEFORE_START,1516299894078,124
1440,PLAYER_SLEEPBEFORE_END,1516299918483,124
1440,WS_SEND_START,1516299918483,124
1440,WS_SEND_END,1516299918483,124
1440,WS_RECV_START,1516299918483,125
1440,WS_RECV_END,1516299920109,125
1440,PLAYER_SLEEPBEFORE_START,1516299920109,126
1440,PLAYER_SLEEPBEFORE_END,1516299940621,126
1440,WS_SEND_START,1516299940621,126
1440,WS_SEND_END,1516299940621,126
1440,PLAYER_SLEEPBEFORE_START,1516299940621,127
1440,PLAYER_SLEEPBEFORE_END,1516299943675,127
1440,WS_SEND_START,1516299943675,127
1440,WS_SEND_END,1516299943675,127
1440,WS_RECV_START,1516299943675,128
1440,WS_RECV_END,1516299945095,128
1440,PLAYER_SLEEPBEFORE_START,1516299945095,129
1440,PLAYER_SLEEPBEFORE_END,1516299945115,129
1440,WS_SEND_START,1516299945115,129
1440,WS_SEND_END,1516299945115,129
1440,WS_RECV_START,1516299945115,130
1440,WS_RECV_END,1516299945558,130
1440,PLAYER_SLEEPBEFORE_START,1516299945558,131
1440,PLAYER_SLEEPBEFORE_END,1516299967182,131
1440,WS_SEND_START,1516299967182,131
1440,WS_SEND_END,1516299967182,131
1440,PLAYER_SLEEPBEFORE_START,1516299967182,132
1440,PLAYER_SLEEPBEFORE_END,1516299970262,132
1440,WS_SEND_START,1516299970262,132
1440,WS_SEND_END,1516299970262,132
1440,WS_RECV_START,1516299970262,133
1440,WS_RECV_END,1516299971157,133
1440,PLAYER_SLEEPBEFORE_START,1516299971157,134
1440,PLAYER_SLEEPBEFORE_END,1516299992375,134
1440,WS_SEND_START,1516299992375,134
1440,WS_SEND_END,1516299992375,134
1440,PLAYER_SLEEPBEFORE_START,1516299992375,135
1440,PLAYER_SLEEPBEFORE_END,1516299995565,135
1440,WS_SEND_START,1516299995565,135
1440,WS_SEND_END,1516299995565,135
1440,WS_RECV_START,1516299995565,136
1440,WS_RECV_END,1516299997530,136
1440,PLAYER_SLEEPBEFORE_START,1516299997530,137
1440,PLAYER_SLEEPBEFORE_END,1516299997537,137
1440,WS_SEND_START,1516299997537,137
1440,WS_SEND_END,1516299997537,137
1440,WS_RECV_START,1516299997537,138
1440,WS_RECV_END,1516299998652,138
1440,PLAYER_SLEEPBEFORE_START,1516299998652,139
1440,PLAYER_SLEEPBEFORE_END,1516299999342,139
1440,WS_SEND_START,1516299999342,139
1440,WS_SEND_END,1516299999342,139
1440,WS_RECV_START,1516299999342,140
1440,WS_RECV_END,1516299999982,140
1440,PLAYER_SLEEPBEFORE_START,1516299999982,141
1440,PLAYER_SLEEPBEFORE_END,1516300000638,141
1440,WS_SEND_START,1516300000638,141
1440,WS_SEND_END,1516300000638,141
1440,WS_RECV_START,1516300000638,142
1440,WS_RECV_END,1516300001812,142
1440,PLAYER_SLEEPBEFORE_START,1516300001812,143
1440,PLAYER_SLEEPBEFORE_END,1516300001869,143
1440,WS_SEND_START,1516300001869,143
1440,WS_SEND_END,1516300001869,143
1440,WS_RECV_START,1516300001869,144
1440,WS_RECV_END,1516300003669,144
1440,PLAYER_SLEEPBEFORE_START,1516300003669,145
1440,PLAYER_SLEEPBEFORE_END,1516300019731,145
1440,REQ_START,1516300019731,145
1440,REQ_END,1516300019736,145
1440,PLAYER_SLEEPBEFORE_START,1516300019736,146
1440,PLAYER_SLEEPBEFORE_END,1516300028613,146
1440,WS_SEND_START,1516300028613,146
1440,WS_SEND_END,1516300028613,146
1440,WS_RECV_START,1516300028613,147
1440,WS_RECV_END,1516300028802,147
1440,PLAYER_SLEEPBEFORE_START,1516300028802,148
1440,PLAYER_SLEEPBEFORE_END,1516300050725,148
1440,WS_SEND_START,1516300050725,148
1440,WS_SEND_END,1516300050725,148
1440,PLAYER_SLEEPBEFORE_START,1516300050725,149
1440,PLAYER_SLEEPBEFORE_END,1516300053153,149
1440,WS_SEND_START,1516300053153,149
1440,WS_SEND_END,1516300053153,149
1440,WS_RECV_START,1516300053153,150
1440,WS_RECV_END,1516300054271,150
1440,PLAYER_SLEEPBEFORE_START,1516300054271,151
1440,PLAYER_SLEEPBEFORE_END,1516300054481,151
1440,WS_SEND_START,1516300054481,151
1440,WS_SEND_END,1516300054481,151
1440,WS_RECV_START,1516300054481,152
1440,WS_RECV_END,1516300055865,152
1440,PLAYER_SLEEPBEFORE_START,1516300055865,153
1440,PLAYER_SLEEPBEFORE_END,1516300079792,153
1440,WS_SEND_START,1516300079792,153
1440,WS_SEND_END,1516300079792,153
1440,WS_RECV_START,1516300079792,154
1440,WS_RECV_END,1516300080304,154
1440,PLAYER_SLEEPBEFORE_START,1516300080304,155
1440,PLAYER_SLEEPBEFORE_END,1516300102863,155
1440,WS_SEND_START,1516300102863,155
1440,WS_SEND_END,1516300102863,155
1440,PLAYER_SLEEPBEFORE_START,1516300102863,156
1440,PLAYER_SLEEPBEFORE_END,1516300106137,156
1440,WS_SEND_START,1516300106137,156
1440,WS_SEND_END,1516300106137,156
1440,WS_RECV_START,1516300106137,157
1440,WS_RECV_END,1516300108405,157
1440,PLAYER_SLEEPBEFORE_START,1516300108405,158
1440,PLAYER_SLEEPBEFORE_END,1516300108416,158
1440,WS_SEND_START,1516300108416,158
1440,WS_SEND_END,1516300108416,158
1440,WS_RECV_START,1516300108416,159
1440,WS_RECV_END,1516300109331,159
1440,PLAYER_SLEEPBEFORE_START,1516300109331,160
1440,PLAYER_SLEEPBEFORE_END,1516300109506,160
1440,WS_SEND_START,1516300109506,160
1440,WS_SEND_END,1516300109506,160
1440,WS_RECV_START,1516300109506,161
1440,WS_RECV_END,1516300111001,161
1440,PLAYER_SLEEPBEFORE_START,1516300111001,162
1440,PLAYER_SLEEPBEFORE_END,1516300111026,162
1440,WS_SEND_START,1516300111026,162
1440,WS_SEND_END,1516300111026,162
1440,WS_RECV_START,1516300111026,163
1440,WS_RECV_END,1516300112756,163
1440,PLAYER_SLEEPBEFORE_START,1516300112756,164
1440,PLAYER_SLEEPBEFORE_END,1516300133568,164
1440,WS_SEND_START,1516300133568,164
1440,WS_SEND_END,1516300133568,164
1440,WS_RECV_START,1516300133568,165
1440,WS_RECV_END,1516300136782,165
1440,PLAYER_SLEEPBEFORE_START,1516300136782,166
1440,PLAYER_SLEEPBEFORE_END,1516300159237,166
1440,WS_SEND_START,1516300159237,166
1440,WS_SEND_END,1516300159237,166
1440,WS_RECV_START,1516300159237,167
1440,WS_RECV_END,1516300163904,167
1440,PLAYER_SLEEPBEFORE_START,1516300163904,168
1440,PLAYER_SLEEPBEFORE_END,1516300191261,168
1440,WS_SEND_START,1516300191261,168
1440,WS_SEND_END,1516300191261,168
1440,WS_RECV_START,1516300191261,169
1440,WS_RECV_END,1516300196694,169
1440,PLAYER_SLEEPBEFORE_START,1516300196694,170
1440,PLAYER_SLEEPBEFORE_END,1516300196716,170
1440,WS_SEND_START,1516300196716,170
1440,WS_SEND_END,1516300196716,170
1440,WS_RECV_START,1516300196716,171
1440,WS_RECV_END,1516300200322,171
1440,PLAYER_SLEEPBEFORE_START,1516300200322,172
1440,PLAYER_SLEEPBEFORE_END,1516300200691,172
1440,WS_SEND_START,1516300200691,172
1440,WS_SEND_END,1516300200691,172
1440,WS_RECV_START,1516300200691,173
1440,WS_RECV_END,1516300205113,173
1440,PLAYER_SLEEPBEFORE_START,1516300205113,174
1440,PLAYER_SLEEPBEFORE_END,1516300205154,174
1440,WS_SEND_START,1516300205154,174
1440,WS_SEND_END,1516300205154,174
1440,WS_RECV_START,1516300205154,175
1440,WS_RECV_END,1516300209677,175
1440,PLAYER_SLEEPBEFORE_START,1516300209677,176
1440,PLAYER_SLEEPBEFORE_END,1516300231438,176
1440,WS_SEND_START,1516300231438,176
1440,WS_SEND_END,1516300231438,176
1440,PLAYER_SLEEPBEFORE_START,1516300231438,177
1440,PLAYER_SLEEPBEFORE_END,1516300233956,177
1440,WS_SEND_START,1516300233956,177
1440,WS_SEND_END,1516300233956,177
1440,WS_RECV_START,1516300233956,178
1440,WS_RECV_END,1516300234691,178
1440,PLAYER_SLEEPBEFORE_START,1516300234691,179
1440,PLAYER_SLEEPBEFORE_END,1516300257031,179
1440,WS_SEND_START,1516300257031,179
1440,WS_SEND_END,1516300257031,179
1440,WS_RECV_START,1516300257031,180
1440,WS_RECV_END,1516300260753,180
1440,PLAYER_SLEEPBEFORE_START,1516300260753,181
1440,PLAYER_SLEEPBEFORE_END,1516300261197,181
1440,WS_SEND_START,1516300261197,181
1440,WS_SEND_END,1516300261197,181
1440,WS_RECV_START,1516300261197,182
1440,WS_RECV_END,1516300263749,182
1440,PLAYER_SLEEPBEFORE_START,1516300263749,183
1440,PLAYER_SLEEPBEFORE_END,1516300264273,183
1440,WS_SEND_START,1516300264273,183
1440,WS_SEND_END,1516300264273,183
1440,WS_RECV_START,1516300264273,184
1440,WS_RECV_END,1516300265389,184
1440,PLAYER_SLEEPBEFORE_START,1516300265389,185
1440,PLAYER_SLEEPBEFORE_END,1516300265658,185
1440,WS_SEND_START,1516300265658,185
1440,WS_SEND_END,1516300265658,185
1440,WS_RECV_START,1516300265658,186
1440,WS_RECV_END,1516300266698,186
1440,PLAYER_SLEEPBEFORE_START,1516300266698,187
1440,PLAYER_SLEEPBEFORE_END,1516300289199,187
1440,WS_SEND_START,1516300289199,187
1440,WS_SEND_END,1516300289199,187
1440,WS_RECV_START,1516300289199,188
1440,WS_RECV_END,1516300290890,188
1440,PLAYER_SLEEPBEFORE_START,1516300290890,189
1440,PLAYER_SLEEPBEFORE_END,1516300297129,189
1440,WS_SEND_START,1516300297129,189
1440,WS_SEND_END,1516300297129,189
1440,WS_RECV_START,1516300297129,190
1440,WS_RECV_END,1516300297973,190
1440,PLAYER_SLEEPBEFORE_START,1516300297973,191
1440,PLAYER_SLEEPBEFORE_END,1516300299888,191
1440,WS_SEND_START,1516300299888,191
1440,WS_SEND_END,1516300299888,191
1440,WS_RECV_START,1516300299888,192
1440,WS_RECV_END,1516300301050,192
1440,PLAYER_SLEEPBEFORE_START,1516300301050,193
1440,PLAYER_SLEEPBEFORE_END,1516300301178,193
1440,WS_SEND_START,1516300301178,193
1440,WS_SEND_END,1516300301178,193
1440,WS_RECV_START,1516300301178,194
1440,WS_RECV_END,1516300301507,194
1440,PLAYER_SLEEPBEFORE_START,1516300301507,195
1440,PLAYER_SLEEPBEFORE_END,1516300303285,195
1440,WS_SEND_START,1516300303285,195
1440,WS_SEND_END,1516300303285,195
1440,WS_RECV_START,1516300303285,196
1440,WS_RECV_END,1516300303773,196
1440,PLAYER_SLEEPBEFORE_START,1516300303773,197
1440,PLAYER_SLEEPBEFORE_END,1516300305577,197
1440,WS_SEND_START,1516300305577,197
1440,WS_SEND_END,1516300305577,197
1440,WS_RECV_START,1516300305577,198
1440,WS_RECV_END,1516300306671,198
1440,PLAYER_SLEEPBEFORE_START,1516300306671,199
1440,PLAYER_SLEEPBEFORE_END,1516300318525,199
1440,WS_SEND_START,1516300318525,199
1440,WS_SEND_END,1516300318525,199
1440,PLAYER_SLEEPBEFORE_START,1516300318525,200
1440,PLAYER_SLEEPBEFORE_END,1516300322613,200
1440,WS_SEND_START,1516300322613,200
1440,WS_SEND_END,1516300322613,200
1440,WS_RECV_START,1516300322613,201
1440,WS_RECV_END,1516300322760,201
1440,PLAYER_SLEEPBEFORE_START,1516300322760,202
1440,PLAYER_SLEEPBEFORE_END,1516300322774,202
1440,WS_SEND_START,1516300322774,202
1440,WS_SEND_END,1516300322774,202
1440,WS_RECV_START,1516300322774,203
1440,WS_RECV_END,1516300322896,203
1440,PLAYER_SLEEPBEFORE_START,1516300322896,204
1440,PLAYER_SLEEPBEFORE_END,1516300342545,204
1440,WS_SEND_START,1516300342545,204
1440,WS_SEND_END,1516300342545,204
1440,PLAYER_SLEEPBEFORE_START,1516300342545,205
1440,PLAYER_SLEEPBEFORE_END,1516300346443,205
1440,WS_SEND_START,1516300346443,205
1440,WS_SEND_END,1516300346443,205
1440,WS_RECV_START,1516300346443,206
1440,WS_RECV_END,1516300346547,206
1440,PLAYER_SLEEPBEFORE_START,1516300346547,207
1440,PLAYER_SLEEPBEFORE_END,1516300363478,207
1440,REQ_START,1516300363478,207
1440,REQ_END,1516300363484,207
1440,PLAYER_SLEEPBEFORE_START,1516300363484,208
1440,PLAYER_SLEEPBEFORE_END,1516300370336,208
1440,WS_CLOSE_START,1516300370336,208
1440,WS_CLOSE_END,1516300370336,208
1440,PLAYER_DONE,1516300370337
