# --sessions 2700 --app-url=http://shinyloadtest.rstudioservices.com/cran_explorer --output-dir test2700 --overwrite-output --log-level warn --start-interval 100 15min.log
thread_id,event,timestamp,input_line_number,comment
1441,PLAYER_SESSION_CREATE,1516299245950
1441,PLAYER_START_INTERVAL_START,1516299245950
1441,PLAYER_START_INTERVAL_END,1516299390050
1441,REQ_HOME_START,1516299390050,2
1441,REQ_HOME_END,1516299390146,2
1441,REQ_START,1516299390146,3
1441,REQ_END,1516299390182,3
1441,REQ_START,1516299390182,4
1441,REQ_END,1516299390219,4
1441,REQ_START,1516299390219,5
1441,REQ_END,1516299390260,5
1441,REQ_START,1516299390260,6
1441,REQ_END,1516299390335,6
1441,REQ_START,1516299390335,7
1441,REQ_END,1516299390385,7
1441,REQ_START,1516299390385,8
1441,REQ_END,1516299390481,8
1441,REQ_START,1516299390481,9
1441,REQ_END,1516299390531,9
1441,REQ_START,1516299390531,10
1441,REQ_END,1516299390557,10
1441,REQ_START,1516299390557,11
1441,REQ_END,1516299390596,11
1441,REQ_START,1516299390596,12
1441,REQ_END,1516299390632,12
1441,REQ_START,1516299390632,13
1441,REQ_END,1516299390677,13
1441,REQ_START,1516299390677,14
1441,REQ_END,1516299390689,14
1441,REQ_START,1516299390689,15
1441,REQ_END,1516299390805,15
1441,REQ_TOK_START,1516299390805,16
1441,REQ_TOK_END,1516299390811,16
1441,REQ_SINF_START,1516299390811,17
1441,REQ_SINF_END,1516299390816,17
1441,WS_OPEN_START,1516299390816,18
1441,WS_OPEN_END,1516299390821,18
1441,REQ_START,1516299390821,19
1441,REQ_END,1516299390872,19
1441,WS_RECV_START,1516299390872,20
1441,WS_RECV_END,1516299390872,20
1441,PLAYER_SLEEPBEFORE_START,1516299390872,21
1441,PLAYER_SLEEPBEFORE_END,1516299390877,21
1441,WS_SEND_START,1516299390877,21
1441,WS_SEND_END,1516299390877,21
1441,PLAYER_SLEEPBEFORE_START,1516299390877,22
1441,PLAYER_SLEEPBEFORE_END,1516299390878,22
1441,WS_SEND_START,1516299390878,22
1441,WS_SEND_END,1516299390878,22
1441,WS_RECV_INIT_START,1516299390878,23
1441,WS_RECV_INIT_END,1516299390973,23
1441,WS_RECV_START,1516299390973,24
1441,WS_RECV_END,1516299391049,24
1441,PLAYER_SLEEPBEFORE_START,1516299391049,25
1441,PLAYER_SLEEPBEFORE_END,1516299391056,25
1441,REQ_START,1516299391056,25
1441,REQ_END,1516299391178,25
1441,PLAYER_SLEEPBEFORE_START,1516299391178,26
1441,PLAYER_SLEEPBEFORE_END,1516299391179,26
1441,REQ_START,1516299391179,26
1441,REQ_END,1516299391249,26
1441,PLAYER_SLEEPBEFORE_START,1516299391249,27
1441,PLAYER_SLEEPBEFORE_END,1516299391252,27
1441,REQ_START,1516299391252,27
1441,REQ_END,1516299391313,27
1441,PLAYER_SLEEPBEFORE_START,1516299391313,28
1441,PLAYER_SLEEPBEFORE_END,1516299391598,28
1441,REQ_START,1516299391599,28
1441,REQ_END,1516299391692,28
1441,PLAYER_SLEEPBEFORE_START,1516299391692,29
1441,PLAYER_SLEEPBEFORE_END,1516299391867,29
1441,WS_SEND_START,1516299391867,29
1441,WS_SEND_END,1516299391867,29
1441,WS_RECV_START,1516299391867,30
1441,WS_RECV_END,1516299392110,30
1441,PLAYER_SLEEPBEFORE_START,1516299392110,31
1441,PLAYER_SLEEPBEFORE_END,1516299392121,31
1441,REQ_START,1516299392121,31
1441,REQ_END,1516299392238,31
1441,PLAYER_SLEEPBEFORE_START,1516299392238,32
1441,PLAYER_SLEEPBEFORE_END,1516299420383,32
1441,WS_SEND_START,1516299420383,32
1441,WS_SEND_END,1516299420383,32
1441,WS_RECV_START,1516299420383,33
1441,WS_RECV_END,1516299420655,33
1441,PLAYER_SLEEPBEFORE_START,1516299420655,34
1441,PLAYER_SLEEPBEFORE_END,1516299446566,34
1441,WS_SEND_START,1516299446566,34
1441,WS_SEND_END,1516299446566,34
1441,WS_RECV_START,1516299446566,35
1441,WS_RECV_END,1516299446632,35
1441,PLAYER_SLEEPBEFORE_START,1516299446632,36
1441,PLAYER_SLEEPBEFORE_END,1516299446641,36
1441,WS_SEND_START,1516299446641,36
1441,WS_SEND_END,1516299446641,36
1441,WS_RECV_START,1516299446641,37
1441,WS_RECV_END,1516299446798,37
1441,PLAYER_SLEEPBEFORE_START,1516299446798,38
1441,PLAYER_SLEEPBEFORE_END,1516299449993,38
1441,WS_SEND_START,1516299449993,38
1441,WS_SEND_END,1516299449993,38
1441,WS_RECV_START,1516299449993,39
1441,WS_RECV_END,1516299450167,39
1441,PLAYER_SLEEPBEFORE_START,1516299450167,40
1441,PLAYER_SLEEPBEFORE_END,1516299450213,40
1441,WS_SEND_START,1516299450213,40
1441,WS_SEND_END,1516299450213,40
1441,WS_RECV_START,1516299450213,41
1441,WS_RECV_END,1516299450501,41
1441,PLAYER_SLEEPBEFORE_START,1516299450501,42
1441,PLAYER_SLEEPBEFORE_END,1516299468636,42
1441,WS_SEND_START,1516299468636,42
1441,WS_SEND_END,1516299468636,42
1441,WS_RECV_START,1516299468636,43
1441,WS_RECV_END,1516299468756,43
1441,PLAYER_SLEEPBEFORE_START,1516299468756,44
1441,PLAYER_SLEEPBEFORE_END,1516299468768,44
1441,WS_SEND_START,1516299468768,44
1441,WS_SEND_END,1516299468768,44
1441,WS_RECV_START,1516299468769,45
1441,WS_RECV_END,1516299469018,45
1441,PLAYER_SLEEPBEFORE_START,1516299469018,46
1441,PLAYER_SLEEPBEFORE_END,1516299470278,46
1441,WS_SEND_START,1516299470278,46
1441,WS_SEND_END,1516299470278,46
1441,WS_RECV_START,1516299470278,47
1441,WS_RECV_END,1516299470476,47
1441,PLAYER_SLEEPBEFORE_START,1516299470476,48
1441,PLAYER_SLEEPBEFORE_END,1516299471796,48
1441,WS_SEND_START,1516299471796,48
1441,WS_SEND_END,1516299471796,48
1441,WS_RECV_START,1516299471796,49
1441,WS_RECV_END,1516299472059,49
1441,PLAYER_SLEEPBEFORE_START,1516299472059,50
1441,PLAYER_SLEEPBEFORE_END,1516299472083,50
1441,WS_SEND_START,1516299472083,50
1441,WS_SEND_END,1516299472084,50
1441,WS_RECV_START,1516299472084,51
1441,WS_RECV_END,1516299472459,51
1441,PLAYER_SLEEPBEFORE_START,1516299472460,52
1441,PLAYER_SLEEPBEFORE_END,1516299495024,52
1441,WS_SEND_START,1516299495024,52
1441,WS_SEND_END,1516299495024,52
1441,WS_RECV_START,1516299495024,53
1441,WS_RECV_END,1516299495209,53
1441,PLAYER_SLEEPBEFORE_START,1516299495209,54
1441,PLAYER_SLEEPBEFORE_END,1516299516512,54
1441,WS_SEND_START,1516299516512,54
1441,WS_SEND_END,1516299516512,54
1441,PLAYER_SLEEPBEFORE_START,1516299516512,55
1441,PLAYER_SLEEPBEFORE_END,1516299518453,55
1441,WS_SEND_START,1516299518453,55
1441,WS_SEND_END,1516299518453,55
1441,WS_RECV_START,1516299518453,56
1441,WS_RECV_END,1516299519200,56
1441,PLAYER_SLEEPBEFORE_START,1516299519200,57
1441,PLAYER_SLEEPBEFORE_END,1516299542072,57
1441,WS_SEND_START,1516299542072,57
1441,WS_SEND_END,1516299542072,57
1441,WS_RECV_START,1516299542072,58
1441,WS_RECV_END,1516299543136,58
1441,PLAYER_SLEEPBEFORE_START,1516299543136,59
1441,PLAYER_SLEEPBEFORE_END,1516299545463,59
1441,WS_SEND_START,1516299545463,59
1441,WS_SEND_END,1516299545463,59
1441,WS_RECV_START,1516299545463,60
1441,WS_RECV_END,1516299546669,60
1441,PLAYER_SLEEPBEFORE_START,1516299546669,61
1441,PLAYER_SLEEPBEFORE_END,1516299550260,61
1441,WS_SEND_START,1516299550260,61
1441,WS_SEND_END,1516299550260,61
1441,WS_RECV_START,1516299550260,62
1441,WS_RECV_END,1516299551691,62
1441,PLAYER_SLEEPBEFORE_START,1516299551691,63
1441,PLAYER_SLEEPBEFORE_END,1516299570953,63
1441,WS_SEND_START,1516299570953,63
1441,WS_SEND_END,1516299570953,63
1441,WS_RECV_START,1516299570953,64
1441,WS_RECV_END,1516299572676,64
1441,PLAYER_SLEEPBEFORE_START,1516299572676,65
1441,PLAYER_SLEEPBEFORE_END,1516299599493,65
1441,WS_SEND_START,1516299599493,65
1441,WS_SEND_END,1516299599493,65
1441,WS_RECV_START,1516299599493,66
1441,WS_RECV_END,1516299599780,66
1441,PLAYER_SLEEPBEFORE_START,1516299599780,67
1441,PLAYER_SLEEPBEFORE_END,1516299601287,67
1441,WS_SEND_START,1516299601287,67
1441,WS_SEND_END,1516299601287,67
1441,WS_RECV_START,1516299601287,68
1441,WS_RECV_END,1516299602992,68
1441,PLAYER_SLEEPBEFORE_START,1516299602992,69
1441,PLAYER_SLEEPBEFORE_END,1516299624991,69
1441,WS_SEND_START,1516299624991,69
1441,WS_SEND_END,1516299624991,69
1441,WS_RECV_START,1516299624991,70
1441,WS_RECV_END,1516299625917,70
1441,PLAYER_SLEEPBEFORE_START,1516299625917,71
1441,PLAYER_SLEEPBEFORE_END,1516299650692,71
1441,WS_SEND_START,1516299650692,71
1441,WS_SEND_END,1516299650692,71
1441,PLAYER_SLEEPBEFORE_START,1516299650692,72
1441,PLAYER_SLEEPBEFORE_END,1516299653299,72
1441,WS_SEND_START,1516299653299,72
1441,WS_SEND_END,1516299653299,72
1441,WS_RECV_START,1516299653299,73
1441,WS_RECV_END,1516299653495,73
1441,PLAYER_SLEEPBEFORE_START,1516299653495,74
1441,PLAYER_SLEEPBEFORE_END,1516299653505,74
1441,WS_SEND_START,1516299653505,74
1441,WS_SEND_END,1516299653505,74
1441,WS_RECV_START,1516299653505,75
1441,WS_RECV_END,1516299653546,75
1441,PLAYER_SLEEPBEFORE_START,1516299653546,76
1441,PLAYER_SLEEPBEFORE_END,1516299655052,76
1441,WS_SEND_START,1516299655052,76
1441,WS_SEND_END,1516299655052,76
1441,WS_RECV_START,1516299655052,77
1441,WS_RECV_END,1516299655341,77
1441,PLAYER_SLEEPBEFORE_START,1516299655341,78
1441,PLAYER_SLEEPBEFORE_END,1516299656209,78
1441,WS_SEND_START,1516299656209,78
1441,WS_SEND_END,1516299656209,78
1441,WS_RECV_START,1516299656209,79
1441,WS_RECV_END,1516299656534,79
1441,PLAYER_SLEEPBEFORE_START,1516299656534,80
1441,PLAYER_SLEEPBEFORE_END,1516299664200,80
1441,WS_SEND_START,1516299664200,80
1441,WS_SEND_END,1516299664200,80
1441,WS_RECV_START,1516299664200,81
1441,WS_RECV_END,1516299664986,81
1441,PLAYER_SLEEPBEFORE_START,1516299664986,82
1441,PLAYER_SLEEPBEFORE_END,1516299666089,82
1441,WS_SEND_START,1516299666089,82
1441,WS_SEND_END,1516299666089,82
1441,WS_RECV_START,1516299666089,83
1441,WS_RECV_END,1516299666788,83
1441,PLAYER_SLEEPBEFORE_START,1516299666788,84
1441,PLAYER_SLEEPBEFORE_END,1516299667735,84
1441,WS_SEND_START,1516299667735,84
1441,WS_SEND_END,1516299667735,84
1441,WS_RECV_START,1516299667735,85
1441,WS_RECV_END,1516299668513,85
1441,PLAYER_SLEEPBEFORE_START,1516299668513,86
1441,PLAYER_SLEEPBEFORE_END,1516299672685,86
1441,WS_SEND_START,1516299672685,86
1441,WS_SEND_END,1516299672685,86
1441,WS_RECV_START,1516299672686,87
1441,WS_RECV_END,1516299672776,87
1441,PLAYER_SLEEPBEFORE_START,1516299672776,88
1441,PLAYER_SLEEPBEFORE_END,1516299672784,88
1441,WS_SEND_START,1516299672784,88
1441,WS_SEND_END,1516299672784,88
1441,WS_RECV_START,1516299672784,89
1441,WS_RECV_END,1516299672968,89
1441,PLAYER_SLEEPBEFORE_START,1516299672968,90
1441,PLAYER_SLEEPBEFORE_END,1516299700165,90
1441,REQ_START,1516299700166,90
1441,REQ_END,1516299700172,90
1441,PLAYER_SLEEPBEFORE_START,1516299700172,91
1441,PLAYER_SLEEPBEFORE_END,1516299708061,91
1441,WS_SEND_START,1516299708061,91
1441,WS_SEND_END,1516299708061,91
1441,WS_RECV_START,1516299708061,92
1441,WS_RECV_END,1516299708734,92
1441,PLAYER_SLEEPBEFORE_START,1516299708734,93
1441,PLAYER_SLEEPBEFORE_END,1516299708750,93
1441,WS_SEND_START,1516299708750,93
1441,WS_SEND_END,1516299708750,93
1441,WS_RECV_START,1516299708750,94
1441,WS_RECV_END,1516299709350,94
1441,PLAYER_SLEEPBEFORE_START,1516299709350,95
1441,PLAYER_SLEEPBEFORE_END,1516299732905,95
1441,WS_SEND_START,1516299732905,95
1441,WS_SEND_END,1516299732905,95
1441,WS_RECV_START,1516299732905,96
1441,WS_RECV_END,1516299733276,96
1441,PLAYER_SLEEPBEFORE_START,1516299733276,97
1441,PLAYER_SLEEPBEFORE_END,1516299755716,97
1441,WS_SEND_START,1516299755716,97
1441,WS_SEND_END,1516299755716,97
1441,WS_RECV_START,1516299755716,98
1441,WS_RECV_END,1516299756832,98
1441,PLAYER_SLEEPBEFORE_START,1516299756832,99
1441,PLAYER_SLEEPBEFORE_END,1516299756853,99
1441,WS_SEND_START,1516299756853,99
1441,WS_SEND_END,1516299756853,99
1441,WS_RECV_START,1516299756853,100
1441,WS_RECV_END,1516299757425,100
1441,PLAYER_SLEEPBEFORE_START,1516299757425,101
1441,PLAYER_SLEEPBEFORE_END,1516299780984,101
1441,WS_SEND_START,1516299780984,101
1441,WS_SEND_END,1516299780984,101
1441,WS_RECV_START,1516299780984,102
1441,WS_RECV_END,1516299782461,102
1441,PLAYER_SLEEPBEFORE_START,1516299782461,103
1441,PLAYER_SLEEPBEFORE_END,1516299806086,103
1441,WS_SEND_START,1516299806086,103
1441,WS_SEND_END,1516299806086,103
1441,WS_RECV_START,1516299806086,104
1441,WS_RECV_END,1516299806422,104
1441,PLAYER_SLEEPBEFORE_START,1516299806422,105
1441,PLAYER_SLEEPBEFORE_END,1516299831799,105
1441,WS_SEND_START,1516299831799,105
1441,WS_SEND_END,1516299831799,105
1441,WS_RECV_START,1516299831799,106
1441,WS_RECV_END,1516299832235,106
1441,PLAYER_SLEEPBEFORE_START,1516299832235,107
1441,PLAYER_SLEEPBEFORE_END,1516299855658,107
1441,WS_SEND_START,1516299855658,107
1441,WS_SEND_END,1516299855658,107
1441,WS_RECV_START,1516299855658,108
1441,WS_RECV_END,1516299857624,108
1441,PLAYER_SLEEPBEFORE_START,1516299857625,109
1441,PLAYER_SLEEPBEFORE_END,1516299857634,109
1441,WS_SEND_START,1516299857634,109
1441,WS_SEND_END,1516299857634,109
1441,WS_RECV_START,1516299857634,110
1441,WS_RECV_END,1516299858214,110
1441,PLAYER_SLEEPBEFORE_START,1516299858214,111
1441,PLAYER_SLEEPBEFORE_END,1516299859173,111
1441,WS_SEND_START,1516299859173,111
1441,WS_SEND_END,1516299859173,111
1441,WS_RECV_START,1516299859173,112
1441,WS_RECV_END,1516299860162,112
1441,PLAYER_SLEEPBEFORE_START,1516299860162,113
1441,PLAYER_SLEEPBEFORE_END,1516299860725,113
1441,WS_SEND_START,1516299860725,113
1441,WS_SEND_END,1516299860725,113
1441,WS_RECV_START,1516299860725,114
1441,WS_RECV_END,1516299861710,114
1441,PLAYER_SLEEPBEFORE_START,1516299861710,115
1441,PLAYER_SLEEPBEFORE_END,1516299861719,115
1441,WS_SEND_START,1516299861719,115
1441,WS_SEND_END,1516299861719,115
1441,WS_RECV_START,1516299861719,116
1441,WS_RECV_END,1516299863362,116
1441,PLAYER_SLEEPBEFORE_START,1516299863362,117
1441,PLAYER_SLEEPBEFORE_END,1516299883722,117
1441,WS_SEND_START,1516299883722,117
1441,WS_SEND_END,1516299883722,117
1441,PLAYER_SLEEPBEFORE_START,1516299883722,118
1441,PLAYER_SLEEPBEFORE_END,1516299887474,118
1441,WS_SEND_START,1516299887474,118
1441,WS_SEND_END,1516299887474,118
1441,WS_RECV_START,1516299887474,119
1441,WS_RECV_END,1516299887929,119
1441,PLAYER_SLEEPBEFORE_START,1516299887929,120
1441,PLAYER_SLEEPBEFORE_END,1516299888917,120
1441,WS_SEND_START,1516299888917,120
1441,WS_SEND_END,1516299888917,120
1441,WS_RECV_START,1516299888917,121
1441,WS_RECV_END,1516299889642,121
1441,PLAYER_SLEEPBEFORE_START,1516299889642,122
1441,PLAYER_SLEEPBEFORE_END,1516299890827,122
1441,WS_SEND_START,1516299890827,122
1441,WS_SEND_END,1516299890827,122
1441,WS_RECV_START,1516299890827,123
1441,WS_RECV_END,1516299891174,123
1441,PLAYER_SLEEPBEFORE_START,1516299891174,124
1441,PLAYER_SLEEPBEFORE_END,1516299915579,124
1441,WS_SEND_START,1516299915579,124
1441,WS_SEND_END,1516299915579,124
1441,WS_RECV_START,1516299915579,125
1441,WS_RECV_END,1516299917197,125
1441,PLAYER_SLEEPBEFORE_START,1516299917197,126
1441,PLAYER_SLEEPBEFORE_END,1516299937709,126
1441,WS_SEND_START,1516299937709,126
1441,WS_SEND_END,1516299937709,126
1441,PLAYER_SLEEPBEFORE_START,1516299937709,127
1441,PLAYER_SLEEPBEFORE_END,1516299940763,127
1441,WS_SEND_START,1516299940763,127
1441,WS_SEND_END,1516299940763,127
1441,WS_RECV_START,1516299940763,128
1441,WS_RECV_END,1516299941284,128
1441,PLAYER_SLEEPBEFORE_START,1516299941284,129
1441,PLAYER_SLEEPBEFORE_END,1516299941304,129
1441,WS_SEND_START,1516299941304,129
1441,WS_SEND_END,1516299941304,129
1441,WS_RECV_START,1516299941304,130
1441,WS_RECV_END,1516299941515,130
1441,PLAYER_SLEEPBEFORE_START,1516299941515,131
1441,PLAYER_SLEEPBEFORE_END,1516299963139,131
1441,WS_SEND_START,1516299963139,131
1441,WS_SEND_END,1516299963139,131
1441,PLAYER_SLEEPBEFORE_START,1516299963139,132
1441,PLAYER_SLEEPBEFORE_END,1516299966219,132
1441,WS_SEND_START,1516299966219,132
1441,WS_SEND_END,1516299966219,132
1441,WS_RECV_START,1516299966219,133
1441,WS_RECV_END,1516299967464,133
1441,PLAYER_SLEEPBEFORE_START,1516299967464,134
1441,PLAYER_SLEEPBEFORE_END,1516299988681,134
1441,WS_SEND_START,1516299988681,134
1441,WS_SEND_END,1516299988681,134
1441,PLAYER_SLEEPBEFORE_START,1516299988681,135
1441,PLAYER_SLEEPBEFORE_END,1516299991871,135
1441,WS_SEND_START,1516299991871,135
1441,WS_SEND_END,1516299991871,135
1441,WS_RECV_START,1516299991871,136
1441,WS_RECV_END,1516299992173,136
1441,PLAYER_SLEEPBEFORE_START,1516299992173,137
1441,PLAYER_SLEEPBEFORE_END,1516299992180,137
1441,WS_SEND_START,1516299992180,137
1441,WS_SEND_END,1516299992180,137
1441,WS_RECV_START,1516299992180,138
1441,WS_RECV_END,1516299992534,138
1441,PLAYER_SLEEPBEFORE_START,1516299992534,139
1441,PLAYER_SLEEPBEFORE_END,1516299993224,139
1441,WS_SEND_START,1516299993224,139
1441,WS_SEND_END,1516299993224,139
1441,WS_RECV_START,1516299993224,140
1441,WS_RECV_END,1516299994324,140
1441,PLAYER_SLEEPBEFORE_START,1516299994324,141
1441,PLAYER_SLEEPBEFORE_END,1516299994979,141
1441,WS_SEND_START,1516299994979,141
1441,WS_SEND_END,1516299994979,141
1441,WS_RECV_START,1516299994979,142
1441,WS_RECV_END,1516299995912,142
1441,PLAYER_SLEEPBEFORE_START,1516299995912,143
1441,PLAYER_SLEEPBEFORE_END,1516299995969,143
1441,WS_SEND_START,1516299995969,143
1441,WS_SEND_END,1516299995969,143
1441,WS_RECV_START,1516299995969,144
1441,WS_RECV_END,1516299996432,144
1441,PLAYER_SLEEPBEFORE_START,1516299996432,145
1441,PLAYER_SLEEPBEFORE_END,1516300012494,145
1441,REQ_START,1516300012494,145
1441,REQ_END,1516300012499,145
1441,PLAYER_SLEEPBEFORE_START,1516300012499,146
1441,PLAYER_SLEEPBEFORE_END,1516300021376,146
1441,WS_SEND_START,1516300021376,146
1441,WS_SEND_END,1516300021376,146
1441,WS_RECV_START,1516300021376,147
1441,WS_RECV_END,1516300021886,147
1441,PLAYER_SLEEPBEFORE_START,1516300021886,148
1441,PLAYER_SLEEPBEFORE_END,1516300043809,148
1441,WS_SEND_START,1516300043809,148
1441,WS_SEND_END,1516300043809,148
1441,PLAYER_SLEEPBEFORE_START,1516300043809,149
1441,PLAYER_SLEEPBEFORE_END,1516300046237,149
1441,WS_SEND_START,1516300046237,149
1441,WS_SEND_END,1516300046237,149
1441,WS_RECV_START,1516300046237,150
1441,WS_RECV_END,1516300047042,150
1441,PLAYER_SLEEPBEFORE_START,1516300047042,151
1441,PLAYER_SLEEPBEFORE_END,1516300047252,151
1441,WS_SEND_START,1516300047252,151
1441,WS_SEND_END,1516300047252,151
1441,WS_RECV_START,1516300047252,152
1441,WS_RECV_END,1516300047922,152
1441,PLAYER_SLEEPBEFORE_START,1516300047922,153
1441,PLAYER_SLEEPBEFORE_END,1516300071849,153
1441,WS_SEND_START,1516300071849,153
1441,WS_SEND_END,1516300071849,153
1441,WS_RECV_START,1516300071849,154
1441,WS_RECV_END,1516300072644,154
1441,PLAYER_SLEEPBEFORE_START,1516300072644,155
1441,PLAYER_SLEEPBEFORE_END,1516300095202,155
1441,WS_SEND_START,1516300095202,155
1441,WS_SEND_END,1516300095202,155
1441,PLAYER_SLEEPBEFORE_START,1516300095202,156
1441,PLAYER_SLEEPBEFORE_END,1516300098477,156
1441,WS_SEND_START,1516300098477,156
1441,WS_SEND_END,1516300098477,156
1441,WS_RECV_START,1516300098477,157
1441,WS_RECV_END,1516300100392,157
1441,PLAYER_SLEEPBEFORE_START,1516300100392,158
1441,PLAYER_SLEEPBEFORE_END,1516300100402,158
1441,WS_SEND_START,1516300100402,158
1441,WS_SEND_END,1516300100402,158
1441,WS_RECV_START,1516300100402,159
1441,WS_RECV_END,1516300100922,159
1441,PLAYER_SLEEPBEFORE_START,1516300100922,160
1441,PLAYER_SLEEPBEFORE_END,1516300101097,160
1441,WS_SEND_START,1516300101097,160
1441,WS_SEND_END,1516300101097,160
1441,WS_RECV_START,1516300101097,161
1441,WS_RECV_END,1516300101834,161
1441,PLAYER_SLEEPBEFORE_START,1516300101834,162
1441,PLAYER_SLEEPBEFORE_END,1516300101859,162
1441,WS_SEND_START,1516300101859,162
1441,WS_SEND_END,1516300101859,162
1441,WS_RECV_START,1516300101859,163
1441,WS_RECV_END,1516300103147,163
1441,PLAYER_SLEEPBEFORE_START,1516300103147,164
1441,PLAYER_SLEEPBEFORE_END,1516300123960,164
1441,WS_SEND_START,1516300123960,164
1441,WS_SEND_END,1516300123960,164
1441,WS_RECV_START,1516300123960,165
1441,WS_RECV_END,1516300126797,165
1441,PLAYER_SLEEPBEFORE_START,1516300126797,166
1441,PLAYER_SLEEPBEFORE_END,1516300149252,166
1441,WS_SEND_START,1516300149252,166
1441,WS_SEND_END,1516300149252,166
1441,WS_RECV_START,1516300149252,167
1441,WS_RECV_END,1516300152535,167
1441,PLAYER_SLEEPBEFORE_START,1516300152535,168
1441,PLAYER_SLEEPBEFORE_END,1516300179892,168
1441,WS_SEND_START,1516300179892,168
1441,WS_SEND_END,1516300179892,168
1441,WS_RECV_START,1516300179892,169
1441,WS_RECV_END,1516300184672,169
1441,PLAYER_SLEEPBEFORE_START,1516300184672,170
1441,PLAYER_SLEEPBEFORE_END,1516300184681,170
1441,WS_SEND_START,1516300184681,170
1441,WS_SEND_END,1516300184681,170
1441,WS_RECV_START,1516300184681,171
1441,WS_RECV_END,1516300186578,171
1441,PLAYER_SLEEPBEFORE_START,1516300186578,172
1441,PLAYER_SLEEPBEFORE_END,1516300186947,172
1441,WS_SEND_START,1516300186947,172
1441,WS_SEND_END,1516300186947,172
1441,WS_RECV_START,1516300186947,173
1441,WS_RECV_END,1516300190025,173
1441,PLAYER_SLEEPBEFORE_START,1516300190025,174
1441,PLAYER_SLEEPBEFORE_END,1516300190066,174
1441,WS_SEND_START,1516300190066,174
1441,WS_SEND_END,1516300190066,174
1441,WS_RECV_START,1516300190066,175
1441,WS_RECV_END,1516300192855,175
1441,PLAYER_SLEEPBEFORE_START,1516300192855,176
1441,PLAYER_SLEEPBEFORE_END,1516300214616,176
1441,WS_SEND_START,1516300214616,176
1441,WS_SEND_END,1516300214616,176
1441,PLAYER_SLEEPBEFORE_START,1516300214616,177
1441,PLAYER_SLEEPBEFORE_END,1516300217150,177
1441,WS_SEND_START,1516300217150,177
1441,WS_SEND_END,1516300217150,177
1441,WS_RECV_START,1516300217150,178
1441,WS_RECV_END,1516300217422,178
1441,PLAYER_SLEEPBEFORE_START,1516300217422,179
1441,PLAYER_SLEEPBEFORE_END,1516300239762,179
1441,WS_SEND_START,1516300239762,179
1441,WS_SEND_END,1516300239762,179
1441,WS_RECV_START,1516300239762,180
1441,WS_RECV_END,1516300243360,180
1441,PLAYER_SLEEPBEFORE_START,1516300243360,181
1441,PLAYER_SLEEPBEFORE_END,1516300243804,181
1441,WS_SEND_START,1516300243804,181
1441,WS_SEND_END,1516300243804,181
1441,WS_RECV_START,1516300243804,182
1441,WS_RECV_END,1516300246826,182
1441,PLAYER_SLEEPBEFORE_START,1516300246826,183
1441,PLAYER_SLEEPBEFORE_END,1516300247350,183
1441,WS_SEND_START,1516300247350,183
1441,WS_SEND_END,1516300247350,183
1441,WS_RECV_START,1516300247350,184
1441,WS_RECV_END,1516300248394,184
1441,PLAYER_SLEEPBEFORE_START,1516300248395,185
1441,PLAYER_SLEEPBEFORE_END,1516300248663,185
1441,WS_SEND_START,1516300248663,185
1441,WS_SEND_END,1516300248663,185
1441,WS_RECV_START,1516300248663,186
1441,WS_RECV_END,1516300249963,186
1441,PLAYER_SLEEPBEFORE_START,1516300249963,187
1441,PLAYER_SLEEPBEFORE_END,1516300272463,187
1441,WS_SEND_START,1516300272463,187
1441,WS_SEND_END,1516300272463,187
1441,WS_RECV_START,1516300272463,188
1441,WS_RECV_END,1516300273308,188
1441,PLAYER_SLEEPBEFORE_START,1516300273308,189
1441,PLAYER_SLEEPBEFORE_END,1516300279547,189
1441,WS_SEND_START,1516300279547,189
1441,WS_SEND_END,1516300279547,189
1441,WS_RECV_START,1516300279547,190
1441,WS_RECV_END,1516300280106,190
1441,PLAYER_SLEEPBEFORE_START,1516300280106,191
1441,PLAYER_SLEEPBEFORE_END,1516300282021,191
1441,WS_SEND_START,1516300282021,191
1441,WS_SEND_END,1516300282021,191
1441,WS_RECV_START,1516300282021,192
1441,WS_RECV_END,1516300283134,192
1441,PLAYER_SLEEPBEFORE_START,1516300283134,193
1441,PLAYER_SLEEPBEFORE_END,1516300283262,193
1441,WS_SEND_START,1516300283262,193
1441,WS_SEND_END,1516300283262,193
1441,WS_RECV_START,1516300283262,194
1441,WS_RECV_END,1516300284032,194
1441,PLAYER_SLEEPBEFORE_START,1516300284032,195
1441,PLAYER_SLEEPBEFORE_END,1516300285787,195
1441,WS_SEND_START,1516300285787,195
1441,WS_SEND_END,1516300285787,195
1441,WS_RECV_START,1516300285787,196
1441,WS_RECV_END,1516300286493,196
1441,PLAYER_SLEEPBEFORE_START,1516300286493,197
1441,PLAYER_SLEEPBEFORE_END,1516300288297,197
1441,WS_SEND_START,1516300288297,197
1441,WS_SEND_END,1516300288297,197
1441,WS_RECV_START,1516300288297,198
1441,WS_RECV_END,1516300288762,198
1441,PLAYER_SLEEPBEFORE_START,1516300288762,199
1441,PLAYER_SLEEPBEFORE_END,1516300300617,199
1441,WS_SEND_START,1516300300617,199
1441,WS_SEND_END,1516300300617,199
1441,PLAYER_SLEEPBEFORE_START,1516300300617,200
1441,PLAYER_SLEEPBEFORE_END,1516300304705,200
1441,WS_SEND_START,1516300304705,200
1441,WS_SEND_END,1516300304705,200
1441,WS_RECV_START,1516300304705,201
1441,WS_RECV_END,1516300304960,201
1441,PLAYER_SLEEPBEFORE_START,1516300304960,202
1441,PLAYER_SLEEPBEFORE_END,1516300304974,202
1441,WS_SEND_START,1516300304974,202
1441,WS_SEND_END,1516300304974,202
1441,WS_RECV_START,1516300304974,203
1441,WS_RECV_END,1516300305351,203
1441,PLAYER_SLEEPBEFORE_START,1516300305351,204
1441,PLAYER_SLEEPBEFORE_END,1516300325000,204
1441,WS_SEND_START,1516300325000,204
1441,WS_SEND_END,1516300325000,204
1441,PLAYER_SLEEPBEFORE_START,1516300325000,205
1441,PLAYER_SLEEPBEFORE_END,1516300328898,205
1441,WS_SEND_START,1516300328898,205
1441,WS_SEND_END,1516300328898,205
1441,WS_RECV_START,1516300328898,206
1441,WS_RECV_END,1516300329084,206
1441,PLAYER_SLEEPBEFORE_START,1516300329084,207
1441,PLAYER_SLEEPBEFORE_END,1516300346015,207
1441,REQ_START,1516300346015,207
1441,REQ_END,1516300346019,207
1441,PLAYER_SLEEPBEFORE_START,1516300346019,208
1441,PLAYER_SLEEPBEFORE_END,1516300352871,208
1441,WS_CLOSE_START,1516300352872,208
1441,WS_CLOSE_END,1516300352872,208
1441,PLAYER_DONE,1516300352872
