# --sessions 2700 --app-url=http://shinyloadtest.rstudioservices.com/cran_explorer --output-dir test2700 --overwrite-output --log-level warn --start-interval 100 15min.log
thread_id,event,timestamp,input_line_number,comment
1451,PLAYER_SESSION_CREATE,1516299245951
1451,PLAYER_START_INTERVAL_START,1516299245951
1451,PLAYER_START_INTERVAL_END,1516299391051
1451,REQ_HOME_START,1516299391051,2
1451,REQ_HOME_END,1516299391149,2
1451,REQ_START,1516299391149,3
1451,REQ_END,1516299391216,3
1451,REQ_START,1516299391216,4
1451,REQ_END,1516299391282,4
1451,REQ_START,1516299391282,5
1451,REQ_END,1516299391344,5
1451,REQ_START,1516299391344,6
1451,REQ_END,1516299391385,6
1451,REQ_START,1516299391385,7
1451,REQ_END,1516299391424,7
1451,REQ_START,1516299391424,8
1451,REQ_END,1516299391461,8
1451,REQ_START,1516299391461,9
1451,REQ_END,1516299391497,9
1451,REQ_START,1516299391497,10
1451,REQ_END,1516299391503,10
1451,REQ_START,1516299391503,11
1451,REQ_END,1516299391540,11
1451,REQ_START,1516299391540,12
1451,REQ_END,1516299391547,12
1451,REQ_START,1516299391547,13
1451,REQ_END,1516299391583,13
1451,REQ_START,1516299391583,14
1451,REQ_END,1516299391594,14
1451,REQ_START,1516299391595,15
1451,REQ_END,1516299391633,15
1451,REQ_TOK_START,1516299391633,16
1451,REQ_TOK_END,1516299391638,16
1451,REQ_SINF_START,1516299391638,17
1451,REQ_SINF_END,1516299391644,17
1451,WS_OPEN_START,1516299391644,18
1451,WS_OPEN_END,1516299391649,18
1451,REQ_START,1516299391649,19
1451,REQ_END,1516299391680,19
1451,WS_RECV_START,1516299391680,20
1451,WS_RECV_END,1516299391680,20
1451,PLAYER_SLEEPBEFORE_START,1516299391680,21
1451,PLAYER_SLEEPBEFORE_END,1516299391685,21
1451,WS_SEND_START,1516299391685,21
1451,WS_SEND_END,1516299391685,21
1451,PLAYER_SLEEPBEFORE_START,1516299391685,22
1451,PLAYER_SLEEPBEFORE_END,1516299391686,22
1451,WS_SEND_START,1516299391686,22
1451,WS_SEND_END,1516299391686,22
1451,WS_RECV_INIT_START,1516299391686,23
1451,WS_RECV_INIT_END,1516299391905,23
1451,WS_RECV_START,1516299391905,24
1451,WS_RECV_END,1516299391980,24
1451,PLAYER_SLEEPBEFORE_START,1516299391980,25
1451,PLAYER_SLEEPBEFORE_END,1516299391988,25
1451,REQ_START,1516299391988,25
1451,REQ_END,1516299392236,25
1451,PLAYER_SLEEPBEFORE_START,1516299392236,26
1451,PLAYER_SLEEPBEFORE_END,1516299392237,26
1451,REQ_START,1516299392237,26
1451,REQ_END,1516299392296,26
1451,PLAYER_SLEEPBEFORE_START,1516299392296,27
1451,PLAYER_SLEEPBEFORE_END,1516299392300,27
1451,REQ_START,1516299392300,27
1451,REQ_END,1516299392344,27
1451,PLAYER_SLEEPBEFORE_START,1516299392345,28
1451,PLAYER_SLEEPBEFORE_END,1516299392630,28
1451,REQ_START,1516299392630,28
1451,REQ_END,1516299392675,28
1451,PLAYER_SLEEPBEFORE_START,1516299392675,29
1451,PLAYER_SLEEPBEFORE_END,1516299392850,29
1451,WS_SEND_START,1516299392850,29
1451,WS_SEND_END,1516299392850,29
1451,WS_RECV_START,1516299392850,30
1451,WS_RECV_END,1516299392984,30
1451,PLAYER_SLEEPBEFORE_START,1516299392984,31
1451,PLAYER_SLEEPBEFORE_END,1516299392995,31
1451,REQ_START,1516299392995,31
1451,REQ_END,1516299393129,31
1451,PLAYER_SLEEPBEFORE_START,1516299393129,32
1451,PLAYER_SLEEPBEFORE_END,1516299421274,32
1451,WS_SEND_START,1516299421274,32
1451,WS_SEND_END,1516299421274,32
1451,WS_RECV_START,1516299421274,33
1451,WS_RECV_END,1516299421367,33
1451,PLAYER_SLEEPBEFORE_START,1516299421367,34
1451,PLAYER_SLEEPBEFORE_END,1516299447278,34
1451,WS_SEND_START,1516299447278,34
1451,WS_SEND_END,1516299447278,34
1451,WS_RECV_START,1516299447279,35
1451,WS_RECV_END,1516299447311,35
1451,PLAYER_SLEEPBEFORE_START,1516299447311,36
1451,PLAYER_SLEEPBEFORE_END,1516299447320,36
1451,WS_SEND_START,1516299447320,36
1451,WS_SEND_END,1516299447320,36
1451,WS_RECV_START,1516299447320,37
1451,WS_RECV_END,1516299447500,37
1451,PLAYER_SLEEPBEFORE_START,1516299447500,38
1451,PLAYER_SLEEPBEFORE_END,1516299450695,38
1451,WS_SEND_START,1516299450695,38
1451,WS_SEND_END,1516299450695,38
1451,WS_RECV_START,1516299450695,39
1451,WS_RECV_END,1516299450876,39
1451,PLAYER_SLEEPBEFORE_START,1516299450876,40
1451,PLAYER_SLEEPBEFORE_END,1516299450922,40
1451,WS_SEND_START,1516299450922,40
1451,WS_SEND_END,1516299450922,40
1451,WS_RECV_START,1516299450922,41
1451,WS_RECV_END,1516299451146,41
1451,PLAYER_SLEEPBEFORE_START,1516299451146,42
1451,PLAYER_SLEEPBEFORE_END,1516299469281,42
1451,WS_SEND_START,1516299469281,42
1451,WS_SEND_END,1516299469281,42
1451,WS_RECV_START,1516299469281,43
1451,WS_RECV_END,1516299469722,43
1451,PLAYER_SLEEPBEFORE_START,1516299469722,44
1451,PLAYER_SLEEPBEFORE_END,1516299469734,44
1451,WS_SEND_START,1516299469734,44
1451,WS_SEND_END,1516299469734,44
1451,WS_RECV_START,1516299469734,45
1451,WS_RECV_END,1516299469842,45
1451,PLAYER_SLEEPBEFORE_START,1516299469842,46
1451,PLAYER_SLEEPBEFORE_END,1516299471102,46
1451,WS_SEND_START,1516299471102,46
1451,WS_SEND_END,1516299471102,46
1451,WS_RECV_START,1516299471102,47
1451,WS_RECV_END,1516299471306,47
1451,PLAYER_SLEEPBEFORE_START,1516299471306,48
1451,PLAYER_SLEEPBEFORE_END,1516299472626,48
1451,WS_SEND_START,1516299472626,48
1451,WS_SEND_END,1516299472626,48
1451,WS_RECV_START,1516299472627,49
1451,WS_RECV_END,1516299472846,49
1451,PLAYER_SLEEPBEFORE_START,1516299472846,50
1451,PLAYER_SLEEPBEFORE_END,1516299472871,50
1451,WS_SEND_START,1516299472871,50
1451,WS_SEND_END,1516299472871,50
1451,WS_RECV_START,1516299472871,51
1451,WS_RECV_END,1516299473042,51
1451,PLAYER_SLEEPBEFORE_START,1516299473042,52
1451,PLAYER_SLEEPBEFORE_END,1516299495606,52
1451,WS_SEND_START,1516299495606,52
1451,WS_SEND_END,1516299495606,52
1451,WS_RECV_START,1516299495606,53
1451,WS_RECV_END,1516299496359,53
1451,PLAYER_SLEEPBEFORE_START,1516299496359,54
1451,PLAYER_SLEEPBEFORE_END,1516299517662,54
1451,WS_SEND_START,1516299517662,54
1451,WS_SEND_END,1516299517662,54
1451,PLAYER_SLEEPBEFORE_START,1516299517662,55
1451,PLAYER_SLEEPBEFORE_END,1516299519603,55
1451,WS_SEND_START,1516299519603,55
1451,WS_SEND_END,1516299519603,55
1451,WS_RECV_START,1516299519603,56
1451,WS_RECV_END,1516299520246,56
1451,PLAYER_SLEEPBEFORE_START,1516299520246,57
1451,PLAYER_SLEEPBEFORE_END,1516299543121,57
1451,WS_SEND_START,1516299543121,57
1451,WS_SEND_END,1516299543121,57
1451,WS_RECV_START,1516299543121,58
1451,WS_RECV_END,1516299544175,58
1451,PLAYER_SLEEPBEFORE_START,1516299544175,59
1451,PLAYER_SLEEPBEFORE_END,1516299546503,59
1451,WS_SEND_START,1516299546503,59
1451,WS_SEND_END,1516299546503,59
1451,WS_RECV_START,1516299546503,60
1451,WS_RECV_END,1516299547421,60
1451,PLAYER_SLEEPBEFORE_START,1516299547421,61
1451,PLAYER_SLEEPBEFORE_END,1516299551012,61
1451,WS_SEND_START,1516299551012,61
1451,WS_SEND_END,1516299551012,61
1451,WS_RECV_START,1516299551012,62
1451,WS_RECV_END,1516299552317,62
1451,PLAYER_SLEEPBEFORE_START,1516299552317,63
1451,PLAYER_SLEEPBEFORE_END,1516299571579,63
1451,WS_SEND_START,1516299571579,63
1451,WS_SEND_END,1516299571579,63
1451,WS_RECV_START,1516299571579,64
1451,WS_RECV_END,1516299573499,64
1451,PLAYER_SLEEPBEFORE_START,1516299573499,65
1451,PLAYER_SLEEPBEFORE_END,1516299600316,65
1451,WS_SEND_START,1516299600316,65
1451,WS_SEND_END,1516299600316,65
1451,WS_RECV_START,1516299600316,66
1451,WS_RECV_END,1516299601958,66
1451,PLAYER_SLEEPBEFORE_START,1516299601958,67
1451,PLAYER_SLEEPBEFORE_END,1516299603465,67
1451,WS_SEND_START,1516299603465,67
1451,WS_SEND_END,1516299603465,67
1451,WS_RECV_START,1516299603465,68
1451,WS_RECV_END,1516299604369,68
1451,PLAYER_SLEEPBEFORE_START,1516299604369,69
1451,PLAYER_SLEEPBEFORE_END,1516299626367,69
1451,WS_SEND_START,1516299626367,69
1451,WS_SEND_END,1516299626367,69
1451,WS_RECV_START,1516299626367,70
1451,WS_RECV_END,1516299627221,70
1451,PLAYER_SLEEPBEFORE_START,1516299627221,71
1451,PLAYER_SLEEPBEFORE_END,1516299651997,71
1451,WS_SEND_START,1516299651997,71
1451,WS_SEND_END,1516299651997,71
1451,PLAYER_SLEEPBEFORE_START,1516299651997,72
1451,PLAYER_SLEEPBEFORE_END,1516299654604,72
1451,WS_SEND_START,1516299654604,72
1451,WS_SEND_END,1516299654604,72
1451,WS_RECV_START,1516299654604,73
1451,WS_RECV_END,1516299655259,73
1451,PLAYER_SLEEPBEFORE_START,1516299655259,74
1451,PLAYER_SLEEPBEFORE_END,1516299655268,74
1451,WS_SEND_START,1516299655268,74
1451,WS_SEND_END,1516299655268,74
1451,WS_RECV_START,1516299655268,75
1451,WS_RECV_END,1516299655314,75
1451,PLAYER_SLEEPBEFORE_START,1516299655314,76
1451,PLAYER_SLEEPBEFORE_END,1516299656820,76
1451,WS_SEND_START,1516299656820,76
1451,WS_SEND_END,1516299656820,76
1451,WS_RECV_START,1516299656820,77
1451,WS_RECV_END,1516299657876,77
1451,PLAYER_SLEEPBEFORE_START,1516299657876,78
1451,PLAYER_SLEEPBEFORE_END,1516299658745,78
1451,WS_SEND_START,1516299658745,78
1451,WS_SEND_END,1516299658745,78
1451,WS_RECV_START,1516299658745,79
1451,WS_RECV_END,1516299659888,79
1451,PLAYER_SLEEPBEFORE_START,1516299659888,80
1451,PLAYER_SLEEPBEFORE_END,1516299667554,80
1451,WS_SEND_START,1516299667554,80
1451,WS_SEND_END,1516299667554,80
1451,WS_RECV_START,1516299667554,81
1451,WS_RECV_END,1516299668280,81
1451,PLAYER_SLEEPBEFORE_START,1516299668280,82
1451,PLAYER_SLEEPBEFORE_END,1516299669382,82
1451,WS_SEND_START,1516299669382,82
1451,WS_SEND_END,1516299669382,82
1451,WS_RECV_START,1516299669382,83
1451,WS_RECV_END,1516299669677,83
1451,PLAYER_SLEEPBEFORE_START,1516299669677,84
1451,PLAYER_SLEEPBEFORE_END,1516299670624,84
1451,WS_SEND_START,1516299670624,84
1451,WS_SEND_END,1516299670624,84
1451,WS_RECV_START,1516299670624,85
1451,WS_RECV_END,1516299670722,85
1451,PLAYER_SLEEPBEFORE_START,1516299670722,86
1451,PLAYER_SLEEPBEFORE_END,1516299674894,86
1451,WS_SEND_START,1516299674894,86
1451,WS_SEND_END,1516299674894,86
1451,WS_RECV_START,1516299674894,87
1451,WS_RECV_END,1516299674993,87
1451,PLAYER_SLEEPBEFORE_START,1516299674993,88
1451,PLAYER_SLEEPBEFORE_END,1516299675001,88
1451,WS_SEND_START,1516299675001,88
1451,WS_SEND_END,1516299675001,88
1451,WS_RECV_START,1516299675002,89
1451,WS_RECV_END,1516299675148,89
1451,PLAYER_SLEEPBEFORE_START,1516299675148,90
1451,PLAYER_SLEEPBEFORE_END,1516299702345,90
1451,REQ_START,1516299702345,90
1451,REQ_END,1516299702351,90
1451,PLAYER_SLEEPBEFORE_START,1516299702351,91
1451,PLAYER_SLEEPBEFORE_END,1516299710241,91
1451,WS_SEND_START,1516299710241,91
1451,WS_SEND_END,1516299710241,91
1451,WS_RECV_START,1516299710241,92
1451,WS_RECV_END,1516299710993,92
1451,PLAYER_SLEEPBEFORE_START,1516299710993,93
1451,PLAYER_SLEEPBEFORE_END,1516299711008,93
1451,WS_SEND_START,1516299711008,93
1451,WS_SEND_END,1516299711008,93
1451,WS_RECV_START,1516299711008,94
1451,WS_RECV_END,1516299711722,94
1451,PLAYER_SLEEPBEFORE_START,1516299711722,95
1451,PLAYER_SLEEPBEFORE_END,1516299735277,95
1451,WS_SEND_START,1516299735277,95
1451,WS_SEND_END,1516299735277,95
1451,WS_RECV_START,1516299735277,96
1451,WS_RECV_END,1516299735532,96
1451,PLAYER_SLEEPBEFORE_START,1516299735532,97
1451,PLAYER_SLEEPBEFORE_END,1516299757972,97
1451,WS_SEND_START,1516299757972,97
1451,WS_SEND_END,1516299757972,97
1451,WS_RECV_START,1516299757972,98
1451,WS_RECV_END,1516299759182,98
1451,PLAYER_SLEEPBEFORE_START,1516299759182,99
1451,PLAYER_SLEEPBEFORE_END,1516299759203,99
1451,WS_SEND_START,1516299759203,99
1451,WS_SEND_END,1516299759203,99
1451,WS_RECV_START,1516299759203,100
1451,WS_RECV_END,1516299759760,100
1451,PLAYER_SLEEPBEFORE_START,1516299759760,101
1451,PLAYER_SLEEPBEFORE_END,1516299783319,101
1451,WS_SEND_START,1516299783319,101
1451,WS_SEND_END,1516299783319,101
1451,WS_RECV_START,1516299783319,102
1451,WS_RECV_END,1516299784195,102
1451,PLAYER_SLEEPBEFORE_START,1516299784195,103
1451,PLAYER_SLEEPBEFORE_END,1516299807820,103
1451,WS_SEND_START,1516299807820,103
1451,WS_SEND_END,1516299807820,103
1451,WS_RECV_START,1516299807820,104
1451,WS_RECV_END,1516299808431,104
1451,PLAYER_SLEEPBEFORE_START,1516299808431,105
1451,PLAYER_SLEEPBEFORE_END,1516299833808,105
1451,WS_SEND_START,1516299833808,105
1451,WS_SEND_END,1516299833808,105
1451,WS_RECV_START,1516299833808,106
1451,WS_RECV_END,1516299833979,106
1451,PLAYER_SLEEPBEFORE_START,1516299833979,107
1451,PLAYER_SLEEPBEFORE_END,1516299857402,107
1451,WS_SEND_START,1516299857402,107
1451,WS_SEND_END,1516299857402,107
1451,WS_RECV_START,1516299857402,108
1451,WS_RECV_END,1516299859400,108
1451,PLAYER_SLEEPBEFORE_START,1516299859400,109
1451,PLAYER_SLEEPBEFORE_END,1516299859409,109
1451,WS_SEND_START,1516299859409,109
1451,WS_SEND_END,1516299859409,109
1451,WS_RECV_START,1516299859409,110
1451,WS_RECV_END,1516299860358,110
1451,PLAYER_SLEEPBEFORE_START,1516299860358,111
1451,PLAYER_SLEEPBEFORE_END,1516299861317,111
1451,WS_SEND_START,1516299861317,111
1451,WS_SEND_END,1516299861317,111
1451,WS_RECV_START,1516299861317,112
1451,WS_RECV_END,1516299864032,112
1451,PLAYER_SLEEPBEFORE_START,1516299864032,113
1451,PLAYER_SLEEPBEFORE_END,1516299864594,113
1451,WS_SEND_START,1516299864594,113
1451,WS_SEND_END,1516299864594,113
1451,WS_RECV_START,1516299864594,114
1451,WS_RECV_END,1516299866371,114
1451,PLAYER_SLEEPBEFORE_START,1516299866371,115
1451,PLAYER_SLEEPBEFORE_END,1516299866380,115
1451,WS_SEND_START,1516299866380,115
1451,WS_SEND_END,1516299866380,115
1451,WS_RECV_START,1516299866380,116
1451,WS_RECV_END,1516299867597,116
1451,PLAYER_SLEEPBEFORE_START,1516299867597,117
1451,PLAYER_SLEEPBEFORE_END,1516299887958,117
1451,WS_SEND_START,1516299887958,117
1451,WS_SEND_END,1516299887958,117
1451,PLAYER_SLEEPBEFORE_START,1516299887958,118
1451,PLAYER_SLEEPBEFORE_END,1516299891710,118
1451,WS_SEND_START,1516299891710,118
1451,WS_SEND_END,1516299891710,118
1451,WS_RECV_START,1516299891710,119
1451,WS_RECV_END,1516299892122,119
1451,PLAYER_SLEEPBEFORE_START,1516299892122,120
1451,PLAYER_SLEEPBEFORE_END,1516299893110,120
1451,WS_SEND_START,1516299893110,120
1451,WS_SEND_END,1516299893110,120
1451,WS_RECV_START,1516299893110,121
1451,WS_RECV_END,1516299893693,121
1451,PLAYER_SLEEPBEFORE_START,1516299893693,122
1451,PLAYER_SLEEPBEFORE_END,1516299894878,122
1451,WS_SEND_START,1516299894878,122
1451,WS_SEND_END,1516299894878,122
1451,WS_RECV_START,1516299894878,123
1451,WS_RECV_END,1516299895156,123
1451,PLAYER_SLEEPBEFORE_START,1516299895156,124
1451,PLAYER_SLEEPBEFORE_END,1516299919561,124
1451,WS_SEND_START,1516299919561,124
1451,WS_SEND_END,1516299919561,124
1451,WS_RECV_START,1516299919561,125
1451,WS_RECV_END,1516299920336,125
1451,PLAYER_SLEEPBEFORE_START,1516299920336,126
1451,PLAYER_SLEEPBEFORE_END,1516299940848,126
1451,WS_SEND_START,1516299940848,126
1451,WS_SEND_END,1516299940848,126
1451,PLAYER_SLEEPBEFORE_START,1516299940848,127
1451,PLAYER_SLEEPBEFORE_END,1516299943902,127
1451,WS_SEND_START,1516299943902,127
1451,WS_SEND_END,1516299943902,127
1451,WS_RECV_START,1516299943902,128
1451,WS_RECV_END,1516299944634,128
1451,PLAYER_SLEEPBEFORE_START,1516299944634,129
1451,PLAYER_SLEEPBEFORE_END,1516299944654,129
1451,WS_SEND_START,1516299944654,129
1451,WS_SEND_END,1516299944654,129
1451,WS_RECV_START,1516299944654,130
1451,WS_RECV_END,1516299944987,130
1451,PLAYER_SLEEPBEFORE_START,1516299944987,131
1451,PLAYER_SLEEPBEFORE_END,1516299966611,131
1451,WS_SEND_START,1516299966611,131
1451,WS_SEND_END,1516299966611,131
1451,PLAYER_SLEEPBEFORE_START,1516299966611,132
1451,PLAYER_SLEEPBEFORE_END,1516299969691,132
1451,WS_SEND_START,1516299969691,132
1451,WS_SEND_END,1516299969691,132
1451,WS_RECV_START,1516299969691,133
1451,WS_RECV_END,1516299970665,133
1451,PLAYER_SLEEPBEFORE_START,1516299970665,134
1451,PLAYER_SLEEPBEFORE_END,1516299991882,134
1451,WS_SEND_START,1516299991882,134
1451,WS_SEND_END,1516299991882,134
1451,PLAYER_SLEEPBEFORE_START,1516299991882,135
1451,PLAYER_SLEEPBEFORE_END,1516299995072,135
1451,WS_SEND_START,1516299995072,135
1451,WS_SEND_END,1516299995072,135
1451,WS_RECV_START,1516299995072,136
1451,WS_RECV_END,1516299995941,136
1451,PLAYER_SLEEPBEFORE_START,1516299995941,137
1451,PLAYER_SLEEPBEFORE_END,1516299995948,137
1451,WS_SEND_START,1516299995948,137
1451,WS_SEND_END,1516299995948,137
1451,WS_RECV_START,1516299995948,138
1451,WS_RECV_END,1516299996490,138
1451,PLAYER_SLEEPBEFORE_START,1516299996490,139
1451,PLAYER_SLEEPBEFORE_END,1516299997180,139
1451,WS_SEND_START,1516299997180,139
1451,WS_SEND_END,1516299997180,139
1451,WS_RECV_START,1516299997180,140
1451,WS_RECV_END,1516299998506,140
1451,PLAYER_SLEEPBEFORE_START,1516299998506,141
1451,PLAYER_SLEEPBEFORE_END,1516299999161,141
1451,WS_SEND_START,1516299999161,141
1451,WS_SEND_END,1516299999161,141
1451,WS_RECV_START,1516299999161,142
1451,WS_RECV_END,1516299999874,142
1451,PLAYER_SLEEPBEFORE_START,1516299999874,143
1451,PLAYER_SLEEPBEFORE_END,1516299999931,143
1451,WS_SEND_START,1516299999931,143
1451,WS_SEND_END,1516299999931,143
1451,WS_RECV_START,1516299999931,144
1451,WS_RECV_END,1516300000416,144
1451,PLAYER_SLEEPBEFORE_START,1516300000416,145
1451,PLAYER_SLEEPBEFORE_END,1516300016479,145
1451,REQ_START,1516300016479,145
1451,REQ_END,1516300016483,145
1451,PLAYER_SLEEPBEFORE_START,1516300016483,146
1451,PLAYER_SLEEPBEFORE_END,1516300025361,146
1451,WS_SEND_START,1516300025361,146
1451,WS_SEND_END,1516300025361,146
1451,WS_RECV_START,1516300025361,147
1451,WS_RECV_END,1516300025637,147
1451,PLAYER_SLEEPBEFORE_START,1516300025637,148
1451,PLAYER_SLEEPBEFORE_END,1516300047559,148
1451,WS_SEND_START,1516300047559,148
1451,WS_SEND_END,1516300047559,148
1451,PLAYER_SLEEPBEFORE_START,1516300047559,149
1451,PLAYER_SLEEPBEFORE_END,1516300049987,149
1451,WS_SEND_START,1516300049987,149
1451,WS_SEND_END,1516300049987,149
1451,WS_RECV_START,1516300049987,150
1451,WS_RECV_END,1516300050539,150
1451,PLAYER_SLEEPBEFORE_START,1516300050539,151
1451,PLAYER_SLEEPBEFORE_END,1516300050749,151
1451,WS_SEND_START,1516300050749,151
1451,WS_SEND_END,1516300050749,151
1451,WS_RECV_START,1516300050749,152
1451,WS_RECV_END,1516300051097,152
1451,PLAYER_SLEEPBEFORE_START,1516300051097,153
1451,PLAYER_SLEEPBEFORE_END,1516300075024,153
1451,WS_SEND_START,1516300075024,153
1451,WS_SEND_END,1516300075024,153
1451,WS_RECV_START,1516300075024,154
1451,WS_RECV_END,1516300075449,154
1451,PLAYER_SLEEPBEFORE_START,1516300075450,155
1451,PLAYER_SLEEPBEFORE_END,1516300098008,155
1451,WS_SEND_START,1516300098008,155
1451,WS_SEND_END,1516300098008,155
1451,PLAYER_SLEEPBEFORE_START,1516300098008,156
1451,PLAYER_SLEEPBEFORE_END,1516300101282,156
1451,WS_SEND_START,1516300101282,156
1451,WS_SEND_END,1516300101282,156
1451,WS_RECV_START,1516300101282,157
1451,WS_RECV_END,1516300102528,157
1451,PLAYER_SLEEPBEFORE_START,1516300102528,158
1451,PLAYER_SLEEPBEFORE_END,1516300102538,158
1451,WS_SEND_START,1516300102538,158
1451,WS_SEND_END,1516300102538,158
1451,WS_RECV_START,1516300102538,159
1451,WS_RECV_END,1516300103450,159
1451,PLAYER_SLEEPBEFORE_START,1516300103450,160
1451,PLAYER_SLEEPBEFORE_END,1516300103625,160
1451,WS_SEND_START,1516300103625,160
1451,WS_SEND_END,1516300103625,160
1451,WS_RECV_START,1516300103625,161
1451,WS_RECV_END,1516300104282,161
1451,PLAYER_SLEEPBEFORE_START,1516300104282,162
1451,PLAYER_SLEEPBEFORE_END,1516300104307,162
1451,WS_SEND_START,1516300104307,162
1451,WS_SEND_END,1516300104308,162
1451,WS_RECV_START,1516300104308,163
1451,WS_RECV_END,1516300105149,163
1451,PLAYER_SLEEPBEFORE_START,1516300105149,164
1451,PLAYER_SLEEPBEFORE_END,1516300125961,164
1451,WS_SEND_START,1516300125961,164
1451,WS_SEND_END,1516300125961,164
1451,WS_RECV_START,1516300125961,165
1451,WS_RECV_END,1516300130087,165
1451,PLAYER_SLEEPBEFORE_START,1516300130087,166
1451,PLAYER_SLEEPBEFORE_END,1516300152542,166
1451,WS_SEND_START,1516300152542,166
1451,WS_SEND_END,1516300152542,166
1451,WS_RECV_START,1516300152542,167
1451,WS_RECV_END,1516300156740,167
1451,PLAYER_SLEEPBEFORE_START,1516300156740,168
1451,PLAYER_SLEEPBEFORE_END,1516300184098,168
1451,WS_SEND_START,1516300184098,168
1451,WS_SEND_END,1516300184098,168
1451,WS_RECV_START,1516300184098,169
1451,WS_RECV_END,1516300188593,169
1451,PLAYER_SLEEPBEFORE_START,1516300188593,170
1451,PLAYER_SLEEPBEFORE_END,1516300188602,170
1451,WS_SEND_START,1516300188603,170
1451,WS_SEND_END,1516300188603,170
1451,WS_RECV_START,1516300188603,171
1451,WS_RECV_END,1516300190794,171
1451,PLAYER_SLEEPBEFORE_START,1516300190794,172
1451,PLAYER_SLEEPBEFORE_END,1516300191163,172
1451,WS_SEND_START,1516300191163,172
1451,WS_SEND_END,1516300191163,172
1451,WS_RECV_START,1516300191163,173
1451,WS_RECV_END,1516300193569,173
1451,PLAYER_SLEEPBEFORE_START,1516300193569,174
1451,PLAYER_SLEEPBEFORE_END,1516300193610,174
1451,WS_SEND_START,1516300193610,174
1451,WS_SEND_END,1516300193610,174
1451,WS_RECV_START,1516300193610,175
1451,WS_RECV_END,1516300196798,175
1451,PLAYER_SLEEPBEFORE_START,1516300196798,176
1451,PLAYER_SLEEPBEFORE_END,1516300218559,176
1451,WS_SEND_START,1516300218559,176
1451,WS_SEND_END,1516300218559,176
1451,PLAYER_SLEEPBEFORE_START,1516300218559,177
1451,PLAYER_SLEEPBEFORE_END,1516300221077,177
1451,WS_SEND_START,1516300221077,177
1451,WS_SEND_END,1516300221077,177
1451,WS_RECV_START,1516300221077,178
1451,WS_RECV_END,1516300222243,178
1451,PLAYER_SLEEPBEFORE_START,1516300222243,179
1451,PLAYER_SLEEPBEFORE_END,1516300244583,179
1451,WS_SEND_START,1516300244583,179
1451,WS_SEND_END,1516300244583,179
1451,WS_RECV_START,1516300244583,180
1451,WS_RECV_END,1516300247309,180
1451,PLAYER_SLEEPBEFORE_START,1516300247309,181
1451,PLAYER_SLEEPBEFORE_END,1516300247754,181
1451,WS_SEND_START,1516300247754,181
1451,WS_SEND_END,1516300247754,181
1451,WS_RECV_START,1516300247754,182
1451,WS_RECV_END,1516300250715,182
1451,PLAYER_SLEEPBEFORE_START,1516300250715,183
1451,PLAYER_SLEEPBEFORE_END,1516300251238,183
1451,WS_SEND_START,1516300251238,183
1451,WS_SEND_END,1516300251238,183
1451,WS_RECV_START,1516300251238,184
1451,WS_RECV_END,1516300252516,184
1451,PLAYER_SLEEPBEFORE_START,1516300252516,185
1451,PLAYER_SLEEPBEFORE_END,1516300252785,185
1451,WS_SEND_START,1516300252785,185
1451,WS_SEND_END,1516300252785,185
1451,WS_RECV_START,1516300252785,186
1451,WS_RECV_END,1516300254012,186
1451,PLAYER_SLEEPBEFORE_START,1516300254012,187
1451,PLAYER_SLEEPBEFORE_END,1516300276513,187
1451,WS_SEND_START,1516300276513,187
1451,WS_SEND_END,1516300276513,187
1451,WS_RECV_START,1516300276513,188
1451,WS_RECV_END,1516300276891,188
1451,PLAYER_SLEEPBEFORE_START,1516300276891,189
1451,PLAYER_SLEEPBEFORE_END,1516300283130,189
1451,WS_SEND_START,1516300283130,189
1451,WS_SEND_END,1516300283130,189
1451,WS_RECV_START,1516300283130,190
1451,WS_RECV_END,1516300284280,190
1451,PLAYER_SLEEPBEFORE_START,1516300284280,191
1451,PLAYER_SLEEPBEFORE_END,1516300286195,191
1451,WS_SEND_START,1516300286195,191
1451,WS_SEND_END,1516300286195,191
1451,WS_RECV_START,1516300286195,192
1451,WS_RECV_END,1516300286773,192
1451,PLAYER_SLEEPBEFORE_START,1516300286773,193
1451,PLAYER_SLEEPBEFORE_END,1516300286901,193
1451,WS_SEND_START,1516300286901,193
1451,WS_SEND_END,1516300286901,193
1451,WS_RECV_START,1516300286901,194
1451,WS_RECV_END,1516300287069,194
1451,PLAYER_SLEEPBEFORE_START,1516300287069,195
1451,PLAYER_SLEEPBEFORE_END,1516300288824,195
1451,WS_SEND_START,1516300288824,195
1451,WS_SEND_END,1516300288824,195
1451,WS_RECV_START,1516300288824,196
1451,WS_RECV_END,1516300289030,196
1451,PLAYER_SLEEPBEFORE_START,1516300289030,197
1451,PLAYER_SLEEPBEFORE_END,1516300290834,197
1451,WS_SEND_START,1516300290834,197
1451,WS_SEND_END,1516300290834,197
1451,WS_RECV_START,1516300290834,198
1451,WS_RECV_END,1516300290989,198
1451,PLAYER_SLEEPBEFORE_START,1516300290989,199
1451,PLAYER_SLEEPBEFORE_END,1516300302844,199
1451,WS_SEND_START,1516300302844,199
1451,WS_SEND_END,1516300302844,199
1451,PLAYER_SLEEPBEFORE_START,1516300302844,200
1451,PLAYER_SLEEPBEFORE_END,1516300306932,200
1451,WS_SEND_START,1516300306932,200
1451,WS_SEND_END,1516300306932,200
1451,WS_RECV_START,1516300306932,201
1451,WS_RECV_END,1516300307414,201
1451,PLAYER_SLEEPBEFORE_START,1516300307414,202
1451,PLAYER_SLEEPBEFORE_END,1516300307428,202
1451,WS_SEND_START,1516300307428,202
1451,WS_SEND_END,1516300307428,202
1451,WS_RECV_START,1516300307428,203
1451,WS_RECV_END,1516300308540,203
1451,PLAYER_SLEEPBEFORE_START,1516300308540,204
1451,PLAYER_SLEEPBEFORE_END,1516300328189,204
1451,WS_SEND_START,1516300328189,204
1451,WS_SEND_END,1516300328189,204
1451,PLAYER_SLEEPBEFORE_START,1516300328189,205
1451,PLAYER_SLEEPBEFORE_END,1516300332087,205
1451,WS_SEND_START,1516300332087,205
1451,WS_SEND_END,1516300332087,205
1451,WS_RECV_START,1516300332087,206
1451,WS_RECV_END,1516300332744,206
1451,PLAYER_SLEEPBEFORE_START,1516300332744,207
1451,PLAYER_SLEEPBEFORE_END,1516300349675,207
1451,REQ_START,1516300349675,207
1451,REQ_END,1516300349680,207
1451,PLAYER_SLEEPBEFORE_START,1516300349680,208
1451,PLAYER_SLEEPBEFORE_END,1516300356532,208
1451,WS_CLOSE_START,1516300356532,208
1451,WS_CLOSE_END,1516300356532,208
1451,PLAYER_DONE,1516300356532
