# --sessions 2700 --app-url=http://shinyloadtest.rstudioservices.com/cran_explorer --output-dir test2700 --overwrite-output --log-level warn --start-interval 100 15min.log
thread_id,event,timestamp,input_line_number,comment
1492,PLAYER_SESSION_CREATE,1516299245957
1492,PLAYER_START_INTERVAL_START,1516299245957
1492,PLAYER_START_INTERVAL_END,1516299395157
1492,REQ_HOME_START,1516299395157,2
1492,REQ_HOME_END,1516299395267,2
1492,REQ_START,1516299395267,3
1492,REQ_END,1516299395315,3
1492,REQ_START,1516299395315,4
1492,REQ_END,1516299395355,4
1492,REQ_START,1516299395355,5
1492,REQ_END,1516299395397,5
1492,REQ_START,1516299395397,6
1492,REQ_END,1516299395443,6
1492,REQ_START,1516299395443,7
1492,REQ_END,1516299395548,7
1492,REQ_START,1516299395548,8
1492,REQ_END,1516299395608,8
1492,REQ_START,1516299395608,9
1492,REQ_END,1516299395654,9
1492,REQ_START,1516299395654,10
1492,REQ_END,1516299395661,10
1492,REQ_START,1516299395661,11
1492,REQ_END,1516299395869,11
1492,REQ_START,1516299395869,12
1492,REQ_END,1516299395876,12
1492,REQ_START,1516299395876,13
1492,REQ_END,1516299396504,13
1492,REQ_START,1516299396504,14
1492,REQ_END,1516299396519,14
1492,REQ_START,1516299396519,15
1492,REQ_END,1516299396837,15
1492,REQ_TOK_START,1516299396837,16
1492,REQ_TOK_END,1516299396841,16
1492,REQ_SINF_START,1516299396841,17
1492,REQ_SINF_END,1516299396845,17
1492,WS_OPEN_START,1516299396845,18
1492,WS_OPEN_END,1516299396848,18
1492,REQ_START,1516299396848,19
1492,REQ_END,1516299396882,19
1492,WS_RECV_START,1516299396882,20
1492,WS_RECV_END,1516299396882,20
1492,PLAYER_SLEEPBEFORE_START,1516299396882,21
1492,PLAYER_SLEEPBEFORE_END,1516299396887,21
1492,WS_SEND_START,1516299396887,21
1492,WS_SEND_END,1516299396887,21
1492,PLAYER_SLEEPBEFORE_START,1516299396887,22
1492,PLAYER_SLEEPBEFORE_END,1516299396888,22
1492,WS_SEND_START,1516299396888,22
1492,WS_SEND_END,1516299396888,22
1492,WS_RECV_INIT_START,1516299396888,23
1492,WS_RECV_INIT_END,1516299396935,23
1492,WS_RECV_START,1516299396935,24
1492,WS_RECV_END,1516299397003,24
1492,PLAYER_SLEEPBEFORE_START,1516299397003,25
1492,PLAYER_SLEEPBEFORE_END,1516299397010,25
1492,REQ_START,1516299397010,25
1492,REQ_END,1516299397044,25
1492,PLAYER_SLEEPBEFORE_START,1516299397044,26
1492,PLAYER_SLEEPBEFORE_END,1516299397046,26
1492,REQ_START,1516299397046,26
1492,REQ_END,1516299397085,26
1492,PLAYER_SLEEPBEFORE_START,1516299397085,27
1492,PLAYER_SLEEPBEFORE_END,1516299397088,27
1492,REQ_START,1516299397088,27
1492,REQ_END,1516299397122,27
1492,PLAYER_SLEEPBEFORE_START,1516299397123,28
1492,PLAYER_SLEEPBEFORE_END,1516299397408,28
1492,REQ_START,1516299397408,28
1492,REQ_END,1516299397445,28
1492,PLAYER_SLEEPBEFORE_START,1516299397445,29
1492,PLAYER_SLEEPBEFORE_END,1516299397621,29
1492,WS_SEND_START,1516299397621,29
1492,WS_SEND_END,1516299397621,29
1492,WS_RECV_START,1516299397621,30
1492,WS_RECV_END,1516299397789,30
1492,PLAYER_SLEEPBEFORE_START,1516299397789,31
1492,PLAYER_SLEEPBEFORE_END,1516299397801,31
1492,REQ_START,1516299397801,31
1492,REQ_END,1516299397841,31
1492,PLAYER_SLEEPBEFORE_START,1516299397841,32
1492,PLAYER_SLEEPBEFORE_END,1516299425986,32
1492,WS_SEND_START,1516299425986,32
1492,WS_SEND_END,1516299425986,32
1492,WS_RECV_START,1516299425986,33
1492,WS_RECV_END,1516299426565,33
1492,PLAYER_SLEEPBEFORE_START,1516299426565,34
1492,PLAYER_SLEEPBEFORE_END,1516299452476,34
1492,WS_SEND_START,1516299452476,34
1492,WS_SEND_END,1516299452476,34
1492,WS_RECV_START,1516299452476,35
1492,WS_RECV_END,1516299452720,35
1492,PLAYER_SLEEPBEFORE_START,1516299452720,36
1492,PLAYER_SLEEPBEFORE_END,1516299452729,36
1492,WS_SEND_START,1516299452729,36
1492,WS_SEND_END,1516299452729,36
1492,WS_RECV_START,1516299452729,37
1492,WS_RECV_END,1516299452770,37
1492,PLAYER_SLEEPBEFORE_START,1516299452770,38
1492,PLAYER_SLEEPBEFORE_END,1516299455966,38
1492,WS_SEND_START,1516299455966,38
1492,WS_SEND_END,1516299455966,38
1492,WS_RECV_START,1516299455966,39
1492,WS_RECV_END,1516299456108,39
1492,PLAYER_SLEEPBEFORE_START,1516299456108,40
1492,PLAYER_SLEEPBEFORE_END,1516299456155,40
1492,WS_SEND_START,1516299456155,40
1492,WS_SEND_END,1516299456155,40
1492,WS_RECV_START,1516299456155,41
1492,WS_RECV_END,1516299456317,41
1492,PLAYER_SLEEPBEFORE_START,1516299456317,42
1492,PLAYER_SLEEPBEFORE_END,1516299474452,42
1492,WS_SEND_START,1516299474452,42
1492,WS_SEND_END,1516299474452,42
1492,WS_RECV_START,1516299474452,43
1492,WS_RECV_END,1516299474717,43
1492,PLAYER_SLEEPBEFORE_START,1516299474717,44
1492,PLAYER_SLEEPBEFORE_END,1516299474729,44
1492,WS_SEND_START,1516299474729,44
1492,WS_SEND_END,1516299474729,44
1492,WS_RECV_START,1516299474729,45
1492,WS_RECV_END,1516299474840,45
1492,PLAYER_SLEEPBEFORE_START,1516299474840,46
1492,PLAYER_SLEEPBEFORE_END,1516299476100,46
1492,WS_SEND_START,1516299476100,46
1492,WS_SEND_END,1516299476100,46
1492,WS_RECV_START,1516299476100,47
1492,WS_RECV_END,1516299476141,47
1492,PLAYER_SLEEPBEFORE_START,1516299476141,48
1492,PLAYER_SLEEPBEFORE_END,1516299477461,48
1492,WS_SEND_START,1516299477461,48
1492,WS_SEND_END,1516299477461,48
1492,WS_RECV_START,1516299477461,49
1492,WS_RECV_END,1516299477747,49
1492,PLAYER_SLEEPBEFORE_START,1516299477747,50
1492,PLAYER_SLEEPBEFORE_END,1516299477771,50
1492,WS_SEND_START,1516299477771,50
1492,WS_SEND_END,1516299477771,50
1492,WS_RECV_START,1516299477771,51
1492,WS_RECV_END,1516299478029,51
1492,PLAYER_SLEEPBEFORE_START,1516299478029,52
1492,PLAYER_SLEEPBEFORE_END,1516299500593,52
1492,WS_SEND_START,1516299500593,52
1492,WS_SEND_END,1516299500593,52
1492,WS_RECV_START,1516299500593,53
1492,WS_RECV_END,1516299501284,53
1492,PLAYER_SLEEPBEFORE_START,1516299501284,54
1492,PLAYER_SLEEPBEFORE_END,1516299522587,54
1492,WS_SEND_START,1516299522587,54
1492,WS_SEND_END,1516299522587,54
1492,PLAYER_SLEEPBEFORE_START,1516299522587,55
1492,PLAYER_SLEEPBEFORE_END,1516299524528,55
1492,WS_SEND_START,1516299524528,55
1492,WS_SEND_END,1516299524528,55
1492,WS_RECV_START,1516299524528,56
1492,WS_RECV_END,1516299525104,56
1492,PLAYER_SLEEPBEFORE_START,1516299525104,57
1492,PLAYER_SLEEPBEFORE_END,1516299547976,57
1492,WS_SEND_START,1516299547976,57
1492,WS_SEND_END,1516299547976,57
1492,WS_RECV_START,1516299547976,58
1492,WS_RECV_END,1516299550446,58
1492,PLAYER_SLEEPBEFORE_START,1516299550446,59
1492,PLAYER_SLEEPBEFORE_END,1516299552773,59
1492,WS_SEND_START,1516299552773,59
1492,WS_SEND_END,1516299552773,59
1492,WS_RECV_START,1516299552773,60
1492,WS_RECV_END,1516299555348,60
1492,PLAYER_SLEEPBEFORE_START,1516299555348,61
1492,PLAYER_SLEEPBEFORE_END,1516299558939,61
1492,WS_SEND_START,1516299558939,61
1492,WS_SEND_END,1516299558939,61
1492,WS_RECV_START,1516299558939,62
1492,WS_RECV_END,1516299561275,62
1492,PLAYER_SLEEPBEFORE_START,1516299561275,63
1492,PLAYER_SLEEPBEFORE_END,1516299580537,63
1492,WS_SEND_START,1516299580537,63
1492,WS_SEND_END,1516299580537,63
1492,WS_RECV_START,1516299580537,64
1492,WS_RECV_END,1516299584310,64
1492,PLAYER_SLEEPBEFORE_START,1516299584310,65
1492,PLAYER_SLEEPBEFORE_END,1516299611127,65
1492,WS_SEND_START,1516299611127,65
1492,WS_SEND_END,1516299611127,65
1492,WS_RECV_START,1516299611127,66
1492,WS_RECV_END,1516299613583,66
1492,PLAYER_SLEEPBEFORE_START,1516299613583,67
1492,PLAYER_SLEEPBEFORE_END,1516299615090,67
1492,WS_SEND_START,1516299615090,67
1492,WS_SEND_END,1516299615090,67
1492,WS_RECV_START,1516299615090,68
1492,WS_RECV_END,1516299616183,68
1492,PLAYER_SLEEPBEFORE_START,1516299616183,69
1492,PLAYER_SLEEPBEFORE_END,1516299638181,69
1492,WS_SEND_START,1516299638181,69
1492,WS_SEND_END,1516299638182,69
1492,WS_RECV_START,1516299638182,70
1492,WS_RECV_END,1516299642222,70
1492,PLAYER_SLEEPBEFORE_START,1516299642222,71
1492,PLAYER_SLEEPBEFORE_END,1516299666997,71
1492,WS_SEND_START,1516299666997,71
1492,WS_SEND_END,1516299666997,71
1492,PLAYER_SLEEPBEFORE_START,1516299666997,72
1492,PLAYER_SLEEPBEFORE_END,1516299669604,72
1492,WS_SEND_START,1516299669604,72
1492,WS_SEND_END,1516299669604,72
1492,WS_RECV_START,1516299669604,73
1492,WS_RECV_END,1516299670490,73
1492,PLAYER_SLEEPBEFORE_START,1516299670490,74
1492,PLAYER_SLEEPBEFORE_END,1516299670499,74
1492,WS_SEND_START,1516299670499,74
1492,WS_SEND_END,1516299670499,74
1492,WS_RECV_START,1516299670499,75
1492,WS_RECV_END,1516299671673,75
1492,PLAYER_SLEEPBEFORE_START,1516299671673,76
1492,PLAYER_SLEEPBEFORE_END,1516299673179,76
1492,WS_SEND_START,1516299673179,76
1492,WS_SEND_END,1516299673179,76
1492,WS_RECV_START,1516299673179,77
1492,WS_RECV_END,1516299676681,77
1492,PLAYER_SLEEPBEFORE_START,1516299676681,78
1492,PLAYER_SLEEPBEFORE_END,1516299677549,78
1492,WS_SEND_START,1516299677549,78
1492,WS_SEND_END,1516299677549,78
1492,WS_RECV_START,1516299677549,79
1492,WS_RECV_END,1516299678109,79
1492,PLAYER_SLEEPBEFORE_START,1516299678109,80
1492,PLAYER_SLEEPBEFORE_END,1516299685775,80
1492,WS_SEND_START,1516299685775,80
1492,WS_SEND_END,1516299685775,80
1492,WS_RECV_START,1516299685775,81
1492,WS_RECV_END,1516299687859,81
1492,PLAYER_SLEEPBEFORE_START,1516299687859,82
1492,PLAYER_SLEEPBEFORE_END,1516299688961,82
1492,WS_SEND_START,1516299688961,82
1492,WS_SEND_END,1516299688961,82
1492,WS_RECV_START,1516299688961,83
1492,WS_RECV_END,1516299691431,83
1492,PLAYER_SLEEPBEFORE_START,1516299691431,84
1492,PLAYER_SLEEPBEFORE_END,1516299692378,84
1492,WS_SEND_START,1516299692378,84
1492,WS_SEND_END,1516299692378,84
1492,WS_RECV_START,1516299692378,85
1492,WS_RECV_END,1516299695040,85
1492,PLAYER_SLEEPBEFORE_START,1516299695040,86
1492,PLAYER_SLEEPBEFORE_END,1516299699212,86
1492,WS_SEND_START,1516299699212,86
1492,WS_SEND_END,1516299699212,86
1492,WS_RECV_START,1516299699212,87
1492,WS_RECV_END,1516299700828,87
1492,PLAYER_SLEEPBEFORE_START,1516299700828,88
1492,PLAYER_SLEEPBEFORE_END,1516299700836,88
1492,WS_SEND_START,1516299700836,88
1492,WS_SEND_END,1516299700836,88
1492,WS_RECV_START,1516299700836,89
1492,WS_RECV_END,1516299701351,89
1492,PLAYER_SLEEPBEFORE_START,1516299701351,90
1492,PLAYER_SLEEPBEFORE_END,1516299728548,90
1492,REQ_START,1516299728548,90
1492,REQ_END,1516299728554,90
1492,PLAYER_SLEEPBEFORE_START,1516299728554,91
1492,PLAYER_SLEEPBEFORE_END,1516299736443,91
1492,WS_SEND_START,1516299736443,91
1492,WS_SEND_END,1516299736443,91
1492,WS_RECV_START,1516299736443,92
1492,WS_RECV_END,1516299739124,92
1492,PLAYER_SLEEPBEFORE_START,1516299739124,93
1492,PLAYER_SLEEPBEFORE_END,1516299739139,93
1492,WS_SEND_START,1516299739139,93
1492,WS_SEND_END,1516299739139,93
1492,WS_RECV_START,1516299739139,94
1492,WS_RECV_END,1516299741226,94
1492,PLAYER_SLEEPBEFORE_START,1516299741226,95
1492,PLAYER_SLEEPBEFORE_END,1516299764781,95
1492,WS_SEND_START,1516299764781,95
1492,WS_SEND_END,1516299764781,95
1492,WS_RECV_START,1516299764781,96
1492,WS_RECV_END,1516299768063,96
1492,PLAYER_SLEEPBEFORE_START,1516299768064,97
1492,PLAYER_SLEEPBEFORE_END,1516299790504,97
1492,WS_SEND_START,1516299790504,97
1492,WS_SEND_END,1516299790504,97
1492,WS_RECV_START,1516299790504,98
1492,WS_RECV_END,1516299796216,98
1492,PLAYER_SLEEPBEFORE_START,1516299796216,99
1492,PLAYER_SLEEPBEFORE_END,1516299796237,99
1492,WS_SEND_START,1516299796237,99
1492,WS_SEND_END,1516299796237,99
1492,WS_RECV_START,1516299796237,100
1492,WS_RECV_END,1516299798909,100
1492,PLAYER_SLEEPBEFORE_START,1516299798909,101
1492,PLAYER_SLEEPBEFORE_END,1516299822468,101
1492,WS_SEND_START,1516299822468,101
1492,WS_SEND_END,1516299822468,101
1492,WS_RECV_START,1516299822468,102
1492,WS_RECV_END,1516299829782,102
1492,PLAYER_SLEEPBEFORE_START,1516299829782,103
1492,PLAYER_SLEEPBEFORE_END,1516299853407,103
1492,WS_SEND_START,1516299853407,103
1492,WS_SEND_END,1516299853407,103
1492,WS_RECV_START,1516299853407,104
1492,WS_RECV_END,1516299859535,104
1492,PLAYER_SLEEPBEFORE_START,1516299859535,105
1492,PLAYER_SLEEPBEFORE_END,1516299884912,105
1492,WS_SEND_START,1516299884912,105
1492,WS_SEND_END,1516299884912,105
1492,WS_RECV_START,1516299884912,106
1492,WS_RECV_END,1516299888141,106
1492,PLAYER_SLEEPBEFORE_START,1516299888141,107
1492,PLAYER_SLEEPBEFORE_END,1516299911565,107
1492,WS_SEND_START,1516299911565,107
1492,WS_SEND_END,1516299911565,107
1492,WS_RECV_START,1516299911565,108
1492,WS_RECV_END,1516299916815,108
1492,PLAYER_SLEEPBEFORE_START,1516299916815,109
1492,PLAYER_SLEEPBEFORE_END,1516299916824,109
1492,WS_SEND_START,1516299916824,109
1492,WS_SEND_END,1516299916824,109
1492,WS_RECV_START,1516299916824,110
1492,WS_RECV_END,1516299922665,110
1492,PLAYER_SLEEPBEFORE_START,1516299922665,111
1492,PLAYER_SLEEPBEFORE_END,1516299923624,111
1492,WS_SEND_START,1516299923624,111
1492,WS_SEND_END,1516299923624,111
1492,WS_RECV_START,1516299923624,112
1492,WS_RECV_END,1516299925278,112
1492,PLAYER_SLEEPBEFORE_START,1516299925278,113
1492,PLAYER_SLEEPBEFORE_END,1516299925840,113
1492,WS_SEND_START,1516299925840,113
1492,WS_SEND_END,1516299925840,113
1492,WS_RECV_START,1516299925840,114
1492,WS_RECV_END,1516299929016,114
1492,PLAYER_SLEEPBEFORE_START,1516299929016,115
1492,PLAYER_SLEEPBEFORE_END,1516299929026,115
1492,WS_SEND_START,1516299929026,115
1492,WS_SEND_END,1516299929026,115
1492,WS_RECV_START,1516299929026,116
1492,WS_RECV_END,1516299933184,116
1492,PLAYER_SLEEPBEFORE_START,1516299933184,117
1492,PLAYER_SLEEPBEFORE_END,1516299953544,117
1492,WS_SEND_START,1516299953544,117
1492,WS_SEND_END,1516299953544,117
1492,PLAYER_SLEEPBEFORE_START,1516299953544,118
1492,PLAYER_SLEEPBEFORE_END,1516299957296,118
1492,WS_SEND_START,1516299957296,118
1492,WS_SEND_END,1516299957296,118
1492,WS_RECV_START,1516299957296,119
1492,WS_RECV_END,1516299958919,119
1492,PLAYER_SLEEPBEFORE_START,1516299958919,120
1492,PLAYER_SLEEPBEFORE_END,1516299959907,120
1492,WS_SEND_START,1516299959907,120
1492,WS_SEND_END,1516299959907,120
1492,WS_RECV_START,1516299959907,121
1492,WS_RECV_END,1516299960614,121
1492,PLAYER_SLEEPBEFORE_START,1516299960614,122
1492,PLAYER_SLEEPBEFORE_END,1516299961799,122
1492,WS_SEND_START,1516299961799,122
1492,WS_SEND_END,1516299961799,122
1492,WS_RECV_START,1516299961799,123
1492,WS_RECV_END,1516299962013,123
1492,PLAYER_SLEEPBEFORE_START,1516299962013,124
1492,PLAYER_SLEEPBEFORE_END,1516299986418,124
1492,WS_SEND_START,1516299986418,124
1492,WS_SEND_END,1516299986418,124
1492,WS_RECV_START,1516299986418,125
1492,WS_RECV_END,1516299987856,125
1492,PLAYER_SLEEPBEFORE_START,1516299987856,126
1492,PLAYER_SLEEPBEFORE_END,1516300008368,126
1492,WS_SEND_START,1516300008368,126
1492,WS_SEND_END,1516300008368,126
1492,PLAYER_SLEEPBEFORE_START,1516300008368,127
1492,PLAYER_SLEEPBEFORE_END,1516300011422,127
1492,WS_SEND_START,1516300011422,127
1492,WS_SEND_END,1516300011422,127
1492,WS_RECV_START,1516300011422,128
1492,WS_RECV_END,1516300013717,128
1492,PLAYER_SLEEPBEFORE_START,1516300013717,129
1492,PLAYER_SLEEPBEFORE_END,1516300013737,129
1492,WS_SEND_START,1516300013737,129
1492,WS_SEND_END,1516300013737,129
1492,WS_RECV_START,1516300013737,130
1492,WS_RECV_END,1516300014651,130
1492,PLAYER_SLEEPBEFORE_START,1516300014651,131
1492,PLAYER_SLEEPBEFORE_END,1516300036275,131
1492,WS_SEND_START,1516300036275,131
1492,WS_SEND_END,1516300036275,131
1492,PLAYER_SLEEPBEFORE_START,1516300036275,132
1492,PLAYER_SLEEPBEFORE_END,1516300039355,132
1492,WS_SEND_START,1516300039355,132
1492,WS_SEND_END,1516300039355,132
1492,WS_RECV_START,1516300039355,133
1492,WS_RECV_END,1516300040021,133
1492,PLAYER_SLEEPBEFORE_START,1516300040021,134
1492,PLAYER_SLEEPBEFORE_END,1516300061238,134
1492,WS_SEND_START,1516300061238,134
1492,WS_SEND_END,1516300061239,134
1492,PLAYER_SLEEPBEFORE_START,1516300061239,135
1492,PLAYER_SLEEPBEFORE_END,1516300064429,135
1492,WS_SEND_START,1516300064429,135
1492,WS_SEND_END,1516300064429,135
1492,WS_RECV_START,1516300064429,136
1492,WS_RECV_END,1516300064981,136
1492,PLAYER_SLEEPBEFORE_START,1516300064981,137
1492,PLAYER_SLEEPBEFORE_END,1516300064988,137
1492,WS_SEND_START,1516300064988,137
1492,WS_SEND_END,1516300064988,137
1492,WS_RECV_START,1516300064988,138
1492,WS_RECV_END,1516300065033,138
1492,PLAYER_SLEEPBEFORE_START,1516300065033,139
1492,PLAYER_SLEEPBEFORE_END,1516300065723,139
1492,WS_SEND_START,1516300065723,139
1492,WS_SEND_END,1516300065723,139
1492,WS_RECV_START,1516300065723,140
1492,WS_RECV_END,1516300065971,140
1492,PLAYER_SLEEPBEFORE_START,1516300065971,141
1492,PLAYER_SLEEPBEFORE_END,1516300066626,141
1492,WS_SEND_START,1516300066626,141
1492,WS_SEND_END,1516300066626,141
1492,WS_RECV_START,1516300066626,142
1492,WS_RECV_END,1516300067531,142
1492,PLAYER_SLEEPBEFORE_START,1516300067531,143
1492,PLAYER_SLEEPBEFORE_END,1516300067588,143
1492,WS_SEND_START,1516300067588,143
1492,WS_SEND_END,1516300067588,143
1492,WS_RECV_START,1516300067588,144
1492,WS_RECV_END,1516300068536,144
1492,PLAYER_SLEEPBEFORE_START,1516300068536,145
1492,PLAYER_SLEEPBEFORE_END,1516300084599,145
1492,REQ_START,1516300084599,145
1492,REQ_END,1516300084607,145
1492,PLAYER_SLEEPBEFORE_START,1516300084607,146
1492,PLAYER_SLEEPBEFORE_END,1516300093484,146
1492,WS_SEND_START,1516300093484,146
1492,WS_SEND_END,1516300093484,146
1492,WS_RECV_START,1516300093484,147
1492,WS_RECV_END,1516300095734,147
1492,PLAYER_SLEEPBEFORE_START,1516300095734,148
1492,PLAYER_SLEEPBEFORE_END,1516300117656,148
1492,WS_SEND_START,1516300117656,148
1492,WS_SEND_END,1516300117656,148
1492,PLAYER_SLEEPBEFORE_START,1516300117656,149
1492,PLAYER_SLEEPBEFORE_END,1516300120084,149
1492,WS_SEND_START,1516300120084,149
1492,WS_SEND_END,1516300120084,149
1492,WS_RECV_START,1516300120084,150
1492,WS_RECV_END,1516300120842,150
1492,PLAYER_SLEEPBEFORE_START,1516300120842,151
1492,PLAYER_SLEEPBEFORE_END,1516300121052,151
1492,WS_SEND_START,1516300121052,151
1492,WS_SEND_END,1516300121052,151
1492,WS_RECV_START,1516300121052,152
1492,WS_RECV_END,1516300121869,152
1492,PLAYER_SLEEPBEFORE_START,1516300121869,153
1492,PLAYER_SLEEPBEFORE_END,1516300145796,153
1492,WS_SEND_START,1516300145796,153
1492,WS_SEND_END,1516300145796,153
1492,WS_RECV_START,1516300145796,154
1492,WS_RECV_END,1516300146357,154
1492,PLAYER_SLEEPBEFORE_START,1516300146357,155
1492,PLAYER_SLEEPBEFORE_END,1516300168915,155
1492,WS_SEND_START,1516300168915,155
1492,WS_SEND_END,1516300168915,155
1492,PLAYER_SLEEPBEFORE_START,1516300168915,156
1492,PLAYER_SLEEPBEFORE_END,1516300172189,156
1492,WS_SEND_START,1516300172189,156
1492,WS_SEND_END,1516300172189,156
1492,WS_RECV_START,1516300172189,157
1492,WS_RECV_END,1516300174905,157
1492,PLAYER_SLEEPBEFORE_START,1516300174905,158
1492,PLAYER_SLEEPBEFORE_END,1516300174915,158
1492,WS_SEND_START,1516300174915,158
1492,WS_SEND_END,1516300174915,158
1492,WS_RECV_START,1516300174915,159
1492,WS_RECV_END,1516300176567,159
1492,PLAYER_SLEEPBEFORE_START,1516300176567,160
1492,PLAYER_SLEEPBEFORE_END,1516300176742,160
1492,WS_SEND_START,1516300176742,160
1492,WS_SEND_END,1516300176742,160
1492,WS_RECV_START,1516300176742,161
1492,WS_RECV_END,1516300177716,161
1492,PLAYER_SLEEPBEFORE_START,1516300177716,162
1492,PLAYER_SLEEPBEFORE_END,1516300177742,162
1492,WS_SEND_START,1516300177742,162
1492,WS_SEND_END,1516300177742,162
1492,WS_RECV_START,1516300177742,163
1492,WS_RECV_END,1516300179767,163
1492,PLAYER_SLEEPBEFORE_START,1516300179767,164
1492,PLAYER_SLEEPBEFORE_END,1516300200580,164
1492,WS_SEND_START,1516300200580,164
1492,WS_SEND_END,1516300200580,164
1492,WS_RECV_START,1516300200580,165
1492,WS_RECV_END,1516300203739,165
1492,PLAYER_SLEEPBEFORE_START,1516300203739,166
1492,PLAYER_SLEEPBEFORE_END,1516300226194,166
1492,WS_SEND_START,1516300226194,166
1492,WS_SEND_END,1516300226194,166
1492,WS_RECV_START,1516300226194,167
1492,WS_RECV_END,1516300231119,167
1492,PLAYER_SLEEPBEFORE_START,1516300231119,168
1492,PLAYER_SLEEPBEFORE_END,1516300258476,168
1492,WS_SEND_START,1516300258476,168
1492,WS_SEND_END,1516300258476,168
1492,WS_RECV_START,1516300258476,169
1492,WS_RECV_END,1516300264444,169
1492,PLAYER_SLEEPBEFORE_START,1516300264444,170
1492,PLAYER_SLEEPBEFORE_END,1516300264453,170
1492,WS_SEND_START,1516300264453,170
1492,WS_SEND_END,1516300264453,170
1492,WS_RECV_START,1516300264453,171
1492,WS_RECV_END,1516300267061,171
1492,PLAYER_SLEEPBEFORE_START,1516300267061,172
1492,PLAYER_SLEEPBEFORE_END,1516300267431,172
1492,WS_SEND_START,1516300267431,172
1492,WS_SEND_END,1516300267431,172
1492,WS_RECV_START,1516300267431,173
1492,WS_RECV_END,1516300269026,173
1492,PLAYER_SLEEPBEFORE_START,1516300269026,174
1492,PLAYER_SLEEPBEFORE_END,1516300269067,174
1492,WS_SEND_START,1516300269067,174
1492,WS_SEND_END,1516300269067,174
1492,WS_RECV_START,1516300269067,175
1492,WS_RECV_END,1516300271943,175
1492,PLAYER_SLEEPBEFORE_START,1516300271943,176
1492,PLAYER_SLEEPBEFORE_END,1516300293704,176
1492,WS_SEND_START,1516300293704,176
1492,WS_SEND_END,1516300293704,176
1492,PLAYER_SLEEPBEFORE_START,1516300293704,177
1492,PLAYER_SLEEPBEFORE_END,1516300296222,177
1492,WS_SEND_START,1516300296222,177
1492,WS_SEND_END,1516300296222,177
1492,WS_RECV_START,1516300296222,178
1492,WS_RECV_END,1516300298739,178
1492,PLAYER_SLEEPBEFORE_START,1516300298739,179
1492,PLAYER_SLEEPBEFORE_END,1516300321080,179
1492,WS_SEND_START,1516300321080,179
1492,WS_SEND_END,1516300321080,179
1492,WS_RECV_START,1516300321080,180
1492,WS_RECV_END,1516300322230,180
1492,PLAYER_SLEEPBEFORE_START,1516300322230,181
1492,PLAYER_SLEEPBEFORE_END,1516300322674,181
1492,WS_SEND_START,1516300322675,181
1492,WS_SEND_END,1516300322675,181
1492,WS_RECV_START,1516300322675,182
1492,WS_RECV_END,1516300323415,182
1492,PLAYER_SLEEPBEFORE_START,1516300323415,183
1492,PLAYER_SLEEPBEFORE_END,1516300323938,183
1492,WS_SEND_START,1516300323938,183
1492,WS_SEND_END,1516300323938,183
1492,WS_RECV_START,1516300323938,184
1492,WS_RECV_END,1516300324114,184
1492,PLAYER_SLEEPBEFORE_START,1516300324114,185
1492,PLAYER_SLEEPBEFORE_END,1516300324382,185
1492,WS_SEND_START,1516300324382,185
1492,WS_SEND_END,1516300324382,185
1492,WS_RECV_START,1516300324382,186
1492,WS_RECV_END,1516300324736,186
1492,PLAYER_SLEEPBEFORE_START,1516300324736,187
1492,PLAYER_SLEEPBEFORE_END,1516300347236,187
1492,WS_SEND_START,1516300347236,187
1492,WS_SEND_END,1516300347236,187
1492,WS_RECV_START,1516300347236,188
1492,WS_RECV_END,1516300347496,188
1492,PLAYER_SLEEPBEFORE_START,1516300347496,189
1492,PLAYER_SLEEPBEFORE_END,1516300353735,189
1492,WS_SEND_START,1516300353735,189
1492,WS_SEND_END,1516300353735,189
1492,WS_RECV_START,1516300353735,190
1492,WS_RECV_END,1516300355116,190
1492,PLAYER_SLEEPBEFORE_START,1516300355116,191
1492,PLAYER_SLEEPBEFORE_END,1516300357031,191
1492,WS_SEND_START,1516300357031,191
1492,WS_SEND_END,1516300357031,191
1492,WS_RECV_START,1516300357031,192
1492,WS_RECV_END,1516300357719,192
1492,PLAYER_SLEEPBEFORE_START,1516300357719,193
1492,PLAYER_SLEEPBEFORE_END,1516300357847,193
1492,WS_SEND_START,1516300357847,193
1492,WS_SEND_END,1516300357847,193
1492,WS_RECV_START,1516300357847,194
1492,WS_RECV_END,1516300358152,194
1492,PLAYER_SLEEPBEFORE_START,1516300358152,195
1492,PLAYER_SLEEPBEFORE_END,1516300359907,195
1492,WS_SEND_START,1516300359907,195
1492,WS_SEND_END,1516300359907,195
1492,WS_RECV_START,1516300359907,196
1492,WS_RECV_END,1516300360264,196
1492,PLAYER_SLEEPBEFORE_START,1516300360264,197
1492,PLAYER_SLEEPBEFORE_END,1516300362068,197
1492,WS_SEND_START,1516300362068,197
1492,WS_SEND_END,1516300362068,197
1492,WS_RECV_START,1516300362068,198
1492,WS_RECV_END,1516300362421,198
1492,PLAYER_SLEEPBEFORE_START,1516300362421,199
1492,PLAYER_SLEEPBEFORE_END,1516300374275,199
1492,WS_SEND_START,1516300374275,199
1492,WS_SEND_END,1516300374275,199
1492,PLAYER_SLEEPBEFORE_START,1516300374275,200
1492,PLAYER_SLEEPBEFORE_END,1516300378363,200
1492,WS_SEND_START,1516300378363,200
1492,WS_SEND_END,1516300378363,200
1492,WS_RECV_START,1516300378363,201
1492,WS_RECV_END,1516300378616,201
1492,PLAYER_SLEEPBEFORE_START,1516300378616,202
1492,PLAYER_SLEEPBEFORE_END,1516300378630,202
1492,WS_SEND_START,1516300378630,202
1492,WS_SEND_END,1516300378630,202
1492,WS_RECV_START,1516300378630,203
1492,WS_RECV_END,1516300378864,203
1492,PLAYER_SLEEPBEFORE_START,1516300378864,204
1492,PLAYER_SLEEPBEFORE_END,1516300398514,204
1492,WS_SEND_START,1516300398514,204
1492,WS_SEND_END,1516300398514,204
1492,PLAYER_SLEEPBEFORE_START,1516300398514,205
1492,PLAYER_SLEEPBEFORE_END,1516300402412,205
1492,WS_SEND_START,1516300402412,205
1492,WS_SEND_END,1516300402412,205
1492,WS_RECV_START,1516300402412,206
1492,WS_RECV_END,1516300402580,206
1492,PLAYER_SLEEPBEFORE_START,1516300402580,207
1492,PLAYER_SLEEPBEFORE_END,1516300419511,207
1492,REQ_START,1516300419511,207
1492,REQ_END,1516300419518,207
1492,PLAYER_SLEEPBEFORE_START,1516300419518,208
1492,PLAYER_SLEEPBEFORE_END,1516300426370,208
1492,WS_CLOSE_START,1516300426370,208
1492,WS_CLOSE_END,1516300426370,208
1492,PLAYER_DONE,1516300426370
