# --sessions 2700 --app-url=http://shinyloadtest.rstudioservices.com/cran_explorer --output-dir test2700 --overwrite-output --log-level warn --start-interval 100 15min.log
thread_id,event,timestamp,input_line_number,comment
1526,PLAYER_SESSION_CREATE,1516299245962
1526,PLAYER_START_INTERVAL_START,1516299245962
1526,PLAYER_START_INTERVAL_END,1516299398562
1526,REQ_HOME_START,1516299398562,2
1526,REQ_HOME_END,1516299398665,2
1526,REQ_START,1516299398665,3
1526,REQ_END,1516299398873,3
1526,REQ_START,1516299398873,4
1526,REQ_END,1516299399369,4
1526,REQ_START,1516299399369,5
1526,REQ_END,1516299399566,5
1526,REQ_START,1516299399566,6
1526,REQ_END,1516299399601,6
1526,REQ_START,1516299399601,7
1526,REQ_END,1516299399635,7
1526,REQ_START,1516299399635,8
1526,REQ_END,1516299399696,8
1526,REQ_START,1516299399696,9
1526,REQ_END,1516299399737,9
1526,REQ_START,1516299399737,10
1526,REQ_END,1516299399742,10
1526,REQ_START,1516299399742,11
1526,REQ_END,1516299399777,11
1526,REQ_START,1516299399777,12
1526,REQ_END,1516299399783,12
1526,REQ_START,1516299399783,13
1526,REQ_END,1516299399818,13
1526,REQ_START,1516299399818,14
1526,REQ_END,1516299399830,14
1526,REQ_START,1516299399830,15
1526,REQ_END,1516299399873,15
1526,REQ_TOK_START,1516299399873,16
1526,REQ_TOK_END,1516299399877,16
1526,REQ_SINF_START,1516299399877,17
1526,REQ_SINF_END,1516299399881,17
1526,WS_OPEN_START,1516299399881,18
1526,WS_OPEN_END,1516299399884,18
1526,REQ_START,1516299399884,19
1526,REQ_END,1516299399914,19
1526,WS_RECV_START,1516299399914,20
1526,WS_RECV_END,1516299399914,20
1526,PLAYER_SLEEPBEFORE_START,1516299399914,21
1526,PLAYER_SLEEPBEFORE_END,1516299399920,21
1526,WS_SEND_START,1516299399920,21
1526,WS_SEND_END,1516299399920,21
1526,PLAYER_SLEEPBEFORE_START,1516299399920,22
1526,PLAYER_SLEEPBEFORE_END,1516299399921,22
1526,WS_SEND_START,1516299399921,22
1526,WS_SEND_END,1516299399921,22
1526,WS_RECV_INIT_START,1516299399921,23
1526,WS_RECV_INIT_END,1516299399945,23
1526,WS_RECV_START,1516299399945,24
1526,WS_RECV_END,1516299400029,24
1526,PLAYER_SLEEPBEFORE_START,1516299400029,25
1526,PLAYER_SLEEPBEFORE_END,1516299400037,25
1526,REQ_START,1516299400037,25
1526,REQ_END,1516299400080,25
1526,PLAYER_SLEEPBEFORE_START,1516299400080,26
1526,PLAYER_SLEEPBEFORE_END,1516299400082,26
1526,REQ_START,1516299400082,26
1526,REQ_END,1516299400119,26
1526,PLAYER_SLEEPBEFORE_START,1516299400119,27
1526,PLAYER_SLEEPBEFORE_END,1516299400122,27
1526,REQ_START,1516299400122,27
1526,REQ_END,1516299400178,27
1526,PLAYER_SLEEPBEFORE_START,1516299400178,28
1526,PLAYER_SLEEPBEFORE_END,1516299400463,28
1526,REQ_START,1516299400463,28
1526,REQ_END,1516299400934,28
1526,PLAYER_SLEEPBEFORE_START,1516299400934,29
1526,PLAYER_SLEEPBEFORE_END,1516299401110,29
1526,WS_SEND_START,1516299401110,29
1526,WS_SEND_END,1516299401110,29
1526,WS_RECV_START,1516299401110,30
1526,WS_RECV_END,1516299401252,30
1526,PLAYER_SLEEPBEFORE_START,1516299401252,31
1526,PLAYER_SLEEPBEFORE_END,1516299401263,31
1526,REQ_START,1516299401263,31
1526,REQ_END,1516299401303,31
1526,PLAYER_SLEEPBEFORE_START,1516299401303,32
1526,PLAYER_SLEEPBEFORE_END,1516299429448,32
1526,WS_SEND_START,1516299429448,32
1526,WS_SEND_END,1516299429448,32
1526,WS_RECV_START,1516299429448,33
1526,WS_RECV_END,1516299429624,33
1526,PLAYER_SLEEPBEFORE_START,1516299429624,34
1526,PLAYER_SLEEPBEFORE_END,1516299455535,34
1526,WS_SEND_START,1516299455535,34
1526,WS_SEND_END,1516299455535,34
1526,WS_RECV_START,1516299455535,35
1526,WS_RECV_END,1516299455747,35
1526,PLAYER_SLEEPBEFORE_START,1516299455747,36
1526,PLAYER_SLEEPBEFORE_END,1516299455756,36
1526,WS_SEND_START,1516299455756,36
1526,WS_SEND_END,1516299455756,36
1526,WS_RECV_START,1516299455756,37
1526,WS_RECV_END,1516299455853,37
1526,PLAYER_SLEEPBEFORE_START,1516299455853,38
1526,PLAYER_SLEEPBEFORE_END,1516299459049,38
1526,WS_SEND_START,1516299459049,38
1526,WS_SEND_END,1516299459049,38
1526,WS_RECV_START,1516299459049,39
1526,WS_RECV_END,1516299459235,39
1526,PLAYER_SLEEPBEFORE_START,1516299459235,40
1526,PLAYER_SLEEPBEFORE_END,1516299459281,40
1526,WS_SEND_START,1516299459281,40
1526,WS_SEND_END,1516299459281,40
1526,WS_RECV_START,1516299459281,41
1526,WS_RECV_END,1516299459459,41
1526,PLAYER_SLEEPBEFORE_START,1516299459459,42
1526,PLAYER_SLEEPBEFORE_END,1516299477594,42
1526,WS_SEND_START,1516299477594,42
1526,WS_SEND_END,1516299477594,42
1526,WS_RECV_START,1516299477594,43
1526,WS_RECV_END,1516299477671,43
1526,PLAYER_SLEEPBEFORE_START,1516299477671,44
1526,PLAYER_SLEEPBEFORE_END,1516299477683,44
1526,WS_SEND_START,1516299477683,44
1526,WS_SEND_END,1516299477683,44
1526,WS_RECV_START,1516299477683,45
1526,WS_RECV_END,1516299477761,45
1526,PLAYER_SLEEPBEFORE_START,1516299477761,46
1526,PLAYER_SLEEPBEFORE_END,1516299479021,46
1526,WS_SEND_START,1516299479021,46
1526,WS_SEND_END,1516299479021,46
1526,WS_RECV_START,1516299479021,47
1526,WS_RECV_END,1516299479053,47
1526,PLAYER_SLEEPBEFORE_START,1516299479053,48
1526,PLAYER_SLEEPBEFORE_END,1516299480374,48
1526,WS_SEND_START,1516299480374,48
1526,WS_SEND_END,1516299480374,48
1526,WS_RECV_START,1516299480374,49
1526,WS_RECV_END,1516299480576,49
1526,PLAYER_SLEEPBEFORE_START,1516299480576,50
1526,PLAYER_SLEEPBEFORE_END,1516299480600,50
1526,WS_SEND_START,1516299480600,50
1526,WS_SEND_END,1516299480600,50
1526,WS_RECV_START,1516299480600,51
1526,WS_RECV_END,1516299480894,51
1526,PLAYER_SLEEPBEFORE_START,1516299480894,52
1526,PLAYER_SLEEPBEFORE_END,1516299503459,52
1526,WS_SEND_START,1516299503459,52
1526,WS_SEND_END,1516299503459,52
1526,WS_RECV_START,1516299503459,53
1526,WS_RECV_END,1516299503794,53
1526,PLAYER_SLEEPBEFORE_START,1516299503794,54
1526,PLAYER_SLEEPBEFORE_END,1516299525097,54
1526,WS_SEND_START,1516299525097,54
1526,WS_SEND_END,1516299525097,54
1526,PLAYER_SLEEPBEFORE_START,1516299525097,55
1526,PLAYER_SLEEPBEFORE_END,1516299527039,55
1526,WS_SEND_START,1516299527039,55
1526,WS_SEND_END,1516299527039,55
1526,WS_RECV_START,1516299527039,56
1526,WS_RECV_END,1516299527637,56
1526,PLAYER_SLEEPBEFORE_START,1516299527638,57
1526,PLAYER_SLEEPBEFORE_END,1516299550510,57
1526,WS_SEND_START,1516299550510,57
1526,WS_SEND_END,1516299550510,57
1526,WS_RECV_START,1516299550510,58
1526,WS_RECV_END,1516299550636,58
1526,PLAYER_SLEEPBEFORE_START,1516299550636,59
1526,PLAYER_SLEEPBEFORE_END,1516299552964,59
1526,WS_SEND_START,1516299552964,59
1526,WS_SEND_END,1516299552964,59
1526,WS_RECV_START,1516299552964,60
1526,WS_RECV_END,1516299553112,60
1526,PLAYER_SLEEPBEFORE_START,1516299553112,61
1526,PLAYER_SLEEPBEFORE_END,1516299556703,61
1526,WS_SEND_START,1516299556703,61
1526,WS_SEND_END,1516299556703,61
1526,WS_RECV_START,1516299556703,62
1526,WS_RECV_END,1516299557083,62
1526,PLAYER_SLEEPBEFORE_START,1516299557083,63
1526,PLAYER_SLEEPBEFORE_END,1516299576345,63
1526,WS_SEND_START,1516299576345,63
1526,WS_SEND_END,1516299576345,63
1526,WS_RECV_START,1516299576345,64
1526,WS_RECV_END,1516299576660,64
1526,PLAYER_SLEEPBEFORE_START,1516299576660,65
1526,PLAYER_SLEEPBEFORE_END,1516299603477,65
1526,WS_SEND_START,1516299603477,65
1526,WS_SEND_END,1516299603477,65
1526,WS_RECV_START,1516299603477,66
1526,WS_RECV_END,1516299603627,66
1526,PLAYER_SLEEPBEFORE_START,1516299603627,67
1526,PLAYER_SLEEPBEFORE_END,1516299605134,67
1526,WS_SEND_START,1516299605134,67
1526,WS_SEND_END,1516299605134,67
1526,WS_RECV_START,1516299605134,68
1526,WS_RECV_END,1516299605767,68
1526,PLAYER_SLEEPBEFORE_START,1516299605767,69
1526,PLAYER_SLEEPBEFORE_END,1516299627765,69
1526,WS_SEND_START,1516299627765,69
1526,WS_SEND_END,1516299627765,69
1526,WS_RECV_START,1516299627765,70
1526,WS_RECV_END,1516299628711,70
1526,PLAYER_SLEEPBEFORE_START,1516299628712,71
1526,PLAYER_SLEEPBEFORE_END,1516299653487,71
1526,WS_SEND_START,1516299653487,71
1526,WS_SEND_END,1516299653487,71
1526,PLAYER_SLEEPBEFORE_START,1516299653487,72
1526,PLAYER_SLEEPBEFORE_END,1516299656094,72
1526,WS_SEND_START,1516299656094,72
1526,WS_SEND_END,1516299656094,72
1526,WS_RECV_START,1516299656094,73
1526,WS_RECV_END,1516299656332,73
1526,PLAYER_SLEEPBEFORE_START,1516299656332,74
1526,PLAYER_SLEEPBEFORE_END,1516299656341,74
1526,WS_SEND_START,1516299656341,74
1526,WS_SEND_END,1516299656341,74
1526,WS_RECV_START,1516299656341,75
1526,WS_RECV_END,1516299656529,75
1526,PLAYER_SLEEPBEFORE_START,1516299656529,76
1526,PLAYER_SLEEPBEFORE_END,1516299658035,76
1526,WS_SEND_START,1516299658035,76
1526,WS_SEND_END,1516299658035,76
1526,WS_RECV_START,1516299658035,77
1526,WS_RECV_END,1516299658586,77
1526,PLAYER_SLEEPBEFORE_START,1516299658586,78
1526,PLAYER_SLEEPBEFORE_END,1516299659454,78
1526,WS_SEND_START,1516299659454,78
1526,WS_SEND_END,1516299659454,78
1526,WS_RECV_START,1516299659454,79
1526,WS_RECV_END,1516299659631,79
1526,PLAYER_SLEEPBEFORE_START,1516299659631,80
1526,PLAYER_SLEEPBEFORE_END,1516299667297,80
1526,WS_SEND_START,1516299667297,80
1526,WS_SEND_END,1516299667297,80
1526,WS_RECV_START,1516299667297,81
1526,WS_RECV_END,1516299667361,81
1526,PLAYER_SLEEPBEFORE_START,1516299667361,82
1526,PLAYER_SLEEPBEFORE_END,1516299668464,82
1526,WS_SEND_START,1516299668464,82
1526,WS_SEND_END,1516299668464,82
1526,WS_RECV_START,1516299668464,83
1526,WS_RECV_END,1516299668745,83
1526,PLAYER_SLEEPBEFORE_START,1516299668745,84
1526,PLAYER_SLEEPBEFORE_END,1516299669692,84
1526,WS_SEND_START,1516299669692,84
1526,WS_SEND_END,1516299669692,84
1526,WS_RECV_START,1516299669692,85
1526,WS_RECV_END,1516299670155,85
1526,PLAYER_SLEEPBEFORE_START,1516299670155,86
1526,PLAYER_SLEEPBEFORE_END,1516299674327,86
1526,WS_SEND_START,1516299674327,86
1526,WS_SEND_END,1516299674327,86
1526,WS_RECV_START,1516299674327,87
1526,WS_RECV_END,1516299674778,87
1526,PLAYER_SLEEPBEFORE_START,1516299674778,88
1526,PLAYER_SLEEPBEFORE_END,1516299674786,88
1526,WS_SEND_START,1516299674786,88
1526,WS_SEND_END,1516299674786,88
1526,WS_RECV_START,1516299674786,89
1526,WS_RECV_END,1516299675390,89
1526,PLAYER_SLEEPBEFORE_START,1516299675390,90
1526,PLAYER_SLEEPBEFORE_END,1516299702587,90
1526,REQ_START,1516299702587,90
1526,REQ_END,1516299702594,90
1526,PLAYER_SLEEPBEFORE_START,1516299702594,91
1526,PLAYER_SLEEPBEFORE_END,1516299710483,91
1526,WS_SEND_START,1516299710483,91
1526,WS_SEND_END,1516299710483,91
1526,WS_RECV_START,1516299710483,92
1526,WS_RECV_END,1516299710749,92
1526,PLAYER_SLEEPBEFORE_START,1516299710749,93
1526,PLAYER_SLEEPBEFORE_END,1516299710764,93
1526,WS_SEND_START,1516299710764,93
1526,WS_SEND_END,1516299710764,93
1526,WS_RECV_START,1516299710764,94
1526,WS_RECV_END,1516299711044,94
1526,PLAYER_SLEEPBEFORE_START,1516299711044,95
1526,PLAYER_SLEEPBEFORE_END,1516299734599,95
1526,WS_SEND_START,1516299734599,95
1526,WS_SEND_END,1516299734599,95
1526,WS_RECV_START,1516299734599,96
1526,WS_RECV_END,1516299735541,96
1526,PLAYER_SLEEPBEFORE_START,1516299735541,97
1526,PLAYER_SLEEPBEFORE_END,1516299757981,97
1526,WS_SEND_START,1516299757981,97
1526,WS_SEND_END,1516299757981,97
1526,WS_RECV_START,1516299757981,98
1526,WS_RECV_END,1516299759205,98
1526,PLAYER_SLEEPBEFORE_START,1516299759205,99
1526,PLAYER_SLEEPBEFORE_END,1516299759226,99
1526,WS_SEND_START,1516299759226,99
1526,WS_SEND_END,1516299759226,99
1526,WS_RECV_START,1516299759226,100
1526,WS_RECV_END,1516299760144,100
1526,PLAYER_SLEEPBEFORE_START,1516299760144,101
1526,PLAYER_SLEEPBEFORE_END,1516299783703,101
1526,WS_SEND_START,1516299783703,101
1526,WS_SEND_END,1516299783703,101
1526,WS_RECV_START,1516299783703,102
1526,WS_RECV_END,1516299785391,102
1526,PLAYER_SLEEPBEFORE_START,1516299785391,103
1526,PLAYER_SLEEPBEFORE_END,1516299809016,103
1526,WS_SEND_START,1516299809016,103
1526,WS_SEND_END,1516299809016,103
1526,WS_RECV_START,1516299809016,104
1526,WS_RECV_END,1516299810422,104
1526,PLAYER_SLEEPBEFORE_START,1516299810423,105
1526,PLAYER_SLEEPBEFORE_END,1516299835800,105
1526,WS_SEND_START,1516299835800,105
1526,WS_SEND_END,1516299835800,105
1526,WS_RECV_START,1516299835800,106
1526,WS_RECV_END,1516299836240,106
1526,PLAYER_SLEEPBEFORE_START,1516299836240,107
1526,PLAYER_SLEEPBEFORE_END,1516299859663,107
1526,WS_SEND_START,1516299859663,107
1526,WS_SEND_END,1516299859663,107
1526,WS_RECV_START,1516299859663,108
1526,WS_RECV_END,1516299861639,108
1526,PLAYER_SLEEPBEFORE_START,1516299861639,109
1526,PLAYER_SLEEPBEFORE_END,1516299861648,109
1526,WS_SEND_START,1516299861648,109
1526,WS_SEND_END,1516299861648,109
1526,WS_RECV_START,1516299861648,110
1526,WS_RECV_END,1516299863769,110
1526,PLAYER_SLEEPBEFORE_START,1516299863769,111
1526,PLAYER_SLEEPBEFORE_END,1516299864728,111
1526,WS_SEND_START,1516299864728,111
1526,WS_SEND_END,1516299864729,111
1526,WS_RECV_START,1516299864729,112
1526,WS_RECV_END,1516299866368,112
1526,PLAYER_SLEEPBEFORE_START,1516299866368,113
1526,PLAYER_SLEEPBEFORE_END,1516299866930,113
1526,WS_SEND_START,1516299866930,113
1526,WS_SEND_END,1516299866930,113
1526,WS_RECV_START,1516299866930,114
1526,WS_RECV_END,1516299869417,114
1526,PLAYER_SLEEPBEFORE_START,1516299869417,115
1526,PLAYER_SLEEPBEFORE_END,1516299869427,115
1526,WS_SEND_START,1516299869427,115
1526,WS_SEND_END,1516299869427,115
1526,WS_RECV_START,1516299869427,116
1526,WS_RECV_END,1516299872650,116
1526,PLAYER_SLEEPBEFORE_START,1516299872650,117
1526,PLAYER_SLEEPBEFORE_END,1516299893010,117
1526,WS_SEND_START,1516299893010,117
1526,WS_SEND_END,1516299893010,117
1526,PLAYER_SLEEPBEFORE_START,1516299893010,118
1526,PLAYER_SLEEPBEFORE_END,1516299896762,118
1526,WS_SEND_START,1516299896762,118
1526,WS_SEND_END,1516299896762,118
1526,WS_RECV_START,1516299896762,119
1526,WS_RECV_END,1516299897181,119
1526,PLAYER_SLEEPBEFORE_START,1516299897181,120
1526,PLAYER_SLEEPBEFORE_END,1516299898169,120
1526,WS_SEND_START,1516299898169,120
1526,WS_SEND_END,1516299898169,120
1526,WS_RECV_START,1516299898169,121
1526,WS_RECV_END,1516299898872,121
1526,PLAYER_SLEEPBEFORE_START,1516299898872,122
1526,PLAYER_SLEEPBEFORE_END,1516299900057,122
1526,WS_SEND_START,1516299900057,122
1526,WS_SEND_END,1516299900057,122
1526,WS_RECV_START,1516299900057,123
1526,WS_RECV_END,1516299900410,123
1526,PLAYER_SLEEPBEFORE_START,1516299900410,124
1526,PLAYER_SLEEPBEFORE_END,1516299924815,124
1526,WS_SEND_START,1516299924815,124
1526,WS_SEND_END,1516299924815,124
1526,WS_RECV_START,1516299924815,125
1526,WS_RECV_END,1516299925743,125
1526,PLAYER_SLEEPBEFORE_START,1516299925743,126
1526,PLAYER_SLEEPBEFORE_END,1516299946255,126
1526,WS_SEND_START,1516299946255,126
1526,WS_SEND_END,1516299946255,126
1526,PLAYER_SLEEPBEFORE_START,1516299946255,127
1526,PLAYER_SLEEPBEFORE_END,1516299949309,127
1526,WS_SEND_START,1516299949309,127
1526,WS_SEND_END,1516299949309,127
1526,WS_RECV_START,1516299949309,128
1526,WS_RECV_END,1516299949820,128
1526,PLAYER_SLEEPBEFORE_START,1516299949820,129
1526,PLAYER_SLEEPBEFORE_END,1516299949840,129
1526,WS_SEND_START,1516299949840,129
1526,WS_SEND_END,1516299949840,129
1526,WS_RECV_START,1516299949840,130
1526,WS_RECV_END,1516299950313,130
1526,PLAYER_SLEEPBEFORE_START,1516299950313,131
1526,PLAYER_SLEEPBEFORE_END,1516299971937,131
1526,WS_SEND_START,1516299971937,131
1526,WS_SEND_END,1516299971937,131
1526,PLAYER_SLEEPBEFORE_START,1516299971937,132
1526,PLAYER_SLEEPBEFORE_END,1516299975017,132
1526,WS_SEND_START,1516299975017,132
1526,WS_SEND_END,1516299975017,132
1526,WS_RECV_START,1516299975017,133
1526,WS_RECV_END,1516299976871,133
1526,PLAYER_SLEEPBEFORE_START,1516299976871,134
1526,PLAYER_SLEEPBEFORE_END,1516299998088,134
1526,WS_SEND_START,1516299998088,134
1526,WS_SEND_END,1516299998088,134
1526,PLAYER_SLEEPBEFORE_START,1516299998088,135
1526,PLAYER_SLEEPBEFORE_END,1516300001278,135
1526,WS_SEND_START,1516300001278,135
1526,WS_SEND_END,1516300001278,135
1526,WS_RECV_START,1516300001278,136
1526,WS_RECV_END,1516300001334,136
1526,PLAYER_SLEEPBEFORE_START,1516300001334,137
1526,PLAYER_SLEEPBEFORE_END,1516300001341,137
1526,WS_SEND_START,1516300001341,137
1526,WS_SEND_END,1516300001341,137
1526,WS_RECV_START,1516300001341,138
1526,WS_RECV_END,1516300001405,138
1526,PLAYER_SLEEPBEFORE_START,1516300001405,139
1526,PLAYER_SLEEPBEFORE_END,1516300002095,139
1526,WS_SEND_START,1516300002095,139
1526,WS_SEND_END,1516300002095,139
1526,WS_RECV_START,1516300002095,140
1526,WS_RECV_END,1516300002312,140
1526,PLAYER_SLEEPBEFORE_START,1516300002312,141
1526,PLAYER_SLEEPBEFORE_END,1516300002967,141
1526,WS_SEND_START,1516300002967,141
1526,WS_SEND_END,1516300002967,141
1526,WS_RECV_START,1516300002967,142
1526,WS_RECV_END,1516300003115,142
1526,PLAYER_SLEEPBEFORE_START,1516300003115,143
1526,PLAYER_SLEEPBEFORE_END,1516300003172,143
1526,WS_SEND_START,1516300003172,143
1526,WS_SEND_END,1516300003172,143
1526,WS_RECV_START,1516300003172,144
1526,WS_RECV_END,1516300003494,144
1526,PLAYER_SLEEPBEFORE_START,1516300003494,145
1526,PLAYER_SLEEPBEFORE_END,1516300019556,145
1526,REQ_START,1516300019556,145
1526,REQ_END,1516300019561,145
1526,PLAYER_SLEEPBEFORE_START,1516300019561,146
1526,PLAYER_SLEEPBEFORE_END,1516300028438,146
1526,WS_SEND_START,1516300028438,146
1526,WS_SEND_END,1516300028438,146
1526,WS_RECV_START,1516300028438,147
1526,WS_RECV_END,1516300029559,147
1526,PLAYER_SLEEPBEFORE_START,1516300029559,148
1526,PLAYER_SLEEPBEFORE_END,1516300051481,148
1526,WS_SEND_START,1516300051481,148
1526,WS_SEND_END,1516300051481,148
1526,PLAYER_SLEEPBEFORE_START,1516300051481,149
1526,PLAYER_SLEEPBEFORE_END,1516300053909,149
1526,WS_SEND_START,1516300053909,149
1526,WS_SEND_END,1516300053909,149
1526,WS_RECV_START,1516300053909,150
1526,WS_RECV_END,1516300054044,150
1526,PLAYER_SLEEPBEFORE_START,1516300054044,151
1526,PLAYER_SLEEPBEFORE_END,1516300054254,151
1526,WS_SEND_START,1516300054255,151
1526,WS_SEND_END,1516300054255,151
1526,WS_RECV_START,1516300054255,152
1526,WS_RECV_END,1516300054576,152
1526,PLAYER_SLEEPBEFORE_START,1516300054576,153
1526,PLAYER_SLEEPBEFORE_END,1516300078503,153
1526,WS_SEND_START,1516300078503,153
1526,WS_SEND_END,1516300078503,153
1526,WS_RECV_START,1516300078503,154
1526,WS_RECV_END,1516300079609,154
1526,PLAYER_SLEEPBEFORE_START,1516300079609,155
1526,PLAYER_SLEEPBEFORE_END,1516300102167,155
1526,WS_SEND_START,1516300102167,155
1526,WS_SEND_END,1516300102167,155
1526,PLAYER_SLEEPBEFORE_START,1516300102167,156
1526,PLAYER_SLEEPBEFORE_END,1516300105441,156
1526,WS_SEND_START,1516300105441,156
1526,WS_SEND_END,1516300105441,156
1526,WS_RECV_START,1516300105441,157
1526,WS_RECV_END,1516300106723,157
1526,PLAYER_SLEEPBEFORE_START,1516300106723,158
1526,PLAYER_SLEEPBEFORE_END,1516300106733,158
1526,WS_SEND_START,1516300106733,158
1526,WS_SEND_END,1516300106733,158
1526,WS_RECV_START,1516300106733,159
1526,WS_RECV_END,1516300107537,159
1526,PLAYER_SLEEPBEFORE_START,1516300107537,160
1526,PLAYER_SLEEPBEFORE_END,1516300107712,160
1526,WS_SEND_START,1516300107712,160
1526,WS_SEND_END,1516300107712,160
1526,WS_RECV_START,1516300107712,161
1526,WS_RECV_END,1516300109231,161
1526,PLAYER_SLEEPBEFORE_START,1516300109231,162
1526,PLAYER_SLEEPBEFORE_END,1516300109256,162
1526,WS_SEND_START,1516300109256,162
1526,WS_SEND_END,1516300109256,162
1526,WS_RECV_START,1516300109256,163
1526,WS_RECV_END,1516300110703,163
1526,PLAYER_SLEEPBEFORE_START,1516300110703,164
1526,PLAYER_SLEEPBEFORE_END,1516300131515,164
1526,WS_SEND_START,1516300131515,164
1526,WS_SEND_END,1516300131515,164
1526,WS_RECV_START,1516300131515,165
1526,WS_RECV_END,1516300136051,165
1526,PLAYER_SLEEPBEFORE_START,1516300136051,166
1526,PLAYER_SLEEPBEFORE_END,1516300158506,166
1526,WS_SEND_START,1516300158506,166
1526,WS_SEND_END,1516300158506,166
1526,WS_RECV_START,1516300158506,167
1526,WS_RECV_END,1516300164839,167
1526,PLAYER_SLEEPBEFORE_START,1516300164839,168
1526,PLAYER_SLEEPBEFORE_END,1516300192196,168
1526,WS_SEND_START,1516300192196,168
1526,WS_SEND_END,1516300192196,168
1526,WS_RECV_START,1516300192196,169
1526,WS_RECV_END,1516300197720,169
1526,PLAYER_SLEEPBEFORE_START,1516300197720,170
1526,PLAYER_SLEEPBEFORE_END,1516300197729,170
1526,WS_SEND_START,1516300197729,170
1526,WS_SEND_END,1516300197729,170
1526,WS_RECV_START,1516300197729,171
1526,WS_RECV_END,1516300200613,171
1526,PLAYER_SLEEPBEFORE_START,1516300200613,172
1526,PLAYER_SLEEPBEFORE_END,1516300200986,172
1526,WS_SEND_START,1516300200986,172
1526,WS_SEND_END,1516300200986,172
1526,WS_RECV_START,1516300200986,173
1526,WS_RECV_END,1516300203338,173
1526,PLAYER_SLEEPBEFORE_START,1516300203338,174
1526,PLAYER_SLEEPBEFORE_END,1516300203379,174
1526,WS_SEND_START,1516300203379,174
1526,WS_SEND_END,1516300203379,174
1526,WS_RECV_START,1516300203379,175
1526,WS_RECV_END,1516300206511,175
1526,PLAYER_SLEEPBEFORE_START,1516300206511,176
1526,PLAYER_SLEEPBEFORE_END,1516300228272,176
1526,WS_SEND_START,1516300228272,176
1526,WS_SEND_END,1516300228272,176
1526,PLAYER_SLEEPBEFORE_START,1516300228272,177
1526,PLAYER_SLEEPBEFORE_END,1516300230791,177
1526,WS_SEND_START,1516300230791,177
1526,WS_SEND_END,1516300230791,177
1526,WS_RECV_START,1516300230791,178
1526,WS_RECV_END,1516300231279,178
1526,PLAYER_SLEEPBEFORE_START,1516300231279,179
1526,PLAYER_SLEEPBEFORE_END,1516300253619,179
1526,WS_SEND_START,1516300253619,179
1526,WS_SEND_END,1516300253619,179
1526,WS_RECV_START,1516300253619,180
1526,WS_RECV_END,1516300255667,180
1526,PLAYER_SLEEPBEFORE_START,1516300255667,181
1526,PLAYER_SLEEPBEFORE_END,1516300256112,181
1526,WS_SEND_START,1516300256112,181
1526,WS_SEND_END,1516300256112,181
1526,WS_RECV_START,1516300256112,182
1526,WS_RECV_END,1516300258091,182
1526,PLAYER_SLEEPBEFORE_START,1516300258091,183
1526,PLAYER_SLEEPBEFORE_END,1516300258614,183
1526,WS_SEND_START,1516300258614,183
1526,WS_SEND_END,1516300258614,183
1526,WS_RECV_START,1516300258614,184
1526,WS_RECV_END,1516300259559,184
1526,PLAYER_SLEEPBEFORE_START,1516300259559,185
1526,PLAYER_SLEEPBEFORE_END,1516300259827,185
1526,WS_SEND_START,1516300259827,185
1526,WS_SEND_END,1516300259827,185
1526,WS_RECV_START,1516300259827,186
1526,WS_RECV_END,1516300261013,186
1526,PLAYER_SLEEPBEFORE_START,1516300261013,187
1526,PLAYER_SLEEPBEFORE_END,1516300283513,187
1526,WS_SEND_START,1516300283513,187
1526,WS_SEND_END,1516300283513,187
1526,WS_RECV_START,1516300283513,188
1526,WS_RECV_END,1516300284163,188
1526,PLAYER_SLEEPBEFORE_START,1516300284163,189
1526,PLAYER_SLEEPBEFORE_END,1516300290402,189
1526,WS_SEND_START,1516300290402,189
1526,WS_SEND_END,1516300290402,189
1526,WS_RECV_START,1516300290402,190
1526,WS_RECV_END,1516300291392,190
1526,PLAYER_SLEEPBEFORE_START,1516300291392,191
1526,PLAYER_SLEEPBEFORE_END,1516300293307,191
1526,WS_SEND_START,1516300293307,191
1526,WS_SEND_END,1516300293307,191
1526,WS_RECV_START,1516300293307,192
1526,WS_RECV_END,1516300293452,192
1526,PLAYER_SLEEPBEFORE_START,1516300293452,193
1526,PLAYER_SLEEPBEFORE_END,1516300293580,193
1526,WS_SEND_START,1516300293580,193
1526,WS_SEND_END,1516300293580,193
1526,WS_RECV_START,1516300293580,194
1526,WS_RECV_END,1516300293767,194
1526,PLAYER_SLEEPBEFORE_START,1516300293767,195
1526,PLAYER_SLEEPBEFORE_END,1516300295522,195
1526,WS_SEND_START,1516300295522,195
1526,WS_SEND_END,1516300295522,195
1526,WS_RECV_START,1516300295522,196
1526,WS_RECV_END,1516300295650,196
1526,PLAYER_SLEEPBEFORE_START,1516300295650,197
1526,PLAYER_SLEEPBEFORE_END,1516300297454,197
1526,WS_SEND_START,1516300297455,197
1526,WS_SEND_END,1516300297455,197
1526,WS_RECV_START,1516300297455,198
1526,WS_RECV_END,1516300298642,198
1526,PLAYER_SLEEPBEFORE_START,1516300298642,199
1526,PLAYER_SLEEPBEFORE_END,1516300310496,199
1526,WS_SEND_START,1516300310496,199
1526,WS_SEND_END,1516300310496,199
1526,PLAYER_SLEEPBEFORE_START,1516300310496,200
1526,PLAYER_SLEEPBEFORE_END,1516300314584,200
1526,WS_SEND_START,1516300314584,200
1526,WS_SEND_END,1516300314584,200
1526,WS_RECV_START,1516300314584,201
1526,WS_RECV_END,1516300314834,201
1526,PLAYER_SLEEPBEFORE_START,1516300314834,202
1526,PLAYER_SLEEPBEFORE_END,1516300314848,202
1526,WS_SEND_START,1516300314848,202
1526,WS_SEND_END,1516300314848,202
1526,WS_RECV_START,1516300314848,203
1526,WS_RECV_END,1516300315090,203
1526,PLAYER_SLEEPBEFORE_START,1516300315090,204
1526,PLAYER_SLEEPBEFORE_END,1516300334739,204
1526,WS_SEND_START,1516300334739,204
1526,WS_SEND_END,1516300334740,204
1526,PLAYER_SLEEPBEFORE_START,1516300334740,205
1526,PLAYER_SLEEPBEFORE_END,1516300338638,205
1526,WS_SEND_START,1516300338638,205
1526,WS_SEND_END,1516300338638,205
1526,WS_RECV_START,1516300338638,206
1526,WS_RECV_END,1516300339030,206
1526,PLAYER_SLEEPBEFORE_START,1516300339030,207
1526,PLAYER_SLEEPBEFORE_END,1516300355961,207
1526,REQ_START,1516300355961,207
1526,REQ_END,1516300355966,207
1526,PLAYER_SLEEPBEFORE_START,1516300355966,208
1526,PLAYER_SLEEPBEFORE_END,1516300362818,208
1526,WS_CLOSE_START,1516300362818,208
1526,WS_CLOSE_END,1516300362818,208
1526,PLAYER_DONE,1516300362818
