# --sessions 2700 --app-url=http://shinyloadtest.rstudioservices.com/cran_explorer --output-dir test2700 --overwrite-output --log-level warn --start-interval 100 15min.log
thread_id,event,timestamp,input_line_number,comment
1558,PLAYER_SESSION_CREATE,1516299245966
1558,PLAYER_START_INTERVAL_START,1516299245966
1558,PLAYER_START_INTERVAL_END,1516299401766
1558,REQ_HOME_START,1516299401766,2
1558,REQ_HOME_END,1516299401854,2
1558,REQ_START,1516299401854,3
1558,REQ_END,1516299401884,3
1558,REQ_START,1516299401884,4
1558,REQ_END,1516299401917,4
1558,REQ_START,1516299401917,5
1558,REQ_END,1516299401953,5
1558,REQ_START,1516299401953,6
1558,REQ_END,1516299401988,6
1558,REQ_START,1516299401988,7
1558,REQ_END,1516299402030,7
1558,REQ_START,1516299402030,8
1558,REQ_END,1516299402394,8
1558,REQ_START,1516299402394,9
1558,REQ_END,1516299402762,9
1558,REQ_START,1516299402762,10
1558,REQ_END,1516299402770,10
1558,REQ_START,1516299402770,11
1558,REQ_END,1516299402991,11
1558,REQ_START,1516299402991,12
1558,REQ_END,1516299402999,12
1558,REQ_START,1516299402999,13
1558,REQ_END,1516299403031,13
1558,REQ_START,1516299403031,14
1558,REQ_END,1516299403044,14
1558,REQ_START,1516299403044,15
1558,REQ_END,1516299403080,15
1558,REQ_TOK_START,1516299403080,16
1558,REQ_TOK_END,1516299403087,16
1558,REQ_SINF_START,1516299403087,17
1558,REQ_SINF_END,1516299403094,17
1558,WS_OPEN_START,1516299403094,18
1558,WS_OPEN_END,1516299403101,18
1558,REQ_START,1516299403101,19
1558,REQ_END,1516299403300,19
1558,WS_RECV_START,1516299403300,20
1558,WS_RECV_END,1516299403300,20
1558,PLAYER_SLEEPBEFORE_START,1516299403300,21
1558,PLAYER_SLEEPBEFORE_END,1516299403305,21
1558,WS_SEND_START,1516299403305,21
1558,WS_SEND_END,1516299403305,21
1558,PLAYER_SLEEPBEFORE_START,1516299403305,22
1558,PLAYER_SLEEPBEFORE_END,1516299403306,22
1558,WS_SEND_START,1516299403306,22
1558,WS_SEND_END,1516299403306,22
1558,WS_RECV_INIT_START,1516299403306,23
1558,WS_RECV_INIT_END,1516299403354,23
1558,WS_RECV_START,1516299403354,24
1558,WS_RECV_END,1516299403401,24
1558,PLAYER_SLEEPBEFORE_START,1516299403401,25
1558,PLAYER_SLEEPBEFORE_END,1516299403408,25
1558,REQ_START,1516299403408,25
1558,REQ_END,1516299403462,25
1558,PLAYER_SLEEPBEFORE_START,1516299403462,26
1558,PLAYER_SLEEPBEFORE_END,1516299403463,26
1558,REQ_START,1516299403463,26
1558,REQ_END,1516299403509,26
1558,PLAYER_SLEEPBEFORE_START,1516299403509,27
1558,PLAYER_SLEEPBEFORE_END,1516299403512,27
1558,REQ_START,1516299403512,27
1558,REQ_END,1516299403565,27
1558,PLAYER_SLEEPBEFORE_START,1516299403565,28
1558,PLAYER_SLEEPBEFORE_END,1516299403850,28
1558,REQ_START,1516299403850,28
1558,REQ_END,1516299403885,28
1558,PLAYER_SLEEPBEFORE_START,1516299403885,29
1558,PLAYER_SLEEPBEFORE_END,1516299404061,29
1558,WS_SEND_START,1516299404061,29
1558,WS_SEND_END,1516299404061,29
1558,WS_RECV_START,1516299404061,30
1558,WS_RECV_END,1516299404218,30
1558,PLAYER_SLEEPBEFORE_START,1516299404218,31
1558,PLAYER_SLEEPBEFORE_END,1516299404229,31
1558,REQ_START,1516299404229,31
1558,REQ_END,1516299404328,31
1558,PLAYER_SLEEPBEFORE_START,1516299404328,32
1558,PLAYER_SLEEPBEFORE_END,1516299432473,32
1558,WS_SEND_START,1516299432474,32
1558,WS_SEND_END,1516299432474,32
1558,WS_RECV_START,1516299432474,33
1558,WS_RECV_END,1516299432718,33
1558,PLAYER_SLEEPBEFORE_START,1516299432718,34
1558,PLAYER_SLEEPBEFORE_END,1516299458629,34
1558,WS_SEND_START,1516299458629,34
1558,WS_SEND_END,1516299458629,34
1558,WS_RECV_START,1516299458629,35
1558,WS_RECV_END,1516299458852,35
1558,PLAYER_SLEEPBEFORE_START,1516299458852,36
1558,PLAYER_SLEEPBEFORE_END,1516299458863,36
1558,WS_SEND_START,1516299458863,36
1558,WS_SEND_END,1516299458863,36
1558,WS_RECV_START,1516299458863,37
1558,WS_RECV_END,1516299459077,37
1558,PLAYER_SLEEPBEFORE_START,1516299459077,38
1558,PLAYER_SLEEPBEFORE_END,1516299462272,38
1558,WS_SEND_START,1516299462272,38
1558,WS_SEND_END,1516299462272,38
1558,WS_RECV_START,1516299462272,39
1558,WS_RECV_END,1516299462583,39
1558,PLAYER_SLEEPBEFORE_START,1516299462583,40
1558,PLAYER_SLEEPBEFORE_END,1516299462629,40
1558,WS_SEND_START,1516299462629,40
1558,WS_SEND_END,1516299462629,40
1558,WS_RECV_START,1516299462629,41
1558,WS_RECV_END,1516299462993,41
1558,PLAYER_SLEEPBEFORE_START,1516299462993,42
1558,PLAYER_SLEEPBEFORE_END,1516299481128,42
1558,WS_SEND_START,1516299481128,42
1558,WS_SEND_END,1516299481128,42
1558,WS_RECV_START,1516299481128,43
1558,WS_RECV_END,1516299481372,43
1558,PLAYER_SLEEPBEFORE_START,1516299481372,44
1558,PLAYER_SLEEPBEFORE_END,1516299481384,44
1558,WS_SEND_START,1516299481384,44
1558,WS_SEND_END,1516299481384,44
1558,WS_RECV_START,1516299481384,45
1558,WS_RECV_END,1516299481605,45
1558,PLAYER_SLEEPBEFORE_START,1516299481605,46
1558,PLAYER_SLEEPBEFORE_END,1516299482865,46
1558,WS_SEND_START,1516299482865,46
1558,WS_SEND_END,1516299482866,46
1558,WS_RECV_START,1516299482866,47
1558,WS_RECV_END,1516299482905,47
1558,PLAYER_SLEEPBEFORE_START,1516299482905,48
1558,PLAYER_SLEEPBEFORE_END,1516299484225,48
1558,WS_SEND_START,1516299484225,48
1558,WS_SEND_END,1516299484225,48
1558,WS_RECV_START,1516299484225,49
1558,WS_RECV_END,1516299484543,49
1558,PLAYER_SLEEPBEFORE_START,1516299484543,50
1558,PLAYER_SLEEPBEFORE_END,1516299484567,50
1558,WS_SEND_START,1516299484567,50
1558,WS_SEND_END,1516299484567,50
1558,WS_RECV_START,1516299484567,51
1558,WS_RECV_END,1516299484948,51
1558,PLAYER_SLEEPBEFORE_START,1516299484948,52
1558,PLAYER_SLEEPBEFORE_END,1516299507512,52
1558,WS_SEND_START,1516299507512,52
1558,WS_SEND_END,1516299507512,52
1558,WS_RECV_START,1516299507512,53
1558,WS_RECV_END,1516299507781,53
1558,PLAYER_SLEEPBEFORE_START,1516299507781,54
1558,PLAYER_SLEEPBEFORE_END,1516299529084,54
1558,WS_SEND_START,1516299529084,54
1558,WS_SEND_END,1516299529084,54
1558,PLAYER_SLEEPBEFORE_START,1516299529084,55
1558,PLAYER_SLEEPBEFORE_END,1516299531025,55
1558,WS_SEND_START,1516299531025,55
1558,WS_SEND_END,1516299531025,55
1558,WS_RECV_START,1516299531025,56
1558,WS_RECV_END,1516299531332,56
1558,PLAYER_SLEEPBEFORE_START,1516299531332,57
1558,PLAYER_SLEEPBEFORE_END,1516299554204,57
1558,WS_SEND_START,1516299554204,57
1558,WS_SEND_END,1516299554204,57
1558,WS_RECV_START,1516299554204,58
1558,WS_RECV_END,1516299554891,58
1558,PLAYER_SLEEPBEFORE_START,1516299554891,59
1558,PLAYER_SLEEPBEFORE_END,1516299557218,59
1558,WS_SEND_START,1516299557218,59
1558,WS_SEND_END,1516299557218,59
1558,WS_RECV_START,1516299557218,60
1558,WS_RECV_END,1516299558091,60
1558,PLAYER_SLEEPBEFORE_START,1516299558091,61
1558,PLAYER_SLEEPBEFORE_END,1516299561682,61
1558,WS_SEND_START,1516299561682,61
1558,WS_SEND_END,1516299561682,61
1558,WS_RECV_START,1516299561682,62
1558,WS_RECV_END,1516299561886,62
1558,PLAYER_SLEEPBEFORE_START,1516299561886,63
1558,PLAYER_SLEEPBEFORE_END,1516299581148,63
1558,WS_SEND_START,1516299581148,63
1558,WS_SEND_END,1516299581148,63
1558,WS_RECV_START,1516299581148,64
1558,WS_RECV_END,1516299581656,64
1558,PLAYER_SLEEPBEFORE_START,1516299581656,65
1558,PLAYER_SLEEPBEFORE_END,1516299608473,65
1558,WS_SEND_START,1516299608473,65
1558,WS_SEND_END,1516299608473,65
1558,WS_RECV_START,1516299608473,66
1558,WS_RECV_END,1516299609742,66
1558,PLAYER_SLEEPBEFORE_START,1516299609743,67
1558,PLAYER_SLEEPBEFORE_END,1516299611250,67
1558,WS_SEND_START,1516299611250,67
1558,WS_SEND_END,1516299611250,67
1558,WS_RECV_START,1516299611250,68
1558,WS_RECV_END,1516299611429,68
1558,PLAYER_SLEEPBEFORE_START,1516299611429,69
1558,PLAYER_SLEEPBEFORE_END,1516299633427,69
1558,WS_SEND_START,1516299633427,69
1558,WS_SEND_END,1516299633427,69
1558,WS_RECV_START,1516299633427,70
1558,WS_RECV_END,1516299635136,70
1558,PLAYER_SLEEPBEFORE_START,1516299635136,71
1558,PLAYER_SLEEPBEFORE_END,1516299659911,71
1558,WS_SEND_START,1516299659911,71
1558,WS_SEND_END,1516299659911,71
1558,PLAYER_SLEEPBEFORE_START,1516299659911,72
1558,PLAYER_SLEEPBEFORE_END,1516299662518,72
1558,WS_SEND_START,1516299662518,72
1558,WS_SEND_END,1516299662519,72
1558,WS_RECV_START,1516299662519,73
1558,WS_RECV_END,1516299663945,73
1558,PLAYER_SLEEPBEFORE_START,1516299663945,74
1558,PLAYER_SLEEPBEFORE_END,1516299663955,74
1558,WS_SEND_START,1516299663955,74
1558,WS_SEND_END,1516299663955,74
1558,WS_RECV_START,1516299663955,75
1558,WS_RECV_END,1516299665557,75
1558,PLAYER_SLEEPBEFORE_START,1516299665557,76
1558,PLAYER_SLEEPBEFORE_END,1516299667064,76
1558,WS_SEND_START,1516299667064,76
1558,WS_SEND_END,1516299667064,76
1558,WS_RECV_START,1516299667064,77
1558,WS_RECV_END,1516299667375,77
1558,PLAYER_SLEEPBEFORE_START,1516299667376,78
1558,PLAYER_SLEEPBEFORE_END,1516299668244,78
1558,WS_SEND_START,1516299668244,78
1558,WS_SEND_END,1516299668244,78
1558,WS_RECV_START,1516299668244,79
1558,WS_RECV_END,1516299669695,79
1558,PLAYER_SLEEPBEFORE_START,1516299669695,80
1558,PLAYER_SLEEPBEFORE_END,1516299677361,80
1558,WS_SEND_START,1516299677361,80
1558,WS_SEND_END,1516299677361,80
1558,WS_RECV_START,1516299677361,81
1558,WS_RECV_END,1516299677885,81
1558,PLAYER_SLEEPBEFORE_START,1516299677885,82
1558,PLAYER_SLEEPBEFORE_END,1516299678987,82
1558,WS_SEND_START,1516299678987,82
1558,WS_SEND_END,1516299678987,82
1558,WS_RECV_START,1516299678987,83
1558,WS_RECV_END,1516299679719,83
1558,PLAYER_SLEEPBEFORE_START,1516299679719,84
1558,PLAYER_SLEEPBEFORE_END,1516299680666,84
1558,WS_SEND_START,1516299680666,84
1558,WS_SEND_END,1516299680666,84
1558,WS_RECV_START,1516299680666,85
1558,WS_RECV_END,1516299680793,85
1558,PLAYER_SLEEPBEFORE_START,1516299680793,86
1558,PLAYER_SLEEPBEFORE_END,1516299684965,86
1558,WS_SEND_START,1516299684965,86
1558,WS_SEND_END,1516299684965,86
1558,WS_RECV_START,1516299684965,87
1558,WS_RECV_END,1516299685088,87
1558,PLAYER_SLEEPBEFORE_START,1516299685088,88
1558,PLAYER_SLEEPBEFORE_END,1516299685096,88
1558,WS_SEND_START,1516299685096,88
1558,WS_SEND_END,1516299685096,88
1558,WS_RECV_START,1516299685096,89
1558,WS_RECV_END,1516299685338,89
1558,PLAYER_SLEEPBEFORE_START,1516299685338,90
1558,PLAYER_SLEEPBEFORE_END,1516299712535,90
1558,REQ_START,1516299712535,90
1558,REQ_END,1516299712544,90
1558,PLAYER_SLEEPBEFORE_START,1516299712544,91
1558,PLAYER_SLEEPBEFORE_END,1516299720433,91
1558,WS_SEND_START,1516299720433,91
1558,WS_SEND_END,1516299720433,91
1558,WS_RECV_START,1516299720433,92
1558,WS_RECV_END,1516299723245,92
1558,PLAYER_SLEEPBEFORE_START,1516299723245,93
1558,PLAYER_SLEEPBEFORE_END,1516299723260,93
1558,WS_SEND_START,1516299723260,93
1558,WS_SEND_END,1516299723260,93
1558,WS_RECV_START,1516299723260,94
1558,WS_RECV_END,1516299724552,94
1558,PLAYER_SLEEPBEFORE_START,1516299724552,95
1558,PLAYER_SLEEPBEFORE_END,1516299748107,95
1558,WS_SEND_START,1516299748107,95
1558,WS_SEND_END,1516299748107,95
1558,WS_RECV_START,1516299748107,96
1558,WS_RECV_END,1516299749729,96
1558,PLAYER_SLEEPBEFORE_START,1516299749729,97
1558,PLAYER_SLEEPBEFORE_END,1516299772170,97
1558,WS_SEND_START,1516299772170,97
1558,WS_SEND_END,1516299772170,97
1558,WS_RECV_START,1516299772170,98
1558,WS_RECV_END,1516299777226,98
1558,PLAYER_SLEEPBEFORE_START,1516299777226,99
1558,PLAYER_SLEEPBEFORE_END,1516299777247,99
1558,WS_SEND_START,1516299777247,99
1558,WS_SEND_END,1516299777247,99
1558,WS_RECV_START,1516299777247,100
1558,WS_RECV_END,1516299778958,100
1558,PLAYER_SLEEPBEFORE_START,1516299778958,101
1558,PLAYER_SLEEPBEFORE_END,1516299802517,101
1558,WS_SEND_START,1516299802517,101
1558,WS_SEND_END,1516299802517,101
1558,WS_RECV_START,1516299802517,102
1558,WS_RECV_END,1516299807192,102
1558,PLAYER_SLEEPBEFORE_START,1516299807192,103
1558,PLAYER_SLEEPBEFORE_END,1516299830817,103
1558,WS_SEND_START,1516299830817,103
1558,WS_SEND_END,1516299830817,103
1558,WS_RECV_START,1516299830817,104
1558,WS_RECV_END,1516299834477,104
1558,PLAYER_SLEEPBEFORE_START,1516299834477,105
1558,PLAYER_SLEEPBEFORE_END,1516299859854,105
1558,WS_SEND_START,1516299859855,105
1558,WS_SEND_END,1516299859855,105
1558,WS_RECV_START,1516299859855,106
1558,WS_RECV_END,1516299863595,106
1558,PLAYER_SLEEPBEFORE_START,1516299863595,107
1558,PLAYER_SLEEPBEFORE_END,1516299887018,107
1558,WS_SEND_START,1516299887018,107
1558,WS_SEND_END,1516299887018,107
1558,WS_RECV_START,1516299887018,108
1558,WS_RECV_END,1516299893555,108
1558,PLAYER_SLEEPBEFORE_START,1516299893555,109
1558,PLAYER_SLEEPBEFORE_END,1516299893564,109
1558,WS_SEND_START,1516299893564,109
1558,WS_SEND_END,1516299893564,109
1558,WS_RECV_START,1516299893564,110
1558,WS_RECV_END,1516299896138,110
1558,PLAYER_SLEEPBEFORE_START,1516299896138,111
1558,PLAYER_SLEEPBEFORE_END,1516299897097,111
1558,WS_SEND_START,1516299897097,111
1558,WS_SEND_END,1516299897097,111
1558,WS_RECV_START,1516299897097,112
1558,WS_RECV_END,1516299899479,112
1558,PLAYER_SLEEPBEFORE_START,1516299899479,113
1558,PLAYER_SLEEPBEFORE_END,1516299900041,113
1558,WS_SEND_START,1516299900041,113
1558,WS_SEND_END,1516299900041,113
1558,WS_RECV_START,1516299900041,114
1558,WS_RECV_END,1516299902984,114
1558,PLAYER_SLEEPBEFORE_START,1516299902984,115
1558,PLAYER_SLEEPBEFORE_END,1516299902993,115
1558,WS_SEND_START,1516299902993,115
1558,WS_SEND_END,1516299902993,115
1558,WS_RECV_START,1516299902993,116
1558,WS_RECV_END,1516299906460,116
1558,PLAYER_SLEEPBEFORE_START,1516299906460,117
1558,PLAYER_SLEEPBEFORE_END,1516299926820,117
1558,WS_SEND_START,1516299926820,117
1558,WS_SEND_END,1516299926820,117
1558,PLAYER_SLEEPBEFORE_START,1516299926820,118
1558,PLAYER_SLEEPBEFORE_END,1516299930573,118
1558,WS_SEND_START,1516299930573,118
1558,WS_SEND_END,1516299930573,118
1558,WS_RECV_START,1516299930573,119
1558,WS_RECV_END,1516299931711,119
1558,PLAYER_SLEEPBEFORE_START,1516299931711,120
1558,PLAYER_SLEEPBEFORE_END,1516299932699,120
1558,WS_SEND_START,1516299932699,120
1558,WS_SEND_END,1516299932699,120
1558,WS_RECV_START,1516299932699,121
1558,WS_RECV_END,1516299934794,121
1558,PLAYER_SLEEPBEFORE_START,1516299934794,122
1558,PLAYER_SLEEPBEFORE_END,1516299935979,122
1558,WS_SEND_START,1516299935979,122
1558,WS_SEND_END,1516299935979,122
1558,WS_RECV_START,1516299935979,123
1558,WS_RECV_END,1516299939136,123
1558,PLAYER_SLEEPBEFORE_START,1516299939136,124
1558,PLAYER_SLEEPBEFORE_END,1516299963542,124
1558,WS_SEND_START,1516299963542,124
1558,WS_SEND_END,1516299963542,124
1558,WS_RECV_START,1516299963542,125
1558,WS_RECV_END,1516299965483,125
1558,PLAYER_SLEEPBEFORE_START,1516299965483,126
1558,PLAYER_SLEEPBEFORE_END,1516299985995,126
1558,WS_SEND_START,1516299985995,126
1558,WS_SEND_END,1516299985995,126
1558,PLAYER_SLEEPBEFORE_START,1516299985995,127
1558,PLAYER_SLEEPBEFORE_END,1516299989050,127
1558,WS_SEND_START,1516299989050,127
1558,WS_SEND_END,1516299989050,127
1558,WS_RECV_START,1516299989050,128
1558,WS_RECV_END,1516299990804,128
1558,PLAYER_SLEEPBEFORE_START,1516299990804,129
1558,PLAYER_SLEEPBEFORE_END,1516299990824,129
1558,WS_SEND_START,1516299990824,129
1558,WS_SEND_END,1516299990824,129
1558,WS_RECV_START,1516299990824,130
1558,WS_RECV_END,1516299993550,130
1558,PLAYER_SLEEPBEFORE_START,1516299993550,131
1558,PLAYER_SLEEPBEFORE_END,1516300015174,131
1558,WS_SEND_START,1516300015174,131
1558,WS_SEND_END,1516300015174,131
1558,PLAYER_SLEEPBEFORE_START,1516300015174,132
1558,PLAYER_SLEEPBEFORE_END,1516300018254,132
1558,WS_SEND_START,1516300018254,132
1558,WS_SEND_END,1516300018254,132
1558,WS_RECV_START,1516300018254,133
1558,WS_RECV_END,1516300019299,133
1558,PLAYER_SLEEPBEFORE_START,1516300019299,134
1558,PLAYER_SLEEPBEFORE_END,1516300040516,134
1558,WS_SEND_START,1516300040516,134
1558,WS_SEND_END,1516300040516,134
1558,PLAYER_SLEEPBEFORE_START,1516300040516,135
1558,PLAYER_SLEEPBEFORE_END,1516300043706,135
1558,WS_SEND_START,1516300043706,135
1558,WS_SEND_END,1516300043706,135
1558,WS_RECV_START,1516300043706,136
1558,WS_RECV_END,1516300044864,136
1558,PLAYER_SLEEPBEFORE_START,1516300044864,137
1558,PLAYER_SLEEPBEFORE_END,1516300044871,137
1558,WS_SEND_START,1516300044871,137
1558,WS_SEND_END,1516300044871,137
1558,WS_RECV_START,1516300044871,138
1558,WS_RECV_END,1516300045426,138
1558,PLAYER_SLEEPBEFORE_START,1516300045426,139
1558,PLAYER_SLEEPBEFORE_END,1516300046116,139
1558,WS_SEND_START,1516300046116,139
1558,WS_SEND_END,1516300046116,139
1558,WS_RECV_START,1516300046116,140
1558,WS_RECV_END,1516300047956,140
1558,PLAYER_SLEEPBEFORE_START,1516300047956,141
1558,PLAYER_SLEEPBEFORE_END,1516300048612,141
1558,WS_SEND_START,1516300048612,141
1558,WS_SEND_END,1516300048612,141
1558,WS_RECV_START,1516300048612,142
1558,WS_RECV_END,1516300050646,142
1558,PLAYER_SLEEPBEFORE_START,1516300050646,143
1558,PLAYER_SLEEPBEFORE_END,1516300050703,143
1558,WS_SEND_START,1516300050703,143
1558,WS_SEND_END,1516300050703,143
1558,WS_RECV_START,1516300050703,144
1558,WS_RECV_END,1516300051610,144
1558,PLAYER_SLEEPBEFORE_START,1516300051610,145
1558,PLAYER_SLEEPBEFORE_END,1516300067673,145
1558,REQ_START,1516300067673,145
1558,REQ_END,1516300067681,145
1558,PLAYER_SLEEPBEFORE_START,1516300067681,146
1558,PLAYER_SLEEPBEFORE_END,1516300076559,146
1558,WS_SEND_START,1516300076559,146
1558,WS_SEND_END,1516300076559,146
1558,WS_RECV_START,1516300076559,147
1558,WS_RECV_END,1516300080807,147
1558,PLAYER_SLEEPBEFORE_START,1516300080807,148
1558,PLAYER_SLEEPBEFORE_END,1516300102729,148
1558,WS_SEND_START,1516300102729,148
1558,WS_SEND_END,1516300102729,148
1558,PLAYER_SLEEPBEFORE_START,1516300102729,149
1558,PLAYER_SLEEPBEFORE_END,1516300105157,149
1558,WS_SEND_START,1516300105157,149
1558,WS_SEND_END,1516300105157,149
1558,WS_RECV_START,1516300105157,150
1558,WS_RECV_END,1516300106266,150
1558,PLAYER_SLEEPBEFORE_START,1516300106266,151
1558,PLAYER_SLEEPBEFORE_END,1516300106476,151
1558,WS_SEND_START,1516300106476,151
1558,WS_SEND_END,1516300106476,151
1558,WS_RECV_START,1516300106476,152
1558,WS_RECV_END,1516300107507,152
1558,PLAYER_SLEEPBEFORE_START,1516300107507,153
1558,PLAYER_SLEEPBEFORE_END,1516300131434,153
1558,WS_SEND_START,1516300131434,153
1558,WS_SEND_END,1516300131434,153
1558,WS_RECV_START,1516300131434,154
1558,WS_RECV_END,1516300136189,154
1558,PLAYER_SLEEPBEFORE_START,1516300136189,155
1558,PLAYER_SLEEPBEFORE_END,1516300158747,155
1558,WS_SEND_START,1516300158747,155
1558,WS_SEND_END,1516300158747,155
1558,PLAYER_SLEEPBEFORE_START,1516300158747,156
1558,PLAYER_SLEEPBEFORE_END,1516300162021,156
1558,WS_SEND_START,1516300162021,156
1558,WS_SEND_END,1516300162021,156
1558,WS_RECV_START,1516300162021,157
1558,WS_RECV_END,1516300166475,157
1558,PLAYER_SLEEPBEFORE_START,1516300166475,158
1558,PLAYER_SLEEPBEFORE_END,1516300166485,158
1558,WS_SEND_START,1516300166485,158
1558,WS_SEND_END,1516300166485,158
1558,WS_RECV_START,1516300166485,159
1558,WS_RECV_END,1516300168506,159
1558,PLAYER_SLEEPBEFORE_START,1516300168506,160
1558,PLAYER_SLEEPBEFORE_END,1516300168681,160
1558,WS_SEND_START,1516300168681,160
1558,WS_SEND_END,1516300168681,160
1558,WS_RECV_START,1516300168681,161
1558,WS_RECV_END,1516300170812,161
1558,PLAYER_SLEEPBEFORE_START,1516300170812,162
1558,PLAYER_SLEEPBEFORE_END,1516300170837,162
1558,WS_SEND_START,1516300170837,162
1558,WS_SEND_END,1516300170837,162
1558,WS_RECV_START,1516300170837,163
1558,WS_RECV_END,1516300172419,163
1558,PLAYER_SLEEPBEFORE_START,1516300172419,164
1558,PLAYER_SLEEPBEFORE_END,1516300193231,164
1558,WS_SEND_START,1516300193231,164
1558,WS_SEND_END,1516300193231,164
1558,WS_RECV_START,1516300193231,165
1558,WS_RECV_END,1516300202282,165
1558,PLAYER_SLEEPBEFORE_START,1516300202282,166
1558,PLAYER_SLEEPBEFORE_END,1516300224768,166
1558,WS_SEND_START,1516300224768,166
1558,WS_SEND_END,1516300224768,166
1558,WS_RECV_START,1516300224768,167
1558,WS_RECV_END,1516300232170,167
1558,PLAYER_SLEEPBEFORE_START,1516300232170,168
1558,PLAYER_SLEEPBEFORE_END,1516300259527,168
1558,WS_SEND_START,1516300259527,168
1558,WS_SEND_END,1516300259527,168
1558,WS_RECV_START,1516300259527,169
1558,WS_RECV_END,1516300264908,169
1558,PLAYER_SLEEPBEFORE_START,1516300264908,170
1558,PLAYER_SLEEPBEFORE_END,1516300264918,170
1558,WS_SEND_START,1516300264918,170
1558,WS_SEND_END,1516300264918,170
1558,WS_RECV_START,1516300264918,171
1558,WS_RECV_END,1516300267533,171
1558,PLAYER_SLEEPBEFORE_START,1516300267533,172
1558,PLAYER_SLEEPBEFORE_END,1516300267903,172
1558,WS_SEND_START,1516300267903,172
1558,WS_SEND_END,1516300267903,172
1558,WS_RECV_START,1516300267903,173
1558,WS_RECV_END,1516300271417,173
1558,PLAYER_SLEEPBEFORE_START,1516300271417,174
1558,PLAYER_SLEEPBEFORE_END,1516300271458,174
1558,WS_SEND_START,1516300271458,174
1558,WS_SEND_END,1516300271458,174
1558,WS_RECV_START,1516300271458,175
1558,WS_RECV_END,1516300276647,175
1558,PLAYER_SLEEPBEFORE_START,1516300276647,176
1558,PLAYER_SLEEPBEFORE_END,1516300298409,176
1558,WS_SEND_START,1516300298409,176
1558,WS_SEND_END,1516300298409,176
1558,PLAYER_SLEEPBEFORE_START,1516300298409,177
1558,PLAYER_SLEEPBEFORE_END,1516300300927,177
1558,WS_SEND_START,1516300300927,177
1558,WS_SEND_END,1516300300927,177
1558,WS_RECV_START,1516300300927,178
1558,WS_RECV_END,1516300303546,178
1558,PLAYER_SLEEPBEFORE_START,1516300303546,179
1558,PLAYER_SLEEPBEFORE_END,1516300325886,179
1558,WS_SEND_START,1516300325886,179
1558,WS_SEND_END,1516300325886,179
1558,WS_RECV_START,1516300325886,180
1558,WS_RECV_END,1516300327848,180
1558,PLAYER_SLEEPBEFORE_START,1516300327848,181
1558,PLAYER_SLEEPBEFORE_END,1516300328292,181
1558,WS_SEND_START,1516300328292,181
1558,WS_SEND_END,1516300328292,181
1558,WS_RECV_START,1516300328292,182
1558,WS_RECV_END,1516300329305,182
1558,PLAYER_SLEEPBEFORE_START,1516300329305,183
1558,PLAYER_SLEEPBEFORE_END,1516300329828,183
1558,WS_SEND_START,1516300329828,183
1558,WS_SEND_END,1516300329828,183
1558,WS_RECV_START,1516300329828,184
1558,WS_RECV_END,1516300331121,184
1558,PLAYER_SLEEPBEFORE_START,1516300331121,185
1558,PLAYER_SLEEPBEFORE_END,1516300331389,185
1558,WS_SEND_START,1516300331389,185
1558,WS_SEND_END,1516300331389,185
1558,WS_RECV_START,1516300331389,186
1558,WS_RECV_END,1516300332468,186
1558,PLAYER_SLEEPBEFORE_START,1516300332468,187
1558,PLAYER_SLEEPBEFORE_END,1516300354968,187
1558,WS_SEND_START,1516300354968,187
1558,WS_SEND_END,1516300354968,187
1558,WS_RECV_START,1516300354968,188
1558,WS_RECV_END,1516300355897,188
1558,PLAYER_SLEEPBEFORE_START,1516300355897,189
1558,PLAYER_SLEEPBEFORE_END,1516300362136,189
1558,WS_SEND_START,1516300362136,189
1558,WS_SEND_END,1516300362136,189
1558,WS_RECV_START,1516300362136,190
1558,WS_RECV_END,1516300362379,190
1558,PLAYER_SLEEPBEFORE_START,1516300362379,191
1558,PLAYER_SLEEPBEFORE_END,1516300364294,191
1558,WS_SEND_START,1516300364294,191
1558,WS_SEND_END,1516300364294,191
1558,WS_RECV_START,1516300364294,192
1558,WS_RECV_END,1516300364404,192
1558,PLAYER_SLEEPBEFORE_START,1516300364404,193
1558,PLAYER_SLEEPBEFORE_END,1516300364532,193
1558,WS_SEND_START,1516300364532,193
1558,WS_SEND_END,1516300364532,193
1558,WS_RECV_START,1516300364532,194
1558,WS_RECV_END,1516300365066,194
1558,PLAYER_SLEEPBEFORE_START,1516300365066,195
1558,PLAYER_SLEEPBEFORE_END,1516300366821,195
1558,WS_SEND_START,1516300366821,195
1558,WS_SEND_END,1516300366821,195
1558,WS_RECV_START,1516300366821,196
1558,WS_RECV_END,1516300367171,196
1558,PLAYER_SLEEPBEFORE_START,1516300367171,197
1558,PLAYER_SLEEPBEFORE_END,1516300368976,197
1558,WS_SEND_START,1516300368976,197
1558,WS_SEND_END,1516300368976,197
1558,WS_RECV_START,1516300368976,198
1558,WS_RECV_END,1516300369276,198
1558,PLAYER_SLEEPBEFORE_START,1516300369276,199
1558,PLAYER_SLEEPBEFORE_END,1516300381130,199
1558,WS_SEND_START,1516300381130,199
1558,WS_SEND_END,1516300381130,199
1558,PLAYER_SLEEPBEFORE_START,1516300381130,200
1558,PLAYER_SLEEPBEFORE_END,1516300385219,200
1558,WS_SEND_START,1516300385219,200
1558,WS_SEND_END,1516300385219,200
1558,WS_RECV_START,1516300385219,201
1558,WS_RECV_END,1516300385397,201
1558,PLAYER_SLEEPBEFORE_START,1516300385397,202
1558,PLAYER_SLEEPBEFORE_END,1516300385412,202
1558,WS_SEND_START,1516300385412,202
1558,WS_SEND_END,1516300385412,202
1558,WS_RECV_START,1516300385412,203
1558,WS_RECV_END,1516300385655,203
1558,PLAYER_SLEEPBEFORE_START,1516300385655,204
1558,PLAYER_SLEEPBEFORE_END,1516300405304,204
1558,WS_SEND_START,1516300405304,204
1558,WS_SEND_END,1516300405304,204
1558,PLAYER_SLEEPBEFORE_START,1516300405304,205
1558,PLAYER_SLEEPBEFORE_END,1516300409202,205
1558,WS_SEND_START,1516300409202,205
1558,WS_SEND_END,1516300409202,205
1558,WS_RECV_START,1516300409202,206
1558,WS_RECV_END,1516300409519,206
1558,PLAYER_SLEEPBEFORE_START,1516300409519,207
1558,PLAYER_SLEEPBEFORE_END,1516300426450,207
1558,REQ_START,1516300426450,207
1558,REQ_END,1516300426457,207
1558,PLAYER_SLEEPBEFORE_START,1516300426457,208
1558,PLAYER_SLEEPBEFORE_END,1516300433310,208
1558,WS_CLOSE_START,1516300433310,208
1558,WS_CLOSE_END,1516300433310,208
1558,PLAYER_DONE,1516300433310
