# --sessions 2700 --app-url=http://shinyloadtest.rstudioservices.com/cran_explorer --output-dir test2700 --overwrite-output --log-level warn --start-interval 100 15min.log
thread_id,event,timestamp,input_line_number,comment
1590,PLAYER_SESSION_CREATE,1516299245973
1590,PLAYER_START_INTERVAL_START,1516299245973
1590,PLAYER_START_INTERVAL_END,1516299404973
1590,REQ_HOME_START,1516299404973,2
1590,REQ_HOME_END,1516299405107,2
1590,REQ_START,1516299405107,3
1590,REQ_END,1516299405157,3
1590,REQ_START,1516299405157,4
1590,REQ_END,1516299405193,4
1590,REQ_START,1516299405193,5
1590,REQ_END,1516299405234,5
1590,REQ_START,1516299405234,6
1590,REQ_END,1516299405273,6
1590,REQ_START,1516299405273,7
1590,REQ_END,1516299405355,7
1590,REQ_START,1516299405355,8
1590,REQ_END,1516299405416,8
1590,REQ_START,1516299405416,9
1590,REQ_END,1516299405563,9
1590,REQ_START,1516299405563,10
1590,REQ_END,1516299405568,10
1590,REQ_START,1516299405568,11
1590,REQ_END,1516299405625,11
1590,REQ_START,1516299405625,12
1590,REQ_END,1516299405632,12
1590,REQ_START,1516299405632,13
1590,REQ_END,1516299405776,13
1590,REQ_START,1516299405776,14
1590,REQ_END,1516299405786,14
1590,REQ_START,1516299405786,15
1590,REQ_END,1516299405934,15
1590,REQ_TOK_START,1516299405934,16
1590,REQ_TOK_END,1516299405937,16
1590,REQ_SINF_START,1516299405937,17
1590,REQ_SINF_END,1516299405941,17
1590,WS_OPEN_START,1516299405941,18
1590,WS_OPEN_END,1516299405944,18
1590,REQ_START,1516299405944,19
1590,REQ_END,1516299405973,19
1590,WS_RECV_START,1516299405973,20
1590,WS_RECV_END,1516299405973,20
1590,PLAYER_SLEEPBEFORE_START,1516299405973,21
1590,PLAYER_SLEEPBEFORE_END,1516299405978,21
1590,WS_SEND_START,1516299405978,21
1590,WS_SEND_END,1516299405978,21
1590,PLAYER_SLEEPBEFORE_START,1516299405978,22
1590,PLAYER_SLEEPBEFORE_END,1516299405979,22
1590,WS_SEND_START,1516299405979,22
1590,WS_SEND_END,1516299405979,22
1590,WS_RECV_INIT_START,1516299405979,23
1590,WS_RECV_INIT_END,1516299405998,23
1590,WS_RECV_START,1516299405998,24
1590,WS_RECV_END,1516299406051,24
1590,PLAYER_SLEEPBEFORE_START,1516299406051,25
1590,PLAYER_SLEEPBEFORE_END,1516299406058,25
1590,REQ_START,1516299406058,25
1590,REQ_END,1516299406117,25
1590,PLAYER_SLEEPBEFORE_START,1516299406117,26
1590,PLAYER_SLEEPBEFORE_END,1516299406118,26
1590,REQ_START,1516299406118,26
1590,REQ_END,1516299406153,26
1590,PLAYER_SLEEPBEFORE_START,1516299406153,27
1590,PLAYER_SLEEPBEFORE_END,1516299406156,27
1590,REQ_START,1516299406156,27
1590,REQ_END,1516299406198,27
1590,PLAYER_SLEEPBEFORE_START,1516299406198,28
1590,PLAYER_SLEEPBEFORE_END,1516299406483,28
1590,REQ_START,1516299406483,28
1590,REQ_END,1516299406528,28
1590,PLAYER_SLEEPBEFORE_START,1516299406528,29
1590,PLAYER_SLEEPBEFORE_END,1516299406703,29
1590,WS_SEND_START,1516299406703,29
1590,WS_SEND_END,1516299406703,29
1590,WS_RECV_START,1516299406703,30
1590,WS_RECV_END,1516299406831,30
1590,PLAYER_SLEEPBEFORE_START,1516299406831,31
1590,PLAYER_SLEEPBEFORE_END,1516299406842,31
1590,REQ_START,1516299406842,31
1590,REQ_END,1516299406880,31
1590,PLAYER_SLEEPBEFORE_START,1516299406880,32
1590,PLAYER_SLEEPBEFORE_END,1516299435025,32
1590,WS_SEND_START,1516299435025,32
1590,WS_SEND_END,1516299435025,32
1590,WS_RECV_START,1516299435025,33
1590,WS_RECV_END,1516299435242,33
1590,PLAYER_SLEEPBEFORE_START,1516299435242,34
1590,PLAYER_SLEEPBEFORE_END,1516299461153,34
1590,WS_SEND_START,1516299461153,34
1590,WS_SEND_END,1516299461153,34
1590,WS_RECV_START,1516299461153,35
1590,WS_RECV_END,1516299461218,35
1590,PLAYER_SLEEPBEFORE_START,1516299461218,36
1590,PLAYER_SLEEPBEFORE_END,1516299461227,36
1590,WS_SEND_START,1516299461227,36
1590,WS_SEND_END,1516299461227,36
1590,WS_RECV_START,1516299461227,37
1590,WS_RECV_END,1516299461293,37
1590,PLAYER_SLEEPBEFORE_START,1516299461293,38
1590,PLAYER_SLEEPBEFORE_END,1516299464488,38
1590,WS_SEND_START,1516299464488,38
1590,WS_SEND_END,1516299464488,38
1590,WS_RECV_START,1516299464488,39
1590,WS_RECV_END,1516299465022,39
1590,PLAYER_SLEEPBEFORE_START,1516299465022,40
1590,PLAYER_SLEEPBEFORE_END,1516299465068,40
1590,WS_SEND_START,1516299465068,40
1590,WS_SEND_END,1516299465068,40
1590,WS_RECV_START,1516299465068,41
1590,WS_RECV_END,1516299465474,41
1590,PLAYER_SLEEPBEFORE_START,1516299465474,42
1590,PLAYER_SLEEPBEFORE_END,1516299483609,42
1590,WS_SEND_START,1516299483609,42
1590,WS_SEND_END,1516299483609,42
1590,WS_RECV_START,1516299483609,43
1590,WS_RECV_END,1516299483649,43
1590,PLAYER_SLEEPBEFORE_START,1516299483649,44
1590,PLAYER_SLEEPBEFORE_END,1516299483661,44
1590,WS_SEND_START,1516299483661,44
1590,WS_SEND_END,1516299483661,44
1590,WS_RECV_START,1516299483661,45
1590,WS_RECV_END,1516299483729,45
1590,PLAYER_SLEEPBEFORE_START,1516299483729,46
1590,PLAYER_SLEEPBEFORE_END,1516299485010,46
1590,WS_SEND_START,1516299485010,46
1590,WS_SEND_END,1516299485010,46
1590,WS_RECV_START,1516299485010,47
1590,WS_RECV_END,1516299485456,47
1590,PLAYER_SLEEPBEFORE_START,1516299485456,48
1590,PLAYER_SLEEPBEFORE_END,1516299486776,48
1590,WS_SEND_START,1516299486777,48
1590,WS_SEND_END,1516299486777,48
1590,WS_RECV_START,1516299486777,49
1590,WS_RECV_END,1516299486883,49
1590,PLAYER_SLEEPBEFORE_START,1516299486883,50
1590,PLAYER_SLEEPBEFORE_END,1516299486907,50
1590,WS_SEND_START,1516299486907,50
1590,WS_SEND_END,1516299486907,50
1590,WS_RECV_START,1516299486907,51
1590,WS_RECV_END,1516299487479,51
1590,PLAYER_SLEEPBEFORE_START,1516299487479,52
1590,PLAYER_SLEEPBEFORE_END,1516299510044,52
1590,WS_SEND_START,1516299510044,52
1590,WS_SEND_END,1516299510044,52
1590,WS_RECV_START,1516299510044,53
1590,WS_RECV_END,1516299510488,53
1590,PLAYER_SLEEPBEFORE_START,1516299510488,54
1590,PLAYER_SLEEPBEFORE_END,1516299531791,54
1590,WS_SEND_START,1516299531791,54
1590,WS_SEND_END,1516299531791,54
1590,PLAYER_SLEEPBEFORE_START,1516299531791,55
1590,PLAYER_SLEEPBEFORE_END,1516299533732,55
1590,WS_SEND_START,1516299533732,55
1590,WS_SEND_END,1516299533732,55
1590,WS_RECV_START,1516299533732,56
1590,WS_RECV_END,1516299534509,56
1590,PLAYER_SLEEPBEFORE_START,1516299534509,57
1590,PLAYER_SLEEPBEFORE_END,1516299557382,57
1590,WS_SEND_START,1516299557382,57
1590,WS_SEND_END,1516299557382,57
1590,WS_RECV_START,1516299557382,58
1590,WS_RECV_END,1516299557595,58
1590,PLAYER_SLEEPBEFORE_START,1516299557595,59
1590,PLAYER_SLEEPBEFORE_END,1516299559922,59
1590,WS_SEND_START,1516299559922,59
1590,WS_SEND_END,1516299559922,59
1590,WS_RECV_START,1516299559922,60
1590,WS_RECV_END,1516299560544,60
1590,PLAYER_SLEEPBEFORE_START,1516299560544,61
1590,PLAYER_SLEEPBEFORE_END,1516299564135,61
1590,WS_SEND_START,1516299564135,61
1590,WS_SEND_END,1516299564135,61
1590,WS_RECV_START,1516299564135,62
1590,WS_RECV_END,1516299565032,62
1590,PLAYER_SLEEPBEFORE_START,1516299565032,63
1590,PLAYER_SLEEPBEFORE_END,1516299584294,63
1590,WS_SEND_START,1516299584294,63
1590,WS_SEND_END,1516299584294,63
1590,WS_RECV_START,1516299584294,64
1590,WS_RECV_END,1516299584939,64
1590,PLAYER_SLEEPBEFORE_START,1516299584939,65
1590,PLAYER_SLEEPBEFORE_END,1516299611756,65
1590,WS_SEND_START,1516299611756,65
1590,WS_SEND_END,1516299611756,65
1590,WS_RECV_START,1516299611756,66
1590,WS_RECV_END,1516299612040,66
1590,PLAYER_SLEEPBEFORE_START,1516299612040,67
1590,PLAYER_SLEEPBEFORE_END,1516299613547,67
1590,WS_SEND_START,1516299613547,67
1590,WS_SEND_END,1516299613547,67
1590,WS_RECV_START,1516299613547,68
1590,WS_RECV_END,1516299614968,68
1590,PLAYER_SLEEPBEFORE_START,1516299614968,69
1590,PLAYER_SLEEPBEFORE_END,1516299636967,69
1590,WS_SEND_START,1516299636967,69
1590,WS_SEND_END,1516299636967,69
1590,WS_RECV_START,1516299636967,70
1590,WS_RECV_END,1516299638777,70
1590,PLAYER_SLEEPBEFORE_START,1516299638777,71
1590,PLAYER_SLEEPBEFORE_END,1516299663552,71
1590,WS_SEND_START,1516299663552,71
1590,WS_SEND_END,1516299663552,71
1590,PLAYER_SLEEPBEFORE_START,1516299663552,72
1590,PLAYER_SLEEPBEFORE_END,1516299666159,72
1590,WS_SEND_START,1516299666159,72
1590,WS_SEND_END,1516299666159,72
1590,WS_RECV_START,1516299666159,73
1590,WS_RECV_END,1516299667343,73
1590,PLAYER_SLEEPBEFORE_START,1516299667343,74
1590,PLAYER_SLEEPBEFORE_END,1516299667353,74
1590,WS_SEND_START,1516299667353,74
1590,WS_SEND_END,1516299667353,74
1590,WS_RECV_START,1516299667353,75
1590,WS_RECV_END,1516299667973,75
1590,PLAYER_SLEEPBEFORE_START,1516299667973,76
1590,PLAYER_SLEEPBEFORE_END,1516299669479,76
1590,WS_SEND_START,1516299669479,76
1590,WS_SEND_END,1516299669479,76
1590,WS_RECV_START,1516299669479,77
1590,WS_RECV_END,1516299669569,77
1590,PLAYER_SLEEPBEFORE_START,1516299669569,78
1590,PLAYER_SLEEPBEFORE_END,1516299670437,78
1590,WS_SEND_START,1516299670437,78
1590,WS_SEND_END,1516299670437,78
1590,WS_RECV_START,1516299670437,79
1590,WS_RECV_END,1516299670529,79
1590,PLAYER_SLEEPBEFORE_START,1516299670529,80
1590,PLAYER_SLEEPBEFORE_END,1516299678195,80
1590,WS_SEND_START,1516299678195,80
1590,WS_SEND_END,1516299678195,80
1590,WS_RECV_START,1516299678195,81
1590,WS_RECV_END,1516299678402,81
1590,PLAYER_SLEEPBEFORE_START,1516299678402,82
1590,PLAYER_SLEEPBEFORE_END,1516299679504,82
1590,WS_SEND_START,1516299679504,82
1590,WS_SEND_END,1516299679504,82
1590,WS_RECV_START,1516299679504,83
1590,WS_RECV_END,1516299680143,83
1590,PLAYER_SLEEPBEFORE_START,1516299680143,84
1590,PLAYER_SLEEPBEFORE_END,1516299681090,84
1590,WS_SEND_START,1516299681090,84
1590,WS_SEND_END,1516299681090,84
1590,WS_RECV_START,1516299681090,85
1590,WS_RECV_END,1516299681289,85
1590,PLAYER_SLEEPBEFORE_START,1516299681289,86
1590,PLAYER_SLEEPBEFORE_END,1516299685461,86
1590,WS_SEND_START,1516299685461,86
1590,WS_SEND_END,1516299685461,86
1590,WS_RECV_START,1516299685461,87
1590,WS_RECV_END,1516299686155,87
1590,PLAYER_SLEEPBEFORE_START,1516299686155,88
1590,PLAYER_SLEEPBEFORE_END,1516299686164,88
1590,WS_SEND_START,1516299686164,88
1590,WS_SEND_END,1516299686164,88
1590,WS_RECV_START,1516299686164,89
1590,WS_RECV_END,1516299686456,89
1590,PLAYER_SLEEPBEFORE_START,1516299686456,90
1590,PLAYER_SLEEPBEFORE_END,1516299713653,90
1590,REQ_START,1516299713653,90
1590,REQ_END,1516299713660,90
1590,PLAYER_SLEEPBEFORE_START,1516299713660,91
1590,PLAYER_SLEEPBEFORE_END,1516299721549,91
1590,WS_SEND_START,1516299721549,91
1590,WS_SEND_END,1516299721549,91
1590,WS_RECV_START,1516299721549,92
1590,WS_RECV_END,1516299723780,92
1590,PLAYER_SLEEPBEFORE_START,1516299723780,93
1590,PLAYER_SLEEPBEFORE_END,1516299723795,93
1590,WS_SEND_START,1516299723795,93
1590,WS_SEND_END,1516299723795,93
1590,WS_RECV_START,1516299723795,94
1590,WS_RECV_END,1516299725286,94
1590,PLAYER_SLEEPBEFORE_START,1516299725286,95
1590,PLAYER_SLEEPBEFORE_END,1516299748841,95
1590,WS_SEND_START,1516299748841,95
1590,WS_SEND_END,1516299748842,95
1590,WS_RECV_START,1516299748842,96
1590,WS_RECV_END,1516299751161,96
1590,PLAYER_SLEEPBEFORE_START,1516299751161,97
1590,PLAYER_SLEEPBEFORE_END,1516299773601,97
1590,WS_SEND_START,1516299773601,97
1590,WS_SEND_END,1516299773601,97
1590,WS_RECV_START,1516299773601,98
1590,WS_RECV_END,1516299777722,98
1590,PLAYER_SLEEPBEFORE_START,1516299777722,99
1590,PLAYER_SLEEPBEFORE_END,1516299777743,99
1590,WS_SEND_START,1516299777743,99
1590,WS_SEND_END,1516299777743,99
1590,WS_RECV_START,1516299777743,100
1590,WS_RECV_END,1516299778650,100
1590,PLAYER_SLEEPBEFORE_START,1516299778650,101
1590,PLAYER_SLEEPBEFORE_END,1516299802209,101
1590,WS_SEND_START,1516299802209,101
1590,WS_SEND_END,1516299802209,101
1590,WS_RECV_START,1516299802209,102
1590,WS_RECV_END,1516299807544,102
1590,PLAYER_SLEEPBEFORE_START,1516299807544,103
1590,PLAYER_SLEEPBEFORE_END,1516299831169,103
1590,WS_SEND_START,1516299831169,103
1590,WS_SEND_END,1516299831169,103
1590,WS_RECV_START,1516299831169,104
1590,WS_RECV_END,1516299836874,104
1590,PLAYER_SLEEPBEFORE_START,1516299836874,105
1590,PLAYER_SLEEPBEFORE_END,1516299862252,105
1590,WS_SEND_START,1516299862252,105
1590,WS_SEND_END,1516299862252,105
1590,WS_RECV_START,1516299862252,106
1590,WS_RECV_END,1516299866449,106
1590,PLAYER_SLEEPBEFORE_START,1516299866449,107
1590,PLAYER_SLEEPBEFORE_END,1516299889872,107
1590,WS_SEND_START,1516299889872,107
1590,WS_SEND_END,1516299889872,107
1590,WS_RECV_START,1516299889872,108
1590,WS_RECV_END,1516299894317,108
1590,PLAYER_SLEEPBEFORE_START,1516299894317,109
1590,PLAYER_SLEEPBEFORE_END,1516299894326,109
1590,WS_SEND_START,1516299894326,109
1590,WS_SEND_END,1516299894327,109
1590,WS_RECV_START,1516299894327,110
1590,WS_RECV_END,1516299896482,110
1590,PLAYER_SLEEPBEFORE_START,1516299896482,111
1590,PLAYER_SLEEPBEFORE_END,1516299897441,111
1590,WS_SEND_START,1516299897441,111
1590,WS_SEND_END,1516299897441,111
1590,WS_RECV_START,1516299897441,112
1590,WS_RECV_END,1516299899737,112
1590,PLAYER_SLEEPBEFORE_START,1516299899737,113
1590,PLAYER_SLEEPBEFORE_END,1516299900299,113
1590,WS_SEND_START,1516299900299,113
1590,WS_SEND_END,1516299900299,113
1590,WS_RECV_START,1516299900299,114
1590,WS_RECV_END,1516299903372,114
1590,PLAYER_SLEEPBEFORE_START,1516299903372,115
1590,PLAYER_SLEEPBEFORE_END,1516299903381,115
1590,WS_SEND_START,1516299903381,115
1590,WS_SEND_END,1516299903381,115
1590,WS_RECV_START,1516299903381,116
1590,WS_RECV_END,1516299905459,116
1590,PLAYER_SLEEPBEFORE_START,1516299905459,117
1590,PLAYER_SLEEPBEFORE_END,1516299925819,117
1590,WS_SEND_START,1516299925819,117
1590,WS_SEND_END,1516299925819,117
1590,PLAYER_SLEEPBEFORE_START,1516299925819,118
1590,PLAYER_SLEEPBEFORE_END,1516299929571,118
1590,WS_SEND_START,1516299929571,118
1590,WS_SEND_END,1516299929571,118
1590,WS_RECV_START,1516299929571,119
1590,WS_RECV_END,1516299930851,119
1590,PLAYER_SLEEPBEFORE_START,1516299930851,120
1590,PLAYER_SLEEPBEFORE_END,1516299931839,120
1590,WS_SEND_START,1516299931839,120
1590,WS_SEND_END,1516299931839,120
1590,WS_RECV_START,1516299931839,121
1590,WS_RECV_END,1516299934032,121
1590,PLAYER_SLEEPBEFORE_START,1516299934032,122
1590,PLAYER_SLEEPBEFORE_END,1516299935217,122
1590,WS_SEND_START,1516299935217,122
1590,WS_SEND_END,1516299935217,122
1590,WS_RECV_START,1516299935217,123
1590,WS_RECV_END,1516299938102,123
1590,PLAYER_SLEEPBEFORE_START,1516299938102,124
1590,PLAYER_SLEEPBEFORE_END,1516299962508,124
1590,WS_SEND_START,1516299962508,124
1590,WS_SEND_END,1516299962508,124
1590,WS_RECV_START,1516299962508,125
1590,WS_RECV_END,1516299963112,125
1590,PLAYER_SLEEPBEFORE_START,1516299963112,126
1590,PLAYER_SLEEPBEFORE_END,1516299983624,126
1590,WS_SEND_START,1516299983624,126
1590,WS_SEND_END,1516299983624,126
1590,PLAYER_SLEEPBEFORE_START,1516299983624,127
1590,PLAYER_SLEEPBEFORE_END,1516299986678,127
1590,WS_SEND_START,1516299986678,127
1590,WS_SEND_END,1516299986678,127
1590,WS_RECV_START,1516299986678,128
1590,WS_RECV_END,1516299987837,128
1590,PLAYER_SLEEPBEFORE_START,1516299987837,129
1590,PLAYER_SLEEPBEFORE_END,1516299987858,129
1590,WS_SEND_START,1516299987858,129
1590,WS_SEND_END,1516299987858,129
1590,WS_RECV_START,1516299987858,130
1590,WS_RECV_END,1516299988342,130
1590,PLAYER_SLEEPBEFORE_START,1516299988342,131
1590,PLAYER_SLEEPBEFORE_END,1516300009966,131
1590,WS_SEND_START,1516300009966,131
1590,WS_SEND_END,1516300009966,131
1590,PLAYER_SLEEPBEFORE_START,1516300009966,132
1590,PLAYER_SLEEPBEFORE_END,1516300013046,132
1590,WS_SEND_START,1516300013046,132
1590,WS_SEND_END,1516300013046,132
1590,WS_RECV_START,1516300013046,133
1590,WS_RECV_END,1516300014510,133
1590,PLAYER_SLEEPBEFORE_START,1516300014510,134
1590,PLAYER_SLEEPBEFORE_END,1516300035727,134
1590,WS_SEND_START,1516300035727,134
1590,WS_SEND_END,1516300035727,134
1590,PLAYER_SLEEPBEFORE_START,1516300035727,135
1590,PLAYER_SLEEPBEFORE_END,1516300038918,135
1590,WS_SEND_START,1516300038918,135
1590,WS_SEND_END,1516300038918,135
1590,WS_RECV_START,1516300038918,136
1590,WS_RECV_END,1516300039074,136
1590,PLAYER_SLEEPBEFORE_START,1516300039074,137
1590,PLAYER_SLEEPBEFORE_END,1516300039082,137
1590,WS_SEND_START,1516300039082,137
1590,WS_SEND_END,1516300039082,137
1590,WS_RECV_START,1516300039082,138
1590,WS_RECV_END,1516300039131,138
1590,PLAYER_SLEEPBEFORE_START,1516300039131,139
1590,PLAYER_SLEEPBEFORE_END,1516300039821,139
1590,WS_SEND_START,1516300039821,139
1590,WS_SEND_END,1516300039821,139
1590,WS_RECV_START,1516300039821,140
1590,WS_RECV_END,1516300040153,140
1590,PLAYER_SLEEPBEFORE_START,1516300040153,141
1590,PLAYER_SLEEPBEFORE_END,1516300040812,141
1590,WS_SEND_START,1516300040812,141
1590,WS_SEND_END,1516300040812,141
1590,WS_RECV_START,1516300040812,142
1590,WS_RECV_END,1516300040945,142
1590,PLAYER_SLEEPBEFORE_START,1516300040945,143
1590,PLAYER_SLEEPBEFORE_END,1516300041002,143
1590,WS_SEND_START,1516300041002,143
1590,WS_SEND_END,1516300041002,143
1590,WS_RECV_START,1516300041002,144
1590,WS_RECV_END,1516300041279,144
1590,PLAYER_SLEEPBEFORE_START,1516300041279,145
1590,PLAYER_SLEEPBEFORE_END,1516300057341,145
1590,REQ_START,1516300057341,145
1590,REQ_END,1516300057346,145
1590,PLAYER_SLEEPBEFORE_START,1516300057346,146
1590,PLAYER_SLEEPBEFORE_END,1516300066223,146
1590,WS_SEND_START,1516300066223,146
1590,WS_SEND_END,1516300066223,146
1590,WS_RECV_START,1516300066223,147
1590,WS_RECV_END,1516300067718,147
1590,PLAYER_SLEEPBEFORE_START,1516300067718,148
1590,PLAYER_SLEEPBEFORE_END,1516300089640,148
1590,WS_SEND_START,1516300089640,148
1590,WS_SEND_END,1516300089640,148
1590,PLAYER_SLEEPBEFORE_START,1516300089640,149
1590,PLAYER_SLEEPBEFORE_END,1516300092068,149
1590,WS_SEND_START,1516300092068,149
1590,WS_SEND_END,1516300092068,149
1590,WS_RECV_START,1516300092068,150
1590,WS_RECV_END,1516300092588,150
1590,PLAYER_SLEEPBEFORE_START,1516300092588,151
1590,PLAYER_SLEEPBEFORE_END,1516300092798,151
1590,WS_SEND_START,1516300092798,151
1590,WS_SEND_END,1516300092798,151
1590,WS_RECV_START,1516300092798,152
1590,WS_RECV_END,1516300093607,152
1590,PLAYER_SLEEPBEFORE_START,1516300093607,153
1590,PLAYER_SLEEPBEFORE_END,1516300117534,153
1590,WS_SEND_START,1516300117534,153
1590,WS_SEND_END,1516300117534,153
1590,WS_RECV_START,1516300117534,154
1590,WS_RECV_END,1516300118764,154
1590,PLAYER_SLEEPBEFORE_START,1516300118764,155
1590,PLAYER_SLEEPBEFORE_END,1516300141323,155
1590,WS_SEND_START,1516300141323,155
1590,WS_SEND_END,1516300141323,155
1590,PLAYER_SLEEPBEFORE_START,1516300141323,156
1590,PLAYER_SLEEPBEFORE_END,1516300144597,156
1590,WS_SEND_START,1516300144597,156
1590,WS_SEND_END,1516300144597,156
1590,WS_RECV_START,1516300144597,157
1590,WS_RECV_END,1516300148305,157
1590,PLAYER_SLEEPBEFORE_START,1516300148305,158
1590,PLAYER_SLEEPBEFORE_END,1516300148316,158
1590,WS_SEND_START,1516300148316,158
1590,WS_SEND_END,1516300148316,158
1590,WS_RECV_START,1516300148316,159
1590,WS_RECV_END,1516300150022,159
1590,PLAYER_SLEEPBEFORE_START,1516300150022,160
1590,PLAYER_SLEEPBEFORE_END,1516300150197,160
1590,WS_SEND_START,1516300150197,160
1590,WS_SEND_END,1516300150197,160
1590,WS_RECV_START,1516300150197,161
1590,WS_RECV_END,1516300151611,161
1590,PLAYER_SLEEPBEFORE_START,1516300151611,162
1590,PLAYER_SLEEPBEFORE_END,1516300151636,162
1590,WS_SEND_START,1516300151636,162
1590,WS_SEND_END,1516300151636,162
1590,WS_RECV_START,1516300151636,163
1590,WS_RECV_END,1516300153470,163
1590,PLAYER_SLEEPBEFORE_START,1516300153470,164
1590,PLAYER_SLEEPBEFORE_END,1516300174283,164
1590,WS_SEND_START,1516300174283,164
1590,WS_SEND_END,1516300174283,164
1590,WS_RECV_START,1516300174283,165
1590,WS_RECV_END,1516300179613,165
1590,PLAYER_SLEEPBEFORE_START,1516300179614,166
1590,PLAYER_SLEEPBEFORE_END,1516300202069,166
1590,WS_SEND_START,1516300202069,166
1590,WS_SEND_END,1516300202069,166
1590,WS_RECV_START,1516300202069,167
1590,WS_RECV_END,1516300207258,167
1590,PLAYER_SLEEPBEFORE_START,1516300207258,168
1590,PLAYER_SLEEPBEFORE_END,1516300234615,168
1590,WS_SEND_START,1516300234615,168
1590,WS_SEND_END,1516300234615,168
1590,WS_RECV_START,1516300234615,169
1590,WS_RECV_END,1516300237868,169
1590,PLAYER_SLEEPBEFORE_START,1516300237868,170
1590,PLAYER_SLEEPBEFORE_END,1516300237878,170
1590,WS_SEND_START,1516300237878,170
1590,WS_SEND_END,1516300237878,170
1590,WS_RECV_START,1516300237878,171
1590,WS_RECV_END,1516300239466,171
1590,PLAYER_SLEEPBEFORE_START,1516300239466,172
1590,PLAYER_SLEEPBEFORE_END,1516300239835,172
1590,WS_SEND_START,1516300239835,172
1590,WS_SEND_END,1516300239835,172
1590,WS_RECV_START,1516300239835,173
1590,WS_RECV_END,1516300242245,173
1590,PLAYER_SLEEPBEFORE_START,1516300242245,174
1590,PLAYER_SLEEPBEFORE_END,1516300242287,174
1590,WS_SEND_START,1516300242287,174
1590,WS_SEND_END,1516300242287,174
1590,WS_RECV_START,1516300242287,175
1590,WS_RECV_END,1516300244762,175
1590,PLAYER_SLEEPBEFORE_START,1516300244762,176
1590,PLAYER_SLEEPBEFORE_END,1516300266523,176
1590,WS_SEND_START,1516300266523,176
1590,WS_SEND_END,1516300266523,176
1590,PLAYER_SLEEPBEFORE_START,1516300266523,177
1590,PLAYER_SLEEPBEFORE_END,1516300269041,177
1590,WS_SEND_START,1516300269041,177
1590,WS_SEND_END,1516300269041,177
1590,WS_RECV_START,1516300269041,178
1590,WS_RECV_END,1516300269850,178
1590,PLAYER_SLEEPBEFORE_START,1516300269850,179
1590,PLAYER_SLEEPBEFORE_END,1516300292190,179
1590,WS_SEND_START,1516300292190,179
1590,WS_SEND_END,1516300292190,179
1590,WS_RECV_START,1516300292190,180
1590,WS_RECV_END,1516300293124,180
1590,PLAYER_SLEEPBEFORE_START,1516300293124,181
1590,PLAYER_SLEEPBEFORE_END,1516300293568,181
1590,WS_SEND_START,1516300293568,181
1590,WS_SEND_END,1516300293568,181
1590,WS_RECV_START,1516300293568,182
1590,WS_RECV_END,1516300294622,182
1590,PLAYER_SLEEPBEFORE_START,1516300294622,183
1590,PLAYER_SLEEPBEFORE_END,1516300295145,183
1590,WS_SEND_START,1516300295145,183
1590,WS_SEND_END,1516300295145,183
1590,WS_RECV_START,1516300295145,184
1590,WS_RECV_END,1516300295639,184
1590,PLAYER_SLEEPBEFORE_START,1516300295639,185
1590,PLAYER_SLEEPBEFORE_END,1516300295907,185
1590,WS_SEND_START,1516300295907,185
1590,WS_SEND_END,1516300295907,185
1590,WS_RECV_START,1516300295907,186
1590,WS_RECV_END,1516300297566,186
1590,PLAYER_SLEEPBEFORE_START,1516300297566,187
1590,PLAYER_SLEEPBEFORE_END,1516300320066,187
1590,WS_SEND_START,1516300320066,187
1590,WS_SEND_END,1516300320066,187
1590,WS_RECV_START,1516300320066,188
1590,WS_RECV_END,1516300320142,188
1590,PLAYER_SLEEPBEFORE_START,1516300320142,189
1590,PLAYER_SLEEPBEFORE_END,1516300326381,189
1590,WS_SEND_START,1516300326381,189
1590,WS_SEND_END,1516300326381,189
1590,WS_RECV_START,1516300326381,190
1590,WS_RECV_END,1516300326864,190
1590,PLAYER_SLEEPBEFORE_START,1516300326864,191
1590,PLAYER_SLEEPBEFORE_END,1516300328779,191
1590,WS_SEND_START,1516300328779,191
1590,WS_SEND_END,1516300328779,191
1590,WS_RECV_START,1516300328779,192
1590,WS_RECV_END,1516300328961,192
1590,PLAYER_SLEEPBEFORE_START,1516300328961,193
1590,PLAYER_SLEEPBEFORE_END,1516300329089,193
1590,WS_SEND_START,1516300329089,193
1590,WS_SEND_END,1516300329089,193
1590,WS_RECV_START,1516300329089,194
1590,WS_RECV_END,1516300329362,194
1590,PLAYER_SLEEPBEFORE_START,1516300329362,195
1590,PLAYER_SLEEPBEFORE_END,1516300331117,195
1590,WS_SEND_START,1516300331117,195
1590,WS_SEND_END,1516300331117,195
1590,WS_RECV_START,1516300331117,196
1590,WS_RECV_END,1516300331310,196
1590,PLAYER_SLEEPBEFORE_START,1516300331310,197
1590,PLAYER_SLEEPBEFORE_END,1516300333114,197
1590,WS_SEND_START,1516300333114,197
1590,WS_SEND_END,1516300333114,197
1590,WS_RECV_START,1516300333114,198
1590,WS_RECV_END,1516300333754,198
1590,PLAYER_SLEEPBEFORE_START,1516300333754,199
1590,PLAYER_SLEEPBEFORE_END,1516300345608,199
1590,WS_SEND_START,1516300345608,199
1590,WS_SEND_END,1516300345608,199
1590,PLAYER_SLEEPBEFORE_START,1516300345608,200
1590,PLAYER_SLEEPBEFORE_END,1516300349696,200
1590,WS_SEND_START,1516300349696,200
1590,WS_SEND_END,1516300349696,200
1590,WS_RECV_START,1516300349696,201
1590,WS_RECV_END,1516300349784,201
1590,PLAYER_SLEEPBEFORE_START,1516300349784,202
1590,PLAYER_SLEEPBEFORE_END,1516300349798,202
1590,WS_SEND_START,1516300349798,202
1590,WS_SEND_END,1516300349798,202
1590,WS_RECV_START,1516300349798,203
1590,WS_RECV_END,1516300349981,203
1590,PLAYER_SLEEPBEFORE_START,1516300349981,204
1590,PLAYER_SLEEPBEFORE_END,1516300369630,204
1590,WS_SEND_START,1516300369630,204
1590,WS_SEND_END,1516300369630,204
1590,PLAYER_SLEEPBEFORE_START,1516300369631,205
1590,PLAYER_SLEEPBEFORE_END,1516300373529,205
1590,WS_SEND_START,1516300373529,205
1590,WS_SEND_END,1516300373529,205
1590,WS_RECV_START,1516300373529,206
1590,WS_RECV_END,1516300373802,206
1590,PLAYER_SLEEPBEFORE_START,1516300373802,207
1590,PLAYER_SLEEPBEFORE_END,1516300390733,207
1590,REQ_START,1516300390733,207
1590,REQ_END,1516300390740,207
1590,PLAYER_SLEEPBEFORE_START,1516300390740,208
1590,PLAYER_SLEEPBEFORE_END,1516300397592,208
1590,WS_CLOSE_START,1516300397592,208
1590,WS_CLOSE_END,1516300397592,208
1590,PLAYER_DONE,1516300397592
