# --sessions 2700 --app-url=http://shinyloadtest.rstudioservices.com/cran_explorer --output-dir test2700 --overwrite-output --log-level warn --start-interval 100 15min.log
thread_id,event,timestamp,input_line_number,comment
1613,PLAYER_SESSION_CREATE,1516299245975
1613,PLAYER_START_INTERVAL_START,1516299245975
1613,PLAYER_START_INTERVAL_END,1516299407275
1613,REQ_HOME_START,1516299407275,2
1613,REQ_HOME_END,1516299407941,2
1613,REQ_START,1516299407941,3
1613,REQ_END,1516299408113,3
1613,REQ_START,1516299408113,4
1613,REQ_END,1516299408150,4
1613,REQ_START,1516299408150,5
1613,REQ_END,1516299408236,5
1613,REQ_START,1516299408236,6
1613,REQ_END,1516299408463,6
1613,REQ_START,1516299408463,7
1613,REQ_END,1516299408499,7
1613,REQ_START,1516299408499,8
1613,REQ_END,1516299408539,8
1613,REQ_START,1516299408539,9
1613,REQ_END,1516299408575,9
1613,REQ_START,1516299408575,10
1613,REQ_END,1516299408579,10
1613,REQ_START,1516299408579,11
1613,REQ_END,1516299408613,11
1613,REQ_START,1516299408613,12
1613,REQ_END,1516299408621,12
1613,REQ_START,1516299408621,13
1613,REQ_END,1516299408655,13
1613,REQ_START,1516299408655,14
1613,REQ_END,1516299408668,14
1613,REQ_START,1516299408668,15
1613,REQ_END,1516299408737,15
1613,REQ_TOK_START,1516299408737,16
1613,REQ_TOK_END,1516299408740,16
1613,REQ_SINF_START,1516299408740,17
1613,REQ_SINF_END,1516299408744,17
1613,WS_OPEN_START,1516299408744,18
1613,WS_OPEN_END,1516299408747,18
1613,REQ_START,1516299408747,19
1613,REQ_END,1516299408777,19
1613,WS_RECV_START,1516299408777,20
1613,WS_RECV_END,1516299408777,20
1613,PLAYER_SLEEPBEFORE_START,1516299408777,21
1613,PLAYER_SLEEPBEFORE_END,1516299408783,21
1613,WS_SEND_START,1516299408783,21
1613,WS_SEND_END,1516299408783,21
1613,PLAYER_SLEEPBEFORE_START,1516299408783,22
1613,PLAYER_SLEEPBEFORE_END,1516299408784,22
1613,WS_SEND_START,1516299408784,22
1613,WS_SEND_END,1516299408784,22
1613,WS_RECV_INIT_START,1516299408784,23
1613,WS_RECV_INIT_END,1516299408829,23
1613,WS_RECV_START,1516299408829,24
1613,WS_RECV_END,1516299408899,24
1613,PLAYER_SLEEPBEFORE_START,1516299408899,25
1613,PLAYER_SLEEPBEFORE_END,1516299408906,25
1613,REQ_START,1516299408906,25
1613,REQ_END,1516299408990,25
1613,PLAYER_SLEEPBEFORE_START,1516299408990,26
1613,PLAYER_SLEEPBEFORE_END,1516299408991,26
1613,REQ_START,1516299408991,26
1613,REQ_END,1516299409029,26
1613,PLAYER_SLEEPBEFORE_START,1516299409029,27
1613,PLAYER_SLEEPBEFORE_END,1516299409032,27
1613,REQ_START,1516299409032,27
1613,REQ_END,1516299409072,27
1613,PLAYER_SLEEPBEFORE_START,1516299409072,28
1613,PLAYER_SLEEPBEFORE_END,1516299409357,28
1613,REQ_START,1516299409357,28
1613,REQ_END,1516299409397,28
1613,PLAYER_SLEEPBEFORE_START,1516299409397,29
1613,PLAYER_SLEEPBEFORE_END,1516299409603,29
1613,WS_SEND_START,1516299409603,29
1613,WS_SEND_END,1516299409603,29
1613,WS_RECV_START,1516299409603,30
1613,WS_RECV_END,1516299409828,30
1613,PLAYER_SLEEPBEFORE_START,1516299409828,31
1613,PLAYER_SLEEPBEFORE_END,1516299409839,31
1613,REQ_START,1516299409839,31
1613,REQ_END,1516299410021,31
1613,PLAYER_SLEEPBEFORE_START,1516299410021,32
1613,PLAYER_SLEEPBEFORE_END,1516299438167,32
1613,WS_SEND_START,1516299438167,32
1613,WS_SEND_END,1516299438167,32
1613,WS_RECV_START,1516299438167,33
1613,WS_RECV_END,1516299438404,33
1613,PLAYER_SLEEPBEFORE_START,1516299438404,34
1613,PLAYER_SLEEPBEFORE_END,1516299464315,34
1613,WS_SEND_START,1516299464315,34
1613,WS_SEND_END,1516299464315,34
1613,WS_RECV_START,1516299464315,35
1613,WS_RECV_END,1516299464535,35
1613,PLAYER_SLEEPBEFORE_START,1516299464535,36
1613,PLAYER_SLEEPBEFORE_END,1516299464544,36
1613,WS_SEND_START,1516299464544,36
1613,WS_SEND_END,1516299464544,36
1613,WS_RECV_START,1516299464544,37
1613,WS_RECV_END,1516299464609,37
1613,PLAYER_SLEEPBEFORE_START,1516299464609,38
1613,PLAYER_SLEEPBEFORE_END,1516299467805,38
1613,WS_SEND_START,1516299467805,38
1613,WS_SEND_END,1516299467805,38
1613,WS_RECV_START,1516299467805,39
1613,WS_RECV_END,1516299468066,39
1613,PLAYER_SLEEPBEFORE_START,1516299468066,40
1613,PLAYER_SLEEPBEFORE_END,1516299468112,40
1613,WS_SEND_START,1516299468112,40
1613,WS_SEND_END,1516299468113,40
1613,WS_RECV_START,1516299468113,41
1613,WS_RECV_END,1516299468339,41
1613,PLAYER_SLEEPBEFORE_START,1516299468339,42
1613,PLAYER_SLEEPBEFORE_END,1516299486474,42
1613,WS_SEND_START,1516299486474,42
1613,WS_SEND_END,1516299486474,42
1613,WS_RECV_START,1516299486474,43
1613,WS_RECV_END,1516299487360,43
1613,PLAYER_SLEEPBEFORE_START,1516299487360,44
1613,PLAYER_SLEEPBEFORE_END,1516299487372,44
1613,WS_SEND_START,1516299487372,44
1613,WS_SEND_END,1516299487372,44
1613,WS_RECV_START,1516299487372,45
1613,WS_RECV_END,1516299487417,45
1613,PLAYER_SLEEPBEFORE_START,1516299487417,46
1613,PLAYER_SLEEPBEFORE_END,1516299488677,46
1613,WS_SEND_START,1516299488677,46
1613,WS_SEND_END,1516299488677,46
1613,WS_RECV_START,1516299488677,47
1613,WS_RECV_END,1516299489129,47
1613,PLAYER_SLEEPBEFORE_START,1516299489129,48
1613,PLAYER_SLEEPBEFORE_END,1516299490449,48
1613,WS_SEND_START,1516299490449,48
1613,WS_SEND_END,1516299490449,48
1613,WS_RECV_START,1516299490449,49
1613,WS_RECV_END,1516299490736,49
1613,PLAYER_SLEEPBEFORE_START,1516299490736,50
1613,PLAYER_SLEEPBEFORE_END,1516299490760,50
1613,WS_SEND_START,1516299490760,50
1613,WS_SEND_END,1516299490760,50
1613,WS_RECV_START,1516299490760,51
1613,WS_RECV_END,1516299490971,51
1613,PLAYER_SLEEPBEFORE_START,1516299490971,52
1613,PLAYER_SLEEPBEFORE_END,1516299513535,52
1613,WS_SEND_START,1516299513535,52
1613,WS_SEND_END,1516299513535,52
1613,WS_RECV_START,1516299513535,53
1613,WS_RECV_END,1516299514465,53
1613,PLAYER_SLEEPBEFORE_START,1516299514465,54
1613,PLAYER_SLEEPBEFORE_END,1516299535768,54
1613,WS_SEND_START,1516299535768,54
1613,WS_SEND_END,1516299535768,54
1613,PLAYER_SLEEPBEFORE_START,1516299535768,55
1613,PLAYER_SLEEPBEFORE_END,1516299537710,55
1613,WS_SEND_START,1516299537710,55
1613,WS_SEND_END,1516299537710,55
1613,WS_RECV_START,1516299537710,56
1613,WS_RECV_END,1516299537891,56
1613,PLAYER_SLEEPBEFORE_START,1516299537891,57
1613,PLAYER_SLEEPBEFORE_END,1516299560763,57
1613,WS_SEND_START,1516299560763,57
1613,WS_SEND_END,1516299560763,57
1613,WS_RECV_START,1516299560763,58
1613,WS_RECV_END,1516299561980,58
1613,PLAYER_SLEEPBEFORE_START,1516299561980,59
1613,PLAYER_SLEEPBEFORE_END,1516299564307,59
1613,WS_SEND_START,1516299564307,59
1613,WS_SEND_END,1516299564307,59
1613,WS_RECV_START,1516299564307,60
1613,WS_RECV_END,1516299565750,60
1613,PLAYER_SLEEPBEFORE_START,1516299565750,61
1613,PLAYER_SLEEPBEFORE_END,1516299569341,61
1613,WS_SEND_START,1516299569341,61
1613,WS_SEND_END,1516299569341,61
1613,WS_RECV_START,1516299569341,62
1613,WS_RECV_END,1516299571464,62
1613,PLAYER_SLEEPBEFORE_START,1516299571464,63
1613,PLAYER_SLEEPBEFORE_END,1516299590726,63
1613,WS_SEND_START,1516299590726,63
1613,WS_SEND_END,1516299590726,63
1613,WS_RECV_START,1516299590726,64
1613,WS_RECV_END,1516299591143,64
1613,PLAYER_SLEEPBEFORE_START,1516299591143,65
1613,PLAYER_SLEEPBEFORE_END,1516299617960,65
1613,WS_SEND_START,1516299617960,65
1613,WS_SEND_END,1516299617960,65
1613,WS_RECV_START,1516299617960,66
1613,WS_RECV_END,1516299618705,66
1613,PLAYER_SLEEPBEFORE_START,1516299618705,67
1613,PLAYER_SLEEPBEFORE_END,1516299620212,67
1613,WS_SEND_START,1516299620212,67
1613,WS_SEND_END,1516299620212,67
1613,WS_RECV_START,1516299620212,68
1613,WS_RECV_END,1516299620463,68
1613,PLAYER_SLEEPBEFORE_START,1516299620463,69
1613,PLAYER_SLEEPBEFORE_END,1516299642461,69
1613,WS_SEND_START,1516299642461,69
1613,WS_SEND_END,1516299642461,69
1613,WS_RECV_START,1516299642461,70
1613,WS_RECV_END,1516299642604,70
1613,PLAYER_SLEEPBEFORE_START,1516299642604,71
1613,PLAYER_SLEEPBEFORE_END,1516299667379,71
1613,WS_SEND_START,1516299667379,71
1613,WS_SEND_END,1516299667379,71
1613,PLAYER_SLEEPBEFORE_START,1516299667379,72
1613,PLAYER_SLEEPBEFORE_END,1516299669986,72
1613,WS_SEND_START,1516299669986,72
1613,WS_SEND_END,1516299669986,72
1613,WS_RECV_START,1516299669986,73
1613,WS_RECV_END,1516299670172,73
1613,PLAYER_SLEEPBEFORE_START,1516299670172,74
1613,PLAYER_SLEEPBEFORE_END,1516299670181,74
1613,WS_SEND_START,1516299670181,74
1613,WS_SEND_END,1516299670181,74
1613,WS_RECV_START,1516299670181,75
1613,WS_RECV_END,1516299670377,75
1613,PLAYER_SLEEPBEFORE_START,1516299670377,76
1613,PLAYER_SLEEPBEFORE_END,1516299671883,76
1613,WS_SEND_START,1516299671883,76
1613,WS_SEND_END,1516299671883,76
1613,WS_RECV_START,1516299671883,77
1613,WS_RECV_END,1516299671920,77
1613,PLAYER_SLEEPBEFORE_START,1516299671920,78
1613,PLAYER_SLEEPBEFORE_END,1516299672788,78
1613,WS_SEND_START,1516299672788,78
1613,WS_SEND_END,1516299672788,78
1613,WS_RECV_START,1516299672788,79
1613,WS_RECV_END,1516299673022,79
1613,PLAYER_SLEEPBEFORE_START,1516299673022,80
1613,PLAYER_SLEEPBEFORE_END,1516299680688,80
1613,WS_SEND_START,1516299680688,80
1613,WS_SEND_END,1516299680688,80
1613,WS_RECV_START,1516299680688,81
1613,WS_RECV_END,1516299681162,81
1613,PLAYER_SLEEPBEFORE_START,1516299681162,82
1613,PLAYER_SLEEPBEFORE_END,1516299682264,82
1613,WS_SEND_START,1516299682264,82
1613,WS_SEND_END,1516299682264,82
1613,WS_RECV_START,1516299682264,83
1613,WS_RECV_END,1516299682454,83
1613,PLAYER_SLEEPBEFORE_START,1516299682454,84
1613,PLAYER_SLEEPBEFORE_END,1516299683401,84
1613,WS_SEND_START,1516299683401,84
1613,WS_SEND_END,1516299683401,84
1613,WS_RECV_START,1516299683401,85
1613,WS_RECV_END,1516299683742,85
1613,PLAYER_SLEEPBEFORE_START,1516299683742,86
1613,PLAYER_SLEEPBEFORE_END,1516299687914,86
1613,WS_SEND_START,1516299687914,86
1613,WS_SEND_END,1516299687914,86
1613,WS_RECV_START,1516299687914,87
1613,WS_RECV_END,1516299688035,87
1613,PLAYER_SLEEPBEFORE_START,1516299688035,88
1613,PLAYER_SLEEPBEFORE_END,1516299688043,88
1613,WS_SEND_START,1516299688043,88
1613,WS_SEND_END,1516299688044,88
1613,WS_RECV_START,1516299688044,89
1613,WS_RECV_END,1516299688244,89
1613,PLAYER_SLEEPBEFORE_START,1516299688244,90
1613,PLAYER_SLEEPBEFORE_END,1516299715441,90
1613,REQ_START,1516299715441,90
1613,REQ_END,1516299715448,90
1613,PLAYER_SLEEPBEFORE_START,1516299715448,91
1613,PLAYER_SLEEPBEFORE_END,1516299723337,91
1613,WS_SEND_START,1516299723337,91
1613,WS_SEND_END,1516299723337,91
1613,WS_RECV_START,1516299723337,92
1613,WS_RECV_END,1516299723605,92
1613,PLAYER_SLEEPBEFORE_START,1516299723605,93
1613,PLAYER_SLEEPBEFORE_END,1516299723621,93
1613,WS_SEND_START,1516299723621,93
1613,WS_SEND_END,1516299723621,93
1613,WS_RECV_START,1516299723621,94
1613,WS_RECV_END,1516299723927,94
1613,PLAYER_SLEEPBEFORE_START,1516299723927,95
1613,PLAYER_SLEEPBEFORE_END,1516299747482,95
1613,WS_SEND_START,1516299747482,95
1613,WS_SEND_END,1516299747482,95
1613,WS_RECV_START,1516299747482,96
1613,WS_RECV_END,1516299748462,96
1613,PLAYER_SLEEPBEFORE_START,1516299748462,97
1613,PLAYER_SLEEPBEFORE_END,1516299770902,97
1613,WS_SEND_START,1516299770902,97
1613,WS_SEND_END,1516299770902,97
1613,WS_RECV_START,1516299770902,98
1613,WS_RECV_END,1516299771678,98
1613,PLAYER_SLEEPBEFORE_START,1516299771678,99
1613,PLAYER_SLEEPBEFORE_END,1516299771699,99
1613,WS_SEND_START,1516299771699,99
1613,WS_SEND_END,1516299771699,99
1613,WS_RECV_START,1516299771699,100
1613,WS_RECV_END,1516299772126,100
1613,PLAYER_SLEEPBEFORE_START,1516299772126,101
1613,PLAYER_SLEEPBEFORE_END,1516299795685,101
1613,WS_SEND_START,1516299795685,101
1613,WS_SEND_END,1516299795685,101
1613,WS_RECV_START,1516299795685,102
1613,WS_RECV_END,1516299796854,102
1613,PLAYER_SLEEPBEFORE_START,1516299796854,103
1613,PLAYER_SLEEPBEFORE_END,1516299820479,103
1613,WS_SEND_START,1516299820479,103
1613,WS_SEND_END,1516299820479,103
1613,WS_RECV_START,1516299820479,104
1613,WS_RECV_END,1516299820624,104
1613,PLAYER_SLEEPBEFORE_START,1516299820624,105
1613,PLAYER_SLEEPBEFORE_END,1516299846001,105
1613,WS_SEND_START,1516299846001,105
1613,WS_SEND_END,1516299846002,105
1613,WS_RECV_START,1516299846002,106
1613,WS_RECV_END,1516299846927,106
1613,PLAYER_SLEEPBEFORE_START,1516299846927,107
1613,PLAYER_SLEEPBEFORE_END,1516299870350,107
1613,WS_SEND_START,1516299870350,107
1613,WS_SEND_END,1516299870350,107
1613,WS_RECV_START,1516299870350,108
1613,WS_RECV_END,1516299872568,108
1613,PLAYER_SLEEPBEFORE_START,1516299872568,109
1613,PLAYER_SLEEPBEFORE_END,1516299872577,109
1613,WS_SEND_START,1516299872577,109
1613,WS_SEND_END,1516299872577,109
1613,WS_RECV_START,1516299872577,110
1613,WS_RECV_END,1516299874057,110
1613,PLAYER_SLEEPBEFORE_START,1516299874057,111
1613,PLAYER_SLEEPBEFORE_END,1516299875016,111
1613,WS_SEND_START,1516299875016,111
1613,WS_SEND_END,1516299875016,111
1613,WS_RECV_START,1516299875016,112
1613,WS_RECV_END,1516299877979,112
1613,PLAYER_SLEEPBEFORE_START,1516299877979,113
1613,PLAYER_SLEEPBEFORE_END,1516299878541,113
1613,WS_SEND_START,1516299878541,113
1613,WS_SEND_END,1516299878541,113
1613,WS_RECV_START,1516299878541,114
1613,WS_RECV_END,1516299879728,114
1613,PLAYER_SLEEPBEFORE_START,1516299879728,115
1613,PLAYER_SLEEPBEFORE_END,1516299879737,115
1613,WS_SEND_START,1516299879737,115
1613,WS_SEND_END,1516299879737,115
1613,WS_RECV_START,1516299879737,116
1613,WS_RECV_END,1516299880545,116
1613,PLAYER_SLEEPBEFORE_START,1516299880545,117
1613,PLAYER_SLEEPBEFORE_END,1516299900906,117
1613,WS_SEND_START,1516299900906,117
1613,WS_SEND_END,1516299900906,117
1613,PLAYER_SLEEPBEFORE_START,1516299900906,118
1613,PLAYER_SLEEPBEFORE_END,1516299904658,118
1613,WS_SEND_START,1516299904658,118
1613,WS_SEND_END,1516299904658,118
1613,WS_RECV_START,1516299904658,119
1613,WS_RECV_END,1516299904966,119
1613,PLAYER_SLEEPBEFORE_START,1516299904967,120
1613,PLAYER_SLEEPBEFORE_END,1516299905955,120
1613,WS_SEND_START,1516299905955,120
1613,WS_SEND_END,1516299905955,120
1613,WS_RECV_START,1516299905955,121
1613,WS_RECV_END,1516299906508,121
1613,PLAYER_SLEEPBEFORE_START,1516299906508,122
1613,PLAYER_SLEEPBEFORE_END,1516299907694,122
1613,WS_SEND_START,1516299907694,122
1613,WS_SEND_END,1516299907694,122
1613,WS_RECV_START,1516299907694,123
1613,WS_RECV_END,1516299908538,123
1613,PLAYER_SLEEPBEFORE_START,1516299908538,124
1613,PLAYER_SLEEPBEFORE_END,1516299932943,124
1613,WS_SEND_START,1516299932943,124
1613,WS_SEND_END,1516299932943,124
1613,WS_RECV_START,1516299932943,125
1613,WS_RECV_END,1516299933927,125
1613,PLAYER_SLEEPBEFORE_START,1516299933927,126
1613,PLAYER_SLEEPBEFORE_END,1516299954440,126
1613,WS_SEND_START,1516299954440,126
1613,WS_SEND_END,1516299954440,126
1613,PLAYER_SLEEPBEFORE_START,1516299954440,127
1613,PLAYER_SLEEPBEFORE_END,1516299957494,127
1613,WS_SEND_START,1516299957494,127
1613,WS_SEND_END,1516299957494,127
1613,WS_RECV_START,1516299957494,128
1613,WS_RECV_END,1516299957612,128
1613,PLAYER_SLEEPBEFORE_START,1516299957612,129
1613,PLAYER_SLEEPBEFORE_END,1516299957632,129
1613,WS_SEND_START,1516299957632,129
1613,WS_SEND_END,1516299957632,129
1613,WS_RECV_START,1516299957632,130
1613,WS_RECV_END,1516299957874,130
1613,PLAYER_SLEEPBEFORE_START,1516299957874,131
1613,PLAYER_SLEEPBEFORE_END,1516299979498,131
1613,WS_SEND_START,1516299979498,131
1613,WS_SEND_END,1516299979498,131
1613,PLAYER_SLEEPBEFORE_START,1516299979498,132
1613,PLAYER_SLEEPBEFORE_END,1516299982578,132
1613,WS_SEND_START,1516299982578,132
1613,WS_SEND_END,1516299982578,132
1613,WS_RECV_START,1516299982578,133
1613,WS_RECV_END,1516299983926,133
1613,PLAYER_SLEEPBEFORE_START,1516299983926,134
1613,PLAYER_SLEEPBEFORE_END,1516300005143,134
1613,WS_SEND_START,1516300005143,134
1613,WS_SEND_END,1516300005143,134
1613,PLAYER_SLEEPBEFORE_START,1516300005143,135
1613,PLAYER_SLEEPBEFORE_END,1516300008333,135
1613,WS_SEND_START,1516300008333,135
1613,WS_SEND_END,1516300008333,135
1613,WS_RECV_START,1516300008334,136
1613,WS_RECV_END,1516300008886,136
1613,PLAYER_SLEEPBEFORE_START,1516300008886,137
1613,PLAYER_SLEEPBEFORE_END,1516300008893,137
1613,WS_SEND_START,1516300008893,137
1613,WS_SEND_END,1516300008893,137
1613,WS_RECV_START,1516300008893,138
1613,WS_RECV_END,1516300009141,138
1613,PLAYER_SLEEPBEFORE_START,1516300009141,139
1613,PLAYER_SLEEPBEFORE_END,1516300009831,139
1613,WS_SEND_START,1516300009831,139
1613,WS_SEND_END,1516300009831,139
1613,WS_RECV_START,1516300009831,140
1613,WS_RECV_END,1516300011453,140
1613,PLAYER_SLEEPBEFORE_START,1516300011453,141
1613,PLAYER_SLEEPBEFORE_END,1516300012108,141
1613,WS_SEND_START,1516300012108,141
1613,WS_SEND_END,1516300012108,141
1613,WS_RECV_START,1516300012108,142
1613,WS_RECV_END,1516300012830,142
1613,PLAYER_SLEEPBEFORE_START,1516300012830,143
1613,PLAYER_SLEEPBEFORE_END,1516300012887,143
1613,WS_SEND_START,1516300012888,143
1613,WS_SEND_END,1516300012888,143
1613,WS_RECV_START,1516300012888,144
1613,WS_RECV_END,1516300013841,144
1613,PLAYER_SLEEPBEFORE_START,1516300013841,145
1613,PLAYER_SLEEPBEFORE_END,1516300029903,145
1613,REQ_START,1516300029903,145
1613,REQ_END,1516300029908,145
1613,PLAYER_SLEEPBEFORE_START,1516300029908,146
1613,PLAYER_SLEEPBEFORE_END,1516300038785,146
1613,WS_SEND_START,1516300038785,146
1613,WS_SEND_END,1516300038785,146
1613,WS_RECV_START,1516300038785,147
1613,WS_RECV_END,1516300039188,147
1613,PLAYER_SLEEPBEFORE_START,1516300039188,148
1613,PLAYER_SLEEPBEFORE_END,1516300061110,148
1613,WS_SEND_START,1516300061110,148
1613,WS_SEND_END,1516300061110,148
1613,PLAYER_SLEEPBEFORE_START,1516300061110,149
1613,PLAYER_SLEEPBEFORE_END,1516300063538,149
1613,WS_SEND_START,1516300063538,149
1613,WS_SEND_END,1516300063538,149
1613,WS_RECV_START,1516300063538,150
1613,WS_RECV_END,1516300063762,150
1613,PLAYER_SLEEPBEFORE_START,1516300063763,151
1613,PLAYER_SLEEPBEFORE_END,1516300063973,151
1613,WS_SEND_START,1516300063973,151
1613,WS_SEND_END,1516300063973,151
1613,WS_RECV_START,1516300063973,152
1613,WS_RECV_END,1516300064077,152
1613,PLAYER_SLEEPBEFORE_START,1516300064077,153
1613,PLAYER_SLEEPBEFORE_END,1516300088005,153
1613,WS_SEND_START,1516300088005,153
1613,WS_SEND_END,1516300088005,153
1613,WS_RECV_START,1516300088005,154
1613,WS_RECV_END,1516300088853,154
1613,PLAYER_SLEEPBEFORE_START,1516300088853,155
1613,PLAYER_SLEEPBEFORE_END,1516300111411,155
1613,WS_SEND_START,1516300111411,155
1613,WS_SEND_END,1516300111411,155
1613,PLAYER_SLEEPBEFORE_START,1516300111411,156
1613,PLAYER_SLEEPBEFORE_END,1516300114685,156
1613,WS_SEND_START,1516300114685,156
1613,WS_SEND_END,1516300114685,156
1613,WS_RECV_START,1516300114685,157
1613,WS_RECV_END,1516300116377,157
1613,PLAYER_SLEEPBEFORE_START,1516300116377,158
1613,PLAYER_SLEEPBEFORE_END,1516300116387,158
1613,WS_SEND_START,1516300116387,158
1613,WS_SEND_END,1516300116387,158
1613,WS_RECV_START,1516300116387,159
1613,WS_RECV_END,1516300117869,159
1613,PLAYER_SLEEPBEFORE_START,1516300117869,160
1613,PLAYER_SLEEPBEFORE_END,1516300118046,160
1613,WS_SEND_START,1516300118046,160
1613,WS_SEND_END,1516300118046,160
1613,WS_RECV_START,1516300118046,161
1613,WS_RECV_END,1516300119116,161
1613,PLAYER_SLEEPBEFORE_START,1516300119116,162
1613,PLAYER_SLEEPBEFORE_END,1516300119141,162
1613,WS_SEND_START,1516300119141,162
1613,WS_SEND_END,1516300119141,162
1613,WS_RECV_START,1516300119141,163
1613,WS_RECV_END,1516300119942,163
1613,PLAYER_SLEEPBEFORE_START,1516300119942,164
1613,PLAYER_SLEEPBEFORE_END,1516300140754,164
1613,WS_SEND_START,1516300140754,164
1613,WS_SEND_END,1516300140754,164
1613,WS_RECV_START,1516300140754,165
1613,WS_RECV_END,1516300146282,165
1613,PLAYER_SLEEPBEFORE_START,1516300146282,166
1613,PLAYER_SLEEPBEFORE_END,1516300168737,166
1613,WS_SEND_START,1516300168737,166
1613,WS_SEND_END,1516300168737,166
1613,WS_RECV_START,1516300168737,167
1613,WS_RECV_END,1516300174177,167
1613,PLAYER_SLEEPBEFORE_START,1516300174177,168
1613,PLAYER_SLEEPBEFORE_END,1516300201535,168
1613,WS_SEND_START,1516300201535,168
1613,WS_SEND_END,1516300201535,168
1613,WS_RECV_START,1516300201535,169
1613,WS_RECV_END,1516300205699,169
1613,PLAYER_SLEEPBEFORE_START,1516300205699,170
1613,PLAYER_SLEEPBEFORE_END,1516300205708,170
1613,WS_SEND_START,1516300205708,170
1613,WS_SEND_END,1516300205708,170
1613,WS_RECV_START,1516300205708,171
1613,WS_RECV_END,1516300208013,171
1613,PLAYER_SLEEPBEFORE_START,1516300208013,172
1613,PLAYER_SLEEPBEFORE_END,1516300208382,172
1613,WS_SEND_START,1516300208382,172
1613,WS_SEND_END,1516300208382,172
1613,WS_RECV_START,1516300208382,173
1613,WS_RECV_END,1516300210600,173
1613,PLAYER_SLEEPBEFORE_START,1516300210600,174
1613,PLAYER_SLEEPBEFORE_END,1516300210642,174
1613,WS_SEND_START,1516300210642,174
1613,WS_SEND_END,1516300210642,174
1613,WS_RECV_START,1516300210642,175
1613,WS_RECV_END,1516300211943,175
1613,PLAYER_SLEEPBEFORE_START,1516300211943,176
1613,PLAYER_SLEEPBEFORE_END,1516300233704,176
1613,WS_SEND_START,1516300233704,176
1613,WS_SEND_END,1516300233704,176
1613,PLAYER_SLEEPBEFORE_START,1516300233705,177
1613,PLAYER_SLEEPBEFORE_END,1516300236223,177
1613,WS_SEND_START,1516300236223,177
1613,WS_SEND_END,1516300236223,177
1613,WS_RECV_START,1516300236223,178
1613,WS_RECV_END,1516300236996,178
1613,PLAYER_SLEEPBEFORE_START,1516300236996,179
1613,PLAYER_SLEEPBEFORE_END,1516300259336,179
1613,WS_SEND_START,1516300259336,179
1613,WS_SEND_END,1516300259336,179
1613,WS_RECV_START,1516300259336,180
1613,WS_RECV_END,1516300262721,180
1613,PLAYER_SLEEPBEFORE_START,1516300262721,181
1613,PLAYER_SLEEPBEFORE_END,1516300263165,181
1613,WS_SEND_START,1516300263165,181
1613,WS_SEND_END,1516300263165,181
1613,WS_RECV_START,1516300263165,182
1613,WS_RECV_END,1516300263895,182
1613,PLAYER_SLEEPBEFORE_START,1516300263895,183
1613,PLAYER_SLEEPBEFORE_END,1516300264418,183
1613,WS_SEND_START,1516300264418,183
1613,WS_SEND_END,1516300264418,183
1613,WS_RECV_START,1516300264418,184
1613,WS_RECV_END,1516300265800,184
1613,PLAYER_SLEEPBEFORE_START,1516300265800,185
1613,PLAYER_SLEEPBEFORE_END,1516300266068,185
1613,WS_SEND_START,1516300266068,185
1613,WS_SEND_END,1516300266068,185
1613,WS_RECV_START,1516300266068,186
1613,WS_RECV_END,1516300268054,186
1613,PLAYER_SLEEPBEFORE_START,1516300268054,187
1613,PLAYER_SLEEPBEFORE_END,1516300290554,187
1613,WS_SEND_START,1516300290554,187
1613,WS_SEND_END,1516300290554,187
1613,WS_RECV_START,1516300290554,188
1613,WS_RECV_END,1516300290612,188
1613,PLAYER_SLEEPBEFORE_START,1516300290612,189
1613,PLAYER_SLEEPBEFORE_END,1516300296851,189
1613,WS_SEND_START,1516300296851,189
1613,WS_SEND_END,1516300296851,189
1613,WS_RECV_START,1516300296851,190
1613,WS_RECV_END,1516300297178,190
1613,PLAYER_SLEEPBEFORE_START,1516300297178,191
1613,PLAYER_SLEEPBEFORE_END,1516300299093,191
1613,WS_SEND_START,1516300299093,191
1613,WS_SEND_END,1516300299093,191
1613,WS_RECV_START,1516300299093,192
1613,WS_RECV_END,1516300299462,192
1613,PLAYER_SLEEPBEFORE_START,1516300299462,193
1613,PLAYER_SLEEPBEFORE_END,1516300299590,193
1613,WS_SEND_START,1516300299590,193
1613,WS_SEND_END,1516300299590,193
1613,WS_RECV_START,1516300299590,194
1613,WS_RECV_END,1516300300379,194
1613,PLAYER_SLEEPBEFORE_START,1516300300379,195
1613,PLAYER_SLEEPBEFORE_END,1516300302134,195
1613,WS_SEND_START,1516300302134,195
1613,WS_SEND_END,1516300302134,195
1613,WS_RECV_START,1516300302134,196
1613,WS_RECV_END,1516300302330,196
1613,PLAYER_SLEEPBEFORE_START,1516300302330,197
1613,PLAYER_SLEEPBEFORE_END,1516300304134,197
1613,WS_SEND_START,1516300304134,197
1613,WS_SEND_END,1516300304134,197
1613,WS_RECV_START,1516300304134,198
1613,WS_RECV_END,1516300304629,198
1613,PLAYER_SLEEPBEFORE_START,1516300304629,199
1613,PLAYER_SLEEPBEFORE_END,1516300316483,199
1613,WS_SEND_START,1516300316483,199
1613,WS_SEND_END,1516300316483,199
1613,PLAYER_SLEEPBEFORE_START,1516300316483,200
1613,PLAYER_SLEEPBEFORE_END,1516300320571,200
1613,WS_SEND_START,1516300320571,200
1613,WS_SEND_END,1516300320571,200
1613,WS_RECV_START,1516300320571,201
1613,WS_RECV_END,1516300320900,201
1613,PLAYER_SLEEPBEFORE_START,1516300320900,202
1613,PLAYER_SLEEPBEFORE_END,1516300320914,202
1613,WS_SEND_START,1516300320914,202
1613,WS_SEND_END,1516300320914,202
1613,WS_RECV_START,1516300320914,203
1613,WS_RECV_END,1516300321174,203
1613,PLAYER_SLEEPBEFORE_START,1516300321174,204
1613,PLAYER_SLEEPBEFORE_END,1516300340823,204
1613,WS_SEND_START,1516300340823,204
1613,WS_SEND_END,1516300340823,204
1613,PLAYER_SLEEPBEFORE_START,1516300340823,205
1613,PLAYER_SLEEPBEFORE_END,1516300344721,205
1613,WS_SEND_START,1516300344721,205
1613,WS_SEND_END,1516300344721,205
1613,WS_RECV_START,1516300344721,206
1613,WS_RECV_END,1516300344900,206
1613,PLAYER_SLEEPBEFORE_START,1516300344900,207
1613,PLAYER_SLEEPBEFORE_END,1516300361831,207
1613,REQ_START,1516300361831,207
1613,REQ_END,1516300361837,207
1613,PLAYER_SLEEPBEFORE_START,1516300361837,208
1613,PLAYER_SLEEPBEFORE_END,1516300368690,208
1613,WS_CLOSE_START,1516300368690,208
1613,WS_CLOSE_END,1516300368690,208
1613,PLAYER_DONE,1516300368690
