# --sessions 2700 --app-url=http://shinyloadtest.rstudioservices.com/cran_explorer --output-dir test2700 --overwrite-output --log-level warn --start-interval 100 15min.log
thread_id,event,timestamp,input_line_number,comment
1649,PLAYER_SESSION_CREATE,1516299245982
1649,PLAYER_START_INTERVAL_START,1516299245982
1649,PLAYER_START_INTERVAL_END,1516299410882
1649,REQ_HOME_START,1516299410883,2
1649,REQ_HOME_END,1516299411353,2
1649,REQ_START,1516299411353,3
1649,REQ_END,1516299411414,3
1649,REQ_START,1516299411414,4
1649,REQ_END,1516299411463,4
1649,REQ_START,1516299411463,5
1649,REQ_END,1516299411499,5
1649,REQ_START,1516299411499,6
1649,REQ_END,1516299411537,6
1649,REQ_START,1516299411537,7
1649,REQ_END,1516299411576,7
1649,REQ_START,1516299411576,8
1649,REQ_END,1516299411617,8
1649,REQ_START,1516299411617,9
1649,REQ_END,1516299411660,9
1649,REQ_START,1516299411660,10
1649,REQ_END,1516299411666,10
1649,REQ_START,1516299411666,11
1649,REQ_END,1516299411764,11
1649,REQ_START,1516299411764,12
1649,REQ_END,1516299411771,12
1649,REQ_START,1516299411771,13
1649,REQ_END,1516299411810,13
1649,REQ_START,1516299411810,14
1649,REQ_END,1516299411848,14
1649,REQ_START,1516299411848,15
1649,REQ_END,1516299411892,15
1649,REQ_TOK_START,1516299411892,16
1649,REQ_TOK_END,1516299411895,16
1649,REQ_SINF_START,1516299411896,17
1649,REQ_SINF_END,1516299411899,17
1649,WS_OPEN_START,1516299411899,18
1649,WS_OPEN_END,1516299411902,18
1649,REQ_START,1516299411902,19
1649,REQ_END,1516299411984,19
1649,WS_RECV_START,1516299411984,20
1649,WS_RECV_END,1516299411984,20
1649,PLAYER_SLEEPBEFORE_START,1516299411984,21
1649,PLAYER_SLEEPBEFORE_END,1516299411989,21
1649,WS_SEND_START,1516299411989,21
1649,WS_SEND_END,1516299411989,21
1649,PLAYER_SLEEPBEFORE_START,1516299411989,22
1649,PLAYER_SLEEPBEFORE_END,1516299411990,22
1649,WS_SEND_START,1516299411990,22
1649,WS_SEND_END,1516299411991,22
1649,WS_RECV_INIT_START,1516299411991,23
1649,WS_RECV_INIT_END,1516299412037,23
1649,WS_RECV_START,1516299412037,24
1649,WS_RECV_END,1516299412103,24
1649,PLAYER_SLEEPBEFORE_START,1516299412103,25
1649,PLAYER_SLEEPBEFORE_END,1516299412110,25
1649,REQ_START,1516299412110,25
1649,REQ_END,1516299412150,25
1649,PLAYER_SLEEPBEFORE_START,1516299412150,26
1649,PLAYER_SLEEPBEFORE_END,1516299412151,26
1649,REQ_START,1516299412151,26
1649,REQ_END,1516299412187,26
1649,PLAYER_SLEEPBEFORE_START,1516299412187,27
1649,PLAYER_SLEEPBEFORE_END,1516299412190,27
1649,REQ_START,1516299412190,27
1649,REQ_END,1516299412234,27
1649,PLAYER_SLEEPBEFORE_START,1516299412234,28
1649,PLAYER_SLEEPBEFORE_END,1516299412519,28
1649,REQ_START,1516299412519,28
1649,REQ_END,1516299412558,28
1649,PLAYER_SLEEPBEFORE_START,1516299412558,29
1649,PLAYER_SLEEPBEFORE_END,1516299412734,29
1649,WS_SEND_START,1516299412734,29
1649,WS_SEND_END,1516299412734,29
1649,WS_RECV_START,1516299412734,30
1649,WS_RECV_END,1516299412834,30
1649,PLAYER_SLEEPBEFORE_START,1516299412834,31
1649,PLAYER_SLEEPBEFORE_END,1516299412845,31
1649,REQ_START,1516299412845,31
1649,REQ_END,1516299412915,31
1649,PLAYER_SLEEPBEFORE_START,1516299412915,32
1649,PLAYER_SLEEPBEFORE_END,1516299441060,32
1649,WS_SEND_START,1516299441060,32
1649,WS_SEND_END,1516299441060,32
1649,WS_RECV_START,1516299441060,33
1649,WS_RECV_END,1516299441275,33
1649,PLAYER_SLEEPBEFORE_START,1516299441275,34
1649,PLAYER_SLEEPBEFORE_END,1516299467186,34
1649,WS_SEND_START,1516299467186,34
1649,WS_SEND_END,1516299467186,34
1649,WS_RECV_START,1516299467186,35
1649,WS_RECV_END,1516299467351,35
1649,PLAYER_SLEEPBEFORE_START,1516299467351,36
1649,PLAYER_SLEEPBEFORE_END,1516299467360,36
1649,WS_SEND_START,1516299467360,36
1649,WS_SEND_END,1516299467360,36
1649,WS_RECV_START,1516299467360,37
1649,WS_RECV_END,1516299467401,37
1649,PLAYER_SLEEPBEFORE_START,1516299467401,38
1649,PLAYER_SLEEPBEFORE_END,1516299470596,38
1649,WS_SEND_START,1516299470596,38
1649,WS_SEND_END,1516299470596,38
1649,WS_RECV_START,1516299470596,39
1649,WS_RECV_END,1516299470756,39
1649,PLAYER_SLEEPBEFORE_START,1516299470756,40
1649,PLAYER_SLEEPBEFORE_END,1516299470803,40
1649,WS_SEND_START,1516299470803,40
1649,WS_SEND_END,1516299470803,40
1649,WS_RECV_START,1516299470803,41
1649,WS_RECV_END,1516299470950,41
1649,PLAYER_SLEEPBEFORE_START,1516299470950,42
1649,PLAYER_SLEEPBEFORE_END,1516299489085,42
1649,WS_SEND_START,1516299489085,42
1649,WS_SEND_END,1516299489085,42
1649,WS_RECV_START,1516299489085,43
1649,WS_RECV_END,1516299489398,43
1649,PLAYER_SLEEPBEFORE_START,1516299489398,44
1649,PLAYER_SLEEPBEFORE_END,1516299489410,44
1649,WS_SEND_START,1516299489410,44
1649,WS_SEND_END,1516299489410,44
1649,WS_RECV_START,1516299489410,45
1649,WS_RECV_END,1516299489757,45
1649,PLAYER_SLEEPBEFORE_START,1516299489757,46
1649,PLAYER_SLEEPBEFORE_END,1516299491017,46
1649,WS_SEND_START,1516299491017,46
1649,WS_SEND_END,1516299491017,46
1649,WS_RECV_START,1516299491017,47
1649,WS_RECV_END,1516299491267,47
1649,PLAYER_SLEEPBEFORE_START,1516299491267,48
1649,PLAYER_SLEEPBEFORE_END,1516299492587,48
1649,WS_SEND_START,1516299492587,48
1649,WS_SEND_END,1516299492587,48
1649,WS_RECV_START,1516299492587,49
1649,WS_RECV_END,1516299492890,49
1649,PLAYER_SLEEPBEFORE_START,1516299492890,50
1649,PLAYER_SLEEPBEFORE_END,1516299492914,50
1649,WS_SEND_START,1516299492914,50
1649,WS_SEND_END,1516299492914,50
1649,WS_RECV_START,1516299492914,51
1649,WS_RECV_END,1516299493050,51
1649,PLAYER_SLEEPBEFORE_START,1516299493050,52
1649,PLAYER_SLEEPBEFORE_END,1516299515614,52
1649,WS_SEND_START,1516299515614,52
1649,WS_SEND_END,1516299515614,52
1649,WS_RECV_START,1516299515614,53
1649,WS_RECV_END,1516299516536,53
1649,PLAYER_SLEEPBEFORE_START,1516299516536,54
1649,PLAYER_SLEEPBEFORE_END,1516299537839,54
1649,WS_SEND_START,1516299537839,54
1649,WS_SEND_END,1516299537839,54
1649,PLAYER_SLEEPBEFORE_START,1516299537839,55
1649,PLAYER_SLEEPBEFORE_END,1516299539780,55
1649,WS_SEND_START,1516299539780,55
1649,WS_SEND_END,1516299539780,55
1649,WS_RECV_START,1516299539780,56
1649,WS_RECV_END,1516299540948,56
1649,PLAYER_SLEEPBEFORE_START,1516299540948,57
1649,PLAYER_SLEEPBEFORE_END,1516299563820,57
1649,WS_SEND_START,1516299563820,57
1649,WS_SEND_END,1516299563820,57
1649,WS_RECV_START,1516299563820,58
1649,WS_RECV_END,1516299563894,58
1649,PLAYER_SLEEPBEFORE_START,1516299563894,59
1649,PLAYER_SLEEPBEFORE_END,1516299566221,59
1649,WS_SEND_START,1516299566221,59
1649,WS_SEND_END,1516299566221,59
1649,WS_RECV_START,1516299566221,60
1649,WS_RECV_END,1516299567621,60
1649,PLAYER_SLEEPBEFORE_START,1516299567621,61
1649,PLAYER_SLEEPBEFORE_END,1516299571213,61
1649,WS_SEND_START,1516299571213,61
1649,WS_SEND_END,1516299571213,61
1649,WS_RECV_START,1516299571213,62
1649,WS_RECV_END,1516299572588,62
1649,PLAYER_SLEEPBEFORE_START,1516299572588,63
1649,PLAYER_SLEEPBEFORE_END,1516299591850,63
1649,WS_SEND_START,1516299591850,63
1649,WS_SEND_END,1516299591850,63
1649,WS_RECV_START,1516299591850,64
1649,WS_RECV_END,1516299592181,64
1649,PLAYER_SLEEPBEFORE_START,1516299592181,65
1649,PLAYER_SLEEPBEFORE_END,1516299618998,65
1649,WS_SEND_START,1516299618998,65
1649,WS_SEND_END,1516299618998,65
1649,WS_RECV_START,1516299618998,66
1649,WS_RECV_END,1516299620316,66
1649,PLAYER_SLEEPBEFORE_START,1516299620316,67
1649,PLAYER_SLEEPBEFORE_END,1516299621823,67
1649,WS_SEND_START,1516299621823,67
1649,WS_SEND_END,1516299621823,67
1649,WS_RECV_START,1516299621823,68
1649,WS_RECV_END,1516299622605,68
1649,PLAYER_SLEEPBEFORE_START,1516299622605,69
1649,PLAYER_SLEEPBEFORE_END,1516299644603,69
1649,WS_SEND_START,1516299644603,69
1649,WS_SEND_END,1516299644603,69
1649,WS_RECV_START,1516299644603,70
1649,WS_RECV_END,1516299645102,70
1649,PLAYER_SLEEPBEFORE_START,1516299645102,71
1649,PLAYER_SLEEPBEFORE_END,1516299669877,71
1649,WS_SEND_START,1516299669877,71
1649,WS_SEND_END,1516299669877,71
1649,PLAYER_SLEEPBEFORE_START,1516299669877,72
1649,PLAYER_SLEEPBEFORE_END,1516299672484,72
1649,WS_SEND_START,1516299672484,72
1649,WS_SEND_END,1516299672484,72
1649,WS_RECV_START,1516299672484,73
1649,WS_RECV_END,1516299672699,73
1649,PLAYER_SLEEPBEFORE_START,1516299672699,74
1649,PLAYER_SLEEPBEFORE_END,1516299672708,74
1649,WS_SEND_START,1516299672708,74
1649,WS_SEND_END,1516299672708,74
1649,WS_RECV_START,1516299672708,75
1649,WS_RECV_END,1516299672757,75
1649,PLAYER_SLEEPBEFORE_START,1516299672757,76
1649,PLAYER_SLEEPBEFORE_END,1516299674263,76
1649,WS_SEND_START,1516299674263,76
1649,WS_SEND_END,1516299674263,76
1649,WS_RECV_START,1516299674263,77
1649,WS_RECV_END,1516299674647,77
1649,PLAYER_SLEEPBEFORE_START,1516299674647,78
1649,PLAYER_SLEEPBEFORE_END,1516299675515,78
1649,WS_SEND_START,1516299675515,78
1649,WS_SEND_END,1516299675515,78
1649,WS_RECV_START,1516299675515,79
1649,WS_RECV_END,1516299675538,79
1649,PLAYER_SLEEPBEFORE_START,1516299675538,80
1649,PLAYER_SLEEPBEFORE_END,1516299683204,80
1649,WS_SEND_START,1516299683204,80
1649,WS_SEND_END,1516299683204,80
1649,WS_RECV_START,1516299683204,81
1649,WS_RECV_END,1516299684264,81
1649,PLAYER_SLEEPBEFORE_START,1516299684264,82
1649,PLAYER_SLEEPBEFORE_END,1516299685367,82
1649,WS_SEND_START,1516299685367,82
1649,WS_SEND_END,1516299685367,82
1649,WS_RECV_START,1516299685367,83
1649,WS_RECV_END,1516299686434,83
1649,PLAYER_SLEEPBEFORE_START,1516299686434,84
1649,PLAYER_SLEEPBEFORE_END,1516299687381,84
1649,WS_SEND_START,1516299687381,84
1649,WS_SEND_END,1516299687381,84
1649,WS_RECV_START,1516299687381,85
1649,WS_RECV_END,1516299687711,85
1649,PLAYER_SLEEPBEFORE_START,1516299687711,86
1649,PLAYER_SLEEPBEFORE_END,1516299691883,86
1649,WS_SEND_START,1516299691883,86
1649,WS_SEND_END,1516299691883,86
1649,WS_RECV_START,1516299691883,87
1649,WS_RECV_END,1516299693094,87
1649,PLAYER_SLEEPBEFORE_START,1516299693094,88
1649,PLAYER_SLEEPBEFORE_END,1516299693103,88
1649,WS_SEND_START,1516299693103,88
1649,WS_SEND_END,1516299693103,88
1649,WS_RECV_START,1516299693103,89
1649,WS_RECV_END,1516299693322,89
1649,PLAYER_SLEEPBEFORE_START,1516299693322,90
1649,PLAYER_SLEEPBEFORE_END,1516299720519,90
1649,REQ_START,1516299720519,90
1649,REQ_END,1516299720526,90
1649,PLAYER_SLEEPBEFORE_START,1516299720526,91
1649,PLAYER_SLEEPBEFORE_END,1516299728415,91
1649,WS_SEND_START,1516299728415,91
1649,WS_SEND_END,1516299728415,91
1649,WS_RECV_START,1516299728415,92
1649,WS_RECV_END,1516299729817,92
1649,PLAYER_SLEEPBEFORE_START,1516299729817,93
1649,PLAYER_SLEEPBEFORE_END,1516299729832,93
1649,WS_SEND_START,1516299729832,93
1649,WS_SEND_END,1516299729832,93
1649,WS_RECV_START,1516299729832,94
1649,WS_RECV_END,1516299730161,94
1649,PLAYER_SLEEPBEFORE_START,1516299730161,95
1649,PLAYER_SLEEPBEFORE_END,1516299753716,95
1649,WS_SEND_START,1516299753716,95
1649,WS_SEND_END,1516299753716,95
1649,WS_RECV_START,1516299753716,96
1649,WS_RECV_END,1516299757535,96
1649,PLAYER_SLEEPBEFORE_START,1516299757535,97
1649,PLAYER_SLEEPBEFORE_END,1516299779976,97
1649,WS_SEND_START,1516299779976,97
1649,WS_SEND_END,1516299779976,97
1649,WS_RECV_START,1516299779976,98
1649,WS_RECV_END,1516299782825,98
1649,PLAYER_SLEEPBEFORE_START,1516299782825,99
1649,PLAYER_SLEEPBEFORE_END,1516299782846,99
1649,WS_SEND_START,1516299782846,99
1649,WS_SEND_END,1516299782846,99
1649,WS_RECV_START,1516299782846,100
1649,WS_RECV_END,1516299784002,100
1649,PLAYER_SLEEPBEFORE_START,1516299784002,101
1649,PLAYER_SLEEPBEFORE_END,1516299807561,101
1649,WS_SEND_START,1516299807561,101
1649,WS_SEND_END,1516299807561,101
1649,WS_RECV_START,1516299807561,102
1649,WS_RECV_END,1516299810341,102
1649,PLAYER_SLEEPBEFORE_START,1516299810341,103
1649,PLAYER_SLEEPBEFORE_END,1516299833966,103
1649,WS_SEND_START,1516299833966,103
1649,WS_SEND_END,1516299833966,103
1649,WS_RECV_START,1516299833966,104
1649,WS_RECV_END,1516299837280,104
1649,PLAYER_SLEEPBEFORE_START,1516299837280,105
1649,PLAYER_SLEEPBEFORE_END,1516299862657,105
1649,WS_SEND_START,1516299862657,105
1649,WS_SEND_END,1516299862657,105
1649,WS_RECV_START,1516299862657,106
1649,WS_RECV_END,1516299866660,106
1649,PLAYER_SLEEPBEFORE_START,1516299866660,107
1649,PLAYER_SLEEPBEFORE_END,1516299890083,107
1649,WS_SEND_START,1516299890083,107
1649,WS_SEND_END,1516299890083,107
1649,WS_RECV_START,1516299890083,108
1649,WS_RECV_END,1516299895993,108
1649,PLAYER_SLEEPBEFORE_START,1516299895993,109
1649,PLAYER_SLEEPBEFORE_END,1516299896002,109
1649,WS_SEND_START,1516299896002,109
1649,WS_SEND_END,1516299896002,109
1649,WS_RECV_START,1516299896002,110
1649,WS_RECV_END,1516299898430,110
1649,PLAYER_SLEEPBEFORE_START,1516299898430,111
1649,PLAYER_SLEEPBEFORE_END,1516299899389,111
1649,WS_SEND_START,1516299899389,111
1649,WS_SEND_END,1516299899389,111
1649,WS_RECV_START,1516299899389,112
1649,WS_RECV_END,1516299901483,112
1649,PLAYER_SLEEPBEFORE_START,1516299901483,113
1649,PLAYER_SLEEPBEFORE_END,1516299902045,113
1649,WS_SEND_START,1516299902045,113
1649,WS_SEND_END,1516299902046,113
1649,WS_RECV_START,1516299902046,114
1649,WS_RECV_END,1516299903860,114
1649,PLAYER_SLEEPBEFORE_START,1516299903860,115
1649,PLAYER_SLEEPBEFORE_END,1516299903869,115
1649,WS_SEND_START,1516299903869,115
1649,WS_SEND_END,1516299903869,115
1649,WS_RECV_START,1516299903869,116
1649,WS_RECV_END,1516299906060,116
1649,PLAYER_SLEEPBEFORE_START,1516299906060,117
1649,PLAYER_SLEEPBEFORE_END,1516299926420,117
1649,WS_SEND_START,1516299926420,117
1649,WS_SEND_END,1516299926420,117
1649,PLAYER_SLEEPBEFORE_START,1516299926420,118
1649,PLAYER_SLEEPBEFORE_END,1516299930172,118
1649,WS_SEND_START,1516299930172,118
1649,WS_SEND_END,1516299930172,118
1649,WS_RECV_START,1516299930172,119
1649,WS_RECV_END,1516299931261,119
1649,PLAYER_SLEEPBEFORE_START,1516299931261,120
1649,PLAYER_SLEEPBEFORE_END,1516299932249,120
1649,WS_SEND_START,1516299932249,120
1649,WS_SEND_END,1516299932249,120
1649,WS_RECV_START,1516299932249,121
1649,WS_RECV_END,1516299934021,121
1649,PLAYER_SLEEPBEFORE_START,1516299934021,122
1649,PLAYER_SLEEPBEFORE_END,1516299935206,122
1649,WS_SEND_START,1516299935206,122
1649,WS_SEND_END,1516299935206,122
1649,WS_RECV_START,1516299935206,123
1649,WS_RECV_END,1516299937252,123
1649,PLAYER_SLEEPBEFORE_START,1516299937252,124
1649,PLAYER_SLEEPBEFORE_END,1516299961658,124
1649,WS_SEND_START,1516299961658,124
1649,WS_SEND_END,1516299961658,124
1649,WS_RECV_START,1516299961658,125
1649,WS_RECV_END,1516299963489,125
1649,PLAYER_SLEEPBEFORE_START,1516299963489,126
1649,PLAYER_SLEEPBEFORE_END,1516299984001,126
1649,WS_SEND_START,1516299984001,126
1649,WS_SEND_END,1516299984001,126
1649,PLAYER_SLEEPBEFORE_START,1516299984001,127
1649,PLAYER_SLEEPBEFORE_END,1516299987055,127
1649,WS_SEND_START,1516299987055,127
1649,WS_SEND_END,1516299987055,127
1649,WS_RECV_START,1516299987055,128
1649,WS_RECV_END,1516299987886,128
1649,PLAYER_SLEEPBEFORE_START,1516299987886,129
1649,PLAYER_SLEEPBEFORE_END,1516299987906,129
1649,WS_SEND_START,1516299987906,129
1649,WS_SEND_END,1516299987907,129
1649,WS_RECV_START,1516299987907,130
1649,WS_RECV_END,1516299989300,130
1649,PLAYER_SLEEPBEFORE_START,1516299989300,131
1649,PLAYER_SLEEPBEFORE_END,1516300010925,131
1649,WS_SEND_START,1516300010925,131
1649,WS_SEND_END,1516300010925,131
1649,PLAYER_SLEEPBEFORE_START,1516300010925,132
1649,PLAYER_SLEEPBEFORE_END,1516300014005,132
1649,WS_SEND_START,1516300014005,132
1649,WS_SEND_END,1516300014005,132
1649,WS_RECV_START,1516300014005,133
1649,WS_RECV_END,1516300016929,133
1649,PLAYER_SLEEPBEFORE_START,1516300016929,134
1649,PLAYER_SLEEPBEFORE_END,1516300038146,134
1649,WS_SEND_START,1516300038146,134
1649,WS_SEND_END,1516300038146,134
1649,PLAYER_SLEEPBEFORE_START,1516300038146,135
1649,PLAYER_SLEEPBEFORE_END,1516300041336,135
1649,WS_SEND_START,1516300041336,135
1649,WS_SEND_END,1516300041336,135
1649,WS_RECV_START,1516300041336,136
1649,WS_RECV_END,1516300042712,136
1649,PLAYER_SLEEPBEFORE_START,1516300042712,137
1649,PLAYER_SLEEPBEFORE_END,1516300042719,137
1649,WS_SEND_START,1516300042719,137
1649,WS_SEND_END,1516300042719,137
1649,WS_RECV_START,1516300042719,138
1649,WS_RECV_END,1516300043382,138
1649,PLAYER_SLEEPBEFORE_START,1516300043382,139
1649,PLAYER_SLEEPBEFORE_END,1516300044072,139
1649,WS_SEND_START,1516300044072,139
1649,WS_SEND_END,1516300044072,139
1649,WS_RECV_START,1516300044072,140
1649,WS_RECV_END,1516300044683,140
1649,PLAYER_SLEEPBEFORE_START,1516300044683,141
1649,PLAYER_SLEEPBEFORE_END,1516300045338,141
1649,WS_SEND_START,1516300045338,141
1649,WS_SEND_END,1516300045338,141
1649,WS_RECV_START,1516300045338,142
1649,WS_RECV_END,1516300046257,142
1649,PLAYER_SLEEPBEFORE_START,1516300046258,143
1649,PLAYER_SLEEPBEFORE_END,1516300046315,143
1649,WS_SEND_START,1516300046315,143
1649,WS_SEND_END,1516300046315,143
1649,WS_RECV_START,1516300046315,144
1649,WS_RECV_END,1516300047170,144
1649,PLAYER_SLEEPBEFORE_START,1516300047170,145
1649,PLAYER_SLEEPBEFORE_END,1516300063232,145
1649,REQ_START,1516300063232,145
1649,REQ_END,1516300063238,145
1649,PLAYER_SLEEPBEFORE_START,1516300063238,146
1649,PLAYER_SLEEPBEFORE_END,1516300072115,146
1649,WS_SEND_START,1516300072115,146
1649,WS_SEND_END,1516300072115,146
1649,WS_RECV_START,1516300072115,147
1649,WS_RECV_END,1516300074066,147
1649,PLAYER_SLEEPBEFORE_START,1516300074066,148
1649,PLAYER_SLEEPBEFORE_END,1516300095988,148
1649,WS_SEND_START,1516300095988,148
1649,WS_SEND_END,1516300095988,148
1649,PLAYER_SLEEPBEFORE_START,1516300095988,149
1649,PLAYER_SLEEPBEFORE_END,1516300098416,149
1649,WS_SEND_START,1516300098416,149
1649,WS_SEND_END,1516300098416,149
1649,WS_RECV_START,1516300098416,150
1649,WS_RECV_END,1516300100485,150
1649,PLAYER_SLEEPBEFORE_START,1516300100485,151
1649,PLAYER_SLEEPBEFORE_END,1516300100695,151
1649,WS_SEND_START,1516300100695,151
1649,WS_SEND_END,1516300100695,151
1649,WS_RECV_START,1516300100695,152
1649,WS_RECV_END,1516300101661,152
1649,PLAYER_SLEEPBEFORE_START,1516300101661,153
1649,PLAYER_SLEEPBEFORE_END,1516300125588,153
1649,WS_SEND_START,1516300125588,153
1649,WS_SEND_END,1516300125588,153
1649,WS_RECV_START,1516300125588,154
1649,WS_RECV_END,1516300127718,154
1649,PLAYER_SLEEPBEFORE_START,1516300127718,155
1649,PLAYER_SLEEPBEFORE_END,1516300150276,155
1649,WS_SEND_START,1516300150276,155
1649,WS_SEND_END,1516300150276,155
1649,PLAYER_SLEEPBEFORE_START,1516300150276,156
1649,PLAYER_SLEEPBEFORE_END,1516300153550,156
1649,WS_SEND_START,1516300153550,156
1649,WS_SEND_END,1516300153550,156
1649,WS_RECV_START,1516300153550,157
1649,WS_RECV_END,1516300157313,157
1649,PLAYER_SLEEPBEFORE_START,1516300157313,158
1649,PLAYER_SLEEPBEFORE_END,1516300157323,158
1649,WS_SEND_START,1516300157323,158
1649,WS_SEND_END,1516300157323,158
1649,WS_RECV_START,1516300157323,159
1649,WS_RECV_END,1516300158706,159
1649,PLAYER_SLEEPBEFORE_START,1516300158706,160
1649,PLAYER_SLEEPBEFORE_END,1516300158881,160
1649,WS_SEND_START,1516300158881,160
1649,WS_SEND_END,1516300158881,160
1649,WS_RECV_START,1516300158881,161
1649,WS_RECV_END,1516300161577,161
1649,PLAYER_SLEEPBEFORE_START,1516300161577,162
1649,PLAYER_SLEEPBEFORE_END,1516300161602,162
1649,WS_SEND_START,1516300161602,162
1649,WS_SEND_END,1516300161602,162
1649,WS_RECV_START,1516300161602,163
1649,WS_RECV_END,1516300164176,163
1649,PLAYER_SLEEPBEFORE_START,1516300164176,164
1649,PLAYER_SLEEPBEFORE_END,1516300184988,164
1649,WS_SEND_START,1516300184988,164
1649,WS_SEND_END,1516300184988,164
1649,WS_RECV_START,1516300184988,165
1649,WS_RECV_END,1516300189341,165
1649,PLAYER_SLEEPBEFORE_START,1516300189341,166
1649,PLAYER_SLEEPBEFORE_END,1516300211796,166
1649,WS_SEND_START,1516300211796,166
1649,WS_SEND_END,1516300211796,166
1649,WS_RECV_START,1516300211796,167
1649,WS_RECV_END,1516300214711,167
1649,PLAYER_SLEEPBEFORE_START,1516300214711,168
1649,PLAYER_SLEEPBEFORE_END,1516300242068,168
1649,WS_SEND_START,1516300242068,168
1649,WS_SEND_END,1516300242068,168
1649,WS_RECV_START,1516300242068,169
1649,WS_RECV_END,1516300244465,169
1649,PLAYER_SLEEPBEFORE_START,1516300244465,170
1649,PLAYER_SLEEPBEFORE_END,1516300244474,170
1649,WS_SEND_START,1516300244474,170
1649,WS_SEND_END,1516300244474,170
1649,WS_RECV_START,1516300244474,171
1649,WS_RECV_END,1516300246538,171
1649,PLAYER_SLEEPBEFORE_START,1516300246538,172
1649,PLAYER_SLEEPBEFORE_END,1516300246907,172
1649,WS_SEND_START,1516300246907,172
1649,WS_SEND_END,1516300246907,172
1649,WS_RECV_START,1516300246907,173
1649,WS_RECV_END,1516300248455,173
1649,PLAYER_SLEEPBEFORE_START,1516300248455,174
1649,PLAYER_SLEEPBEFORE_END,1516300248496,174
1649,WS_SEND_START,1516300248496,174
1649,WS_SEND_END,1516300248496,174
1649,WS_RECV_START,1516300248496,175
1649,WS_RECV_END,1516300250716,175
1649,PLAYER_SLEEPBEFORE_START,1516300250716,176
1649,PLAYER_SLEEPBEFORE_END,1516300272477,176
1649,WS_SEND_START,1516300272477,176
1649,WS_SEND_END,1516300272477,176
1649,PLAYER_SLEEPBEFORE_START,1516300272477,177
1649,PLAYER_SLEEPBEFORE_END,1516300274995,177
1649,WS_SEND_START,1516300274995,177
1649,WS_SEND_END,1516300274995,177
1649,WS_RECV_START,1516300274995,178
1649,WS_RECV_END,1516300275274,178
1649,PLAYER_SLEEPBEFORE_START,1516300275274,179
1649,PLAYER_SLEEPBEFORE_END,1516300297614,179
1649,WS_SEND_START,1516300297614,179
1649,WS_SEND_END,1516300297614,179
1649,WS_RECV_START,1516300297614,180
1649,WS_RECV_END,1516300297893,180
1649,PLAYER_SLEEPBEFORE_START,1516300297893,181
1649,PLAYER_SLEEPBEFORE_END,1516300298337,181
1649,WS_SEND_START,1516300298337,181
1649,WS_SEND_END,1516300298337,181
1649,WS_RECV_START,1516300298337,182
1649,WS_RECV_END,1516300299216,182
1649,PLAYER_SLEEPBEFORE_START,1516300299216,183
1649,PLAYER_SLEEPBEFORE_END,1516300299739,183
1649,WS_SEND_START,1516300299739,183
1649,WS_SEND_END,1516300299739,183
1649,WS_RECV_START,1516300299739,184
1649,WS_RECV_END,1516300300280,184
1649,PLAYER_SLEEPBEFORE_START,1516300300280,185
1649,PLAYER_SLEEPBEFORE_END,1516300300548,185
1649,WS_SEND_START,1516300300548,185
1649,WS_SEND_END,1516300300548,185
1649,WS_RECV_START,1516300300548,186
1649,WS_RECV_END,1516300300796,186
1649,PLAYER_SLEEPBEFORE_START,1516300300796,187
1649,PLAYER_SLEEPBEFORE_END,1516300323297,187
1649,WS_SEND_START,1516300323297,187
1649,WS_SEND_END,1516300323297,187
1649,WS_RECV_START,1516300323297,188
1649,WS_RECV_END,1516300323744,188
1649,PLAYER_SLEEPBEFORE_START,1516300323745,189
1649,PLAYER_SLEEPBEFORE_END,1516300329984,189
1649,WS_SEND_START,1516300329984,189
1649,WS_SEND_END,1516300329984,189
1649,WS_RECV_START,1516300329984,190
1649,WS_RECV_END,1516300330269,190
1649,PLAYER_SLEEPBEFORE_START,1516300330269,191
1649,PLAYER_SLEEPBEFORE_END,1516300332185,191
1649,WS_SEND_START,1516300332185,191
1649,WS_SEND_END,1516300332185,191
1649,WS_RECV_START,1516300332185,192
1649,WS_RECV_END,1516300332687,192
1649,PLAYER_SLEEPBEFORE_START,1516300332687,193
1649,PLAYER_SLEEPBEFORE_END,1516300332815,193
1649,WS_SEND_START,1516300332815,193
1649,WS_SEND_END,1516300332815,193
1649,WS_RECV_START,1516300332815,194
1649,WS_RECV_END,1516300332932,194
1649,PLAYER_SLEEPBEFORE_START,1516300332932,195
1649,PLAYER_SLEEPBEFORE_END,1516300334687,195
1649,WS_SEND_START,1516300334687,195
1649,WS_SEND_END,1516300334687,195
1649,WS_RECV_START,1516300334687,196
1649,WS_RECV_END,1516300334801,196
1649,PLAYER_SLEEPBEFORE_START,1516300334801,197
1649,PLAYER_SLEEPBEFORE_END,1516300336605,197
1649,WS_SEND_START,1516300336605,197
1649,WS_SEND_END,1516300336605,197
1649,WS_RECV_START,1516300336605,198
1649,WS_RECV_END,1516300336799,198
1649,PLAYER_SLEEPBEFORE_START,1516300336799,199
1649,PLAYER_SLEEPBEFORE_END,1516300348653,199
1649,WS_SEND_START,1516300348653,199
1649,WS_SEND_END,1516300348653,199
1649,PLAYER_SLEEPBEFORE_START,1516300348653,200
1649,PLAYER_SLEEPBEFORE_END,1516300352741,200
1649,WS_SEND_START,1516300352741,200
1649,WS_SEND_END,1516300352741,200
1649,WS_RECV_START,1516300352741,201
1649,WS_RECV_END,1516300352914,201
1649,PLAYER_SLEEPBEFORE_START,1516300352914,202
1649,PLAYER_SLEEPBEFORE_END,1516300352928,202
1649,WS_SEND_START,1516300352928,202
1649,WS_SEND_END,1516300352928,202
1649,WS_RECV_START,1516300352928,203
1649,WS_RECV_END,1516300353059,203
1649,PLAYER_SLEEPBEFORE_START,1516300353059,204
1649,PLAYER_SLEEPBEFORE_END,1516300372709,204
1649,WS_SEND_START,1516300372709,204
1649,WS_SEND_END,1516300372709,204
1649,PLAYER_SLEEPBEFORE_START,1516300372709,205
1649,PLAYER_SLEEPBEFORE_END,1516300376607,205
1649,WS_SEND_START,1516300376607,205
1649,WS_SEND_END,1516300376607,205
1649,WS_RECV_START,1516300376607,206
1649,WS_RECV_END,1516300376741,206
1649,PLAYER_SLEEPBEFORE_START,1516300376741,207
1649,PLAYER_SLEEPBEFORE_END,1516300393672,207
1649,REQ_START,1516300393672,207
1649,REQ_END,1516300393678,207
1649,PLAYER_SLEEPBEFORE_START,1516300393678,208
1649,PLAYER_SLEEPBEFORE_END,1516300400530,208
1649,WS_CLOSE_START,1516300400531,208
1649,WS_CLOSE_END,1516300400531,208
1649,PLAYER_DONE,1516300400531
