# --sessions 2700 --app-url=http://shinyloadtest.rstudioservices.com/cran_explorer --output-dir test2700 --overwrite-output --log-level warn --start-interval 100 15min.log
thread_id,event,timestamp,input_line_number,comment
1655,PLAYER_SESSION_CREATE,1516299245983
1655,PLAYER_START_INTERVAL_START,1516299245983
1655,PLAYER_START_INTERVAL_END,1516299411483
1655,REQ_HOME_START,1516299411483,2
1655,REQ_HOME_END,1516299411607,2
1655,REQ_START,1516299411607,3
1655,REQ_END,1516299411791,3
1655,REQ_START,1516299411791,4
1655,REQ_END,1516299411929,4
1655,REQ_START,1516299411929,5
1655,REQ_END,1516299411971,5
1655,REQ_START,1516299411971,6
1655,REQ_END,1516299412004,6
1655,REQ_START,1516299412004,7
1655,REQ_END,1516299412040,7
1655,REQ_START,1516299412040,8
1655,REQ_END,1516299412078,8
1655,REQ_START,1516299412078,9
1655,REQ_END,1516299412116,9
1655,REQ_START,1516299412116,10
1655,REQ_END,1516299412120,10
1655,REQ_START,1516299412120,11
1655,REQ_END,1516299412154,11
1655,REQ_START,1516299412154,12
1655,REQ_END,1516299412160,12
1655,REQ_START,1516299412160,13
1655,REQ_END,1516299412193,13
1655,REQ_START,1516299412193,14
1655,REQ_END,1516299412206,14
1655,REQ_START,1516299412206,15
1655,REQ_END,1516299412246,15
1655,REQ_TOK_START,1516299412246,16
1655,REQ_TOK_END,1516299412250,16
1655,REQ_SINF_START,1516299412250,17
1655,REQ_SINF_END,1516299412254,17
1655,WS_OPEN_START,1516299412254,18
1655,WS_OPEN_END,1516299412257,18
1655,REQ_START,1516299412257,19
1655,REQ_END,1516299412288,19
1655,WS_RECV_START,1516299412288,20
1655,WS_RECV_END,1516299412288,20
1655,PLAYER_SLEEPBEFORE_START,1516299412288,21
1655,PLAYER_SLEEPBEFORE_END,1516299412293,21
1655,WS_SEND_START,1516299412293,21
1655,WS_SEND_END,1516299412293,21
1655,PLAYER_SLEEPBEFORE_START,1516299412293,22
1655,PLAYER_SLEEPBEFORE_END,1516299412294,22
1655,WS_SEND_START,1516299412294,22
1655,WS_SEND_END,1516299412294,22
1655,WS_RECV_INIT_START,1516299412294,23
1655,WS_RECV_INIT_END,1516299412352,23
1655,WS_RECV_START,1516299412352,24
1655,WS_RECV_END,1516299412412,24
1655,PLAYER_SLEEPBEFORE_START,1516299412412,25
1655,PLAYER_SLEEPBEFORE_END,1516299412420,25
1655,REQ_START,1516299412420,25
1655,REQ_END,1516299412473,25
1655,PLAYER_SLEEPBEFORE_START,1516299412473,26
1655,PLAYER_SLEEPBEFORE_END,1516299412474,26
1655,REQ_START,1516299412474,26
1655,REQ_END,1516299412511,26
1655,PLAYER_SLEEPBEFORE_START,1516299412511,27
1655,PLAYER_SLEEPBEFORE_END,1516299412514,27
1655,REQ_START,1516299412515,27
1655,REQ_END,1516299412553,27
1655,PLAYER_SLEEPBEFORE_START,1516299412554,28
1655,PLAYER_SLEEPBEFORE_END,1516299412839,28
1655,REQ_START,1516299412839,28
1655,REQ_END,1516299412958,28
1655,PLAYER_SLEEPBEFORE_START,1516299412958,29
1655,PLAYER_SLEEPBEFORE_END,1516299413133,29
1655,WS_SEND_START,1516299413133,29
1655,WS_SEND_END,1516299413133,29
1655,WS_RECV_START,1516299413133,30
1655,WS_RECV_END,1516299413270,30
1655,PLAYER_SLEEPBEFORE_START,1516299413270,31
1655,PLAYER_SLEEPBEFORE_END,1516299413281,31
1655,REQ_START,1516299413281,31
1655,REQ_END,1516299413318,31
1655,PLAYER_SLEEPBEFORE_START,1516299413318,32
1655,PLAYER_SLEEPBEFORE_END,1516299441463,32
1655,WS_SEND_START,1516299441463,32
1655,WS_SEND_END,1516299441463,32
1655,WS_RECV_START,1516299441464,33
1655,WS_RECV_END,1516299441570,33
1655,PLAYER_SLEEPBEFORE_START,1516299441570,34
1655,PLAYER_SLEEPBEFORE_END,1516299467481,34
1655,WS_SEND_START,1516299467481,34
1655,WS_SEND_END,1516299467481,34
1655,WS_RECV_START,1516299467481,35
1655,WS_RECV_END,1516299467697,35
1655,PLAYER_SLEEPBEFORE_START,1516299467697,36
1655,PLAYER_SLEEPBEFORE_END,1516299467706,36
1655,WS_SEND_START,1516299467706,36
1655,WS_SEND_END,1516299467706,36
1655,WS_RECV_START,1516299467706,37
1655,WS_RECV_END,1516299467773,37
1655,PLAYER_SLEEPBEFORE_START,1516299467773,38
1655,PLAYER_SLEEPBEFORE_END,1516299470968,38
1655,WS_SEND_START,1516299470969,38
1655,WS_SEND_END,1516299470969,38
1655,WS_RECV_START,1516299470969,39
1655,WS_RECV_END,1516299471150,39
1655,PLAYER_SLEEPBEFORE_START,1516299471150,40
1655,PLAYER_SLEEPBEFORE_END,1516299471196,40
1655,WS_SEND_START,1516299471196,40
1655,WS_SEND_END,1516299471196,40
1655,WS_RECV_START,1516299471196,41
1655,WS_RECV_END,1516299471336,41
1655,PLAYER_SLEEPBEFORE_START,1516299471336,42
1655,PLAYER_SLEEPBEFORE_END,1516299489471,42
1655,WS_SEND_START,1516299489471,42
1655,WS_SEND_END,1516299489471,42
1655,WS_RECV_START,1516299489471,43
1655,WS_RECV_END,1516299489905,43
1655,PLAYER_SLEEPBEFORE_START,1516299489905,44
1655,PLAYER_SLEEPBEFORE_END,1516299489917,44
1655,WS_SEND_START,1516299489917,44
1655,WS_SEND_END,1516299489917,44
1655,WS_RECV_START,1516299489917,45
1655,WS_RECV_END,1516299489977,45
1655,PLAYER_SLEEPBEFORE_START,1516299489977,46
1655,PLAYER_SLEEPBEFORE_END,1516299491237,46
1655,WS_SEND_START,1516299491237,46
1655,WS_SEND_END,1516299491238,46
1655,WS_RECV_START,1516299491238,47
1655,WS_RECV_END,1516299491291,47
1655,PLAYER_SLEEPBEFORE_START,1516299491291,48
1655,PLAYER_SLEEPBEFORE_END,1516299492611,48
1655,WS_SEND_START,1516299492611,48
1655,WS_SEND_END,1516299492611,48
1655,WS_RECV_START,1516299492611,49
1655,WS_RECV_END,1516299493041,49
1655,PLAYER_SLEEPBEFORE_START,1516299493041,50
1655,PLAYER_SLEEPBEFORE_END,1516299493065,50
1655,WS_SEND_START,1516299493065,50
1655,WS_SEND_END,1516299493065,50
1655,WS_RECV_START,1516299493065,51
1655,WS_RECV_END,1516299493724,51
1655,PLAYER_SLEEPBEFORE_START,1516299493724,52
1655,PLAYER_SLEEPBEFORE_END,1516299516322,52
1655,WS_SEND_START,1516299516322,52
1655,WS_SEND_END,1516299516322,52
1655,WS_RECV_START,1516299516322,53
1655,WS_RECV_END,1516299516651,53
1655,PLAYER_SLEEPBEFORE_START,1516299516651,54
1655,PLAYER_SLEEPBEFORE_END,1516299537954,54
1655,WS_SEND_START,1516299537954,54
1655,WS_SEND_END,1516299537954,54
1655,PLAYER_SLEEPBEFORE_START,1516299537954,55
1655,PLAYER_SLEEPBEFORE_END,1516299539895,55
1655,WS_SEND_START,1516299539895,55
1655,WS_SEND_END,1516299539895,55
1655,WS_RECV_START,1516299539895,56
1655,WS_RECV_END,1516299540728,56
1655,PLAYER_SLEEPBEFORE_START,1516299540728,57
1655,PLAYER_SLEEPBEFORE_END,1516299563600,57
1655,WS_SEND_START,1516299563600,57
1655,WS_SEND_END,1516299563600,57
1655,WS_RECV_START,1516299563600,58
1655,WS_RECV_END,1516299564888,58
1655,PLAYER_SLEEPBEFORE_START,1516299564888,59
1655,PLAYER_SLEEPBEFORE_END,1516299567215,59
1655,WS_SEND_START,1516299567215,59
1655,WS_SEND_END,1516299567215,59
1655,WS_RECV_START,1516299567215,60
1655,WS_RECV_END,1516299567964,60
1655,PLAYER_SLEEPBEFORE_START,1516299567964,61
1655,PLAYER_SLEEPBEFORE_END,1516299571555,61
1655,WS_SEND_START,1516299571555,61
1655,WS_SEND_END,1516299571555,61
1655,WS_RECV_START,1516299571555,62
1655,WS_RECV_END,1516299572360,62
1655,PLAYER_SLEEPBEFORE_START,1516299572360,63
1655,PLAYER_SLEEPBEFORE_END,1516299591622,63
1655,WS_SEND_START,1516299591622,63
1655,WS_SEND_END,1516299591622,63
1655,WS_RECV_START,1516299591622,64
1655,WS_RECV_END,1516299593045,64
1655,PLAYER_SLEEPBEFORE_START,1516299593045,65
1655,PLAYER_SLEEPBEFORE_END,1516299619862,65
1655,WS_SEND_START,1516299619862,65
1655,WS_SEND_END,1516299619862,65
1655,WS_RECV_START,1516299619862,66
1655,WS_RECV_END,1516299620434,66
1655,PLAYER_SLEEPBEFORE_START,1516299620434,67
1655,PLAYER_SLEEPBEFORE_END,1516299621941,67
1655,WS_SEND_START,1516299621941,67
1655,WS_SEND_END,1516299621941,67
1655,WS_RECV_START,1516299621941,68
1655,WS_RECV_END,1516299622440,68
1655,PLAYER_SLEEPBEFORE_START,1516299622440,69
1655,PLAYER_SLEEPBEFORE_END,1516299644438,69
1655,WS_SEND_START,1516299644438,69
1655,WS_SEND_END,1516299644438,69
1655,WS_RECV_START,1516299644438,70
1655,WS_RECV_END,1516299645074,70
1655,PLAYER_SLEEPBEFORE_START,1516299645074,71
1655,PLAYER_SLEEPBEFORE_END,1516299669849,71
1655,WS_SEND_START,1516299669849,71
1655,WS_SEND_END,1516299669849,71
1655,PLAYER_SLEEPBEFORE_START,1516299669849,72
1655,PLAYER_SLEEPBEFORE_END,1516299672456,72
1655,WS_SEND_START,1516299672456,72
1655,WS_SEND_END,1516299672456,72
1655,WS_RECV_START,1516299672456,73
1655,WS_RECV_END,1516299673025,73
1655,PLAYER_SLEEPBEFORE_START,1516299673025,74
1655,PLAYER_SLEEPBEFORE_END,1516299673034,74
1655,WS_SEND_START,1516299673034,74
1655,WS_SEND_END,1516299673034,74
1655,WS_RECV_START,1516299673034,75
1655,WS_RECV_END,1516299673337,75
1655,PLAYER_SLEEPBEFORE_START,1516299673337,76
1655,PLAYER_SLEEPBEFORE_END,1516299674843,76
1655,WS_SEND_START,1516299674843,76
1655,WS_SEND_END,1516299674843,76
1655,WS_RECV_START,1516299674843,77
1655,WS_RECV_END,1516299675391,77
1655,PLAYER_SLEEPBEFORE_START,1516299675391,78
1655,PLAYER_SLEEPBEFORE_END,1516299676259,78
1655,WS_SEND_START,1516299676259,78
1655,WS_SEND_END,1516299676259,78
1655,WS_RECV_START,1516299676259,79
1655,WS_RECV_END,1516299676467,79
1655,PLAYER_SLEEPBEFORE_START,1516299676467,80
1655,PLAYER_SLEEPBEFORE_END,1516299684133,80
1655,WS_SEND_START,1516299684133,80
1655,WS_SEND_END,1516299684133,80
1655,WS_RECV_START,1516299684133,81
1655,WS_RECV_END,1516299684947,81
1655,PLAYER_SLEEPBEFORE_START,1516299684947,82
1655,PLAYER_SLEEPBEFORE_END,1516299686049,82
1655,WS_SEND_START,1516299686049,82
1655,WS_SEND_END,1516299686049,82
1655,WS_RECV_START,1516299686049,83
1655,WS_RECV_END,1516299687618,83
1655,PLAYER_SLEEPBEFORE_START,1516299687618,84
1655,PLAYER_SLEEPBEFORE_END,1516299688565,84
1655,WS_SEND_START,1516299688565,84
1655,WS_SEND_END,1516299688565,84
1655,WS_RECV_START,1516299688565,85
1655,WS_RECV_END,1516299689947,85
1655,PLAYER_SLEEPBEFORE_START,1516299689947,86
1655,PLAYER_SLEEPBEFORE_END,1516299694119,86
1655,WS_SEND_START,1516299694119,86
1655,WS_SEND_END,1516299694119,86
1655,WS_RECV_START,1516299694119,87
1655,WS_RECV_END,1516299694486,87
1655,PLAYER_SLEEPBEFORE_START,1516299694486,88
1655,PLAYER_SLEEPBEFORE_END,1516299694494,88
1655,WS_SEND_START,1516299694494,88
1655,WS_SEND_END,1516299694494,88
1655,WS_RECV_START,1516299694494,89
1655,WS_RECV_END,1516299694919,89
1655,PLAYER_SLEEPBEFORE_START,1516299694919,90
1655,PLAYER_SLEEPBEFORE_END,1516299722116,90
1655,REQ_START,1516299722116,90
1655,REQ_END,1516299722123,90
1655,PLAYER_SLEEPBEFORE_START,1516299722123,91
1655,PLAYER_SLEEPBEFORE_END,1516299730012,91
1655,WS_SEND_START,1516299730012,91
1655,WS_SEND_END,1516299730012,91
1655,WS_RECV_START,1516299730012,92
1655,WS_RECV_END,1516299731786,92
1655,PLAYER_SLEEPBEFORE_START,1516299731786,93
1655,PLAYER_SLEEPBEFORE_END,1516299731801,93
1655,WS_SEND_START,1516299731801,93
1655,WS_SEND_END,1516299731801,93
1655,WS_RECV_START,1516299731801,94
1655,WS_RECV_END,1516299732837,94
1655,PLAYER_SLEEPBEFORE_START,1516299732837,95
1655,PLAYER_SLEEPBEFORE_END,1516299756392,95
1655,WS_SEND_START,1516299756392,95
1655,WS_SEND_END,1516299756392,95
1655,WS_RECV_START,1516299756392,96
1655,WS_RECV_END,1516299758942,96
1655,PLAYER_SLEEPBEFORE_START,1516299758942,97
1655,PLAYER_SLEEPBEFORE_END,1516299781382,97
1655,WS_SEND_START,1516299781382,97
1655,WS_SEND_END,1516299781382,97
1655,WS_RECV_START,1516299781382,98
1655,WS_RECV_END,1516299782596,98
1655,PLAYER_SLEEPBEFORE_START,1516299782596,99
1655,PLAYER_SLEEPBEFORE_END,1516299782617,99
1655,WS_SEND_START,1516299782617,99
1655,WS_SEND_END,1516299782617,99
1655,WS_RECV_START,1516299782617,100
1655,WS_RECV_END,1516299783595,100
1655,PLAYER_SLEEPBEFORE_START,1516299783595,101
1655,PLAYER_SLEEPBEFORE_END,1516299807154,101
1655,WS_SEND_START,1516299807154,101
1655,WS_SEND_END,1516299807154,101
1655,WS_RECV_START,1516299807154,102
1655,WS_RECV_END,1516299810881,102
1655,PLAYER_SLEEPBEFORE_START,1516299810881,103
1655,PLAYER_SLEEPBEFORE_END,1516299834506,103
1655,WS_SEND_START,1516299834506,103
1655,WS_SEND_END,1516299834506,103
1655,WS_RECV_START,1516299834506,104
1655,WS_RECV_END,1516299837831,104
1655,PLAYER_SLEEPBEFORE_START,1516299837831,105
1655,PLAYER_SLEEPBEFORE_END,1516299863208,105
1655,WS_SEND_START,1516299863208,105
1655,WS_SEND_END,1516299863208,105
1655,WS_RECV_START,1516299863208,106
1655,WS_RECV_END,1516299866625,106
1655,PLAYER_SLEEPBEFORE_START,1516299866625,107
1655,PLAYER_SLEEPBEFORE_END,1516299890048,107
1655,WS_SEND_START,1516299890048,107
1655,WS_SEND_END,1516299890048,107
1655,WS_RECV_START,1516299890048,108
1655,WS_RECV_END,1516299893477,108
1655,PLAYER_SLEEPBEFORE_START,1516299893477,109
1655,PLAYER_SLEEPBEFORE_END,1516299893486,109
1655,WS_SEND_START,1516299893486,109
1655,WS_SEND_END,1516299893486,109
1655,WS_RECV_START,1516299893486,110
1655,WS_RECV_END,1516299894889,110
1655,PLAYER_SLEEPBEFORE_START,1516299894889,111
1655,PLAYER_SLEEPBEFORE_END,1516299895848,111
1655,WS_SEND_START,1516299895848,111
1655,WS_SEND_END,1516299895848,111
1655,WS_RECV_START,1516299895848,112
1655,WS_RECV_END,1516299897053,112
1655,PLAYER_SLEEPBEFORE_START,1516299897053,113
1655,PLAYER_SLEEPBEFORE_END,1516299897615,113
1655,WS_SEND_START,1516299897615,113
1655,WS_SEND_END,1516299897615,113
1655,WS_RECV_START,1516299897615,114
1655,WS_RECV_END,1516299898728,114
1655,PLAYER_SLEEPBEFORE_START,1516299898728,115
1655,PLAYER_SLEEPBEFORE_END,1516299898737,115
1655,WS_SEND_START,1516299898737,115
1655,WS_SEND_END,1516299898737,115
1655,WS_RECV_START,1516299898737,116
1655,WS_RECV_END,1516299899343,116
1655,PLAYER_SLEEPBEFORE_START,1516299899343,117
1655,PLAYER_SLEEPBEFORE_END,1516299919703,117
1655,WS_SEND_START,1516299919703,117
1655,WS_SEND_END,1516299919703,117
1655,PLAYER_SLEEPBEFORE_START,1516299919703,118
1655,PLAYER_SLEEPBEFORE_END,1516299923455,118
1655,WS_SEND_START,1516299923455,118
1655,WS_SEND_END,1516299923455,118
1655,WS_RECV_START,1516299923455,119
1655,WS_RECV_END,1516299925548,119
1655,PLAYER_SLEEPBEFORE_START,1516299925548,120
1655,PLAYER_SLEEPBEFORE_END,1516299926536,120
1655,WS_SEND_START,1516299926536,120
1655,WS_SEND_END,1516299926536,120
1655,WS_RECV_START,1516299926536,121
1655,WS_RECV_END,1516299928615,121
1655,PLAYER_SLEEPBEFORE_START,1516299928615,122
1655,PLAYER_SLEEPBEFORE_END,1516299929800,122
1655,WS_SEND_START,1516299929801,122
1655,WS_SEND_END,1516299929801,122
1655,WS_RECV_START,1516299929801,123
1655,WS_RECV_END,1516299932488,123
1655,PLAYER_SLEEPBEFORE_START,1516299932488,124
1655,PLAYER_SLEEPBEFORE_END,1516299956893,124
1655,WS_SEND_START,1516299956893,124
1655,WS_SEND_END,1516299956893,124
1655,WS_RECV_START,1516299956893,125
1655,WS_RECV_END,1516299957210,125
1655,PLAYER_SLEEPBEFORE_START,1516299957210,126
1655,PLAYER_SLEEPBEFORE_END,1516299977722,126
1655,WS_SEND_START,1516299977722,126
1655,WS_SEND_END,1516299977722,126
1655,PLAYER_SLEEPBEFORE_START,1516299977722,127
1655,PLAYER_SLEEPBEFORE_END,1516299980776,127
1655,WS_SEND_START,1516299980776,127
1655,WS_SEND_END,1516299980776,127
1655,WS_RECV_START,1516299980776,128
1655,WS_RECV_END,1516299985159,128
1655,PLAYER_SLEEPBEFORE_START,1516299985159,129
1655,PLAYER_SLEEPBEFORE_END,1516299985179,129
1655,WS_SEND_START,1516299985179,129
1655,WS_SEND_END,1516299985179,129
1655,WS_RECV_START,1516299985179,130
1655,WS_RECV_END,1516299987998,130
1655,PLAYER_SLEEPBEFORE_START,1516299987998,131
1655,PLAYER_SLEEPBEFORE_END,1516300009622,131
1655,WS_SEND_START,1516300009622,131
1655,WS_SEND_END,1516300009622,131
1655,PLAYER_SLEEPBEFORE_START,1516300009622,132
1655,PLAYER_SLEEPBEFORE_END,1516300012702,132
1655,WS_SEND_START,1516300012702,132
1655,WS_SEND_END,1516300012702,132
1655,WS_RECV_START,1516300012702,133
1655,WS_RECV_END,1516300012929,133
1655,PLAYER_SLEEPBEFORE_START,1516300012929,134
1655,PLAYER_SLEEPBEFORE_END,1516300034147,134
1655,WS_SEND_START,1516300034147,134
1655,WS_SEND_END,1516300034147,134
1655,PLAYER_SLEEPBEFORE_START,1516300034147,135
1655,PLAYER_SLEEPBEFORE_END,1516300037337,135
1655,WS_SEND_START,1516300037337,135
1655,WS_SEND_END,1516300037337,135
1655,WS_RECV_START,1516300037337,136
1655,WS_RECV_END,1516300038076,136
1655,PLAYER_SLEEPBEFORE_START,1516300038076,137
1655,PLAYER_SLEEPBEFORE_END,1516300038083,137
1655,WS_SEND_START,1516300038083,137
1655,WS_SEND_END,1516300038083,137
1655,WS_RECV_START,1516300038083,138
1655,WS_RECV_END,1516300038201,138
1655,PLAYER_SLEEPBEFORE_START,1516300038201,139
1655,PLAYER_SLEEPBEFORE_END,1516300038891,139
1655,WS_SEND_START,1516300038891,139
1655,WS_SEND_END,1516300038891,139
1655,WS_RECV_START,1516300038891,140
1655,WS_RECV_END,1516300039675,140
1655,PLAYER_SLEEPBEFORE_START,1516300039675,141
1655,PLAYER_SLEEPBEFORE_END,1516300040330,141
1655,WS_SEND_START,1516300040330,141
1655,WS_SEND_END,1516300040331,141
1655,WS_RECV_START,1516300040331,142
1655,WS_RECV_END,1516300040829,142
1655,PLAYER_SLEEPBEFORE_START,1516300040829,143
1655,PLAYER_SLEEPBEFORE_END,1516300040886,143
1655,WS_SEND_START,1516300040886,143
1655,WS_SEND_END,1516300040886,143
1655,WS_RECV_START,1516300040886,144
1655,WS_RECV_END,1516300041933,144
1655,PLAYER_SLEEPBEFORE_START,1516300041933,145
1655,PLAYER_SLEEPBEFORE_END,1516300057996,145
1655,REQ_START,1516300057996,145
1655,REQ_END,1516300058001,145
1655,PLAYER_SLEEPBEFORE_START,1516300058001,146
1655,PLAYER_SLEEPBEFORE_END,1516300066878,146
1655,WS_SEND_START,1516300066878,146
1655,WS_SEND_END,1516300066878,146
1655,WS_RECV_START,1516300066878,147
1655,WS_RECV_END,1516300068855,147
1655,PLAYER_SLEEPBEFORE_START,1516300068855,148
1655,PLAYER_SLEEPBEFORE_END,1516300090777,148
1655,WS_SEND_START,1516300090777,148
1655,WS_SEND_END,1516300090777,148
1655,PLAYER_SLEEPBEFORE_START,1516300090777,149
1655,PLAYER_SLEEPBEFORE_END,1516300093205,149
1655,WS_SEND_START,1516300093205,149
1655,WS_SEND_END,1516300093205,149
1655,WS_RECV_START,1516300093205,150
1655,WS_RECV_END,1516300093977,150
1655,PLAYER_SLEEPBEFORE_START,1516300093977,151
1655,PLAYER_SLEEPBEFORE_END,1516300094188,151
1655,WS_SEND_START,1516300094188,151
1655,WS_SEND_END,1516300094188,151
1655,WS_RECV_START,1516300094188,152
1655,WS_RECV_END,1516300095236,152
1655,PLAYER_SLEEPBEFORE_START,1516300095236,153
1655,PLAYER_SLEEPBEFORE_END,1516300119163,153
1655,WS_SEND_START,1516300119163,153
1655,WS_SEND_END,1516300119163,153
1655,WS_RECV_START,1516300119163,154
1655,WS_RECV_END,1516300121695,154
1655,PLAYER_SLEEPBEFORE_START,1516300121696,155
1655,PLAYER_SLEEPBEFORE_END,1516300144254,155
1655,WS_SEND_START,1516300144254,155
1655,WS_SEND_END,1516300144254,155
1655,PLAYER_SLEEPBEFORE_START,1516300144254,156
1655,PLAYER_SLEEPBEFORE_END,1516300147528,156
1655,WS_SEND_START,1516300147528,156
1655,WS_SEND_END,1516300147528,156
1655,WS_RECV_START,1516300147528,157
1655,WS_RECV_END,1516300147813,157
1655,PLAYER_SLEEPBEFORE_START,1516300147813,158
1655,PLAYER_SLEEPBEFORE_END,1516300147823,158
1655,WS_SEND_START,1516300147823,158
1655,WS_SEND_END,1516300147823,158
1655,WS_RECV_START,1516300147823,159
1655,WS_RECV_END,1516300150469,159
1655,PLAYER_SLEEPBEFORE_START,1516300150469,160
1655,PLAYER_SLEEPBEFORE_END,1516300150644,160
1655,WS_SEND_START,1516300150644,160
1655,WS_SEND_END,1516300150644,160
1655,WS_RECV_START,1516300150644,161
1655,WS_RECV_END,1516300152598,161
1655,PLAYER_SLEEPBEFORE_START,1516300152598,162
1655,PLAYER_SLEEPBEFORE_END,1516300152623,162
1655,WS_SEND_START,1516300152623,162
1655,WS_SEND_END,1516300152623,162
1655,WS_RECV_START,1516300152623,163
1655,WS_RECV_END,1516300155516,163
1655,PLAYER_SLEEPBEFORE_START,1516300155516,164
1655,PLAYER_SLEEPBEFORE_END,1516300176328,164
1655,WS_SEND_START,1516300176328,164
1655,WS_SEND_END,1516300176328,164
1655,WS_RECV_START,1516300176328,165
1655,WS_RECV_END,1516300183626,165
1655,PLAYER_SLEEPBEFORE_START,1516300183626,166
1655,PLAYER_SLEEPBEFORE_END,1516300206082,166
1655,WS_SEND_START,1516300206082,166
1655,WS_SEND_END,1516300206082,166
1655,WS_RECV_START,1516300206082,167
1655,WS_RECV_END,1516300214785,167
1655,PLAYER_SLEEPBEFORE_START,1516300214785,168
1655,PLAYER_SLEEPBEFORE_END,1516300242142,168
1655,WS_SEND_START,1516300242142,168
1655,WS_SEND_END,1516300242142,168
1655,WS_RECV_START,1516300242142,169
1655,WS_RECV_END,1516300246113,169
1655,PLAYER_SLEEPBEFORE_START,1516300246113,170
1655,PLAYER_SLEEPBEFORE_END,1516300246122,170
1655,WS_SEND_START,1516300246122,170
1655,WS_SEND_END,1516300246122,170
1655,WS_RECV_START,1516300246122,171
1655,WS_RECV_END,1516300248113,171
1655,PLAYER_SLEEPBEFORE_START,1516300248113,172
1655,PLAYER_SLEEPBEFORE_END,1516300248482,172
1655,WS_SEND_START,1516300248482,172
1655,WS_SEND_END,1516300248482,172
1655,WS_RECV_START,1516300248482,173
1655,WS_RECV_END,1516300251326,173
1655,PLAYER_SLEEPBEFORE_START,1516300251326,174
1655,PLAYER_SLEEPBEFORE_END,1516300251368,174
1655,WS_SEND_START,1516300251368,174
1655,WS_SEND_END,1516300251368,174
1655,WS_RECV_START,1516300251368,175
1655,WS_RECV_END,1516300253302,175
1655,PLAYER_SLEEPBEFORE_START,1516300253302,176
1655,PLAYER_SLEEPBEFORE_END,1516300275063,176
1655,WS_SEND_START,1516300275063,176
1655,WS_SEND_END,1516300275063,176
1655,PLAYER_SLEEPBEFORE_START,1516300275063,177
1655,PLAYER_SLEEPBEFORE_END,1516300277581,177
1655,WS_SEND_START,1516300277581,177
1655,WS_SEND_END,1516300277582,177
1655,WS_RECV_START,1516300277582,178
1655,WS_RECV_END,1516300279714,178
1655,PLAYER_SLEEPBEFORE_START,1516300279714,179
1655,PLAYER_SLEEPBEFORE_END,1516300302054,179
1655,WS_SEND_START,1516300302054,179
1655,WS_SEND_END,1516300302054,179
1655,WS_RECV_START,1516300302054,180
1655,WS_RECV_END,1516300305411,180
1655,PLAYER_SLEEPBEFORE_START,1516300305411,181
1655,PLAYER_SLEEPBEFORE_END,1516300305855,181
1655,WS_SEND_START,1516300305855,181
1655,WS_SEND_END,1516300305856,181
1655,WS_RECV_START,1516300305856,182
1655,WS_RECV_END,1516300310314,182
1655,PLAYER_SLEEPBEFORE_START,1516300310314,183
1655,PLAYER_SLEEPBEFORE_END,1516300310837,183
1655,WS_SEND_START,1516300310837,183
1655,WS_SEND_END,1516300310837,183
1655,WS_RECV_START,1516300310837,184
1655,WS_RECV_END,1516300311406,184
1655,PLAYER_SLEEPBEFORE_START,1516300311406,185
1655,PLAYER_SLEEPBEFORE_END,1516300311674,185
1655,WS_SEND_START,1516300311674,185
1655,WS_SEND_END,1516300311674,185
1655,WS_RECV_START,1516300311674,186
1655,WS_RECV_END,1516300312972,186
1655,PLAYER_SLEEPBEFORE_START,1516300312972,187
1655,PLAYER_SLEEPBEFORE_END,1516300335472,187
1655,WS_SEND_START,1516300335472,187
1655,WS_SEND_END,1516300335472,187
1655,WS_RECV_START,1516300335472,188
1655,WS_RECV_END,1516300336226,188
1655,PLAYER_SLEEPBEFORE_START,1516300336226,189
1655,PLAYER_SLEEPBEFORE_END,1516300342465,189
1655,WS_SEND_START,1516300342465,189
1655,WS_SEND_END,1516300342465,189
1655,WS_RECV_START,1516300342465,190
1655,WS_RECV_END,1516300342702,190
1655,PLAYER_SLEEPBEFORE_START,1516300342702,191
1655,PLAYER_SLEEPBEFORE_END,1516300344617,191
1655,WS_SEND_START,1516300344617,191
1655,WS_SEND_END,1516300344617,191
1655,WS_RECV_START,1516300344618,192
1655,WS_RECV_END,1516300344870,192
1655,PLAYER_SLEEPBEFORE_START,1516300344870,193
1655,PLAYER_SLEEPBEFORE_END,1516300344998,193
1655,WS_SEND_START,1516300344998,193
1655,WS_SEND_END,1516300344998,193
1655,WS_RECV_START,1516300344998,194
1655,WS_RECV_END,1516300345229,194
1655,PLAYER_SLEEPBEFORE_START,1516300345229,195
1655,PLAYER_SLEEPBEFORE_END,1516300346984,195
1655,WS_SEND_START,1516300346984,195
1655,WS_SEND_END,1516300346984,195
1655,WS_RECV_START,1516300346984,196
1655,WS_RECV_END,1516300347212,196
1655,PLAYER_SLEEPBEFORE_START,1516300347212,197
1655,PLAYER_SLEEPBEFORE_END,1516300349016,197
1655,WS_SEND_START,1516300349016,197
1655,WS_SEND_END,1516300349016,197
1655,WS_RECV_START,1516300349016,198
1655,WS_RECV_END,1516300349292,198
1655,PLAYER_SLEEPBEFORE_START,1516300349292,199
1655,PLAYER_SLEEPBEFORE_END,1516300361147,199
1655,WS_SEND_START,1516300361147,199
1655,WS_SEND_END,1516300361147,199
1655,PLAYER_SLEEPBEFORE_START,1516300361147,200
1655,PLAYER_SLEEPBEFORE_END,1516300365235,200
1655,WS_SEND_START,1516300365235,200
1655,WS_SEND_END,1516300365235,200
1655,WS_RECV_START,1516300365235,201
1655,WS_RECV_END,1516300365402,201
1655,PLAYER_SLEEPBEFORE_START,1516300365402,202
1655,PLAYER_SLEEPBEFORE_END,1516300365416,202
1655,WS_SEND_START,1516300365416,202
1655,WS_SEND_END,1516300365416,202
1655,WS_RECV_START,1516300365416,203
1655,WS_RECV_END,1516300365670,203
1655,PLAYER_SLEEPBEFORE_START,1516300365670,204
1655,PLAYER_SLEEPBEFORE_END,1516300385319,204
1655,WS_SEND_START,1516300385319,204
1655,WS_SEND_END,1516300385319,204
1655,PLAYER_SLEEPBEFORE_START,1516300385319,205
1655,PLAYER_SLEEPBEFORE_END,1516300389217,205
1655,WS_SEND_START,1516300389217,205
1655,WS_SEND_END,1516300389217,205
1655,WS_RECV_START,1516300389217,206
1655,WS_RECV_END,1516300389367,206
1655,PLAYER_SLEEPBEFORE_START,1516300389367,207
1655,PLAYER_SLEEPBEFORE_END,1516300406298,207
1655,REQ_START,1516300406298,207
1655,REQ_END,1516300406303,207
1655,PLAYER_SLEEPBEFORE_START,1516300406303,208
1655,PLAYER_SLEEPBEFORE_END,1516300413155,208
1655,WS_CLOSE_START,1516300413156,208
1655,WS_CLOSE_END,1516300413156,208
1655,PLAYER_DONE,1516300413156
