# --sessions 2700 --app-url=http://shinyloadtest.rstudioservices.com/cran_explorer --output-dir test2700 --overwrite-output --log-level warn --start-interval 100 15min.log
thread_id,event,timestamp,input_line_number,comment
1736,PLAYER_SESSION_CREATE,1516299246015
1736,PLAYER_START_INTERVAL_START,1516299246015
1736,PLAYER_START_INTERVAL_END,1516299419615
1736,REQ_HOME_START,1516299419615,2
1736,REQ_HOME_END,1516299419769,2
1736,REQ_START,1516299419769,3
1736,REQ_END,1516299419805,3
1736,REQ_START,1516299419805,4
1736,REQ_END,1516299419844,4
1736,REQ_START,1516299419844,5
1736,REQ_END,1516299419879,5
1736,REQ_START,1516299419879,6
1736,REQ_END,1516299419944,6
1736,REQ_START,1516299419944,7
1736,REQ_END,1516299420016,7
1736,REQ_START,1516299420016,8
1736,REQ_END,1516299420755,8
1736,REQ_START,1516299420755,9
1736,REQ_END,1516299421375,9
1736,REQ_START,1516299421375,10
1736,REQ_END,1516299421385,10
1736,REQ_START,1516299421385,11
1736,REQ_END,1516299421620,11
1736,REQ_START,1516299421620,12
1736,REQ_END,1516299421630,12
1736,REQ_START,1516299421630,13
1736,REQ_END,1516299421670,13
1736,REQ_START,1516299421670,14
1736,REQ_END,1516299421686,14
1736,REQ_START,1516299421686,15
1736,REQ_END,1516299421959,15
1736,REQ_TOK_START,1516299421959,16
1736,REQ_TOK_END,1516299421971,16
1736,REQ_SINF_START,1516299421971,17
1736,REQ_SINF_END,1516299421979,17
1736,WS_OPEN_START,1516299421979,18
1736,WS_OPEN_END,1516299421985,18
1736,REQ_START,1516299421985,19
1736,REQ_END,1516299422016,19
1736,WS_RECV_START,1516299422016,20
1736,WS_RECV_END,1516299422017,20
1736,PLAYER_SLEEPBEFORE_START,1516299422017,21
1736,PLAYER_SLEEPBEFORE_END,1516299422022,21
1736,WS_SEND_START,1516299422022,21
1736,WS_SEND_END,1516299422022,21
1736,PLAYER_SLEEPBEFORE_START,1516299422022,22
1736,PLAYER_SLEEPBEFORE_END,1516299422023,22
1736,WS_SEND_START,1516299422023,22
1736,WS_SEND_END,1516299422023,22
1736,WS_RECV_INIT_START,1516299422023,23
1736,WS_RECV_INIT_END,1516299422055,23
1736,WS_RECV_START,1516299422055,24
1736,WS_RECV_END,1516299422143,24
1736,PLAYER_SLEEPBEFORE_START,1516299422143,25
1736,PLAYER_SLEEPBEFORE_END,1516299422150,25
1736,REQ_START,1516299422150,25
1736,REQ_END,1516299422251,25
1736,PLAYER_SLEEPBEFORE_START,1516299422251,26
1736,PLAYER_SLEEPBEFORE_END,1516299422252,26
1736,REQ_START,1516299422252,26
1736,REQ_END,1516299422671,26
1736,PLAYER_SLEEPBEFORE_START,1516299422671,27
1736,PLAYER_SLEEPBEFORE_END,1516299422674,27
1736,REQ_START,1516299422674,27
1736,REQ_END,1516299422806,27
1736,PLAYER_SLEEPBEFORE_START,1516299422806,28
1736,PLAYER_SLEEPBEFORE_END,1516299423092,28
1736,REQ_START,1516299423092,28
1736,REQ_END,1516299423309,28
1736,PLAYER_SLEEPBEFORE_START,1516299423309,29
1736,PLAYER_SLEEPBEFORE_END,1516299423485,29
1736,WS_SEND_START,1516299423485,29
1736,WS_SEND_END,1516299423485,29
1736,WS_RECV_START,1516299423485,30
1736,WS_RECV_END,1516299423744,30
1736,PLAYER_SLEEPBEFORE_START,1516299423744,31
1736,PLAYER_SLEEPBEFORE_END,1516299423755,31
1736,REQ_START,1516299423755,31
1736,REQ_END,1516299424309,31
1736,PLAYER_SLEEPBEFORE_START,1516299424309,32
1736,PLAYER_SLEEPBEFORE_END,1516299452455,32
1736,WS_SEND_START,1516299452455,32
1736,WS_SEND_END,1516299452455,32
1736,WS_RECV_START,1516299452455,33
1736,WS_RECV_END,1516299452574,33
1736,PLAYER_SLEEPBEFORE_START,1516299452574,34
1736,PLAYER_SLEEPBEFORE_END,1516299478485,34
1736,WS_SEND_START,1516299478485,34
1736,WS_SEND_END,1516299478485,34
1736,WS_RECV_START,1516299478485,35
1736,WS_RECV_END,1516299478541,35
1736,PLAYER_SLEEPBEFORE_START,1516299478541,36
1736,PLAYER_SLEEPBEFORE_END,1516299478550,36
1736,WS_SEND_START,1516299478550,36
1736,WS_SEND_END,1516299478550,36
1736,WS_RECV_START,1516299478550,37
1736,WS_RECV_END,1516299478593,37
1736,PLAYER_SLEEPBEFORE_START,1516299478593,38
1736,PLAYER_SLEEPBEFORE_END,1516299481788,38
1736,WS_SEND_START,1516299481788,38
1736,WS_SEND_END,1516299481788,38
1736,WS_RECV_START,1516299481788,39
1736,WS_RECV_END,1516299482401,39
1736,PLAYER_SLEEPBEFORE_START,1516299482401,40
1736,PLAYER_SLEEPBEFORE_END,1516299482447,40
1736,WS_SEND_START,1516299482447,40
1736,WS_SEND_END,1516299482448,40
1736,WS_RECV_START,1516299482448,41
1736,WS_RECV_END,1516299482619,41
1736,PLAYER_SLEEPBEFORE_START,1516299482619,42
1736,PLAYER_SLEEPBEFORE_END,1516299500755,42
1736,WS_SEND_START,1516299500755,42
1736,WS_SEND_END,1516299500755,42
1736,WS_RECV_START,1516299500755,43
1736,WS_RECV_END,1516299501643,43
1736,PLAYER_SLEEPBEFORE_START,1516299501643,44
1736,PLAYER_SLEEPBEFORE_END,1516299501655,44
1736,WS_SEND_START,1516299501655,44
1736,WS_SEND_END,1516299501655,44
1736,WS_RECV_START,1516299501655,45
1736,WS_RECV_END,1516299502113,45
1736,PLAYER_SLEEPBEFORE_START,1516299502113,46
1736,PLAYER_SLEEPBEFORE_END,1516299503374,46
1736,WS_SEND_START,1516299503374,46
1736,WS_SEND_END,1516299503374,46
1736,WS_RECV_START,1516299503374,47
1736,WS_RECV_END,1516299503680,47
1736,PLAYER_SLEEPBEFORE_START,1516299503680,48
1736,PLAYER_SLEEPBEFORE_END,1516299505000,48
1736,WS_SEND_START,1516299505000,48
1736,WS_SEND_END,1516299505000,48
1736,WS_RECV_START,1516299505000,49
1736,WS_RECV_END,1516299505542,49
1736,PLAYER_SLEEPBEFORE_START,1516299505542,50
1736,PLAYER_SLEEPBEFORE_END,1516299505566,50
1736,WS_SEND_START,1516299505566,50
1736,WS_SEND_END,1516299505566,50
1736,WS_RECV_START,1516299505566,51
1736,WS_RECV_END,1516299505830,51
1736,PLAYER_SLEEPBEFORE_START,1516299505830,52
1736,PLAYER_SLEEPBEFORE_END,1516299528394,52
1736,WS_SEND_START,1516299528394,52
1736,WS_SEND_END,1516299528394,52
1736,WS_RECV_START,1516299528394,53
1736,WS_RECV_END,1516299529216,53
1736,PLAYER_SLEEPBEFORE_START,1516299529216,54
1736,PLAYER_SLEEPBEFORE_END,1516299550519,54
1736,WS_SEND_START,1516299550519,54
1736,WS_SEND_END,1516299550520,54
1736,PLAYER_SLEEPBEFORE_START,1516299550520,55
1736,PLAYER_SLEEPBEFORE_END,1516299552461,55
1736,WS_SEND_START,1516299552461,55
1736,WS_SEND_END,1516299552461,55
1736,WS_RECV_START,1516299552461,56
1736,WS_RECV_END,1516299553065,56
1736,PLAYER_SLEEPBEFORE_START,1516299553065,57
1736,PLAYER_SLEEPBEFORE_END,1516299575937,57
1736,WS_SEND_START,1516299575937,57
1736,WS_SEND_END,1516299575937,57
1736,WS_RECV_START,1516299575937,58
1736,WS_RECV_END,1516299578438,58
1736,PLAYER_SLEEPBEFORE_START,1516299578438,59
1736,PLAYER_SLEEPBEFORE_END,1516299580765,59
1736,WS_SEND_START,1516299580765,59
1736,WS_SEND_END,1516299580765,59
1736,WS_RECV_START,1516299580765,60
1736,WS_RECV_END,1516299584446,60
1736,PLAYER_SLEEPBEFORE_START,1516299584446,61
1736,PLAYER_SLEEPBEFORE_END,1516299588037,61
1736,WS_SEND_START,1516299588037,61
1736,WS_SEND_END,1516299588037,61
1736,WS_RECV_START,1516299588037,62
1736,WS_RECV_END,1516299590681,62
1736,PLAYER_SLEEPBEFORE_START,1516299590681,63
1736,PLAYER_SLEEPBEFORE_END,1516299609943,63
1736,WS_SEND_START,1516299609943,63
1736,WS_SEND_END,1516299609943,63
1736,WS_RECV_START,1516299609943,64
1736,WS_RECV_END,1516299610414,64
1736,PLAYER_SLEEPBEFORE_START,1516299610414,65
1736,PLAYER_SLEEPBEFORE_END,1516299637231,65
1736,WS_SEND_START,1516299637231,65
1736,WS_SEND_END,1516299637231,65
1736,WS_RECV_START,1516299637231,66
1736,WS_RECV_END,1516299639490,66
1736,PLAYER_SLEEPBEFORE_START,1516299639490,67
1736,PLAYER_SLEEPBEFORE_END,1516299640997,67
1736,WS_SEND_START,1516299640997,67
1736,WS_SEND_END,1516299640997,67
1736,WS_RECV_START,1516299640997,68
1736,WS_RECV_END,1516299643397,68
1736,PLAYER_SLEEPBEFORE_START,1516299643397,69
1736,PLAYER_SLEEPBEFORE_END,1516299665395,69
1736,WS_SEND_START,1516299665395,69
1736,WS_SEND_END,1516299665395,69
1736,WS_RECV_START,1516299665396,70
1736,WS_RECV_END,1516299665766,70
1736,PLAYER_SLEEPBEFORE_START,1516299665766,71
1736,PLAYER_SLEEPBEFORE_END,1516299690541,71
1736,WS_SEND_START,1516299690541,71
1736,WS_SEND_END,1516299690541,71
1736,PLAYER_SLEEPBEFORE_START,1516299690541,72
1736,PLAYER_SLEEPBEFORE_END,1516299693148,72
1736,WS_SEND_START,1516299693148,72
1736,WS_SEND_END,1516299693148,72
1736,WS_RECV_START,1516299693148,73
1736,WS_RECV_END,1516299693737,73
1736,PLAYER_SLEEPBEFORE_START,1516299693737,74
1736,PLAYER_SLEEPBEFORE_END,1516299693746,74
1736,WS_SEND_START,1516299693746,74
1736,WS_SEND_END,1516299693746,74
1736,WS_RECV_START,1516299693746,75
1736,WS_RECV_END,1516299693953,75
1736,PLAYER_SLEEPBEFORE_START,1516299693953,76
1736,PLAYER_SLEEPBEFORE_END,1516299695460,76
1736,WS_SEND_START,1516299695460,76
1736,WS_SEND_END,1516299695460,76
1736,WS_RECV_START,1516299695460,77
1736,WS_RECV_END,1516299695696,77
1736,PLAYER_SLEEPBEFORE_START,1516299695696,78
1736,PLAYER_SLEEPBEFORE_END,1516299696564,78
1736,WS_SEND_START,1516299696564,78
1736,WS_SEND_END,1516299696564,78
1736,WS_RECV_START,1516299696564,79
1736,WS_RECV_END,1516299696614,79
1736,PLAYER_SLEEPBEFORE_START,1516299696614,80
1736,PLAYER_SLEEPBEFORE_END,1516299704280,80
1736,WS_SEND_START,1516299704280,80
1736,WS_SEND_END,1516299704280,80
1736,WS_RECV_START,1516299704280,81
1736,WS_RECV_END,1516299704518,81
1736,PLAYER_SLEEPBEFORE_START,1516299704518,82
1736,PLAYER_SLEEPBEFORE_END,1516299705620,82
1736,WS_SEND_START,1516299705620,82
1736,WS_SEND_END,1516299705620,82
1736,WS_RECV_START,1516299705620,83
1736,WS_RECV_END,1516299705747,83
1736,PLAYER_SLEEPBEFORE_START,1516299705747,84
1736,PLAYER_SLEEPBEFORE_END,1516299706694,84
1736,WS_SEND_START,1516299706694,84
1736,WS_SEND_END,1516299706694,84
1736,WS_RECV_START,1516299706694,85
1736,WS_RECV_END,1516299706744,85
1736,PLAYER_SLEEPBEFORE_START,1516299706744,86
1736,PLAYER_SLEEPBEFORE_END,1516299710916,86
1736,WS_SEND_START,1516299710916,86
1736,WS_SEND_END,1516299710916,86
1736,WS_RECV_START,1516299710916,87
1736,WS_RECV_END,1516299711739,87
1736,PLAYER_SLEEPBEFORE_START,1516299711739,88
1736,PLAYER_SLEEPBEFORE_END,1516299711747,88
1736,WS_SEND_START,1516299711747,88
1736,WS_SEND_END,1516299711747,88
1736,WS_RECV_START,1516299711747,89
1736,WS_RECV_END,1516299712281,89
1736,PLAYER_SLEEPBEFORE_START,1516299712281,90
1736,PLAYER_SLEEPBEFORE_END,1516299739478,90
1736,REQ_START,1516299739478,90
1736,REQ_END,1516299739486,90
1736,PLAYER_SLEEPBEFORE_START,1516299739486,91
1736,PLAYER_SLEEPBEFORE_END,1516299747375,91
1736,WS_SEND_START,1516299747375,91
1736,WS_SEND_END,1516299747375,91
1736,WS_RECV_START,1516299747375,92
1736,WS_RECV_END,1516299747777,92
1736,PLAYER_SLEEPBEFORE_START,1516299747777,93
1736,PLAYER_SLEEPBEFORE_END,1516299747792,93
1736,WS_SEND_START,1516299747792,93
1736,WS_SEND_END,1516299747792,93
1736,WS_RECV_START,1516299747792,94
1736,WS_RECV_END,1516299747956,94
1736,PLAYER_SLEEPBEFORE_START,1516299747956,95
1736,PLAYER_SLEEPBEFORE_END,1516299771511,95
1736,WS_SEND_START,1516299771511,95
1736,WS_SEND_END,1516299771511,95
1736,WS_RECV_START,1516299771511,96
1736,WS_RECV_END,1516299773069,96
1736,PLAYER_SLEEPBEFORE_START,1516299773069,97
1736,PLAYER_SLEEPBEFORE_END,1516299795509,97
1736,WS_SEND_START,1516299795509,97
1736,WS_SEND_END,1516299795509,97
1736,WS_RECV_START,1516299795509,98
1736,WS_RECV_END,1516299796658,98
1736,PLAYER_SLEEPBEFORE_START,1516299796658,99
1736,PLAYER_SLEEPBEFORE_END,1516299796679,99
1736,WS_SEND_START,1516299796679,99
1736,WS_SEND_END,1516299796679,99
1736,WS_RECV_START,1516299796679,100
1736,WS_RECV_END,1516299797061,100
1736,PLAYER_SLEEPBEFORE_START,1516299797061,101
1736,PLAYER_SLEEPBEFORE_END,1516299820620,101
1736,WS_SEND_START,1516299820620,101
1736,WS_SEND_END,1516299820620,101
1736,WS_RECV_START,1516299820620,102
1736,WS_RECV_END,1516299822406,102
1736,PLAYER_SLEEPBEFORE_START,1516299822406,103
1736,PLAYER_SLEEPBEFORE_END,1516299846032,103
1736,WS_SEND_START,1516299846032,103
1736,WS_SEND_END,1516299846032,103
1736,WS_RECV_START,1516299846032,104
1736,WS_RECV_END,1516299846680,104
1736,PLAYER_SLEEPBEFORE_START,1516299846680,105
1736,PLAYER_SLEEPBEFORE_END,1516299872057,105
1736,WS_SEND_START,1516299872057,105
1736,WS_SEND_END,1516299872057,105
1736,WS_RECV_START,1516299872057,106
1736,WS_RECV_END,1516299874596,106
1736,PLAYER_SLEEPBEFORE_START,1516299874596,107
1736,PLAYER_SLEEPBEFORE_END,1516299898020,107
1736,WS_SEND_START,1516299898020,107
1736,WS_SEND_END,1516299898020,107
1736,WS_RECV_START,1516299898020,108
1736,WS_RECV_END,1516299899010,108
1736,PLAYER_SLEEPBEFORE_START,1516299899010,109
1736,PLAYER_SLEEPBEFORE_END,1516299899019,109
1736,WS_SEND_START,1516299899019,109
1736,WS_SEND_END,1516299899019,109
1736,WS_RECV_START,1516299899019,110
1736,WS_RECV_END,1516299899225,110
1736,PLAYER_SLEEPBEFORE_START,1516299899225,111
1736,PLAYER_SLEEPBEFORE_END,1516299900185,111
1736,WS_SEND_START,1516299900185,111
1736,WS_SEND_END,1516299900185,111
1736,WS_RECV_START,1516299900185,112
1736,WS_RECV_END,1516299900874,112
1736,PLAYER_SLEEPBEFORE_START,1516299900874,113
1736,PLAYER_SLEEPBEFORE_END,1516299901436,113
1736,WS_SEND_START,1516299901436,113
1736,WS_SEND_END,1516299901436,113
1736,WS_RECV_START,1516299901436,114
1736,WS_RECV_END,1516299901958,114
1736,PLAYER_SLEEPBEFORE_START,1516299901958,115
1736,PLAYER_SLEEPBEFORE_END,1516299901967,115
1736,WS_SEND_START,1516299901967,115
1736,WS_SEND_END,1516299901967,115
1736,WS_RECV_START,1516299901967,116
1736,WS_RECV_END,1516299902337,116
1736,PLAYER_SLEEPBEFORE_START,1516299902337,117
1736,PLAYER_SLEEPBEFORE_END,1516299922697,117
1736,WS_SEND_START,1516299922697,117
1736,WS_SEND_END,1516299922697,117
1736,PLAYER_SLEEPBEFORE_START,1516299922697,118
1736,PLAYER_SLEEPBEFORE_END,1516299926449,118
1736,WS_SEND_START,1516299926449,118
1736,WS_SEND_END,1516299926449,118
1736,WS_RECV_START,1516299926449,119
1736,WS_RECV_END,1516299927834,119
1736,PLAYER_SLEEPBEFORE_START,1516299927834,120
1736,PLAYER_SLEEPBEFORE_END,1516299928822,120
1736,WS_SEND_START,1516299928822,120
1736,WS_SEND_END,1516299928822,120
1736,WS_RECV_START,1516299928822,121
1736,WS_RECV_END,1516299930116,121
1736,PLAYER_SLEEPBEFORE_START,1516299930116,122
1736,PLAYER_SLEEPBEFORE_END,1516299931301,122
1736,WS_SEND_START,1516299931302,122
1736,WS_SEND_END,1516299931302,122
1736,WS_RECV_START,1516299931302,123
1736,WS_RECV_END,1516299932849,123
1736,PLAYER_SLEEPBEFORE_START,1516299932849,124
1736,PLAYER_SLEEPBEFORE_END,1516299957254,124
1736,WS_SEND_START,1516299957254,124
1736,WS_SEND_END,1516299957254,124
1736,WS_RECV_START,1516299957254,125
1736,WS_RECV_END,1516299957649,125
1736,PLAYER_SLEEPBEFORE_START,1516299957649,126
1736,PLAYER_SLEEPBEFORE_END,1516299978161,126
1736,WS_SEND_START,1516299978161,126
1736,WS_SEND_END,1516299978161,126
1736,PLAYER_SLEEPBEFORE_START,1516299978161,127
1736,PLAYER_SLEEPBEFORE_END,1516299981215,127
1736,WS_SEND_START,1516299981215,127
1736,WS_SEND_END,1516299981215,127
1736,WS_RECV_START,1516299981215,128
1736,WS_RECV_END,1516299982032,128
1736,PLAYER_SLEEPBEFORE_START,1516299982032,129
1736,PLAYER_SLEEPBEFORE_END,1516299982053,129
1736,WS_SEND_START,1516299982053,129
1736,WS_SEND_END,1516299982053,129
1736,WS_RECV_START,1516299982053,130
1736,WS_RECV_END,1516299982535,130
1736,PLAYER_SLEEPBEFORE_START,1516299982535,131
1736,PLAYER_SLEEPBEFORE_END,1516300004159,131
1736,WS_SEND_START,1516300004159,131
1736,WS_SEND_END,1516300004159,131
1736,PLAYER_SLEEPBEFORE_START,1516300004159,132
1736,PLAYER_SLEEPBEFORE_END,1516300007239,132
1736,WS_SEND_START,1516300007239,132
1736,WS_SEND_END,1516300007239,132
1736,WS_RECV_START,1516300007239,133
1736,WS_RECV_END,1516300008860,133
1736,PLAYER_SLEEPBEFORE_START,1516300008860,134
1736,PLAYER_SLEEPBEFORE_END,1516300030077,134
1736,WS_SEND_START,1516300030077,134
1736,WS_SEND_END,1516300030077,134
1736,PLAYER_SLEEPBEFORE_START,1516300030077,135
1736,PLAYER_SLEEPBEFORE_END,1516300033267,135
1736,WS_SEND_START,1516300033267,135
1736,WS_SEND_END,1516300033267,135
1736,WS_RECV_START,1516300033267,136
1736,WS_RECV_END,1516300033594,136
1736,PLAYER_SLEEPBEFORE_START,1516300033594,137
1736,PLAYER_SLEEPBEFORE_END,1516300033601,137
1736,WS_SEND_START,1516300033601,137
1736,WS_SEND_END,1516300033601,137
1736,WS_RECV_START,1516300033601,138
1736,WS_RECV_END,1516300033662,138
1736,PLAYER_SLEEPBEFORE_START,1516300033662,139
1736,PLAYER_SLEEPBEFORE_END,1516300034352,139
1736,WS_SEND_START,1516300034352,139
1736,WS_SEND_END,1516300034352,139
1736,WS_RECV_START,1516300034352,140
1736,WS_RECV_END,1516300034681,140
1736,PLAYER_SLEEPBEFORE_START,1516300034681,141
1736,PLAYER_SLEEPBEFORE_END,1516300035336,141
1736,WS_SEND_START,1516300035336,141
1736,WS_SEND_END,1516300035336,141
1736,WS_RECV_START,1516300035336,142
1736,WS_RECV_END,1516300035562,142
1736,PLAYER_SLEEPBEFORE_START,1516300035562,143
1736,PLAYER_SLEEPBEFORE_END,1516300035619,143
1736,WS_SEND_START,1516300035619,143
1736,WS_SEND_END,1516300035619,143
1736,WS_RECV_START,1516300035619,144
1736,WS_RECV_END,1516300035993,144
1736,PLAYER_SLEEPBEFORE_START,1516300035993,145
1736,PLAYER_SLEEPBEFORE_END,1516300052056,145
1736,REQ_START,1516300052056,145
1736,REQ_END,1516300052065,145
1736,PLAYER_SLEEPBEFORE_START,1516300052065,146
1736,PLAYER_SLEEPBEFORE_END,1516300060942,146
1736,WS_SEND_START,1516300060942,146
1736,WS_SEND_END,1516300060942,146
1736,WS_RECV_START,1516300060942,147
1736,WS_RECV_END,1516300062656,147
1736,PLAYER_SLEEPBEFORE_START,1516300062656,148
1736,PLAYER_SLEEPBEFORE_END,1516300084578,148
1736,WS_SEND_START,1516300084578,148
1736,WS_SEND_END,1516300084579,148
1736,PLAYER_SLEEPBEFORE_START,1516300084579,149
1736,PLAYER_SLEEPBEFORE_END,1516300087007,149
1736,WS_SEND_START,1516300087007,149
1736,WS_SEND_END,1516300087007,149
1736,WS_RECV_START,1516300087007,150
1736,WS_RECV_END,1516300087654,150
1736,PLAYER_SLEEPBEFORE_START,1516300087654,151
1736,PLAYER_SLEEPBEFORE_END,1516300087864,151
1736,WS_SEND_START,1516300087864,151
1736,WS_SEND_END,1516300087864,151
1736,WS_RECV_START,1516300087864,152
1736,WS_RECV_END,1516300088024,152
1736,PLAYER_SLEEPBEFORE_START,1516300088024,153
1736,PLAYER_SLEEPBEFORE_END,1516300111951,153
1736,WS_SEND_START,1516300111951,153
1736,WS_SEND_END,1516300111951,153
1736,WS_RECV_START,1516300111951,154
1736,WS_RECV_END,1516300114365,154
1736,PLAYER_SLEEPBEFORE_START,1516300114365,155
1736,PLAYER_SLEEPBEFORE_END,1516300136923,155
1736,WS_SEND_START,1516300136923,155
1736,WS_SEND_END,1516300136923,155
1736,PLAYER_SLEEPBEFORE_START,1516300136923,156
1736,PLAYER_SLEEPBEFORE_END,1516300140197,156
1736,WS_SEND_START,1516300140197,156
1736,WS_SEND_END,1516300140197,156
1736,WS_RECV_START,1516300140197,157
1736,WS_RECV_END,1516300142428,157
1736,PLAYER_SLEEPBEFORE_START,1516300142428,158
1736,PLAYER_SLEEPBEFORE_END,1516300142438,158
1736,WS_SEND_START,1516300142438,158
1736,WS_SEND_END,1516300142438,158
1736,WS_RECV_START,1516300142438,159
1736,WS_RECV_END,1516300144465,159
1736,PLAYER_SLEEPBEFORE_START,1516300144466,160
1736,PLAYER_SLEEPBEFORE_END,1516300144641,160
1736,WS_SEND_START,1516300144641,160
1736,WS_SEND_END,1516300144641,160
1736,WS_RECV_START,1516300144641,161
1736,WS_RECV_END,1516300146941,161
1736,PLAYER_SLEEPBEFORE_START,1516300146941,162
1736,PLAYER_SLEEPBEFORE_END,1516300146966,162
1736,WS_SEND_START,1516300146966,162
1736,WS_SEND_END,1516300146966,162
1736,WS_RECV_START,1516300146966,163
1736,WS_RECV_END,1516300150190,163
1736,PLAYER_SLEEPBEFORE_START,1516300150190,164
1736,PLAYER_SLEEPBEFORE_END,1516300171002,164
1736,WS_SEND_START,1516300171002,164
1736,WS_SEND_END,1516300171002,164
1736,WS_RECV_START,1516300171002,165
1736,WS_RECV_END,1516300176024,165
1736,PLAYER_SLEEPBEFORE_START,1516300176024,166
1736,PLAYER_SLEEPBEFORE_END,1516300198479,166
1736,WS_SEND_START,1516300198479,166
1736,WS_SEND_END,1516300198479,166
1736,WS_RECV_START,1516300198479,167
1736,WS_RECV_END,1516300203366,167
1736,PLAYER_SLEEPBEFORE_START,1516300203366,168
1736,PLAYER_SLEEPBEFORE_END,1516300230723,168
1736,WS_SEND_START,1516300230723,168
1736,WS_SEND_END,1516300230723,168
1736,WS_RECV_START,1516300230723,169
1736,WS_RECV_END,1516300234628,169
1736,PLAYER_SLEEPBEFORE_START,1516300234628,170
1736,PLAYER_SLEEPBEFORE_END,1516300234637,170
1736,WS_SEND_START,1516300234637,170
1736,WS_SEND_END,1516300234637,170
1736,WS_RECV_START,1516300234637,171
1736,WS_RECV_END,1516300236146,171
1736,PLAYER_SLEEPBEFORE_START,1516300236146,172
1736,PLAYER_SLEEPBEFORE_END,1516300236515,172
1736,WS_SEND_START,1516300236515,172
1736,WS_SEND_END,1516300236515,172
1736,WS_RECV_START,1516300236515,173
1736,WS_RECV_END,1516300238116,173
1736,PLAYER_SLEEPBEFORE_START,1516300238116,174
1736,PLAYER_SLEEPBEFORE_END,1516300238157,174
1736,WS_SEND_START,1516300238157,174
1736,WS_SEND_END,1516300238157,174
1736,WS_RECV_START,1516300238157,175
1736,WS_RECV_END,1516300239365,175
1736,PLAYER_SLEEPBEFORE_START,1516300239365,176
1736,PLAYER_SLEEPBEFORE_END,1516300261127,176
1736,WS_SEND_START,1516300261127,176
1736,WS_SEND_END,1516300261127,176
1736,PLAYER_SLEEPBEFORE_START,1516300261127,177
1736,PLAYER_SLEEPBEFORE_END,1516300263645,177
1736,WS_SEND_START,1516300263645,177
1736,WS_SEND_END,1516300263645,177
1736,WS_RECV_START,1516300263645,178
1736,WS_RECV_END,1516300264824,178
1736,PLAYER_SLEEPBEFORE_START,1516300264824,179
1736,PLAYER_SLEEPBEFORE_END,1516300287164,179
1736,WS_SEND_START,1516300287164,179
1736,WS_SEND_END,1516300287164,179
1736,WS_RECV_START,1516300287164,180
1736,WS_RECV_END,1516300287387,180
1736,PLAYER_SLEEPBEFORE_START,1516300287387,181
1736,PLAYER_SLEEPBEFORE_END,1516300287831,181
1736,WS_SEND_START,1516300287831,181
1736,WS_SEND_END,1516300287831,181
1736,WS_RECV_START,1516300287831,182
1736,WS_RECV_END,1516300288113,182
1736,PLAYER_SLEEPBEFORE_START,1516300288113,183
1736,PLAYER_SLEEPBEFORE_END,1516300288636,183
1736,WS_SEND_START,1516300288637,183
1736,WS_SEND_END,1516300288637,183
1736,WS_RECV_START,1516300288637,184
1736,WS_RECV_END,1516300288887,184
1736,PLAYER_SLEEPBEFORE_START,1516300288887,185
1736,PLAYER_SLEEPBEFORE_END,1516300289156,185
1736,WS_SEND_START,1516300289156,185
1736,WS_SEND_END,1516300289156,185
1736,WS_RECV_START,1516300289156,186
1736,WS_RECV_END,1516300290462,186
1736,PLAYER_SLEEPBEFORE_START,1516300290462,187
1736,PLAYER_SLEEPBEFORE_END,1516300312962,187
1736,WS_SEND_START,1516300312962,187
1736,WS_SEND_END,1516300312962,187
1736,WS_RECV_START,1516300312962,188
1736,WS_RECV_END,1516300313009,188
1736,PLAYER_SLEEPBEFORE_START,1516300313009,189
1736,PLAYER_SLEEPBEFORE_END,1516300319248,189
1736,WS_SEND_START,1516300319248,189
1736,WS_SEND_END,1516300319249,189
1736,WS_RECV_START,1516300319249,190
1736,WS_RECV_END,1516300319577,190
1736,PLAYER_SLEEPBEFORE_START,1516300319577,191
1736,PLAYER_SLEEPBEFORE_END,1516300321493,191
1736,WS_SEND_START,1516300321493,191
1736,WS_SEND_END,1516300321493,191
1736,WS_RECV_START,1516300321493,192
1736,WS_RECV_END,1516300322066,192
1736,PLAYER_SLEEPBEFORE_START,1516300322066,193
1736,PLAYER_SLEEPBEFORE_END,1516300322194,193
1736,WS_SEND_START,1516300322194,193
1736,WS_SEND_END,1516300322194,193
1736,WS_RECV_START,1516300322194,194
1736,WS_RECV_END,1516300322789,194
1736,PLAYER_SLEEPBEFORE_START,1516300322789,195
1736,PLAYER_SLEEPBEFORE_END,1516300324544,195
1736,WS_SEND_START,1516300324544,195
1736,WS_SEND_END,1516300324544,195
1736,WS_RECV_START,1516300324544,196
1736,WS_RECV_END,1516300325506,196
1736,PLAYER_SLEEPBEFORE_START,1516300325506,197
1736,PLAYER_SLEEPBEFORE_END,1516300327310,197
1736,WS_SEND_START,1516300327310,197
1736,WS_SEND_END,1516300327310,197
1736,WS_RECV_START,1516300327310,198
1736,WS_RECV_END,1516300327736,198
1736,PLAYER_SLEEPBEFORE_START,1516300327736,199
1736,PLAYER_SLEEPBEFORE_END,1516300339590,199
1736,WS_SEND_START,1516300339590,199
1736,WS_SEND_END,1516300339590,199
1736,PLAYER_SLEEPBEFORE_START,1516300339590,200
1736,PLAYER_SLEEPBEFORE_END,1516300343678,200
1736,WS_SEND_START,1516300343678,200
1736,WS_SEND_END,1516300343679,200
1736,WS_RECV_START,1516300343679,201
1736,WS_RECV_END,1516300343824,201
1736,PLAYER_SLEEPBEFORE_START,1516300343824,202
1736,PLAYER_SLEEPBEFORE_END,1516300343838,202
1736,WS_SEND_START,1516300343838,202
1736,WS_SEND_END,1516300343838,202
1736,WS_RECV_START,1516300343838,203
1736,WS_RECV_END,1516300344103,203
1736,PLAYER_SLEEPBEFORE_START,1516300344103,204
1736,PLAYER_SLEEPBEFORE_END,1516300363771,204
1736,WS_SEND_START,1516300363771,204
1736,WS_SEND_END,1516300363771,204
1736,PLAYER_SLEEPBEFORE_START,1516300363771,205
1736,PLAYER_SLEEPBEFORE_END,1516300367669,205
1736,WS_SEND_START,1516300367669,205
1736,WS_SEND_END,1516300367669,205
1736,WS_RECV_START,1516300367669,206
1736,WS_RECV_END,1516300367806,206
1736,PLAYER_SLEEPBEFORE_START,1516300367806,207
1736,PLAYER_SLEEPBEFORE_END,1516300384738,207
1736,REQ_START,1516300384738,207
1736,REQ_END,1516300384746,207
1736,PLAYER_SLEEPBEFORE_START,1516300384746,208
1736,PLAYER_SLEEPBEFORE_END,1516300391598,208
1736,WS_CLOSE_START,1516300391598,208
1736,WS_CLOSE_END,1516300391598,208
1736,PLAYER_DONE,1516300391598
