# --sessions 2700 --app-url=http://shinyloadtest.rstudioservices.com/cran_explorer --output-dir test2700 --overwrite-output --log-level warn --start-interval 100 15min.log
thread_id,event,timestamp,input_line_number,comment
1738,PLAYER_SESSION_CREATE,1516299246015
1738,PLAYER_START_INTERVAL_START,1516299246015
1738,PLAYER_START_INTERVAL_END,1516299419815
1738,REQ_HOME_START,1516299419815,2
1738,REQ_HOME_END,1516299419967,2
1738,REQ_START,1516299419967,3
1738,REQ_END,1516299420021,3
1738,REQ_START,1516299420021,4
1738,REQ_END,1516299420073,4
1738,REQ_START,1516299420073,5
1738,REQ_END,1516299420119,5
1738,REQ_START,1516299420119,6
1738,REQ_END,1516299420156,6
1738,REQ_START,1516299420156,7
1738,REQ_END,1516299420193,7
1738,REQ_START,1516299420193,8
1738,REQ_END,1516299420231,8
1738,REQ_START,1516299420231,9
1738,REQ_END,1516299420264,9
1738,REQ_START,1516299420264,10
1738,REQ_END,1516299420271,10
1738,REQ_START,1516299420271,11
1738,REQ_END,1516299420302,11
1738,REQ_START,1516299420302,12
1738,REQ_END,1516299420313,12
1738,REQ_START,1516299420313,13
1738,REQ_END,1516299420345,13
1738,REQ_START,1516299420345,14
1738,REQ_END,1516299420358,14
1738,REQ_START,1516299420358,15
1738,REQ_END,1516299420393,15
1738,REQ_TOK_START,1516299420393,16
1738,REQ_TOK_END,1516299420400,16
1738,REQ_SINF_START,1516299420400,17
1738,REQ_SINF_END,1516299420406,17
1738,WS_OPEN_START,1516299420406,18
1738,WS_OPEN_END,1516299420412,18
1738,REQ_START,1516299420413,19
1738,REQ_END,1516299420440,19
1738,WS_RECV_START,1516299420440,20
1738,WS_RECV_END,1516299420440,20
1738,PLAYER_SLEEPBEFORE_START,1516299420440,21
1738,PLAYER_SLEEPBEFORE_END,1516299420445,21
1738,WS_SEND_START,1516299420445,21
1738,WS_SEND_END,1516299420445,21
1738,PLAYER_SLEEPBEFORE_START,1516299420445,22
1738,PLAYER_SLEEPBEFORE_END,1516299420446,22
1738,WS_SEND_START,1516299420446,22
1738,WS_SEND_END,1516299420446,22
1738,WS_RECV_INIT_START,1516299420446,23
1738,WS_RECV_INIT_END,1516299420473,23
1738,WS_RECV_START,1516299420473,24
1738,WS_RECV_END,1516299420538,24
1738,PLAYER_SLEEPBEFORE_START,1516299420538,25
1738,PLAYER_SLEEPBEFORE_END,1516299420546,25
1738,REQ_START,1516299420546,25
1738,REQ_END,1516299420965,25
1738,PLAYER_SLEEPBEFORE_START,1516299420965,26
1738,PLAYER_SLEEPBEFORE_END,1516299420966,26
1738,REQ_START,1516299420966,26
1738,REQ_END,1516299421177,26
1738,PLAYER_SLEEPBEFORE_START,1516299421177,27
1738,PLAYER_SLEEPBEFORE_END,1516299421180,27
1738,REQ_START,1516299421180,27
1738,REQ_END,1516299421221,27
1738,PLAYER_SLEEPBEFORE_START,1516299421221,28
1738,PLAYER_SLEEPBEFORE_END,1516299421506,28
1738,REQ_START,1516299421506,28
1738,REQ_END,1516299421538,28
1738,PLAYER_SLEEPBEFORE_START,1516299421538,29
1738,PLAYER_SLEEPBEFORE_END,1516299421713,29
1738,WS_SEND_START,1516299421713,29
1738,WS_SEND_END,1516299421713,29
1738,WS_RECV_START,1516299421713,30
1738,WS_RECV_END,1516299421814,30
1738,PLAYER_SLEEPBEFORE_START,1516299421814,31
1738,PLAYER_SLEEPBEFORE_END,1516299421826,31
1738,REQ_START,1516299421826,31
1738,REQ_END,1516299421895,31
1738,PLAYER_SLEEPBEFORE_START,1516299421895,32
1738,PLAYER_SLEEPBEFORE_END,1516299450040,32
1738,WS_SEND_START,1516299450040,32
1738,WS_SEND_END,1516299450040,32
1738,WS_RECV_START,1516299450040,33
1738,WS_RECV_END,1516299450294,33
1738,PLAYER_SLEEPBEFORE_START,1516299450294,34
1738,PLAYER_SLEEPBEFORE_END,1516299476205,34
1738,WS_SEND_START,1516299476205,34
1738,WS_SEND_END,1516299476205,34
1738,WS_RECV_START,1516299476205,35
1738,WS_RECV_END,1516299476270,35
1738,PLAYER_SLEEPBEFORE_START,1516299476270,36
1738,PLAYER_SLEEPBEFORE_END,1516299476279,36
1738,WS_SEND_START,1516299476279,36
1738,WS_SEND_END,1516299476279,36
1738,WS_RECV_START,1516299476279,37
1738,WS_RECV_END,1516299476345,37
1738,PLAYER_SLEEPBEFORE_START,1516299476345,38
1738,PLAYER_SLEEPBEFORE_END,1516299479540,38
1738,WS_SEND_START,1516299479540,38
1738,WS_SEND_END,1516299479540,38
1738,WS_RECV_START,1516299479540,39
1738,WS_RECV_END,1516299479811,39
1738,PLAYER_SLEEPBEFORE_START,1516299479811,40
1738,PLAYER_SLEEPBEFORE_END,1516299479857,40
1738,WS_SEND_START,1516299479857,40
1738,WS_SEND_END,1516299479857,40
1738,WS_RECV_START,1516299479857,41
1738,WS_RECV_END,1516299480009,41
1738,PLAYER_SLEEPBEFORE_START,1516299480009,42
1738,PLAYER_SLEEPBEFORE_END,1516299498144,42
1738,WS_SEND_START,1516299498144,42
1738,WS_SEND_END,1516299498144,42
1738,WS_RECV_START,1516299498144,43
1738,WS_RECV_END,1516299498754,43
1738,PLAYER_SLEEPBEFORE_START,1516299498754,44
1738,PLAYER_SLEEPBEFORE_END,1516299498766,44
1738,WS_SEND_START,1516299498766,44
1738,WS_SEND_END,1516299498766,44
1738,WS_RECV_START,1516299498766,45
1738,WS_RECV_END,1516299498877,45
1738,PLAYER_SLEEPBEFORE_START,1516299498877,46
1738,PLAYER_SLEEPBEFORE_END,1516299500137,46
1738,WS_SEND_START,1516299500137,46
1738,WS_SEND_END,1516299500137,46
1738,WS_RECV_START,1516299500137,47
1738,WS_RECV_END,1516299500229,47
1738,PLAYER_SLEEPBEFORE_START,1516299500229,48
1738,PLAYER_SLEEPBEFORE_END,1516299501549,48
1738,WS_SEND_START,1516299501549,48
1738,WS_SEND_END,1516299501549,48
1738,WS_RECV_START,1516299501549,49
1738,WS_RECV_END,1516299501777,49
1738,PLAYER_SLEEPBEFORE_START,1516299501777,50
1738,PLAYER_SLEEPBEFORE_END,1516299501801,50
1738,WS_SEND_START,1516299501801,50
1738,WS_SEND_END,1516299501801,50
1738,WS_RECV_START,1516299501801,51
1738,WS_RECV_END,1516299502001,51
1738,PLAYER_SLEEPBEFORE_START,1516299502001,52
1738,PLAYER_SLEEPBEFORE_END,1516299524565,52
1738,WS_SEND_START,1516299524565,52
1738,WS_SEND_END,1516299524565,52
1738,WS_RECV_START,1516299524565,53
1738,WS_RECV_END,1516299525428,53
1738,PLAYER_SLEEPBEFORE_START,1516299525428,54
1738,PLAYER_SLEEPBEFORE_END,1516299546731,54
1738,WS_SEND_START,1516299546731,54
1738,WS_SEND_END,1516299546731,54
1738,PLAYER_SLEEPBEFORE_START,1516299546731,55
1738,PLAYER_SLEEPBEFORE_END,1516299548672,55
1738,WS_SEND_START,1516299548672,55
1738,WS_SEND_END,1516299548672,55
1738,WS_RECV_START,1516299548672,56
1738,WS_RECV_END,1516299548903,56
1738,PLAYER_SLEEPBEFORE_START,1516299548903,57
1738,PLAYER_SLEEPBEFORE_END,1516299571776,57
1738,WS_SEND_START,1516299571776,57
1738,WS_SEND_END,1516299571776,57
1738,WS_RECV_START,1516299571776,58
1738,WS_RECV_END,1516299572402,58
1738,PLAYER_SLEEPBEFORE_START,1516299572402,59
1738,PLAYER_SLEEPBEFORE_END,1516299574729,59
1738,WS_SEND_START,1516299574729,59
1738,WS_SEND_END,1516299574729,59
1738,WS_RECV_START,1516299574729,60
1738,WS_RECV_END,1516299575160,60
1738,PLAYER_SLEEPBEFORE_START,1516299575160,61
1738,PLAYER_SLEEPBEFORE_END,1516299578752,61
1738,WS_SEND_START,1516299578752,61
1738,WS_SEND_END,1516299578752,61
1738,WS_RECV_START,1516299578752,62
1738,WS_RECV_END,1516299579405,62
1738,PLAYER_SLEEPBEFORE_START,1516299579405,63
1738,PLAYER_SLEEPBEFORE_END,1516299598667,63
1738,WS_SEND_START,1516299598667,63
1738,WS_SEND_END,1516299598667,63
1738,WS_RECV_START,1516299598667,64
1738,WS_RECV_END,1516299598715,64
1738,PLAYER_SLEEPBEFORE_START,1516299598715,65
1738,PLAYER_SLEEPBEFORE_END,1516299625532,65
1738,WS_SEND_START,1516299625532,65
1738,WS_SEND_END,1516299625532,65
1738,WS_RECV_START,1516299625532,66
1738,WS_RECV_END,1516299627077,66
1738,PLAYER_SLEEPBEFORE_START,1516299627077,67
1738,PLAYER_SLEEPBEFORE_END,1516299628584,67
1738,WS_SEND_START,1516299628584,67
1738,WS_SEND_END,1516299628584,67
1738,WS_RECV_START,1516299628584,68
1738,WS_RECV_END,1516299629526,68
1738,PLAYER_SLEEPBEFORE_START,1516299629526,69
1738,PLAYER_SLEEPBEFORE_END,1516299651524,69
1738,WS_SEND_START,1516299651524,69
1738,WS_SEND_END,1516299651524,69
1738,WS_RECV_START,1516299651524,70
1738,WS_RECV_END,1516299652096,70
1738,PLAYER_SLEEPBEFORE_START,1516299652096,71
1738,PLAYER_SLEEPBEFORE_END,1516299676871,71
1738,WS_SEND_START,1516299676871,71
1738,WS_SEND_END,1516299676871,71
1738,PLAYER_SLEEPBEFORE_START,1516299676871,72
1738,PLAYER_SLEEPBEFORE_END,1516299679478,72
1738,WS_SEND_START,1516299679478,72
1738,WS_SEND_END,1516299679478,72
1738,WS_RECV_START,1516299679478,73
1738,WS_RECV_END,1516299679941,73
1738,PLAYER_SLEEPBEFORE_START,1516299679941,74
1738,PLAYER_SLEEPBEFORE_END,1516299679950,74
1738,WS_SEND_START,1516299679950,74
1738,WS_SEND_END,1516299679950,74
1738,WS_RECV_START,1516299679950,75
1738,WS_RECV_END,1516299680298,75
1738,PLAYER_SLEEPBEFORE_START,1516299680298,76
1738,PLAYER_SLEEPBEFORE_END,1516299681804,76
1738,WS_SEND_START,1516299681804,76
1738,WS_SEND_END,1516299681804,76
1738,WS_RECV_START,1516299681804,77
1738,WS_RECV_END,1516299682074,77
1738,PLAYER_SLEEPBEFORE_START,1516299682074,78
1738,PLAYER_SLEEPBEFORE_END,1516299682952,78
1738,WS_SEND_START,1516299682952,78
1738,WS_SEND_END,1516299682952,78
1738,WS_RECV_START,1516299682952,79
1738,WS_RECV_END,1516299683013,79
1738,PLAYER_SLEEPBEFORE_START,1516299683013,80
1738,PLAYER_SLEEPBEFORE_END,1516299690679,80
1738,WS_SEND_START,1516299690679,80
1738,WS_SEND_END,1516299690679,80
1738,WS_RECV_START,1516299690679,81
1738,WS_RECV_END,1516299690840,81
1738,PLAYER_SLEEPBEFORE_START,1516299690840,82
1738,PLAYER_SLEEPBEFORE_END,1516299691942,82
1738,WS_SEND_START,1516299691942,82
1738,WS_SEND_END,1516299691942,82
1738,WS_RECV_START,1516299691942,83
1738,WS_RECV_END,1516299692300,83
1738,PLAYER_SLEEPBEFORE_START,1516299692300,84
1738,PLAYER_SLEEPBEFORE_END,1516299693247,84
1738,WS_SEND_START,1516299693247,84
1738,WS_SEND_END,1516299693247,84
1738,WS_RECV_START,1516299693247,85
1738,WS_RECV_END,1516299693442,85
1738,PLAYER_SLEEPBEFORE_START,1516299693442,86
1738,PLAYER_SLEEPBEFORE_END,1516299697614,86
1738,WS_SEND_START,1516299697614,86
1738,WS_SEND_END,1516299697614,86
1738,WS_RECV_START,1516299697614,87
1738,WS_RECV_END,1516299697691,87
1738,PLAYER_SLEEPBEFORE_START,1516299697691,88
1738,PLAYER_SLEEPBEFORE_END,1516299697699,88
1738,WS_SEND_START,1516299697699,88
1738,WS_SEND_END,1516299697699,88
1738,WS_RECV_START,1516299697699,89
1738,WS_RECV_END,1516299698129,89
1738,PLAYER_SLEEPBEFORE_START,1516299698129,90
1738,PLAYER_SLEEPBEFORE_END,1516299725326,90
1738,REQ_START,1516299725326,90
1738,REQ_END,1516299725334,90
1738,PLAYER_SLEEPBEFORE_START,1516299725334,91
1738,PLAYER_SLEEPBEFORE_END,1516299733223,91
1738,WS_SEND_START,1516299733223,91
1738,WS_SEND_END,1516299733223,91
1738,WS_RECV_START,1516299733223,92
1738,WS_RECV_END,1516299733975,92
1738,PLAYER_SLEEPBEFORE_START,1516299733975,93
1738,PLAYER_SLEEPBEFORE_END,1516299733991,93
1738,WS_SEND_START,1516299733991,93
1738,WS_SEND_END,1516299733991,93
1738,WS_RECV_START,1516299733991,94
1738,WS_RECV_END,1516299734593,94
1738,PLAYER_SLEEPBEFORE_START,1516299734593,95
1738,PLAYER_SLEEPBEFORE_END,1516299758148,95
1738,WS_SEND_START,1516299758148,95
1738,WS_SEND_END,1516299758148,95
1738,WS_RECV_START,1516299758148,96
1738,WS_RECV_END,1516299760643,96
1738,PLAYER_SLEEPBEFORE_START,1516299760643,97
1738,PLAYER_SLEEPBEFORE_END,1516299783083,97
1738,WS_SEND_START,1516299783083,97
1738,WS_SEND_END,1516299783083,97
1738,WS_RECV_START,1516299783083,98
1738,WS_RECV_END,1516299784022,98
1738,PLAYER_SLEEPBEFORE_START,1516299784022,99
1738,PLAYER_SLEEPBEFORE_END,1516299784043,99
1738,WS_SEND_START,1516299784043,99
1738,WS_SEND_END,1516299784043,99
1738,WS_RECV_START,1516299784043,100
1738,WS_RECV_END,1516299784465,100
1738,PLAYER_SLEEPBEFORE_START,1516299784465,101
1738,PLAYER_SLEEPBEFORE_END,1516299808024,101
1738,WS_SEND_START,1516299808024,101
1738,WS_SEND_END,1516299808024,101
1738,WS_RECV_START,1516299808024,102
1738,WS_RECV_END,1516299808799,102
1738,PLAYER_SLEEPBEFORE_START,1516299808799,103
1738,PLAYER_SLEEPBEFORE_END,1516299832425,103
1738,WS_SEND_START,1516299832425,103
1738,WS_SEND_END,1516299832425,103
1738,WS_RECV_START,1516299832425,104
1738,WS_RECV_END,1516299833887,104
1738,PLAYER_SLEEPBEFORE_START,1516299833887,105
1738,PLAYER_SLEEPBEFORE_END,1516299859264,105
1738,WS_SEND_START,1516299859264,105
1738,WS_SEND_END,1516299859264,105
1738,WS_RECV_START,1516299859264,106
1738,WS_RECV_END,1516299862105,106
1738,PLAYER_SLEEPBEFORE_START,1516299862105,107
1738,PLAYER_SLEEPBEFORE_END,1516299885533,107
1738,WS_SEND_START,1516299885533,107
1738,WS_SEND_END,1516299885533,107
1738,WS_RECV_START,1516299885533,108
1738,WS_RECV_END,1516299887180,108
1738,PLAYER_SLEEPBEFORE_START,1516299887180,109
1738,PLAYER_SLEEPBEFORE_END,1516299887189,109
1738,WS_SEND_START,1516299887189,109
1738,WS_SEND_END,1516299887189,109
1738,WS_RECV_START,1516299887189,110
1738,WS_RECV_END,1516299887362,110
1738,PLAYER_SLEEPBEFORE_START,1516299887362,111
1738,PLAYER_SLEEPBEFORE_END,1516299888321,111
1738,WS_SEND_START,1516299888321,111
1738,WS_SEND_END,1516299888321,111
1738,WS_RECV_START,1516299888321,112
1738,WS_RECV_END,1516299888985,112
1738,PLAYER_SLEEPBEFORE_START,1516299888985,113
1738,PLAYER_SLEEPBEFORE_END,1516299889547,113
1738,WS_SEND_START,1516299889547,113
1738,WS_SEND_END,1516299889547,113
1738,WS_RECV_START,1516299889547,114
1738,WS_RECV_END,1516299890247,114
1738,PLAYER_SLEEPBEFORE_START,1516299890247,115
1738,PLAYER_SLEEPBEFORE_END,1516299890256,115
1738,WS_SEND_START,1516299890256,115
1738,WS_SEND_END,1516299890256,115
1738,WS_RECV_START,1516299890256,116
1738,WS_RECV_END,1516299891675,116
1738,PLAYER_SLEEPBEFORE_START,1516299891675,117
1738,PLAYER_SLEEPBEFORE_END,1516299912035,117
1738,WS_SEND_START,1516299912035,117
1738,WS_SEND_END,1516299912035,117
1738,PLAYER_SLEEPBEFORE_START,1516299912035,118
1738,PLAYER_SLEEPBEFORE_END,1516299915788,118
1738,WS_SEND_START,1516299915788,118
1738,WS_SEND_END,1516299915788,118
1738,WS_RECV_START,1516299915788,119
1738,WS_RECV_END,1516299916083,119
1738,PLAYER_SLEEPBEFORE_START,1516299916083,120
1738,PLAYER_SLEEPBEFORE_END,1516299917071,120
1738,WS_SEND_START,1516299917071,120
1738,WS_SEND_END,1516299917071,120
1738,WS_RECV_START,1516299917071,121
1738,WS_RECV_END,1516299917337,121
1738,PLAYER_SLEEPBEFORE_START,1516299917337,122
1738,PLAYER_SLEEPBEFORE_END,1516299918522,122
1738,WS_SEND_START,1516299918522,122
1738,WS_SEND_END,1516299918522,122
1738,WS_RECV_START,1516299918522,123
1738,WS_RECV_END,1516299918803,123
1738,PLAYER_SLEEPBEFORE_START,1516299918803,124
1738,PLAYER_SLEEPBEFORE_END,1516299943208,124
1738,WS_SEND_START,1516299943208,124
1738,WS_SEND_END,1516299943208,124
1738,WS_RECV_START,1516299943208,125
1738,WS_RECV_END,1516299943985,125
1738,PLAYER_SLEEPBEFORE_START,1516299943985,126
1738,PLAYER_SLEEPBEFORE_END,1516299964497,126
1738,WS_SEND_START,1516299964497,126
1738,WS_SEND_END,1516299964497,126
1738,PLAYER_SLEEPBEFORE_START,1516299964497,127
1738,PLAYER_SLEEPBEFORE_END,1516299967551,127
1738,WS_SEND_START,1516299967551,127
1738,WS_SEND_END,1516299967551,127
1738,WS_RECV_START,1516299967551,128
1738,WS_RECV_END,1516299969284,128
1738,PLAYER_SLEEPBEFORE_START,1516299969284,129
1738,PLAYER_SLEEPBEFORE_END,1516299969304,129
1738,WS_SEND_START,1516299969304,129
1738,WS_SEND_END,1516299969304,129
1738,WS_RECV_START,1516299969304,130
1738,WS_RECV_END,1516299970215,130
1738,PLAYER_SLEEPBEFORE_START,1516299970215,131
1738,PLAYER_SLEEPBEFORE_END,1516299991840,131
1738,WS_SEND_START,1516299991840,131
1738,WS_SEND_END,1516299991840,131
1738,PLAYER_SLEEPBEFORE_START,1516299991840,132
1738,PLAYER_SLEEPBEFORE_END,1516299994920,132
1738,WS_SEND_START,1516299994920,132
1738,WS_SEND_END,1516299994920,132
1738,WS_RECV_START,1516299994920,133
1738,WS_RECV_END,1516299996200,133
1738,PLAYER_SLEEPBEFORE_START,1516299996200,134
1738,PLAYER_SLEEPBEFORE_END,1516300017417,134
1738,WS_SEND_START,1516300017417,134
1738,WS_SEND_END,1516300017417,134
1738,PLAYER_SLEEPBEFORE_START,1516300017417,135
1738,PLAYER_SLEEPBEFORE_END,1516300020613,135
1738,WS_SEND_START,1516300020613,135
1738,WS_SEND_END,1516300020613,135
1738,WS_RECV_START,1516300020613,136
1738,WS_RECV_END,1516300020666,136
1738,PLAYER_SLEEPBEFORE_START,1516300020666,137
1738,PLAYER_SLEEPBEFORE_END,1516300020673,137
1738,WS_SEND_START,1516300020673,137
1738,WS_SEND_END,1516300020673,137
1738,WS_RECV_START,1516300020673,138
1738,WS_RECV_END,1516300020718,138
1738,PLAYER_SLEEPBEFORE_START,1516300020718,139
1738,PLAYER_SLEEPBEFORE_END,1516300021408,139
1738,WS_SEND_START,1516300021408,139
1738,WS_SEND_END,1516300021408,139
1738,WS_RECV_START,1516300021408,140
1738,WS_RECV_END,1516300021762,140
1738,PLAYER_SLEEPBEFORE_START,1516300021762,141
1738,PLAYER_SLEEPBEFORE_END,1516300022417,141
1738,WS_SEND_START,1516300022417,141
1738,WS_SEND_END,1516300022417,141
1738,WS_RECV_START,1516300022417,142
1738,WS_RECV_END,1516300022619,142
1738,PLAYER_SLEEPBEFORE_START,1516300022619,143
1738,PLAYER_SLEEPBEFORE_END,1516300022676,143
1738,WS_SEND_START,1516300022676,143
1738,WS_SEND_END,1516300022677,143
1738,WS_RECV_START,1516300022677,144
1738,WS_RECV_END,1516300022873,144
1738,PLAYER_SLEEPBEFORE_START,1516300022873,145
1738,PLAYER_SLEEPBEFORE_END,1516300038935,145
1738,REQ_START,1516300038935,145
1738,REQ_END,1516300038943,145
1738,PLAYER_SLEEPBEFORE_START,1516300038943,146
1738,PLAYER_SLEEPBEFORE_END,1516300047820,146
1738,WS_SEND_START,1516300047820,146
1738,WS_SEND_END,1516300047820,146
1738,WS_RECV_START,1516300047820,147
1738,WS_RECV_END,1516300048612,147
1738,PLAYER_SLEEPBEFORE_START,1516300048612,148
1738,PLAYER_SLEEPBEFORE_END,1516300070534,148
1738,WS_SEND_START,1516300070534,148
1738,WS_SEND_END,1516300070534,148
1738,PLAYER_SLEEPBEFORE_START,1516300070534,149
1738,PLAYER_SLEEPBEFORE_END,1516300072962,149
1738,WS_SEND_START,1516300072962,149
1738,WS_SEND_END,1516300072962,149
1738,WS_RECV_START,1516300072962,150
1738,WS_RECV_END,1516300073751,150
1738,PLAYER_SLEEPBEFORE_START,1516300073751,151
1738,PLAYER_SLEEPBEFORE_END,1516300073961,151
1738,WS_SEND_START,1516300073961,151
1738,WS_SEND_END,1516300073961,151
1738,WS_RECV_START,1516300073961,152
1738,WS_RECV_END,1516300074994,152
1738,PLAYER_SLEEPBEFORE_START,1516300074994,153
1738,PLAYER_SLEEPBEFORE_END,1516300098921,153
1738,WS_SEND_START,1516300098921,153
1738,WS_SEND_END,1516300098921,153
1738,WS_RECV_START,1516300098921,154
1738,WS_RECV_END,1516300099887,154
1738,PLAYER_SLEEPBEFORE_START,1516300099887,155
1738,PLAYER_SLEEPBEFORE_END,1516300122446,155
1738,WS_SEND_START,1516300122446,155
1738,WS_SEND_END,1516300122446,155
1738,PLAYER_SLEEPBEFORE_START,1516300122446,156
1738,PLAYER_SLEEPBEFORE_END,1516300125720,156
1738,WS_SEND_START,1516300125720,156
1738,WS_SEND_END,1516300125720,156
1738,WS_RECV_START,1516300125720,157
1738,WS_RECV_END,1516300130071,157
1738,PLAYER_SLEEPBEFORE_START,1516300130071,158
1738,PLAYER_SLEEPBEFORE_END,1516300130082,158
1738,WS_SEND_START,1516300130082,158
1738,WS_SEND_END,1516300130082,158
1738,WS_RECV_START,1516300130082,159
1738,WS_RECV_END,1516300133099,159
1738,PLAYER_SLEEPBEFORE_START,1516300133099,160
1738,PLAYER_SLEEPBEFORE_END,1516300133274,160
1738,WS_SEND_START,1516300133274,160
1738,WS_SEND_END,1516300133274,160
1738,WS_RECV_START,1516300133274,161
1738,WS_RECV_END,1516300136578,161
1738,PLAYER_SLEEPBEFORE_START,1516300136578,162
1738,PLAYER_SLEEPBEFORE_END,1516300136603,162
1738,WS_SEND_START,1516300136603,162
1738,WS_SEND_END,1516300136603,162
1738,WS_RECV_START,1516300136603,163
1738,WS_RECV_END,1516300140102,163
1738,PLAYER_SLEEPBEFORE_START,1516300140102,164
1738,PLAYER_SLEEPBEFORE_END,1516300160914,164
1738,WS_SEND_START,1516300160914,164
1738,WS_SEND_END,1516300160914,164
1738,WS_RECV_START,1516300160914,165
1738,WS_RECV_END,1516300166810,165
1738,PLAYER_SLEEPBEFORE_START,1516300166810,166
1738,PLAYER_SLEEPBEFORE_END,1516300189265,166
1738,WS_SEND_START,1516300189265,166
1738,WS_SEND_END,1516300189265,166
1738,WS_RECV_START,1516300189265,167
1738,WS_RECV_END,1516300192981,167
1738,PLAYER_SLEEPBEFORE_START,1516300192981,168
1738,PLAYER_SLEEPBEFORE_END,1516300220338,168
1738,WS_SEND_START,1516300220338,168
1738,WS_SEND_END,1516300220338,168
1738,WS_RECV_START,1516300220338,169
1738,WS_RECV_END,1516300223792,169
1738,PLAYER_SLEEPBEFORE_START,1516300223792,170
1738,PLAYER_SLEEPBEFORE_END,1516300223801,170
1738,WS_SEND_START,1516300223801,170
1738,WS_SEND_END,1516300223801,170
1738,WS_RECV_START,1516300223801,171
1738,WS_RECV_END,1516300224983,171
1738,PLAYER_SLEEPBEFORE_START,1516300224983,172
1738,PLAYER_SLEEPBEFORE_END,1516300225352,172
1738,WS_SEND_START,1516300225352,172
1738,WS_SEND_END,1516300225352,172
1738,WS_RECV_START,1516300225352,173
1738,WS_RECV_END,1516300226735,173
1738,PLAYER_SLEEPBEFORE_START,1516300226735,174
1738,PLAYER_SLEEPBEFORE_END,1516300226776,174
1738,WS_SEND_START,1516300226776,174
1738,WS_SEND_END,1516300226776,174
1738,WS_RECV_START,1516300226776,175
1738,WS_RECV_END,1516300228110,175
1738,PLAYER_SLEEPBEFORE_START,1516300228110,176
1738,PLAYER_SLEEPBEFORE_END,1516300249871,176
1738,WS_SEND_START,1516300249871,176
1738,WS_SEND_END,1516300249871,176
1738,PLAYER_SLEEPBEFORE_START,1516300249871,177
1738,PLAYER_SLEEPBEFORE_END,1516300252389,177
1738,WS_SEND_START,1516300252389,177
1738,WS_SEND_END,1516300252389,177
1738,WS_RECV_START,1516300252389,178
1738,WS_RECV_END,1516300254636,178
1738,PLAYER_SLEEPBEFORE_START,1516300254636,179
1738,PLAYER_SLEEPBEFORE_END,1516300276976,179
1738,WS_SEND_START,1516300276976,179
1738,WS_SEND_END,1516300276976,179
1738,WS_RECV_START,1516300276976,180
1738,WS_RECV_END,1516300277268,180
1738,PLAYER_SLEEPBEFORE_START,1516300277268,181
1738,PLAYER_SLEEPBEFORE_END,1516300277712,181
1738,WS_SEND_START,1516300277712,181
1738,WS_SEND_END,1516300277712,181
1738,WS_RECV_START,1516300277712,182
1738,WS_RECV_END,1516300278621,182
1738,PLAYER_SLEEPBEFORE_START,1516300278621,183
1738,PLAYER_SLEEPBEFORE_END,1516300279144,183
1738,WS_SEND_START,1516300279144,183
1738,WS_SEND_END,1516300279144,183
1738,WS_RECV_START,1516300279144,184
1738,WS_RECV_END,1516300280259,184
1738,PLAYER_SLEEPBEFORE_START,1516300280259,185
1738,PLAYER_SLEEPBEFORE_END,1516300280528,185
1738,WS_SEND_START,1516300280528,185
1738,WS_SEND_END,1516300280528,185
1738,WS_RECV_START,1516300280528,186
1738,WS_RECV_END,1516300281908,186
1738,PLAYER_SLEEPBEFORE_START,1516300281908,187
1738,PLAYER_SLEEPBEFORE_END,1516300304408,187
1738,WS_SEND_START,1516300304408,187
1738,WS_SEND_END,1516300304408,187
1738,WS_RECV_START,1516300304408,188
1738,WS_RECV_END,1516300304578,188
1738,PLAYER_SLEEPBEFORE_START,1516300304578,189
1738,PLAYER_SLEEPBEFORE_END,1516300310818,189
1738,WS_SEND_START,1516300310818,189
1738,WS_SEND_END,1516300310818,189
1738,WS_RECV_START,1516300310818,190
1738,WS_RECV_END,1516300311252,190
1738,PLAYER_SLEEPBEFORE_START,1516300311252,191
1738,PLAYER_SLEEPBEFORE_END,1516300313167,191
1738,WS_SEND_START,1516300313167,191
1738,WS_SEND_END,1516300313167,191
1738,WS_RECV_START,1516300313167,192
1738,WS_RECV_END,1516300313959,192
1738,PLAYER_SLEEPBEFORE_START,1516300313959,193
1738,PLAYER_SLEEPBEFORE_END,1516300314087,193
1738,WS_SEND_START,1516300314087,193
1738,WS_SEND_END,1516300314087,193
1738,WS_RECV_START,1516300314087,194
1738,WS_RECV_END,1516300314248,194
1738,PLAYER_SLEEPBEFORE_START,1516300314248,195
1738,PLAYER_SLEEPBEFORE_END,1516300316003,195
1738,WS_SEND_START,1516300316003,195
1738,WS_SEND_END,1516300316003,195
1738,WS_RECV_START,1516300316003,196
1738,WS_RECV_END,1516300316905,196
1738,PLAYER_SLEEPBEFORE_START,1516300316905,197
1738,PLAYER_SLEEPBEFORE_END,1516300318709,197
1738,WS_SEND_START,1516300318709,197
1738,WS_SEND_END,1516300318709,197
1738,WS_RECV_START,1516300318709,198
1738,WS_RECV_END,1516300319411,198
1738,PLAYER_SLEEPBEFORE_START,1516300319411,199
1738,PLAYER_SLEEPBEFORE_END,1516300331265,199
1738,WS_SEND_START,1516300331265,199
1738,WS_SEND_END,1516300331265,199
1738,PLAYER_SLEEPBEFORE_START,1516300331265,200
1738,PLAYER_SLEEPBEFORE_END,1516300335353,200
1738,WS_SEND_START,1516300335353,200
1738,WS_SEND_END,1516300335353,200
1738,WS_RECV_START,1516300335353,201
1738,WS_RECV_END,1516300335780,201
1738,PLAYER_SLEEPBEFORE_START,1516300335780,202
1738,PLAYER_SLEEPBEFORE_END,1516300335794,202
1738,WS_SEND_START,1516300335794,202
1738,WS_SEND_END,1516300335794,202
1738,WS_RECV_START,1516300335795,203
1738,WS_RECV_END,1516300336129,203
1738,PLAYER_SLEEPBEFORE_START,1516300336129,204
1738,PLAYER_SLEEPBEFORE_END,1516300355778,204
1738,WS_SEND_START,1516300355778,204
1738,WS_SEND_END,1516300355778,204
1738,PLAYER_SLEEPBEFORE_START,1516300355778,205
1738,PLAYER_SLEEPBEFORE_END,1516300359685,205
1738,WS_SEND_START,1516300359685,205
1738,WS_SEND_END,1516300359685,205
1738,WS_RECV_START,1516300359685,206
1738,WS_RECV_END,1516300359865,206
1738,PLAYER_SLEEPBEFORE_START,1516300359865,207
1738,PLAYER_SLEEPBEFORE_END,1516300376796,207
1738,REQ_START,1516300376796,207
1738,REQ_END,1516300376804,207
1738,PLAYER_SLEEPBEFORE_START,1516300376804,208
1738,PLAYER_SLEEPBEFORE_END,1516300383656,208
1738,WS_CLOSE_START,1516300383656,208
1738,WS_CLOSE_END,1516300383656,208
1738,PLAYER_DONE,1516300383656
