# --sessions 2700 --app-url=http://shinyloadtest.rstudioservices.com/cran_explorer --output-dir test2700 --overwrite-output --log-level warn --start-interval 100 15min.log
thread_id,event,timestamp,input_line_number,comment
1779,PLAYER_SESSION_CREATE,1516299246022
1779,PLAYER_START_INTERVAL_START,1516299246022
1779,PLAYER_START_INTERVAL_END,1516299423922
1779,REQ_HOME_START,1516299423922,2
1779,REQ_HOME_END,1516299424028,2
1779,REQ_START,1516299424028,3
1779,REQ_END,1516299424225,3
1779,REQ_START,1516299424225,4
1779,REQ_END,1516299424295,4
1779,REQ_START,1516299424295,5
1779,REQ_END,1516299424441,5
1779,REQ_START,1516299424441,6
1779,REQ_END,1516299424488,6
1779,REQ_START,1516299424488,7
1779,REQ_END,1516299424527,7
1779,REQ_START,1516299424527,8
1779,REQ_END,1516299424573,8
1779,REQ_START,1516299424573,9
1779,REQ_END,1516299424609,9
1779,REQ_START,1516299424609,10
1779,REQ_END,1516299424615,10
1779,REQ_START,1516299424615,11
1779,REQ_END,1516299424684,11
1779,REQ_START,1516299424684,12
1779,REQ_END,1516299424699,12
1779,REQ_START,1516299424699,13
1779,REQ_END,1516299424737,13
1779,REQ_START,1516299424737,14
1779,REQ_END,1516299424750,14
1779,REQ_START,1516299424750,15
1779,REQ_END,1516299425262,15
1779,REQ_TOK_START,1516299425262,16
1779,REQ_TOK_END,1516299425267,16
1779,REQ_SINF_START,1516299425267,17
1779,REQ_SINF_END,1516299425271,17
1779,WS_OPEN_START,1516299425271,18
1779,WS_OPEN_END,1516299425275,18
1779,REQ_START,1516299425275,19
1779,REQ_END,1516299426043,19
1779,WS_RECV_START,1516299426043,20
1779,WS_RECV_END,1516299426043,20
1779,PLAYER_SLEEPBEFORE_START,1516299426043,21
1779,PLAYER_SLEEPBEFORE_END,1516299426048,21
1779,WS_SEND_START,1516299426048,21
1779,WS_SEND_END,1516299426048,21
1779,PLAYER_SLEEPBEFORE_START,1516299426048,22
1779,PLAYER_SLEEPBEFORE_END,1516299426049,22
1779,WS_SEND_START,1516299426049,22
1779,WS_SEND_END,1516299426049,22
1779,WS_RECV_INIT_START,1516299426049,23
1779,WS_RECV_INIT_END,1516299426223,23
1779,WS_RECV_START,1516299426223,24
1779,WS_RECV_END,1516299426519,24
1779,PLAYER_SLEEPBEFORE_START,1516299426520,25
1779,PLAYER_SLEEPBEFORE_END,1516299426527,25
1779,REQ_START,1516299426527,25
1779,REQ_END,1516299426706,25
1779,PLAYER_SLEEPBEFORE_START,1516299426706,26
1779,PLAYER_SLEEPBEFORE_END,1516299426708,26
1779,REQ_START,1516299426708,26
1779,REQ_END,1516299426989,26
1779,PLAYER_SLEEPBEFORE_START,1516299426989,27
1779,PLAYER_SLEEPBEFORE_END,1516299426992,27
1779,REQ_START,1516299426992,27
1779,REQ_END,1516299427077,27
1779,PLAYER_SLEEPBEFORE_START,1516299427077,28
1779,PLAYER_SLEEPBEFORE_END,1516299427362,28
1779,REQ_START,1516299427362,28
1779,REQ_END,1516299427489,28
1779,PLAYER_SLEEPBEFORE_START,1516299427489,29
1779,PLAYER_SLEEPBEFORE_END,1516299427664,29
1779,WS_SEND_START,1516299427664,29
1779,WS_SEND_END,1516299427664,29
1779,WS_RECV_START,1516299427664,30
1779,WS_RECV_END,1516299427925,30
1779,PLAYER_SLEEPBEFORE_START,1516299427925,31
1779,PLAYER_SLEEPBEFORE_END,1516299427936,31
1779,REQ_START,1516299427936,31
1779,REQ_END,1516299428454,31
1779,PLAYER_SLEEPBEFORE_START,1516299428454,32
1779,PLAYER_SLEEPBEFORE_END,1516299456599,32
1779,WS_SEND_START,1516299456599,32
1779,WS_SEND_END,1516299456599,32
1779,WS_RECV_START,1516299456599,33
1779,WS_RECV_END,1516299456920,33
1779,PLAYER_SLEEPBEFORE_START,1516299456920,34
1779,PLAYER_SLEEPBEFORE_END,1516299482831,34
1779,WS_SEND_START,1516299482831,34
1779,WS_SEND_END,1516299482831,34
1779,WS_RECV_START,1516299482831,35
1779,WS_RECV_END,1516299483346,35
1779,PLAYER_SLEEPBEFORE_START,1516299483346,36
1779,PLAYER_SLEEPBEFORE_END,1516299483355,36
1779,WS_SEND_START,1516299483355,36
1779,WS_SEND_END,1516299483355,36
1779,WS_RECV_START,1516299483355,37
1779,WS_RECV_END,1516299483744,37
1779,PLAYER_SLEEPBEFORE_START,1516299483744,38
1779,PLAYER_SLEEPBEFORE_END,1516299486939,38
1779,WS_SEND_START,1516299486939,38
1779,WS_SEND_END,1516299486939,38
1779,WS_RECV_START,1516299486939,39
1779,WS_RECV_END,1516299487291,39
1779,PLAYER_SLEEPBEFORE_START,1516299487291,40
1779,PLAYER_SLEEPBEFORE_END,1516299487337,40
1779,WS_SEND_START,1516299487337,40
1779,WS_SEND_END,1516299487337,40
1779,WS_RECV_START,1516299487337,41
1779,WS_RECV_END,1516299487547,41
1779,PLAYER_SLEEPBEFORE_START,1516299487547,42
1779,PLAYER_SLEEPBEFORE_END,1516299505682,42
1779,WS_SEND_START,1516299505682,42
1779,WS_SEND_END,1516299505682,42
1779,WS_RECV_START,1516299505682,43
1779,WS_RECV_END,1516299505985,43
1779,PLAYER_SLEEPBEFORE_START,1516299505985,44
1779,PLAYER_SLEEPBEFORE_END,1516299505997,44
1779,WS_SEND_START,1516299505997,44
1779,WS_SEND_END,1516299505997,44
1779,WS_RECV_START,1516299505997,45
1779,WS_RECV_END,1516299506644,45
1779,PLAYER_SLEEPBEFORE_START,1516299506644,46
1779,PLAYER_SLEEPBEFORE_END,1516299507904,46
1779,WS_SEND_START,1516299507904,46
1779,WS_SEND_END,1516299507904,46
1779,WS_RECV_START,1516299507904,47
1779,WS_RECV_END,1516299508781,47
1779,PLAYER_SLEEPBEFORE_START,1516299508781,48
1779,PLAYER_SLEEPBEFORE_END,1516299510102,48
1779,WS_SEND_START,1516299510102,48
1779,WS_SEND_END,1516299510102,48
1779,WS_RECV_START,1516299510102,49
1779,WS_RECV_END,1516299510678,49
1779,PLAYER_SLEEPBEFORE_START,1516299510678,50
1779,PLAYER_SLEEPBEFORE_END,1516299510702,50
1779,WS_SEND_START,1516299510702,50
1779,WS_SEND_END,1516299510702,50
1779,WS_RECV_START,1516299510702,51
1779,WS_RECV_END,1516299510975,51
1779,PLAYER_SLEEPBEFORE_START,1516299510975,52
1779,PLAYER_SLEEPBEFORE_END,1516299533539,52
1779,WS_SEND_START,1516299533539,52
1779,WS_SEND_END,1516299533540,52
1779,WS_RECV_START,1516299533540,53
1779,WS_RECV_END,1516299535500,53
1779,PLAYER_SLEEPBEFORE_START,1516299535500,54
1779,PLAYER_SLEEPBEFORE_END,1516299556803,54
1779,WS_SEND_START,1516299556803,54
1779,WS_SEND_END,1516299556803,54
1779,PLAYER_SLEEPBEFORE_START,1516299556803,55
1779,PLAYER_SLEEPBEFORE_END,1516299558744,55
1779,WS_SEND_START,1516299558744,55
1779,WS_SEND_END,1516299558744,55
1779,WS_RECV_START,1516299558744,56
1779,WS_RECV_END,1516299560419,56
1779,PLAYER_SLEEPBEFORE_START,1516299560419,57
1779,PLAYER_SLEEPBEFORE_END,1516299583291,57
1779,WS_SEND_START,1516299583291,57
1779,WS_SEND_END,1516299583291,57
1779,WS_RECV_START,1516299583291,58
1779,WS_RECV_END,1516299585947,58
1779,PLAYER_SLEEPBEFORE_START,1516299585947,59
1779,PLAYER_SLEEPBEFORE_END,1516299588274,59
1779,WS_SEND_START,1516299588274,59
1779,WS_SEND_END,1516299588274,59
1779,WS_RECV_START,1516299588274,60
1779,WS_RECV_END,1516299590220,60
1779,PLAYER_SLEEPBEFORE_START,1516299590220,61
1779,PLAYER_SLEEPBEFORE_END,1516299593811,61
1779,WS_SEND_START,1516299593811,61
1779,WS_SEND_END,1516299593811,61
1779,WS_RECV_START,1516299593811,62
1779,WS_RECV_END,1516299595846,62
1779,PLAYER_SLEEPBEFORE_START,1516299595846,63
1779,PLAYER_SLEEPBEFORE_END,1516299615109,63
1779,WS_SEND_START,1516299615109,63
1779,WS_SEND_END,1516299615109,63
1779,WS_RECV_START,1516299615109,64
1779,WS_RECV_END,1516299616881,64
1779,PLAYER_SLEEPBEFORE_START,1516299616881,65
1779,PLAYER_SLEEPBEFORE_END,1516299643698,65
1779,WS_SEND_START,1516299643698,65
1779,WS_SEND_END,1516299643698,65
1779,WS_RECV_START,1516299643698,66
1779,WS_RECV_END,1516299648222,66
1779,PLAYER_SLEEPBEFORE_START,1516299648222,67
1779,PLAYER_SLEEPBEFORE_END,1516299649729,67
1779,WS_SEND_START,1516299649729,67
1779,WS_SEND_END,1516299649729,67
1779,WS_RECV_START,1516299649729,68
1779,WS_RECV_END,1516299650405,68
1779,PLAYER_SLEEPBEFORE_START,1516299650405,69
1779,PLAYER_SLEEPBEFORE_END,1516299672403,69
1779,WS_SEND_START,1516299672403,69
1779,WS_SEND_END,1516299672403,69
1779,WS_RECV_START,1516299672403,70
1779,WS_RECV_END,1516299673989,70
1779,PLAYER_SLEEPBEFORE_START,1516299673989,71
1779,PLAYER_SLEEPBEFORE_END,1516299698764,71
1779,WS_SEND_START,1516299698764,71
1779,WS_SEND_END,1516299698764,71
1779,PLAYER_SLEEPBEFORE_START,1516299698764,72
1779,PLAYER_SLEEPBEFORE_END,1516299701371,72
1779,WS_SEND_START,1516299701371,72
1779,WS_SEND_END,1516299701371,72
1779,WS_RECV_START,1516299701371,73
1779,WS_RECV_END,1516299702369,73
1779,PLAYER_SLEEPBEFORE_START,1516299702369,74
1779,PLAYER_SLEEPBEFORE_END,1516299702378,74
1779,WS_SEND_START,1516299702378,74
1779,WS_SEND_END,1516299702378,74
1779,WS_RECV_START,1516299702378,75
1779,WS_RECV_END,1516299702577,75
1779,PLAYER_SLEEPBEFORE_START,1516299702577,76
1779,PLAYER_SLEEPBEFORE_END,1516299704083,76
1779,WS_SEND_START,1516299704083,76
1779,WS_SEND_END,1516299704083,76
1779,WS_RECV_START,1516299704083,77
1779,WS_RECV_END,1516299704485,77
1779,PLAYER_SLEEPBEFORE_START,1516299704485,78
1779,PLAYER_SLEEPBEFORE_END,1516299705354,78
1779,WS_SEND_START,1516299705354,78
1779,WS_SEND_END,1516299705354,78
1779,WS_RECV_START,1516299705354,79
1779,WS_RECV_END,1516299705643,79
1779,PLAYER_SLEEPBEFORE_START,1516299705643,80
1779,PLAYER_SLEEPBEFORE_END,1516299713309,80
1779,WS_SEND_START,1516299713309,80
1779,WS_SEND_END,1516299713309,80
1779,WS_RECV_START,1516299713309,81
1779,WS_RECV_END,1516299713690,81
1779,PLAYER_SLEEPBEFORE_START,1516299713690,82
1779,PLAYER_SLEEPBEFORE_END,1516299714792,82
1779,WS_SEND_START,1516299714792,82
1779,WS_SEND_END,1516299714792,82
1779,WS_RECV_START,1516299714792,83
1779,WS_RECV_END,1516299715114,83
1779,PLAYER_SLEEPBEFORE_START,1516299715114,84
1779,PLAYER_SLEEPBEFORE_END,1516299716062,84
1779,WS_SEND_START,1516299716062,84
1779,WS_SEND_END,1516299716062,84
1779,WS_RECV_START,1516299716062,85
1779,WS_RECV_END,1516299716535,85
1779,PLAYER_SLEEPBEFORE_START,1516299716535,86
1779,PLAYER_SLEEPBEFORE_END,1516299720708,86
1779,WS_SEND_START,1516299720708,86
1779,WS_SEND_END,1516299720708,86
1779,WS_RECV_START,1516299720708,87
1779,WS_RECV_END,1516299722037,87
1779,PLAYER_SLEEPBEFORE_START,1516299722037,88
1779,PLAYER_SLEEPBEFORE_END,1516299722045,88
1779,WS_SEND_START,1516299722045,88
1779,WS_SEND_END,1516299722045,88
1779,WS_RECV_START,1516299722045,89
1779,WS_RECV_END,1516299722618,89
1779,PLAYER_SLEEPBEFORE_START,1516299722618,90
1779,PLAYER_SLEEPBEFORE_END,1516299749815,90
1779,REQ_START,1516299749815,90
1779,REQ_END,1516299749820,90
1779,PLAYER_SLEEPBEFORE_START,1516299749820,91
1779,PLAYER_SLEEPBEFORE_END,1516299757709,91
1779,WS_SEND_START,1516299757709,91
1779,WS_SEND_END,1516299757710,91
1779,WS_RECV_START,1516299757710,92
1779,WS_RECV_END,1516299760618,92
1779,PLAYER_SLEEPBEFORE_START,1516299760618,93
1779,PLAYER_SLEEPBEFORE_END,1516299760633,93
1779,WS_SEND_START,1516299760633,93
1779,WS_SEND_END,1516299760633,93
1779,WS_RECV_START,1516299760633,94
1779,WS_RECV_END,1516299761811,94
1779,PLAYER_SLEEPBEFORE_START,1516299761811,95
1779,PLAYER_SLEEPBEFORE_END,1516299785366,95
1779,WS_SEND_START,1516299785366,95
1779,WS_SEND_END,1516299785366,95
1779,WS_RECV_START,1516299785366,96
1779,WS_RECV_END,1516299789958,96
1779,PLAYER_SLEEPBEFORE_START,1516299789958,97
1779,PLAYER_SLEEPBEFORE_END,1516299812398,97
1779,WS_SEND_START,1516299812398,97
1779,WS_SEND_END,1516299812398,97
1779,WS_RECV_START,1516299812398,98
1779,WS_RECV_END,1516299817357,98
1779,PLAYER_SLEEPBEFORE_START,1516299817357,99
1779,PLAYER_SLEEPBEFORE_END,1516299817378,99
1779,WS_SEND_START,1516299817378,99
1779,WS_SEND_END,1516299817378,99
1779,WS_RECV_START,1516299817378,100
1779,WS_RECV_END,1516299819791,100
1779,PLAYER_SLEEPBEFORE_START,1516299819791,101
1779,PLAYER_SLEEPBEFORE_END,1516299843350,101
1779,WS_SEND_START,1516299843350,101
1779,WS_SEND_END,1516299843350,101
1779,WS_RECV_START,1516299843350,102
1779,WS_RECV_END,1516299845018,102
1779,PLAYER_SLEEPBEFORE_START,1516299845018,103
1779,PLAYER_SLEEPBEFORE_END,1516299868643,103
1779,WS_SEND_START,1516299868643,103
1779,WS_SEND_END,1516299868643,103
1779,WS_RECV_START,1516299868643,104
1779,WS_RECV_END,1516299868985,104
1779,PLAYER_SLEEPBEFORE_START,1516299868985,105
1779,PLAYER_SLEEPBEFORE_END,1516299894363,105
1779,WS_SEND_START,1516299894363,105
1779,WS_SEND_END,1516299894363,105
1779,WS_RECV_START,1516299894363,106
1779,WS_RECV_END,1516299898001,106
1779,PLAYER_SLEEPBEFORE_START,1516299898001,107
1779,PLAYER_SLEEPBEFORE_END,1516299921424,107
1779,WS_SEND_START,1516299921424,107
1779,WS_SEND_END,1516299921424,107
1779,WS_RECV_START,1516299921424,108
1779,WS_RECV_END,1516299922304,108
1779,PLAYER_SLEEPBEFORE_START,1516299922304,109
1779,PLAYER_SLEEPBEFORE_END,1516299922313,109
1779,WS_SEND_START,1516299922313,109
1779,WS_SEND_END,1516299922313,109
1779,WS_RECV_START,1516299922313,110
1779,WS_RECV_END,1516299923733,110
1779,PLAYER_SLEEPBEFORE_START,1516299923733,111
1779,PLAYER_SLEEPBEFORE_END,1516299924692,111
1779,WS_SEND_START,1516299924692,111
1779,WS_SEND_END,1516299924692,111
1779,WS_RECV_START,1516299924692,112
1779,WS_RECV_END,1516299925476,112
1779,PLAYER_SLEEPBEFORE_START,1516299925476,113
1779,PLAYER_SLEEPBEFORE_END,1516299926038,113
1779,WS_SEND_START,1516299926038,113
1779,WS_SEND_END,1516299926038,113
1779,WS_RECV_START,1516299926038,114
1779,WS_RECV_END,1516299926514,114
1779,PLAYER_SLEEPBEFORE_START,1516299926514,115
1779,PLAYER_SLEEPBEFORE_END,1516299926523,115
1779,WS_SEND_START,1516299926523,115
1779,WS_SEND_END,1516299926523,115
1779,WS_RECV_START,1516299926523,116
1779,WS_RECV_END,1516299927405,116
1779,PLAYER_SLEEPBEFORE_START,1516299927405,117
1779,PLAYER_SLEEPBEFORE_END,1516299947765,117
1779,WS_SEND_START,1516299947765,117
1779,WS_SEND_END,1516299947765,117
1779,PLAYER_SLEEPBEFORE_START,1516299947765,118
1779,PLAYER_SLEEPBEFORE_END,1516299951517,118
1779,WS_SEND_START,1516299951517,118
1779,WS_SEND_END,1516299951517,118
1779,WS_RECV_START,1516299951517,119
1779,WS_RECV_END,1516299952966,119
1779,PLAYER_SLEEPBEFORE_START,1516299952966,120
1779,PLAYER_SLEEPBEFORE_END,1516299953954,120
1779,WS_SEND_START,1516299953954,120
1779,WS_SEND_END,1516299953954,120
1779,WS_RECV_START,1516299953954,121
1779,WS_RECV_END,1516299954872,121
1779,PLAYER_SLEEPBEFORE_START,1516299954872,122
1779,PLAYER_SLEEPBEFORE_END,1516299956057,122
1779,WS_SEND_START,1516299956057,122
1779,WS_SEND_END,1516299956057,122
1779,WS_RECV_START,1516299956058,123
1779,WS_RECV_END,1516299956421,123
1779,PLAYER_SLEEPBEFORE_START,1516299956421,124
1779,PLAYER_SLEEPBEFORE_END,1516299980826,124
1779,WS_SEND_START,1516299980826,124
1779,WS_SEND_END,1516299980826,124
1779,WS_RECV_START,1516299980826,125
1779,WS_RECV_END,1516299981106,125
1779,PLAYER_SLEEPBEFORE_START,1516299981106,126
1779,PLAYER_SLEEPBEFORE_END,1516300001618,126
1779,WS_SEND_START,1516300001618,126
1779,WS_SEND_END,1516300001618,126
1779,PLAYER_SLEEPBEFORE_START,1516300001618,127
1779,PLAYER_SLEEPBEFORE_END,1516300004673,127
1779,WS_SEND_START,1516300004673,127
1779,WS_SEND_END,1516300004673,127
1779,WS_RECV_START,1516300004673,128
1779,WS_RECV_END,1516300006607,128
1779,PLAYER_SLEEPBEFORE_START,1516300006607,129
1779,PLAYER_SLEEPBEFORE_END,1516300006627,129
1779,WS_SEND_START,1516300006627,129
1779,WS_SEND_END,1516300006627,129
1779,WS_RECV_START,1516300006627,130
1779,WS_RECV_END,1516300007612,130
1779,PLAYER_SLEEPBEFORE_START,1516300007612,131
1779,PLAYER_SLEEPBEFORE_END,1516300029236,131
1779,WS_SEND_START,1516300029236,131
1779,WS_SEND_END,1516300029236,131
1779,PLAYER_SLEEPBEFORE_START,1516300029236,132
1779,PLAYER_SLEEPBEFORE_END,1516300032316,132
1779,WS_SEND_START,1516300032316,132
1779,WS_SEND_END,1516300032316,132
1779,WS_RECV_START,1516300032316,133
1779,WS_RECV_END,1516300033540,133
1779,PLAYER_SLEEPBEFORE_START,1516300033540,134
1779,PLAYER_SLEEPBEFORE_END,1516300054757,134
1779,WS_SEND_START,1516300054757,134
1779,WS_SEND_END,1516300054757,134
1779,PLAYER_SLEEPBEFORE_START,1516300054757,135
1779,PLAYER_SLEEPBEFORE_END,1516300057947,135
1779,WS_SEND_START,1516300057947,135
1779,WS_SEND_END,1516300057947,135
1779,WS_RECV_START,1516300057947,136
1779,WS_RECV_END,1516300058023,136
1779,PLAYER_SLEEPBEFORE_START,1516300058023,137
1779,PLAYER_SLEEPBEFORE_END,1516300058030,137
1779,WS_SEND_START,1516300058030,137
1779,WS_SEND_END,1516300058030,137
1779,WS_RECV_START,1516300058030,138
1779,WS_RECV_END,1516300058083,138
1779,PLAYER_SLEEPBEFORE_START,1516300058083,139
1779,PLAYER_SLEEPBEFORE_END,1516300058774,139
1779,WS_SEND_START,1516300058774,139
1779,WS_SEND_END,1516300058774,139
1779,WS_RECV_START,1516300058774,140
1779,WS_RECV_END,1516300058877,140
1779,PLAYER_SLEEPBEFORE_START,1516300058877,141
1779,PLAYER_SLEEPBEFORE_END,1516300059532,141
1779,WS_SEND_START,1516300059532,141
1779,WS_SEND_END,1516300059532,141
1779,WS_RECV_START,1516300059532,142
1779,WS_RECV_END,1516300059872,142
1779,PLAYER_SLEEPBEFORE_START,1516300059872,143
1779,PLAYER_SLEEPBEFORE_END,1516300059929,143
1779,WS_SEND_START,1516300059929,143
1779,WS_SEND_END,1516300059929,143
1779,WS_RECV_START,1516300059929,144
1779,WS_RECV_END,1516300060110,144
1779,PLAYER_SLEEPBEFORE_START,1516300060110,145
1779,PLAYER_SLEEPBEFORE_END,1516300076173,145
1779,REQ_START,1516300076173,145
1779,REQ_END,1516300076179,145
1779,PLAYER_SLEEPBEFORE_START,1516300076179,146
1779,PLAYER_SLEEPBEFORE_END,1516300085057,146
1779,WS_SEND_START,1516300085057,146
1779,WS_SEND_END,1516300085057,146
1779,WS_RECV_START,1516300085057,147
1779,WS_RECV_END,1516300086507,147
1779,PLAYER_SLEEPBEFORE_START,1516300086507,148
1779,PLAYER_SLEEPBEFORE_END,1516300108429,148
1779,WS_SEND_START,1516300108429,148
1779,WS_SEND_END,1516300108429,148
1779,PLAYER_SLEEPBEFORE_START,1516300108429,149
1779,PLAYER_SLEEPBEFORE_END,1516300110857,149
1779,WS_SEND_START,1516300110857,149
1779,WS_SEND_END,1516300110857,149
1779,WS_RECV_START,1516300110857,150
1779,WS_RECV_END,1516300111016,150
1779,PLAYER_SLEEPBEFORE_START,1516300111016,151
1779,PLAYER_SLEEPBEFORE_END,1516300111226,151
1779,WS_SEND_START,1516300111226,151
1779,WS_SEND_END,1516300111226,151
1779,WS_RECV_START,1516300111226,152
1779,WS_RECV_END,1516300111398,152
1779,PLAYER_SLEEPBEFORE_START,1516300111398,153
1779,PLAYER_SLEEPBEFORE_END,1516300135325,153
1779,WS_SEND_START,1516300135325,153
1779,WS_SEND_END,1516300135325,153
1779,WS_RECV_START,1516300135325,154
1779,WS_RECV_END,1516300137908,154
1779,PLAYER_SLEEPBEFORE_START,1516300137908,155
1779,PLAYER_SLEEPBEFORE_END,1516300160466,155
1779,WS_SEND_START,1516300160466,155
1779,WS_SEND_END,1516300160466,155
1779,PLAYER_SLEEPBEFORE_START,1516300160466,156
1779,PLAYER_SLEEPBEFORE_END,1516300163741,156
1779,WS_SEND_START,1516300163741,156
1779,WS_SEND_END,1516300163741,156
1779,WS_RECV_START,1516300163741,157
1779,WS_RECV_END,1516300164965,157
1779,PLAYER_SLEEPBEFORE_START,1516300164965,158
1779,PLAYER_SLEEPBEFORE_END,1516300164975,158
1779,WS_SEND_START,1516300164975,158
1779,WS_SEND_END,1516300164975,158
1779,WS_RECV_START,1516300164975,159
1779,WS_RECV_END,1516300166747,159
1779,PLAYER_SLEEPBEFORE_START,1516300166747,160
1779,PLAYER_SLEEPBEFORE_END,1516300166922,160
1779,WS_SEND_START,1516300166922,160
1779,WS_SEND_END,1516300166922,160
1779,WS_RECV_START,1516300166922,161
1779,WS_RECV_END,1516300168823,161
1779,PLAYER_SLEEPBEFORE_START,1516300168823,162
1779,PLAYER_SLEEPBEFORE_END,1516300168849,162
1779,WS_SEND_START,1516300168849,162
1779,WS_SEND_END,1516300168849,162
1779,WS_RECV_START,1516300168849,163
1779,WS_RECV_END,1516300171503,163
1779,PLAYER_SLEEPBEFORE_START,1516300171503,164
1779,PLAYER_SLEEPBEFORE_END,1516300192315,164
1779,WS_SEND_START,1516300192315,164
1779,WS_SEND_END,1516300192315,164
1779,WS_RECV_START,1516300192315,165
1779,WS_RECV_END,1516300198774,165
1779,PLAYER_SLEEPBEFORE_START,1516300198774,166
1779,PLAYER_SLEEPBEFORE_END,1516300221229,166
1779,WS_SEND_START,1516300221229,166
1779,WS_SEND_END,1516300221229,166
1779,WS_RECV_START,1516300221229,167
1779,WS_RECV_END,1516300224573,167
1779,PLAYER_SLEEPBEFORE_START,1516300224573,168
1779,PLAYER_SLEEPBEFORE_END,1516300251930,168
1779,WS_SEND_START,1516300251930,168
1779,WS_SEND_END,1516300251930,168
1779,WS_RECV_START,1516300251930,169
1779,WS_RECV_END,1516300255053,169
1779,PLAYER_SLEEPBEFORE_START,1516300255053,170
1779,PLAYER_SLEEPBEFORE_END,1516300255062,170
1779,WS_SEND_START,1516300255062,170
1779,WS_SEND_END,1516300255062,170
1779,WS_RECV_START,1516300255062,171
1779,WS_RECV_END,1516300255905,171
1779,PLAYER_SLEEPBEFORE_START,1516300255906,172
1779,PLAYER_SLEEPBEFORE_END,1516300256275,172
1779,WS_SEND_START,1516300256275,172
1779,WS_SEND_END,1516300256275,172
1779,WS_RECV_START,1516300256275,173
1779,WS_RECV_END,1516300256768,173
1779,PLAYER_SLEEPBEFORE_START,1516300256768,174
1779,PLAYER_SLEEPBEFORE_END,1516300256809,174
1779,WS_SEND_START,1516300256809,174
1779,WS_SEND_END,1516300256809,174
1779,WS_RECV_START,1516300256809,175
1779,WS_RECV_END,1516300258952,175
1779,PLAYER_SLEEPBEFORE_START,1516300258952,176
1779,PLAYER_SLEEPBEFORE_END,1516300280713,176
1779,WS_SEND_START,1516300280713,176
1779,WS_SEND_END,1516300280713,176
1779,PLAYER_SLEEPBEFORE_START,1516300280713,177
1779,PLAYER_SLEEPBEFORE_END,1516300283231,177
1779,WS_SEND_START,1516300283231,177
1779,WS_SEND_END,1516300283231,177
1779,WS_RECV_START,1516300283231,178
1779,WS_RECV_END,1516300284119,178
1779,PLAYER_SLEEPBEFORE_START,1516300284119,179
1779,PLAYER_SLEEPBEFORE_END,1516300306459,179
1779,WS_SEND_START,1516300306459,179
1779,WS_SEND_END,1516300306459,179
1779,WS_RECV_START,1516300306459,180
1779,WS_RECV_END,1516300309245,180
1779,PLAYER_SLEEPBEFORE_START,1516300309245,181
1779,PLAYER_SLEEPBEFORE_END,1516300309689,181
1779,WS_SEND_START,1516300309689,181
1779,WS_SEND_END,1516300309689,181
1779,WS_RECV_START,1516300309689,182
1779,WS_RECV_END,1516300312010,182
1779,PLAYER_SLEEPBEFORE_START,1516300312010,183
1779,PLAYER_SLEEPBEFORE_END,1516300312534,183
1779,WS_SEND_START,1516300312534,183
1779,WS_SEND_END,1516300312534,183
1779,WS_RECV_START,1516300312534,184
1779,WS_RECV_END,1516300313721,184
1779,PLAYER_SLEEPBEFORE_START,1516300313721,185
1779,PLAYER_SLEEPBEFORE_END,1516300313989,185
1779,WS_SEND_START,1516300313989,185
1779,WS_SEND_END,1516300313989,185
1779,WS_RECV_START,1516300313989,186
1779,WS_RECV_END,1516300315136,186
1779,PLAYER_SLEEPBEFORE_START,1516300315136,187
1779,PLAYER_SLEEPBEFORE_END,1516300337636,187
1779,WS_SEND_START,1516300337636,187
1779,WS_SEND_END,1516300337636,187
1779,WS_RECV_START,1516300337636,188
1779,WS_RECV_END,1516300337844,188
1779,PLAYER_SLEEPBEFORE_START,1516300337844,189
1779,PLAYER_SLEEPBEFORE_END,1516300344083,189
1779,WS_SEND_START,1516300344083,189
1779,WS_SEND_END,1516300344083,189
1779,WS_RECV_START,1516300344083,190
1779,WS_RECV_END,1516300346129,190
1779,PLAYER_SLEEPBEFORE_START,1516300346129,191
1779,PLAYER_SLEEPBEFORE_END,1516300348044,191
1779,WS_SEND_START,1516300348044,191
1779,WS_SEND_END,1516300348044,191
1779,WS_RECV_START,1516300348044,192
1779,WS_RECV_END,1516300349357,192
1779,PLAYER_SLEEPBEFORE_START,1516300349357,193
1779,PLAYER_SLEEPBEFORE_END,1516300349485,193
1779,WS_SEND_START,1516300349485,193
1779,WS_SEND_END,1516300349485,193
1779,WS_RECV_START,1516300349485,194
1779,WS_RECV_END,1516300350074,194
1779,PLAYER_SLEEPBEFORE_START,1516300350074,195
1779,PLAYER_SLEEPBEFORE_END,1516300351829,195
1779,WS_SEND_START,1516300351829,195
1779,WS_SEND_END,1516300351829,195
1779,WS_RECV_START,1516300351829,196
1779,WS_RECV_END,1516300353102,196
1779,PLAYER_SLEEPBEFORE_START,1516300353102,197
1779,PLAYER_SLEEPBEFORE_END,1516300354906,197
1779,WS_SEND_START,1516300354906,197
1779,WS_SEND_END,1516300354906,197
1779,WS_RECV_START,1516300354906,198
1779,WS_RECV_END,1516300355374,198
1779,PLAYER_SLEEPBEFORE_START,1516300355374,199
1779,PLAYER_SLEEPBEFORE_END,1516300367228,199
1779,WS_SEND_START,1516300367228,199
1779,WS_SEND_END,1516300367228,199
1779,PLAYER_SLEEPBEFORE_START,1516300367228,200
1779,PLAYER_SLEEPBEFORE_END,1516300371317,200
1779,WS_SEND_START,1516300371317,200
1779,WS_SEND_END,1516300371317,200
1779,WS_RECV_START,1516300371317,201
1779,WS_RECV_END,1516300371430,201
1779,PLAYER_SLEEPBEFORE_START,1516300371430,202
1779,PLAYER_SLEEPBEFORE_END,1516300371445,202
1779,WS_SEND_START,1516300371445,202
1779,WS_SEND_END,1516300371445,202
1779,WS_RECV_START,1516300371445,203
1779,WS_RECV_END,1516300371933,203
1779,PLAYER_SLEEPBEFORE_START,1516300371933,204
1779,PLAYER_SLEEPBEFORE_END,1516300391582,204
1779,WS_SEND_START,1516300391582,204
1779,WS_SEND_END,1516300391582,204
1779,PLAYER_SLEEPBEFORE_START,1516300391582,205
1779,PLAYER_SLEEPBEFORE_END,1516300395480,205
1779,WS_SEND_START,1516300395480,205
1779,WS_SEND_END,1516300395480,205
1779,WS_RECV_START,1516300395480,206
1779,WS_RECV_END,1516300395631,206
1779,PLAYER_SLEEPBEFORE_START,1516300395631,207
1779,PLAYER_SLEEPBEFORE_END,1516300412562,207
1779,REQ_START,1516300412562,207
1779,REQ_END,1516300412568,207
1779,PLAYER_SLEEPBEFORE_START,1516300412568,208
1779,PLAYER_SLEEPBEFORE_END,1516300419420,208
1779,WS_CLOSE_START,1516300419420,208
1779,WS_CLOSE_END,1516300419421,208
1779,PLAYER_DONE,1516300419421
