# --sessions 2700 --app-url=http://shinyloadtest.rstudioservices.com/cran_explorer --output-dir test2700 --overwrite-output --log-level warn --start-interval 100 15min.log
thread_id,event,timestamp,input_line_number,comment
1792,PLAYER_SESSION_CREATE,1516299246123
1792,PLAYER_START_INTERVAL_START,1516299246123
1792,PLAYER_START_INTERVAL_END,1516299425323
1792,REQ_HOME_START,1516299425323,2
1792,REQ_HOME_END,1516299426067,2
1792,REQ_START,1516299426067,3
1792,REQ_END,1516299426256,3
1792,REQ_START,1516299426256,4
1792,REQ_END,1516299426668,4
1792,REQ_START,1516299426668,5
1792,REQ_END,1516299426757,5
1792,REQ_START,1516299426757,6
1792,REQ_END,1516299427032,6
1792,REQ_START,1516299427032,7
1792,REQ_END,1516299427118,7
1792,REQ_START,1516299427118,8
1792,REQ_END,1516299427167,8
1792,REQ_START,1516299427167,9
1792,REQ_END,1516299427218,9
1792,REQ_START,1516299427218,10
1792,REQ_END,1516299427223,10
1792,REQ_START,1516299427223,11
1792,REQ_END,1516299427265,11
1792,REQ_START,1516299427265,12
1792,REQ_END,1516299427273,12
1792,REQ_START,1516299427273,13
1792,REQ_END,1516299427354,13
1792,REQ_START,1516299427354,14
1792,REQ_END,1516299427373,14
1792,REQ_START,1516299427373,15
1792,REQ_END,1516299427490,15
1792,REQ_TOK_START,1516299427490,16
1792,REQ_TOK_END,1516299427494,16
1792,REQ_SINF_START,1516299427494,17
1792,REQ_SINF_END,1516299427499,17
1792,WS_OPEN_START,1516299427499,18
1792,WS_OPEN_END,1516299427503,18
1792,REQ_START,1516299427503,19
1792,REQ_END,1516299427534,19
1792,WS_RECV_START,1516299427534,20
1792,WS_RECV_END,1516299427534,20
1792,PLAYER_SLEEPBEFORE_START,1516299427534,21
1792,PLAYER_SLEEPBEFORE_END,1516299427539,21
1792,WS_SEND_START,1516299427539,21
1792,WS_SEND_END,1516299427539,21
1792,PLAYER_SLEEPBEFORE_START,1516299427539,22
1792,PLAYER_SLEEPBEFORE_END,1516299427540,22
1792,WS_SEND_START,1516299427540,22
1792,WS_SEND_END,1516299427540,22
1792,WS_RECV_INIT_START,1516299427540,23
1792,WS_RECV_INIT_END,1516299427976,23
1792,WS_RECV_START,1516299427976,24
1792,WS_RECV_END,1516299428116,24
1792,PLAYER_SLEEPBEFORE_START,1516299428116,25
1792,PLAYER_SLEEPBEFORE_END,1516299428123,25
1792,REQ_START,1516299428123,25
1792,REQ_END,1516299428452,25
1792,PLAYER_SLEEPBEFORE_START,1516299428452,26
1792,PLAYER_SLEEPBEFORE_END,1516299428453,26
1792,REQ_START,1516299428453,26
1792,REQ_END,1516299428550,26
1792,PLAYER_SLEEPBEFORE_START,1516299428550,27
1792,PLAYER_SLEEPBEFORE_END,1516299428554,27
1792,REQ_START,1516299428554,27
1792,REQ_END,1516299428623,27
1792,PLAYER_SLEEPBEFORE_START,1516299428623,28
1792,PLAYER_SLEEPBEFORE_END,1516299428908,28
1792,REQ_START,1516299428908,28
1792,REQ_END,1516299429132,28
1792,PLAYER_SLEEPBEFORE_START,1516299429132,29
1792,PLAYER_SLEEPBEFORE_END,1516299429307,29
1792,WS_SEND_START,1516299429307,29
1792,WS_SEND_END,1516299429307,29
1792,WS_RECV_START,1516299429307,30
1792,WS_RECV_END,1516299429606,30
1792,PLAYER_SLEEPBEFORE_START,1516299429606,31
1792,PLAYER_SLEEPBEFORE_END,1516299429617,31
1792,REQ_START,1516299429617,31
1792,REQ_END,1516299429692,31
1792,PLAYER_SLEEPBEFORE_START,1516299429692,32
1792,PLAYER_SLEEPBEFORE_END,1516299457837,32
1792,WS_SEND_START,1516299457838,32
1792,WS_SEND_END,1516299457838,32
1792,WS_RECV_START,1516299457838,33
1792,WS_RECV_END,1516299458007,33
1792,PLAYER_SLEEPBEFORE_START,1516299458007,34
1792,PLAYER_SLEEPBEFORE_END,1516299483918,34
1792,WS_SEND_START,1516299483918,34
1792,WS_SEND_END,1516299483918,34
1792,WS_RECV_START,1516299483918,35
1792,WS_RECV_END,1516299484336,35
1792,PLAYER_SLEEPBEFORE_START,1516299484336,36
1792,PLAYER_SLEEPBEFORE_END,1516299484345,36
1792,WS_SEND_START,1516299484345,36
1792,WS_SEND_END,1516299484345,36
1792,WS_RECV_START,1516299484345,37
1792,WS_RECV_END,1516299484572,37
1792,PLAYER_SLEEPBEFORE_START,1516299484572,38
1792,PLAYER_SLEEPBEFORE_END,1516299487767,38
1792,WS_SEND_START,1516299487767,38
1792,WS_SEND_END,1516299487767,38
1792,WS_RECV_START,1516299487767,39
1792,WS_RECV_END,1516299488104,39
1792,PLAYER_SLEEPBEFORE_START,1516299488104,40
1792,PLAYER_SLEEPBEFORE_END,1516299488150,40
1792,WS_SEND_START,1516299488150,40
1792,WS_SEND_END,1516299488150,40
1792,WS_RECV_START,1516299488150,41
1792,WS_RECV_END,1516299488902,41
1792,PLAYER_SLEEPBEFORE_START,1516299488902,42
1792,PLAYER_SLEEPBEFORE_END,1516299507037,42
1792,WS_SEND_START,1516299507037,42
1792,WS_SEND_END,1516299507037,42
1792,WS_RECV_START,1516299507037,43
1792,WS_RECV_END,1516299508386,43
1792,PLAYER_SLEEPBEFORE_START,1516299508386,44
1792,PLAYER_SLEEPBEFORE_END,1516299508398,44
1792,WS_SEND_START,1516299508398,44
1792,WS_SEND_END,1516299508398,44
1792,WS_RECV_START,1516299508398,45
1792,WS_RECV_END,1516299508728,45
1792,PLAYER_SLEEPBEFORE_START,1516299508728,46
1792,PLAYER_SLEEPBEFORE_END,1516299509988,46
1792,WS_SEND_START,1516299509988,46
1792,WS_SEND_END,1516299509988,46
1792,WS_RECV_START,1516299509988,47
1792,WS_RECV_END,1516299510292,47
1792,PLAYER_SLEEPBEFORE_START,1516299510292,48
1792,PLAYER_SLEEPBEFORE_END,1516299511612,48
1792,WS_SEND_START,1516299511612,48
1792,WS_SEND_END,1516299511612,48
1792,WS_RECV_START,1516299511612,49
1792,WS_RECV_END,1516299512345,49
1792,PLAYER_SLEEPBEFORE_START,1516299512345,50
1792,PLAYER_SLEEPBEFORE_END,1516299512369,50
1792,WS_SEND_START,1516299512369,50
1792,WS_SEND_END,1516299512369,50
1792,WS_RECV_START,1516299512369,51
1792,WS_RECV_END,1516299512943,51
1792,PLAYER_SLEEPBEFORE_START,1516299512943,52
1792,PLAYER_SLEEPBEFORE_END,1516299535507,52
1792,WS_SEND_START,1516299535507,52
1792,WS_SEND_END,1516299535507,52
1792,WS_RECV_START,1516299535507,53
1792,WS_RECV_END,1516299537460,53
1792,PLAYER_SLEEPBEFORE_START,1516299537460,54
1792,PLAYER_SLEEPBEFORE_END,1516299558763,54
1792,WS_SEND_START,1516299558763,54
1792,WS_SEND_END,1516299558763,54
1792,PLAYER_SLEEPBEFORE_START,1516299558763,55
1792,PLAYER_SLEEPBEFORE_END,1516299560704,55
1792,WS_SEND_START,1516299560704,55
1792,WS_SEND_END,1516299560704,55
1792,WS_RECV_START,1516299560704,56
1792,WS_RECV_END,1516299561497,56
1792,PLAYER_SLEEPBEFORE_START,1516299561497,57
1792,PLAYER_SLEEPBEFORE_END,1516299584369,57
1792,WS_SEND_START,1516299584369,57
1792,WS_SEND_END,1516299584369,57
1792,WS_RECV_START,1516299584369,58
1792,WS_RECV_END,1516299586569,58
1792,PLAYER_SLEEPBEFORE_START,1516299586569,59
1792,PLAYER_SLEEPBEFORE_END,1516299588896,59
1792,WS_SEND_START,1516299588896,59
1792,WS_SEND_END,1516299588896,59
1792,WS_RECV_START,1516299588896,60
1792,WS_RECV_END,1516299590590,60
1792,PLAYER_SLEEPBEFORE_START,1516299590590,61
1792,PLAYER_SLEEPBEFORE_END,1516299594181,61
1792,WS_SEND_START,1516299594181,61
1792,WS_SEND_END,1516299594181,61
1792,WS_RECV_START,1516299594181,62
1792,WS_RECV_END,1516299595945,62
1792,PLAYER_SLEEPBEFORE_START,1516299595945,63
1792,PLAYER_SLEEPBEFORE_END,1516299615207,63
1792,WS_SEND_START,1516299615207,63
1792,WS_SEND_END,1516299615207,63
1792,WS_RECV_START,1516299615207,64
1792,WS_RECV_END,1516299616994,64
1792,PLAYER_SLEEPBEFORE_START,1516299616994,65
1792,PLAYER_SLEEPBEFORE_END,1516299643811,65
1792,WS_SEND_START,1516299643811,65
1792,WS_SEND_END,1516299643811,65
1792,WS_RECV_START,1516299643811,66
1792,WS_RECV_END,1516299648353,66
1792,PLAYER_SLEEPBEFORE_START,1516299648353,67
1792,PLAYER_SLEEPBEFORE_END,1516299649860,67
1792,WS_SEND_START,1516299649860,67
1792,WS_SEND_END,1516299649860,67
1792,WS_RECV_START,1516299649860,68
1792,WS_RECV_END,1516299654057,68
1792,PLAYER_SLEEPBEFORE_START,1516299654057,69
1792,PLAYER_SLEEPBEFORE_END,1516299676055,69
1792,WS_SEND_START,1516299676055,69
1792,WS_SEND_END,1516299676056,69
1792,WS_RECV_START,1516299676056,70
1792,WS_RECV_END,1516299679115,70
1792,PLAYER_SLEEPBEFORE_START,1516299679115,71
1792,PLAYER_SLEEPBEFORE_END,1516299703891,71
1792,WS_SEND_START,1516299703891,71
1792,WS_SEND_END,1516299703891,71
1792,PLAYER_SLEEPBEFORE_START,1516299703891,72
1792,PLAYER_SLEEPBEFORE_END,1516299706498,72
1792,WS_SEND_START,1516299706498,72
1792,WS_SEND_END,1516299706498,72
1792,WS_RECV_START,1516299706498,73
1792,WS_RECV_END,1516299706574,73
1792,PLAYER_SLEEPBEFORE_START,1516299706574,74
1792,PLAYER_SLEEPBEFORE_END,1516299706583,74
1792,WS_SEND_START,1516299706583,74
1792,WS_SEND_END,1516299706583,74
1792,WS_RECV_START,1516299706583,75
1792,WS_RECV_END,1516299706645,75
1792,PLAYER_SLEEPBEFORE_START,1516299706645,76
1792,PLAYER_SLEEPBEFORE_END,1516299708151,76
1792,WS_SEND_START,1516299708151,76
1792,WS_SEND_END,1516299708151,76
1792,WS_RECV_START,1516299708151,77
1792,WS_RECV_END,1516299708683,77
1792,PLAYER_SLEEPBEFORE_START,1516299708683,78
1792,PLAYER_SLEEPBEFORE_END,1516299709551,78
1792,WS_SEND_START,1516299709551,78
1792,WS_SEND_END,1516299709552,78
1792,WS_RECV_START,1516299709552,79
1792,WS_RECV_END,1516299709966,79
1792,PLAYER_SLEEPBEFORE_START,1516299709966,80
1792,PLAYER_SLEEPBEFORE_END,1516299717632,80
1792,WS_SEND_START,1516299717632,80
1792,WS_SEND_END,1516299717632,80
1792,WS_RECV_START,1516299717632,81
1792,WS_RECV_END,1516299718342,81
1792,PLAYER_SLEEPBEFORE_START,1516299718342,82
1792,PLAYER_SLEEPBEFORE_END,1516299719444,82
1792,WS_SEND_START,1516299719444,82
1792,WS_SEND_END,1516299719444,82
1792,WS_RECV_START,1516299719444,83
1792,WS_RECV_END,1516299720454,83
1792,PLAYER_SLEEPBEFORE_START,1516299720454,84
1792,PLAYER_SLEEPBEFORE_END,1516299721401,84
1792,WS_SEND_START,1516299721401,84
1792,WS_SEND_END,1516299721401,84
1792,WS_RECV_START,1516299721401,85
1792,WS_RECV_END,1516299722381,85
1792,PLAYER_SLEEPBEFORE_START,1516299722381,86
1792,PLAYER_SLEEPBEFORE_END,1516299726553,86
1792,WS_SEND_START,1516299726553,86
1792,WS_SEND_END,1516299726553,86
1792,WS_RECV_START,1516299726553,87
1792,WS_RECV_END,1516299726878,87
1792,PLAYER_SLEEPBEFORE_START,1516299726878,88
1792,PLAYER_SLEEPBEFORE_END,1516299726886,88
1792,WS_SEND_START,1516299726886,88
1792,WS_SEND_END,1516299726886,88
1792,WS_RECV_START,1516299726886,89
1792,WS_RECV_END,1516299727301,89
1792,PLAYER_SLEEPBEFORE_START,1516299727301,90
1792,PLAYER_SLEEPBEFORE_END,1516299754498,90
1792,REQ_START,1516299754498,90
1792,REQ_END,1516299754503,90
1792,PLAYER_SLEEPBEFORE_START,1516299754503,91
1792,PLAYER_SLEEPBEFORE_END,1516299762392,91
1792,WS_SEND_START,1516299762392,91
1792,WS_SEND_END,1516299762392,91
1792,WS_RECV_START,1516299762392,92
1792,WS_RECV_END,1516299765075,92
1792,PLAYER_SLEEPBEFORE_START,1516299765075,93
1792,PLAYER_SLEEPBEFORE_END,1516299765090,93
1792,WS_SEND_START,1516299765090,93
1792,WS_SEND_END,1516299765090,93
1792,WS_RECV_START,1516299765090,94
1792,WS_RECV_END,1516299766737,94
1792,PLAYER_SLEEPBEFORE_START,1516299766737,95
1792,PLAYER_SLEEPBEFORE_END,1516299790292,95
1792,WS_SEND_START,1516299790292,95
1792,WS_SEND_END,1516299790292,95
1792,WS_RECV_START,1516299790292,96
1792,WS_RECV_END,1516299795299,96
1792,PLAYER_SLEEPBEFORE_START,1516299795299,97
1792,PLAYER_SLEEPBEFORE_END,1516299817739,97
1792,WS_SEND_START,1516299817739,97
1792,WS_SEND_END,1516299817739,97
1792,WS_RECV_START,1516299817739,98
1792,WS_RECV_END,1516299822946,98
1792,PLAYER_SLEEPBEFORE_START,1516299822946,99
1792,PLAYER_SLEEPBEFORE_END,1516299822968,99
1792,WS_SEND_START,1516299822968,99
1792,WS_SEND_END,1516299822968,99
1792,WS_RECV_START,1516299822968,100
1792,WS_RECV_END,1516299824437,100
1792,PLAYER_SLEEPBEFORE_START,1516299824437,101
1792,PLAYER_SLEEPBEFORE_END,1516299847996,101
1792,WS_SEND_START,1516299847996,101
1792,WS_SEND_END,1516299847996,101
1792,WS_RECV_START,1516299847996,102
1792,WS_RECV_END,1516299851298,102
1792,PLAYER_SLEEPBEFORE_START,1516299851298,103
1792,PLAYER_SLEEPBEFORE_END,1516299874923,103
1792,WS_SEND_START,1516299874923,103
1792,WS_SEND_END,1516299874923,103
1792,WS_RECV_START,1516299874923,104
1792,WS_RECV_END,1516299875430,104
1792,PLAYER_SLEEPBEFORE_START,1516299875430,105
1792,PLAYER_SLEEPBEFORE_END,1516299900807,105
1792,WS_SEND_START,1516299900807,105
1792,WS_SEND_END,1516299900808,105
1792,WS_RECV_START,1516299900808,106
1792,WS_RECV_END,1516299902982,106
1792,PLAYER_SLEEPBEFORE_START,1516299902982,107
1792,PLAYER_SLEEPBEFORE_END,1516299926405,107
1792,WS_SEND_START,1516299926405,107
1792,WS_SEND_END,1516299926405,107
1792,WS_RECV_START,1516299926405,108
1792,WS_RECV_END,1516299927152,108
1792,PLAYER_SLEEPBEFORE_START,1516299927152,109
1792,PLAYER_SLEEPBEFORE_END,1516299927161,109
1792,WS_SEND_START,1516299927161,109
1792,WS_SEND_END,1516299927161,109
1792,WS_RECV_START,1516299927161,110
1792,WS_RECV_END,1516299927221,110
1792,PLAYER_SLEEPBEFORE_START,1516299927221,111
1792,PLAYER_SLEEPBEFORE_END,1516299928180,111
1792,WS_SEND_START,1516299928180,111
1792,WS_SEND_END,1516299928180,111
1792,WS_RECV_START,1516299928180,112
1792,WS_RECV_END,1516299928984,112
1792,PLAYER_SLEEPBEFORE_START,1516299928984,113
1792,PLAYER_SLEEPBEFORE_END,1516299929546,113
1792,WS_SEND_START,1516299929546,113
1792,WS_SEND_END,1516299929546,113
1792,WS_RECV_START,1516299929546,114
1792,WS_RECV_END,1516299930048,114
1792,PLAYER_SLEEPBEFORE_START,1516299930048,115
1792,PLAYER_SLEEPBEFORE_END,1516299930057,115
1792,WS_SEND_START,1516299930057,115
1792,WS_SEND_END,1516299930057,115
1792,WS_RECV_START,1516299930057,116
1792,WS_RECV_END,1516299930257,116
1792,PLAYER_SLEEPBEFORE_START,1516299930257,117
1792,PLAYER_SLEEPBEFORE_END,1516299950617,117
1792,WS_SEND_START,1516299950617,117
1792,WS_SEND_END,1516299950617,117
1792,PLAYER_SLEEPBEFORE_START,1516299950617,118
1792,PLAYER_SLEEPBEFORE_END,1516299954369,118
1792,WS_SEND_START,1516299954369,118
1792,WS_SEND_END,1516299954369,118
1792,WS_RECV_START,1516299954369,119
1792,WS_RECV_END,1516299955540,119
1792,PLAYER_SLEEPBEFORE_START,1516299955541,120
1792,PLAYER_SLEEPBEFORE_END,1516299956529,120
1792,WS_SEND_START,1516299956529,120
1792,WS_SEND_END,1516299956529,120
1792,WS_RECV_START,1516299956529,121
1792,WS_RECV_END,1516299956914,121
1792,PLAYER_SLEEPBEFORE_START,1516299956914,122
1792,PLAYER_SLEEPBEFORE_END,1516299958099,122
1792,WS_SEND_START,1516299958099,122
1792,WS_SEND_END,1516299958099,122
1792,WS_RECV_START,1516299958099,123
1792,WS_RECV_END,1516299958709,123
1792,PLAYER_SLEEPBEFORE_START,1516299958709,124
1792,PLAYER_SLEEPBEFORE_END,1516299983114,124
1792,WS_SEND_START,1516299983114,124
1792,WS_SEND_END,1516299983114,124
1792,WS_RECV_START,1516299983114,125
1792,WS_RECV_END,1516299984255,125
1792,PLAYER_SLEEPBEFORE_START,1516299984255,126
1792,PLAYER_SLEEPBEFORE_END,1516300004767,126
1792,WS_SEND_START,1516300004767,126
1792,WS_SEND_END,1516300004767,126
1792,PLAYER_SLEEPBEFORE_START,1516300004767,127
1792,PLAYER_SLEEPBEFORE_END,1516300007821,127
1792,WS_SEND_START,1516300007821,127
1792,WS_SEND_END,1516300007821,127
1792,WS_RECV_START,1516300007821,128
1792,WS_RECV_END,1516300009532,128
1792,PLAYER_SLEEPBEFORE_START,1516300009532,129
1792,PLAYER_SLEEPBEFORE_END,1516300009552,129
1792,WS_SEND_START,1516300009552,129
1792,WS_SEND_END,1516300009552,129
1792,WS_RECV_START,1516300009552,130
1792,WS_RECV_END,1516300010817,130
1792,PLAYER_SLEEPBEFORE_START,1516300010817,131
1792,PLAYER_SLEEPBEFORE_END,1516300032441,131
1792,WS_SEND_START,1516300032441,131
1792,WS_SEND_END,1516300032442,131
1792,PLAYER_SLEEPBEFORE_START,1516300032442,132
1792,PLAYER_SLEEPBEFORE_END,1516300035522,132
1792,WS_SEND_START,1516300035522,132
1792,WS_SEND_END,1516300035522,132
1792,WS_RECV_START,1516300035522,133
1792,WS_RECV_END,1516300036931,133
1792,PLAYER_SLEEPBEFORE_START,1516300036931,134
1792,PLAYER_SLEEPBEFORE_END,1516300058148,134
1792,WS_SEND_START,1516300058148,134
1792,WS_SEND_END,1516300058149,134
1792,PLAYER_SLEEPBEFORE_START,1516300058149,135
1792,PLAYER_SLEEPBEFORE_END,1516300061339,135
1792,WS_SEND_START,1516300061339,135
1792,WS_SEND_END,1516300061339,135
1792,WS_RECV_START,1516300061339,136
1792,WS_RECV_END,1516300063033,136
1792,PLAYER_SLEEPBEFORE_START,1516300063033,137
1792,PLAYER_SLEEPBEFORE_END,1516300063040,137
1792,WS_SEND_START,1516300063040,137
1792,WS_SEND_END,1516300063040,137
1792,WS_RECV_START,1516300063040,138
1792,WS_RECV_END,1516300063945,138
1792,PLAYER_SLEEPBEFORE_START,1516300063945,139
1792,PLAYER_SLEEPBEFORE_END,1516300064635,139
1792,WS_SEND_START,1516300064635,139
1792,WS_SEND_END,1516300064635,139
1792,WS_RECV_START,1516300064635,140
1792,WS_RECV_END,1516300064984,140
1792,PLAYER_SLEEPBEFORE_START,1516300064984,141
1792,PLAYER_SLEEPBEFORE_END,1516300065640,141
1792,WS_SEND_START,1516300065640,141
1792,WS_SEND_END,1516300065640,141
1792,WS_RECV_START,1516300065640,142
1792,WS_RECV_END,1516300066643,142
1792,PLAYER_SLEEPBEFORE_START,1516300066643,143
1792,PLAYER_SLEEPBEFORE_END,1516300066701,143
1792,WS_SEND_START,1516300066701,143
1792,WS_SEND_END,1516300066701,143
1792,WS_RECV_START,1516300066701,144
1792,WS_RECV_END,1516300067171,144
1792,PLAYER_SLEEPBEFORE_START,1516300067171,145
1792,PLAYER_SLEEPBEFORE_END,1516300083233,145
1792,REQ_START,1516300083233,145
1792,REQ_END,1516300083269,145
1792,PLAYER_SLEEPBEFORE_START,1516300083269,146
1792,PLAYER_SLEEPBEFORE_END,1516300092146,146
1792,WS_SEND_START,1516300092146,146
1792,WS_SEND_END,1516300092146,146
1792,WS_RECV_START,1516300092146,147
1792,WS_RECV_END,1516300092416,147
1792,PLAYER_SLEEPBEFORE_START,1516300092416,148
1792,PLAYER_SLEEPBEFORE_END,1516300114338,148
1792,WS_SEND_START,1516300114338,148
1792,WS_SEND_END,1516300114338,148
1792,PLAYER_SLEEPBEFORE_START,1516300114338,149
1792,PLAYER_SLEEPBEFORE_END,1516300116766,149
1792,WS_SEND_START,1516300116766,149
1792,WS_SEND_END,1516300116766,149
1792,WS_RECV_START,1516300116766,150
1792,WS_RECV_END,1516300116900,150
1792,PLAYER_SLEEPBEFORE_START,1516300116900,151
1792,PLAYER_SLEEPBEFORE_END,1516300117110,151
1792,WS_SEND_START,1516300117110,151
1792,WS_SEND_END,1516300117110,151
1792,WS_RECV_START,1516300117110,152
1792,WS_RECV_END,1516300117414,152
1792,PLAYER_SLEEPBEFORE_START,1516300117414,153
1792,PLAYER_SLEEPBEFORE_END,1516300141341,153
1792,WS_SEND_START,1516300141341,153
1792,WS_SEND_END,1516300141341,153
1792,WS_RECV_START,1516300141341,154
1792,WS_RECV_END,1516300144481,154
1792,PLAYER_SLEEPBEFORE_START,1516300144481,155
1792,PLAYER_SLEEPBEFORE_END,1516300167040,155
1792,WS_SEND_START,1516300167040,155
1792,WS_SEND_END,1516300167040,155
1792,PLAYER_SLEEPBEFORE_START,1516300167040,156
1792,PLAYER_SLEEPBEFORE_END,1516300170314,156
1792,WS_SEND_START,1516300170314,156
1792,WS_SEND_END,1516300170314,156
1792,WS_RECV_START,1516300170314,157
1792,WS_RECV_END,1516300170679,157
1792,PLAYER_SLEEPBEFORE_START,1516300170679,158
1792,PLAYER_SLEEPBEFORE_END,1516300170690,158
1792,WS_SEND_START,1516300170690,158
1792,WS_SEND_END,1516300170690,158
1792,WS_RECV_START,1516300170690,159
1792,WS_RECV_END,1516300172663,159
1792,PLAYER_SLEEPBEFORE_START,1516300172663,160
1792,PLAYER_SLEEPBEFORE_END,1516300172838,160
1792,WS_SEND_START,1516300172838,160
1792,WS_SEND_END,1516300172838,160
1792,WS_RECV_START,1516300172838,161
1792,WS_RECV_END,1516300175197,161
1792,PLAYER_SLEEPBEFORE_START,1516300175197,162
1792,PLAYER_SLEEPBEFORE_END,1516300175222,162
1792,WS_SEND_START,1516300175222,162
1792,WS_SEND_END,1516300175222,162
1792,WS_RECV_START,1516300175222,163
1792,WS_RECV_END,1516300178249,163
1792,PLAYER_SLEEPBEFORE_START,1516300178249,164
1792,PLAYER_SLEEPBEFORE_END,1516300199061,164
1792,WS_SEND_START,1516300199061,164
1792,WS_SEND_END,1516300199061,164
1792,WS_RECV_START,1516300199061,165
1792,WS_RECV_END,1516300204981,165
1792,PLAYER_SLEEPBEFORE_START,1516300204981,166
1792,PLAYER_SLEEPBEFORE_END,1516300227436,166
1792,WS_SEND_START,1516300227436,166
1792,WS_SEND_END,1516300227436,166
1792,WS_RECV_START,1516300227436,167
1792,WS_RECV_END,1516300233534,167
1792,PLAYER_SLEEPBEFORE_START,1516300233534,168
1792,PLAYER_SLEEPBEFORE_END,1516300260891,168
1792,WS_SEND_START,1516300260891,168
1792,WS_SEND_END,1516300260891,168
1792,WS_RECV_START,1516300260891,169
1792,WS_RECV_END,1516300263006,169
1792,PLAYER_SLEEPBEFORE_START,1516300263006,170
1792,PLAYER_SLEEPBEFORE_END,1516300263015,170
1792,WS_SEND_START,1516300263015,170
1792,WS_SEND_END,1516300263015,170
1792,WS_RECV_START,1516300263015,171
1792,WS_RECV_END,1516300264830,171
1792,PLAYER_SLEEPBEFORE_START,1516300264830,172
1792,PLAYER_SLEEPBEFORE_END,1516300265199,172
1792,WS_SEND_START,1516300265199,172
1792,WS_SEND_END,1516300265199,172
1792,WS_RECV_START,1516300265199,173
1792,WS_RECV_END,1516300267198,173
1792,PLAYER_SLEEPBEFORE_START,1516300267198,174
1792,PLAYER_SLEEPBEFORE_END,1516300267239,174
1792,WS_SEND_START,1516300267239,174
1792,WS_SEND_END,1516300267239,174
1792,WS_RECV_START,1516300267239,175
1792,WS_RECV_END,1516300268913,175
1792,PLAYER_SLEEPBEFORE_START,1516300268913,176
1792,PLAYER_SLEEPBEFORE_END,1516300290674,176
1792,WS_SEND_START,1516300290674,176
1792,WS_SEND_END,1516300290674,176
1792,PLAYER_SLEEPBEFORE_START,1516300290674,177
1792,PLAYER_SLEEPBEFORE_END,1516300293192,177
1792,WS_SEND_START,1516300293193,177
1792,WS_SEND_END,1516300293193,177
1792,WS_RECV_START,1516300293193,178
1792,WS_RECV_END,1516300293547,178
1792,PLAYER_SLEEPBEFORE_START,1516300293547,179
1792,PLAYER_SLEEPBEFORE_END,1516300315887,179
1792,WS_SEND_START,1516300315887,179
1792,WS_SEND_END,1516300315887,179
1792,WS_RECV_START,1516300315887,180
1792,WS_RECV_END,1516300316637,180
1792,PLAYER_SLEEPBEFORE_START,1516300316637,181
1792,PLAYER_SLEEPBEFORE_END,1516300317081,181
1792,WS_SEND_START,1516300317081,181
1792,WS_SEND_END,1516300317081,181
1792,WS_RECV_START,1516300317081,182
1792,WS_RECV_END,1516300317505,182
1792,PLAYER_SLEEPBEFORE_START,1516300317505,183
1792,PLAYER_SLEEPBEFORE_END,1516300318028,183
1792,WS_SEND_START,1516300318028,183
1792,WS_SEND_END,1516300318028,183
1792,WS_RECV_START,1516300318028,184
1792,WS_RECV_END,1516300319550,184
1792,PLAYER_SLEEPBEFORE_START,1516300319550,185
1792,PLAYER_SLEEPBEFORE_END,1516300319818,185
1792,WS_SEND_START,1516300319818,185
1792,WS_SEND_END,1516300319818,185
1792,WS_RECV_START,1516300319818,186
1792,WS_RECV_END,1516300320026,186
1792,PLAYER_SLEEPBEFORE_START,1516300320026,187
1792,PLAYER_SLEEPBEFORE_END,1516300342526,187
1792,WS_SEND_START,1516300342526,187
1792,WS_SEND_END,1516300342526,187
1792,WS_RECV_START,1516300342526,188
1792,WS_RECV_END,1516300343893,188
1792,PLAYER_SLEEPBEFORE_START,1516300343893,189
1792,PLAYER_SLEEPBEFORE_END,1516300350132,189
1792,WS_SEND_START,1516300350132,189
1792,WS_SEND_END,1516300350132,189
1792,WS_RECV_START,1516300350132,190
1792,WS_RECV_END,1516300352262,190
1792,PLAYER_SLEEPBEFORE_START,1516300352262,191
1792,PLAYER_SLEEPBEFORE_END,1516300354177,191
1792,WS_SEND_START,1516300354177,191
1792,WS_SEND_END,1516300354177,191
1792,WS_RECV_START,1516300354177,192
1792,WS_RECV_END,1516300355000,192
1792,PLAYER_SLEEPBEFORE_START,1516300355000,193
1792,PLAYER_SLEEPBEFORE_END,1516300355128,193
1792,WS_SEND_START,1516300355128,193
1792,WS_SEND_END,1516300355128,193
1792,WS_RECV_START,1516300355128,194
1792,WS_RECV_END,1516300355958,194
1792,PLAYER_SLEEPBEFORE_START,1516300355958,195
1792,PLAYER_SLEEPBEFORE_END,1516300357713,195
1792,WS_SEND_START,1516300357713,195
1792,WS_SEND_END,1516300357713,195
1792,WS_RECV_START,1516300357713,196
1792,WS_RECV_END,1516300358258,196
1792,PLAYER_SLEEPBEFORE_START,1516300358258,197
1792,PLAYER_SLEEPBEFORE_END,1516300360062,197
1792,WS_SEND_START,1516300360062,197
1792,WS_SEND_END,1516300360062,197
1792,WS_RECV_START,1516300360062,198
1792,WS_RECV_END,1516300360192,198
1792,PLAYER_SLEEPBEFORE_START,1516300360192,199
1792,PLAYER_SLEEPBEFORE_END,1516300372046,199
1792,WS_SEND_START,1516300372046,199
1792,WS_SEND_END,1516300372046,199
1792,PLAYER_SLEEPBEFORE_START,1516300372046,200
1792,PLAYER_SLEEPBEFORE_END,1516300376134,200
1792,WS_SEND_START,1516300376134,200
1792,WS_SEND_END,1516300376134,200
1792,WS_RECV_START,1516300376134,201
1792,WS_RECV_END,1516300376233,201
1792,PLAYER_SLEEPBEFORE_START,1516300376233,202
1792,PLAYER_SLEEPBEFORE_END,1516300376248,202
1792,WS_SEND_START,1516300376248,202
1792,WS_SEND_END,1516300376248,202
1792,WS_RECV_START,1516300376248,203
1792,WS_RECV_END,1516300376359,203
1792,PLAYER_SLEEPBEFORE_START,1516300376359,204
1792,PLAYER_SLEEPBEFORE_END,1516300396008,204
1792,WS_SEND_START,1516300396008,204
1792,WS_SEND_END,1516300396008,204
1792,PLAYER_SLEEPBEFORE_START,1516300396008,205
1792,PLAYER_SLEEPBEFORE_END,1516300399907,205
1792,WS_SEND_START,1516300399907,205
1792,WS_SEND_END,1516300399907,205
1792,WS_RECV_START,1516300399907,206
1792,WS_RECV_END,1516300400052,206
1792,PLAYER_SLEEPBEFORE_START,1516300400052,207
1792,PLAYER_SLEEPBEFORE_END,1516300416983,207
1792,REQ_START,1516300416983,207
1792,REQ_END,1516300416989,207
1792,PLAYER_SLEEPBEFORE_START,1516300416989,208
1792,PLAYER_SLEEPBEFORE_END,1516300423842,208
1792,WS_CLOSE_START,1516300423842,208
1792,WS_CLOSE_END,1516300423842,208
1792,PLAYER_DONE,1516300423842
