# --sessions 2700 --app-url=http://shinyloadtest.rstudioservices.com/cran_explorer --output-dir test2700 --overwrite-output --log-level warn --start-interval 100 15min.log
thread_id,event,timestamp,input_line_number,comment
181,PLAYER_SESSION_CREATE,1516299245308
181,PLAYER_START_INTERVAL_START,1516299245308
181,PLAYER_START_INTERVAL_END,1516299263408
181,REQ_HOME_START,1516299263408,2
181,REQ_HOME_END,1516299263518,2
181,REQ_START,1516299263518,3
181,REQ_END,1516299263648,3
181,REQ_START,1516299263648,4
181,REQ_END,1516299263711,4
181,REQ_START,1516299263711,5
181,REQ_END,1516299263751,5
181,REQ_START,1516299263751,6
181,REQ_END,1516299263791,6
181,REQ_START,1516299263791,7
181,REQ_END,1516299263830,7
181,REQ_START,1516299263830,8
181,REQ_END,1516299263871,8
181,REQ_START,1516299263871,9
181,REQ_END,1516299263912,9
181,REQ_START,1516299263912,10
181,REQ_END,1516299263918,10
181,REQ_START,1516299263918,11
181,REQ_END,1516299263957,11
181,REQ_START,1516299263957,12
181,REQ_END,1516299263965,12
181,REQ_START,1516299263965,13
181,REQ_END,1516299264002,13
181,REQ_START,1516299264002,14
181,REQ_END,1516299264014,14
181,REQ_START,1516299264014,15
181,REQ_END,1516299264053,15
181,REQ_TOK_START,1516299264053,16
181,REQ_TOK_END,1516299264058,16
181,REQ_SINF_START,1516299264058,17
181,REQ_SINF_END,1516299264065,17
181,WS_OPEN_START,1516299264065,18
181,WS_OPEN_END,1516299264071,18
181,REQ_START,1516299264071,19
181,REQ_END,1516299264100,19
181,WS_RECV_START,1516299264100,20
181,WS_RECV_END,1516299264100,20
181,PLAYER_SLEEPBEFORE_START,1516299264100,21
181,PLAYER_SLEEPBEFORE_END,1516299264105,21
181,WS_SEND_START,1516299264105,21
181,WS_SEND_END,1516299264105,21
181,PLAYER_SLEEPBEFORE_START,1516299264105,22
181,PLAYER_SLEEPBEFORE_END,1516299264106,22
181,WS_SEND_START,1516299264106,22
181,WS_SEND_END,1516299264107,22
181,WS_RECV_INIT_START,1516299264107,23
181,WS_RECV_INIT_END,1516299264126,23
181,WS_RECV_START,1516299264126,24
181,WS_RECV_END,1516299264182,24
181,PLAYER_SLEEPBEFORE_START,1516299264182,25
181,PLAYER_SLEEPBEFORE_END,1516299264190,25
181,REQ_START,1516299264190,25
181,REQ_END,1516299264238,25
181,PLAYER_SLEEPBEFORE_START,1516299264238,26
181,PLAYER_SLEEPBEFORE_END,1516299264239,26
181,REQ_START,1516299264239,26
181,REQ_END,1516299264276,26
181,PLAYER_SLEEPBEFORE_START,1516299264276,27
181,PLAYER_SLEEPBEFORE_END,1516299264279,27
181,REQ_START,1516299264279,27
181,REQ_END,1516299264319,27
181,PLAYER_SLEEPBEFORE_START,1516299264319,28
181,PLAYER_SLEEPBEFORE_END,1516299264604,28
181,REQ_START,1516299264604,28
181,REQ_END,1516299264640,28
181,PLAYER_SLEEPBEFORE_START,1516299264640,29
181,PLAYER_SLEEPBEFORE_END,1516299264815,29
181,WS_SEND_START,1516299264815,29
181,WS_SEND_END,1516299264815,29
181,WS_RECV_START,1516299264815,30
181,WS_RECV_END,1516299264914,30
181,PLAYER_SLEEPBEFORE_START,1516299264914,31
181,PLAYER_SLEEPBEFORE_END,1516299264925,31
181,REQ_START,1516299264925,31
181,REQ_END,1516299264963,31
181,PLAYER_SLEEPBEFORE_START,1516299264963,32
181,PLAYER_SLEEPBEFORE_END,1516299293108,32
181,WS_SEND_START,1516299293108,32
181,WS_SEND_END,1516299293108,32
181,WS_RECV_START,1516299293108,33
181,WS_RECV_END,1516299293203,33
181,PLAYER_SLEEPBEFORE_START,1516299293203,34
181,PLAYER_SLEEPBEFORE_END,1516299319114,34
181,WS_SEND_START,1516299319114,34
181,WS_SEND_END,1516299319114,34
181,WS_RECV_START,1516299319114,35
181,WS_RECV_END,1516299319222,35
181,PLAYER_SLEEPBEFORE_START,1516299319222,36
181,PLAYER_SLEEPBEFORE_END,1516299319231,36
181,WS_SEND_START,1516299319231,36
181,WS_SEND_END,1516299319232,36
181,WS_RECV_START,1516299319232,37
181,WS_RECV_END,1516299319300,37
181,PLAYER_SLEEPBEFORE_START,1516299319300,38
181,PLAYER_SLEEPBEFORE_END,1516299322495,38
181,WS_SEND_START,1516299322495,38
181,WS_SEND_END,1516299322495,38
181,WS_RECV_START,1516299322495,39
181,WS_RECV_END,1516299322640,39
181,PLAYER_SLEEPBEFORE_START,1516299322640,40
181,PLAYER_SLEEPBEFORE_END,1516299322686,40
181,WS_SEND_START,1516299322686,40
181,WS_SEND_END,1516299322686,40
181,WS_RECV_START,1516299322686,41
181,WS_RECV_END,1516299322804,41
181,PLAYER_SLEEPBEFORE_START,1516299322804,42
181,PLAYER_SLEEPBEFORE_END,1516299340939,42
181,WS_SEND_START,1516299340939,42
181,WS_SEND_END,1516299340939,42
181,WS_RECV_START,1516299340939,43
181,WS_RECV_END,1516299340984,43
181,PLAYER_SLEEPBEFORE_START,1516299340984,44
181,PLAYER_SLEEPBEFORE_END,1516299340996,44
181,WS_SEND_START,1516299340996,44
181,WS_SEND_END,1516299340996,44
181,WS_RECV_START,1516299340996,45
181,WS_RECV_END,1516299341200,45
181,PLAYER_SLEEPBEFORE_START,1516299341200,46
181,PLAYER_SLEEPBEFORE_END,1516299342460,46
181,WS_SEND_START,1516299342460,46
181,WS_SEND_END,1516299342460,46
181,WS_RECV_START,1516299342460,47
181,WS_RECV_END,1516299342512,47
181,PLAYER_SLEEPBEFORE_START,1516299342512,48
181,PLAYER_SLEEPBEFORE_END,1516299343832,48
181,WS_SEND_START,1516299343832,48
181,WS_SEND_END,1516299343832,48
181,WS_RECV_START,1516299343832,49
181,WS_RECV_END,1516299343950,49
181,PLAYER_SLEEPBEFORE_START,1516299343950,50
181,PLAYER_SLEEPBEFORE_END,1516299343974,50
181,WS_SEND_START,1516299343974,50
181,WS_SEND_END,1516299343974,50
181,WS_RECV_START,1516299343974,51
181,WS_RECV_END,1516299344082,51
181,PLAYER_SLEEPBEFORE_START,1516299344082,52
181,PLAYER_SLEEPBEFORE_END,1516299366646,52
181,WS_SEND_START,1516299366646,52
181,WS_SEND_END,1516299366646,52
181,WS_RECV_START,1516299366646,53
181,WS_RECV_END,1516299366762,53
181,PLAYER_SLEEPBEFORE_START,1516299366762,54
181,PLAYER_SLEEPBEFORE_END,1516299388065,54
181,WS_SEND_START,1516299388065,54
181,WS_SEND_END,1516299388065,54
181,PLAYER_SLEEPBEFORE_START,1516299388065,55
181,PLAYER_SLEEPBEFORE_END,1516299390006,55
181,WS_SEND_START,1516299390006,55
181,WS_SEND_END,1516299390006,55
181,WS_RECV_START,1516299390006,56
181,WS_RECV_END,1516299390055,56
181,PLAYER_SLEEPBEFORE_START,1516299390055,57
181,PLAYER_SLEEPBEFORE_END,1516299412927,57
181,WS_SEND_START,1516299412927,57
181,WS_SEND_END,1516299412927,57
181,WS_RECV_START,1516299412927,58
181,WS_RECV_END,1516299412968,58
181,PLAYER_SLEEPBEFORE_START,1516299412968,59
181,PLAYER_SLEEPBEFORE_END,1516299415295,59
181,WS_SEND_START,1516299415295,59
181,WS_SEND_END,1516299415295,59
181,WS_RECV_START,1516299415295,60
181,WS_RECV_END,1516299415450,60
181,PLAYER_SLEEPBEFORE_START,1516299415450,61
181,PLAYER_SLEEPBEFORE_END,1516299419041,61
181,WS_SEND_START,1516299419041,61
181,WS_SEND_END,1516299419041,61
181,WS_RECV_START,1516299419041,62
181,WS_RECV_END,1516299419576,62
181,PLAYER_SLEEPBEFORE_START,1516299419576,63
181,PLAYER_SLEEPBEFORE_END,1516299438838,63
181,WS_SEND_START,1516299438838,63
181,WS_SEND_END,1516299438838,63
181,WS_RECV_START,1516299438838,64
181,WS_RECV_END,1516299438875,64
181,PLAYER_SLEEPBEFORE_START,1516299438875,65
181,PLAYER_SLEEPBEFORE_END,1516299465692,65
181,WS_SEND_START,1516299465692,65
181,WS_SEND_END,1516299465692,65
181,WS_RECV_START,1516299465692,66
181,WS_RECV_END,1516299465826,66
181,PLAYER_SLEEPBEFORE_START,1516299465826,67
181,PLAYER_SLEEPBEFORE_END,1516299467333,67
181,WS_SEND_START,1516299467333,67
181,WS_SEND_END,1516299467333,67
181,WS_RECV_START,1516299467333,68
181,WS_RECV_END,1516299467466,68
181,PLAYER_SLEEPBEFORE_START,1516299467466,69
181,PLAYER_SLEEPBEFORE_END,1516299489464,69
181,WS_SEND_START,1516299489464,69
181,WS_SEND_END,1516299489464,69
181,WS_RECV_START,1516299489464,70
181,WS_RECV_END,1516299489756,70
181,PLAYER_SLEEPBEFORE_START,1516299489756,71
181,PLAYER_SLEEPBEFORE_END,1516299514550,71
181,WS_SEND_START,1516299514550,71
181,WS_SEND_END,1516299514550,71
181,PLAYER_SLEEPBEFORE_START,1516299514550,72
181,PLAYER_SLEEPBEFORE_END,1516299517157,72
181,WS_SEND_START,1516299517157,72
181,WS_SEND_END,1516299517157,72
181,WS_RECV_START,1516299517157,73
181,WS_RECV_END,1516299517455,73
181,PLAYER_SLEEPBEFORE_START,1516299517455,74
181,PLAYER_SLEEPBEFORE_END,1516299517464,74
181,WS_SEND_START,1516299517464,74
181,WS_SEND_END,1516299517464,74
181,WS_RECV_START,1516299517464,75
181,WS_RECV_END,1516299517516,75
181,PLAYER_SLEEPBEFORE_START,1516299517516,76
181,PLAYER_SLEEPBEFORE_END,1516299519022,76
181,WS_SEND_START,1516299519022,76
181,WS_SEND_END,1516299519022,76
181,WS_RECV_START,1516299519022,77
181,WS_RECV_END,1516299519238,77
181,PLAYER_SLEEPBEFORE_START,1516299519238,78
181,PLAYER_SLEEPBEFORE_END,1516299520129,78
181,WS_SEND_START,1516299520129,78
181,WS_SEND_END,1516299520129,78
181,WS_RECV_START,1516299520129,79
181,WS_RECV_END,1516299520531,79
181,PLAYER_SLEEPBEFORE_START,1516299520531,80
181,PLAYER_SLEEPBEFORE_END,1516299528197,80
181,WS_SEND_START,1516299528197,80
181,WS_SEND_END,1516299528197,80
181,WS_RECV_START,1516299528197,81
181,WS_RECV_END,1516299529506,81
181,PLAYER_SLEEPBEFORE_START,1516299529506,82
181,PLAYER_SLEEPBEFORE_END,1516299530608,82
181,WS_SEND_START,1516299530608,82
181,WS_SEND_END,1516299530608,82
181,WS_RECV_START,1516299530608,83
181,WS_RECV_END,1516299530707,83
181,PLAYER_SLEEPBEFORE_START,1516299530707,84
181,PLAYER_SLEEPBEFORE_END,1516299531655,84
181,WS_SEND_START,1516299531655,84
181,WS_SEND_END,1516299531655,84
181,WS_RECV_START,1516299531655,85
181,WS_RECV_END,1516299531727,85
181,PLAYER_SLEEPBEFORE_START,1516299531727,86
181,PLAYER_SLEEPBEFORE_END,1516299535899,86
181,WS_SEND_START,1516299535899,86
181,WS_SEND_END,1516299535899,86
181,WS_RECV_START,1516299535899,87
181,WS_RECV_END,1516299537786,87
181,PLAYER_SLEEPBEFORE_START,1516299537786,88
181,PLAYER_SLEEPBEFORE_END,1516299537794,88
181,WS_SEND_START,1516299537794,88
181,WS_SEND_END,1516299537794,88
181,WS_RECV_START,1516299537794,89
181,WS_RECV_END,1516299538470,89
181,PLAYER_SLEEPBEFORE_START,1516299538470,90
181,PLAYER_SLEEPBEFORE_END,1516299565667,90
181,REQ_START,1516299565667,90
181,REQ_END,1516299565672,90
181,PLAYER_SLEEPBEFORE_START,1516299565672,91
181,PLAYER_SLEEPBEFORE_END,1516299573561,91
181,WS_SEND_START,1516299573561,91
181,WS_SEND_END,1516299573561,91
181,WS_RECV_START,1516299573561,92
181,WS_RECV_END,1516299574816,92
181,PLAYER_SLEEPBEFORE_START,1516299574816,93
181,PLAYER_SLEEPBEFORE_END,1516299574831,93
181,WS_SEND_START,1516299574831,93
181,WS_SEND_END,1516299574831,93
181,WS_RECV_START,1516299574831,94
181,WS_RECV_END,1516299575959,94
181,PLAYER_SLEEPBEFORE_START,1516299575959,95
181,PLAYER_SLEEPBEFORE_END,1516299599514,95
181,WS_SEND_START,1516299599514,95
181,WS_SEND_END,1516299599514,95
181,WS_RECV_START,1516299599514,96
181,WS_RECV_END,1516299601184,96
181,PLAYER_SLEEPBEFORE_START,1516299601184,97
181,PLAYER_SLEEPBEFORE_END,1516299623625,97
181,WS_SEND_START,1516299623625,97
181,WS_SEND_END,1516299623625,97
181,WS_RECV_START,1516299623625,98
181,WS_RECV_END,1516299624861,98
181,PLAYER_SLEEPBEFORE_START,1516299624861,99
181,PLAYER_SLEEPBEFORE_END,1516299624882,99
181,WS_SEND_START,1516299624882,99
181,WS_SEND_END,1516299624882,99
181,WS_RECV_START,1516299624882,100
181,WS_RECV_END,1516299625587,100
181,PLAYER_SLEEPBEFORE_START,1516299625587,101
181,PLAYER_SLEEPBEFORE_END,1516299649146,101
181,WS_SEND_START,1516299649146,101
181,WS_SEND_END,1516299649146,101
181,WS_RECV_START,1516299649146,102
181,WS_RECV_END,1516299649404,102
181,PLAYER_SLEEPBEFORE_START,1516299649404,103
181,PLAYER_SLEEPBEFORE_END,1516299673029,103
181,WS_SEND_START,1516299673029,103
181,WS_SEND_END,1516299673029,103
181,WS_RECV_START,1516299673029,104
181,WS_RECV_END,1516299673227,104
181,PLAYER_SLEEPBEFORE_START,1516299673227,105
181,PLAYER_SLEEPBEFORE_END,1516299698604,105
181,WS_SEND_START,1516299698604,105
181,WS_SEND_END,1516299698604,105
181,WS_RECV_START,1516299698604,106
181,WS_RECV_END,1516299698777,106
181,PLAYER_SLEEPBEFORE_START,1516299698777,107
181,PLAYER_SLEEPBEFORE_END,1516299722200,107
181,WS_SEND_START,1516299722200,107
181,WS_SEND_END,1516299722200,107
181,WS_RECV_START,1516299722200,108
181,WS_RECV_END,1516299724171,108
181,PLAYER_SLEEPBEFORE_START,1516299724171,109
181,PLAYER_SLEEPBEFORE_END,1516299724180,109
181,WS_SEND_START,1516299724180,109
181,WS_SEND_END,1516299724180,109
181,WS_RECV_START,1516299724180,110
181,WS_RECV_END,1516299724870,110
181,PLAYER_SLEEPBEFORE_START,1516299724870,111
181,PLAYER_SLEEPBEFORE_END,1516299725829,111
181,WS_SEND_START,1516299725829,111
181,WS_SEND_END,1516299725829,111
181,WS_RECV_START,1516299725829,112
181,WS_RECV_END,1516299728225,112
181,PLAYER_SLEEPBEFORE_START,1516299728225,113
181,PLAYER_SLEEPBEFORE_END,1516299728787,113
181,WS_SEND_START,1516299728787,113
181,WS_SEND_END,1516299728787,113
181,WS_RECV_START,1516299728787,114
181,WS_RECV_END,1516299729657,114
181,PLAYER_SLEEPBEFORE_START,1516299729657,115
181,PLAYER_SLEEPBEFORE_END,1516299729666,115
181,WS_SEND_START,1516299729666,115
181,WS_SEND_END,1516299729666,115
181,WS_RECV_START,1516299729666,116
181,WS_RECV_END,1516299730752,116
181,PLAYER_SLEEPBEFORE_START,1516299730752,117
181,PLAYER_SLEEPBEFORE_END,1516299751112,117
181,WS_SEND_START,1516299751112,117
181,WS_SEND_END,1516299751112,117
181,PLAYER_SLEEPBEFORE_START,1516299751112,118
181,PLAYER_SLEEPBEFORE_END,1516299754864,118
181,WS_SEND_START,1516299754864,118
181,WS_SEND_END,1516299754864,118
181,WS_RECV_START,1516299754864,119
181,WS_RECV_END,1516299756705,119
181,PLAYER_SLEEPBEFORE_START,1516299756705,120
181,PLAYER_SLEEPBEFORE_END,1516299757693,120
181,WS_SEND_START,1516299757693,120
181,WS_SEND_END,1516299757693,120
181,WS_RECV_START,1516299757693,121
181,WS_RECV_END,1516299760082,121
181,PLAYER_SLEEPBEFORE_START,1516299760082,122
181,PLAYER_SLEEPBEFORE_END,1516299761267,122
181,WS_SEND_START,1516299761267,122
181,WS_SEND_END,1516299761267,122
181,WS_RECV_START,1516299761267,123
181,WS_RECV_END,1516299763346,123
181,PLAYER_SLEEPBEFORE_START,1516299763346,124
181,PLAYER_SLEEPBEFORE_END,1516299787751,124
181,WS_SEND_START,1516299787751,124
181,WS_SEND_END,1516299787751,124
181,WS_RECV_START,1516299787751,125
181,WS_RECV_END,1516299789973,125
181,PLAYER_SLEEPBEFORE_START,1516299789973,126
181,PLAYER_SLEEPBEFORE_END,1516299810485,126
181,WS_SEND_START,1516299810485,126
181,WS_SEND_END,1516299810485,126
181,PLAYER_SLEEPBEFORE_START,1516299810485,127
181,PLAYER_SLEEPBEFORE_END,1516299813539,127
181,WS_SEND_START,1516299813539,127
181,WS_SEND_END,1516299813539,127
181,WS_RECV_START,1516299813539,128
181,WS_RECV_END,1516299815298,128
181,PLAYER_SLEEPBEFORE_START,1516299815299,129
181,PLAYER_SLEEPBEFORE_END,1516299815319,129
181,WS_SEND_START,1516299815319,129
181,WS_SEND_END,1516299815319,129
181,WS_RECV_START,1516299815319,130
181,WS_RECV_END,1516299816572,130
181,PLAYER_SLEEPBEFORE_START,1516299816572,131
181,PLAYER_SLEEPBEFORE_END,1516299838196,131
181,WS_SEND_START,1516299838196,131
181,WS_SEND_END,1516299838196,131
181,PLAYER_SLEEPBEFORE_START,1516299838196,132
181,PLAYER_SLEEPBEFORE_END,1516299841276,132
181,WS_SEND_START,1516299841276,132
181,WS_SEND_END,1516299841276,132
181,WS_RECV_START,1516299841276,133
181,WS_RECV_END,1516299841487,133
181,PLAYER_SLEEPBEFORE_START,1516299841487,134
181,PLAYER_SLEEPBEFORE_END,1516299862704,134
181,WS_SEND_START,1516299862704,134
181,WS_SEND_END,1516299862704,134
181,PLAYER_SLEEPBEFORE_START,1516299862704,135
181,PLAYER_SLEEPBEFORE_END,1516299865894,135
181,WS_SEND_START,1516299865894,135
181,WS_SEND_END,1516299865894,135
181,WS_RECV_START,1516299865894,136
181,WS_RECV_END,1516299867853,136
181,PLAYER_SLEEPBEFORE_START,1516299867853,137
181,PLAYER_SLEEPBEFORE_END,1516299867860,137
181,WS_SEND_START,1516299867860,137
181,WS_SEND_END,1516299867860,137
181,WS_RECV_START,1516299867860,138
181,WS_RECV_END,1516299868934,138
181,PLAYER_SLEEPBEFORE_START,1516299868934,139
181,PLAYER_SLEEPBEFORE_END,1516299869624,139
181,WS_SEND_START,1516299869624,139
181,WS_SEND_END,1516299869624,139
181,WS_RECV_START,1516299869624,140
181,WS_RECV_END,1516299870632,140
181,PLAYER_SLEEPBEFORE_START,1516299870632,141
181,PLAYER_SLEEPBEFORE_END,1516299871287,141
181,WS_SEND_START,1516299871287,141
181,WS_SEND_END,1516299871287,141
181,WS_RECV_START,1516299871287,142
181,WS_RECV_END,1516299872314,142
181,PLAYER_SLEEPBEFORE_START,1516299872314,143
181,PLAYER_SLEEPBEFORE_END,1516299872371,143
181,WS_SEND_START,1516299872371,143
181,WS_SEND_END,1516299872371,143
181,WS_RECV_START,1516299872371,144
181,WS_RECV_END,1516299874446,144
181,PLAYER_SLEEPBEFORE_START,1516299874446,145
181,PLAYER_SLEEPBEFORE_END,1516299890508,145
181,REQ_START,1516299890508,145
181,REQ_END,1516299890513,145
181,PLAYER_SLEEPBEFORE_START,1516299890513,146
181,PLAYER_SLEEPBEFORE_END,1516299899390,146
181,WS_SEND_START,1516299899390,146
181,WS_SEND_END,1516299899390,146
181,WS_RECV_START,1516299899390,147
181,WS_RECV_END,1516299900662,147
181,PLAYER_SLEEPBEFORE_START,1516299900662,148
181,PLAYER_SLEEPBEFORE_END,1516299922584,148
181,WS_SEND_START,1516299922584,148
181,WS_SEND_END,1516299922584,148
181,PLAYER_SLEEPBEFORE_START,1516299922584,149
181,PLAYER_SLEEPBEFORE_END,1516299925012,149
181,WS_SEND_START,1516299925012,149
181,WS_SEND_END,1516299925012,149
181,WS_RECV_START,1516299925012,150
181,WS_RECV_END,1516299925577,150
181,PLAYER_SLEEPBEFORE_START,1516299925577,151
181,PLAYER_SLEEPBEFORE_END,1516299925788,151
181,WS_SEND_START,1516299925788,151
181,WS_SEND_END,1516299925788,151
181,WS_RECV_START,1516299925788,152
181,WS_RECV_END,1516299926898,152
181,PLAYER_SLEEPBEFORE_START,1516299926898,153
181,PLAYER_SLEEPBEFORE_END,1516299950825,153
181,WS_SEND_START,1516299950825,153
181,WS_SEND_END,1516299950825,153
181,WS_RECV_START,1516299950825,154
181,WS_RECV_END,1516299951257,154
181,PLAYER_SLEEPBEFORE_START,1516299951257,155
181,PLAYER_SLEEPBEFORE_END,1516299973816,155
181,WS_SEND_START,1516299973816,155
181,WS_SEND_END,1516299973816,155
181,PLAYER_SLEEPBEFORE_START,1516299973816,156
181,PLAYER_SLEEPBEFORE_END,1516299977090,156
181,WS_SEND_START,1516299977090,156
181,WS_SEND_END,1516299977090,156
181,WS_RECV_START,1516299977090,157
181,WS_RECV_END,1516299978828,157
181,PLAYER_SLEEPBEFORE_START,1516299978828,158
181,PLAYER_SLEEPBEFORE_END,1516299978838,158
181,WS_SEND_START,1516299978838,158
181,WS_SEND_END,1516299978838,158
181,WS_RECV_START,1516299978838,159
181,WS_RECV_END,1516299979627,159
181,PLAYER_SLEEPBEFORE_START,1516299979627,160
181,PLAYER_SLEEPBEFORE_END,1516299979802,160
181,WS_SEND_START,1516299979802,160
181,WS_SEND_END,1516299979802,160
181,WS_RECV_START,1516299979802,161
181,WS_RECV_END,1516299981195,161
181,PLAYER_SLEEPBEFORE_START,1516299981195,162
181,PLAYER_SLEEPBEFORE_END,1516299981220,162
181,WS_SEND_START,1516299981220,162
181,WS_SEND_END,1516299981220,162
181,WS_RECV_START,1516299981220,163
181,WS_RECV_END,1516299982490,163
181,PLAYER_SLEEPBEFORE_START,1516299982490,164
181,PLAYER_SLEEPBEFORE_END,1516300003302,164
181,WS_SEND_START,1516300003302,164
181,WS_SEND_END,1516300003302,164
181,WS_RECV_START,1516300003302,165
181,WS_RECV_END,1516300005230,165
181,PLAYER_SLEEPBEFORE_START,1516300005230,166
181,PLAYER_SLEEPBEFORE_END,1516300027685,166
181,WS_SEND_START,1516300027685,166
181,WS_SEND_END,1516300027685,166
181,WS_RECV_START,1516300027685,167
181,WS_RECV_END,1516300028147,167
181,PLAYER_SLEEPBEFORE_START,1516300028147,168
181,PLAYER_SLEEPBEFORE_END,1516300055504,168
181,WS_SEND_START,1516300055504,168
181,WS_SEND_END,1516300055504,168
181,WS_RECV_START,1516300055504,169
181,WS_RECV_END,1516300056628,169
181,PLAYER_SLEEPBEFORE_START,1516300056628,170
181,PLAYER_SLEEPBEFORE_END,1516300056637,170
181,WS_SEND_START,1516300056637,170
181,WS_SEND_END,1516300056637,170
181,WS_RECV_START,1516300056637,171
181,WS_RECV_END,1516300057511,171
181,PLAYER_SLEEPBEFORE_START,1516300057511,172
181,PLAYER_SLEEPBEFORE_END,1516300057880,172
181,WS_SEND_START,1516300057880,172
181,WS_SEND_END,1516300057880,172
181,WS_RECV_START,1516300057880,173
181,WS_RECV_END,1516300059072,173
181,PLAYER_SLEEPBEFORE_START,1516300059072,174
181,PLAYER_SLEEPBEFORE_END,1516300059113,174
181,WS_SEND_START,1516300059113,174
181,WS_SEND_END,1516300059113,174
181,WS_RECV_START,1516300059113,175
181,WS_RECV_END,1516300060344,175
181,PLAYER_SLEEPBEFORE_START,1516300060344,176
181,PLAYER_SLEEPBEFORE_END,1516300082105,176
181,WS_SEND_START,1516300082105,176
181,WS_SEND_END,1516300082105,176
181,PLAYER_SLEEPBEFORE_START,1516300082105,177
181,PLAYER_SLEEPBEFORE_END,1516300084623,177
181,WS_SEND_START,1516300084623,177
181,WS_SEND_END,1516300084623,177
181,WS_RECV_START,1516300084623,178
181,WS_RECV_END,1516300085022,178
181,PLAYER_SLEEPBEFORE_START,1516300085022,179
181,PLAYER_SLEEPBEFORE_END,1516300107362,179
181,WS_SEND_START,1516300107362,179
181,WS_SEND_END,1516300107362,179
181,WS_RECV_START,1516300107362,180
181,WS_RECV_END,1516300107802,180
181,PLAYER_SLEEPBEFORE_START,1516300107802,181
181,PLAYER_SLEEPBEFORE_END,1516300108246,181
181,WS_SEND_START,1516300108246,181
181,WS_SEND_END,1516300108246,181
181,WS_RECV_START,1516300108246,182
181,WS_RECV_END,1516300108948,182
181,PLAYER_SLEEPBEFORE_START,1516300108948,183
181,PLAYER_SLEEPBEFORE_END,1516300109471,183
181,WS_SEND_START,1516300109471,183
181,WS_SEND_END,1516300109471,183
181,WS_RECV_START,1516300109471,184
181,WS_RECV_END,1516300110196,184
181,PLAYER_SLEEPBEFORE_START,1516300110196,185
181,PLAYER_SLEEPBEFORE_END,1516300110464,185
181,WS_SEND_START,1516300110464,185
181,WS_SEND_END,1516300110464,185
181,WS_RECV_START,1516300110464,186
181,WS_RECV_END,1516300111277,186
181,PLAYER_SLEEPBEFORE_START,1516300111277,187
181,PLAYER_SLEEPBEFORE_END,1516300133777,187
181,WS_SEND_START,1516300133777,187
181,WS_SEND_END,1516300133777,187
181,WS_RECV_START,1516300133777,188
181,WS_RECV_END,1516300137987,188
181,PLAYER_SLEEPBEFORE_START,1516300137987,189
181,PLAYER_SLEEPBEFORE_END,1516300144226,189
181,WS_SEND_START,1516300144226,189
181,WS_SEND_END,1516300144226,189
181,WS_RECV_START,1516300144226,190
181,WS_RECV_END,1516300149417,190
181,PLAYER_SLEEPBEFORE_START,1516300149417,191
181,PLAYER_SLEEPBEFORE_END,1516300151333,191
181,WS_SEND_START,1516300151333,191
181,WS_SEND_END,1516300151333,191
181,WS_RECV_START,1516300151333,192
181,WS_RECV_END,1516300155689,192
181,PLAYER_SLEEPBEFORE_START,1516300155690,193
181,PLAYER_SLEEPBEFORE_END,1516300155818,193
181,WS_SEND_START,1516300155818,193
181,WS_SEND_END,1516300155818,193
181,WS_RECV_START,1516300155818,194
181,WS_RECV_END,1516300157905,194
181,PLAYER_SLEEPBEFORE_START,1516300157905,195
181,PLAYER_SLEEPBEFORE_END,1516300159660,195
181,WS_SEND_START,1516300159660,195
181,WS_SEND_END,1516300159660,195
181,WS_RECV_START,1516300159660,196
181,WS_RECV_END,1516300163936,196
181,PLAYER_SLEEPBEFORE_START,1516300163936,197
181,PLAYER_SLEEPBEFORE_END,1516300165741,197
181,WS_SEND_START,1516300165741,197
181,WS_SEND_END,1516300165741,197
181,WS_RECV_START,1516300165741,198
181,WS_RECV_END,1516300173220,198
181,PLAYER_SLEEPBEFORE_START,1516300173220,199
181,PLAYER_SLEEPBEFORE_END,1516300185074,199
181,WS_SEND_START,1516300185074,199
181,WS_SEND_END,1516300185074,199
181,PLAYER_SLEEPBEFORE_START,1516300185074,200
181,PLAYER_SLEEPBEFORE_END,1516300189162,200
181,WS_SEND_START,1516300189162,200
181,WS_SEND_END,1516300189162,200
181,WS_RECV_START,1516300189162,201
181,WS_RECV_END,1516300192795,201
181,PLAYER_SLEEPBEFORE_START,1516300192795,202
181,PLAYER_SLEEPBEFORE_END,1516300192809,202
181,WS_SEND_START,1516300192810,202
181,WS_SEND_END,1516300192810,202
181,WS_RECV_START,1516300192810,203
181,WS_RECV_END,1516300196810,203
181,PLAYER_SLEEPBEFORE_START,1516300196810,204
181,PLAYER_SLEEPBEFORE_END,1516300216459,204
181,WS_SEND_START,1516300216459,204
181,WS_SEND_END,1516300216459,204
181,PLAYER_SLEEPBEFORE_START,1516300216459,205
181,PLAYER_SLEEPBEFORE_END,1516300220357,205
181,WS_SEND_START,1516300220357,205
181,WS_SEND_END,1516300220358,205
181,WS_RECV_START,1516300220358,206
181,WS_RECV_END,1516300221145,206
181,PLAYER_SLEEPBEFORE_START,1516300221145,207
181,PLAYER_SLEEPBEFORE_END,1516300238076,207
181,REQ_START,1516300238076,207
181,REQ_END,1516300238080,207
181,PLAYER_SLEEPBEFORE_START,1516300238080,208
181,PLAYER_SLEEPBEFORE_END,1516300244932,208
181,WS_CLOSE_START,1516300244932,208
181,WS_CLOSE_END,1516300244932,208
181,PLAYER_DONE,1516300244932
