# --sessions 2700 --app-url=http://shinyloadtest.rstudioservices.com/cran_explorer --output-dir test2700 --overwrite-output --log-level warn --start-interval 100 15min.log
thread_id,event,timestamp,input_line_number,comment
1865,PLAYER_SESSION_CREATE,1516299246136
1865,PLAYER_START_INTERVAL_START,1516299246136
1865,PLAYER_START_INTERVAL_END,1516299432636
1865,REQ_HOME_START,1516299432636,2
1865,REQ_HOME_END,1516299433170,2
1865,REQ_START,1516299433170,3
1865,REQ_END,1516299433324,3
1865,REQ_START,1516299433324,4
1865,REQ_END,1516299433363,4
1865,REQ_START,1516299433363,5
1865,REQ_END,1516299433524,5
1865,REQ_START,1516299433524,6
1865,REQ_END,1516299433563,6
1865,REQ_START,1516299433563,7
1865,REQ_END,1516299434289,7
1865,REQ_START,1516299434289,8
1865,REQ_END,1516299434680,8
1865,REQ_START,1516299434680,9
1865,REQ_END,1516299434738,9
1865,REQ_START,1516299434738,10
1865,REQ_END,1516299434744,10
1865,REQ_START,1516299434744,11
1865,REQ_END,1516299434782,11
1865,REQ_START,1516299434782,12
1865,REQ_END,1516299434788,12
1865,REQ_START,1516299434788,13
1865,REQ_END,1516299434825,13
1865,REQ_START,1516299434825,14
1865,REQ_END,1516299434836,14
1865,REQ_START,1516299434836,15
1865,REQ_END,1516299434873,15
1865,REQ_TOK_START,1516299434873,16
1865,REQ_TOK_END,1516299434877,16
1865,REQ_SINF_START,1516299434877,17
1865,REQ_SINF_END,1516299434881,17
1865,WS_OPEN_START,1516299434881,18
1865,WS_OPEN_END,1516299434885,18
1865,REQ_START,1516299434885,19
1865,REQ_END,1516299434915,19
1865,WS_RECV_START,1516299434915,20
1865,WS_RECV_END,1516299434915,20
1865,PLAYER_SLEEPBEFORE_START,1516299434915,21
1865,PLAYER_SLEEPBEFORE_END,1516299434920,21
1865,WS_SEND_START,1516299434920,21
1865,WS_SEND_END,1516299434920,21
1865,PLAYER_SLEEPBEFORE_START,1516299434920,22
1865,PLAYER_SLEEPBEFORE_END,1516299434921,22
1865,WS_SEND_START,1516299434921,22
1865,WS_SEND_END,1516299434921,22
1865,WS_RECV_INIT_START,1516299434921,23
1865,WS_RECV_INIT_END,1516299434942,23
1865,WS_RECV_START,1516299434942,24
1865,WS_RECV_END,1516299435000,24
1865,PLAYER_SLEEPBEFORE_START,1516299435000,25
1865,PLAYER_SLEEPBEFORE_END,1516299435007,25
1865,REQ_START,1516299435007,25
1865,REQ_END,1516299435068,25
1865,PLAYER_SLEEPBEFORE_START,1516299435068,26
1865,PLAYER_SLEEPBEFORE_END,1516299435069,26
1865,REQ_START,1516299435069,26
1865,REQ_END,1516299435105,26
1865,PLAYER_SLEEPBEFORE_START,1516299435105,27
1865,PLAYER_SLEEPBEFORE_END,1516299435108,27
1865,REQ_START,1516299435108,27
1865,REQ_END,1516299435144,27
1865,PLAYER_SLEEPBEFORE_START,1516299435144,28
1865,PLAYER_SLEEPBEFORE_END,1516299435445,28
1865,REQ_START,1516299435445,28
1865,REQ_END,1516299435488,28
1865,PLAYER_SLEEPBEFORE_START,1516299435488,29
1865,PLAYER_SLEEPBEFORE_END,1516299435663,29
1865,WS_SEND_START,1516299435663,29
1865,WS_SEND_END,1516299435663,29
1865,WS_RECV_START,1516299435663,30
1865,WS_RECV_END,1516299435893,30
1865,PLAYER_SLEEPBEFORE_START,1516299435893,31
1865,PLAYER_SLEEPBEFORE_END,1516299435904,31
1865,REQ_START,1516299435904,31
1865,REQ_END,1516299435969,31
1865,PLAYER_SLEEPBEFORE_START,1516299435969,32
1865,PLAYER_SLEEPBEFORE_END,1516299464115,32
1865,WS_SEND_START,1516299464115,32
1865,WS_SEND_END,1516299464115,32
1865,WS_RECV_START,1516299464115,33
1865,WS_RECV_END,1516299464446,33
1865,PLAYER_SLEEPBEFORE_START,1516299464446,34
1865,PLAYER_SLEEPBEFORE_END,1516299490358,34
1865,WS_SEND_START,1516299490358,34
1865,WS_SEND_END,1516299490358,34
1865,WS_RECV_START,1516299490358,35
1865,WS_RECV_END,1516299490506,35
1865,PLAYER_SLEEPBEFORE_START,1516299490506,36
1865,PLAYER_SLEEPBEFORE_END,1516299490515,36
1865,WS_SEND_START,1516299490515,36
1865,WS_SEND_END,1516299490515,36
1865,WS_RECV_START,1516299490515,37
1865,WS_RECV_END,1516299490741,37
1865,PLAYER_SLEEPBEFORE_START,1516299490741,38
1865,PLAYER_SLEEPBEFORE_END,1516299493937,38
1865,WS_SEND_START,1516299493937,38
1865,WS_SEND_END,1516299493937,38
1865,WS_RECV_START,1516299493937,39
1865,WS_RECV_END,1516299494204,39
1865,PLAYER_SLEEPBEFORE_START,1516299494204,40
1865,PLAYER_SLEEPBEFORE_END,1516299494250,40
1865,WS_SEND_START,1516299494250,40
1865,WS_SEND_END,1516299494250,40
1865,WS_RECV_START,1516299494250,41
1865,WS_RECV_END,1516299494477,41
1865,PLAYER_SLEEPBEFORE_START,1516299494477,42
1865,PLAYER_SLEEPBEFORE_END,1516299512612,42
1865,WS_SEND_START,1516299512612,42
1865,WS_SEND_END,1516299512612,42
1865,WS_RECV_START,1516299512612,43
1865,WS_RECV_END,1516299512763,43
1865,PLAYER_SLEEPBEFORE_START,1516299512763,44
1865,PLAYER_SLEEPBEFORE_END,1516299512775,44
1865,WS_SEND_START,1516299512775,44
1865,WS_SEND_END,1516299512775,44
1865,WS_RECV_START,1516299512775,45
1865,WS_RECV_END,1516299512857,45
1865,PLAYER_SLEEPBEFORE_START,1516299512857,46
1865,PLAYER_SLEEPBEFORE_END,1516299514117,46
1865,WS_SEND_START,1516299514117,46
1865,WS_SEND_END,1516299514117,46
1865,WS_RECV_START,1516299514117,47
1865,WS_RECV_END,1516299514731,47
1865,PLAYER_SLEEPBEFORE_START,1516299514731,48
1865,PLAYER_SLEEPBEFORE_END,1516299516051,48
1865,WS_SEND_START,1516299516051,48
1865,WS_SEND_END,1516299516051,48
1865,WS_RECV_START,1516299516051,49
1865,WS_RECV_END,1516299516836,49
1865,PLAYER_SLEEPBEFORE_START,1516299516836,50
1865,PLAYER_SLEEPBEFORE_END,1516299516860,50
1865,WS_SEND_START,1516299516860,50
1865,WS_SEND_END,1516299516860,50
1865,WS_RECV_START,1516299516860,51
1865,WS_RECV_END,1516299517491,51
1865,PLAYER_SLEEPBEFORE_START,1516299517491,52
1865,PLAYER_SLEEPBEFORE_END,1516299540056,52
1865,WS_SEND_START,1516299540056,52
1865,WS_SEND_END,1516299540056,52
1865,WS_RECV_START,1516299540056,53
1865,WS_RECV_END,1516299541944,53
1865,PLAYER_SLEEPBEFORE_START,1516299541944,54
1865,PLAYER_SLEEPBEFORE_END,1516299563247,54
1865,WS_SEND_START,1516299563247,54
1865,WS_SEND_END,1516299563247,54
1865,PLAYER_SLEEPBEFORE_START,1516299563247,55
1865,PLAYER_SLEEPBEFORE_END,1516299565188,55
1865,WS_SEND_START,1516299565188,55
1865,WS_SEND_END,1516299565188,55
1865,WS_RECV_START,1516299565188,56
1865,WS_RECV_END,1516299567452,56
1865,PLAYER_SLEEPBEFORE_START,1516299567452,57
1865,PLAYER_SLEEPBEFORE_END,1516299590324,57
1865,WS_SEND_START,1516299590324,57
1865,WS_SEND_END,1516299590324,57
1865,WS_RECV_START,1516299590324,58
1865,WS_RECV_END,1516299590451,58
1865,PLAYER_SLEEPBEFORE_START,1516299590451,59
1865,PLAYER_SLEEPBEFORE_END,1516299592778,59
1865,WS_SEND_START,1516299592778,59
1865,WS_SEND_END,1516299592778,59
1865,WS_RECV_START,1516299592778,60
1865,WS_RECV_END,1516299593327,60
1865,PLAYER_SLEEPBEFORE_START,1516299593327,61
1865,PLAYER_SLEEPBEFORE_END,1516299596918,61
1865,WS_SEND_START,1516299596918,61
1865,WS_SEND_END,1516299596918,61
1865,WS_RECV_START,1516299596918,62
1865,WS_RECV_END,1516299597535,62
1865,PLAYER_SLEEPBEFORE_START,1516299597535,63
1865,PLAYER_SLEEPBEFORE_END,1516299616797,63
1865,WS_SEND_START,1516299616797,63
1865,WS_SEND_END,1516299616797,63
1865,WS_RECV_START,1516299616797,64
1865,WS_RECV_END,1516299617490,64
1865,PLAYER_SLEEPBEFORE_START,1516299617490,65
1865,PLAYER_SLEEPBEFORE_END,1516299644307,65
1865,WS_SEND_START,1516299644307,65
1865,WS_SEND_END,1516299644307,65
1865,WS_RECV_START,1516299644307,66
1865,WS_RECV_END,1516299644950,66
1865,PLAYER_SLEEPBEFORE_START,1516299644950,67
1865,PLAYER_SLEEPBEFORE_END,1516299646457,67
1865,WS_SEND_START,1516299646457,67
1865,WS_SEND_END,1516299646457,67
1865,WS_RECV_START,1516299646457,68
1865,WS_RECV_END,1516299647092,68
1865,PLAYER_SLEEPBEFORE_START,1516299647092,69
1865,PLAYER_SLEEPBEFORE_END,1516299669090,69
1865,WS_SEND_START,1516299669090,69
1865,WS_SEND_END,1516299669090,69
1865,WS_RECV_START,1516299669090,70
1865,WS_RECV_END,1516299669237,70
1865,PLAYER_SLEEPBEFORE_START,1516299669237,71
1865,PLAYER_SLEEPBEFORE_END,1516299694012,71
1865,WS_SEND_START,1516299694012,71
1865,WS_SEND_END,1516299694012,71
1865,PLAYER_SLEEPBEFORE_START,1516299694012,72
1865,PLAYER_SLEEPBEFORE_END,1516299696619,72
1865,WS_SEND_START,1516299696619,72
1865,WS_SEND_END,1516299696619,72
1865,WS_RECV_START,1516299696619,73
1865,WS_RECV_END,1516299696697,73
1865,PLAYER_SLEEPBEFORE_START,1516299696697,74
1865,PLAYER_SLEEPBEFORE_END,1516299696706,74
1865,WS_SEND_START,1516299696706,74
1865,WS_SEND_END,1516299696706,74
1865,WS_RECV_START,1516299696706,75
1865,WS_RECV_END,1516299696745,75
1865,PLAYER_SLEEPBEFORE_START,1516299696745,76
1865,PLAYER_SLEEPBEFORE_END,1516299698251,76
1865,WS_SEND_START,1516299698251,76
1865,WS_SEND_END,1516299698251,76
1865,WS_RECV_START,1516299698251,77
1865,WS_RECV_END,1516299698283,77
1865,PLAYER_SLEEPBEFORE_START,1516299698283,78
1865,PLAYER_SLEEPBEFORE_END,1516299699152,78
1865,WS_SEND_START,1516299699152,78
1865,WS_SEND_END,1516299699152,78
1865,WS_RECV_START,1516299699152,79
1865,WS_RECV_END,1516299699228,79
1865,PLAYER_SLEEPBEFORE_START,1516299699228,80
1865,PLAYER_SLEEPBEFORE_END,1516299706894,80
1865,WS_SEND_START,1516299706894,80
1865,WS_SEND_END,1516299706894,80
1865,WS_RECV_START,1516299706894,81
1865,WS_RECV_END,1516299708023,81
1865,PLAYER_SLEEPBEFORE_START,1516299708023,82
1865,PLAYER_SLEEPBEFORE_END,1516299709125,82
1865,WS_SEND_START,1516299709125,82
1865,WS_SEND_END,1516299709125,82
1865,WS_RECV_START,1516299709125,83
1865,WS_RECV_END,1516299710435,83
1865,PLAYER_SLEEPBEFORE_START,1516299710435,84
1865,PLAYER_SLEEPBEFORE_END,1516299711382,84
1865,WS_SEND_START,1516299711382,84
1865,WS_SEND_END,1516299711382,84
1865,WS_RECV_START,1516299711382,85
1865,WS_RECV_END,1516299712387,85
1865,PLAYER_SLEEPBEFORE_START,1516299712387,86
1865,PLAYER_SLEEPBEFORE_END,1516299716559,86
1865,WS_SEND_START,1516299716559,86
1865,WS_SEND_END,1516299716559,86
1865,WS_RECV_START,1516299716559,87
1865,WS_RECV_END,1516299716872,87
1865,PLAYER_SLEEPBEFORE_START,1516299716872,88
1865,PLAYER_SLEEPBEFORE_END,1516299716880,88
1865,WS_SEND_START,1516299716880,88
1865,WS_SEND_END,1516299716880,88
1865,WS_RECV_START,1516299716880,89
1865,WS_RECV_END,1516299717136,89
1865,PLAYER_SLEEPBEFORE_START,1516299717136,90
1865,PLAYER_SLEEPBEFORE_END,1516299744333,90
1865,REQ_START,1516299744333,90
1865,REQ_END,1516299744338,90
1865,PLAYER_SLEEPBEFORE_START,1516299744338,91
1865,PLAYER_SLEEPBEFORE_END,1516299752227,91
1865,WS_SEND_START,1516299752227,91
1865,WS_SEND_END,1516299752227,91
1865,WS_RECV_START,1516299752227,92
1865,WS_RECV_END,1516299753677,92
1865,PLAYER_SLEEPBEFORE_START,1516299753677,93
1865,PLAYER_SLEEPBEFORE_END,1516299753692,93
1865,WS_SEND_START,1516299753692,93
1865,WS_SEND_END,1516299753692,93
1865,WS_RECV_START,1516299753692,94
1865,WS_RECV_END,1516299754080,94
1865,PLAYER_SLEEPBEFORE_START,1516299754080,95
1865,PLAYER_SLEEPBEFORE_END,1516299777635,95
1865,WS_SEND_START,1516299777635,95
1865,WS_SEND_END,1516299777635,95
1865,WS_RECV_START,1516299777635,96
1865,WS_RECV_END,1516299778614,96
1865,PLAYER_SLEEPBEFORE_START,1516299778614,97
1865,PLAYER_SLEEPBEFORE_END,1516299801054,97
1865,WS_SEND_START,1516299801054,97
1865,WS_SEND_END,1516299801054,97
1865,WS_RECV_START,1516299801054,98
1865,WS_RECV_END,1516299801548,98
1865,PLAYER_SLEEPBEFORE_START,1516299801548,99
1865,PLAYER_SLEEPBEFORE_END,1516299801570,99
1865,WS_SEND_START,1516299801570,99
1865,WS_SEND_END,1516299801570,99
1865,WS_RECV_START,1516299801570,100
1865,WS_RECV_END,1516299802072,100
1865,PLAYER_SLEEPBEFORE_START,1516299802072,101
1865,PLAYER_SLEEPBEFORE_END,1516299825631,101
1865,WS_SEND_START,1516299825631,101
1865,WS_SEND_END,1516299825631,101
1865,WS_RECV_START,1516299825631,102
1865,WS_RECV_END,1516299826876,102
1865,PLAYER_SLEEPBEFORE_START,1516299826876,103
1865,PLAYER_SLEEPBEFORE_END,1516299850501,103
1865,WS_SEND_START,1516299850501,103
1865,WS_SEND_END,1516299850501,103
1865,WS_RECV_START,1516299850501,104
1865,WS_RECV_END,1516299853773,104
1865,PLAYER_SLEEPBEFORE_START,1516299853773,105
1865,PLAYER_SLEEPBEFORE_END,1516299879150,105
1865,WS_SEND_START,1516299879150,105
1865,WS_SEND_END,1516299879150,105
1865,WS_RECV_START,1516299879150,106
1865,WS_RECV_END,1516299880111,106
1865,PLAYER_SLEEPBEFORE_START,1516299880111,107
1865,PLAYER_SLEEPBEFORE_END,1516299903534,107
1865,WS_SEND_START,1516299903534,107
1865,WS_SEND_END,1516299903534,107
1865,WS_RECV_START,1516299903534,108
1865,WS_RECV_END,1516299904167,108
1865,PLAYER_SLEEPBEFORE_START,1516299904167,109
1865,PLAYER_SLEEPBEFORE_END,1516299904176,109
1865,WS_SEND_START,1516299904176,109
1865,WS_SEND_END,1516299904176,109
1865,WS_RECV_START,1516299904176,110
1865,WS_RECV_END,1516299904377,110
1865,PLAYER_SLEEPBEFORE_START,1516299904377,111
1865,PLAYER_SLEEPBEFORE_END,1516299905336,111
1865,WS_SEND_START,1516299905336,111
1865,WS_SEND_END,1516299905336,111
1865,WS_RECV_START,1516299905336,112
1865,WS_RECV_END,1516299905852,112
1865,PLAYER_SLEEPBEFORE_START,1516299905852,113
1865,PLAYER_SLEEPBEFORE_END,1516299906414,113
1865,WS_SEND_START,1516299906414,113
1865,WS_SEND_END,1516299906414,113
1865,WS_RECV_START,1516299906414,114
1865,WS_RECV_END,1516299906829,114
1865,PLAYER_SLEEPBEFORE_START,1516299906829,115
1865,PLAYER_SLEEPBEFORE_END,1516299906838,115
1865,WS_SEND_START,1516299906838,115
1865,WS_SEND_END,1516299906838,115
1865,WS_RECV_START,1516299906838,116
1865,WS_RECV_END,1516299907296,116
1865,PLAYER_SLEEPBEFORE_START,1516299907296,117
1865,PLAYER_SLEEPBEFORE_END,1516299927656,117
1865,WS_SEND_START,1516299927656,117
1865,WS_SEND_END,1516299927656,117
1865,PLAYER_SLEEPBEFORE_START,1516299927656,118
1865,PLAYER_SLEEPBEFORE_END,1516299931408,118
1865,WS_SEND_START,1516299931408,118
1865,WS_SEND_END,1516299931408,118
1865,WS_RECV_START,1516299931408,119
1865,WS_RECV_END,1516299932666,119
1865,PLAYER_SLEEPBEFORE_START,1516299932666,120
1865,PLAYER_SLEEPBEFORE_END,1516299933654,120
1865,WS_SEND_START,1516299933654,120
1865,WS_SEND_END,1516299933654,120
1865,WS_RECV_START,1516299933654,121
1865,WS_RECV_END,1516299934484,121
1865,PLAYER_SLEEPBEFORE_START,1516299934484,122
1865,PLAYER_SLEEPBEFORE_END,1516299935669,122
1865,WS_SEND_START,1516299935669,122
1865,WS_SEND_END,1516299935669,122
1865,WS_RECV_START,1516299935669,123
1865,WS_RECV_END,1516299936542,123
1865,PLAYER_SLEEPBEFORE_START,1516299936542,124
1865,PLAYER_SLEEPBEFORE_END,1516299960947,124
1865,WS_SEND_START,1516299960947,124
1865,WS_SEND_END,1516299960947,124
1865,WS_RECV_START,1516299960947,125
1865,WS_RECV_END,1516299961463,125
1865,PLAYER_SLEEPBEFORE_START,1516299961463,126
1865,PLAYER_SLEEPBEFORE_END,1516299981975,126
1865,WS_SEND_START,1516299981975,126
1865,WS_SEND_END,1516299981976,126
1865,PLAYER_SLEEPBEFORE_START,1516299981976,127
1865,PLAYER_SLEEPBEFORE_END,1516299985030,127
1865,WS_SEND_START,1516299985030,127
1865,WS_SEND_END,1516299985030,127
1865,WS_RECV_START,1516299985030,128
1865,WS_RECV_END,1516299985479,128
1865,PLAYER_SLEEPBEFORE_START,1516299985479,129
1865,PLAYER_SLEEPBEFORE_END,1516299985499,129
1865,WS_SEND_START,1516299985499,129
1865,WS_SEND_END,1516299985499,129
1865,WS_RECV_START,1516299985499,130
1865,WS_RECV_END,1516299985859,130
1865,PLAYER_SLEEPBEFORE_START,1516299985859,131
1865,PLAYER_SLEEPBEFORE_END,1516300007483,131
1865,WS_SEND_START,1516300007483,131
1865,WS_SEND_END,1516300007483,131
1865,PLAYER_SLEEPBEFORE_START,1516300007483,132
1865,PLAYER_SLEEPBEFORE_END,1516300010563,132
1865,WS_SEND_START,1516300010563,132
1865,WS_SEND_END,1516300010563,132
1865,WS_RECV_START,1516300010563,133
1865,WS_RECV_END,1516300011847,133
1865,PLAYER_SLEEPBEFORE_START,1516300011847,134
1865,PLAYER_SLEEPBEFORE_END,1516300033064,134
1865,WS_SEND_START,1516300033064,134
1865,WS_SEND_END,1516300033064,134
1865,PLAYER_SLEEPBEFORE_START,1516300033064,135
1865,PLAYER_SLEEPBEFORE_END,1516300036254,135
1865,WS_SEND_START,1516300036254,135
1865,WS_SEND_END,1516300036254,135
1865,WS_RECV_START,1516300036254,136
1865,WS_RECV_END,1516300037375,136
1865,PLAYER_SLEEPBEFORE_START,1516300037375,137
1865,PLAYER_SLEEPBEFORE_END,1516300037383,137
1865,WS_SEND_START,1516300037383,137
1865,WS_SEND_END,1516300037383,137
1865,WS_RECV_START,1516300037383,138
1865,WS_RECV_END,1516300037641,138
1865,PLAYER_SLEEPBEFORE_START,1516300037641,139
1865,PLAYER_SLEEPBEFORE_END,1516300038331,139
1865,WS_SEND_START,1516300038331,139
1865,WS_SEND_END,1516300038331,139
1865,WS_RECV_START,1516300038331,140
1865,WS_RECV_END,1516300038395,140
1865,PLAYER_SLEEPBEFORE_START,1516300038395,141
1865,PLAYER_SLEEPBEFORE_END,1516300039050,141
1865,WS_SEND_START,1516300039050,141
1865,WS_SEND_END,1516300039050,141
1865,WS_RECV_START,1516300039050,142
1865,WS_RECV_END,1516300039603,142
1865,PLAYER_SLEEPBEFORE_START,1516300039603,143
1865,PLAYER_SLEEPBEFORE_END,1516300039660,143
1865,WS_SEND_START,1516300039660,143
1865,WS_SEND_END,1516300039660,143
1865,WS_RECV_START,1516300039660,144
1865,WS_RECV_END,1516300040373,144
1865,PLAYER_SLEEPBEFORE_START,1516300040373,145
1865,PLAYER_SLEEPBEFORE_END,1516300056435,145
1865,REQ_START,1516300056435,145
1865,REQ_END,1516300056440,145
1865,PLAYER_SLEEPBEFORE_START,1516300056440,146
1865,PLAYER_SLEEPBEFORE_END,1516300065317,146
1865,WS_SEND_START,1516300065317,146
1865,WS_SEND_END,1516300065317,146
1865,WS_RECV_START,1516300065317,147
1865,WS_RECV_END,1516300065840,147
1865,PLAYER_SLEEPBEFORE_START,1516300065840,148
1865,PLAYER_SLEEPBEFORE_END,1516300087762,148
1865,WS_SEND_START,1516300087762,148
1865,WS_SEND_END,1516300087762,148
1865,PLAYER_SLEEPBEFORE_START,1516300087762,149
1865,PLAYER_SLEEPBEFORE_END,1516300090191,149
1865,WS_SEND_START,1516300090191,149
1865,WS_SEND_END,1516300090191,149
1865,WS_RECV_START,1516300090191,150
1865,WS_RECV_END,1516300091577,150
1865,PLAYER_SLEEPBEFORE_START,1516300091577,151
1865,PLAYER_SLEEPBEFORE_END,1516300091787,151
1865,WS_SEND_START,1516300091787,151
1865,WS_SEND_END,1516300091787,151
1865,WS_RECV_START,1516300091787,152
1865,WS_RECV_END,1516300092393,152
1865,PLAYER_SLEEPBEFORE_START,1516300092393,153
1865,PLAYER_SLEEPBEFORE_END,1516300116320,153
1865,WS_SEND_START,1516300116320,153
1865,WS_SEND_END,1516300116320,153
1865,WS_RECV_START,1516300116320,154
1865,WS_RECV_END,1516300118483,154
1865,PLAYER_SLEEPBEFORE_START,1516300118483,155
1865,PLAYER_SLEEPBEFORE_END,1516300141041,155
1865,WS_SEND_START,1516300141041,155
1865,WS_SEND_END,1516300141041,155
1865,PLAYER_SLEEPBEFORE_START,1516300141041,156
1865,PLAYER_SLEEPBEFORE_END,1516300144315,156
1865,WS_SEND_START,1516300144315,156
1865,WS_SEND_END,1516300144315,156
1865,WS_RECV_START,1516300144315,157
1865,WS_RECV_END,1516300146548,157
1865,PLAYER_SLEEPBEFORE_START,1516300146548,158
1865,PLAYER_SLEEPBEFORE_END,1516300146558,158
1865,WS_SEND_START,1516300146558,158
1865,WS_SEND_END,1516300146558,158
1865,WS_RECV_START,1516300146558,159
1865,WS_RECV_END,1516300148741,159
1865,PLAYER_SLEEPBEFORE_START,1516300148741,160
1865,PLAYER_SLEEPBEFORE_END,1516300148916,160
1865,WS_SEND_START,1516300148916,160
1865,WS_SEND_END,1516300148916,160
1865,WS_RECV_START,1516300148916,161
1865,WS_RECV_END,1516300151141,161
1865,PLAYER_SLEEPBEFORE_START,1516300151141,162
1865,PLAYER_SLEEPBEFORE_END,1516300151167,162
1865,WS_SEND_START,1516300151167,162
1865,WS_SEND_END,1516300151167,162
1865,WS_RECV_START,1516300151167,163
1865,WS_RECV_END,1516300153338,163
1865,PLAYER_SLEEPBEFORE_START,1516300153338,164
1865,PLAYER_SLEEPBEFORE_END,1516300174150,164
1865,WS_SEND_START,1516300174150,164
1865,WS_SEND_END,1516300174150,164
1865,WS_RECV_START,1516300174150,165
1865,WS_RECV_END,1516300177285,165
1865,PLAYER_SLEEPBEFORE_START,1516300177285,166
1865,PLAYER_SLEEPBEFORE_END,1516300199740,166
1865,WS_SEND_START,1516300199740,166
1865,WS_SEND_END,1516300199740,166
1865,WS_RECV_START,1516300199740,167
1865,WS_RECV_END,1516300203210,167
1865,PLAYER_SLEEPBEFORE_START,1516300203210,168
1865,PLAYER_SLEEPBEFORE_END,1516300230567,168
1865,WS_SEND_START,1516300230567,168
1865,WS_SEND_END,1516300230567,168
1865,WS_RECV_START,1516300230567,169
1865,WS_RECV_END,1516300233204,169
1865,PLAYER_SLEEPBEFORE_START,1516300233204,170
1865,PLAYER_SLEEPBEFORE_END,1516300233213,170
1865,WS_SEND_START,1516300233213,170
1865,WS_SEND_END,1516300233213,170
1865,WS_RECV_START,1516300233213,171
1865,WS_RECV_END,1516300235053,171
1865,PLAYER_SLEEPBEFORE_START,1516300235053,172
1865,PLAYER_SLEEPBEFORE_END,1516300235423,172
1865,WS_SEND_START,1516300235423,172
1865,WS_SEND_END,1516300235423,172
1865,WS_RECV_START,1516300235423,173
1865,WS_RECV_END,1516300237520,173
1865,PLAYER_SLEEPBEFORE_START,1516300237520,174
1865,PLAYER_SLEEPBEFORE_END,1516300237561,174
1865,WS_SEND_START,1516300237561,174
1865,WS_SEND_END,1516300237561,174
1865,WS_RECV_START,1516300237561,175
1865,WS_RECV_END,1516300240071,175
1865,PLAYER_SLEEPBEFORE_START,1516300240071,176
1865,PLAYER_SLEEPBEFORE_END,1516300261833,176
1865,WS_SEND_START,1516300261833,176
1865,WS_SEND_END,1516300261833,176
1865,PLAYER_SLEEPBEFORE_START,1516300261833,177
1865,PLAYER_SLEEPBEFORE_END,1516300264351,177
1865,WS_SEND_START,1516300264351,177
1865,WS_SEND_END,1516300264351,177
1865,WS_RECV_START,1516300264351,178
1865,WS_RECV_END,1516300264676,178
1865,PLAYER_SLEEPBEFORE_START,1516300264676,179
1865,PLAYER_SLEEPBEFORE_END,1516300287016,179
1865,WS_SEND_START,1516300287016,179
1865,WS_SEND_END,1516300287016,179
1865,WS_RECV_START,1516300287016,180
1865,WS_RECV_END,1516300287729,180
1865,PLAYER_SLEEPBEFORE_START,1516300287729,181
1865,PLAYER_SLEEPBEFORE_END,1516300288173,181
1865,WS_SEND_START,1516300288173,181
1865,WS_SEND_END,1516300288173,181
1865,WS_RECV_START,1516300288173,182
1865,WS_RECV_END,1516300288597,182
1865,PLAYER_SLEEPBEFORE_START,1516300288597,183
1865,PLAYER_SLEEPBEFORE_END,1516300289120,183
1865,WS_SEND_START,1516300289120,183
1865,WS_SEND_END,1516300289120,183
1865,WS_RECV_START,1516300289120,184
1865,WS_RECV_END,1516300289290,184
1865,PLAYER_SLEEPBEFORE_START,1516300289290,185
1865,PLAYER_SLEEPBEFORE_END,1516300289558,185
1865,WS_SEND_START,1516300289558,185
1865,WS_SEND_END,1516300289558,185
1865,WS_RECV_START,1516300289558,186
1865,WS_RECV_END,1516300289894,186
1865,PLAYER_SLEEPBEFORE_START,1516300289894,187
1865,PLAYER_SLEEPBEFORE_END,1516300312394,187
1865,WS_SEND_START,1516300312394,187
1865,WS_SEND_END,1516300312394,187
1865,WS_RECV_START,1516300312394,188
1865,WS_RECV_END,1516300312817,188
1865,PLAYER_SLEEPBEFORE_START,1516300312817,189
1865,PLAYER_SLEEPBEFORE_END,1516300319056,189
1865,WS_SEND_START,1516300319056,189
1865,WS_SEND_END,1516300319056,189
1865,WS_RECV_START,1516300319056,190
1865,WS_RECV_END,1516300319239,190
1865,PLAYER_SLEEPBEFORE_START,1516300319239,191
1865,PLAYER_SLEEPBEFORE_END,1516300321154,191
1865,WS_SEND_START,1516300321154,191
1865,WS_SEND_END,1516300321154,191
1865,WS_RECV_START,1516300321154,192
1865,WS_RECV_END,1516300321308,192
1865,PLAYER_SLEEPBEFORE_START,1516300321308,193
1865,PLAYER_SLEEPBEFORE_END,1516300321436,193
1865,WS_SEND_START,1516300321436,193
1865,WS_SEND_END,1516300321436,193
1865,WS_RECV_START,1516300321436,194
1865,WS_RECV_END,1516300321706,194
1865,PLAYER_SLEEPBEFORE_START,1516300321706,195
1865,PLAYER_SLEEPBEFORE_END,1516300323461,195
1865,WS_SEND_START,1516300323461,195
1865,WS_SEND_END,1516300323461,195
1865,WS_RECV_START,1516300323461,196
1865,WS_RECV_END,1516300323966,196
1865,PLAYER_SLEEPBEFORE_START,1516300323966,197
1865,PLAYER_SLEEPBEFORE_END,1516300325770,197
1865,WS_SEND_START,1516300325770,197
1865,WS_SEND_END,1516300325770,197
1865,WS_RECV_START,1516300325770,198
1865,WS_RECV_END,1516300325938,198
1865,PLAYER_SLEEPBEFORE_START,1516300325938,199
1865,PLAYER_SLEEPBEFORE_END,1516300337792,199
1865,WS_SEND_START,1516300337792,199
1865,WS_SEND_END,1516300337792,199
1865,PLAYER_SLEEPBEFORE_START,1516300337792,200
1865,PLAYER_SLEEPBEFORE_END,1516300341880,200
1865,WS_SEND_START,1516300341880,200
1865,WS_SEND_END,1516300341880,200
1865,WS_RECV_START,1516300341880,201
1865,WS_RECV_END,1516300342307,201
1865,PLAYER_SLEEPBEFORE_START,1516300342307,202
1865,PLAYER_SLEEPBEFORE_END,1516300342322,202
1865,WS_SEND_START,1516300342322,202
1865,WS_SEND_END,1516300342322,202
1865,WS_RECV_START,1516300342322,203
1865,WS_RECV_END,1516300342792,203
1865,PLAYER_SLEEPBEFORE_START,1516300342792,204
1865,PLAYER_SLEEPBEFORE_END,1516300362441,204
1865,WS_SEND_START,1516300362441,204
1865,WS_SEND_END,1516300362441,204
1865,PLAYER_SLEEPBEFORE_START,1516300362441,205
1865,PLAYER_SLEEPBEFORE_END,1516300366339,205
1865,WS_SEND_START,1516300366339,205
1865,WS_SEND_END,1516300366339,205
1865,WS_RECV_START,1516300366339,206
1865,WS_RECV_END,1516300366468,206
1865,PLAYER_SLEEPBEFORE_START,1516300366468,207
1865,PLAYER_SLEEPBEFORE_END,1516300383399,207
1865,REQ_START,1516300383399,207
1865,REQ_END,1516300383405,207
1865,PLAYER_SLEEPBEFORE_START,1516300383405,208
1865,PLAYER_SLEEPBEFORE_END,1516300390257,208
1865,WS_CLOSE_START,1516300390257,208
1865,WS_CLOSE_END,1516300390257,208
1865,PLAYER_DONE,1516300390257
