# --sessions 2700 --app-url=http://shinyloadtest.rstudioservices.com/cran_explorer --output-dir test2700 --overwrite-output --log-level warn --start-interval 100 15min.log
thread_id,event,timestamp,input_line_number,comment
1873,PLAYER_SESSION_CREATE,1516299246137
1873,PLAYER_START_INTERVAL_START,1516299246137
1873,PLAYER_START_INTERVAL_END,1516299433437
1873,REQ_HOME_START,1516299433437,2
1873,REQ_HOME_END,1516299434067,2
1873,REQ_START,1516299434067,3
1873,REQ_END,1516299434130,3
1873,REQ_START,1516299434130,4
1873,REQ_END,1516299434196,4
1873,REQ_START,1516299434196,5
1873,REQ_END,1516299434242,5
1873,REQ_START,1516299434242,6
1873,REQ_END,1516299434281,6
1873,REQ_START,1516299434281,7
1873,REQ_END,1516299434322,7
1873,REQ_START,1516299434322,8
1873,REQ_END,1516299434364,8
1873,REQ_START,1516299434364,9
1873,REQ_END,1516299434405,9
1873,REQ_START,1516299434405,10
1873,REQ_END,1516299434410,10
1873,REQ_START,1516299434410,11
1873,REQ_END,1516299434449,11
1873,REQ_START,1516299434449,12
1873,REQ_END,1516299434455,12
1873,REQ_START,1516299434456,13
1873,REQ_END,1516299434937,13
1873,REQ_START,1516299434937,14
1873,REQ_END,1516299434951,14
1873,REQ_START,1516299434951,15
1873,REQ_END,1516299434989,15
1873,REQ_TOK_START,1516299434989,16
1873,REQ_TOK_END,1516299434993,16
1873,REQ_SINF_START,1516299434993,17
1873,REQ_SINF_END,1516299434997,17
1873,WS_OPEN_START,1516299434997,18
1873,WS_OPEN_END,1516299435001,18
1873,REQ_START,1516299435001,19
1873,REQ_END,1516299435465,19
1873,WS_RECV_START,1516299435465,20
1873,WS_RECV_END,1516299435465,20
1873,PLAYER_SLEEPBEFORE_START,1516299435465,21
1873,PLAYER_SLEEPBEFORE_END,1516299435470,21
1873,WS_SEND_START,1516299435470,21
1873,WS_SEND_END,1516299435470,21
1873,PLAYER_SLEEPBEFORE_START,1516299435470,22
1873,PLAYER_SLEEPBEFORE_END,1516299435471,22
1873,WS_SEND_START,1516299435471,22
1873,WS_SEND_END,1516299435471,22
1873,WS_RECV_INIT_START,1516299435471,23
1873,WS_RECV_INIT_END,1516299435701,23
1873,WS_RECV_START,1516299435701,24
1873,WS_RECV_END,1516299435766,24
1873,PLAYER_SLEEPBEFORE_START,1516299435766,25
1873,PLAYER_SLEEPBEFORE_END,1516299435773,25
1873,REQ_START,1516299435773,25
1873,REQ_END,1516299435813,25
1873,PLAYER_SLEEPBEFORE_START,1516299435813,26
1873,PLAYER_SLEEPBEFORE_END,1516299435814,26
1873,REQ_START,1516299435814,26
1873,REQ_END,1516299435849,26
1873,PLAYER_SLEEPBEFORE_START,1516299435849,27
1873,PLAYER_SLEEPBEFORE_END,1516299435852,27
1873,REQ_START,1516299435852,27
1873,REQ_END,1516299435890,27
1873,PLAYER_SLEEPBEFORE_START,1516299435890,28
1873,PLAYER_SLEEPBEFORE_END,1516299436176,28
1873,REQ_START,1516299436176,28
1873,REQ_END,1516299436215,28
1873,PLAYER_SLEEPBEFORE_START,1516299436215,29
1873,PLAYER_SLEEPBEFORE_END,1516299436390,29
1873,WS_SEND_START,1516299436390,29
1873,WS_SEND_END,1516299436390,29
1873,WS_RECV_START,1516299436390,30
1873,WS_RECV_END,1516299436599,30
1873,PLAYER_SLEEPBEFORE_START,1516299436599,31
1873,PLAYER_SLEEPBEFORE_END,1516299436610,31
1873,REQ_START,1516299436610,31
1873,REQ_END,1516299436860,31
1873,PLAYER_SLEEPBEFORE_START,1516299436860,32
1873,PLAYER_SLEEPBEFORE_END,1516299465005,32
1873,WS_SEND_START,1516299465005,32
1873,WS_SEND_END,1516299465006,32
1873,WS_RECV_START,1516299465006,33
1873,WS_RECV_END,1516299465371,33
1873,PLAYER_SLEEPBEFORE_START,1516299465371,34
1873,PLAYER_SLEEPBEFORE_END,1516299491283,34
1873,WS_SEND_START,1516299491283,34
1873,WS_SEND_END,1516299491283,34
1873,WS_RECV_START,1516299491283,35
1873,WS_RECV_END,1516299491352,35
1873,PLAYER_SLEEPBEFORE_START,1516299491352,36
1873,PLAYER_SLEEPBEFORE_END,1516299491361,36
1873,WS_SEND_START,1516299491361,36
1873,WS_SEND_END,1516299491361,36
1873,WS_RECV_START,1516299491361,37
1873,WS_RECV_END,1516299491414,37
1873,PLAYER_SLEEPBEFORE_START,1516299491414,38
1873,PLAYER_SLEEPBEFORE_END,1516299494641,38
1873,WS_SEND_START,1516299494641,38
1873,WS_SEND_END,1516299494641,38
1873,WS_RECV_START,1516299494641,39
1873,WS_RECV_END,1516299494795,39
1873,PLAYER_SLEEPBEFORE_START,1516299494795,40
1873,PLAYER_SLEEPBEFORE_END,1516299494841,40
1873,WS_SEND_START,1516299494841,40
1873,WS_SEND_END,1516299494841,40
1873,WS_RECV_START,1516299494841,41
1873,WS_RECV_END,1516299494975,41
1873,PLAYER_SLEEPBEFORE_START,1516299494975,42
1873,PLAYER_SLEEPBEFORE_END,1516299513110,42
1873,WS_SEND_START,1516299513110,42
1873,WS_SEND_END,1516299513110,42
1873,WS_RECV_START,1516299513110,43
1873,WS_RECV_END,1516299513380,43
1873,PLAYER_SLEEPBEFORE_START,1516299513380,44
1873,PLAYER_SLEEPBEFORE_END,1516299513393,44
1873,WS_SEND_START,1516299513393,44
1873,WS_SEND_END,1516299513393,44
1873,WS_RECV_START,1516299513393,45
1873,WS_RECV_END,1516299513437,45
1873,PLAYER_SLEEPBEFORE_START,1516299513437,46
1873,PLAYER_SLEEPBEFORE_END,1516299514697,46
1873,WS_SEND_START,1516299514697,46
1873,WS_SEND_END,1516299514697,46
1873,WS_RECV_START,1516299514697,47
1873,WS_RECV_END,1516299515326,47
1873,PLAYER_SLEEPBEFORE_START,1516299515326,48
1873,PLAYER_SLEEPBEFORE_END,1516299516646,48
1873,WS_SEND_START,1516299516646,48
1873,WS_SEND_END,1516299516646,48
1873,WS_RECV_START,1516299516646,49
1873,WS_RECV_END,1516299517155,49
1873,PLAYER_SLEEPBEFORE_START,1516299517155,50
1873,PLAYER_SLEEPBEFORE_END,1516299517179,50
1873,WS_SEND_START,1516299517179,50
1873,WS_SEND_END,1516299517179,50
1873,WS_RECV_START,1516299517179,51
1873,WS_RECV_END,1516299517452,51
1873,PLAYER_SLEEPBEFORE_START,1516299517452,52
1873,PLAYER_SLEEPBEFORE_END,1516299540016,52
1873,WS_SEND_START,1516299540016,52
1873,WS_SEND_END,1516299540016,52
1873,WS_RECV_START,1516299540016,53
1873,WS_RECV_END,1516299541029,53
1873,PLAYER_SLEEPBEFORE_START,1516299541029,54
1873,PLAYER_SLEEPBEFORE_END,1516299562332,54
1873,WS_SEND_START,1516299562332,54
1873,WS_SEND_END,1516299562332,54
1873,PLAYER_SLEEPBEFORE_START,1516299562332,55
1873,PLAYER_SLEEPBEFORE_END,1516299564274,55
1873,WS_SEND_START,1516299564274,55
1873,WS_SEND_END,1516299564274,55
1873,WS_RECV_START,1516299564274,56
1873,WS_RECV_END,1516299565183,56
1873,PLAYER_SLEEPBEFORE_START,1516299565183,57
1873,PLAYER_SLEEPBEFORE_END,1516299588055,57
1873,WS_SEND_START,1516299588055,57
1873,WS_SEND_END,1516299588055,57
1873,WS_RECV_START,1516299588055,58
1873,WS_RECV_END,1516299588142,58
1873,PLAYER_SLEEPBEFORE_START,1516299588142,59
1873,PLAYER_SLEEPBEFORE_END,1516299590470,59
1873,WS_SEND_START,1516299590470,59
1873,WS_SEND_END,1516299590470,59
1873,WS_RECV_START,1516299590470,60
1873,WS_RECV_END,1516299591443,60
1873,PLAYER_SLEEPBEFORE_START,1516299591443,61
1873,PLAYER_SLEEPBEFORE_END,1516299595034,61
1873,WS_SEND_START,1516299595034,61
1873,WS_SEND_END,1516299595034,61
1873,WS_RECV_START,1516299595034,62
1873,WS_RECV_END,1516299596393,62
1873,PLAYER_SLEEPBEFORE_START,1516299596393,63
1873,PLAYER_SLEEPBEFORE_END,1516299615656,63
1873,WS_SEND_START,1516299615656,63
1873,WS_SEND_END,1516299615656,63
1873,WS_RECV_START,1516299615656,64
1873,WS_RECV_END,1516299616810,64
1873,PLAYER_SLEEPBEFORE_START,1516299616810,65
1873,PLAYER_SLEEPBEFORE_END,1516299643627,65
1873,WS_SEND_START,1516299643627,65
1873,WS_SEND_END,1516299643627,65
1873,WS_RECV_START,1516299643627,66
1873,WS_RECV_END,1516299643985,66
1873,PLAYER_SLEEPBEFORE_START,1516299643985,67
1873,PLAYER_SLEEPBEFORE_END,1516299645493,67
1873,WS_SEND_START,1516299645493,67
1873,WS_SEND_END,1516299645493,67
1873,WS_RECV_START,1516299645493,68
1873,WS_RECV_END,1516299646202,68
1873,PLAYER_SLEEPBEFORE_START,1516299646202,69
1873,PLAYER_SLEEPBEFORE_END,1516299668200,69
1873,WS_SEND_START,1516299668200,69
1873,WS_SEND_END,1516299668200,69
1873,WS_RECV_START,1516299668200,70
1873,WS_RECV_END,1516299668480,70
1873,PLAYER_SLEEPBEFORE_START,1516299668480,71
1873,PLAYER_SLEEPBEFORE_END,1516299693255,71
1873,WS_SEND_START,1516299693255,71
1873,WS_SEND_END,1516299693255,71
1873,PLAYER_SLEEPBEFORE_START,1516299693255,72
1873,PLAYER_SLEEPBEFORE_END,1516299695862,72
1873,WS_SEND_START,1516299695862,72
1873,WS_SEND_END,1516299695862,72
1873,WS_RECV_START,1516299695862,73
1873,WS_RECV_END,1516299696073,73
1873,PLAYER_SLEEPBEFORE_START,1516299696073,74
1873,PLAYER_SLEEPBEFORE_END,1516299696082,74
1873,WS_SEND_START,1516299696082,74
1873,WS_SEND_END,1516299696082,74
1873,WS_RECV_START,1516299696082,75
1873,WS_RECV_END,1516299696129,75
1873,PLAYER_SLEEPBEFORE_START,1516299696129,76
1873,PLAYER_SLEEPBEFORE_END,1516299697635,76
1873,WS_SEND_START,1516299697635,76
1873,WS_SEND_END,1516299697635,76
1873,WS_RECV_START,1516299697635,77
1873,WS_RECV_END,1516299697661,77
1873,PLAYER_SLEEPBEFORE_START,1516299697661,78
1873,PLAYER_SLEEPBEFORE_END,1516299698529,78
1873,WS_SEND_START,1516299698529,78
1873,WS_SEND_END,1516299698529,78
1873,WS_RECV_START,1516299698529,79
1873,WS_RECV_END,1516299698743,79
1873,PLAYER_SLEEPBEFORE_START,1516299698743,80
1873,PLAYER_SLEEPBEFORE_END,1516299706409,80
1873,WS_SEND_START,1516299706409,80
1873,WS_SEND_END,1516299706409,80
1873,WS_RECV_START,1516299706409,81
1873,WS_RECV_END,1516299706646,81
1873,PLAYER_SLEEPBEFORE_START,1516299706646,82
1873,PLAYER_SLEEPBEFORE_END,1516299707748,82
1873,WS_SEND_START,1516299707748,82
1873,WS_SEND_END,1516299707748,82
1873,WS_RECV_START,1516299707748,83
1873,WS_RECV_END,1516299708520,83
1873,PLAYER_SLEEPBEFORE_START,1516299708520,84
1873,PLAYER_SLEEPBEFORE_END,1516299709467,84
1873,WS_SEND_START,1516299709467,84
1873,WS_SEND_END,1516299709467,84
1873,WS_RECV_START,1516299709467,85
1873,WS_RECV_END,1516299709880,85
1873,PLAYER_SLEEPBEFORE_START,1516299709880,86
1873,PLAYER_SLEEPBEFORE_END,1516299714052,86
1873,WS_SEND_START,1516299714052,86
1873,WS_SEND_END,1516299714052,86
1873,WS_RECV_START,1516299714052,87
1873,WS_RECV_END,1516299715606,87
1873,PLAYER_SLEEPBEFORE_START,1516299715606,88
1873,PLAYER_SLEEPBEFORE_END,1516299715614,88
1873,WS_SEND_START,1516299715614,88
1873,WS_SEND_END,1516299715614,88
1873,WS_RECV_START,1516299715614,89
1873,WS_RECV_END,1516299716383,89
1873,PLAYER_SLEEPBEFORE_START,1516299716383,90
1873,PLAYER_SLEEPBEFORE_END,1516299743580,90
1873,REQ_START,1516299743580,90
1873,REQ_END,1516299743586,90
1873,PLAYER_SLEEPBEFORE_START,1516299743586,91
1873,PLAYER_SLEEPBEFORE_END,1516299751475,91
1873,WS_SEND_START,1516299751475,91
1873,WS_SEND_END,1516299751475,91
1873,WS_RECV_START,1516299751475,92
1873,WS_RECV_END,1516299754435,92
1873,PLAYER_SLEEPBEFORE_START,1516299754435,93
1873,PLAYER_SLEEPBEFORE_END,1516299754450,93
1873,WS_SEND_START,1516299754450,93
1873,WS_SEND_END,1516299754450,93
1873,WS_RECV_START,1516299754450,94
1873,WS_RECV_END,1516299755239,94
1873,PLAYER_SLEEPBEFORE_START,1516299755239,95
1873,PLAYER_SLEEPBEFORE_END,1516299778794,95
1873,WS_SEND_START,1516299778794,95
1873,WS_SEND_END,1516299778794,95
1873,WS_RECV_START,1516299778794,96
1873,WS_RECV_END,1516299780255,96
1873,PLAYER_SLEEPBEFORE_START,1516299780255,97
1873,PLAYER_SLEEPBEFORE_END,1516299802695,97
1873,WS_SEND_START,1516299802695,97
1873,WS_SEND_END,1516299802695,97
1873,WS_RECV_START,1516299802695,98
1873,WS_RECV_END,1516299804837,98
1873,PLAYER_SLEEPBEFORE_START,1516299804837,99
1873,PLAYER_SLEEPBEFORE_END,1516299804858,99
1873,WS_SEND_START,1516299804858,99
1873,WS_SEND_END,1516299804858,99
1873,WS_RECV_START,1516299804858,100
1873,WS_RECV_END,1516299807795,100
1873,PLAYER_SLEEPBEFORE_START,1516299807795,101
1873,PLAYER_SLEEPBEFORE_END,1516299831365,101
1873,WS_SEND_START,1516299831365,101
1873,WS_SEND_END,1516299831365,101
1873,WS_RECV_START,1516299831365,102
1873,WS_RECV_END,1516299835152,102
1873,PLAYER_SLEEPBEFORE_START,1516299835152,103
1873,PLAYER_SLEEPBEFORE_END,1516299858777,103
1873,WS_SEND_START,1516299858777,103
1873,WS_SEND_END,1516299858777,103
1873,WS_RECV_START,1516299858777,104
1873,WS_RECV_END,1516299862582,104
1873,PLAYER_SLEEPBEFORE_START,1516299862582,105
1873,PLAYER_SLEEPBEFORE_END,1516299887959,105
1873,WS_SEND_START,1516299887959,105
1873,WS_SEND_END,1516299887959,105
1873,WS_RECV_START,1516299887959,106
1873,WS_RECV_END,1516299891474,106
1873,PLAYER_SLEEPBEFORE_START,1516299891474,107
1873,PLAYER_SLEEPBEFORE_END,1516299914897,107
1873,WS_SEND_START,1516299914897,107
1873,WS_SEND_END,1516299914897,107
1873,WS_RECV_START,1516299914897,108
1873,WS_RECV_END,1516299915800,108
1873,PLAYER_SLEEPBEFORE_START,1516299915800,109
1873,PLAYER_SLEEPBEFORE_END,1516299915809,109
1873,WS_SEND_START,1516299915809,109
1873,WS_SEND_END,1516299915809,109
1873,WS_RECV_START,1516299915809,110
1873,WS_RECV_END,1516299916213,110
1873,PLAYER_SLEEPBEFORE_START,1516299916213,111
1873,PLAYER_SLEEPBEFORE_END,1516299917172,111
1873,WS_SEND_START,1516299917172,111
1873,WS_SEND_END,1516299917172,111
1873,WS_RECV_START,1516299917172,112
1873,WS_RECV_END,1516299918869,112
1873,PLAYER_SLEEPBEFORE_START,1516299918869,113
1873,PLAYER_SLEEPBEFORE_END,1516299919431,113
1873,WS_SEND_START,1516299919431,113
1873,WS_SEND_END,1516299919431,113
1873,WS_RECV_START,1516299919431,114
1873,WS_RECV_END,1516299920072,114
1873,PLAYER_SLEEPBEFORE_START,1516299920073,115
1873,PLAYER_SLEEPBEFORE_END,1516299920082,115
1873,WS_SEND_START,1516299920082,115
1873,WS_SEND_END,1516299920082,115
1873,WS_RECV_START,1516299920082,116
1873,WS_RECV_END,1516299920720,116
1873,PLAYER_SLEEPBEFORE_START,1516299920720,117
1873,PLAYER_SLEEPBEFORE_END,1516299941080,117
1873,WS_SEND_START,1516299941080,117
1873,WS_SEND_END,1516299941080,117
1873,PLAYER_SLEEPBEFORE_START,1516299941080,118
1873,PLAYER_SLEEPBEFORE_END,1516299944832,118
1873,WS_SEND_START,1516299944832,118
1873,WS_SEND_END,1516299944832,118
1873,WS_RECV_START,1516299944832,119
1873,WS_RECV_END,1516299945743,119
1873,PLAYER_SLEEPBEFORE_START,1516299945743,120
1873,PLAYER_SLEEPBEFORE_END,1516299946731,120
1873,WS_SEND_START,1516299946731,120
1873,WS_SEND_END,1516299946731,120
1873,WS_RECV_START,1516299946731,121
1873,WS_RECV_END,1516299947058,121
1873,PLAYER_SLEEPBEFORE_START,1516299947058,122
1873,PLAYER_SLEEPBEFORE_END,1516299948244,122
1873,WS_SEND_START,1516299948244,122
1873,WS_SEND_END,1516299948244,122
1873,WS_RECV_START,1516299948244,123
1873,WS_RECV_END,1516299948995,123
1873,PLAYER_SLEEPBEFORE_START,1516299948995,124
1873,PLAYER_SLEEPBEFORE_END,1516299973400,124
1873,WS_SEND_START,1516299973400,124
1873,WS_SEND_END,1516299973400,124
1873,WS_RECV_START,1516299973400,125
1873,WS_RECV_END,1516299975923,125
1873,PLAYER_SLEEPBEFORE_START,1516299975923,126
1873,PLAYER_SLEEPBEFORE_END,1516299996435,126
1873,WS_SEND_START,1516299996435,126
1873,WS_SEND_END,1516299996435,126
1873,PLAYER_SLEEPBEFORE_START,1516299996435,127
1873,PLAYER_SLEEPBEFORE_END,1516299999490,127
1873,WS_SEND_START,1516299999490,127
1873,WS_SEND_END,1516299999490,127
1873,WS_RECV_START,1516299999490,128
1873,WS_RECV_END,1516300000473,128
1873,PLAYER_SLEEPBEFORE_START,1516300000473,129
1873,PLAYER_SLEEPBEFORE_END,1516300000493,129
1873,WS_SEND_START,1516300000493,129
1873,WS_SEND_END,1516300000493,129
1873,WS_RECV_START,1516300000493,130
1873,WS_RECV_END,1516300002392,130
1873,PLAYER_SLEEPBEFORE_START,1516300002392,131
1873,PLAYER_SLEEPBEFORE_END,1516300024016,131
1873,WS_SEND_START,1516300024016,131
1873,WS_SEND_END,1516300024016,131
1873,PLAYER_SLEEPBEFORE_START,1516300024016,132
1873,PLAYER_SLEEPBEFORE_END,1516300027108,132
1873,WS_SEND_START,1516300027108,132
1873,WS_SEND_END,1516300027108,132
1873,WS_RECV_START,1516300027108,133
1873,WS_RECV_END,1516300029457,133
1873,PLAYER_SLEEPBEFORE_START,1516300029457,134
1873,PLAYER_SLEEPBEFORE_END,1516300050674,134
1873,WS_SEND_START,1516300050674,134
1873,WS_SEND_END,1516300050674,134
1873,PLAYER_SLEEPBEFORE_START,1516300050674,135
1873,PLAYER_SLEEPBEFORE_END,1516300053864,135
1873,WS_SEND_START,1516300053864,135
1873,WS_SEND_END,1516300053864,135
1873,WS_RECV_START,1516300053864,136
1873,WS_RECV_END,1516300054143,136
1873,PLAYER_SLEEPBEFORE_START,1516300054143,137
1873,PLAYER_SLEEPBEFORE_END,1516300054150,137
1873,WS_SEND_START,1516300054150,137
1873,WS_SEND_END,1516300054150,137
1873,WS_RECV_START,1516300054150,138
1873,WS_RECV_END,1516300055745,138
1873,PLAYER_SLEEPBEFORE_START,1516300055745,139
1873,PLAYER_SLEEPBEFORE_END,1516300056438,139
1873,WS_SEND_START,1516300056438,139
1873,WS_SEND_END,1516300056438,139
1873,WS_RECV_START,1516300056438,140
1873,WS_RECV_END,1516300057469,140
1873,PLAYER_SLEEPBEFORE_START,1516300057469,141
1873,PLAYER_SLEEPBEFORE_END,1516300058124,141
1873,WS_SEND_START,1516300058125,141
1873,WS_SEND_END,1516300058125,141
1873,WS_RECV_START,1516300058125,142
1873,WS_RECV_END,1516300059528,142
1873,PLAYER_SLEEPBEFORE_START,1516300059528,143
1873,PLAYER_SLEEPBEFORE_END,1516300059585,143
1873,WS_SEND_START,1516300059585,143
1873,WS_SEND_END,1516300059585,143
1873,WS_RECV_START,1516300059585,144
1873,WS_RECV_END,1516300061732,144
1873,PLAYER_SLEEPBEFORE_START,1516300061733,145
1873,PLAYER_SLEEPBEFORE_END,1516300077795,145
1873,REQ_START,1516300077795,145
1873,REQ_END,1516300077801,145
1873,PLAYER_SLEEPBEFORE_START,1516300077801,146
1873,PLAYER_SLEEPBEFORE_END,1516300086678,146
1873,WS_SEND_START,1516300086678,146
1873,WS_SEND_END,1516300086678,146
1873,WS_RECV_START,1516300086678,147
1873,WS_RECV_END,1516300087823,147
1873,PLAYER_SLEEPBEFORE_START,1516300087823,148
1873,PLAYER_SLEEPBEFORE_END,1516300109745,148
1873,WS_SEND_START,1516300109745,148
1873,WS_SEND_END,1516300109745,148
1873,PLAYER_SLEEPBEFORE_START,1516300109745,149
1873,PLAYER_SLEEPBEFORE_END,1516300112173,149
1873,WS_SEND_START,1516300112173,149
1873,WS_SEND_END,1516300112173,149
1873,WS_RECV_START,1516300112173,150
1873,WS_RECV_END,1516300113580,150
1873,PLAYER_SLEEPBEFORE_START,1516300113580,151
1873,PLAYER_SLEEPBEFORE_END,1516300113790,151
1873,WS_SEND_START,1516300113790,151
1873,WS_SEND_END,1516300113790,151
1873,WS_RECV_START,1516300113790,152
1873,WS_RECV_END,1516300115562,152
1873,PLAYER_SLEEPBEFORE_START,1516300115562,153
1873,PLAYER_SLEEPBEFORE_END,1516300139489,153
1873,WS_SEND_START,1516300139489,153
1873,WS_SEND_END,1516300139489,153
1873,WS_RECV_START,1516300139489,154
1873,WS_RECV_END,1516300143129,154
1873,PLAYER_SLEEPBEFORE_START,1516300143129,155
1873,PLAYER_SLEEPBEFORE_END,1516300165687,155
1873,WS_SEND_START,1516300165687,155
1873,WS_SEND_END,1516300165687,155
1873,PLAYER_SLEEPBEFORE_START,1516300165687,156
1873,PLAYER_SLEEPBEFORE_END,1516300168961,156
1873,WS_SEND_START,1516300168961,156
1873,WS_SEND_END,1516300168961,156
1873,WS_RECV_START,1516300168961,157
1873,WS_RECV_END,1516300172278,157
1873,PLAYER_SLEEPBEFORE_START,1516300172278,158
1873,PLAYER_SLEEPBEFORE_END,1516300172288,158
1873,WS_SEND_START,1516300172288,158
1873,WS_SEND_END,1516300172288,158
1873,WS_RECV_START,1516300172288,159
1873,WS_RECV_END,1516300176425,159
1873,PLAYER_SLEEPBEFORE_START,1516300176425,160
1873,PLAYER_SLEEPBEFORE_END,1516300176600,160
1873,WS_SEND_START,1516300176600,160
1873,WS_SEND_END,1516300176600,160
1873,WS_RECV_START,1516300176600,161
1873,WS_RECV_END,1516300181450,161
1873,PLAYER_SLEEPBEFORE_START,1516300181450,162
1873,PLAYER_SLEEPBEFORE_END,1516300181475,162
1873,WS_SEND_START,1516300181475,162
1873,WS_SEND_END,1516300181475,162
1873,WS_RECV_START,1516300181475,163
1873,WS_RECV_END,1516300185756,163
1873,PLAYER_SLEEPBEFORE_START,1516300185756,164
1873,PLAYER_SLEEPBEFORE_END,1516300206568,164
1873,WS_SEND_START,1516300206568,164
1873,WS_SEND_END,1516300206568,164
1873,WS_RECV_START,1516300206568,165
1873,WS_RECV_END,1516300215192,165
1873,PLAYER_SLEEPBEFORE_START,1516300215192,166
1873,PLAYER_SLEEPBEFORE_END,1516300237647,166
1873,WS_SEND_START,1516300237647,166
1873,WS_SEND_END,1516300237647,166
1873,WS_RECV_START,1516300237647,167
1873,WS_RECV_END,1516300242000,167
1873,PLAYER_SLEEPBEFORE_START,1516300242000,168
1873,PLAYER_SLEEPBEFORE_END,1516300269357,168
1873,WS_SEND_START,1516300269357,168
1873,WS_SEND_END,1516300269357,168
1873,WS_RECV_START,1516300269357,169
1873,WS_RECV_END,1516300274291,169
1873,PLAYER_SLEEPBEFORE_START,1516300274291,170
1873,PLAYER_SLEEPBEFORE_END,1516300274300,170
1873,WS_SEND_START,1516300274300,170
1873,WS_SEND_END,1516300274300,170
1873,WS_RECV_START,1516300274300,171
1873,WS_RECV_END,1516300276085,171
1873,PLAYER_SLEEPBEFORE_START,1516300276085,172
1873,PLAYER_SLEEPBEFORE_END,1516300276455,172
1873,WS_SEND_START,1516300276455,172
1873,WS_SEND_END,1516300276455,172
1873,WS_RECV_START,1516300276455,173
1873,WS_RECV_END,1516300278889,173
1873,PLAYER_SLEEPBEFORE_START,1516300278889,174
1873,PLAYER_SLEEPBEFORE_END,1516300278930,174
1873,WS_SEND_START,1516300278930,174
1873,WS_SEND_END,1516300278930,174
1873,WS_RECV_START,1516300278930,175
1873,WS_RECV_END,1516300281507,175
1873,PLAYER_SLEEPBEFORE_START,1516300281507,176
1873,PLAYER_SLEEPBEFORE_END,1516300303282,176
1873,WS_SEND_START,1516300303282,176
1873,WS_SEND_END,1516300303282,176
1873,PLAYER_SLEEPBEFORE_START,1516300303282,177
1873,PLAYER_SLEEPBEFORE_END,1516300305808,177
1873,WS_SEND_START,1516300305808,177
1873,WS_SEND_END,1516300305808,177
1873,WS_RECV_START,1516300305808,178
1873,WS_RECV_END,1516300310160,178
1873,PLAYER_SLEEPBEFORE_START,1516300310160,179
1873,PLAYER_SLEEPBEFORE_END,1516300332500,179
1873,WS_SEND_START,1516300332500,179
1873,WS_SEND_END,1516300332500,179
1873,WS_RECV_START,1516300332500,180
1873,WS_RECV_END,1516300333103,180
1873,PLAYER_SLEEPBEFORE_START,1516300333103,181
1873,PLAYER_SLEEPBEFORE_END,1516300333547,181
1873,WS_SEND_START,1516300333547,181
1873,WS_SEND_END,1516300333547,181
1873,WS_RECV_START,1516300333547,182
1873,WS_RECV_END,1516300333860,182
1873,PLAYER_SLEEPBEFORE_START,1516300333860,183
1873,PLAYER_SLEEPBEFORE_END,1516300334383,183
1873,WS_SEND_START,1516300334383,183
1873,WS_SEND_END,1516300334383,183
1873,WS_RECV_START,1516300334383,184
1873,WS_RECV_END,1516300335191,184
1873,PLAYER_SLEEPBEFORE_START,1516300335191,185
1873,PLAYER_SLEEPBEFORE_END,1516300335459,185
1873,WS_SEND_START,1516300335459,185
1873,WS_SEND_END,1516300335459,185
1873,WS_RECV_START,1516300335459,186
1873,WS_RECV_END,1516300336172,186
1873,PLAYER_SLEEPBEFORE_START,1516300336172,187
1873,PLAYER_SLEEPBEFORE_END,1516300358672,187
1873,WS_SEND_START,1516300358672,187
1873,WS_SEND_END,1516300358672,187
1873,WS_RECV_START,1516300358672,188
1873,WS_RECV_END,1516300358838,188
1873,PLAYER_SLEEPBEFORE_START,1516300358838,189
1873,PLAYER_SLEEPBEFORE_END,1516300365077,189
1873,WS_SEND_START,1516300365077,189
1873,WS_SEND_END,1516300365077,189
1873,WS_RECV_START,1516300365077,190
1873,WS_RECV_END,1516300365239,190
1873,PLAYER_SLEEPBEFORE_START,1516300365239,191
1873,PLAYER_SLEEPBEFORE_END,1516300367154,191
1873,WS_SEND_START,1516300367154,191
1873,WS_SEND_END,1516300367154,191
1873,WS_RECV_START,1516300367154,192
1873,WS_RECV_END,1516300367278,192
1873,PLAYER_SLEEPBEFORE_START,1516300367278,193
1873,PLAYER_SLEEPBEFORE_END,1516300367407,193
1873,WS_SEND_START,1516300367407,193
1873,WS_SEND_END,1516300367407,193
1873,WS_RECV_START,1516300367407,194
1873,WS_RECV_END,1516300367550,194
1873,PLAYER_SLEEPBEFORE_START,1516300367550,195
1873,PLAYER_SLEEPBEFORE_END,1516300369305,195
1873,WS_SEND_START,1516300369305,195
1873,WS_SEND_END,1516300369305,195
1873,WS_RECV_START,1516300369305,196
1873,WS_RECV_END,1516300369472,196
1873,PLAYER_SLEEPBEFORE_START,1516300369472,197
1873,PLAYER_SLEEPBEFORE_END,1516300371276,197
1873,WS_SEND_START,1516300371276,197
1873,WS_SEND_END,1516300371276,197
1873,WS_RECV_START,1516300371276,198
1873,WS_RECV_END,1516300371564,198
1873,PLAYER_SLEEPBEFORE_START,1516300371565,199
1873,PLAYER_SLEEPBEFORE_END,1516300383419,199
1873,WS_SEND_START,1516300383419,199
1873,WS_SEND_END,1516300383419,199
1873,PLAYER_SLEEPBEFORE_START,1516300383419,200
1873,PLAYER_SLEEPBEFORE_END,1516300387507,200
1873,WS_SEND_START,1516300387507,200
1873,WS_SEND_END,1516300387507,200
1873,WS_RECV_START,1516300387507,201
1873,WS_RECV_END,1516300387600,201
1873,PLAYER_SLEEPBEFORE_START,1516300387600,202
1873,PLAYER_SLEEPBEFORE_END,1516300387614,202
1873,WS_SEND_START,1516300387614,202
1873,WS_SEND_END,1516300387614,202
1873,WS_RECV_START,1516300387614,203
1873,WS_RECV_END,1516300387790,203
1873,PLAYER_SLEEPBEFORE_START,1516300387790,204
1873,PLAYER_SLEEPBEFORE_END,1516300407439,204
1873,WS_SEND_START,1516300407439,204
1873,WS_SEND_END,1516300407439,204
1873,PLAYER_SLEEPBEFORE_START,1516300407439,205
1873,PLAYER_SLEEPBEFORE_END,1516300411337,205
1873,WS_SEND_START,1516300411337,205
1873,WS_SEND_END,1516300411337,205
1873,WS_RECV_START,1516300411337,206
1873,WS_RECV_END,1516300411503,206
1873,PLAYER_SLEEPBEFORE_START,1516300411503,207
1873,PLAYER_SLEEPBEFORE_END,1516300428434,207
1873,REQ_START,1516300428434,207
1873,REQ_END,1516300428440,207
1873,PLAYER_SLEEPBEFORE_START,1516300428440,208
1873,PLAYER_SLEEPBEFORE_END,1516300435292,208
1873,WS_CLOSE_START,1516300435292,208
1873,WS_CLOSE_END,1516300435292,208
1873,PLAYER_DONE,1516300435292
