# --sessions 2700 --app-url=http://shinyloadtest.rstudioservices.com/cran_explorer --output-dir test2700 --overwrite-output --log-level warn --start-interval 100 15min.log
thread_id,event,timestamp,input_line_number,comment
1960,PLAYER_SESSION_CREATE,1516299246159
1960,PLAYER_START_INTERVAL_START,1516299246159
1960,PLAYER_START_INTERVAL_END,1516299442159
1960,REQ_HOME_START,1516299442159,2
1960,REQ_HOME_END,1516299442257,2
1960,REQ_START,1516299442257,3
1960,REQ_END,1516299442424,3
1960,REQ_START,1516299442424,4
1960,REQ_END,1516299442462,4
1960,REQ_START,1516299442462,5
1960,REQ_END,1516299443181,5
1960,REQ_START,1516299443181,6
1960,REQ_END,1516299443387,6
1960,REQ_START,1516299443387,7
1960,REQ_END,1516299443467,7
1960,REQ_START,1516299443467,8
1960,REQ_END,1516299443507,8
1960,REQ_START,1516299443507,9
1960,REQ_END,1516299443555,9
1960,REQ_START,1516299443555,10
1960,REQ_END,1516299443559,10
1960,REQ_START,1516299443559,11
1960,REQ_END,1516299443598,11
1960,REQ_START,1516299443598,12
1960,REQ_END,1516299443605,12
1960,REQ_START,1516299443605,13
1960,REQ_END,1516299443642,13
1960,REQ_START,1516299443642,14
1960,REQ_END,1516299443655,14
1960,REQ_START,1516299443655,15
1960,REQ_END,1516299443694,15
1960,REQ_TOK_START,1516299443694,16
1960,REQ_TOK_END,1516299443698,16
1960,REQ_SINF_START,1516299443698,17
1960,REQ_SINF_END,1516299443702,17
1960,WS_OPEN_START,1516299443702,18
1960,WS_OPEN_END,1516299443705,18
1960,REQ_START,1516299443706,19
1960,REQ_END,1516299443931,19
1960,WS_RECV_START,1516299443931,20
1960,WS_RECV_END,1516299443931,20
1960,PLAYER_SLEEPBEFORE_START,1516299443931,21
1960,PLAYER_SLEEPBEFORE_END,1516299443937,21
1960,WS_SEND_START,1516299443937,21
1960,WS_SEND_END,1516299443937,21
1960,PLAYER_SLEEPBEFORE_START,1516299443937,22
1960,PLAYER_SLEEPBEFORE_END,1516299443938,22
1960,WS_SEND_START,1516299443938,22
1960,WS_SEND_END,1516299443938,22
1960,WS_RECV_INIT_START,1516299443938,23
1960,WS_RECV_INIT_END,1516299443957,23
1960,WS_RECV_START,1516299443957,24
1960,WS_RECV_END,1516299444031,24
1960,PLAYER_SLEEPBEFORE_START,1516299444031,25
1960,PLAYER_SLEEPBEFORE_END,1516299444039,25
1960,REQ_START,1516299444039,25
1960,REQ_END,1516299444516,25
1960,PLAYER_SLEEPBEFORE_START,1516299444516,26
1960,PLAYER_SLEEPBEFORE_END,1516299444517,26
1960,REQ_START,1516299444517,26
1960,REQ_END,1516299444624,26
1960,PLAYER_SLEEPBEFORE_START,1516299444624,27
1960,PLAYER_SLEEPBEFORE_END,1516299444627,27
1960,REQ_START,1516299444627,27
1960,REQ_END,1516299444701,27
1960,PLAYER_SLEEPBEFORE_START,1516299444701,28
1960,PLAYER_SLEEPBEFORE_END,1516299444987,28
1960,REQ_START,1516299444987,28
1960,REQ_END,1516299445204,28
1960,PLAYER_SLEEPBEFORE_START,1516299445204,29
1960,PLAYER_SLEEPBEFORE_END,1516299445379,29
1960,WS_SEND_START,1516299445379,29
1960,WS_SEND_END,1516299445379,29
1960,WS_RECV_START,1516299445379,30
1960,WS_RECV_END,1516299445516,30
1960,PLAYER_SLEEPBEFORE_START,1516299445516,31
1960,PLAYER_SLEEPBEFORE_END,1516299445527,31
1960,REQ_START,1516299445527,31
1960,REQ_END,1516299445593,31
1960,PLAYER_SLEEPBEFORE_START,1516299445593,32
1960,PLAYER_SLEEPBEFORE_END,1516299473738,32
1960,WS_SEND_START,1516299473738,32
1960,WS_SEND_END,1516299473738,32
1960,WS_RECV_START,1516299473738,33
1960,WS_RECV_END,1516299473901,33
1960,PLAYER_SLEEPBEFORE_START,1516299473901,34
1960,PLAYER_SLEEPBEFORE_END,1516299499812,34
1960,WS_SEND_START,1516299499812,34
1960,WS_SEND_END,1516299499812,34
1960,WS_RECV_START,1516299499812,35
1960,WS_RECV_END,1516299500708,35
1960,PLAYER_SLEEPBEFORE_START,1516299500708,36
1960,PLAYER_SLEEPBEFORE_END,1516299500717,36
1960,WS_SEND_START,1516299500717,36
1960,WS_SEND_END,1516299500718,36
1960,WS_RECV_START,1516299500718,37
1960,WS_RECV_END,1516299501341,37
1960,PLAYER_SLEEPBEFORE_START,1516299501341,38
1960,PLAYER_SLEEPBEFORE_END,1516299504536,38
1960,WS_SEND_START,1516299504536,38
1960,WS_SEND_END,1516299504536,38
1960,WS_RECV_START,1516299504536,39
1960,WS_RECV_END,1516299505140,39
1960,PLAYER_SLEEPBEFORE_START,1516299505140,40
1960,PLAYER_SLEEPBEFORE_END,1516299505186,40
1960,WS_SEND_START,1516299505186,40
1960,WS_SEND_END,1516299505186,40
1960,WS_RECV_START,1516299505186,41
1960,WS_RECV_END,1516299505483,41
1960,PLAYER_SLEEPBEFORE_START,1516299505483,42
1960,PLAYER_SLEEPBEFORE_END,1516299523618,42
1960,WS_SEND_START,1516299523618,42
1960,WS_SEND_END,1516299523618,42
1960,WS_RECV_START,1516299523618,43
1960,WS_RECV_END,1516299524613,43
1960,PLAYER_SLEEPBEFORE_START,1516299524613,44
1960,PLAYER_SLEEPBEFORE_END,1516299524625,44
1960,WS_SEND_START,1516299524625,44
1960,WS_SEND_END,1516299524625,44
1960,WS_RECV_START,1516299524625,45
1960,WS_RECV_END,1516299525176,45
1960,PLAYER_SLEEPBEFORE_START,1516299525176,46
1960,PLAYER_SLEEPBEFORE_END,1516299526437,46
1960,WS_SEND_START,1516299526437,46
1960,WS_SEND_END,1516299526437,46
1960,WS_RECV_START,1516299526437,47
1960,WS_RECV_END,1516299527844,47
1960,PLAYER_SLEEPBEFORE_START,1516299527844,48
1960,PLAYER_SLEEPBEFORE_END,1516299529164,48
1960,WS_SEND_START,1516299529165,48
1960,WS_SEND_END,1516299529165,48
1960,WS_RECV_START,1516299529165,49
1960,WS_RECV_END,1516299530039,49
1960,PLAYER_SLEEPBEFORE_START,1516299530039,50
1960,PLAYER_SLEEPBEFORE_END,1516299530064,50
1960,WS_SEND_START,1516299530064,50
1960,WS_SEND_END,1516299530064,50
1960,WS_RECV_START,1516299530064,51
1960,WS_RECV_END,1516299530364,51
1960,PLAYER_SLEEPBEFORE_START,1516299530364,52
1960,PLAYER_SLEEPBEFORE_END,1516299552928,52
1960,WS_SEND_START,1516299552928,52
1960,WS_SEND_END,1516299552928,52
1960,WS_RECV_START,1516299552928,53
1960,WS_RECV_END,1516299555562,53
1960,PLAYER_SLEEPBEFORE_START,1516299555562,54
1960,PLAYER_SLEEPBEFORE_END,1516299576865,54
1960,WS_SEND_START,1516299576865,54
1960,WS_SEND_END,1516299576865,54
1960,PLAYER_SLEEPBEFORE_START,1516299576865,55
1960,PLAYER_SLEEPBEFORE_END,1516299578806,55
1960,WS_SEND_START,1516299578806,55
1960,WS_SEND_END,1516299578806,55
1960,WS_RECV_START,1516299578806,56
1960,WS_RECV_END,1516299579407,56
1960,PLAYER_SLEEPBEFORE_START,1516299579407,57
1960,PLAYER_SLEEPBEFORE_END,1516299602279,57
1960,WS_SEND_START,1516299602279,57
1960,WS_SEND_END,1516299602279,57
1960,WS_RECV_START,1516299602279,58
1960,WS_RECV_END,1516299603646,58
1960,PLAYER_SLEEPBEFORE_START,1516299603646,59
1960,PLAYER_SLEEPBEFORE_END,1516299605974,59
1960,WS_SEND_START,1516299605974,59
1960,WS_SEND_END,1516299605974,59
1960,WS_RECV_START,1516299605974,60
1960,WS_RECV_END,1516299607117,60
1960,PLAYER_SLEEPBEFORE_START,1516299607117,61
1960,PLAYER_SLEEPBEFORE_END,1516299610708,61
1960,WS_SEND_START,1516299610708,61
1960,WS_SEND_END,1516299610708,61
1960,WS_RECV_START,1516299610708,62
1960,WS_RECV_END,1516299613273,62
1960,PLAYER_SLEEPBEFORE_START,1516299613273,63
1960,PLAYER_SLEEPBEFORE_END,1516299632535,63
1960,WS_SEND_START,1516299632535,63
1960,WS_SEND_END,1516299632535,63
1960,WS_RECV_START,1516299632535,64
1960,WS_RECV_END,1516299633864,64
1960,PLAYER_SLEEPBEFORE_START,1516299633864,65
1960,PLAYER_SLEEPBEFORE_END,1516299660681,65
1960,WS_SEND_START,1516299660681,65
1960,WS_SEND_END,1516299660681,65
1960,WS_RECV_START,1516299660681,66
1960,WS_RECV_END,1516299663022,66
1960,PLAYER_SLEEPBEFORE_START,1516299663022,67
1960,PLAYER_SLEEPBEFORE_END,1516299664529,67
1960,WS_SEND_START,1516299664529,67
1960,WS_SEND_END,1516299664529,67
1960,WS_RECV_START,1516299664529,68
1960,WS_RECV_END,1516299666024,68
1960,PLAYER_SLEEPBEFORE_START,1516299666024,69
1960,PLAYER_SLEEPBEFORE_END,1516299688022,69
1960,WS_SEND_START,1516299688022,69
1960,WS_SEND_END,1516299688022,69
1960,WS_RECV_START,1516299688022,70
1960,WS_RECV_END,1516299690968,70
1960,PLAYER_SLEEPBEFORE_START,1516299690968,71
1960,PLAYER_SLEEPBEFORE_END,1516299715743,71
1960,WS_SEND_START,1516299715743,71
1960,WS_SEND_END,1516299715743,71
1960,PLAYER_SLEEPBEFORE_START,1516299715743,72
1960,PLAYER_SLEEPBEFORE_END,1516299718350,72
1960,WS_SEND_START,1516299718350,72
1960,WS_SEND_END,1516299718350,72
1960,WS_RECV_START,1516299718350,73
1960,WS_RECV_END,1516299720204,73
1960,PLAYER_SLEEPBEFORE_START,1516299720204,74
1960,PLAYER_SLEEPBEFORE_END,1516299720213,74
1960,WS_SEND_START,1516299720213,74
1960,WS_SEND_END,1516299720213,74
1960,WS_RECV_START,1516299720213,75
1960,WS_RECV_END,1516299721317,75
1960,PLAYER_SLEEPBEFORE_START,1516299721317,76
1960,PLAYER_SLEEPBEFORE_END,1516299722823,76
1960,WS_SEND_START,1516299722823,76
1960,WS_SEND_END,1516299722823,76
1960,WS_RECV_START,1516299722823,77
1960,WS_RECV_END,1516299724975,77
1960,PLAYER_SLEEPBEFORE_START,1516299724975,78
1960,PLAYER_SLEEPBEFORE_END,1516299725843,78
1960,WS_SEND_START,1516299725843,78
1960,WS_SEND_END,1516299725843,78
1960,WS_RECV_START,1516299725843,79
1960,WS_RECV_END,1516299727965,79
1960,PLAYER_SLEEPBEFORE_START,1516299727965,80
1960,PLAYER_SLEEPBEFORE_END,1516299735631,80
1960,WS_SEND_START,1516299735631,80
1960,WS_SEND_END,1516299735631,80
1960,WS_RECV_START,1516299735631,81
1960,WS_RECV_END,1516299737620,81
1960,PLAYER_SLEEPBEFORE_START,1516299737620,82
1960,PLAYER_SLEEPBEFORE_END,1516299738722,82
1960,WS_SEND_START,1516299738722,82
1960,WS_SEND_END,1516299738722,82
1960,WS_RECV_START,1516299738722,83
1960,WS_RECV_END,1516299741460,83
1960,PLAYER_SLEEPBEFORE_START,1516299741460,84
1960,PLAYER_SLEEPBEFORE_END,1516299742408,84
1960,WS_SEND_START,1516299742408,84
1960,WS_SEND_END,1516299742408,84
1960,WS_RECV_START,1516299742408,85
1960,WS_RECV_END,1516299744897,85
1960,PLAYER_SLEEPBEFORE_START,1516299744897,86
1960,PLAYER_SLEEPBEFORE_END,1516299749070,86
1960,WS_SEND_START,1516299749070,86
1960,WS_SEND_END,1516299749070,86
1960,WS_RECV_START,1516299749070,87
1960,WS_RECV_END,1516299755108,87
1960,PLAYER_SLEEPBEFORE_START,1516299755108,88
1960,PLAYER_SLEEPBEFORE_END,1516299755116,88
1960,WS_SEND_START,1516299755116,88
1960,WS_SEND_END,1516299755116,88
1960,WS_RECV_START,1516299755116,89
1960,WS_RECV_END,1516299758289,89
1960,PLAYER_SLEEPBEFORE_START,1516299758289,90
1960,PLAYER_SLEEPBEFORE_END,1516299785486,90
1960,REQ_START,1516299785486,90
1960,REQ_END,1516299785492,90
1960,PLAYER_SLEEPBEFORE_START,1516299785492,91
1960,PLAYER_SLEEPBEFORE_END,1516299793381,91
1960,WS_SEND_START,1516299793381,91
1960,WS_SEND_END,1516299793381,91
1960,WS_RECV_START,1516299793381,92
1960,WS_RECV_END,1516299800436,92
1960,PLAYER_SLEEPBEFORE_START,1516299800436,93
1960,PLAYER_SLEEPBEFORE_END,1516299800451,93
1960,WS_SEND_START,1516299800451,93
1960,WS_SEND_END,1516299800451,93
1960,WS_RECV_START,1516299800451,94
1960,WS_RECV_END,1516299804174,94
1960,PLAYER_SLEEPBEFORE_START,1516299804174,95
1960,PLAYER_SLEEPBEFORE_END,1516299827729,95
1960,WS_SEND_START,1516299827729,95
1960,WS_SEND_END,1516299827729,95
1960,WS_RECV_START,1516299827729,96
1960,WS_RECV_END,1516299833622,96
1960,PLAYER_SLEEPBEFORE_START,1516299833622,97
1960,PLAYER_SLEEPBEFORE_END,1516299856062,97
1960,WS_SEND_START,1516299856062,97
1960,WS_SEND_END,1516299856062,97
1960,WS_RECV_START,1516299856062,98
1960,WS_RECV_END,1516299862016,98
1960,PLAYER_SLEEPBEFORE_START,1516299862016,99
1960,PLAYER_SLEEPBEFORE_END,1516299862037,99
1960,WS_SEND_START,1516299862037,99
1960,WS_SEND_END,1516299862037,99
1960,WS_RECV_START,1516299862037,100
1960,WS_RECV_END,1516299865168,100
1960,PLAYER_SLEEPBEFORE_START,1516299865168,101
1960,PLAYER_SLEEPBEFORE_END,1516299888727,101
1960,WS_SEND_START,1516299888727,101
1960,WS_SEND_END,1516299888727,101
1960,WS_RECV_START,1516299888727,102
1960,WS_RECV_END,1516299894933,102
1960,PLAYER_SLEEPBEFORE_START,1516299894933,103
1960,PLAYER_SLEEPBEFORE_END,1516299918558,103
1960,WS_SEND_START,1516299918558,103
1960,WS_SEND_END,1516299918558,103
1960,WS_RECV_START,1516299918558,104
1960,WS_RECV_END,1516299923613,104
1960,PLAYER_SLEEPBEFORE_START,1516299923613,105
1960,PLAYER_SLEEPBEFORE_END,1516299948990,105
1960,WS_SEND_START,1516299948990,105
1960,WS_SEND_END,1516299948991,105
1960,WS_RECV_START,1516299948991,106
1960,WS_RECV_END,1516299952186,106
1960,PLAYER_SLEEPBEFORE_START,1516299952187,107
1960,PLAYER_SLEEPBEFORE_END,1516299975610,107
1960,WS_SEND_START,1516299975610,107
1960,WS_SEND_END,1516299975610,107
1960,WS_RECV_START,1516299975610,108
1960,WS_RECV_END,1516299976428,108
1960,PLAYER_SLEEPBEFORE_START,1516299976428,109
1960,PLAYER_SLEEPBEFORE_END,1516299976437,109
1960,WS_SEND_START,1516299976437,109
1960,WS_SEND_END,1516299976437,109
1960,WS_RECV_START,1516299976437,110
1960,WS_RECV_END,1516299976666,110
1960,PLAYER_SLEEPBEFORE_START,1516299976666,111
1960,PLAYER_SLEEPBEFORE_END,1516299977625,111
1960,WS_SEND_START,1516299977625,111
1960,WS_SEND_END,1516299977625,111
1960,WS_RECV_START,1516299977625,112
1960,WS_RECV_END,1516299977735,112
1960,PLAYER_SLEEPBEFORE_START,1516299977735,113
1960,PLAYER_SLEEPBEFORE_END,1516299978297,113
1960,WS_SEND_START,1516299978297,113
1960,WS_SEND_END,1516299978297,113
1960,WS_RECV_START,1516299978297,114
1960,WS_RECV_END,1516299978493,114
1960,PLAYER_SLEEPBEFORE_START,1516299978493,115
1960,PLAYER_SLEEPBEFORE_END,1516299978502,115
1960,WS_SEND_START,1516299978502,115
1960,WS_SEND_END,1516299978502,115
1960,WS_RECV_START,1516299978502,116
1960,WS_RECV_END,1516299978791,116
1960,PLAYER_SLEEPBEFORE_START,1516299978791,117
1960,PLAYER_SLEEPBEFORE_END,1516299999152,117
1960,WS_SEND_START,1516299999152,117
1960,WS_SEND_END,1516299999152,117
1960,PLAYER_SLEEPBEFORE_START,1516299999152,118
1960,PLAYER_SLEEPBEFORE_END,1516300002904,118
1960,WS_SEND_START,1516300002904,118
1960,WS_SEND_END,1516300002904,118
1960,WS_RECV_START,1516300002904,119
1960,WS_RECV_END,1516300003481,119
1960,PLAYER_SLEEPBEFORE_START,1516300003481,120
1960,PLAYER_SLEEPBEFORE_END,1516300004469,120
1960,WS_SEND_START,1516300004469,120
1960,WS_SEND_END,1516300004469,120
1960,WS_RECV_START,1516300004469,121
1960,WS_RECV_END,1516300004880,121
1960,PLAYER_SLEEPBEFORE_START,1516300004880,122
1960,PLAYER_SLEEPBEFORE_END,1516300006065,122
1960,WS_SEND_START,1516300006065,122
1960,WS_SEND_END,1516300006065,122
1960,WS_RECV_START,1516300006065,123
1960,WS_RECV_END,1516300007417,123
1960,PLAYER_SLEEPBEFORE_START,1516300007417,124
1960,PLAYER_SLEEPBEFORE_END,1516300031822,124
1960,WS_SEND_START,1516300031822,124
1960,WS_SEND_END,1516300031822,124
1960,WS_RECV_START,1516300031822,125
1960,WS_RECV_END,1516300032972,125
1960,PLAYER_SLEEPBEFORE_START,1516300032972,126
1960,PLAYER_SLEEPBEFORE_END,1516300053484,126
1960,WS_SEND_START,1516300053484,126
1960,WS_SEND_END,1516300053484,126
1960,PLAYER_SLEEPBEFORE_START,1516300053484,127
1960,PLAYER_SLEEPBEFORE_END,1516300056538,127
1960,WS_SEND_START,1516300056538,127
1960,WS_SEND_END,1516300056538,127
1960,WS_RECV_START,1516300056538,128
1960,WS_RECV_END,1516300057896,128
1960,PLAYER_SLEEPBEFORE_START,1516300057896,129
1960,PLAYER_SLEEPBEFORE_END,1516300057916,129
1960,WS_SEND_START,1516300057916,129
1960,WS_SEND_END,1516300057916,129
1960,WS_RECV_START,1516300057916,130
1960,WS_RECV_END,1516300059408,130
1960,PLAYER_SLEEPBEFORE_START,1516300059408,131
1960,PLAYER_SLEEPBEFORE_END,1516300081032,131
1960,WS_SEND_START,1516300081032,131
1960,WS_SEND_END,1516300081032,131
1960,PLAYER_SLEEPBEFORE_START,1516300081032,132
1960,PLAYER_SLEEPBEFORE_END,1516300084112,132
1960,WS_SEND_START,1516300084112,132
1960,WS_SEND_END,1516300084112,132
1960,WS_RECV_START,1516300084112,133
1960,WS_RECV_END,1516300084312,133
1960,PLAYER_SLEEPBEFORE_START,1516300084312,134
1960,PLAYER_SLEEPBEFORE_END,1516300105529,134
1960,WS_SEND_START,1516300105529,134
1960,WS_SEND_END,1516300105529,134
1960,PLAYER_SLEEPBEFORE_START,1516300105529,135
1960,PLAYER_SLEEPBEFORE_END,1516300108719,135
1960,WS_SEND_START,1516300108719,135
1960,WS_SEND_END,1516300108719,135
1960,WS_RECV_START,1516300108719,136
1960,WS_RECV_END,1516300109542,136
1960,PLAYER_SLEEPBEFORE_START,1516300109542,137
1960,PLAYER_SLEEPBEFORE_END,1516300109549,137
1960,WS_SEND_START,1516300109549,137
1960,WS_SEND_END,1516300109549,137
1960,WS_RECV_START,1516300109550,138
1960,WS_RECV_END,1516300109832,138
1960,PLAYER_SLEEPBEFORE_START,1516300109832,139
1960,PLAYER_SLEEPBEFORE_END,1516300110522,139
1960,WS_SEND_START,1516300110522,139
1960,WS_SEND_END,1516300110522,139
1960,WS_RECV_START,1516300110522,140
1960,WS_RECV_END,1516300110564,140
1960,PLAYER_SLEEPBEFORE_START,1516300110564,141
1960,PLAYER_SLEEPBEFORE_END,1516300111219,141
1960,WS_SEND_START,1516300111219,141
1960,WS_SEND_END,1516300111219,141
1960,WS_RECV_START,1516300111219,142
1960,WS_RECV_END,1516300111437,142
1960,PLAYER_SLEEPBEFORE_START,1516300111437,143
1960,PLAYER_SLEEPBEFORE_END,1516300111494,143
1960,WS_SEND_START,1516300111494,143
1960,WS_SEND_END,1516300111494,143
1960,WS_RECV_START,1516300111494,144
1960,WS_RECV_END,1516300111789,144
1960,PLAYER_SLEEPBEFORE_START,1516300111789,145
1960,PLAYER_SLEEPBEFORE_END,1516300127851,145
1960,REQ_START,1516300127851,145
1960,REQ_END,1516300127858,145
1960,PLAYER_SLEEPBEFORE_START,1516300127858,146
1960,PLAYER_SLEEPBEFORE_END,1516300136735,146
1960,WS_SEND_START,1516300136735,146
1960,WS_SEND_END,1516300136735,146
1960,WS_RECV_START,1516300136735,147
1960,WS_RECV_END,1516300137191,147
1960,PLAYER_SLEEPBEFORE_START,1516300137191,148
1960,PLAYER_SLEEPBEFORE_END,1516300159113,148
1960,WS_SEND_START,1516300159113,148
1960,WS_SEND_END,1516300159113,148
1960,PLAYER_SLEEPBEFORE_START,1516300159113,149
1960,PLAYER_SLEEPBEFORE_END,1516300161542,149
1960,WS_SEND_START,1516300161542,149
1960,WS_SEND_END,1516300161542,149
1960,WS_RECV_START,1516300161542,150
1960,WS_RECV_END,1516300163411,150
1960,PLAYER_SLEEPBEFORE_START,1516300163411,151
1960,PLAYER_SLEEPBEFORE_END,1516300163621,151
1960,WS_SEND_START,1516300163621,151
1960,WS_SEND_END,1516300163621,151
1960,WS_RECV_START,1516300163621,152
1960,WS_RECV_END,1516300164115,152
1960,PLAYER_SLEEPBEFORE_START,1516300164115,153
1960,PLAYER_SLEEPBEFORE_END,1516300188042,153
1960,WS_SEND_START,1516300188042,153
1960,WS_SEND_END,1516300188042,153
1960,WS_RECV_START,1516300188043,154
1960,WS_RECV_END,1516300190961,154
1960,PLAYER_SLEEPBEFORE_START,1516300190961,155
1960,PLAYER_SLEEPBEFORE_END,1516300213519,155
1960,WS_SEND_START,1516300213519,155
1960,WS_SEND_END,1516300213519,155
1960,PLAYER_SLEEPBEFORE_START,1516300213519,156
1960,PLAYER_SLEEPBEFORE_END,1516300216794,156
1960,WS_SEND_START,1516300216794,156
1960,WS_SEND_END,1516300216794,156
1960,WS_RECV_START,1516300216794,157
1960,WS_RECV_END,1516300218459,157
1960,PLAYER_SLEEPBEFORE_START,1516300218459,158
1960,PLAYER_SLEEPBEFORE_END,1516300218469,158
1960,WS_SEND_START,1516300218469,158
1960,WS_SEND_END,1516300218469,158
1960,WS_RECV_START,1516300218469,159
1960,WS_RECV_END,1516300220542,159
1960,PLAYER_SLEEPBEFORE_START,1516300220542,160
1960,PLAYER_SLEEPBEFORE_END,1516300220717,160
1960,WS_SEND_START,1516300220717,160
1960,WS_SEND_END,1516300220717,160
1960,WS_RECV_START,1516300220717,161
1960,WS_RECV_END,1516300223770,161
1960,PLAYER_SLEEPBEFORE_START,1516300223770,162
1960,PLAYER_SLEEPBEFORE_END,1516300223795,162
1960,WS_SEND_START,1516300223795,162
1960,WS_SEND_END,1516300223795,162
1960,WS_RECV_START,1516300223795,163
1960,WS_RECV_END,1516300226599,163
1960,PLAYER_SLEEPBEFORE_START,1516300226599,164
1960,PLAYER_SLEEPBEFORE_END,1516300247411,164
1960,WS_SEND_START,1516300247411,164
1960,WS_SEND_END,1516300247411,164
1960,WS_RECV_START,1516300247411,165
1960,WS_RECV_END,1516300252734,165
1960,PLAYER_SLEEPBEFORE_START,1516300252734,166
1960,PLAYER_SLEEPBEFORE_END,1516300275189,166
1960,WS_SEND_START,1516300275189,166
1960,WS_SEND_END,1516300275189,166
1960,WS_RECV_START,1516300275189,167
1960,WS_RECV_END,1516300279583,167
1960,PLAYER_SLEEPBEFORE_START,1516300279583,168
1960,PLAYER_SLEEPBEFORE_END,1516300306941,168
1960,WS_SEND_START,1516300306941,168
1960,WS_SEND_END,1516300306941,168
1960,WS_RECV_START,1516300306941,169
1960,WS_RECV_END,1516300309292,169
1960,PLAYER_SLEEPBEFORE_START,1516300309292,170
1960,PLAYER_SLEEPBEFORE_END,1516300309301,170
1960,WS_SEND_START,1516300309301,170
1960,WS_SEND_END,1516300309301,170
1960,WS_RECV_START,1516300309301,171
1960,WS_RECV_END,1516300310603,171
1960,PLAYER_SLEEPBEFORE_START,1516300310603,172
1960,PLAYER_SLEEPBEFORE_END,1516300310972,172
1960,WS_SEND_START,1516300310973,172
1960,WS_SEND_END,1516300310973,172
1960,WS_RECV_START,1516300310973,173
1960,WS_RECV_END,1516300312919,173
1960,PLAYER_SLEEPBEFORE_START,1516300312919,174
1960,PLAYER_SLEEPBEFORE_END,1516300312960,174
1960,WS_SEND_START,1516300312960,174
1960,WS_SEND_END,1516300312960,174
1960,WS_RECV_START,1516300312960,175
1960,WS_RECV_END,1516300314450,175
1960,PLAYER_SLEEPBEFORE_START,1516300314450,176
1960,PLAYER_SLEEPBEFORE_END,1516300336211,176
1960,WS_SEND_START,1516300336211,176
1960,WS_SEND_END,1516300336211,176
1960,PLAYER_SLEEPBEFORE_START,1516300336211,177
1960,PLAYER_SLEEPBEFORE_END,1516300338729,177
1960,WS_SEND_START,1516300338729,177
1960,WS_SEND_END,1516300338729,177
1960,WS_RECV_START,1516300338729,178
1960,WS_RECV_END,1516300339767,178
1960,PLAYER_SLEEPBEFORE_START,1516300339767,179
1960,PLAYER_SLEEPBEFORE_END,1516300362107,179
1960,WS_SEND_START,1516300362107,179
1960,WS_SEND_END,1516300362107,179
1960,WS_RECV_START,1516300362107,180
1960,WS_RECV_END,1516300362592,180
1960,PLAYER_SLEEPBEFORE_START,1516300362592,181
1960,PLAYER_SLEEPBEFORE_END,1516300363036,181
1960,WS_SEND_START,1516300363036,181
1960,WS_SEND_END,1516300363036,181
1960,WS_RECV_START,1516300363036,182
1960,WS_RECV_END,1516300363713,182
1960,PLAYER_SLEEPBEFORE_START,1516300363713,183
1960,PLAYER_SLEEPBEFORE_END,1516300364236,183
1960,WS_SEND_START,1516300364236,183
1960,WS_SEND_END,1516300364236,183
1960,WS_RECV_START,1516300364236,184
1960,WS_RECV_END,1516300364694,184
1960,PLAYER_SLEEPBEFORE_START,1516300364694,185
1960,PLAYER_SLEEPBEFORE_END,1516300364962,185
1960,WS_SEND_START,1516300364962,185
1960,WS_SEND_END,1516300364962,185
1960,WS_RECV_START,1516300364962,186
1960,WS_RECV_END,1516300365765,186
1960,PLAYER_SLEEPBEFORE_START,1516300365765,187
1960,PLAYER_SLEEPBEFORE_END,1516300388265,187
1960,WS_SEND_START,1516300388265,187
1960,WS_SEND_END,1516300388265,187
1960,WS_RECV_START,1516300388265,188
1960,WS_RECV_END,1516300388313,188
1960,PLAYER_SLEEPBEFORE_START,1516300388313,189
1960,PLAYER_SLEEPBEFORE_END,1516300394552,189
1960,WS_SEND_START,1516300394552,189
1960,WS_SEND_END,1516300394552,189
1960,WS_RECV_START,1516300394552,190
1960,WS_RECV_END,1516300394661,190
1960,PLAYER_SLEEPBEFORE_START,1516300394661,191
1960,PLAYER_SLEEPBEFORE_END,1516300396576,191
1960,WS_SEND_START,1516300396576,191
1960,WS_SEND_END,1516300396576,191
1960,WS_RECV_START,1516300396576,192
1960,WS_RECV_END,1516300396962,192
1960,PLAYER_SLEEPBEFORE_START,1516300396962,193
1960,PLAYER_SLEEPBEFORE_END,1516300397090,193
1960,WS_SEND_START,1516300397090,193
1960,WS_SEND_END,1516300397090,193
1960,WS_RECV_START,1516300397090,194
1960,WS_RECV_END,1516300397488,194
1960,PLAYER_SLEEPBEFORE_START,1516300397488,195
1960,PLAYER_SLEEPBEFORE_END,1516300399243,195
1960,WS_SEND_START,1516300399243,195
1960,WS_SEND_END,1516300399243,195
1960,WS_RECV_START,1516300399243,196
1960,WS_RECV_END,1516300399737,196
1960,PLAYER_SLEEPBEFORE_START,1516300399737,197
1960,PLAYER_SLEEPBEFORE_END,1516300401541,197
1960,WS_SEND_START,1516300401541,197
1960,WS_SEND_END,1516300401541,197
1960,WS_RECV_START,1516300401541,198
1960,WS_RECV_END,1516300401642,198
1960,PLAYER_SLEEPBEFORE_START,1516300401642,199
1960,PLAYER_SLEEPBEFORE_END,1516300413496,199
1960,WS_SEND_START,1516300413496,199
1960,WS_SEND_END,1516300413496,199
1960,PLAYER_SLEEPBEFORE_START,1516300413496,200
1960,PLAYER_SLEEPBEFORE_END,1516300417584,200
1960,WS_SEND_START,1516300417584,200
1960,WS_SEND_END,1516300417584,200
1960,WS_RECV_START,1516300417584,201
1960,WS_RECV_END,1516300417705,201
1960,PLAYER_SLEEPBEFORE_START,1516300417705,202
1960,PLAYER_SLEEPBEFORE_END,1516300417719,202
1960,WS_SEND_START,1516300417719,202
1960,WS_SEND_END,1516300417719,202
1960,WS_RECV_START,1516300417719,203
1960,WS_RECV_END,1516300418052,203
1960,PLAYER_SLEEPBEFORE_START,1516300418052,204
1960,PLAYER_SLEEPBEFORE_END,1516300437701,204
1960,WS_SEND_START,1516300437701,204
1960,WS_SEND_END,1516300437701,204
1960,PLAYER_SLEEPBEFORE_START,1516300437701,205
1960,PLAYER_SLEEPBEFORE_END,1516300441600,205
1960,WS_SEND_START,1516300441600,205
1960,WS_SEND_END,1516300441600,205
1960,WS_RECV_START,1516300441600,206
1960,WS_RECV_END,1516300441737,206
1960,PLAYER_SLEEPBEFORE_START,1516300441737,207
1960,PLAYER_SLEEPBEFORE_END,1516300458668,207
1960,REQ_START,1516300458669,207
1960,REQ_END,1516300458673,207
1960,PLAYER_SLEEPBEFORE_START,1516300458673,208
1960,PLAYER_SLEEPBEFORE_END,1516300465525,208
1960,WS_CLOSE_START,1516300465525,208
1960,WS_CLOSE_END,1516300465525,208
1960,PLAYER_DONE,1516300465525
