# --sessions 2700 --app-url=http://shinyloadtest.rstudioservices.com/cran_explorer --output-dir test2700 --overwrite-output --log-level warn --start-interval 100 15min.log
thread_id,event,timestamp,input_line_number,comment
1997,PLAYER_SESSION_CREATE,1516299246168
1997,PLAYER_START_INTERVAL_START,1516299246168
1997,PLAYER_START_INTERVAL_END,1516299445868
1997,REQ_HOME_START,1516299445868,2
1997,REQ_HOME_END,1516299446036,2
1997,REQ_START,1516299446036,3
1997,REQ_END,1516299446103,3
1997,REQ_START,1516299446103,4
1997,REQ_END,1516299446153,4
1997,REQ_START,1516299446153,5
1997,REQ_END,1516299446233,5
1997,REQ_START,1516299446233,6
1997,REQ_END,1516299446278,6
1997,REQ_START,1516299446278,7
1997,REQ_END,1516299446315,7
1997,REQ_START,1516299446315,8
1997,REQ_END,1516299446352,8
1997,REQ_START,1516299446352,9
1997,REQ_END,1516299446391,9
1997,REQ_START,1516299446391,10
1997,REQ_END,1516299446409,10
1997,REQ_START,1516299446409,11
1997,REQ_END,1516299446503,11
1997,REQ_START,1516299446503,12
1997,REQ_END,1516299446512,12
1997,REQ_START,1516299446512,13
1997,REQ_END,1516299446545,13
1997,REQ_START,1516299446545,14
1997,REQ_END,1516299446559,14
1997,REQ_START,1516299446559,15
1997,REQ_END,1516299446744,15
1997,REQ_TOK_START,1516299446744,16
1997,REQ_TOK_END,1516299446751,16
1997,REQ_SINF_START,1516299446751,17
1997,REQ_SINF_END,1516299446757,17
1997,WS_OPEN_START,1516299446757,18
1997,WS_OPEN_END,1516299446764,18
1997,REQ_START,1516299446764,19
1997,REQ_END,1516299446925,19
1997,WS_RECV_START,1516299446926,20
1997,WS_RECV_END,1516299446926,20
1997,PLAYER_SLEEPBEFORE_START,1516299446926,21
1997,PLAYER_SLEEPBEFORE_END,1516299446931,21
1997,WS_SEND_START,1516299446931,21
1997,WS_SEND_END,1516299446931,21
1997,PLAYER_SLEEPBEFORE_START,1516299446931,22
1997,PLAYER_SLEEPBEFORE_END,1516299446932,22
1997,WS_SEND_START,1516299446932,22
1997,WS_SEND_END,1516299446932,22
1997,WS_RECV_INIT_START,1516299446932,23
1997,WS_RECV_INIT_END,1516299446951,23
1997,WS_RECV_START,1516299446951,24
1997,WS_RECV_END,1516299447008,24
1997,PLAYER_SLEEPBEFORE_START,1516299447008,25
1997,PLAYER_SLEEPBEFORE_END,1516299447015,25
1997,REQ_START,1516299447015,25
1997,REQ_END,1516299447047,25
1997,PLAYER_SLEEPBEFORE_START,1516299447047,26
1997,PLAYER_SLEEPBEFORE_END,1516299447048,26
1997,REQ_START,1516299447048,26
1997,REQ_END,1516299447084,26
1997,PLAYER_SLEEPBEFORE_START,1516299447084,27
1997,PLAYER_SLEEPBEFORE_END,1516299447087,27
1997,REQ_START,1516299447087,27
1997,REQ_END,1516299447124,27
1997,PLAYER_SLEEPBEFORE_START,1516299447124,28
1997,PLAYER_SLEEPBEFORE_END,1516299447410,28
1997,REQ_START,1516299447410,28
1997,REQ_END,1516299447442,28
1997,PLAYER_SLEEPBEFORE_START,1516299447442,29
1997,PLAYER_SLEEPBEFORE_END,1516299447617,29
1997,WS_SEND_START,1516299447617,29
1997,WS_SEND_END,1516299447617,29
1997,WS_RECV_START,1516299447617,30
1997,WS_RECV_END,1516299447773,30
1997,PLAYER_SLEEPBEFORE_START,1516299447773,31
1997,PLAYER_SLEEPBEFORE_END,1516299447784,31
1997,REQ_START,1516299447784,31
1997,REQ_END,1516299447829,31
1997,PLAYER_SLEEPBEFORE_START,1516299447829,32
1997,PLAYER_SLEEPBEFORE_END,1516299475974,32
1997,WS_SEND_START,1516299475974,32
1997,WS_SEND_END,1516299475974,32
1997,WS_RECV_START,1516299475974,33
1997,WS_RECV_END,1516299476112,33
1997,PLAYER_SLEEPBEFORE_START,1516299476112,34
1997,PLAYER_SLEEPBEFORE_END,1516299502023,34
1997,WS_SEND_START,1516299502023,34
1997,WS_SEND_END,1516299502023,34
1997,WS_RECV_START,1516299502023,35
1997,WS_RECV_END,1516299502072,35
1997,PLAYER_SLEEPBEFORE_START,1516299502072,36
1997,PLAYER_SLEEPBEFORE_END,1516299502081,36
1997,WS_SEND_START,1516299502081,36
1997,WS_SEND_END,1516299502081,36
1997,WS_RECV_START,1516299502081,37
1997,WS_RECV_END,1516299502189,37
1997,PLAYER_SLEEPBEFORE_START,1516299502189,38
1997,PLAYER_SLEEPBEFORE_END,1516299505384,38
1997,WS_SEND_START,1516299505384,38
1997,WS_SEND_END,1516299505384,38
1997,WS_RECV_START,1516299505384,39
1997,WS_RECV_END,1516299505572,39
1997,PLAYER_SLEEPBEFORE_START,1516299505572,40
1997,PLAYER_SLEEPBEFORE_END,1516299505618,40
1997,WS_SEND_START,1516299505618,40
1997,WS_SEND_END,1516299505618,40
1997,WS_RECV_START,1516299505618,41
1997,WS_RECV_END,1516299506191,41
1997,PLAYER_SLEEPBEFORE_START,1516299506191,42
1997,PLAYER_SLEEPBEFORE_END,1516299524327,42
1997,WS_SEND_START,1516299524327,42
1997,WS_SEND_END,1516299524327,42
1997,WS_RECV_START,1516299524327,43
1997,WS_RECV_END,1516299524723,43
1997,PLAYER_SLEEPBEFORE_START,1516299524723,44
1997,PLAYER_SLEEPBEFORE_END,1516299524735,44
1997,WS_SEND_START,1516299524735,44
1997,WS_SEND_END,1516299524735,44
1997,WS_RECV_START,1516299524735,45
1997,WS_RECV_END,1516299525056,45
1997,PLAYER_SLEEPBEFORE_START,1516299525056,46
1997,PLAYER_SLEEPBEFORE_END,1516299526316,46
1997,WS_SEND_START,1516299526316,46
1997,WS_SEND_END,1516299526316,46
1997,WS_RECV_START,1516299526316,47
1997,WS_RECV_END,1516299526487,47
1997,PLAYER_SLEEPBEFORE_START,1516299526487,48
1997,PLAYER_SLEEPBEFORE_END,1516299527807,48
1997,WS_SEND_START,1516299527807,48
1997,WS_SEND_END,1516299527807,48
1997,WS_RECV_START,1516299527807,49
1997,WS_RECV_END,1516299528438,49
1997,PLAYER_SLEEPBEFORE_START,1516299528438,50
1997,PLAYER_SLEEPBEFORE_END,1516299528463,50
1997,WS_SEND_START,1516299528463,50
1997,WS_SEND_END,1516299528463,50
1997,WS_RECV_START,1516299528463,51
1997,WS_RECV_END,1516299528992,51
1997,PLAYER_SLEEPBEFORE_START,1516299528993,52
1997,PLAYER_SLEEPBEFORE_END,1516299551557,52
1997,WS_SEND_START,1516299551557,52
1997,WS_SEND_END,1516299551557,52
1997,WS_RECV_START,1516299551557,53
1997,WS_RECV_END,1516299551961,53
1997,PLAYER_SLEEPBEFORE_START,1516299551961,54
1997,PLAYER_SLEEPBEFORE_END,1516299573264,54
1997,WS_SEND_START,1516299573264,54
1997,WS_SEND_END,1516299573264,54
1997,PLAYER_SLEEPBEFORE_START,1516299573264,55
1997,PLAYER_SLEEPBEFORE_END,1516299575205,55
1997,WS_SEND_START,1516299575205,55
1997,WS_SEND_END,1516299575205,55
1997,WS_RECV_START,1516299575205,56
1997,WS_RECV_END,1516299575944,56
1997,PLAYER_SLEEPBEFORE_START,1516299575944,57
1997,PLAYER_SLEEPBEFORE_END,1516299598816,57
1997,WS_SEND_START,1516299598816,57
1997,WS_SEND_END,1516299598816,57
1997,WS_RECV_START,1516299598816,58
1997,WS_RECV_END,1516299599808,58
1997,PLAYER_SLEEPBEFORE_START,1516299599808,59
1997,PLAYER_SLEEPBEFORE_END,1516299602135,59
1997,WS_SEND_START,1516299602135,59
1997,WS_SEND_END,1516299602135,59
1997,WS_RECV_START,1516299602135,60
1997,WS_RECV_END,1516299603293,60
1997,PLAYER_SLEEPBEFORE_START,1516299603293,61
1997,PLAYER_SLEEPBEFORE_END,1516299606885,61
1997,WS_SEND_START,1516299606885,61
1997,WS_SEND_END,1516299606885,61
1997,WS_RECV_START,1516299606885,62
1997,WS_RECV_END,1516299607783,62
1997,PLAYER_SLEEPBEFORE_START,1516299607783,63
1997,PLAYER_SLEEPBEFORE_END,1516299627045,63
1997,WS_SEND_START,1516299627045,63
1997,WS_SEND_END,1516299627045,63
1997,WS_RECV_START,1516299627045,64
1997,WS_RECV_END,1516299628152,64
1997,PLAYER_SLEEPBEFORE_START,1516299628152,65
1997,PLAYER_SLEEPBEFORE_END,1516299654969,65
1997,WS_SEND_START,1516299654969,65
1997,WS_SEND_END,1516299654969,65
1997,WS_RECV_START,1516299654969,66
1997,WS_RECV_END,1516299655507,66
1997,PLAYER_SLEEPBEFORE_START,1516299655507,67
1997,PLAYER_SLEEPBEFORE_END,1516299657014,67
1997,WS_SEND_START,1516299657014,67
1997,WS_SEND_END,1516299657014,67
1997,WS_RECV_START,1516299657014,68
1997,WS_RECV_END,1516299657568,68
1997,PLAYER_SLEEPBEFORE_START,1516299657568,69
1997,PLAYER_SLEEPBEFORE_END,1516299679566,69
1997,WS_SEND_START,1516299679566,69
1997,WS_SEND_END,1516299679566,69
1997,WS_RECV_START,1516299679566,70
1997,WS_RECV_END,1516299679941,70
1997,PLAYER_SLEEPBEFORE_START,1516299679942,71
1997,PLAYER_SLEEPBEFORE_END,1516299704717,71
1997,WS_SEND_START,1516299704717,71
1997,WS_SEND_END,1516299704717,71
1997,PLAYER_SLEEPBEFORE_START,1516299704717,72
1997,PLAYER_SLEEPBEFORE_END,1516299707324,72
1997,WS_SEND_START,1516299707324,72
1997,WS_SEND_END,1516299707324,72
1997,WS_RECV_START,1516299707324,73
1997,WS_RECV_END,1516299707827,73
1997,PLAYER_SLEEPBEFORE_START,1516299707827,74
1997,PLAYER_SLEEPBEFORE_END,1516299707836,74
1997,WS_SEND_START,1516299707836,74
1997,WS_SEND_END,1516299707836,74
1997,WS_RECV_START,1516299707836,75
1997,WS_RECV_END,1516299708162,75
1997,PLAYER_SLEEPBEFORE_START,1516299708162,76
1997,PLAYER_SLEEPBEFORE_END,1516299709668,76
1997,WS_SEND_START,1516299709668,76
1997,WS_SEND_END,1516299709668,76
1997,WS_RECV_START,1516299709668,77
1997,WS_RECV_END,1516299710284,77
1997,PLAYER_SLEEPBEFORE_START,1516299710284,78
1997,PLAYER_SLEEPBEFORE_END,1516299711152,78
1997,WS_SEND_START,1516299711152,78
1997,WS_SEND_END,1516299711152,78
1997,WS_RECV_START,1516299711152,79
1997,WS_RECV_END,1516299712247,79
1997,PLAYER_SLEEPBEFORE_START,1516299712247,80
1997,PLAYER_SLEEPBEFORE_END,1516299719913,80
1997,WS_SEND_START,1516299719913,80
1997,WS_SEND_END,1516299719913,80
1997,WS_RECV_START,1516299719913,81
1997,WS_RECV_END,1516299722076,81
1997,PLAYER_SLEEPBEFORE_START,1516299722076,82
1997,PLAYER_SLEEPBEFORE_END,1516299723178,82
1997,WS_SEND_START,1516299723178,82
1997,WS_SEND_END,1516299723178,82
1997,WS_RECV_START,1516299723178,83
1997,WS_RECV_END,1516299724892,83
1997,PLAYER_SLEEPBEFORE_START,1516299724892,84
1997,PLAYER_SLEEPBEFORE_END,1516299725839,84
1997,WS_SEND_START,1516299725839,84
1997,WS_SEND_END,1516299725839,84
1997,WS_RECV_START,1516299725839,85
1997,WS_RECV_END,1516299727789,85
1997,PLAYER_SLEEPBEFORE_START,1516299727789,86
1997,PLAYER_SLEEPBEFORE_END,1516299731961,86
1997,WS_SEND_START,1516299731961,86
1997,WS_SEND_END,1516299731961,86
1997,WS_RECV_START,1516299731961,87
1997,WS_RECV_END,1516299732831,87
1997,PLAYER_SLEEPBEFORE_START,1516299732831,88
1997,PLAYER_SLEEPBEFORE_END,1516299732840,88
1997,WS_SEND_START,1516299732840,88
1997,WS_SEND_END,1516299732840,88
1997,WS_RECV_START,1516299732840,89
1997,WS_RECV_END,1516299733831,89
1997,PLAYER_SLEEPBEFORE_START,1516299733831,90
1997,PLAYER_SLEEPBEFORE_END,1516299761028,90
1997,REQ_START,1516299761028,90
1997,REQ_END,1516299761036,90
1997,PLAYER_SLEEPBEFORE_START,1516299761036,91
1997,PLAYER_SLEEPBEFORE_END,1516299768926,91
1997,WS_SEND_START,1516299768926,91
1997,WS_SEND_END,1516299768926,91
1997,WS_RECV_START,1516299768926,92
1997,WS_RECV_END,1516299772283,92
1997,PLAYER_SLEEPBEFORE_START,1516299772283,93
1997,PLAYER_SLEEPBEFORE_END,1516299772298,93
1997,WS_SEND_START,1516299772298,93
1997,WS_SEND_END,1516299772298,93
1997,WS_RECV_START,1516299772298,94
1997,WS_RECV_END,1516299774290,94
1997,PLAYER_SLEEPBEFORE_START,1516299774290,95
1997,PLAYER_SLEEPBEFORE_END,1516299797845,95
1997,WS_SEND_START,1516299797845,95
1997,WS_SEND_END,1516299797845,95
1997,WS_RECV_START,1516299797845,96
1997,WS_RECV_END,1516299799519,96
1997,PLAYER_SLEEPBEFORE_START,1516299799519,97
1997,PLAYER_SLEEPBEFORE_END,1516299821960,97
1997,WS_SEND_START,1516299821960,97
1997,WS_SEND_END,1516299821960,97
1997,WS_RECV_START,1516299821960,98
1997,WS_RECV_END,1516299824856,98
1997,PLAYER_SLEEPBEFORE_START,1516299824856,99
1997,PLAYER_SLEEPBEFORE_END,1516299824877,99
1997,WS_SEND_START,1516299824877,99
1997,WS_SEND_END,1516299824877,99
1997,WS_RECV_START,1516299824877,100
1997,WS_RECV_END,1516299826788,100
1997,PLAYER_SLEEPBEFORE_START,1516299826788,101
1997,PLAYER_SLEEPBEFORE_END,1516299850347,101
1997,WS_SEND_START,1516299850347,101
1997,WS_SEND_END,1516299850347,101
1997,WS_RECV_START,1516299850347,102
1997,WS_RECV_END,1516299851263,102
1997,PLAYER_SLEEPBEFORE_START,1516299851263,103
1997,PLAYER_SLEEPBEFORE_END,1516299874888,103
1997,WS_SEND_START,1516299874888,103
1997,WS_SEND_END,1516299874888,103
1997,WS_RECV_START,1516299874888,104
1997,WS_RECV_END,1516299880651,104
1997,PLAYER_SLEEPBEFORE_START,1516299880651,105
1997,PLAYER_SLEEPBEFORE_END,1516299906028,105
1997,WS_SEND_START,1516299906028,105
1997,WS_SEND_END,1516299906028,105
1997,WS_RECV_START,1516299906028,106
1997,WS_RECV_END,1516299906417,106
1997,PLAYER_SLEEPBEFORE_START,1516299906417,107
1997,PLAYER_SLEEPBEFORE_END,1516299929840,107
1997,WS_SEND_START,1516299929840,107
1997,WS_SEND_END,1516299929840,107
1997,WS_RECV_START,1516299929840,108
1997,WS_RECV_END,1516299931023,108
1997,PLAYER_SLEEPBEFORE_START,1516299931023,109
1997,PLAYER_SLEEPBEFORE_END,1516299931032,109
1997,WS_SEND_START,1516299931032,109
1997,WS_SEND_END,1516299931032,109
1997,WS_RECV_START,1516299931032,110
1997,WS_RECV_END,1516299931326,110
1997,PLAYER_SLEEPBEFORE_START,1516299931326,111
1997,PLAYER_SLEEPBEFORE_END,1516299932285,111
1997,WS_SEND_START,1516299932285,111
1997,WS_SEND_END,1516299932285,111
1997,WS_RECV_START,1516299932285,112
1997,WS_RECV_END,1516299932560,112
1997,PLAYER_SLEEPBEFORE_START,1516299932560,113
1997,PLAYER_SLEEPBEFORE_END,1516299933122,113
1997,WS_SEND_START,1516299933122,113
1997,WS_SEND_END,1516299933122,113
1997,WS_RECV_START,1516299933122,114
1997,WS_RECV_END,1516299934456,114
1997,PLAYER_SLEEPBEFORE_START,1516299934456,115
1997,PLAYER_SLEEPBEFORE_END,1516299934465,115
1997,WS_SEND_START,1516299934465,115
1997,WS_SEND_END,1516299934465,115
1997,WS_RECV_START,1516299934465,116
1997,WS_RECV_END,1516299936715,116
1997,PLAYER_SLEEPBEFORE_START,1516299936715,117
1997,PLAYER_SLEEPBEFORE_END,1516299957075,117
1997,WS_SEND_START,1516299957075,117
1997,WS_SEND_END,1516299957075,117
1997,PLAYER_SLEEPBEFORE_START,1516299957075,118
1997,PLAYER_SLEEPBEFORE_END,1516299960828,118
1997,WS_SEND_START,1516299960828,118
1997,WS_SEND_END,1516299960828,118
1997,WS_RECV_START,1516299960828,119
1997,WS_RECV_END,1516299960963,119
1997,PLAYER_SLEEPBEFORE_START,1516299960963,120
1997,PLAYER_SLEEPBEFORE_END,1516299961952,120
1997,WS_SEND_START,1516299961952,120
1997,WS_SEND_END,1516299961952,120
1997,WS_RECV_START,1516299961952,121
1997,WS_RECV_END,1516299962209,121
1997,PLAYER_SLEEPBEFORE_START,1516299962209,122
1997,PLAYER_SLEEPBEFORE_END,1516299963394,122
1997,WS_SEND_START,1516299963394,122
1997,WS_SEND_END,1516299963395,122
1997,WS_RECV_START,1516299963395,123
1997,WS_RECV_END,1516299963544,123
1997,PLAYER_SLEEPBEFORE_START,1516299963544,124
1997,PLAYER_SLEEPBEFORE_END,1516299987949,124
1997,WS_SEND_START,1516299987949,124
1997,WS_SEND_END,1516299987949,124
1997,WS_RECV_START,1516299987949,125
1997,WS_RECV_END,1516299989922,125
1997,PLAYER_SLEEPBEFORE_START,1516299989922,126
1997,PLAYER_SLEEPBEFORE_END,1516300010435,126
1997,WS_SEND_START,1516300010435,126
1997,WS_SEND_END,1516300010435,126
1997,PLAYER_SLEEPBEFORE_START,1516300010435,127
1997,PLAYER_SLEEPBEFORE_END,1516300013489,127
1997,WS_SEND_START,1516300013489,127
1997,WS_SEND_END,1516300013489,127
1997,WS_RECV_START,1516300013489,128
1997,WS_RECV_END,1516300013790,128
1997,PLAYER_SLEEPBEFORE_START,1516300013790,129
1997,PLAYER_SLEEPBEFORE_END,1516300013810,129
1997,WS_SEND_START,1516300013810,129
1997,WS_SEND_END,1516300013810,129
1997,WS_RECV_START,1516300013810,130
1997,WS_RECV_END,1516300014085,130
1997,PLAYER_SLEEPBEFORE_START,1516300014085,131
1997,PLAYER_SLEEPBEFORE_END,1516300035709,131
1997,WS_SEND_START,1516300035709,131
1997,WS_SEND_END,1516300035709,131
1997,PLAYER_SLEEPBEFORE_START,1516300035709,132
1997,PLAYER_SLEEPBEFORE_END,1516300038789,132
1997,WS_SEND_START,1516300038789,132
1997,WS_SEND_END,1516300038789,132
1997,WS_RECV_START,1516300038789,133
1997,WS_RECV_END,1516300039029,133
1997,PLAYER_SLEEPBEFORE_START,1516300039029,134
1997,PLAYER_SLEEPBEFORE_END,1516300060275,134
1997,WS_SEND_START,1516300060275,134
1997,WS_SEND_END,1516300060275,134
1997,PLAYER_SLEEPBEFORE_START,1516300060275,135
1997,PLAYER_SLEEPBEFORE_END,1516300063465,135
1997,WS_SEND_START,1516300063465,135
1997,WS_SEND_END,1516300063465,135
1997,WS_RECV_START,1516300063465,136
1997,WS_RECV_END,1516300064124,136
1997,PLAYER_SLEEPBEFORE_START,1516300064124,137
1997,PLAYER_SLEEPBEFORE_END,1516300064131,137
1997,WS_SEND_START,1516300064131,137
1997,WS_SEND_END,1516300064131,137
1997,WS_RECV_START,1516300064131,138
1997,WS_RECV_END,1516300065333,138
1997,PLAYER_SLEEPBEFORE_START,1516300065333,139
1997,PLAYER_SLEEPBEFORE_END,1516300066023,139
1997,WS_SEND_START,1516300066023,139
1997,WS_SEND_END,1516300066023,139
1997,WS_RECV_START,1516300066023,140
1997,WS_RECV_END,1516300066262,140
1997,PLAYER_SLEEPBEFORE_START,1516300066262,141
1997,PLAYER_SLEEPBEFORE_END,1516300066917,141
1997,WS_SEND_START,1516300066917,141
1997,WS_SEND_END,1516300066917,141
1997,WS_RECV_START,1516300066917,142
1997,WS_RECV_END,1516300068129,142
1997,PLAYER_SLEEPBEFORE_START,1516300068129,143
1997,PLAYER_SLEEPBEFORE_END,1516300068187,143
1997,WS_SEND_START,1516300068187,143
1997,WS_SEND_END,1516300068187,143
1997,WS_RECV_START,1516300068187,144
1997,WS_RECV_END,1516300068818,144
1997,PLAYER_SLEEPBEFORE_START,1516300068818,145
1997,PLAYER_SLEEPBEFORE_END,1516300084880,145
1997,REQ_START,1516300084880,145
1997,REQ_END,1516300084889,145
1997,PLAYER_SLEEPBEFORE_START,1516300084889,146
1997,PLAYER_SLEEPBEFORE_END,1516300093766,146
1997,WS_SEND_START,1516300093766,146
1997,WS_SEND_END,1516300093766,146
1997,WS_RECV_START,1516300093766,147
1997,WS_RECV_END,1516300094562,147
1997,PLAYER_SLEEPBEFORE_START,1516300094562,148
1997,PLAYER_SLEEPBEFORE_END,1516300116484,148
1997,WS_SEND_START,1516300116484,148
1997,WS_SEND_END,1516300116484,148
1997,PLAYER_SLEEPBEFORE_START,1516300116484,149
1997,PLAYER_SLEEPBEFORE_END,1516300118912,149
1997,WS_SEND_START,1516300118912,149
1997,WS_SEND_END,1516300118912,149
1997,WS_RECV_START,1516300118912,150
1997,WS_RECV_END,1516300119788,150
1997,PLAYER_SLEEPBEFORE_START,1516300119788,151
1997,PLAYER_SLEEPBEFORE_END,1516300119998,151
1997,WS_SEND_START,1516300119998,151
1997,WS_SEND_END,1516300119998,151
1997,WS_RECV_START,1516300119998,152
1997,WS_RECV_END,1516300122101,152
1997,PLAYER_SLEEPBEFORE_START,1516300122101,153
1997,PLAYER_SLEEPBEFORE_END,1516300146028,153
1997,WS_SEND_START,1516300146028,153
1997,WS_SEND_END,1516300146028,153
1997,WS_RECV_START,1516300146028,154
1997,WS_RECV_END,1516300147452,154
1997,PLAYER_SLEEPBEFORE_START,1516300147452,155
1997,PLAYER_SLEEPBEFORE_END,1516300170010,155
1997,WS_SEND_START,1516300170010,155
1997,WS_SEND_END,1516300170010,155
1997,PLAYER_SLEEPBEFORE_START,1516300170010,156
1997,PLAYER_SLEEPBEFORE_END,1516300173285,156
1997,WS_SEND_START,1516300173285,156
1997,WS_SEND_END,1516300173285,156
1997,WS_RECV_START,1516300173285,157
1997,WS_RECV_END,1516300176617,157
1997,PLAYER_SLEEPBEFORE_START,1516300176617,158
1997,PLAYER_SLEEPBEFORE_END,1516300176627,158
1997,WS_SEND_START,1516300176627,158
1997,WS_SEND_END,1516300176627,158
1997,WS_RECV_START,1516300176627,159
1997,WS_RECV_END,1516300180619,159
1997,PLAYER_SLEEPBEFORE_START,1516300180619,160
1997,PLAYER_SLEEPBEFORE_END,1516300180794,160
1997,WS_SEND_START,1516300180794,160
1997,WS_SEND_END,1516300180794,160
1997,WS_RECV_START,1516300180794,161
1997,WS_RECV_END,1516300185163,161
1997,PLAYER_SLEEPBEFORE_START,1516300185163,162
1997,PLAYER_SLEEPBEFORE_END,1516300185188,162
1997,WS_SEND_START,1516300185188,162
1997,WS_SEND_END,1516300185188,162
1997,WS_RECV_START,1516300185188,163
1997,WS_RECV_END,1516300189341,163
1997,PLAYER_SLEEPBEFORE_START,1516300189341,164
1997,PLAYER_SLEEPBEFORE_END,1516300210153,164
1997,WS_SEND_START,1516300210153,164
1997,WS_SEND_END,1516300210153,164
1997,WS_RECV_START,1516300210153,165
1997,WS_RECV_END,1516300214240,165
1997,PLAYER_SLEEPBEFORE_START,1516300214240,166
1997,PLAYER_SLEEPBEFORE_END,1516300236696,166
1997,WS_SEND_START,1516300236696,166
1997,WS_SEND_END,1516300236696,166
1997,WS_RECV_START,1516300236696,167
1997,WS_RECV_END,1516300238025,167
1997,PLAYER_SLEEPBEFORE_START,1516300238025,168
1997,PLAYER_SLEEPBEFORE_END,1516300265382,168
1997,WS_SEND_START,1516300265382,168
1997,WS_SEND_END,1516300265382,168
1997,WS_RECV_START,1516300265382,169
1997,WS_RECV_END,1516300267982,169
1997,PLAYER_SLEEPBEFORE_START,1516300267982,170
1997,PLAYER_SLEEPBEFORE_END,1516300267991,170
1997,WS_SEND_START,1516300267991,170
1997,WS_SEND_END,1516300267991,170
1997,WS_RECV_START,1516300267992,171
1997,WS_RECV_END,1516300269263,171
1997,PLAYER_SLEEPBEFORE_START,1516300269263,172
1997,PLAYER_SLEEPBEFORE_END,1516300269632,172
1997,WS_SEND_START,1516300269632,172
1997,WS_SEND_END,1516300269632,172
1997,WS_RECV_START,1516300269632,173
1997,WS_RECV_END,1516300270456,173
1997,PLAYER_SLEEPBEFORE_START,1516300270456,174
1997,PLAYER_SLEEPBEFORE_END,1516300270497,174
1997,WS_SEND_START,1516300270497,174
1997,WS_SEND_END,1516300270497,174
1997,WS_RECV_START,1516300270497,175
1997,WS_RECV_END,1516300271320,175
1997,PLAYER_SLEEPBEFORE_START,1516300271320,176
1997,PLAYER_SLEEPBEFORE_END,1516300293081,176
1997,WS_SEND_START,1516300293081,176
1997,WS_SEND_END,1516300293081,176
1997,PLAYER_SLEEPBEFORE_START,1516300293081,177
1997,PLAYER_SLEEPBEFORE_END,1516300295600,177
1997,WS_SEND_START,1516300295600,177
1997,WS_SEND_END,1516300295600,177
1997,WS_RECV_START,1516300295600,178
1997,WS_RECV_END,1516300296190,178
1997,PLAYER_SLEEPBEFORE_START,1516300296190,179
1997,PLAYER_SLEEPBEFORE_END,1516300318530,179
1997,WS_SEND_START,1516300318530,179
1997,WS_SEND_END,1516300318530,179
1997,WS_RECV_START,1516300318530,180
1997,WS_RECV_END,1516300319297,180
1997,PLAYER_SLEEPBEFORE_START,1516300319297,181
1997,PLAYER_SLEEPBEFORE_END,1516300319742,181
1997,WS_SEND_START,1516300319742,181
1997,WS_SEND_END,1516300319742,181
1997,WS_RECV_START,1516300319742,182
1997,WS_RECV_END,1516300320548,182
1997,PLAYER_SLEEPBEFORE_START,1516300320548,183
1997,PLAYER_SLEEPBEFORE_END,1516300321072,183
1997,WS_SEND_START,1516300321072,183
1997,WS_SEND_END,1516300321072,183
1997,WS_RECV_START,1516300321072,184
1997,WS_RECV_END,1516300322255,184
1997,PLAYER_SLEEPBEFORE_START,1516300322255,185
1997,PLAYER_SLEEPBEFORE_END,1516300322523,185
1997,WS_SEND_START,1516300322523,185
1997,WS_SEND_END,1516300322523,185
1997,WS_RECV_START,1516300322523,186
1997,WS_RECV_END,1516300323281,186
1997,PLAYER_SLEEPBEFORE_START,1516300323281,187
1997,PLAYER_SLEEPBEFORE_END,1516300345781,187
1997,WS_SEND_START,1516300345781,187
1997,WS_SEND_END,1516300345781,187
1997,WS_RECV_START,1516300345781,188
1997,WS_RECV_END,1516300345853,188
1997,PLAYER_SLEEPBEFORE_START,1516300345853,189
1997,PLAYER_SLEEPBEFORE_END,1516300352092,189
1997,WS_SEND_START,1516300352092,189
1997,WS_SEND_END,1516300352092,189
1997,WS_RECV_START,1516300352092,190
1997,WS_RECV_END,1516300352227,190
1997,PLAYER_SLEEPBEFORE_START,1516300352227,191
1997,PLAYER_SLEEPBEFORE_END,1516300354142,191
1997,WS_SEND_START,1516300354142,191
1997,WS_SEND_END,1516300354142,191
1997,WS_RECV_START,1516300354142,192
1997,WS_RECV_END,1516300354360,192
1997,PLAYER_SLEEPBEFORE_START,1516300354360,193
1997,PLAYER_SLEEPBEFORE_END,1516300354488,193
1997,WS_SEND_START,1516300354488,193
1997,WS_SEND_END,1516300354488,193
1997,WS_RECV_START,1516300354488,194
1997,WS_RECV_END,1516300354687,194
1997,PLAYER_SLEEPBEFORE_START,1516300354687,195
1997,PLAYER_SLEEPBEFORE_END,1516300356442,195
1997,WS_SEND_START,1516300356442,195
1997,WS_SEND_END,1516300356442,195
1997,WS_RECV_START,1516300356442,196
1997,WS_RECV_END,1516300356703,196
1997,PLAYER_SLEEPBEFORE_START,1516300356703,197
1997,PLAYER_SLEEPBEFORE_END,1516300358507,197
1997,WS_SEND_START,1516300358507,197
1997,WS_SEND_END,1516300358507,197
1997,WS_RECV_START,1516300358507,198
1997,WS_RECV_END,1516300358764,198
1997,PLAYER_SLEEPBEFORE_START,1516300358764,199
1997,PLAYER_SLEEPBEFORE_END,1516300370619,199
1997,WS_SEND_START,1516300370619,199
1997,WS_SEND_END,1516300370619,199
1997,PLAYER_SLEEPBEFORE_START,1516300370619,200
1997,PLAYER_SLEEPBEFORE_END,1516300374707,200
1997,WS_SEND_START,1516300374707,200
1997,WS_SEND_END,1516300374707,200
1997,WS_RECV_START,1516300374707,201
1997,WS_RECV_END,1516300374920,201
1997,PLAYER_SLEEPBEFORE_START,1516300374920,202
1997,PLAYER_SLEEPBEFORE_END,1516300374935,202
1997,WS_SEND_START,1516300374935,202
1997,WS_SEND_END,1516300374935,202
1997,WS_RECV_START,1516300374935,203
1997,WS_RECV_END,1516300375139,203
1997,PLAYER_SLEEPBEFORE_START,1516300375139,204
1997,PLAYER_SLEEPBEFORE_END,1516300394788,204
1997,WS_SEND_START,1516300394788,204
1997,WS_SEND_END,1516300394788,204
1997,PLAYER_SLEEPBEFORE_START,1516300394788,205
1997,PLAYER_SLEEPBEFORE_END,1516300398686,205
1997,WS_SEND_START,1516300398686,205
1997,WS_SEND_END,1516300398686,205
1997,WS_RECV_START,1516300398686,206
1997,WS_RECV_END,1516300398832,206
1997,PLAYER_SLEEPBEFORE_START,1516300398832,207
1997,PLAYER_SLEEPBEFORE_END,1516300415763,207
1997,REQ_START,1516300415763,207
1997,REQ_END,1516300415771,207
1997,PLAYER_SLEEPBEFORE_START,1516300415771,208
1997,PLAYER_SLEEPBEFORE_END,1516300422623,208
1997,WS_CLOSE_START,1516300422623,208
1997,WS_CLOSE_END,1516300422623,208
1997,PLAYER_DONE,1516300422623
