# --sessions 2700 --app-url=http://shinyloadtest.rstudioservices.com/cran_explorer --output-dir test2700 --overwrite-output --log-level warn --start-interval 100 15min.log
thread_id,event,timestamp,input_line_number,comment
201,PLAYER_SESSION_CREATE,1516299245318
201,PLAYER_START_INTERVAL_START,1516299245318
201,PLAYER_START_INTERVAL_END,1516299265418
201,REQ_HOME_START,1516299265418,2
201,REQ_HOME_END,1516299265507,2
201,REQ_START,1516299265507,3
201,REQ_END,1516299265540,3
201,REQ_START,1516299265540,4
201,REQ_END,1516299265576,4
201,REQ_START,1516299265576,5
201,REQ_END,1516299265623,5
201,REQ_START,1516299265623,6
201,REQ_END,1516299265663,6
201,REQ_START,1516299265663,7
201,REQ_END,1516299265703,7
201,REQ_START,1516299265703,8
201,REQ_END,1516299265739,8
201,REQ_START,1516299265740,9
201,REQ_END,1516299265777,9
201,REQ_START,1516299265777,10
201,REQ_END,1516299265786,10
201,REQ_START,1516299265786,11
201,REQ_END,1516299265819,11
201,REQ_START,1516299265819,12
201,REQ_END,1516299265829,12
201,REQ_START,1516299265829,13
201,REQ_END,1516299265885,13
201,REQ_START,1516299265885,14
201,REQ_END,1516299265914,14
201,REQ_START,1516299265914,15
201,REQ_END,1516299265956,15
201,REQ_TOK_START,1516299265956,16
201,REQ_TOK_END,1516299265963,16
201,REQ_SINF_START,1516299265963,17
201,REQ_SINF_END,1516299265971,17
201,WS_OPEN_START,1516299265971,18
201,WS_OPEN_END,1516299265978,18
201,REQ_START,1516299265978,19
201,REQ_END,1516299266007,19
201,WS_RECV_START,1516299266007,20
201,WS_RECV_END,1516299266007,20
201,PLAYER_SLEEPBEFORE_START,1516299266007,21
201,PLAYER_SLEEPBEFORE_END,1516299266012,21
201,WS_SEND_START,1516299266012,21
201,WS_SEND_END,1516299266012,21
201,PLAYER_SLEEPBEFORE_START,1516299266012,22
201,PLAYER_SLEEPBEFORE_END,1516299266013,22
201,WS_SEND_START,1516299266013,22
201,WS_SEND_END,1516299266013,22
201,WS_RECV_INIT_START,1516299266013,23
201,WS_RECV_INIT_END,1516299266029,23
201,WS_RECV_START,1516299266029,24
201,WS_RECV_END,1516299266097,24
201,PLAYER_SLEEPBEFORE_START,1516299266097,25
201,PLAYER_SLEEPBEFORE_END,1516299266104,25
201,REQ_START,1516299266104,25
201,REQ_END,1516299266137,25
201,PLAYER_SLEEPBEFORE_START,1516299266137,26
201,PLAYER_SLEEPBEFORE_END,1516299266138,26
201,REQ_START,1516299266138,26
201,REQ_END,1516299266173,26
201,PLAYER_SLEEPBEFORE_START,1516299266173,27
201,PLAYER_SLEEPBEFORE_END,1516299266176,27
201,REQ_START,1516299266176,27
201,REQ_END,1516299266207,27
201,PLAYER_SLEEPBEFORE_START,1516299266207,28
201,PLAYER_SLEEPBEFORE_END,1516299266492,28
201,REQ_START,1516299266492,28
201,REQ_END,1516299266528,28
201,PLAYER_SLEEPBEFORE_START,1516299266528,29
201,PLAYER_SLEEPBEFORE_END,1516299266703,29
201,WS_SEND_START,1516299266703,29
201,WS_SEND_END,1516299266703,29
201,WS_RECV_START,1516299266703,30
201,WS_RECV_END,1516299266807,30
201,PLAYER_SLEEPBEFORE_START,1516299266807,31
201,PLAYER_SLEEPBEFORE_END,1516299266818,31
201,REQ_START,1516299266818,31
201,REQ_END,1516299266850,31
201,PLAYER_SLEEPBEFORE_START,1516299266850,32
201,PLAYER_SLEEPBEFORE_END,1516299294995,32
201,WS_SEND_START,1516299294995,32
201,WS_SEND_END,1516299294995,32
201,WS_RECV_START,1516299294995,33
201,WS_RECV_END,1516299295128,33
201,PLAYER_SLEEPBEFORE_START,1516299295128,34
201,PLAYER_SLEEPBEFORE_END,1516299321040,34
201,WS_SEND_START,1516299321040,34
201,WS_SEND_END,1516299321040,34
201,WS_RECV_START,1516299321040,35
201,WS_RECV_END,1516299321108,35
201,PLAYER_SLEEPBEFORE_START,1516299321108,36
201,PLAYER_SLEEPBEFORE_END,1516299321117,36
201,WS_SEND_START,1516299321117,36
201,WS_SEND_END,1516299321117,36
201,WS_RECV_START,1516299321117,37
201,WS_RECV_END,1516299321185,37
201,PLAYER_SLEEPBEFORE_START,1516299321185,38
201,PLAYER_SLEEPBEFORE_END,1516299324380,38
201,WS_SEND_START,1516299324380,38
201,WS_SEND_END,1516299324380,38
201,WS_RECV_START,1516299324380,39
201,WS_RECV_END,1516299324717,39
201,PLAYER_SLEEPBEFORE_START,1516299324717,40
201,PLAYER_SLEEPBEFORE_END,1516299324763,40
201,WS_SEND_START,1516299324763,40
201,WS_SEND_END,1516299324763,40
201,WS_RECV_START,1516299324763,41
201,WS_RECV_END,1516299324918,41
201,PLAYER_SLEEPBEFORE_START,1516299324918,42
201,PLAYER_SLEEPBEFORE_END,1516299343053,42
201,WS_SEND_START,1516299343054,42
201,WS_SEND_END,1516299343054,42
201,WS_RECV_START,1516299343054,43
201,WS_RECV_END,1516299343145,43
201,PLAYER_SLEEPBEFORE_START,1516299343145,44
201,PLAYER_SLEEPBEFORE_END,1516299343157,44
201,WS_SEND_START,1516299343157,44
201,WS_SEND_END,1516299343157,44
201,WS_RECV_START,1516299343157,45
201,WS_RECV_END,1516299343397,45
201,PLAYER_SLEEPBEFORE_START,1516299343397,46
201,PLAYER_SLEEPBEFORE_END,1516299344657,46
201,WS_SEND_START,1516299344657,46
201,WS_SEND_END,1516299344657,46
201,WS_RECV_START,1516299344657,47
201,WS_RECV_END,1516299344813,47
201,PLAYER_SLEEPBEFORE_START,1516299344813,48
201,PLAYER_SLEEPBEFORE_END,1516299346134,48
201,WS_SEND_START,1516299346134,48
201,WS_SEND_END,1516299346134,48
201,WS_RECV_START,1516299346134,49
201,WS_RECV_END,1516299346259,49
201,PLAYER_SLEEPBEFORE_START,1516299346259,50
201,PLAYER_SLEEPBEFORE_END,1516299346283,50
201,WS_SEND_START,1516299346283,50
201,WS_SEND_END,1516299346283,50
201,WS_RECV_START,1516299346283,51
201,WS_RECV_END,1516299346406,51
201,PLAYER_SLEEPBEFORE_START,1516299346406,52
201,PLAYER_SLEEPBEFORE_END,1516299368970,52
201,WS_SEND_START,1516299368970,52
201,WS_SEND_END,1516299368970,52
201,WS_RECV_START,1516299368970,53
201,WS_RECV_END,1516299369080,53
201,PLAYER_SLEEPBEFORE_START,1516299369080,54
201,PLAYER_SLEEPBEFORE_END,1516299390383,54
201,WS_SEND_START,1516299390383,54
201,WS_SEND_END,1516299390383,54
201,PLAYER_SLEEPBEFORE_START,1516299390383,55
201,PLAYER_SLEEPBEFORE_END,1516299392324,55
201,WS_SEND_START,1516299392324,55
201,WS_SEND_END,1516299392324,55
201,WS_RECV_START,1516299392324,56
201,WS_RECV_END,1516299392375,56
201,PLAYER_SLEEPBEFORE_START,1516299392375,57
201,PLAYER_SLEEPBEFORE_END,1516299415280,57
201,WS_SEND_START,1516299415280,57
201,WS_SEND_END,1516299415280,57
201,WS_RECV_START,1516299415280,58
201,WS_RECV_END,1516299415666,58
201,PLAYER_SLEEPBEFORE_START,1516299415666,59
201,PLAYER_SLEEPBEFORE_END,1516299417993,59
201,WS_SEND_START,1516299417993,59
201,WS_SEND_END,1516299417993,59
201,WS_RECV_START,1516299417993,60
201,WS_RECV_END,1516299418119,60
201,PLAYER_SLEEPBEFORE_START,1516299418119,61
201,PLAYER_SLEEPBEFORE_END,1516299421710,61
201,WS_SEND_START,1516299421710,61
201,WS_SEND_END,1516299421710,61
201,WS_RECV_START,1516299421710,62
201,WS_RECV_END,1516299421873,62
201,PLAYER_SLEEPBEFORE_START,1516299421873,63
201,PLAYER_SLEEPBEFORE_END,1516299441135,63
201,WS_SEND_START,1516299441135,63
201,WS_SEND_END,1516299441135,63
201,WS_RECV_START,1516299441135,64
201,WS_RECV_END,1516299441326,64
201,PLAYER_SLEEPBEFORE_START,1516299441326,65
201,PLAYER_SLEEPBEFORE_END,1516299468144,65
201,WS_SEND_START,1516299468144,65
201,WS_SEND_END,1516299468144,65
201,WS_RECV_START,1516299468144,66
201,WS_RECV_END,1516299468422,66
201,PLAYER_SLEEPBEFORE_START,1516299468422,67
201,PLAYER_SLEEPBEFORE_END,1516299469929,67
201,WS_SEND_START,1516299469929,67
201,WS_SEND_END,1516299469929,67
201,WS_RECV_START,1516299469929,68
201,WS_RECV_END,1516299470153,68
201,PLAYER_SLEEPBEFORE_START,1516299470153,69
201,PLAYER_SLEEPBEFORE_END,1516299492152,69
201,WS_SEND_START,1516299492152,69
201,WS_SEND_END,1516299492152,69
201,WS_RECV_START,1516299492152,70
201,WS_RECV_END,1516299492786,70
201,PLAYER_SLEEPBEFORE_START,1516299492786,71
201,PLAYER_SLEEPBEFORE_END,1516299517562,71
201,WS_SEND_START,1516299517562,71
201,WS_SEND_END,1516299517562,71
201,PLAYER_SLEEPBEFORE_START,1516299517562,72
201,PLAYER_SLEEPBEFORE_END,1516299520169,72
201,WS_SEND_START,1516299520169,72
201,WS_SEND_END,1516299520169,72
201,WS_RECV_START,1516299520169,73
201,WS_RECV_END,1516299521442,73
201,PLAYER_SLEEPBEFORE_START,1516299521442,74
201,PLAYER_SLEEPBEFORE_END,1516299521451,74
201,WS_SEND_START,1516299521451,74
201,WS_SEND_END,1516299521452,74
201,WS_RECV_START,1516299521452,75
201,WS_RECV_END,1516299521749,75
201,PLAYER_SLEEPBEFORE_START,1516299521750,76
201,PLAYER_SLEEPBEFORE_END,1516299523256,76
201,WS_SEND_START,1516299523256,76
201,WS_SEND_END,1516299523256,76
201,WS_RECV_START,1516299523256,77
201,WS_RECV_END,1516299524130,77
201,PLAYER_SLEEPBEFORE_START,1516299524130,78
201,PLAYER_SLEEPBEFORE_END,1516299524998,78
201,WS_SEND_START,1516299524998,78
201,WS_SEND_END,1516299524998,78
201,WS_RECV_START,1516299524998,79
201,WS_RECV_END,1516299526184,79
201,PLAYER_SLEEPBEFORE_START,1516299526184,80
201,PLAYER_SLEEPBEFORE_END,1516299533851,80
201,WS_SEND_START,1516299533851,80
201,WS_SEND_END,1516299533851,80
201,WS_RECV_START,1516299533851,81
201,WS_RECV_END,1516299535222,81
201,PLAYER_SLEEPBEFORE_START,1516299535222,82
201,PLAYER_SLEEPBEFORE_END,1516299536324,82
201,WS_SEND_START,1516299536324,82
201,WS_SEND_END,1516299536324,82
201,WS_RECV_START,1516299536324,83
201,WS_RECV_END,1516299536598,83
201,PLAYER_SLEEPBEFORE_START,1516299536598,84
201,PLAYER_SLEEPBEFORE_END,1516299537546,84
201,WS_SEND_START,1516299537546,84
201,WS_SEND_END,1516299537546,84
201,WS_RECV_START,1516299537546,85
201,WS_RECV_END,1516299538901,85
201,PLAYER_SLEEPBEFORE_START,1516299538901,86
201,PLAYER_SLEEPBEFORE_END,1516299543073,86
201,WS_SEND_START,1516299543074,86
201,WS_SEND_END,1516299543074,86
201,WS_RECV_START,1516299543074,87
201,WS_RECV_END,1516299546317,87
201,PLAYER_SLEEPBEFORE_START,1516299546317,88
201,PLAYER_SLEEPBEFORE_END,1516299546325,88
201,WS_SEND_START,1516299546325,88
201,WS_SEND_END,1516299546325,88
201,WS_RECV_START,1516299546325,89
201,WS_RECV_END,1516299548478,89
201,PLAYER_SLEEPBEFORE_START,1516299548478,90
201,PLAYER_SLEEPBEFORE_END,1516299575676,90
201,REQ_START,1516299575676,90
201,REQ_END,1516299575683,90
201,PLAYER_SLEEPBEFORE_START,1516299575683,91
201,PLAYER_SLEEPBEFORE_END,1516299583573,91
201,WS_SEND_START,1516299583573,91
201,WS_SEND_END,1516299583573,91
201,WS_RECV_START,1516299583573,92
201,WS_RECV_END,1516299587181,92
201,PLAYER_SLEEPBEFORE_START,1516299587181,93
201,PLAYER_SLEEPBEFORE_END,1516299587197,93
201,WS_SEND_START,1516299587197,93
201,WS_SEND_END,1516299587197,93
201,WS_RECV_START,1516299587197,94
201,WS_RECV_END,1516299588239,94
201,PLAYER_SLEEPBEFORE_START,1516299588239,95
201,PLAYER_SLEEPBEFORE_END,1516299611794,95
201,WS_SEND_START,1516299611794,95
201,WS_SEND_END,1516299611794,95
201,WS_RECV_START,1516299611794,96
201,WS_RECV_END,1516299612097,96
201,PLAYER_SLEEPBEFORE_START,1516299612097,97
201,PLAYER_SLEEPBEFORE_END,1516299634537,97
201,WS_SEND_START,1516299634537,97
201,WS_SEND_END,1516299634537,97
201,WS_RECV_START,1516299634537,98
201,WS_RECV_END,1516299636127,98
201,PLAYER_SLEEPBEFORE_START,1516299636127,99
201,PLAYER_SLEEPBEFORE_END,1516299636149,99
201,WS_SEND_START,1516299636149,99
201,WS_SEND_END,1516299636149,99
201,WS_RECV_START,1516299636149,100
201,WS_RECV_END,1516299637066,100
201,PLAYER_SLEEPBEFORE_START,1516299637066,101
201,PLAYER_SLEEPBEFORE_END,1516299660625,101
201,WS_SEND_START,1516299660625,101
201,WS_SEND_END,1516299660625,101
201,WS_RECV_START,1516299660625,102
201,WS_RECV_END,1516299660932,102
201,PLAYER_SLEEPBEFORE_START,1516299660932,103
201,PLAYER_SLEEPBEFORE_END,1516299684557,103
201,WS_SEND_START,1516299684557,103
201,WS_SEND_END,1516299684557,103
201,WS_RECV_START,1516299684557,104
201,WS_RECV_END,1516299684984,104
201,PLAYER_SLEEPBEFORE_START,1516299684984,105
201,PLAYER_SLEEPBEFORE_END,1516299710361,105
201,WS_SEND_START,1516299710361,105
201,WS_SEND_END,1516299710361,105
201,WS_RECV_START,1516299710361,106
201,WS_RECV_END,1516299711058,106
201,PLAYER_SLEEPBEFORE_START,1516299711058,107
201,PLAYER_SLEEPBEFORE_END,1516299734481,107
201,WS_SEND_START,1516299734481,107
201,WS_SEND_END,1516299734481,107
201,WS_RECV_START,1516299734481,108
201,WS_RECV_END,1516299734636,108
201,PLAYER_SLEEPBEFORE_START,1516299734636,109
201,PLAYER_SLEEPBEFORE_END,1516299734645,109
201,WS_SEND_START,1516299734645,109
201,WS_SEND_END,1516299734645,109
201,WS_RECV_START,1516299734645,110
201,WS_RECV_END,1516299734709,110
201,PLAYER_SLEEPBEFORE_START,1516299734709,111
201,PLAYER_SLEEPBEFORE_END,1516299735669,111
201,WS_SEND_START,1516299735669,111
201,WS_SEND_END,1516299735669,111
201,WS_RECV_START,1516299735669,112
201,WS_RECV_END,1516299735887,112
201,PLAYER_SLEEPBEFORE_START,1516299735887,113
201,PLAYER_SLEEPBEFORE_END,1516299736449,113
201,WS_SEND_START,1516299736449,113
201,WS_SEND_END,1516299736449,113
201,WS_RECV_START,1516299736449,114
201,WS_RECV_END,1516299736576,114
201,PLAYER_SLEEPBEFORE_START,1516299736576,115
201,PLAYER_SLEEPBEFORE_END,1516299736585,115
201,WS_SEND_START,1516299736585,115
201,WS_SEND_END,1516299736585,115
201,WS_RECV_START,1516299736585,116
201,WS_RECV_END,1516299736785,116
201,PLAYER_SLEEPBEFORE_START,1516299736785,117
201,PLAYER_SLEEPBEFORE_END,1516299757145,117
201,WS_SEND_START,1516299757145,117
201,WS_SEND_END,1516299757145,117
201,PLAYER_SLEEPBEFORE_START,1516299757145,118
201,PLAYER_SLEEPBEFORE_END,1516299760897,118
201,WS_SEND_START,1516299760897,118
201,WS_SEND_END,1516299760897,118
201,WS_RECV_START,1516299760897,119
201,WS_RECV_END,1516299762775,119
201,PLAYER_SLEEPBEFORE_START,1516299762775,120
201,PLAYER_SLEEPBEFORE_END,1516299763763,120
201,WS_SEND_START,1516299763763,120
201,WS_SEND_END,1516299763763,120
201,WS_RECV_START,1516299763763,121
201,WS_RECV_END,1516299766078,121
201,PLAYER_SLEEPBEFORE_START,1516299766078,122
201,PLAYER_SLEEPBEFORE_END,1516299767264,122
201,WS_SEND_START,1516299767264,122
201,WS_SEND_END,1516299767264,122
201,WS_RECV_START,1516299767264,123
201,WS_RECV_END,1516299768576,123
201,PLAYER_SLEEPBEFORE_START,1516299768576,124
201,PLAYER_SLEEPBEFORE_END,1516299792982,124
201,WS_SEND_START,1516299792982,124
201,WS_SEND_END,1516299792982,124
201,WS_RECV_START,1516299792982,125
201,WS_RECV_END,1516299793339,125
201,PLAYER_SLEEPBEFORE_START,1516299793339,126
201,PLAYER_SLEEPBEFORE_END,1516299813851,126
201,WS_SEND_START,1516299813851,126
201,WS_SEND_END,1516299813851,126
201,PLAYER_SLEEPBEFORE_START,1516299813851,127
201,PLAYER_SLEEPBEFORE_END,1516299816905,127
201,WS_SEND_START,1516299816905,127
201,WS_SEND_END,1516299816905,127
201,WS_RECV_START,1516299816905,128
201,WS_RECV_END,1516299817689,128
201,PLAYER_SLEEPBEFORE_START,1516299817689,129
201,PLAYER_SLEEPBEFORE_END,1516299817709,129
201,WS_SEND_START,1516299817709,129
201,WS_SEND_END,1516299817709,129
201,WS_RECV_START,1516299817709,130
201,WS_RECV_END,1516299818031,130
201,PLAYER_SLEEPBEFORE_START,1516299818031,131
201,PLAYER_SLEEPBEFORE_END,1516299839655,131
201,WS_SEND_START,1516299839655,131
201,WS_SEND_END,1516299839655,131
201,PLAYER_SLEEPBEFORE_START,1516299839655,132
201,PLAYER_SLEEPBEFORE_END,1516299842735,132
201,WS_SEND_START,1516299842735,132
201,WS_SEND_END,1516299842735,132
201,WS_RECV_START,1516299842735,133
201,WS_RECV_END,1516299843109,133
201,PLAYER_SLEEPBEFORE_START,1516299843109,134
201,PLAYER_SLEEPBEFORE_END,1516299864326,134
201,WS_SEND_START,1516299864326,134
201,WS_SEND_END,1516299864326,134
201,PLAYER_SLEEPBEFORE_START,1516299864326,135
201,PLAYER_SLEEPBEFORE_END,1516299867516,135
201,WS_SEND_START,1516299867516,135
201,WS_SEND_END,1516299867516,135
201,WS_RECV_START,1516299867516,136
201,WS_RECV_END,1516299868595,136
201,PLAYER_SLEEPBEFORE_START,1516299868595,137
201,PLAYER_SLEEPBEFORE_END,1516299868603,137
201,WS_SEND_START,1516299868603,137
201,WS_SEND_END,1516299868603,137
201,WS_RECV_START,1516299868603,138
201,WS_RECV_END,1516299869301,138
201,PLAYER_SLEEPBEFORE_START,1516299869301,139
201,PLAYER_SLEEPBEFORE_END,1516299869992,139
201,WS_SEND_START,1516299869992,139
201,WS_SEND_END,1516299869992,139
201,WS_RECV_START,1516299869992,140
201,WS_RECV_END,1516299871029,140
201,PLAYER_SLEEPBEFORE_START,1516299871029,141
201,PLAYER_SLEEPBEFORE_END,1516299871684,141
201,WS_SEND_START,1516299871684,141
201,WS_SEND_END,1516299871684,141
201,WS_RECV_START,1516299871684,142
201,WS_RECV_END,1516299872795,142
201,PLAYER_SLEEPBEFORE_START,1516299872795,143
201,PLAYER_SLEEPBEFORE_END,1516299872852,143
201,WS_SEND_START,1516299872852,143
201,WS_SEND_END,1516299872852,143
201,WS_RECV_START,1516299872852,144
201,WS_RECV_END,1516299874749,144
201,PLAYER_SLEEPBEFORE_START,1516299874749,145
201,PLAYER_SLEEPBEFORE_END,1516299890811,145
201,REQ_START,1516299890811,145
201,REQ_END,1516299890818,145
201,PLAYER_SLEEPBEFORE_START,1516299890818,146
201,PLAYER_SLEEPBEFORE_END,1516299899695,146
201,WS_SEND_START,1516299899695,146
201,WS_SEND_END,1516299899695,146
201,WS_RECV_START,1516299899695,147
201,WS_RECV_END,1516299900420,147
201,PLAYER_SLEEPBEFORE_START,1516299900421,148
201,PLAYER_SLEEPBEFORE_END,1516299922343,148
201,WS_SEND_START,1516299922343,148
201,WS_SEND_END,1516299922343,148
201,PLAYER_SLEEPBEFORE_START,1516299922343,149
201,PLAYER_SLEEPBEFORE_END,1516299924771,149
201,WS_SEND_START,1516299924771,149
201,WS_SEND_END,1516299924771,149
201,WS_RECV_START,1516299924771,150
201,WS_RECV_END,1516299926164,150
201,PLAYER_SLEEPBEFORE_START,1516299926164,151
201,PLAYER_SLEEPBEFORE_END,1516299926374,151
201,WS_SEND_START,1516299926374,151
201,WS_SEND_END,1516299926374,151
201,WS_RECV_START,1516299926374,152
201,WS_RECV_END,1516299927560,152
201,PLAYER_SLEEPBEFORE_START,1516299927560,153
201,PLAYER_SLEEPBEFORE_END,1516299951487,153
201,WS_SEND_START,1516299951487,153
201,WS_SEND_END,1516299951487,153
201,WS_RECV_START,1516299951487,154
201,WS_RECV_END,1516299952531,154
201,PLAYER_SLEEPBEFORE_START,1516299952531,155
201,PLAYER_SLEEPBEFORE_END,1516299975089,155
201,WS_SEND_START,1516299975089,155
201,WS_SEND_END,1516299975089,155
201,PLAYER_SLEEPBEFORE_START,1516299975089,156
201,PLAYER_SLEEPBEFORE_END,1516299978363,156
201,WS_SEND_START,1516299978363,156
201,WS_SEND_END,1516299978363,156
201,WS_RECV_START,1516299978363,157
201,WS_RECV_END,1516299978781,157
201,PLAYER_SLEEPBEFORE_START,1516299978781,158
201,PLAYER_SLEEPBEFORE_END,1516299978791,158
201,WS_SEND_START,1516299978791,158
201,WS_SEND_END,1516299978791,158
201,WS_RECV_START,1516299978791,159
201,WS_RECV_END,1516299978838,159
201,PLAYER_SLEEPBEFORE_START,1516299978838,160
201,PLAYER_SLEEPBEFORE_END,1516299979013,160
201,WS_SEND_START,1516299979013,160
201,WS_SEND_END,1516299979013,160
201,WS_RECV_START,1516299979013,161
201,WS_RECV_END,1516299979180,161
201,PLAYER_SLEEPBEFORE_START,1516299979180,162
201,PLAYER_SLEEPBEFORE_END,1516299979206,162
201,WS_SEND_START,1516299979206,162
201,WS_SEND_END,1516299979206,162
201,WS_RECV_START,1516299979206,163
201,WS_RECV_END,1516299979426,163
201,PLAYER_SLEEPBEFORE_START,1516299979426,164
201,PLAYER_SLEEPBEFORE_END,1516300000238,164
201,WS_SEND_START,1516300000238,164
201,WS_SEND_END,1516300000238,164
201,WS_RECV_START,1516300000238,165
201,WS_RECV_END,1516300001224,165
201,PLAYER_SLEEPBEFORE_START,1516300001224,166
201,PLAYER_SLEEPBEFORE_END,1516300023679,166
201,WS_SEND_START,1516300023679,166
201,WS_SEND_END,1516300023679,166
201,WS_RECV_START,1516300023679,167
201,WS_RECV_END,1516300023852,167
201,PLAYER_SLEEPBEFORE_START,1516300023852,168
201,PLAYER_SLEEPBEFORE_END,1516300051209,168
201,WS_SEND_START,1516300051209,168
201,WS_SEND_END,1516300051209,168
201,WS_RECV_START,1516300051209,169
201,WS_RECV_END,1516300051793,169
201,PLAYER_SLEEPBEFORE_START,1516300051793,170
201,PLAYER_SLEEPBEFORE_END,1516300051802,170
201,WS_SEND_START,1516300051802,170
201,WS_SEND_END,1516300051803,170
201,WS_RECV_START,1516300051803,171
201,WS_RECV_END,1516300052229,171
201,PLAYER_SLEEPBEFORE_START,1516300052229,172
201,PLAYER_SLEEPBEFORE_END,1516300052599,172
201,WS_SEND_START,1516300052599,172
201,WS_SEND_END,1516300052599,172
201,WS_RECV_START,1516300052599,173
201,WS_RECV_END,1516300052981,173
201,PLAYER_SLEEPBEFORE_START,1516300052981,174
201,PLAYER_SLEEPBEFORE_END,1516300053022,174
201,WS_SEND_START,1516300053022,174
201,WS_SEND_END,1516300053022,174
201,WS_RECV_START,1516300053022,175
201,WS_RECV_END,1516300053517,175
201,PLAYER_SLEEPBEFORE_START,1516300053517,176
201,PLAYER_SLEEPBEFORE_END,1516300075278,176
201,WS_SEND_START,1516300075278,176
201,WS_SEND_END,1516300075278,176
201,PLAYER_SLEEPBEFORE_START,1516300075278,177
201,PLAYER_SLEEPBEFORE_END,1516300077796,177
201,WS_SEND_START,1516300077796,177
201,WS_SEND_END,1516300077797,177
201,WS_RECV_START,1516300077797,178
201,WS_RECV_END,1516300079331,178
201,PLAYER_SLEEPBEFORE_START,1516300079331,179
201,PLAYER_SLEEPBEFORE_END,1516300101671,179
201,WS_SEND_START,1516300101671,179
201,WS_SEND_END,1516300101671,179
201,WS_RECV_START,1516300101671,180
201,WS_RECV_END,1516300102912,180
201,PLAYER_SLEEPBEFORE_START,1516300102912,181
201,PLAYER_SLEEPBEFORE_END,1516300103357,181
201,WS_SEND_START,1516300103357,181
201,WS_SEND_END,1516300103357,181
201,WS_RECV_START,1516300103357,182
201,WS_RECV_END,1516300103986,182
201,PLAYER_SLEEPBEFORE_START,1516300103986,183
201,PLAYER_SLEEPBEFORE_END,1516300104509,183
201,WS_SEND_START,1516300104509,183
201,WS_SEND_END,1516300104509,183
201,WS_RECV_START,1516300104509,184
201,WS_RECV_END,1516300105215,184
201,PLAYER_SLEEPBEFORE_START,1516300105215,185
201,PLAYER_SLEEPBEFORE_END,1516300105483,185
201,WS_SEND_START,1516300105483,185
201,WS_SEND_END,1516300105483,185
201,WS_RECV_START,1516300105483,186
201,WS_RECV_END,1516300106423,186
201,PLAYER_SLEEPBEFORE_START,1516300106423,187
201,PLAYER_SLEEPBEFORE_END,1516300128923,187
201,WS_SEND_START,1516300128923,187
201,WS_SEND_END,1516300128923,187
201,WS_RECV_START,1516300128923,188
201,WS_RECV_END,1516300130412,188
201,PLAYER_SLEEPBEFORE_START,1516300130412,189
201,PLAYER_SLEEPBEFORE_END,1516300136651,189
201,WS_SEND_START,1516300136651,189
201,WS_SEND_END,1516300136651,189
201,WS_RECV_START,1516300136651,190
201,WS_RECV_END,1516300138322,190
201,PLAYER_SLEEPBEFORE_START,1516300138322,191
201,PLAYER_SLEEPBEFORE_END,1516300140237,191
201,WS_SEND_START,1516300140237,191
201,WS_SEND_END,1516300140237,191
201,WS_RECV_START,1516300140237,192
201,WS_RECV_END,1516300142540,192
201,PLAYER_SLEEPBEFORE_START,1516300142540,193
201,PLAYER_SLEEPBEFORE_END,1516300142668,193
201,WS_SEND_START,1516300142668,193
201,WS_SEND_END,1516300142668,193
201,WS_RECV_START,1516300142668,194
201,WS_RECV_END,1516300147757,194
201,PLAYER_SLEEPBEFORE_START,1516300147757,195
201,PLAYER_SLEEPBEFORE_END,1516300149512,195
201,WS_SEND_START,1516300149512,195
201,WS_SEND_END,1516300149512,195
201,WS_RECV_START,1516300149512,196
201,WS_RECV_END,1516300153210,196
201,PLAYER_SLEEPBEFORE_START,1516300153210,197
201,PLAYER_SLEEPBEFORE_END,1516300155014,197
201,WS_SEND_START,1516300155014,197
201,WS_SEND_END,1516300155014,197
201,WS_RECV_START,1516300155014,198
201,WS_RECV_END,1516300159536,198
201,PLAYER_SLEEPBEFORE_START,1516300159536,199
201,PLAYER_SLEEPBEFORE_END,1516300171390,199
201,WS_SEND_START,1516300171390,199
201,WS_SEND_END,1516300171390,199
201,PLAYER_SLEEPBEFORE_START,1516300171390,200
201,PLAYER_SLEEPBEFORE_END,1516300175478,200
201,WS_SEND_START,1516300175478,200
201,WS_SEND_END,1516300175478,200
201,WS_RECV_START,1516300175478,201
201,WS_RECV_END,1516300176499,201
201,PLAYER_SLEEPBEFORE_START,1516300176499,202
201,PLAYER_SLEEPBEFORE_END,1516300176513,202
201,WS_SEND_START,1516300176513,202
201,WS_SEND_END,1516300176513,202
201,WS_RECV_START,1516300176513,203
201,WS_RECV_END,1516300180141,203
201,PLAYER_SLEEPBEFORE_START,1516300180141,204
201,PLAYER_SLEEPBEFORE_END,1516300199791,204
201,WS_SEND_START,1516300199791,204
201,WS_SEND_END,1516300199791,204
201,PLAYER_SLEEPBEFORE_START,1516300199791,205
201,PLAYER_SLEEPBEFORE_END,1516300203689,205
201,WS_SEND_START,1516300203689,205
201,WS_SEND_END,1516300203689,205
201,WS_RECV_START,1516300203689,206
201,WS_RECV_END,1516300204611,206
201,PLAYER_SLEEPBEFORE_START,1516300204611,207
201,PLAYER_SLEEPBEFORE_END,1516300221571,207
201,REQ_START,1516300221571,207
201,REQ_END,1516300221580,207
201,PLAYER_SLEEPBEFORE_START,1516300221580,208
201,PLAYER_SLEEPBEFORE_END,1516300228432,208
201,WS_CLOSE_START,1516300228432,208
201,WS_CLOSE_END,1516300228432,208
201,PLAYER_DONE,1516300228432
