# --sessions 2700 --app-url=http://shinyloadtest.rstudioservices.com/cran_explorer --output-dir test2700 --overwrite-output --log-level warn --start-interval 100 15min.log
thread_id,event,timestamp,input_line_number,comment
2014,PLAYER_SESSION_CREATE,1516299246196
2014,PLAYER_START_INTERVAL_START,1516299246196
2014,PLAYER_START_INTERVAL_END,1516299447596
2014,REQ_HOME_START,1516299447596,2
2014,REQ_HOME_END,1516299447816,2
2014,REQ_START,1516299447816,3
2014,REQ_END,1516299448148,3
2014,REQ_START,1516299448148,4
2014,REQ_END,1516299448295,4
2014,REQ_START,1516299448295,5
2014,REQ_END,1516299448461,5
2014,REQ_START,1516299448461,6
2014,REQ_END,1516299448494,6
2014,REQ_START,1516299448494,7
2014,REQ_END,1516299448522,7
2014,REQ_START,1516299448522,8
2014,REQ_END,1516299448559,8
2014,REQ_START,1516299448559,9
2014,REQ_END,1516299448597,9
2014,REQ_START,1516299448597,10
2014,REQ_END,1516299448604,10
2014,REQ_START,1516299448604,11
2014,REQ_END,1516299448685,11
2014,REQ_START,1516299448685,12
2014,REQ_END,1516299448698,12
2014,REQ_START,1516299448698,13
2014,REQ_END,1516299448730,13
2014,REQ_START,1516299448730,14
2014,REQ_END,1516299448744,14
2014,REQ_START,1516299448744,15
2014,REQ_END,1516299448777,15
2014,REQ_TOK_START,1516299448777,16
2014,REQ_TOK_END,1516299448783,16
2014,REQ_SINF_START,1516299448783,17
2014,REQ_SINF_END,1516299448790,17
2014,WS_OPEN_START,1516299448790,18
2014,WS_OPEN_END,1516299448796,18
2014,REQ_START,1516299448796,19
2014,REQ_END,1516299448824,19
2014,WS_RECV_START,1516299448824,20
2014,WS_RECV_END,1516299448824,20
2014,PLAYER_SLEEPBEFORE_START,1516299448824,21
2014,PLAYER_SLEEPBEFORE_END,1516299448829,21
2014,WS_SEND_START,1516299448829,21
2014,WS_SEND_END,1516299448830,21
2014,PLAYER_SLEEPBEFORE_START,1516299448830,22
2014,PLAYER_SLEEPBEFORE_END,1516299448831,22
2014,WS_SEND_START,1516299448831,22
2014,WS_SEND_END,1516299448831,22
2014,WS_RECV_INIT_START,1516299448831,23
2014,WS_RECV_INIT_END,1516299448976,23
2014,WS_RECV_START,1516299448976,24
2014,WS_RECV_END,1516299449019,24
2014,PLAYER_SLEEPBEFORE_START,1516299449019,25
2014,PLAYER_SLEEPBEFORE_END,1516299449027,25
2014,REQ_START,1516299449027,25
2014,REQ_END,1516299449245,25
2014,PLAYER_SLEEPBEFORE_START,1516299449245,26
2014,PLAYER_SLEEPBEFORE_END,1516299449246,26
2014,REQ_START,1516299449246,26
2014,REQ_END,1516299449277,26
2014,PLAYER_SLEEPBEFORE_START,1516299449277,27
2014,PLAYER_SLEEPBEFORE_END,1516299449281,27
2014,REQ_START,1516299449281,27
2014,REQ_END,1516299449312,27
2014,PLAYER_SLEEPBEFORE_START,1516299449312,28
2014,PLAYER_SLEEPBEFORE_END,1516299449597,28
2014,REQ_START,1516299449597,28
2014,REQ_END,1516299449712,28
2014,PLAYER_SLEEPBEFORE_START,1516299449712,29
2014,PLAYER_SLEEPBEFORE_END,1516299449887,29
2014,WS_SEND_START,1516299449887,29
2014,WS_SEND_END,1516299449887,29
2014,WS_RECV_START,1516299449887,30
2014,WS_RECV_END,1516299450041,30
2014,PLAYER_SLEEPBEFORE_START,1516299450041,31
2014,PLAYER_SLEEPBEFORE_END,1516299450052,31
2014,REQ_START,1516299450052,31
2014,REQ_END,1516299450089,31
2014,PLAYER_SLEEPBEFORE_START,1516299450089,32
2014,PLAYER_SLEEPBEFORE_END,1516299478234,32
2014,WS_SEND_START,1516299478234,32
2014,WS_SEND_END,1516299478234,32
2014,WS_RECV_START,1516299478234,33
2014,WS_RECV_END,1516299478374,33
2014,PLAYER_SLEEPBEFORE_START,1516299478374,34
2014,PLAYER_SLEEPBEFORE_END,1516299504285,34
2014,WS_SEND_START,1516299504285,34
2014,WS_SEND_END,1516299504285,34
2014,WS_RECV_START,1516299504285,35
2014,WS_RECV_END,1516299504350,35
2014,PLAYER_SLEEPBEFORE_START,1516299504350,36
2014,PLAYER_SLEEPBEFORE_END,1516299504359,36
2014,WS_SEND_START,1516299504359,36
2014,WS_SEND_END,1516299504359,36
2014,WS_RECV_START,1516299504359,37
2014,WS_RECV_END,1516299504413,37
2014,PLAYER_SLEEPBEFORE_START,1516299504413,38
2014,PLAYER_SLEEPBEFORE_END,1516299507608,38
2014,WS_SEND_START,1516299507608,38
2014,WS_SEND_END,1516299507608,38
2014,WS_RECV_START,1516299507608,39
2014,WS_RECV_END,1516299507781,39
2014,PLAYER_SLEEPBEFORE_START,1516299507781,40
2014,PLAYER_SLEEPBEFORE_END,1516299507827,40
2014,WS_SEND_START,1516299507827,40
2014,WS_SEND_END,1516299507827,40
2014,WS_RECV_START,1516299507827,41
2014,WS_RECV_END,1516299508158,41
2014,PLAYER_SLEEPBEFORE_START,1516299508158,42
2014,PLAYER_SLEEPBEFORE_END,1516299526294,42
2014,WS_SEND_START,1516299526294,42
2014,WS_SEND_END,1516299526294,42
2014,WS_RECV_START,1516299526294,43
2014,WS_RECV_END,1516299526831,43
2014,PLAYER_SLEEPBEFORE_START,1516299526831,44
2014,PLAYER_SLEEPBEFORE_END,1516299526843,44
2014,WS_SEND_START,1516299526843,44
2014,WS_SEND_END,1516299526843,44
2014,WS_RECV_START,1516299526843,45
2014,WS_RECV_END,1516299526981,45
2014,PLAYER_SLEEPBEFORE_START,1516299526981,46
2014,PLAYER_SLEEPBEFORE_END,1516299528242,46
2014,WS_SEND_START,1516299528242,46
2014,WS_SEND_END,1516299528242,46
2014,WS_RECV_START,1516299528242,47
2014,WS_RECV_END,1516299529931,47
2014,PLAYER_SLEEPBEFORE_START,1516299529931,48
2014,PLAYER_SLEEPBEFORE_END,1516299531251,48
2014,WS_SEND_START,1516299531251,48
2014,WS_SEND_END,1516299531251,48
2014,WS_RECV_START,1516299531251,49
2014,WS_RECV_END,1516299532082,49
2014,PLAYER_SLEEPBEFORE_START,1516299532082,50
2014,PLAYER_SLEEPBEFORE_END,1516299532106,50
2014,WS_SEND_START,1516299532106,50
2014,WS_SEND_END,1516299532106,50
2014,WS_RECV_START,1516299532106,51
2014,WS_RECV_END,1516299532332,51
2014,PLAYER_SLEEPBEFORE_START,1516299532332,52
2014,PLAYER_SLEEPBEFORE_END,1516299554897,52
2014,WS_SEND_START,1516299554897,52
2014,WS_SEND_END,1516299554897,52
2014,WS_RECV_START,1516299554897,53
2014,WS_RECV_END,1516299555034,53
2014,PLAYER_SLEEPBEFORE_START,1516299555034,54
2014,PLAYER_SLEEPBEFORE_END,1516299576337,54
2014,WS_SEND_START,1516299576337,54
2014,WS_SEND_END,1516299576337,54
2014,PLAYER_SLEEPBEFORE_START,1516299576337,55
2014,PLAYER_SLEEPBEFORE_END,1516299578278,55
2014,WS_SEND_START,1516299578278,55
2014,WS_SEND_END,1516299578278,55
2014,WS_RECV_START,1516299578278,56
2014,WS_RECV_END,1516299579779,56
2014,PLAYER_SLEEPBEFORE_START,1516299579779,57
2014,PLAYER_SLEEPBEFORE_END,1516299602652,57
2014,WS_SEND_START,1516299602652,57
2014,WS_SEND_END,1516299602652,57
2014,WS_RECV_START,1516299602652,58
2014,WS_RECV_END,1516299604244,58
2014,PLAYER_SLEEPBEFORE_START,1516299604244,59
2014,PLAYER_SLEEPBEFORE_END,1516299606571,59
2014,WS_SEND_START,1516299606571,59
2014,WS_SEND_END,1516299606571,59
2014,WS_RECV_START,1516299606571,60
2014,WS_RECV_END,1516299606808,60
2014,PLAYER_SLEEPBEFORE_START,1516299606808,61
2014,PLAYER_SLEEPBEFORE_END,1516299610399,61
2014,WS_SEND_START,1516299610399,61
2014,WS_SEND_END,1516299610399,61
2014,WS_RECV_START,1516299610400,62
2014,WS_RECV_END,1516299610565,62
2014,PLAYER_SLEEPBEFORE_START,1516299610565,63
2014,PLAYER_SLEEPBEFORE_END,1516299629827,63
2014,WS_SEND_START,1516299629827,63
2014,WS_SEND_END,1516299629827,63
2014,WS_RECV_START,1516299629827,64
2014,WS_RECV_END,1516299632106,64
2014,PLAYER_SLEEPBEFORE_START,1516299632106,65
2014,PLAYER_SLEEPBEFORE_END,1516299658923,65
2014,WS_SEND_START,1516299658923,65
2014,WS_SEND_END,1516299658923,65
2014,WS_RECV_START,1516299658923,66
2014,WS_RECV_END,1516299660007,66
2014,PLAYER_SLEEPBEFORE_START,1516299660007,67
2014,PLAYER_SLEEPBEFORE_END,1516299661514,67
2014,WS_SEND_START,1516299661514,67
2014,WS_SEND_END,1516299661514,67
2014,WS_RECV_START,1516299661514,68
2014,WS_RECV_END,1516299663065,68
2014,PLAYER_SLEEPBEFORE_START,1516299663065,69
2014,PLAYER_SLEEPBEFORE_END,1516299685063,69
2014,WS_SEND_START,1516299685064,69
2014,WS_SEND_END,1516299685064,69
2014,WS_RECV_START,1516299685064,70
2014,WS_RECV_END,1516299685866,70
2014,PLAYER_SLEEPBEFORE_START,1516299685866,71
2014,PLAYER_SLEEPBEFORE_END,1516299710641,71
2014,WS_SEND_START,1516299710641,71
2014,WS_SEND_END,1516299710641,71
2014,PLAYER_SLEEPBEFORE_START,1516299710641,72
2014,PLAYER_SLEEPBEFORE_END,1516299713248,72
2014,WS_SEND_START,1516299713248,72
2014,WS_SEND_END,1516299713248,72
2014,WS_RECV_START,1516299713248,73
2014,WS_RECV_END,1516299714003,73
2014,PLAYER_SLEEPBEFORE_START,1516299714003,74
2014,PLAYER_SLEEPBEFORE_END,1516299714012,74
2014,WS_SEND_START,1516299714012,74
2014,WS_SEND_END,1516299714012,74
2014,WS_RECV_START,1516299714012,75
2014,WS_RECV_END,1516299714198,75
2014,PLAYER_SLEEPBEFORE_START,1516299714198,76
2014,PLAYER_SLEEPBEFORE_END,1516299715704,76
2014,WS_SEND_START,1516299715704,76
2014,WS_SEND_END,1516299715704,76
2014,WS_RECV_START,1516299715704,77
2014,WS_RECV_END,1516299716718,77
2014,PLAYER_SLEEPBEFORE_START,1516299716718,78
2014,PLAYER_SLEEPBEFORE_END,1516299717586,78
2014,WS_SEND_START,1516299717586,78
2014,WS_SEND_END,1516299717586,78
2014,WS_RECV_START,1516299717586,79
2014,WS_RECV_END,1516299718764,79
2014,PLAYER_SLEEPBEFORE_START,1516299718764,80
2014,PLAYER_SLEEPBEFORE_END,1516299726430,80
2014,WS_SEND_START,1516299726430,80
2014,WS_SEND_END,1516299726430,80
2014,WS_RECV_START,1516299726431,81
2014,WS_RECV_END,1516299726489,81
2014,PLAYER_SLEEPBEFORE_START,1516299726489,82
2014,PLAYER_SLEEPBEFORE_END,1516299727592,82
2014,WS_SEND_START,1516299727592,82
2014,WS_SEND_END,1516299727592,82
2014,WS_RECV_START,1516299727592,83
2014,WS_RECV_END,1516299727702,83
2014,PLAYER_SLEEPBEFORE_START,1516299727702,84
2014,PLAYER_SLEEPBEFORE_END,1516299728649,84
2014,WS_SEND_START,1516299728649,84
2014,WS_SEND_END,1516299728649,84
2014,WS_RECV_START,1516299728649,85
2014,WS_RECV_END,1516299729434,85
2014,PLAYER_SLEEPBEFORE_START,1516299729434,86
2014,PLAYER_SLEEPBEFORE_END,1516299733607,86
2014,WS_SEND_START,1516299733607,86
2014,WS_SEND_END,1516299733607,86
2014,WS_RECV_START,1516299733607,87
2014,WS_RECV_END,1516299733718,87
2014,PLAYER_SLEEPBEFORE_START,1516299733718,88
2014,PLAYER_SLEEPBEFORE_END,1516299733727,88
2014,WS_SEND_START,1516299733727,88
2014,WS_SEND_END,1516299733727,88
2014,WS_RECV_START,1516299733727,89
2014,WS_RECV_END,1516299734137,89
2014,PLAYER_SLEEPBEFORE_START,1516299734137,90
2014,PLAYER_SLEEPBEFORE_END,1516299761334,90
2014,REQ_START,1516299761334,90
2014,REQ_END,1516299761342,90
2014,PLAYER_SLEEPBEFORE_START,1516299761342,91
2014,PLAYER_SLEEPBEFORE_END,1516299769231,91
2014,WS_SEND_START,1516299769231,91
2014,WS_SEND_END,1516299769231,91
2014,WS_RECV_START,1516299769231,92
2014,WS_RECV_END,1516299772953,92
2014,PLAYER_SLEEPBEFORE_START,1516299772953,93
2014,PLAYER_SLEEPBEFORE_END,1516299772968,93
2014,WS_SEND_START,1516299772968,93
2014,WS_SEND_END,1516299772968,93
2014,WS_RECV_START,1516299772968,94
2014,WS_RECV_END,1516299774475,94
2014,PLAYER_SLEEPBEFORE_START,1516299774475,95
2014,PLAYER_SLEEPBEFORE_END,1516299798031,95
2014,WS_SEND_START,1516299798031,95
2014,WS_SEND_END,1516299798031,95
2014,WS_RECV_START,1516299798031,96
2014,WS_RECV_END,1516299801903,96
2014,PLAYER_SLEEPBEFORE_START,1516299801903,97
2014,PLAYER_SLEEPBEFORE_END,1516299824343,97
2014,WS_SEND_START,1516299824343,97
2014,WS_SEND_END,1516299824343,97
2014,WS_RECV_START,1516299824343,98
2014,WS_RECV_END,1516299826577,98
2014,PLAYER_SLEEPBEFORE_START,1516299826577,99
2014,PLAYER_SLEEPBEFORE_END,1516299826598,99
2014,WS_SEND_START,1516299826598,99
2014,WS_SEND_END,1516299826598,99
2014,WS_RECV_START,1516299826598,100
2014,WS_RECV_END,1516299827731,100
2014,PLAYER_SLEEPBEFORE_START,1516299827731,101
2014,PLAYER_SLEEPBEFORE_END,1516299851290,101
2014,WS_SEND_START,1516299851290,101
2014,WS_SEND_END,1516299851291,101
2014,WS_RECV_START,1516299851291,102
2014,WS_RECV_END,1516299851805,102
2014,PLAYER_SLEEPBEFORE_START,1516299851805,103
2014,PLAYER_SLEEPBEFORE_END,1516299875430,103
2014,WS_SEND_START,1516299875430,103
2014,WS_SEND_END,1516299875430,103
2014,WS_RECV_START,1516299875430,104
2014,WS_RECV_END,1516299879934,104
2014,PLAYER_SLEEPBEFORE_START,1516299879934,105
2014,PLAYER_SLEEPBEFORE_END,1516299905311,105
2014,WS_SEND_START,1516299905311,105
2014,WS_SEND_END,1516299905311,105
2014,WS_RECV_START,1516299905311,106
2014,WS_RECV_END,1516299906432,106
2014,PLAYER_SLEEPBEFORE_START,1516299906432,107
2014,PLAYER_SLEEPBEFORE_END,1516299929856,107
2014,WS_SEND_START,1516299929856,107
2014,WS_SEND_END,1516299929856,107
2014,WS_RECV_START,1516299929856,108
2014,WS_RECV_END,1516299931525,108
2014,PLAYER_SLEEPBEFORE_START,1516299931525,109
2014,PLAYER_SLEEPBEFORE_END,1516299931534,109
2014,WS_SEND_START,1516299931534,109
2014,WS_SEND_END,1516299931534,109
2014,WS_RECV_START,1516299931534,110
2014,WS_RECV_END,1516299932930,110
2014,PLAYER_SLEEPBEFORE_START,1516299932930,111
2014,PLAYER_SLEEPBEFORE_END,1516299933889,111
2014,WS_SEND_START,1516299933889,111
2014,WS_SEND_END,1516299933889,111
2014,WS_RECV_START,1516299933889,112
2014,WS_RECV_END,1516299934916,112
2014,PLAYER_SLEEPBEFORE_START,1516299934916,113
2014,PLAYER_SLEEPBEFORE_END,1516299935478,113
2014,WS_SEND_START,1516299935478,113
2014,WS_SEND_END,1516299935478,113
2014,WS_RECV_START,1516299935478,114
2014,WS_RECV_END,1516299936898,114
2014,PLAYER_SLEEPBEFORE_START,1516299936898,115
2014,PLAYER_SLEEPBEFORE_END,1516299936907,115
2014,WS_SEND_START,1516299936907,115
2014,WS_SEND_END,1516299936907,115
2014,WS_RECV_START,1516299936907,116
2014,WS_RECV_END,1516299939236,116
2014,PLAYER_SLEEPBEFORE_START,1516299939236,117
2014,PLAYER_SLEEPBEFORE_END,1516299959596,117
2014,WS_SEND_START,1516299959596,117
2014,WS_SEND_END,1516299959596,117
2014,PLAYER_SLEEPBEFORE_START,1516299959596,118
2014,PLAYER_SLEEPBEFORE_END,1516299963348,118
2014,WS_SEND_START,1516299963348,118
2014,WS_SEND_END,1516299963348,118
2014,WS_RECV_START,1516299963348,119
2014,WS_RECV_END,1516299963662,119
2014,PLAYER_SLEEPBEFORE_START,1516299963662,120
2014,PLAYER_SLEEPBEFORE_END,1516299964650,120
2014,WS_SEND_START,1516299964650,120
2014,WS_SEND_END,1516299964650,120
2014,WS_RECV_START,1516299964650,121
2014,WS_RECV_END,1516299964942,121
2014,PLAYER_SLEEPBEFORE_START,1516299964942,122
2014,PLAYER_SLEEPBEFORE_END,1516299966127,122
2014,WS_SEND_START,1516299966127,122
2014,WS_SEND_END,1516299966127,122
2014,WS_RECV_START,1516299966127,123
2014,WS_RECV_END,1516299966563,123
2014,PLAYER_SLEEPBEFORE_START,1516299966563,124
2014,PLAYER_SLEEPBEFORE_END,1516299990968,124
2014,WS_SEND_START,1516299990968,124
2014,WS_SEND_END,1516299990968,124
2014,WS_RECV_START,1516299990968,125
2014,WS_RECV_END,1516299993912,125
2014,PLAYER_SLEEPBEFORE_START,1516299993912,126
2014,PLAYER_SLEEPBEFORE_END,1516300014424,126
2014,WS_SEND_START,1516300014424,126
2014,WS_SEND_END,1516300014424,126
2014,PLAYER_SLEEPBEFORE_START,1516300014424,127
2014,PLAYER_SLEEPBEFORE_END,1516300017478,127
2014,WS_SEND_START,1516300017478,127
2014,WS_SEND_END,1516300017478,127
2014,WS_RECV_START,1516300017478,128
2014,WS_RECV_END,1516300019311,128
2014,PLAYER_SLEEPBEFORE_START,1516300019311,129
2014,PLAYER_SLEEPBEFORE_END,1516300019331,129
2014,WS_SEND_START,1516300019331,129
2014,WS_SEND_END,1516300019331,129
2014,WS_RECV_START,1516300019331,130
2014,WS_RECV_END,1516300019651,130
2014,PLAYER_SLEEPBEFORE_START,1516300019651,131
2014,PLAYER_SLEEPBEFORE_END,1516300041275,131
2014,WS_SEND_START,1516300041275,131
2014,WS_SEND_END,1516300041275,131
2014,PLAYER_SLEEPBEFORE_START,1516300041275,132
2014,PLAYER_SLEEPBEFORE_END,1516300044355,132
2014,WS_SEND_START,1516300044355,132
2014,WS_SEND_END,1516300044355,132
2014,WS_RECV_START,1516300044355,133
2014,WS_RECV_END,1516300045738,133
2014,PLAYER_SLEEPBEFORE_START,1516300045738,134
2014,PLAYER_SLEEPBEFORE_END,1516300066955,134
2014,WS_SEND_START,1516300066955,134
2014,WS_SEND_END,1516300066955,134
2014,PLAYER_SLEEPBEFORE_START,1516300066955,135
2014,PLAYER_SLEEPBEFORE_END,1516300070145,135
2014,WS_SEND_START,1516300070145,135
2014,WS_SEND_END,1516300070145,135
2014,WS_RECV_START,1516300070145,136
2014,WS_RECV_END,1516300070621,136
2014,PLAYER_SLEEPBEFORE_START,1516300070621,137
2014,PLAYER_SLEEPBEFORE_END,1516300070628,137
2014,WS_SEND_START,1516300070628,137
2014,WS_SEND_END,1516300070628,137
2014,WS_RECV_START,1516300070628,138
2014,WS_RECV_END,1516300070854,138
2014,PLAYER_SLEEPBEFORE_START,1516300070854,139
2014,PLAYER_SLEEPBEFORE_END,1516300071545,139
2014,WS_SEND_START,1516300071545,139
2014,WS_SEND_END,1516300071545,139
2014,WS_RECV_START,1516300071545,140
2014,WS_RECV_END,1516300072043,140
2014,PLAYER_SLEEPBEFORE_START,1516300072043,141
2014,PLAYER_SLEEPBEFORE_END,1516300072699,141
2014,WS_SEND_START,1516300072699,141
2014,WS_SEND_END,1516300072699,141
2014,WS_RECV_START,1516300072699,142
2014,WS_RECV_END,1516300072912,142
2014,PLAYER_SLEEPBEFORE_START,1516300072912,143
2014,PLAYER_SLEEPBEFORE_END,1516300072969,143
2014,WS_SEND_START,1516300072969,143
2014,WS_SEND_END,1516300072969,143
2014,WS_RECV_START,1516300072969,144
2014,WS_RECV_END,1516300073263,144
2014,PLAYER_SLEEPBEFORE_START,1516300073263,145
2014,PLAYER_SLEEPBEFORE_END,1516300089325,145
2014,REQ_START,1516300089325,145
2014,REQ_END,1516300089333,145
2014,PLAYER_SLEEPBEFORE_START,1516300089333,146
2014,PLAYER_SLEEPBEFORE_END,1516300098210,146
2014,WS_SEND_START,1516300098210,146
2014,WS_SEND_END,1516300098210,146
2014,WS_RECV_START,1516300098210,147
2014,WS_RECV_END,1516300099328,147
2014,PLAYER_SLEEPBEFORE_START,1516300099328,148
2014,PLAYER_SLEEPBEFORE_END,1516300121250,148
2014,WS_SEND_START,1516300121251,148
2014,WS_SEND_END,1516300121251,148
2014,PLAYER_SLEEPBEFORE_START,1516300121251,149
2014,PLAYER_SLEEPBEFORE_END,1516300123679,149
2014,WS_SEND_START,1516300123679,149
2014,WS_SEND_END,1516300123679,149
2014,WS_RECV_START,1516300123679,150
2014,WS_RECV_END,1516300124787,150
2014,PLAYER_SLEEPBEFORE_START,1516300124787,151
2014,PLAYER_SLEEPBEFORE_END,1516300124997,151
2014,WS_SEND_START,1516300124997,151
2014,WS_SEND_END,1516300124997,151
2014,WS_RECV_START,1516300124997,152
2014,WS_RECV_END,1516300126584,152
2014,PLAYER_SLEEPBEFORE_START,1516300126584,153
2014,PLAYER_SLEEPBEFORE_END,1516300150511,153
2014,WS_SEND_START,1516300150511,153
2014,WS_SEND_END,1516300150511,153
2014,WS_RECV_START,1516300150511,154
2014,WS_RECV_END,1516300157533,154
2014,PLAYER_SLEEPBEFORE_START,1516300157533,155
2014,PLAYER_SLEEPBEFORE_END,1516300180091,155
2014,WS_SEND_START,1516300180091,155
2014,WS_SEND_END,1516300180091,155
2014,PLAYER_SLEEPBEFORE_START,1516300180091,156
2014,PLAYER_SLEEPBEFORE_END,1516300183365,156
2014,WS_SEND_START,1516300183365,156
2014,WS_SEND_END,1516300183366,156
2014,WS_RECV_START,1516300183366,157
2014,WS_RECV_END,1516300185542,157
2014,PLAYER_SLEEPBEFORE_START,1516300185542,158
2014,PLAYER_SLEEPBEFORE_END,1516300185552,158
2014,WS_SEND_START,1516300185552,158
2014,WS_SEND_END,1516300185552,158
2014,WS_RECV_START,1516300185552,159
2014,WS_RECV_END,1516300189275,159
2014,PLAYER_SLEEPBEFORE_START,1516300189275,160
2014,PLAYER_SLEEPBEFORE_END,1516300189450,160
2014,WS_SEND_START,1516300189450,160
2014,WS_SEND_END,1516300189450,160
2014,WS_RECV_START,1516300189450,161
2014,WS_RECV_END,1516300194566,161
2014,PLAYER_SLEEPBEFORE_START,1516300194566,162
2014,PLAYER_SLEEPBEFORE_END,1516300194591,162
2014,WS_SEND_START,1516300194591,162
2014,WS_SEND_END,1516300194591,162
2014,WS_RECV_START,1516300194591,163
2014,WS_RECV_END,1516300200053,163
2014,PLAYER_SLEEPBEFORE_START,1516300200053,164
2014,PLAYER_SLEEPBEFORE_END,1516300220865,164
2014,WS_SEND_START,1516300220865,164
2014,WS_SEND_END,1516300220865,164
2014,WS_RECV_START,1516300220865,165
2014,WS_RECV_END,1516300227131,165
2014,PLAYER_SLEEPBEFORE_START,1516300227131,166
2014,PLAYER_SLEEPBEFORE_END,1516300249586,166
2014,WS_SEND_START,1516300249586,166
2014,WS_SEND_END,1516300249586,166
2014,WS_RECV_START,1516300249586,167
2014,WS_RECV_END,1516300253027,167
2014,PLAYER_SLEEPBEFORE_START,1516300253027,168
2014,PLAYER_SLEEPBEFORE_END,1516300280384,168
2014,WS_SEND_START,1516300280384,168
2014,WS_SEND_END,1516300280384,168
2014,WS_RECV_START,1516300280384,169
2014,WS_RECV_END,1516300283027,169
2014,PLAYER_SLEEPBEFORE_START,1516300283027,170
2014,PLAYER_SLEEPBEFORE_END,1516300283036,170
2014,WS_SEND_START,1516300283036,170
2014,WS_SEND_END,1516300283036,170
2014,WS_RECV_START,1516300283036,171
2014,WS_RECV_END,1516300284459,171
2014,PLAYER_SLEEPBEFORE_START,1516300284459,172
2014,PLAYER_SLEEPBEFORE_END,1516300284828,172
2014,WS_SEND_START,1516300284828,172
2014,WS_SEND_END,1516300284828,172
2014,WS_RECV_START,1516300284828,173
2014,WS_RECV_END,1516300286092,173
2014,PLAYER_SLEEPBEFORE_START,1516300286092,174
2014,PLAYER_SLEEPBEFORE_END,1516300286133,174
2014,WS_SEND_START,1516300286133,174
2014,WS_SEND_END,1516300286133,174
2014,WS_RECV_START,1516300286133,175
2014,WS_RECV_END,1516300287726,175
2014,PLAYER_SLEEPBEFORE_START,1516300287726,176
2014,PLAYER_SLEEPBEFORE_END,1516300309487,176
2014,WS_SEND_START,1516300309487,176
2014,WS_SEND_END,1516300309487,176
2014,PLAYER_SLEEPBEFORE_START,1516300309487,177
2014,PLAYER_SLEEPBEFORE_END,1516300312005,177
2014,WS_SEND_START,1516300312005,177
2014,WS_SEND_END,1516300312005,177
2014,WS_RECV_START,1516300312005,178
2014,WS_RECV_END,1516300312799,178
2014,PLAYER_SLEEPBEFORE_START,1516300312799,179
2014,PLAYER_SLEEPBEFORE_END,1516300335139,179
2014,WS_SEND_START,1516300335139,179
2014,WS_SEND_END,1516300335139,179
2014,WS_RECV_START,1516300335139,180
2014,WS_RECV_END,1516300335669,180
2014,PLAYER_SLEEPBEFORE_START,1516300335669,181
2014,PLAYER_SLEEPBEFORE_END,1516300336113,181
2014,WS_SEND_START,1516300336113,181
2014,WS_SEND_END,1516300336113,181
2014,WS_RECV_START,1516300336113,182
2014,WS_RECV_END,1516300336673,182
2014,PLAYER_SLEEPBEFORE_START,1516300336673,183
2014,PLAYER_SLEEPBEFORE_END,1516300337196,183
2014,WS_SEND_START,1516300337196,183
2014,WS_SEND_END,1516300337196,183
2014,WS_RECV_START,1516300337196,184
2014,WS_RECV_END,1516300338002,184
2014,PLAYER_SLEEPBEFORE_START,1516300338002,185
2014,PLAYER_SLEEPBEFORE_END,1516300338270,185
2014,WS_SEND_START,1516300338270,185
2014,WS_SEND_END,1516300338270,185
2014,WS_RECV_START,1516300338270,186
2014,WS_RECV_END,1516300339031,186
2014,PLAYER_SLEEPBEFORE_START,1516300339031,187
2014,PLAYER_SLEEPBEFORE_END,1516300361531,187
2014,WS_SEND_START,1516300361531,187
2014,WS_SEND_END,1516300361531,187
2014,WS_RECV_START,1516300361531,188
2014,WS_RECV_END,1516300361624,188
2014,PLAYER_SLEEPBEFORE_START,1516300361624,189
2014,PLAYER_SLEEPBEFORE_END,1516300367863,189
2014,WS_SEND_START,1516300367863,189
2014,WS_SEND_END,1516300367863,189
2014,WS_RECV_START,1516300367863,190
2014,WS_RECV_END,1516300368079,190
2014,PLAYER_SLEEPBEFORE_START,1516300368079,191
2014,PLAYER_SLEEPBEFORE_END,1516300369994,191
2014,WS_SEND_START,1516300369994,191
2014,WS_SEND_END,1516300369994,191
2014,WS_RECV_START,1516300369994,192
2014,WS_RECV_END,1516300370152,192
2014,PLAYER_SLEEPBEFORE_START,1516300370152,193
2014,PLAYER_SLEEPBEFORE_END,1516300370280,193
2014,WS_SEND_START,1516300370280,193
2014,WS_SEND_END,1516300370280,193
2014,WS_RECV_START,1516300370280,194
2014,WS_RECV_END,1516300370512,194
2014,PLAYER_SLEEPBEFORE_START,1516300370512,195
2014,PLAYER_SLEEPBEFORE_END,1516300372267,195
2014,WS_SEND_START,1516300372267,195
2014,WS_SEND_END,1516300372267,195
2014,WS_RECV_START,1516300372267,196
2014,WS_RECV_END,1516300372674,196
2014,PLAYER_SLEEPBEFORE_START,1516300372674,197
2014,PLAYER_SLEEPBEFORE_END,1516300374478,197
2014,WS_SEND_START,1516300374478,197
2014,WS_SEND_END,1516300374478,197
2014,WS_RECV_START,1516300374478,198
2014,WS_RECV_END,1516300374617,198
2014,PLAYER_SLEEPBEFORE_START,1516300374617,199
2014,PLAYER_SLEEPBEFORE_END,1516300386471,199
2014,WS_SEND_START,1516300386471,199
2014,WS_SEND_END,1516300386471,199
2014,PLAYER_SLEEPBEFORE_START,1516300386471,200
2014,PLAYER_SLEEPBEFORE_END,1516300390559,200
2014,WS_SEND_START,1516300390559,200
2014,WS_SEND_END,1516300390559,200
2014,WS_RECV_START,1516300390559,201
2014,WS_RECV_END,1516300390647,201
2014,PLAYER_SLEEPBEFORE_START,1516300390647,202
2014,PLAYER_SLEEPBEFORE_END,1516300390661,202
2014,WS_SEND_START,1516300390661,202
2014,WS_SEND_END,1516300390661,202
2014,WS_RECV_START,1516300390661,203
2014,WS_RECV_END,1516300390797,203
2014,PLAYER_SLEEPBEFORE_START,1516300390797,204
2014,PLAYER_SLEEPBEFORE_END,1516300410446,204
2014,WS_SEND_START,1516300410446,204
2014,WS_SEND_END,1516300410446,204
2014,PLAYER_SLEEPBEFORE_START,1516300410446,205
2014,PLAYER_SLEEPBEFORE_END,1516300414344,205
2014,WS_SEND_START,1516300414344,205
2014,WS_SEND_END,1516300414344,205
2014,WS_RECV_START,1516300414344,206
2014,WS_RECV_END,1516300414455,206
2014,PLAYER_SLEEPBEFORE_START,1516300414455,207
2014,PLAYER_SLEEPBEFORE_END,1516300431386,207
2014,REQ_START,1516300431386,207
2014,REQ_END,1516300431393,207
2014,PLAYER_SLEEPBEFORE_START,1516300431393,208
2014,PLAYER_SLEEPBEFORE_END,1516300438245,208
2014,WS_CLOSE_START,1516300438245,208
2014,WS_CLOSE_END,1516300438245,208
2014,PLAYER_DONE,1516300438245
