# --sessions 2700 --app-url=http://shinyloadtest.rstudioservices.com/cran_explorer --output-dir test2700 --overwrite-output --log-level warn --start-interval 100 15min.log
thread_id,event,timestamp,input_line_number,comment
2022,PLAYER_SESSION_CREATE,1516299246196
2022,PLAYER_START_INTERVAL_START,1516299246196
2022,PLAYER_START_INTERVAL_END,1516299448396
2022,REQ_HOME_START,1516299448396,2
2022,REQ_HOME_END,1516299448532,2
2022,REQ_START,1516299448532,3
2022,REQ_END,1516299448700,3
2022,REQ_START,1516299448700,4
2022,REQ_END,1516299448735,4
2022,REQ_START,1516299448735,5
2022,REQ_END,1516299448768,5
2022,REQ_START,1516299448768,6
2022,REQ_END,1516299448803,6
2022,REQ_START,1516299448803,7
2022,REQ_END,1516299448839,7
2022,REQ_START,1516299448839,8
2022,REQ_END,1516299448877,8
2022,REQ_START,1516299448877,9
2022,REQ_END,1516299448916,9
2022,REQ_START,1516299448916,10
2022,REQ_END,1516299448921,10
2022,REQ_START,1516299448921,11
2022,REQ_END,1516299448957,11
2022,REQ_START,1516299448957,12
2022,REQ_END,1516299448964,12
2022,REQ_START,1516299448964,13
2022,REQ_END,1516299449001,13
2022,REQ_START,1516299449001,14
2022,REQ_END,1516299449022,14
2022,REQ_START,1516299449022,15
2022,REQ_END,1516299449064,15
2022,REQ_TOK_START,1516299449064,16
2022,REQ_TOK_END,1516299449072,16
2022,REQ_SINF_START,1516299449072,17
2022,REQ_SINF_END,1516299449075,17
2022,WS_OPEN_START,1516299449075,18
2022,WS_OPEN_END,1516299449079,18
2022,REQ_START,1516299449079,19
2022,REQ_END,1516299449427,19
2022,WS_RECV_START,1516299449427,20
2022,WS_RECV_END,1516299449427,20
2022,PLAYER_SLEEPBEFORE_START,1516299449427,21
2022,PLAYER_SLEEPBEFORE_END,1516299449433,21
2022,WS_SEND_START,1516299449433,21
2022,WS_SEND_END,1516299449433,21
2022,PLAYER_SLEEPBEFORE_START,1516299449433,22
2022,PLAYER_SLEEPBEFORE_END,1516299449434,22
2022,WS_SEND_START,1516299449434,22
2022,WS_SEND_END,1516299449434,22
2022,WS_RECV_INIT_START,1516299449434,23
2022,WS_RECV_INIT_END,1516299449571,23
2022,WS_RECV_START,1516299449571,24
2022,WS_RECV_END,1516299449659,24
2022,PLAYER_SLEEPBEFORE_START,1516299449659,25
2022,PLAYER_SLEEPBEFORE_END,1516299449666,25
2022,REQ_START,1516299449666,25
2022,REQ_END,1516299449702,25
2022,PLAYER_SLEEPBEFORE_START,1516299449702,26
2022,PLAYER_SLEEPBEFORE_END,1516299449704,26
2022,REQ_START,1516299449704,26
2022,REQ_END,1516299449740,26
2022,PLAYER_SLEEPBEFORE_START,1516299449740,27
2022,PLAYER_SLEEPBEFORE_END,1516299449743,27
2022,REQ_START,1516299449743,27
2022,REQ_END,1516299449786,27
2022,PLAYER_SLEEPBEFORE_START,1516299449786,28
2022,PLAYER_SLEEPBEFORE_END,1516299450071,28
2022,REQ_START,1516299450071,28
2022,REQ_END,1516299450530,28
2022,PLAYER_SLEEPBEFORE_START,1516299450530,29
2022,PLAYER_SLEEPBEFORE_END,1516299450705,29
2022,WS_SEND_START,1516299450705,29
2022,WS_SEND_END,1516299450705,29
2022,WS_RECV_START,1516299450705,30
2022,WS_RECV_END,1516299451000,30
2022,PLAYER_SLEEPBEFORE_START,1516299451000,31
2022,PLAYER_SLEEPBEFORE_END,1516299451012,31
2022,REQ_START,1516299451012,31
2022,REQ_END,1516299451316,31
2022,PLAYER_SLEEPBEFORE_START,1516299451316,32
2022,PLAYER_SLEEPBEFORE_END,1516299479462,32
2022,WS_SEND_START,1516299479462,32
2022,WS_SEND_END,1516299479462,32
2022,WS_RECV_START,1516299479462,33
2022,WS_RECV_END,1516299479685,33
2022,PLAYER_SLEEPBEFORE_START,1516299479685,34
2022,PLAYER_SLEEPBEFORE_END,1516299505596,34
2022,WS_SEND_START,1516299505596,34
2022,WS_SEND_END,1516299505596,34
2022,WS_RECV_START,1516299505596,35
2022,WS_RECV_END,1516299506042,35
2022,PLAYER_SLEEPBEFORE_START,1516299506042,36
2022,PLAYER_SLEEPBEFORE_END,1516299506051,36
2022,WS_SEND_START,1516299506051,36
2022,WS_SEND_END,1516299506052,36
2022,WS_RECV_START,1516299506052,37
2022,WS_RECV_END,1516299506182,37
2022,PLAYER_SLEEPBEFORE_START,1516299506182,38
2022,PLAYER_SLEEPBEFORE_END,1516299509378,38
2022,WS_SEND_START,1516299509378,38
2022,WS_SEND_END,1516299509378,38
2022,WS_RECV_START,1516299509378,39
2022,WS_RECV_END,1516299509931,39
2022,PLAYER_SLEEPBEFORE_START,1516299509931,40
2022,PLAYER_SLEEPBEFORE_END,1516299509977,40
2022,WS_SEND_START,1516299509977,40
2022,WS_SEND_END,1516299509977,40
2022,WS_RECV_START,1516299509977,41
2022,WS_RECV_END,1516299510346,41
2022,PLAYER_SLEEPBEFORE_START,1516299510346,42
2022,PLAYER_SLEEPBEFORE_END,1516299528481,42
2022,WS_SEND_START,1516299528481,42
2022,WS_SEND_END,1516299528481,42
2022,WS_RECV_START,1516299528481,43
2022,WS_RECV_END,1516299529486,43
2022,PLAYER_SLEEPBEFORE_START,1516299529486,44
2022,PLAYER_SLEEPBEFORE_END,1516299529498,44
2022,WS_SEND_START,1516299529498,44
2022,WS_SEND_END,1516299529498,44
2022,WS_RECV_START,1516299529498,45
2022,WS_RECV_END,1516299530133,45
2022,PLAYER_SLEEPBEFORE_START,1516299530133,46
2022,PLAYER_SLEEPBEFORE_END,1516299531393,46
2022,WS_SEND_START,1516299531393,46
2022,WS_SEND_END,1516299531393,46
2022,WS_RECV_START,1516299531393,47
2022,WS_RECV_END,1516299532655,47
2022,PLAYER_SLEEPBEFORE_START,1516299532655,48
2022,PLAYER_SLEEPBEFORE_END,1516299533975,48
2022,WS_SEND_START,1516299533975,48
2022,WS_SEND_END,1516299533975,48
2022,WS_RECV_START,1516299533975,49
2022,WS_RECV_END,1516299535909,49
2022,PLAYER_SLEEPBEFORE_START,1516299535909,50
2022,PLAYER_SLEEPBEFORE_END,1516299535934,50
2022,WS_SEND_START,1516299535934,50
2022,WS_SEND_END,1516299535934,50
2022,WS_RECV_START,1516299535934,51
2022,WS_RECV_END,1516299537501,51
2022,PLAYER_SLEEPBEFORE_START,1516299537501,52
2022,PLAYER_SLEEPBEFORE_END,1516299560065,52
2022,WS_SEND_START,1516299560065,52
2022,WS_SEND_END,1516299560065,52
2022,WS_RECV_START,1516299560065,53
2022,WS_RECV_END,1516299561428,53
2022,PLAYER_SLEEPBEFORE_START,1516299561428,54
2022,PLAYER_SLEEPBEFORE_END,1516299582731,54
2022,WS_SEND_START,1516299582731,54
2022,WS_SEND_END,1516299582731,54
2022,PLAYER_SLEEPBEFORE_START,1516299582731,55
2022,PLAYER_SLEEPBEFORE_END,1516299584672,55
2022,WS_SEND_START,1516299584672,55
2022,WS_SEND_END,1516299584672,55
2022,WS_RECV_START,1516299584672,56
2022,WS_RECV_END,1516299585803,56
2022,PLAYER_SLEEPBEFORE_START,1516299585803,57
2022,PLAYER_SLEEPBEFORE_END,1516299608675,57
2022,WS_SEND_START,1516299608675,57
2022,WS_SEND_END,1516299608675,57
2022,WS_RECV_START,1516299608675,58
2022,WS_RECV_END,1516299608730,58
2022,PLAYER_SLEEPBEFORE_START,1516299608730,59
2022,PLAYER_SLEEPBEFORE_END,1516299611070,59
2022,WS_SEND_START,1516299611070,59
2022,WS_SEND_END,1516299611070,59
2022,WS_RECV_START,1516299611070,60
2022,WS_RECV_END,1516299612031,60
2022,PLAYER_SLEEPBEFORE_START,1516299612031,61
2022,PLAYER_SLEEPBEFORE_END,1516299615622,61
2022,WS_SEND_START,1516299615622,61
2022,WS_SEND_END,1516299615622,61
2022,WS_RECV_START,1516299615622,62
2022,WS_RECV_END,1516299616959,62
2022,PLAYER_SLEEPBEFORE_START,1516299616959,63
2022,PLAYER_SLEEPBEFORE_END,1516299636221,63
2022,WS_SEND_START,1516299636221,63
2022,WS_SEND_END,1516299636221,63
2022,WS_RECV_START,1516299636221,64
2022,WS_RECV_END,1516299636692,64
2022,PLAYER_SLEEPBEFORE_START,1516299636692,65
2022,PLAYER_SLEEPBEFORE_END,1516299663510,65
2022,WS_SEND_START,1516299663510,65
2022,WS_SEND_END,1516299663510,65
2022,WS_RECV_START,1516299663510,66
2022,WS_RECV_END,1516299664191,66
2022,PLAYER_SLEEPBEFORE_START,1516299664191,67
2022,PLAYER_SLEEPBEFORE_END,1516299665698,67
2022,WS_SEND_START,1516299665698,67
2022,WS_SEND_END,1516299665698,67
2022,WS_RECV_START,1516299665698,68
2022,WS_RECV_END,1516299666631,68
2022,PLAYER_SLEEPBEFORE_START,1516299666631,69
2022,PLAYER_SLEEPBEFORE_END,1516299688629,69
2022,WS_SEND_START,1516299688629,69
2022,WS_SEND_END,1516299688629,69
2022,WS_RECV_START,1516299688629,70
2022,WS_RECV_END,1516299689848,70
2022,PLAYER_SLEEPBEFORE_START,1516299689848,71
2022,PLAYER_SLEEPBEFORE_END,1516299714623,71
2022,WS_SEND_START,1516299714623,71
2022,WS_SEND_END,1516299714623,71
2022,PLAYER_SLEEPBEFORE_START,1516299714623,72
2022,PLAYER_SLEEPBEFORE_END,1516299717230,72
2022,WS_SEND_START,1516299717230,72
2022,WS_SEND_END,1516299717230,72
2022,WS_RECV_START,1516299717230,73
2022,WS_RECV_END,1516299718707,73
2022,PLAYER_SLEEPBEFORE_START,1516299718707,74
2022,PLAYER_SLEEPBEFORE_END,1516299718716,74
2022,WS_SEND_START,1516299718716,74
2022,WS_SEND_END,1516299718716,74
2022,WS_RECV_START,1516299718716,75
2022,WS_RECV_END,1516299719121,75
2022,PLAYER_SLEEPBEFORE_START,1516299719121,76
2022,PLAYER_SLEEPBEFORE_END,1516299720627,76
2022,WS_SEND_START,1516299720627,76
2022,WS_SEND_END,1516299720627,76
2022,WS_RECV_START,1516299720627,77
2022,WS_RECV_END,1516299722188,77
2022,PLAYER_SLEEPBEFORE_START,1516299722188,78
2022,PLAYER_SLEEPBEFORE_END,1516299723056,78
2022,WS_SEND_START,1516299723056,78
2022,WS_SEND_END,1516299723056,78
2022,WS_RECV_START,1516299723056,79
2022,WS_RECV_END,1516299723451,79
2022,PLAYER_SLEEPBEFORE_START,1516299723451,80
2022,PLAYER_SLEEPBEFORE_END,1516299731118,80
2022,WS_SEND_START,1516299731118,80
2022,WS_SEND_END,1516299731118,80
2022,WS_RECV_START,1516299731118,81
2022,WS_RECV_END,1516299731851,81
2022,PLAYER_SLEEPBEFORE_START,1516299731851,82
2022,PLAYER_SLEEPBEFORE_END,1516299732953,82
2022,WS_SEND_START,1516299732953,82
2022,WS_SEND_END,1516299732953,82
2022,WS_RECV_START,1516299732953,83
2022,WS_RECV_END,1516299733320,83
2022,PLAYER_SLEEPBEFORE_START,1516299733320,84
2022,PLAYER_SLEEPBEFORE_END,1516299734268,84
2022,WS_SEND_START,1516299734268,84
2022,WS_SEND_END,1516299734268,84
2022,WS_RECV_START,1516299734268,85
2022,WS_RECV_END,1516299734656,85
2022,PLAYER_SLEEPBEFORE_START,1516299734656,86
2022,PLAYER_SLEEPBEFORE_END,1516299738828,86
2022,WS_SEND_START,1516299738828,86
2022,WS_SEND_END,1516299738829,86
2022,WS_RECV_START,1516299738829,87
2022,WS_RECV_END,1516299739575,87
2022,PLAYER_SLEEPBEFORE_START,1516299739575,88
2022,PLAYER_SLEEPBEFORE_END,1516299739583,88
2022,WS_SEND_START,1516299739583,88
2022,WS_SEND_END,1516299739583,88
2022,WS_RECV_START,1516299739583,89
2022,WS_RECV_END,1516299739974,89
2022,PLAYER_SLEEPBEFORE_START,1516299739974,90
2022,PLAYER_SLEEPBEFORE_END,1516299767171,90
2022,REQ_START,1516299767171,90
2022,REQ_END,1516299767178,90
2022,PLAYER_SLEEPBEFORE_START,1516299767178,91
2022,PLAYER_SLEEPBEFORE_END,1516299775067,91
2022,WS_SEND_START,1516299775067,91
2022,WS_SEND_END,1516299775067,91
2022,WS_RECV_START,1516299775067,92
2022,WS_RECV_END,1516299775418,92
2022,PLAYER_SLEEPBEFORE_START,1516299775418,93
2022,PLAYER_SLEEPBEFORE_END,1516299775434,93
2022,WS_SEND_START,1516299775434,93
2022,WS_SEND_END,1516299775434,93
2022,WS_RECV_START,1516299775434,94
2022,WS_RECV_END,1516299775707,94
2022,PLAYER_SLEEPBEFORE_START,1516299775707,95
2022,PLAYER_SLEEPBEFORE_END,1516299799262,95
2022,WS_SEND_START,1516299799262,95
2022,WS_SEND_END,1516299799262,95
2022,WS_RECV_START,1516299799262,96
2022,WS_RECV_END,1516299800434,96
2022,PLAYER_SLEEPBEFORE_START,1516299800434,97
2022,PLAYER_SLEEPBEFORE_END,1516299822874,97
2022,WS_SEND_START,1516299822874,97
2022,WS_SEND_END,1516299822874,97
2022,WS_RECV_START,1516299822874,98
2022,WS_RECV_END,1516299823097,98
2022,PLAYER_SLEEPBEFORE_START,1516299823097,99
2022,PLAYER_SLEEPBEFORE_END,1516299823118,99
2022,WS_SEND_START,1516299823118,99
2022,WS_SEND_END,1516299823118,99
2022,WS_RECV_START,1516299823118,100
2022,WS_RECV_END,1516299823982,100
2022,PLAYER_SLEEPBEFORE_START,1516299823982,101
2022,PLAYER_SLEEPBEFORE_END,1516299847541,101
2022,WS_SEND_START,1516299847541,101
2022,WS_SEND_END,1516299847541,101
2022,WS_RECV_START,1516299847541,102
2022,WS_RECV_END,1516299848728,102
2022,PLAYER_SLEEPBEFORE_START,1516299848728,103
2022,PLAYER_SLEEPBEFORE_END,1516299872354,103
2022,WS_SEND_START,1516299872354,103
2022,WS_SEND_END,1516299872354,103
2022,WS_RECV_START,1516299872354,104
2022,WS_RECV_END,1516299874916,104
2022,PLAYER_SLEEPBEFORE_START,1516299874916,105
2022,PLAYER_SLEEPBEFORE_END,1516299900293,105
2022,WS_SEND_START,1516299900293,105
2022,WS_SEND_END,1516299900293,105
2022,WS_RECV_START,1516299900293,106
2022,WS_RECV_END,1516299901085,106
2022,PLAYER_SLEEPBEFORE_START,1516299901085,107
2022,PLAYER_SLEEPBEFORE_END,1516299924508,107
2022,WS_SEND_START,1516299924508,107
2022,WS_SEND_END,1516299924508,107
2022,WS_RECV_START,1516299924508,108
2022,WS_RECV_END,1516299925897,108
2022,PLAYER_SLEEPBEFORE_START,1516299925897,109
2022,PLAYER_SLEEPBEFORE_END,1516299925906,109
2022,WS_SEND_START,1516299925906,109
2022,WS_SEND_END,1516299925906,109
2022,WS_RECV_START,1516299925906,110
2022,WS_RECV_END,1516299926201,110
2022,PLAYER_SLEEPBEFORE_START,1516299926201,111
2022,PLAYER_SLEEPBEFORE_END,1516299927160,111
2022,WS_SEND_START,1516299927160,111
2022,WS_SEND_END,1516299927160,111
2022,WS_RECV_START,1516299927160,112
2022,WS_RECV_END,1516299927704,112
2022,PLAYER_SLEEPBEFORE_START,1516299927704,113
2022,PLAYER_SLEEPBEFORE_END,1516299928266,113
2022,WS_SEND_START,1516299928266,113
2022,WS_SEND_END,1516299928266,113
2022,WS_RECV_START,1516299928266,114
2022,WS_RECV_END,1516299929443,114
2022,PLAYER_SLEEPBEFORE_START,1516299929443,115
2022,PLAYER_SLEEPBEFORE_END,1516299929452,115
2022,WS_SEND_START,1516299929452,115
2022,WS_SEND_END,1516299929452,115
2022,WS_RECV_START,1516299929452,116
2022,WS_RECV_END,1516299930126,116
2022,PLAYER_SLEEPBEFORE_START,1516299930126,117
2022,PLAYER_SLEEPBEFORE_END,1516299950487,117
2022,WS_SEND_START,1516299950487,117
2022,WS_SEND_END,1516299950487,117
2022,PLAYER_SLEEPBEFORE_START,1516299950487,118
2022,PLAYER_SLEEPBEFORE_END,1516299954239,118
2022,WS_SEND_START,1516299954239,118
2022,WS_SEND_END,1516299954239,118
2022,WS_RECV_START,1516299954239,119
2022,WS_RECV_END,1516299955120,119
2022,PLAYER_SLEEPBEFORE_START,1516299955120,120
2022,PLAYER_SLEEPBEFORE_END,1516299956108,120
2022,WS_SEND_START,1516299956108,120
2022,WS_SEND_END,1516299956108,120
2022,WS_RECV_START,1516299956108,121
2022,WS_RECV_END,1516299956488,121
2022,PLAYER_SLEEPBEFORE_START,1516299956488,122
2022,PLAYER_SLEEPBEFORE_END,1516299957673,122
2022,WS_SEND_START,1516299957673,122
2022,WS_SEND_END,1516299957673,122
2022,WS_RECV_START,1516299957673,123
2022,WS_RECV_END,1516299959067,123
2022,PLAYER_SLEEPBEFORE_START,1516299959067,124
2022,PLAYER_SLEEPBEFORE_END,1516299983472,124
2022,WS_SEND_START,1516299983472,124
2022,WS_SEND_END,1516299983472,124
2022,WS_RECV_START,1516299983472,125
2022,WS_RECV_END,1516299984363,125
2022,PLAYER_SLEEPBEFORE_START,1516299984363,126
2022,PLAYER_SLEEPBEFORE_END,1516300004875,126
2022,WS_SEND_START,1516300004875,126
2022,WS_SEND_END,1516300004875,126
2022,PLAYER_SLEEPBEFORE_START,1516300004875,127
2022,PLAYER_SLEEPBEFORE_END,1516300007929,127
2022,WS_SEND_START,1516300007929,127
2022,WS_SEND_END,1516300007929,127
2022,WS_RECV_START,1516300007929,128
2022,WS_RECV_END,1516300008193,128
2022,PLAYER_SLEEPBEFORE_START,1516300008193,129
2022,PLAYER_SLEEPBEFORE_END,1516300008213,129
2022,WS_SEND_START,1516300008213,129
2022,WS_SEND_END,1516300008213,129
2022,WS_RECV_START,1516300008213,130
2022,WS_RECV_END,1516300008694,130
2022,PLAYER_SLEEPBEFORE_START,1516300008694,131
2022,PLAYER_SLEEPBEFORE_END,1516300030319,131
2022,WS_SEND_START,1516300030319,131
2022,WS_SEND_END,1516300030319,131
2022,PLAYER_SLEEPBEFORE_START,1516300030319,132
2022,PLAYER_SLEEPBEFORE_END,1516300033399,132
2022,WS_SEND_START,1516300033399,132
2022,WS_SEND_END,1516300033399,132
2022,WS_RECV_START,1516300033399,133
2022,WS_RECV_END,1516300035108,133
2022,PLAYER_SLEEPBEFORE_START,1516300035108,134
2022,PLAYER_SLEEPBEFORE_END,1516300056325,134
2022,WS_SEND_START,1516300056325,134
2022,WS_SEND_END,1516300056325,134
2022,PLAYER_SLEEPBEFORE_START,1516300056325,135
2022,PLAYER_SLEEPBEFORE_END,1516300059516,135
2022,WS_SEND_START,1516300059516,135
2022,WS_SEND_END,1516300059516,135
2022,WS_RECV_START,1516300059516,136
2022,WS_RECV_END,1516300059702,136
2022,PLAYER_SLEEPBEFORE_START,1516300059702,137
2022,PLAYER_SLEEPBEFORE_END,1516300059709,137
2022,WS_SEND_START,1516300059709,137
2022,WS_SEND_END,1516300059709,137
2022,WS_RECV_START,1516300059709,138
2022,WS_RECV_END,1516300059837,138
2022,PLAYER_SLEEPBEFORE_START,1516300059838,139
2022,PLAYER_SLEEPBEFORE_END,1516300060528,139
2022,WS_SEND_START,1516300060528,139
2022,WS_SEND_END,1516300060528,139
2022,WS_RECV_START,1516300060528,140
2022,WS_RECV_END,1516300060679,140
2022,PLAYER_SLEEPBEFORE_START,1516300060679,141
2022,PLAYER_SLEEPBEFORE_END,1516300061334,141
2022,WS_SEND_START,1516300061334,141
2022,WS_SEND_END,1516300061334,141
2022,WS_RECV_START,1516300061334,142
2022,WS_RECV_END,1516300061679,142
2022,PLAYER_SLEEPBEFORE_START,1516300061679,143
2022,PLAYER_SLEEPBEFORE_END,1516300061736,143
2022,WS_SEND_START,1516300061736,143
2022,WS_SEND_END,1516300061736,143
2022,WS_RECV_START,1516300061736,144
2022,WS_RECV_END,1516300062055,144
2022,PLAYER_SLEEPBEFORE_START,1516300062055,145
2022,PLAYER_SLEEPBEFORE_END,1516300078117,145
2022,REQ_START,1516300078117,145
2022,REQ_END,1516300078123,145
2022,PLAYER_SLEEPBEFORE_START,1516300078123,146
2022,PLAYER_SLEEPBEFORE_END,1516300087001,146
2022,WS_SEND_START,1516300087001,146
2022,WS_SEND_END,1516300087001,146
2022,WS_RECV_START,1516300087001,147
2022,WS_RECV_END,1516300087493,147
2022,PLAYER_SLEEPBEFORE_START,1516300087493,148
2022,PLAYER_SLEEPBEFORE_END,1516300109415,148
2022,WS_SEND_START,1516300109415,148
2022,WS_SEND_END,1516300109415,148
2022,PLAYER_SLEEPBEFORE_START,1516300109415,149
2022,PLAYER_SLEEPBEFORE_END,1516300111843,149
2022,WS_SEND_START,1516300111843,149
2022,WS_SEND_END,1516300111843,149
2022,WS_RECV_START,1516300111843,150
2022,WS_RECV_END,1516300113807,150
2022,PLAYER_SLEEPBEFORE_START,1516300113807,151
2022,PLAYER_SLEEPBEFORE_END,1516300114018,151
2022,WS_SEND_START,1516300114018,151
2022,WS_SEND_END,1516300114018,151
2022,WS_RECV_START,1516300114018,152
2022,WS_RECV_END,1516300114868,152
2022,PLAYER_SLEEPBEFORE_START,1516300114868,153
2022,PLAYER_SLEEPBEFORE_END,1516300138795,153
2022,WS_SEND_START,1516300138795,153
2022,WS_SEND_END,1516300138795,153
2022,WS_RECV_START,1516300138795,154
2022,WS_RECV_END,1516300142297,154
2022,PLAYER_SLEEPBEFORE_START,1516300142297,155
2022,PLAYER_SLEEPBEFORE_END,1516300164855,155
2022,WS_SEND_START,1516300164855,155
2022,WS_SEND_END,1516300164855,155
2022,PLAYER_SLEEPBEFORE_START,1516300164855,156
2022,PLAYER_SLEEPBEFORE_END,1516300168130,156
2022,WS_SEND_START,1516300168130,156
2022,WS_SEND_END,1516300168130,156
2022,WS_RECV_START,1516300168130,157
2022,WS_RECV_END,1516300170676,157
2022,PLAYER_SLEEPBEFORE_START,1516300170676,158
2022,PLAYER_SLEEPBEFORE_END,1516300170686,158
2022,WS_SEND_START,1516300170686,158
2022,WS_SEND_END,1516300170686,158
2022,WS_RECV_START,1516300170686,159
2022,WS_RECV_END,1516300172369,159
2022,PLAYER_SLEEPBEFORE_START,1516300172369,160
2022,PLAYER_SLEEPBEFORE_END,1516300172544,160
2022,WS_SEND_START,1516300172544,160
2022,WS_SEND_END,1516300172545,160
2022,WS_RECV_START,1516300172545,161
2022,WS_RECV_END,1516300175309,161
2022,PLAYER_SLEEPBEFORE_START,1516300175309,162
2022,PLAYER_SLEEPBEFORE_END,1516300175334,162
2022,WS_SEND_START,1516300175334,162
2022,WS_SEND_END,1516300175334,162
2022,WS_RECV_START,1516300175334,163
2022,WS_RECV_END,1516300178204,163
2022,PLAYER_SLEEPBEFORE_START,1516300178204,164
2022,PLAYER_SLEEPBEFORE_END,1516300199016,164
2022,WS_SEND_START,1516300199016,164
2022,WS_SEND_END,1516300199016,164
2022,WS_RECV_START,1516300199016,165
2022,WS_RECV_END,1516300202617,165
2022,PLAYER_SLEEPBEFORE_START,1516300202617,166
2022,PLAYER_SLEEPBEFORE_END,1516300225072,166
2022,WS_SEND_START,1516300225072,166
2022,WS_SEND_END,1516300225072,166
2022,WS_RECV_START,1516300225072,167
2022,WS_RECV_END,1516300227276,167
2022,PLAYER_SLEEPBEFORE_START,1516300227276,168
2022,PLAYER_SLEEPBEFORE_END,1516300254633,168
2022,WS_SEND_START,1516300254633,168
2022,WS_SEND_END,1516300254633,168
2022,WS_RECV_START,1516300254633,169
2022,WS_RECV_END,1516300257500,169
2022,PLAYER_SLEEPBEFORE_START,1516300257500,170
2022,PLAYER_SLEEPBEFORE_END,1516300257509,170
2022,WS_SEND_START,1516300257509,170
2022,WS_SEND_END,1516300257509,170
2022,WS_RECV_START,1516300257509,171
2022,WS_RECV_END,1516300258389,171
2022,PLAYER_SLEEPBEFORE_START,1516300258389,172
2022,PLAYER_SLEEPBEFORE_END,1516300258758,172
2022,WS_SEND_START,1516300258758,172
2022,WS_SEND_END,1516300258758,172
2022,WS_RECV_START,1516300258758,173
2022,WS_RECV_END,1516300259505,173
2022,PLAYER_SLEEPBEFORE_START,1516300259505,174
2022,PLAYER_SLEEPBEFORE_END,1516300259546,174
2022,WS_SEND_START,1516300259546,174
2022,WS_SEND_END,1516300259546,174
2022,WS_RECV_START,1516300259546,175
2022,WS_RECV_END,1516300261190,175
2022,PLAYER_SLEEPBEFORE_START,1516300261190,176
2022,PLAYER_SLEEPBEFORE_END,1516300282951,176
2022,WS_SEND_START,1516300282951,176
2022,WS_SEND_END,1516300282951,176
2022,PLAYER_SLEEPBEFORE_START,1516300282951,177
2022,PLAYER_SLEEPBEFORE_END,1516300285469,177
2022,WS_SEND_START,1516300285470,177
2022,WS_SEND_END,1516300285470,177
2022,WS_RECV_START,1516300285470,178
2022,WS_RECV_END,1516300286003,178
2022,PLAYER_SLEEPBEFORE_START,1516300286003,179
2022,PLAYER_SLEEPBEFORE_END,1516300308344,179
2022,WS_SEND_START,1516300308344,179
2022,WS_SEND_END,1516300308344,179
2022,WS_RECV_START,1516300308344,180
2022,WS_RECV_END,1516300309093,180
2022,PLAYER_SLEEPBEFORE_START,1516300309093,181
2022,PLAYER_SLEEPBEFORE_END,1516300309537,181
2022,WS_SEND_START,1516300309537,181
2022,WS_SEND_END,1516300309537,181
2022,WS_RECV_START,1516300309537,182
2022,WS_RECV_END,1516300310221,182
2022,PLAYER_SLEEPBEFORE_START,1516300310221,183
2022,PLAYER_SLEEPBEFORE_END,1516300310744,183
2022,WS_SEND_START,1516300310744,183
2022,WS_SEND_END,1516300310745,183
2022,WS_RECV_START,1516300310745,184
2022,WS_RECV_END,1516300311826,184
2022,PLAYER_SLEEPBEFORE_START,1516300311826,185
2022,PLAYER_SLEEPBEFORE_END,1516300312094,185
2022,WS_SEND_START,1516300312094,185
2022,WS_SEND_END,1516300312094,185
2022,WS_RECV_START,1516300312094,186
2022,WS_RECV_END,1516300312296,186
2022,PLAYER_SLEEPBEFORE_START,1516300312296,187
2022,PLAYER_SLEEPBEFORE_END,1516300334796,187
2022,WS_SEND_START,1516300334796,187
2022,WS_SEND_END,1516300334796,187
2022,WS_RECV_START,1516300334796,188
2022,WS_RECV_END,1516300334862,188
2022,PLAYER_SLEEPBEFORE_START,1516300334862,189
2022,PLAYER_SLEEPBEFORE_END,1516300341101,189
2022,WS_SEND_START,1516300341101,189
2022,WS_SEND_END,1516300341101,189
2022,WS_RECV_START,1516300341101,190
2022,WS_RECV_END,1516300341238,190
2022,PLAYER_SLEEPBEFORE_START,1516300341238,191
2022,PLAYER_SLEEPBEFORE_END,1516300343153,191
2022,WS_SEND_START,1516300343153,191
2022,WS_SEND_END,1516300343153,191
2022,WS_RECV_START,1516300343153,192
2022,WS_RECV_END,1516300343470,192
2022,PLAYER_SLEEPBEFORE_START,1516300343470,193
2022,PLAYER_SLEEPBEFORE_END,1516300343599,193
2022,WS_SEND_START,1516300343599,193
2022,WS_SEND_END,1516300343599,193
2022,WS_RECV_START,1516300343599,194
2022,WS_RECV_END,1516300343866,194
2022,PLAYER_SLEEPBEFORE_START,1516300343866,195
2022,PLAYER_SLEEPBEFORE_END,1516300345621,195
2022,WS_SEND_START,1516300345621,195
2022,WS_SEND_END,1516300345621,195
2022,WS_RECV_START,1516300345621,196
2022,WS_RECV_END,1516300345831,196
2022,PLAYER_SLEEPBEFORE_START,1516300345831,197
2022,PLAYER_SLEEPBEFORE_END,1516300347635,197
2022,WS_SEND_START,1516300347635,197
2022,WS_SEND_END,1516300347635,197
2022,WS_RECV_START,1516300347635,198
2022,WS_RECV_END,1516300347810,198
2022,PLAYER_SLEEPBEFORE_START,1516300347810,199
2022,PLAYER_SLEEPBEFORE_END,1516300359664,199
2022,WS_SEND_START,1516300359664,199
2022,WS_SEND_END,1516300359665,199
2022,PLAYER_SLEEPBEFORE_START,1516300359665,200
2022,PLAYER_SLEEPBEFORE_END,1516300363774,200
2022,WS_SEND_START,1516300363774,200
2022,WS_SEND_END,1516300363774,200
2022,WS_RECV_START,1516300363774,201
2022,WS_RECV_END,1516300363909,201
2022,PLAYER_SLEEPBEFORE_START,1516300363909,202
2022,PLAYER_SLEEPBEFORE_END,1516300363923,202
2022,WS_SEND_START,1516300363923,202
2022,WS_SEND_END,1516300363923,202
2022,WS_RECV_START,1516300363923,203
2022,WS_RECV_END,1516300364074,203
2022,PLAYER_SLEEPBEFORE_START,1516300364074,204
2022,PLAYER_SLEEPBEFORE_END,1516300383723,204
2022,WS_SEND_START,1516300383723,204
2022,WS_SEND_END,1516300383723,204
2022,PLAYER_SLEEPBEFORE_START,1516300383723,205
2022,PLAYER_SLEEPBEFORE_END,1516300387621,205
2022,WS_SEND_START,1516300387622,205
2022,WS_SEND_END,1516300387622,205
2022,WS_RECV_START,1516300387622,206
2022,WS_RECV_END,1516300387743,206
2022,PLAYER_SLEEPBEFORE_START,1516300387743,207
2022,PLAYER_SLEEPBEFORE_END,1516300404674,207
2022,REQ_START,1516300404674,207
2022,REQ_END,1516300404680,207
2022,PLAYER_SLEEPBEFORE_START,1516300404680,208
2022,PLAYER_SLEEPBEFORE_END,1516300411532,208
2022,WS_CLOSE_START,1516300411532,208
2022,WS_CLOSE_END,1516300411532,208
2022,PLAYER_DONE,1516300411532
