# --sessions 2700 --app-url=http://shinyloadtest.rstudioservices.com/cran_explorer --output-dir test2700 --overwrite-output --log-level warn --start-interval 100 15min.log
thread_id,event,timestamp,input_line_number,comment
2050,PLAYER_SESSION_CREATE,1516299246195
2050,PLAYER_START_INTERVAL_START,1516299246195
2050,PLAYER_START_INTERVAL_END,1516299451195
2050,REQ_HOME_START,1516299451195,2
2050,REQ_HOME_END,1516299451284,2
2050,REQ_START,1516299451284,3
2050,REQ_END,1516299451363,3
2050,REQ_START,1516299451363,4
2050,REQ_END,1516299451422,4
2050,REQ_START,1516299451422,5
2050,REQ_END,1516299451456,5
2050,REQ_START,1516299451456,6
2050,REQ_END,1516299451492,6
2050,REQ_START,1516299451492,7
2050,REQ_END,1516299451565,7
2050,REQ_START,1516299451565,8
2050,REQ_END,1516299451599,8
2050,REQ_START,1516299451599,9
2050,REQ_END,1516299451634,9
2050,REQ_START,1516299451634,10
2050,REQ_END,1516299451641,10
2050,REQ_START,1516299451641,11
2050,REQ_END,1516299451675,11
2050,REQ_START,1516299451675,12
2050,REQ_END,1516299451684,12
2050,REQ_START,1516299451684,13
2050,REQ_END,1516299451926,13
2050,REQ_START,1516299451926,14
2050,REQ_END,1516299451939,14
2050,REQ_START,1516299451939,15
2050,REQ_END,1516299451981,15
2050,REQ_TOK_START,1516299451981,16
2050,REQ_TOK_END,1516299451988,16
2050,REQ_SINF_START,1516299451988,17
2050,REQ_SINF_END,1516299451995,17
2050,WS_OPEN_START,1516299451995,18
2050,WS_OPEN_END,1516299452001,18
2050,REQ_START,1516299452001,19
2050,REQ_END,1516299452049,19
2050,WS_RECV_START,1516299452049,20
2050,WS_RECV_END,1516299452049,20
2050,PLAYER_SLEEPBEFORE_START,1516299452049,21
2050,PLAYER_SLEEPBEFORE_END,1516299452055,21
2050,WS_SEND_START,1516299452055,21
2050,WS_SEND_END,1516299452055,21
2050,PLAYER_SLEEPBEFORE_START,1516299452055,22
2050,PLAYER_SLEEPBEFORE_END,1516299452056,22
2050,WS_SEND_START,1516299452056,22
2050,WS_SEND_END,1516299452056,22
2050,WS_RECV_INIT_START,1516299452056,23
2050,WS_RECV_INIT_END,1516299452135,23
2050,WS_RECV_START,1516299452135,24
2050,WS_RECV_END,1516299452211,24
2050,PLAYER_SLEEPBEFORE_START,1516299452211,25
2050,PLAYER_SLEEPBEFORE_END,1516299452218,25
2050,REQ_START,1516299452218,25
2050,REQ_END,1516299452471,25
2050,PLAYER_SLEEPBEFORE_START,1516299452471,26
2050,PLAYER_SLEEPBEFORE_END,1516299452472,26
2050,REQ_START,1516299452472,26
2050,REQ_END,1516299452580,26
2050,PLAYER_SLEEPBEFORE_START,1516299452580,27
2050,PLAYER_SLEEPBEFORE_END,1516299452583,27
2050,REQ_START,1516299452583,27
2050,REQ_END,1516299452636,27
2050,PLAYER_SLEEPBEFORE_START,1516299452636,28
2050,PLAYER_SLEEPBEFORE_END,1516299452921,28
2050,REQ_START,1516299452921,28
2050,REQ_END,1516299453224,28
2050,PLAYER_SLEEPBEFORE_START,1516299453224,29
2050,PLAYER_SLEEPBEFORE_END,1516299453399,29
2050,WS_SEND_START,1516299453399,29
2050,WS_SEND_END,1516299453399,29
2050,WS_RECV_START,1516299453399,30
2050,WS_RECV_END,1516299453531,30
2050,PLAYER_SLEEPBEFORE_START,1516299453531,31
2050,PLAYER_SLEEPBEFORE_END,1516299453542,31
2050,REQ_START,1516299453542,31
2050,REQ_END,1516299453585,31
2050,PLAYER_SLEEPBEFORE_START,1516299453585,32
2050,PLAYER_SLEEPBEFORE_END,1516299481730,32
2050,WS_SEND_START,1516299481730,32
2050,WS_SEND_END,1516299481730,32
2050,WS_RECV_START,1516299481730,33
2050,WS_RECV_END,1516299481946,33
2050,PLAYER_SLEEPBEFORE_START,1516299481946,34
2050,PLAYER_SLEEPBEFORE_END,1516299507858,34
2050,WS_SEND_START,1516299507858,34
2050,WS_SEND_END,1516299507858,34
2050,WS_RECV_START,1516299507858,35
2050,WS_RECV_END,1516299507957,35
2050,PLAYER_SLEEPBEFORE_START,1516299507957,36
2050,PLAYER_SLEEPBEFORE_END,1516299507966,36
2050,WS_SEND_START,1516299507966,36
2050,WS_SEND_END,1516299507966,36
2050,WS_RECV_START,1516299507966,37
2050,WS_RECV_END,1516299508025,37
2050,PLAYER_SLEEPBEFORE_START,1516299508025,38
2050,PLAYER_SLEEPBEFORE_END,1516299511220,38
2050,WS_SEND_START,1516299511220,38
2050,WS_SEND_END,1516299511220,38
2050,WS_RECV_START,1516299511220,39
2050,WS_RECV_END,1516299511507,39
2050,PLAYER_SLEEPBEFORE_START,1516299511507,40
2050,PLAYER_SLEEPBEFORE_END,1516299511557,40
2050,WS_SEND_START,1516299511557,40
2050,WS_SEND_END,1516299511557,40
2050,WS_RECV_START,1516299511557,41
2050,WS_RECV_END,1516299511781,41
2050,PLAYER_SLEEPBEFORE_START,1516299511781,42
2050,PLAYER_SLEEPBEFORE_END,1516299529916,42
2050,WS_SEND_START,1516299529916,42
2050,WS_SEND_END,1516299529916,42
2050,WS_RECV_START,1516299529916,43
2050,WS_RECV_END,1516299531781,43
2050,PLAYER_SLEEPBEFORE_START,1516299531781,44
2050,PLAYER_SLEEPBEFORE_END,1516299531793,44
2050,WS_SEND_START,1516299531793,44
2050,WS_SEND_END,1516299531793,44
2050,WS_RECV_START,1516299531793,45
2050,WS_RECV_END,1516299532441,45
2050,PLAYER_SLEEPBEFORE_START,1516299532441,46
2050,PLAYER_SLEEPBEFORE_END,1516299533701,46
2050,WS_SEND_START,1516299533701,46
2050,WS_SEND_END,1516299533701,46
2050,WS_RECV_START,1516299533701,47
2050,WS_RECV_END,1516299534771,47
2050,PLAYER_SLEEPBEFORE_START,1516299534771,48
2050,PLAYER_SLEEPBEFORE_END,1516299536091,48
2050,WS_SEND_START,1516299536091,48
2050,WS_SEND_END,1516299536091,48
2050,WS_RECV_START,1516299536091,49
2050,WS_RECV_END,1516299536736,49
2050,PLAYER_SLEEPBEFORE_START,1516299536736,50
2050,PLAYER_SLEEPBEFORE_END,1516299536760,50
2050,WS_SEND_START,1516299536760,50
2050,WS_SEND_END,1516299536760,50
2050,WS_RECV_START,1516299536760,51
2050,WS_RECV_END,1516299537021,51
2050,PLAYER_SLEEPBEFORE_START,1516299537021,52
2050,PLAYER_SLEEPBEFORE_END,1516299559585,52
2050,WS_SEND_START,1516299559585,52
2050,WS_SEND_END,1516299559585,52
2050,WS_RECV_START,1516299559585,53
2050,WS_RECV_END,1516299560122,53
2050,PLAYER_SLEEPBEFORE_START,1516299560122,54
2050,PLAYER_SLEEPBEFORE_END,1516299581426,54
2050,WS_SEND_START,1516299581426,54
2050,WS_SEND_END,1516299581426,54
2050,PLAYER_SLEEPBEFORE_START,1516299581426,55
2050,PLAYER_SLEEPBEFORE_END,1516299583367,55
2050,WS_SEND_START,1516299583367,55
2050,WS_SEND_END,1516299583367,55
2050,WS_RECV_START,1516299583367,56
2050,WS_RECV_END,1516299583898,56
2050,PLAYER_SLEEPBEFORE_START,1516299583898,57
2050,PLAYER_SLEEPBEFORE_END,1516299606771,57
2050,WS_SEND_START,1516299606771,57
2050,WS_SEND_END,1516299606771,57
2050,WS_RECV_START,1516299606771,58
2050,WS_RECV_END,1516299607533,58
2050,PLAYER_SLEEPBEFORE_START,1516299607533,59
2050,PLAYER_SLEEPBEFORE_END,1516299609860,59
2050,WS_SEND_START,1516299609860,59
2050,WS_SEND_END,1516299609860,59
2050,WS_RECV_START,1516299609860,60
2050,WS_RECV_END,1516299610015,60
2050,PLAYER_SLEEPBEFORE_START,1516299610015,61
2050,PLAYER_SLEEPBEFORE_END,1516299613606,61
2050,WS_SEND_START,1516299613606,61
2050,WS_SEND_END,1516299613607,61
2050,WS_RECV_START,1516299613607,62
2050,WS_RECV_END,1516299614796,62
2050,PLAYER_SLEEPBEFORE_START,1516299614796,63
2050,PLAYER_SLEEPBEFORE_END,1516299634058,63
2050,WS_SEND_START,1516299634058,63
2050,WS_SEND_END,1516299634058,63
2050,WS_RECV_START,1516299634058,64
2050,WS_RECV_END,1516299635204,64
2050,PLAYER_SLEEPBEFORE_START,1516299635204,65
2050,PLAYER_SLEEPBEFORE_END,1516299662021,65
2050,WS_SEND_START,1516299662021,65
2050,WS_SEND_END,1516299662021,65
2050,WS_RECV_START,1516299662021,66
2050,WS_RECV_END,1516299662676,66
2050,PLAYER_SLEEPBEFORE_START,1516299662676,67
2050,PLAYER_SLEEPBEFORE_END,1516299664183,67
2050,WS_SEND_START,1516299664183,67
2050,WS_SEND_END,1516299664183,67
2050,WS_RECV_START,1516299664183,68
2050,WS_RECV_END,1516299664931,68
2050,PLAYER_SLEEPBEFORE_START,1516299664931,69
2050,PLAYER_SLEEPBEFORE_END,1516299686929,69
2050,WS_SEND_START,1516299686929,69
2050,WS_SEND_END,1516299686929,69
2050,WS_RECV_START,1516299686929,70
2050,WS_RECV_END,1516299688162,70
2050,PLAYER_SLEEPBEFORE_START,1516299688162,71
2050,PLAYER_SLEEPBEFORE_END,1516299712938,71
2050,WS_SEND_START,1516299712938,71
2050,WS_SEND_END,1516299712938,71
2050,PLAYER_SLEEPBEFORE_START,1516299712938,72
2050,PLAYER_SLEEPBEFORE_END,1516299715545,72
2050,WS_SEND_START,1516299715545,72
2050,WS_SEND_END,1516299715545,72
2050,WS_RECV_START,1516299715545,73
2050,WS_RECV_END,1516299716234,73
2050,PLAYER_SLEEPBEFORE_START,1516299716234,74
2050,PLAYER_SLEEPBEFORE_END,1516299716244,74
2050,WS_SEND_START,1516299716244,74
2050,WS_SEND_END,1516299716244,74
2050,WS_RECV_START,1516299716244,75
2050,WS_RECV_END,1516299717622,75
2050,PLAYER_SLEEPBEFORE_START,1516299717622,76
2050,PLAYER_SLEEPBEFORE_END,1516299719128,76
2050,WS_SEND_START,1516299719128,76
2050,WS_SEND_END,1516299719128,76
2050,WS_RECV_START,1516299719128,77
2050,WS_RECV_END,1516299721474,77
2050,PLAYER_SLEEPBEFORE_START,1516299721474,78
2050,PLAYER_SLEEPBEFORE_END,1516299722342,78
2050,WS_SEND_START,1516299722342,78
2050,WS_SEND_END,1516299722342,78
2050,WS_RECV_START,1516299722342,79
2050,WS_RECV_END,1516299724147,79
2050,PLAYER_SLEEPBEFORE_START,1516299724147,80
2050,PLAYER_SLEEPBEFORE_END,1516299731813,80
2050,WS_SEND_START,1516299731813,80
2050,WS_SEND_END,1516299731813,80
2050,WS_RECV_START,1516299731813,81
2050,WS_RECV_END,1516299732516,81
2050,PLAYER_SLEEPBEFORE_START,1516299732516,82
2050,PLAYER_SLEEPBEFORE_END,1516299733618,82
2050,WS_SEND_START,1516299733618,82
2050,WS_SEND_END,1516299733618,82
2050,WS_RECV_START,1516299733618,83
2050,WS_RECV_END,1516299734721,83
2050,PLAYER_SLEEPBEFORE_START,1516299734721,84
2050,PLAYER_SLEEPBEFORE_END,1516299735668,84
2050,WS_SEND_START,1516299735668,84
2050,WS_SEND_END,1516299735668,84
2050,WS_RECV_START,1516299735668,85
2050,WS_RECV_END,1516299737645,85
2050,PLAYER_SLEEPBEFORE_START,1516299737645,86
2050,PLAYER_SLEEPBEFORE_END,1516299741817,86
2050,WS_SEND_START,1516299741817,86
2050,WS_SEND_END,1516299741817,86
2050,WS_RECV_START,1516299741817,87
2050,WS_RECV_END,1516299743601,87
2050,PLAYER_SLEEPBEFORE_START,1516299743601,88
2050,PLAYER_SLEEPBEFORE_END,1516299743609,88
2050,WS_SEND_START,1516299743609,88
2050,WS_SEND_END,1516299743609,88
2050,WS_RECV_START,1516299743609,89
2050,WS_RECV_END,1516299744830,89
2050,PLAYER_SLEEPBEFORE_START,1516299744830,90
2050,PLAYER_SLEEPBEFORE_END,1516299772027,90
2050,REQ_START,1516299772027,90
2050,REQ_END,1516299772035,90
2050,PLAYER_SLEEPBEFORE_START,1516299772035,91
2050,PLAYER_SLEEPBEFORE_END,1516299779925,91
2050,WS_SEND_START,1516299779925,91
2050,WS_SEND_END,1516299779925,91
2050,WS_RECV_START,1516299779925,92
2050,WS_RECV_END,1516299781195,92
2050,PLAYER_SLEEPBEFORE_START,1516299781195,93
2050,PLAYER_SLEEPBEFORE_END,1516299781210,93
2050,WS_SEND_START,1516299781210,93
2050,WS_SEND_END,1516299781210,93
2050,WS_RECV_START,1516299781210,94
2050,WS_RECV_END,1516299782169,94
2050,PLAYER_SLEEPBEFORE_START,1516299782169,95
2050,PLAYER_SLEEPBEFORE_END,1516299805724,95
2050,WS_SEND_START,1516299805724,95
2050,WS_SEND_END,1516299805724,95
2050,WS_RECV_START,1516299805724,96
2050,WS_RECV_END,1516299809460,96
2050,PLAYER_SLEEPBEFORE_START,1516299809460,97
2050,PLAYER_SLEEPBEFORE_END,1516299831900,97
2050,WS_SEND_START,1516299831900,97
2050,WS_SEND_END,1516299831900,97
2050,WS_RECV_START,1516299831900,98
2050,WS_RECV_END,1516299835916,98
2050,PLAYER_SLEEPBEFORE_START,1516299835916,99
2050,PLAYER_SLEEPBEFORE_END,1516299835937,99
2050,WS_SEND_START,1516299835937,99
2050,WS_SEND_END,1516299835937,99
2050,WS_RECV_START,1516299835937,100
2050,WS_RECV_END,1516299840633,100
2050,PLAYER_SLEEPBEFORE_START,1516299840633,101
2050,PLAYER_SLEEPBEFORE_END,1516299864193,101
2050,WS_SEND_START,1516299864193,101
2050,WS_SEND_END,1516299864193,101
2050,WS_RECV_START,1516299864193,102
2050,WS_RECV_END,1516299870241,102
2050,PLAYER_SLEEPBEFORE_START,1516299870241,103
2050,PLAYER_SLEEPBEFORE_END,1516299893866,103
2050,WS_SEND_START,1516299893866,103
2050,WS_SEND_END,1516299893866,103
2050,WS_RECV_START,1516299893866,104
2050,WS_RECV_END,1516299896819,104
2050,PLAYER_SLEEPBEFORE_START,1516299896819,105
2050,PLAYER_SLEEPBEFORE_END,1516299922196,105
2050,WS_SEND_START,1516299922196,105
2050,WS_SEND_END,1516299922196,105
2050,WS_RECV_START,1516299922196,106
2050,WS_RECV_END,1516299922485,106
2050,PLAYER_SLEEPBEFORE_START,1516299922485,107
2050,PLAYER_SLEEPBEFORE_END,1516299945908,107
2050,WS_SEND_START,1516299945908,107
2050,WS_SEND_END,1516299945908,107
2050,WS_RECV_START,1516299945908,108
2050,WS_RECV_END,1516299946890,108
2050,PLAYER_SLEEPBEFORE_START,1516299946890,109
2050,PLAYER_SLEEPBEFORE_END,1516299946899,109
2050,WS_SEND_START,1516299946899,109
2050,WS_SEND_END,1516299946899,109
2050,WS_RECV_START,1516299946899,110
2050,WS_RECV_END,1516299947386,110
2050,PLAYER_SLEEPBEFORE_START,1516299947386,111
2050,PLAYER_SLEEPBEFORE_END,1516299948345,111
2050,WS_SEND_START,1516299948345,111
2050,WS_SEND_END,1516299948345,111
2050,WS_RECV_START,1516299948345,112
2050,WS_RECV_END,1516299948716,112
2050,PLAYER_SLEEPBEFORE_START,1516299948716,113
2050,PLAYER_SLEEPBEFORE_END,1516299949279,113
2050,WS_SEND_START,1516299949279,113
2050,WS_SEND_END,1516299949279,113
2050,WS_RECV_START,1516299949279,114
2050,WS_RECV_END,1516299949397,114
2050,PLAYER_SLEEPBEFORE_START,1516299949397,115
2050,PLAYER_SLEEPBEFORE_END,1516299949407,115
2050,WS_SEND_START,1516299949407,115
2050,WS_SEND_END,1516299949407,115
2050,WS_RECV_START,1516299949407,116
2050,WS_RECV_END,1516299949716,116
2050,PLAYER_SLEEPBEFORE_START,1516299949716,117
2050,PLAYER_SLEEPBEFORE_END,1516299970076,117
2050,WS_SEND_START,1516299970076,117
2050,WS_SEND_END,1516299970076,117
2050,PLAYER_SLEEPBEFORE_START,1516299970076,118
2050,PLAYER_SLEEPBEFORE_END,1516299973828,118
2050,WS_SEND_START,1516299973828,118
2050,WS_SEND_END,1516299973828,118
2050,WS_RECV_START,1516299973828,119
2050,WS_RECV_END,1516299975046,119
2050,PLAYER_SLEEPBEFORE_START,1516299975046,120
2050,PLAYER_SLEEPBEFORE_END,1516299976034,120
2050,WS_SEND_START,1516299976034,120
2050,WS_SEND_END,1516299976034,120
2050,WS_RECV_START,1516299976035,121
2050,WS_RECV_END,1516299978890,121
2050,PLAYER_SLEEPBEFORE_START,1516299978890,122
2050,PLAYER_SLEEPBEFORE_END,1516299980075,122
2050,WS_SEND_START,1516299980075,122
2050,WS_SEND_END,1516299980075,122
2050,WS_RECV_START,1516299980075,123
2050,WS_RECV_END,1516299981232,123
2050,PLAYER_SLEEPBEFORE_START,1516299981232,124
2050,PLAYER_SLEEPBEFORE_END,1516300005637,124
2050,WS_SEND_START,1516300005637,124
2050,WS_SEND_END,1516300005637,124
2050,WS_RECV_START,1516300005637,125
2050,WS_RECV_END,1516300006963,125
2050,PLAYER_SLEEPBEFORE_START,1516300006963,126
2050,PLAYER_SLEEPBEFORE_END,1516300027475,126
2050,WS_SEND_START,1516300027475,126
2050,WS_SEND_END,1516300027475,126
2050,PLAYER_SLEEPBEFORE_START,1516300027475,127
2050,PLAYER_SLEEPBEFORE_END,1516300030529,127
2050,WS_SEND_START,1516300030529,127
2050,WS_SEND_END,1516300030529,127
2050,WS_RECV_START,1516300030529,128
2050,WS_RECV_END,1516300031100,128
2050,PLAYER_SLEEPBEFORE_START,1516300031100,129
2050,PLAYER_SLEEPBEFORE_END,1516300031120,129
2050,WS_SEND_START,1516300031120,129
2050,WS_SEND_END,1516300031120,129
2050,WS_RECV_START,1516300031120,130
2050,WS_RECV_END,1516300032559,130
2050,PLAYER_SLEEPBEFORE_START,1516300032559,131
2050,PLAYER_SLEEPBEFORE_END,1516300054183,131
2050,WS_SEND_START,1516300054183,131
2050,WS_SEND_END,1516300054183,131
2050,PLAYER_SLEEPBEFORE_START,1516300054183,132
2050,PLAYER_SLEEPBEFORE_END,1516300057263,132
2050,WS_SEND_START,1516300057263,132
2050,WS_SEND_END,1516300057263,132
2050,WS_RECV_START,1516300057263,133
2050,WS_RECV_END,1516300057417,133
2050,PLAYER_SLEEPBEFORE_START,1516300057417,134
2050,PLAYER_SLEEPBEFORE_END,1516300078634,134
2050,WS_SEND_START,1516300078634,134
2050,WS_SEND_END,1516300078634,134
2050,PLAYER_SLEEPBEFORE_START,1516300078634,135
2050,PLAYER_SLEEPBEFORE_END,1516300081824,135
2050,WS_SEND_START,1516300081824,135
2050,WS_SEND_END,1516300081824,135
2050,WS_RECV_START,1516300081824,136
2050,WS_RECV_END,1516300082990,136
2050,PLAYER_SLEEPBEFORE_START,1516300082990,137
2050,PLAYER_SLEEPBEFORE_END,1516300082997,137
2050,WS_SEND_START,1516300082997,137
2050,WS_SEND_END,1516300082997,137
2050,WS_RECV_START,1516300082997,138
2050,WS_RECV_END,1516300083290,138
2050,PLAYER_SLEEPBEFORE_START,1516300083290,139
2050,PLAYER_SLEEPBEFORE_END,1516300083980,139
2050,WS_SEND_START,1516300083981,139
2050,WS_SEND_END,1516300083981,139
2050,WS_RECV_START,1516300083981,140
2050,WS_RECV_END,1516300084557,140
2050,PLAYER_SLEEPBEFORE_START,1516300084557,141
2050,PLAYER_SLEEPBEFORE_END,1516300085212,141
2050,WS_SEND_START,1516300085212,141
2050,WS_SEND_END,1516300085212,141
2050,WS_RECV_START,1516300085212,142
2050,WS_RECV_END,1516300085544,142
2050,PLAYER_SLEEPBEFORE_START,1516300085544,143
2050,PLAYER_SLEEPBEFORE_END,1516300085602,143
2050,WS_SEND_START,1516300085602,143
2050,WS_SEND_END,1516300085602,143
2050,WS_RECV_START,1516300085602,144
2050,WS_RECV_END,1516300085883,144
2050,PLAYER_SLEEPBEFORE_START,1516300085883,145
2050,PLAYER_SLEEPBEFORE_END,1516300101945,145
2050,REQ_START,1516300101945,145
2050,REQ_END,1516300101953,145
2050,PLAYER_SLEEPBEFORE_START,1516300101953,146
2050,PLAYER_SLEEPBEFORE_END,1516300110830,146
2050,WS_SEND_START,1516300110830,146
2050,WS_SEND_END,1516300110830,146
2050,WS_RECV_START,1516300110830,147
2050,WS_RECV_END,1516300112198,147
2050,PLAYER_SLEEPBEFORE_START,1516300112198,148
2050,PLAYER_SLEEPBEFORE_END,1516300134120,148
2050,WS_SEND_START,1516300134120,148
2050,WS_SEND_END,1516300134120,148
2050,PLAYER_SLEEPBEFORE_START,1516300134120,149
2050,PLAYER_SLEEPBEFORE_END,1516300136548,149
2050,WS_SEND_START,1516300136548,149
2050,WS_SEND_END,1516300136548,149
2050,WS_RECV_START,1516300136548,150
2050,WS_RECV_END,1516300137044,150
2050,PLAYER_SLEEPBEFORE_START,1516300137044,151
2050,PLAYER_SLEEPBEFORE_END,1516300137254,151
2050,WS_SEND_START,1516300137254,151
2050,WS_SEND_END,1516300137254,151
2050,WS_RECV_START,1516300137254,152
2050,WS_RECV_END,1516300138735,152
2050,PLAYER_SLEEPBEFORE_START,1516300138735,153
2050,PLAYER_SLEEPBEFORE_END,1516300162662,153
2050,WS_SEND_START,1516300162662,153
2050,WS_SEND_END,1516300162662,153
2050,WS_RECV_START,1516300162662,154
2050,WS_RECV_END,1516300166335,154
2050,PLAYER_SLEEPBEFORE_START,1516300166335,155
2050,PLAYER_SLEEPBEFORE_END,1516300188893,155
2050,WS_SEND_START,1516300188893,155
2050,WS_SEND_END,1516300188893,155
2050,PLAYER_SLEEPBEFORE_START,1516300188893,156
2050,PLAYER_SLEEPBEFORE_END,1516300192168,156
2050,WS_SEND_START,1516300192168,156
2050,WS_SEND_END,1516300192168,156
2050,WS_RECV_START,1516300192168,157
2050,WS_RECV_END,1516300194166,157
2050,PLAYER_SLEEPBEFORE_START,1516300194166,158
2050,PLAYER_SLEEPBEFORE_END,1516300194176,158
2050,WS_SEND_START,1516300194176,158
2050,WS_SEND_END,1516300194176,158
2050,WS_RECV_START,1516300194176,159
2050,WS_RECV_END,1516300200583,159
2050,PLAYER_SLEEPBEFORE_START,1516300200583,160
2050,PLAYER_SLEEPBEFORE_END,1516300200758,160
2050,WS_SEND_START,1516300200758,160
2050,WS_SEND_END,1516300200758,160
2050,WS_RECV_START,1516300200758,161
2050,WS_RECV_END,1516300203526,161
2050,PLAYER_SLEEPBEFORE_START,1516300203526,162
2050,PLAYER_SLEEPBEFORE_END,1516300203551,162
2050,WS_SEND_START,1516300203551,162
2050,WS_SEND_END,1516300203551,162
2050,WS_RECV_START,1516300203551,163
2050,WS_RECV_END,1516300208538,163
2050,PLAYER_SLEEPBEFORE_START,1516300208538,164
2050,PLAYER_SLEEPBEFORE_END,1516300229350,164
2050,WS_SEND_START,1516300229350,164
2050,WS_SEND_END,1516300229350,164
2050,WS_RECV_START,1516300229350,165
2050,WS_RECV_END,1516300231519,165
2050,PLAYER_SLEEPBEFORE_START,1516300231519,166
2050,PLAYER_SLEEPBEFORE_END,1516300253974,166
2050,WS_SEND_START,1516300253974,166
2050,WS_SEND_END,1516300253974,166
2050,WS_RECV_START,1516300253974,167
2050,WS_RECV_END,1516300258339,167
2050,PLAYER_SLEEPBEFORE_START,1516300258339,168
2050,PLAYER_SLEEPBEFORE_END,1516300285696,168
2050,WS_SEND_START,1516300285696,168
2050,WS_SEND_END,1516300285696,168
2050,WS_RECV_START,1516300285696,169
2050,WS_RECV_END,1516300288181,169
2050,PLAYER_SLEEPBEFORE_START,1516300288181,170
2050,PLAYER_SLEEPBEFORE_END,1516300288190,170
2050,WS_SEND_START,1516300288190,170
2050,WS_SEND_END,1516300288190,170
2050,WS_RECV_START,1516300288190,171
2050,WS_RECV_END,1516300289131,171
2050,PLAYER_SLEEPBEFORE_START,1516300289131,172
2050,PLAYER_SLEEPBEFORE_END,1516300289500,172
2050,WS_SEND_START,1516300289500,172
2050,WS_SEND_END,1516300289500,172
2050,WS_RECV_START,1516300289500,173
2050,WS_RECV_END,1516300291025,173
2050,PLAYER_SLEEPBEFORE_START,1516300291025,174
2050,PLAYER_SLEEPBEFORE_END,1516300291066,174
2050,WS_SEND_START,1516300291066,174
2050,WS_SEND_END,1516300291066,174
2050,WS_RECV_START,1516300291066,175
2050,WS_RECV_END,1516300292726,175
2050,PLAYER_SLEEPBEFORE_START,1516300292726,176
2050,PLAYER_SLEEPBEFORE_END,1516300314487,176
2050,WS_SEND_START,1516300314487,176
2050,WS_SEND_END,1516300314487,176
2050,PLAYER_SLEEPBEFORE_START,1516300314487,177
2050,PLAYER_SLEEPBEFORE_END,1516300317005,177
2050,WS_SEND_START,1516300317005,177
2050,WS_SEND_END,1516300317005,177
2050,WS_RECV_START,1516300317005,178
2050,WS_RECV_END,1516300317193,178
2050,PLAYER_SLEEPBEFORE_START,1516300317193,179
2050,PLAYER_SLEEPBEFORE_END,1516300339533,179
2050,WS_SEND_START,1516300339533,179
2050,WS_SEND_END,1516300339533,179
2050,WS_RECV_START,1516300339533,180
2050,WS_RECV_END,1516300339697,180
2050,PLAYER_SLEEPBEFORE_START,1516300339697,181
2050,PLAYER_SLEEPBEFORE_END,1516300340141,181
2050,WS_SEND_START,1516300340141,181
2050,WS_SEND_END,1516300340141,181
2050,WS_RECV_START,1516300340141,182
2050,WS_RECV_END,1516300340426,182
2050,PLAYER_SLEEPBEFORE_START,1516300340426,183
2050,PLAYER_SLEEPBEFORE_END,1516300340949,183
2050,WS_SEND_START,1516300340949,183
2050,WS_SEND_END,1516300340950,183
2050,WS_RECV_START,1516300340950,184
2050,WS_RECV_END,1516300341195,184
2050,PLAYER_SLEEPBEFORE_START,1516300341195,185
2050,PLAYER_SLEEPBEFORE_END,1516300341463,185
2050,WS_SEND_START,1516300341463,185
2050,WS_SEND_END,1516300341463,185
2050,WS_RECV_START,1516300341463,186
2050,WS_RECV_END,1516300341804,186
2050,PLAYER_SLEEPBEFORE_START,1516300341804,187
2050,PLAYER_SLEEPBEFORE_END,1516300364304,187
2050,WS_SEND_START,1516300364304,187
2050,WS_SEND_END,1516300364304,187
2050,WS_RECV_START,1516300364304,188
2050,WS_RECV_END,1516300364445,188
2050,PLAYER_SLEEPBEFORE_START,1516300364445,189
2050,PLAYER_SLEEPBEFORE_END,1516300370684,189
2050,WS_SEND_START,1516300370684,189
2050,WS_SEND_END,1516300370684,189
2050,WS_RECV_START,1516300370684,190
2050,WS_RECV_END,1516300371079,190
2050,PLAYER_SLEEPBEFORE_START,1516300371079,191
2050,PLAYER_SLEEPBEFORE_END,1516300372994,191
2050,WS_SEND_START,1516300372994,191
2050,WS_SEND_END,1516300372994,191
2050,WS_RECV_START,1516300372994,192
2050,WS_RECV_END,1516300373129,192
2050,PLAYER_SLEEPBEFORE_START,1516300373129,193
2050,PLAYER_SLEEPBEFORE_END,1516300373257,193
2050,WS_SEND_START,1516300373257,193
2050,WS_SEND_END,1516300373257,193
2050,WS_RECV_START,1516300373257,194
2050,WS_RECV_END,1516300373358,194
2050,PLAYER_SLEEPBEFORE_START,1516300373358,195
2050,PLAYER_SLEEPBEFORE_END,1516300375113,195
2050,WS_SEND_START,1516300375113,195
2050,WS_SEND_END,1516300375113,195
2050,WS_RECV_START,1516300375113,196
2050,WS_RECV_END,1516300375240,196
2050,PLAYER_SLEEPBEFORE_START,1516300375240,197
2050,PLAYER_SLEEPBEFORE_END,1516300377045,197
2050,WS_SEND_START,1516300377045,197
2050,WS_SEND_END,1516300377045,197
2050,WS_RECV_START,1516300377045,198
2050,WS_RECV_END,1516300377424,198
2050,PLAYER_SLEEPBEFORE_START,1516300377424,199
2050,PLAYER_SLEEPBEFORE_END,1516300389278,199
2050,WS_SEND_START,1516300389278,199
2050,WS_SEND_END,1516300389278,199
2050,PLAYER_SLEEPBEFORE_START,1516300389278,200
2050,PLAYER_SLEEPBEFORE_END,1516300393366,200
2050,WS_SEND_START,1516300393366,200
2050,WS_SEND_END,1516300393366,200
2050,WS_RECV_START,1516300393366,201
2050,WS_RECV_END,1516300393468,201
2050,PLAYER_SLEEPBEFORE_START,1516300393468,202
2050,PLAYER_SLEEPBEFORE_END,1516300393483,202
2050,WS_SEND_START,1516300393483,202
2050,WS_SEND_END,1516300393483,202
2050,WS_RECV_START,1516300393483,203
2050,WS_RECV_END,1516300393615,203
2050,PLAYER_SLEEPBEFORE_START,1516300393615,204
2050,PLAYER_SLEEPBEFORE_END,1516300413264,204
2050,WS_SEND_START,1516300413264,204
2050,WS_SEND_END,1516300413264,204
2050,PLAYER_SLEEPBEFORE_START,1516300413264,205
2050,PLAYER_SLEEPBEFORE_END,1516300417162,205
2050,WS_SEND_START,1516300417162,205
2050,WS_SEND_END,1516300417162,205
2050,WS_RECV_START,1516300417162,206
2050,WS_RECV_END,1516300417262,206
2050,PLAYER_SLEEPBEFORE_START,1516300417262,207
2050,PLAYER_SLEEPBEFORE_END,1516300434193,207
2050,REQ_START,1516300434193,207
2050,REQ_END,1516300434200,207
2050,PLAYER_SLEEPBEFORE_START,1516300434200,208
2050,PLAYER_SLEEPBEFORE_END,1516300441052,208
2050,WS_CLOSE_START,1516300441052,208
2050,WS_CLOSE_END,1516300441052,208
2050,PLAYER_DONE,1516300441052
