# --sessions 2700 --app-url=http://shinyloadtest.rstudioservices.com/cran_explorer --output-dir test2700 --overwrite-output --log-level warn --start-interval 100 15min.log
thread_id,event,timestamp,input_line_number,comment
2149,PLAYER_SESSION_CREATE,1516299246193
2149,PLAYER_START_INTERVAL_START,1516299246193
2149,PLAYER_START_INTERVAL_END,1516299461093
2149,REQ_HOME_START,1516299461093,2
2149,REQ_HOME_END,1516299461508,2
2149,REQ_START,1516299461508,3
2149,REQ_END,1516299462507,3
2149,REQ_START,1516299462507,4
2149,REQ_END,1516299462722,4
2149,REQ_START,1516299462722,5
2149,REQ_END,1516299462885,5
2149,REQ_START,1516299462885,6
2149,REQ_END,1516299462932,6
2149,REQ_START,1516299462933,7
2149,REQ_END,1516299462973,7
2149,REQ_START,1516299462973,8
2149,REQ_END,1516299463017,8
2149,REQ_START,1516299463018,9
2149,REQ_END,1516299463066,9
2149,REQ_START,1516299463066,10
2149,REQ_END,1516299463073,10
2149,REQ_START,1516299463073,11
2149,REQ_END,1516299463556,11
2149,REQ_START,1516299463556,12
2149,REQ_END,1516299463566,12
2149,REQ_START,1516299463566,13
2149,REQ_END,1516299464606,13
2149,REQ_START,1516299464606,14
2149,REQ_END,1516299464621,14
2149,REQ_START,1516299464621,15
2149,REQ_END,1516299464684,15
2149,REQ_TOK_START,1516299464684,16
2149,REQ_TOK_END,1516299464690,16
2149,REQ_SINF_START,1516299464690,17
2149,REQ_SINF_END,1516299464696,17
2149,WS_OPEN_START,1516299464696,18
2149,WS_OPEN_END,1516299464702,18
2149,REQ_START,1516299464702,19
2149,REQ_END,1516299464745,19
2149,WS_RECV_START,1516299464745,20
2149,WS_RECV_END,1516299464745,20
2149,PLAYER_SLEEPBEFORE_START,1516299464745,21
2149,PLAYER_SLEEPBEFORE_END,1516299464750,21
2149,WS_SEND_START,1516299464750,21
2149,WS_SEND_END,1516299464750,21
2149,PLAYER_SLEEPBEFORE_START,1516299464750,22
2149,PLAYER_SLEEPBEFORE_END,1516299464751,22
2149,WS_SEND_START,1516299464751,22
2149,WS_SEND_END,1516299464751,22
2149,WS_RECV_INIT_START,1516299464751,23
2149,WS_RECV_INIT_END,1516299464912,23
2149,WS_RECV_START,1516299464912,24
2149,WS_RECV_END,1516299465114,24
2149,PLAYER_SLEEPBEFORE_START,1516299465114,25
2149,PLAYER_SLEEPBEFORE_END,1516299465121,25
2149,REQ_START,1516299465121,25
2149,REQ_END,1516299465495,25
2149,PLAYER_SLEEPBEFORE_START,1516299465495,26
2149,PLAYER_SLEEPBEFORE_END,1516299465497,26
2149,REQ_START,1516299465497,26
2149,REQ_END,1516299466312,26
2149,PLAYER_SLEEPBEFORE_START,1516299466312,27
2149,PLAYER_SLEEPBEFORE_END,1516299466315,27
2149,REQ_START,1516299466315,27
2149,REQ_END,1516299466789,27
2149,PLAYER_SLEEPBEFORE_START,1516299466789,28
2149,PLAYER_SLEEPBEFORE_END,1516299467074,28
2149,REQ_START,1516299467074,28
2149,REQ_END,1516299467259,28
2149,PLAYER_SLEEPBEFORE_START,1516299467259,29
2149,PLAYER_SLEEPBEFORE_END,1516299467434,29
2149,WS_SEND_START,1516299467434,29
2149,WS_SEND_END,1516299467434,29
2149,WS_RECV_START,1516299467434,30
2149,WS_RECV_END,1516299467643,30
2149,PLAYER_SLEEPBEFORE_START,1516299467643,31
2149,PLAYER_SLEEPBEFORE_END,1516299467654,31
2149,REQ_START,1516299467654,31
2149,REQ_END,1516299467767,31
2149,PLAYER_SLEEPBEFORE_START,1516299467767,32
2149,PLAYER_SLEEPBEFORE_END,1516299495912,32
2149,WS_SEND_START,1516299495912,32
2149,WS_SEND_END,1516299495912,32
2149,WS_RECV_START,1516299495912,33
2149,WS_RECV_END,1516299496527,33
2149,PLAYER_SLEEPBEFORE_START,1516299496527,34
2149,PLAYER_SLEEPBEFORE_END,1516299522438,34
2149,WS_SEND_START,1516299522438,34
2149,WS_SEND_END,1516299522438,34
2149,WS_RECV_START,1516299522438,35
2149,WS_RECV_END,1516299522561,35
2149,PLAYER_SLEEPBEFORE_START,1516299522561,36
2149,PLAYER_SLEEPBEFORE_END,1516299522570,36
2149,WS_SEND_START,1516299522570,36
2149,WS_SEND_END,1516299522570,36
2149,WS_RECV_START,1516299522570,37
2149,WS_RECV_END,1516299522639,37
2149,PLAYER_SLEEPBEFORE_START,1516299522639,38
2149,PLAYER_SLEEPBEFORE_END,1516299525835,38
2149,WS_SEND_START,1516299525835,38
2149,WS_SEND_END,1516299525835,38
2149,WS_RECV_START,1516299525835,39
2149,WS_RECV_END,1516299526233,39
2149,PLAYER_SLEEPBEFORE_START,1516299526233,40
2149,PLAYER_SLEEPBEFORE_END,1516299526279,40
2149,WS_SEND_START,1516299526279,40
2149,WS_SEND_END,1516299526279,40
2149,WS_RECV_START,1516299526279,41
2149,WS_RECV_END,1516299526753,41
2149,PLAYER_SLEEPBEFORE_START,1516299526753,42
2149,PLAYER_SLEEPBEFORE_END,1516299544888,42
2149,WS_SEND_START,1516299544888,42
2149,WS_SEND_END,1516299544888,42
2149,WS_RECV_START,1516299544888,43
2149,WS_RECV_END,1516299545524,43
2149,PLAYER_SLEEPBEFORE_START,1516299545524,44
2149,PLAYER_SLEEPBEFORE_END,1516299545536,44
2149,WS_SEND_START,1516299545536,44
2149,WS_SEND_END,1516299545536,44
2149,WS_RECV_START,1516299545536,45
2149,WS_RECV_END,1516299545795,45
2149,PLAYER_SLEEPBEFORE_START,1516299545795,46
2149,PLAYER_SLEEPBEFORE_END,1516299547055,46
2149,WS_SEND_START,1516299547055,46
2149,WS_SEND_END,1516299547055,46
2149,WS_RECV_START,1516299547055,47
2149,WS_RECV_END,1516299547433,47
2149,PLAYER_SLEEPBEFORE_START,1516299547433,48
2149,PLAYER_SLEEPBEFORE_END,1516299548753,48
2149,WS_SEND_START,1516299548753,48
2149,WS_SEND_END,1516299548753,48
2149,WS_RECV_START,1516299548753,49
2149,WS_RECV_END,1516299549104,49
2149,PLAYER_SLEEPBEFORE_START,1516299549104,50
2149,PLAYER_SLEEPBEFORE_END,1516299549128,50
2149,WS_SEND_START,1516299549128,50
2149,WS_SEND_END,1516299549128,50
2149,WS_RECV_START,1516299549128,51
2149,WS_RECV_END,1516299549314,51
2149,PLAYER_SLEEPBEFORE_START,1516299549314,52
2149,PLAYER_SLEEPBEFORE_END,1516299571878,52
2149,WS_SEND_START,1516299571878,52
2149,WS_SEND_END,1516299571878,52
2149,WS_RECV_START,1516299571878,53
2149,WS_RECV_END,1516299572988,53
2149,PLAYER_SLEEPBEFORE_START,1516299572988,54
2149,PLAYER_SLEEPBEFORE_END,1516299594291,54
2149,WS_SEND_START,1516299594291,54
2149,WS_SEND_END,1516299594291,54
2149,PLAYER_SLEEPBEFORE_START,1516299594291,55
2149,PLAYER_SLEEPBEFORE_END,1516299596232,55
2149,WS_SEND_START,1516299596232,55
2149,WS_SEND_END,1516299596232,55
2149,WS_RECV_START,1516299596232,56
2149,WS_RECV_END,1516299596747,56
2149,PLAYER_SLEEPBEFORE_START,1516299596747,57
2149,PLAYER_SLEEPBEFORE_END,1516299619619,57
2149,WS_SEND_START,1516299619619,57
2149,WS_SEND_END,1516299619619,57
2149,WS_RECV_START,1516299619619,58
2149,WS_RECV_END,1516299620586,58
2149,PLAYER_SLEEPBEFORE_START,1516299620586,59
2149,PLAYER_SLEEPBEFORE_END,1516299622914,59
2149,WS_SEND_START,1516299622914,59
2149,WS_SEND_END,1516299622914,59
2149,WS_RECV_START,1516299622914,60
2149,WS_RECV_END,1516299623968,60
2149,PLAYER_SLEEPBEFORE_START,1516299623968,61
2149,PLAYER_SLEEPBEFORE_END,1516299627559,61
2149,WS_SEND_START,1516299627559,61
2149,WS_SEND_END,1516299627559,61
2149,WS_RECV_START,1516299627559,62
2149,WS_RECV_END,1516299628648,62
2149,PLAYER_SLEEPBEFORE_START,1516299628648,63
2149,PLAYER_SLEEPBEFORE_END,1516299647910,63
2149,WS_SEND_START,1516299647910,63
2149,WS_SEND_END,1516299647910,63
2149,WS_RECV_START,1516299647910,64
2149,WS_RECV_END,1516299648170,64
2149,PLAYER_SLEEPBEFORE_START,1516299648170,65
2149,PLAYER_SLEEPBEFORE_END,1516299674987,65
2149,WS_SEND_START,1516299674987,65
2149,WS_SEND_END,1516299674987,65
2149,WS_RECV_START,1516299674987,66
2149,WS_RECV_END,1516299675600,66
2149,PLAYER_SLEEPBEFORE_START,1516299675600,67
2149,PLAYER_SLEEPBEFORE_END,1516299677107,67
2149,WS_SEND_START,1516299677107,67
2149,WS_SEND_END,1516299677107,67
2149,WS_RECV_START,1516299677108,68
2149,WS_RECV_END,1516299677918,68
2149,PLAYER_SLEEPBEFORE_START,1516299677918,69
2149,PLAYER_SLEEPBEFORE_END,1516299699916,69
2149,WS_SEND_START,1516299699916,69
2149,WS_SEND_END,1516299699916,69
2149,WS_RECV_START,1516299699916,70
2149,WS_RECV_END,1516299700113,70
2149,PLAYER_SLEEPBEFORE_START,1516299700113,71
2149,PLAYER_SLEEPBEFORE_END,1516299724888,71
2149,WS_SEND_START,1516299724888,71
2149,WS_SEND_END,1516299724888,71
2149,PLAYER_SLEEPBEFORE_START,1516299724888,72
2149,PLAYER_SLEEPBEFORE_END,1516299727495,72
2149,WS_SEND_START,1516299727495,72
2149,WS_SEND_END,1516299727495,72
2149,WS_RECV_START,1516299727495,73
2149,WS_RECV_END,1516299728270,73
2149,PLAYER_SLEEPBEFORE_START,1516299728270,74
2149,PLAYER_SLEEPBEFORE_END,1516299728279,74
2149,WS_SEND_START,1516299728279,74
2149,WS_SEND_END,1516299728279,74
2149,WS_RECV_START,1516299728279,75
2149,WS_RECV_END,1516299729357,75
2149,PLAYER_SLEEPBEFORE_START,1516299729357,76
2149,PLAYER_SLEEPBEFORE_END,1516299730863,76
2149,WS_SEND_START,1516299730863,76
2149,WS_SEND_END,1516299730863,76
2149,WS_RECV_START,1516299730863,77
2149,WS_RECV_END,1516299731599,77
2149,PLAYER_SLEEPBEFORE_START,1516299731599,78
2149,PLAYER_SLEEPBEFORE_END,1516299732467,78
2149,WS_SEND_START,1516299732467,78
2149,WS_SEND_END,1516299732467,78
2149,WS_RECV_START,1516299732467,79
2149,WS_RECV_END,1516299733507,79
2149,PLAYER_SLEEPBEFORE_START,1516299733507,80
2149,PLAYER_SLEEPBEFORE_END,1516299741173,80
2149,WS_SEND_START,1516299741173,80
2149,WS_SEND_END,1516299741173,80
2149,WS_RECV_START,1516299741173,81
2149,WS_RECV_END,1516299742402,81
2149,PLAYER_SLEEPBEFORE_START,1516299742402,82
2149,PLAYER_SLEEPBEFORE_END,1516299743505,82
2149,WS_SEND_START,1516299743505,82
2149,WS_SEND_END,1516299743505,82
2149,WS_RECV_START,1516299743505,83
2149,WS_RECV_END,1516299743816,83
2149,PLAYER_SLEEPBEFORE_START,1516299743816,84
2149,PLAYER_SLEEPBEFORE_END,1516299744763,84
2149,WS_SEND_START,1516299744763,84
2149,WS_SEND_END,1516299744763,84
2149,WS_RECV_START,1516299744763,85
2149,WS_RECV_END,1516299745869,85
2149,PLAYER_SLEEPBEFORE_START,1516299745869,86
2149,PLAYER_SLEEPBEFORE_END,1516299750041,86
2149,WS_SEND_START,1516299750041,86
2149,WS_SEND_END,1516299750041,86
2149,WS_RECV_START,1516299750041,87
2149,WS_RECV_END,1516299752373,87
2149,PLAYER_SLEEPBEFORE_START,1516299752373,88
2149,PLAYER_SLEEPBEFORE_END,1516299752382,88
2149,WS_SEND_START,1516299752382,88
2149,WS_SEND_END,1516299752382,88
2149,WS_RECV_START,1516299752382,89
2149,WS_RECV_END,1516299755025,89
2149,PLAYER_SLEEPBEFORE_START,1516299755025,90
2149,PLAYER_SLEEPBEFORE_END,1516299782222,90
2149,REQ_START,1516299782222,90
2149,REQ_END,1516299782228,90
2149,PLAYER_SLEEPBEFORE_START,1516299782228,91
2149,PLAYER_SLEEPBEFORE_END,1516299790117,91
2149,WS_SEND_START,1516299790117,91
2149,WS_SEND_END,1516299790117,91
2149,WS_RECV_START,1516299790117,92
2149,WS_RECV_END,1516299791244,92
2149,PLAYER_SLEEPBEFORE_START,1516299791244,93
2149,PLAYER_SLEEPBEFORE_END,1516299791259,93
2149,WS_SEND_START,1516299791259,93
2149,WS_SEND_END,1516299791259,93
2149,WS_RECV_START,1516299791259,94
2149,WS_RECV_END,1516299793528,94
2149,PLAYER_SLEEPBEFORE_START,1516299793528,95
2149,PLAYER_SLEEPBEFORE_END,1516299817083,95
2149,WS_SEND_START,1516299817083,95
2149,WS_SEND_END,1516299817083,95
2149,WS_RECV_START,1516299817083,96
2149,WS_RECV_END,1516299820410,96
2149,PLAYER_SLEEPBEFORE_START,1516299820410,97
2149,PLAYER_SLEEPBEFORE_END,1516299842850,97
2149,WS_SEND_START,1516299842850,97
2149,WS_SEND_END,1516299842850,97
2149,WS_RECV_START,1516299842850,98
2149,WS_RECV_END,1516299843402,98
2149,PLAYER_SLEEPBEFORE_START,1516299843402,99
2149,PLAYER_SLEEPBEFORE_END,1516299843424,99
2149,WS_SEND_START,1516299843424,99
2149,WS_SEND_END,1516299843424,99
2149,WS_RECV_START,1516299843424,100
2149,WS_RECV_END,1516299843761,100
2149,PLAYER_SLEEPBEFORE_START,1516299843761,101
2149,PLAYER_SLEEPBEFORE_END,1516299867321,101
2149,WS_SEND_START,1516299867321,101
2149,WS_SEND_END,1516299867321,101
2149,WS_RECV_START,1516299867321,102
2149,WS_RECV_END,1516299869737,102
2149,PLAYER_SLEEPBEFORE_START,1516299869737,103
2149,PLAYER_SLEEPBEFORE_END,1516299893362,103
2149,WS_SEND_START,1516299893362,103
2149,WS_SEND_END,1516299893362,103
2149,WS_RECV_START,1516299893362,104
2149,WS_RECV_END,1516299897107,104
2149,PLAYER_SLEEPBEFORE_START,1516299897107,105
2149,PLAYER_SLEEPBEFORE_END,1516299922484,105
2149,WS_SEND_START,1516299922484,105
2149,WS_SEND_END,1516299922484,105
2149,WS_RECV_START,1516299922484,106
2149,WS_RECV_END,1516299923729,106
2149,PLAYER_SLEEPBEFORE_START,1516299923729,107
2149,PLAYER_SLEEPBEFORE_END,1516299947152,107
2149,WS_SEND_START,1516299947152,107
2149,WS_SEND_END,1516299947152,107
2149,WS_RECV_START,1516299947152,108
2149,WS_RECV_END,1516299948010,108
2149,PLAYER_SLEEPBEFORE_START,1516299948010,109
2149,PLAYER_SLEEPBEFORE_END,1516299948019,109
2149,WS_SEND_START,1516299948019,109
2149,WS_SEND_END,1516299948019,109
2149,WS_RECV_START,1516299948019,110
2149,WS_RECV_END,1516299948802,110
2149,PLAYER_SLEEPBEFORE_START,1516299948802,111
2149,PLAYER_SLEEPBEFORE_END,1516299949761,111
2149,WS_SEND_START,1516299949761,111
2149,WS_SEND_END,1516299949761,111
2149,WS_RECV_START,1516299949761,112
2149,WS_RECV_END,1516299950765,112
2149,PLAYER_SLEEPBEFORE_START,1516299950765,113
2149,PLAYER_SLEEPBEFORE_END,1516299951327,113
2149,WS_SEND_START,1516299951327,113
2149,WS_SEND_END,1516299951327,113
2149,WS_RECV_START,1516299951327,114
2149,WS_RECV_END,1516299952553,114
2149,PLAYER_SLEEPBEFORE_START,1516299952553,115
2149,PLAYER_SLEEPBEFORE_END,1516299952563,115
2149,WS_SEND_START,1516299952563,115
2149,WS_SEND_END,1516299952563,115
2149,WS_RECV_START,1516299952563,116
2149,WS_RECV_END,1516299952964,116
2149,PLAYER_SLEEPBEFORE_START,1516299952964,117
2149,PLAYER_SLEEPBEFORE_END,1516299973324,117
2149,WS_SEND_START,1516299973324,117
2149,WS_SEND_END,1516299973324,117
2149,PLAYER_SLEEPBEFORE_START,1516299973324,118
2149,PLAYER_SLEEPBEFORE_END,1516299977076,118
2149,WS_SEND_START,1516299977076,118
2149,WS_SEND_END,1516299977076,118
2149,WS_RECV_START,1516299977076,119
2149,WS_RECV_END,1516299979037,119
2149,PLAYER_SLEEPBEFORE_START,1516299979037,120
2149,PLAYER_SLEEPBEFORE_END,1516299980025,120
2149,WS_SEND_START,1516299980025,120
2149,WS_SEND_END,1516299980025,120
2149,WS_RECV_START,1516299980025,121
2149,WS_RECV_END,1516299981746,121
2149,PLAYER_SLEEPBEFORE_START,1516299981746,122
2149,PLAYER_SLEEPBEFORE_END,1516299982931,122
2149,WS_SEND_START,1516299982931,122
2149,WS_SEND_END,1516299982931,122
2149,WS_RECV_START,1516299982931,123
2149,WS_RECV_END,1516299986384,123
2149,PLAYER_SLEEPBEFORE_START,1516299986384,124
2149,PLAYER_SLEEPBEFORE_END,1516300010789,124
2149,WS_SEND_START,1516300010789,124
2149,WS_SEND_END,1516300010789,124
2149,WS_RECV_START,1516300010789,125
2149,WS_RECV_END,1516300013073,125
2149,PLAYER_SLEEPBEFORE_START,1516300013073,126
2149,PLAYER_SLEEPBEFORE_END,1516300033585,126
2149,WS_SEND_START,1516300033585,126
2149,WS_SEND_END,1516300033585,126
2149,PLAYER_SLEEPBEFORE_START,1516300033585,127
2149,PLAYER_SLEEPBEFORE_END,1516300036639,127
2149,WS_SEND_START,1516300036639,127
2149,WS_SEND_END,1516300036639,127
2149,WS_RECV_START,1516300036639,128
2149,WS_RECV_END,1516300037082,128
2149,PLAYER_SLEEPBEFORE_START,1516300037082,129
2149,PLAYER_SLEEPBEFORE_END,1516300037103,129
2149,WS_SEND_START,1516300037103,129
2149,WS_SEND_END,1516300037103,129
2149,WS_RECV_START,1516300037103,130
2149,WS_RECV_END,1516300037915,130
2149,PLAYER_SLEEPBEFORE_START,1516300037915,131
2149,PLAYER_SLEEPBEFORE_END,1516300059539,131
2149,WS_SEND_START,1516300059539,131
2149,WS_SEND_END,1516300059539,131
2149,PLAYER_SLEEPBEFORE_START,1516300059539,132
2149,PLAYER_SLEEPBEFORE_END,1516300062619,132
2149,WS_SEND_START,1516300062619,132
2149,WS_SEND_END,1516300062619,132
2149,WS_RECV_START,1516300062619,133
2149,WS_RECV_END,1516300064219,133
2149,PLAYER_SLEEPBEFORE_START,1516300064219,134
2149,PLAYER_SLEEPBEFORE_END,1516300085436,134
2149,WS_SEND_START,1516300085436,134
2149,WS_SEND_END,1516300085436,134
2149,PLAYER_SLEEPBEFORE_START,1516300085436,135
2149,PLAYER_SLEEPBEFORE_END,1516300088626,135
2149,WS_SEND_START,1516300088626,135
2149,WS_SEND_END,1516300088626,135
2149,WS_RECV_START,1516300088626,136
2149,WS_RECV_END,1516300090388,136
2149,PLAYER_SLEEPBEFORE_START,1516300090388,137
2149,PLAYER_SLEEPBEFORE_END,1516300090395,137
2149,WS_SEND_START,1516300090395,137
2149,WS_SEND_END,1516300090395,137
2149,WS_RECV_START,1516300090395,138
2149,WS_RECV_END,1516300091677,138
2149,PLAYER_SLEEPBEFORE_START,1516300091677,139
2149,PLAYER_SLEEPBEFORE_END,1516300092367,139
2149,WS_SEND_START,1516300092367,139
2149,WS_SEND_END,1516300092367,139
2149,WS_RECV_START,1516300092367,140
2149,WS_RECV_END,1516300092996,140
2149,PLAYER_SLEEPBEFORE_START,1516300092996,141
2149,PLAYER_SLEEPBEFORE_END,1516300093651,141
2149,WS_SEND_START,1516300093651,141
2149,WS_SEND_END,1516300093651,141
2149,WS_RECV_START,1516300093651,142
2149,WS_RECV_END,1516300094124,142
2149,PLAYER_SLEEPBEFORE_START,1516300094124,143
2149,PLAYER_SLEEPBEFORE_END,1516300094181,143
2149,WS_SEND_START,1516300094181,143
2149,WS_SEND_END,1516300094181,143
2149,WS_RECV_START,1516300094181,144
2149,WS_RECV_END,1516300095590,144
2149,PLAYER_SLEEPBEFORE_START,1516300095590,145
2149,PLAYER_SLEEPBEFORE_END,1516300111652,145
2149,REQ_START,1516300111652,145
2149,REQ_END,1516300111656,145
2149,PLAYER_SLEEPBEFORE_START,1516300111656,146
2149,PLAYER_SLEEPBEFORE_END,1516300120534,146
2149,WS_SEND_START,1516300120534,146
2149,WS_SEND_END,1516300120534,146
2149,WS_RECV_START,1516300120534,147
2149,WS_RECV_END,1516300122852,147
2149,PLAYER_SLEEPBEFORE_START,1516300122852,148
2149,PLAYER_SLEEPBEFORE_END,1516300144775,148
2149,WS_SEND_START,1516300144775,148
2149,WS_SEND_END,1516300144775,148
2149,PLAYER_SLEEPBEFORE_START,1516300144775,149
2149,PLAYER_SLEEPBEFORE_END,1516300147203,149
2149,WS_SEND_START,1516300147203,149
2149,WS_SEND_END,1516300147203,149
2149,WS_RECV_START,1516300147203,150
2149,WS_RECV_END,1516300150616,150
2149,PLAYER_SLEEPBEFORE_START,1516300150616,151
2149,PLAYER_SLEEPBEFORE_END,1516300150826,151
2149,WS_SEND_START,1516300150826,151
2149,WS_SEND_END,1516300150826,151
2149,WS_RECV_START,1516300150826,152
2149,WS_RECV_END,1516300154570,152
2149,PLAYER_SLEEPBEFORE_START,1516300154570,153
2149,PLAYER_SLEEPBEFORE_END,1516300178497,153
2149,WS_SEND_START,1516300178497,153
2149,WS_SEND_END,1516300178497,153
2149,WS_RECV_START,1516300178497,154
2149,WS_RECV_END,1516300187143,154
2149,PLAYER_SLEEPBEFORE_START,1516300187143,155
2149,PLAYER_SLEEPBEFORE_END,1516300209701,155
2149,WS_SEND_START,1516300209701,155
2149,WS_SEND_END,1516300209701,155
2149,PLAYER_SLEEPBEFORE_START,1516300209701,156
2149,PLAYER_SLEEPBEFORE_END,1516300212975,156
2149,WS_SEND_START,1516300212975,156
2149,WS_SEND_END,1516300212975,156
2149,WS_RECV_START,1516300212975,157
2149,WS_RECV_END,1516300215948,157
2149,PLAYER_SLEEPBEFORE_START,1516300215948,158
2149,PLAYER_SLEEPBEFORE_END,1516300215958,158
2149,WS_SEND_START,1516300215958,158
2149,WS_SEND_END,1516300215958,158
2149,WS_RECV_START,1516300215958,159
2149,WS_RECV_END,1516300220123,159
2149,PLAYER_SLEEPBEFORE_START,1516300220123,160
2149,PLAYER_SLEEPBEFORE_END,1516300220298,160
2149,WS_SEND_START,1516300220298,160
2149,WS_SEND_END,1516300220298,160
2149,WS_RECV_START,1516300220298,161
2149,WS_RECV_END,1516300224675,161
2149,PLAYER_SLEEPBEFORE_START,1516300224675,162
2149,PLAYER_SLEEPBEFORE_END,1516300224700,162
2149,WS_SEND_START,1516300224700,162
2149,WS_SEND_END,1516300224700,162
2149,WS_RECV_START,1516300224700,163
2149,WS_RECV_END,1516300230316,163
2149,PLAYER_SLEEPBEFORE_START,1516300230316,164
2149,PLAYER_SLEEPBEFORE_END,1516300251128,164
2149,WS_SEND_START,1516300251128,164
2149,WS_SEND_END,1516300251128,164
2149,WS_RECV_START,1516300251128,165
2149,WS_RECV_END,1516300255626,165
2149,PLAYER_SLEEPBEFORE_START,1516300255626,166
2149,PLAYER_SLEEPBEFORE_END,1516300278081,166
2149,WS_SEND_START,1516300278081,166
2149,WS_SEND_END,1516300278081,166
2149,WS_RECV_START,1516300278081,167
2149,WS_RECV_END,1516300282874,167
2149,PLAYER_SLEEPBEFORE_START,1516300282874,168
2149,PLAYER_SLEEPBEFORE_END,1516300310231,168
2149,WS_SEND_START,1516300310231,168
2149,WS_SEND_END,1516300310231,168
2149,WS_RECV_START,1516300310231,169
2149,WS_RECV_END,1516300311012,169
2149,PLAYER_SLEEPBEFORE_START,1516300311012,170
2149,PLAYER_SLEEPBEFORE_END,1516300311021,170
2149,WS_SEND_START,1516300311021,170
2149,WS_SEND_END,1516300311021,170
2149,WS_RECV_START,1516300311021,171
2149,WS_RECV_END,1516300311220,171
2149,PLAYER_SLEEPBEFORE_START,1516300311220,172
2149,PLAYER_SLEEPBEFORE_END,1516300311589,172
2149,WS_SEND_START,1516300311589,172
2149,WS_SEND_END,1516300311589,172
2149,WS_RECV_START,1516300311589,173
2149,WS_RECV_END,1516300312378,173
2149,PLAYER_SLEEPBEFORE_START,1516300312378,174
2149,PLAYER_SLEEPBEFORE_END,1516300312419,174
2149,WS_SEND_START,1516300312419,174
2149,WS_SEND_END,1516300312420,174
2149,WS_RECV_START,1516300312420,175
2149,WS_RECV_END,1516300312859,175
2149,PLAYER_SLEEPBEFORE_START,1516300312859,176
2149,PLAYER_SLEEPBEFORE_END,1516300334621,176
2149,WS_SEND_START,1516300334621,176
2149,WS_SEND_END,1516300334621,176
2149,PLAYER_SLEEPBEFORE_START,1516300334621,177
2149,PLAYER_SLEEPBEFORE_END,1516300337139,177
2149,WS_SEND_START,1516300337139,177
2149,WS_SEND_END,1516300337139,177
2149,WS_RECV_START,1516300337139,178
2149,WS_RECV_END,1516300338238,178
2149,PLAYER_SLEEPBEFORE_START,1516300338238,179
2149,PLAYER_SLEEPBEFORE_END,1516300360578,179
2149,WS_SEND_START,1516300360578,179
2149,WS_SEND_END,1516300360578,179
2149,WS_RECV_START,1516300360578,180
2149,WS_RECV_END,1516300360729,180
2149,PLAYER_SLEEPBEFORE_START,1516300360729,181
2149,PLAYER_SLEEPBEFORE_END,1516300361173,181
2149,WS_SEND_START,1516300361173,181
2149,WS_SEND_END,1516300361173,181
2149,WS_RECV_START,1516300361173,182
2149,WS_RECV_END,1516300361572,182
2149,PLAYER_SLEEPBEFORE_START,1516300361572,183
2149,PLAYER_SLEEPBEFORE_END,1516300362095,183
2149,WS_SEND_START,1516300362095,183
2149,WS_SEND_END,1516300362095,183
2149,WS_RECV_START,1516300362095,184
2149,WS_RECV_END,1516300362226,184
2149,PLAYER_SLEEPBEFORE_START,1516300362226,185
2149,PLAYER_SLEEPBEFORE_END,1516300362494,185
2149,WS_SEND_START,1516300362494,185
2149,WS_SEND_END,1516300362494,185
2149,WS_RECV_START,1516300362494,186
2149,WS_RECV_END,1516300362864,186
2149,PLAYER_SLEEPBEFORE_START,1516300362864,187
2149,PLAYER_SLEEPBEFORE_END,1516300385364,187
2149,WS_SEND_START,1516300385364,187
2149,WS_SEND_END,1516300385364,187
2149,WS_RECV_START,1516300385364,188
2149,WS_RECV_END,1516300385535,188
2149,PLAYER_SLEEPBEFORE_START,1516300385535,189
2149,PLAYER_SLEEPBEFORE_END,1516300391774,189
2149,WS_SEND_START,1516300391775,189
2149,WS_SEND_END,1516300391775,189
2149,WS_RECV_START,1516300391775,190
2149,WS_RECV_END,1516300391923,190
2149,PLAYER_SLEEPBEFORE_START,1516300391923,191
2149,PLAYER_SLEEPBEFORE_END,1516300393838,191
2149,WS_SEND_START,1516300393838,191
2149,WS_SEND_END,1516300393838,191
2149,WS_RECV_START,1516300393838,192
2149,WS_RECV_END,1516300394051,192
2149,PLAYER_SLEEPBEFORE_START,1516300394051,193
2149,PLAYER_SLEEPBEFORE_END,1516300394179,193
2149,WS_SEND_START,1516300394179,193
2149,WS_SEND_END,1516300394179,193
2149,WS_RECV_START,1516300394179,194
2149,WS_RECV_END,1516300394303,194
2149,PLAYER_SLEEPBEFORE_START,1516300394303,195
2149,PLAYER_SLEEPBEFORE_END,1516300396058,195
2149,WS_SEND_START,1516300396058,195
2149,WS_SEND_END,1516300396058,195
2149,WS_RECV_START,1516300396058,196
2149,WS_RECV_END,1516300396335,196
2149,PLAYER_SLEEPBEFORE_START,1516300396335,197
2149,PLAYER_SLEEPBEFORE_END,1516300398139,197
2149,WS_SEND_START,1516300398139,197
2149,WS_SEND_END,1516300398139,197
2149,WS_RECV_START,1516300398139,198
2149,WS_RECV_END,1516300398313,198
2149,PLAYER_SLEEPBEFORE_START,1516300398313,199
2149,PLAYER_SLEEPBEFORE_END,1516300410167,199
2149,WS_SEND_START,1516300410167,199
2149,WS_SEND_END,1516300410167,199
2149,PLAYER_SLEEPBEFORE_START,1516300410167,200
2149,PLAYER_SLEEPBEFORE_END,1516300414255,200
2149,WS_SEND_START,1516300414255,200
2149,WS_SEND_END,1516300414255,200
2149,WS_RECV_START,1516300414255,201
2149,WS_RECV_END,1516300414390,201
2149,PLAYER_SLEEPBEFORE_START,1516300414390,202
2149,PLAYER_SLEEPBEFORE_END,1516300414404,202
2149,WS_SEND_START,1516300414404,202
2149,WS_SEND_END,1516300414404,202
2149,WS_RECV_START,1516300414404,203
2149,WS_RECV_END,1516300414620,203
2149,PLAYER_SLEEPBEFORE_START,1516300414620,204
2149,PLAYER_SLEEPBEFORE_END,1516300434269,204
2149,WS_SEND_START,1516300434269,204
2149,WS_SEND_END,1516300434269,204
2149,PLAYER_SLEEPBEFORE_START,1516300434269,205
2149,PLAYER_SLEEPBEFORE_END,1516300438168,205
2149,WS_SEND_START,1516300438168,205
2149,WS_SEND_END,1516300438168,205
2149,WS_RECV_START,1516300438168,206
2149,WS_RECV_END,1516300438297,206
2149,PLAYER_SLEEPBEFORE_START,1516300438297,207
2149,PLAYER_SLEEPBEFORE_END,1516300455228,207
2149,REQ_START,1516300455228,207
2149,REQ_END,1516300455233,207
2149,PLAYER_SLEEPBEFORE_START,1516300455233,208
2149,PLAYER_SLEEPBEFORE_END,1516300462085,208
2149,WS_CLOSE_START,1516300462085,208
2149,WS_CLOSE_END,1516300462085,208
2149,PLAYER_DONE,1516300462085
