# --sessions 2700 --app-url=http://shinyloadtest.rstudioservices.com/cran_explorer --output-dir test2700 --overwrite-output --log-level warn --start-interval 100 15min.log
thread_id,event,timestamp,input_line_number,comment
2174,PLAYER_SESSION_CREATE,1516299246213
2174,PLAYER_START_INTERVAL_START,1516299246213
2174,PLAYER_START_INTERVAL_END,1516299463613
2174,REQ_HOME_START,1516299463613,2
2174,REQ_HOME_END,1516299464606,2
2174,REQ_START,1516299464606,3
2174,REQ_END,1516299464651,3
2174,REQ_START,1516299464651,4
2174,REQ_END,1516299464714,4
2174,REQ_START,1516299464714,5
2174,REQ_END,1516299464894,5
2174,REQ_START,1516299464894,6
2174,REQ_END,1516299465498,6
2174,REQ_START,1516299465498,7
2174,REQ_END,1516299466311,7
2174,REQ_START,1516299466311,8
2174,REQ_END,1516299466792,8
2174,REQ_START,1516299466792,9
2174,REQ_END,1516299467001,9
2174,REQ_START,1516299467001,10
2174,REQ_END,1516299467007,10
2174,REQ_START,1516299467007,11
2174,REQ_END,1516299467259,11
2174,REQ_START,1516299467259,12
2174,REQ_END,1516299467290,12
2174,REQ_START,1516299467290,13
2174,REQ_END,1516299467329,13
2174,REQ_START,1516299467329,14
2174,REQ_END,1516299467344,14
2174,REQ_START,1516299467344,15
2174,REQ_END,1516299467686,15
2174,REQ_TOK_START,1516299467686,16
2174,REQ_TOK_END,1516299467692,16
2174,REQ_SINF_START,1516299467692,17
2174,REQ_SINF_END,1516299467698,17
2174,WS_OPEN_START,1516299467698,18
2174,WS_OPEN_END,1516299467705,18
2174,REQ_START,1516299467705,19
2174,REQ_END,1516299467844,19
2174,WS_RECV_START,1516299467844,20
2174,WS_RECV_END,1516299467844,20
2174,PLAYER_SLEEPBEFORE_START,1516299467844,21
2174,PLAYER_SLEEPBEFORE_END,1516299467849,21
2174,WS_SEND_START,1516299467849,21
2174,WS_SEND_END,1516299467849,21
2174,PLAYER_SLEEPBEFORE_START,1516299467849,22
2174,PLAYER_SLEEPBEFORE_END,1516299467850,22
2174,WS_SEND_START,1516299467850,22
2174,WS_SEND_END,1516299467850,22
2174,WS_RECV_INIT_START,1516299467850,23
2174,WS_RECV_INIT_END,1516299467876,23
2174,WS_RECV_START,1516299467876,24
2174,WS_RECV_END,1516299467977,24
2174,PLAYER_SLEEPBEFORE_START,1516299467978,25
2174,PLAYER_SLEEPBEFORE_END,1516299467985,25
2174,REQ_START,1516299467985,25
2174,REQ_END,1516299468378,25
2174,PLAYER_SLEEPBEFORE_START,1516299468378,26
2174,PLAYER_SLEEPBEFORE_END,1516299468379,26
2174,REQ_START,1516299468379,26
2174,REQ_END,1516299469033,26
2174,PLAYER_SLEEPBEFORE_START,1516299469033,27
2174,PLAYER_SLEEPBEFORE_END,1516299469036,27
2174,REQ_START,1516299469036,27
2174,REQ_END,1516299469647,27
2174,PLAYER_SLEEPBEFORE_START,1516299469647,28
2174,PLAYER_SLEEPBEFORE_END,1516299469933,28
2174,REQ_START,1516299469933,28
2174,REQ_END,1516299469991,28
2174,PLAYER_SLEEPBEFORE_START,1516299469991,29
2174,PLAYER_SLEEPBEFORE_END,1516299470166,29
2174,WS_SEND_START,1516299470166,29
2174,WS_SEND_END,1516299470166,29
2174,WS_RECV_START,1516299470166,30
2174,WS_RECV_END,1516299470401,30
2174,PLAYER_SLEEPBEFORE_START,1516299470401,31
2174,PLAYER_SLEEPBEFORE_END,1516299470412,31
2174,REQ_START,1516299470412,31
2174,REQ_END,1516299470597,31
2174,PLAYER_SLEEPBEFORE_START,1516299470597,32
2174,PLAYER_SLEEPBEFORE_END,1516299498742,32
2174,WS_SEND_START,1516299498742,32
2174,WS_SEND_END,1516299498742,32
2174,WS_RECV_START,1516299498742,33
2174,WS_RECV_END,1516299498912,33
2174,PLAYER_SLEEPBEFORE_START,1516299498912,34
2174,PLAYER_SLEEPBEFORE_END,1516299524823,34
2174,WS_SEND_START,1516299524823,34
2174,WS_SEND_END,1516299524824,34
2174,WS_RECV_START,1516299524824,35
2174,WS_RECV_END,1516299524873,35
2174,PLAYER_SLEEPBEFORE_START,1516299524873,36
2174,PLAYER_SLEEPBEFORE_END,1516299524882,36
2174,WS_SEND_START,1516299524882,36
2174,WS_SEND_END,1516299524882,36
2174,WS_RECV_START,1516299524882,37
2174,WS_RECV_END,1516299524929,37
2174,PLAYER_SLEEPBEFORE_START,1516299524929,38
2174,PLAYER_SLEEPBEFORE_END,1516299528124,38
2174,WS_SEND_START,1516299528124,38
2174,WS_SEND_END,1516299528124,38
2174,WS_RECV_START,1516299528124,39
2174,WS_RECV_END,1516299528586,39
2174,PLAYER_SLEEPBEFORE_START,1516299528586,40
2174,PLAYER_SLEEPBEFORE_END,1516299528633,40
2174,WS_SEND_START,1516299528633,40
2174,WS_SEND_END,1516299528633,40
2174,WS_RECV_START,1516299528633,41
2174,WS_RECV_END,1516299529358,41
2174,PLAYER_SLEEPBEFORE_START,1516299529358,42
2174,PLAYER_SLEEPBEFORE_END,1516299547493,42
2174,WS_SEND_START,1516299547493,42
2174,WS_SEND_END,1516299547493,42
2174,WS_RECV_START,1516299547493,43
2174,WS_RECV_END,1516299548185,43
2174,PLAYER_SLEEPBEFORE_START,1516299548185,44
2174,PLAYER_SLEEPBEFORE_END,1516299548197,44
2174,WS_SEND_START,1516299548197,44
2174,WS_SEND_END,1516299548197,44
2174,WS_RECV_START,1516299548197,45
2174,WS_RECV_END,1516299548351,45
2174,PLAYER_SLEEPBEFORE_START,1516299548351,46
2174,PLAYER_SLEEPBEFORE_END,1516299549611,46
2174,WS_SEND_START,1516299549611,46
2174,WS_SEND_END,1516299549611,46
2174,WS_RECV_START,1516299549611,47
2174,WS_RECV_END,1516299549859,47
2174,PLAYER_SLEEPBEFORE_START,1516299549859,48
2174,PLAYER_SLEEPBEFORE_END,1516299551179,48
2174,WS_SEND_START,1516299551179,48
2174,WS_SEND_END,1516299551179,48
2174,WS_RECV_START,1516299551179,49
2174,WS_RECV_END,1516299551313,49
2174,PLAYER_SLEEPBEFORE_START,1516299551313,50
2174,PLAYER_SLEEPBEFORE_END,1516299551337,50
2174,WS_SEND_START,1516299551337,50
2174,WS_SEND_END,1516299551337,50
2174,WS_RECV_START,1516299551337,51
2174,WS_RECV_END,1516299552053,51
2174,PLAYER_SLEEPBEFORE_START,1516299552053,52
2174,PLAYER_SLEEPBEFORE_END,1516299574617,52
2174,WS_SEND_START,1516299574617,52
2174,WS_SEND_END,1516299574617,52
2174,WS_RECV_START,1516299574617,53
2174,WS_RECV_END,1516299575396,53
2174,PLAYER_SLEEPBEFORE_START,1516299575396,54
2174,PLAYER_SLEEPBEFORE_END,1516299596699,54
2174,WS_SEND_START,1516299596699,54
2174,WS_SEND_END,1516299596699,54
2174,PLAYER_SLEEPBEFORE_START,1516299596699,55
2174,PLAYER_SLEEPBEFORE_END,1516299598640,55
2174,WS_SEND_START,1516299598640,55
2174,WS_SEND_END,1516299598640,55
2174,WS_RECV_START,1516299598640,56
2174,WS_RECV_END,1516299600166,56
2174,PLAYER_SLEEPBEFORE_START,1516299600166,57
2174,PLAYER_SLEEPBEFORE_END,1516299623038,57
2174,WS_SEND_START,1516299623038,57
2174,WS_SEND_END,1516299623038,57
2174,WS_RECV_START,1516299623038,58
2174,WS_RECV_END,1516299624012,58
2174,PLAYER_SLEEPBEFORE_START,1516299624012,59
2174,PLAYER_SLEEPBEFORE_END,1516299626339,59
2174,WS_SEND_START,1516299626339,59
2174,WS_SEND_END,1516299626339,59
2174,WS_RECV_START,1516299626339,60
2174,WS_RECV_END,1516299627371,60
2174,PLAYER_SLEEPBEFORE_START,1516299627371,61
2174,PLAYER_SLEEPBEFORE_END,1516299630962,61
2174,WS_SEND_START,1516299630962,61
2174,WS_SEND_END,1516299630962,61
2174,WS_RECV_START,1516299630962,62
2174,WS_RECV_END,1516299631839,62
2174,PLAYER_SLEEPBEFORE_START,1516299631839,63
2174,PLAYER_SLEEPBEFORE_END,1516299651101,63
2174,WS_SEND_START,1516299651101,63
2174,WS_SEND_END,1516299651101,63
2174,WS_RECV_START,1516299651101,64
2174,WS_RECV_END,1516299651506,64
2174,PLAYER_SLEEPBEFORE_START,1516299651506,65
2174,PLAYER_SLEEPBEFORE_END,1516299678323,65
2174,WS_SEND_START,1516299678323,65
2174,WS_SEND_END,1516299678323,65
2174,WS_RECV_START,1516299678323,66
2174,WS_RECV_END,1516299678994,66
2174,PLAYER_SLEEPBEFORE_START,1516299678994,67
2174,PLAYER_SLEEPBEFORE_END,1516299680501,67
2174,WS_SEND_START,1516299680501,67
2174,WS_SEND_END,1516299680501,67
2174,WS_RECV_START,1516299680501,68
2174,WS_RECV_END,1516299680831,68
2174,PLAYER_SLEEPBEFORE_START,1516299680831,69
2174,PLAYER_SLEEPBEFORE_END,1516299702829,69
2174,WS_SEND_START,1516299702829,69
2174,WS_SEND_END,1516299702829,69
2174,WS_RECV_START,1516299702829,70
2174,WS_RECV_END,1516299703708,70
2174,PLAYER_SLEEPBEFORE_START,1516299703708,71
2174,PLAYER_SLEEPBEFORE_END,1516299728483,71
2174,WS_SEND_START,1516299728483,71
2174,WS_SEND_END,1516299728483,71
2174,PLAYER_SLEEPBEFORE_START,1516299728483,72
2174,PLAYER_SLEEPBEFORE_END,1516299731091,72
2174,WS_SEND_START,1516299731091,72
2174,WS_SEND_END,1516299731091,72
2174,WS_RECV_START,1516299731091,73
2174,WS_RECV_END,1516299731870,73
2174,PLAYER_SLEEPBEFORE_START,1516299731870,74
2174,PLAYER_SLEEPBEFORE_END,1516299731879,74
2174,WS_SEND_START,1516299731879,74
2174,WS_SEND_END,1516299731879,74
2174,WS_RECV_START,1516299731879,75
2174,WS_RECV_END,1516299732885,75
2174,PLAYER_SLEEPBEFORE_START,1516299732885,76
2174,PLAYER_SLEEPBEFORE_END,1516299734391,76
2174,WS_SEND_START,1516299734391,76
2174,WS_SEND_END,1516299734391,76
2174,WS_RECV_START,1516299734391,77
2174,WS_RECV_END,1516299735915,77
2174,PLAYER_SLEEPBEFORE_START,1516299735915,78
2174,PLAYER_SLEEPBEFORE_END,1516299736784,78
2174,WS_SEND_START,1516299736784,78
2174,WS_SEND_END,1516299736784,78
2174,WS_RECV_START,1516299736784,79
2174,WS_RECV_END,1516299738764,79
2174,PLAYER_SLEEPBEFORE_START,1516299738764,80
2174,PLAYER_SLEEPBEFORE_END,1516299746431,80
2174,WS_SEND_START,1516299746431,80
2174,WS_SEND_END,1516299746431,80
2174,WS_RECV_START,1516299746431,81
2174,WS_RECV_END,1516299747619,81
2174,PLAYER_SLEEPBEFORE_START,1516299747619,82
2174,PLAYER_SLEEPBEFORE_END,1516299748722,82
2174,WS_SEND_START,1516299748722,82
2174,WS_SEND_END,1516299748722,82
2174,WS_RECV_START,1516299748722,83
2174,WS_RECV_END,1516299750851,83
2174,PLAYER_SLEEPBEFORE_START,1516299750851,84
2174,PLAYER_SLEEPBEFORE_END,1516299751798,84
2174,WS_SEND_START,1516299751798,84
2174,WS_SEND_END,1516299751798,84
2174,WS_RECV_START,1516299751798,85
2174,WS_RECV_END,1516299752810,85
2174,PLAYER_SLEEPBEFORE_START,1516299752810,86
2174,PLAYER_SLEEPBEFORE_END,1516299756982,86
2174,WS_SEND_START,1516299756982,86
2174,WS_SEND_END,1516299756982,86
2174,WS_RECV_START,1516299756982,87
2174,WS_RECV_END,1516299760138,87
2174,PLAYER_SLEEPBEFORE_START,1516299760138,88
2174,PLAYER_SLEEPBEFORE_END,1516299760146,88
2174,WS_SEND_START,1516299760146,88
2174,WS_SEND_END,1516299760146,88
2174,WS_RECV_START,1516299760146,89
2174,WS_RECV_END,1516299762874,89
2174,PLAYER_SLEEPBEFORE_START,1516299762874,90
2174,PLAYER_SLEEPBEFORE_END,1516299790071,90
2174,REQ_START,1516299790071,90
2174,REQ_END,1516299790078,90
2174,PLAYER_SLEEPBEFORE_START,1516299790078,91
2174,PLAYER_SLEEPBEFORE_END,1516299797967,91
2174,WS_SEND_START,1516299797967,91
2174,WS_SEND_END,1516299797967,91
2174,WS_RECV_START,1516299797967,92
2174,WS_RECV_END,1516299799775,92
2174,PLAYER_SLEEPBEFORE_START,1516299799775,93
2174,PLAYER_SLEEPBEFORE_END,1516299799790,93
2174,WS_SEND_START,1516299799790,93
2174,WS_SEND_END,1516299799790,93
2174,WS_RECV_START,1516299799790,94
2174,WS_RECV_END,1516299800315,94
2174,PLAYER_SLEEPBEFORE_START,1516299800315,95
2174,PLAYER_SLEEPBEFORE_END,1516299823870,95
2174,WS_SEND_START,1516299823870,95
2174,WS_SEND_END,1516299823870,95
2174,WS_RECV_START,1516299823870,96
2174,WS_RECV_END,1516299825688,96
2174,PLAYER_SLEEPBEFORE_START,1516299825688,97
2174,PLAYER_SLEEPBEFORE_END,1516299848128,97
2174,WS_SEND_START,1516299848128,97
2174,WS_SEND_END,1516299848128,97
2174,WS_RECV_START,1516299848128,98
2174,WS_RECV_END,1516299848857,98
2174,PLAYER_SLEEPBEFORE_START,1516299848857,99
2174,PLAYER_SLEEPBEFORE_END,1516299848878,99
2174,WS_SEND_START,1516299848878,99
2174,WS_SEND_END,1516299848878,99
2174,WS_RECV_START,1516299848878,100
2174,WS_RECV_END,1516299849056,100
2174,PLAYER_SLEEPBEFORE_START,1516299849056,101
2174,PLAYER_SLEEPBEFORE_END,1516299872617,101
2174,WS_SEND_START,1516299872617,101
2174,WS_SEND_END,1516299872617,101
2174,WS_RECV_START,1516299872617,102
2174,WS_RECV_END,1516299878214,102
2174,PLAYER_SLEEPBEFORE_START,1516299878214,103
2174,PLAYER_SLEEPBEFORE_END,1516299901839,103
2174,WS_SEND_START,1516299901839,103
2174,WS_SEND_END,1516299901839,103
2174,WS_RECV_START,1516299901839,104
2174,WS_RECV_END,1516299903197,104
2174,PLAYER_SLEEPBEFORE_START,1516299903197,105
2174,PLAYER_SLEEPBEFORE_END,1516299928574,105
2174,WS_SEND_START,1516299928574,105
2174,WS_SEND_END,1516299928574,105
2174,WS_RECV_START,1516299928574,106
2174,WS_RECV_END,1516299930330,106
2174,PLAYER_SLEEPBEFORE_START,1516299930330,107
2174,PLAYER_SLEEPBEFORE_END,1516299953753,107
2174,WS_SEND_START,1516299953753,107
2174,WS_SEND_END,1516299953753,107
2174,WS_RECV_START,1516299953753,108
2174,WS_RECV_END,1516299954189,108
2174,PLAYER_SLEEPBEFORE_START,1516299954189,109
2174,PLAYER_SLEEPBEFORE_END,1516299954198,109
2174,WS_SEND_START,1516299954198,109
2174,WS_SEND_END,1516299954198,109
2174,WS_RECV_START,1516299954198,110
2174,WS_RECV_END,1516299954258,110
2174,PLAYER_SLEEPBEFORE_START,1516299954258,111
2174,PLAYER_SLEEPBEFORE_END,1516299955237,111
2174,WS_SEND_START,1516299955237,111
2174,WS_SEND_END,1516299955237,111
2174,WS_RECV_START,1516299955237,112
2174,WS_RECV_END,1516299955300,112
2174,PLAYER_SLEEPBEFORE_START,1516299955300,113
2174,PLAYER_SLEEPBEFORE_END,1516299955862,113
2174,WS_SEND_START,1516299955863,113
2174,WS_SEND_END,1516299955863,113
2174,WS_RECV_START,1516299955863,114
2174,WS_RECV_END,1516299955957,114
2174,PLAYER_SLEEPBEFORE_START,1516299955957,115
2174,PLAYER_SLEEPBEFORE_END,1516299955966,115
2174,WS_SEND_START,1516299955966,115
2174,WS_SEND_END,1516299955966,115
2174,WS_RECV_START,1516299955966,116
2174,WS_RECV_END,1516299956116,116
2174,PLAYER_SLEEPBEFORE_START,1516299956116,117
2174,PLAYER_SLEEPBEFORE_END,1516299976476,117
2174,WS_SEND_START,1516299976476,117
2174,WS_SEND_END,1516299976476,117
2174,PLAYER_SLEEPBEFORE_START,1516299976476,118
2174,PLAYER_SLEEPBEFORE_END,1516299980228,118
2174,WS_SEND_START,1516299980228,118
2174,WS_SEND_END,1516299980228,118
2174,WS_RECV_START,1516299980228,119
2174,WS_RECV_END,1516299981883,119
2174,PLAYER_SLEEPBEFORE_START,1516299981883,120
2174,PLAYER_SLEEPBEFORE_END,1516299982871,120
2174,WS_SEND_START,1516299982871,120
2174,WS_SEND_END,1516299982871,120
2174,WS_RECV_START,1516299982871,121
2174,WS_RECV_END,1516299986233,121
2174,PLAYER_SLEEPBEFORE_START,1516299986233,122
2174,PLAYER_SLEEPBEFORE_END,1516299987418,122
2174,WS_SEND_START,1516299987418,122
2174,WS_SEND_END,1516299987418,122
2174,WS_RECV_START,1516299987418,123
2174,WS_RECV_END,1516299988768,123
2174,PLAYER_SLEEPBEFORE_START,1516299988768,124
2174,PLAYER_SLEEPBEFORE_END,1516300013173,124
2174,WS_SEND_START,1516300013173,124
2174,WS_SEND_END,1516300013173,124
2174,WS_RECV_START,1516300013173,125
2174,WS_RECV_END,1516300016119,125
2174,PLAYER_SLEEPBEFORE_START,1516300016119,126
2174,PLAYER_SLEEPBEFORE_END,1516300036631,126
2174,WS_SEND_START,1516300036631,126
2174,WS_SEND_END,1516300036631,126
2174,PLAYER_SLEEPBEFORE_START,1516300036631,127
2174,PLAYER_SLEEPBEFORE_END,1516300039686,127
2174,WS_SEND_START,1516300039686,127
2174,WS_SEND_END,1516300039686,127
2174,WS_RECV_START,1516300039686,128
2174,WS_RECV_END,1516300042178,128
2174,PLAYER_SLEEPBEFORE_START,1516300042178,129
2174,PLAYER_SLEEPBEFORE_END,1516300042198,129
2174,WS_SEND_START,1516300042198,129
2174,WS_SEND_END,1516300042198,129
2174,WS_RECV_START,1516300042199,130
2174,WS_RECV_END,1516300044751,130
2174,PLAYER_SLEEPBEFORE_START,1516300044751,131
2174,PLAYER_SLEEPBEFORE_END,1516300066375,131
2174,WS_SEND_START,1516300066375,131
2174,WS_SEND_END,1516300066375,131
2174,PLAYER_SLEEPBEFORE_START,1516300066375,132
2174,PLAYER_SLEEPBEFORE_END,1516300069455,132
2174,WS_SEND_START,1516300069455,132
2174,WS_SEND_END,1516300069455,132
2174,WS_RECV_START,1516300069455,133
2174,WS_RECV_END,1516300070269,133
2174,PLAYER_SLEEPBEFORE_START,1516300070269,134
2174,PLAYER_SLEEPBEFORE_END,1516300091486,134
2174,WS_SEND_START,1516300091486,134
2174,WS_SEND_END,1516300091486,134
2174,PLAYER_SLEEPBEFORE_START,1516300091486,135
2174,PLAYER_SLEEPBEFORE_END,1516300094676,135
2174,WS_SEND_START,1516300094676,135
2174,WS_SEND_END,1516300094676,135
2174,WS_RECV_START,1516300094676,136
2174,WS_RECV_END,1516300096189,136
2174,PLAYER_SLEEPBEFORE_START,1516300096189,137
2174,PLAYER_SLEEPBEFORE_END,1516300096196,137
2174,WS_SEND_START,1516300096196,137
2174,WS_SEND_END,1516300096196,137
2174,WS_RECV_START,1516300096196,138
2174,WS_RECV_END,1516300097041,138
2174,PLAYER_SLEEPBEFORE_START,1516300097041,139
2174,PLAYER_SLEEPBEFORE_END,1516300097731,139
2174,WS_SEND_START,1516300097731,139
2174,WS_SEND_END,1516300097731,139
2174,WS_RECV_START,1516300097731,140
2174,WS_RECV_END,1516300098380,140
2174,PLAYER_SLEEPBEFORE_START,1516300098380,141
2174,PLAYER_SLEEPBEFORE_END,1516300099035,141
2174,WS_SEND_START,1516300099035,141
2174,WS_SEND_END,1516300099035,141
2174,WS_RECV_START,1516300099035,142
2174,WS_RECV_END,1516300099653,142
2174,PLAYER_SLEEPBEFORE_START,1516300099653,143
2174,PLAYER_SLEEPBEFORE_END,1516300099710,143
2174,WS_SEND_START,1516300099710,143
2174,WS_SEND_END,1516300099710,143
2174,WS_RECV_START,1516300099710,144
2174,WS_RECV_END,1516300100405,144
2174,PLAYER_SLEEPBEFORE_START,1516300100405,145
2174,PLAYER_SLEEPBEFORE_END,1516300116467,145
2174,REQ_START,1516300116467,145
2174,REQ_END,1516300116472,145
2174,PLAYER_SLEEPBEFORE_START,1516300116472,146
2174,PLAYER_SLEEPBEFORE_END,1516300125349,146
2174,WS_SEND_START,1516300125349,146
2174,WS_SEND_END,1516300125349,146
2174,WS_RECV_START,1516300125349,147
2174,WS_RECV_END,1516300128008,147
2174,PLAYER_SLEEPBEFORE_START,1516300128008,148
2174,PLAYER_SLEEPBEFORE_END,1516300149930,148
2174,WS_SEND_START,1516300149930,148
2174,WS_SEND_END,1516300149930,148
2174,PLAYER_SLEEPBEFORE_START,1516300149930,149
2174,PLAYER_SLEEPBEFORE_END,1516300152358,149
2174,WS_SEND_START,1516300152358,149
2174,WS_SEND_END,1516300152358,149
2174,WS_RECV_START,1516300152358,150
2174,WS_RECV_END,1516300156383,150
2174,PLAYER_SLEEPBEFORE_START,1516300156383,151
2174,PLAYER_SLEEPBEFORE_END,1516300156593,151
2174,WS_SEND_START,1516300156593,151
2174,WS_SEND_END,1516300156593,151
2174,WS_RECV_START,1516300156593,152
2174,WS_RECV_END,1516300159166,152
2174,PLAYER_SLEEPBEFORE_START,1516300159166,153
2174,PLAYER_SLEEPBEFORE_END,1516300183093,153
2174,WS_SEND_START,1516300183093,153
2174,WS_SEND_END,1516300183093,153
2174,WS_RECV_START,1516300183093,154
2174,WS_RECV_END,1516300189149,154
2174,PLAYER_SLEEPBEFORE_START,1516300189149,155
2174,PLAYER_SLEEPBEFORE_END,1516300211707,155
2174,WS_SEND_START,1516300211707,155
2174,WS_SEND_END,1516300211707,155
2174,PLAYER_SLEEPBEFORE_START,1516300211707,156
2174,PLAYER_SLEEPBEFORE_END,1516300214981,156
2174,WS_SEND_START,1516300214981,156
2174,WS_SEND_END,1516300214981,156
2174,WS_RECV_START,1516300214981,157
2174,WS_RECV_END,1516300217119,157
2174,PLAYER_SLEEPBEFORE_START,1516300217119,158
2174,PLAYER_SLEEPBEFORE_END,1516300217129,158
2174,WS_SEND_START,1516300217129,158
2174,WS_SEND_END,1516300217129,158
2174,WS_RECV_START,1516300217129,159
2174,WS_RECV_END,1516300220499,159
2174,PLAYER_SLEEPBEFORE_START,1516300220499,160
2174,PLAYER_SLEEPBEFORE_END,1516300220674,160
2174,WS_SEND_START,1516300220674,160
2174,WS_SEND_END,1516300220674,160
2174,WS_RECV_START,1516300220674,161
2174,WS_RECV_END,1516300225525,161
2174,PLAYER_SLEEPBEFORE_START,1516300225525,162
2174,PLAYER_SLEEPBEFORE_END,1516300225550,162
2174,WS_SEND_START,1516300225550,162
2174,WS_SEND_END,1516300225550,162
2174,WS_RECV_START,1516300225550,163
2174,WS_RECV_END,1516300231316,163
2174,PLAYER_SLEEPBEFORE_START,1516300231316,164
2174,PLAYER_SLEEPBEFORE_END,1516300252128,164
2174,WS_SEND_START,1516300252128,164
2174,WS_SEND_END,1516300252128,164
2174,WS_RECV_START,1516300252128,165
2174,WS_RECV_END,1516300256704,165
2174,PLAYER_SLEEPBEFORE_START,1516300256704,166
2174,PLAYER_SLEEPBEFORE_END,1516300279159,166
2174,WS_SEND_START,1516300279159,166
2174,WS_SEND_END,1516300279159,166
2174,WS_RECV_START,1516300279159,167
2174,WS_RECV_END,1516300283339,167
2174,PLAYER_SLEEPBEFORE_START,1516300283339,168
2174,PLAYER_SLEEPBEFORE_END,1516300310696,168
2174,WS_SEND_START,1516300310696,168
2174,WS_SEND_END,1516300310696,168
2174,WS_RECV_START,1516300310696,169
2174,WS_RECV_END,1516300311231,169
2174,PLAYER_SLEEPBEFORE_START,1516300311231,170
2174,PLAYER_SLEEPBEFORE_END,1516300311240,170
2174,WS_SEND_START,1516300311240,170
2174,WS_SEND_END,1516300311240,170
2174,WS_RECV_START,1516300311240,171
2174,WS_RECV_END,1516300311544,171
2174,PLAYER_SLEEPBEFORE_START,1516300311544,172
2174,PLAYER_SLEEPBEFORE_END,1516300311913,172
2174,WS_SEND_START,1516300311913,172
2174,WS_SEND_END,1516300311913,172
2174,WS_RECV_START,1516300311913,173
2174,WS_RECV_END,1516300312229,173
2174,PLAYER_SLEEPBEFORE_START,1516300312229,174
2174,PLAYER_SLEEPBEFORE_END,1516300312270,174
2174,WS_SEND_START,1516300312270,174
2174,WS_SEND_END,1516300312270,174
2174,WS_RECV_START,1516300312270,175
2174,WS_RECV_END,1516300312600,175
2174,PLAYER_SLEEPBEFORE_START,1516300312600,176
2174,PLAYER_SLEEPBEFORE_END,1516300334361,176
2174,WS_SEND_START,1516300334361,176
2174,WS_SEND_END,1516300334361,176
2174,PLAYER_SLEEPBEFORE_START,1516300334361,177
2174,PLAYER_SLEEPBEFORE_END,1516300336879,177
2174,WS_SEND_START,1516300336879,177
2174,WS_SEND_END,1516300336879,177
2174,WS_RECV_START,1516300336879,178
2174,WS_RECV_END,1516300337926,178
2174,PLAYER_SLEEPBEFORE_START,1516300337926,179
2174,PLAYER_SLEEPBEFORE_END,1516300360266,179
2174,WS_SEND_START,1516300360266,179
2174,WS_SEND_END,1516300360266,179
2174,WS_RECV_START,1516300360266,180
2174,WS_RECV_END,1516300360437,180
2174,PLAYER_SLEEPBEFORE_START,1516300360437,181
2174,PLAYER_SLEEPBEFORE_END,1516300360882,181
2174,WS_SEND_START,1516300360882,181
2174,WS_SEND_END,1516300360882,181
2174,WS_RECV_START,1516300360882,182
2174,WS_RECV_END,1516300361076,182
2174,PLAYER_SLEEPBEFORE_START,1516300361076,183
2174,PLAYER_SLEEPBEFORE_END,1516300361599,183
2174,WS_SEND_START,1516300361599,183
2174,WS_SEND_END,1516300361599,183
2174,WS_RECV_START,1516300361599,184
2174,WS_RECV_END,1516300361871,184
2174,PLAYER_SLEEPBEFORE_START,1516300361871,185
2174,PLAYER_SLEEPBEFORE_END,1516300362139,185
2174,WS_SEND_START,1516300362139,185
2174,WS_SEND_END,1516300362139,185
2174,WS_RECV_START,1516300362139,186
2174,WS_RECV_END,1516300362456,186
2174,PLAYER_SLEEPBEFORE_START,1516300362456,187
2174,PLAYER_SLEEPBEFORE_END,1516300384956,187
2174,WS_SEND_START,1516300384956,187
2174,WS_SEND_END,1516300384956,187
2174,WS_RECV_START,1516300384956,188
2174,WS_RECV_END,1516300385119,188
2174,PLAYER_SLEEPBEFORE_START,1516300385119,189
2174,PLAYER_SLEEPBEFORE_END,1516300391358,189
2174,WS_SEND_START,1516300391358,189
2174,WS_SEND_END,1516300391358,189
2174,WS_RECV_START,1516300391358,190
2174,WS_RECV_END,1516300391465,190
2174,PLAYER_SLEEPBEFORE_START,1516300391465,191
2174,PLAYER_SLEEPBEFORE_END,1516300393380,191
2174,WS_SEND_START,1516300393380,191
2174,WS_SEND_END,1516300393380,191
2174,WS_RECV_START,1516300393380,192
2174,WS_RECV_END,1516300393506,192
2174,PLAYER_SLEEPBEFORE_START,1516300393506,193
2174,PLAYER_SLEEPBEFORE_END,1516300393634,193
2174,WS_SEND_START,1516300393634,193
2174,WS_SEND_END,1516300393634,193
2174,WS_RECV_START,1516300393634,194
2174,WS_RECV_END,1516300393766,194
2174,PLAYER_SLEEPBEFORE_START,1516300393766,195
2174,PLAYER_SLEEPBEFORE_END,1516300395522,195
2174,WS_SEND_START,1516300395522,195
2174,WS_SEND_END,1516300395522,195
2174,WS_RECV_START,1516300395522,196
2174,WS_RECV_END,1516300395732,196
2174,PLAYER_SLEEPBEFORE_START,1516300395732,197
2174,PLAYER_SLEEPBEFORE_END,1516300397536,197
2174,WS_SEND_START,1516300397536,197
2174,WS_SEND_END,1516300397536,197
2174,WS_RECV_START,1516300397536,198
2174,WS_RECV_END,1516300397646,198
2174,PLAYER_SLEEPBEFORE_START,1516300397646,199
2174,PLAYER_SLEEPBEFORE_END,1516300409500,199
2174,WS_SEND_START,1516300409500,199
2174,WS_SEND_END,1516300409500,199
2174,PLAYER_SLEEPBEFORE_START,1516300409500,200
2174,PLAYER_SLEEPBEFORE_END,1516300413588,200
2174,WS_SEND_START,1516300413588,200
2174,WS_SEND_END,1516300413588,200
2174,WS_RECV_START,1516300413588,201
2174,WS_RECV_END,1516300413753,201
2174,PLAYER_SLEEPBEFORE_START,1516300413753,202
2174,PLAYER_SLEEPBEFORE_END,1516300413767,202
2174,WS_SEND_START,1516300413767,202
2174,WS_SEND_END,1516300413767,202
2174,WS_RECV_START,1516300413767,203
2174,WS_RECV_END,1516300414016,203
2174,PLAYER_SLEEPBEFORE_START,1516300414016,204
2174,PLAYER_SLEEPBEFORE_END,1516300433665,204
2174,WS_SEND_START,1516300433665,204
2174,WS_SEND_END,1516300433665,204
2174,PLAYER_SLEEPBEFORE_START,1516300433665,205
2174,PLAYER_SLEEPBEFORE_END,1516300437563,205
2174,WS_SEND_START,1516300437563,205
2174,WS_SEND_END,1516300437563,205
2174,WS_RECV_START,1516300437563,206
2174,WS_RECV_END,1516300437754,206
2174,PLAYER_SLEEPBEFORE_START,1516300437754,207
2174,PLAYER_SLEEPBEFORE_END,1516300454686,207
2174,REQ_START,1516300454686,207
2174,REQ_END,1516300454690,207
2174,PLAYER_SLEEPBEFORE_START,1516300454690,208
2174,PLAYER_SLEEPBEFORE_END,1516300461542,208
2174,WS_CLOSE_START,1516300461542,208
2174,WS_CLOSE_END,1516300461542,208
2174,PLAYER_DONE,1516300461542
