# --sessions 2700 --app-url=http://shinyloadtest.rstudioservices.com/cran_explorer --output-dir test2700 --overwrite-output --log-level warn --start-interval 100 15min.log
thread_id,event,timestamp,input_line_number,comment
2175,PLAYER_SESSION_CREATE,1516299246213
2175,PLAYER_START_INTERVAL_START,1516299246213
2175,PLAYER_START_INTERVAL_END,1516299463713
2175,REQ_HOME_START,1516299463713,2
2175,REQ_HOME_END,1516299463825,2
2175,REQ_START,1516299463825,3
2175,REQ_END,1516299463899,3
2175,REQ_START,1516299463899,4
2175,REQ_END,1516299464036,4
2175,REQ_START,1516299464036,5
2175,REQ_END,1516299464387,5
2175,REQ_START,1516299464387,6
2175,REQ_END,1516299464466,6
2175,REQ_START,1516299464466,7
2175,REQ_END,1516299464526,7
2175,REQ_START,1516299464526,8
2175,REQ_END,1516299464620,8
2175,REQ_START,1516299464620,9
2175,REQ_END,1516299464663,9
2175,REQ_START,1516299464663,10
2175,REQ_END,1516299464669,10
2175,REQ_START,1516299464669,11
2175,REQ_END,1516299464766,11
2175,REQ_START,1516299464766,12
2175,REQ_END,1516299464774,12
2175,REQ_START,1516299464774,13
2175,REQ_END,1516299464814,13
2175,REQ_START,1516299464814,14
2175,REQ_END,1516299464829,14
2175,REQ_START,1516299464829,15
2175,REQ_END,1516299464973,15
2175,REQ_TOK_START,1516299464973,16
2175,REQ_TOK_END,1516299464979,16
2175,REQ_SINF_START,1516299464979,17
2175,REQ_SINF_END,1516299464985,17
2175,WS_OPEN_START,1516299464985,18
2175,WS_OPEN_END,1516299464992,18
2175,REQ_START,1516299464992,19
2175,REQ_END,1516299465230,19
2175,WS_RECV_START,1516299465230,20
2175,WS_RECV_END,1516299465230,20
2175,PLAYER_SLEEPBEFORE_START,1516299465230,21
2175,PLAYER_SLEEPBEFORE_END,1516299465235,21
2175,WS_SEND_START,1516299465235,21
2175,WS_SEND_END,1516299465235,21
2175,PLAYER_SLEEPBEFORE_START,1516299465235,22
2175,PLAYER_SLEEPBEFORE_END,1516299465236,22
2175,WS_SEND_START,1516299465236,22
2175,WS_SEND_END,1516299465236,22
2175,WS_RECV_INIT_START,1516299465236,23
2175,WS_RECV_INIT_END,1516299465274,23
2175,WS_RECV_START,1516299465274,24
2175,WS_RECV_END,1516299465322,24
2175,PLAYER_SLEEPBEFORE_START,1516299465322,25
2175,PLAYER_SLEEPBEFORE_END,1516299465329,25
2175,REQ_START,1516299465329,25
2175,REQ_END,1516299465587,25
2175,PLAYER_SLEEPBEFORE_START,1516299465587,26
2175,PLAYER_SLEEPBEFORE_END,1516299465588,26
2175,REQ_START,1516299465588,26
2175,REQ_END,1516299465625,26
2175,PLAYER_SLEEPBEFORE_START,1516299465625,27
2175,PLAYER_SLEEPBEFORE_END,1516299465628,27
2175,REQ_START,1516299465628,27
2175,REQ_END,1516299465795,27
2175,PLAYER_SLEEPBEFORE_START,1516299465795,28
2175,PLAYER_SLEEPBEFORE_END,1516299466080,28
2175,REQ_START,1516299466080,28
2175,REQ_END,1516299466332,28
2175,PLAYER_SLEEPBEFORE_START,1516299466332,29
2175,PLAYER_SLEEPBEFORE_END,1516299466507,29
2175,WS_SEND_START,1516299466507,29
2175,WS_SEND_END,1516299466507,29
2175,WS_RECV_START,1516299466507,30
2175,WS_RECV_END,1516299466799,30
2175,PLAYER_SLEEPBEFORE_START,1516299466799,31
2175,PLAYER_SLEEPBEFORE_END,1516299466810,31
2175,REQ_START,1516299466810,31
2175,REQ_END,1516299466885,31
2175,PLAYER_SLEEPBEFORE_START,1516299466885,32
2175,PLAYER_SLEEPBEFORE_END,1516299495030,32
2175,WS_SEND_START,1516299495030,32
2175,WS_SEND_END,1516299495030,32
2175,WS_RECV_START,1516299495030,33
2175,WS_RECV_END,1516299495309,33
2175,PLAYER_SLEEPBEFORE_START,1516299495309,34
2175,PLAYER_SLEEPBEFORE_END,1516299521220,34
2175,WS_SEND_START,1516299521220,34
2175,WS_SEND_END,1516299521220,34
2175,WS_RECV_START,1516299521220,35
2175,WS_RECV_END,1516299522168,35
2175,PLAYER_SLEEPBEFORE_START,1516299522168,36
2175,PLAYER_SLEEPBEFORE_END,1516299522177,36
2175,WS_SEND_START,1516299522177,36
2175,WS_SEND_END,1516299522177,36
2175,WS_RECV_START,1516299522177,37
2175,WS_RECV_END,1516299522534,37
2175,PLAYER_SLEEPBEFORE_START,1516299522534,38
2175,PLAYER_SLEEPBEFORE_END,1516299525729,38
2175,WS_SEND_START,1516299525729,38
2175,WS_SEND_END,1516299525729,38
2175,WS_RECV_START,1516299525729,39
2175,WS_RECV_END,1516299526281,39
2175,PLAYER_SLEEPBEFORE_START,1516299526281,40
2175,PLAYER_SLEEPBEFORE_END,1516299526327,40
2175,WS_SEND_START,1516299526327,40
2175,WS_SEND_END,1516299526327,40
2175,WS_RECV_START,1516299526327,41
2175,WS_RECV_END,1516299526853,41
2175,PLAYER_SLEEPBEFORE_START,1516299526853,42
2175,PLAYER_SLEEPBEFORE_END,1516299544988,42
2175,WS_SEND_START,1516299544988,42
2175,WS_SEND_END,1516299544988,42
2175,WS_RECV_START,1516299544988,43
2175,WS_RECV_END,1516299545235,43
2175,PLAYER_SLEEPBEFORE_START,1516299545235,44
2175,PLAYER_SLEEPBEFORE_END,1516299545247,44
2175,WS_SEND_START,1516299545247,44
2175,WS_SEND_END,1516299545247,44
2175,WS_RECV_START,1516299545247,45
2175,WS_RECV_END,1516299545338,45
2175,PLAYER_SLEEPBEFORE_START,1516299545338,46
2175,PLAYER_SLEEPBEFORE_END,1516299546598,46
2175,WS_SEND_START,1516299546598,46
2175,WS_SEND_END,1516299546598,46
2175,WS_RECV_START,1516299546598,47
2175,WS_RECV_END,1516299546940,47
2175,PLAYER_SLEEPBEFORE_START,1516299546940,48
2175,PLAYER_SLEEPBEFORE_END,1516299548260,48
2175,WS_SEND_START,1516299548260,48
2175,WS_SEND_END,1516299548260,48
2175,WS_RECV_START,1516299548260,49
2175,WS_RECV_END,1516299548368,49
2175,PLAYER_SLEEPBEFORE_START,1516299548368,50
2175,PLAYER_SLEEPBEFORE_END,1516299548392,50
2175,WS_SEND_START,1516299548392,50
2175,WS_SEND_END,1516299548392,50
2175,WS_RECV_START,1516299548392,51
2175,WS_RECV_END,1516299548660,51
2175,PLAYER_SLEEPBEFORE_START,1516299548660,52
2175,PLAYER_SLEEPBEFORE_END,1516299571224,52
2175,WS_SEND_START,1516299571224,52
2175,WS_SEND_END,1516299571224,52
2175,WS_RECV_START,1516299571224,53
2175,WS_RECV_END,1516299572278,53
2175,PLAYER_SLEEPBEFORE_START,1516299572278,54
2175,PLAYER_SLEEPBEFORE_END,1516299593581,54
2175,WS_SEND_START,1516299593581,54
2175,WS_SEND_END,1516299593581,54
2175,PLAYER_SLEEPBEFORE_START,1516299593581,55
2175,PLAYER_SLEEPBEFORE_END,1516299595522,55
2175,WS_SEND_START,1516299595522,55
2175,WS_SEND_END,1516299595522,55
2175,WS_RECV_START,1516299595522,56
2175,WS_RECV_END,1516299595829,56
2175,PLAYER_SLEEPBEFORE_START,1516299595829,57
2175,PLAYER_SLEEPBEFORE_END,1516299618701,57
2175,WS_SEND_START,1516299618701,57
2175,WS_SEND_END,1516299618701,57
2175,WS_RECV_START,1516299618701,58
2175,WS_RECV_END,1516299618841,58
2175,PLAYER_SLEEPBEFORE_START,1516299618841,59
2175,PLAYER_SLEEPBEFORE_END,1516299621168,59
2175,WS_SEND_START,1516299621168,59
2175,WS_SEND_END,1516299621168,59
2175,WS_RECV_START,1516299621168,60
2175,WS_RECV_END,1516299621279,60
2175,PLAYER_SLEEPBEFORE_START,1516299621279,61
2175,PLAYER_SLEEPBEFORE_END,1516299624870,61
2175,WS_SEND_START,1516299624870,61
2175,WS_SEND_END,1516299624870,61
2175,WS_RECV_START,1516299624870,62
2175,WS_RECV_END,1516299626060,62
2175,PLAYER_SLEEPBEFORE_START,1516299626060,63
2175,PLAYER_SLEEPBEFORE_END,1516299645322,63
2175,WS_SEND_START,1516299645322,63
2175,WS_SEND_END,1516299645322,63
2175,WS_RECV_START,1516299645322,64
2175,WS_RECV_END,1516299645409,64
2175,PLAYER_SLEEPBEFORE_START,1516299645409,65
2175,PLAYER_SLEEPBEFORE_END,1516299672226,65
2175,WS_SEND_START,1516299672226,65
2175,WS_SEND_END,1516299672226,65
2175,WS_RECV_START,1516299672226,66
2175,WS_RECV_END,1516299672859,66
2175,PLAYER_SLEEPBEFORE_START,1516299672859,67
2175,PLAYER_SLEEPBEFORE_END,1516299674366,67
2175,WS_SEND_START,1516299674366,67
2175,WS_SEND_END,1516299674366,67
2175,WS_RECV_START,1516299674366,68
2175,WS_RECV_END,1516299674972,68
2175,PLAYER_SLEEPBEFORE_START,1516299674972,69
2175,PLAYER_SLEEPBEFORE_END,1516299696970,69
2175,WS_SEND_START,1516299696970,69
2175,WS_SEND_END,1516299696970,69
2175,WS_RECV_START,1516299696970,70
2175,WS_RECV_END,1516299697161,70
2175,PLAYER_SLEEPBEFORE_START,1516299697161,71
2175,PLAYER_SLEEPBEFORE_END,1516299721936,71
2175,WS_SEND_START,1516299721936,71
2175,WS_SEND_END,1516299721936,71
2175,PLAYER_SLEEPBEFORE_START,1516299721936,72
2175,PLAYER_SLEEPBEFORE_END,1516299724543,72
2175,WS_SEND_START,1516299724543,72
2175,WS_SEND_END,1516299724543,72
2175,WS_RECV_START,1516299724543,73
2175,WS_RECV_END,1516299726159,73
2175,PLAYER_SLEEPBEFORE_START,1516299726159,74
2175,PLAYER_SLEEPBEFORE_END,1516299726168,74
2175,WS_SEND_START,1516299726168,74
2175,WS_SEND_END,1516299726168,74
2175,WS_RECV_START,1516299726168,75
2175,WS_RECV_END,1516299726490,75
2175,PLAYER_SLEEPBEFORE_START,1516299726490,76
2175,PLAYER_SLEEPBEFORE_END,1516299727996,76
2175,WS_SEND_START,1516299727996,76
2175,WS_SEND_END,1516299727996,76
2175,WS_RECV_START,1516299727996,77
2175,WS_RECV_END,1516299728894,77
2175,PLAYER_SLEEPBEFORE_START,1516299728894,78
2175,PLAYER_SLEEPBEFORE_END,1516299729762,78
2175,WS_SEND_START,1516299729762,78
2175,WS_SEND_END,1516299729762,78
2175,WS_RECV_START,1516299729762,79
2175,WS_RECV_END,1516299730016,79
2175,PLAYER_SLEEPBEFORE_START,1516299730016,80
2175,PLAYER_SLEEPBEFORE_END,1516299737682,80
2175,WS_SEND_START,1516299737682,80
2175,WS_SEND_END,1516299737682,80
2175,WS_RECV_START,1516299737682,81
2175,WS_RECV_END,1516299738564,81
2175,PLAYER_SLEEPBEFORE_START,1516299738564,82
2175,PLAYER_SLEEPBEFORE_END,1516299739666,82
2175,WS_SEND_START,1516299739666,82
2175,WS_SEND_END,1516299739666,82
2175,WS_RECV_START,1516299739666,83
2175,WS_RECV_END,1516299740139,83
2175,PLAYER_SLEEPBEFORE_START,1516299740139,84
2175,PLAYER_SLEEPBEFORE_END,1516299741087,84
2175,WS_SEND_START,1516299741087,84
2175,WS_SEND_END,1516299741087,84
2175,WS_RECV_START,1516299741087,85
2175,WS_RECV_END,1516299742078,85
2175,PLAYER_SLEEPBEFORE_START,1516299742078,86
2175,PLAYER_SLEEPBEFORE_END,1516299746250,86
2175,WS_SEND_START,1516299746250,86
2175,WS_SEND_END,1516299746250,86
2175,WS_RECV_START,1516299746250,87
2175,WS_RECV_END,1516299747473,87
2175,PLAYER_SLEEPBEFORE_START,1516299747473,88
2175,PLAYER_SLEEPBEFORE_END,1516299747481,88
2175,WS_SEND_START,1516299747481,88
2175,WS_SEND_END,1516299747481,88
2175,WS_RECV_START,1516299747481,89
2175,WS_RECV_END,1516299748163,89
2175,PLAYER_SLEEPBEFORE_START,1516299748163,90
2175,PLAYER_SLEEPBEFORE_END,1516299775360,90
2175,REQ_START,1516299775360,90
2175,REQ_END,1516299775367,90
2175,PLAYER_SLEEPBEFORE_START,1516299775367,91
2175,PLAYER_SLEEPBEFORE_END,1516299783256,91
2175,WS_SEND_START,1516299783256,91
2175,WS_SEND_END,1516299783256,91
2175,WS_RECV_START,1516299783256,92
2175,WS_RECV_END,1516299784929,92
2175,PLAYER_SLEEPBEFORE_START,1516299784929,93
2175,PLAYER_SLEEPBEFORE_END,1516299784944,93
2175,WS_SEND_START,1516299784944,93
2175,WS_SEND_END,1516299784944,93
2175,WS_RECV_START,1516299784944,94
2175,WS_RECV_END,1516299786211,94
2175,PLAYER_SLEEPBEFORE_START,1516299786211,95
2175,PLAYER_SLEEPBEFORE_END,1516299809766,95
2175,WS_SEND_START,1516299809766,95
2175,WS_SEND_END,1516299809766,95
2175,WS_RECV_START,1516299809766,96
2175,WS_RECV_END,1516299810977,96
2175,PLAYER_SLEEPBEFORE_START,1516299810977,97
2175,PLAYER_SLEEPBEFORE_END,1516299833417,97
2175,WS_SEND_START,1516299833417,97
2175,WS_SEND_END,1516299833417,97
2175,WS_RECV_START,1516299833417,98
2175,WS_RECV_END,1516299834051,98
2175,PLAYER_SLEEPBEFORE_START,1516299834051,99
2175,PLAYER_SLEEPBEFORE_END,1516299834072,99
2175,WS_SEND_START,1516299834072,99
2175,WS_SEND_END,1516299834072,99
2175,WS_RECV_START,1516299834072,100
2175,WS_RECV_END,1516299834761,100
2175,PLAYER_SLEEPBEFORE_START,1516299834761,101
2175,PLAYER_SLEEPBEFORE_END,1516299858320,101
2175,WS_SEND_START,1516299858320,101
2175,WS_SEND_END,1516299858320,101
2175,WS_RECV_START,1516299858320,102
2175,WS_RECV_END,1516299860653,102
2175,PLAYER_SLEEPBEFORE_START,1516299860653,103
2175,PLAYER_SLEEPBEFORE_END,1516299884278,103
2175,WS_SEND_START,1516299884278,103
2175,WS_SEND_END,1516299884278,103
2175,WS_RECV_START,1516299884278,104
2175,WS_RECV_END,1516299886393,104
2175,PLAYER_SLEEPBEFORE_START,1516299886393,105
2175,PLAYER_SLEEPBEFORE_END,1516299911770,105
2175,WS_SEND_START,1516299911770,105
2175,WS_SEND_END,1516299911770,105
2175,WS_RECV_START,1516299911770,106
2175,WS_RECV_END,1516299912587,106
2175,PLAYER_SLEEPBEFORE_START,1516299912587,107
2175,PLAYER_SLEEPBEFORE_END,1516299936010,107
2175,WS_SEND_START,1516299936010,107
2175,WS_SEND_END,1516299936010,107
2175,WS_RECV_START,1516299936010,108
2175,WS_RECV_END,1516299937602,108
2175,PLAYER_SLEEPBEFORE_START,1516299937602,109
2175,PLAYER_SLEEPBEFORE_END,1516299937611,109
2175,WS_SEND_START,1516299937611,109
2175,WS_SEND_END,1516299937611,109
2175,WS_RECV_START,1516299937611,110
2175,WS_RECV_END,1516299938087,110
2175,PLAYER_SLEEPBEFORE_START,1516299938087,111
2175,PLAYER_SLEEPBEFORE_END,1516299939046,111
2175,WS_SEND_START,1516299939046,111
2175,WS_SEND_END,1516299939046,111
2175,WS_RECV_START,1516299939046,112
2175,WS_RECV_END,1516299940280,112
2175,PLAYER_SLEEPBEFORE_START,1516299940280,113
2175,PLAYER_SLEEPBEFORE_END,1516299940842,113
2175,WS_SEND_START,1516299940842,113
2175,WS_SEND_END,1516299940842,113
2175,WS_RECV_START,1516299940842,114
2175,WS_RECV_END,1516299941348,114
2175,PLAYER_SLEEPBEFORE_START,1516299941348,115
2175,PLAYER_SLEEPBEFORE_END,1516299941357,115
2175,WS_SEND_START,1516299941357,115
2175,WS_SEND_END,1516299941357,115
2175,WS_RECV_START,1516299941357,116
2175,WS_RECV_END,1516299941803,116
2175,PLAYER_SLEEPBEFORE_START,1516299941803,117
2175,PLAYER_SLEEPBEFORE_END,1516299962163,117
2175,WS_SEND_START,1516299962163,117
2175,WS_SEND_END,1516299962163,117
2175,PLAYER_SLEEPBEFORE_START,1516299962163,118
2175,PLAYER_SLEEPBEFORE_END,1516299965915,118
2175,WS_SEND_START,1516299965915,118
2175,WS_SEND_END,1516299965915,118
2175,WS_RECV_START,1516299965915,119
2175,WS_RECV_END,1516299967212,119
2175,PLAYER_SLEEPBEFORE_START,1516299967212,120
2175,PLAYER_SLEEPBEFORE_END,1516299968200,120
2175,WS_SEND_START,1516299968200,120
2175,WS_SEND_END,1516299968201,120
2175,WS_RECV_START,1516299968201,121
2175,WS_RECV_END,1516299969399,121
2175,PLAYER_SLEEPBEFORE_START,1516299969399,122
2175,PLAYER_SLEEPBEFORE_END,1516299970584,122
2175,WS_SEND_START,1516299970584,122
2175,WS_SEND_END,1516299970584,122
2175,WS_RECV_START,1516299970584,123
2175,WS_RECV_END,1516299971812,123
2175,PLAYER_SLEEPBEFORE_START,1516299971812,124
2175,PLAYER_SLEEPBEFORE_END,1516299996217,124
2175,WS_SEND_START,1516299996217,124
2175,WS_SEND_END,1516299996217,124
2175,WS_RECV_START,1516299996217,125
2175,WS_RECV_END,1516299998059,125
2175,PLAYER_SLEEPBEFORE_START,1516299998059,126
2175,PLAYER_SLEEPBEFORE_END,1516300018572,126
2175,WS_SEND_START,1516300018572,126
2175,WS_SEND_END,1516300018572,126
2175,PLAYER_SLEEPBEFORE_START,1516300018572,127
2175,PLAYER_SLEEPBEFORE_END,1516300021626,127
2175,WS_SEND_START,1516300021626,127
2175,WS_SEND_END,1516300021626,127
2175,WS_RECV_START,1516300021626,128
2175,WS_RECV_END,1516300022569,128
2175,PLAYER_SLEEPBEFORE_START,1516300022569,129
2175,PLAYER_SLEEPBEFORE_END,1516300022590,129
2175,WS_SEND_START,1516300022590,129
2175,WS_SEND_END,1516300022590,129
2175,WS_RECV_START,1516300022590,130
2175,WS_RECV_END,1516300022894,130
2175,PLAYER_SLEEPBEFORE_START,1516300022894,131
2175,PLAYER_SLEEPBEFORE_END,1516300044518,131
2175,WS_SEND_START,1516300044518,131
2175,WS_SEND_END,1516300044518,131
2175,PLAYER_SLEEPBEFORE_START,1516300044518,132
2175,PLAYER_SLEEPBEFORE_END,1516300047598,132
2175,WS_SEND_START,1516300047598,132
2175,WS_SEND_END,1516300047598,132
2175,WS_RECV_START,1516300047598,133
2175,WS_RECV_END,1516300049447,133
2175,PLAYER_SLEEPBEFORE_START,1516300049447,134
2175,PLAYER_SLEEPBEFORE_END,1516300070664,134
2175,WS_SEND_START,1516300070664,134
2175,WS_SEND_END,1516300070664,134
2175,PLAYER_SLEEPBEFORE_START,1516300070664,135
2175,PLAYER_SLEEPBEFORE_END,1516300073854,135
2175,WS_SEND_START,1516300073854,135
2175,WS_SEND_END,1516300073854,135
2175,WS_RECV_START,1516300073854,136
2175,WS_RECV_END,1516300074737,136
2175,PLAYER_SLEEPBEFORE_START,1516300074737,137
2175,PLAYER_SLEEPBEFORE_END,1516300074744,137
2175,WS_SEND_START,1516300074744,137
2175,WS_SEND_END,1516300074744,137
2175,WS_RECV_START,1516300074744,138
2175,WS_RECV_END,1516300075019,138
2175,PLAYER_SLEEPBEFORE_START,1516300075019,139
2175,PLAYER_SLEEPBEFORE_END,1516300075709,139
2175,WS_SEND_START,1516300075709,139
2175,WS_SEND_END,1516300075709,139
2175,WS_RECV_START,1516300075709,140
2175,WS_RECV_END,1516300076021,140
2175,PLAYER_SLEEPBEFORE_START,1516300076021,141
2175,PLAYER_SLEEPBEFORE_END,1516300076677,141
2175,WS_SEND_START,1516300076677,141
2175,WS_SEND_END,1516300076677,141
2175,WS_RECV_START,1516300076677,142
2175,WS_RECV_END,1516300077923,142
2175,PLAYER_SLEEPBEFORE_START,1516300077923,143
2175,PLAYER_SLEEPBEFORE_END,1516300077980,143
2175,WS_SEND_START,1516300077980,143
2175,WS_SEND_END,1516300077980,143
2175,WS_RECV_START,1516300077980,144
2175,WS_RECV_END,1516300078439,144
2175,PLAYER_SLEEPBEFORE_START,1516300078439,145
2175,PLAYER_SLEEPBEFORE_END,1516300094501,145
2175,REQ_START,1516300094501,145
2175,REQ_END,1516300094506,145
2175,PLAYER_SLEEPBEFORE_START,1516300094506,146
2175,PLAYER_SLEEPBEFORE_END,1516300103383,146
2175,WS_SEND_START,1516300103383,146
2175,WS_SEND_END,1516300103383,146
2175,WS_RECV_START,1516300103383,147
2175,WS_RECV_END,1516300104829,147
2175,PLAYER_SLEEPBEFORE_START,1516300104829,148
2175,PLAYER_SLEEPBEFORE_END,1516300126752,148
2175,WS_SEND_START,1516300126752,148
2175,WS_SEND_END,1516300126752,148
2175,PLAYER_SLEEPBEFORE_START,1516300126752,149
2175,PLAYER_SLEEPBEFORE_END,1516300129180,149
2175,WS_SEND_START,1516300129180,149
2175,WS_SEND_END,1516300129180,149
2175,WS_RECV_START,1516300129180,150
2175,WS_RECV_END,1516300130301,150
2175,PLAYER_SLEEPBEFORE_START,1516300130301,151
2175,PLAYER_SLEEPBEFORE_END,1516300130511,151
2175,WS_SEND_START,1516300130511,151
2175,WS_SEND_END,1516300130511,151
2175,WS_RECV_START,1516300130511,152
2175,WS_RECV_END,1516300135621,152
2175,PLAYER_SLEEPBEFORE_START,1516300135621,153
2175,PLAYER_SLEEPBEFORE_END,1516300159548,153
2175,WS_SEND_START,1516300159548,153
2175,WS_SEND_END,1516300159548,153
2175,WS_RECV_START,1516300159548,154
2175,WS_RECV_END,1516300164244,154
2175,PLAYER_SLEEPBEFORE_START,1516300164244,155
2175,PLAYER_SLEEPBEFORE_END,1516300186802,155
2175,WS_SEND_START,1516300186802,155
2175,WS_SEND_END,1516300186802,155
2175,PLAYER_SLEEPBEFORE_START,1516300186802,156
2175,PLAYER_SLEEPBEFORE_END,1516300190077,156
2175,WS_SEND_START,1516300190077,156
2175,WS_SEND_END,1516300190077,156
2175,WS_RECV_START,1516300190077,157
2175,WS_RECV_END,1516300192158,157
2175,PLAYER_SLEEPBEFORE_START,1516300192158,158
2175,PLAYER_SLEEPBEFORE_END,1516300192168,158
2175,WS_SEND_START,1516300192168,158
2175,WS_SEND_END,1516300192168,158
2175,WS_RECV_START,1516300192168,159
2175,WS_RECV_END,1516300194942,159
2175,PLAYER_SLEEPBEFORE_START,1516300194942,160
2175,PLAYER_SLEEPBEFORE_END,1516300195117,160
2175,WS_SEND_START,1516300195117,160
2175,WS_SEND_END,1516300195117,160
2175,WS_RECV_START,1516300195117,161
2175,WS_RECV_END,1516300199549,161
2175,PLAYER_SLEEPBEFORE_START,1516300199549,162
2175,PLAYER_SLEEPBEFORE_END,1516300199574,162
2175,WS_SEND_START,1516300199574,162
2175,WS_SEND_END,1516300199574,162
2175,WS_RECV_START,1516300199574,163
2175,WS_RECV_END,1516300204192,163
2175,PLAYER_SLEEPBEFORE_START,1516300204192,164
2175,PLAYER_SLEEPBEFORE_END,1516300225004,164
2175,WS_SEND_START,1516300225004,164
2175,WS_SEND_END,1516300225004,164
2175,WS_RECV_START,1516300225004,165
2175,WS_RECV_END,1516300227632,165
2175,PLAYER_SLEEPBEFORE_START,1516300227632,166
2175,PLAYER_SLEEPBEFORE_END,1516300250087,166
2175,WS_SEND_START,1516300250087,166
2175,WS_SEND_END,1516300250087,166
2175,WS_RECV_START,1516300250087,167
2175,WS_RECV_END,1516300255466,167
2175,PLAYER_SLEEPBEFORE_START,1516300255466,168
2175,PLAYER_SLEEPBEFORE_END,1516300282823,168
2175,WS_SEND_START,1516300282823,168
2175,WS_SEND_END,1516300282823,168
2175,WS_RECV_START,1516300282823,169
2175,WS_RECV_END,1516300285546,169
2175,PLAYER_SLEEPBEFORE_START,1516300285546,170
2175,PLAYER_SLEEPBEFORE_END,1516300285555,170
2175,WS_SEND_START,1516300285555,170
2175,WS_SEND_END,1516300285555,170
2175,WS_RECV_START,1516300285555,171
2175,WS_RECV_END,1516300286906,171
2175,PLAYER_SLEEPBEFORE_START,1516300286906,172
2175,PLAYER_SLEEPBEFORE_END,1516300287275,172
2175,WS_SEND_START,1516300287275,172
2175,WS_SEND_END,1516300287275,172
2175,WS_RECV_START,1516300287275,173
2175,WS_RECV_END,1516300288412,173
2175,PLAYER_SLEEPBEFORE_START,1516300288412,174
2175,PLAYER_SLEEPBEFORE_END,1516300288453,174
2175,WS_SEND_START,1516300288453,174
2175,WS_SEND_END,1516300288453,174
2175,WS_RECV_START,1516300288453,175
2175,WS_RECV_END,1516300289568,175
2175,PLAYER_SLEEPBEFORE_START,1516300289568,176
2175,PLAYER_SLEEPBEFORE_END,1516300311330,176
2175,WS_SEND_START,1516300311330,176
2175,WS_SEND_END,1516300311330,176
2175,PLAYER_SLEEPBEFORE_START,1516300311330,177
2175,PLAYER_SLEEPBEFORE_END,1516300313848,177
2175,WS_SEND_START,1516300313848,177
2175,WS_SEND_END,1516300313848,177
2175,WS_RECV_START,1516300313848,178
2175,WS_RECV_END,1516300313985,178
2175,PLAYER_SLEEPBEFORE_START,1516300313985,179
2175,PLAYER_SLEEPBEFORE_END,1516300336325,179
2175,WS_SEND_START,1516300336325,179
2175,WS_SEND_END,1516300336325,179
2175,WS_RECV_START,1516300336325,180
2175,WS_RECV_END,1516300336560,180
2175,PLAYER_SLEEPBEFORE_START,1516300336560,181
2175,PLAYER_SLEEPBEFORE_END,1516300337004,181
2175,WS_SEND_START,1516300337004,181
2175,WS_SEND_END,1516300337004,181
2175,WS_RECV_START,1516300337004,182
2175,WS_RECV_END,1516300337162,182
2175,PLAYER_SLEEPBEFORE_START,1516300337162,183
2175,PLAYER_SLEEPBEFORE_END,1516300337685,183
2175,WS_SEND_START,1516300337685,183
2175,WS_SEND_END,1516300337685,183
2175,WS_RECV_START,1516300337685,184
2175,WS_RECV_END,1516300337885,184
2175,PLAYER_SLEEPBEFORE_START,1516300337885,185
2175,PLAYER_SLEEPBEFORE_END,1516300338153,185
2175,WS_SEND_START,1516300338153,185
2175,WS_SEND_END,1516300338153,185
2175,WS_RECV_START,1516300338153,186
2175,WS_RECV_END,1516300338313,186
2175,PLAYER_SLEEPBEFORE_START,1516300338313,187
2175,PLAYER_SLEEPBEFORE_END,1516300360813,187
2175,WS_SEND_START,1516300360813,187
2175,WS_SEND_END,1516300360813,187
2175,WS_RECV_START,1516300360813,188
2175,WS_RECV_END,1516300361477,188
2175,PLAYER_SLEEPBEFORE_START,1516300361477,189
2175,PLAYER_SLEEPBEFORE_END,1516300367717,189
2175,WS_SEND_START,1516300367717,189
2175,WS_SEND_END,1516300367717,189
2175,WS_RECV_START,1516300367717,190
2175,WS_RECV_END,1516300367929,190
2175,PLAYER_SLEEPBEFORE_START,1516300367929,191
2175,PLAYER_SLEEPBEFORE_END,1516300369844,191
2175,WS_SEND_START,1516300369844,191
2175,WS_SEND_END,1516300369844,191
2175,WS_RECV_START,1516300369844,192
2175,WS_RECV_END,1516300369962,192
2175,PLAYER_SLEEPBEFORE_START,1516300369962,193
2175,PLAYER_SLEEPBEFORE_END,1516300370091,193
2175,WS_SEND_START,1516300370091,193
2175,WS_SEND_END,1516300370091,193
2175,WS_RECV_START,1516300370091,194
2175,WS_RECV_END,1516300370213,194
2175,PLAYER_SLEEPBEFORE_START,1516300370213,195
2175,PLAYER_SLEEPBEFORE_END,1516300371968,195
2175,WS_SEND_START,1516300371968,195
2175,WS_SEND_END,1516300371968,195
2175,WS_RECV_START,1516300371968,196
2175,WS_RECV_END,1516300372102,196
2175,PLAYER_SLEEPBEFORE_START,1516300372102,197
2175,PLAYER_SLEEPBEFORE_END,1516300373906,197
2175,WS_SEND_START,1516300373906,197
2175,WS_SEND_END,1516300373906,197
2175,WS_RECV_START,1516300373906,198
2175,WS_RECV_END,1516300374351,198
2175,PLAYER_SLEEPBEFORE_START,1516300374351,199
2175,PLAYER_SLEEPBEFORE_END,1516300386205,199
2175,WS_SEND_START,1516300386205,199
2175,WS_SEND_END,1516300386205,199
2175,PLAYER_SLEEPBEFORE_START,1516300386205,200
2175,PLAYER_SLEEPBEFORE_END,1516300390293,200
2175,WS_SEND_START,1516300390293,200
2175,WS_SEND_END,1516300390293,200
2175,WS_RECV_START,1516300390293,201
2175,WS_RECV_END,1516300390403,201
2175,PLAYER_SLEEPBEFORE_START,1516300390403,202
2175,PLAYER_SLEEPBEFORE_END,1516300390417,202
2175,WS_SEND_START,1516300390418,202
2175,WS_SEND_END,1516300390418,202
2175,WS_RECV_START,1516300390418,203
2175,WS_RECV_END,1516300390542,203
2175,PLAYER_SLEEPBEFORE_START,1516300390542,204
2175,PLAYER_SLEEPBEFORE_END,1516300410191,204
2175,WS_SEND_START,1516300410191,204
2175,WS_SEND_END,1516300410191,204
2175,PLAYER_SLEEPBEFORE_START,1516300410191,205
2175,PLAYER_SLEEPBEFORE_END,1516300414089,205
2175,WS_SEND_START,1516300414089,205
2175,WS_SEND_END,1516300414089,205
2175,WS_RECV_START,1516300414089,206
2175,WS_RECV_END,1516300414398,206
2175,PLAYER_SLEEPBEFORE_START,1516300414398,207
2175,PLAYER_SLEEPBEFORE_END,1516300431330,207
2175,REQ_START,1516300431330,207
2175,REQ_END,1516300431334,207
2175,PLAYER_SLEEPBEFORE_START,1516300431334,208
2175,PLAYER_SLEEPBEFORE_END,1516300438186,208
2175,WS_CLOSE_START,1516300438186,208
2175,WS_CLOSE_END,1516300438186,208
2175,PLAYER_DONE,1516300438186
