# --sessions 2700 --app-url=http://shinyloadtest.rstudioservices.com/cran_explorer --output-dir test2700 --overwrite-output --log-level warn --start-interval 100 15min.log
thread_id,event,timestamp,input_line_number,comment
2236,PLAYER_SESSION_CREATE,1516299246225
2236,PLAYER_START_INTERVAL_START,1516299246225
2236,PLAYER_START_INTERVAL_END,1516299469825
2236,REQ_HOME_START,1516299469825,2
2236,REQ_HOME_END,1516299470567,2
2236,REQ_START,1516299470567,3
2236,REQ_END,1516299470824,3
2236,REQ_START,1516299470824,4
2236,REQ_END,1516299471305,4
2236,REQ_START,1516299471305,5
2236,REQ_END,1516299471347,5
2236,REQ_START,1516299471347,6
2236,REQ_END,1516299471389,6
2236,REQ_START,1516299471389,7
2236,REQ_END,1516299471432,7
2236,REQ_START,1516299471432,8
2236,REQ_END,1516299471482,8
2236,REQ_START,1516299471482,9
2236,REQ_END,1516299471683,9
2236,REQ_START,1516299471683,10
2236,REQ_END,1516299471689,10
2236,REQ_START,1516299471689,11
2236,REQ_END,1516299471732,11
2236,REQ_START,1516299471732,12
2236,REQ_END,1516299471741,12
2236,REQ_START,1516299471741,13
2236,REQ_END,1516299471784,13
2236,REQ_START,1516299471784,14
2236,REQ_END,1516299471799,14
2236,REQ_START,1516299471799,15
2236,REQ_END,1516299471840,15
2236,REQ_TOK_START,1516299471840,16
2236,REQ_TOK_END,1516299471847,16
2236,REQ_SINF_START,1516299471847,17
2236,REQ_SINF_END,1516299471852,17
2236,WS_OPEN_START,1516299471852,18
2236,WS_OPEN_END,1516299471897,18
2236,REQ_START,1516299471897,19
2236,REQ_END,1516299472124,19
2236,WS_RECV_START,1516299472124,20
2236,WS_RECV_END,1516299472124,20
2236,PLAYER_SLEEPBEFORE_START,1516299472124,21
2236,PLAYER_SLEEPBEFORE_END,1516299472129,21
2236,WS_SEND_START,1516299472129,21
2236,WS_SEND_END,1516299472129,21
2236,PLAYER_SLEEPBEFORE_START,1516299472129,22
2236,PLAYER_SLEEPBEFORE_END,1516299472130,22
2236,WS_SEND_START,1516299472130,22
2236,WS_SEND_END,1516299472130,22
2236,WS_RECV_INIT_START,1516299472130,23
2236,WS_RECV_INIT_END,1516299472513,23
2236,WS_RECV_START,1516299472513,24
2236,WS_RECV_END,1516299472567,24
2236,PLAYER_SLEEPBEFORE_START,1516299472567,25
2236,PLAYER_SLEEPBEFORE_END,1516299472575,25
2236,REQ_START,1516299472575,25
2236,REQ_END,1516299472842,25
2236,PLAYER_SLEEPBEFORE_START,1516299472842,26
2236,PLAYER_SLEEPBEFORE_END,1516299472843,26
2236,REQ_START,1516299472843,26
2236,REQ_END,1516299473175,26
2236,PLAYER_SLEEPBEFORE_START,1516299473175,27
2236,PLAYER_SLEEPBEFORE_END,1516299473179,27
2236,REQ_START,1516299473179,27
2236,REQ_END,1516299473238,27
2236,PLAYER_SLEEPBEFORE_START,1516299473238,28
2236,PLAYER_SLEEPBEFORE_END,1516299473523,28
2236,REQ_START,1516299473523,28
2236,REQ_END,1516299473919,28
2236,PLAYER_SLEEPBEFORE_START,1516299473919,29
2236,PLAYER_SLEEPBEFORE_END,1516299474094,29
2236,WS_SEND_START,1516299474094,29
2236,WS_SEND_END,1516299474094,29
2236,WS_RECV_START,1516299474094,30
2236,WS_RECV_END,1516299474303,30
2236,PLAYER_SLEEPBEFORE_START,1516299474303,31
2236,PLAYER_SLEEPBEFORE_END,1516299474314,31
2236,REQ_START,1516299474314,31
2236,REQ_END,1516299474468,31
2236,PLAYER_SLEEPBEFORE_START,1516299474468,32
2236,PLAYER_SLEEPBEFORE_END,1516299502613,32
2236,WS_SEND_START,1516299502613,32
2236,WS_SEND_END,1516299502613,32
2236,WS_RECV_START,1516299502613,33
2236,WS_RECV_END,1516299502778,33
2236,PLAYER_SLEEPBEFORE_START,1516299502779,34
2236,PLAYER_SLEEPBEFORE_END,1516299528690,34
2236,WS_SEND_START,1516299528690,34
2236,WS_SEND_END,1516299528690,34
2236,WS_RECV_START,1516299528690,35
2236,WS_RECV_END,1516299530346,35
2236,PLAYER_SLEEPBEFORE_START,1516299530346,36
2236,PLAYER_SLEEPBEFORE_END,1516299530355,36
2236,WS_SEND_START,1516299530355,36
2236,WS_SEND_END,1516299530355,36
2236,WS_RECV_START,1516299530355,37
2236,WS_RECV_END,1516299530817,37
2236,PLAYER_SLEEPBEFORE_START,1516299530817,38
2236,PLAYER_SLEEPBEFORE_END,1516299534013,38
2236,WS_SEND_START,1516299534013,38
2236,WS_SEND_END,1516299534013,38
2236,WS_RECV_START,1516299534013,39
2236,WS_RECV_END,1516299535351,39
2236,PLAYER_SLEEPBEFORE_START,1516299535351,40
2236,PLAYER_SLEEPBEFORE_END,1516299535397,40
2236,WS_SEND_START,1516299535397,40
2236,WS_SEND_END,1516299535397,40
2236,WS_RECV_START,1516299535397,41
2236,WS_RECV_END,1516299536332,41
2236,PLAYER_SLEEPBEFORE_START,1516299536332,42
2236,PLAYER_SLEEPBEFORE_END,1516299554467,42
2236,WS_SEND_START,1516299554467,42
2236,WS_SEND_END,1516299554467,42
2236,WS_RECV_START,1516299554467,43
2236,WS_RECV_END,1516299555020,43
2236,PLAYER_SLEEPBEFORE_START,1516299555020,44
2236,PLAYER_SLEEPBEFORE_END,1516299555032,44
2236,WS_SEND_START,1516299555032,44
2236,WS_SEND_END,1516299555032,44
2236,WS_RECV_START,1516299555032,45
2236,WS_RECV_END,1516299555338,45
2236,PLAYER_SLEEPBEFORE_START,1516299555338,46
2236,PLAYER_SLEEPBEFORE_END,1516299556598,46
2236,WS_SEND_START,1516299556598,46
2236,WS_SEND_END,1516299556598,46
2236,WS_RECV_START,1516299556598,47
2236,WS_RECV_END,1516299557802,47
2236,PLAYER_SLEEPBEFORE_START,1516299557802,48
2236,PLAYER_SLEEPBEFORE_END,1516299559122,48
2236,WS_SEND_START,1516299559122,48
2236,WS_SEND_END,1516299559122,48
2236,WS_RECV_START,1516299559122,49
2236,WS_RECV_END,1516299559252,49
2236,PLAYER_SLEEPBEFORE_START,1516299559252,50
2236,PLAYER_SLEEPBEFORE_END,1516299559276,50
2236,WS_SEND_START,1516299559276,50
2236,WS_SEND_END,1516299559277,50
2236,WS_RECV_START,1516299559277,51
2236,WS_RECV_END,1516299559447,51
2236,PLAYER_SLEEPBEFORE_START,1516299559447,52
2236,PLAYER_SLEEPBEFORE_END,1516299582011,52
2236,WS_SEND_START,1516299582011,52
2236,WS_SEND_END,1516299582011,52
2236,WS_RECV_START,1516299582011,53
2236,WS_RECV_END,1516299582179,53
2236,PLAYER_SLEEPBEFORE_START,1516299582179,54
2236,PLAYER_SLEEPBEFORE_END,1516299603482,54
2236,WS_SEND_START,1516299603482,54
2236,WS_SEND_END,1516299603482,54
2236,PLAYER_SLEEPBEFORE_START,1516299603482,55
2236,PLAYER_SLEEPBEFORE_END,1516299605424,55
2236,WS_SEND_START,1516299605424,55
2236,WS_SEND_END,1516299605424,55
2236,WS_RECV_START,1516299605424,56
2236,WS_RECV_END,1516299605828,56
2236,PLAYER_SLEEPBEFORE_START,1516299605828,57
2236,PLAYER_SLEEPBEFORE_END,1516299628700,57
2236,WS_SEND_START,1516299628700,57
2236,WS_SEND_END,1516299628700,57
2236,WS_RECV_START,1516299628700,58
2236,WS_RECV_END,1516299630204,58
2236,PLAYER_SLEEPBEFORE_START,1516299630204,59
2236,PLAYER_SLEEPBEFORE_END,1516299632531,59
2236,WS_SEND_START,1516299632531,59
2236,WS_SEND_END,1516299632531,59
2236,WS_RECV_START,1516299632531,60
2236,WS_RECV_END,1516299632897,60
2236,PLAYER_SLEEPBEFORE_START,1516299632897,61
2236,PLAYER_SLEEPBEFORE_END,1516299636488,61
2236,WS_SEND_START,1516299636488,61
2236,WS_SEND_END,1516299636488,61
2236,WS_RECV_START,1516299636488,62
2236,WS_RECV_END,1516299636628,62
2236,PLAYER_SLEEPBEFORE_START,1516299636628,63
2236,PLAYER_SLEEPBEFORE_END,1516299655891,63
2236,WS_SEND_START,1516299655891,63
2236,WS_SEND_END,1516299655891,63
2236,WS_RECV_START,1516299655891,64
2236,WS_RECV_END,1516299656299,64
2236,PLAYER_SLEEPBEFORE_START,1516299656299,65
2236,PLAYER_SLEEPBEFORE_END,1516299683116,65
2236,WS_SEND_START,1516299683116,65
2236,WS_SEND_END,1516299683116,65
2236,WS_RECV_START,1516299683116,66
2236,WS_RECV_END,1516299683353,66
2236,PLAYER_SLEEPBEFORE_START,1516299683353,67
2236,PLAYER_SLEEPBEFORE_END,1516299684860,67
2236,WS_SEND_START,1516299684860,67
2236,WS_SEND_END,1516299684860,67
2236,WS_RECV_START,1516299684860,68
2236,WS_RECV_END,1516299685152,68
2236,PLAYER_SLEEPBEFORE_START,1516299685152,69
2236,PLAYER_SLEEPBEFORE_END,1516299707150,69
2236,WS_SEND_START,1516299707150,69
2236,WS_SEND_END,1516299707150,69
2236,WS_RECV_START,1516299707150,70
2236,WS_RECV_END,1516299707672,70
2236,PLAYER_SLEEPBEFORE_START,1516299707672,71
2236,PLAYER_SLEEPBEFORE_END,1516299732447,71
2236,WS_SEND_START,1516299732447,71
2236,WS_SEND_END,1516299732447,71
2236,PLAYER_SLEEPBEFORE_START,1516299732447,72
2236,PLAYER_SLEEPBEFORE_END,1516299735054,72
2236,WS_SEND_START,1516299735054,72
2236,WS_SEND_END,1516299735054,72
2236,WS_RECV_START,1516299735054,73
2236,WS_RECV_END,1516299735698,73
2236,PLAYER_SLEEPBEFORE_START,1516299735698,74
2236,PLAYER_SLEEPBEFORE_END,1516299735708,74
2236,WS_SEND_START,1516299735708,74
2236,WS_SEND_END,1516299735708,74
2236,WS_RECV_START,1516299735708,75
2236,WS_RECV_END,1516299736406,75
2236,PLAYER_SLEEPBEFORE_START,1516299736406,76
2236,PLAYER_SLEEPBEFORE_END,1516299737912,76
2236,WS_SEND_START,1516299737912,76
2236,WS_SEND_END,1516299737912,76
2236,WS_RECV_START,1516299737912,77
2236,WS_RECV_END,1516299738666,77
2236,PLAYER_SLEEPBEFORE_START,1516299738666,78
2236,PLAYER_SLEEPBEFORE_END,1516299739534,78
2236,WS_SEND_START,1516299739534,78
2236,WS_SEND_END,1516299739534,78
2236,WS_RECV_START,1516299739534,79
2236,WS_RECV_END,1516299739671,79
2236,PLAYER_SLEEPBEFORE_START,1516299739671,80
2236,PLAYER_SLEEPBEFORE_END,1516299747338,80
2236,WS_SEND_START,1516299747338,80
2236,WS_SEND_END,1516299747338,80
2236,WS_RECV_START,1516299747338,81
2236,WS_RECV_END,1516299747951,81
2236,PLAYER_SLEEPBEFORE_START,1516299747951,82
2236,PLAYER_SLEEPBEFORE_END,1516299749053,82
2236,WS_SEND_START,1516299749053,82
2236,WS_SEND_END,1516299749053,82
2236,WS_RECV_START,1516299749053,83
2236,WS_RECV_END,1516299749951,83
2236,PLAYER_SLEEPBEFORE_START,1516299749951,84
2236,PLAYER_SLEEPBEFORE_END,1516299750898,84
2236,WS_SEND_START,1516299750898,84
2236,WS_SEND_END,1516299750898,84
2236,WS_RECV_START,1516299750898,85
2236,WS_RECV_END,1516299752868,85
2236,PLAYER_SLEEPBEFORE_START,1516299752868,86
2236,PLAYER_SLEEPBEFORE_END,1516299757040,86
2236,WS_SEND_START,1516299757040,86
2236,WS_SEND_END,1516299757040,86
2236,WS_RECV_START,1516299757040,87
2236,WS_RECV_END,1516299759668,87
2236,PLAYER_SLEEPBEFORE_START,1516299759668,88
2236,PLAYER_SLEEPBEFORE_END,1516299759676,88
2236,WS_SEND_START,1516299759676,88
2236,WS_SEND_END,1516299759676,88
2236,WS_RECV_START,1516299759676,89
2236,WS_RECV_END,1516299761250,89
2236,PLAYER_SLEEPBEFORE_START,1516299761250,90
2236,PLAYER_SLEEPBEFORE_END,1516299788447,90
2236,REQ_START,1516299788447,90
2236,REQ_END,1516299788453,90
2236,PLAYER_SLEEPBEFORE_START,1516299788453,91
2236,PLAYER_SLEEPBEFORE_END,1516299796343,91
2236,WS_SEND_START,1516299796343,91
2236,WS_SEND_END,1516299796343,91
2236,WS_RECV_START,1516299796343,92
2236,WS_RECV_END,1516299797683,92
2236,PLAYER_SLEEPBEFORE_START,1516299797683,93
2236,PLAYER_SLEEPBEFORE_END,1516299797699,93
2236,WS_SEND_START,1516299797699,93
2236,WS_SEND_END,1516299797699,93
2236,WS_RECV_START,1516299797699,94
2236,WS_RECV_END,1516299798282,94
2236,PLAYER_SLEEPBEFORE_START,1516299798282,95
2236,PLAYER_SLEEPBEFORE_END,1516299821837,95
2236,WS_SEND_START,1516299821837,95
2236,WS_SEND_END,1516299821837,95
2236,WS_RECV_START,1516299821837,96
2236,WS_RECV_END,1516299823792,96
2236,PLAYER_SLEEPBEFORE_START,1516299823792,97
2236,PLAYER_SLEEPBEFORE_END,1516299846232,97
2236,WS_SEND_START,1516299846232,97
2236,WS_SEND_END,1516299846232,97
2236,WS_RECV_START,1516299846232,98
2236,WS_RECV_END,1516299846433,98
2236,PLAYER_SLEEPBEFORE_START,1516299846433,99
2236,PLAYER_SLEEPBEFORE_END,1516299846454,99
2236,WS_SEND_START,1516299846454,99
2236,WS_SEND_END,1516299846454,99
2236,WS_RECV_START,1516299846454,100
2236,WS_RECV_END,1516299846691,100
2236,PLAYER_SLEEPBEFORE_START,1516299846691,101
2236,PLAYER_SLEEPBEFORE_END,1516299870250,101
2236,WS_SEND_START,1516299870251,101
2236,WS_SEND_END,1516299870251,101
2236,WS_RECV_START,1516299870251,102
2236,WS_RECV_END,1516299874277,102
2236,PLAYER_SLEEPBEFORE_START,1516299874277,103
2236,PLAYER_SLEEPBEFORE_END,1516299897902,103
2236,WS_SEND_START,1516299897902,103
2236,WS_SEND_END,1516299897902,103
2236,WS_RECV_START,1516299897902,104
2236,WS_RECV_END,1516299898067,104
2236,PLAYER_SLEEPBEFORE_START,1516299898067,105
2236,PLAYER_SLEEPBEFORE_END,1516299923444,105
2236,WS_SEND_START,1516299923444,105
2236,WS_SEND_END,1516299923444,105
2236,WS_RECV_START,1516299923444,106
2236,WS_RECV_END,1516299924594,106
2236,PLAYER_SLEEPBEFORE_START,1516299924594,107
2236,PLAYER_SLEEPBEFORE_END,1516299948017,107
2236,WS_SEND_START,1516299948017,107
2236,WS_SEND_END,1516299948017,107
2236,WS_RECV_START,1516299948017,108
2236,WS_RECV_END,1516299948832,108
2236,PLAYER_SLEEPBEFORE_START,1516299948832,109
2236,PLAYER_SLEEPBEFORE_END,1516299948841,109
2236,WS_SEND_START,1516299948841,109
2236,WS_SEND_END,1516299948841,109
2236,WS_RECV_START,1516299948841,110
2236,WS_RECV_END,1516299949114,110
2236,PLAYER_SLEEPBEFORE_START,1516299949114,111
2236,PLAYER_SLEEPBEFORE_END,1516299950074,111
2236,WS_SEND_START,1516299950074,111
2236,WS_SEND_END,1516299950074,111
2236,WS_RECV_START,1516299950074,112
2236,WS_RECV_END,1516299950249,112
2236,PLAYER_SLEEPBEFORE_START,1516299950249,113
2236,PLAYER_SLEEPBEFORE_END,1516299950811,113
2236,WS_SEND_START,1516299950811,113
2236,WS_SEND_END,1516299950811,113
2236,WS_RECV_START,1516299950811,114
2236,WS_RECV_END,1516299951121,114
2236,PLAYER_SLEEPBEFORE_START,1516299951121,115
2236,PLAYER_SLEEPBEFORE_END,1516299951130,115
2236,WS_SEND_START,1516299951130,115
2236,WS_SEND_END,1516299951130,115
2236,WS_RECV_START,1516299951130,116
2236,WS_RECV_END,1516299951267,116
2236,PLAYER_SLEEPBEFORE_START,1516299951267,117
2236,PLAYER_SLEEPBEFORE_END,1516299971627,117
2236,WS_SEND_START,1516299971627,117
2236,WS_SEND_END,1516299971627,117
2236,PLAYER_SLEEPBEFORE_START,1516299971627,118
2236,PLAYER_SLEEPBEFORE_END,1516299975380,118
2236,WS_SEND_START,1516299975380,118
2236,WS_SEND_END,1516299975380,118
2236,WS_RECV_START,1516299975380,119
2236,WS_RECV_END,1516299976986,119
2236,PLAYER_SLEEPBEFORE_START,1516299976986,120
2236,PLAYER_SLEEPBEFORE_END,1516299977975,120
2236,WS_SEND_START,1516299977975,120
2236,WS_SEND_END,1516299977975,120
2236,WS_RECV_START,1516299977975,121
2236,WS_RECV_END,1516299978924,121
2236,PLAYER_SLEEPBEFORE_START,1516299978924,122
2236,PLAYER_SLEEPBEFORE_END,1516299980144,122
2236,WS_SEND_START,1516299980144,122
2236,WS_SEND_END,1516299980144,122
2236,WS_RECV_START,1516299980144,123
2236,WS_RECV_END,1516299981240,123
2236,PLAYER_SLEEPBEFORE_START,1516299981240,124
2236,PLAYER_SLEEPBEFORE_END,1516300005645,124
2236,WS_SEND_START,1516300005645,124
2236,WS_SEND_END,1516300005645,124
2236,WS_RECV_START,1516300005645,125
2236,WS_RECV_END,1516300006569,125
2236,PLAYER_SLEEPBEFORE_START,1516300006569,126
2236,PLAYER_SLEEPBEFORE_END,1516300027109,126
2236,WS_SEND_START,1516300027109,126
2236,WS_SEND_END,1516300027109,126
2236,PLAYER_SLEEPBEFORE_START,1516300027109,127
2236,PLAYER_SLEEPBEFORE_END,1516300030163,127
2236,WS_SEND_START,1516300030163,127
2236,WS_SEND_END,1516300030163,127
2236,WS_RECV_START,1516300030163,128
2236,WS_RECV_END,1516300031381,128
2236,PLAYER_SLEEPBEFORE_START,1516300031381,129
2236,PLAYER_SLEEPBEFORE_END,1516300031401,129
2236,WS_SEND_START,1516300031401,129
2236,WS_SEND_END,1516300031401,129
2236,WS_RECV_START,1516300031401,130
2236,WS_RECV_END,1516300032034,130
2236,PLAYER_SLEEPBEFORE_START,1516300032034,131
2236,PLAYER_SLEEPBEFORE_END,1516300053658,131
2236,WS_SEND_START,1516300053658,131
2236,WS_SEND_END,1516300053658,131
2236,PLAYER_SLEEPBEFORE_START,1516300053658,132
2236,PLAYER_SLEEPBEFORE_END,1516300056738,132
2236,WS_SEND_START,1516300056738,132
2236,WS_SEND_END,1516300056738,132
2236,WS_RECV_START,1516300056738,133
2236,WS_RECV_END,1516300056887,133
2236,PLAYER_SLEEPBEFORE_START,1516300056887,134
2236,PLAYER_SLEEPBEFORE_END,1516300078104,134
2236,WS_SEND_START,1516300078104,134
2236,WS_SEND_END,1516300078104,134
2236,PLAYER_SLEEPBEFORE_START,1516300078104,135
2236,PLAYER_SLEEPBEFORE_END,1516300081294,135
2236,WS_SEND_START,1516300081294,135
2236,WS_SEND_END,1516300081294,135
2236,WS_RECV_START,1516300081294,136
2236,WS_RECV_END,1516300082127,136
2236,PLAYER_SLEEPBEFORE_START,1516300082127,137
2236,PLAYER_SLEEPBEFORE_END,1516300082134,137
2236,WS_SEND_START,1516300082134,137
2236,WS_SEND_END,1516300082134,137
2236,WS_RECV_START,1516300082134,138
2236,WS_RECV_END,1516300082691,138
2236,PLAYER_SLEEPBEFORE_START,1516300082691,139
2236,PLAYER_SLEEPBEFORE_END,1516300083381,139
2236,WS_SEND_START,1516300083381,139
2236,WS_SEND_END,1516300083381,139
2236,WS_RECV_START,1516300083381,140
2236,WS_RECV_END,1516300083531,140
2236,PLAYER_SLEEPBEFORE_START,1516300083531,141
2236,PLAYER_SLEEPBEFORE_END,1516300084186,141
2236,WS_SEND_START,1516300084186,141
2236,WS_SEND_END,1516300084186,141
2236,WS_RECV_START,1516300084186,142
2236,WS_RECV_END,1516300084522,142
2236,PLAYER_SLEEPBEFORE_START,1516300084522,143
2236,PLAYER_SLEEPBEFORE_END,1516300084579,143
2236,WS_SEND_START,1516300084579,143
2236,WS_SEND_END,1516300084579,143
2236,WS_RECV_START,1516300084579,144
2236,WS_RECV_END,1516300085602,144
2236,PLAYER_SLEEPBEFORE_START,1516300085602,145
2236,PLAYER_SLEEPBEFORE_END,1516300101664,145
2236,REQ_START,1516300101664,145
2236,REQ_END,1516300101669,145
2236,PLAYER_SLEEPBEFORE_START,1516300101669,146
2236,PLAYER_SLEEPBEFORE_END,1516300110546,146
2236,WS_SEND_START,1516300110546,146
2236,WS_SEND_END,1516300110546,146
2236,WS_RECV_START,1516300110546,147
2236,WS_RECV_END,1516300113332,147
2236,PLAYER_SLEEPBEFORE_START,1516300113332,148
2236,PLAYER_SLEEPBEFORE_END,1516300135254,148
2236,WS_SEND_START,1516300135254,148
2236,WS_SEND_END,1516300135254,148
2236,PLAYER_SLEEPBEFORE_START,1516300135254,149
2236,PLAYER_SLEEPBEFORE_END,1516300137682,149
2236,WS_SEND_START,1516300137682,149
2236,WS_SEND_END,1516300137682,149
2236,WS_RECV_START,1516300137682,150
2236,WS_RECV_END,1516300138759,150
2236,PLAYER_SLEEPBEFORE_START,1516300138759,151
2236,PLAYER_SLEEPBEFORE_END,1516300138970,151
2236,WS_SEND_START,1516300138970,151
2236,WS_SEND_END,1516300138970,151
2236,WS_RECV_START,1516300138970,152
2236,WS_RECV_END,1516300140754,152
2236,PLAYER_SLEEPBEFORE_START,1516300140754,153
2236,PLAYER_SLEEPBEFORE_END,1516300164681,153
2236,WS_SEND_START,1516300164681,153
2236,WS_SEND_END,1516300164681,153
2236,WS_RECV_START,1516300164681,154
2236,WS_RECV_END,1516300171152,154
2236,PLAYER_SLEEPBEFORE_START,1516300171152,155
2236,PLAYER_SLEEPBEFORE_END,1516300193710,155
2236,WS_SEND_START,1516300193710,155
2236,WS_SEND_END,1516300193710,155
2236,PLAYER_SLEEPBEFORE_START,1516300193710,156
2236,PLAYER_SLEEPBEFORE_END,1516300196984,156
2236,WS_SEND_START,1516300196984,156
2236,WS_SEND_END,1516300196984,156
2236,WS_RECV_START,1516300196984,157
2236,WS_RECV_END,1516300200176,157
2236,PLAYER_SLEEPBEFORE_START,1516300200176,158
2236,PLAYER_SLEEPBEFORE_END,1516300200187,158
2236,WS_SEND_START,1516300200187,158
2236,WS_SEND_END,1516300200187,158
2236,WS_RECV_START,1516300200187,159
2236,WS_RECV_END,1516300202959,159
2236,PLAYER_SLEEPBEFORE_START,1516300202959,160
2236,PLAYER_SLEEPBEFORE_END,1516300203134,160
2236,WS_SEND_START,1516300203134,160
2236,WS_SEND_END,1516300203134,160
2236,WS_RECV_START,1516300203134,161
2236,WS_RECV_END,1516300205269,161
2236,PLAYER_SLEEPBEFORE_START,1516300205269,162
2236,PLAYER_SLEEPBEFORE_END,1516300205294,162
2236,WS_SEND_START,1516300205294,162
2236,WS_SEND_END,1516300205294,162
2236,WS_RECV_START,1516300205294,163
2236,WS_RECV_END,1516300208053,163
2236,PLAYER_SLEEPBEFORE_START,1516300208053,164
2236,PLAYER_SLEEPBEFORE_END,1516300228865,164
2236,WS_SEND_START,1516300228865,164
2236,WS_SEND_END,1516300228865,164
2236,WS_RECV_START,1516300228865,165
2236,WS_RECV_END,1516300230952,165
2236,PLAYER_SLEEPBEFORE_START,1516300230952,166
2236,PLAYER_SLEEPBEFORE_END,1516300253407,166
2236,WS_SEND_START,1516300253407,166
2236,WS_SEND_END,1516300253407,166
2236,WS_RECV_START,1516300253407,167
2236,WS_RECV_END,1516300256093,167
2236,PLAYER_SLEEPBEFORE_START,1516300256093,168
2236,PLAYER_SLEEPBEFORE_END,1516300283450,168
2236,WS_SEND_START,1516300283450,168
2236,WS_SEND_END,1516300283450,168
2236,WS_RECV_START,1516300283450,169
2236,WS_RECV_END,1516300285467,169
2236,PLAYER_SLEEPBEFORE_START,1516300285467,170
2236,PLAYER_SLEEPBEFORE_END,1516300285476,170
2236,WS_SEND_START,1516300285476,170
2236,WS_SEND_END,1516300285476,170
2236,WS_RECV_START,1516300285476,171
2236,WS_RECV_END,1516300286230,171
2236,PLAYER_SLEEPBEFORE_START,1516300286230,172
2236,PLAYER_SLEEPBEFORE_END,1516300286600,172
2236,WS_SEND_START,1516300286600,172
2236,WS_SEND_END,1516300286600,172
2236,WS_RECV_START,1516300286600,173
2236,WS_RECV_END,1516300287320,173
2236,PLAYER_SLEEPBEFORE_START,1516300287320,174
2236,PLAYER_SLEEPBEFORE_END,1516300287361,174
2236,WS_SEND_START,1516300287361,174
2236,WS_SEND_END,1516300287361,174
2236,WS_RECV_START,1516300287361,175
2236,WS_RECV_END,1516300288845,175
2236,PLAYER_SLEEPBEFORE_START,1516300288845,176
2236,PLAYER_SLEEPBEFORE_END,1516300310606,176
2236,WS_SEND_START,1516300310606,176
2236,WS_SEND_END,1516300310606,176
2236,PLAYER_SLEEPBEFORE_START,1516300310606,177
2236,PLAYER_SLEEPBEFORE_END,1516300313124,177
2236,WS_SEND_START,1516300313124,177
2236,WS_SEND_END,1516300313124,177
2236,WS_RECV_START,1516300313124,178
2236,WS_RECV_END,1516300313360,178
2236,PLAYER_SLEEPBEFORE_START,1516300313360,179
2236,PLAYER_SLEEPBEFORE_END,1516300335700,179
2236,WS_SEND_START,1516300335700,179
2236,WS_SEND_END,1516300335700,179
2236,WS_RECV_START,1516300335700,180
2236,WS_RECV_END,1516300335852,180
2236,PLAYER_SLEEPBEFORE_START,1516300335852,181
2236,PLAYER_SLEEPBEFORE_END,1516300336296,181
2236,WS_SEND_START,1516300336296,181
2236,WS_SEND_END,1516300336296,181
2236,WS_RECV_START,1516300336296,182
2236,WS_RECV_END,1516300336874,182
2236,PLAYER_SLEEPBEFORE_START,1516300336874,183
2236,PLAYER_SLEEPBEFORE_END,1516300337397,183
2236,WS_SEND_START,1516300337397,183
2236,WS_SEND_END,1516300337397,183
2236,WS_RECV_START,1516300337397,184
2236,WS_RECV_END,1516300337599,184
2236,PLAYER_SLEEPBEFORE_START,1516300337599,185
2236,PLAYER_SLEEPBEFORE_END,1516300337868,185
2236,WS_SEND_START,1516300337868,185
2236,WS_SEND_END,1516300337868,185
2236,WS_RECV_START,1516300337868,186
2236,WS_RECV_END,1516300338033,186
2236,PLAYER_SLEEPBEFORE_START,1516300338033,187
2236,PLAYER_SLEEPBEFORE_END,1516300360533,187
2236,WS_SEND_START,1516300360533,187
2236,WS_SEND_END,1516300360533,187
2236,WS_RECV_START,1516300360533,188
2236,WS_RECV_END,1516300360686,188
2236,PLAYER_SLEEPBEFORE_START,1516300360686,189
2236,PLAYER_SLEEPBEFORE_END,1516300366925,189
2236,WS_SEND_START,1516300366925,189
2236,WS_SEND_END,1516300366925,189
2236,WS_RECV_START,1516300366925,190
2236,WS_RECV_END,1516300367040,190
2236,PLAYER_SLEEPBEFORE_START,1516300367040,191
2236,PLAYER_SLEEPBEFORE_END,1516300368955,191
2236,WS_SEND_START,1516300368955,191
2236,WS_SEND_END,1516300368955,191
2236,WS_RECV_START,1516300368955,192
2236,WS_RECV_END,1516300369203,192
2236,PLAYER_SLEEPBEFORE_START,1516300369203,193
2236,PLAYER_SLEEPBEFORE_END,1516300369331,193
2236,WS_SEND_START,1516300369331,193
2236,WS_SEND_END,1516300369331,193
2236,WS_RECV_START,1516300369331,194
2236,WS_RECV_END,1516300369429,194
2236,PLAYER_SLEEPBEFORE_START,1516300369429,195
2236,PLAYER_SLEEPBEFORE_END,1516300371184,195
2236,WS_SEND_START,1516300371184,195
2236,WS_SEND_END,1516300371184,195
2236,WS_RECV_START,1516300371184,196
2236,WS_RECV_END,1516300371283,196
2236,PLAYER_SLEEPBEFORE_START,1516300371283,197
2236,PLAYER_SLEEPBEFORE_END,1516300373087,197
2236,WS_SEND_START,1516300373087,197
2236,WS_SEND_END,1516300373087,197
2236,WS_RECV_START,1516300373087,198
2236,WS_RECV_END,1516300373265,198
2236,PLAYER_SLEEPBEFORE_START,1516300373265,199
2236,PLAYER_SLEEPBEFORE_END,1516300385119,199
2236,WS_SEND_START,1516300385119,199
2236,WS_SEND_END,1516300385119,199
2236,PLAYER_SLEEPBEFORE_START,1516300385119,200
2236,PLAYER_SLEEPBEFORE_END,1516300389207,200
2236,WS_SEND_START,1516300389207,200
2236,WS_SEND_END,1516300389207,200
2236,WS_RECV_START,1516300389207,201
2236,WS_RECV_END,1516300389297,201
2236,PLAYER_SLEEPBEFORE_START,1516300389297,202
2236,PLAYER_SLEEPBEFORE_END,1516300389311,202
2236,WS_SEND_START,1516300389311,202
2236,WS_SEND_END,1516300389311,202
2236,WS_RECV_START,1516300389311,203
2236,WS_RECV_END,1516300389516,203
2236,PLAYER_SLEEPBEFORE_START,1516300389516,204
2236,PLAYER_SLEEPBEFORE_END,1516300409165,204
2236,WS_SEND_START,1516300409165,204
2236,WS_SEND_END,1516300409165,204
2236,PLAYER_SLEEPBEFORE_START,1516300409165,205
2236,PLAYER_SLEEPBEFORE_END,1516300413063,205
2236,WS_SEND_START,1516300413063,205
2236,WS_SEND_END,1516300413063,205
2236,WS_RECV_START,1516300413063,206
2236,WS_RECV_END,1516300413191,206
2236,PLAYER_SLEEPBEFORE_START,1516300413191,207
2236,PLAYER_SLEEPBEFORE_END,1516300430122,207
2236,REQ_START,1516300430122,207
2236,REQ_END,1516300430127,207
2236,PLAYER_SLEEPBEFORE_START,1516300430127,208
2236,PLAYER_SLEEPBEFORE_END,1516300436979,208
2236,WS_CLOSE_START,1516300436979,208
2236,WS_CLOSE_END,1516300436979,208
2236,PLAYER_DONE,1516300436979
