# --sessions 2700 --app-url=http://shinyloadtest.rstudioservices.com/cran_explorer --output-dir test2700 --overwrite-output --log-level warn --start-interval 100 15min.log
thread_id,event,timestamp,input_line_number,comment
2349,PLAYER_SESSION_CREATE,1516299246255
2349,PLAYER_START_INTERVAL_START,1516299246255
2349,PLAYER_START_INTERVAL_END,1516299481155
2349,REQ_HOME_START,1516299481155,2
2349,REQ_HOME_END,1516299481273,2
2349,REQ_START,1516299481273,3
2349,REQ_END,1516299481801,3
2349,REQ_START,1516299481801,4
2349,REQ_END,1516299482186,4
2349,REQ_START,1516299482186,5
2349,REQ_END,1516299482367,5
2349,REQ_START,1516299482367,6
2349,REQ_END,1516299482415,6
2349,REQ_START,1516299482415,7
2349,REQ_END,1516299482592,7
2349,REQ_START,1516299482593,8
2349,REQ_END,1516299482638,8
2349,REQ_START,1516299482638,9
2349,REQ_END,1516299482916,9
2349,REQ_START,1516299482916,10
2349,REQ_END,1516299482923,10
2349,REQ_START,1516299482923,11
2349,REQ_END,1516299482965,11
2349,REQ_START,1516299482965,12
2349,REQ_END,1516299482973,12
2349,REQ_START,1516299482973,13
2349,REQ_END,1516299483014,13
2349,REQ_START,1516299483014,14
2349,REQ_END,1516299483029,14
2349,REQ_START,1516299483029,15
2349,REQ_END,1516299483227,15
2349,REQ_TOK_START,1516299483227,16
2349,REQ_TOK_END,1516299483233,16
2349,REQ_SINF_START,1516299483233,17
2349,REQ_SINF_END,1516299483239,17
2349,WS_OPEN_START,1516299483239,18
2349,WS_OPEN_END,1516299483244,18
2349,REQ_START,1516299483244,19
2349,REQ_END,1516299483713,19
2349,WS_RECV_START,1516299483713,20
2349,WS_RECV_END,1516299483713,20
2349,PLAYER_SLEEPBEFORE_START,1516299483713,21
2349,PLAYER_SLEEPBEFORE_END,1516299483719,21
2349,WS_SEND_START,1516299483719,21
2349,WS_SEND_END,1516299483719,21
2349,PLAYER_SLEEPBEFORE_START,1516299483719,22
2349,PLAYER_SLEEPBEFORE_END,1516299483720,22
2349,WS_SEND_START,1516299483720,22
2349,WS_SEND_END,1516299483720,22
2349,WS_RECV_INIT_START,1516299483720,23
2349,WS_RECV_INIT_END,1516299483776,23
2349,WS_RECV_START,1516299483776,24
2349,WS_RECV_END,1516299483887,24
2349,PLAYER_SLEEPBEFORE_START,1516299483887,25
2349,PLAYER_SLEEPBEFORE_END,1516299483895,25
2349,REQ_START,1516299483895,25
2349,REQ_END,1516299485043,25
2349,PLAYER_SLEEPBEFORE_START,1516299485043,26
2349,PLAYER_SLEEPBEFORE_END,1516299485044,26
2349,REQ_START,1516299485044,26
2349,REQ_END,1516299485792,26
2349,PLAYER_SLEEPBEFORE_START,1516299485792,27
2349,PLAYER_SLEEPBEFORE_END,1516299485795,27
2349,REQ_START,1516299485795,27
2349,REQ_END,1516299485907,27
2349,PLAYER_SLEEPBEFORE_START,1516299485907,28
2349,PLAYER_SLEEPBEFORE_END,1516299486192,28
2349,REQ_START,1516299486192,28
2349,REQ_END,1516299486602,28
2349,PLAYER_SLEEPBEFORE_START,1516299486602,29
2349,PLAYER_SLEEPBEFORE_END,1516299486777,29
2349,WS_SEND_START,1516299486777,29
2349,WS_SEND_END,1516299486777,29
2349,WS_RECV_START,1516299486777,30
2349,WS_RECV_END,1516299487040,30
2349,PLAYER_SLEEPBEFORE_START,1516299487040,31
2349,PLAYER_SLEEPBEFORE_END,1516299487051,31
2349,REQ_START,1516299487051,31
2349,REQ_END,1516299488083,31
2349,PLAYER_SLEEPBEFORE_START,1516299488083,32
2349,PLAYER_SLEEPBEFORE_END,1516299516229,32
2349,WS_SEND_START,1516299516229,32
2349,WS_SEND_END,1516299516229,32
2349,WS_RECV_START,1516299516229,33
2349,WS_RECV_END,1516299516951,33
2349,PLAYER_SLEEPBEFORE_START,1516299516951,34
2349,PLAYER_SLEEPBEFORE_END,1516299542862,34
2349,WS_SEND_START,1516299542862,34
2349,WS_SEND_END,1516299542862,34
2349,WS_RECV_START,1516299542862,35
2349,WS_RECV_END,1516299544453,35
2349,PLAYER_SLEEPBEFORE_START,1516299544453,36
2349,PLAYER_SLEEPBEFORE_END,1516299544462,36
2349,WS_SEND_START,1516299544462,36
2349,WS_SEND_END,1516299544462,36
2349,WS_RECV_START,1516299544462,37
2349,WS_RECV_END,1516299544850,37
2349,PLAYER_SLEEPBEFORE_START,1516299544850,38
2349,PLAYER_SLEEPBEFORE_END,1516299548045,38
2349,WS_SEND_START,1516299548045,38
2349,WS_SEND_END,1516299548045,38
2349,WS_RECV_START,1516299548045,39
2349,WS_RECV_END,1516299548585,39
2349,PLAYER_SLEEPBEFORE_START,1516299548585,40
2349,PLAYER_SLEEPBEFORE_END,1516299548631,40
2349,WS_SEND_START,1516299548631,40
2349,WS_SEND_END,1516299548631,40
2349,WS_RECV_START,1516299548631,41
2349,WS_RECV_END,1516299549912,41
2349,PLAYER_SLEEPBEFORE_START,1516299549912,42
2349,PLAYER_SLEEPBEFORE_END,1516299568047,42
2349,WS_SEND_START,1516299568047,42
2349,WS_SEND_END,1516299568047,42
2349,WS_RECV_START,1516299568047,43
2349,WS_RECV_END,1516299569433,43
2349,PLAYER_SLEEPBEFORE_START,1516299569433,44
2349,PLAYER_SLEEPBEFORE_END,1516299569445,44
2349,WS_SEND_START,1516299569445,44
2349,WS_SEND_END,1516299569445,44
2349,WS_RECV_START,1516299569445,45
2349,WS_RECV_END,1516299570114,45
2349,PLAYER_SLEEPBEFORE_START,1516299570114,46
2349,PLAYER_SLEEPBEFORE_END,1516299571374,46
2349,WS_SEND_START,1516299571374,46
2349,WS_SEND_END,1516299571374,46
2349,WS_RECV_START,1516299571374,47
2349,WS_RECV_END,1516299572981,47
2349,PLAYER_SLEEPBEFORE_START,1516299572981,48
2349,PLAYER_SLEEPBEFORE_END,1516299574301,48
2349,WS_SEND_START,1516299574301,48
2349,WS_SEND_END,1516299574301,48
2349,WS_RECV_START,1516299574301,49
2349,WS_RECV_END,1516299576790,49
2349,PLAYER_SLEEPBEFORE_START,1516299576790,50
2349,PLAYER_SLEEPBEFORE_END,1516299576814,50
2349,WS_SEND_START,1516299576814,50
2349,WS_SEND_END,1516299576814,50
2349,WS_RECV_START,1516299576814,51
2349,WS_RECV_END,1516299577461,51
2349,PLAYER_SLEEPBEFORE_START,1516299577461,52
2349,PLAYER_SLEEPBEFORE_END,1516299600025,52
2349,WS_SEND_START,1516299600025,52
2349,WS_SEND_END,1516299600025,52
2349,WS_RECV_START,1516299600025,53
2349,WS_RECV_END,1516299601764,53
2349,PLAYER_SLEEPBEFORE_START,1516299601764,54
2349,PLAYER_SLEEPBEFORE_END,1516299623067,54
2349,WS_SEND_START,1516299623067,54
2349,WS_SEND_END,1516299623067,54
2349,PLAYER_SLEEPBEFORE_START,1516299623067,55
2349,PLAYER_SLEEPBEFORE_END,1516299625008,55
2349,WS_SEND_START,1516299625008,55
2349,WS_SEND_END,1516299625008,55
2349,WS_RECV_START,1516299625008,56
2349,WS_RECV_END,1516299625760,56
2349,PLAYER_SLEEPBEFORE_START,1516299625760,57
2349,PLAYER_SLEEPBEFORE_END,1516299648632,57
2349,WS_SEND_START,1516299648632,57
2349,WS_SEND_END,1516299648632,57
2349,WS_RECV_START,1516299648632,58
2349,WS_RECV_END,1516299648711,58
2349,PLAYER_SLEEPBEFORE_START,1516299648711,59
2349,PLAYER_SLEEPBEFORE_END,1516299651038,59
2349,WS_SEND_START,1516299651038,59
2349,WS_SEND_END,1516299651038,59
2349,WS_RECV_START,1516299651038,60
2349,WS_RECV_END,1516299651494,60
2349,PLAYER_SLEEPBEFORE_START,1516299651494,61
2349,PLAYER_SLEEPBEFORE_END,1516299655086,61
2349,WS_SEND_START,1516299655086,61
2349,WS_SEND_END,1516299655086,61
2349,WS_RECV_START,1516299655086,62
2349,WS_RECV_END,1516299655498,62
2349,PLAYER_SLEEPBEFORE_START,1516299655498,63
2349,PLAYER_SLEEPBEFORE_END,1516299674761,63
2349,WS_SEND_START,1516299674761,63
2349,WS_SEND_END,1516299674761,63
2349,WS_RECV_START,1516299674761,64
2349,WS_RECV_END,1516299675001,64
2349,PLAYER_SLEEPBEFORE_START,1516299675001,65
2349,PLAYER_SLEEPBEFORE_END,1516299701818,65
2349,WS_SEND_START,1516299701818,65
2349,WS_SEND_END,1516299701818,65
2349,WS_RECV_START,1516299701818,66
2349,WS_RECV_END,1516299702011,66
2349,PLAYER_SLEEPBEFORE_START,1516299702011,67
2349,PLAYER_SLEEPBEFORE_END,1516299703518,67
2349,WS_SEND_START,1516299703518,67
2349,WS_SEND_END,1516299703518,67
2349,WS_RECV_START,1516299703518,68
2349,WS_RECV_END,1516299703702,68
2349,PLAYER_SLEEPBEFORE_START,1516299703702,69
2349,PLAYER_SLEEPBEFORE_END,1516299725700,69
2349,WS_SEND_START,1516299725700,69
2349,WS_SEND_END,1516299725700,69
2349,WS_RECV_START,1516299725700,70
2349,WS_RECV_END,1516299728606,70
2349,PLAYER_SLEEPBEFORE_START,1516299728606,71
2349,PLAYER_SLEEPBEFORE_END,1516299753381,71
2349,WS_SEND_START,1516299753381,71
2349,WS_SEND_END,1516299753381,71
2349,PLAYER_SLEEPBEFORE_START,1516299753381,72
2349,PLAYER_SLEEPBEFORE_END,1516299755988,72
2349,WS_SEND_START,1516299755988,72
2349,WS_SEND_END,1516299755988,72
2349,WS_RECV_START,1516299755988,73
2349,WS_RECV_END,1516299756655,73
2349,PLAYER_SLEEPBEFORE_START,1516299756655,74
2349,PLAYER_SLEEPBEFORE_END,1516299756665,74
2349,WS_SEND_START,1516299756665,74
2349,WS_SEND_END,1516299756665,74
2349,WS_RECV_START,1516299756665,75
2349,WS_RECV_END,1516299758437,75
2349,PLAYER_SLEEPBEFORE_START,1516299758437,76
2349,PLAYER_SLEEPBEFORE_END,1516299759943,76
2349,WS_SEND_START,1516299759943,76
2349,WS_SEND_END,1516299759943,76
2349,WS_RECV_START,1516299759943,77
2349,WS_RECV_END,1516299761429,77
2349,PLAYER_SLEEPBEFORE_START,1516299761429,78
2349,PLAYER_SLEEPBEFORE_END,1516299762297,78
2349,WS_SEND_START,1516299762297,78
2349,WS_SEND_END,1516299762297,78
2349,WS_RECV_START,1516299762297,79
2349,WS_RECV_END,1516299764053,79
2349,PLAYER_SLEEPBEFORE_START,1516299764053,80
2349,PLAYER_SLEEPBEFORE_END,1516299771720,80
2349,WS_SEND_START,1516299771720,80
2349,WS_SEND_END,1516299771720,80
2349,WS_RECV_START,1516299771720,81
2349,WS_RECV_END,1516299774938,81
2349,PLAYER_SLEEPBEFORE_START,1516299774938,82
2349,PLAYER_SLEEPBEFORE_END,1516299776040,82
2349,WS_SEND_START,1516299776040,82
2349,WS_SEND_END,1516299776040,82
2349,WS_RECV_START,1516299776040,83
2349,WS_RECV_END,1516299778756,83
2349,PLAYER_SLEEPBEFORE_START,1516299778756,84
2349,PLAYER_SLEEPBEFORE_END,1516299779703,84
2349,WS_SEND_START,1516299779703,84
2349,WS_SEND_END,1516299779703,84
2349,WS_RECV_START,1516299779703,85
2349,WS_RECV_END,1516299780356,85
2349,PLAYER_SLEEPBEFORE_START,1516299780356,86
2349,PLAYER_SLEEPBEFORE_END,1516299784528,86
2349,WS_SEND_START,1516299784528,86
2349,WS_SEND_END,1516299784528,86
2349,WS_RECV_START,1516299784528,87
2349,WS_RECV_END,1516299785113,87
2349,PLAYER_SLEEPBEFORE_START,1516299785113,88
2349,PLAYER_SLEEPBEFORE_END,1516299785121,88
2349,WS_SEND_START,1516299785121,88
2349,WS_SEND_END,1516299785121,88
2349,WS_RECV_START,1516299785121,89
2349,WS_RECV_END,1516299785618,89
2349,PLAYER_SLEEPBEFORE_START,1516299785618,90
2349,PLAYER_SLEEPBEFORE_END,1516299812815,90
2349,REQ_START,1516299812815,90
2349,REQ_END,1516299812821,90
2349,PLAYER_SLEEPBEFORE_START,1516299812821,91
2349,PLAYER_SLEEPBEFORE_END,1516299820710,91
2349,WS_SEND_START,1516299820710,91
2349,WS_SEND_END,1516299820710,91
2349,WS_RECV_START,1516299820710,92
2349,WS_RECV_END,1516299825119,92
2349,PLAYER_SLEEPBEFORE_START,1516299825119,93
2349,PLAYER_SLEEPBEFORE_END,1516299825134,93
2349,WS_SEND_START,1516299825134,93
2349,WS_SEND_END,1516299825134,93
2349,WS_RECV_START,1516299825134,94
2349,WS_RECV_END,1516299827751,94
2349,PLAYER_SLEEPBEFORE_START,1516299827751,95
2349,PLAYER_SLEEPBEFORE_END,1516299851306,95
2349,WS_SEND_START,1516299851306,95
2349,WS_SEND_END,1516299851306,95
2349,WS_RECV_START,1516299851306,96
2349,WS_RECV_END,1516299853688,96
2349,PLAYER_SLEEPBEFORE_START,1516299853688,97
2349,PLAYER_SLEEPBEFORE_END,1516299876128,97
2349,WS_SEND_START,1516299876128,97
2349,WS_SEND_END,1516299876128,97
2349,WS_RECV_START,1516299876128,98
2349,WS_RECV_END,1516299880603,98
2349,PLAYER_SLEEPBEFORE_START,1516299880603,99
2349,PLAYER_SLEEPBEFORE_END,1516299880624,99
2349,WS_SEND_START,1516299880624,99
2349,WS_SEND_END,1516299880624,99
2349,WS_RECV_START,1516299880624,100
2349,WS_RECV_END,1516299883989,100
2349,PLAYER_SLEEPBEFORE_START,1516299883989,101
2349,PLAYER_SLEEPBEFORE_END,1516299907548,101
2349,WS_SEND_START,1516299907548,101
2349,WS_SEND_END,1516299907548,101
2349,WS_RECV_START,1516299907548,102
2349,WS_RECV_END,1516299908141,102
2349,PLAYER_SLEEPBEFORE_START,1516299908141,103
2349,PLAYER_SLEEPBEFORE_END,1516299931766,103
2349,WS_SEND_START,1516299931766,103
2349,WS_SEND_END,1516299931766,103
2349,WS_RECV_START,1516299931766,104
2349,WS_RECV_END,1516299933756,104
2349,PLAYER_SLEEPBEFORE_START,1516299933756,105
2349,PLAYER_SLEEPBEFORE_END,1516299959133,105
2349,WS_SEND_START,1516299959133,105
2349,WS_SEND_END,1516299959133,105
2349,WS_RECV_START,1516299959133,106
2349,WS_RECV_END,1516299959378,106
2349,PLAYER_SLEEPBEFORE_START,1516299959378,107
2349,PLAYER_SLEEPBEFORE_END,1516299982801,107
2349,WS_SEND_START,1516299982801,107
2349,WS_SEND_END,1516299982802,107
2349,WS_RECV_START,1516299982802,108
2349,WS_RECV_END,1516299983387,108
2349,PLAYER_SLEEPBEFORE_START,1516299983387,109
2349,PLAYER_SLEEPBEFORE_END,1516299983396,109
2349,WS_SEND_START,1516299983396,109
2349,WS_SEND_END,1516299983396,109
2349,WS_RECV_START,1516299983396,110
2349,WS_RECV_END,1516299983991,110
2349,PLAYER_SLEEPBEFORE_START,1516299983991,111
2349,PLAYER_SLEEPBEFORE_END,1516299984950,111
2349,WS_SEND_START,1516299984950,111
2349,WS_SEND_END,1516299984950,111
2349,WS_RECV_START,1516299984950,112
2349,WS_RECV_END,1516299985253,112
2349,PLAYER_SLEEPBEFORE_START,1516299985253,113
2349,PLAYER_SLEEPBEFORE_END,1516299985815,113
2349,WS_SEND_START,1516299985815,113
2349,WS_SEND_END,1516299985815,113
2349,WS_RECV_START,1516299985815,114
2349,WS_RECV_END,1516299986048,114
2349,PLAYER_SLEEPBEFORE_START,1516299986048,115
2349,PLAYER_SLEEPBEFORE_END,1516299986057,115
2349,WS_SEND_START,1516299986057,115
2349,WS_SEND_END,1516299986057,115
2349,WS_RECV_START,1516299986057,116
2349,WS_RECV_END,1516299986985,116
2349,PLAYER_SLEEPBEFORE_START,1516299986985,117
2349,PLAYER_SLEEPBEFORE_END,1516300007345,117
2349,WS_SEND_START,1516300007345,117
2349,WS_SEND_END,1516300007345,117
2349,PLAYER_SLEEPBEFORE_START,1516300007345,118
2349,PLAYER_SLEEPBEFORE_END,1516300011097,118
2349,WS_SEND_START,1516300011097,118
2349,WS_SEND_END,1516300011097,118
2349,WS_RECV_START,1516300011097,119
2349,WS_RECV_END,1516300012662,119
2349,PLAYER_SLEEPBEFORE_START,1516300012662,120
2349,PLAYER_SLEEPBEFORE_END,1516300013650,120
2349,WS_SEND_START,1516300013650,120
2349,WS_SEND_END,1516300013650,120
2349,WS_RECV_START,1516300013650,121
2349,WS_RECV_END,1516300015077,121
2349,PLAYER_SLEEPBEFORE_START,1516300015077,122
2349,PLAYER_SLEEPBEFORE_END,1516300016262,122
2349,WS_SEND_START,1516300016262,122
2349,WS_SEND_END,1516300016262,122
2349,WS_RECV_START,1516300016262,123
2349,WS_RECV_END,1516300017026,123
2349,PLAYER_SLEEPBEFORE_START,1516300017026,124
2349,PLAYER_SLEEPBEFORE_END,1516300041431,124
2349,WS_SEND_START,1516300041431,124
2349,WS_SEND_END,1516300041431,124
2349,WS_RECV_START,1516300041431,125
2349,WS_RECV_END,1516300041912,125
2349,PLAYER_SLEEPBEFORE_START,1516300041912,126
2349,PLAYER_SLEEPBEFORE_END,1516300062424,126
2349,WS_SEND_START,1516300062424,126
2349,WS_SEND_END,1516300062424,126
2349,PLAYER_SLEEPBEFORE_START,1516300062424,127
2349,PLAYER_SLEEPBEFORE_END,1516300065478,127
2349,WS_SEND_START,1516300065478,127
2349,WS_SEND_END,1516300065478,127
2349,WS_RECV_START,1516300065478,128
2349,WS_RECV_END,1516300066424,128
2349,PLAYER_SLEEPBEFORE_START,1516300066424,129
2349,PLAYER_SLEEPBEFORE_END,1516300066444,129
2349,WS_SEND_START,1516300066444,129
2349,WS_SEND_END,1516300066444,129
2349,WS_RECV_START,1516300066444,130
2349,WS_RECV_END,1516300067198,130
2349,PLAYER_SLEEPBEFORE_START,1516300067198,131
2349,PLAYER_SLEEPBEFORE_END,1516300088822,131
2349,WS_SEND_START,1516300088822,131
2349,WS_SEND_END,1516300088822,131
2349,PLAYER_SLEEPBEFORE_START,1516300088822,132
2349,PLAYER_SLEEPBEFORE_END,1516300091903,132
2349,WS_SEND_START,1516300091903,132
2349,WS_SEND_END,1516300091903,132
2349,WS_RECV_START,1516300091903,133
2349,WS_RECV_END,1516300092464,133
2349,PLAYER_SLEEPBEFORE_START,1516300092464,134
2349,PLAYER_SLEEPBEFORE_END,1516300113681,134
2349,WS_SEND_START,1516300113681,134
2349,WS_SEND_END,1516300113681,134
2349,PLAYER_SLEEPBEFORE_START,1516300113681,135
2349,PLAYER_SLEEPBEFORE_END,1516300116871,135
2349,WS_SEND_START,1516300116871,135
2349,WS_SEND_END,1516300116872,135
2349,WS_RECV_START,1516300116872,136
2349,WS_RECV_END,1516300117200,136
2349,PLAYER_SLEEPBEFORE_START,1516300117200,137
2349,PLAYER_SLEEPBEFORE_END,1516300117208,137
2349,WS_SEND_START,1516300117208,137
2349,WS_SEND_END,1516300117208,137
2349,WS_RECV_START,1516300117208,138
2349,WS_RECV_END,1516300117899,138
2349,PLAYER_SLEEPBEFORE_START,1516300117899,139
2349,PLAYER_SLEEPBEFORE_END,1516300118589,139
2349,WS_SEND_START,1516300118589,139
2349,WS_SEND_END,1516300118589,139
2349,WS_RECV_START,1516300118589,140
2349,WS_RECV_END,1516300118891,140
2349,PLAYER_SLEEPBEFORE_START,1516300118891,141
2349,PLAYER_SLEEPBEFORE_END,1516300119547,141
2349,WS_SEND_START,1516300119547,141
2349,WS_SEND_END,1516300119547,141
2349,WS_RECV_START,1516300119547,142
2349,WS_RECV_END,1516300120126,142
2349,PLAYER_SLEEPBEFORE_START,1516300120126,143
2349,PLAYER_SLEEPBEFORE_END,1516300120183,143
2349,WS_SEND_START,1516300120183,143
2349,WS_SEND_END,1516300120183,143
2349,WS_RECV_START,1516300120183,144
2349,WS_RECV_END,1516300120700,144
2349,PLAYER_SLEEPBEFORE_START,1516300120700,145
2349,PLAYER_SLEEPBEFORE_END,1516300136763,145
2349,REQ_START,1516300136763,145
2349,REQ_END,1516300136769,145
2349,PLAYER_SLEEPBEFORE_START,1516300136769,146
2349,PLAYER_SLEEPBEFORE_END,1516300145646,146
2349,WS_SEND_START,1516300145646,146
2349,WS_SEND_END,1516300145646,146
2349,WS_RECV_START,1516300145646,147
2349,WS_RECV_END,1516300149053,147
2349,PLAYER_SLEEPBEFORE_START,1516300149053,148
2349,PLAYER_SLEEPBEFORE_END,1516300170975,148
2349,WS_SEND_START,1516300170975,148
2349,WS_SEND_END,1516300170975,148
2349,PLAYER_SLEEPBEFORE_START,1516300170975,149
2349,PLAYER_SLEEPBEFORE_END,1516300173403,149
2349,WS_SEND_START,1516300173403,149
2349,WS_SEND_END,1516300173403,149
2349,WS_RECV_START,1516300173403,150
2349,WS_RECV_END,1516300175935,150
2349,PLAYER_SLEEPBEFORE_START,1516300175935,151
2349,PLAYER_SLEEPBEFORE_END,1516300176145,151
2349,WS_SEND_START,1516300176145,151
2349,WS_SEND_END,1516300176145,151
2349,WS_RECV_START,1516300176145,152
2349,WS_RECV_END,1516300178441,152
2349,PLAYER_SLEEPBEFORE_START,1516300178441,153
2349,PLAYER_SLEEPBEFORE_END,1516300202368,153
2349,WS_SEND_START,1516300202368,153
2349,WS_SEND_END,1516300202368,153
2349,WS_RECV_START,1516300202368,154
2349,WS_RECV_END,1516300207344,154
2349,PLAYER_SLEEPBEFORE_START,1516300207344,155
2349,PLAYER_SLEEPBEFORE_END,1516300229902,155
2349,WS_SEND_START,1516300229902,155
2349,WS_SEND_END,1516300229902,155
2349,PLAYER_SLEEPBEFORE_START,1516300229902,156
2349,PLAYER_SLEEPBEFORE_END,1516300233202,156
2349,WS_SEND_START,1516300233202,156
2349,WS_SEND_END,1516300233202,156
2349,WS_RECV_START,1516300233202,157
2349,WS_RECV_END,1516300234223,157
2349,PLAYER_SLEEPBEFORE_START,1516300234223,158
2349,PLAYER_SLEEPBEFORE_END,1516300234233,158
2349,WS_SEND_START,1516300234233,158
2349,WS_SEND_END,1516300234233,158
2349,WS_RECV_START,1516300234233,159
2349,WS_RECV_END,1516300235145,159
2349,PLAYER_SLEEPBEFORE_START,1516300235145,160
2349,PLAYER_SLEEPBEFORE_END,1516300235320,160
2349,WS_SEND_START,1516300235320,160
2349,WS_SEND_END,1516300235320,160
2349,WS_RECV_START,1516300235320,161
2349,WS_RECV_END,1516300237083,161
2349,PLAYER_SLEEPBEFORE_START,1516300237083,162
2349,PLAYER_SLEEPBEFORE_END,1516300237108,162
2349,WS_SEND_START,1516300237108,162
2349,WS_SEND_END,1516300237108,162
2349,WS_RECV_START,1516300237108,163
2349,WS_RECV_END,1516300239082,163
2349,PLAYER_SLEEPBEFORE_START,1516300239082,164
2349,PLAYER_SLEEPBEFORE_END,1516300259894,164
2349,WS_SEND_START,1516300259894,164
2349,WS_SEND_END,1516300259894,164
2349,WS_RECV_START,1516300259894,165
2349,WS_RECV_END,1516300263814,165
2349,PLAYER_SLEEPBEFORE_START,1516300263814,166
2349,PLAYER_SLEEPBEFORE_END,1516300286269,166
2349,WS_SEND_START,1516300286269,166
2349,WS_SEND_END,1516300286269,166
2349,WS_RECV_START,1516300286269,167
2349,WS_RECV_END,1516300287802,167
2349,PLAYER_SLEEPBEFORE_START,1516300287802,168
2349,PLAYER_SLEEPBEFORE_END,1516300315159,168
2349,WS_SEND_START,1516300315159,168
2349,WS_SEND_END,1516300315159,168
2349,WS_RECV_START,1516300315159,169
2349,WS_RECV_END,1516300315880,169
2349,PLAYER_SLEEPBEFORE_START,1516300315880,170
2349,PLAYER_SLEEPBEFORE_END,1516300315889,170
2349,WS_SEND_START,1516300315889,170
2349,WS_SEND_END,1516300315889,170
2349,WS_RECV_START,1516300315889,171
2349,WS_RECV_END,1516300316455,171
2349,PLAYER_SLEEPBEFORE_START,1516300316455,172
2349,PLAYER_SLEEPBEFORE_END,1516300316824,172
2349,WS_SEND_START,1516300316824,172
2349,WS_SEND_END,1516300316824,172
2349,WS_RECV_START,1516300316824,173
2349,WS_RECV_END,1516300317445,173
2349,PLAYER_SLEEPBEFORE_START,1516300317445,174
2349,PLAYER_SLEEPBEFORE_END,1516300317486,174
2349,WS_SEND_START,1516300317486,174
2349,WS_SEND_END,1516300317487,174
2349,WS_RECV_START,1516300317487,175
2349,WS_RECV_END,1516300317788,175
2349,PLAYER_SLEEPBEFORE_START,1516300317788,176
2349,PLAYER_SLEEPBEFORE_END,1516300339549,176
2349,WS_SEND_START,1516300339549,176
2349,WS_SEND_END,1516300339549,176
2349,PLAYER_SLEEPBEFORE_START,1516300339549,177
2349,PLAYER_SLEEPBEFORE_END,1516300342067,177
2349,WS_SEND_START,1516300342067,177
2349,WS_SEND_END,1516300342067,177
2349,WS_RECV_START,1516300342067,178
2349,WS_RECV_END,1516300342357,178
2349,PLAYER_SLEEPBEFORE_START,1516300342357,179
2349,PLAYER_SLEEPBEFORE_END,1516300364697,179
2349,WS_SEND_START,1516300364697,179
2349,WS_SEND_END,1516300364697,179
2349,WS_RECV_START,1516300364697,180
2349,WS_RECV_END,1516300364852,180
2349,PLAYER_SLEEPBEFORE_START,1516300364852,181
2349,PLAYER_SLEEPBEFORE_END,1516300365296,181
2349,WS_SEND_START,1516300365296,181
2349,WS_SEND_END,1516300365296,181
2349,WS_RECV_START,1516300365296,182
2349,WS_RECV_END,1516300365411,182
2349,PLAYER_SLEEPBEFORE_START,1516300365411,183
2349,PLAYER_SLEEPBEFORE_END,1516300365934,183
2349,WS_SEND_START,1516300365934,183
2349,WS_SEND_END,1516300365934,183
2349,WS_RECV_START,1516300365934,184
2349,WS_RECV_END,1516300366241,184
2349,PLAYER_SLEEPBEFORE_START,1516300366241,185
2349,PLAYER_SLEEPBEFORE_END,1516300366509,185
2349,WS_SEND_START,1516300366509,185
2349,WS_SEND_END,1516300366509,185
2349,WS_RECV_START,1516300366509,186
2349,WS_RECV_END,1516300366841,186
2349,PLAYER_SLEEPBEFORE_START,1516300366841,187
2349,PLAYER_SLEEPBEFORE_END,1516300389341,187
2349,WS_SEND_START,1516300389341,187
2349,WS_SEND_END,1516300389341,187
2349,WS_RECV_START,1516300389341,188
2349,WS_RECV_END,1516300389508,188
2349,PLAYER_SLEEPBEFORE_START,1516300389508,189
2349,PLAYER_SLEEPBEFORE_END,1516300395747,189
2349,WS_SEND_START,1516300395747,189
2349,WS_SEND_END,1516300395747,189
2349,WS_RECV_START,1516300395747,190
2349,WS_RECV_END,1516300395902,190
2349,PLAYER_SLEEPBEFORE_START,1516300395902,191
2349,PLAYER_SLEEPBEFORE_END,1516300397817,191
2349,WS_SEND_START,1516300397817,191
2349,WS_SEND_END,1516300397817,191
2349,WS_RECV_START,1516300397817,192
2349,WS_RECV_END,1516300397973,192
2349,PLAYER_SLEEPBEFORE_START,1516300397973,193
2349,PLAYER_SLEEPBEFORE_END,1516300398101,193
2349,WS_SEND_START,1516300398101,193
2349,WS_SEND_END,1516300398101,193
2349,WS_RECV_START,1516300398101,194
2349,WS_RECV_END,1516300398213,194
2349,PLAYER_SLEEPBEFORE_START,1516300398213,195
2349,PLAYER_SLEEPBEFORE_END,1516300399968,195
2349,WS_SEND_START,1516300399968,195
2349,WS_SEND_END,1516300399968,195
2349,WS_RECV_START,1516300399968,196
2349,WS_RECV_END,1516300400069,196
2349,PLAYER_SLEEPBEFORE_START,1516300400069,197
2349,PLAYER_SLEEPBEFORE_END,1516300401873,197
2349,WS_SEND_START,1516300401873,197
2349,WS_SEND_END,1516300401873,197
2349,WS_RECV_START,1516300401873,198
2349,WS_RECV_END,1516300401976,198
2349,PLAYER_SLEEPBEFORE_START,1516300401976,199
2349,PLAYER_SLEEPBEFORE_END,1516300413830,199
2349,WS_SEND_START,1516300413830,199
2349,WS_SEND_END,1516300413830,199
2349,PLAYER_SLEEPBEFORE_START,1516300413830,200
2349,PLAYER_SLEEPBEFORE_END,1516300417918,200
2349,WS_SEND_START,1516300417918,200
2349,WS_SEND_END,1516300417918,200
2349,WS_RECV_START,1516300417918,201
2349,WS_RECV_END,1516300418001,201
2349,PLAYER_SLEEPBEFORE_START,1516300418001,202
2349,PLAYER_SLEEPBEFORE_END,1516300418015,202
2349,WS_SEND_START,1516300418015,202
2349,WS_SEND_END,1516300418015,202
2349,WS_RECV_START,1516300418015,203
2349,WS_RECV_END,1516300418151,203
2349,PLAYER_SLEEPBEFORE_START,1516300418151,204
2349,PLAYER_SLEEPBEFORE_END,1516300437800,204
2349,WS_SEND_START,1516300437800,204
2349,WS_SEND_END,1516300437800,204
2349,PLAYER_SLEEPBEFORE_START,1516300437801,205
2349,PLAYER_SLEEPBEFORE_END,1516300441699,205
2349,WS_SEND_START,1516300441699,205
2349,WS_SEND_END,1516300441699,205
2349,WS_RECV_START,1516300441699,206
2349,WS_RECV_END,1516300441891,206
2349,PLAYER_SLEEPBEFORE_START,1516300441891,207
2349,PLAYER_SLEEPBEFORE_END,1516300458822,207
2349,REQ_START,1516300458822,207
2349,REQ_END,1516300458827,207
2349,PLAYER_SLEEPBEFORE_START,1516300458827,208
2349,PLAYER_SLEEPBEFORE_END,1516300465679,208
2349,WS_CLOSE_START,1516300465679,208
2349,WS_CLOSE_END,1516300465679,208
2349,PLAYER_DONE,1516300465679
