# --sessions 2700 --app-url=http://shinyloadtest.rstudioservices.com/cran_explorer --output-dir test2700 --overwrite-output --log-level warn --start-interval 100 15min.log
thread_id,event,timestamp,input_line_number,comment
249,PLAYER_SESSION_CREATE,1516299245351
249,PLAYER_START_INTERVAL_START,1516299245351
249,PLAYER_START_INTERVAL_END,1516299270251
249,REQ_HOME_START,1516299270251,2
249,REQ_HOME_END,1516299270375,2
249,REQ_START,1516299270375,3
249,REQ_END,1516299270435,3
249,REQ_START,1516299270435,4
249,REQ_END,1516299270473,4
249,REQ_START,1516299270473,5
249,REQ_END,1516299270514,5
249,REQ_START,1516299270514,6
249,REQ_END,1516299270549,6
249,REQ_START,1516299270549,7
249,REQ_END,1516299270589,7
249,REQ_START,1516299270589,8
249,REQ_END,1516299270632,8
249,REQ_START,1516299270632,9
249,REQ_END,1516299270676,9
249,REQ_START,1516299270676,10
249,REQ_END,1516299270682,10
249,REQ_START,1516299270682,11
249,REQ_END,1516299270721,11
249,REQ_START,1516299270721,12
249,REQ_END,1516299270728,12
249,REQ_START,1516299270728,13
249,REQ_END,1516299270768,13
249,REQ_START,1516299270768,14
249,REQ_END,1516299270780,14
249,REQ_START,1516299270780,15
249,REQ_END,1516299270822,15
249,REQ_TOK_START,1516299270822,16
249,REQ_TOK_END,1516299270828,16
249,REQ_SINF_START,1516299270828,17
249,REQ_SINF_END,1516299270833,17
249,WS_OPEN_START,1516299270833,18
249,WS_OPEN_END,1516299270838,18
249,REQ_START,1516299270838,19
249,REQ_END,1516299270868,19
249,WS_RECV_START,1516299270868,20
249,WS_RECV_END,1516299270868,20
249,PLAYER_SLEEPBEFORE_START,1516299270868,21
249,PLAYER_SLEEPBEFORE_END,1516299270873,21
249,WS_SEND_START,1516299270873,21
249,WS_SEND_END,1516299270873,21
249,PLAYER_SLEEPBEFORE_START,1516299270873,22
249,PLAYER_SLEEPBEFORE_END,1516299270874,22
249,WS_SEND_START,1516299270874,22
249,WS_SEND_END,1516299270874,22
249,WS_RECV_INIT_START,1516299270875,23
249,WS_RECV_INIT_END,1516299270893,23
249,WS_RECV_START,1516299270893,24
249,WS_RECV_END,1516299270950,24
249,PLAYER_SLEEPBEFORE_START,1516299270950,25
249,PLAYER_SLEEPBEFORE_END,1516299270957,25
249,REQ_START,1516299270957,25
249,REQ_END,1516299271002,25
249,PLAYER_SLEEPBEFORE_START,1516299271002,26
249,PLAYER_SLEEPBEFORE_END,1516299271003,26
249,REQ_START,1516299271003,26
249,REQ_END,1516299271039,26
249,PLAYER_SLEEPBEFORE_START,1516299271039,27
249,PLAYER_SLEEPBEFORE_END,1516299271042,27
249,REQ_START,1516299271042,27
249,REQ_END,1516299271088,27
249,PLAYER_SLEEPBEFORE_START,1516299271088,28
249,PLAYER_SLEEPBEFORE_END,1516299271373,28
249,REQ_START,1516299271373,28
249,REQ_END,1516299271411,28
249,PLAYER_SLEEPBEFORE_START,1516299271411,29
249,PLAYER_SLEEPBEFORE_END,1516299271586,29
249,WS_SEND_START,1516299271586,29
249,WS_SEND_END,1516299271586,29
249,WS_RECV_START,1516299271586,30
249,WS_RECV_END,1516299271684,30
249,PLAYER_SLEEPBEFORE_START,1516299271684,31
249,PLAYER_SLEEPBEFORE_END,1516299271695,31
249,REQ_START,1516299271695,31
249,REQ_END,1516299271734,31
249,PLAYER_SLEEPBEFORE_START,1516299271734,32
249,PLAYER_SLEEPBEFORE_END,1516299299879,32
249,WS_SEND_START,1516299299879,32
249,WS_SEND_END,1516299299879,32
249,WS_RECV_START,1516299299879,33
249,WS_RECV_END,1516299299974,33
249,PLAYER_SLEEPBEFORE_START,1516299299974,34
249,PLAYER_SLEEPBEFORE_END,1516299325885,34
249,WS_SEND_START,1516299325885,34
249,WS_SEND_END,1516299325885,34
249,WS_RECV_START,1516299325885,35
249,WS_RECV_END,1516299325927,35
249,PLAYER_SLEEPBEFORE_START,1516299325927,36
249,PLAYER_SLEEPBEFORE_END,1516299325936,36
249,WS_SEND_START,1516299325936,36
249,WS_SEND_END,1516299325936,36
249,WS_RECV_START,1516299325936,37
249,WS_RECV_END,1516299326000,37
249,PLAYER_SLEEPBEFORE_START,1516299326000,38
249,PLAYER_SLEEPBEFORE_END,1516299329195,38
249,WS_SEND_START,1516299329195,38
249,WS_SEND_END,1516299329195,38
249,WS_RECV_START,1516299329195,39
249,WS_RECV_END,1516299329337,39
249,PLAYER_SLEEPBEFORE_START,1516299329337,40
249,PLAYER_SLEEPBEFORE_END,1516299329383,40
249,WS_SEND_START,1516299329383,40
249,WS_SEND_END,1516299329383,40
249,WS_RECV_START,1516299329383,41
249,WS_RECV_END,1516299329509,41
249,PLAYER_SLEEPBEFORE_START,1516299329509,42
249,PLAYER_SLEEPBEFORE_END,1516299347644,42
249,WS_SEND_START,1516299347644,42
249,WS_SEND_END,1516299347644,42
249,WS_RECV_START,1516299347644,43
249,WS_RECV_END,1516299347697,43
249,PLAYER_SLEEPBEFORE_START,1516299347697,44
249,PLAYER_SLEEPBEFORE_END,1516299347709,44
249,WS_SEND_START,1516299347709,44
249,WS_SEND_END,1516299347709,44
249,WS_RECV_START,1516299347709,45
249,WS_RECV_END,1516299347768,45
249,PLAYER_SLEEPBEFORE_START,1516299347768,46
249,PLAYER_SLEEPBEFORE_END,1516299349028,46
249,WS_SEND_START,1516299349028,46
249,WS_SEND_END,1516299349028,46
249,WS_RECV_START,1516299349028,47
249,WS_RECV_END,1516299349108,47
249,PLAYER_SLEEPBEFORE_START,1516299349108,48
249,PLAYER_SLEEPBEFORE_END,1516299350428,48
249,WS_SEND_START,1516299350428,48
249,WS_SEND_END,1516299350428,48
249,WS_RECV_START,1516299350428,49
249,WS_RECV_END,1516299350561,49
249,PLAYER_SLEEPBEFORE_START,1516299350561,50
249,PLAYER_SLEEPBEFORE_END,1516299350585,50
249,WS_SEND_START,1516299350585,50
249,WS_SEND_END,1516299350585,50
249,WS_RECV_START,1516299350585,51
249,WS_RECV_END,1516299350755,51
249,PLAYER_SLEEPBEFORE_START,1516299350755,52
249,PLAYER_SLEEPBEFORE_END,1516299373319,52
249,WS_SEND_START,1516299373319,52
249,WS_SEND_END,1516299373319,52
249,WS_RECV_START,1516299373319,53
249,WS_RECV_END,1516299373454,53
249,PLAYER_SLEEPBEFORE_START,1516299373454,54
249,PLAYER_SLEEPBEFORE_END,1516299394757,54
249,WS_SEND_START,1516299394757,54
249,WS_SEND_END,1516299394757,54
249,PLAYER_SLEEPBEFORE_START,1516299394757,55
249,PLAYER_SLEEPBEFORE_END,1516299396698,55
249,WS_SEND_START,1516299396698,55
249,WS_SEND_END,1516299396698,55
249,WS_RECV_START,1516299396698,56
249,WS_RECV_END,1516299396910,56
249,PLAYER_SLEEPBEFORE_START,1516299396910,57
249,PLAYER_SLEEPBEFORE_END,1516299419782,57
249,WS_SEND_START,1516299419782,57
249,WS_SEND_END,1516299419782,57
249,WS_RECV_START,1516299419782,58
249,WS_RECV_END,1516299419843,58
249,PLAYER_SLEEPBEFORE_START,1516299419843,59
249,PLAYER_SLEEPBEFORE_END,1516299422170,59
249,WS_SEND_START,1516299422170,59
249,WS_SEND_END,1516299422170,59
249,WS_RECV_START,1516299422170,60
249,WS_RECV_END,1516299422255,60
249,PLAYER_SLEEPBEFORE_START,1516299422255,61
249,PLAYER_SLEEPBEFORE_END,1516299425846,61
249,WS_SEND_START,1516299425846,61
249,WS_SEND_END,1516299425846,61
249,WS_RECV_START,1516299425846,62
249,WS_RECV_END,1516299425967,62
249,PLAYER_SLEEPBEFORE_START,1516299425967,63
249,PLAYER_SLEEPBEFORE_END,1516299445229,63
249,WS_SEND_START,1516299445229,63
249,WS_SEND_END,1516299445229,63
249,WS_RECV_START,1516299445229,64
249,WS_RECV_END,1516299445348,64
249,PLAYER_SLEEPBEFORE_START,1516299445348,65
249,PLAYER_SLEEPBEFORE_END,1516299472166,65
249,WS_SEND_START,1516299472166,65
249,WS_SEND_END,1516299472166,65
249,WS_RECV_START,1516299472166,66
249,WS_RECV_END,1516299472537,66
249,PLAYER_SLEEPBEFORE_START,1516299472537,67
249,PLAYER_SLEEPBEFORE_END,1516299474044,67
249,WS_SEND_START,1516299474044,67
249,WS_SEND_END,1516299474044,67
249,WS_RECV_START,1516299474044,68
249,WS_RECV_END,1516299474349,68
249,PLAYER_SLEEPBEFORE_START,1516299474349,69
249,PLAYER_SLEEPBEFORE_END,1516299496347,69
249,WS_SEND_START,1516299496347,69
249,WS_SEND_END,1516299496347,69
249,WS_RECV_START,1516299496347,70
249,WS_RECV_END,1516299496648,70
249,PLAYER_SLEEPBEFORE_START,1516299496648,71
249,PLAYER_SLEEPBEFORE_END,1516299521423,71
249,WS_SEND_START,1516299521423,71
249,WS_SEND_END,1516299521423,71
249,PLAYER_SLEEPBEFORE_START,1516299521423,72
249,PLAYER_SLEEPBEFORE_END,1516299524030,72
249,WS_SEND_START,1516299524030,72
249,WS_SEND_END,1516299524030,72
249,WS_RECV_START,1516299524030,73
249,WS_RECV_END,1516299524351,73
249,PLAYER_SLEEPBEFORE_START,1516299524351,74
249,PLAYER_SLEEPBEFORE_END,1516299524360,74
249,WS_SEND_START,1516299524360,74
249,WS_SEND_END,1516299524360,74
249,WS_RECV_START,1516299524360,75
249,WS_RECV_END,1516299524505,75
249,PLAYER_SLEEPBEFORE_START,1516299524505,76
249,PLAYER_SLEEPBEFORE_END,1516299526011,76
249,WS_SEND_START,1516299526012,76
249,WS_SEND_END,1516299526012,76
249,WS_RECV_START,1516299526012,77
249,WS_RECV_END,1516299526093,77
249,PLAYER_SLEEPBEFORE_START,1516299526093,78
249,PLAYER_SLEEPBEFORE_END,1516299526961,78
249,WS_SEND_START,1516299526961,78
249,WS_SEND_END,1516299526961,78
249,WS_RECV_START,1516299526961,79
249,WS_RECV_END,1516299527641,79
249,PLAYER_SLEEPBEFORE_START,1516299527641,80
249,PLAYER_SLEEPBEFORE_END,1516299535308,80
249,WS_SEND_START,1516299535308,80
249,WS_SEND_END,1516299535308,80
249,WS_RECV_START,1516299535308,81
249,WS_RECV_END,1516299535756,81
249,PLAYER_SLEEPBEFORE_START,1516299535756,82
249,PLAYER_SLEEPBEFORE_END,1516299536858,82
249,WS_SEND_START,1516299536858,82
249,WS_SEND_END,1516299536858,82
249,WS_RECV_START,1516299536859,83
249,WS_RECV_END,1516299537310,83
249,PLAYER_SLEEPBEFORE_START,1516299537310,84
249,PLAYER_SLEEPBEFORE_END,1516299538257,84
249,WS_SEND_START,1516299538257,84
249,WS_SEND_END,1516299538258,84
249,WS_RECV_START,1516299538258,85
249,WS_RECV_END,1516299538751,85
249,PLAYER_SLEEPBEFORE_START,1516299538751,86
249,PLAYER_SLEEPBEFORE_END,1516299542924,86
249,WS_SEND_START,1516299542924,86
249,WS_SEND_END,1516299542924,86
249,WS_RECV_START,1516299542924,87
249,WS_RECV_END,1516299543723,87
249,PLAYER_SLEEPBEFORE_START,1516299543723,88
249,PLAYER_SLEEPBEFORE_END,1516299543732,88
249,WS_SEND_START,1516299543732,88
249,WS_SEND_END,1516299543732,88
249,WS_RECV_START,1516299543732,89
249,WS_RECV_END,1516299543900,89
249,PLAYER_SLEEPBEFORE_START,1516299543900,90
249,PLAYER_SLEEPBEFORE_END,1516299571097,90
249,REQ_START,1516299571097,90
249,REQ_END,1516299571102,90
249,PLAYER_SLEEPBEFORE_START,1516299571102,91
249,PLAYER_SLEEPBEFORE_END,1516299578991,91
249,WS_SEND_START,1516299578991,91
249,WS_SEND_END,1516299578991,91
249,WS_RECV_START,1516299578991,92
249,WS_RECV_END,1516299580423,92
249,PLAYER_SLEEPBEFORE_START,1516299580423,93
249,PLAYER_SLEEPBEFORE_END,1516299580438,93
249,WS_SEND_START,1516299580438,93
249,WS_SEND_END,1516299580438,93
249,WS_RECV_START,1516299580438,94
249,WS_RECV_END,1516299581289,94
249,PLAYER_SLEEPBEFORE_START,1516299581289,95
249,PLAYER_SLEEPBEFORE_END,1516299604844,95
249,WS_SEND_START,1516299604844,95
249,WS_SEND_END,1516299604844,95
249,WS_RECV_START,1516299604844,96
249,WS_RECV_END,1516299605738,96
249,PLAYER_SLEEPBEFORE_START,1516299605738,97
249,PLAYER_SLEEPBEFORE_END,1516299628178,97
249,WS_SEND_START,1516299628178,97
249,WS_SEND_END,1516299628178,97
249,WS_RECV_START,1516299628178,98
249,WS_RECV_END,1516299630414,98
249,PLAYER_SLEEPBEFORE_START,1516299630414,99
249,PLAYER_SLEEPBEFORE_END,1516299630435,99
249,WS_SEND_START,1516299630435,99
249,WS_SEND_END,1516299630435,99
249,WS_RECV_START,1516299630435,100
249,WS_RECV_END,1516299631360,100
249,PLAYER_SLEEPBEFORE_START,1516299631360,101
249,PLAYER_SLEEPBEFORE_END,1516299654919,101
249,WS_SEND_START,1516299654919,101
249,WS_SEND_END,1516299654919,101
249,WS_RECV_START,1516299654919,102
249,WS_RECV_END,1516299655986,102
249,PLAYER_SLEEPBEFORE_START,1516299655986,103
249,PLAYER_SLEEPBEFORE_END,1516299679611,103
249,WS_SEND_START,1516299679611,103
249,WS_SEND_END,1516299679611,103
249,WS_RECV_START,1516299679611,104
249,WS_RECV_END,1516299680936,104
249,PLAYER_SLEEPBEFORE_START,1516299680936,105
249,PLAYER_SLEEPBEFORE_END,1516299706313,105
249,WS_SEND_START,1516299706313,105
249,WS_SEND_END,1516299706313,105
249,WS_RECV_START,1516299706313,106
249,WS_RECV_END,1516299706555,106
249,PLAYER_SLEEPBEFORE_START,1516299706555,107
249,PLAYER_SLEEPBEFORE_END,1516299729978,107
249,WS_SEND_START,1516299729978,107
249,WS_SEND_END,1516299729978,107
249,WS_RECV_START,1516299729978,108
249,WS_RECV_END,1516299730545,108
249,PLAYER_SLEEPBEFORE_START,1516299730545,109
249,PLAYER_SLEEPBEFORE_END,1516299730554,109
249,WS_SEND_START,1516299730554,109
249,WS_SEND_END,1516299730554,109
249,WS_RECV_START,1516299730554,110
249,WS_RECV_END,1516299730598,110
249,PLAYER_SLEEPBEFORE_START,1516299730598,111
249,PLAYER_SLEEPBEFORE_END,1516299731557,111
249,WS_SEND_START,1516299731557,111
249,WS_SEND_END,1516299731557,111
249,WS_RECV_START,1516299731557,112
249,WS_RECV_END,1516299732104,112
249,PLAYER_SLEEPBEFORE_START,1516299732104,113
249,PLAYER_SLEEPBEFORE_END,1516299732666,113
249,WS_SEND_START,1516299732666,113
249,WS_SEND_END,1516299732666,113
249,WS_RECV_START,1516299732666,114
249,WS_RECV_END,1516299734270,114
249,PLAYER_SLEEPBEFORE_START,1516299734270,115
249,PLAYER_SLEEPBEFORE_END,1516299734279,115
249,WS_SEND_START,1516299734279,115
249,WS_SEND_END,1516299734279,115
249,WS_RECV_START,1516299734279,116
249,WS_RECV_END,1516299734927,116
249,PLAYER_SLEEPBEFORE_START,1516299734927,117
249,PLAYER_SLEEPBEFORE_END,1516299755288,117
249,WS_SEND_START,1516299755288,117
249,WS_SEND_END,1516299755288,117
249,PLAYER_SLEEPBEFORE_START,1516299755288,118
249,PLAYER_SLEEPBEFORE_END,1516299759040,118
249,WS_SEND_START,1516299759040,118
249,WS_SEND_END,1516299759040,118
249,WS_RECV_START,1516299759040,119
249,WS_RECV_END,1516299763553,119
249,PLAYER_SLEEPBEFORE_START,1516299763553,120
249,PLAYER_SLEEPBEFORE_END,1516299764541,120
249,WS_SEND_START,1516299764541,120
249,WS_SEND_END,1516299764541,120
249,WS_RECV_START,1516299764541,121
249,WS_RECV_END,1516299765932,121
249,PLAYER_SLEEPBEFORE_START,1516299765932,122
249,PLAYER_SLEEPBEFORE_END,1516299767117,122
249,WS_SEND_START,1516299767117,122
249,WS_SEND_END,1516299767117,122
249,WS_RECV_START,1516299767117,123
249,WS_RECV_END,1516299767813,123
249,PLAYER_SLEEPBEFORE_START,1516299767813,124
249,PLAYER_SLEEPBEFORE_END,1516299792218,124
249,WS_SEND_START,1516299792218,124
249,WS_SEND_END,1516299792218,124
249,WS_RECV_START,1516299792218,125
249,WS_RECV_END,1516299794325,125
249,PLAYER_SLEEPBEFORE_START,1516299794325,126
249,PLAYER_SLEEPBEFORE_END,1516299814837,126
249,WS_SEND_START,1516299814837,126
249,WS_SEND_END,1516299814837,126
249,PLAYER_SLEEPBEFORE_START,1516299814837,127
249,PLAYER_SLEEPBEFORE_END,1516299817892,127
249,WS_SEND_START,1516299817892,127
249,WS_SEND_END,1516299817892,127
249,WS_RECV_START,1516299817892,128
249,WS_RECV_END,1516299819848,128
249,PLAYER_SLEEPBEFORE_START,1516299819848,129
249,PLAYER_SLEEPBEFORE_END,1516299819868,129
249,WS_SEND_START,1516299819868,129
249,WS_SEND_END,1516299819868,129
249,WS_RECV_START,1516299819868,130
249,WS_RECV_END,1516299821433,130
249,PLAYER_SLEEPBEFORE_START,1516299821433,131
249,PLAYER_SLEEPBEFORE_END,1516299843058,131
249,WS_SEND_START,1516299843058,131
249,WS_SEND_END,1516299843058,131
249,PLAYER_SLEEPBEFORE_START,1516299843058,132
249,PLAYER_SLEEPBEFORE_END,1516299846138,132
249,WS_SEND_START,1516299846138,132
249,WS_SEND_END,1516299846138,132
249,WS_RECV_START,1516299846138,133
249,WS_RECV_END,1516299847201,133
249,PLAYER_SLEEPBEFORE_START,1516299847201,134
249,PLAYER_SLEEPBEFORE_END,1516299868418,134
249,WS_SEND_START,1516299868418,134
249,WS_SEND_END,1516299868418,134
249,PLAYER_SLEEPBEFORE_START,1516299868418,135
249,PLAYER_SLEEPBEFORE_END,1516299871608,135
249,WS_SEND_START,1516299871608,135
249,WS_SEND_END,1516299871608,135
249,WS_RECV_START,1516299871608,136
249,WS_RECV_END,1516299873888,136
249,PLAYER_SLEEPBEFORE_START,1516299873888,137
249,PLAYER_SLEEPBEFORE_END,1516299873895,137
249,WS_SEND_START,1516299873895,137
249,WS_SEND_END,1516299873895,137
249,WS_RECV_START,1516299873895,138
249,WS_RECV_END,1516299877010,138
249,PLAYER_SLEEPBEFORE_START,1516299877010,139
249,PLAYER_SLEEPBEFORE_END,1516299877701,139
249,WS_SEND_START,1516299877701,139
249,WS_SEND_END,1516299877701,139
249,WS_RECV_START,1516299877701,140
249,WS_RECV_END,1516299880682,140
249,PLAYER_SLEEPBEFORE_START,1516299880682,141
249,PLAYER_SLEEPBEFORE_END,1516299881337,141
249,WS_SEND_START,1516299881337,141
249,WS_SEND_END,1516299881337,141
249,WS_RECV_START,1516299881337,142
249,WS_RECV_END,1516299885573,142
249,PLAYER_SLEEPBEFORE_START,1516299885573,143
249,PLAYER_SLEEPBEFORE_END,1516299885630,143
249,WS_SEND_START,1516299885630,143
249,WS_SEND_END,1516299885630,143
249,WS_RECV_START,1516299885630,144
249,WS_RECV_END,1516299889492,144
249,PLAYER_SLEEPBEFORE_START,1516299889492,145
249,PLAYER_SLEEPBEFORE_END,1516299905554,145
249,REQ_START,1516299905554,145
249,REQ_END,1516299905559,145
249,PLAYER_SLEEPBEFORE_START,1516299905559,146
249,PLAYER_SLEEPBEFORE_END,1516299914436,146
249,WS_SEND_START,1516299914436,146
249,WS_SEND_END,1516299914436,146
249,WS_RECV_START,1516299914436,147
249,WS_RECV_END,1516299915539,147
249,PLAYER_SLEEPBEFORE_START,1516299915539,148
249,PLAYER_SLEEPBEFORE_END,1516299937461,148
249,WS_SEND_START,1516299937461,148
249,WS_SEND_END,1516299937461,148
249,PLAYER_SLEEPBEFORE_START,1516299937461,149
249,PLAYER_SLEEPBEFORE_END,1516299939889,149
249,WS_SEND_START,1516299939889,149
249,WS_SEND_END,1516299939889,149
249,WS_RECV_START,1516299939889,150
249,WS_RECV_END,1516299941680,150
249,PLAYER_SLEEPBEFORE_START,1516299941680,151
249,PLAYER_SLEEPBEFORE_END,1516299941890,151
249,WS_SEND_START,1516299941890,151
249,WS_SEND_END,1516299941890,151
249,WS_RECV_START,1516299941890,152
249,WS_RECV_END,1516299943175,152
249,PLAYER_SLEEPBEFORE_START,1516299943175,153
249,PLAYER_SLEEPBEFORE_END,1516299967102,153
249,WS_SEND_START,1516299967102,153
249,WS_SEND_END,1516299967102,153
249,WS_RECV_START,1516299967102,154
249,WS_RECV_END,1516299967539,154
249,PLAYER_SLEEPBEFORE_START,1516299967539,155
249,PLAYER_SLEEPBEFORE_END,1516299990097,155
249,WS_SEND_START,1516299990097,155
249,WS_SEND_END,1516299990097,155
249,PLAYER_SLEEPBEFORE_START,1516299990097,156
249,PLAYER_SLEEPBEFORE_END,1516299993371,156
249,WS_SEND_START,1516299993371,156
249,WS_SEND_END,1516299993371,156
249,WS_RECV_START,1516299993371,157
249,WS_RECV_END,1516299995381,157
249,PLAYER_SLEEPBEFORE_START,1516299995381,158
249,PLAYER_SLEEPBEFORE_END,1516299995392,158
249,WS_SEND_START,1516299995392,158
249,WS_SEND_END,1516299995392,158
249,WS_RECV_START,1516299995392,159
249,WS_RECV_END,1516299998287,159
249,PLAYER_SLEEPBEFORE_START,1516299998287,160
249,PLAYER_SLEEPBEFORE_END,1516299998462,160
249,WS_SEND_START,1516299998462,160
249,WS_SEND_END,1516299998462,160
249,WS_RECV_START,1516299998462,161
249,WS_RECV_END,1516300001951,161
249,PLAYER_SLEEPBEFORE_START,1516300001951,162
249,PLAYER_SLEEPBEFORE_END,1516300001976,162
249,WS_SEND_START,1516300001976,162
249,WS_SEND_END,1516300001976,162
249,WS_RECV_START,1516300001976,163
249,WS_RECV_END,1516300005515,163
249,PLAYER_SLEEPBEFORE_START,1516300005515,164
249,PLAYER_SLEEPBEFORE_END,1516300026327,164
249,WS_SEND_START,1516300026327,164
249,WS_SEND_END,1516300026327,164
249,WS_RECV_START,1516300026327,165
249,WS_RECV_END,1516300028558,165
249,PLAYER_SLEEPBEFORE_START,1516300028558,166
249,PLAYER_SLEEPBEFORE_END,1516300051014,166
249,WS_SEND_START,1516300051014,166
249,WS_SEND_END,1516300051014,166
249,WS_RECV_START,1516300051014,167
249,WS_RECV_END,1516300052952,167
249,PLAYER_SLEEPBEFORE_START,1516300052952,168
249,PLAYER_SLEEPBEFORE_END,1516300080309,168
249,WS_SEND_START,1516300080309,168
249,WS_SEND_END,1516300080309,168
249,WS_RECV_START,1516300080309,169
249,WS_RECV_END,1516300080739,169
249,PLAYER_SLEEPBEFORE_START,1516300080739,170
249,PLAYER_SLEEPBEFORE_END,1516300080748,170
249,WS_SEND_START,1516300080748,170
249,WS_SEND_END,1516300080749,170
249,WS_RECV_START,1516300080749,171
249,WS_RECV_END,1516300081155,171
249,PLAYER_SLEEPBEFORE_START,1516300081155,172
249,PLAYER_SLEEPBEFORE_END,1516300081524,172
249,WS_SEND_START,1516300081524,172
249,WS_SEND_END,1516300081524,172
249,WS_RECV_START,1516300081524,173
249,WS_RECV_END,1516300081803,173
249,PLAYER_SLEEPBEFORE_START,1516300081803,174
249,PLAYER_SLEEPBEFORE_END,1516300081844,174
249,WS_SEND_START,1516300081844,174
249,WS_SEND_END,1516300081844,174
249,WS_RECV_START,1516300081844,175
249,WS_RECV_END,1516300082552,175
249,PLAYER_SLEEPBEFORE_START,1516300082552,176
249,PLAYER_SLEEPBEFORE_END,1516300104313,176
249,WS_SEND_START,1516300104313,176
249,WS_SEND_END,1516300104314,176
249,PLAYER_SLEEPBEFORE_START,1516300104314,177
249,PLAYER_SLEEPBEFORE_END,1516300106832,177
249,WS_SEND_START,1516300106832,177
249,WS_SEND_END,1516300106832,177
249,WS_RECV_START,1516300106832,178
249,WS_RECV_END,1516300107677,178
249,PLAYER_SLEEPBEFORE_START,1516300107677,179
249,PLAYER_SLEEPBEFORE_END,1516300130017,179
249,WS_SEND_START,1516300130017,179
249,WS_SEND_END,1516300130017,179
249,WS_RECV_START,1516300130017,180
249,WS_RECV_END,1516300131862,180
249,PLAYER_SLEEPBEFORE_START,1516300131862,181
249,PLAYER_SLEEPBEFORE_END,1516300132306,181
249,WS_SEND_START,1516300132306,181
249,WS_SEND_END,1516300132307,181
249,WS_RECV_START,1516300132307,182
249,WS_RECV_END,1516300134779,182
249,PLAYER_SLEEPBEFORE_START,1516300134779,183
249,PLAYER_SLEEPBEFORE_END,1516300135302,183
249,WS_SEND_START,1516300135302,183
249,WS_SEND_END,1516300135302,183
249,WS_RECV_START,1516300135302,184
249,WS_RECV_END,1516300137719,184
249,PLAYER_SLEEPBEFORE_START,1516300137719,185
249,PLAYER_SLEEPBEFORE_END,1516300137987,185
249,WS_SEND_START,1516300137987,185
249,WS_SEND_END,1516300137987,185
249,WS_RECV_START,1516300137987,186
249,WS_RECV_END,1516300138680,186
249,PLAYER_SLEEPBEFORE_START,1516300138680,187
249,PLAYER_SLEEPBEFORE_END,1516300161180,187
249,WS_SEND_START,1516300161180,187
249,WS_SEND_END,1516300161180,187
249,WS_RECV_START,1516300161180,188
249,WS_RECV_END,1516300165653,188
249,PLAYER_SLEEPBEFORE_START,1516300165653,189
249,PLAYER_SLEEPBEFORE_END,1516300171893,189
249,WS_SEND_START,1516300171893,189
249,WS_SEND_END,1516300171893,189
249,WS_RECV_START,1516300171893,190
249,WS_RECV_END,1516300175105,190
249,PLAYER_SLEEPBEFORE_START,1516300175105,191
249,PLAYER_SLEEPBEFORE_END,1516300177020,191
249,WS_SEND_START,1516300177020,191
249,WS_SEND_END,1516300177020,191
249,WS_RECV_START,1516300177020,192
249,WS_RECV_END,1516300179426,192
249,PLAYER_SLEEPBEFORE_START,1516300179426,193
249,PLAYER_SLEEPBEFORE_END,1516300179554,193
249,WS_SEND_START,1516300179554,193
249,WS_SEND_END,1516300179554,193
249,WS_RECV_START,1516300179554,194
249,WS_RECV_END,1516300182074,194
249,PLAYER_SLEEPBEFORE_START,1516300182074,195
249,PLAYER_SLEEPBEFORE_END,1516300183829,195
249,WS_SEND_START,1516300183829,195
249,WS_SEND_END,1516300183829,195
249,WS_RECV_START,1516300183829,196
249,WS_RECV_END,1516300185047,196
249,PLAYER_SLEEPBEFORE_START,1516300185047,197
249,PLAYER_SLEEPBEFORE_END,1516300186851,197
249,WS_SEND_START,1516300186851,197
249,WS_SEND_END,1516300186851,197
249,WS_RECV_START,1516300186851,198
249,WS_RECV_END,1516300187808,198
249,PLAYER_SLEEPBEFORE_START,1516300187808,199
249,PLAYER_SLEEPBEFORE_END,1516300199662,199
249,WS_SEND_START,1516300199662,199
249,WS_SEND_END,1516300199662,199
249,PLAYER_SLEEPBEFORE_START,1516300199662,200
249,PLAYER_SLEEPBEFORE_END,1516300203750,200
249,WS_SEND_START,1516300203750,200
249,WS_SEND_END,1516300203750,200
249,WS_RECV_START,1516300203750,201
249,WS_RECV_END,1516300204351,201
249,PLAYER_SLEEPBEFORE_START,1516300204351,202
249,PLAYER_SLEEPBEFORE_END,1516300204365,202
249,WS_SEND_START,1516300204365,202
249,WS_SEND_END,1516300204365,202
249,WS_RECV_START,1516300204365,203
249,WS_RECV_END,1516300206995,203
249,PLAYER_SLEEPBEFORE_START,1516300206995,204
249,PLAYER_SLEEPBEFORE_END,1516300226644,204
249,WS_SEND_START,1516300226644,204
249,WS_SEND_END,1516300226644,204
249,PLAYER_SLEEPBEFORE_START,1516300226644,205
249,PLAYER_SLEEPBEFORE_END,1516300230542,205
249,WS_SEND_START,1516300230542,205
249,WS_SEND_END,1516300230542,205
249,WS_RECV_START,1516300230542,206
249,WS_RECV_END,1516300232073,206
249,PLAYER_SLEEPBEFORE_START,1516300232073,207
249,PLAYER_SLEEPBEFORE_END,1516300249004,207
249,REQ_START,1516300249004,207
249,REQ_END,1516300249017,207
249,PLAYER_SLEEPBEFORE_START,1516300249017,208
249,PLAYER_SLEEPBEFORE_END,1516300255869,208
249,WS_CLOSE_START,1516300255869,208
249,WS_CLOSE_END,1516300255869,208
249,PLAYER_DONE,1516300255869
