# --sessions 2700 --app-url=http://shinyloadtest.rstudioservices.com/cran_explorer --output-dir test2700 --overwrite-output --log-level warn --start-interval 100 15min.log
thread_id,event,timestamp,input_line_number,comment
2524,PLAYER_SESSION_CREATE,1516299246282
2524,PLAYER_START_INTERVAL_START,1516299246282
2524,PLAYER_START_INTERVAL_END,1516299498682
2524,REQ_HOME_START,1516299498682,2
2524,REQ_HOME_END,1516299499439,2
2524,REQ_START,1516299499439,3
2524,REQ_END,1516299501579,3
2524,REQ_START,1516299501579,4
2524,REQ_END,1516299503607,4
2524,REQ_START,1516299503607,5
2524,REQ_END,1516299504146,5
2524,REQ_START,1516299504146,6
2524,REQ_END,1516299504809,6
2524,REQ_START,1516299504809,7
2524,REQ_END,1516299505578,7
2524,REQ_START,1516299505578,8
2524,REQ_END,1516299506255,8
2524,REQ_START,1516299506255,9
2524,REQ_END,1516299506534,9
2524,REQ_START,1516299506534,10
2524,REQ_END,1516299506545,10
2524,REQ_START,1516299506545,11
2524,REQ_END,1516299506820,11
2524,REQ_START,1516299506820,12
2524,REQ_END,1516299506831,12
2524,REQ_START,1516299506831,13
2524,REQ_END,1516299506927,13
2524,REQ_START,1516299506927,14
2524,REQ_END,1516299506945,14
2524,REQ_START,1516299506945,15
2524,REQ_END,1516299507038,15
2524,REQ_TOK_START,1516299507038,16
2524,REQ_TOK_END,1516299507045,16
2524,REQ_SINF_START,1516299507045,17
2524,REQ_SINF_END,1516299507052,17
2524,WS_OPEN_START,1516299507052,18
2524,WS_OPEN_END,1516299507058,18
2524,REQ_START,1516299507058,19
2524,REQ_END,1516299507271,19
2524,WS_RECV_START,1516299507271,20
2524,WS_RECV_END,1516299507271,20
2524,PLAYER_SLEEPBEFORE_START,1516299507271,21
2524,PLAYER_SLEEPBEFORE_END,1516299507276,21
2524,WS_SEND_START,1516299507276,21
2524,WS_SEND_END,1516299507276,21
2524,PLAYER_SLEEPBEFORE_START,1516299507276,22
2524,PLAYER_SLEEPBEFORE_END,1516299507277,22
2524,WS_SEND_START,1516299507277,22
2524,WS_SEND_END,1516299507278,22
2524,WS_RECV_INIT_START,1516299507278,23
2524,WS_RECV_INIT_END,1516299507577,23
2524,WS_RECV_START,1516299507577,24
2524,WS_RECV_END,1516299507666,24
2524,PLAYER_SLEEPBEFORE_START,1516299507666,25
2524,PLAYER_SLEEPBEFORE_END,1516299507673,25
2524,REQ_START,1516299507673,25
2524,REQ_END,1516299509010,25
2524,PLAYER_SLEEPBEFORE_START,1516299509010,26
2524,PLAYER_SLEEPBEFORE_END,1516299509011,26
2524,REQ_START,1516299509011,26
2524,REQ_END,1516299510509,26
2524,PLAYER_SLEEPBEFORE_START,1516299510509,27
2524,PLAYER_SLEEPBEFORE_END,1516299510512,27
2524,REQ_START,1516299510512,27
2524,REQ_END,1516299511056,27
2524,PLAYER_SLEEPBEFORE_START,1516299511056,28
2524,PLAYER_SLEEPBEFORE_END,1516299511341,28
2524,REQ_START,1516299511341,28
2524,REQ_END,1516299512550,28
2524,PLAYER_SLEEPBEFORE_START,1516299512550,29
2524,PLAYER_SLEEPBEFORE_END,1516299512725,29
2524,WS_SEND_START,1516299512725,29
2524,WS_SEND_END,1516299512725,29
2524,WS_RECV_START,1516299512725,30
2524,WS_RECV_END,1516299513355,30
2524,PLAYER_SLEEPBEFORE_START,1516299513355,31
2524,PLAYER_SLEEPBEFORE_END,1516299513366,31
2524,REQ_START,1516299513366,31
2524,REQ_END,1516299515057,31
2524,PLAYER_SLEEPBEFORE_START,1516299515057,32
2524,PLAYER_SLEEPBEFORE_END,1516299543202,32
2524,WS_SEND_START,1516299543202,32
2524,WS_SEND_END,1516299543202,32
2524,WS_RECV_START,1516299543202,33
2524,WS_RECV_END,1516299545124,33
2524,PLAYER_SLEEPBEFORE_START,1516299545124,34
2524,PLAYER_SLEEPBEFORE_END,1516299571035,34
2524,WS_SEND_START,1516299571035,34
2524,WS_SEND_END,1516299571035,34
2524,WS_RECV_START,1516299571035,35
2524,WS_RECV_END,1516299573003,35
2524,PLAYER_SLEEPBEFORE_START,1516299573003,36
2524,PLAYER_SLEEPBEFORE_END,1516299573013,36
2524,WS_SEND_START,1516299573013,36
2524,WS_SEND_END,1516299573013,36
2524,WS_RECV_START,1516299573013,37
2524,WS_RECV_END,1516299573589,37
2524,PLAYER_SLEEPBEFORE_START,1516299573589,38
2524,PLAYER_SLEEPBEFORE_END,1516299576784,38
2524,WS_SEND_START,1516299576784,38
2524,WS_SEND_END,1516299576784,38
2524,WS_RECV_START,1516299576784,39
2524,WS_RECV_END,1516299578977,39
2524,PLAYER_SLEEPBEFORE_START,1516299578977,40
2524,PLAYER_SLEEPBEFORE_END,1516299579024,40
2524,WS_SEND_START,1516299579024,40
2524,WS_SEND_END,1516299579024,40
2524,WS_RECV_START,1516299579024,41
2524,WS_RECV_END,1516299580521,41
2524,PLAYER_SLEEPBEFORE_START,1516299580521,42
2524,PLAYER_SLEEPBEFORE_END,1516299598656,42
2524,WS_SEND_START,1516299598656,42
2524,WS_SEND_END,1516299598656,42
2524,WS_RECV_START,1516299598656,43
2524,WS_RECV_END,1516299599490,43
2524,PLAYER_SLEEPBEFORE_START,1516299599490,44
2524,PLAYER_SLEEPBEFORE_END,1516299599502,44
2524,WS_SEND_START,1516299599502,44
2524,WS_SEND_END,1516299599502,44
2524,WS_RECV_START,1516299599502,45
2524,WS_RECV_END,1516299599700,45
2524,PLAYER_SLEEPBEFORE_START,1516299599700,46
2524,PLAYER_SLEEPBEFORE_END,1516299600960,46
2524,WS_SEND_START,1516299600960,46
2524,WS_SEND_END,1516299600960,46
2524,WS_RECV_START,1516299600960,47
2524,WS_RECV_END,1516299602286,47
2524,PLAYER_SLEEPBEFORE_START,1516299602286,48
2524,PLAYER_SLEEPBEFORE_END,1516299603606,48
2524,WS_SEND_START,1516299603606,48
2524,WS_SEND_END,1516299603606,48
2524,WS_RECV_START,1516299603606,49
2524,WS_RECV_END,1516299604713,49
2524,PLAYER_SLEEPBEFORE_START,1516299604713,50
2524,PLAYER_SLEEPBEFORE_END,1516299604737,50
2524,WS_SEND_START,1516299604737,50
2524,WS_SEND_END,1516299604737,50
2524,WS_RECV_START,1516299604737,51
2524,WS_RECV_END,1516299605634,51
2524,PLAYER_SLEEPBEFORE_START,1516299605634,52
2524,PLAYER_SLEEPBEFORE_END,1516299628199,52
2524,WS_SEND_START,1516299628199,52
2524,WS_SEND_END,1516299628199,52
2524,WS_RECV_START,1516299628199,53
2524,WS_RECV_END,1516299628968,53
2524,PLAYER_SLEEPBEFORE_START,1516299628968,54
2524,PLAYER_SLEEPBEFORE_END,1516299650271,54
2524,WS_SEND_START,1516299650271,54
2524,WS_SEND_END,1516299650271,54
2524,PLAYER_SLEEPBEFORE_START,1516299650271,55
2524,PLAYER_SLEEPBEFORE_END,1516299652212,55
2524,WS_SEND_START,1516299652212,55
2524,WS_SEND_END,1516299652212,55
2524,WS_RECV_START,1516299652212,56
2524,WS_RECV_END,1516299652450,56
2524,PLAYER_SLEEPBEFORE_START,1516299652450,57
2524,PLAYER_SLEEPBEFORE_END,1516299675322,57
2524,WS_SEND_START,1516299675322,57
2524,WS_SEND_END,1516299675322,57
2524,WS_RECV_START,1516299675322,58
2524,WS_RECV_END,1516299676270,58
2524,PLAYER_SLEEPBEFORE_START,1516299676270,59
2524,PLAYER_SLEEPBEFORE_END,1516299678597,59
2524,WS_SEND_START,1516299678597,59
2524,WS_SEND_END,1516299678597,59
2524,WS_RECV_START,1516299678597,60
2524,WS_RECV_END,1516299678777,60
2524,PLAYER_SLEEPBEFORE_START,1516299678777,61
2524,PLAYER_SLEEPBEFORE_END,1516299682368,61
2524,WS_SEND_START,1516299682368,61
2524,WS_SEND_END,1516299682368,61
2524,WS_RECV_START,1516299682368,62
2524,WS_RECV_END,1516299683444,62
2524,PLAYER_SLEEPBEFORE_START,1516299683444,63
2524,PLAYER_SLEEPBEFORE_END,1516299702706,63
2524,WS_SEND_START,1516299702706,63
2524,WS_SEND_END,1516299702707,63
2524,WS_RECV_START,1516299702707,64
2524,WS_RECV_END,1516299703630,64
2524,PLAYER_SLEEPBEFORE_START,1516299703630,65
2524,PLAYER_SLEEPBEFORE_END,1516299730448,65
2524,WS_SEND_START,1516299730448,65
2524,WS_SEND_END,1516299730448,65
2524,WS_RECV_START,1516299730448,66
2524,WS_RECV_END,1516299733177,66
2524,PLAYER_SLEEPBEFORE_START,1516299733177,67
2524,PLAYER_SLEEPBEFORE_END,1516299734685,67
2524,WS_SEND_START,1516299734685,67
2524,WS_SEND_END,1516299734685,67
2524,WS_RECV_START,1516299734685,68
2524,WS_RECV_END,1516299738152,68
2524,PLAYER_SLEEPBEFORE_START,1516299738152,69
2524,PLAYER_SLEEPBEFORE_END,1516299760150,69
2524,WS_SEND_START,1516299760150,69
2524,WS_SEND_END,1516299760150,69
2524,WS_RECV_START,1516299760150,70
2524,WS_RECV_END,1516299763345,70
2524,PLAYER_SLEEPBEFORE_START,1516299763345,71
2524,PLAYER_SLEEPBEFORE_END,1516299788120,71
2524,WS_SEND_START,1516299788120,71
2524,WS_SEND_END,1516299788120,71
2524,PLAYER_SLEEPBEFORE_START,1516299788120,72
2524,PLAYER_SLEEPBEFORE_END,1516299790728,72
2524,WS_SEND_START,1516299790728,72
2524,WS_SEND_END,1516299790728,72
2524,WS_RECV_START,1516299790728,73
2524,WS_RECV_END,1516299790968,73
2524,PLAYER_SLEEPBEFORE_START,1516299790968,74
2524,PLAYER_SLEEPBEFORE_END,1516299790978,74
2524,WS_SEND_START,1516299790978,74
2524,WS_SEND_END,1516299790978,74
2524,WS_RECV_START,1516299790978,75
2524,WS_RECV_END,1516299792378,75
2524,PLAYER_SLEEPBEFORE_START,1516299792378,76
2524,PLAYER_SLEEPBEFORE_END,1516299793884,76
2524,WS_SEND_START,1516299793884,76
2524,WS_SEND_END,1516299793884,76
2524,WS_RECV_START,1516299793884,77
2524,WS_RECV_END,1516299797546,77
2524,PLAYER_SLEEPBEFORE_START,1516299797546,78
2524,PLAYER_SLEEPBEFORE_END,1516299798414,78
2524,WS_SEND_START,1516299798414,78
2524,WS_SEND_END,1516299798414,78
2524,WS_RECV_START,1516299798414,79
2524,WS_RECV_END,1516299799535,79
2524,PLAYER_SLEEPBEFORE_START,1516299799535,80
2524,PLAYER_SLEEPBEFORE_END,1516299807201,80
2524,WS_SEND_START,1516299807201,80
2524,WS_SEND_END,1516299807201,80
2524,WS_RECV_START,1516299807201,81
2524,WS_RECV_END,1516299808880,81
2524,PLAYER_SLEEPBEFORE_START,1516299808880,82
2524,PLAYER_SLEEPBEFORE_END,1516299809982,82
2524,WS_SEND_START,1516299809982,82
2524,WS_SEND_END,1516299809982,82
2524,WS_RECV_START,1516299809982,83
2524,WS_RECV_END,1516299811032,83
2524,PLAYER_SLEEPBEFORE_START,1516299811032,84
2524,PLAYER_SLEEPBEFORE_END,1516299811979,84
2524,WS_SEND_START,1516299811979,84
2524,WS_SEND_END,1516299811979,84
2524,WS_RECV_START,1516299811979,85
2524,WS_RECV_END,1516299814180,85
2524,PLAYER_SLEEPBEFORE_START,1516299814180,86
2524,PLAYER_SLEEPBEFORE_END,1516299818352,86
2524,WS_SEND_START,1516299818352,86
2524,WS_SEND_END,1516299818352,86
2524,WS_RECV_START,1516299818352,87
2524,WS_RECV_END,1516299819017,87
2524,PLAYER_SLEEPBEFORE_START,1516299819017,88
2524,PLAYER_SLEEPBEFORE_END,1516299819025,88
2524,WS_SEND_START,1516299819025,88
2524,WS_SEND_END,1516299819025,88
2524,WS_RECV_START,1516299819025,89
2524,WS_RECV_END,1516299821174,89
2524,PLAYER_SLEEPBEFORE_START,1516299821174,90
2524,PLAYER_SLEEPBEFORE_END,1516299848371,90
2524,REQ_START,1516299848371,90
2524,REQ_END,1516299848381,90
2524,PLAYER_SLEEPBEFORE_START,1516299848381,91
2524,PLAYER_SLEEPBEFORE_END,1516299856270,91
2524,WS_SEND_START,1516299856270,91
2524,WS_SEND_END,1516299856270,91
2524,WS_RECV_START,1516299856270,92
2524,WS_RECV_END,1516299856514,92
2524,PLAYER_SLEEPBEFORE_START,1516299856514,93
2524,PLAYER_SLEEPBEFORE_END,1516299856530,93
2524,WS_SEND_START,1516299856530,93
2524,WS_SEND_END,1516299856530,93
2524,WS_RECV_START,1516299856530,94
2524,WS_RECV_END,1516299856785,94
2524,PLAYER_SLEEPBEFORE_START,1516299856785,95
2524,PLAYER_SLEEPBEFORE_END,1516299880340,95
2524,WS_SEND_START,1516299880340,95
2524,WS_SEND_END,1516299880340,95
2524,WS_RECV_START,1516299880340,96
2524,WS_RECV_END,1516299883131,96
2524,PLAYER_SLEEPBEFORE_START,1516299883131,97
2524,PLAYER_SLEEPBEFORE_END,1516299905571,97
2524,WS_SEND_START,1516299905571,97
2524,WS_SEND_END,1516299905571,97
2524,WS_RECV_START,1516299905572,98
2524,WS_RECV_END,1516299908212,98
2524,PLAYER_SLEEPBEFORE_START,1516299908212,99
2524,PLAYER_SLEEPBEFORE_END,1516299908233,99
2524,WS_SEND_START,1516299908233,99
2524,WS_SEND_END,1516299908233,99
2524,WS_RECV_START,1516299908233,100
2524,WS_RECV_END,1516299909253,100
2524,PLAYER_SLEEPBEFORE_START,1516299909253,101
2524,PLAYER_SLEEPBEFORE_END,1516299932812,101
2524,WS_SEND_START,1516299932812,101
2524,WS_SEND_END,1516299932812,101
2524,WS_RECV_START,1516299932812,102
2524,WS_RECV_END,1516299933132,102
2524,PLAYER_SLEEPBEFORE_START,1516299933132,103
2524,PLAYER_SLEEPBEFORE_END,1516299956757,103
2524,WS_SEND_START,1516299956757,103
2524,WS_SEND_END,1516299956757,103
2524,WS_RECV_START,1516299956757,104
2524,WS_RECV_END,1516299958236,104
2524,PLAYER_SLEEPBEFORE_START,1516299958236,105
2524,PLAYER_SLEEPBEFORE_END,1516299983613,105
2524,WS_SEND_START,1516299983613,105
2524,WS_SEND_END,1516299983613,105
2524,WS_RECV_START,1516299983613,106
2524,WS_RECV_END,1516299984761,106
2524,PLAYER_SLEEPBEFORE_START,1516299984761,107
2524,PLAYER_SLEEPBEFORE_END,1516300008185,107
2524,WS_SEND_START,1516300008185,107
2524,WS_SEND_END,1516300008185,107
2524,WS_RECV_START,1516300008185,108
2524,WS_RECV_END,1516300009710,108
2524,PLAYER_SLEEPBEFORE_START,1516300009710,109
2524,PLAYER_SLEEPBEFORE_END,1516300009720,109
2524,WS_SEND_START,1516300009720,109
2524,WS_SEND_END,1516300009720,109
2524,WS_RECV_START,1516300009720,110
2524,WS_RECV_END,1516300010222,110
2524,PLAYER_SLEEPBEFORE_START,1516300010222,111
2524,PLAYER_SLEEPBEFORE_END,1516300011181,111
2524,WS_SEND_START,1516300011181,111
2524,WS_SEND_END,1516300011181,111
2524,WS_RECV_START,1516300011181,112
2524,WS_RECV_END,1516300013007,112
2524,PLAYER_SLEEPBEFORE_START,1516300013007,113
2524,PLAYER_SLEEPBEFORE_END,1516300013569,113
2524,WS_SEND_START,1516300013569,113
2524,WS_SEND_END,1516300013569,113
2524,WS_RECV_START,1516300013569,114
2524,WS_RECV_END,1516300015024,114
2524,PLAYER_SLEEPBEFORE_START,1516300015025,115
2524,PLAYER_SLEEPBEFORE_END,1516300015034,115
2524,WS_SEND_START,1516300015034,115
2524,WS_SEND_END,1516300015034,115
2524,WS_RECV_START,1516300015034,116
2524,WS_RECV_END,1516300016619,116
2524,PLAYER_SLEEPBEFORE_START,1516300016619,117
2524,PLAYER_SLEEPBEFORE_END,1516300036979,117
2524,WS_SEND_START,1516300036979,117
2524,WS_SEND_END,1516300036979,117
2524,PLAYER_SLEEPBEFORE_START,1516300036979,118
2524,PLAYER_SLEEPBEFORE_END,1516300040731,118
2524,WS_SEND_START,1516300040731,118
2524,WS_SEND_END,1516300040731,118
2524,WS_RECV_START,1516300040731,119
2524,WS_RECV_END,1516300041134,119
2524,PLAYER_SLEEPBEFORE_START,1516300041134,120
2524,PLAYER_SLEEPBEFORE_END,1516300042123,120
2524,WS_SEND_START,1516300042123,120
2524,WS_SEND_END,1516300042123,120
2524,WS_RECV_START,1516300042123,121
2524,WS_RECV_END,1516300042607,121
2524,PLAYER_SLEEPBEFORE_START,1516300042607,122
2524,PLAYER_SLEEPBEFORE_END,1516300043792,122
2524,WS_SEND_START,1516300043792,122
2524,WS_SEND_END,1516300043792,122
2524,WS_RECV_START,1516300043792,123
2524,WS_RECV_END,1516300044140,123
2524,PLAYER_SLEEPBEFORE_START,1516300044140,124
2524,PLAYER_SLEEPBEFORE_END,1516300068545,124
2524,WS_SEND_START,1516300068545,124
2524,WS_SEND_END,1516300068545,124
2524,WS_RECV_START,1516300068545,125
2524,WS_RECV_END,1516300068821,125
2524,PLAYER_SLEEPBEFORE_START,1516300068821,126
2524,PLAYER_SLEEPBEFORE_END,1516300089334,126
2524,WS_SEND_START,1516300089334,126
2524,WS_SEND_END,1516300089334,126
2524,PLAYER_SLEEPBEFORE_START,1516300089334,127
2524,PLAYER_SLEEPBEFORE_END,1516300092388,127
2524,WS_SEND_START,1516300092388,127
2524,WS_SEND_END,1516300092388,127
2524,WS_RECV_START,1516300092388,128
2524,WS_RECV_END,1516300092556,128
2524,PLAYER_SLEEPBEFORE_START,1516300092556,129
2524,PLAYER_SLEEPBEFORE_END,1516300092576,129
2524,WS_SEND_START,1516300092576,129
2524,WS_SEND_END,1516300092577,129
2524,WS_RECV_START,1516300092577,130
2524,WS_RECV_END,1516300093136,130
2524,PLAYER_SLEEPBEFORE_START,1516300093136,131
2524,PLAYER_SLEEPBEFORE_END,1516300114760,131
2524,WS_SEND_START,1516300114760,131
2524,WS_SEND_END,1516300114760,131
2524,PLAYER_SLEEPBEFORE_START,1516300114760,132
2524,PLAYER_SLEEPBEFORE_END,1516300117840,132
2524,WS_SEND_START,1516300117840,132
2524,WS_SEND_END,1516300117840,132
2524,WS_RECV_START,1516300117840,133
2524,WS_RECV_END,1516300120559,133
2524,PLAYER_SLEEPBEFORE_START,1516300120559,134
2524,PLAYER_SLEEPBEFORE_END,1516300141776,134
2524,WS_SEND_START,1516300141776,134
2524,WS_SEND_END,1516300141776,134
2524,PLAYER_SLEEPBEFORE_START,1516300141776,135
2524,PLAYER_SLEEPBEFORE_END,1516300144966,135
2524,WS_SEND_START,1516300144966,135
2524,WS_SEND_END,1516300144966,135
2524,WS_RECV_START,1516300144966,136
2524,WS_RECV_END,1516300145510,136
2524,PLAYER_SLEEPBEFORE_START,1516300145510,137
2524,PLAYER_SLEEPBEFORE_END,1516300145517,137
2524,WS_SEND_START,1516300145517,137
2524,WS_SEND_END,1516300145517,137
2524,WS_RECV_START,1516300145517,138
2524,WS_RECV_END,1516300147766,138
2524,PLAYER_SLEEPBEFORE_START,1516300147766,139
2524,PLAYER_SLEEPBEFORE_END,1516300148456,139
2524,WS_SEND_START,1516300148456,139
2524,WS_SEND_END,1516300148456,139
2524,WS_RECV_START,1516300148456,140
2524,WS_RECV_END,1516300150600,140
2524,PLAYER_SLEEPBEFORE_START,1516300150600,141
2524,PLAYER_SLEEPBEFORE_END,1516300151255,141
2524,WS_SEND_START,1516300151255,141
2524,WS_SEND_END,1516300151255,141
2524,WS_RECV_START,1516300151255,142
2524,WS_RECV_END,1516300152514,142
2524,PLAYER_SLEEPBEFORE_START,1516300152514,143
2524,PLAYER_SLEEPBEFORE_END,1516300152571,143
2524,WS_SEND_START,1516300152571,143
2524,WS_SEND_END,1516300152571,143
2524,WS_RECV_START,1516300152571,144
2524,WS_RECV_END,1516300154598,144
2524,PLAYER_SLEEPBEFORE_START,1516300154598,145
2524,PLAYER_SLEEPBEFORE_END,1516300170660,145
2524,REQ_START,1516300170660,145
2524,REQ_END,1516300170669,145
2524,PLAYER_SLEEPBEFORE_START,1516300170669,146
2524,PLAYER_SLEEPBEFORE_END,1516300179546,146
2524,WS_SEND_START,1516300179546,146
2524,WS_SEND_END,1516300179546,146
2524,WS_RECV_START,1516300179546,147
2524,WS_RECV_END,1516300186974,147
2524,PLAYER_SLEEPBEFORE_START,1516300186974,148
2524,PLAYER_SLEEPBEFORE_END,1516300208896,148
2524,WS_SEND_START,1516300208896,148
2524,WS_SEND_END,1516300208896,148
2524,PLAYER_SLEEPBEFORE_START,1516300208896,149
2524,PLAYER_SLEEPBEFORE_END,1516300211324,149
2524,WS_SEND_START,1516300211324,149
2524,WS_SEND_END,1516300211324,149
2524,WS_RECV_START,1516300211324,150
2524,WS_RECV_END,1516300214553,150
2524,PLAYER_SLEEPBEFORE_START,1516300214553,151
2524,PLAYER_SLEEPBEFORE_END,1516300214763,151
2524,WS_SEND_START,1516300214763,151
2524,WS_SEND_END,1516300214763,151
2524,WS_RECV_START,1516300214763,152
2524,WS_RECV_END,1516300220415,152
2524,PLAYER_SLEEPBEFORE_START,1516300220415,153
2524,PLAYER_SLEEPBEFORE_END,1516300244342,153
2524,WS_SEND_START,1516300244342,153
2524,WS_SEND_END,1516300244342,153
2524,WS_RECV_START,1516300244342,154
2524,WS_RECV_END,1516300247787,154
2524,PLAYER_SLEEPBEFORE_START,1516300247787,155
2524,PLAYER_SLEEPBEFORE_END,1516300270345,155
2524,WS_SEND_START,1516300270345,155
2524,WS_SEND_END,1516300270345,155
2524,PLAYER_SLEEPBEFORE_START,1516300270345,156
2524,PLAYER_SLEEPBEFORE_END,1516300273619,156
2524,WS_SEND_START,1516300273619,156
2524,WS_SEND_END,1516300273619,156
2524,WS_RECV_START,1516300273619,157
2524,WS_RECV_END,1516300274932,157
2524,PLAYER_SLEEPBEFORE_START,1516300274932,158
2524,PLAYER_SLEEPBEFORE_END,1516300274942,158
2524,WS_SEND_START,1516300274942,158
2524,WS_SEND_END,1516300274942,158
2524,WS_RECV_START,1516300274942,159
2524,WS_RECV_END,1516300277650,159
2524,PLAYER_SLEEPBEFORE_START,1516300277650,160
2524,PLAYER_SLEEPBEFORE_END,1516300277825,160
2524,WS_SEND_START,1516300277825,160
2524,WS_SEND_END,1516300277825,160
2524,WS_RECV_START,1516300277825,161
2524,WS_RECV_END,1516300278611,161
2524,PLAYER_SLEEPBEFORE_START,1516300278611,162
2524,PLAYER_SLEEPBEFORE_END,1516300278636,162
2524,WS_SEND_START,1516300278636,162
2524,WS_SEND_END,1516300278636,162
2524,WS_RECV_START,1516300278636,163
2524,WS_RECV_END,1516300279504,163
2524,PLAYER_SLEEPBEFORE_START,1516300279504,164
2524,PLAYER_SLEEPBEFORE_END,1516300300316,164
2524,WS_SEND_START,1516300300316,164
2524,WS_SEND_END,1516300300316,164
2524,WS_RECV_START,1516300300316,165
2524,WS_RECV_END,1516300300542,165
2524,PLAYER_SLEEPBEFORE_START,1516300300542,166
2524,PLAYER_SLEEPBEFORE_END,1516300322997,166
2524,WS_SEND_START,1516300322997,166
2524,WS_SEND_END,1516300322997,166
2524,WS_RECV_START,1516300322997,167
2524,WS_RECV_END,1516300324410,167
2524,PLAYER_SLEEPBEFORE_START,1516300324410,168
2524,PLAYER_SLEEPBEFORE_END,1516300351767,168
2524,WS_SEND_START,1516300351767,168
2524,WS_SEND_END,1516300351767,168
2524,WS_RECV_START,1516300351767,169
2524,WS_RECV_END,1516300352235,169
2524,PLAYER_SLEEPBEFORE_START,1516300352235,170
2524,PLAYER_SLEEPBEFORE_END,1516300352244,170
2524,WS_SEND_START,1516300352244,170
2524,WS_SEND_END,1516300352244,170
2524,WS_RECV_START,1516300352244,171
2524,WS_RECV_END,1516300352398,171
2524,PLAYER_SLEEPBEFORE_START,1516300352398,172
2524,PLAYER_SLEEPBEFORE_END,1516300352767,172
2524,WS_SEND_START,1516300352767,172
2524,WS_SEND_END,1516300352767,172
2524,WS_RECV_START,1516300352767,173
2524,WS_RECV_END,1516300352872,173
2524,PLAYER_SLEEPBEFORE_START,1516300352872,174
2524,PLAYER_SLEEPBEFORE_END,1516300352913,174
2524,WS_SEND_START,1516300352913,174
2524,WS_SEND_END,1516300352913,174
2524,WS_RECV_START,1516300352913,175
2524,WS_RECV_END,1516300353027,175
2524,PLAYER_SLEEPBEFORE_START,1516300353027,176
2524,PLAYER_SLEEPBEFORE_END,1516300374788,176
2524,WS_SEND_START,1516300374788,176
2524,WS_SEND_END,1516300374788,176
2524,PLAYER_SLEEPBEFORE_START,1516300374788,177
2524,PLAYER_SLEEPBEFORE_END,1516300377306,177
2524,WS_SEND_START,1516300377306,177
2524,WS_SEND_END,1516300377306,177
2524,WS_RECV_START,1516300377306,178
2524,WS_RECV_END,1516300377585,178
2524,PLAYER_SLEEPBEFORE_START,1516300377585,179
2524,PLAYER_SLEEPBEFORE_END,1516300399925,179
2524,WS_SEND_START,1516300399925,179
2524,WS_SEND_END,1516300399925,179
2524,WS_RECV_START,1516300399925,180
2524,WS_RECV_END,1516300400087,180
2524,PLAYER_SLEEPBEFORE_START,1516300400087,181
2524,PLAYER_SLEEPBEFORE_END,1516300400531,181
2524,WS_SEND_START,1516300400531,181
2524,WS_SEND_END,1516300400531,181
2524,WS_RECV_START,1516300400531,182
2524,WS_RECV_END,1516300400654,182
2524,PLAYER_SLEEPBEFORE_START,1516300400654,183
2524,PLAYER_SLEEPBEFORE_END,1516300401177,183
2524,WS_SEND_START,1516300401177,183
2524,WS_SEND_END,1516300401177,183
2524,WS_RECV_START,1516300401177,184
2524,WS_RECV_END,1516300401285,184
2524,PLAYER_SLEEPBEFORE_START,1516300401285,185
2524,PLAYER_SLEEPBEFORE_END,1516300401553,185
2524,WS_SEND_START,1516300401553,185
2524,WS_SEND_END,1516300401553,185
2524,WS_RECV_START,1516300401553,186
2524,WS_RECV_END,1516300401752,186
2524,PLAYER_SLEEPBEFORE_START,1516300401752,187
2524,PLAYER_SLEEPBEFORE_END,1516300424252,187
2524,WS_SEND_START,1516300424252,187
2524,WS_SEND_END,1516300424252,187
2524,WS_RECV_START,1516300424252,188
2524,WS_RECV_END,1516300424293,188
2524,PLAYER_SLEEPBEFORE_START,1516300424293,189
2524,PLAYER_SLEEPBEFORE_END,1516300430532,189
2524,WS_SEND_START,1516300430532,189
2524,WS_SEND_END,1516300430532,189
2524,WS_RECV_START,1516300430532,190
2524,WS_RECV_END,1516300430657,190
2524,PLAYER_SLEEPBEFORE_START,1516300430657,191
2524,PLAYER_SLEEPBEFORE_END,1516300432572,191
2524,WS_SEND_START,1516300432572,191
2524,WS_SEND_END,1516300432572,191
2524,WS_RECV_START,1516300432572,192
2524,WS_RECV_END,1516300432791,192
2524,PLAYER_SLEEPBEFORE_START,1516300432791,193
2524,PLAYER_SLEEPBEFORE_END,1516300432919,193
2524,WS_SEND_START,1516300432919,193
2524,WS_SEND_END,1516300432919,193
2524,WS_RECV_START,1516300432919,194
2524,WS_RECV_END,1516300433018,194
2524,PLAYER_SLEEPBEFORE_START,1516300433018,195
2524,PLAYER_SLEEPBEFORE_END,1516300434773,195
2524,WS_SEND_START,1516300434773,195
2524,WS_SEND_END,1516300434773,195
2524,WS_RECV_START,1516300434773,196
2524,WS_RECV_END,1516300434890,196
2524,PLAYER_SLEEPBEFORE_START,1516300434890,197
2524,PLAYER_SLEEPBEFORE_END,1516300436695,197
2524,WS_SEND_START,1516300436695,197
2524,WS_SEND_END,1516300436695,197
2524,WS_RECV_START,1516300436695,198
2524,WS_RECV_END,1516300436791,198
2524,PLAYER_SLEEPBEFORE_START,1516300436791,199
2524,PLAYER_SLEEPBEFORE_END,1516300448645,199
2524,WS_SEND_START,1516300448645,199
2524,WS_SEND_END,1516300448645,199
2524,PLAYER_SLEEPBEFORE_START,1516300448645,200
2524,PLAYER_SLEEPBEFORE_END,1516300452733,200
2524,WS_SEND_START,1516300452733,200
2524,WS_SEND_END,1516300452733,200
2524,WS_RECV_START,1516300452733,201
2524,WS_RECV_END,1516300452819,201
2524,PLAYER_SLEEPBEFORE_START,1516300452819,202
2524,PLAYER_SLEEPBEFORE_END,1516300452833,202
2524,WS_SEND_START,1516300452833,202
2524,WS_SEND_END,1516300452833,202
2524,WS_RECV_START,1516300452833,203
2524,WS_RECV_END,1516300452949,203
2524,PLAYER_SLEEPBEFORE_START,1516300452949,204
2524,PLAYER_SLEEPBEFORE_END,1516300472598,204
2524,WS_SEND_START,1516300472598,204
2524,WS_SEND_END,1516300472598,204
2524,PLAYER_SLEEPBEFORE_START,1516300472598,205
2524,PLAYER_SLEEPBEFORE_END,1516300476496,205
2524,WS_SEND_START,1516300476496,205
2524,WS_SEND_END,1516300476496,205
2524,WS_RECV_START,1516300476496,206
2524,WS_RECV_END,1516300476593,206
2524,PLAYER_SLEEPBEFORE_START,1516300476593,207
2524,PLAYER_SLEEPBEFORE_END,1516300493524,207
2524,REQ_START,1516300493524,207
2524,REQ_END,1516300493533,207
2524,PLAYER_SLEEPBEFORE_START,1516300493533,208
2524,PLAYER_SLEEPBEFORE_END,1516300500385,208
2524,WS_CLOSE_START,1516300500385,208
2524,WS_CLOSE_END,1516300500385,208
2524,PLAYER_DONE,1516300500385
