# --sessions 2700 --app-url=http://shinyloadtest.rstudioservices.com/cran_explorer --output-dir test2700 --overwrite-output --log-level warn --start-interval 100 15min.log
thread_id,event,timestamp,input_line_number,comment
2526,PLAYER_SESSION_CREATE,1516299246282
2526,PLAYER_START_INTERVAL_START,1516299246282
2526,PLAYER_START_INTERVAL_END,1516299498882
2526,REQ_HOME_START,1516299498882,2
2526,REQ_HOME_END,1516299499682,2
2526,REQ_START,1516299499682,3
2526,REQ_END,1516299500096,3
2526,REQ_START,1516299500096,4
2526,REQ_END,1516299500331,4
2526,REQ_START,1516299500331,5
2526,REQ_END,1516299500371,5
2526,REQ_START,1516299500371,6
2526,REQ_END,1516299500429,6
2526,REQ_START,1516299500429,7
2526,REQ_END,1516299500491,7
2526,REQ_START,1516299500491,8
2526,REQ_END,1516299500529,8
2526,REQ_START,1516299500529,9
2526,REQ_END,1516299500573,9
2526,REQ_START,1516299500573,10
2526,REQ_END,1516299500579,10
2526,REQ_START,1516299500579,11
2526,REQ_END,1516299500849,11
2526,REQ_START,1516299500849,12
2526,REQ_END,1516299500856,12
2526,REQ_START,1516299500856,13
2526,REQ_END,1516299501316,13
2526,REQ_START,1516299501316,14
2526,REQ_END,1516299501330,14
2526,REQ_START,1516299501330,15
2526,REQ_END,1516299501390,15
2526,REQ_TOK_START,1516299501390,16
2526,REQ_TOK_END,1516299501395,16
2526,REQ_SINF_START,1516299501395,17
2526,REQ_SINF_END,1516299501401,17
2526,WS_OPEN_START,1516299501401,18
2526,WS_OPEN_END,1516299501404,18
2526,REQ_START,1516299501404,19
2526,REQ_END,1516299501452,19
2526,WS_RECV_START,1516299501452,20
2526,WS_RECV_END,1516299501452,20
2526,PLAYER_SLEEPBEFORE_START,1516299501452,21
2526,PLAYER_SLEEPBEFORE_END,1516299501457,21
2526,WS_SEND_START,1516299501457,21
2526,WS_SEND_END,1516299501457,21
2526,PLAYER_SLEEPBEFORE_START,1516299501457,22
2526,PLAYER_SLEEPBEFORE_END,1516299501458,22
2526,WS_SEND_START,1516299501458,22
2526,WS_SEND_END,1516299501458,22
2526,WS_RECV_INIT_START,1516299501458,23
2526,WS_RECV_INIT_END,1516299501477,23
2526,WS_RECV_START,1516299501477,24
2526,WS_RECV_END,1516299501551,24
2526,PLAYER_SLEEPBEFORE_START,1516299501551,25
2526,PLAYER_SLEEPBEFORE_END,1516299501558,25
2526,REQ_START,1516299501558,25
2526,REQ_END,1516299502327,25
2526,PLAYER_SLEEPBEFORE_START,1516299502327,26
2526,PLAYER_SLEEPBEFORE_END,1516299502330,26
2526,REQ_START,1516299502330,26
2526,REQ_END,1516299502448,26
2526,PLAYER_SLEEPBEFORE_START,1516299502448,27
2526,PLAYER_SLEEPBEFORE_END,1516299502451,27
2526,REQ_START,1516299502451,27
2526,REQ_END,1516299502544,27
2526,PLAYER_SLEEPBEFORE_START,1516299502544,28
2526,PLAYER_SLEEPBEFORE_END,1516299502829,28
2526,REQ_START,1516299502829,28
2526,REQ_END,1516299503560,28
2526,PLAYER_SLEEPBEFORE_START,1516299503560,29
2526,PLAYER_SLEEPBEFORE_END,1516299503736,29
2526,WS_SEND_START,1516299503736,29
2526,WS_SEND_END,1516299503736,29
2526,WS_RECV_START,1516299503736,30
2526,WS_RECV_END,1516299503912,30
2526,PLAYER_SLEEPBEFORE_START,1516299503912,31
2526,PLAYER_SLEEPBEFORE_END,1516299503923,31
2526,REQ_START,1516299503923,31
2526,REQ_END,1516299504106,31
2526,PLAYER_SLEEPBEFORE_START,1516299504106,32
2526,PLAYER_SLEEPBEFORE_END,1516299532251,32
2526,WS_SEND_START,1516299532251,32
2526,WS_SEND_END,1516299532251,32
2526,WS_RECV_START,1516299532251,33
2526,WS_RECV_END,1516299533440,33
2526,PLAYER_SLEEPBEFORE_START,1516299533440,34
2526,PLAYER_SLEEPBEFORE_END,1516299559352,34
2526,WS_SEND_START,1516299559352,34
2526,WS_SEND_END,1516299559352,34
2526,WS_RECV_START,1516299559352,35
2526,WS_RECV_END,1516299559705,35
2526,PLAYER_SLEEPBEFORE_START,1516299559705,36
2526,PLAYER_SLEEPBEFORE_END,1516299559715,36
2526,WS_SEND_START,1516299559715,36
2526,WS_SEND_END,1516299559715,36
2526,WS_RECV_START,1516299559715,37
2526,WS_RECV_END,1516299559949,37
2526,PLAYER_SLEEPBEFORE_START,1516299559949,38
2526,PLAYER_SLEEPBEFORE_END,1516299563144,38
2526,WS_SEND_START,1516299563144,38
2526,WS_SEND_END,1516299563144,38
2526,WS_RECV_START,1516299563144,39
2526,WS_RECV_END,1516299564217,39
2526,PLAYER_SLEEPBEFORE_START,1516299564217,40
2526,PLAYER_SLEEPBEFORE_END,1516299564264,40
2526,WS_SEND_START,1516299564264,40
2526,WS_SEND_END,1516299564264,40
2526,WS_RECV_START,1516299564264,41
2526,WS_RECV_END,1516299564667,41
2526,PLAYER_SLEEPBEFORE_START,1516299564667,42
2526,PLAYER_SLEEPBEFORE_END,1516299582802,42
2526,WS_SEND_START,1516299582802,42
2526,WS_SEND_END,1516299582802,42
2526,WS_RECV_START,1516299582802,43
2526,WS_RECV_END,1516299582917,43
2526,PLAYER_SLEEPBEFORE_START,1516299582917,44
2526,PLAYER_SLEEPBEFORE_END,1516299582929,44
2526,WS_SEND_START,1516299582929,44
2526,WS_SEND_END,1516299582929,44
2526,WS_RECV_START,1516299582929,45
2526,WS_RECV_END,1516299583085,45
2526,PLAYER_SLEEPBEFORE_START,1516299583085,46
2526,PLAYER_SLEEPBEFORE_END,1516299584345,46
2526,WS_SEND_START,1516299584345,46
2526,WS_SEND_END,1516299584345,46
2526,WS_RECV_START,1516299584345,47
2526,WS_RECV_END,1516299584513,47
2526,PLAYER_SLEEPBEFORE_START,1516299584513,48
2526,PLAYER_SLEEPBEFORE_END,1516299585833,48
2526,WS_SEND_START,1516299585833,48
2526,WS_SEND_END,1516299585833,48
2526,WS_RECV_START,1516299585833,49
2526,WS_RECV_END,1516299586235,49
2526,PLAYER_SLEEPBEFORE_START,1516299586235,50
2526,PLAYER_SLEEPBEFORE_END,1516299586259,50
2526,WS_SEND_START,1516299586259,50
2526,WS_SEND_END,1516299586259,50
2526,WS_RECV_START,1516299586259,51
2526,WS_RECV_END,1516299586481,51
2526,PLAYER_SLEEPBEFORE_START,1516299586481,52
2526,PLAYER_SLEEPBEFORE_END,1516299609046,52
2526,WS_SEND_START,1516299609046,52
2526,WS_SEND_END,1516299609046,52
2526,WS_RECV_START,1516299609046,53
2526,WS_RECV_END,1516299609439,53
2526,PLAYER_SLEEPBEFORE_START,1516299609439,54
2526,PLAYER_SLEEPBEFORE_END,1516299630742,54
2526,WS_SEND_START,1516299630742,54
2526,WS_SEND_END,1516299630742,54
2526,PLAYER_SLEEPBEFORE_START,1516299630742,55
2526,PLAYER_SLEEPBEFORE_END,1516299632684,55
2526,WS_SEND_START,1516299632684,55
2526,WS_SEND_END,1516299632684,55
2526,WS_RECV_START,1516299632684,56
2526,WS_RECV_END,1516299633528,56
2526,PLAYER_SLEEPBEFORE_START,1516299633528,57
2526,PLAYER_SLEEPBEFORE_END,1516299656400,57
2526,WS_SEND_START,1516299656400,57
2526,WS_SEND_END,1516299656400,57
2526,WS_RECV_START,1516299656400,58
2526,WS_RECV_END,1516299656721,58
2526,PLAYER_SLEEPBEFORE_START,1516299656721,59
2526,PLAYER_SLEEPBEFORE_END,1516299659048,59
2526,WS_SEND_START,1516299659048,59
2526,WS_SEND_END,1516299659048,59
2526,WS_RECV_START,1516299659048,60
2526,WS_RECV_END,1516299659466,60
2526,PLAYER_SLEEPBEFORE_START,1516299659466,61
2526,PLAYER_SLEEPBEFORE_END,1516299663057,61
2526,WS_SEND_START,1516299663057,61
2526,WS_SEND_END,1516299663057,61
2526,WS_RECV_START,1516299663057,62
2526,WS_RECV_END,1516299664186,62
2526,PLAYER_SLEEPBEFORE_START,1516299664186,63
2526,PLAYER_SLEEPBEFORE_END,1516299683449,63
2526,WS_SEND_START,1516299683449,63
2526,WS_SEND_END,1516299683449,63
2526,WS_RECV_START,1516299683449,64
2526,WS_RECV_END,1516299683527,64
2526,PLAYER_SLEEPBEFORE_START,1516299683527,65
2526,PLAYER_SLEEPBEFORE_END,1516299710344,65
2526,WS_SEND_START,1516299710344,65
2526,WS_SEND_END,1516299710344,65
2526,WS_RECV_START,1516299710344,66
2526,WS_RECV_END,1516299710696,66
2526,PLAYER_SLEEPBEFORE_START,1516299710696,67
2526,PLAYER_SLEEPBEFORE_END,1516299712203,67
2526,WS_SEND_START,1516299712203,67
2526,WS_SEND_END,1516299712204,67
2526,WS_RECV_START,1516299712204,68
2526,WS_RECV_END,1516299712849,68
2526,PLAYER_SLEEPBEFORE_START,1516299712849,69
2526,PLAYER_SLEEPBEFORE_END,1516299734847,69
2526,WS_SEND_START,1516299734847,69
2526,WS_SEND_END,1516299734847,69
2526,WS_RECV_START,1516299734847,70
2526,WS_RECV_END,1516299736802,70
2526,PLAYER_SLEEPBEFORE_START,1516299736802,71
2526,PLAYER_SLEEPBEFORE_END,1516299761577,71
2526,WS_SEND_START,1516299761577,71
2526,WS_SEND_END,1516299761577,71
2526,PLAYER_SLEEPBEFORE_START,1516299761577,72
2526,PLAYER_SLEEPBEFORE_END,1516299764184,72
2526,WS_SEND_START,1516299764184,72
2526,WS_SEND_END,1516299764184,72
2526,WS_RECV_START,1516299764184,73
2526,WS_RECV_END,1516299765169,73
2526,PLAYER_SLEEPBEFORE_START,1516299765169,74
2526,PLAYER_SLEEPBEFORE_END,1516299765178,74
2526,WS_SEND_START,1516299765178,74
2526,WS_SEND_END,1516299765179,74
2526,WS_RECV_START,1516299765179,75
2526,WS_RECV_END,1516299766301,75
2526,PLAYER_SLEEPBEFORE_START,1516299766301,76
2526,PLAYER_SLEEPBEFORE_END,1516299767807,76
2526,WS_SEND_START,1516299767807,76
2526,WS_SEND_END,1516299767807,76
2526,WS_RECV_START,1516299767807,77
2526,WS_RECV_END,1516299768236,77
2526,PLAYER_SLEEPBEFORE_START,1516299768236,78
2526,PLAYER_SLEEPBEFORE_END,1516299769104,78
2526,WS_SEND_START,1516299769104,78
2526,WS_SEND_END,1516299769104,78
2526,WS_RECV_START,1516299769104,79
2526,WS_RECV_END,1516299769472,79
2526,PLAYER_SLEEPBEFORE_START,1516299769472,80
2526,PLAYER_SLEEPBEFORE_END,1516299777138,80
2526,WS_SEND_START,1516299777138,80
2526,WS_SEND_END,1516299777138,80
2526,WS_RECV_START,1516299777138,81
2526,WS_RECV_END,1516299779550,81
2526,PLAYER_SLEEPBEFORE_START,1516299779550,82
2526,PLAYER_SLEEPBEFORE_END,1516299780652,82
2526,WS_SEND_START,1516299780652,82
2526,WS_SEND_END,1516299780652,82
2526,WS_RECV_START,1516299780652,83
2526,WS_RECV_END,1516299781494,83
2526,PLAYER_SLEEPBEFORE_START,1516299781494,84
2526,PLAYER_SLEEPBEFORE_END,1516299782441,84
2526,WS_SEND_START,1516299782441,84
2526,WS_SEND_END,1516299782441,84
2526,WS_RECV_START,1516299782441,85
2526,WS_RECV_END,1516299783960,85
2526,PLAYER_SLEEPBEFORE_START,1516299783960,86
2526,PLAYER_SLEEPBEFORE_END,1516299788132,86
2526,WS_SEND_START,1516299788132,86
2526,WS_SEND_END,1516299788132,86
2526,WS_RECV_START,1516299788132,87
2526,WS_RECV_END,1516299789529,87
2526,PLAYER_SLEEPBEFORE_START,1516299789529,88
2526,PLAYER_SLEEPBEFORE_END,1516299789537,88
2526,WS_SEND_START,1516299789537,88
2526,WS_SEND_END,1516299789537,88
2526,WS_RECV_START,1516299789537,89
2526,WS_RECV_END,1516299791384,89
2526,PLAYER_SLEEPBEFORE_START,1516299791384,90
2526,PLAYER_SLEEPBEFORE_END,1516299818581,90
2526,REQ_START,1516299818581,90
2526,REQ_END,1516299818586,90
2526,PLAYER_SLEEPBEFORE_START,1516299818586,91
2526,PLAYER_SLEEPBEFORE_END,1516299826475,91
2526,WS_SEND_START,1516299826475,91
2526,WS_SEND_END,1516299826475,91
2526,WS_RECV_START,1516299826475,92
2526,WS_RECV_END,1516299829584,92
2526,PLAYER_SLEEPBEFORE_START,1516299829584,93
2526,PLAYER_SLEEPBEFORE_END,1516299829599,93
2526,WS_SEND_START,1516299829599,93
2526,WS_SEND_END,1516299829600,93
2526,WS_RECV_START,1516299829600,94
2526,WS_RECV_END,1516299831464,94
2526,PLAYER_SLEEPBEFORE_START,1516299831464,95
2526,PLAYER_SLEEPBEFORE_END,1516299855019,95
2526,WS_SEND_START,1516299855019,95
2526,WS_SEND_END,1516299855019,95
2526,WS_RECV_START,1516299855019,96
2526,WS_RECV_END,1516299856616,96
2526,PLAYER_SLEEPBEFORE_START,1516299856616,97
2526,PLAYER_SLEEPBEFORE_END,1516299879056,97
2526,WS_SEND_START,1516299879056,97
2526,WS_SEND_END,1516299879056,97
2526,WS_RECV_START,1516299879056,98
2526,WS_RECV_END,1516299883261,98
2526,PLAYER_SLEEPBEFORE_START,1516299883261,99
2526,PLAYER_SLEEPBEFORE_END,1516299883282,99
2526,WS_SEND_START,1516299883282,99
2526,WS_SEND_END,1516299883282,99
2526,WS_RECV_START,1516299883282,100
2526,WS_RECV_END,1516299886511,100
2526,PLAYER_SLEEPBEFORE_START,1516299886511,101
2526,PLAYER_SLEEPBEFORE_END,1516299910070,101
2526,WS_SEND_START,1516299910070,101
2526,WS_SEND_END,1516299910070,101
2526,WS_RECV_START,1516299910070,102
2526,WS_RECV_END,1516299910951,102
2526,PLAYER_SLEEPBEFORE_START,1516299910951,103
2526,PLAYER_SLEEPBEFORE_END,1516299934576,103
2526,WS_SEND_START,1516299934576,103
2526,WS_SEND_END,1516299934576,103
2526,WS_RECV_START,1516299934576,104
2526,WS_RECV_END,1516299936320,104
2526,PLAYER_SLEEPBEFORE_START,1516299936320,105
2526,PLAYER_SLEEPBEFORE_END,1516299961697,105
2526,WS_SEND_START,1516299961697,105
2526,WS_SEND_END,1516299961697,105
2526,WS_RECV_START,1516299961697,106
2526,WS_RECV_END,1516299963414,106
2526,PLAYER_SLEEPBEFORE_START,1516299963414,107
2526,PLAYER_SLEEPBEFORE_END,1516299986837,107
2526,WS_SEND_START,1516299986837,107
2526,WS_SEND_END,1516299986838,107
2526,WS_RECV_START,1516299986838,108
2526,WS_RECV_END,1516299992133,108
2526,PLAYER_SLEEPBEFORE_START,1516299992133,109
2526,PLAYER_SLEEPBEFORE_END,1516299992142,109
2526,WS_SEND_START,1516299992142,109
2526,WS_SEND_END,1516299992142,109
2526,WS_RECV_START,1516299992142,110
2526,WS_RECV_END,1516299994093,110
2526,PLAYER_SLEEPBEFORE_START,1516299994093,111
2526,PLAYER_SLEEPBEFORE_END,1516299995052,111
2526,WS_SEND_START,1516299995052,111
2526,WS_SEND_END,1516299995052,111
2526,WS_RECV_START,1516299995052,112
2526,WS_RECV_END,1516299996678,112
2526,PLAYER_SLEEPBEFORE_START,1516299996678,113
2526,PLAYER_SLEEPBEFORE_END,1516299997240,113
2526,WS_SEND_START,1516299997240,113
2526,WS_SEND_END,1516299997240,113
2526,WS_RECV_START,1516299997240,114
2526,WS_RECV_END,1516299998707,114
2526,PLAYER_SLEEPBEFORE_START,1516299998707,115
2526,PLAYER_SLEEPBEFORE_END,1516299998716,115
2526,WS_SEND_START,1516299998716,115
2526,WS_SEND_END,1516299998716,115
2526,WS_RECV_START,1516299998716,116
2526,WS_RECV_END,1516300001049,116
2526,PLAYER_SLEEPBEFORE_START,1516300001049,117
2526,PLAYER_SLEEPBEFORE_END,1516300021409,117
2526,WS_SEND_START,1516300021409,117
2526,WS_SEND_END,1516300021409,117
2526,PLAYER_SLEEPBEFORE_START,1516300021409,118
2526,PLAYER_SLEEPBEFORE_END,1516300025161,118
2526,WS_SEND_START,1516300025161,118
2526,WS_SEND_END,1516300025161,118
2526,WS_RECV_START,1516300025161,119
2526,WS_RECV_END,1516300026346,119
2526,PLAYER_SLEEPBEFORE_START,1516300026346,120
2526,PLAYER_SLEEPBEFORE_END,1516300027334,120
2526,WS_SEND_START,1516300027334,120
2526,WS_SEND_END,1516300027334,120
2526,WS_RECV_START,1516300027334,121
2526,WS_RECV_END,1516300029647,121
2526,PLAYER_SLEEPBEFORE_START,1516300029647,122
2526,PLAYER_SLEEPBEFORE_END,1516300030832,122
2526,WS_SEND_START,1516300030832,122
2526,WS_SEND_END,1516300030832,122
2526,WS_RECV_START,1516300030832,123
2526,WS_RECV_END,1516300032429,123
2526,PLAYER_SLEEPBEFORE_START,1516300032429,124
2526,PLAYER_SLEEPBEFORE_END,1516300056834,124
2526,WS_SEND_START,1516300056834,124
2526,WS_SEND_END,1516300056834,124
2526,WS_RECV_START,1516300056834,125
2526,WS_RECV_END,1516300060323,125
2526,PLAYER_SLEEPBEFORE_START,1516300060323,126
2526,PLAYER_SLEEPBEFORE_END,1516300080835,126
2526,WS_SEND_START,1516300080835,126
2526,WS_SEND_END,1516300080835,126
2526,PLAYER_SLEEPBEFORE_START,1516300080835,127
2526,PLAYER_SLEEPBEFORE_END,1516300083889,127
2526,WS_SEND_START,1516300083889,127
2526,WS_SEND_END,1516300083889,127
2526,WS_RECV_START,1516300083889,128
2526,WS_RECV_END,1516300084159,128
2526,PLAYER_SLEEPBEFORE_START,1516300084159,129
2526,PLAYER_SLEEPBEFORE_END,1516300084179,129
2526,WS_SEND_START,1516300084179,129
2526,WS_SEND_END,1516300084179,129
2526,WS_RECV_START,1516300084179,130
2526,WS_RECV_END,1516300084433,130
2526,PLAYER_SLEEPBEFORE_START,1516300084433,131
2526,PLAYER_SLEEPBEFORE_END,1516300106057,131
2526,WS_SEND_START,1516300106057,131
2526,WS_SEND_END,1516300106057,131
2526,PLAYER_SLEEPBEFORE_START,1516300106057,132
2526,PLAYER_SLEEPBEFORE_END,1516300109137,132
2526,WS_SEND_START,1516300109137,132
2526,WS_SEND_END,1516300109137,132
2526,WS_RECV_START,1516300109137,133
2526,WS_RECV_END,1516300110380,133
2526,PLAYER_SLEEPBEFORE_START,1516300110380,134
2526,PLAYER_SLEEPBEFORE_END,1516300131597,134
2526,WS_SEND_START,1516300131597,134
2526,WS_SEND_END,1516300131597,134
2526,PLAYER_SLEEPBEFORE_START,1516300131597,135
2526,PLAYER_SLEEPBEFORE_END,1516300134787,135
2526,WS_SEND_START,1516300134787,135
2526,WS_SEND_END,1516300134788,135
2526,WS_RECV_START,1516300134788,136
2526,WS_RECV_END,1516300136165,136
2526,PLAYER_SLEEPBEFORE_START,1516300136165,137
2526,PLAYER_SLEEPBEFORE_END,1516300136172,137
2526,WS_SEND_START,1516300136172,137
2526,WS_SEND_END,1516300136172,137
2526,WS_RECV_START,1516300136172,138
2526,WS_RECV_END,1516300138028,138
2526,PLAYER_SLEEPBEFORE_START,1516300138028,139
2526,PLAYER_SLEEPBEFORE_END,1516300138718,139
2526,WS_SEND_START,1516300138718,139
2526,WS_SEND_END,1516300138718,139
2526,WS_RECV_START,1516300138718,140
2526,WS_RECV_END,1516300140054,140
2526,PLAYER_SLEEPBEFORE_START,1516300140054,141
2526,PLAYER_SLEEPBEFORE_END,1516300140710,141
2526,WS_SEND_START,1516300140710,141
2526,WS_SEND_END,1516300140710,141
2526,WS_RECV_START,1516300140710,142
2526,WS_RECV_END,1516300142414,142
2526,PLAYER_SLEEPBEFORE_START,1516300142414,143
2526,PLAYER_SLEEPBEFORE_END,1516300142471,143
2526,WS_SEND_START,1516300142471,143
2526,WS_SEND_END,1516300142471,143
2526,WS_RECV_START,1516300142471,144
2526,WS_RECV_END,1516300144274,144
2526,PLAYER_SLEEPBEFORE_START,1516300144274,145
2526,PLAYER_SLEEPBEFORE_END,1516300160336,145
2526,REQ_START,1516300160336,145
2526,REQ_END,1516300160343,145
2526,PLAYER_SLEEPBEFORE_START,1516300160343,146
2526,PLAYER_SLEEPBEFORE_END,1516300169220,146
2526,WS_SEND_START,1516300169220,146
2526,WS_SEND_END,1516300169220,146
2526,WS_RECV_START,1516300169220,147
2526,WS_RECV_END,1516300177733,147
2526,PLAYER_SLEEPBEFORE_START,1516300177733,148
2526,PLAYER_SLEEPBEFORE_END,1516300199655,148
2526,WS_SEND_START,1516300199655,148
2526,WS_SEND_END,1516300199655,148
2526,PLAYER_SLEEPBEFORE_START,1516300199655,149
2526,PLAYER_SLEEPBEFORE_END,1516300202083,149
2526,WS_SEND_START,1516300202083,149
2526,WS_SEND_END,1516300202083,149
2526,WS_RECV_START,1516300202083,150
2526,WS_RECV_END,1516300208042,150
2526,PLAYER_SLEEPBEFORE_START,1516300208042,151
2526,PLAYER_SLEEPBEFORE_END,1516300208252,151
2526,WS_SEND_START,1516300208252,151
2526,WS_SEND_END,1516300208252,151
2526,WS_RECV_START,1516300208252,152
2526,WS_RECV_END,1516300212311,152
2526,PLAYER_SLEEPBEFORE_START,1516300212311,153
2526,PLAYER_SLEEPBEFORE_END,1516300236238,153
2526,WS_SEND_START,1516300236238,153
2526,WS_SEND_END,1516300236238,153
2526,WS_RECV_START,1516300236238,154
2526,WS_RECV_END,1516300241434,154
2526,PLAYER_SLEEPBEFORE_START,1516300241434,155
2526,PLAYER_SLEEPBEFORE_END,1516300263992,155
2526,WS_SEND_START,1516300263992,155
2526,WS_SEND_END,1516300263992,155
2526,PLAYER_SLEEPBEFORE_START,1516300263992,156
2526,PLAYER_SLEEPBEFORE_END,1516300267266,156
2526,WS_SEND_START,1516300267266,156
2526,WS_SEND_END,1516300267266,156
2526,WS_RECV_START,1516300267266,157
2526,WS_RECV_END,1516300270083,157
2526,PLAYER_SLEEPBEFORE_START,1516300270083,158
2526,PLAYER_SLEEPBEFORE_END,1516300270093,158
2526,WS_SEND_START,1516300270093,158
2526,WS_SEND_END,1516300270093,158
2526,WS_RECV_START,1516300270093,159
2526,WS_RECV_END,1516300272489,159
2526,PLAYER_SLEEPBEFORE_START,1516300272489,160
2526,PLAYER_SLEEPBEFORE_END,1516300272665,160
2526,WS_SEND_START,1516300272665,160
2526,WS_SEND_END,1516300272665,160
2526,WS_RECV_START,1516300272665,161
2526,WS_RECV_END,1516300275066,161
2526,PLAYER_SLEEPBEFORE_START,1516300275066,162
2526,PLAYER_SLEEPBEFORE_END,1516300275091,162
2526,WS_SEND_START,1516300275091,162
2526,WS_SEND_END,1516300275091,162
2526,WS_RECV_START,1516300275091,163
2526,WS_RECV_END,1516300277898,163
2526,PLAYER_SLEEPBEFORE_START,1516300277898,164
2526,PLAYER_SLEEPBEFORE_END,1516300298710,164
2526,WS_SEND_START,1516300298710,164
2526,WS_SEND_END,1516300298710,164
2526,WS_RECV_START,1516300298710,165
2526,WS_RECV_END,1516300300769,165
2526,PLAYER_SLEEPBEFORE_START,1516300300769,166
2526,PLAYER_SLEEPBEFORE_END,1516300323224,166
2526,WS_SEND_START,1516300323224,166
2526,WS_SEND_END,1516300323224,166
2526,WS_RECV_START,1516300323224,167
2526,WS_RECV_END,1516300324207,167
2526,PLAYER_SLEEPBEFORE_START,1516300324207,168
2526,PLAYER_SLEEPBEFORE_END,1516300351565,168
2526,WS_SEND_START,1516300351565,168
2526,WS_SEND_END,1516300351565,168
2526,WS_RECV_START,1516300351565,169
2526,WS_RECV_END,1516300351949,169
2526,PLAYER_SLEEPBEFORE_START,1516300351949,170
2526,PLAYER_SLEEPBEFORE_END,1516300351958,170
2526,WS_SEND_START,1516300351958,170
2526,WS_SEND_END,1516300351958,170
2526,WS_RECV_START,1516300351958,171
2526,WS_RECV_END,1516300351997,171
2526,PLAYER_SLEEPBEFORE_START,1516300351997,172
2526,PLAYER_SLEEPBEFORE_END,1516300352366,172
2526,WS_SEND_START,1516300352366,172
2526,WS_SEND_END,1516300352366,172
2526,WS_RECV_START,1516300352366,173
2526,WS_RECV_END,1516300352715,173
2526,PLAYER_SLEEPBEFORE_START,1516300352715,174
2526,PLAYER_SLEEPBEFORE_END,1516300352756,174
2526,WS_SEND_START,1516300352756,174
2526,WS_SEND_END,1516300352756,174
2526,WS_RECV_START,1516300352756,175
2526,WS_RECV_END,1516300352986,175
2526,PLAYER_SLEEPBEFORE_START,1516300352986,176
2526,PLAYER_SLEEPBEFORE_END,1516300374747,176
2526,WS_SEND_START,1516300374747,176
2526,WS_SEND_END,1516300374747,176
2526,PLAYER_SLEEPBEFORE_START,1516300374747,177
2526,PLAYER_SLEEPBEFORE_END,1516300377266,177
2526,WS_SEND_START,1516300377266,177
2526,WS_SEND_END,1516300377266,177
2526,WS_RECV_START,1516300377266,178
2526,WS_RECV_END,1516300377444,178
2526,PLAYER_SLEEPBEFORE_START,1516300377444,179
2526,PLAYER_SLEEPBEFORE_END,1516300399784,179
2526,WS_SEND_START,1516300399784,179
2526,WS_SEND_END,1516300399784,179
2526,WS_RECV_START,1516300399784,180
2526,WS_RECV_END,1516300399921,180
2526,PLAYER_SLEEPBEFORE_START,1516300399921,181
2526,PLAYER_SLEEPBEFORE_END,1516300400365,181
2526,WS_SEND_START,1516300400365,181
2526,WS_SEND_END,1516300400365,181
2526,WS_RECV_START,1516300400365,182
2526,WS_RECV_END,1516300400707,182
2526,PLAYER_SLEEPBEFORE_START,1516300400707,183
2526,PLAYER_SLEEPBEFORE_END,1516300401230,183
2526,WS_SEND_START,1516300401230,183
2526,WS_SEND_END,1516300401230,183
2526,WS_RECV_START,1516300401230,184
2526,WS_RECV_END,1516300401495,184
2526,PLAYER_SLEEPBEFORE_START,1516300401495,185
2526,PLAYER_SLEEPBEFORE_END,1516300401763,185
2526,WS_SEND_START,1516300401763,185
2526,WS_SEND_END,1516300401763,185
2526,WS_RECV_START,1516300401763,186
2526,WS_RECV_END,1516300402029,186
2526,PLAYER_SLEEPBEFORE_START,1516300402029,187
2526,PLAYER_SLEEPBEFORE_END,1516300424529,187
2526,WS_SEND_START,1516300424529,187
2526,WS_SEND_END,1516300424530,187
2526,WS_RECV_START,1516300424530,188
2526,WS_RECV_END,1516300424570,188
2526,PLAYER_SLEEPBEFORE_START,1516300424570,189
2526,PLAYER_SLEEPBEFORE_END,1516300430810,189
2526,WS_SEND_START,1516300430810,189
2526,WS_SEND_END,1516300430810,189
2526,WS_RECV_START,1516300430810,190
2526,WS_RECV_END,1516300430941,190
2526,PLAYER_SLEEPBEFORE_START,1516300430941,191
2526,PLAYER_SLEEPBEFORE_END,1516300432856,191
2526,WS_SEND_START,1516300432856,191
2526,WS_SEND_END,1516300432856,191
2526,WS_RECV_START,1516300432856,192
2526,WS_RECV_END,1516300432958,192
2526,PLAYER_SLEEPBEFORE_START,1516300432958,193
2526,PLAYER_SLEEPBEFORE_END,1516300433086,193
2526,WS_SEND_START,1516300433086,193
2526,WS_SEND_END,1516300433086,193
2526,WS_RECV_START,1516300433086,194
2526,WS_RECV_END,1516300433189,194
2526,PLAYER_SLEEPBEFORE_START,1516300433189,195
2526,PLAYER_SLEEPBEFORE_END,1516300434944,195
2526,WS_SEND_START,1516300434944,195
2526,WS_SEND_END,1516300434944,195
2526,WS_RECV_START,1516300434944,196
2526,WS_RECV_END,1516300435063,196
2526,PLAYER_SLEEPBEFORE_START,1516300435063,197
2526,PLAYER_SLEEPBEFORE_END,1516300436868,197
2526,WS_SEND_START,1516300436868,197
2526,WS_SEND_END,1516300436868,197
2526,WS_RECV_START,1516300436868,198
2526,WS_RECV_END,1516300436975,198
2526,PLAYER_SLEEPBEFORE_START,1516300436975,199
2526,PLAYER_SLEEPBEFORE_END,1516300448829,199
2526,WS_SEND_START,1516300448829,199
2526,WS_SEND_END,1516300448829,199
2526,PLAYER_SLEEPBEFORE_START,1516300448829,200
2526,PLAYER_SLEEPBEFORE_END,1516300452917,200
2526,WS_SEND_START,1516300452917,200
2526,WS_SEND_END,1516300452917,200
2526,WS_RECV_START,1516300452917,201
2526,WS_RECV_END,1516300453005,201
2526,PLAYER_SLEEPBEFORE_START,1516300453005,202
2526,PLAYER_SLEEPBEFORE_END,1516300453019,202
2526,WS_SEND_START,1516300453019,202
2526,WS_SEND_END,1516300453019,202
2526,WS_RECV_START,1516300453019,203
2526,WS_RECV_END,1516300453150,203
2526,PLAYER_SLEEPBEFORE_START,1516300453150,204
2526,PLAYER_SLEEPBEFORE_END,1516300472799,204
2526,WS_SEND_START,1516300472799,204
2526,WS_SEND_END,1516300472799,204
2526,PLAYER_SLEEPBEFORE_START,1516300472799,205
2526,PLAYER_SLEEPBEFORE_END,1516300476698,205
2526,WS_SEND_START,1516300476698,205
2526,WS_SEND_END,1516300476698,205
2526,WS_RECV_START,1516300476698,206
2526,WS_RECV_END,1516300476800,206
2526,PLAYER_SLEEPBEFORE_START,1516300476800,207
2526,PLAYER_SLEEPBEFORE_END,1516300493731,207
2526,REQ_START,1516300493731,207
2526,REQ_END,1516300493737,207
2526,PLAYER_SLEEPBEFORE_START,1516300493737,208
2526,PLAYER_SLEEPBEFORE_END,1516300500589,208
2526,WS_CLOSE_START,1516300500589,208
2526,WS_CLOSE_END,1516300500589,208
2526,PLAYER_DONE,1516300500589
