# --sessions 2700 --app-url=http://shinyloadtest.rstudioservices.com/cran_explorer --output-dir test2700 --overwrite-output --log-level warn --start-interval 100 15min.log
thread_id,event,timestamp,input_line_number,comment
256,PLAYER_SESSION_CREATE,1516299245353
256,PLAYER_START_INTERVAL_START,1516299245353
256,PLAYER_START_INTERVAL_END,1516299270953
256,REQ_HOME_START,1516299270953,2
256,REQ_HOME_END,1516299271081,2
256,REQ_START,1516299271081,3
256,REQ_END,1516299271136,3
256,REQ_START,1516299271136,4
256,REQ_END,1516299271173,4
256,REQ_START,1516299271173,5
256,REQ_END,1516299271210,5
256,REQ_START,1516299271210,6
256,REQ_END,1516299271267,6
256,REQ_START,1516299271267,7
256,REQ_END,1516299271310,7
256,REQ_START,1516299271310,8
256,REQ_END,1516299271371,8
256,REQ_START,1516299271371,9
256,REQ_END,1516299271408,9
256,REQ_START,1516299271408,10
256,REQ_END,1516299271416,10
256,REQ_START,1516299271416,11
256,REQ_END,1516299271452,11
256,REQ_START,1516299271452,12
256,REQ_END,1516299271461,12
256,REQ_START,1516299271461,13
256,REQ_END,1516299271497,13
256,REQ_START,1516299271497,14
256,REQ_END,1516299271510,14
256,REQ_START,1516299271510,15
256,REQ_END,1516299271547,15
256,REQ_TOK_START,1516299271547,16
256,REQ_TOK_END,1516299271555,16
256,REQ_SINF_START,1516299271555,17
256,REQ_SINF_END,1516299271563,17
256,WS_OPEN_START,1516299271563,18
256,WS_OPEN_END,1516299271575,18
256,REQ_START,1516299271575,19
256,REQ_END,1516299271606,19
256,WS_RECV_START,1516299271606,20
256,WS_RECV_END,1516299271606,20
256,PLAYER_SLEEPBEFORE_START,1516299271606,21
256,PLAYER_SLEEPBEFORE_END,1516299271611,21
256,WS_SEND_START,1516299271611,21
256,WS_SEND_END,1516299271611,21
256,PLAYER_SLEEPBEFORE_START,1516299271611,22
256,PLAYER_SLEEPBEFORE_END,1516299271612,22
256,WS_SEND_START,1516299271612,22
256,WS_SEND_END,1516299271612,22
256,WS_RECV_INIT_START,1516299271612,23
256,WS_RECV_INIT_END,1516299271631,23
256,WS_RECV_START,1516299271632,24
256,WS_RECV_END,1516299271695,24
256,PLAYER_SLEEPBEFORE_START,1516299271695,25
256,PLAYER_SLEEPBEFORE_END,1516299271702,25
256,REQ_START,1516299271702,25
256,REQ_END,1516299271737,25
256,PLAYER_SLEEPBEFORE_START,1516299271737,26
256,PLAYER_SLEEPBEFORE_END,1516299271738,26
256,REQ_START,1516299271738,26
256,REQ_END,1516299271774,26
256,PLAYER_SLEEPBEFORE_START,1516299271774,27
256,PLAYER_SLEEPBEFORE_END,1516299271777,27
256,REQ_START,1516299271777,27
256,REQ_END,1516299271826,27
256,PLAYER_SLEEPBEFORE_START,1516299271826,28
256,PLAYER_SLEEPBEFORE_END,1516299272112,28
256,REQ_START,1516299272112,28
256,REQ_END,1516299272154,28
256,PLAYER_SLEEPBEFORE_START,1516299272154,29
256,PLAYER_SLEEPBEFORE_END,1516299272330,29
256,WS_SEND_START,1516299272330,29
256,WS_SEND_END,1516299272330,29
256,WS_RECV_START,1516299272330,30
256,WS_RECV_END,1516299272443,30
256,PLAYER_SLEEPBEFORE_START,1516299272443,31
256,PLAYER_SLEEPBEFORE_END,1516299272454,31
256,REQ_START,1516299272454,31
256,REQ_END,1516299272490,31
256,PLAYER_SLEEPBEFORE_START,1516299272490,32
256,PLAYER_SLEEPBEFORE_END,1516299300635,32
256,WS_SEND_START,1516299300635,32
256,WS_SEND_END,1516299300635,32
256,WS_RECV_START,1516299300635,33
256,WS_RECV_END,1516299300726,33
256,PLAYER_SLEEPBEFORE_START,1516299300726,34
256,PLAYER_SLEEPBEFORE_END,1516299326637,34
256,WS_SEND_START,1516299326637,34
256,WS_SEND_END,1516299326637,34
256,WS_RECV_START,1516299326637,35
256,WS_RECV_END,1516299326695,35
256,PLAYER_SLEEPBEFORE_START,1516299326695,36
256,PLAYER_SLEEPBEFORE_END,1516299326704,36
256,WS_SEND_START,1516299326704,36
256,WS_SEND_END,1516299326704,36
256,WS_RECV_START,1516299326704,37
256,WS_RECV_END,1516299326745,37
256,PLAYER_SLEEPBEFORE_START,1516299326745,38
256,PLAYER_SLEEPBEFORE_END,1516299329940,38
256,WS_SEND_START,1516299329940,38
256,WS_SEND_END,1516299329940,38
256,WS_RECV_START,1516299329940,39
256,WS_RECV_END,1516299330081,39
256,PLAYER_SLEEPBEFORE_START,1516299330081,40
256,PLAYER_SLEEPBEFORE_END,1516299330128,40
256,WS_SEND_START,1516299330128,40
256,WS_SEND_END,1516299330128,40
256,WS_RECV_START,1516299330128,41
256,WS_RECV_END,1516299330243,41
256,PLAYER_SLEEPBEFORE_START,1516299330243,42
256,PLAYER_SLEEPBEFORE_END,1516299348378,42
256,WS_SEND_START,1516299348378,42
256,WS_SEND_END,1516299348378,42
256,WS_RECV_START,1516299348378,43
256,WS_RECV_END,1516299348430,43
256,PLAYER_SLEEPBEFORE_START,1516299348430,44
256,PLAYER_SLEEPBEFORE_END,1516299348442,44
256,WS_SEND_START,1516299348442,44
256,WS_SEND_END,1516299348442,44
256,WS_RECV_START,1516299348442,45
256,WS_RECV_END,1516299348497,45
256,PLAYER_SLEEPBEFORE_START,1516299348497,46
256,PLAYER_SLEEPBEFORE_END,1516299349757,46
256,WS_SEND_START,1516299349757,46
256,WS_SEND_END,1516299349757,46
256,WS_RECV_START,1516299349757,47
256,WS_RECV_END,1516299349785,47
256,PLAYER_SLEEPBEFORE_START,1516299349786,48
256,PLAYER_SLEEPBEFORE_END,1516299351106,48
256,WS_SEND_START,1516299351106,48
256,WS_SEND_END,1516299351106,48
256,WS_RECV_START,1516299351106,49
256,WS_RECV_END,1516299351223,49
256,PLAYER_SLEEPBEFORE_START,1516299351223,50
256,PLAYER_SLEEPBEFORE_END,1516299351247,50
256,WS_SEND_START,1516299351247,50
256,WS_SEND_END,1516299351248,50
256,WS_RECV_START,1516299351248,51
256,WS_RECV_END,1516299351348,51
256,PLAYER_SLEEPBEFORE_START,1516299351348,52
256,PLAYER_SLEEPBEFORE_END,1516299373912,52
256,WS_SEND_START,1516299373912,52
256,WS_SEND_END,1516299373912,52
256,WS_RECV_START,1516299373912,53
256,WS_RECV_END,1516299374027,53
256,PLAYER_SLEEPBEFORE_START,1516299374027,54
256,PLAYER_SLEEPBEFORE_END,1516299395330,54
256,WS_SEND_START,1516299395330,54
256,WS_SEND_END,1516299395330,54
256,PLAYER_SLEEPBEFORE_START,1516299395330,55
256,PLAYER_SLEEPBEFORE_END,1516299397271,55
256,WS_SEND_START,1516299397271,55
256,WS_SEND_END,1516299397271,55
256,WS_RECV_START,1516299397271,56
256,WS_RECV_END,1516299397469,56
256,PLAYER_SLEEPBEFORE_START,1516299397469,57
256,PLAYER_SLEEPBEFORE_END,1516299420342,57
256,WS_SEND_START,1516299420342,57
256,WS_SEND_END,1516299420342,57
256,WS_RECV_START,1516299420342,58
256,WS_RECV_END,1516299420701,58
256,PLAYER_SLEEPBEFORE_START,1516299420701,59
256,PLAYER_SLEEPBEFORE_END,1516299423029,59
256,WS_SEND_START,1516299423029,59
256,WS_SEND_END,1516299423029,59
256,WS_RECV_START,1516299423029,60
256,WS_RECV_END,1516299423211,60
256,PLAYER_SLEEPBEFORE_START,1516299423211,61
256,PLAYER_SLEEPBEFORE_END,1516299426803,61
256,WS_SEND_START,1516299426803,61
256,WS_SEND_END,1516299426803,61
256,WS_RECV_START,1516299426803,62
256,WS_RECV_END,1516299427037,62
256,PLAYER_SLEEPBEFORE_START,1516299427037,63
256,PLAYER_SLEEPBEFORE_END,1516299446299,63
256,WS_SEND_START,1516299446299,63
256,WS_SEND_END,1516299446299,63
256,WS_RECV_START,1516299446299,64
256,WS_RECV_END,1516299446484,64
256,PLAYER_SLEEPBEFORE_START,1516299446484,65
256,PLAYER_SLEEPBEFORE_END,1516299473301,65
256,WS_SEND_START,1516299473301,65
256,WS_SEND_END,1516299473301,65
256,WS_RECV_START,1516299473301,66
256,WS_RECV_END,1516299473612,66
256,PLAYER_SLEEPBEFORE_START,1516299473612,67
256,PLAYER_SLEEPBEFORE_END,1516299475119,67
256,WS_SEND_START,1516299475119,67
256,WS_SEND_END,1516299475119,67
256,WS_RECV_START,1516299475119,68
256,WS_RECV_END,1516299475353,68
256,PLAYER_SLEEPBEFORE_START,1516299475353,69
256,PLAYER_SLEEPBEFORE_END,1516299497351,69
256,WS_SEND_START,1516299497351,69
256,WS_SEND_END,1516299497351,69
256,WS_RECV_START,1516299497351,70
256,WS_RECV_END,1516299498037,70
256,PLAYER_SLEEPBEFORE_START,1516299498037,71
256,PLAYER_SLEEPBEFORE_END,1516299522812,71
256,WS_SEND_START,1516299522812,71
256,WS_SEND_END,1516299522812,71
256,PLAYER_SLEEPBEFORE_START,1516299522812,72
256,PLAYER_SLEEPBEFORE_END,1516299525419,72
256,WS_SEND_START,1516299525419,72
256,WS_SEND_END,1516299525419,72
256,WS_RECV_START,1516299525419,73
256,WS_RECV_END,1516299525980,73
256,PLAYER_SLEEPBEFORE_START,1516299525980,74
256,PLAYER_SLEEPBEFORE_END,1516299525989,74
256,WS_SEND_START,1516299525989,74
256,WS_SEND_END,1516299525989,74
256,WS_RECV_START,1516299525989,75
256,WS_RECV_END,1516299526310,75
256,PLAYER_SLEEPBEFORE_START,1516299526310,76
256,PLAYER_SLEEPBEFORE_END,1516299527816,76
256,WS_SEND_START,1516299527816,76
256,WS_SEND_END,1516299527816,76
256,WS_RECV_START,1516299527816,77
256,WS_RECV_END,1516299528052,77
256,PLAYER_SLEEPBEFORE_START,1516299528052,78
256,PLAYER_SLEEPBEFORE_END,1516299528920,78
256,WS_SEND_START,1516299528920,78
256,WS_SEND_END,1516299528920,78
256,WS_RECV_START,1516299528920,79
256,WS_RECV_END,1516299529068,79
256,PLAYER_SLEEPBEFORE_START,1516299529068,80
256,PLAYER_SLEEPBEFORE_END,1516299536734,80
256,WS_SEND_START,1516299536734,80
256,WS_SEND_END,1516299536734,80
256,WS_RECV_START,1516299536734,81
256,WS_RECV_END,1516299537864,81
256,PLAYER_SLEEPBEFORE_START,1516299537864,82
256,PLAYER_SLEEPBEFORE_END,1516299538966,82
256,WS_SEND_START,1516299538966,82
256,WS_SEND_END,1516299538966,82
256,WS_RECV_START,1516299538966,83
256,WS_RECV_END,1516299539565,83
256,PLAYER_SLEEPBEFORE_START,1516299539565,84
256,PLAYER_SLEEPBEFORE_END,1516299540513,84
256,WS_SEND_START,1516299540513,84
256,WS_SEND_END,1516299540513,84
256,WS_RECV_START,1516299540513,85
256,WS_RECV_END,1516299541010,85
256,PLAYER_SLEEPBEFORE_START,1516299541010,86
256,PLAYER_SLEEPBEFORE_END,1516299545182,86
256,WS_SEND_START,1516299545182,86
256,WS_SEND_END,1516299545182,86
256,WS_RECV_START,1516299545182,87
256,WS_RECV_END,1516299545981,87
256,PLAYER_SLEEPBEFORE_START,1516299545981,88
256,PLAYER_SLEEPBEFORE_END,1516299545989,88
256,WS_SEND_START,1516299545989,88
256,WS_SEND_END,1516299545989,88
256,WS_RECV_START,1516299545989,89
256,WS_RECV_END,1516299546719,89
256,PLAYER_SLEEPBEFORE_START,1516299546719,90
256,PLAYER_SLEEPBEFORE_END,1516299573916,90
256,REQ_START,1516299573916,90
256,REQ_END,1516299573924,90
256,PLAYER_SLEEPBEFORE_START,1516299573924,91
256,PLAYER_SLEEPBEFORE_END,1516299581813,91
256,WS_SEND_START,1516299581813,91
256,WS_SEND_END,1516299581813,91
256,WS_RECV_START,1516299581813,92
256,WS_RECV_END,1516299582088,92
256,PLAYER_SLEEPBEFORE_START,1516299582088,93
256,PLAYER_SLEEPBEFORE_END,1516299582103,93
256,WS_SEND_START,1516299582103,93
256,WS_SEND_END,1516299582103,93
256,WS_RECV_START,1516299582103,94
256,WS_RECV_END,1516299582367,94
256,PLAYER_SLEEPBEFORE_START,1516299582367,95
256,PLAYER_SLEEPBEFORE_END,1516299605922,95
256,WS_SEND_START,1516299605922,95
256,WS_SEND_END,1516299605922,95
256,WS_RECV_START,1516299605922,96
256,WS_RECV_END,1516299606249,96
256,PLAYER_SLEEPBEFORE_START,1516299606249,97
256,PLAYER_SLEEPBEFORE_END,1516299628689,97
256,WS_SEND_START,1516299628689,97
256,WS_SEND_END,1516299628689,97
256,WS_RECV_START,1516299628689,98
256,WS_RECV_END,1516299629607,98
256,PLAYER_SLEEPBEFORE_START,1516299629607,99
256,PLAYER_SLEEPBEFORE_END,1516299629628,99
256,WS_SEND_START,1516299629628,99
256,WS_SEND_END,1516299629628,99
256,WS_RECV_START,1516299629628,100
256,WS_RECV_END,1516299629797,100
256,PLAYER_SLEEPBEFORE_START,1516299629797,101
256,PLAYER_SLEEPBEFORE_END,1516299653356,101
256,WS_SEND_START,1516299653356,101
256,WS_SEND_END,1516299653356,101
256,WS_RECV_START,1516299653356,102
256,WS_RECV_END,1516299654136,102
256,PLAYER_SLEEPBEFORE_START,1516299654136,103
256,PLAYER_SLEEPBEFORE_END,1516299677761,103
256,WS_SEND_START,1516299677761,103
256,WS_SEND_END,1516299677761,103
256,WS_RECV_START,1516299677761,104
256,WS_RECV_END,1516299678291,104
256,PLAYER_SLEEPBEFORE_START,1516299678291,105
256,PLAYER_SLEEPBEFORE_END,1516299703668,105
256,WS_SEND_START,1516299703668,105
256,WS_SEND_END,1516299703668,105
256,WS_RECV_START,1516299703668,106
256,WS_RECV_END,1516299704039,106
256,PLAYER_SLEEPBEFORE_START,1516299704039,107
256,PLAYER_SLEEPBEFORE_END,1516299727463,107
256,WS_SEND_START,1516299727463,107
256,WS_SEND_END,1516299727463,107
256,WS_RECV_START,1516299727463,108
256,WS_RECV_END,1516299728397,108
256,PLAYER_SLEEPBEFORE_START,1516299728397,109
256,PLAYER_SLEEPBEFORE_END,1516299728406,109
256,WS_SEND_START,1516299728406,109
256,WS_SEND_END,1516299728406,109
256,WS_RECV_START,1516299728406,110
256,WS_RECV_END,1516299728761,110
256,PLAYER_SLEEPBEFORE_START,1516299728761,111
256,PLAYER_SLEEPBEFORE_END,1516299729721,111
256,WS_SEND_START,1516299729721,111
256,WS_SEND_END,1516299729721,111
256,WS_RECV_START,1516299729721,112
256,WS_RECV_END,1516299730578,112
256,PLAYER_SLEEPBEFORE_START,1516299730578,113
256,PLAYER_SLEEPBEFORE_END,1516299731140,113
256,WS_SEND_START,1516299731140,113
256,WS_SEND_END,1516299731140,113
256,WS_RECV_START,1516299731140,114
256,WS_RECV_END,1516299731854,114
256,PLAYER_SLEEPBEFORE_START,1516299731854,115
256,PLAYER_SLEEPBEFORE_END,1516299731864,115
256,WS_SEND_START,1516299731864,115
256,WS_SEND_END,1516299731864,115
256,WS_RECV_START,1516299731864,116
256,WS_RECV_END,1516299732518,116
256,PLAYER_SLEEPBEFORE_START,1516299732518,117
256,PLAYER_SLEEPBEFORE_END,1516299752878,117
256,WS_SEND_START,1516299752878,117
256,WS_SEND_END,1516299752878,117
256,PLAYER_SLEEPBEFORE_START,1516299752878,118
256,PLAYER_SLEEPBEFORE_END,1516299756630,118
256,WS_SEND_START,1516299756630,118
256,WS_SEND_END,1516299756630,118
256,WS_RECV_START,1516299756630,119
256,WS_RECV_END,1516299757286,119
256,PLAYER_SLEEPBEFORE_START,1516299757286,120
256,PLAYER_SLEEPBEFORE_END,1516299758274,120
256,WS_SEND_START,1516299758274,120
256,WS_SEND_END,1516299758274,120
256,WS_RECV_START,1516299758274,121
256,WS_RECV_END,1516299758616,121
256,PLAYER_SLEEPBEFORE_START,1516299758616,122
256,PLAYER_SLEEPBEFORE_END,1516299759801,122
256,WS_SEND_START,1516299759801,122
256,WS_SEND_END,1516299759801,122
256,WS_RECV_START,1516299759801,123
256,WS_RECV_END,1516299760616,123
256,PLAYER_SLEEPBEFORE_START,1516299760616,124
256,PLAYER_SLEEPBEFORE_END,1516299785021,124
256,WS_SEND_START,1516299785021,124
256,WS_SEND_END,1516299785021,124
256,WS_RECV_START,1516299785021,125
256,WS_RECV_END,1516299786257,125
256,PLAYER_SLEEPBEFORE_START,1516299786257,126
256,PLAYER_SLEEPBEFORE_END,1516299806769,126
256,WS_SEND_START,1516299806769,126
256,WS_SEND_END,1516299806769,126
256,PLAYER_SLEEPBEFORE_START,1516299806769,127
256,PLAYER_SLEEPBEFORE_END,1516299809823,127
256,WS_SEND_START,1516299809823,127
256,WS_SEND_END,1516299809823,127
256,WS_RECV_START,1516299809823,128
256,WS_RECV_END,1516299810729,128
256,PLAYER_SLEEPBEFORE_START,1516299810729,129
256,PLAYER_SLEEPBEFORE_END,1516299810749,129
256,WS_SEND_START,1516299810749,129
256,WS_SEND_END,1516299810749,129
256,WS_RECV_START,1516299810749,130
256,WS_RECV_END,1516299811069,130
256,PLAYER_SLEEPBEFORE_START,1516299811069,131
256,PLAYER_SLEEPBEFORE_END,1516299832693,131
256,WS_SEND_START,1516299832693,131
256,WS_SEND_END,1516299832693,131
256,PLAYER_SLEEPBEFORE_START,1516299832693,132
256,PLAYER_SLEEPBEFORE_END,1516299835773,132
256,WS_SEND_START,1516299835773,132
256,WS_SEND_END,1516299835773,132
256,WS_RECV_START,1516299835773,133
256,WS_RECV_END,1516299836179,133
256,PLAYER_SLEEPBEFORE_START,1516299836179,134
256,PLAYER_SLEEPBEFORE_END,1516299857397,134
256,WS_SEND_START,1516299857397,134
256,WS_SEND_END,1516299857397,134
256,PLAYER_SLEEPBEFORE_START,1516299857397,135
256,PLAYER_SLEEPBEFORE_END,1516299860587,135
256,WS_SEND_START,1516299860587,135
256,WS_SEND_END,1516299860587,135
256,WS_RECV_START,1516299860587,136
256,WS_RECV_END,1516299861928,136
256,PLAYER_SLEEPBEFORE_START,1516299861928,137
256,PLAYER_SLEEPBEFORE_END,1516299861935,137
256,WS_SEND_START,1516299861935,137
256,WS_SEND_END,1516299861935,137
256,WS_RECV_START,1516299861935,138
256,WS_RECV_END,1516299864054,138
256,PLAYER_SLEEPBEFORE_START,1516299864054,139
256,PLAYER_SLEEPBEFORE_END,1516299864744,139
256,WS_SEND_START,1516299864744,139
256,WS_SEND_END,1516299864744,139
256,WS_RECV_START,1516299864744,140
256,WS_RECV_END,1516299866684,140
256,PLAYER_SLEEPBEFORE_START,1516299866684,141
256,PLAYER_SLEEPBEFORE_END,1516299867339,141
256,WS_SEND_START,1516299867339,141
256,WS_SEND_END,1516299867339,141
256,WS_RECV_START,1516299867339,142
256,WS_RECV_END,1516299869536,142
256,PLAYER_SLEEPBEFORE_START,1516299869536,143
256,PLAYER_SLEEPBEFORE_END,1516299869593,143
256,WS_SEND_START,1516299869593,143
256,WS_SEND_END,1516299869593,143
256,WS_RECV_START,1516299869593,144
256,WS_RECV_END,1516299872647,144
256,PLAYER_SLEEPBEFORE_START,1516299872647,145
256,PLAYER_SLEEPBEFORE_END,1516299888709,145
256,REQ_START,1516299888709,145
256,REQ_END,1516299888717,145
256,PLAYER_SLEEPBEFORE_START,1516299888717,146
256,PLAYER_SLEEPBEFORE_END,1516299897594,146
256,WS_SEND_START,1516299897594,146
256,WS_SEND_END,1516299897594,146
256,WS_RECV_START,1516299897594,147
256,WS_RECV_END,1516299898560,147
256,PLAYER_SLEEPBEFORE_START,1516299898560,148
256,PLAYER_SLEEPBEFORE_END,1516299920482,148
256,WS_SEND_START,1516299920482,148
256,WS_SEND_END,1516299920482,148
256,PLAYER_SLEEPBEFORE_START,1516299920482,149
256,PLAYER_SLEEPBEFORE_END,1516299922910,149
256,WS_SEND_START,1516299922910,149
256,WS_SEND_END,1516299922910,149
256,WS_RECV_START,1516299922910,150
256,WS_RECV_END,1516299924339,150
256,PLAYER_SLEEPBEFORE_START,1516299924339,151
256,PLAYER_SLEEPBEFORE_END,1516299924549,151
256,WS_SEND_START,1516299924549,151
256,WS_SEND_END,1516299924549,151
256,WS_RECV_START,1516299924549,152
256,WS_RECV_END,1516299925933,152
256,PLAYER_SLEEPBEFORE_START,1516299925933,153
256,PLAYER_SLEEPBEFORE_END,1516299949860,153
256,WS_SEND_START,1516299949860,153
256,WS_SEND_END,1516299949860,153
256,WS_RECV_START,1516299949860,154
256,WS_RECV_END,1516299950216,154
256,PLAYER_SLEEPBEFORE_START,1516299950216,155
256,PLAYER_SLEEPBEFORE_END,1516299972799,155
256,WS_SEND_START,1516299972799,155
256,WS_SEND_END,1516299972799,155
256,PLAYER_SLEEPBEFORE_START,1516299972799,156
256,PLAYER_SLEEPBEFORE_END,1516299976073,156
256,WS_SEND_START,1516299976073,156
256,WS_SEND_END,1516299976074,156
256,WS_RECV_START,1516299976074,157
256,WS_RECV_END,1516299977558,157
256,PLAYER_SLEEPBEFORE_START,1516299977558,158
256,PLAYER_SLEEPBEFORE_END,1516299977569,158
256,WS_SEND_START,1516299977569,158
256,WS_SEND_END,1516299977569,158
256,WS_RECV_START,1516299977569,159
256,WS_RECV_END,1516299978590,159
256,PLAYER_SLEEPBEFORE_START,1516299978590,160
256,PLAYER_SLEEPBEFORE_END,1516299978765,160
256,WS_SEND_START,1516299978765,160
256,WS_SEND_END,1516299978765,160
256,WS_RECV_START,1516299978765,161
256,WS_RECV_END,1516299980155,161
256,PLAYER_SLEEPBEFORE_START,1516299980155,162
256,PLAYER_SLEEPBEFORE_END,1516299980180,162
256,WS_SEND_START,1516299980180,162
256,WS_SEND_END,1516299980180,162
256,WS_RECV_START,1516299980180,163
256,WS_RECV_END,1516299981353,163
256,PLAYER_SLEEPBEFORE_START,1516299981353,164
256,PLAYER_SLEEPBEFORE_END,1516300002165,164
256,WS_SEND_START,1516300002165,164
256,WS_SEND_END,1516300002165,164
256,WS_RECV_START,1516300002165,165
256,WS_RECV_END,1516300003772,165
256,PLAYER_SLEEPBEFORE_START,1516300003772,166
256,PLAYER_SLEEPBEFORE_END,1516300026227,166
256,WS_SEND_START,1516300026227,166
256,WS_SEND_END,1516300026227,166
256,WS_RECV_START,1516300026227,167
256,WS_RECV_END,1516300027148,167
256,PLAYER_SLEEPBEFORE_START,1516300027148,168
256,PLAYER_SLEEPBEFORE_END,1516300054505,168
256,WS_SEND_START,1516300054506,168
256,WS_SEND_END,1516300054506,168
256,WS_RECV_START,1516300054506,169
256,WS_RECV_END,1516300054577,169
256,PLAYER_SLEEPBEFORE_START,1516300054577,170
256,PLAYER_SLEEPBEFORE_END,1516300054586,170
256,WS_SEND_START,1516300054586,170
256,WS_SEND_END,1516300054586,170
256,WS_RECV_START,1516300054586,171
256,WS_RECV_END,1516300054625,171
256,PLAYER_SLEEPBEFORE_START,1516300054625,172
256,PLAYER_SLEEPBEFORE_END,1516300054995,172
256,WS_SEND_START,1516300054995,172
256,WS_SEND_END,1516300054995,172
256,WS_RECV_START,1516300054995,173
256,WS_RECV_END,1516300055159,173
256,PLAYER_SLEEPBEFORE_START,1516300055159,174
256,PLAYER_SLEEPBEFORE_END,1516300055200,174
256,WS_SEND_START,1516300055200,174
256,WS_SEND_END,1516300055200,174
256,WS_RECV_START,1516300055200,175
256,WS_RECV_END,1516300055722,175
256,PLAYER_SLEEPBEFORE_START,1516300055722,176
256,PLAYER_SLEEPBEFORE_END,1516300077483,176
256,WS_SEND_START,1516300077483,176
256,WS_SEND_END,1516300077483,176
256,PLAYER_SLEEPBEFORE_START,1516300077484,177
256,PLAYER_SLEEPBEFORE_END,1516300080002,177
256,WS_SEND_START,1516300080002,177
256,WS_SEND_END,1516300080002,177
256,WS_RECV_START,1516300080002,178
256,WS_RECV_END,1516300080686,178
256,PLAYER_SLEEPBEFORE_START,1516300080686,179
256,PLAYER_SLEEPBEFORE_END,1516300103026,179
256,WS_SEND_START,1516300103026,179
256,WS_SEND_END,1516300103026,179
256,WS_RECV_START,1516300103026,180
256,WS_RECV_END,1516300104481,180
256,PLAYER_SLEEPBEFORE_START,1516300104481,181
256,PLAYER_SLEEPBEFORE_END,1516300104926,181
256,WS_SEND_START,1516300104926,181
256,WS_SEND_END,1516300104926,181
256,WS_RECV_START,1516300104926,182
256,WS_RECV_END,1516300105557,182
256,PLAYER_SLEEPBEFORE_START,1516300105557,183
256,PLAYER_SLEEPBEFORE_END,1516300106080,183
256,WS_SEND_START,1516300106080,183
256,WS_SEND_END,1516300106080,183
256,WS_RECV_START,1516300106080,184
256,WS_RECV_END,1516300107530,184
256,PLAYER_SLEEPBEFORE_START,1516300107530,185
256,PLAYER_SLEEPBEFORE_END,1516300107798,185
256,WS_SEND_START,1516300107798,185
256,WS_SEND_END,1516300107798,185
256,WS_RECV_START,1516300107798,186
256,WS_RECV_END,1516300108517,186
256,PLAYER_SLEEPBEFORE_START,1516300108517,187
256,PLAYER_SLEEPBEFORE_END,1516300131017,187
256,WS_SEND_START,1516300131017,187
256,WS_SEND_END,1516300131018,187
256,WS_RECV_START,1516300131018,188
256,WS_RECV_END,1516300136259,188
256,PLAYER_SLEEPBEFORE_START,1516300136259,189
256,PLAYER_SLEEPBEFORE_END,1516300142498,189
256,WS_SEND_START,1516300142498,189
256,WS_SEND_END,1516300142498,189
256,WS_RECV_START,1516300142498,190
256,WS_RECV_END,1516300147140,190
256,PLAYER_SLEEPBEFORE_START,1516300147140,191
256,PLAYER_SLEEPBEFORE_END,1516300149055,191
256,WS_SEND_START,1516300149055,191
256,WS_SEND_END,1516300149055,191
256,WS_RECV_START,1516300149055,192
256,WS_RECV_END,1516300150616,192
256,PLAYER_SLEEPBEFORE_START,1516300150616,193
256,PLAYER_SLEEPBEFORE_END,1516300150744,193
256,WS_SEND_START,1516300150744,193
256,WS_SEND_END,1516300150744,193
256,WS_RECV_START,1516300150744,194
256,WS_RECV_END,1516300154434,194
256,PLAYER_SLEEPBEFORE_START,1516300154434,195
256,PLAYER_SLEEPBEFORE_END,1516300156189,195
256,WS_SEND_START,1516300156189,195
256,WS_SEND_END,1516300156189,195
256,WS_RECV_START,1516300156189,196
256,WS_RECV_END,1516300158485,196
256,PLAYER_SLEEPBEFORE_START,1516300158485,197
256,PLAYER_SLEEPBEFORE_END,1516300160289,197
256,WS_SEND_START,1516300160289,197
256,WS_SEND_END,1516300160289,197
256,WS_RECV_START,1516300160289,198
256,WS_RECV_END,1516300162963,198
256,PLAYER_SLEEPBEFORE_START,1516300162963,199
256,PLAYER_SLEEPBEFORE_END,1516300174817,199
256,WS_SEND_START,1516300174817,199
256,WS_SEND_END,1516300174817,199
256,PLAYER_SLEEPBEFORE_START,1516300174817,200
256,PLAYER_SLEEPBEFORE_END,1516300178936,200
256,WS_SEND_START,1516300178936,200
256,WS_SEND_END,1516300178936,200
256,WS_RECV_START,1516300178936,201
256,WS_RECV_END,1516300180984,201
256,PLAYER_SLEEPBEFORE_START,1516300180984,202
256,PLAYER_SLEEPBEFORE_END,1516300180998,202
256,WS_SEND_START,1516300180998,202
256,WS_SEND_END,1516300180998,202
256,WS_RECV_START,1516300180998,203
256,WS_RECV_END,1516300183117,203
256,PLAYER_SLEEPBEFORE_START,1516300183117,204
256,PLAYER_SLEEPBEFORE_END,1516300202766,204
256,WS_SEND_START,1516300202766,204
256,WS_SEND_END,1516300202767,204
256,PLAYER_SLEEPBEFORE_START,1516300202767,205
256,PLAYER_SLEEPBEFORE_END,1516300206665,205
256,WS_SEND_START,1516300206665,205
256,WS_SEND_END,1516300206665,205
256,WS_RECV_START,1516300206665,206
256,WS_RECV_END,1516300207340,206
256,PLAYER_SLEEPBEFORE_START,1516300207340,207
256,PLAYER_SLEEPBEFORE_END,1516300224271,207
256,REQ_START,1516300224271,207
256,REQ_END,1516300224278,207
256,PLAYER_SLEEPBEFORE_START,1516300224278,208
256,PLAYER_SLEEPBEFORE_END,1516300231131,208
256,WS_CLOSE_START,1516300231131,208
256,WS_CLOSE_END,1516300231131,208
256,PLAYER_DONE,1516300231131
