# --sessions 2700 --app-url=http://shinyloadtest.rstudioservices.com/cran_explorer --output-dir test2700 --overwrite-output --log-level warn --start-interval 100 15min.log
thread_id,event,timestamp,input_line_number,comment
2567,PLAYER_SESSION_CREATE,1516299246288
2567,PLAYER_START_INTERVAL_START,1516299246288
2567,PLAYER_START_INTERVAL_END,1516299502989
2567,REQ_HOME_START,1516299502989,2
2567,REQ_HOME_END,1516299503276,2
2567,REQ_START,1516299503276,3
2567,REQ_END,1516299503669,3
2567,REQ_START,1516299503669,4
2567,REQ_END,1516299504323,4
2567,REQ_START,1516299504323,5
2567,REQ_END,1516299504822,5
2567,REQ_START,1516299504822,6
2567,REQ_END,1516299505535,6
2567,REQ_START,1516299505535,7
2567,REQ_END,1516299506002,7
2567,REQ_START,1516299506002,8
2567,REQ_END,1516299506126,8
2567,REQ_START,1516299506126,9
2567,REQ_END,1516299506320,9
2567,REQ_START,1516299506320,10
2567,REQ_END,1516299506326,10
2567,REQ_START,1516299506326,11
2567,REQ_END,1516299506582,11
2567,REQ_START,1516299506582,12
2567,REQ_END,1516299506607,12
2567,REQ_START,1516299506607,13
2567,REQ_END,1516299507281,13
2567,REQ_START,1516299507281,14
2567,REQ_END,1516299507296,14
2567,REQ_START,1516299507296,15
2567,REQ_END,1516299507919,15
2567,REQ_TOK_START,1516299507919,16
2567,REQ_TOK_END,1516299507924,16
2567,REQ_SINF_START,1516299507924,17
2567,REQ_SINF_END,1516299507928,17
2567,WS_OPEN_START,1516299507928,18
2567,WS_OPEN_END,1516299507931,18
2567,REQ_START,1516299507931,19
2567,REQ_END,1516299508309,19
2567,WS_RECV_START,1516299508309,20
2567,WS_RECV_END,1516299508309,20
2567,PLAYER_SLEEPBEFORE_START,1516299508309,21
2567,PLAYER_SLEEPBEFORE_END,1516299508314,21
2567,WS_SEND_START,1516299508315,21
2567,WS_SEND_END,1516299508315,21
2567,PLAYER_SLEEPBEFORE_START,1516299508315,22
2567,PLAYER_SLEEPBEFORE_END,1516299508316,22
2567,WS_SEND_START,1516299508316,22
2567,WS_SEND_END,1516299508316,22
2567,WS_RECV_INIT_START,1516299508316,23
2567,WS_RECV_INIT_END,1516299509874,23
2567,WS_RECV_START,1516299509874,24
2567,WS_RECV_END,1516299510058,24
2567,PLAYER_SLEEPBEFORE_START,1516299510058,25
2567,PLAYER_SLEEPBEFORE_END,1516299510065,25
2567,REQ_START,1516299510065,25
2567,REQ_END,1516299511682,25
2567,PLAYER_SLEEPBEFORE_START,1516299511682,26
2567,PLAYER_SLEEPBEFORE_END,1516299511686,26
2567,REQ_START,1516299511686,26
2567,REQ_END,1516299512462,26
2567,PLAYER_SLEEPBEFORE_START,1516299512462,27
2567,PLAYER_SLEEPBEFORE_END,1516299512465,27
2567,REQ_START,1516299512465,27
2567,REQ_END,1516299513101,27
2567,PLAYER_SLEEPBEFORE_START,1516299513101,28
2567,PLAYER_SLEEPBEFORE_END,1516299513386,28
2567,REQ_START,1516299513386,28
2567,REQ_END,1516299513495,28
2567,PLAYER_SLEEPBEFORE_START,1516299513495,29
2567,PLAYER_SLEEPBEFORE_END,1516299513671,29
2567,WS_SEND_START,1516299513671,29
2567,WS_SEND_END,1516299513671,29
2567,WS_RECV_START,1516299513671,30
2567,WS_RECV_END,1516299513868,30
2567,PLAYER_SLEEPBEFORE_START,1516299513868,31
2567,PLAYER_SLEEPBEFORE_END,1516299513879,31
2567,REQ_START,1516299513879,31
2567,REQ_END,1516299514340,31
2567,PLAYER_SLEEPBEFORE_START,1516299514340,32
2567,PLAYER_SLEEPBEFORE_END,1516299542485,32
2567,WS_SEND_START,1516299542485,32
2567,WS_SEND_END,1516299542485,32
2567,WS_RECV_START,1516299542485,33
2567,WS_RECV_END,1516299543673,33
2567,PLAYER_SLEEPBEFORE_START,1516299543673,34
2567,PLAYER_SLEEPBEFORE_END,1516299569585,34
2567,WS_SEND_START,1516299569585,34
2567,WS_SEND_END,1516299569585,34
2567,WS_RECV_START,1516299569585,35
2567,WS_RECV_END,1516299571949,35
2567,PLAYER_SLEEPBEFORE_START,1516299571949,36
2567,PLAYER_SLEEPBEFORE_END,1516299571958,36
2567,WS_SEND_START,1516299571958,36
2567,WS_SEND_END,1516299571958,36
2567,WS_RECV_START,1516299571958,37
2567,WS_RECV_END,1516299572625,37
2567,PLAYER_SLEEPBEFORE_START,1516299572625,38
2567,PLAYER_SLEEPBEFORE_END,1516299575820,38
2567,WS_SEND_START,1516299575820,38
2567,WS_SEND_END,1516299575820,38
2567,WS_RECV_START,1516299575820,39
2567,WS_RECV_END,1516299577754,39
2567,PLAYER_SLEEPBEFORE_START,1516299577754,40
2567,PLAYER_SLEEPBEFORE_END,1516299577800,40
2567,WS_SEND_START,1516299577800,40
2567,WS_SEND_END,1516299577800,40
2567,WS_RECV_START,1516299577800,41
2567,WS_RECV_END,1516299578239,41
2567,PLAYER_SLEEPBEFORE_START,1516299578239,42
2567,PLAYER_SLEEPBEFORE_END,1516299596374,42
2567,WS_SEND_START,1516299596374,42
2567,WS_SEND_END,1516299596374,42
2567,WS_RECV_START,1516299596374,43
2567,WS_RECV_END,1516299597438,43
2567,PLAYER_SLEEPBEFORE_START,1516299597438,44
2567,PLAYER_SLEEPBEFORE_END,1516299597450,44
2567,WS_SEND_START,1516299597450,44
2567,WS_SEND_END,1516299597450,44
2567,WS_RECV_START,1516299597450,45
2567,WS_RECV_END,1516299597881,45
2567,PLAYER_SLEEPBEFORE_START,1516299597881,46
2567,PLAYER_SLEEPBEFORE_END,1516299599141,46
2567,WS_SEND_START,1516299599141,46
2567,WS_SEND_END,1516299599141,46
2567,WS_RECV_START,1516299599141,47
2567,WS_RECV_END,1516299600450,47
2567,PLAYER_SLEEPBEFORE_START,1516299600450,48
2567,PLAYER_SLEEPBEFORE_END,1516299601770,48
2567,WS_SEND_START,1516299601770,48
2567,WS_SEND_END,1516299601770,48
2567,WS_RECV_START,1516299601770,49
2567,WS_RECV_END,1516299603444,49
2567,PLAYER_SLEEPBEFORE_START,1516299603444,50
2567,PLAYER_SLEEPBEFORE_END,1516299603468,50
2567,WS_SEND_START,1516299603468,50
2567,WS_SEND_END,1516299603468,50
2567,WS_RECV_START,1516299603468,51
2567,WS_RECV_END,1516299604405,51
2567,PLAYER_SLEEPBEFORE_START,1516299604405,52
2567,PLAYER_SLEEPBEFORE_END,1516299626969,52
2567,WS_SEND_START,1516299626969,52
2567,WS_SEND_END,1516299626969,52
2567,WS_RECV_START,1516299626969,53
2567,WS_RECV_END,1516299628308,53
2567,PLAYER_SLEEPBEFORE_START,1516299628308,54
2567,PLAYER_SLEEPBEFORE_END,1516299649611,54
2567,WS_SEND_START,1516299649611,54
2567,WS_SEND_END,1516299649611,54
2567,PLAYER_SLEEPBEFORE_START,1516299649611,55
2567,PLAYER_SLEEPBEFORE_END,1516299651552,55
2567,WS_SEND_START,1516299651552,55
2567,WS_SEND_END,1516299651552,55
2567,WS_RECV_START,1516299651552,56
2567,WS_RECV_END,1516299651859,56
2567,PLAYER_SLEEPBEFORE_START,1516299651859,57
2567,PLAYER_SLEEPBEFORE_END,1516299674731,57
2567,WS_SEND_START,1516299674731,57
2567,WS_SEND_END,1516299674731,57
2567,WS_RECV_START,1516299674731,58
2567,WS_RECV_END,1516299674784,58
2567,PLAYER_SLEEPBEFORE_START,1516299674784,59
2567,PLAYER_SLEEPBEFORE_END,1516299677111,59
2567,WS_SEND_START,1516299677111,59
2567,WS_SEND_END,1516299677111,59
2567,WS_RECV_START,1516299677111,60
2567,WS_RECV_END,1516299677238,60
2567,PLAYER_SLEEPBEFORE_START,1516299677238,61
2567,PLAYER_SLEEPBEFORE_END,1516299680829,61
2567,WS_SEND_START,1516299680829,61
2567,WS_SEND_END,1516299680829,61
2567,WS_RECV_START,1516299680829,62
2567,WS_RECV_END,1516299681041,62
2567,PLAYER_SLEEPBEFORE_START,1516299681041,63
2567,PLAYER_SLEEPBEFORE_END,1516299700303,63
2567,WS_SEND_START,1516299700303,63
2567,WS_SEND_END,1516299700303,63
2567,WS_RECV_START,1516299700303,64
2567,WS_RECV_END,1516299700988,64
2567,PLAYER_SLEEPBEFORE_START,1516299700988,65
2567,PLAYER_SLEEPBEFORE_END,1516299727805,65
2567,WS_SEND_START,1516299727805,65
2567,WS_SEND_END,1516299727805,65
2567,WS_RECV_START,1516299727805,66
2567,WS_RECV_END,1516299730406,66
2567,PLAYER_SLEEPBEFORE_START,1516299730406,67
2567,PLAYER_SLEEPBEFORE_END,1516299731914,67
2567,WS_SEND_START,1516299731914,67
2567,WS_SEND_END,1516299731914,67
2567,WS_RECV_START,1516299731914,68
2567,WS_RECV_END,1516299733785,68
2567,PLAYER_SLEEPBEFORE_START,1516299733785,69
2567,PLAYER_SLEEPBEFORE_END,1516299755783,69
2567,WS_SEND_START,1516299755783,69
2567,WS_SEND_END,1516299755783,69
2567,WS_RECV_START,1516299755783,70
2567,WS_RECV_END,1516299758961,70
2567,PLAYER_SLEEPBEFORE_START,1516299758961,71
2567,PLAYER_SLEEPBEFORE_END,1516299783736,71
2567,WS_SEND_START,1516299783736,71
2567,WS_SEND_END,1516299783736,71
2567,PLAYER_SLEEPBEFORE_START,1516299783736,72
2567,PLAYER_SLEEPBEFORE_END,1516299786343,72
2567,WS_SEND_START,1516299786343,72
2567,WS_SEND_END,1516299786344,72
2567,WS_RECV_START,1516299786344,73
2567,WS_RECV_END,1516299787646,73
2567,PLAYER_SLEEPBEFORE_START,1516299787646,74
2567,PLAYER_SLEEPBEFORE_END,1516299787655,74
2567,WS_SEND_START,1516299787655,74
2567,WS_SEND_END,1516299787655,74
2567,WS_RECV_START,1516299787655,75
2567,WS_RECV_END,1516299789496,75
2567,PLAYER_SLEEPBEFORE_START,1516299789496,76
2567,PLAYER_SLEEPBEFORE_END,1516299791002,76
2567,WS_SEND_START,1516299791002,76
2567,WS_SEND_END,1516299791002,76
2567,WS_RECV_START,1516299791002,77
2567,WS_RECV_END,1516299792891,77
2567,PLAYER_SLEEPBEFORE_START,1516299792891,78
2567,PLAYER_SLEEPBEFORE_END,1516299793759,78
2567,WS_SEND_START,1516299793759,78
2567,WS_SEND_END,1516299793759,78
2567,WS_RECV_START,1516299793759,79
2567,WS_RECV_END,1516299794937,79
2567,PLAYER_SLEEPBEFORE_START,1516299794937,80
2567,PLAYER_SLEEPBEFORE_END,1516299802603,80
2567,WS_SEND_START,1516299802603,80
2567,WS_SEND_END,1516299802603,80
2567,WS_RECV_START,1516299802603,81
2567,WS_RECV_END,1516299806278,81
2567,PLAYER_SLEEPBEFORE_START,1516299806278,82
2567,PLAYER_SLEEPBEFORE_END,1516299807381,82
2567,WS_SEND_START,1516299807381,82
2567,WS_SEND_END,1516299807381,82
2567,WS_RECV_START,1516299807381,83
2567,WS_RECV_END,1516299808748,83
2567,PLAYER_SLEEPBEFORE_START,1516299808748,84
2567,PLAYER_SLEEPBEFORE_END,1516299809696,84
2567,WS_SEND_START,1516299809696,84
2567,WS_SEND_END,1516299809696,84
2567,WS_RECV_START,1516299809696,85
2567,WS_RECV_END,1516299814093,85
2567,PLAYER_SLEEPBEFORE_START,1516299814093,86
2567,PLAYER_SLEEPBEFORE_END,1516299818265,86
2567,WS_SEND_START,1516299818265,86
2567,WS_SEND_END,1516299818265,86
2567,WS_RECV_START,1516299818265,87
2567,WS_RECV_END,1516299818803,87
2567,PLAYER_SLEEPBEFORE_START,1516299818803,88
2567,PLAYER_SLEEPBEFORE_END,1516299818811,88
2567,WS_SEND_START,1516299818811,88
2567,WS_SEND_END,1516299818811,88
2567,WS_RECV_START,1516299818811,89
2567,WS_RECV_END,1516299823441,89
2567,PLAYER_SLEEPBEFORE_START,1516299823441,90
2567,PLAYER_SLEEPBEFORE_END,1516299850638,90
2567,REQ_START,1516299850638,90
2567,REQ_END,1516299850645,90
2567,PLAYER_SLEEPBEFORE_START,1516299850645,91
2567,PLAYER_SLEEPBEFORE_END,1516299858534,91
2567,WS_SEND_START,1516299858534,91
2567,WS_SEND_END,1516299858534,91
2567,WS_RECV_START,1516299858534,92
2567,WS_RECV_END,1516299862255,92
2567,PLAYER_SLEEPBEFORE_START,1516299862255,93
2567,PLAYER_SLEEPBEFORE_END,1516299862270,93
2567,WS_SEND_START,1516299862270,93
2567,WS_SEND_END,1516299862270,93
2567,WS_RECV_START,1516299862270,94
2567,WS_RECV_END,1516299863985,94
2567,PLAYER_SLEEPBEFORE_START,1516299863985,95
2567,PLAYER_SLEEPBEFORE_END,1516299887540,95
2567,WS_SEND_START,1516299887540,95
2567,WS_SEND_END,1516299887540,95
2567,WS_RECV_START,1516299887540,96
2567,WS_RECV_END,1516299894058,96
2567,PLAYER_SLEEPBEFORE_START,1516299894058,97
2567,PLAYER_SLEEPBEFORE_END,1516299916498,97
2567,WS_SEND_START,1516299916498,97
2567,WS_SEND_END,1516299916498,97
2567,WS_RECV_START,1516299916498,98
2567,WS_RECV_END,1516299920158,98
2567,PLAYER_SLEEPBEFORE_START,1516299920158,99
2567,PLAYER_SLEEPBEFORE_END,1516299920179,99
2567,WS_SEND_START,1516299920179,99
2567,WS_SEND_END,1516299920179,99
2567,WS_RECV_START,1516299920179,100
2567,WS_RECV_END,1516299922914,100
2567,PLAYER_SLEEPBEFORE_START,1516299922914,101
2567,PLAYER_SLEEPBEFORE_END,1516299946473,101
2567,WS_SEND_START,1516299946473,101
2567,WS_SEND_END,1516299946473,101
2567,WS_RECV_START,1516299946473,102
2567,WS_RECV_END,1516299951006,102
2567,PLAYER_SLEEPBEFORE_START,1516299951006,103
2567,PLAYER_SLEEPBEFORE_END,1516299974632,103
2567,WS_SEND_START,1516299974632,103
2567,WS_SEND_END,1516299974632,103
2567,WS_RECV_START,1516299974632,104
2567,WS_RECV_END,1516299976482,104
2567,PLAYER_SLEEPBEFORE_START,1516299976482,105
2567,PLAYER_SLEEPBEFORE_END,1516300001859,105
2567,WS_SEND_START,1516300001859,105
2567,WS_SEND_END,1516300001859,105
2567,WS_RECV_START,1516300001859,106
2567,WS_RECV_END,1516300005502,106
2567,PLAYER_SLEEPBEFORE_START,1516300005502,107
2567,PLAYER_SLEEPBEFORE_END,1516300028925,107
2567,WS_SEND_START,1516300028925,107
2567,WS_SEND_END,1516300028925,107
2567,WS_RECV_START,1516300028925,108
2567,WS_RECV_END,1516300034014,108
2567,PLAYER_SLEEPBEFORE_START,1516300034014,109
2567,PLAYER_SLEEPBEFORE_END,1516300034023,109
2567,WS_SEND_START,1516300034023,109
2567,WS_SEND_END,1516300034023,109
2567,WS_RECV_START,1516300034023,110
2567,WS_RECV_END,1516300036757,110
2567,PLAYER_SLEEPBEFORE_START,1516300036757,111
2567,PLAYER_SLEEPBEFORE_END,1516300037716,111
2567,WS_SEND_START,1516300037716,111
2567,WS_SEND_END,1516300037716,111
2567,WS_RECV_START,1516300037716,112
2567,WS_RECV_END,1516300039817,112
2567,PLAYER_SLEEPBEFORE_START,1516300039817,113
2567,PLAYER_SLEEPBEFORE_END,1516300040379,113
2567,WS_SEND_START,1516300040379,113
2567,WS_SEND_END,1516300040380,113
2567,WS_RECV_START,1516300040380,114
2567,WS_RECV_END,1516300042611,114
2567,PLAYER_SLEEPBEFORE_START,1516300042611,115
2567,PLAYER_SLEEPBEFORE_END,1516300042620,115
2567,WS_SEND_START,1516300042620,115
2567,WS_SEND_END,1516300042620,115
2567,WS_RECV_START,1516300042620,116
2567,WS_RECV_END,1516300044628,116
2567,PLAYER_SLEEPBEFORE_START,1516300044628,117
2567,PLAYER_SLEEPBEFORE_END,1516300064988,117
2567,WS_SEND_START,1516300064988,117
2567,WS_SEND_END,1516300064988,117
2567,PLAYER_SLEEPBEFORE_START,1516300064988,118
2567,PLAYER_SLEEPBEFORE_END,1516300068740,118
2567,WS_SEND_START,1516300068740,118
2567,WS_SEND_END,1516300068741,118
2567,WS_RECV_START,1516300068741,119
2567,WS_RECV_END,1516300070565,119
2567,PLAYER_SLEEPBEFORE_START,1516300070565,120
2567,PLAYER_SLEEPBEFORE_END,1516300071553,120
2567,WS_SEND_START,1516300071553,120
2567,WS_SEND_END,1516300071553,120
2567,WS_RECV_START,1516300071554,121
2567,WS_RECV_END,1516300073169,121
2567,PLAYER_SLEEPBEFORE_START,1516300073169,122
2567,PLAYER_SLEEPBEFORE_END,1516300074354,122
2567,WS_SEND_START,1516300074354,122
2567,WS_SEND_END,1516300074354,122
2567,WS_RECV_START,1516300074354,123
2567,WS_RECV_END,1516300074667,123
2567,PLAYER_SLEEPBEFORE_START,1516300074667,124
2567,PLAYER_SLEEPBEFORE_END,1516300099072,124
2567,WS_SEND_START,1516300099072,124
2567,WS_SEND_END,1516300099072,124
2567,WS_RECV_START,1516300099072,125
2567,WS_RECV_END,1516300101674,125
2567,PLAYER_SLEEPBEFORE_START,1516300101674,126
2567,PLAYER_SLEEPBEFORE_END,1516300122186,126
2567,WS_SEND_START,1516300122186,126
2567,WS_SEND_END,1516300122186,126
2567,PLAYER_SLEEPBEFORE_START,1516300122186,127
2567,PLAYER_SLEEPBEFORE_END,1516300125240,127
2567,WS_SEND_START,1516300125240,127
2567,WS_SEND_END,1516300125240,127
2567,WS_RECV_START,1516300125240,128
2567,WS_RECV_END,1516300125602,128
2567,PLAYER_SLEEPBEFORE_START,1516300125602,129
2567,PLAYER_SLEEPBEFORE_END,1516300125622,129
2567,WS_SEND_START,1516300125622,129
2567,WS_SEND_END,1516300125622,129
2567,WS_RECV_START,1516300125622,130
2567,WS_RECV_END,1516300127047,130
2567,PLAYER_SLEEPBEFORE_START,1516300127047,131
2567,PLAYER_SLEEPBEFORE_END,1516300148671,131
2567,WS_SEND_START,1516300148671,131
2567,WS_SEND_END,1516300148671,131
2567,PLAYER_SLEEPBEFORE_START,1516300148671,132
2567,PLAYER_SLEEPBEFORE_END,1516300151751,132
2567,WS_SEND_START,1516300151751,132
2567,WS_SEND_END,1516300151751,132
2567,WS_RECV_START,1516300151751,133
2567,WS_RECV_END,1516300156413,133
2567,PLAYER_SLEEPBEFORE_START,1516300156413,134
2567,PLAYER_SLEEPBEFORE_END,1516300177630,134
2567,WS_SEND_START,1516300177630,134
2567,WS_SEND_END,1516300177630,134
2567,PLAYER_SLEEPBEFORE_START,1516300177630,135
2567,PLAYER_SLEEPBEFORE_END,1516300180820,135
2567,WS_SEND_START,1516300180820,135
2567,WS_SEND_END,1516300180820,135
2567,WS_RECV_START,1516300180820,136
2567,WS_RECV_END,1516300182485,136
2567,PLAYER_SLEEPBEFORE_START,1516300182485,137
2567,PLAYER_SLEEPBEFORE_END,1516300182492,137
2567,WS_SEND_START,1516300182492,137
2567,WS_SEND_END,1516300182492,137
2567,WS_RECV_START,1516300182492,138
2567,WS_RECV_END,1516300185015,138
2567,PLAYER_SLEEPBEFORE_START,1516300185015,139
2567,PLAYER_SLEEPBEFORE_END,1516300185705,139
2567,WS_SEND_START,1516300185705,139
2567,WS_SEND_END,1516300185705,139
2567,WS_RECV_START,1516300185705,140
2567,WS_RECV_END,1516300189534,140
2567,PLAYER_SLEEPBEFORE_START,1516300189534,141
2567,PLAYER_SLEEPBEFORE_END,1516300190189,141
2567,WS_SEND_START,1516300190189,141
2567,WS_SEND_END,1516300190189,141
2567,WS_RECV_START,1516300190189,142
2567,WS_RECV_END,1516300194301,142
2567,PLAYER_SLEEPBEFORE_START,1516300194301,143
2567,PLAYER_SLEEPBEFORE_END,1516300194358,143
2567,WS_SEND_START,1516300194358,143
2567,WS_SEND_END,1516300194358,143
2567,WS_RECV_START,1516300194358,144
2567,WS_RECV_END,1516300199721,144
2567,PLAYER_SLEEPBEFORE_START,1516300199721,145
2567,PLAYER_SLEEPBEFORE_END,1516300215783,145
2567,REQ_START,1516300215783,145
2567,REQ_END,1516300215788,145
2567,PLAYER_SLEEPBEFORE_START,1516300215788,146
2567,PLAYER_SLEEPBEFORE_END,1516300224665,146
2567,WS_SEND_START,1516300224665,146
2567,WS_SEND_END,1516300224665,146
2567,WS_RECV_START,1516300224665,147
2567,WS_RECV_END,1516300232867,147
2567,PLAYER_SLEEPBEFORE_START,1516300232867,148
2567,PLAYER_SLEEPBEFORE_END,1516300254789,148
2567,WS_SEND_START,1516300254789,148
2567,WS_SEND_END,1516300254789,148
2567,PLAYER_SLEEPBEFORE_START,1516300254789,149
2567,PLAYER_SLEEPBEFORE_END,1516300257217,149
2567,WS_SEND_START,1516300257217,149
2567,WS_SEND_END,1516300257217,149
2567,WS_RECV_START,1516300257217,150
2567,WS_RECV_END,1516300261245,150
2567,PLAYER_SLEEPBEFORE_START,1516300261245,151
2567,PLAYER_SLEEPBEFORE_END,1516300261456,151
2567,WS_SEND_START,1516300261456,151
2567,WS_SEND_END,1516300261456,151
2567,WS_RECV_START,1516300261456,152
2567,WS_RECV_END,1516300269066,152
2567,PLAYER_SLEEPBEFORE_START,1516300269066,153
2567,PLAYER_SLEEPBEFORE_END,1516300292993,153
2567,WS_SEND_START,1516300292993,153
2567,WS_SEND_END,1516300292993,153
2567,WS_RECV_START,1516300292993,154
2567,WS_RECV_END,1516300297692,154
2567,PLAYER_SLEEPBEFORE_START,1516300297692,155
2567,PLAYER_SLEEPBEFORE_END,1516300320250,155
2567,WS_SEND_START,1516300320250,155
2567,WS_SEND_END,1516300320250,155
2567,PLAYER_SLEEPBEFORE_START,1516300320250,156
2567,PLAYER_SLEEPBEFORE_END,1516300323524,156
2567,WS_SEND_START,1516300323524,156
2567,WS_SEND_END,1516300323524,156
2567,WS_RECV_START,1516300323524,157
2567,WS_RECV_END,1516300325006,157
2567,PLAYER_SLEEPBEFORE_START,1516300325006,158
2567,PLAYER_SLEEPBEFORE_END,1516300325016,158
2567,WS_SEND_START,1516300325016,158
2567,WS_SEND_END,1516300325016,158
2567,WS_RECV_START,1516300325016,159
2567,WS_RECV_END,1516300328063,159
2567,PLAYER_SLEEPBEFORE_START,1516300328063,160
2567,PLAYER_SLEEPBEFORE_END,1516300328238,160
2567,WS_SEND_START,1516300328238,160
2567,WS_SEND_END,1516300328238,160
2567,WS_RECV_START,1516300328238,161
2567,WS_RECV_END,1516300328890,161
2567,PLAYER_SLEEPBEFORE_START,1516300328890,162
2567,PLAYER_SLEEPBEFORE_END,1516300328915,162
2567,WS_SEND_START,1516300328916,162
2567,WS_SEND_END,1516300328916,162
2567,WS_RECV_START,1516300328916,163
2567,WS_RECV_END,1516300330865,163
2567,PLAYER_SLEEPBEFORE_START,1516300330865,164
2567,PLAYER_SLEEPBEFORE_END,1516300351677,164
2567,WS_SEND_START,1516300351677,164
2567,WS_SEND_END,1516300351677,164
2567,WS_RECV_START,1516300351677,165
2567,WS_RECV_END,1516300353272,165
2567,PLAYER_SLEEPBEFORE_START,1516300353272,166
2567,PLAYER_SLEEPBEFORE_END,1516300375727,166
2567,WS_SEND_START,1516300375727,166
2567,WS_SEND_END,1516300375727,166
2567,WS_RECV_START,1516300375727,167
2567,WS_RECV_END,1516300376028,167
2567,PLAYER_SLEEPBEFORE_START,1516300376028,168
2567,PLAYER_SLEEPBEFORE_END,1516300403385,168
2567,WS_SEND_START,1516300403385,168
2567,WS_SEND_END,1516300403385,168
2567,WS_RECV_START,1516300403385,169
2567,WS_RECV_END,1516300403473,169
2567,PLAYER_SLEEPBEFORE_START,1516300403473,170
2567,PLAYER_SLEEPBEFORE_END,1516300403482,170
2567,WS_SEND_START,1516300403482,170
2567,WS_SEND_END,1516300403482,170
2567,WS_RECV_START,1516300403482,171
2567,WS_RECV_END,1516300403526,171
2567,PLAYER_SLEEPBEFORE_START,1516300403526,172
2567,PLAYER_SLEEPBEFORE_END,1516300403895,172
2567,WS_SEND_START,1516300403895,172
2567,WS_SEND_END,1516300403895,172
2567,WS_RECV_START,1516300403895,173
2567,WS_RECV_END,1516300404191,173
2567,PLAYER_SLEEPBEFORE_START,1516300404191,174
2567,PLAYER_SLEEPBEFORE_END,1516300404232,174
2567,WS_SEND_START,1516300404232,174
2567,WS_SEND_END,1516300404232,174
2567,WS_RECV_START,1516300404232,175
2567,WS_RECV_END,1516300404476,175
2567,PLAYER_SLEEPBEFORE_START,1516300404476,176
2567,PLAYER_SLEEPBEFORE_END,1516300426237,176
2567,WS_SEND_START,1516300426237,176
2567,WS_SEND_END,1516300426237,176
2567,PLAYER_SLEEPBEFORE_START,1516300426237,177
2567,PLAYER_SLEEPBEFORE_END,1516300428755,177
2567,WS_SEND_START,1516300428755,177
2567,WS_SEND_END,1516300428755,177
2567,WS_RECV_START,1516300428755,178
2567,WS_RECV_END,1516300429563,178
2567,PLAYER_SLEEPBEFORE_START,1516300429563,179
2567,PLAYER_SLEEPBEFORE_END,1516300451903,179
2567,WS_SEND_START,1516300451903,179
2567,WS_SEND_END,1516300451903,179
2567,WS_RECV_START,1516300451903,180
2567,WS_RECV_END,1516300452009,180
2567,PLAYER_SLEEPBEFORE_START,1516300452009,181
2567,PLAYER_SLEEPBEFORE_END,1516300452453,181
2567,WS_SEND_START,1516300452453,181
2567,WS_SEND_END,1516300452453,181
2567,WS_RECV_START,1516300452453,182
2567,WS_RECV_END,1516300452582,182
2567,PLAYER_SLEEPBEFORE_START,1516300452582,183
2567,PLAYER_SLEEPBEFORE_END,1516300453105,183
2567,WS_SEND_START,1516300453105,183
2567,WS_SEND_END,1516300453106,183
2567,WS_RECV_START,1516300453106,184
2567,WS_RECV_END,1516300453242,184
2567,PLAYER_SLEEPBEFORE_START,1516300453242,185
2567,PLAYER_SLEEPBEFORE_END,1516300453510,185
2567,WS_SEND_START,1516300453510,185
2567,WS_SEND_END,1516300453510,185
2567,WS_RECV_START,1516300453510,186
2567,WS_RECV_END,1516300453617,186
2567,PLAYER_SLEEPBEFORE_START,1516300453617,187
2567,PLAYER_SLEEPBEFORE_END,1516300476117,187
2567,WS_SEND_START,1516300476117,187
2567,WS_SEND_END,1516300476117,187
2567,WS_RECV_START,1516300476117,188
2567,WS_RECV_END,1516300476269,188
2567,PLAYER_SLEEPBEFORE_START,1516300476269,189
2567,PLAYER_SLEEPBEFORE_END,1516300482508,189
2567,WS_SEND_START,1516300482509,189
2567,WS_SEND_END,1516300482509,189
2567,WS_RECV_START,1516300482509,190
2567,WS_RECV_END,1516300482635,190
2567,PLAYER_SLEEPBEFORE_START,1516300482635,191
2567,PLAYER_SLEEPBEFORE_END,1516300484551,191
2567,WS_SEND_START,1516300484551,191
2567,WS_SEND_END,1516300484551,191
2567,WS_RECV_START,1516300484551,192
2567,WS_RECV_END,1516300484674,192
2567,PLAYER_SLEEPBEFORE_START,1516300484674,193
2567,PLAYER_SLEEPBEFORE_END,1516300484802,193
2567,WS_SEND_START,1516300484802,193
2567,WS_SEND_END,1516300484802,193
2567,WS_RECV_START,1516300484802,194
2567,WS_RECV_END,1516300484898,194
2567,PLAYER_SLEEPBEFORE_START,1516300484898,195
2567,PLAYER_SLEEPBEFORE_END,1516300486653,195
2567,WS_SEND_START,1516300486653,195
2567,WS_SEND_END,1516300486653,195
2567,WS_RECV_START,1516300486653,196
2567,WS_RECV_END,1516300486769,196
2567,PLAYER_SLEEPBEFORE_START,1516300486769,197
2567,PLAYER_SLEEPBEFORE_END,1516300488573,197
2567,WS_SEND_START,1516300488573,197
2567,WS_SEND_END,1516300488573,197
2567,WS_RECV_START,1516300488573,198
2567,WS_RECV_END,1516300488765,198
2567,PLAYER_SLEEPBEFORE_START,1516300488765,199
2567,PLAYER_SLEEPBEFORE_END,1516300500619,199
2567,WS_SEND_START,1516300500619,199
2567,WS_SEND_END,1516300500619,199
2567,PLAYER_SLEEPBEFORE_START,1516300500619,200
2567,PLAYER_SLEEPBEFORE_END,1516300504707,200
2567,WS_SEND_START,1516300504707,200
2567,WS_SEND_END,1516300504708,200
2567,WS_RECV_START,1516300504708,201
2567,WS_RECV_END,1516300504790,201
2567,PLAYER_SLEEPBEFORE_START,1516300504790,202
2567,PLAYER_SLEEPBEFORE_END,1516300504805,202
2567,WS_SEND_START,1516300504805,202
2567,WS_SEND_END,1516300504805,202
2567,WS_RECV_START,1516300504805,203
2567,WS_RECV_END,1516300504913,203
2567,PLAYER_SLEEPBEFORE_START,1516300504913,204
2567,PLAYER_SLEEPBEFORE_END,1516300524562,204
2567,WS_SEND_START,1516300524562,204
2567,WS_SEND_END,1516300524562,204
2567,PLAYER_SLEEPBEFORE_START,1516300524562,205
2567,PLAYER_SLEEPBEFORE_END,1516300528460,205
2567,WS_SEND_START,1516300528460,205
2567,WS_SEND_END,1516300528460,205
2567,WS_RECV_START,1516300528460,206
2567,WS_RECV_END,1516300528589,206
2567,PLAYER_SLEEPBEFORE_START,1516300528589,207
2567,PLAYER_SLEEPBEFORE_END,1516300545520,207
2567,REQ_START,1516300545520,207
2567,REQ_END,1516300545524,207
2567,PLAYER_SLEEPBEFORE_START,1516300545524,208
2567,PLAYER_SLEEPBEFORE_END,1516300552377,208
2567,WS_CLOSE_START,1516300552377,208
2567,WS_CLOSE_END,1516300552377,208
2567,PLAYER_DONE,1516300552377
