# --sessions 2700 --app-url=http://shinyloadtest.rstudioservices.com/cran_explorer --output-dir test2700 --overwrite-output --log-level warn --start-interval 100 15min.log
thread_id,event,timestamp,input_line_number,comment
2583,PLAYER_SESSION_CREATE,1516299246291
2583,PLAYER_START_INTERVAL_START,1516299246291
2583,PLAYER_START_INTERVAL_END,1516299504591
2583,REQ_HOME_START,1516299504591,2
2583,REQ_HOME_END,1516299505039,2
2583,REQ_START,1516299505040,3
2583,REQ_END,1516299505489,3
2583,REQ_START,1516299505489,4
2583,REQ_END,1516299505521,4
2583,REQ_START,1516299505521,5
2583,REQ_END,1516299505619,5
2583,REQ_START,1516299505619,6
2583,REQ_END,1516299505709,6
2583,REQ_START,1516299505709,7
2583,REQ_END,1516299505748,7
2583,REQ_START,1516299505748,8
2583,REQ_END,1516299505788,8
2583,REQ_START,1516299505788,9
2583,REQ_END,1516299506053,9
2583,REQ_START,1516299506053,10
2583,REQ_END,1516299506058,10
2583,REQ_START,1516299506058,11
2583,REQ_END,1516299506425,11
2583,REQ_START,1516299506425,12
2583,REQ_END,1516299506433,12
2583,REQ_START,1516299506433,13
2583,REQ_END,1516299507573,13
2583,REQ_START,1516299507573,14
2583,REQ_END,1516299507586,14
2583,REQ_START,1516299507586,15
2583,REQ_END,1516299508415,15
2583,REQ_TOK_START,1516299508415,16
2583,REQ_TOK_END,1516299508419,16
2583,REQ_SINF_START,1516299508419,17
2583,REQ_SINF_END,1516299508424,17
2583,WS_OPEN_START,1516299508424,18
2583,WS_OPEN_END,1516299508427,18
2583,REQ_START,1516299508427,19
2583,REQ_END,1516299508460,19
2583,WS_RECV_START,1516299508460,20
2583,WS_RECV_END,1516299508460,20
2583,PLAYER_SLEEPBEFORE_START,1516299508460,21
2583,PLAYER_SLEEPBEFORE_END,1516299508465,21
2583,WS_SEND_START,1516299508465,21
2583,WS_SEND_END,1516299508465,21
2583,PLAYER_SLEEPBEFORE_START,1516299508465,22
2583,PLAYER_SLEEPBEFORE_END,1516299508466,22
2583,WS_SEND_START,1516299508466,22
2583,WS_SEND_END,1516299508466,22
2583,WS_RECV_INIT_START,1516299508466,23
2583,WS_RECV_INIT_END,1516299508495,23
2583,WS_RECV_START,1516299508495,24
2583,WS_RECV_END,1516299508597,24
2583,PLAYER_SLEEPBEFORE_START,1516299508597,25
2583,PLAYER_SLEEPBEFORE_END,1516299508604,25
2583,REQ_START,1516299508604,25
2583,REQ_END,1516299509071,25
2583,PLAYER_SLEEPBEFORE_START,1516299509071,26
2583,PLAYER_SLEEPBEFORE_END,1516299509072,26
2583,REQ_START,1516299509072,26
2583,REQ_END,1516299509205,26
2583,PLAYER_SLEEPBEFORE_START,1516299509205,27
2583,PLAYER_SLEEPBEFORE_END,1516299509208,27
2583,REQ_START,1516299509208,27
2583,REQ_END,1516299509372,27
2583,PLAYER_SLEEPBEFORE_START,1516299509372,28
2583,PLAYER_SLEEPBEFORE_END,1516299509657,28
2583,REQ_START,1516299509657,28
2583,REQ_END,1516299509771,28
2583,PLAYER_SLEEPBEFORE_START,1516299509771,29
2583,PLAYER_SLEEPBEFORE_END,1516299509946,29
2583,WS_SEND_START,1516299509946,29
2583,WS_SEND_END,1516299509946,29
2583,WS_RECV_START,1516299509946,30
2583,WS_RECV_END,1516299510244,30
2583,PLAYER_SLEEPBEFORE_START,1516299510244,31
2583,PLAYER_SLEEPBEFORE_END,1516299510290,31
2583,REQ_START,1516299510290,31
2583,REQ_END,1516299511165,31
2583,PLAYER_SLEEPBEFORE_START,1516299511165,32
2583,PLAYER_SLEEPBEFORE_END,1516299539310,32
2583,WS_SEND_START,1516299539310,32
2583,WS_SEND_END,1516299539310,32
2583,WS_RECV_START,1516299539310,33
2583,WS_RECV_END,1516299539645,33
2583,PLAYER_SLEEPBEFORE_START,1516299539645,34
2583,PLAYER_SLEEPBEFORE_END,1516299565556,34
2583,WS_SEND_START,1516299565556,34
2583,WS_SEND_END,1516299565556,34
2583,WS_RECV_START,1516299565556,35
2583,WS_RECV_END,1516299566276,35
2583,PLAYER_SLEEPBEFORE_START,1516299566276,36
2583,PLAYER_SLEEPBEFORE_END,1516299566285,36
2583,WS_SEND_START,1516299566285,36
2583,WS_SEND_END,1516299566285,36
2583,WS_RECV_START,1516299566285,37
2583,WS_RECV_END,1516299566374,37
2583,PLAYER_SLEEPBEFORE_START,1516299566374,38
2583,PLAYER_SLEEPBEFORE_END,1516299569569,38
2583,WS_SEND_START,1516299569569,38
2583,WS_SEND_END,1516299569569,38
2583,WS_RECV_START,1516299569569,39
2583,WS_RECV_END,1516299569819,39
2583,PLAYER_SLEEPBEFORE_START,1516299569819,40
2583,PLAYER_SLEEPBEFORE_END,1516299569865,40
2583,WS_SEND_START,1516299569865,40
2583,WS_SEND_END,1516299569865,40
2583,WS_RECV_START,1516299569865,41
2583,WS_RECV_END,1516299570113,41
2583,PLAYER_SLEEPBEFORE_START,1516299570113,42
2583,PLAYER_SLEEPBEFORE_END,1516299588248,42
2583,WS_SEND_START,1516299588248,42
2583,WS_SEND_END,1516299588248,42
2583,WS_RECV_START,1516299588248,43
2583,WS_RECV_END,1516299588293,43
2583,PLAYER_SLEEPBEFORE_START,1516299588293,44
2583,PLAYER_SLEEPBEFORE_END,1516299588305,44
2583,WS_SEND_START,1516299588305,44
2583,WS_SEND_END,1516299588305,44
2583,WS_RECV_START,1516299588305,45
2583,WS_RECV_END,1516299588349,45
2583,PLAYER_SLEEPBEFORE_START,1516299588349,46
2583,PLAYER_SLEEPBEFORE_END,1516299589609,46
2583,WS_SEND_START,1516299589609,46
2583,WS_SEND_END,1516299589609,46
2583,WS_RECV_START,1516299589609,47
2583,WS_RECV_END,1516299590603,47
2583,PLAYER_SLEEPBEFORE_START,1516299590603,48
2583,PLAYER_SLEEPBEFORE_END,1516299591923,48
2583,WS_SEND_START,1516299591923,48
2583,WS_SEND_END,1516299591923,48
2583,WS_RECV_START,1516299591923,49
2583,WS_RECV_END,1516299592525,49
2583,PLAYER_SLEEPBEFORE_START,1516299592525,50
2583,PLAYER_SLEEPBEFORE_END,1516299592549,50
2583,WS_SEND_START,1516299592549,50
2583,WS_SEND_END,1516299592549,50
2583,WS_RECV_START,1516299592549,51
2583,WS_RECV_END,1516299593596,51
2583,PLAYER_SLEEPBEFORE_START,1516299593596,52
2583,PLAYER_SLEEPBEFORE_END,1516299616161,52
2583,WS_SEND_START,1516299616161,52
2583,WS_SEND_END,1516299616161,52
2583,WS_RECV_START,1516299616161,53
2583,WS_RECV_END,1516299616976,53
2583,PLAYER_SLEEPBEFORE_START,1516299616976,54
2583,PLAYER_SLEEPBEFORE_END,1516299638279,54
2583,WS_SEND_START,1516299638279,54
2583,WS_SEND_END,1516299638279,54
2583,PLAYER_SLEEPBEFORE_START,1516299638279,55
2583,PLAYER_SLEEPBEFORE_END,1516299640220,55
2583,WS_SEND_START,1516299640220,55
2583,WS_SEND_END,1516299640220,55
2583,WS_RECV_START,1516299640220,56
2583,WS_RECV_END,1516299640421,56
2583,PLAYER_SLEEPBEFORE_START,1516299640421,57
2583,PLAYER_SLEEPBEFORE_END,1516299663293,57
2583,WS_SEND_START,1516299663293,57
2583,WS_SEND_END,1516299663293,57
2583,WS_RECV_START,1516299663293,58
2583,WS_RECV_END,1516299663507,58
2583,PLAYER_SLEEPBEFORE_START,1516299663507,59
2583,PLAYER_SLEEPBEFORE_END,1516299665834,59
2583,WS_SEND_START,1516299665834,59
2583,WS_SEND_END,1516299665834,59
2583,WS_RECV_START,1516299665834,60
2583,WS_RECV_END,1516299665947,60
2583,PLAYER_SLEEPBEFORE_START,1516299665947,61
2583,PLAYER_SLEEPBEFORE_END,1516299669538,61
2583,WS_SEND_START,1516299669538,61
2583,WS_SEND_END,1516299669538,61
2583,WS_RECV_START,1516299669538,62
2583,WS_RECV_END,1516299670004,62
2583,PLAYER_SLEEPBEFORE_START,1516299670004,63
2583,PLAYER_SLEEPBEFORE_END,1516299689266,63
2583,WS_SEND_START,1516299689266,63
2583,WS_SEND_END,1516299689266,63
2583,WS_RECV_START,1516299689266,64
2583,WS_RECV_END,1516299689569,64
2583,PLAYER_SLEEPBEFORE_START,1516299689569,65
2583,PLAYER_SLEEPBEFORE_END,1516299716387,65
2583,WS_SEND_START,1516299716387,65
2583,WS_SEND_END,1516299716387,65
2583,WS_RECV_START,1516299716387,66
2583,WS_RECV_END,1516299717389,66
2583,PLAYER_SLEEPBEFORE_START,1516299717389,67
2583,PLAYER_SLEEPBEFORE_END,1516299718896,67
2583,WS_SEND_START,1516299718896,67
2583,WS_SEND_END,1516299718896,67
2583,WS_RECV_START,1516299718896,68
2583,WS_RECV_END,1516299720153,68
2583,PLAYER_SLEEPBEFORE_START,1516299720153,69
2583,PLAYER_SLEEPBEFORE_END,1516299742152,69
2583,WS_SEND_START,1516299742152,69
2583,WS_SEND_END,1516299742152,69
2583,WS_RECV_START,1516299742152,70
2583,WS_RECV_END,1516299742397,70
2583,PLAYER_SLEEPBEFORE_START,1516299742397,71
2583,PLAYER_SLEEPBEFORE_END,1516299767172,71
2583,WS_SEND_START,1516299767172,71
2583,WS_SEND_END,1516299767172,71
2583,PLAYER_SLEEPBEFORE_START,1516299767172,72
2583,PLAYER_SLEEPBEFORE_END,1516299769780,72
2583,WS_SEND_START,1516299769780,72
2583,WS_SEND_END,1516299769780,72
2583,WS_RECV_START,1516299769780,73
2583,WS_RECV_END,1516299770633,73
2583,PLAYER_SLEEPBEFORE_START,1516299770633,74
2583,PLAYER_SLEEPBEFORE_END,1516299770642,74
2583,WS_SEND_START,1516299770642,74
2583,WS_SEND_END,1516299770642,74
2583,WS_RECV_START,1516299770642,75
2583,WS_RECV_END,1516299770909,75
2583,PLAYER_SLEEPBEFORE_START,1516299770909,76
2583,PLAYER_SLEEPBEFORE_END,1516299772415,76
2583,WS_SEND_START,1516299772415,76
2583,WS_SEND_END,1516299772415,76
2583,WS_RECV_START,1516299772415,77
2583,WS_RECV_END,1516299772449,77
2583,PLAYER_SLEEPBEFORE_START,1516299772449,78
2583,PLAYER_SLEEPBEFORE_END,1516299773318,78
2583,WS_SEND_START,1516299773318,78
2583,WS_SEND_END,1516299773318,78
2583,WS_RECV_START,1516299773318,79
2583,WS_RECV_END,1516299773837,79
2583,PLAYER_SLEEPBEFORE_START,1516299773837,80
2583,PLAYER_SLEEPBEFORE_END,1516299781504,80
2583,WS_SEND_START,1516299781504,80
2583,WS_SEND_END,1516299781504,80
2583,WS_RECV_START,1516299781504,81
2583,WS_RECV_END,1516299783020,81
2583,PLAYER_SLEEPBEFORE_START,1516299783020,82
2583,PLAYER_SLEEPBEFORE_END,1516299784122,82
2583,WS_SEND_START,1516299784122,82
2583,WS_SEND_END,1516299784122,82
2583,WS_RECV_START,1516299784122,83
2583,WS_RECV_END,1516299786002,83
2583,PLAYER_SLEEPBEFORE_START,1516299786002,84
2583,PLAYER_SLEEPBEFORE_END,1516299786949,84
2583,WS_SEND_START,1516299786949,84
2583,WS_SEND_END,1516299786949,84
2583,WS_RECV_START,1516299786949,85
2583,WS_RECV_END,1516299787536,85
2583,PLAYER_SLEEPBEFORE_START,1516299787536,86
2583,PLAYER_SLEEPBEFORE_END,1516299791708,86
2583,WS_SEND_START,1516299791708,86
2583,WS_SEND_END,1516299791708,86
2583,WS_RECV_START,1516299791708,87
2583,WS_RECV_END,1516299792998,87
2583,PLAYER_SLEEPBEFORE_START,1516299792998,88
2583,PLAYER_SLEEPBEFORE_END,1516299793006,88
2583,WS_SEND_START,1516299793006,88
2583,WS_SEND_END,1516299793006,88
2583,WS_RECV_START,1516299793006,89
2583,WS_RECV_END,1516299793863,89
2583,PLAYER_SLEEPBEFORE_START,1516299793863,90
2583,PLAYER_SLEEPBEFORE_END,1516299821061,90
2583,REQ_START,1516299821061,90
2583,REQ_END,1516299821067,90
2583,PLAYER_SLEEPBEFORE_START,1516299821067,91
2583,PLAYER_SLEEPBEFORE_END,1516299828956,91
2583,WS_SEND_START,1516299828956,91
2583,WS_SEND_END,1516299828956,91
2583,WS_RECV_START,1516299828956,92
2583,WS_RECV_END,1516299829198,92
2583,PLAYER_SLEEPBEFORE_START,1516299829198,93
2583,PLAYER_SLEEPBEFORE_END,1516299829213,93
2583,WS_SEND_START,1516299829213,93
2583,WS_SEND_END,1516299829213,93
2583,WS_RECV_START,1516299829213,94
2583,WS_RECV_END,1516299829457,94
2583,PLAYER_SLEEPBEFORE_START,1516299829457,95
2583,PLAYER_SLEEPBEFORE_END,1516299853012,95
2583,WS_SEND_START,1516299853012,95
2583,WS_SEND_END,1516299853012,95
2583,WS_RECV_START,1516299853012,96
2583,WS_RECV_END,1516299855293,96
2583,PLAYER_SLEEPBEFORE_START,1516299855293,97
2583,PLAYER_SLEEPBEFORE_END,1516299877738,97
2583,WS_SEND_START,1516299877738,97
2583,WS_SEND_END,1516299877738,97
2583,WS_RECV_START,1516299877738,98
2583,WS_RECV_END,1516299880228,98
2583,PLAYER_SLEEPBEFORE_START,1516299880228,99
2583,PLAYER_SLEEPBEFORE_END,1516299880268,99
2583,WS_SEND_START,1516299880268,99
2583,WS_SEND_END,1516299880268,99
2583,WS_RECV_START,1516299880268,100
2583,WS_RECV_END,1516299882636,100
2583,PLAYER_SLEEPBEFORE_START,1516299882636,101
2583,PLAYER_SLEEPBEFORE_END,1516299906195,101
2583,WS_SEND_START,1516299906195,101
2583,WS_SEND_END,1516299906195,101
2583,WS_RECV_START,1516299906195,102
2583,WS_RECV_END,1516299906446,102
2583,PLAYER_SLEEPBEFORE_START,1516299906446,103
2583,PLAYER_SLEEPBEFORE_END,1516299930071,103
2583,WS_SEND_START,1516299930071,103
2583,WS_SEND_END,1516299930071,103
2583,WS_RECV_START,1516299930071,104
2583,WS_RECV_END,1516299931455,104
2583,PLAYER_SLEEPBEFORE_START,1516299931455,105
2583,PLAYER_SLEEPBEFORE_END,1516299956833,105
2583,WS_SEND_START,1516299956833,105
2583,WS_SEND_END,1516299956833,105
2583,WS_RECV_START,1516299956833,106
2583,WS_RECV_END,1516299957431,106
2583,PLAYER_SLEEPBEFORE_START,1516299957431,107
2583,PLAYER_SLEEPBEFORE_END,1516299980854,107
2583,WS_SEND_START,1516299980854,107
2583,WS_SEND_END,1516299980854,107
2583,WS_RECV_START,1516299980854,108
2583,WS_RECV_END,1516299981789,108
2583,PLAYER_SLEEPBEFORE_START,1516299981789,109
2583,PLAYER_SLEEPBEFORE_END,1516299981798,109
2583,WS_SEND_START,1516299981798,109
2583,WS_SEND_END,1516299981798,109
2583,WS_RECV_START,1516299981798,110
2583,WS_RECV_END,1516299982041,110
2583,PLAYER_SLEEPBEFORE_START,1516299982041,111
2583,PLAYER_SLEEPBEFORE_END,1516299983000,111
2583,WS_SEND_START,1516299983000,111
2583,WS_SEND_END,1516299983000,111
2583,WS_RECV_START,1516299983000,112
2583,WS_RECV_END,1516299984292,112
2583,PLAYER_SLEEPBEFORE_START,1516299984292,113
2583,PLAYER_SLEEPBEFORE_END,1516299984854,113
2583,WS_SEND_START,1516299984854,113
2583,WS_SEND_END,1516299984854,113
2583,WS_RECV_START,1516299984854,114
2583,WS_RECV_END,1516299985779,114
2583,PLAYER_SLEEPBEFORE_START,1516299985779,115
2583,PLAYER_SLEEPBEFORE_END,1516299985789,115
2583,WS_SEND_START,1516299985789,115
2583,WS_SEND_END,1516299985789,115
2583,WS_RECV_START,1516299985789,116
2583,WS_RECV_END,1516299986031,116
2583,PLAYER_SLEEPBEFORE_START,1516299986031,117
2583,PLAYER_SLEEPBEFORE_END,1516300006391,117
2583,WS_SEND_START,1516300006391,117
2583,WS_SEND_END,1516300006391,117
2583,PLAYER_SLEEPBEFORE_START,1516300006391,118
2583,PLAYER_SLEEPBEFORE_END,1516300010143,118
2583,WS_SEND_START,1516300010143,118
2583,WS_SEND_END,1516300010143,118
2583,WS_RECV_START,1516300010143,119
2583,WS_RECV_END,1516300010703,119
2583,PLAYER_SLEEPBEFORE_START,1516300010703,120
2583,PLAYER_SLEEPBEFORE_END,1516300011691,120
2583,WS_SEND_START,1516300011691,120
2583,WS_SEND_END,1516300011691,120
2583,WS_RECV_START,1516300011691,121
2583,WS_RECV_END,1516300012630,121
2583,PLAYER_SLEEPBEFORE_START,1516300012630,122
2583,PLAYER_SLEEPBEFORE_END,1516300013816,122
2583,WS_SEND_START,1516300013816,122
2583,WS_SEND_END,1516300013816,122
2583,WS_RECV_START,1516300013816,123
2583,WS_RECV_END,1516300015035,123
2583,PLAYER_SLEEPBEFORE_START,1516300015035,124
2583,PLAYER_SLEEPBEFORE_END,1516300039440,124
2583,WS_SEND_START,1516300039440,124
2583,WS_SEND_END,1516300039440,124
2583,WS_RECV_START,1516300039440,125
2583,WS_RECV_END,1516300040680,125
2583,PLAYER_SLEEPBEFORE_START,1516300040680,126
2583,PLAYER_SLEEPBEFORE_END,1516300061192,126
2583,WS_SEND_START,1516300061192,126
2583,WS_SEND_END,1516300061192,126
2583,PLAYER_SLEEPBEFORE_START,1516300061192,127
2583,PLAYER_SLEEPBEFORE_END,1516300064246,127
2583,WS_SEND_START,1516300064246,127
2583,WS_SEND_END,1516300064246,127
2583,WS_RECV_START,1516300064246,128
2583,WS_RECV_END,1516300065627,128
2583,PLAYER_SLEEPBEFORE_START,1516300065627,129
2583,PLAYER_SLEEPBEFORE_END,1516300065647,129
2583,WS_SEND_START,1516300065647,129
2583,WS_SEND_END,1516300065647,129
2583,WS_RECV_START,1516300065647,130
2583,WS_RECV_END,1516300066192,130
2583,PLAYER_SLEEPBEFORE_START,1516300066192,131
2583,PLAYER_SLEEPBEFORE_END,1516300087816,131
2583,WS_SEND_START,1516300087816,131
2583,WS_SEND_END,1516300087816,131
2583,PLAYER_SLEEPBEFORE_START,1516300087816,132
2583,PLAYER_SLEEPBEFORE_END,1516300090896,132
2583,WS_SEND_START,1516300090896,132
2583,WS_SEND_END,1516300090896,132
2583,WS_RECV_START,1516300090896,133
2583,WS_RECV_END,1516300091521,133
2583,PLAYER_SLEEPBEFORE_START,1516300091521,134
2583,PLAYER_SLEEPBEFORE_END,1516300112738,134
2583,WS_SEND_START,1516300112738,134
2583,WS_SEND_END,1516300112738,134
2583,PLAYER_SLEEPBEFORE_START,1516300112738,135
2583,PLAYER_SLEEPBEFORE_END,1516300115928,135
2583,WS_SEND_START,1516300115928,135
2583,WS_SEND_END,1516300115928,135
2583,WS_RECV_START,1516300115928,136
2583,WS_RECV_END,1516300116498,136
2583,PLAYER_SLEEPBEFORE_START,1516300116498,137
2583,PLAYER_SLEEPBEFORE_END,1516300116505,137
2583,WS_SEND_START,1516300116505,137
2583,WS_SEND_END,1516300116505,137
2583,WS_RECV_START,1516300116505,138
2583,WS_RECV_END,1516300116881,138
2583,PLAYER_SLEEPBEFORE_START,1516300116881,139
2583,PLAYER_SLEEPBEFORE_END,1516300117571,139
2583,WS_SEND_START,1516300117571,139
2583,WS_SEND_END,1516300117571,139
2583,WS_RECV_START,1516300117571,140
2583,WS_RECV_END,1516300118843,140
2583,PLAYER_SLEEPBEFORE_START,1516300118843,141
2583,PLAYER_SLEEPBEFORE_END,1516300119498,141
2583,WS_SEND_START,1516300119498,141
2583,WS_SEND_END,1516300119498,141
2583,WS_RECV_START,1516300119498,142
2583,WS_RECV_END,1516300122518,142
2583,PLAYER_SLEEPBEFORE_START,1516300122518,143
2583,PLAYER_SLEEPBEFORE_END,1516300122601,143
2583,WS_SEND_START,1516300122601,143
2583,WS_SEND_END,1516300122601,143
2583,WS_RECV_START,1516300122601,144
2583,WS_RECV_END,1516300124312,144
2583,PLAYER_SLEEPBEFORE_START,1516300124312,145
2583,PLAYER_SLEEPBEFORE_END,1516300140374,145
2583,REQ_START,1516300140374,145
2583,REQ_END,1516300140381,145
2583,PLAYER_SLEEPBEFORE_START,1516300140381,146
2583,PLAYER_SLEEPBEFORE_END,1516300149258,146
2583,WS_SEND_START,1516300149258,146
2583,WS_SEND_END,1516300149258,146
2583,WS_RECV_START,1516300149258,147
2583,WS_RECV_END,1516300155105,147
2583,PLAYER_SLEEPBEFORE_START,1516300155106,148
2583,PLAYER_SLEEPBEFORE_END,1516300177028,148
2583,WS_SEND_START,1516300177028,148
2583,WS_SEND_END,1516300177028,148
2583,PLAYER_SLEEPBEFORE_START,1516300177028,149
2583,PLAYER_SLEEPBEFORE_END,1516300179456,149
2583,WS_SEND_START,1516300179456,149
2583,WS_SEND_END,1516300179456,149
2583,WS_RECV_START,1516300179456,150
2583,WS_RECV_END,1516300182379,150
2583,PLAYER_SLEEPBEFORE_START,1516300182379,151
2583,PLAYER_SLEEPBEFORE_END,1516300182590,151
2583,WS_SEND_START,1516300182590,151
2583,WS_SEND_END,1516300182590,151
2583,WS_RECV_START,1516300182590,152
2583,WS_RECV_END,1516300185679,152
2583,PLAYER_SLEEPBEFORE_START,1516300185679,153
2583,PLAYER_SLEEPBEFORE_END,1516300209606,153
2583,WS_SEND_START,1516300209606,153
2583,WS_SEND_END,1516300209606,153
2583,WS_RECV_START,1516300209606,154
2583,WS_RECV_END,1516300213867,154
2583,PLAYER_SLEEPBEFORE_START,1516300213867,155
2583,PLAYER_SLEEPBEFORE_END,1516300236425,155
2583,WS_SEND_START,1516300236425,155
2583,WS_SEND_END,1516300236425,155
2583,PLAYER_SLEEPBEFORE_START,1516300236425,156
2583,PLAYER_SLEEPBEFORE_END,1516300239699,156
2583,WS_SEND_START,1516300239699,156
2583,WS_SEND_END,1516300239699,156
2583,WS_RECV_START,1516300239699,157
2583,WS_RECV_END,1516300240109,157
2583,PLAYER_SLEEPBEFORE_START,1516300240109,158
2583,PLAYER_SLEEPBEFORE_END,1516300240120,158
2583,WS_SEND_START,1516300240120,158
2583,WS_SEND_END,1516300240120,158
2583,WS_RECV_START,1516300240120,159
2583,WS_RECV_END,1516300241889,159
2583,PLAYER_SLEEPBEFORE_START,1516300241889,160
2583,PLAYER_SLEEPBEFORE_END,1516300242065,160
2583,WS_SEND_START,1516300242065,160
2583,WS_SEND_END,1516300242065,160
2583,WS_RECV_START,1516300242065,161
2583,WS_RECV_END,1516300242949,161
2583,PLAYER_SLEEPBEFORE_START,1516300242949,162
2583,PLAYER_SLEEPBEFORE_END,1516300242974,162
2583,WS_SEND_START,1516300242974,162
2583,WS_SEND_END,1516300242974,162
2583,WS_RECV_START,1516300242974,163
2583,WS_RECV_END,1516300244874,163
2583,PLAYER_SLEEPBEFORE_START,1516300244874,164
2583,PLAYER_SLEEPBEFORE_END,1516300265686,164
2583,WS_SEND_START,1516300265686,164
2583,WS_SEND_END,1516300265687,164
2583,WS_RECV_START,1516300265687,165
2583,WS_RECV_END,1516300266759,165
2583,PLAYER_SLEEPBEFORE_START,1516300266759,166
2583,PLAYER_SLEEPBEFORE_END,1516300289214,166
2583,WS_SEND_START,1516300289214,166
2583,WS_SEND_END,1516300289214,166
2583,WS_RECV_START,1516300289214,167
2583,WS_RECV_END,1516300289509,167
2583,PLAYER_SLEEPBEFORE_START,1516300289509,168
2583,PLAYER_SLEEPBEFORE_END,1516300316867,168
2583,WS_SEND_START,1516300316867,168
2583,WS_SEND_END,1516300316867,168
2583,WS_RECV_START,1516300316867,169
2583,WS_RECV_END,1516300317151,169
2583,PLAYER_SLEEPBEFORE_START,1516300317151,170
2583,PLAYER_SLEEPBEFORE_END,1516300317160,170
2583,WS_SEND_START,1516300317160,170
2583,WS_SEND_END,1516300317160,170
2583,WS_RECV_START,1516300317160,171
2583,WS_RECV_END,1516300317453,171
2583,PLAYER_SLEEPBEFORE_START,1516300317453,172
2583,PLAYER_SLEEPBEFORE_END,1516300317822,172
2583,WS_SEND_START,1516300317822,172
2583,WS_SEND_END,1516300317822,172
2583,WS_RECV_START,1516300317822,173
2583,WS_RECV_END,1516300317978,173
2583,PLAYER_SLEEPBEFORE_START,1516300317978,174
2583,PLAYER_SLEEPBEFORE_END,1516300318019,174
2583,WS_SEND_START,1516300318019,174
2583,WS_SEND_END,1516300318019,174
2583,WS_RECV_START,1516300318019,175
2583,WS_RECV_END,1516300318315,175
2583,PLAYER_SLEEPBEFORE_START,1516300318315,176
2583,PLAYER_SLEEPBEFORE_END,1516300340076,176
2583,WS_SEND_START,1516300340076,176
2583,WS_SEND_END,1516300340076,176
2583,PLAYER_SLEEPBEFORE_START,1516300340076,177
2583,PLAYER_SLEEPBEFORE_END,1516300342594,177
2583,WS_SEND_START,1516300342594,177
2583,WS_SEND_END,1516300342594,177
2583,WS_RECV_START,1516300342594,178
2583,WS_RECV_END,1516300342763,178
2583,PLAYER_SLEEPBEFORE_START,1516300342763,179
2583,PLAYER_SLEEPBEFORE_END,1516300365103,179
2583,WS_SEND_START,1516300365103,179
2583,WS_SEND_END,1516300365103,179
2583,WS_RECV_START,1516300365103,180
2583,WS_RECV_END,1516300365206,180
2583,PLAYER_SLEEPBEFORE_START,1516300365206,181
2583,PLAYER_SLEEPBEFORE_END,1516300365650,181
2583,WS_SEND_START,1516300365650,181
2583,WS_SEND_END,1516300365650,181
2583,WS_RECV_START,1516300365650,182
2583,WS_RECV_END,1516300365748,182
2583,PLAYER_SLEEPBEFORE_START,1516300365748,183
2583,PLAYER_SLEEPBEFORE_END,1516300366271,183
2583,WS_SEND_START,1516300366271,183
2583,WS_SEND_END,1516300366271,183
2583,WS_RECV_START,1516300366271,184
2583,WS_RECV_END,1516300366414,184
2583,PLAYER_SLEEPBEFORE_START,1516300366414,185
2583,PLAYER_SLEEPBEFORE_END,1516300366682,185
2583,WS_SEND_START,1516300366682,185
2583,WS_SEND_END,1516300366682,185
2583,WS_RECV_START,1516300366682,186
2583,WS_RECV_END,1516300366798,186
2583,PLAYER_SLEEPBEFORE_START,1516300366798,187
2583,PLAYER_SLEEPBEFORE_END,1516300389298,187
2583,WS_SEND_START,1516300389298,187
2583,WS_SEND_END,1516300389298,187
2583,WS_RECV_START,1516300389298,188
2583,WS_RECV_END,1516300389374,188
2583,PLAYER_SLEEPBEFORE_START,1516300389374,189
2583,PLAYER_SLEEPBEFORE_END,1516300395613,189
2583,WS_SEND_START,1516300395613,189
2583,WS_SEND_END,1516300395613,189
2583,WS_RECV_START,1516300395613,190
2583,WS_RECV_END,1516300395854,190
2583,PLAYER_SLEEPBEFORE_START,1516300395854,191
2583,PLAYER_SLEEPBEFORE_END,1516300397769,191
2583,WS_SEND_START,1516300397769,191
2583,WS_SEND_END,1516300397769,191
2583,WS_RECV_START,1516300397769,192
2583,WS_RECV_END,1516300397941,192
2583,PLAYER_SLEEPBEFORE_START,1516300397941,193
2583,PLAYER_SLEEPBEFORE_END,1516300398069,193
2583,WS_SEND_START,1516300398069,193
2583,WS_SEND_END,1516300398069,193
2583,WS_RECV_START,1516300398070,194
2583,WS_RECV_END,1516300398174,194
2583,PLAYER_SLEEPBEFORE_START,1516300398174,195
2583,PLAYER_SLEEPBEFORE_END,1516300399929,195
2583,WS_SEND_START,1516300399929,195
2583,WS_SEND_END,1516300399929,195
2583,WS_RECV_START,1516300399929,196
2583,WS_RECV_END,1516300400081,196
2583,PLAYER_SLEEPBEFORE_START,1516300400081,197
2583,PLAYER_SLEEPBEFORE_END,1516300401885,197
2583,WS_SEND_START,1516300401885,197
2583,WS_SEND_END,1516300401885,197
2583,WS_RECV_START,1516300401885,198
2583,WS_RECV_END,1516300402003,198
2583,PLAYER_SLEEPBEFORE_START,1516300402003,199
2583,PLAYER_SLEEPBEFORE_END,1516300413857,199
2583,WS_SEND_START,1516300413857,199
2583,WS_SEND_END,1516300413857,199
2583,PLAYER_SLEEPBEFORE_START,1516300413857,200
2583,PLAYER_SLEEPBEFORE_END,1516300417945,200
2583,WS_SEND_START,1516300417945,200
2583,WS_SEND_END,1516300417945,200
2583,WS_RECV_START,1516300417945,201
2583,WS_RECV_END,1516300418021,201
2583,PLAYER_SLEEPBEFORE_START,1516300418021,202
2583,PLAYER_SLEEPBEFORE_END,1516300418035,202
2583,WS_SEND_START,1516300418035,202
2583,WS_SEND_END,1516300418035,202
2583,WS_RECV_START,1516300418035,203
2583,WS_RECV_END,1516300418149,203
2583,PLAYER_SLEEPBEFORE_START,1516300418149,204
2583,PLAYER_SLEEPBEFORE_END,1516300437798,204
2583,WS_SEND_START,1516300437798,204
2583,WS_SEND_END,1516300437798,204
2583,PLAYER_SLEEPBEFORE_START,1516300437798,205
2583,PLAYER_SLEEPBEFORE_END,1516300441696,205
2583,WS_SEND_START,1516300441696,205
2583,WS_SEND_END,1516300441696,205
2583,WS_RECV_START,1516300441696,206
2583,WS_RECV_END,1516300441793,206
2583,PLAYER_SLEEPBEFORE_START,1516300441793,207
2583,PLAYER_SLEEPBEFORE_END,1516300458724,207
2583,REQ_START,1516300458724,207
2583,REQ_END,1516300458728,207
2583,PLAYER_SLEEPBEFORE_START,1516300458728,208
2583,PLAYER_SLEEPBEFORE_END,1516300465581,208
2583,WS_CLOSE_START,1516300465581,208
2583,WS_CLOSE_END,1516300465581,208
2583,PLAYER_DONE,1516300465581
