# --sessions 2700 --app-url=http://shinyloadtest.rstudioservices.com/cran_explorer --output-dir test2700 --overwrite-output --log-level warn --start-interval 100 15min.log
thread_id,event,timestamp,input_line_number,comment
2589,PLAYER_SESSION_CREATE,1516299246291
2589,PLAYER_START_INTERVAL_START,1516299246291
2589,PLAYER_START_INTERVAL_END,1516299505192
2589,REQ_HOME_START,1516299505192,2
2589,REQ_HOME_END,1516299505482,2
2589,REQ_START,1516299505482,3
2589,REQ_END,1516299506176,3
2589,REQ_START,1516299506176,4
2589,REQ_END,1516299506326,4
2589,REQ_START,1516299506326,5
2589,REQ_END,1516299506761,5
2589,REQ_START,1516299506761,6
2589,REQ_END,1516299507165,6
2589,REQ_START,1516299507165,7
2589,REQ_END,1516299507712,7
2589,REQ_START,1516299507712,8
2589,REQ_END,1516299507781,8
2589,REQ_START,1516299507781,9
2589,REQ_END,1516299507823,9
2589,REQ_START,1516299507823,10
2589,REQ_END,1516299507828,10
2589,REQ_START,1516299507828,11
2589,REQ_END,1516299507871,11
2589,REQ_START,1516299507871,12
2589,REQ_END,1516299507879,12
2589,REQ_START,1516299507879,13
2589,REQ_END,1516299507920,13
2589,REQ_START,1516299507920,14
2589,REQ_END,1516299507933,14
2589,REQ_START,1516299507933,15
2589,REQ_END,1516299507973,15
2589,REQ_TOK_START,1516299507973,16
2589,REQ_TOK_END,1516299507976,16
2589,REQ_SINF_START,1516299507976,17
2589,REQ_SINF_END,1516299507980,17
2589,WS_OPEN_START,1516299507980,18
2589,WS_OPEN_END,1516299507984,18
2589,REQ_START,1516299507984,19
2589,REQ_END,1516299508021,19
2589,WS_RECV_START,1516299508021,20
2589,WS_RECV_END,1516299508021,20
2589,PLAYER_SLEEPBEFORE_START,1516299508021,21
2589,PLAYER_SLEEPBEFORE_END,1516299508026,21
2589,WS_SEND_START,1516299508026,21
2589,WS_SEND_END,1516299508026,21
2589,PLAYER_SLEEPBEFORE_START,1516299508026,22
2589,PLAYER_SLEEPBEFORE_END,1516299508027,22
2589,WS_SEND_START,1516299508027,22
2589,WS_SEND_END,1516299508027,22
2589,WS_RECV_INIT_START,1516299508027,23
2589,WS_RECV_INIT_END,1516299508168,23
2589,WS_RECV_START,1516299508168,24
2589,WS_RECV_END,1516299508268,24
2589,PLAYER_SLEEPBEFORE_START,1516299508268,25
2589,PLAYER_SLEEPBEFORE_END,1516299508275,25
2589,REQ_START,1516299508275,25
2589,REQ_END,1516299508399,25
2589,PLAYER_SLEEPBEFORE_START,1516299508399,26
2589,PLAYER_SLEEPBEFORE_END,1516299508400,26
2589,REQ_START,1516299508400,26
2589,REQ_END,1516299508439,26
2589,PLAYER_SLEEPBEFORE_START,1516299508439,27
2589,PLAYER_SLEEPBEFORE_END,1516299508442,27
2589,REQ_START,1516299508443,27
2589,REQ_END,1516299508532,27
2589,PLAYER_SLEEPBEFORE_START,1516299508532,28
2589,PLAYER_SLEEPBEFORE_END,1516299508817,28
2589,REQ_START,1516299508817,28
2589,REQ_END,1516299508948,28
2589,PLAYER_SLEEPBEFORE_START,1516299508948,29
2589,PLAYER_SLEEPBEFORE_END,1516299509123,29
2589,WS_SEND_START,1516299509123,29
2589,WS_SEND_END,1516299509123,29
2589,WS_RECV_START,1516299509123,30
2589,WS_RECV_END,1516299509307,30
2589,PLAYER_SLEEPBEFORE_START,1516299509307,31
2589,PLAYER_SLEEPBEFORE_END,1516299509318,31
2589,REQ_START,1516299509318,31
2589,REQ_END,1516299509651,31
2589,PLAYER_SLEEPBEFORE_START,1516299509651,32
2589,PLAYER_SLEEPBEFORE_END,1516299537796,32
2589,WS_SEND_START,1516299537796,32
2589,WS_SEND_END,1516299537796,32
2589,WS_RECV_START,1516299537796,33
2589,WS_RECV_END,1516299538160,33
2589,PLAYER_SLEEPBEFORE_START,1516299538160,34
2589,PLAYER_SLEEPBEFORE_END,1516299564071,34
2589,WS_SEND_START,1516299564071,34
2589,WS_SEND_END,1516299564071,34
2589,WS_RECV_START,1516299564071,35
2589,WS_RECV_END,1516299564906,35
2589,PLAYER_SLEEPBEFORE_START,1516299564906,36
2589,PLAYER_SLEEPBEFORE_END,1516299564915,36
2589,WS_SEND_START,1516299564915,36
2589,WS_SEND_END,1516299564915,36
2589,WS_RECV_START,1516299564915,37
2589,WS_RECV_END,1516299565285,37
2589,PLAYER_SLEEPBEFORE_START,1516299565285,38
2589,PLAYER_SLEEPBEFORE_END,1516299568480,38
2589,WS_SEND_START,1516299568480,38
2589,WS_SEND_END,1516299568480,38
2589,WS_RECV_START,1516299568480,39
2589,WS_RECV_END,1516299568968,39
2589,PLAYER_SLEEPBEFORE_START,1516299568968,40
2589,PLAYER_SLEEPBEFORE_END,1516299569014,40
2589,WS_SEND_START,1516299569014,40
2589,WS_SEND_END,1516299569014,40
2589,WS_RECV_START,1516299569014,41
2589,WS_RECV_END,1516299569701,41
2589,PLAYER_SLEEPBEFORE_START,1516299569701,42
2589,PLAYER_SLEEPBEFORE_END,1516299587836,42
2589,WS_SEND_START,1516299587836,42
2589,WS_SEND_END,1516299587836,42
2589,WS_RECV_START,1516299587836,43
2589,WS_RECV_END,1516299588150,43
2589,PLAYER_SLEEPBEFORE_START,1516299588150,44
2589,PLAYER_SLEEPBEFORE_END,1516299588163,44
2589,WS_SEND_START,1516299588163,44
2589,WS_SEND_END,1516299588163,44
2589,WS_RECV_START,1516299588163,45
2589,WS_RECV_END,1516299588205,45
2589,PLAYER_SLEEPBEFORE_START,1516299588205,46
2589,PLAYER_SLEEPBEFORE_END,1516299589465,46
2589,WS_SEND_START,1516299589465,46
2589,WS_SEND_END,1516299589465,46
2589,WS_RECV_START,1516299589465,47
2589,WS_RECV_END,1516299589762,47
2589,PLAYER_SLEEPBEFORE_START,1516299589763,48
2589,PLAYER_SLEEPBEFORE_END,1516299591083,48
2589,WS_SEND_START,1516299591083,48
2589,WS_SEND_END,1516299591083,48
2589,WS_RECV_START,1516299591083,49
2589,WS_RECV_END,1516299591240,49
2589,PLAYER_SLEEPBEFORE_START,1516299591240,50
2589,PLAYER_SLEEPBEFORE_END,1516299591264,50
2589,WS_SEND_START,1516299591264,50
2589,WS_SEND_END,1516299591264,50
2589,WS_RECV_START,1516299591264,51
2589,WS_RECV_END,1516299591634,51
2589,PLAYER_SLEEPBEFORE_START,1516299591634,52
2589,PLAYER_SLEEPBEFORE_END,1516299614199,52
2589,WS_SEND_START,1516299614199,52
2589,WS_SEND_END,1516299614199,52
2589,WS_RECV_START,1516299614199,53
2589,WS_RECV_END,1516299615447,53
2589,PLAYER_SLEEPBEFORE_START,1516299615447,54
2589,PLAYER_SLEEPBEFORE_END,1516299636751,54
2589,WS_SEND_START,1516299636751,54
2589,WS_SEND_END,1516299636751,54
2589,PLAYER_SLEEPBEFORE_START,1516299636751,55
2589,PLAYER_SLEEPBEFORE_END,1516299638692,55
2589,WS_SEND_START,1516299638692,55
2589,WS_SEND_END,1516299638692,55
2589,WS_RECV_START,1516299638692,56
2589,WS_RECV_END,1516299638902,56
2589,PLAYER_SLEEPBEFORE_START,1516299638902,57
2589,PLAYER_SLEEPBEFORE_END,1516299661774,57
2589,WS_SEND_START,1516299661774,57
2589,WS_SEND_END,1516299661774,57
2589,WS_RECV_START,1516299661774,58
2589,WS_RECV_END,1516299662645,58
2589,PLAYER_SLEEPBEFORE_START,1516299662645,59
2589,PLAYER_SLEEPBEFORE_END,1516299664972,59
2589,WS_SEND_START,1516299664972,59
2589,WS_SEND_END,1516299664972,59
2589,WS_RECV_START,1516299664972,60
2589,WS_RECV_END,1516299665355,60
2589,PLAYER_SLEEPBEFORE_START,1516299665355,61
2589,PLAYER_SLEEPBEFORE_END,1516299668946,61
2589,WS_SEND_START,1516299668946,61
2589,WS_SEND_END,1516299668946,61
2589,WS_RECV_START,1516299668946,62
2589,WS_RECV_END,1516299669098,62
2589,PLAYER_SLEEPBEFORE_START,1516299669098,63
2589,PLAYER_SLEEPBEFORE_END,1516299688360,63
2589,WS_SEND_START,1516299688360,63
2589,WS_SEND_END,1516299688360,63
2589,WS_RECV_START,1516299688360,64
2589,WS_RECV_END,1516299688791,64
2589,PLAYER_SLEEPBEFORE_START,1516299688791,65
2589,PLAYER_SLEEPBEFORE_END,1516299715608,65
2589,WS_SEND_START,1516299715608,65
2589,WS_SEND_END,1516299715608,65
2589,WS_RECV_START,1516299715608,66
2589,WS_RECV_END,1516299716491,66
2589,PLAYER_SLEEPBEFORE_START,1516299716491,67
2589,PLAYER_SLEEPBEFORE_END,1516299717998,67
2589,WS_SEND_START,1516299717998,67
2589,WS_SEND_END,1516299717998,67
2589,WS_RECV_START,1516299717998,68
2589,WS_RECV_END,1516299719123,68
2589,PLAYER_SLEEPBEFORE_START,1516299719123,69
2589,PLAYER_SLEEPBEFORE_END,1516299741121,69
2589,WS_SEND_START,1516299741121,69
2589,WS_SEND_END,1516299741121,69
2589,WS_RECV_START,1516299741121,70
2589,WS_RECV_END,1516299741572,70
2589,PLAYER_SLEEPBEFORE_START,1516299741572,71
2589,PLAYER_SLEEPBEFORE_END,1516299766347,71
2589,WS_SEND_START,1516299766347,71
2589,WS_SEND_END,1516299766347,71
2589,PLAYER_SLEEPBEFORE_START,1516299766347,72
2589,PLAYER_SLEEPBEFORE_END,1516299768954,72
2589,WS_SEND_START,1516299768954,72
2589,WS_SEND_END,1516299768954,72
2589,WS_RECV_START,1516299768954,73
2589,WS_RECV_END,1516299769121,73
2589,PLAYER_SLEEPBEFORE_START,1516299769121,74
2589,PLAYER_SLEEPBEFORE_END,1516299769130,74
2589,WS_SEND_START,1516299769130,74
2589,WS_SEND_END,1516299769130,74
2589,WS_RECV_START,1516299769130,75
2589,WS_RECV_END,1516299769674,75
2589,PLAYER_SLEEPBEFORE_START,1516299769674,76
2589,PLAYER_SLEEPBEFORE_END,1516299771180,76
2589,WS_SEND_START,1516299771180,76
2589,WS_SEND_END,1516299771180,76
2589,WS_RECV_START,1516299771180,77
2589,WS_RECV_END,1516299772658,77
2589,PLAYER_SLEEPBEFORE_START,1516299772658,78
2589,PLAYER_SLEEPBEFORE_END,1516299773526,78
2589,WS_SEND_START,1516299773526,78
2589,WS_SEND_END,1516299773526,78
2589,WS_RECV_START,1516299773526,79
2589,WS_RECV_END,1516299775953,79
2589,PLAYER_SLEEPBEFORE_START,1516299775953,80
2589,PLAYER_SLEEPBEFORE_END,1516299783619,80
2589,WS_SEND_START,1516299783619,80
2589,WS_SEND_END,1516299783619,80
2589,WS_RECV_START,1516299783619,81
2589,WS_RECV_END,1516299784949,81
2589,PLAYER_SLEEPBEFORE_START,1516299784949,82
2589,PLAYER_SLEEPBEFORE_END,1516299786051,82
2589,WS_SEND_START,1516299786051,82
2589,WS_SEND_END,1516299786051,82
2589,WS_RECV_START,1516299786051,83
2589,WS_RECV_END,1516299787373,83
2589,PLAYER_SLEEPBEFORE_START,1516299787373,84
2589,PLAYER_SLEEPBEFORE_END,1516299788320,84
2589,WS_SEND_START,1516299788320,84
2589,WS_SEND_END,1516299788320,84
2589,WS_RECV_START,1516299788320,85
2589,WS_RECV_END,1516299790200,85
2589,PLAYER_SLEEPBEFORE_START,1516299790200,86
2589,PLAYER_SLEEPBEFORE_END,1516299794372,86
2589,WS_SEND_START,1516299794372,86
2589,WS_SEND_END,1516299794372,86
2589,WS_RECV_START,1516299794372,87
2589,WS_RECV_END,1516299797059,87
2589,PLAYER_SLEEPBEFORE_START,1516299797059,88
2589,PLAYER_SLEEPBEFORE_END,1516299797068,88
2589,WS_SEND_START,1516299797068,88
2589,WS_SEND_END,1516299797068,88
2589,WS_RECV_START,1516299797068,89
2589,WS_RECV_END,1516299798632,89
2589,PLAYER_SLEEPBEFORE_START,1516299798632,90
2589,PLAYER_SLEEPBEFORE_END,1516299825829,90
2589,REQ_START,1516299825829,90
2589,REQ_END,1516299825834,90
2589,PLAYER_SLEEPBEFORE_START,1516299825834,91
2589,PLAYER_SLEEPBEFORE_END,1516299833723,91
2589,WS_SEND_START,1516299833723,91
2589,WS_SEND_END,1516299833723,91
2589,WS_RECV_START,1516299833723,92
2589,WS_RECV_END,1516299834697,92
2589,PLAYER_SLEEPBEFORE_START,1516299834697,93
2589,PLAYER_SLEEPBEFORE_END,1516299834712,93
2589,WS_SEND_START,1516299834712,93
2589,WS_SEND_END,1516299834712,93
2589,WS_RECV_START,1516299834712,94
2589,WS_RECV_END,1516299835565,94
2589,PLAYER_SLEEPBEFORE_START,1516299835565,95
2589,PLAYER_SLEEPBEFORE_END,1516299859120,95
2589,WS_SEND_START,1516299859120,95
2589,WS_SEND_END,1516299859120,95
2589,WS_RECV_START,1516299859120,96
2589,WS_RECV_END,1516299861310,96
2589,PLAYER_SLEEPBEFORE_START,1516299861310,97
2589,PLAYER_SLEEPBEFORE_END,1516299883750,97
2589,WS_SEND_START,1516299883751,97
2589,WS_SEND_END,1516299883751,97
2589,WS_RECV_START,1516299883751,98
2589,WS_RECV_END,1516299884382,98
2589,PLAYER_SLEEPBEFORE_START,1516299884382,99
2589,PLAYER_SLEEPBEFORE_END,1516299884403,99
2589,WS_SEND_START,1516299884403,99
2589,WS_SEND_END,1516299884403,99
2589,WS_RECV_START,1516299884403,100
2589,WS_RECV_END,1516299885106,100
2589,PLAYER_SLEEPBEFORE_START,1516299885106,101
2589,PLAYER_SLEEPBEFORE_END,1516299908665,101
2589,WS_SEND_START,1516299908665,101
2589,WS_SEND_END,1516299908665,101
2589,WS_RECV_START,1516299908665,102
2589,WS_RECV_END,1516299909902,102
2589,PLAYER_SLEEPBEFORE_START,1516299909902,103
2589,PLAYER_SLEEPBEFORE_END,1516299933527,103
2589,WS_SEND_START,1516299933527,103
2589,WS_SEND_END,1516299933527,103
2589,WS_RECV_START,1516299933527,104
2589,WS_RECV_END,1516299934280,104
2589,PLAYER_SLEEPBEFORE_START,1516299934280,105
2589,PLAYER_SLEEPBEFORE_END,1516299959657,105
2589,WS_SEND_START,1516299959657,105
2589,WS_SEND_END,1516299959657,105
2589,WS_RECV_START,1516299959657,106
2589,WS_RECV_END,1516299960101,106
2589,PLAYER_SLEEPBEFORE_START,1516299960101,107
2589,PLAYER_SLEEPBEFORE_END,1516299983524,107
2589,WS_SEND_START,1516299983524,107
2589,WS_SEND_END,1516299983524,107
2589,WS_RECV_START,1516299983524,108
2589,WS_RECV_END,1516299985552,108
2589,PLAYER_SLEEPBEFORE_START,1516299985552,109
2589,PLAYER_SLEEPBEFORE_END,1516299985561,109
2589,WS_SEND_START,1516299985561,109
2589,WS_SEND_END,1516299985561,109
2589,WS_RECV_START,1516299985561,110
2589,WS_RECV_END,1516299986037,110
2589,PLAYER_SLEEPBEFORE_START,1516299986037,111
2589,PLAYER_SLEEPBEFORE_END,1516299986996,111
2589,WS_SEND_START,1516299986996,111
2589,WS_SEND_END,1516299986996,111
2589,WS_RECV_START,1516299986996,112
2589,WS_RECV_END,1516299987807,112
2589,PLAYER_SLEEPBEFORE_START,1516299987807,113
2589,PLAYER_SLEEPBEFORE_END,1516299988370,113
2589,WS_SEND_START,1516299988370,113
2589,WS_SEND_END,1516299988370,113
2589,WS_RECV_START,1516299988370,114
2589,WS_RECV_END,1516299989658,114
2589,PLAYER_SLEEPBEFORE_START,1516299989658,115
2589,PLAYER_SLEEPBEFORE_END,1516299989667,115
2589,WS_SEND_START,1516299989667,115
2589,WS_SEND_END,1516299989667,115
2589,WS_RECV_START,1516299989667,116
2589,WS_RECV_END,1516299990690,116
2589,PLAYER_SLEEPBEFORE_START,1516299990690,117
2589,PLAYER_SLEEPBEFORE_END,1516300011050,117
2589,WS_SEND_START,1516300011050,117
2589,WS_SEND_END,1516300011050,117
2589,PLAYER_SLEEPBEFORE_START,1516300011050,118
2589,PLAYER_SLEEPBEFORE_END,1516300014802,118
2589,WS_SEND_START,1516300014802,118
2589,WS_SEND_END,1516300014802,118
2589,WS_RECV_START,1516300014802,119
2589,WS_RECV_END,1516300015570,119
2589,PLAYER_SLEEPBEFORE_START,1516300015570,120
2589,PLAYER_SLEEPBEFORE_END,1516300016558,120
2589,WS_SEND_START,1516300016558,120
2589,WS_SEND_END,1516300016558,120
2589,WS_RECV_START,1516300016558,121
2589,WS_RECV_END,1516300016912,121
2589,PLAYER_SLEEPBEFORE_START,1516300016912,122
2589,PLAYER_SLEEPBEFORE_END,1516300018097,122
2589,WS_SEND_START,1516300018097,122
2589,WS_SEND_END,1516300018097,122
2589,WS_RECV_START,1516300018097,123
2589,WS_RECV_END,1516300018454,123
2589,PLAYER_SLEEPBEFORE_START,1516300018454,124
2589,PLAYER_SLEEPBEFORE_END,1516300042859,124
2589,WS_SEND_START,1516300042859,124
2589,WS_SEND_END,1516300042859,124
2589,WS_RECV_START,1516300042859,125
2589,WS_RECV_END,1516300043891,125
2589,PLAYER_SLEEPBEFORE_START,1516300043891,126
2589,PLAYER_SLEEPBEFORE_END,1516300064403,126
2589,WS_SEND_START,1516300064403,126
2589,WS_SEND_END,1516300064403,126
2589,PLAYER_SLEEPBEFORE_START,1516300064403,127
2589,PLAYER_SLEEPBEFORE_END,1516300067457,127
2589,WS_SEND_START,1516300067457,127
2589,WS_SEND_END,1516300067457,127
2589,WS_RECV_START,1516300067457,128
2589,WS_RECV_END,1516300068190,128
2589,PLAYER_SLEEPBEFORE_START,1516300068190,129
2589,PLAYER_SLEEPBEFORE_END,1516300068210,129
2589,WS_SEND_START,1516300068210,129
2589,WS_SEND_END,1516300068210,129
2589,WS_RECV_START,1516300068210,130
2589,WS_RECV_END,1516300068354,130
2589,PLAYER_SLEEPBEFORE_START,1516300068354,131
2589,PLAYER_SLEEPBEFORE_END,1516300089978,131
2589,WS_SEND_START,1516300089978,131
2589,WS_SEND_END,1516300089978,131
2589,PLAYER_SLEEPBEFORE_START,1516300089978,132
2589,PLAYER_SLEEPBEFORE_END,1516300093058,132
2589,WS_SEND_START,1516300093058,132
2589,WS_SEND_END,1516300093058,132
2589,WS_RECV_START,1516300093058,133
2589,WS_RECV_END,1516300093946,133
2589,PLAYER_SLEEPBEFORE_START,1516300093946,134
2589,PLAYER_SLEEPBEFORE_END,1516300115163,134
2589,WS_SEND_START,1516300115163,134
2589,WS_SEND_END,1516300115163,134
2589,PLAYER_SLEEPBEFORE_START,1516300115163,135
2589,PLAYER_SLEEPBEFORE_END,1516300118354,135
2589,WS_SEND_START,1516300118354,135
2589,WS_SEND_END,1516300118354,135
2589,WS_RECV_START,1516300118354,136
2589,WS_RECV_END,1516300122648,136
2589,PLAYER_SLEEPBEFORE_START,1516300122648,137
2589,PLAYER_SLEEPBEFORE_END,1516300122655,137
2589,WS_SEND_START,1516300122655,137
2589,WS_SEND_END,1516300122655,137
2589,WS_RECV_START,1516300122655,138
2589,WS_RECV_END,1516300124814,138
2589,PLAYER_SLEEPBEFORE_START,1516300124814,139
2589,PLAYER_SLEEPBEFORE_END,1516300125504,139
2589,WS_SEND_START,1516300125504,139
2589,WS_SEND_END,1516300125504,139
2589,WS_RECV_START,1516300125504,140
2589,WS_RECV_END,1516300126175,140
2589,PLAYER_SLEEPBEFORE_START,1516300126175,141
2589,PLAYER_SLEEPBEFORE_END,1516300126830,141
2589,WS_SEND_START,1516300126830,141
2589,WS_SEND_END,1516300126830,141
2589,WS_RECV_START,1516300126830,142
2589,WS_RECV_END,1516300128537,142
2589,PLAYER_SLEEPBEFORE_START,1516300128537,143
2589,PLAYER_SLEEPBEFORE_END,1516300128594,143
2589,WS_SEND_START,1516300128594,143
2589,WS_SEND_END,1516300128594,143
2589,WS_RECV_START,1516300128595,144
2589,WS_RECV_END,1516300132429,144
2589,PLAYER_SLEEPBEFORE_START,1516300132429,145
2589,PLAYER_SLEEPBEFORE_END,1516300148491,145
2589,REQ_START,1516300148491,145
2589,REQ_END,1516300148498,145
2589,PLAYER_SLEEPBEFORE_START,1516300148498,146
2589,PLAYER_SLEEPBEFORE_END,1516300157375,146
2589,WS_SEND_START,1516300157375,146
2589,WS_SEND_END,1516300157375,146
2589,WS_RECV_START,1516300157375,147
2589,WS_RECV_END,1516300161952,147
2589,PLAYER_SLEEPBEFORE_START,1516300161952,148
2589,PLAYER_SLEEPBEFORE_END,1516300183874,148
2589,WS_SEND_START,1516300183874,148
2589,WS_SEND_END,1516300183874,148
2589,PLAYER_SLEEPBEFORE_START,1516300183874,149
2589,PLAYER_SLEEPBEFORE_END,1516300186302,149
2589,WS_SEND_START,1516300186302,149
2589,WS_SEND_END,1516300186302,149
2589,WS_RECV_START,1516300186302,150
2589,WS_RECV_END,1516300186667,150
2589,PLAYER_SLEEPBEFORE_START,1516300186667,151
2589,PLAYER_SLEEPBEFORE_END,1516300186878,151
2589,WS_SEND_START,1516300186878,151
2589,WS_SEND_END,1516300186878,151
2589,WS_RECV_START,1516300186878,152
2589,WS_RECV_END,1516300192125,152
2589,PLAYER_SLEEPBEFORE_START,1516300192125,153
2589,PLAYER_SLEEPBEFORE_END,1516300216052,153
2589,WS_SEND_START,1516300216052,153
2589,WS_SEND_END,1516300216052,153
2589,WS_RECV_START,1516300216052,154
2589,WS_RECV_END,1516300220337,154
2589,PLAYER_SLEEPBEFORE_START,1516300220337,155
2589,PLAYER_SLEEPBEFORE_END,1516300242895,155
2589,WS_SEND_START,1516300242895,155
2589,WS_SEND_END,1516300242895,155
2589,PLAYER_SLEEPBEFORE_START,1516300242895,156
2589,PLAYER_SLEEPBEFORE_END,1516300246169,156
2589,WS_SEND_START,1516300246169,156
2589,WS_SEND_END,1516300246170,156
2589,WS_RECV_START,1516300246170,157
2589,WS_RECV_END,1516300248548,157
2589,PLAYER_SLEEPBEFORE_START,1516300248548,158
2589,PLAYER_SLEEPBEFORE_END,1516300248558,158
2589,WS_SEND_START,1516300248558,158
2589,WS_SEND_END,1516300248558,158
2589,WS_RECV_START,1516300248558,159
2589,WS_RECV_END,1516300249034,159
2589,PLAYER_SLEEPBEFORE_START,1516300249034,160
2589,PLAYER_SLEEPBEFORE_END,1516300249209,160
2589,WS_SEND_START,1516300249209,160
2589,WS_SEND_END,1516300249209,160
2589,WS_RECV_START,1516300249209,161
2589,WS_RECV_END,1516300250647,161
2589,PLAYER_SLEEPBEFORE_START,1516300250647,162
2589,PLAYER_SLEEPBEFORE_END,1516300250672,162
2589,WS_SEND_START,1516300250672,162
2589,WS_SEND_END,1516300250672,162
2589,WS_RECV_START,1516300250672,163
2589,WS_RECV_END,1516300251810,163
2589,PLAYER_SLEEPBEFORE_START,1516300251810,164
2589,PLAYER_SLEEPBEFORE_END,1516300272623,164
2589,WS_SEND_START,1516300272623,164
2589,WS_SEND_END,1516300272623,164
2589,WS_RECV_START,1516300272623,165
2589,WS_RECV_END,1516300274589,165
2589,PLAYER_SLEEPBEFORE_START,1516300274589,166
2589,PLAYER_SLEEPBEFORE_END,1516300297044,166
2589,WS_SEND_START,1516300297044,166
2589,WS_SEND_END,1516300297044,166
2589,WS_RECV_START,1516300297044,167
2589,WS_RECV_END,1516300297178,167
2589,PLAYER_SLEEPBEFORE_START,1516300297178,168
2589,PLAYER_SLEEPBEFORE_END,1516300324535,168
2589,WS_SEND_START,1516300324535,168
2589,WS_SEND_END,1516300324535,168
2589,WS_RECV_START,1516300324535,169
2589,WS_RECV_END,1516300325240,169
2589,PLAYER_SLEEPBEFORE_START,1516300325240,170
2589,PLAYER_SLEEPBEFORE_END,1516300325249,170
2589,WS_SEND_START,1516300325249,170
2589,WS_SEND_END,1516300325249,170
2589,WS_RECV_START,1516300325249,171
2589,WS_RECV_END,1516300325566,171
2589,PLAYER_SLEEPBEFORE_START,1516300325566,172
2589,PLAYER_SLEEPBEFORE_END,1516300325935,172
2589,WS_SEND_START,1516300325935,172
2589,WS_SEND_END,1516300325935,172
2589,WS_RECV_START,1516300325935,173
2589,WS_RECV_END,1516300326152,173
2589,PLAYER_SLEEPBEFORE_START,1516300326152,174
2589,PLAYER_SLEEPBEFORE_END,1516300326193,174
2589,WS_SEND_START,1516300326193,174
2589,WS_SEND_END,1516300326193,174
2589,WS_RECV_START,1516300326193,175
2589,WS_RECV_END,1516300326543,175
2589,PLAYER_SLEEPBEFORE_START,1516300326543,176
2589,PLAYER_SLEEPBEFORE_END,1516300348304,176
2589,WS_SEND_START,1516300348304,176
2589,WS_SEND_END,1516300348304,176
2589,PLAYER_SLEEPBEFORE_START,1516300348304,177
2589,PLAYER_SLEEPBEFORE_END,1516300350822,177
2589,WS_SEND_START,1516300350822,177
2589,WS_SEND_END,1516300350822,177
2589,WS_RECV_START,1516300350822,178
2589,WS_RECV_END,1516300350966,178
2589,PLAYER_SLEEPBEFORE_START,1516300350966,179
2589,PLAYER_SLEEPBEFORE_END,1516300373306,179
2589,WS_SEND_START,1516300373306,179
2589,WS_SEND_END,1516300373306,179
2589,WS_RECV_START,1516300373306,180
2589,WS_RECV_END,1516300373409,180
2589,PLAYER_SLEEPBEFORE_START,1516300373409,181
2589,PLAYER_SLEEPBEFORE_END,1516300373853,181
2589,WS_SEND_START,1516300373853,181
2589,WS_SEND_END,1516300373853,181
2589,WS_RECV_START,1516300373853,182
2589,WS_RECV_END,1516300374082,182
2589,PLAYER_SLEEPBEFORE_START,1516300374082,183
2589,PLAYER_SLEEPBEFORE_END,1516300374605,183
2589,WS_SEND_START,1516300374605,183
2589,WS_SEND_END,1516300374605,183
2589,WS_RECV_START,1516300374605,184
2589,WS_RECV_END,1516300374753,184
2589,PLAYER_SLEEPBEFORE_START,1516300374753,185
2589,PLAYER_SLEEPBEFORE_END,1516300375021,185
2589,WS_SEND_START,1516300375021,185
2589,WS_SEND_END,1516300375021,185
2589,WS_RECV_START,1516300375021,186
2589,WS_RECV_END,1516300375182,186
2589,PLAYER_SLEEPBEFORE_START,1516300375182,187
2589,PLAYER_SLEEPBEFORE_END,1516300397682,187
2589,WS_SEND_START,1516300397682,187
2589,WS_SEND_END,1516300397682,187
2589,WS_RECV_START,1516300397682,188
2589,WS_RECV_END,1516300397737,188
2589,PLAYER_SLEEPBEFORE_START,1516300397737,189
2589,PLAYER_SLEEPBEFORE_END,1516300403976,189
2589,WS_SEND_START,1516300403976,189
2589,WS_SEND_END,1516300403976,189
2589,WS_RECV_START,1516300403976,190
2589,WS_RECV_END,1516300404083,190
2589,PLAYER_SLEEPBEFORE_START,1516300404083,191
2589,PLAYER_SLEEPBEFORE_END,1516300405998,191
2589,WS_SEND_START,1516300405998,191
2589,WS_SEND_END,1516300405998,191
2589,WS_RECV_START,1516300405998,192
2589,WS_RECV_END,1516300406096,192
2589,PLAYER_SLEEPBEFORE_START,1516300406096,193
2589,PLAYER_SLEEPBEFORE_END,1516300406224,193
2589,WS_SEND_START,1516300406224,193
2589,WS_SEND_END,1516300406224,193
2589,WS_RECV_START,1516300406224,194
2589,WS_RECV_END,1516300406351,194
2589,PLAYER_SLEEPBEFORE_START,1516300406351,195
2589,PLAYER_SLEEPBEFORE_END,1516300408106,195
2589,WS_SEND_START,1516300408106,195
2589,WS_SEND_END,1516300408106,195
2589,WS_RECV_START,1516300408106,196
2589,WS_RECV_END,1516300408202,196
2589,PLAYER_SLEEPBEFORE_START,1516300408202,197
2589,PLAYER_SLEEPBEFORE_END,1516300410006,197
2589,WS_SEND_START,1516300410006,197
2589,WS_SEND_END,1516300410006,197
2589,WS_RECV_START,1516300410006,198
2589,WS_RECV_END,1516300410110,198
2589,PLAYER_SLEEPBEFORE_START,1516300410110,199
2589,PLAYER_SLEEPBEFORE_END,1516300421964,199
2589,WS_SEND_START,1516300421964,199
2589,WS_SEND_END,1516300421964,199
2589,PLAYER_SLEEPBEFORE_START,1516300421964,200
2589,PLAYER_SLEEPBEFORE_END,1516300426052,200
2589,WS_SEND_START,1516300426052,200
2589,WS_SEND_END,1516300426052,200
2589,WS_RECV_START,1516300426052,201
2589,WS_RECV_END,1516300426149,201
2589,PLAYER_SLEEPBEFORE_START,1516300426149,202
2589,PLAYER_SLEEPBEFORE_END,1516300426163,202
2589,WS_SEND_START,1516300426163,202
2589,WS_SEND_END,1516300426163,202
2589,WS_RECV_START,1516300426163,203
2589,WS_RECV_END,1516300426261,203
2589,PLAYER_SLEEPBEFORE_START,1516300426261,204
2589,PLAYER_SLEEPBEFORE_END,1516300445910,204
2589,WS_SEND_START,1516300445910,204
2589,WS_SEND_END,1516300445910,204
2589,PLAYER_SLEEPBEFORE_START,1516300445910,205
2589,PLAYER_SLEEPBEFORE_END,1516300449808,205
2589,WS_SEND_START,1516300449808,205
2589,WS_SEND_END,1516300449809,205
2589,WS_RECV_START,1516300449809,206
2589,WS_RECV_END,1516300449902,206
2589,PLAYER_SLEEPBEFORE_START,1516300449902,207
2589,PLAYER_SLEEPBEFORE_END,1516300466833,207
2589,REQ_START,1516300466833,207
2589,REQ_END,1516300466838,207
2589,PLAYER_SLEEPBEFORE_START,1516300466838,208
2589,PLAYER_SLEEPBEFORE_END,1516300473690,208
2589,WS_CLOSE_START,1516300473690,208
2589,WS_CLOSE_END,1516300473690,208
2589,PLAYER_DONE,1516300473690
