# --sessions 2700 --app-url=http://shinyloadtest.rstudioservices.com/cran_explorer --output-dir test2700 --overwrite-output --log-level warn --start-interval 100 15min.log
thread_id,event,timestamp,input_line_number,comment
32,PLAYER_SESSION_CREATE,1516299245243
32,PLAYER_START_INTERVAL_START,1516299245243
32,PLAYER_START_INTERVAL_END,1516299248444
32,REQ_HOME_START,1516299248444,2
32,REQ_HOME_END,1516299248607,2
32,REQ_START,1516299248607,3
32,REQ_END,1516299248656,3
32,REQ_START,1516299248656,4
32,REQ_END,1516299248713,4
32,REQ_START,1516299248713,5
32,REQ_END,1516299248760,5
32,REQ_START,1516299248760,6
32,REQ_END,1516299248802,6
32,REQ_START,1516299248802,7
32,REQ_END,1516299248844,7
32,REQ_START,1516299248844,8
32,REQ_END,1516299248886,8
32,REQ_START,1516299248886,9
32,REQ_END,1516299248931,9
32,REQ_START,1516299248931,10
32,REQ_END,1516299248938,10
32,REQ_START,1516299248938,11
32,REQ_END,1516299248981,11
32,REQ_START,1516299248981,12
32,REQ_END,1516299248991,12
32,REQ_START,1516299248991,13
32,REQ_END,1516299249036,13
32,REQ_START,1516299249036,14
32,REQ_END,1516299249055,14
32,REQ_START,1516299249055,15
32,REQ_END,1516299249119,15
32,REQ_TOK_START,1516299249119,16
32,REQ_TOK_END,1516299249125,16
32,REQ_SINF_START,1516299249125,17
32,REQ_SINF_END,1516299249132,17
32,WS_OPEN_START,1516299249132,18
32,WS_OPEN_END,1516299249137,18
32,REQ_START,1516299249137,19
32,REQ_END,1516299249185,19
32,WS_RECV_START,1516299249185,20
32,WS_RECV_END,1516299249185,20
32,PLAYER_SLEEPBEFORE_START,1516299249185,21
32,PLAYER_SLEEPBEFORE_END,1516299249201,21
32,WS_SEND_START,1516299249201,21
32,WS_SEND_END,1516299249201,21
32,PLAYER_SLEEPBEFORE_START,1516299249201,22
32,PLAYER_SLEEPBEFORE_END,1516299249204,22
32,WS_SEND_START,1516299249204,22
32,WS_SEND_END,1516299249204,22
32,WS_RECV_INIT_START,1516299249204,23
32,WS_RECV_INIT_END,1516299249325,23
32,WS_RECV_START,1516299249325,24
32,WS_RECV_END,1516299249589,24
32,PLAYER_SLEEPBEFORE_START,1516299249589,25
32,PLAYER_SLEEPBEFORE_END,1516299249596,25
32,REQ_START,1516299249596,25
32,REQ_END,1516299249632,25
32,PLAYER_SLEEPBEFORE_START,1516299249632,26
32,PLAYER_SLEEPBEFORE_END,1516299249633,26
32,REQ_START,1516299249633,26
32,REQ_END,1516299249666,26
32,PLAYER_SLEEPBEFORE_START,1516299249666,27
32,PLAYER_SLEEPBEFORE_END,1516299249670,27
32,REQ_START,1516299249670,27
32,REQ_END,1516299249708,27
32,PLAYER_SLEEPBEFORE_START,1516299249708,28
32,PLAYER_SLEEPBEFORE_END,1516299249994,28
32,REQ_START,1516299249994,28
32,REQ_END,1516299250065,28
32,PLAYER_SLEEPBEFORE_START,1516299250065,29
32,PLAYER_SLEEPBEFORE_END,1516299250240,29
32,WS_SEND_START,1516299250240,29
32,WS_SEND_END,1516299250240,29
32,WS_RECV_START,1516299250240,30
32,WS_RECV_END,1516299251051,30
32,PLAYER_SLEEPBEFORE_START,1516299251051,31
32,PLAYER_SLEEPBEFORE_END,1516299251062,31
32,REQ_START,1516299251062,31
32,REQ_END,1516299251113,31
32,PLAYER_SLEEPBEFORE_START,1516299251113,32
32,PLAYER_SLEEPBEFORE_END,1516299279258,32
32,WS_SEND_START,1516299279258,32
32,WS_SEND_END,1516299279258,32
32,WS_RECV_START,1516299279258,33
32,WS_RECV_END,1516299279359,33
32,PLAYER_SLEEPBEFORE_START,1516299279359,34
32,PLAYER_SLEEPBEFORE_END,1516299305271,34
32,WS_SEND_START,1516299305271,34
32,WS_SEND_END,1516299305271,34
32,WS_RECV_START,1516299305271,35
32,WS_RECV_END,1516299305336,35
32,PLAYER_SLEEPBEFORE_START,1516299305336,36
32,PLAYER_SLEEPBEFORE_END,1516299305346,36
32,WS_SEND_START,1516299305346,36
32,WS_SEND_END,1516299305346,36
32,WS_RECV_START,1516299305346,37
32,WS_RECV_END,1516299305415,37
32,PLAYER_SLEEPBEFORE_START,1516299305415,38
32,PLAYER_SLEEPBEFORE_END,1516299308610,38
32,WS_SEND_START,1516299308610,38
32,WS_SEND_END,1516299308610,38
32,WS_RECV_START,1516299308610,39
32,WS_RECV_END,1516299312624,39
32,PLAYER_SLEEPBEFORE_START,1516299312624,40
32,PLAYER_SLEEPBEFORE_END,1516299312670,40
32,WS_SEND_START,1516299312670,40
32,WS_SEND_END,1516299312670,40
32,WS_RECV_START,1516299312670,41
32,WS_RECV_END,1516299313091,41
32,PLAYER_SLEEPBEFORE_START,1516299313091,42
32,PLAYER_SLEEPBEFORE_END,1516299331226,42
32,WS_SEND_START,1516299331226,42
32,WS_SEND_END,1516299331226,42
32,WS_RECV_START,1516299331226,43
32,WS_RECV_END,1516299331300,43
32,PLAYER_SLEEPBEFORE_START,1516299331300,44
32,PLAYER_SLEEPBEFORE_END,1516299331312,44
32,WS_SEND_START,1516299331312,44
32,WS_SEND_END,1516299331312,44
32,WS_RECV_START,1516299331312,45
32,WS_RECV_END,1516299331376,45
32,PLAYER_SLEEPBEFORE_START,1516299331376,46
32,PLAYER_SLEEPBEFORE_END,1516299332636,46
32,WS_SEND_START,1516299332636,46
32,WS_SEND_END,1516299332636,46
32,WS_RECV_START,1516299332636,47
32,WS_RECV_END,1516299332675,47
32,PLAYER_SLEEPBEFORE_START,1516299332675,48
32,PLAYER_SLEEPBEFORE_END,1516299333995,48
32,WS_SEND_START,1516299333995,48
32,WS_SEND_END,1516299333995,48
32,WS_RECV_START,1516299333995,49
32,WS_RECV_END,1516299336910,49
32,PLAYER_SLEEPBEFORE_START,1516299336910,50
32,PLAYER_SLEEPBEFORE_END,1516299336934,50
32,WS_SEND_START,1516299336934,50
32,WS_SEND_END,1516299336934,50
32,WS_RECV_START,1516299336934,51
32,WS_RECV_END,1516299337943,51
32,PLAYER_SLEEPBEFORE_START,1516299337943,52
32,PLAYER_SLEEPBEFORE_END,1516299360507,52
32,WS_SEND_START,1516299360507,52
32,WS_SEND_END,1516299360507,52
32,WS_RECV_START,1516299360507,53
32,WS_RECV_END,1516299360613,53
32,PLAYER_SLEEPBEFORE_START,1516299360613,54
32,PLAYER_SLEEPBEFORE_END,1516299381916,54
32,WS_SEND_START,1516299381916,54
32,WS_SEND_END,1516299381917,54
32,PLAYER_SLEEPBEFORE_START,1516299381917,55
32,PLAYER_SLEEPBEFORE_END,1516299383858,55
32,WS_SEND_START,1516299383858,55
32,WS_SEND_END,1516299383858,55
32,WS_RECV_START,1516299383858,56
32,WS_RECV_END,1516299383983,56
32,PLAYER_SLEEPBEFORE_START,1516299383983,57
32,PLAYER_SLEEPBEFORE_END,1516299406855,57
32,WS_SEND_START,1516299406855,57
32,WS_SEND_END,1516299406855,57
32,WS_RECV_START,1516299406855,58
32,WS_RECV_END,1516299406917,58
32,PLAYER_SLEEPBEFORE_START,1516299406917,59
32,PLAYER_SLEEPBEFORE_END,1516299409244,59
32,WS_SEND_START,1516299409244,59
32,WS_SEND_END,1516299409244,59
32,WS_RECV_START,1516299409244,60
32,WS_RECV_END,1516299409382,60
32,PLAYER_SLEEPBEFORE_START,1516299409382,61
32,PLAYER_SLEEPBEFORE_END,1516299412973,61
32,WS_SEND_START,1516299412973,61
32,WS_SEND_END,1516299412973,61
32,WS_RECV_START,1516299412973,62
32,WS_RECV_END,1516299413179,62
32,PLAYER_SLEEPBEFORE_START,1516299413179,63
32,PLAYER_SLEEPBEFORE_END,1516299432441,63
32,WS_SEND_START,1516299432441,63
32,WS_SEND_END,1516299432441,63
32,WS_RECV_START,1516299432441,64
32,WS_RECV_END,1516299432484,64
32,PLAYER_SLEEPBEFORE_START,1516299432484,65
32,PLAYER_SLEEPBEFORE_END,1516299459301,65
32,WS_SEND_START,1516299459301,65
32,WS_SEND_END,1516299459301,65
32,WS_RECV_START,1516299459301,66
32,WS_RECV_END,1516299459872,66
32,PLAYER_SLEEPBEFORE_START,1516299459872,67
32,PLAYER_SLEEPBEFORE_END,1516299461379,67
32,WS_SEND_START,1516299461379,67
32,WS_SEND_END,1516299461379,67
32,WS_RECV_START,1516299461379,68
32,WS_RECV_END,1516299461523,68
32,PLAYER_SLEEPBEFORE_START,1516299461523,69
32,PLAYER_SLEEPBEFORE_END,1516299483521,69
32,WS_SEND_START,1516299483521,69
32,WS_SEND_END,1516299483521,69
32,WS_RECV_START,1516299483521,70
32,WS_RECV_END,1516299483754,70
32,PLAYER_SLEEPBEFORE_START,1516299483754,71
32,PLAYER_SLEEPBEFORE_END,1516299508529,71
32,WS_SEND_START,1516299508529,71
32,WS_SEND_END,1516299508529,71
32,PLAYER_SLEEPBEFORE_START,1516299508529,72
32,PLAYER_SLEEPBEFORE_END,1516299511136,72
32,WS_SEND_START,1516299511136,72
32,WS_SEND_END,1516299511136,72
32,WS_RECV_START,1516299511136,73
32,WS_RECV_END,1516299511384,73
32,PLAYER_SLEEPBEFORE_START,1516299511384,74
32,PLAYER_SLEEPBEFORE_END,1516299511393,74
32,WS_SEND_START,1516299511393,74
32,WS_SEND_END,1516299511393,74
32,WS_RECV_START,1516299511393,75
32,WS_RECV_END,1516299511462,75
32,PLAYER_SLEEPBEFORE_START,1516299511462,76
32,PLAYER_SLEEPBEFORE_END,1516299512968,76
32,WS_SEND_START,1516299512968,76
32,WS_SEND_END,1516299512968,76
32,WS_RECV_START,1516299512968,77
32,WS_RECV_END,1516299513224,77
32,PLAYER_SLEEPBEFORE_START,1516299513224,78
32,PLAYER_SLEEPBEFORE_END,1516299514092,78
32,WS_SEND_START,1516299514092,78
32,WS_SEND_END,1516299514092,78
32,WS_RECV_START,1516299514092,79
32,WS_RECV_END,1516299514152,79
32,PLAYER_SLEEPBEFORE_START,1516299514152,80
32,PLAYER_SLEEPBEFORE_END,1516299521818,80
32,WS_SEND_START,1516299521818,80
32,WS_SEND_END,1516299521818,80
32,WS_RECV_START,1516299521818,81
32,WS_RECV_END,1516299522332,81
32,PLAYER_SLEEPBEFORE_START,1516299522332,82
32,PLAYER_SLEEPBEFORE_END,1516299523434,82
32,WS_SEND_START,1516299523434,82
32,WS_SEND_END,1516299523434,82
32,WS_RECV_START,1516299523434,83
32,WS_RECV_END,1516299523818,83
32,PLAYER_SLEEPBEFORE_START,1516299523818,84
32,PLAYER_SLEEPBEFORE_END,1516299524765,84
32,WS_SEND_START,1516299524765,84
32,WS_SEND_END,1516299524765,84
32,WS_RECV_START,1516299524765,85
32,WS_RECV_END,1516299524859,85
32,PLAYER_SLEEPBEFORE_START,1516299524859,86
32,PLAYER_SLEEPBEFORE_END,1516299529031,86
32,WS_SEND_START,1516299529031,86
32,WS_SEND_END,1516299529031,86
32,WS_RECV_START,1516299529031,87
32,WS_RECV_END,1516299530385,87
32,PLAYER_SLEEPBEFORE_START,1516299530385,88
32,PLAYER_SLEEPBEFORE_END,1516299530393,88
32,WS_SEND_START,1516299530393,88
32,WS_SEND_END,1516299530393,88
32,WS_RECV_START,1516299530393,89
32,WS_RECV_END,1516299531420,89
32,PLAYER_SLEEPBEFORE_START,1516299531420,90
32,PLAYER_SLEEPBEFORE_END,1516299558617,90
32,REQ_START,1516299558617,90
32,REQ_END,1516299558622,90
32,PLAYER_SLEEPBEFORE_START,1516299558622,91
32,PLAYER_SLEEPBEFORE_END,1516299566511,91
32,WS_SEND_START,1516299566511,91
32,WS_SEND_END,1516299566511,91
32,WS_RECV_START,1516299566511,92
32,WS_RECV_END,1516299567546,92
32,PLAYER_SLEEPBEFORE_START,1516299567546,93
32,PLAYER_SLEEPBEFORE_END,1516299567561,93
32,WS_SEND_START,1516299567561,93
32,WS_SEND_END,1516299567561,93
32,WS_RECV_START,1516299567561,94
32,WS_RECV_END,1516299567924,94
32,PLAYER_SLEEPBEFORE_START,1516299567924,95
32,PLAYER_SLEEPBEFORE_END,1516299591479,95
32,WS_SEND_START,1516299591479,95
32,WS_SEND_END,1516299591479,95
32,WS_RECV_START,1516299591479,96
32,WS_RECV_END,1516299592076,96
32,PLAYER_SLEEPBEFORE_START,1516299592076,97
32,PLAYER_SLEEPBEFORE_END,1516299614516,97
32,WS_SEND_START,1516299614516,97
32,WS_SEND_END,1516299614516,97
32,WS_RECV_START,1516299614516,98
32,WS_RECV_END,1516299615462,98
32,PLAYER_SLEEPBEFORE_START,1516299615462,99
32,PLAYER_SLEEPBEFORE_END,1516299615483,99
32,WS_SEND_START,1516299615483,99
32,WS_SEND_END,1516299615483,99
32,WS_RECV_START,1516299615483,100
32,WS_RECV_END,1516299617188,100
32,PLAYER_SLEEPBEFORE_START,1516299617188,101
32,PLAYER_SLEEPBEFORE_END,1516299640747,101
32,WS_SEND_START,1516299640747,101
32,WS_SEND_END,1516299640747,101
32,WS_RECV_START,1516299640747,102
32,WS_RECV_END,1516299641561,102
32,PLAYER_SLEEPBEFORE_START,1516299641561,103
32,PLAYER_SLEEPBEFORE_END,1516299665186,103
32,WS_SEND_START,1516299665186,103
32,WS_SEND_END,1516299665186,103
32,WS_RECV_START,1516299665186,104
32,WS_RECV_END,1516299665334,104
32,PLAYER_SLEEPBEFORE_START,1516299665334,105
32,PLAYER_SLEEPBEFORE_END,1516299690711,105
32,WS_SEND_START,1516299690711,105
32,WS_SEND_END,1516299690711,105
32,WS_RECV_START,1516299690711,106
32,WS_RECV_END,1516299691441,106
32,PLAYER_SLEEPBEFORE_START,1516299691441,107
32,PLAYER_SLEEPBEFORE_END,1516299714864,107
32,WS_SEND_START,1516299714864,107
32,WS_SEND_END,1516299714864,107
32,WS_RECV_START,1516299714864,108
32,WS_RECV_END,1516299715638,108
32,PLAYER_SLEEPBEFORE_START,1516299715638,109
32,PLAYER_SLEEPBEFORE_END,1516299715647,109
32,WS_SEND_START,1516299715647,109
32,WS_SEND_END,1516299715648,109
32,WS_RECV_START,1516299715648,110
32,WS_RECV_END,1516299715754,110
32,PLAYER_SLEEPBEFORE_START,1516299715754,111
32,PLAYER_SLEEPBEFORE_END,1516299716713,111
32,WS_SEND_START,1516299716713,111
32,WS_SEND_END,1516299716713,111
32,WS_RECV_START,1516299716713,112
32,WS_RECV_END,1516299717858,112
32,PLAYER_SLEEPBEFORE_START,1516299717858,113
32,PLAYER_SLEEPBEFORE_END,1516299718420,113
32,WS_SEND_START,1516299718420,113
32,WS_SEND_END,1516299718420,113
32,WS_RECV_START,1516299718420,114
32,WS_RECV_END,1516299720166,114
32,PLAYER_SLEEPBEFORE_START,1516299720166,115
32,PLAYER_SLEEPBEFORE_END,1516299720175,115
32,WS_SEND_START,1516299720175,115
32,WS_SEND_END,1516299720175,115
32,WS_RECV_START,1516299720175,116
32,WS_RECV_END,1516299721183,116
32,PLAYER_SLEEPBEFORE_START,1516299721183,117
32,PLAYER_SLEEPBEFORE_END,1516299741543,117
32,WS_SEND_START,1516299741543,117
32,WS_SEND_END,1516299741543,117
32,PLAYER_SLEEPBEFORE_START,1516299741543,118
32,PLAYER_SLEEPBEFORE_END,1516299745295,118
32,WS_SEND_START,1516299745295,118
32,WS_SEND_END,1516299745295,118
32,WS_RECV_START,1516299745295,119
32,WS_RECV_END,1516299746536,119
32,PLAYER_SLEEPBEFORE_START,1516299746536,120
32,PLAYER_SLEEPBEFORE_END,1516299747525,120
32,WS_SEND_START,1516299747525,120
32,WS_SEND_END,1516299747525,120
32,WS_RECV_START,1516299747525,121
32,WS_RECV_END,1516299749151,121
32,PLAYER_SLEEPBEFORE_START,1516299749151,122
32,PLAYER_SLEEPBEFORE_END,1516299750336,122
32,WS_SEND_START,1516299750336,122
32,WS_SEND_END,1516299750336,122
32,WS_RECV_START,1516299750336,123
32,WS_RECV_END,1516299752596,123
32,PLAYER_SLEEPBEFORE_START,1516299752596,124
32,PLAYER_SLEEPBEFORE_END,1516299777001,124
32,WS_SEND_START,1516299777001,124
32,WS_SEND_END,1516299777001,124
32,WS_RECV_START,1516299777001,125
32,WS_RECV_END,1516299778647,125
32,PLAYER_SLEEPBEFORE_START,1516299778647,126
32,PLAYER_SLEEPBEFORE_END,1516299799160,126
32,WS_SEND_START,1516299799160,126
32,WS_SEND_END,1516299799160,126
32,PLAYER_SLEEPBEFORE_START,1516299799160,127
32,PLAYER_SLEEPBEFORE_END,1516299802214,127
32,WS_SEND_START,1516299802214,127
32,WS_SEND_END,1516299802214,127
32,WS_RECV_START,1516299802214,128
32,WS_RECV_END,1516299802341,128
32,PLAYER_SLEEPBEFORE_START,1516299802341,129
32,PLAYER_SLEEPBEFORE_END,1516299802361,129
32,WS_SEND_START,1516299802361,129
32,WS_SEND_END,1516299802361,129
32,WS_RECV_START,1516299802361,130
32,WS_RECV_END,1516299803504,130
32,PLAYER_SLEEPBEFORE_START,1516299803504,131
32,PLAYER_SLEEPBEFORE_END,1516299825128,131
32,WS_SEND_START,1516299825129,131
32,WS_SEND_END,1516299825129,131
32,PLAYER_SLEEPBEFORE_START,1516299825129,132
32,PLAYER_SLEEPBEFORE_END,1516299828209,132
32,WS_SEND_START,1516299828209,132
32,WS_SEND_END,1516299828209,132
32,WS_RECV_START,1516299828209,133
32,WS_RECV_END,1516299829284,133
32,PLAYER_SLEEPBEFORE_START,1516299829284,134
32,PLAYER_SLEEPBEFORE_END,1516299850502,134
32,WS_SEND_START,1516299850502,134
32,WS_SEND_END,1516299850502,134
32,PLAYER_SLEEPBEFORE_START,1516299850502,135
32,PLAYER_SLEEPBEFORE_END,1516299853692,135
32,WS_SEND_START,1516299853692,135
32,WS_SEND_END,1516299853692,135
32,WS_RECV_START,1516299853692,136
32,WS_RECV_END,1516299854254,136
32,PLAYER_SLEEPBEFORE_START,1516299854254,137
32,PLAYER_SLEEPBEFORE_END,1516299854261,137
32,WS_SEND_START,1516299854261,137
32,WS_SEND_END,1516299854261,137
32,WS_RECV_START,1516299854261,138
32,WS_RECV_END,1516299854626,138
32,PLAYER_SLEEPBEFORE_START,1516299854626,139
32,PLAYER_SLEEPBEFORE_END,1516299855316,139
32,WS_SEND_START,1516299855316,139
32,WS_SEND_END,1516299855316,139
32,WS_RECV_START,1516299855316,140
32,WS_RECV_END,1516299855377,140
32,PLAYER_SLEEPBEFORE_START,1516299855377,141
32,PLAYER_SLEEPBEFORE_END,1516299856032,141
32,WS_SEND_START,1516299856032,141
32,WS_SEND_END,1516299856032,141
32,WS_RECV_START,1516299856032,142
32,WS_RECV_END,1516299858598,142
32,PLAYER_SLEEPBEFORE_START,1516299858598,143
32,PLAYER_SLEEPBEFORE_END,1516299858655,143
32,WS_SEND_START,1516299858655,143
32,WS_SEND_END,1516299858656,143
32,WS_RECV_START,1516299858656,144
32,WS_RECV_END,1516299859216,144
32,PLAYER_SLEEPBEFORE_START,1516299859216,145
32,PLAYER_SLEEPBEFORE_END,1516299875279,145
32,REQ_START,1516299875279,145
32,REQ_END,1516299875285,145
32,PLAYER_SLEEPBEFORE_START,1516299875285,146
32,PLAYER_SLEEPBEFORE_END,1516299884162,146
32,WS_SEND_START,1516299884162,146
32,WS_SEND_END,1516299884162,146
32,WS_RECV_START,1516299884162,147
32,WS_RECV_END,1516299888322,147
32,PLAYER_SLEEPBEFORE_START,1516299888322,148
32,PLAYER_SLEEPBEFORE_END,1516299910244,148
32,WS_SEND_START,1516299910244,148
32,WS_SEND_END,1516299910244,148
32,PLAYER_SLEEPBEFORE_START,1516299910244,149
32,PLAYER_SLEEPBEFORE_END,1516299912672,149
32,WS_SEND_START,1516299912672,149
32,WS_SEND_END,1516299912672,149
32,WS_RECV_START,1516299912672,150
32,WS_RECV_END,1516299913399,150
32,PLAYER_SLEEPBEFORE_START,1516299913399,151
32,PLAYER_SLEEPBEFORE_END,1516299913609,151
32,WS_SEND_START,1516299913609,151
32,WS_SEND_END,1516299913609,151
32,WS_RECV_START,1516299913609,152
32,WS_RECV_END,1516299914432,152
32,PLAYER_SLEEPBEFORE_START,1516299914432,153
32,PLAYER_SLEEPBEFORE_END,1516299938359,153
32,WS_SEND_START,1516299938359,153
32,WS_SEND_END,1516299938359,153
32,WS_RECV_START,1516299938359,154
32,WS_RECV_END,1516299941145,154
32,PLAYER_SLEEPBEFORE_START,1516299941145,155
32,PLAYER_SLEEPBEFORE_END,1516299963703,155
32,WS_SEND_START,1516299963703,155
32,WS_SEND_END,1516299963703,155
32,PLAYER_SLEEPBEFORE_START,1516299963703,156
32,PLAYER_SLEEPBEFORE_END,1516299966977,156
32,WS_SEND_START,1516299966977,156
32,WS_SEND_END,1516299966977,156
32,WS_RECV_START,1516299966977,157
32,WS_RECV_END,1516299967459,157
32,PLAYER_SLEEPBEFORE_START,1516299967459,158
32,PLAYER_SLEEPBEFORE_END,1516299967469,158
32,WS_SEND_START,1516299967469,158
32,WS_SEND_END,1516299967469,158
32,WS_RECV_START,1516299967469,159
32,WS_RECV_END,1516299967634,159
32,PLAYER_SLEEPBEFORE_START,1516299967634,160
32,PLAYER_SLEEPBEFORE_END,1516299967809,160
32,WS_SEND_START,1516299967809,160
32,WS_SEND_END,1516299967809,160
32,WS_RECV_START,1516299967809,161
32,WS_RECV_END,1516299968905,161
32,PLAYER_SLEEPBEFORE_START,1516299968905,162
32,PLAYER_SLEEPBEFORE_END,1516299968930,162
32,WS_SEND_START,1516299968930,162
32,WS_SEND_END,1516299968930,162
32,WS_RECV_START,1516299968930,163
32,WS_RECV_END,1516299969647,163
32,PLAYER_SLEEPBEFORE_START,1516299969647,164
32,PLAYER_SLEEPBEFORE_END,1516299990459,164
32,WS_SEND_START,1516299990459,164
32,WS_SEND_END,1516299990459,164
32,WS_RECV_START,1516299990459,165
32,WS_RECV_END,1516299994480,165
32,PLAYER_SLEEPBEFORE_START,1516299994480,166
32,PLAYER_SLEEPBEFORE_END,1516300016935,166
32,WS_SEND_START,1516300016935,166
32,WS_SEND_END,1516300016935,166
32,WS_RECV_START,1516300016935,167
32,WS_RECV_END,1516300019102,167
32,PLAYER_SLEEPBEFORE_START,1516300019102,168
32,PLAYER_SLEEPBEFORE_END,1516300046459,168
32,WS_SEND_START,1516300046459,168
32,WS_SEND_END,1516300046459,168
32,WS_RECV_START,1516300046459,169
32,WS_RECV_END,1516300048260,169
32,PLAYER_SLEEPBEFORE_START,1516300048261,170
32,PLAYER_SLEEPBEFORE_END,1516300048270,170
32,WS_SEND_START,1516300048270,170
32,WS_SEND_END,1516300048270,170
32,WS_RECV_START,1516300048270,171
32,WS_RECV_END,1516300048790,171
32,PLAYER_SLEEPBEFORE_START,1516300048790,172
32,PLAYER_SLEEPBEFORE_END,1516300049159,172
32,WS_SEND_START,1516300049159,172
32,WS_SEND_END,1516300049159,172
32,WS_RECV_START,1516300049159,173
32,WS_RECV_END,1516300051566,173
32,PLAYER_SLEEPBEFORE_START,1516300051566,174
32,PLAYER_SLEEPBEFORE_END,1516300051607,174
32,WS_SEND_START,1516300051607,174
32,WS_SEND_END,1516300051607,174
32,WS_RECV_START,1516300051607,175
32,WS_RECV_END,1516300052812,175
32,PLAYER_SLEEPBEFORE_START,1516300052812,176
32,PLAYER_SLEEPBEFORE_END,1516300074573,176
32,WS_SEND_START,1516300074573,176
32,WS_SEND_END,1516300074573,176
32,PLAYER_SLEEPBEFORE_START,1516300074573,177
32,PLAYER_SLEEPBEFORE_END,1516300077091,177
32,WS_SEND_START,1516300077091,177
32,WS_SEND_END,1516300077091,177
32,WS_RECV_START,1516300077091,178
32,WS_RECV_END,1516300077718,178
32,PLAYER_SLEEPBEFORE_START,1516300077718,179
32,PLAYER_SLEEPBEFORE_END,1516300100058,179
32,WS_SEND_START,1516300100058,179
32,WS_SEND_END,1516300100058,179
32,WS_RECV_START,1516300100058,180
32,WS_RECV_END,1516300100878,180
32,PLAYER_SLEEPBEFORE_START,1516300100878,181
32,PLAYER_SLEEPBEFORE_END,1516300101322,181
32,WS_SEND_START,1516300101322,181
32,WS_SEND_END,1516300101322,181
32,WS_RECV_START,1516300101322,182
32,WS_RECV_END,1516300102059,182
32,PLAYER_SLEEPBEFORE_START,1516300102059,183
32,PLAYER_SLEEPBEFORE_END,1516300102582,183
32,WS_SEND_START,1516300102582,183
32,WS_SEND_END,1516300102582,183
32,WS_RECV_START,1516300102582,184
32,WS_RECV_END,1516300102984,184
32,PLAYER_SLEEPBEFORE_START,1516300102985,185
32,PLAYER_SLEEPBEFORE_END,1516300103253,185
32,WS_SEND_START,1516300103253,185
32,WS_SEND_END,1516300103253,185
32,WS_RECV_START,1516300103253,186
32,WS_RECV_END,1516300103887,186
32,PLAYER_SLEEPBEFORE_START,1516300103887,187
32,PLAYER_SLEEPBEFORE_END,1516300126387,187
32,WS_SEND_START,1516300126387,187
32,WS_SEND_END,1516300126387,187
32,WS_RECV_START,1516300126387,188
32,WS_RECV_END,1516300129075,188
32,PLAYER_SLEEPBEFORE_START,1516300129075,189
32,PLAYER_SLEEPBEFORE_END,1516300135314,189
32,WS_SEND_START,1516300135314,189
32,WS_SEND_END,1516300135314,189
32,WS_RECV_START,1516300135314,190
32,WS_RECV_END,1516300139638,190
32,PLAYER_SLEEPBEFORE_START,1516300139638,191
32,PLAYER_SLEEPBEFORE_END,1516300141553,191
32,WS_SEND_START,1516300141553,191
32,WS_SEND_END,1516300141553,191
32,WS_RECV_START,1516300141553,192
32,WS_RECV_END,1516300145515,192
32,PLAYER_SLEEPBEFORE_START,1516300145515,193
32,PLAYER_SLEEPBEFORE_END,1516300145643,193
32,WS_SEND_START,1516300145643,193
32,WS_SEND_END,1516300145643,193
32,WS_RECV_START,1516300145643,194
32,WS_RECV_END,1516300147971,194
32,PLAYER_SLEEPBEFORE_START,1516300147971,195
32,PLAYER_SLEEPBEFORE_END,1516300149726,195
32,WS_SEND_START,1516300149726,195
32,WS_SEND_END,1516300149726,195
32,WS_RECV_START,1516300149726,196
32,WS_RECV_END,1516300155274,196
32,PLAYER_SLEEPBEFORE_START,1516300155274,197
32,PLAYER_SLEEPBEFORE_END,1516300157078,197
32,WS_SEND_START,1516300157078,197
32,WS_SEND_END,1516300157078,197
32,WS_RECV_START,1516300157078,198
32,WS_RECV_END,1516300162076,198
32,PLAYER_SLEEPBEFORE_START,1516300162076,199
32,PLAYER_SLEEPBEFORE_END,1516300173930,199
32,WS_SEND_START,1516300173930,199
32,WS_SEND_END,1516300173931,199
32,PLAYER_SLEEPBEFORE_START,1516300173931,200
32,PLAYER_SLEEPBEFORE_END,1516300178019,200
32,WS_SEND_START,1516300178019,200
32,WS_SEND_END,1516300178019,200
32,WS_RECV_START,1516300178019,201
32,WS_RECV_END,1516300179497,201
32,PLAYER_SLEEPBEFORE_START,1516300179497,202
32,PLAYER_SLEEPBEFORE_END,1516300179511,202
32,WS_SEND_START,1516300179511,202
32,WS_SEND_END,1516300179511,202
32,WS_RECV_START,1516300179511,203
32,WS_RECV_END,1516300182575,203
32,PLAYER_SLEEPBEFORE_START,1516300182575,204
32,PLAYER_SLEEPBEFORE_END,1516300202224,204
32,WS_SEND_START,1516300202224,204
32,WS_SEND_END,1516300202224,204
32,PLAYER_SLEEPBEFORE_START,1516300202224,205
32,PLAYER_SLEEPBEFORE_END,1516300206122,205
32,WS_SEND_START,1516300206122,205
32,WS_SEND_END,1516300206122,205
32,WS_RECV_START,1516300206122,206
32,WS_RECV_END,1516300208278,206
32,PLAYER_SLEEPBEFORE_START,1516300208278,207
32,PLAYER_SLEEPBEFORE_END,1516300225209,207
32,REQ_START,1516300225209,207
32,REQ_END,1516300225214,207
32,PLAYER_SLEEPBEFORE_START,1516300225214,208
32,PLAYER_SLEEPBEFORE_END,1516300232066,208
32,WS_CLOSE_START,1516300232066,208
32,WS_CLOSE_END,1516300232066,208
32,PLAYER_DONE,1516300232066
