# --sessions 2700 --app-url=http://shinyloadtest.rstudioservices.com/cran_explorer --output-dir test2700 --overwrite-output --log-level warn --start-interval 100 15min.log
thread_id,event,timestamp,input_line_number,comment
325,PLAYER_SESSION_CREATE,1516299245392
325,PLAYER_START_INTERVAL_START,1516299245392
325,PLAYER_START_INTERVAL_END,1516299277892
325,REQ_HOME_START,1516299277892,2
325,REQ_HOME_END,1516299278003,2
325,REQ_START,1516299278003,3
325,REQ_END,1516299278039,3
325,REQ_START,1516299278039,4
325,REQ_END,1516299278076,4
325,REQ_START,1516299278076,5
325,REQ_END,1516299278112,5
325,REQ_START,1516299278112,6
325,REQ_END,1516299278148,6
325,REQ_START,1516299278148,7
325,REQ_END,1516299278183,7
325,REQ_START,1516299278183,8
325,REQ_END,1516299278220,8
325,REQ_START,1516299278220,9
325,REQ_END,1516299278260,9
325,REQ_START,1516299278260,10
325,REQ_END,1516299278264,10
325,REQ_START,1516299278264,11
325,REQ_END,1516299278386,11
325,REQ_START,1516299278386,12
325,REQ_END,1516299278393,12
325,REQ_START,1516299278393,13
325,REQ_END,1516299278425,13
325,REQ_START,1516299278425,14
325,REQ_END,1516299278444,14
325,REQ_START,1516299278444,15
325,REQ_END,1516299278480,15
325,REQ_TOK_START,1516299278480,16
325,REQ_TOK_END,1516299278484,16
325,REQ_SINF_START,1516299278484,17
325,REQ_SINF_END,1516299278487,17
325,WS_OPEN_START,1516299278488,18
325,WS_OPEN_END,1516299278491,18
325,REQ_START,1516299278491,19
325,REQ_END,1516299278522,19
325,WS_RECV_START,1516299278522,20
325,WS_RECV_END,1516299278522,20
325,PLAYER_SLEEPBEFORE_START,1516299278522,21
325,PLAYER_SLEEPBEFORE_END,1516299278527,21
325,WS_SEND_START,1516299278527,21
325,WS_SEND_END,1516299278527,21
325,PLAYER_SLEEPBEFORE_START,1516299278527,22
325,PLAYER_SLEEPBEFORE_END,1516299278528,22
325,WS_SEND_START,1516299278528,22
325,WS_SEND_END,1516299278528,22
325,WS_RECV_INIT_START,1516299278528,23
325,WS_RECV_INIT_END,1516299278546,23
325,WS_RECV_START,1516299278546,24
325,WS_RECV_END,1516299278591,24
325,PLAYER_SLEEPBEFORE_START,1516299278591,25
325,PLAYER_SLEEPBEFORE_END,1516299278598,25
325,REQ_START,1516299278598,25
325,REQ_END,1516299278632,25
325,PLAYER_SLEEPBEFORE_START,1516299278632,26
325,PLAYER_SLEEPBEFORE_END,1516299278634,26
325,REQ_START,1516299278634,26
325,REQ_END,1516299278668,26
325,PLAYER_SLEEPBEFORE_START,1516299278668,27
325,PLAYER_SLEEPBEFORE_END,1516299278671,27
325,REQ_START,1516299278671,27
325,REQ_END,1516299278706,27
325,PLAYER_SLEEPBEFORE_START,1516299278706,28
325,PLAYER_SLEEPBEFORE_END,1516299278991,28
325,REQ_START,1516299278991,28
325,REQ_END,1516299279024,28
325,PLAYER_SLEEPBEFORE_START,1516299279024,29
325,PLAYER_SLEEPBEFORE_END,1516299279199,29
325,WS_SEND_START,1516299279199,29
325,WS_SEND_END,1516299279199,29
325,WS_RECV_START,1516299279199,30
325,WS_RECV_END,1516299279324,30
325,PLAYER_SLEEPBEFORE_START,1516299279324,31
325,PLAYER_SLEEPBEFORE_END,1516299279335,31
325,REQ_START,1516299279335,31
325,REQ_END,1516299279378,31
325,PLAYER_SLEEPBEFORE_START,1516299279378,32
325,PLAYER_SLEEPBEFORE_END,1516299307523,32
325,WS_SEND_START,1516299307523,32
325,WS_SEND_END,1516299307523,32
325,WS_RECV_START,1516299307523,33
325,WS_RECV_END,1516299307659,33
325,PLAYER_SLEEPBEFORE_START,1516299307659,34
325,PLAYER_SLEEPBEFORE_END,1516299333570,34
325,WS_SEND_START,1516299333570,34
325,WS_SEND_END,1516299333570,34
325,WS_RECV_START,1516299333570,35
325,WS_RECV_END,1516299336066,35
325,PLAYER_SLEEPBEFORE_START,1516299336066,36
325,PLAYER_SLEEPBEFORE_END,1516299336075,36
325,WS_SEND_START,1516299336075,36
325,WS_SEND_END,1516299336075,36
325,WS_RECV_START,1516299336075,37
325,WS_RECV_END,1516299336203,37
325,PLAYER_SLEEPBEFORE_START,1516299336203,38
325,PLAYER_SLEEPBEFORE_END,1516299339398,38
325,WS_SEND_START,1516299339398,38
325,WS_SEND_END,1516299339398,38
325,WS_RECV_START,1516299339398,39
325,WS_RECV_END,1516299339680,39
325,PLAYER_SLEEPBEFORE_START,1516299339680,40
325,PLAYER_SLEEPBEFORE_END,1516299339727,40
325,WS_SEND_START,1516299339727,40
325,WS_SEND_END,1516299339727,40
325,WS_RECV_START,1516299339727,41
325,WS_RECV_END,1516299339956,41
325,PLAYER_SLEEPBEFORE_START,1516299339956,42
325,PLAYER_SLEEPBEFORE_END,1516299358091,42
325,WS_SEND_START,1516299358092,42
325,WS_SEND_END,1516299358092,42
325,WS_RECV_START,1516299358092,43
325,WS_RECV_END,1516299358192,43
325,PLAYER_SLEEPBEFORE_START,1516299358192,44
325,PLAYER_SLEEPBEFORE_END,1516299358204,44
325,WS_SEND_START,1516299358204,44
325,WS_SEND_END,1516299358204,44
325,WS_RECV_START,1516299358204,45
325,WS_RECV_END,1516299358267,45
325,PLAYER_SLEEPBEFORE_START,1516299358267,46
325,PLAYER_SLEEPBEFORE_END,1516299359527,46
325,WS_SEND_START,1516299359527,46
325,WS_SEND_END,1516299359527,46
325,WS_RECV_START,1516299359527,47
325,WS_RECV_END,1516299359555,47
325,PLAYER_SLEEPBEFORE_START,1516299359555,48
325,PLAYER_SLEEPBEFORE_END,1516299360876,48
325,WS_SEND_START,1516299360876,48
325,WS_SEND_END,1516299360876,48
325,WS_RECV_START,1516299360876,49
325,WS_RECV_END,1516299361002,49
325,PLAYER_SLEEPBEFORE_START,1516299361002,50
325,PLAYER_SLEEPBEFORE_END,1516299361026,50
325,WS_SEND_START,1516299361026,50
325,WS_SEND_END,1516299361026,50
325,WS_RECV_START,1516299361026,51
325,WS_RECV_END,1516299361222,51
325,PLAYER_SLEEPBEFORE_START,1516299361222,52
325,PLAYER_SLEEPBEFORE_END,1516299383786,52
325,WS_SEND_START,1516299383786,52
325,WS_SEND_END,1516299383786,52
325,WS_RECV_START,1516299383786,53
325,WS_RECV_END,1516299384065,53
325,PLAYER_SLEEPBEFORE_START,1516299384065,54
325,PLAYER_SLEEPBEFORE_END,1516299405368,54
325,WS_SEND_START,1516299405368,54
325,WS_SEND_END,1516299405368,54
325,PLAYER_SLEEPBEFORE_START,1516299405368,55
325,PLAYER_SLEEPBEFORE_END,1516299407309,55
325,WS_SEND_START,1516299407309,55
325,WS_SEND_END,1516299407309,55
325,WS_RECV_START,1516299407309,56
325,WS_RECV_END,1516299407432,56
325,PLAYER_SLEEPBEFORE_START,1516299407432,57
325,PLAYER_SLEEPBEFORE_END,1516299430305,57
325,WS_SEND_START,1516299430305,57
325,WS_SEND_END,1516299430305,57
325,WS_RECV_START,1516299430305,58
325,WS_RECV_END,1516299430393,58
325,PLAYER_SLEEPBEFORE_START,1516299430393,59
325,PLAYER_SLEEPBEFORE_END,1516299432721,59
325,WS_SEND_START,1516299432721,59
325,WS_SEND_END,1516299432721,59
325,WS_RECV_START,1516299432721,60
325,WS_RECV_END,1516299432860,60
325,PLAYER_SLEEPBEFORE_START,1516299432860,61
325,PLAYER_SLEEPBEFORE_END,1516299436451,61
325,WS_SEND_START,1516299436451,61
325,WS_SEND_END,1516299436451,61
325,WS_RECV_START,1516299436451,62
325,WS_RECV_END,1516299436546,62
325,PLAYER_SLEEPBEFORE_START,1516299436546,63
325,PLAYER_SLEEPBEFORE_END,1516299455808,63
325,WS_SEND_START,1516299455808,63
325,WS_SEND_END,1516299455808,63
325,WS_RECV_START,1516299455808,64
325,WS_RECV_END,1516299455929,64
325,PLAYER_SLEEPBEFORE_START,1516299455929,65
325,PLAYER_SLEEPBEFORE_END,1516299482746,65
325,WS_SEND_START,1516299482746,65
325,WS_SEND_END,1516299482746,65
325,WS_RECV_START,1516299482746,66
325,WS_RECV_END,1516299483377,66
325,PLAYER_SLEEPBEFORE_START,1516299483377,67
325,PLAYER_SLEEPBEFORE_END,1516299484884,67
325,WS_SEND_START,1516299484884,67
325,WS_SEND_END,1516299484884,67
325,WS_RECV_START,1516299484884,68
325,WS_RECV_END,1516299485056,68
325,PLAYER_SLEEPBEFORE_START,1516299485056,69
325,PLAYER_SLEEPBEFORE_END,1516299507054,69
325,WS_SEND_START,1516299507054,69
325,WS_SEND_END,1516299507054,69
325,WS_RECV_START,1516299507054,70
325,WS_RECV_END,1516299507454,70
325,PLAYER_SLEEPBEFORE_START,1516299507454,71
325,PLAYER_SLEEPBEFORE_END,1516299532229,71
325,WS_SEND_START,1516299532229,71
325,WS_SEND_END,1516299532229,71
325,PLAYER_SLEEPBEFORE_START,1516299532229,72
325,PLAYER_SLEEPBEFORE_END,1516299534836,72
325,WS_SEND_START,1516299534836,72
325,WS_SEND_END,1516299534836,72
325,WS_RECV_START,1516299534836,73
325,WS_RECV_END,1516299535412,73
325,PLAYER_SLEEPBEFORE_START,1516299535412,74
325,PLAYER_SLEEPBEFORE_END,1516299535421,74
325,WS_SEND_START,1516299535421,74
325,WS_SEND_END,1516299535421,74
325,WS_RECV_START,1516299535421,75
325,WS_RECV_END,1516299536233,75
325,PLAYER_SLEEPBEFORE_START,1516299536233,76
325,PLAYER_SLEEPBEFORE_END,1516299537739,76
325,WS_SEND_START,1516299537739,76
325,WS_SEND_END,1516299537739,76
325,WS_RECV_START,1516299537739,77
325,WS_RECV_END,1516299537918,77
325,PLAYER_SLEEPBEFORE_START,1516299537918,78
325,PLAYER_SLEEPBEFORE_END,1516299538786,78
325,WS_SEND_START,1516299538786,78
325,WS_SEND_END,1516299538786,78
325,WS_RECV_START,1516299538786,79
325,WS_RECV_END,1516299539519,79
325,PLAYER_SLEEPBEFORE_START,1516299539519,80
325,PLAYER_SLEEPBEFORE_END,1516299547185,80
325,WS_SEND_START,1516299547185,80
325,WS_SEND_END,1516299547185,80
325,WS_RECV_START,1516299547185,81
325,WS_RECV_END,1516299548582,81
325,PLAYER_SLEEPBEFORE_START,1516299548582,82
325,PLAYER_SLEEPBEFORE_END,1516299549684,82
325,WS_SEND_START,1516299549684,82
325,WS_SEND_END,1516299549684,82
325,WS_RECV_START,1516299549684,83
325,WS_RECV_END,1516299550117,83
325,PLAYER_SLEEPBEFORE_START,1516299550117,84
325,PLAYER_SLEEPBEFORE_END,1516299551064,84
325,WS_SEND_START,1516299551064,84
325,WS_SEND_END,1516299551064,84
325,WS_RECV_START,1516299551064,85
325,WS_RECV_END,1516299552458,85
325,PLAYER_SLEEPBEFORE_START,1516299552459,86
325,PLAYER_SLEEPBEFORE_END,1516299556631,86
325,WS_SEND_START,1516299556631,86
325,WS_SEND_END,1516299556631,86
325,WS_RECV_START,1516299556631,87
325,WS_RECV_END,1516299557584,87
325,PLAYER_SLEEPBEFORE_START,1516299557584,88
325,PLAYER_SLEEPBEFORE_END,1516299557592,88
325,WS_SEND_START,1516299557592,88
325,WS_SEND_END,1516299557592,88
325,WS_RECV_START,1516299557592,89
325,WS_RECV_END,1516299558157,89
325,PLAYER_SLEEPBEFORE_START,1516299558157,90
325,PLAYER_SLEEPBEFORE_END,1516299585354,90
325,REQ_START,1516299585354,90
325,REQ_END,1516299585361,90
325,PLAYER_SLEEPBEFORE_START,1516299585361,91
325,PLAYER_SLEEPBEFORE_END,1516299593250,91
325,WS_SEND_START,1516299593250,91
325,WS_SEND_END,1516299593250,91
325,WS_RECV_START,1516299593250,92
325,WS_RECV_END,1516299593812,92
325,PLAYER_SLEEPBEFORE_START,1516299593812,93
325,PLAYER_SLEEPBEFORE_END,1516299593827,93
325,WS_SEND_START,1516299593827,93
325,WS_SEND_END,1516299593827,93
325,WS_RECV_START,1516299593827,94
325,WS_RECV_END,1516299594212,94
325,PLAYER_SLEEPBEFORE_START,1516299594212,95
325,PLAYER_SLEEPBEFORE_END,1516299617767,95
325,WS_SEND_START,1516299617767,95
325,WS_SEND_END,1516299617767,95
325,WS_RECV_START,1516299617767,96
325,WS_RECV_END,1516299619235,96
325,PLAYER_SLEEPBEFORE_START,1516299619235,97
325,PLAYER_SLEEPBEFORE_END,1516299641675,97
325,WS_SEND_START,1516299641675,97
325,WS_SEND_END,1516299641675,97
325,WS_RECV_START,1516299641675,98
325,WS_RECV_END,1516299643051,98
325,PLAYER_SLEEPBEFORE_START,1516299643051,99
325,PLAYER_SLEEPBEFORE_END,1516299643072,99
325,WS_SEND_START,1516299643072,99
325,WS_SEND_END,1516299643072,99
325,WS_RECV_START,1516299643072,100
325,WS_RECV_END,1516299644119,100
325,PLAYER_SLEEPBEFORE_START,1516299644119,101
325,PLAYER_SLEEPBEFORE_END,1516299667678,101
325,WS_SEND_START,1516299667678,101
325,WS_SEND_END,1516299667678,101
325,WS_RECV_START,1516299667678,102
325,WS_RECV_END,1516299668551,102
325,PLAYER_SLEEPBEFORE_START,1516299668551,103
325,PLAYER_SLEEPBEFORE_END,1516299692176,103
325,WS_SEND_START,1516299692176,103
325,WS_SEND_END,1516299692176,103
325,WS_RECV_START,1516299692176,104
325,WS_RECV_END,1516299692611,104
325,PLAYER_SLEEPBEFORE_START,1516299692611,105
325,PLAYER_SLEEPBEFORE_END,1516299717988,105
325,WS_SEND_START,1516299717988,105
325,WS_SEND_END,1516299717988,105
325,WS_RECV_START,1516299717988,106
325,WS_RECV_END,1516299719038,106
325,PLAYER_SLEEPBEFORE_START,1516299719038,107
325,PLAYER_SLEEPBEFORE_END,1516299742462,107
325,WS_SEND_START,1516299742462,107
325,WS_SEND_END,1516299742462,107
325,WS_RECV_START,1516299742462,108
325,WS_RECV_END,1516299744106,108
325,PLAYER_SLEEPBEFORE_START,1516299744106,109
325,PLAYER_SLEEPBEFORE_END,1516299744115,109
325,WS_SEND_START,1516299744115,109
325,WS_SEND_END,1516299744115,109
325,WS_RECV_START,1516299744115,110
325,WS_RECV_END,1516299745281,110
325,PLAYER_SLEEPBEFORE_START,1516299745281,111
325,PLAYER_SLEEPBEFORE_END,1516299746240,111
325,WS_SEND_START,1516299746240,111
325,WS_SEND_END,1516299746240,111
325,WS_RECV_START,1516299746240,112
325,WS_RECV_END,1516299747076,112
325,PLAYER_SLEEPBEFORE_START,1516299747076,113
325,PLAYER_SLEEPBEFORE_END,1516299747638,113
325,WS_SEND_START,1516299747638,113
325,WS_SEND_END,1516299747638,113
325,WS_RECV_START,1516299747638,114
325,WS_RECV_END,1516299749820,114
325,PLAYER_SLEEPBEFORE_START,1516299749820,115
325,PLAYER_SLEEPBEFORE_END,1516299749829,115
325,WS_SEND_START,1516299749829,115
325,WS_SEND_END,1516299749829,115
325,WS_RECV_START,1516299749829,116
325,WS_RECV_END,1516299750848,116
325,PLAYER_SLEEPBEFORE_START,1516299750848,117
325,PLAYER_SLEEPBEFORE_END,1516299771209,117
325,WS_SEND_START,1516299771209,117
325,WS_SEND_END,1516299771209,117
325,PLAYER_SLEEPBEFORE_START,1516299771209,118
325,PLAYER_SLEEPBEFORE_END,1516299774961,118
325,WS_SEND_START,1516299774961,118
325,WS_SEND_END,1516299774961,118
325,WS_RECV_START,1516299774961,119
325,WS_RECV_END,1516299775594,119
325,PLAYER_SLEEPBEFORE_START,1516299775594,120
325,PLAYER_SLEEPBEFORE_END,1516299776582,120
325,WS_SEND_START,1516299776582,120
325,WS_SEND_END,1516299776582,120
325,WS_RECV_START,1516299776582,121
325,WS_RECV_END,1516299777320,121
325,PLAYER_SLEEPBEFORE_START,1516299777320,122
325,PLAYER_SLEEPBEFORE_END,1516299778505,122
325,WS_SEND_START,1516299778505,122
325,WS_SEND_END,1516299778505,122
325,WS_RECV_START,1516299778505,123
325,WS_RECV_END,1516299779571,123
325,PLAYER_SLEEPBEFORE_START,1516299779571,124
325,PLAYER_SLEEPBEFORE_END,1516299803977,124
325,WS_SEND_START,1516299803977,124
325,WS_SEND_END,1516299803977,124
325,WS_RECV_START,1516299803977,125
325,WS_RECV_END,1516299808338,125
325,PLAYER_SLEEPBEFORE_START,1516299808338,126
325,PLAYER_SLEEPBEFORE_END,1516299828850,126
325,WS_SEND_START,1516299828850,126
325,WS_SEND_END,1516299828850,126
325,PLAYER_SLEEPBEFORE_START,1516299828850,127
325,PLAYER_SLEEPBEFORE_END,1516299831905,127
325,WS_SEND_START,1516299831905,127
325,WS_SEND_END,1516299831905,127
325,WS_RECV_START,1516299831905,128
325,WS_RECV_END,1516299833117,128
325,PLAYER_SLEEPBEFORE_START,1516299833117,129
325,PLAYER_SLEEPBEFORE_END,1516299833137,129
325,WS_SEND_START,1516299833137,129
325,WS_SEND_END,1516299833137,129
325,WS_RECV_START,1516299833137,130
325,WS_RECV_END,1516299833452,130
325,PLAYER_SLEEPBEFORE_START,1516299833452,131
325,PLAYER_SLEEPBEFORE_END,1516299855076,131
325,WS_SEND_START,1516299855076,131
325,WS_SEND_END,1516299855076,131
325,PLAYER_SLEEPBEFORE_START,1516299855076,132
325,PLAYER_SLEEPBEFORE_END,1516299858156,132
325,WS_SEND_START,1516299858156,132
325,WS_SEND_END,1516299858156,132
325,WS_RECV_START,1516299858156,133
325,WS_RECV_END,1516299858790,133
325,PLAYER_SLEEPBEFORE_START,1516299858790,134
325,PLAYER_SLEEPBEFORE_END,1516299880007,134
325,WS_SEND_START,1516299880007,134
325,WS_SEND_END,1516299880007,134
325,PLAYER_SLEEPBEFORE_START,1516299880007,135
325,PLAYER_SLEEPBEFORE_END,1516299883197,135
325,WS_SEND_START,1516299883197,135
325,WS_SEND_END,1516299883197,135
325,WS_RECV_START,1516299883197,136
325,WS_RECV_END,1516299885535,136
325,PLAYER_SLEEPBEFORE_START,1516299885535,137
325,PLAYER_SLEEPBEFORE_END,1516299885542,137
325,WS_SEND_START,1516299885542,137
325,WS_SEND_END,1516299885543,137
325,WS_RECV_START,1516299885543,138
325,WS_RECV_END,1516299887195,138
325,PLAYER_SLEEPBEFORE_START,1516299887195,139
325,PLAYER_SLEEPBEFORE_END,1516299887886,139
325,WS_SEND_START,1516299887886,139
325,WS_SEND_END,1516299887886,139
325,WS_RECV_START,1516299887886,140
325,WS_RECV_END,1516299888874,140
325,PLAYER_SLEEPBEFORE_START,1516299888874,141
325,PLAYER_SLEEPBEFORE_END,1516299889530,141
325,WS_SEND_START,1516299889530,141
325,WS_SEND_END,1516299889530,141
325,WS_RECV_START,1516299889530,142
325,WS_RECV_END,1516299890434,142
325,PLAYER_SLEEPBEFORE_START,1516299890434,143
325,PLAYER_SLEEPBEFORE_END,1516299890491,143
325,WS_SEND_START,1516299890491,143
325,WS_SEND_END,1516299890491,143
325,WS_RECV_START,1516299890491,144
325,WS_RECV_END,1516299891261,144
325,PLAYER_SLEEPBEFORE_START,1516299891261,145
325,PLAYER_SLEEPBEFORE_END,1516299907323,145
325,REQ_START,1516299907323,145
325,REQ_END,1516299907328,145
325,PLAYER_SLEEPBEFORE_START,1516299907328,146
325,PLAYER_SLEEPBEFORE_END,1516299916206,146
325,WS_SEND_START,1516299916206,146
325,WS_SEND_END,1516299916206,146
325,WS_RECV_START,1516299916206,147
325,WS_RECV_END,1516299916940,147
325,PLAYER_SLEEPBEFORE_START,1516299916940,148
325,PLAYER_SLEEPBEFORE_END,1516299938863,148
325,WS_SEND_START,1516299938863,148
325,WS_SEND_END,1516299938863,148
325,PLAYER_SLEEPBEFORE_START,1516299938863,149
325,PLAYER_SLEEPBEFORE_END,1516299941291,149
325,WS_SEND_START,1516299941291,149
325,WS_SEND_END,1516299941291,149
325,WS_RECV_START,1516299941291,150
325,WS_RECV_END,1516299942611,150
325,PLAYER_SLEEPBEFORE_START,1516299942611,151
325,PLAYER_SLEEPBEFORE_END,1516299942821,151
325,WS_SEND_START,1516299942821,151
325,WS_SEND_END,1516299942821,151
325,WS_RECV_START,1516299942821,152
325,WS_RECV_END,1516299944653,152
325,PLAYER_SLEEPBEFORE_START,1516299944653,153
325,PLAYER_SLEEPBEFORE_END,1516299968580,153
325,WS_SEND_START,1516299968580,153
325,WS_SEND_END,1516299968580,153
325,WS_RECV_START,1516299968580,154
325,WS_RECV_END,1516299968929,154
325,PLAYER_SLEEPBEFORE_START,1516299968929,155
325,PLAYER_SLEEPBEFORE_END,1516299991487,155
325,WS_SEND_START,1516299991487,155
325,WS_SEND_END,1516299991487,155
325,PLAYER_SLEEPBEFORE_START,1516299991487,156
325,PLAYER_SLEEPBEFORE_END,1516299994761,156
325,WS_SEND_START,1516299994761,156
325,WS_SEND_END,1516299994761,156
325,WS_RECV_START,1516299994762,157
325,WS_RECV_END,1516299996247,157
325,PLAYER_SLEEPBEFORE_START,1516299996247,158
325,PLAYER_SLEEPBEFORE_END,1516299996257,158
325,WS_SEND_START,1516299996257,158
325,WS_SEND_END,1516299996257,158
325,WS_RECV_START,1516299996257,159
325,WS_RECV_END,1516299996845,159
325,PLAYER_SLEEPBEFORE_START,1516299996845,160
325,PLAYER_SLEEPBEFORE_END,1516299997020,160
325,WS_SEND_START,1516299997021,160
325,WS_SEND_END,1516299997021,160
325,WS_RECV_START,1516299997021,161
325,WS_RECV_END,1516299997870,161
325,PLAYER_SLEEPBEFORE_START,1516299997870,162
325,PLAYER_SLEEPBEFORE_END,1516299997907,162
325,WS_SEND_START,1516299997907,162
325,WS_SEND_END,1516299997909,162
325,WS_RECV_START,1516299997909,163
325,WS_RECV_END,1516299998787,163
325,PLAYER_SLEEPBEFORE_START,1516299998787,164
325,PLAYER_SLEEPBEFORE_END,1516300019599,164
325,WS_SEND_START,1516300019599,164
325,WS_SEND_END,1516300019599,164
325,WS_RECV_START,1516300019599,165
325,WS_RECV_END,1516300022003,165
325,PLAYER_SLEEPBEFORE_START,1516300022003,166
325,PLAYER_SLEEPBEFORE_END,1516300044458,166
325,WS_SEND_START,1516300044458,166
325,WS_SEND_END,1516300044458,166
325,WS_RECV_START,1516300044458,167
325,WS_RECV_END,1516300044771,167
325,PLAYER_SLEEPBEFORE_START,1516300044771,168
325,PLAYER_SLEEPBEFORE_END,1516300072128,168
325,WS_SEND_START,1516300072128,168
325,WS_SEND_END,1516300072128,168
325,WS_RECV_START,1516300072128,169
325,WS_RECV_END,1516300072415,169
325,PLAYER_SLEEPBEFORE_START,1516300072415,170
325,PLAYER_SLEEPBEFORE_END,1516300072424,170
325,WS_SEND_START,1516300072424,170
325,WS_SEND_END,1516300072424,170
325,WS_RECV_START,1516300072424,171
325,WS_RECV_END,1516300072473,171
325,PLAYER_SLEEPBEFORE_START,1516300072473,172
325,PLAYER_SLEEPBEFORE_END,1516300072842,172
325,WS_SEND_START,1516300072842,172
325,WS_SEND_END,1516300072842,172
325,WS_RECV_START,1516300072842,173
325,WS_RECV_END,1516300072999,173
325,PLAYER_SLEEPBEFORE_START,1516300072999,174
325,PLAYER_SLEEPBEFORE_END,1516300073040,174
325,WS_SEND_START,1516300073040,174
325,WS_SEND_END,1516300073040,174
325,WS_RECV_START,1516300073040,175
325,WS_RECV_END,1516300073331,175
325,PLAYER_SLEEPBEFORE_START,1516300073331,176
325,PLAYER_SLEEPBEFORE_END,1516300095093,176
325,WS_SEND_START,1516300095093,176
325,WS_SEND_END,1516300095093,176
325,PLAYER_SLEEPBEFORE_START,1516300095093,177
325,PLAYER_SLEEPBEFORE_END,1516300097611,177
325,WS_SEND_START,1516300097611,177
325,WS_SEND_END,1516300097611,177
325,WS_RECV_START,1516300097611,178
325,WS_RECV_END,1516300097923,178
325,PLAYER_SLEEPBEFORE_START,1516300097923,179
325,PLAYER_SLEEPBEFORE_END,1516300120263,179
325,WS_SEND_START,1516300120263,179
325,WS_SEND_END,1516300120263,179
325,WS_RECV_START,1516300120263,180
325,WS_RECV_END,1516300123316,180
325,PLAYER_SLEEPBEFORE_START,1516300123316,181
325,PLAYER_SLEEPBEFORE_END,1516300123760,181
325,WS_SEND_START,1516300123760,181
325,WS_SEND_END,1516300123760,181
325,WS_RECV_START,1516300123760,182
325,WS_RECV_END,1516300126318,182
325,PLAYER_SLEEPBEFORE_START,1516300126318,183
325,PLAYER_SLEEPBEFORE_END,1516300126841,183
325,WS_SEND_START,1516300126841,183
325,WS_SEND_END,1516300126841,183
325,WS_RECV_START,1516300126841,184
325,WS_RECV_END,1516300129716,184
325,PLAYER_SLEEPBEFORE_START,1516300129716,185
325,PLAYER_SLEEPBEFORE_END,1516300129989,185
325,WS_SEND_START,1516300129989,185
325,WS_SEND_END,1516300129989,185
325,WS_RECV_START,1516300129989,186
325,WS_RECV_END,1516300131327,186
325,PLAYER_SLEEPBEFORE_START,1516300131327,187
325,PLAYER_SLEEPBEFORE_END,1516300153827,187
325,WS_SEND_START,1516300153827,187
325,WS_SEND_END,1516300153827,187
325,WS_RECV_START,1516300153827,188
325,WS_RECV_END,1516300160365,188
325,PLAYER_SLEEPBEFORE_START,1516300160365,189
325,PLAYER_SLEEPBEFORE_END,1516300166604,189
325,WS_SEND_START,1516300166604,189
325,WS_SEND_END,1516300166604,189
325,WS_RECV_START,1516300166604,190
325,WS_RECV_END,1516300171712,190
325,PLAYER_SLEEPBEFORE_START,1516300171712,191
325,PLAYER_SLEEPBEFORE_END,1516300173628,191
325,WS_SEND_START,1516300173628,191
325,WS_SEND_END,1516300173628,191
325,WS_RECV_START,1516300173628,192
325,WS_RECV_END,1516300178221,192
325,PLAYER_SLEEPBEFORE_START,1516300178221,193
325,PLAYER_SLEEPBEFORE_END,1516300178350,193
325,WS_SEND_START,1516300178350,193
325,WS_SEND_END,1516300178350,193
325,WS_RECV_START,1516300178350,194
325,WS_RECV_END,1516300180734,194
325,PLAYER_SLEEPBEFORE_START,1516300180734,195
325,PLAYER_SLEEPBEFORE_END,1516300182489,195
325,WS_SEND_START,1516300182489,195
325,WS_SEND_END,1516300182489,195
325,WS_RECV_START,1516300182489,196
325,WS_RECV_END,1516300184385,196
325,PLAYER_SLEEPBEFORE_START,1516300184385,197
325,PLAYER_SLEEPBEFORE_END,1516300186189,197
325,WS_SEND_START,1516300186189,197
325,WS_SEND_END,1516300186189,197
325,WS_RECV_START,1516300186189,198
325,WS_RECV_END,1516300187684,198
325,PLAYER_SLEEPBEFORE_START,1516300187684,199
325,PLAYER_SLEEPBEFORE_END,1516300199538,199
325,WS_SEND_START,1516300199538,199
325,WS_SEND_END,1516300199538,199
325,PLAYER_SLEEPBEFORE_START,1516300199538,200
325,PLAYER_SLEEPBEFORE_END,1516300203626,200
325,WS_SEND_START,1516300203626,200
325,WS_SEND_END,1516300203626,200
325,WS_RECV_START,1516300203626,201
325,WS_RECV_END,1516300205727,201
325,PLAYER_SLEEPBEFORE_START,1516300205727,202
325,PLAYER_SLEEPBEFORE_END,1516300205741,202
325,WS_SEND_START,1516300205741,202
325,WS_SEND_END,1516300205741,202
325,WS_RECV_START,1516300205741,203
325,WS_RECV_END,1516300209473,203
325,PLAYER_SLEEPBEFORE_START,1516300209473,204
325,PLAYER_SLEEPBEFORE_END,1516300229122,204
325,WS_SEND_START,1516300229123,204
325,WS_SEND_END,1516300229123,204
325,PLAYER_SLEEPBEFORE_START,1516300229123,205
325,PLAYER_SLEEPBEFORE_END,1516300233021,205
325,WS_SEND_START,1516300233021,205
325,WS_SEND_END,1516300233021,205
325,WS_RECV_START,1516300233021,206
325,WS_RECV_END,1516300233597,206
325,PLAYER_SLEEPBEFORE_START,1516300233597,207
325,PLAYER_SLEEPBEFORE_END,1516300250528,207
325,REQ_START,1516300250528,207
325,REQ_END,1516300250534,207
325,PLAYER_SLEEPBEFORE_START,1516300250534,208
325,PLAYER_SLEEPBEFORE_END,1516300257386,208
325,WS_CLOSE_START,1516300257386,208
325,WS_CLOSE_END,1516300257386,208
325,PLAYER_DONE,1516300257386
