# --sessions 2700 --app-url=http://shinyloadtest.rstudioservices.com/cran_explorer --output-dir test2700 --overwrite-output --log-level warn --start-interval 100 15min.log
thread_id,event,timestamp,input_line_number,comment
385,PLAYER_SESSION_CREATE,1516299245424
385,PLAYER_START_INTERVAL_START,1516299245424
385,PLAYER_START_INTERVAL_END,1516299283924
385,REQ_HOME_START,1516299283924,2
385,REQ_HOME_END,1516299284014,2
385,REQ_START,1516299284014,3
385,REQ_END,1516299284050,3
385,REQ_START,1516299284050,4
385,REQ_END,1516299284086,4
385,REQ_START,1516299284086,5
385,REQ_END,1516299284121,5
385,REQ_START,1516299284121,6
385,REQ_END,1516299284156,6
385,REQ_START,1516299284156,7
385,REQ_END,1516299284191,7
385,REQ_START,1516299284191,8
385,REQ_END,1516299284227,8
385,REQ_START,1516299284227,9
385,REQ_END,1516299284265,9
385,REQ_START,1516299284265,10
385,REQ_END,1516299284278,10
385,REQ_START,1516299284278,11
385,REQ_END,1516299284312,11
385,REQ_START,1516299284312,12
385,REQ_END,1516299284318,12
385,REQ_START,1516299284318,13
385,REQ_END,1516299284352,13
385,REQ_START,1516299284352,14
385,REQ_END,1516299284362,14
385,REQ_START,1516299284362,15
385,REQ_END,1516299284402,15
385,REQ_TOK_START,1516299284402,16
385,REQ_TOK_END,1516299284406,16
385,REQ_SINF_START,1516299284407,17
385,REQ_SINF_END,1516299284410,17
385,WS_OPEN_START,1516299284410,18
385,WS_OPEN_END,1516299284414,18
385,REQ_START,1516299284414,19
385,REQ_END,1516299284442,19
385,WS_RECV_START,1516299284442,20
385,WS_RECV_END,1516299284442,20
385,PLAYER_SLEEPBEFORE_START,1516299284442,21
385,PLAYER_SLEEPBEFORE_END,1516299284447,21
385,WS_SEND_START,1516299284447,21
385,WS_SEND_END,1516299284447,21
385,PLAYER_SLEEPBEFORE_START,1516299284447,22
385,PLAYER_SLEEPBEFORE_END,1516299284448,22
385,WS_SEND_START,1516299284448,22
385,WS_SEND_END,1516299284448,22
385,WS_RECV_INIT_START,1516299284448,23
385,WS_RECV_INIT_END,1516299284484,23
385,WS_RECV_START,1516299284484,24
385,WS_RECV_END,1516299284529,24
385,PLAYER_SLEEPBEFORE_START,1516299284529,25
385,PLAYER_SLEEPBEFORE_END,1516299284537,25
385,REQ_START,1516299284537,25
385,REQ_END,1516299284569,25
385,PLAYER_SLEEPBEFORE_START,1516299284569,26
385,PLAYER_SLEEPBEFORE_END,1516299284571,26
385,REQ_START,1516299284571,26
385,REQ_END,1516299284605,26
385,PLAYER_SLEEPBEFORE_START,1516299284605,27
385,PLAYER_SLEEPBEFORE_END,1516299284609,27
385,REQ_START,1516299284609,27
385,REQ_END,1516299284645,27
385,PLAYER_SLEEPBEFORE_START,1516299284645,28
385,PLAYER_SLEEPBEFORE_END,1516299284930,28
385,REQ_START,1516299284930,28
385,REQ_END,1516299284969,28
385,PLAYER_SLEEPBEFORE_START,1516299284969,29
385,PLAYER_SLEEPBEFORE_END,1516299285144,29
385,WS_SEND_START,1516299285144,29
385,WS_SEND_END,1516299285144,29
385,WS_RECV_START,1516299285144,30
385,WS_RECV_END,1516299285242,30
385,PLAYER_SLEEPBEFORE_START,1516299285242,31
385,PLAYER_SLEEPBEFORE_END,1516299285253,31
385,REQ_START,1516299285253,31
385,REQ_END,1516299285290,31
385,PLAYER_SLEEPBEFORE_START,1516299285290,32
385,PLAYER_SLEEPBEFORE_END,1516299313435,32
385,WS_SEND_START,1516299313435,32
385,WS_SEND_END,1516299313435,32
385,WS_RECV_START,1516299313435,33
385,WS_RECV_END,1516299313589,33
385,PLAYER_SLEEPBEFORE_START,1516299313589,34
385,PLAYER_SLEEPBEFORE_END,1516299339500,34
385,WS_SEND_START,1516299339500,34
385,WS_SEND_END,1516299339500,34
385,WS_RECV_START,1516299339500,35
385,WS_RECV_END,1516299339644,35
385,PLAYER_SLEEPBEFORE_START,1516299339644,36
385,PLAYER_SLEEPBEFORE_END,1516299339654,36
385,WS_SEND_START,1516299339654,36
385,WS_SEND_END,1516299339654,36
385,WS_RECV_START,1516299339654,37
385,WS_RECV_END,1516299339780,37
385,PLAYER_SLEEPBEFORE_START,1516299339780,38
385,PLAYER_SLEEPBEFORE_END,1516299342975,38
385,WS_SEND_START,1516299342975,38
385,WS_SEND_END,1516299342975,38
385,WS_RECV_START,1516299342975,39
385,WS_RECV_END,1516299343176,39
385,PLAYER_SLEEPBEFORE_START,1516299343176,40
385,PLAYER_SLEEPBEFORE_END,1516299343222,40
385,WS_SEND_START,1516299343222,40
385,WS_SEND_END,1516299343222,40
385,WS_RECV_START,1516299343222,41
385,WS_RECV_END,1516299343445,41
385,PLAYER_SLEEPBEFORE_START,1516299343445,42
385,PLAYER_SLEEPBEFORE_END,1516299361581,42
385,WS_SEND_START,1516299361581,42
385,WS_SEND_END,1516299361581,42
385,WS_RECV_START,1516299361581,43
385,WS_RECV_END,1516299361635,43
385,PLAYER_SLEEPBEFORE_START,1516299361635,44
385,PLAYER_SLEEPBEFORE_END,1516299361647,44
385,WS_SEND_START,1516299361647,44
385,WS_SEND_END,1516299361647,44
385,WS_RECV_START,1516299361647,45
385,WS_RECV_END,1516299361687,45
385,PLAYER_SLEEPBEFORE_START,1516299361687,46
385,PLAYER_SLEEPBEFORE_END,1516299362947,46
385,WS_SEND_START,1516299362947,46
385,WS_SEND_END,1516299362947,46
385,WS_RECV_START,1516299362947,47
385,WS_RECV_END,1516299362984,47
385,PLAYER_SLEEPBEFORE_START,1516299362984,48
385,PLAYER_SLEEPBEFORE_END,1516299364304,48
385,WS_SEND_START,1516299364304,48
385,WS_SEND_END,1516299364304,48
385,WS_RECV_START,1516299364304,49
385,WS_RECV_END,1516299364399,49
385,PLAYER_SLEEPBEFORE_START,1516299364399,50
385,PLAYER_SLEEPBEFORE_END,1516299364423,50
385,WS_SEND_START,1516299364423,50
385,WS_SEND_END,1516299364423,50
385,WS_RECV_START,1516299364423,51
385,WS_RECV_END,1516299364620,51
385,PLAYER_SLEEPBEFORE_START,1516299364620,52
385,PLAYER_SLEEPBEFORE_END,1516299387184,52
385,WS_SEND_START,1516299387184,52
385,WS_SEND_END,1516299387184,52
385,WS_RECV_START,1516299387184,53
385,WS_RECV_END,1516299387337,53
385,PLAYER_SLEEPBEFORE_START,1516299387337,54
385,PLAYER_SLEEPBEFORE_END,1516299408640,54
385,WS_SEND_START,1516299408640,54
385,WS_SEND_END,1516299408640,54
385,PLAYER_SLEEPBEFORE_START,1516299408640,55
385,PLAYER_SLEEPBEFORE_END,1516299410581,55
385,WS_SEND_START,1516299410581,55
385,WS_SEND_END,1516299410581,55
385,WS_RECV_START,1516299410581,56
385,WS_RECV_END,1516299410639,56
385,PLAYER_SLEEPBEFORE_START,1516299410639,57
385,PLAYER_SLEEPBEFORE_END,1516299433511,57
385,WS_SEND_START,1516299433511,57
385,WS_SEND_END,1516299433511,57
385,WS_RECV_START,1516299433511,58
385,WS_RECV_END,1516299433586,58
385,PLAYER_SLEEPBEFORE_START,1516299433586,59
385,PLAYER_SLEEPBEFORE_END,1516299435913,59
385,WS_SEND_START,1516299435913,59
385,WS_SEND_END,1516299435913,59
385,WS_RECV_START,1516299435913,60
385,WS_RECV_END,1516299436080,60
385,PLAYER_SLEEPBEFORE_START,1516299436080,61
385,PLAYER_SLEEPBEFORE_END,1516299439671,61
385,WS_SEND_START,1516299439671,61
385,WS_SEND_END,1516299439671,61
385,WS_RECV_START,1516299439671,62
385,WS_RECV_END,1516299439797,62
385,PLAYER_SLEEPBEFORE_START,1516299439797,63
385,PLAYER_SLEEPBEFORE_END,1516299459059,63
385,WS_SEND_START,1516299459059,63
385,WS_SEND_END,1516299459059,63
385,WS_RECV_START,1516299459059,64
385,WS_RECV_END,1516299459226,64
385,PLAYER_SLEEPBEFORE_START,1516299459226,65
385,PLAYER_SLEEPBEFORE_END,1516299486043,65
385,WS_SEND_START,1516299486043,65
385,WS_SEND_END,1516299486043,65
385,WS_RECV_START,1516299486043,66
385,WS_RECV_END,1516299486639,66
385,PLAYER_SLEEPBEFORE_START,1516299486639,67
385,PLAYER_SLEEPBEFORE_END,1516299488146,67
385,WS_SEND_START,1516299488146,67
385,WS_SEND_END,1516299488146,67
385,WS_RECV_START,1516299488146,68
385,WS_RECV_END,1516299488757,68
385,PLAYER_SLEEPBEFORE_START,1516299488757,69
385,PLAYER_SLEEPBEFORE_END,1516299510755,69
385,WS_SEND_START,1516299510755,69
385,WS_SEND_END,1516299510756,69
385,WS_RECV_START,1516299510756,70
385,WS_RECV_END,1516299511386,70
385,PLAYER_SLEEPBEFORE_START,1516299511386,71
385,PLAYER_SLEEPBEFORE_END,1516299536161,71
385,WS_SEND_START,1516299536161,71
385,WS_SEND_END,1516299536161,71
385,PLAYER_SLEEPBEFORE_START,1516299536161,72
385,PLAYER_SLEEPBEFORE_END,1516299538768,72
385,WS_SEND_START,1516299538768,72
385,WS_SEND_END,1516299538768,72
385,WS_RECV_START,1516299538768,73
385,WS_RECV_END,1516299539744,73
385,PLAYER_SLEEPBEFORE_START,1516299539744,74
385,PLAYER_SLEEPBEFORE_END,1516299539754,74
385,WS_SEND_START,1516299539754,74
385,WS_SEND_END,1516299539754,74
385,WS_RECV_START,1516299539754,75
385,WS_RECV_END,1516299540446,75
385,PLAYER_SLEEPBEFORE_START,1516299540446,76
385,PLAYER_SLEEPBEFORE_END,1516299541952,76
385,WS_SEND_START,1516299541952,76
385,WS_SEND_END,1516299541952,76
385,WS_RECV_START,1516299541952,77
385,WS_RECV_END,1516299543100,77
385,PLAYER_SLEEPBEFORE_START,1516299543100,78
385,PLAYER_SLEEPBEFORE_END,1516299543968,78
385,WS_SEND_START,1516299543968,78
385,WS_SEND_END,1516299543968,78
385,WS_RECV_START,1516299543968,79
385,WS_RECV_END,1516299545725,79
385,PLAYER_SLEEPBEFORE_START,1516299545725,80
385,PLAYER_SLEEPBEFORE_END,1516299553391,80
385,WS_SEND_START,1516299553391,80
385,WS_SEND_END,1516299553391,80
385,WS_RECV_START,1516299553391,81
385,WS_RECV_END,1516299553632,81
385,PLAYER_SLEEPBEFORE_START,1516299553632,82
385,PLAYER_SLEEPBEFORE_END,1516299554734,82
385,WS_SEND_START,1516299554734,82
385,WS_SEND_END,1516299554734,82
385,WS_RECV_START,1516299554734,83
385,WS_RECV_END,1516299554786,83
385,PLAYER_SLEEPBEFORE_START,1516299554786,84
385,PLAYER_SLEEPBEFORE_END,1516299555733,84
385,WS_SEND_START,1516299555733,84
385,WS_SEND_END,1516299555733,84
385,WS_RECV_START,1516299555733,85
385,WS_RECV_END,1516299556081,85
385,PLAYER_SLEEPBEFORE_START,1516299556081,86
385,PLAYER_SLEEPBEFORE_END,1516299560253,86
385,WS_SEND_START,1516299560253,86
385,WS_SEND_END,1516299560253,86
385,WS_RECV_START,1516299560253,87
385,WS_RECV_END,1516299561487,87
385,PLAYER_SLEEPBEFORE_START,1516299561487,88
385,PLAYER_SLEEPBEFORE_END,1516299561495,88
385,WS_SEND_START,1516299561495,88
385,WS_SEND_END,1516299561495,88
385,WS_RECV_START,1516299561495,89
385,WS_RECV_END,1516299561827,89
385,PLAYER_SLEEPBEFORE_START,1516299561827,90
385,PLAYER_SLEEPBEFORE_END,1516299589024,90
385,REQ_START,1516299589024,90
385,REQ_END,1516299589030,90
385,PLAYER_SLEEPBEFORE_START,1516299589030,91
385,PLAYER_SLEEPBEFORE_END,1516299596920,91
385,WS_SEND_START,1516299596920,91
385,WS_SEND_END,1516299596920,91
385,WS_RECV_START,1516299596920,92
385,WS_RECV_END,1516299598553,92
385,PLAYER_SLEEPBEFORE_START,1516299598553,93
385,PLAYER_SLEEPBEFORE_END,1516299598591,93
385,WS_SEND_START,1516299598591,93
385,WS_SEND_END,1516299598591,93
385,WS_RECV_START,1516299598591,94
385,WS_RECV_END,1516299599160,94
385,PLAYER_SLEEPBEFORE_START,1516299599160,95
385,PLAYER_SLEEPBEFORE_END,1516299622715,95
385,WS_SEND_START,1516299622715,95
385,WS_SEND_END,1516299622715,95
385,WS_RECV_START,1516299622715,96
385,WS_RECV_END,1516299623967,96
385,PLAYER_SLEEPBEFORE_START,1516299623967,97
385,PLAYER_SLEEPBEFORE_END,1516299646407,97
385,WS_SEND_START,1516299646407,97
385,WS_SEND_END,1516299646407,97
385,WS_RECV_START,1516299646407,98
385,WS_RECV_END,1516299647779,98
385,PLAYER_SLEEPBEFORE_START,1516299647779,99
385,PLAYER_SLEEPBEFORE_END,1516299647800,99
385,WS_SEND_START,1516299647800,99
385,WS_SEND_END,1516299647800,99
385,WS_RECV_START,1516299647800,100
385,WS_RECV_END,1516299648399,100
385,PLAYER_SLEEPBEFORE_START,1516299648399,101
385,PLAYER_SLEEPBEFORE_END,1516299671959,101
385,WS_SEND_START,1516299671959,101
385,WS_SEND_END,1516299671959,101
385,WS_RECV_START,1516299671959,102
385,WS_RECV_END,1516299672722,102
385,PLAYER_SLEEPBEFORE_START,1516299672722,103
385,PLAYER_SLEEPBEFORE_END,1516299696347,103
385,WS_SEND_START,1516299696347,103
385,WS_SEND_END,1516299696347,103
385,WS_RECV_START,1516299696347,104
385,WS_RECV_END,1516299698086,104
385,PLAYER_SLEEPBEFORE_START,1516299698086,105
385,PLAYER_SLEEPBEFORE_END,1516299723463,105
385,WS_SEND_START,1516299723463,105
385,WS_SEND_END,1516299723464,105
385,WS_RECV_START,1516299723464,106
385,WS_RECV_END,1516299725847,106
385,PLAYER_SLEEPBEFORE_START,1516299725847,107
385,PLAYER_SLEEPBEFORE_END,1516299749270,107
385,WS_SEND_START,1516299749270,107
385,WS_SEND_END,1516299749270,107
385,WS_RECV_START,1516299749270,108
385,WS_RECV_END,1516299750577,108
385,PLAYER_SLEEPBEFORE_START,1516299750577,109
385,PLAYER_SLEEPBEFORE_END,1516299750586,109
385,WS_SEND_START,1516299750586,109
385,WS_SEND_END,1516299750586,109
385,WS_RECV_START,1516299750586,110
385,WS_RECV_END,1516299751700,110
385,PLAYER_SLEEPBEFORE_START,1516299751700,111
385,PLAYER_SLEEPBEFORE_END,1516299752659,111
385,WS_SEND_START,1516299752659,111
385,WS_SEND_END,1516299752659,111
385,WS_RECV_START,1516299752659,112
385,WS_RECV_END,1516299753039,112
385,PLAYER_SLEEPBEFORE_START,1516299753039,113
385,PLAYER_SLEEPBEFORE_END,1516299753601,113
385,WS_SEND_START,1516299753601,113
385,WS_SEND_END,1516299753601,113
385,WS_RECV_START,1516299753601,114
385,WS_RECV_END,1516299755243,114
385,PLAYER_SLEEPBEFORE_START,1516299755243,115
385,PLAYER_SLEEPBEFORE_END,1516299755252,115
385,WS_SEND_START,1516299755252,115
385,WS_SEND_END,1516299755252,115
385,WS_RECV_START,1516299755252,116
385,WS_RECV_END,1516299757213,116
385,PLAYER_SLEEPBEFORE_START,1516299757213,117
385,PLAYER_SLEEPBEFORE_END,1516299777573,117
385,WS_SEND_START,1516299777573,117
385,WS_SEND_END,1516299777573,117
385,PLAYER_SLEEPBEFORE_START,1516299777573,118
385,PLAYER_SLEEPBEFORE_END,1516299781326,118
385,WS_SEND_START,1516299781326,118
385,WS_SEND_END,1516299781326,118
385,WS_RECV_START,1516299781326,119
385,WS_RECV_END,1516299781631,119
385,PLAYER_SLEEPBEFORE_START,1516299781631,120
385,PLAYER_SLEEPBEFORE_END,1516299782619,120
385,WS_SEND_START,1516299782619,120
385,WS_SEND_END,1516299782619,120
385,WS_RECV_START,1516299782619,121
385,WS_RECV_END,1516299786983,121
385,PLAYER_SLEEPBEFORE_START,1516299786983,122
385,PLAYER_SLEEPBEFORE_END,1516299788168,122
385,WS_SEND_START,1516299788168,122
385,WS_SEND_END,1516299788168,122
385,WS_RECV_START,1516299788168,123
385,WS_RECV_END,1516299790991,123
385,PLAYER_SLEEPBEFORE_START,1516299790991,124
385,PLAYER_SLEEPBEFORE_END,1516299815406,124
385,WS_SEND_START,1516299815406,124
385,WS_SEND_END,1516299815406,124
385,WS_RECV_START,1516299815406,125
385,WS_RECV_END,1516299821995,125
385,PLAYER_SLEEPBEFORE_START,1516299821995,126
385,PLAYER_SLEEPBEFORE_END,1516299842507,126
385,WS_SEND_START,1516299842507,126
385,WS_SEND_END,1516299842507,126
385,PLAYER_SLEEPBEFORE_START,1516299842507,127
385,PLAYER_SLEEPBEFORE_END,1516299845561,127
385,WS_SEND_START,1516299845561,127
385,WS_SEND_END,1516299845561,127
385,WS_RECV_START,1516299845561,128
385,WS_RECV_END,1516299847176,128
385,PLAYER_SLEEPBEFORE_START,1516299847176,129
385,PLAYER_SLEEPBEFORE_END,1516299847196,129
385,WS_SEND_START,1516299847196,129
385,WS_SEND_END,1516299847196,129
385,WS_RECV_START,1516299847196,130
385,WS_RECV_END,1516299848768,130
385,PLAYER_SLEEPBEFORE_START,1516299848768,131
385,PLAYER_SLEEPBEFORE_END,1516299870392,131
385,WS_SEND_START,1516299870392,131
385,WS_SEND_END,1516299870392,131
385,PLAYER_SLEEPBEFORE_START,1516299870392,132
385,PLAYER_SLEEPBEFORE_END,1516299873472,132
385,WS_SEND_START,1516299873472,132
385,WS_SEND_END,1516299873472,132
385,WS_RECV_START,1516299873472,133
385,WS_RECV_END,1516299875146,133
385,PLAYER_SLEEPBEFORE_START,1516299875146,134
385,PLAYER_SLEEPBEFORE_END,1516299896364,134
385,WS_SEND_START,1516299896364,134
385,WS_SEND_END,1516299896364,134
385,PLAYER_SLEEPBEFORE_START,1516299896364,135
385,PLAYER_SLEEPBEFORE_END,1516299899554,135
385,WS_SEND_START,1516299899554,135
385,WS_SEND_END,1516299899554,135
385,WS_RECV_START,1516299899554,136
385,WS_RECV_END,1516299900973,136
385,PLAYER_SLEEPBEFORE_START,1516299900973,137
385,PLAYER_SLEEPBEFORE_END,1516299900980,137
385,WS_SEND_START,1516299900980,137
385,WS_SEND_END,1516299900980,137
385,WS_RECV_START,1516299900980,138
385,WS_RECV_END,1516299902881,138
385,PLAYER_SLEEPBEFORE_START,1516299902881,139
385,PLAYER_SLEEPBEFORE_END,1516299903571,139
385,WS_SEND_START,1516299903571,139
385,WS_SEND_END,1516299903571,139
385,WS_RECV_START,1516299903571,140
385,WS_RECV_END,1516299906776,140
385,PLAYER_SLEEPBEFORE_START,1516299906776,141
385,PLAYER_SLEEPBEFORE_END,1516299907431,141
385,WS_SEND_START,1516299907431,141
385,WS_SEND_END,1516299907431,141
385,WS_RECV_START,1516299907431,142
385,WS_RECV_END,1516299910173,142
385,PLAYER_SLEEPBEFORE_START,1516299910173,143
385,PLAYER_SLEEPBEFORE_END,1516299910230,143
385,WS_SEND_START,1516299910230,143
385,WS_SEND_END,1516299910230,143
385,WS_RECV_START,1516299910230,144
385,WS_RECV_END,1516299912822,144
385,PLAYER_SLEEPBEFORE_START,1516299912822,145
385,PLAYER_SLEEPBEFORE_END,1516299928884,145
385,REQ_START,1516299928884,145
385,REQ_END,1516299928889,145
385,PLAYER_SLEEPBEFORE_START,1516299928889,146
385,PLAYER_SLEEPBEFORE_END,1516299937766,146
385,WS_SEND_START,1516299937766,146
385,WS_SEND_END,1516299937766,146
385,WS_RECV_START,1516299937766,147
385,WS_RECV_END,1516299941278,147
385,PLAYER_SLEEPBEFORE_START,1516299941278,148
385,PLAYER_SLEEPBEFORE_END,1516299963200,148
385,WS_SEND_START,1516299963200,148
385,WS_SEND_END,1516299963200,148
385,PLAYER_SLEEPBEFORE_START,1516299963200,149
385,PLAYER_SLEEPBEFORE_END,1516299965628,149
385,WS_SEND_START,1516299965628,149
385,WS_SEND_END,1516299965628,149
385,WS_RECV_START,1516299965628,150
385,WS_RECV_END,1516299966490,150
385,PLAYER_SLEEPBEFORE_START,1516299966490,151
385,PLAYER_SLEEPBEFORE_END,1516299966700,151
385,WS_SEND_START,1516299966700,151
385,WS_SEND_END,1516299966700,151
385,WS_RECV_START,1516299966700,152
385,WS_RECV_END,1516299968171,152
385,PLAYER_SLEEPBEFORE_START,1516299968171,153
385,PLAYER_SLEEPBEFORE_END,1516299992098,153
385,WS_SEND_START,1516299992098,153
385,WS_SEND_END,1516299992098,153
385,WS_RECV_START,1516299992098,154
385,WS_RECV_END,1516299994472,154
385,PLAYER_SLEEPBEFORE_START,1516299994473,155
385,PLAYER_SLEEPBEFORE_END,1516300017031,155
385,WS_SEND_START,1516300017031,155
385,WS_SEND_END,1516300017031,155
385,PLAYER_SLEEPBEFORE_START,1516300017031,156
385,PLAYER_SLEEPBEFORE_END,1516300020305,156
385,WS_SEND_START,1516300020305,156
385,WS_SEND_END,1516300020305,156
385,WS_RECV_START,1516300020305,157
385,WS_RECV_END,1516300022168,157
385,PLAYER_SLEEPBEFORE_START,1516300022168,158
385,PLAYER_SLEEPBEFORE_END,1516300022178,158
385,WS_SEND_START,1516300022178,158
385,WS_SEND_END,1516300022178,158
385,WS_RECV_START,1516300022178,159
385,WS_RECV_END,1516300025281,159
385,PLAYER_SLEEPBEFORE_START,1516300025281,160
385,PLAYER_SLEEPBEFORE_END,1516300025456,160
385,WS_SEND_START,1516300025456,160
385,WS_SEND_END,1516300025456,160
385,WS_RECV_START,1516300025456,161
385,WS_RECV_END,1516300029118,161
385,PLAYER_SLEEPBEFORE_START,1516300029118,162
385,PLAYER_SLEEPBEFORE_END,1516300029143,162
385,WS_SEND_START,1516300029143,162
385,WS_SEND_END,1516300029143,162
385,WS_RECV_START,1516300029143,163
385,WS_RECV_END,1516300032010,163
385,PLAYER_SLEEPBEFORE_START,1516300032010,164
385,PLAYER_SLEEPBEFORE_END,1516300052822,164
385,WS_SEND_START,1516300052822,164
385,WS_SEND_END,1516300052822,164
385,WS_RECV_START,1516300052822,165
385,WS_RECV_END,1516300054649,165
385,PLAYER_SLEEPBEFORE_START,1516300054649,166
385,PLAYER_SLEEPBEFORE_END,1516300077104,166
385,WS_SEND_START,1516300077104,166
385,WS_SEND_END,1516300077104,166
385,WS_RECV_START,1516300077104,167
385,WS_RECV_END,1516300081796,167
385,PLAYER_SLEEPBEFORE_START,1516300081796,168
385,PLAYER_SLEEPBEFORE_END,1516300109153,168
385,WS_SEND_START,1516300109153,168
385,WS_SEND_END,1516300109154,168
385,WS_RECV_START,1516300109154,169
385,WS_RECV_END,1516300112288,169
385,PLAYER_SLEEPBEFORE_START,1516300112288,170
385,PLAYER_SLEEPBEFORE_END,1516300112298,170
385,WS_SEND_START,1516300112298,170
385,WS_SEND_END,1516300112298,170
385,WS_RECV_START,1516300112298,171
385,WS_RECV_END,1516300113484,171
385,PLAYER_SLEEPBEFORE_START,1516300113484,172
385,PLAYER_SLEEPBEFORE_END,1516300113853,172
385,WS_SEND_START,1516300113853,172
385,WS_SEND_END,1516300113853,172
385,WS_RECV_START,1516300113853,173
385,WS_RECV_END,1516300115136,173
385,PLAYER_SLEEPBEFORE_START,1516300115136,174
385,PLAYER_SLEEPBEFORE_END,1516300115178,174
385,WS_SEND_START,1516300115178,174
385,WS_SEND_END,1516300115178,174
385,WS_RECV_START,1516300115178,175
385,WS_RECV_END,1516300117825,175
385,PLAYER_SLEEPBEFORE_START,1516300117825,176
385,PLAYER_SLEEPBEFORE_END,1516300139586,176
385,WS_SEND_START,1516300139586,176
385,WS_SEND_END,1516300139586,176
385,PLAYER_SLEEPBEFORE_START,1516300139586,177
385,PLAYER_SLEEPBEFORE_END,1516300142104,177
385,WS_SEND_START,1516300142104,177
385,WS_SEND_END,1516300142104,177
385,WS_RECV_START,1516300142104,178
385,WS_RECV_END,1516300142680,178
385,PLAYER_SLEEPBEFORE_START,1516300142680,179
385,PLAYER_SLEEPBEFORE_END,1516300165020,179
385,WS_SEND_START,1516300165021,179
385,WS_SEND_END,1516300165021,179
385,WS_RECV_START,1516300165021,180
385,WS_RECV_END,1516300167645,180
385,PLAYER_SLEEPBEFORE_START,1516300167645,181
385,PLAYER_SLEEPBEFORE_END,1516300168089,181
385,WS_SEND_START,1516300168089,181
385,WS_SEND_END,1516300168089,181
385,WS_RECV_START,1516300168089,182
385,WS_RECV_END,1516300171539,182
385,PLAYER_SLEEPBEFORE_START,1516300171539,183
385,PLAYER_SLEEPBEFORE_END,1516300172062,183
385,WS_SEND_START,1516300172062,183
385,WS_SEND_END,1516300172062,183
385,WS_RECV_START,1516300172062,184
385,WS_RECV_END,1516300173067,184
385,PLAYER_SLEEPBEFORE_START,1516300173067,185
385,PLAYER_SLEEPBEFORE_END,1516300173335,185
385,WS_SEND_START,1516300173335,185
385,WS_SEND_END,1516300173335,185
385,WS_RECV_START,1516300173335,186
385,WS_RECV_END,1516300175103,186
385,PLAYER_SLEEPBEFORE_START,1516300175103,187
385,PLAYER_SLEEPBEFORE_END,1516300197603,187
385,WS_SEND_START,1516300197603,187
385,WS_SEND_END,1516300197603,187
385,WS_RECV_START,1516300197603,188
385,WS_RECV_END,1516300205306,188
385,PLAYER_SLEEPBEFORE_START,1516300205306,189
385,PLAYER_SLEEPBEFORE_END,1516300211545,189
385,WS_SEND_START,1516300211545,189
385,WS_SEND_END,1516300211545,189
385,WS_RECV_START,1516300211545,190
385,WS_RECV_END,1516300218473,190
385,PLAYER_SLEEPBEFORE_START,1516300218473,191
385,PLAYER_SLEEPBEFORE_END,1516300220388,191
385,WS_SEND_START,1516300220388,191
385,WS_SEND_END,1516300220388,191
385,WS_RECV_START,1516300220388,192
385,WS_RECV_END,1516300226699,192
385,PLAYER_SLEEPBEFORE_START,1516300226699,193
385,PLAYER_SLEEPBEFORE_END,1516300226827,193
385,WS_SEND_START,1516300226827,193
385,WS_SEND_END,1516300226827,193
385,WS_RECV_START,1516300226827,194
385,WS_RECV_END,1516300231998,194
385,PLAYER_SLEEPBEFORE_START,1516300231998,195
385,PLAYER_SLEEPBEFORE_END,1516300233754,195
385,WS_SEND_START,1516300233754,195
385,WS_SEND_END,1516300233754,195
385,WS_RECV_START,1516300233754,196
385,WS_RECV_END,1516300236442,196
385,PLAYER_SLEEPBEFORE_START,1516300236442,197
385,PLAYER_SLEEPBEFORE_END,1516300238246,197
385,WS_SEND_START,1516300238246,197
385,WS_SEND_END,1516300238246,197
385,WS_RECV_START,1516300238247,198
385,WS_RECV_END,1516300241614,198
385,PLAYER_SLEEPBEFORE_START,1516300241614,199
385,PLAYER_SLEEPBEFORE_END,1516300253468,199
385,WS_SEND_START,1516300253468,199
385,WS_SEND_END,1516300253468,199
385,PLAYER_SLEEPBEFORE_START,1516300253468,200
385,PLAYER_SLEEPBEFORE_END,1516300257556,200
385,WS_SEND_START,1516300257556,200
385,WS_SEND_END,1516300257556,200
385,WS_RECV_START,1516300257556,201
385,WS_RECV_END,1516300260944,201
385,PLAYER_SLEEPBEFORE_START,1516300260944,202
385,PLAYER_SLEEPBEFORE_END,1516300260958,202
385,WS_SEND_START,1516300260958,202
385,WS_SEND_END,1516300260958,202
385,WS_RECV_START,1516300260958,203
385,WS_RECV_END,1516300264490,203
385,PLAYER_SLEEPBEFORE_START,1516300264490,204
385,PLAYER_SLEEPBEFORE_END,1516300284139,204
385,WS_SEND_START,1516300284139,204
385,WS_SEND_END,1516300284139,204
385,PLAYER_SLEEPBEFORE_START,1516300284139,205
385,PLAYER_SLEEPBEFORE_END,1516300288037,205
385,WS_SEND_START,1516300288037,205
385,WS_SEND_END,1516300288037,205
385,WS_RECV_START,1516300288037,206
385,WS_RECV_END,1516300290100,206
385,PLAYER_SLEEPBEFORE_START,1516300290100,207
385,PLAYER_SLEEPBEFORE_END,1516300307031,207
385,REQ_START,1516300307031,207
385,REQ_END,1516300307038,207
385,PLAYER_SLEEPBEFORE_START,1516300307038,208
385,PLAYER_SLEEPBEFORE_END,1516300313890,208
385,WS_CLOSE_START,1516300313890,208
385,WS_CLOSE_END,1516300313890,208
385,PLAYER_DONE,1516300313890
