# --sessions 2700 --app-url=http://shinyloadtest.rstudioservices.com/cran_explorer --output-dir test2700 --overwrite-output --log-level warn --start-interval 100 15min.log
thread_id,event,timestamp,input_line_number,comment
492,PLAYER_SESSION_CREATE,1516299245514
492,PLAYER_START_INTERVAL_START,1516299245514
492,PLAYER_START_INTERVAL_END,1516299294714
492,REQ_HOME_START,1516299294714,2
492,REQ_HOME_END,1516299294807,2
492,REQ_START,1516299294807,3
492,REQ_END,1516299294838,3
492,REQ_START,1516299294838,4
492,REQ_END,1516299294870,4
492,REQ_START,1516299294870,5
492,REQ_END,1516299294904,5
492,REQ_START,1516299294904,6
492,REQ_END,1516299294939,6
492,REQ_START,1516299294939,7
492,REQ_END,1516299294972,7
492,REQ_START,1516299294972,8
492,REQ_END,1516299295019,8
492,REQ_START,1516299295019,9
492,REQ_END,1516299295166,9
492,REQ_START,1516299295166,10
492,REQ_END,1516299295173,10
492,REQ_START,1516299295173,11
492,REQ_END,1516299295208,11
492,REQ_START,1516299295208,12
492,REQ_END,1516299295218,12
492,REQ_START,1516299295218,13
492,REQ_END,1516299295252,13
492,REQ_START,1516299295252,14
492,REQ_END,1516299295265,14
492,REQ_START,1516299295265,15
492,REQ_END,1516299295304,15
492,REQ_TOK_START,1516299295304,16
492,REQ_TOK_END,1516299295311,16
492,REQ_SINF_START,1516299295311,17
492,REQ_SINF_END,1516299295317,17
492,WS_OPEN_START,1516299295317,18
492,WS_OPEN_END,1516299295323,18
492,REQ_START,1516299295323,19
492,REQ_END,1516299295352,19
492,WS_RECV_START,1516299295352,20
492,WS_RECV_END,1516299295352,20
492,PLAYER_SLEEPBEFORE_START,1516299295352,21
492,PLAYER_SLEEPBEFORE_END,1516299295357,21
492,WS_SEND_START,1516299295357,21
492,WS_SEND_END,1516299295357,21
492,PLAYER_SLEEPBEFORE_START,1516299295357,22
492,PLAYER_SLEEPBEFORE_END,1516299295358,22
492,WS_SEND_START,1516299295358,22
492,WS_SEND_END,1516299295358,22
492,WS_RECV_INIT_START,1516299295358,23
492,WS_RECV_INIT_END,1516299295377,23
492,WS_RECV_START,1516299295377,24
492,WS_RECV_END,1516299295425,24
492,PLAYER_SLEEPBEFORE_START,1516299295425,25
492,PLAYER_SLEEPBEFORE_END,1516299295432,25
492,REQ_START,1516299295432,25
492,REQ_END,1516299295465,25
492,PLAYER_SLEEPBEFORE_START,1516299295465,26
492,PLAYER_SLEEPBEFORE_END,1516299295467,26
492,REQ_START,1516299295467,26
492,REQ_END,1516299295503,26
492,PLAYER_SLEEPBEFORE_START,1516299295503,27
492,PLAYER_SLEEPBEFORE_END,1516299295506,27
492,REQ_START,1516299295506,27
492,REQ_END,1516299295539,27
492,PLAYER_SLEEPBEFORE_START,1516299295539,28
492,PLAYER_SLEEPBEFORE_END,1516299295824,28
492,REQ_START,1516299295824,28
492,REQ_END,1516299295856,28
492,PLAYER_SLEEPBEFORE_START,1516299295856,29
492,PLAYER_SLEEPBEFORE_END,1516299296031,29
492,WS_SEND_START,1516299296031,29
492,WS_SEND_END,1516299296031,29
492,WS_RECV_START,1516299296031,30
492,WS_RECV_END,1516299296164,30
492,PLAYER_SLEEPBEFORE_START,1516299296164,31
492,PLAYER_SLEEPBEFORE_END,1516299296175,31
492,REQ_START,1516299296175,31
492,REQ_END,1516299296229,31
492,PLAYER_SLEEPBEFORE_START,1516299296229,32
492,PLAYER_SLEEPBEFORE_END,1516299324374,32
492,WS_SEND_START,1516299324374,32
492,WS_SEND_END,1516299324374,32
492,WS_RECV_START,1516299324374,33
492,WS_RECV_END,1516299324565,33
492,PLAYER_SLEEPBEFORE_START,1516299324565,34
492,PLAYER_SLEEPBEFORE_END,1516299350476,34
492,WS_SEND_START,1516299350476,34
492,WS_SEND_END,1516299350476,34
492,WS_RECV_START,1516299350476,35
492,WS_RECV_END,1516299350514,35
492,PLAYER_SLEEPBEFORE_START,1516299350514,36
492,PLAYER_SLEEPBEFORE_END,1516299350523,36
492,WS_SEND_START,1516299350523,36
492,WS_SEND_END,1516299350523,36
492,WS_RECV_START,1516299350523,37
492,WS_RECV_END,1516299350565,37
492,PLAYER_SLEEPBEFORE_START,1516299350565,38
492,PLAYER_SLEEPBEFORE_END,1516299353760,38
492,WS_SEND_START,1516299353760,38
492,WS_SEND_END,1516299353760,38
492,WS_RECV_START,1516299353760,39
492,WS_RECV_END,1516299353902,39
492,PLAYER_SLEEPBEFORE_START,1516299353902,40
492,PLAYER_SLEEPBEFORE_END,1516299353948,40
492,WS_SEND_START,1516299353948,40
492,WS_SEND_END,1516299353948,40
492,WS_RECV_START,1516299353948,41
492,WS_RECV_END,1516299354134,41
492,PLAYER_SLEEPBEFORE_START,1516299354134,42
492,PLAYER_SLEEPBEFORE_END,1516299372269,42
492,WS_SEND_START,1516299372269,42
492,WS_SEND_END,1516299372269,42
492,WS_RECV_START,1516299372269,43
492,WS_RECV_END,1516299372715,43
492,PLAYER_SLEEPBEFORE_START,1516299372715,44
492,PLAYER_SLEEPBEFORE_END,1516299372727,44
492,WS_SEND_START,1516299372727,44
492,WS_SEND_END,1516299372727,44
492,WS_RECV_START,1516299372727,45
492,WS_RECV_END,1516299372913,45
492,PLAYER_SLEEPBEFORE_START,1516299372913,46
492,PLAYER_SLEEPBEFORE_END,1516299374173,46
492,WS_SEND_START,1516299374173,46
492,WS_SEND_END,1516299374173,46
492,WS_RECV_START,1516299374173,47
492,WS_RECV_END,1516299374221,47
492,PLAYER_SLEEPBEFORE_START,1516299374221,48
492,PLAYER_SLEEPBEFORE_END,1516299375541,48
492,WS_SEND_START,1516299375541,48
492,WS_SEND_END,1516299375541,48
492,WS_RECV_START,1516299375541,49
492,WS_RECV_END,1516299375700,49
492,PLAYER_SLEEPBEFORE_START,1516299375700,50
492,PLAYER_SLEEPBEFORE_END,1516299375724,50
492,WS_SEND_START,1516299375724,50
492,WS_SEND_END,1516299375724,50
492,WS_RECV_START,1516299375724,51
492,WS_RECV_END,1516299375970,51
492,PLAYER_SLEEPBEFORE_START,1516299375970,52
492,PLAYER_SLEEPBEFORE_END,1516299398534,52
492,WS_SEND_START,1516299398534,52
492,WS_SEND_END,1516299398534,52
492,WS_RECV_START,1516299398534,53
492,WS_RECV_END,1516299398812,53
492,PLAYER_SLEEPBEFORE_START,1516299398812,54
492,PLAYER_SLEEPBEFORE_END,1516299420116,54
492,WS_SEND_START,1516299420116,54
492,WS_SEND_END,1516299420116,54
492,PLAYER_SLEEPBEFORE_START,1516299420116,55
492,PLAYER_SLEEPBEFORE_END,1516299422057,55
492,WS_SEND_START,1516299422057,55
492,WS_SEND_END,1516299422057,55
492,WS_RECV_START,1516299422057,56
492,WS_RECV_END,1516299422222,56
492,PLAYER_SLEEPBEFORE_START,1516299422222,57
492,PLAYER_SLEEPBEFORE_END,1516299445094,57
492,WS_SEND_START,1516299445094,57
492,WS_SEND_END,1516299445094,57
492,WS_RECV_START,1516299445094,58
492,WS_RECV_END,1516299445153,58
492,PLAYER_SLEEPBEFORE_START,1516299445153,59
492,PLAYER_SLEEPBEFORE_END,1516299447500,59
492,WS_SEND_START,1516299447500,59
492,WS_SEND_END,1516299447500,59
492,WS_RECV_START,1516299447500,60
492,WS_RECV_END,1516299447616,60
492,PLAYER_SLEEPBEFORE_START,1516299447616,61
492,PLAYER_SLEEPBEFORE_END,1516299451207,61
492,WS_SEND_START,1516299451207,61
492,WS_SEND_END,1516299451207,61
492,WS_RECV_START,1516299451207,62
492,WS_RECV_END,1516299451339,62
492,PLAYER_SLEEPBEFORE_START,1516299451339,63
492,PLAYER_SLEEPBEFORE_END,1516299470602,63
492,WS_SEND_START,1516299470602,63
492,WS_SEND_END,1516299470602,63
492,WS_RECV_START,1516299470602,64
492,WS_RECV_END,1516299471147,64
492,PLAYER_SLEEPBEFORE_START,1516299471147,65
492,PLAYER_SLEEPBEFORE_END,1516299497964,65
492,WS_SEND_START,1516299497964,65
492,WS_SEND_END,1516299497964,65
492,WS_RECV_START,1516299497964,66
492,WS_RECV_END,1516299498659,66
492,PLAYER_SLEEPBEFORE_START,1516299498659,67
492,PLAYER_SLEEPBEFORE_END,1516299500166,67
492,WS_SEND_START,1516299500166,67
492,WS_SEND_END,1516299500166,67
492,WS_RECV_START,1516299500167,68
492,WS_RECV_END,1516299500449,68
492,PLAYER_SLEEPBEFORE_START,1516299500449,69
492,PLAYER_SLEEPBEFORE_END,1516299522447,69
492,WS_SEND_START,1516299522447,69
492,WS_SEND_END,1516299522447,69
492,WS_RECV_START,1516299522447,70
492,WS_RECV_END,1516299523622,70
492,PLAYER_SLEEPBEFORE_START,1516299523622,71
492,PLAYER_SLEEPBEFORE_END,1516299548397,71
492,WS_SEND_START,1516299548397,71
492,WS_SEND_END,1516299548397,71
492,PLAYER_SLEEPBEFORE_START,1516299548397,72
492,PLAYER_SLEEPBEFORE_END,1516299551004,72
492,WS_SEND_START,1516299551004,72
492,WS_SEND_END,1516299551004,72
492,WS_RECV_START,1516299551004,73
492,WS_RECV_END,1516299552835,73
492,PLAYER_SLEEPBEFORE_START,1516299552835,74
492,PLAYER_SLEEPBEFORE_END,1516299552844,74
492,WS_SEND_START,1516299552844,74
492,WS_SEND_END,1516299552844,74
492,WS_RECV_START,1516299552844,75
492,WS_RECV_END,1516299554389,75
492,PLAYER_SLEEPBEFORE_START,1516299554389,76
492,PLAYER_SLEEPBEFORE_END,1516299555895,76
492,WS_SEND_START,1516299555895,76
492,WS_SEND_END,1516299555895,76
492,WS_RECV_START,1516299555895,77
492,WS_RECV_END,1516299556757,77
492,PLAYER_SLEEPBEFORE_START,1516299556757,78
492,PLAYER_SLEEPBEFORE_END,1516299557625,78
492,WS_SEND_START,1516299557625,78
492,WS_SEND_END,1516299557625,78
492,WS_RECV_START,1516299557625,79
492,WS_RECV_END,1516299560374,79
492,PLAYER_SLEEPBEFORE_START,1516299560374,80
492,PLAYER_SLEEPBEFORE_END,1516299568040,80
492,WS_SEND_START,1516299568040,80
492,WS_SEND_END,1516299568040,80
492,WS_RECV_START,1516299568040,81
492,WS_RECV_END,1516299568876,81
492,PLAYER_SLEEPBEFORE_START,1516299568876,82
492,PLAYER_SLEEPBEFORE_END,1516299569978,82
492,WS_SEND_START,1516299569978,82
492,WS_SEND_END,1516299569978,82
492,WS_RECV_START,1516299569978,83
492,WS_RECV_END,1516299570547,83
492,PLAYER_SLEEPBEFORE_START,1516299570547,84
492,PLAYER_SLEEPBEFORE_END,1516299571494,84
492,WS_SEND_START,1516299571494,84
492,WS_SEND_END,1516299571494,84
492,WS_RECV_START,1516299571494,85
492,WS_RECV_END,1516299573420,85
492,PLAYER_SLEEPBEFORE_START,1516299573420,86
492,PLAYER_SLEEPBEFORE_END,1516299577592,86
492,WS_SEND_START,1516299577592,86
492,WS_SEND_END,1516299577592,86
492,WS_RECV_START,1516299577592,87
492,WS_RECV_END,1516299581598,87
492,PLAYER_SLEEPBEFORE_START,1516299581598,88
492,PLAYER_SLEEPBEFORE_END,1516299581606,88
492,WS_SEND_START,1516299581606,88
492,WS_SEND_END,1516299581606,88
492,WS_RECV_START,1516299581606,89
492,WS_RECV_END,1516299583365,89
492,PLAYER_SLEEPBEFORE_START,1516299583365,90
492,PLAYER_SLEEPBEFORE_END,1516299610562,90
492,REQ_START,1516299610562,90
492,REQ_END,1516299610570,90
492,PLAYER_SLEEPBEFORE_START,1516299610570,91
492,PLAYER_SLEEPBEFORE_END,1516299618459,91
492,WS_SEND_START,1516299618459,91
492,WS_SEND_END,1516299618459,91
492,WS_RECV_START,1516299618459,92
492,WS_RECV_END,1516299619223,92
492,PLAYER_SLEEPBEFORE_START,1516299619223,93
492,PLAYER_SLEEPBEFORE_END,1516299619238,93
492,WS_SEND_START,1516299619238,93
492,WS_SEND_END,1516299619238,93
492,WS_RECV_START,1516299619238,94
492,WS_RECV_END,1516299619564,94
492,PLAYER_SLEEPBEFORE_START,1516299619564,95
492,PLAYER_SLEEPBEFORE_END,1516299643120,95
492,WS_SEND_START,1516299643120,95
492,WS_SEND_END,1516299643120,95
492,WS_RECV_START,1516299643120,96
492,WS_RECV_END,1516299645598,96
492,PLAYER_SLEEPBEFORE_START,1516299645598,97
492,PLAYER_SLEEPBEFORE_END,1516299668038,97
492,WS_SEND_START,1516299668038,97
492,WS_SEND_END,1516299668038,97
492,WS_RECV_START,1516299668038,98
492,WS_RECV_END,1516299668989,98
492,PLAYER_SLEEPBEFORE_START,1516299668989,99
492,PLAYER_SLEEPBEFORE_END,1516299669010,99
492,WS_SEND_START,1516299669010,99
492,WS_SEND_END,1516299669010,99
492,WS_RECV_START,1516299669010,100
492,WS_RECV_END,1516299669535,100
492,PLAYER_SLEEPBEFORE_START,1516299669535,101
492,PLAYER_SLEEPBEFORE_END,1516299693094,101
492,WS_SEND_START,1516299693094,101
492,WS_SEND_END,1516299693094,101
492,WS_RECV_START,1516299693094,102
492,WS_RECV_END,1516299693703,102
492,PLAYER_SLEEPBEFORE_START,1516299693703,103
492,PLAYER_SLEEPBEFORE_END,1516299717328,103
492,WS_SEND_START,1516299717328,103
492,WS_SEND_END,1516299717328,103
492,WS_RECV_START,1516299717328,104
492,WS_RECV_END,1516299717771,104
492,PLAYER_SLEEPBEFORE_START,1516299717771,105
492,PLAYER_SLEEPBEFORE_END,1516299743148,105
492,WS_SEND_START,1516299743148,105
492,WS_SEND_END,1516299743148,105
492,WS_RECV_START,1516299743148,106
492,WS_RECV_END,1516299743278,106
492,PLAYER_SLEEPBEFORE_START,1516299743278,107
492,PLAYER_SLEEPBEFORE_END,1516299766701,107
492,WS_SEND_START,1516299766701,107
492,WS_SEND_END,1516299766701,107
492,WS_RECV_START,1516299766701,108
492,WS_RECV_END,1516299768101,108
492,PLAYER_SLEEPBEFORE_START,1516299768102,109
492,PLAYER_SLEEPBEFORE_END,1516299768111,109
492,WS_SEND_START,1516299768111,109
492,WS_SEND_END,1516299768111,109
492,WS_RECV_START,1516299768111,110
492,WS_RECV_END,1516299769453,110
492,PLAYER_SLEEPBEFORE_START,1516299769453,111
492,PLAYER_SLEEPBEFORE_END,1516299770413,111
492,WS_SEND_START,1516299770413,111
492,WS_SEND_END,1516299770413,111
492,WS_RECV_START,1516299770413,112
492,WS_RECV_END,1516299771996,112
492,PLAYER_SLEEPBEFORE_START,1516299771996,113
492,PLAYER_SLEEPBEFORE_END,1516299772558,113
492,WS_SEND_START,1516299772558,113
492,WS_SEND_END,1516299772558,113
492,WS_RECV_START,1516299772558,114
492,WS_RECV_END,1516299773441,114
492,PLAYER_SLEEPBEFORE_START,1516299773441,115
492,PLAYER_SLEEPBEFORE_END,1516299773450,115
492,WS_SEND_START,1516299773450,115
492,WS_SEND_END,1516299773450,115
492,WS_RECV_START,1516299773450,116
492,WS_RECV_END,1516299775055,116
492,PLAYER_SLEEPBEFORE_START,1516299775055,117
492,PLAYER_SLEEPBEFORE_END,1516299795415,117
492,WS_SEND_START,1516299795415,117
492,WS_SEND_END,1516299795416,117
492,PLAYER_SLEEPBEFORE_START,1516299795416,118
492,PLAYER_SLEEPBEFORE_END,1516299799168,118
492,WS_SEND_START,1516299799168,118
492,WS_SEND_END,1516299799168,118
492,WS_RECV_START,1516299799168,119
492,WS_RECV_END,1516299799432,119
492,PLAYER_SLEEPBEFORE_START,1516299799432,120
492,PLAYER_SLEEPBEFORE_END,1516299800420,120
492,WS_SEND_START,1516299800420,120
492,WS_SEND_END,1516299800420,120
492,WS_RECV_START,1516299800420,121
492,WS_RECV_END,1516299800940,121
492,PLAYER_SLEEPBEFORE_START,1516299800940,122
492,PLAYER_SLEEPBEFORE_END,1516299802125,122
492,WS_SEND_START,1516299802125,122
492,WS_SEND_END,1516299802125,122
492,WS_RECV_START,1516299802125,123
492,WS_RECV_END,1516299802894,123
492,PLAYER_SLEEPBEFORE_START,1516299802894,124
492,PLAYER_SLEEPBEFORE_END,1516299827299,124
492,WS_SEND_START,1516299827299,124
492,WS_SEND_END,1516299827299,124
492,WS_RECV_START,1516299827300,125
492,WS_RECV_END,1516299828128,125
492,PLAYER_SLEEPBEFORE_START,1516299828128,126
492,PLAYER_SLEEPBEFORE_END,1516299848640,126
492,WS_SEND_START,1516299848640,126
492,WS_SEND_END,1516299848640,126
492,PLAYER_SLEEPBEFORE_START,1516299848640,127
492,PLAYER_SLEEPBEFORE_END,1516299851695,127
492,WS_SEND_START,1516299851695,127
492,WS_SEND_END,1516299851695,127
492,WS_RECV_START,1516299851695,128
492,WS_RECV_END,1516299852826,128
492,PLAYER_SLEEPBEFORE_START,1516299852826,129
492,PLAYER_SLEEPBEFORE_END,1516299852846,129
492,WS_SEND_START,1516299852846,129
492,WS_SEND_END,1516299852846,129
492,WS_RECV_START,1516299852846,130
492,WS_RECV_END,1516299853193,130
492,PLAYER_SLEEPBEFORE_START,1516299853193,131
492,PLAYER_SLEEPBEFORE_END,1516299874817,131
492,WS_SEND_START,1516299874817,131
492,WS_SEND_END,1516299874817,131
492,PLAYER_SLEEPBEFORE_START,1516299874817,132
492,PLAYER_SLEEPBEFORE_END,1516299877897,132
492,WS_SEND_START,1516299877897,132
492,WS_SEND_END,1516299877897,132
492,WS_RECV_START,1516299877897,133
492,WS_RECV_END,1516299878864,133
492,PLAYER_SLEEPBEFORE_START,1516299878864,134
492,PLAYER_SLEEPBEFORE_END,1516299900081,134
492,WS_SEND_START,1516299900081,134
492,WS_SEND_END,1516299900081,134
492,PLAYER_SLEEPBEFORE_START,1516299900081,135
492,PLAYER_SLEEPBEFORE_END,1516299903271,135
492,WS_SEND_START,1516299903271,135
492,WS_SEND_END,1516299903271,135
492,WS_RECV_START,1516299903271,136
492,WS_RECV_END,1516299904400,136
492,PLAYER_SLEEPBEFORE_START,1516299904400,137
492,PLAYER_SLEEPBEFORE_END,1516299904407,137
492,WS_SEND_START,1516299904407,137
492,WS_SEND_END,1516299904407,137
492,WS_RECV_START,1516299904407,138
492,WS_RECV_END,1516299904630,138
492,PLAYER_SLEEPBEFORE_START,1516299904630,139
492,PLAYER_SLEEPBEFORE_END,1516299905326,139
492,WS_SEND_START,1516299905326,139
492,WS_SEND_END,1516299905326,139
492,WS_RECV_START,1516299905326,140
492,WS_RECV_END,1516299905766,140
492,PLAYER_SLEEPBEFORE_START,1516299905766,141
492,PLAYER_SLEEPBEFORE_END,1516299906421,141
492,WS_SEND_START,1516299906421,141
492,WS_SEND_END,1516299906421,141
492,WS_RECV_START,1516299906421,142
492,WS_RECV_END,1516299906684,142
492,PLAYER_SLEEPBEFORE_START,1516299906684,143
492,PLAYER_SLEEPBEFORE_END,1516299906741,143
492,WS_SEND_START,1516299906741,143
492,WS_SEND_END,1516299906741,143
492,WS_RECV_START,1516299906741,144
492,WS_RECV_END,1516299906953,144
492,PLAYER_SLEEPBEFORE_START,1516299906953,145
492,PLAYER_SLEEPBEFORE_END,1516299923015,145
492,REQ_START,1516299923015,145
492,REQ_END,1516299923023,145
492,PLAYER_SLEEPBEFORE_START,1516299923023,146
492,PLAYER_SLEEPBEFORE_END,1516299931900,146
492,WS_SEND_START,1516299931900,146
492,WS_SEND_END,1516299931900,146
492,WS_RECV_START,1516299931900,147
492,WS_RECV_END,1516299933512,147
492,PLAYER_SLEEPBEFORE_START,1516299933512,148
492,PLAYER_SLEEPBEFORE_END,1516299955434,148
492,WS_SEND_START,1516299955434,148
492,WS_SEND_END,1516299955434,148
492,PLAYER_SLEEPBEFORE_START,1516299955434,149
492,PLAYER_SLEEPBEFORE_END,1516299957862,149
492,WS_SEND_START,1516299957862,149
492,WS_SEND_END,1516299957862,149
492,WS_RECV_START,1516299957862,150
492,WS_RECV_END,1516299958547,150
492,PLAYER_SLEEPBEFORE_START,1516299958547,151
492,PLAYER_SLEEPBEFORE_END,1516299958757,151
492,WS_SEND_START,1516299958757,151
492,WS_SEND_END,1516299958757,151
492,WS_RECV_START,1516299958757,152
492,WS_RECV_END,1516299959146,152
492,PLAYER_SLEEPBEFORE_START,1516299959146,153
492,PLAYER_SLEEPBEFORE_END,1516299983073,153
492,WS_SEND_START,1516299983073,153
492,WS_SEND_END,1516299983073,153
492,WS_RECV_START,1516299983073,154
492,WS_RECV_END,1516299983523,154
492,PLAYER_SLEEPBEFORE_START,1516299983523,155
492,PLAYER_SLEEPBEFORE_END,1516300006082,155
492,WS_SEND_START,1516300006082,155
492,WS_SEND_END,1516300006082,155
492,PLAYER_SLEEPBEFORE_START,1516300006082,156
492,PLAYER_SLEEPBEFORE_END,1516300009356,156
492,WS_SEND_START,1516300009356,156
492,WS_SEND_END,1516300009356,156
492,WS_RECV_START,1516300009356,157
492,WS_RECV_END,1516300011101,157
492,PLAYER_SLEEPBEFORE_START,1516300011101,158
492,PLAYER_SLEEPBEFORE_END,1516300011111,158
492,WS_SEND_START,1516300011111,158
492,WS_SEND_END,1516300011111,158
492,WS_RECV_START,1516300011111,159
492,WS_RECV_END,1516300011777,159
492,PLAYER_SLEEPBEFORE_START,1516300011777,160
492,PLAYER_SLEEPBEFORE_END,1516300011953,160
492,WS_SEND_START,1516300011953,160
492,WS_SEND_END,1516300011953,160
492,WS_RECV_START,1516300011953,161
492,WS_RECV_END,1516300012671,161
492,PLAYER_SLEEPBEFORE_START,1516300012671,162
492,PLAYER_SLEEPBEFORE_END,1516300012697,162
492,WS_SEND_START,1516300012697,162
492,WS_SEND_END,1516300012697,162
492,WS_RECV_START,1516300012697,163
492,WS_RECV_END,1516300013060,163
492,PLAYER_SLEEPBEFORE_START,1516300013060,164
492,PLAYER_SLEEPBEFORE_END,1516300033872,164
492,WS_SEND_START,1516300033872,164
492,WS_SEND_END,1516300033872,164
492,WS_RECV_START,1516300033872,165
492,WS_RECV_END,1516300034302,165
492,PLAYER_SLEEPBEFORE_START,1516300034302,166
492,PLAYER_SLEEPBEFORE_END,1516300056757,166
492,WS_SEND_START,1516300056757,166
492,WS_SEND_END,1516300056757,166
492,WS_RECV_START,1516300056757,167
492,WS_RECV_END,1516300057784,167
492,PLAYER_SLEEPBEFORE_START,1516300057784,168
492,PLAYER_SLEEPBEFORE_END,1516300085141,168
492,WS_SEND_START,1516300085141,168
492,WS_SEND_END,1516300085141,168
492,WS_RECV_START,1516300085141,169
492,WS_RECV_END,1516300085775,169
492,PLAYER_SLEEPBEFORE_START,1516300085775,170
492,PLAYER_SLEEPBEFORE_END,1516300085784,170
492,WS_SEND_START,1516300085784,170
492,WS_SEND_END,1516300085784,170
492,WS_RECV_START,1516300085784,171
492,WS_RECV_END,1516300086058,171
492,PLAYER_SLEEPBEFORE_START,1516300086058,172
492,PLAYER_SLEEPBEFORE_END,1516300086427,172
492,WS_SEND_START,1516300086427,172
492,WS_SEND_END,1516300086427,172
492,WS_RECV_START,1516300086427,173
492,WS_RECV_END,1516300086845,173
492,PLAYER_SLEEPBEFORE_START,1516300086845,174
492,PLAYER_SLEEPBEFORE_END,1516300086886,174
492,WS_SEND_START,1516300086886,174
492,WS_SEND_END,1516300086886,174
492,WS_RECV_START,1516300086886,175
492,WS_RECV_END,1516300087343,175
492,PLAYER_SLEEPBEFORE_START,1516300087343,176
492,PLAYER_SLEEPBEFORE_END,1516300109104,176
492,WS_SEND_START,1516300109104,176
492,WS_SEND_END,1516300109104,176
492,PLAYER_SLEEPBEFORE_START,1516300109104,177
492,PLAYER_SLEEPBEFORE_END,1516300111623,177
492,WS_SEND_START,1516300111623,177
492,WS_SEND_END,1516300111623,177
492,WS_RECV_START,1516300111623,178
492,WS_RECV_END,1516300114169,178
492,PLAYER_SLEEPBEFORE_START,1516300114169,179
492,PLAYER_SLEEPBEFORE_END,1516300136509,179
492,WS_SEND_START,1516300136509,179
492,WS_SEND_END,1516300136509,179
492,WS_RECV_START,1516300136509,180
492,WS_RECV_END,1516300138142,180
492,PLAYER_SLEEPBEFORE_START,1516300138142,181
492,PLAYER_SLEEPBEFORE_END,1516300138586,181
492,WS_SEND_START,1516300138587,181
492,WS_SEND_END,1516300138587,181
492,WS_RECV_START,1516300138587,182
492,WS_RECV_END,1516300141332,182
492,PLAYER_SLEEPBEFORE_START,1516300141332,183
492,PLAYER_SLEEPBEFORE_END,1516300141855,183
492,WS_SEND_START,1516300141855,183
492,WS_SEND_END,1516300141855,183
492,WS_RECV_START,1516300141855,184
492,WS_RECV_END,1516300143372,184
492,PLAYER_SLEEPBEFORE_START,1516300143372,185
492,PLAYER_SLEEPBEFORE_END,1516300143640,185
492,WS_SEND_START,1516300143640,185
492,WS_SEND_END,1516300143640,185
492,WS_RECV_START,1516300143640,186
492,WS_RECV_END,1516300146490,186
492,PLAYER_SLEEPBEFORE_START,1516300146490,187
492,PLAYER_SLEEPBEFORE_END,1516300168990,187
492,WS_SEND_START,1516300168990,187
492,WS_SEND_END,1516300168990,187
492,WS_RECV_START,1516300168990,188
492,WS_RECV_END,1516300172711,188
492,PLAYER_SLEEPBEFORE_START,1516300172711,189
492,PLAYER_SLEEPBEFORE_END,1516300178950,189
492,WS_SEND_START,1516300178950,189
492,WS_SEND_END,1516300178950,189
492,WS_RECV_START,1516300178950,190
492,WS_RECV_END,1516300186657,190
492,PLAYER_SLEEPBEFORE_START,1516300186657,191
492,PLAYER_SLEEPBEFORE_END,1516300188572,191
492,WS_SEND_START,1516300188572,191
492,WS_SEND_END,1516300188572,191
492,WS_RECV_START,1516300188572,192
492,WS_RECV_END,1516300194304,192
492,PLAYER_SLEEPBEFORE_START,1516300194304,193
492,PLAYER_SLEEPBEFORE_END,1516300194432,193
492,WS_SEND_START,1516300194432,193
492,WS_SEND_END,1516300194432,193
492,WS_RECV_START,1516300194432,194
492,WS_RECV_END,1516300197659,194
492,PLAYER_SLEEPBEFORE_START,1516300197659,195
492,PLAYER_SLEEPBEFORE_END,1516300199414,195
492,WS_SEND_START,1516300199414,195
492,WS_SEND_END,1516300199414,195
492,WS_RECV_START,1516300199414,196
492,WS_RECV_END,1516300201083,196
492,PLAYER_SLEEPBEFORE_START,1516300201083,197
492,PLAYER_SLEEPBEFORE_END,1516300202887,197
492,WS_SEND_START,1516300202887,197
492,WS_SEND_END,1516300202887,197
492,WS_RECV_START,1516300202887,198
492,WS_RECV_END,1516300204962,198
492,PLAYER_SLEEPBEFORE_START,1516300204962,199
492,PLAYER_SLEEPBEFORE_END,1516300216817,199
492,WS_SEND_START,1516300216817,199
492,WS_SEND_END,1516300216817,199
492,PLAYER_SLEEPBEFORE_START,1516300216817,200
492,PLAYER_SLEEPBEFORE_END,1516300220916,200
492,WS_SEND_START,1516300220916,200
492,WS_SEND_END,1516300220916,200
492,WS_RECV_START,1516300220916,201
492,WS_RECV_END,1516300223672,201
492,PLAYER_SLEEPBEFORE_START,1516300223672,202
492,PLAYER_SLEEPBEFORE_END,1516300223686,202
492,WS_SEND_START,1516300223686,202
492,WS_SEND_END,1516300223686,202
492,WS_RECV_START,1516300223686,203
492,WS_RECV_END,1516300226900,203
492,PLAYER_SLEEPBEFORE_START,1516300226900,204
492,PLAYER_SLEEPBEFORE_END,1516300246549,204
492,WS_SEND_START,1516300246549,204
492,WS_SEND_END,1516300246549,204
492,PLAYER_SLEEPBEFORE_START,1516300246549,205
492,PLAYER_SLEEPBEFORE_END,1516300250448,205
492,WS_SEND_START,1516300250448,205
492,WS_SEND_END,1516300250448,205
492,WS_RECV_START,1516300250448,206
492,WS_RECV_END,1516300254053,206
492,PLAYER_SLEEPBEFORE_START,1516300254053,207
492,PLAYER_SLEEPBEFORE_END,1516300270984,207
492,REQ_START,1516300270984,207
492,REQ_END,1516300270992,207
492,PLAYER_SLEEPBEFORE_START,1516300270992,208
492,PLAYER_SLEEPBEFORE_END,1516300277844,208
492,WS_CLOSE_START,1516300277844,208
492,WS_CLOSE_END,1516300277844,208
492,PLAYER_DONE,1516300277844
