# --sessions 2700 --app-url=http://shinyloadtest.rstudioservices.com/cran_explorer --output-dir test2700 --overwrite-output --log-level warn --start-interval 100 15min.log
thread_id,event,timestamp,input_line_number,comment
585,PLAYER_SESSION_CREATE,1516299245538
585,PLAYER_START_INTERVAL_START,1516299245538
585,PLAYER_START_INTERVAL_END,1516299304038
585,REQ_HOME_START,1516299304038,2
585,REQ_HOME_END,1516299304169,2
585,REQ_START,1516299304169,3
585,REQ_END,1516299304322,3
585,REQ_START,1516299304322,4
585,REQ_END,1516299304353,4
585,REQ_START,1516299304353,5
585,REQ_END,1516299304443,5
585,REQ_START,1516299304443,6
585,REQ_END,1516299304497,6
585,REQ_START,1516299304497,7
585,REQ_END,1516299304560,7
585,REQ_START,1516299304560,8
585,REQ_END,1516299304617,8
585,REQ_START,1516299304617,9
585,REQ_END,1516299304653,9
585,REQ_START,1516299304653,10
585,REQ_END,1516299304661,10
585,REQ_START,1516299304661,11
585,REQ_END,1516299304695,11
585,REQ_START,1516299304695,12
585,REQ_END,1516299304704,12
585,REQ_START,1516299304704,13
585,REQ_END,1516299304737,13
585,REQ_START,1516299304737,14
585,REQ_END,1516299304753,14
585,REQ_START,1516299304753,15
585,REQ_END,1516299304810,15
585,REQ_TOK_START,1516299304810,16
585,REQ_TOK_END,1516299304816,16
585,REQ_SINF_START,1516299304816,17
585,REQ_SINF_END,1516299304823,17
585,WS_OPEN_START,1516299304823,18
585,WS_OPEN_END,1516299304829,18
585,REQ_START,1516299304829,19
585,REQ_END,1516299304857,19
585,WS_RECV_START,1516299304857,20
585,WS_RECV_END,1516299304857,20
585,PLAYER_SLEEPBEFORE_START,1516299304857,21
585,PLAYER_SLEEPBEFORE_END,1516299304862,21
585,WS_SEND_START,1516299304862,21
585,WS_SEND_END,1516299304862,21
585,PLAYER_SLEEPBEFORE_START,1516299304862,22
585,PLAYER_SLEEPBEFORE_END,1516299304863,22
585,WS_SEND_START,1516299304863,22
585,WS_SEND_END,1516299304863,22
585,WS_RECV_INIT_START,1516299304863,23
585,WS_RECV_INIT_END,1516299304880,23
585,WS_RECV_START,1516299304880,24
585,WS_RECV_END,1516299304941,24
585,PLAYER_SLEEPBEFORE_START,1516299304941,25
585,PLAYER_SLEEPBEFORE_END,1516299304948,25
585,REQ_START,1516299304948,25
585,REQ_END,1516299304997,25
585,PLAYER_SLEEPBEFORE_START,1516299304997,26
585,PLAYER_SLEEPBEFORE_END,1516299304999,26
585,REQ_START,1516299304999,26
585,REQ_END,1516299305039,26
585,PLAYER_SLEEPBEFORE_START,1516299305039,27
585,PLAYER_SLEEPBEFORE_END,1516299305042,27
585,REQ_START,1516299305042,27
585,REQ_END,1516299305078,27
585,PLAYER_SLEEPBEFORE_START,1516299305078,28
585,PLAYER_SLEEPBEFORE_END,1516299305363,28
585,REQ_START,1516299305363,28
585,REQ_END,1516299305396,28
585,PLAYER_SLEEPBEFORE_START,1516299305396,29
585,PLAYER_SLEEPBEFORE_END,1516299305571,29
585,WS_SEND_START,1516299305571,29
585,WS_SEND_END,1516299305571,29
585,WS_RECV_START,1516299305571,30
585,WS_RECV_END,1516299305679,30
585,PLAYER_SLEEPBEFORE_START,1516299305679,31
585,PLAYER_SLEEPBEFORE_END,1516299305690,31
585,REQ_START,1516299305690,31
585,REQ_END,1516299305744,31
585,PLAYER_SLEEPBEFORE_START,1516299305744,32
585,PLAYER_SLEEPBEFORE_END,1516299333890,32
585,WS_SEND_START,1516299333890,32
585,WS_SEND_END,1516299333890,32
585,WS_RECV_START,1516299333890,33
585,WS_RECV_END,1516299334105,33
585,PLAYER_SLEEPBEFORE_START,1516299334105,34
585,PLAYER_SLEEPBEFORE_END,1516299360016,34
585,WS_SEND_START,1516299360016,34
585,WS_SEND_END,1516299360016,34
585,WS_RECV_START,1516299360016,35
585,WS_RECV_END,1516299360039,35
585,PLAYER_SLEEPBEFORE_START,1516299360039,36
585,PLAYER_SLEEPBEFORE_END,1516299360048,36
585,WS_SEND_START,1516299360048,36
585,WS_SEND_END,1516299360048,36
585,WS_RECV_START,1516299360048,37
585,WS_RECV_END,1516299360113,37
585,PLAYER_SLEEPBEFORE_START,1516299360113,38
585,PLAYER_SLEEPBEFORE_END,1516299363308,38
585,WS_SEND_START,1516299363308,38
585,WS_SEND_END,1516299363308,38
585,WS_RECV_START,1516299363308,39
585,WS_RECV_END,1516299363469,39
585,PLAYER_SLEEPBEFORE_START,1516299363469,40
585,PLAYER_SLEEPBEFORE_END,1516299363515,40
585,WS_SEND_START,1516299363515,40
585,WS_SEND_END,1516299363515,40
585,WS_RECV_START,1516299363515,41
585,WS_RECV_END,1516299363625,41
585,PLAYER_SLEEPBEFORE_START,1516299363625,42
585,PLAYER_SLEEPBEFORE_END,1516299381760,42
585,WS_SEND_START,1516299381760,42
585,WS_SEND_END,1516299381760,42
585,WS_RECV_START,1516299381760,43
585,WS_RECV_END,1516299381797,43
585,PLAYER_SLEEPBEFORE_START,1516299381797,44
585,PLAYER_SLEEPBEFORE_END,1516299381809,44
585,WS_SEND_START,1516299381810,44
585,WS_SEND_END,1516299381810,44
585,WS_RECV_START,1516299381810,45
585,WS_RECV_END,1516299381853,45
585,PLAYER_SLEEPBEFORE_START,1516299381853,46
585,PLAYER_SLEEPBEFORE_END,1516299383113,46
585,WS_SEND_START,1516299383113,46
585,WS_SEND_END,1516299383113,46
585,WS_RECV_START,1516299383113,47
585,WS_RECV_END,1516299383144,47
585,PLAYER_SLEEPBEFORE_START,1516299383144,48
585,PLAYER_SLEEPBEFORE_END,1516299384464,48
585,WS_SEND_START,1516299384464,48
585,WS_SEND_END,1516299384464,48
585,WS_RECV_START,1516299384464,49
585,WS_RECV_END,1516299384619,49
585,PLAYER_SLEEPBEFORE_START,1516299384619,50
585,PLAYER_SLEEPBEFORE_END,1516299384643,50
585,WS_SEND_START,1516299384643,50
585,WS_SEND_END,1516299384643,50
585,WS_RECV_START,1516299384643,51
585,WS_RECV_END,1516299384855,51
585,PLAYER_SLEEPBEFORE_START,1516299384855,52
585,PLAYER_SLEEPBEFORE_END,1516299407419,52
585,WS_SEND_START,1516299407419,52
585,WS_SEND_END,1516299407419,52
585,WS_RECV_START,1516299407419,53
585,WS_RECV_END,1516299407657,53
585,PLAYER_SLEEPBEFORE_START,1516299407657,54
585,PLAYER_SLEEPBEFORE_END,1516299428960,54
585,WS_SEND_START,1516299428960,54
585,WS_SEND_END,1516299428960,54
585,PLAYER_SLEEPBEFORE_START,1516299428960,55
585,PLAYER_SLEEPBEFORE_END,1516299430901,55
585,WS_SEND_START,1516299430901,55
585,WS_SEND_END,1516299430901,55
585,WS_RECV_START,1516299430901,56
585,WS_RECV_END,1516299431372,56
585,PLAYER_SLEEPBEFORE_START,1516299431372,57
585,PLAYER_SLEEPBEFORE_END,1516299454244,57
585,WS_SEND_START,1516299454244,57
585,WS_SEND_END,1516299454244,57
585,WS_RECV_START,1516299454244,58
585,WS_RECV_END,1516299454389,58
585,PLAYER_SLEEPBEFORE_START,1516299454389,59
585,PLAYER_SLEEPBEFORE_END,1516299456716,59
585,WS_SEND_START,1516299456716,59
585,WS_SEND_END,1516299456716,59
585,WS_RECV_START,1516299456716,60
585,WS_RECV_END,1516299456949,60
585,PLAYER_SLEEPBEFORE_START,1516299456949,61
585,PLAYER_SLEEPBEFORE_END,1516299460540,61
585,WS_SEND_START,1516299460540,61
585,WS_SEND_END,1516299460540,61
585,WS_RECV_START,1516299460540,62
585,WS_RECV_END,1516299460675,62
585,PLAYER_SLEEPBEFORE_START,1516299460675,63
585,PLAYER_SLEEPBEFORE_END,1516299479937,63
585,WS_SEND_START,1516299479937,63
585,WS_SEND_END,1516299479937,63
585,WS_RECV_START,1516299479937,64
585,WS_RECV_END,1516299480088,64
585,PLAYER_SLEEPBEFORE_START,1516299480088,65
585,PLAYER_SLEEPBEFORE_END,1516299506906,65
585,WS_SEND_START,1516299506906,65
585,WS_SEND_END,1516299506906,65
585,WS_RECV_START,1516299506906,66
585,WS_RECV_END,1516299507510,66
585,PLAYER_SLEEPBEFORE_START,1516299507510,67
585,PLAYER_SLEEPBEFORE_END,1516299509017,67
585,WS_SEND_START,1516299509017,67
585,WS_SEND_END,1516299509017,67
585,WS_RECV_START,1516299509017,68
585,WS_RECV_END,1516299509398,68
585,PLAYER_SLEEPBEFORE_START,1516299509398,69
585,PLAYER_SLEEPBEFORE_END,1516299531396,69
585,WS_SEND_START,1516299531396,69
585,WS_SEND_END,1516299531396,69
585,WS_RECV_START,1516299531396,70
585,WS_RECV_END,1516299532819,70
585,PLAYER_SLEEPBEFORE_START,1516299532819,71
585,PLAYER_SLEEPBEFORE_END,1516299557594,71
585,WS_SEND_START,1516299557594,71
585,WS_SEND_END,1516299557594,71
585,PLAYER_SLEEPBEFORE_START,1516299557594,72
585,PLAYER_SLEEPBEFORE_END,1516299560202,72
585,WS_SEND_START,1516299560202,72
585,WS_SEND_END,1516299560202,72
585,WS_RECV_START,1516299560202,73
585,WS_RECV_END,1516299560627,73
585,PLAYER_SLEEPBEFORE_START,1516299560627,74
585,PLAYER_SLEEPBEFORE_END,1516299560636,74
585,WS_SEND_START,1516299560636,74
585,WS_SEND_END,1516299560636,74
585,WS_RECV_START,1516299560636,75
585,WS_RECV_END,1516299560681,75
585,PLAYER_SLEEPBEFORE_START,1516299560681,76
585,PLAYER_SLEEPBEFORE_END,1516299562187,76
585,WS_SEND_START,1516299562187,76
585,WS_SEND_END,1516299562188,76
585,WS_RECV_START,1516299562188,77
585,WS_RECV_END,1516299562273,77
585,PLAYER_SLEEPBEFORE_START,1516299562273,78
585,PLAYER_SLEEPBEFORE_END,1516299563141,78
585,WS_SEND_START,1516299563141,78
585,WS_SEND_END,1516299563141,78
585,WS_RECV_START,1516299563141,79
585,WS_RECV_END,1516299563549,79
585,PLAYER_SLEEPBEFORE_START,1516299563549,80
585,PLAYER_SLEEPBEFORE_END,1516299571215,80
585,WS_SEND_START,1516299571215,80
585,WS_SEND_END,1516299571215,80
585,WS_RECV_START,1516299571215,81
585,WS_RECV_END,1516299572071,81
585,PLAYER_SLEEPBEFORE_START,1516299572071,82
585,PLAYER_SLEEPBEFORE_END,1516299573173,82
585,WS_SEND_START,1516299573173,82
585,WS_SEND_END,1516299573173,82
585,WS_RECV_START,1516299573173,83
585,WS_RECV_END,1516299574836,83
585,PLAYER_SLEEPBEFORE_START,1516299574836,84
585,PLAYER_SLEEPBEFORE_END,1516299575783,84
585,WS_SEND_START,1516299575783,84
585,WS_SEND_END,1516299575783,84
585,WS_RECV_START,1516299575783,85
585,WS_RECV_END,1516299577002,85
585,PLAYER_SLEEPBEFORE_START,1516299577002,86
585,PLAYER_SLEEPBEFORE_END,1516299581174,86
585,WS_SEND_START,1516299581174,86
585,WS_SEND_END,1516299581174,86
585,WS_RECV_START,1516299581174,87
585,WS_RECV_END,1516299584052,87
585,PLAYER_SLEEPBEFORE_START,1516299584052,88
585,PLAYER_SLEEPBEFORE_END,1516299584060,88
585,WS_SEND_START,1516299584060,88
585,WS_SEND_END,1516299584060,88
585,WS_RECV_START,1516299584060,89
585,WS_RECV_END,1516299585033,89
585,PLAYER_SLEEPBEFORE_START,1516299585033,90
585,PLAYER_SLEEPBEFORE_END,1516299612231,90
585,REQ_START,1516299612231,90
585,REQ_END,1516299612239,90
585,PLAYER_SLEEPBEFORE_START,1516299612239,91
585,PLAYER_SLEEPBEFORE_END,1516299620128,91
585,WS_SEND_START,1516299620128,91
585,WS_SEND_END,1516299620128,91
585,WS_RECV_START,1516299620128,92
585,WS_RECV_END,1516299621652,92
585,PLAYER_SLEEPBEFORE_START,1516299621652,93
585,PLAYER_SLEEPBEFORE_END,1516299621667,93
585,WS_SEND_START,1516299621667,93
585,WS_SEND_END,1516299621667,93
585,WS_RECV_START,1516299621667,94
585,WS_RECV_END,1516299623882,94
585,PLAYER_SLEEPBEFORE_START,1516299623882,95
585,PLAYER_SLEEPBEFORE_END,1516299647437,95
585,WS_SEND_START,1516299647437,95
585,WS_SEND_END,1516299647437,95
585,WS_RECV_START,1516299647437,96
585,WS_RECV_END,1516299649752,96
585,PLAYER_SLEEPBEFORE_START,1516299649752,97
585,PLAYER_SLEEPBEFORE_END,1516299672192,97
585,WS_SEND_START,1516299672192,97
585,WS_SEND_END,1516299672192,97
585,WS_RECV_START,1516299672192,98
585,WS_RECV_END,1516299674292,98
585,PLAYER_SLEEPBEFORE_START,1516299674292,99
585,PLAYER_SLEEPBEFORE_END,1516299674314,99
585,WS_SEND_START,1516299674314,99
585,WS_SEND_END,1516299674314,99
585,WS_RECV_START,1516299674314,100
585,WS_RECV_END,1516299675292,100
585,PLAYER_SLEEPBEFORE_START,1516299675292,101
585,PLAYER_SLEEPBEFORE_END,1516299698851,101
585,WS_SEND_START,1516299698851,101
585,WS_SEND_END,1516299698851,101
585,WS_RECV_START,1516299698851,102
585,WS_RECV_END,1516299699347,102
585,PLAYER_SLEEPBEFORE_START,1516299699347,103
585,PLAYER_SLEEPBEFORE_END,1516299722972,103
585,WS_SEND_START,1516299722972,103
585,WS_SEND_END,1516299722972,103
585,WS_RECV_START,1516299722972,104
585,WS_RECV_END,1516299723565,104
585,PLAYER_SLEEPBEFORE_START,1516299723565,105
585,PLAYER_SLEEPBEFORE_END,1516299748942,105
585,WS_SEND_START,1516299748942,105
585,WS_SEND_END,1516299748942,105
585,WS_RECV_START,1516299748942,106
585,WS_RECV_END,1516299751402,106
585,PLAYER_SLEEPBEFORE_START,1516299751402,107
585,PLAYER_SLEEPBEFORE_END,1516299774825,107
585,WS_SEND_START,1516299774825,107
585,WS_SEND_END,1516299774825,107
585,WS_RECV_START,1516299774825,108
585,WS_RECV_END,1516299777926,108
585,PLAYER_SLEEPBEFORE_START,1516299777926,109
585,PLAYER_SLEEPBEFORE_END,1516299777935,109
585,WS_SEND_START,1516299777935,109
585,WS_SEND_END,1516299777935,109
585,WS_RECV_START,1516299777935,110
585,WS_RECV_END,1516299779513,110
585,PLAYER_SLEEPBEFORE_START,1516299779513,111
585,PLAYER_SLEEPBEFORE_END,1516299780473,111
585,WS_SEND_START,1516299780473,111
585,WS_SEND_END,1516299780473,111
585,WS_RECV_START,1516299780473,112
585,WS_RECV_END,1516299782690,112
585,PLAYER_SLEEPBEFORE_START,1516299782690,113
585,PLAYER_SLEEPBEFORE_END,1516299783252,113
585,WS_SEND_START,1516299783252,113
585,WS_SEND_END,1516299783252,113
585,WS_RECV_START,1516299783252,114
585,WS_RECV_END,1516299786203,114
585,PLAYER_SLEEPBEFORE_START,1516299786203,115
585,PLAYER_SLEEPBEFORE_END,1516299786212,115
585,WS_SEND_START,1516299786212,115
585,WS_SEND_END,1516299786212,115
585,WS_RECV_START,1516299786212,116
585,WS_RECV_END,1516299790660,116
585,PLAYER_SLEEPBEFORE_START,1516299790660,117
585,PLAYER_SLEEPBEFORE_END,1516299811021,117
585,WS_SEND_START,1516299811021,117
585,WS_SEND_END,1516299811021,117
585,PLAYER_SLEEPBEFORE_START,1516299811021,118
585,PLAYER_SLEEPBEFORE_END,1516299814773,118
585,WS_SEND_START,1516299814773,118
585,WS_SEND_END,1516299814773,118
585,WS_RECV_START,1516299814773,119
585,WS_RECV_END,1516299816050,119
585,PLAYER_SLEEPBEFORE_START,1516299816050,120
585,PLAYER_SLEEPBEFORE_END,1516299817038,120
585,WS_SEND_START,1516299817038,120
585,WS_SEND_END,1516299817038,120
585,WS_RECV_START,1516299817038,121
585,WS_RECV_END,1516299819642,121
585,PLAYER_SLEEPBEFORE_START,1516299819642,122
585,PLAYER_SLEEPBEFORE_END,1516299820827,122
585,WS_SEND_START,1516299820827,122
585,WS_SEND_END,1516299820827,122
585,WS_RECV_START,1516299820827,123
585,WS_RECV_END,1516299824004,123
585,PLAYER_SLEEPBEFORE_START,1516299824005,124
585,PLAYER_SLEEPBEFORE_END,1516299848410,124
585,WS_SEND_START,1516299848410,124
585,WS_SEND_END,1516299848410,124
585,WS_RECV_START,1516299848410,125
585,WS_RECV_END,1516299853595,125
585,PLAYER_SLEEPBEFORE_START,1516299853595,126
585,PLAYER_SLEEPBEFORE_END,1516299874107,126
585,WS_SEND_START,1516299874107,126
585,WS_SEND_END,1516299874107,126
585,PLAYER_SLEEPBEFORE_START,1516299874107,127
585,PLAYER_SLEEPBEFORE_END,1516299877161,127
585,WS_SEND_START,1516299877161,127
585,WS_SEND_END,1516299877161,127
585,WS_RECV_START,1516299877161,128
585,WS_RECV_END,1516299879332,128
585,PLAYER_SLEEPBEFORE_START,1516299879332,129
585,PLAYER_SLEEPBEFORE_END,1516299879353,129
585,WS_SEND_START,1516299879353,129
585,WS_SEND_END,1516299879353,129
585,WS_RECV_START,1516299879353,130
585,WS_RECV_END,1516299881197,130
585,PLAYER_SLEEPBEFORE_START,1516299881197,131
585,PLAYER_SLEEPBEFORE_END,1516299902821,131
585,WS_SEND_START,1516299902821,131
585,WS_SEND_END,1516299902821,131
585,PLAYER_SLEEPBEFORE_START,1516299902821,132
585,PLAYER_SLEEPBEFORE_END,1516299905902,132
585,WS_SEND_START,1516299905902,132
585,WS_SEND_END,1516299905902,132
585,WS_RECV_START,1516299905902,133
585,WS_RECV_END,1516299908181,133
585,PLAYER_SLEEPBEFORE_START,1516299908181,134
585,PLAYER_SLEEPBEFORE_END,1516299929398,134
585,WS_SEND_START,1516299929398,134
585,WS_SEND_END,1516299929398,134
585,PLAYER_SLEEPBEFORE_START,1516299929398,135
585,PLAYER_SLEEPBEFORE_END,1516299932588,135
585,WS_SEND_START,1516299932588,135
585,WS_SEND_END,1516299932588,135
585,WS_RECV_START,1516299932588,136
585,WS_RECV_END,1516299933062,136
585,PLAYER_SLEEPBEFORE_START,1516299933062,137
585,PLAYER_SLEEPBEFORE_END,1516299933069,137
585,WS_SEND_START,1516299933069,137
585,WS_SEND_END,1516299933069,137
585,WS_RECV_START,1516299933069,138
585,WS_RECV_END,1516299934965,138
585,PLAYER_SLEEPBEFORE_START,1516299934966,139
585,PLAYER_SLEEPBEFORE_END,1516299935656,139
585,WS_SEND_START,1516299935656,139
585,WS_SEND_END,1516299935656,139
585,WS_RECV_START,1516299935656,140
585,WS_RECV_END,1516299937436,140
585,PLAYER_SLEEPBEFORE_START,1516299937436,141
585,PLAYER_SLEEPBEFORE_END,1516299938091,141
585,WS_SEND_START,1516299938091,141
585,WS_SEND_END,1516299938091,141
585,WS_RECV_START,1516299938091,142
585,WS_RECV_END,1516299940894,142
585,PLAYER_SLEEPBEFORE_START,1516299940894,143
585,PLAYER_SLEEPBEFORE_END,1516299940951,143
585,WS_SEND_START,1516299940951,143
585,WS_SEND_END,1516299940951,143
585,WS_RECV_START,1516299940951,144
585,WS_RECV_END,1516299943113,144
585,PLAYER_SLEEPBEFORE_START,1516299943113,145
585,PLAYER_SLEEPBEFORE_END,1516299959175,145
585,REQ_START,1516299959175,145
585,REQ_END,1516299959183,145
585,PLAYER_SLEEPBEFORE_START,1516299959183,146
585,PLAYER_SLEEPBEFORE_END,1516299968060,146
585,WS_SEND_START,1516299968060,146
585,WS_SEND_END,1516299968060,146
585,WS_RECV_START,1516299968060,147
585,WS_RECV_END,1516299969933,147
585,PLAYER_SLEEPBEFORE_START,1516299969933,148
585,PLAYER_SLEEPBEFORE_END,1516299991855,148
585,WS_SEND_START,1516299991855,148
585,WS_SEND_END,1516299991855,148
585,PLAYER_SLEEPBEFORE_START,1516299991855,149
585,PLAYER_SLEEPBEFORE_END,1516299994284,149
585,WS_SEND_START,1516299994284,149
585,WS_SEND_END,1516299994284,149
585,WS_RECV_START,1516299994284,150
585,WS_RECV_END,1516299994801,150
585,PLAYER_SLEEPBEFORE_START,1516299994801,151
585,PLAYER_SLEEPBEFORE_END,1516299995011,151
585,WS_SEND_START,1516299995011,151
585,WS_SEND_END,1516299995011,151
585,WS_RECV_START,1516299995011,152
585,WS_RECV_END,1516299995530,152
585,PLAYER_SLEEPBEFORE_START,1516299995530,153
585,PLAYER_SLEEPBEFORE_END,1516300019457,153
585,WS_SEND_START,1516300019457,153
585,WS_SEND_END,1516300019457,153
585,WS_RECV_START,1516300019457,154
585,WS_RECV_END,1516300020903,154
585,PLAYER_SLEEPBEFORE_START,1516300020903,155
585,PLAYER_SLEEPBEFORE_END,1516300043461,155
585,WS_SEND_START,1516300043461,155
585,WS_SEND_END,1516300043461,155
585,PLAYER_SLEEPBEFORE_START,1516300043461,156
585,PLAYER_SLEEPBEFORE_END,1516300046735,156
585,WS_SEND_START,1516300046735,156
585,WS_SEND_END,1516300046736,156
585,WS_RECV_START,1516300046736,157
585,WS_RECV_END,1516300047737,157
585,PLAYER_SLEEPBEFORE_START,1516300047737,158
585,PLAYER_SLEEPBEFORE_END,1516300047747,158
585,WS_SEND_START,1516300047747,158
585,WS_SEND_END,1516300047747,158
585,WS_RECV_START,1516300047747,159
585,WS_RECV_END,1516300047965,159
585,PLAYER_SLEEPBEFORE_START,1516300047965,160
585,PLAYER_SLEEPBEFORE_END,1516300048141,160
585,WS_SEND_START,1516300048141,160
585,WS_SEND_END,1516300048141,160
585,WS_RECV_START,1516300048141,161
585,WS_RECV_END,1516300048766,161
585,PLAYER_SLEEPBEFORE_START,1516300048766,162
585,PLAYER_SLEEPBEFORE_END,1516300048791,162
585,WS_SEND_START,1516300048791,162
585,WS_SEND_END,1516300048791,162
585,WS_RECV_START,1516300048791,163
585,WS_RECV_END,1516300049312,163
585,PLAYER_SLEEPBEFORE_START,1516300049312,164
585,PLAYER_SLEEPBEFORE_END,1516300070124,164
585,WS_SEND_START,1516300070124,164
585,WS_SEND_END,1516300070124,164
585,WS_RECV_START,1516300070124,165
585,WS_RECV_END,1516300071792,165
585,PLAYER_SLEEPBEFORE_START,1516300071792,166
585,PLAYER_SLEEPBEFORE_END,1516300094247,166
585,WS_SEND_START,1516300094247,166
585,WS_SEND_END,1516300094247,166
585,WS_RECV_START,1516300094247,167
585,WS_RECV_END,1516300095094,167
585,PLAYER_SLEEPBEFORE_START,1516300095094,168
585,PLAYER_SLEEPBEFORE_END,1516300122451,168
585,WS_SEND_START,1516300122451,168
585,WS_SEND_END,1516300122451,168
585,WS_RECV_START,1516300122451,169
585,WS_RECV_END,1516300122692,169
585,PLAYER_SLEEPBEFORE_START,1516300122692,170
585,PLAYER_SLEEPBEFORE_END,1516300122701,170
585,WS_SEND_START,1516300122701,170
585,WS_SEND_END,1516300122701,170
585,WS_RECV_START,1516300122701,171
585,WS_RECV_END,1516300123094,171
585,PLAYER_SLEEPBEFORE_START,1516300123094,172
585,PLAYER_SLEEPBEFORE_END,1516300123463,172
585,WS_SEND_START,1516300123463,172
585,WS_SEND_END,1516300123463,172
585,WS_RECV_START,1516300123463,173
585,WS_RECV_END,1516300124028,173
585,PLAYER_SLEEPBEFORE_START,1516300124028,174
585,PLAYER_SLEEPBEFORE_END,1516300124069,174
585,WS_SEND_START,1516300124069,174
585,WS_SEND_END,1516300124069,174
585,WS_RECV_START,1516300124069,175
585,WS_RECV_END,1516300124561,175
585,PLAYER_SLEEPBEFORE_START,1516300124561,176
585,PLAYER_SLEEPBEFORE_END,1516300146322,176
585,WS_SEND_START,1516300146322,176
585,WS_SEND_END,1516300146322,176
585,PLAYER_SLEEPBEFORE_START,1516300146322,177
585,PLAYER_SLEEPBEFORE_END,1516300148841,177
585,WS_SEND_START,1516300148841,177
585,WS_SEND_END,1516300148841,177
585,WS_RECV_START,1516300148841,178
585,WS_RECV_END,1516300149992,178
585,PLAYER_SLEEPBEFORE_START,1516300149992,179
585,PLAYER_SLEEPBEFORE_END,1516300172332,179
585,WS_SEND_START,1516300172332,179
585,WS_SEND_END,1516300172332,179
585,WS_RECV_START,1516300172332,180
585,WS_RECV_END,1516300174977,180
585,PLAYER_SLEEPBEFORE_START,1516300174977,181
585,PLAYER_SLEEPBEFORE_END,1516300175421,181
585,WS_SEND_START,1516300175421,181
585,WS_SEND_END,1516300175421,181
585,WS_RECV_START,1516300175421,182
585,WS_RECV_END,1516300179200,182
585,PLAYER_SLEEPBEFORE_START,1516300179200,183
585,PLAYER_SLEEPBEFORE_END,1516300179723,183
585,WS_SEND_START,1516300179723,183
585,WS_SEND_END,1516300179723,183
585,WS_RECV_START,1516300179723,184
585,WS_RECV_END,1516300181127,184
585,PLAYER_SLEEPBEFORE_START,1516300181127,185
585,PLAYER_SLEEPBEFORE_END,1516300181395,185
585,WS_SEND_START,1516300181395,185
585,WS_SEND_END,1516300181395,185
585,WS_RECV_START,1516300181395,186
585,WS_RECV_END,1516300182935,186
585,PLAYER_SLEEPBEFORE_START,1516300182935,187
585,PLAYER_SLEEPBEFORE_END,1516300205435,187
585,WS_SEND_START,1516300205435,187
585,WS_SEND_END,1516300205435,187
585,WS_RECV_START,1516300205435,188
585,WS_RECV_END,1516300210712,188
585,PLAYER_SLEEPBEFORE_START,1516300210712,189
585,PLAYER_SLEEPBEFORE_END,1516300216951,189
585,WS_SEND_START,1516300216951,189
585,WS_SEND_END,1516300216951,189
585,WS_RECV_START,1516300216951,190
585,WS_RECV_END,1516300219730,190
585,PLAYER_SLEEPBEFORE_START,1516300219730,191
585,PLAYER_SLEEPBEFORE_END,1516300221645,191
585,WS_SEND_START,1516300221645,191
585,WS_SEND_END,1516300221645,191
585,WS_RECV_START,1516300221645,192
585,WS_RECV_END,1516300225295,192
585,PLAYER_SLEEPBEFORE_START,1516300225295,193
585,PLAYER_SLEEPBEFORE_END,1516300225423,193
585,WS_SEND_START,1516300225423,193
585,WS_SEND_END,1516300225423,193
585,WS_RECV_START,1516300225423,194
585,WS_RECV_END,1516300229530,194
585,PLAYER_SLEEPBEFORE_START,1516300229530,195
585,PLAYER_SLEEPBEFORE_END,1516300231286,195
585,WS_SEND_START,1516300231286,195
585,WS_SEND_END,1516300231286,195
585,WS_RECV_START,1516300231286,196
585,WS_RECV_END,1516300235800,196
585,PLAYER_SLEEPBEFORE_START,1516300235800,197
585,PLAYER_SLEEPBEFORE_END,1516300237604,197
585,WS_SEND_START,1516300237604,197
585,WS_SEND_END,1516300237604,197
585,WS_RECV_START,1516300237604,198
585,WS_RECV_END,1516300241193,198
585,PLAYER_SLEEPBEFORE_START,1516300241193,199
585,PLAYER_SLEEPBEFORE_END,1516300253047,199
585,WS_SEND_START,1516300253047,199
585,WS_SEND_END,1516300253047,199
585,PLAYER_SLEEPBEFORE_START,1516300253047,200
585,PLAYER_SLEEPBEFORE_END,1516300257135,200
585,WS_SEND_START,1516300257135,200
585,WS_SEND_END,1516300257135,200
585,WS_RECV_START,1516300257135,201
585,WS_RECV_END,1516300257966,201
585,PLAYER_SLEEPBEFORE_START,1516300257966,202
585,PLAYER_SLEEPBEFORE_END,1516300257980,202
585,WS_SEND_START,1516300257980,202
585,WS_SEND_END,1516300257980,202
585,WS_RECV_START,1516300257980,203
585,WS_RECV_END,1516300258991,203
585,PLAYER_SLEEPBEFORE_START,1516300258991,204
585,PLAYER_SLEEPBEFORE_END,1516300278640,204
585,WS_SEND_START,1516300278640,204
585,WS_SEND_END,1516300278640,204
585,PLAYER_SLEEPBEFORE_START,1516300278640,205
585,PLAYER_SLEEPBEFORE_END,1516300282538,205
585,WS_SEND_START,1516300282538,205
585,WS_SEND_END,1516300282538,205
585,WS_RECV_START,1516300282538,206
585,WS_RECV_END,1516300285378,206
585,PLAYER_SLEEPBEFORE_START,1516300285378,207
585,PLAYER_SLEEPBEFORE_END,1516300302309,207
585,REQ_START,1516300302309,207
585,REQ_END,1516300302318,207
585,PLAYER_SLEEPBEFORE_START,1516300302318,208
585,PLAYER_SLEEPBEFORE_END,1516300309170,208
585,WS_CLOSE_START,1516300309170,208
585,WS_CLOSE_END,1516300309170,208
585,PLAYER_DONE,1516300309170
