# --sessions 2700 --app-url=http://shinyloadtest.rstudioservices.com/cran_explorer --output-dir test2700 --overwrite-output --log-level warn --start-interval 100 15min.log
thread_id,event,timestamp,input_line_number,comment
659,PLAYER_SESSION_CREATE,1516299245612
659,PLAYER_START_INTERVAL_START,1516299245612
659,PLAYER_START_INTERVAL_END,1516299311512
659,REQ_HOME_START,1516299311512,2
659,REQ_HOME_END,1516299311654,2
659,REQ_START,1516299311654,3
659,REQ_END,1516299311722,3
659,REQ_START,1516299311722,4
659,REQ_END,1516299311789,4
659,REQ_START,1516299311789,5
659,REQ_END,1516299311863,5
659,REQ_START,1516299311863,6
659,REQ_END,1516299311906,6
659,REQ_START,1516299311906,7
659,REQ_END,1516299312037,7
659,REQ_START,1516299312037,8
659,REQ_END,1516299312112,8
659,REQ_START,1516299312112,9
659,REQ_END,1516299312176,9
659,REQ_START,1516299312176,10
659,REQ_END,1516299312183,10
659,REQ_START,1516299312183,11
659,REQ_END,1516299312234,11
659,REQ_START,1516299312234,12
659,REQ_END,1516299312242,12
659,REQ_START,1516299312242,13
659,REQ_END,1516299312282,13
659,REQ_START,1516299312282,14
659,REQ_END,1516299312294,14
659,REQ_START,1516299312294,15
659,REQ_END,1516299312332,15
659,REQ_TOK_START,1516299312332,16
659,REQ_TOK_END,1516299312338,16
659,REQ_SINF_START,1516299312338,17
659,REQ_SINF_END,1516299312343,17
659,WS_OPEN_START,1516299312343,18
659,WS_OPEN_END,1516299312348,18
659,REQ_START,1516299312348,19
659,REQ_END,1516299312599,19
659,WS_RECV_START,1516299312599,20
659,WS_RECV_END,1516299312599,20
659,PLAYER_SLEEPBEFORE_START,1516299312599,21
659,PLAYER_SLEEPBEFORE_END,1516299312604,21
659,WS_SEND_START,1516299312604,21
659,WS_SEND_END,1516299312604,21
659,PLAYER_SLEEPBEFORE_START,1516299312604,22
659,PLAYER_SLEEPBEFORE_END,1516299312605,22
659,WS_SEND_START,1516299312605,22
659,WS_SEND_END,1516299312605,22
659,WS_RECV_INIT_START,1516299312605,23
659,WS_RECV_INIT_END,1516299312625,23
659,WS_RECV_START,1516299312625,24
659,WS_RECV_END,1516299312691,24
659,PLAYER_SLEEPBEFORE_START,1516299312691,25
659,PLAYER_SLEEPBEFORE_END,1516299312698,25
659,REQ_START,1516299312698,25
659,REQ_END,1516299312859,25
659,PLAYER_SLEEPBEFORE_START,1516299312859,26
659,PLAYER_SLEEPBEFORE_END,1516299312860,26
659,REQ_START,1516299312860,26
659,REQ_END,1516299312929,26
659,PLAYER_SLEEPBEFORE_START,1516299312929,27
659,PLAYER_SLEEPBEFORE_END,1516299312932,27
659,REQ_START,1516299312932,27
659,REQ_END,1516299312973,27
659,PLAYER_SLEEPBEFORE_START,1516299312973,28
659,PLAYER_SLEEPBEFORE_END,1516299313258,28
659,REQ_START,1516299313258,28
659,REQ_END,1516299313338,28
659,PLAYER_SLEEPBEFORE_START,1516299313338,29
659,PLAYER_SLEEPBEFORE_END,1516299313513,29
659,WS_SEND_START,1516299313513,29
659,WS_SEND_END,1516299313513,29
659,WS_RECV_START,1516299313513,30
659,WS_RECV_END,1516299313644,30
659,PLAYER_SLEEPBEFORE_START,1516299313644,31
659,PLAYER_SLEEPBEFORE_END,1516299313655,31
659,REQ_START,1516299313655,31
659,REQ_END,1516299313726,31
659,PLAYER_SLEEPBEFORE_START,1516299313726,32
659,PLAYER_SLEEPBEFORE_END,1516299341871,32
659,WS_SEND_START,1516299341871,32
659,WS_SEND_END,1516299341871,32
659,WS_RECV_START,1516299341871,33
659,WS_RECV_END,1516299341948,33
659,PLAYER_SLEEPBEFORE_START,1516299341948,34
659,PLAYER_SLEEPBEFORE_END,1516299367859,34
659,WS_SEND_START,1516299367859,34
659,WS_SEND_END,1516299367859,34
659,WS_RECV_START,1516299367859,35
659,WS_RECV_END,1516299367888,35
659,PLAYER_SLEEPBEFORE_START,1516299367888,36
659,PLAYER_SLEEPBEFORE_END,1516299367897,36
659,WS_SEND_START,1516299367897,36
659,WS_SEND_END,1516299367897,36
659,WS_RECV_START,1516299367897,37
659,WS_RECV_END,1516299367940,37
659,PLAYER_SLEEPBEFORE_START,1516299367940,38
659,PLAYER_SLEEPBEFORE_END,1516299371135,38
659,WS_SEND_START,1516299371135,38
659,WS_SEND_END,1516299371135,38
659,WS_RECV_START,1516299371135,39
659,WS_RECV_END,1516299371243,39
659,PLAYER_SLEEPBEFORE_START,1516299371243,40
659,PLAYER_SLEEPBEFORE_END,1516299371293,40
659,WS_SEND_START,1516299371293,40
659,WS_SEND_END,1516299371293,40
659,WS_RECV_START,1516299371293,41
659,WS_RECV_END,1516299371413,41
659,PLAYER_SLEEPBEFORE_START,1516299371413,42
659,PLAYER_SLEEPBEFORE_END,1516299389548,42
659,WS_SEND_START,1516299389548,42
659,WS_SEND_END,1516299389548,42
659,WS_RECV_START,1516299389548,43
659,WS_RECV_END,1516299389578,43
659,PLAYER_SLEEPBEFORE_START,1516299389578,44
659,PLAYER_SLEEPBEFORE_END,1516299389590,44
659,WS_SEND_START,1516299389590,44
659,WS_SEND_END,1516299389590,44
659,WS_RECV_START,1516299389590,45
659,WS_RECV_END,1516299389633,45
659,PLAYER_SLEEPBEFORE_START,1516299389633,46
659,PLAYER_SLEEPBEFORE_END,1516299390893,46
659,WS_SEND_START,1516299390894,46
659,WS_SEND_END,1516299390894,46
659,WS_RECV_START,1516299390894,47
659,WS_RECV_END,1516299390930,47
659,PLAYER_SLEEPBEFORE_START,1516299390930,48
659,PLAYER_SLEEPBEFORE_END,1516299392251,48
659,WS_SEND_START,1516299392251,48
659,WS_SEND_END,1516299392251,48
659,WS_RECV_START,1516299392251,49
659,WS_RECV_END,1516299392411,49
659,PLAYER_SLEEPBEFORE_START,1516299392411,50
659,PLAYER_SLEEPBEFORE_END,1516299392435,50
659,WS_SEND_START,1516299392435,50
659,WS_SEND_END,1516299392435,50
659,WS_RECV_START,1516299392435,51
659,WS_RECV_END,1516299392545,51
659,PLAYER_SLEEPBEFORE_START,1516299392545,52
659,PLAYER_SLEEPBEFORE_END,1516299415109,52
659,WS_SEND_START,1516299415109,52
659,WS_SEND_END,1516299415109,52
659,WS_RECV_START,1516299415109,53
659,WS_RECV_END,1516299415289,53
659,PLAYER_SLEEPBEFORE_START,1516299415289,54
659,PLAYER_SLEEPBEFORE_END,1516299436592,54
659,WS_SEND_START,1516299436592,54
659,WS_SEND_END,1516299436592,54
659,PLAYER_SLEEPBEFORE_START,1516299436592,55
659,PLAYER_SLEEPBEFORE_END,1516299438533,55
659,WS_SEND_START,1516299438533,55
659,WS_SEND_END,1516299438533,55
659,WS_RECV_START,1516299438533,56
659,WS_RECV_END,1516299438794,56
659,PLAYER_SLEEPBEFORE_START,1516299438794,57
659,PLAYER_SLEEPBEFORE_END,1516299461666,57
659,WS_SEND_START,1516299461666,57
659,WS_SEND_END,1516299461666,57
659,WS_RECV_START,1516299461666,58
659,WS_RECV_END,1516299461842,58
659,PLAYER_SLEEPBEFORE_START,1516299461842,59
659,PLAYER_SLEEPBEFORE_END,1516299464169,59
659,WS_SEND_START,1516299464169,59
659,WS_SEND_END,1516299464169,59
659,WS_RECV_START,1516299464169,60
659,WS_RECV_END,1516299464342,60
659,PLAYER_SLEEPBEFORE_START,1516299464342,61
659,PLAYER_SLEEPBEFORE_END,1516299467933,61
659,WS_SEND_START,1516299467933,61
659,WS_SEND_END,1516299467933,61
659,WS_RECV_START,1516299467933,62
659,WS_RECV_END,1516299468377,62
659,PLAYER_SLEEPBEFORE_START,1516299468377,63
659,PLAYER_SLEEPBEFORE_END,1516299487639,63
659,WS_SEND_START,1516299487639,63
659,WS_SEND_END,1516299487639,63
659,WS_RECV_START,1516299487639,64
659,WS_RECV_END,1516299488131,64
659,PLAYER_SLEEPBEFORE_START,1516299488131,65
659,PLAYER_SLEEPBEFORE_END,1516299514948,65
659,WS_SEND_START,1516299514948,65
659,WS_SEND_END,1516299514948,65
659,WS_RECV_START,1516299514948,66
659,WS_RECV_END,1516299515645,66
659,PLAYER_SLEEPBEFORE_START,1516299515645,67
659,PLAYER_SLEEPBEFORE_END,1516299517152,67
659,WS_SEND_START,1516299517152,67
659,WS_SEND_END,1516299517152,67
659,WS_RECV_START,1516299517152,68
659,WS_RECV_END,1516299517571,68
659,PLAYER_SLEEPBEFORE_START,1516299517571,69
659,PLAYER_SLEEPBEFORE_END,1516299539569,69
659,WS_SEND_START,1516299539569,69
659,WS_SEND_END,1516299539569,69
659,WS_RECV_START,1516299539569,70
659,WS_RECV_END,1516299540057,70
659,PLAYER_SLEEPBEFORE_START,1516299540057,71
659,PLAYER_SLEEPBEFORE_END,1516299564832,71
659,WS_SEND_START,1516299564832,71
659,WS_SEND_END,1516299564832,71
659,PLAYER_SLEEPBEFORE_START,1516299564832,72
659,PLAYER_SLEEPBEFORE_END,1516299567439,72
659,WS_SEND_START,1516299567439,72
659,WS_SEND_END,1516299567439,72
659,WS_RECV_START,1516299567439,73
659,WS_RECV_END,1516299568838,73
659,PLAYER_SLEEPBEFORE_START,1516299568838,74
659,PLAYER_SLEEPBEFORE_END,1516299568847,74
659,WS_SEND_START,1516299568847,74
659,WS_SEND_END,1516299568847,74
659,WS_RECV_START,1516299568847,75
659,WS_RECV_END,1516299569654,75
659,PLAYER_SLEEPBEFORE_START,1516299569654,76
659,PLAYER_SLEEPBEFORE_END,1516299571160,76
659,WS_SEND_START,1516299571160,76
659,WS_SEND_END,1516299571160,76
659,WS_RECV_START,1516299571160,77
659,WS_RECV_END,1516299572096,77
659,PLAYER_SLEEPBEFORE_START,1516299572096,78
659,PLAYER_SLEEPBEFORE_END,1516299572964,78
659,WS_SEND_START,1516299572964,78
659,WS_SEND_END,1516299572964,78
659,WS_RECV_START,1516299572964,79
659,WS_RECV_END,1516299573975,79
659,PLAYER_SLEEPBEFORE_START,1516299573975,80
659,PLAYER_SLEEPBEFORE_END,1516299581641,80
659,WS_SEND_START,1516299581641,80
659,WS_SEND_END,1516299581641,80
659,WS_RECV_START,1516299581641,81
659,WS_RECV_END,1516299582093,81
659,PLAYER_SLEEPBEFORE_START,1516299582093,82
659,PLAYER_SLEEPBEFORE_END,1516299583195,82
659,WS_SEND_START,1516299583195,82
659,WS_SEND_END,1516299583195,82
659,WS_RECV_START,1516299583195,83
659,WS_RECV_END,1516299583861,83
659,PLAYER_SLEEPBEFORE_START,1516299583861,84
659,PLAYER_SLEEPBEFORE_END,1516299584808,84
659,WS_SEND_START,1516299584808,84
659,WS_SEND_END,1516299584808,84
659,WS_RECV_START,1516299584808,85
659,WS_RECV_END,1516299585112,85
659,PLAYER_SLEEPBEFORE_START,1516299585112,86
659,PLAYER_SLEEPBEFORE_END,1516299589284,86
659,WS_SEND_START,1516299589284,86
659,WS_SEND_END,1516299589284,86
659,WS_RECV_START,1516299589284,87
659,WS_RECV_END,1516299590012,87
659,PLAYER_SLEEPBEFORE_START,1516299590012,88
659,PLAYER_SLEEPBEFORE_END,1516299590020,88
659,WS_SEND_START,1516299590020,88
659,WS_SEND_END,1516299590020,88
659,WS_RECV_START,1516299590020,89
659,WS_RECV_END,1516299590295,89
659,PLAYER_SLEEPBEFORE_START,1516299590295,90
659,PLAYER_SLEEPBEFORE_END,1516299617492,90
659,REQ_START,1516299617492,90
659,REQ_END,1516299617499,90
659,PLAYER_SLEEPBEFORE_START,1516299617499,91
659,PLAYER_SLEEPBEFORE_END,1516299625388,91
659,WS_SEND_START,1516299625388,91
659,WS_SEND_END,1516299625388,91
659,WS_RECV_START,1516299625388,92
659,WS_RECV_END,1516299626821,92
659,PLAYER_SLEEPBEFORE_START,1516299626821,93
659,PLAYER_SLEEPBEFORE_END,1516299626836,93
659,WS_SEND_START,1516299626836,93
659,WS_SEND_END,1516299626836,93
659,WS_RECV_START,1516299626836,94
659,WS_RECV_END,1516299627203,94
659,PLAYER_SLEEPBEFORE_START,1516299627203,95
659,PLAYER_SLEEPBEFORE_END,1516299650758,95
659,WS_SEND_START,1516299650758,95
659,WS_SEND_END,1516299650758,95
659,WS_RECV_START,1516299650758,96
659,WS_RECV_END,1516299650992,96
659,PLAYER_SLEEPBEFORE_START,1516299650992,97
659,PLAYER_SLEEPBEFORE_END,1516299673432,97
659,WS_SEND_START,1516299673432,97
659,WS_SEND_END,1516299673432,97
659,WS_RECV_START,1516299673432,98
659,WS_RECV_END,1516299674299,98
659,PLAYER_SLEEPBEFORE_START,1516299674299,99
659,PLAYER_SLEEPBEFORE_END,1516299674320,99
659,WS_SEND_START,1516299674320,99
659,WS_SEND_END,1516299674320,99
659,WS_RECV_START,1516299674320,100
659,WS_RECV_END,1516299674769,100
659,PLAYER_SLEEPBEFORE_START,1516299674769,101
659,PLAYER_SLEEPBEFORE_END,1516299698329,101
659,WS_SEND_START,1516299698329,101
659,WS_SEND_END,1516299698329,101
659,WS_RECV_START,1516299698329,102
659,WS_RECV_END,1516299698532,102
659,PLAYER_SLEEPBEFORE_START,1516299698532,103
659,PLAYER_SLEEPBEFORE_END,1516299722157,103
659,WS_SEND_START,1516299722157,103
659,WS_SEND_END,1516299722157,103
659,WS_RECV_START,1516299722158,104
659,WS_RECV_END,1516299723800,104
659,PLAYER_SLEEPBEFORE_START,1516299723800,105
659,PLAYER_SLEEPBEFORE_END,1516299749177,105
659,WS_SEND_START,1516299749177,105
659,WS_SEND_END,1516299749177,105
659,WS_RECV_START,1516299749177,106
659,WS_RECV_END,1516299750525,106
659,PLAYER_SLEEPBEFORE_START,1516299750525,107
659,PLAYER_SLEEPBEFORE_END,1516299773948,107
659,WS_SEND_START,1516299773948,107
659,WS_SEND_END,1516299773948,107
659,WS_RECV_START,1516299773948,108
659,WS_RECV_END,1516299774534,108
659,PLAYER_SLEEPBEFORE_START,1516299774534,109
659,PLAYER_SLEEPBEFORE_END,1516299774543,109
659,WS_SEND_START,1516299774543,109
659,WS_SEND_END,1516299774543,109
659,WS_RECV_START,1516299774543,110
659,WS_RECV_END,1516299775006,110
659,PLAYER_SLEEPBEFORE_START,1516299775006,111
659,PLAYER_SLEEPBEFORE_END,1516299775965,111
659,WS_SEND_START,1516299775965,111
659,WS_SEND_END,1516299775965,111
659,WS_RECV_START,1516299775965,112
659,WS_RECV_END,1516299776337,112
659,PLAYER_SLEEPBEFORE_START,1516299776337,113
659,PLAYER_SLEEPBEFORE_END,1516299776899,113
659,WS_SEND_START,1516299776899,113
659,WS_SEND_END,1516299776899,113
659,WS_RECV_START,1516299776899,114
659,WS_RECV_END,1516299777452,114
659,PLAYER_SLEEPBEFORE_START,1516299777452,115
659,PLAYER_SLEEPBEFORE_END,1516299777461,115
659,WS_SEND_START,1516299777461,115
659,WS_SEND_END,1516299777461,115
659,WS_RECV_START,1516299777461,116
659,WS_RECV_END,1516299778069,116
659,PLAYER_SLEEPBEFORE_START,1516299778069,117
659,PLAYER_SLEEPBEFORE_END,1516299798429,117
659,WS_SEND_START,1516299798429,117
659,WS_SEND_END,1516299798429,117
659,PLAYER_SLEEPBEFORE_START,1516299798429,118
659,PLAYER_SLEEPBEFORE_END,1516299802181,118
659,WS_SEND_START,1516299802181,118
659,WS_SEND_END,1516299802181,118
659,WS_RECV_START,1516299802181,119
659,WS_RECV_END,1516299805110,119
659,PLAYER_SLEEPBEFORE_START,1516299805110,120
659,PLAYER_SLEEPBEFORE_END,1516299806098,120
659,WS_SEND_START,1516299806098,120
659,WS_SEND_END,1516299806098,120
659,WS_RECV_START,1516299806098,121
659,WS_RECV_END,1516299808043,121
659,PLAYER_SLEEPBEFORE_START,1516299808043,122
659,PLAYER_SLEEPBEFORE_END,1516299809228,122
659,WS_SEND_START,1516299809228,122
659,WS_SEND_END,1516299809228,122
659,WS_RECV_START,1516299809228,123
659,WS_RECV_END,1516299810350,123
659,PLAYER_SLEEPBEFORE_START,1516299810350,124
659,PLAYER_SLEEPBEFORE_END,1516299834755,124
659,WS_SEND_START,1516299834755,124
659,WS_SEND_END,1516299834755,124
659,WS_RECV_START,1516299834755,125
659,WS_RECV_END,1516299835891,125
659,PLAYER_SLEEPBEFORE_START,1516299835891,126
659,PLAYER_SLEEPBEFORE_END,1516299856404,126
659,WS_SEND_START,1516299856404,126
659,WS_SEND_END,1516299856404,126
659,PLAYER_SLEEPBEFORE_START,1516299856404,127
659,PLAYER_SLEEPBEFORE_END,1516299859458,127
659,WS_SEND_START,1516299859458,127
659,WS_SEND_END,1516299859458,127
659,WS_RECV_START,1516299859458,128
659,WS_RECV_END,1516299861576,128
659,PLAYER_SLEEPBEFORE_START,1516299861576,129
659,PLAYER_SLEEPBEFORE_END,1516299861596,129
659,WS_SEND_START,1516299861596,129
659,WS_SEND_END,1516299861596,129
659,WS_RECV_START,1516299861596,130
659,WS_RECV_END,1516299863032,130
659,PLAYER_SLEEPBEFORE_START,1516299863032,131
659,PLAYER_SLEEPBEFORE_END,1516299884656,131
659,WS_SEND_START,1516299884656,131
659,WS_SEND_END,1516299884656,131
659,PLAYER_SLEEPBEFORE_START,1516299884656,132
659,PLAYER_SLEEPBEFORE_END,1516299887736,132
659,WS_SEND_START,1516299887736,132
659,WS_SEND_END,1516299887736,132
659,WS_RECV_START,1516299887736,133
659,WS_RECV_END,1516299890279,133
659,PLAYER_SLEEPBEFORE_START,1516299890279,134
659,PLAYER_SLEEPBEFORE_END,1516299911496,134
659,WS_SEND_START,1516299911496,134
659,WS_SEND_END,1516299911496,134
659,PLAYER_SLEEPBEFORE_START,1516299911496,135
659,PLAYER_SLEEPBEFORE_END,1516299914686,135
659,WS_SEND_START,1516299914686,135
659,WS_SEND_END,1516299914686,135
659,WS_RECV_START,1516299914686,136
659,WS_RECV_END,1516299914918,136
659,PLAYER_SLEEPBEFORE_START,1516299914918,137
659,PLAYER_SLEEPBEFORE_END,1516299914925,137
659,WS_SEND_START,1516299914925,137
659,WS_SEND_END,1516299914925,137
659,WS_RECV_START,1516299914925,138
659,WS_RECV_END,1516299914991,138
659,PLAYER_SLEEPBEFORE_START,1516299914991,139
659,PLAYER_SLEEPBEFORE_END,1516299915681,139
659,WS_SEND_START,1516299915681,139
659,WS_SEND_END,1516299915681,139
659,WS_RECV_START,1516299915681,140
659,WS_RECV_END,1516299916010,140
659,PLAYER_SLEEPBEFORE_START,1516299916010,141
659,PLAYER_SLEEPBEFORE_END,1516299916665,141
659,WS_SEND_START,1516299916665,141
659,WS_SEND_END,1516299916665,141
659,WS_RECV_START,1516299916666,142
659,WS_RECV_END,1516299916962,142
659,PLAYER_SLEEPBEFORE_START,1516299916962,143
659,PLAYER_SLEEPBEFORE_END,1516299917019,143
659,WS_SEND_START,1516299917019,143
659,WS_SEND_END,1516299917019,143
659,WS_RECV_START,1516299917019,144
659,WS_RECV_END,1516299918175,144
659,PLAYER_SLEEPBEFORE_START,1516299918175,145
659,PLAYER_SLEEPBEFORE_END,1516299934237,145
659,REQ_START,1516299934237,145
659,REQ_END,1516299934241,145
659,PLAYER_SLEEPBEFORE_START,1516299934241,146
659,PLAYER_SLEEPBEFORE_END,1516299943119,146
659,WS_SEND_START,1516299943119,146
659,WS_SEND_END,1516299943119,146
659,WS_RECV_START,1516299943119,147
659,WS_RECV_END,1516299944238,147
659,PLAYER_SLEEPBEFORE_START,1516299944238,148
659,PLAYER_SLEEPBEFORE_END,1516299966160,148
659,WS_SEND_START,1516299966160,148
659,WS_SEND_END,1516299966160,148
659,PLAYER_SLEEPBEFORE_START,1516299966160,149
659,PLAYER_SLEEPBEFORE_END,1516299968588,149
659,WS_SEND_START,1516299968588,149
659,WS_SEND_END,1516299968588,149
659,WS_RECV_START,1516299968588,150
659,WS_RECV_END,1516299969947,150
659,PLAYER_SLEEPBEFORE_START,1516299969947,151
659,PLAYER_SLEEPBEFORE_END,1516299970157,151
659,WS_SEND_START,1516299970157,151
659,WS_SEND_END,1516299970157,151
659,WS_RECV_START,1516299970157,152
659,WS_RECV_END,1516299970568,152
659,PLAYER_SLEEPBEFORE_START,1516299970568,153
659,PLAYER_SLEEPBEFORE_END,1516299994495,153
659,WS_SEND_START,1516299994495,153
659,WS_SEND_END,1516299994495,153
659,WS_RECV_START,1516299994495,154
659,WS_RECV_END,1516299996345,154
659,PLAYER_SLEEPBEFORE_START,1516299996345,155
659,PLAYER_SLEEPBEFORE_END,1516300018903,155
659,WS_SEND_START,1516300018903,155
659,WS_SEND_END,1516300018903,155
659,PLAYER_SLEEPBEFORE_START,1516300018903,156
659,PLAYER_SLEEPBEFORE_END,1516300022177,156
659,WS_SEND_START,1516300022177,156
659,WS_SEND_END,1516300022177,156
659,WS_RECV_START,1516300022177,157
659,WS_RECV_END,1516300023102,157
659,PLAYER_SLEEPBEFORE_START,1516300023102,158
659,PLAYER_SLEEPBEFORE_END,1516300023112,158
659,WS_SEND_START,1516300023112,158
659,WS_SEND_END,1516300023112,158
659,WS_RECV_START,1516300023112,159
659,WS_RECV_END,1516300023383,159
659,PLAYER_SLEEPBEFORE_START,1516300023383,160
659,PLAYER_SLEEPBEFORE_END,1516300023558,160
659,WS_SEND_START,1516300023558,160
659,WS_SEND_END,1516300023558,160
659,WS_RECV_START,1516300023558,161
659,WS_RECV_END,1516300023966,161
659,PLAYER_SLEEPBEFORE_START,1516300023966,162
659,PLAYER_SLEEPBEFORE_END,1516300023991,162
659,WS_SEND_START,1516300023991,162
659,WS_SEND_END,1516300023991,162
659,WS_RECV_START,1516300023991,163
659,WS_RECV_END,1516300024549,163
659,PLAYER_SLEEPBEFORE_START,1516300024549,164
659,PLAYER_SLEEPBEFORE_END,1516300045361,164
659,WS_SEND_START,1516300045361,164
659,WS_SEND_END,1516300045361,164
659,WS_RECV_START,1516300045361,165
659,WS_RECV_END,1516300046789,165
659,PLAYER_SLEEPBEFORE_START,1516300046789,166
659,PLAYER_SLEEPBEFORE_END,1516300069244,166
659,WS_SEND_START,1516300069244,166
659,WS_SEND_END,1516300069244,166
659,WS_RECV_START,1516300069244,167
659,WS_RECV_END,1516300070199,167
659,PLAYER_SLEEPBEFORE_START,1516300070199,168
659,PLAYER_SLEEPBEFORE_END,1516300097556,168
659,WS_SEND_START,1516300097556,168
659,WS_SEND_END,1516300097556,168
659,WS_RECV_START,1516300097556,169
659,WS_RECV_END,1516300098187,169
659,PLAYER_SLEEPBEFORE_START,1516300098187,170
659,PLAYER_SLEEPBEFORE_END,1516300098196,170
659,WS_SEND_START,1516300098196,170
659,WS_SEND_END,1516300098196,170
659,WS_RECV_START,1516300098196,171
659,WS_RECV_END,1516300098403,171
659,PLAYER_SLEEPBEFORE_START,1516300098403,172
659,PLAYER_SLEEPBEFORE_END,1516300098772,172
659,WS_SEND_START,1516300098772,172
659,WS_SEND_END,1516300098772,172
659,WS_RECV_START,1516300098772,173
659,WS_RECV_END,1516300099269,173
659,PLAYER_SLEEPBEFORE_START,1516300099269,174
659,PLAYER_SLEEPBEFORE_END,1516300099311,174
659,WS_SEND_START,1516300099311,174
659,WS_SEND_END,1516300099311,174
659,WS_RECV_START,1516300099311,175
659,WS_RECV_END,1516300099990,175
659,PLAYER_SLEEPBEFORE_START,1516300099990,176
659,PLAYER_SLEEPBEFORE_END,1516300121751,176
659,WS_SEND_START,1516300121751,176
659,WS_SEND_END,1516300121751,176
659,PLAYER_SLEEPBEFORE_START,1516300121751,177
659,PLAYER_SLEEPBEFORE_END,1516300124269,177
659,WS_SEND_START,1516300124269,177
659,WS_SEND_END,1516300124269,177
659,WS_RECV_START,1516300124269,178
659,WS_RECV_END,1516300124440,178
659,PLAYER_SLEEPBEFORE_START,1516300124440,179
659,PLAYER_SLEEPBEFORE_END,1516300146780,179
659,WS_SEND_START,1516300146780,179
659,WS_SEND_END,1516300146780,179
659,WS_RECV_START,1516300146780,180
659,WS_RECV_END,1516300151983,180
659,PLAYER_SLEEPBEFORE_START,1516300151983,181
659,PLAYER_SLEEPBEFORE_END,1516300152427,181
659,WS_SEND_START,1516300152427,181
659,WS_SEND_END,1516300152427,181
659,WS_RECV_START,1516300152427,182
659,WS_RECV_END,1516300154480,182
659,PLAYER_SLEEPBEFORE_START,1516300154480,183
659,PLAYER_SLEEPBEFORE_END,1516300155003,183
659,WS_SEND_START,1516300155003,183
659,WS_SEND_END,1516300155003,183
659,WS_RECV_START,1516300155003,184
659,WS_RECV_END,1516300157815,184
659,PLAYER_SLEEPBEFORE_START,1516300157815,185
659,PLAYER_SLEEPBEFORE_END,1516300158083,185
659,WS_SEND_START,1516300158084,185
659,WS_SEND_END,1516300158084,185
659,WS_RECV_START,1516300158084,186
659,WS_RECV_END,1516300161310,186
659,PLAYER_SLEEPBEFORE_START,1516300161310,187
659,PLAYER_SLEEPBEFORE_END,1516300183810,187
659,WS_SEND_START,1516300183810,187
659,WS_SEND_END,1516300183810,187
659,WS_RECV_START,1516300183811,188
659,WS_RECV_END,1516300188925,188
659,PLAYER_SLEEPBEFORE_START,1516300188925,189
659,PLAYER_SLEEPBEFORE_END,1516300195165,189
659,WS_SEND_START,1516300195165,189
659,WS_SEND_END,1516300195165,189
659,WS_RECV_START,1516300195165,190
659,WS_RECV_END,1516300201340,190
659,PLAYER_SLEEPBEFORE_START,1516300201340,191
659,PLAYER_SLEEPBEFORE_END,1516300203255,191
659,WS_SEND_START,1516300203255,191
659,WS_SEND_END,1516300203255,191
659,WS_RECV_START,1516300203255,192
659,WS_RECV_END,1516300205664,192
659,PLAYER_SLEEPBEFORE_START,1516300205664,193
659,PLAYER_SLEEPBEFORE_END,1516300205792,193
659,WS_SEND_START,1516300205792,193
659,WS_SEND_END,1516300205792,193
659,WS_RECV_START,1516300205792,194
659,WS_RECV_END,1516300210262,194
659,PLAYER_SLEEPBEFORE_START,1516300210262,195
659,PLAYER_SLEEPBEFORE_END,1516300212018,195
659,WS_SEND_START,1516300212018,195
659,WS_SEND_END,1516300212018,195
659,WS_RECV_START,1516300212018,196
659,WS_RECV_END,1516300213233,196
659,PLAYER_SLEEPBEFORE_START,1516300213233,197
659,PLAYER_SLEEPBEFORE_END,1516300215037,197
659,WS_SEND_START,1516300215037,197
659,WS_SEND_END,1516300215037,197
659,WS_RECV_START,1516300215037,198
659,WS_RECV_END,1516300217692,198
659,PLAYER_SLEEPBEFORE_START,1516300217692,199
659,PLAYER_SLEEPBEFORE_END,1516300229546,199
659,WS_SEND_START,1516300229546,199
659,WS_SEND_END,1516300229546,199
659,PLAYER_SLEEPBEFORE_START,1516300229546,200
659,PLAYER_SLEEPBEFORE_END,1516300233634,200
659,WS_SEND_START,1516300233634,200
659,WS_SEND_END,1516300233634,200
659,WS_RECV_START,1516300233634,201
659,WS_RECV_END,1516300236858,201
659,PLAYER_SLEEPBEFORE_START,1516300236858,202
659,PLAYER_SLEEPBEFORE_END,1516300236873,202
659,WS_SEND_START,1516300236873,202
659,WS_SEND_END,1516300236873,202
659,WS_RECV_START,1516300236873,203
659,WS_RECV_END,1516300238758,203
659,PLAYER_SLEEPBEFORE_START,1516300238758,204
659,PLAYER_SLEEPBEFORE_END,1516300258408,204
659,WS_SEND_START,1516300258408,204
659,WS_SEND_END,1516300258408,204
659,PLAYER_SLEEPBEFORE_START,1516300258408,205
659,PLAYER_SLEEPBEFORE_END,1516300262306,205
659,WS_SEND_START,1516300262306,205
659,WS_SEND_END,1516300262306,205
659,WS_RECV_START,1516300262306,206
659,WS_RECV_END,1516300263368,206
659,PLAYER_SLEEPBEFORE_START,1516300263368,207
659,PLAYER_SLEEPBEFORE_END,1516300280299,207
659,REQ_START,1516300280299,207
659,REQ_END,1516300280304,207
659,PLAYER_SLEEPBEFORE_START,1516300280304,208
659,PLAYER_SLEEPBEFORE_END,1516300287156,208
659,WS_CLOSE_START,1516300287156,208
659,WS_CLOSE_END,1516300287157,208
659,PLAYER_DONE,1516300287157
