# --sessions 2700 --app-url=http://shinyloadtest.rstudioservices.com/cran_explorer --output-dir test2700 --overwrite-output --log-level warn --start-interval 100 15min.log
thread_id,event,timestamp,input_line_number,comment
771,PLAYER_SESSION_CREATE,1516299245666
771,PLAYER_START_INTERVAL_START,1516299245666
771,PLAYER_START_INTERVAL_END,1516299322766
771,REQ_HOME_START,1516299322766,2
771,REQ_HOME_END,1516299322871,2
771,REQ_START,1516299322871,3
771,REQ_END,1516299322932,3
771,REQ_START,1516299322932,4
771,REQ_END,1516299322971,4
771,REQ_START,1516299322971,5
771,REQ_END,1516299323010,5
771,REQ_START,1516299323010,6
771,REQ_END,1516299323055,6
771,REQ_START,1516299323055,7
771,REQ_END,1516299323094,7
771,REQ_START,1516299323094,8
771,REQ_END,1516299323140,8
771,REQ_START,1516299323140,9
771,REQ_END,1516299323182,9
771,REQ_START,1516299323182,10
771,REQ_END,1516299323189,10
771,REQ_START,1516299323189,11
771,REQ_END,1516299323221,11
771,REQ_START,1516299323221,12
771,REQ_END,1516299323229,12
771,REQ_START,1516299323229,13
771,REQ_END,1516299323266,13
771,REQ_START,1516299323266,14
771,REQ_END,1516299323279,14
771,REQ_START,1516299323279,15
771,REQ_END,1516299323317,15
771,REQ_TOK_START,1516299323317,16
771,REQ_TOK_END,1516299323323,16
771,REQ_SINF_START,1516299323323,17
771,REQ_SINF_END,1516299323328,17
771,WS_OPEN_START,1516299323328,18
771,WS_OPEN_END,1516299323333,18
771,REQ_START,1516299323333,19
771,REQ_END,1516299323365,19
771,WS_RECV_START,1516299323365,20
771,WS_RECV_END,1516299323365,20
771,PLAYER_SLEEPBEFORE_START,1516299323365,21
771,PLAYER_SLEEPBEFORE_END,1516299323370,21
771,WS_SEND_START,1516299323371,21
771,WS_SEND_END,1516299323371,21
771,PLAYER_SLEEPBEFORE_START,1516299323371,22
771,PLAYER_SLEEPBEFORE_END,1516299323372,22
771,WS_SEND_START,1516299323372,22
771,WS_SEND_END,1516299323372,22
771,WS_RECV_INIT_START,1516299323372,23
771,WS_RECV_INIT_END,1516299323502,23
771,WS_RECV_START,1516299323502,24
771,WS_RECV_END,1516299323547,24
771,PLAYER_SLEEPBEFORE_START,1516299323547,25
771,PLAYER_SLEEPBEFORE_END,1516299323554,25
771,REQ_START,1516299323554,25
771,REQ_END,1516299323704,25
771,PLAYER_SLEEPBEFORE_START,1516299323704,26
771,PLAYER_SLEEPBEFORE_END,1516299323705,26
771,REQ_START,1516299323705,26
771,REQ_END,1516299323741,26
771,PLAYER_SLEEPBEFORE_START,1516299323741,27
771,PLAYER_SLEEPBEFORE_END,1516299323745,27
771,REQ_START,1516299323745,27
771,REQ_END,1516299323797,27
771,PLAYER_SLEEPBEFORE_START,1516299323797,28
771,PLAYER_SLEEPBEFORE_END,1516299324082,28
771,REQ_START,1516299324082,28
771,REQ_END,1516299324121,28
771,PLAYER_SLEEPBEFORE_START,1516299324121,29
771,PLAYER_SLEEPBEFORE_END,1516299324296,29
771,WS_SEND_START,1516299324296,29
771,WS_SEND_END,1516299324296,29
771,WS_RECV_START,1516299324296,30
771,WS_RECV_END,1516299324425,30
771,PLAYER_SLEEPBEFORE_START,1516299324425,31
771,PLAYER_SLEEPBEFORE_END,1516299324436,31
771,REQ_START,1516299324436,31
771,REQ_END,1516299324474,31
771,PLAYER_SLEEPBEFORE_START,1516299324474,32
771,PLAYER_SLEEPBEFORE_END,1516299352619,32
771,WS_SEND_START,1516299352619,32
771,WS_SEND_END,1516299352619,32
771,WS_RECV_START,1516299352619,33
771,WS_RECV_END,1516299352728,33
771,PLAYER_SLEEPBEFORE_START,1516299352729,34
771,PLAYER_SLEEPBEFORE_END,1516299378640,34
771,WS_SEND_START,1516299378640,34
771,WS_SEND_END,1516299378640,34
771,WS_RECV_START,1516299378640,35
771,WS_RECV_END,1516299378669,35
771,PLAYER_SLEEPBEFORE_START,1516299378669,36
771,PLAYER_SLEEPBEFORE_END,1516299378678,36
771,WS_SEND_START,1516299378678,36
771,WS_SEND_END,1516299378678,36
771,WS_RECV_START,1516299378678,37
771,WS_RECV_END,1516299378720,37
771,PLAYER_SLEEPBEFORE_START,1516299378720,38
771,PLAYER_SLEEPBEFORE_END,1516299381915,38
771,WS_SEND_START,1516299381915,38
771,WS_SEND_END,1516299381915,38
771,WS_RECV_START,1516299381915,39
771,WS_RECV_END,1516299382038,39
771,PLAYER_SLEEPBEFORE_START,1516299382038,40
771,PLAYER_SLEEPBEFORE_END,1516299382084,40
771,WS_SEND_START,1516299382084,40
771,WS_SEND_END,1516299382084,40
771,WS_RECV_START,1516299382084,41
771,WS_RECV_END,1516299382267,41
771,PLAYER_SLEEPBEFORE_START,1516299382267,42
771,PLAYER_SLEEPBEFORE_END,1516299400402,42
771,WS_SEND_START,1516299400402,42
771,WS_SEND_END,1516299400402,42
771,WS_RECV_START,1516299400402,43
771,WS_RECV_END,1516299400436,43
771,PLAYER_SLEEPBEFORE_START,1516299400436,44
771,PLAYER_SLEEPBEFORE_END,1516299400448,44
771,WS_SEND_START,1516299400448,44
771,WS_SEND_END,1516299400448,44
771,WS_RECV_START,1516299400448,45
771,WS_RECV_END,1516299400490,45
771,PLAYER_SLEEPBEFORE_START,1516299400490,46
771,PLAYER_SLEEPBEFORE_END,1516299401750,46
771,WS_SEND_START,1516299401750,46
771,WS_SEND_END,1516299401750,46
771,WS_RECV_START,1516299401750,47
771,WS_RECV_END,1516299401790,47
771,PLAYER_SLEEPBEFORE_START,1516299401790,48
771,PLAYER_SLEEPBEFORE_END,1516299403110,48
771,WS_SEND_START,1516299403110,48
771,WS_SEND_END,1516299403110,48
771,WS_RECV_START,1516299403110,49
771,WS_RECV_END,1516299403284,49
771,PLAYER_SLEEPBEFORE_START,1516299403284,50
771,PLAYER_SLEEPBEFORE_END,1516299403308,50
771,WS_SEND_START,1516299403308,50
771,WS_SEND_END,1516299403308,50
771,WS_RECV_START,1516299403308,51
771,WS_RECV_END,1516299403483,51
771,PLAYER_SLEEPBEFORE_START,1516299403483,52
771,PLAYER_SLEEPBEFORE_END,1516299426048,52
771,WS_SEND_START,1516299426048,52
771,WS_SEND_END,1516299426048,52
771,WS_RECV_START,1516299426048,53
771,WS_RECV_END,1516299426300,53
771,PLAYER_SLEEPBEFORE_START,1516299426300,54
771,PLAYER_SLEEPBEFORE_END,1516299447603,54
771,WS_SEND_START,1516299447603,54
771,WS_SEND_END,1516299447603,54
771,PLAYER_SLEEPBEFORE_START,1516299447603,55
771,PLAYER_SLEEPBEFORE_END,1516299449545,55
771,WS_SEND_START,1516299449545,55
771,WS_SEND_END,1516299449545,55
771,WS_RECV_START,1516299449545,56
771,WS_RECV_END,1516299449593,56
771,PLAYER_SLEEPBEFORE_START,1516299449593,57
771,PLAYER_SLEEPBEFORE_END,1516299472466,57
771,WS_SEND_START,1516299472466,57
771,WS_SEND_END,1516299472466,57
771,WS_RECV_START,1516299472466,58
771,WS_RECV_END,1516299472628,58
771,PLAYER_SLEEPBEFORE_START,1516299472628,59
771,PLAYER_SLEEPBEFORE_END,1516299474955,59
771,WS_SEND_START,1516299474955,59
771,WS_SEND_END,1516299474955,59
771,WS_RECV_START,1516299474955,60
771,WS_RECV_END,1516299475471,60
771,PLAYER_SLEEPBEFORE_START,1516299475471,61
771,PLAYER_SLEEPBEFORE_END,1516299479063,61
771,WS_SEND_START,1516299479063,61
771,WS_SEND_END,1516299479063,61
771,WS_RECV_START,1516299479063,62
771,WS_RECV_END,1516299479315,62
771,PLAYER_SLEEPBEFORE_START,1516299479315,63
771,PLAYER_SLEEPBEFORE_END,1516299498578,63
771,WS_SEND_START,1516299498578,63
771,WS_SEND_END,1516299498578,63
771,WS_RECV_START,1516299498578,64
771,WS_RECV_END,1516299498851,64
771,PLAYER_SLEEPBEFORE_START,1516299498851,65
771,PLAYER_SLEEPBEFORE_END,1516299525668,65
771,WS_SEND_START,1516299525668,65
771,WS_SEND_END,1516299525668,65
771,WS_RECV_START,1516299525668,66
771,WS_RECV_END,1516299526203,66
771,PLAYER_SLEEPBEFORE_START,1516299526203,67
771,PLAYER_SLEEPBEFORE_END,1516299527710,67
771,WS_SEND_START,1516299527710,67
771,WS_SEND_END,1516299527710,67
771,WS_RECV_START,1516299527710,68
771,WS_RECV_END,1516299528596,68
771,PLAYER_SLEEPBEFORE_START,1516299528596,69
771,PLAYER_SLEEPBEFORE_END,1516299550594,69
771,WS_SEND_START,1516299550594,69
771,WS_SEND_END,1516299550594,69
771,WS_RECV_START,1516299550594,70
771,WS_RECV_END,1516299552055,70
771,PLAYER_SLEEPBEFORE_START,1516299552055,71
771,PLAYER_SLEEPBEFORE_END,1516299576830,71
771,WS_SEND_START,1516299576830,71
771,WS_SEND_END,1516299576830,71
771,PLAYER_SLEEPBEFORE_START,1516299576830,72
771,PLAYER_SLEEPBEFORE_END,1516299579437,72
771,WS_SEND_START,1516299579437,72
771,WS_SEND_END,1516299579437,72
771,WS_RECV_START,1516299579437,73
771,WS_RECV_END,1516299580663,73
771,PLAYER_SLEEPBEFORE_START,1516299580663,74
771,PLAYER_SLEEPBEFORE_END,1516299580672,74
771,WS_SEND_START,1516299580672,74
771,WS_SEND_END,1516299580672,74
771,WS_RECV_START,1516299580672,75
771,WS_RECV_END,1516299582605,75
771,PLAYER_SLEEPBEFORE_START,1516299582606,76
771,PLAYER_SLEEPBEFORE_END,1516299584112,76
771,WS_SEND_START,1516299584112,76
771,WS_SEND_END,1516299584112,76
771,WS_RECV_START,1516299584112,77
771,WS_RECV_END,1516299585455,77
771,PLAYER_SLEEPBEFORE_START,1516299585455,78
771,PLAYER_SLEEPBEFORE_END,1516299586323,78
771,WS_SEND_START,1516299586323,78
771,WS_SEND_END,1516299586323,78
771,WS_RECV_START,1516299586323,79
771,WS_RECV_END,1516299587708,79
771,PLAYER_SLEEPBEFORE_START,1516299587708,80
771,PLAYER_SLEEPBEFORE_END,1516299595374,80
771,WS_SEND_START,1516299595374,80
771,WS_SEND_END,1516299595374,80
771,WS_RECV_START,1516299595374,81
771,WS_RECV_END,1516299595949,81
771,PLAYER_SLEEPBEFORE_START,1516299595949,82
771,PLAYER_SLEEPBEFORE_END,1516299597051,82
771,WS_SEND_START,1516299597051,82
771,WS_SEND_END,1516299597051,82
771,WS_RECV_START,1516299597051,83
771,WS_RECV_END,1516299597987,83
771,PLAYER_SLEEPBEFORE_START,1516299597987,84
771,PLAYER_SLEEPBEFORE_END,1516299598934,84
771,WS_SEND_START,1516299598934,84
771,WS_SEND_END,1516299598934,84
771,WS_RECV_START,1516299598934,85
771,WS_RECV_END,1516299600484,85
771,PLAYER_SLEEPBEFORE_START,1516299600484,86
771,PLAYER_SLEEPBEFORE_END,1516299604656,86
771,WS_SEND_START,1516299604656,86
771,WS_SEND_END,1516299604656,86
771,WS_RECV_START,1516299604656,87
771,WS_RECV_END,1516299606030,87
771,PLAYER_SLEEPBEFORE_START,1516299606030,88
771,PLAYER_SLEEPBEFORE_END,1516299606038,88
771,WS_SEND_START,1516299606038,88
771,WS_SEND_END,1516299606038,88
771,WS_RECV_START,1516299606038,89
771,WS_RECV_END,1516299606707,89
771,PLAYER_SLEEPBEFORE_START,1516299606707,90
771,PLAYER_SLEEPBEFORE_END,1516299633904,90
771,REQ_START,1516299633904,90
771,REQ_END,1516299633911,90
771,PLAYER_SLEEPBEFORE_START,1516299633911,91
771,PLAYER_SLEEPBEFORE_END,1516299641800,91
771,WS_SEND_START,1516299641800,91
771,WS_SEND_END,1516299641800,91
771,WS_RECV_START,1516299641800,92
771,WS_RECV_END,1516299642657,92
771,PLAYER_SLEEPBEFORE_START,1516299642657,93
771,PLAYER_SLEEPBEFORE_END,1516299642673,93
771,WS_SEND_START,1516299642673,93
771,WS_SEND_END,1516299642673,93
771,WS_RECV_START,1516299642673,94
771,WS_RECV_END,1516299643338,94
771,PLAYER_SLEEPBEFORE_START,1516299643338,95
771,PLAYER_SLEEPBEFORE_END,1516299666893,95
771,WS_SEND_START,1516299666893,95
771,WS_SEND_END,1516299666893,95
771,WS_RECV_START,1516299666893,96
771,WS_RECV_END,1516299668703,96
771,PLAYER_SLEEPBEFORE_START,1516299668703,97
771,PLAYER_SLEEPBEFORE_END,1516299691143,97
771,WS_SEND_START,1516299691143,97
771,WS_SEND_END,1516299691143,97
771,WS_RECV_START,1516299691143,98
771,WS_RECV_END,1516299691543,98
771,PLAYER_SLEEPBEFORE_START,1516299691543,99
771,PLAYER_SLEEPBEFORE_END,1516299691564,99
771,WS_SEND_START,1516299691564,99
771,WS_SEND_END,1516299691564,99
771,WS_RECV_START,1516299691564,100
771,WS_RECV_END,1516299691940,100
771,PLAYER_SLEEPBEFORE_START,1516299691940,101
771,PLAYER_SLEEPBEFORE_END,1516299715500,101
771,WS_SEND_START,1516299715500,101
771,WS_SEND_END,1516299715500,101
771,WS_RECV_START,1516299715500,102
771,WS_RECV_END,1516299716583,102
771,PLAYER_SLEEPBEFORE_START,1516299716583,103
771,PLAYER_SLEEPBEFORE_END,1516299740208,103
771,WS_SEND_START,1516299740208,103
771,WS_SEND_END,1516299740208,103
771,WS_RECV_START,1516299740209,104
771,WS_RECV_END,1516299741415,104
771,PLAYER_SLEEPBEFORE_START,1516299741415,105
771,PLAYER_SLEEPBEFORE_END,1516299766792,105
771,WS_SEND_START,1516299766792,105
771,WS_SEND_END,1516299766792,105
771,WS_RECV_START,1516299766792,106
771,WS_RECV_END,1516299772157,106
771,PLAYER_SLEEPBEFORE_START,1516299772157,107
771,PLAYER_SLEEPBEFORE_END,1516299795580,107
771,WS_SEND_START,1516299795580,107
771,WS_SEND_END,1516299795580,107
771,WS_RECV_START,1516299795580,108
771,WS_RECV_END,1516299799277,108
771,PLAYER_SLEEPBEFORE_START,1516299799277,109
771,PLAYER_SLEEPBEFORE_END,1516299799286,109
771,WS_SEND_START,1516299799286,109
771,WS_SEND_END,1516299799286,109
771,WS_RECV_START,1516299799286,110
771,WS_RECV_END,1516299800715,110
771,PLAYER_SLEEPBEFORE_START,1516299800715,111
771,PLAYER_SLEEPBEFORE_END,1516299801674,111
771,WS_SEND_START,1516299801674,111
771,WS_SEND_END,1516299801675,111
771,WS_RECV_START,1516299801675,112
771,WS_RECV_END,1516299802958,112
771,PLAYER_SLEEPBEFORE_START,1516299802958,113
771,PLAYER_SLEEPBEFORE_END,1516299803520,113
771,WS_SEND_START,1516299803520,113
771,WS_SEND_END,1516299803520,113
771,WS_RECV_START,1516299803520,114
771,WS_RECV_END,1516299805246,114
771,PLAYER_SLEEPBEFORE_START,1516299805246,115
771,PLAYER_SLEEPBEFORE_END,1516299805256,115
771,WS_SEND_START,1516299805256,115
771,WS_SEND_END,1516299805256,115
771,WS_RECV_START,1516299805256,116
771,WS_RECV_END,1516299808938,116
771,PLAYER_SLEEPBEFORE_START,1516299808938,117
771,PLAYER_SLEEPBEFORE_END,1516299829298,117
771,WS_SEND_START,1516299829298,117
771,WS_SEND_END,1516299829298,117
771,PLAYER_SLEEPBEFORE_START,1516299829298,118
771,PLAYER_SLEEPBEFORE_END,1516299833050,118
771,WS_SEND_START,1516299833050,118
771,WS_SEND_END,1516299833050,118
771,WS_RECV_START,1516299833050,119
771,WS_RECV_END,1516299834886,119
771,PLAYER_SLEEPBEFORE_START,1516299834886,120
771,PLAYER_SLEEPBEFORE_END,1516299835874,120
771,WS_SEND_START,1516299835874,120
771,WS_SEND_END,1516299835874,120
771,WS_RECV_START,1516299835874,121
771,WS_RECV_END,1516299841836,121
771,PLAYER_SLEEPBEFORE_START,1516299841836,122
771,PLAYER_SLEEPBEFORE_END,1516299843021,122
771,WS_SEND_START,1516299843021,122
771,WS_SEND_END,1516299843021,122
771,WS_RECV_START,1516299843021,123
771,WS_RECV_END,1516299845125,123
771,PLAYER_SLEEPBEFORE_START,1516299845125,124
771,PLAYER_SLEEPBEFORE_END,1516299869530,124
771,WS_SEND_START,1516299869530,124
771,WS_SEND_END,1516299869530,124
771,WS_RECV_START,1516299869530,125
771,WS_RECV_END,1516299874796,125
771,PLAYER_SLEEPBEFORE_START,1516299874796,126
771,PLAYER_SLEEPBEFORE_END,1516299895308,126
771,WS_SEND_START,1516299895308,126
771,WS_SEND_END,1516299895308,126
771,PLAYER_SLEEPBEFORE_START,1516299895308,127
771,PLAYER_SLEEPBEFORE_END,1516299898362,127
771,WS_SEND_START,1516299898362,127
771,WS_SEND_END,1516299898362,127
771,WS_RECV_START,1516299898362,128
771,WS_RECV_END,1516299902712,128
771,PLAYER_SLEEPBEFORE_START,1516299902712,129
771,PLAYER_SLEEPBEFORE_END,1516299902732,129
771,WS_SEND_START,1516299902732,129
771,WS_SEND_END,1516299902732,129
771,WS_RECV_START,1516299902732,130
771,WS_RECV_END,1516299905945,130
771,PLAYER_SLEEPBEFORE_START,1516299905945,131
771,PLAYER_SLEEPBEFORE_END,1516299927569,131
771,WS_SEND_START,1516299927569,131
771,WS_SEND_END,1516299927569,131
771,PLAYER_SLEEPBEFORE_START,1516299927569,132
771,PLAYER_SLEEPBEFORE_END,1516299930649,132
771,WS_SEND_START,1516299930649,132
771,WS_SEND_END,1516299930649,132
771,WS_RECV_START,1516299930649,133
771,WS_RECV_END,1516299933722,133
771,PLAYER_SLEEPBEFORE_START,1516299933722,134
771,PLAYER_SLEEPBEFORE_END,1516299954939,134
771,WS_SEND_START,1516299954939,134
771,WS_SEND_END,1516299954939,134
771,PLAYER_SLEEPBEFORE_START,1516299954939,135
771,PLAYER_SLEEPBEFORE_END,1516299958129,135
771,WS_SEND_START,1516299958129,135
771,WS_SEND_END,1516299958129,135
771,WS_RECV_START,1516299958129,136
771,WS_RECV_END,1516299958872,136
771,PLAYER_SLEEPBEFORE_START,1516299958872,137
771,PLAYER_SLEEPBEFORE_END,1516299958879,137
771,WS_SEND_START,1516299958879,137
771,WS_SEND_END,1516299958879,137
771,WS_RECV_START,1516299958879,138
771,WS_RECV_END,1516299958942,138
771,PLAYER_SLEEPBEFORE_START,1516299958942,139
771,PLAYER_SLEEPBEFORE_END,1516299959632,139
771,WS_SEND_START,1516299959632,139
771,WS_SEND_END,1516299959632,139
771,WS_RECV_START,1516299959632,140
771,WS_RECV_END,1516299960596,140
771,PLAYER_SLEEPBEFORE_START,1516299960596,141
771,PLAYER_SLEEPBEFORE_END,1516299961251,141
771,WS_SEND_START,1516299961251,141
771,WS_SEND_END,1516299961251,141
771,WS_RECV_START,1516299961251,142
771,WS_RECV_END,1516299961533,142
771,PLAYER_SLEEPBEFORE_START,1516299961533,143
771,PLAYER_SLEEPBEFORE_END,1516299961590,143
771,WS_SEND_START,1516299961590,143
771,WS_SEND_END,1516299961590,143
771,WS_RECV_START,1516299961590,144
771,WS_RECV_END,1516299961843,144
771,PLAYER_SLEEPBEFORE_START,1516299961843,145
771,PLAYER_SLEEPBEFORE_END,1516299977906,145
771,REQ_START,1516299977906,145
771,REQ_END,1516299977912,145
771,PLAYER_SLEEPBEFORE_START,1516299977912,146
771,PLAYER_SLEEPBEFORE_END,1516299986789,146
771,WS_SEND_START,1516299986789,146
771,WS_SEND_END,1516299986789,146
771,WS_RECV_START,1516299986789,147
771,WS_RECV_END,1516299987318,147
771,PLAYER_SLEEPBEFORE_START,1516299987318,148
771,PLAYER_SLEEPBEFORE_END,1516300009240,148
771,WS_SEND_START,1516300009240,148
771,WS_SEND_END,1516300009240,148
771,PLAYER_SLEEPBEFORE_START,1516300009240,149
771,PLAYER_SLEEPBEFORE_END,1516300011668,149
771,WS_SEND_START,1516300011668,149
771,WS_SEND_END,1516300011668,149
771,WS_RECV_START,1516300011668,150
771,WS_RECV_END,1516300013194,150
771,PLAYER_SLEEPBEFORE_START,1516300013194,151
771,PLAYER_SLEEPBEFORE_END,1516300013404,151
771,WS_SEND_START,1516300013404,151
771,WS_SEND_END,1516300013404,151
771,WS_RECV_START,1516300013404,152
771,WS_RECV_END,1516300014205,152
771,PLAYER_SLEEPBEFORE_START,1516300014205,153
771,PLAYER_SLEEPBEFORE_END,1516300038132,153
771,WS_SEND_START,1516300038132,153
771,WS_SEND_END,1516300038132,153
771,WS_RECV_START,1516300038132,154
771,WS_RECV_END,1516300038514,154
771,PLAYER_SLEEPBEFORE_START,1516300038514,155
771,PLAYER_SLEEPBEFORE_END,1516300061072,155
771,WS_SEND_START,1516300061072,155
771,WS_SEND_END,1516300061072,155
771,PLAYER_SLEEPBEFORE_START,1516300061072,156
771,PLAYER_SLEEPBEFORE_END,1516300064347,156
771,WS_SEND_START,1516300064347,156
771,WS_SEND_END,1516300064347,156
771,WS_RECV_START,1516300064347,157
771,WS_RECV_END,1516300065528,157
771,PLAYER_SLEEPBEFORE_START,1516300065528,158
771,PLAYER_SLEEPBEFORE_END,1516300065538,158
771,WS_SEND_START,1516300065538,158
771,WS_SEND_END,1516300065538,158
771,WS_RECV_START,1516300065538,159
771,WS_RECV_END,1516300065894,159
771,PLAYER_SLEEPBEFORE_START,1516300065894,160
771,PLAYER_SLEEPBEFORE_END,1516300066069,160
771,WS_SEND_START,1516300066069,160
771,WS_SEND_END,1516300066069,160
771,WS_RECV_START,1516300066069,161
771,WS_RECV_END,1516300067022,161
771,PLAYER_SLEEPBEFORE_START,1516300067022,162
771,PLAYER_SLEEPBEFORE_END,1516300067047,162
771,WS_SEND_START,1516300067047,162
771,WS_SEND_END,1516300067047,162
771,WS_RECV_START,1516300067047,163
771,WS_RECV_END,1516300068460,163
771,PLAYER_SLEEPBEFORE_START,1516300068460,164
771,PLAYER_SLEEPBEFORE_END,1516300089272,164
771,WS_SEND_START,1516300089272,164
771,WS_SEND_END,1516300089272,164
771,WS_RECV_START,1516300089272,165
771,WS_RECV_END,1516300089650,165
771,PLAYER_SLEEPBEFORE_START,1516300089650,166
771,PLAYER_SLEEPBEFORE_END,1516300112105,166
771,WS_SEND_START,1516300112105,166
771,WS_SEND_END,1516300112105,166
771,WS_RECV_START,1516300112105,167
771,WS_RECV_END,1516300112457,167
771,PLAYER_SLEEPBEFORE_START,1516300112457,168
771,PLAYER_SLEEPBEFORE_END,1516300139814,168
771,WS_SEND_START,1516300139814,168
771,WS_SEND_END,1516300139814,168
771,WS_RECV_START,1516300139814,169
771,WS_RECV_END,1516300141513,169
771,PLAYER_SLEEPBEFORE_START,1516300141513,170
771,PLAYER_SLEEPBEFORE_END,1516300141522,170
771,WS_SEND_START,1516300141522,170
771,WS_SEND_END,1516300141522,170
771,WS_RECV_START,1516300141522,171
771,WS_RECV_END,1516300143691,171
771,PLAYER_SLEEPBEFORE_START,1516300143691,172
771,PLAYER_SLEEPBEFORE_END,1516300144060,172
771,WS_SEND_START,1516300144060,172
771,WS_SEND_END,1516300144060,172
771,WS_RECV_START,1516300144060,173
771,WS_RECV_END,1516300145130,173
771,PLAYER_SLEEPBEFORE_START,1516300145130,174
771,PLAYER_SLEEPBEFORE_END,1516300145171,174
771,WS_SEND_START,1516300145171,174
771,WS_SEND_END,1516300145171,174
771,WS_RECV_START,1516300145171,175
771,WS_RECV_END,1516300146479,175
771,PLAYER_SLEEPBEFORE_START,1516300146479,176
771,PLAYER_SLEEPBEFORE_END,1516300168241,176
771,WS_SEND_START,1516300168241,176
771,WS_SEND_END,1516300168241,176
771,PLAYER_SLEEPBEFORE_START,1516300168241,177
771,PLAYER_SLEEPBEFORE_END,1516300170759,177
771,WS_SEND_START,1516300170759,177
771,WS_SEND_END,1516300170759,177
771,WS_RECV_START,1516300170759,178
771,WS_RECV_END,1516300172967,178
771,PLAYER_SLEEPBEFORE_START,1516300172967,179
771,PLAYER_SLEEPBEFORE_END,1516300195307,179
771,WS_SEND_START,1516300195307,179
771,WS_SEND_END,1516300195307,179
771,WS_RECV_START,1516300195307,180
771,WS_RECV_END,1516300201266,180
771,PLAYER_SLEEPBEFORE_START,1516300201266,181
771,PLAYER_SLEEPBEFORE_END,1516300201710,181
771,WS_SEND_START,1516300201710,181
771,WS_SEND_END,1516300201710,181
771,WS_RECV_START,1516300201710,182
771,WS_RECV_END,1516300204566,182
771,PLAYER_SLEEPBEFORE_START,1516300204566,183
771,PLAYER_SLEEPBEFORE_END,1516300205089,183
771,WS_SEND_START,1516300205089,183
771,WS_SEND_END,1516300205089,183
771,WS_RECV_START,1516300205089,184
771,WS_RECV_END,1516300207912,184
771,PLAYER_SLEEPBEFORE_START,1516300207912,185
771,PLAYER_SLEEPBEFORE_END,1516300208180,185
771,WS_SEND_START,1516300208180,185
771,WS_SEND_END,1516300208180,185
771,WS_RECV_START,1516300208180,186
771,WS_RECV_END,1516300212312,186
771,PLAYER_SLEEPBEFORE_START,1516300212312,187
771,PLAYER_SLEEPBEFORE_END,1516300234812,187
771,WS_SEND_START,1516300234812,187
771,WS_SEND_END,1516300234812,187
771,WS_RECV_START,1516300234812,188
771,WS_RECV_END,1516300238821,188
771,PLAYER_SLEEPBEFORE_START,1516300238821,189
771,PLAYER_SLEEPBEFORE_END,1516300245060,189
771,WS_SEND_START,1516300245060,189
771,WS_SEND_END,1516300245060,189
771,WS_RECV_START,1516300245060,190
771,WS_RECV_END,1516300247483,190
771,PLAYER_SLEEPBEFORE_START,1516300247483,191
771,PLAYER_SLEEPBEFORE_END,1516300249398,191
771,WS_SEND_START,1516300249398,191
771,WS_SEND_END,1516300249398,191
771,WS_RECV_START,1516300249398,192
771,WS_RECV_END,1516300251586,192
771,PLAYER_SLEEPBEFORE_START,1516300251586,193
771,PLAYER_SLEEPBEFORE_END,1516300251714,193
771,WS_SEND_START,1516300251714,193
771,WS_SEND_END,1516300251714,193
771,WS_RECV_START,1516300251714,194
771,WS_RECV_END,1516300252830,194
771,PLAYER_SLEEPBEFORE_START,1516300252830,195
771,PLAYER_SLEEPBEFORE_END,1516300254586,195
771,WS_SEND_START,1516300254586,195
771,WS_SEND_END,1516300254586,195
771,WS_RECV_START,1516300254586,196
771,WS_RECV_END,1516300257801,196
771,PLAYER_SLEEPBEFORE_START,1516300257801,197
771,PLAYER_SLEEPBEFORE_END,1516300259605,197
771,WS_SEND_START,1516300259605,197
771,WS_SEND_END,1516300259605,197
771,WS_RECV_START,1516300259605,198
771,WS_RECV_END,1516300262181,198
771,PLAYER_SLEEPBEFORE_START,1516300262181,199
771,PLAYER_SLEEPBEFORE_END,1516300274035,199
771,WS_SEND_START,1516300274035,199
771,WS_SEND_END,1516300274036,199
771,PLAYER_SLEEPBEFORE_START,1516300274036,200
771,PLAYER_SLEEPBEFORE_END,1516300278124,200
771,WS_SEND_START,1516300278124,200
771,WS_SEND_END,1516300278124,200
771,WS_RECV_START,1516300278124,201
771,WS_RECV_END,1516300279688,201
771,PLAYER_SLEEPBEFORE_START,1516300279688,202
771,PLAYER_SLEEPBEFORE_END,1516300279703,202
771,WS_SEND_START,1516300279703,202
771,WS_SEND_END,1516300279703,202
771,WS_RECV_START,1516300279703,203
771,WS_RECV_END,1516300280318,203
771,PLAYER_SLEEPBEFORE_START,1516300280318,204
771,PLAYER_SLEEPBEFORE_END,1516300299968,204
771,WS_SEND_START,1516300299968,204
771,WS_SEND_END,1516300299968,204
771,PLAYER_SLEEPBEFORE_START,1516300299968,205
771,PLAYER_SLEEPBEFORE_END,1516300303866,205
771,WS_SEND_START,1516300303866,205
771,WS_SEND_END,1516300303866,205
771,WS_RECV_START,1516300303866,206
771,WS_RECV_END,1516300304604,206
771,PLAYER_SLEEPBEFORE_START,1516300304604,207
771,PLAYER_SLEEPBEFORE_END,1516300321535,207
771,REQ_START,1516300321536,207
771,REQ_END,1516300321542,207
771,PLAYER_SLEEPBEFORE_START,1516300321542,208
771,PLAYER_SLEEPBEFORE_END,1516300328394,208
771,WS_CLOSE_START,1516300328394,208
771,WS_CLOSE_END,1516300328394,208
771,PLAYER_DONE,1516300328394
