# --sessions 2700 --app-url=http://shinyloadtest.rstudioservices.com/cran_explorer --output-dir test2700 --overwrite-output --log-level warn --start-interval 100 15min.log
thread_id,event,timestamp,input_line_number,comment
852,PLAYER_SESSION_CREATE,1516299245726
852,PLAYER_START_INTERVAL_START,1516299245726
852,PLAYER_START_INTERVAL_END,1516299330926
852,REQ_HOME_START,1516299330926,2
852,REQ_HOME_END,1516299331020,2
852,REQ_START,1516299331020,3
852,REQ_END,1516299331322,3
852,REQ_START,1516299331322,4
852,REQ_END,1516299331354,4
852,REQ_START,1516299331354,5
852,REQ_END,1516299331391,5
852,REQ_START,1516299331391,6
852,REQ_END,1516299331429,6
852,REQ_START,1516299331429,7
852,REQ_END,1516299331464,7
852,REQ_START,1516299331464,8
852,REQ_END,1516299331501,8
852,REQ_START,1516299331501,9
852,REQ_END,1516299331537,9
852,REQ_START,1516299331537,10
852,REQ_END,1516299331544,10
852,REQ_START,1516299331544,11
852,REQ_END,1516299331576,11
852,REQ_START,1516299331576,12
852,REQ_END,1516299331586,12
852,REQ_START,1516299331586,13
852,REQ_END,1516299331619,13
852,REQ_START,1516299331619,14
852,REQ_END,1516299331633,14
852,REQ_START,1516299331633,15
852,REQ_END,1516299331669,15
852,REQ_TOK_START,1516299331669,16
852,REQ_TOK_END,1516299331676,16
852,REQ_SINF_START,1516299331676,17
852,REQ_SINF_END,1516299331683,17
852,WS_OPEN_START,1516299331683,18
852,WS_OPEN_END,1516299331689,18
852,REQ_START,1516299331689,19
852,REQ_END,1516299331718,19
852,WS_RECV_START,1516299331718,20
852,WS_RECV_END,1516299331718,20
852,PLAYER_SLEEPBEFORE_START,1516299331718,21
852,PLAYER_SLEEPBEFORE_END,1516299331723,21
852,WS_SEND_START,1516299331723,21
852,WS_SEND_END,1516299331723,21
852,PLAYER_SLEEPBEFORE_START,1516299331723,22
852,PLAYER_SLEEPBEFORE_END,1516299331724,22
852,WS_SEND_START,1516299331724,22
852,WS_SEND_END,1516299331724,22
852,WS_RECV_INIT_START,1516299331724,23
852,WS_RECV_INIT_END,1516299331743,23
852,WS_RECV_START,1516299331743,24
852,WS_RECV_END,1516299331819,24
852,PLAYER_SLEEPBEFORE_START,1516299331819,25
852,PLAYER_SLEEPBEFORE_END,1516299331826,25
852,REQ_START,1516299331826,25
852,REQ_END,1516299331884,25
852,PLAYER_SLEEPBEFORE_START,1516299331884,26
852,PLAYER_SLEEPBEFORE_END,1516299331885,26
852,REQ_START,1516299331885,26
852,REQ_END,1516299331919,26
852,PLAYER_SLEEPBEFORE_START,1516299331919,27
852,PLAYER_SLEEPBEFORE_END,1516299331922,27
852,REQ_START,1516299331922,27
852,REQ_END,1516299331955,27
852,PLAYER_SLEEPBEFORE_START,1516299331955,28
852,PLAYER_SLEEPBEFORE_END,1516299332240,28
852,REQ_START,1516299332240,28
852,REQ_END,1516299332334,28
852,PLAYER_SLEEPBEFORE_START,1516299332334,29
852,PLAYER_SLEEPBEFORE_END,1516299332509,29
852,WS_SEND_START,1516299332509,29
852,WS_SEND_END,1516299332509,29
852,WS_RECV_START,1516299332509,30
852,WS_RECV_END,1516299332658,30
852,PLAYER_SLEEPBEFORE_START,1516299332658,31
852,PLAYER_SLEEPBEFORE_END,1516299332669,31
852,REQ_START,1516299332670,31
852,REQ_END,1516299332707,31
852,PLAYER_SLEEPBEFORE_START,1516299332707,32
852,PLAYER_SLEEPBEFORE_END,1516299360852,32
852,WS_SEND_START,1516299360852,32
852,WS_SEND_END,1516299360852,32
852,WS_RECV_START,1516299360852,33
852,WS_RECV_END,1516299360978,33
852,PLAYER_SLEEPBEFORE_START,1516299360978,34
852,PLAYER_SLEEPBEFORE_END,1516299386889,34
852,WS_SEND_START,1516299386889,34
852,WS_SEND_END,1516299386889,34
852,WS_RECV_START,1516299386889,35
852,WS_RECV_END,1516299386929,35
852,PLAYER_SLEEPBEFORE_START,1516299386929,36
852,PLAYER_SLEEPBEFORE_END,1516299386938,36
852,WS_SEND_START,1516299386938,36
852,WS_SEND_END,1516299386938,36
852,WS_RECV_START,1516299386938,37
852,WS_RECV_END,1516299386981,37
852,PLAYER_SLEEPBEFORE_START,1516299386981,38
852,PLAYER_SLEEPBEFORE_END,1516299390176,38
852,WS_SEND_START,1516299390176,38
852,WS_SEND_END,1516299390176,38
852,WS_RECV_START,1516299390176,39
852,WS_RECV_END,1516299390358,39
852,PLAYER_SLEEPBEFORE_START,1516299390358,40
852,PLAYER_SLEEPBEFORE_END,1516299390404,40
852,WS_SEND_START,1516299390404,40
852,WS_SEND_END,1516299390404,40
852,WS_RECV_START,1516299390404,41
852,WS_RECV_END,1516299390590,41
852,PLAYER_SLEEPBEFORE_START,1516299390590,42
852,PLAYER_SLEEPBEFORE_END,1516299408726,42
852,WS_SEND_START,1516299408726,42
852,WS_SEND_END,1516299408726,42
852,WS_RECV_START,1516299408726,43
852,WS_RECV_END,1516299408882,43
852,PLAYER_SLEEPBEFORE_START,1516299408882,44
852,PLAYER_SLEEPBEFORE_END,1516299408894,44
852,WS_SEND_START,1516299408894,44
852,WS_SEND_END,1516299408894,44
852,WS_RECV_START,1516299408894,45
852,WS_RECV_END,1516299409117,45
852,PLAYER_SLEEPBEFORE_START,1516299409117,46
852,PLAYER_SLEEPBEFORE_END,1516299410377,46
852,WS_SEND_START,1516299410377,46
852,WS_SEND_END,1516299410377,46
852,WS_RECV_START,1516299410377,47
852,WS_RECV_END,1516299410470,47
852,PLAYER_SLEEPBEFORE_START,1516299410470,48
852,PLAYER_SLEEPBEFORE_END,1516299411790,48
852,WS_SEND_START,1516299411790,48
852,WS_SEND_END,1516299411790,48
852,WS_RECV_START,1516299411790,49
852,WS_RECV_END,1516299412033,49
852,PLAYER_SLEEPBEFORE_START,1516299412033,50
852,PLAYER_SLEEPBEFORE_END,1516299412057,50
852,WS_SEND_START,1516299412057,50
852,WS_SEND_END,1516299412057,50
852,WS_RECV_START,1516299412057,51
852,WS_RECV_END,1516299412384,51
852,PLAYER_SLEEPBEFORE_START,1516299412384,52
852,PLAYER_SLEEPBEFORE_END,1516299434948,52
852,WS_SEND_START,1516299434948,52
852,WS_SEND_END,1516299434948,52
852,WS_RECV_START,1516299434948,53
852,WS_RECV_END,1516299435308,53
852,PLAYER_SLEEPBEFORE_START,1516299435308,54
852,PLAYER_SLEEPBEFORE_END,1516299456611,54
852,WS_SEND_START,1516299456611,54
852,WS_SEND_END,1516299456611,54
852,PLAYER_SLEEPBEFORE_START,1516299456611,55
852,PLAYER_SLEEPBEFORE_END,1516299458552,55
852,WS_SEND_START,1516299458552,55
852,WS_SEND_END,1516299458552,55
852,WS_RECV_START,1516299458552,56
852,WS_RECV_END,1516299459013,56
852,PLAYER_SLEEPBEFORE_START,1516299459013,57
852,PLAYER_SLEEPBEFORE_END,1516299481885,57
852,WS_SEND_START,1516299481885,57
852,WS_SEND_END,1516299481885,57
852,WS_RECV_START,1516299481885,58
852,WS_RECV_END,1516299482464,58
852,PLAYER_SLEEPBEFORE_START,1516299482464,59
852,PLAYER_SLEEPBEFORE_END,1516299484791,59
852,WS_SEND_START,1516299484791,59
852,WS_SEND_END,1516299484791,59
852,WS_RECV_START,1516299484791,60
852,WS_RECV_END,1516299485194,60
852,PLAYER_SLEEPBEFORE_START,1516299485194,61
852,PLAYER_SLEEPBEFORE_END,1516299488785,61
852,WS_SEND_START,1516299488785,61
852,WS_SEND_END,1516299488785,61
852,WS_RECV_START,1516299488785,62
852,WS_RECV_END,1516299489727,62
852,PLAYER_SLEEPBEFORE_START,1516299489727,63
852,PLAYER_SLEEPBEFORE_END,1516299508990,63
852,WS_SEND_START,1516299508990,63
852,WS_SEND_END,1516299508990,63
852,WS_RECV_START,1516299508990,64
852,WS_RECV_END,1516299509399,64
852,PLAYER_SLEEPBEFORE_START,1516299509399,65
852,PLAYER_SLEEPBEFORE_END,1516299536216,65
852,WS_SEND_START,1516299536216,65
852,WS_SEND_END,1516299536216,65
852,WS_RECV_START,1516299536216,66
852,WS_RECV_END,1516299538318,66
852,PLAYER_SLEEPBEFORE_START,1516299538318,67
852,PLAYER_SLEEPBEFORE_END,1516299539825,67
852,WS_SEND_START,1516299539825,67
852,WS_SEND_END,1516299539825,67
852,WS_RECV_START,1516299539825,68
852,WS_RECV_END,1516299542404,68
852,PLAYER_SLEEPBEFORE_START,1516299542404,69
852,PLAYER_SLEEPBEFORE_END,1516299564402,69
852,WS_SEND_START,1516299564402,69
852,WS_SEND_END,1516299564402,69
852,WS_RECV_START,1516299564402,70
852,WS_RECV_END,1516299565321,70
852,PLAYER_SLEEPBEFORE_START,1516299565321,71
852,PLAYER_SLEEPBEFORE_END,1516299590096,71
852,WS_SEND_START,1516299590096,71
852,WS_SEND_END,1516299590096,71
852,PLAYER_SLEEPBEFORE_START,1516299590096,72
852,PLAYER_SLEEPBEFORE_END,1516299592703,72
852,WS_SEND_START,1516299592703,72
852,WS_SEND_END,1516299592703,72
852,WS_RECV_START,1516299592703,73
852,WS_RECV_END,1516299593172,73
852,PLAYER_SLEEPBEFORE_START,1516299593172,74
852,PLAYER_SLEEPBEFORE_END,1516299593182,74
852,WS_SEND_START,1516299593182,74
852,WS_SEND_END,1516299593182,74
852,WS_RECV_START,1516299593182,75
852,WS_RECV_END,1516299593445,75
852,PLAYER_SLEEPBEFORE_START,1516299593445,76
852,PLAYER_SLEEPBEFORE_END,1516299594952,76
852,WS_SEND_START,1516299594952,76
852,WS_SEND_END,1516299594952,76
852,WS_RECV_START,1516299594952,77
852,WS_RECV_END,1516299595423,77
852,PLAYER_SLEEPBEFORE_START,1516299595423,78
852,PLAYER_SLEEPBEFORE_END,1516299596291,78
852,WS_SEND_START,1516299596291,78
852,WS_SEND_END,1516299596291,78
852,WS_RECV_START,1516299596291,79
852,WS_RECV_END,1516299596985,79
852,PLAYER_SLEEPBEFORE_START,1516299596985,80
852,PLAYER_SLEEPBEFORE_END,1516299604651,80
852,WS_SEND_START,1516299604651,80
852,WS_SEND_END,1516299604651,80
852,WS_RECV_START,1516299604651,81
852,WS_RECV_END,1516299605235,81
852,PLAYER_SLEEPBEFORE_START,1516299605235,82
852,PLAYER_SLEEPBEFORE_END,1516299606337,82
852,WS_SEND_START,1516299606337,82
852,WS_SEND_END,1516299606337,82
852,WS_RECV_START,1516299606337,83
852,WS_RECV_END,1516299607211,83
852,PLAYER_SLEEPBEFORE_START,1516299607211,84
852,PLAYER_SLEEPBEFORE_END,1516299608159,84
852,WS_SEND_START,1516299608159,84
852,WS_SEND_END,1516299608159,84
852,WS_RECV_START,1516299608159,85
852,WS_RECV_END,1516299609236,85
852,PLAYER_SLEEPBEFORE_START,1516299609236,86
852,PLAYER_SLEEPBEFORE_END,1516299613408,86
852,WS_SEND_START,1516299613408,86
852,WS_SEND_END,1516299613408,86
852,WS_RECV_START,1516299613408,87
852,WS_RECV_END,1516299613912,87
852,PLAYER_SLEEPBEFORE_START,1516299613912,88
852,PLAYER_SLEEPBEFORE_END,1516299613920,88
852,WS_SEND_START,1516299613920,88
852,WS_SEND_END,1516299613920,88
852,WS_RECV_START,1516299613920,89
852,WS_RECV_END,1516299614407,89
852,PLAYER_SLEEPBEFORE_START,1516299614407,90
852,PLAYER_SLEEPBEFORE_END,1516299641604,90
852,REQ_START,1516299641604,90
852,REQ_END,1516299641613,90
852,PLAYER_SLEEPBEFORE_START,1516299641613,91
852,PLAYER_SLEEPBEFORE_END,1516299649502,91
852,WS_SEND_START,1516299649502,91
852,WS_SEND_END,1516299649502,91
852,WS_RECV_START,1516299649502,92
852,WS_RECV_END,1516299652144,92
852,PLAYER_SLEEPBEFORE_START,1516299652144,93
852,PLAYER_SLEEPBEFORE_END,1516299652160,93
852,WS_SEND_START,1516299652160,93
852,WS_SEND_END,1516299652160,93
852,WS_RECV_START,1516299652160,94
852,WS_RECV_END,1516299652995,94
852,PLAYER_SLEEPBEFORE_START,1516299652995,95
852,PLAYER_SLEEPBEFORE_END,1516299676550,95
852,WS_SEND_START,1516299676550,95
852,WS_SEND_END,1516299676550,95
852,WS_RECV_START,1516299676550,96
852,WS_RECV_END,1516299677241,96
852,PLAYER_SLEEPBEFORE_START,1516299677241,97
852,PLAYER_SLEEPBEFORE_END,1516299699681,97
852,WS_SEND_START,1516299699681,97
852,WS_SEND_END,1516299699681,97
852,WS_RECV_START,1516299699681,98
852,WS_RECV_END,1516299700107,98
852,PLAYER_SLEEPBEFORE_START,1516299700107,99
852,PLAYER_SLEEPBEFORE_END,1516299700128,99
852,WS_SEND_START,1516299700128,99
852,WS_SEND_END,1516299700128,99
852,WS_RECV_START,1516299700128,100
852,WS_RECV_END,1516299700339,100
852,PLAYER_SLEEPBEFORE_START,1516299700339,101
852,PLAYER_SLEEPBEFORE_END,1516299723916,101
852,WS_SEND_START,1516299723916,101
852,WS_SEND_END,1516299723916,101
852,WS_RECV_START,1516299723916,102
852,WS_RECV_END,1516299725059,102
852,PLAYER_SLEEPBEFORE_START,1516299725059,103
852,PLAYER_SLEEPBEFORE_END,1516299748685,103
852,WS_SEND_START,1516299748685,103
852,WS_SEND_END,1516299748685,103
852,WS_RECV_START,1516299748685,104
852,WS_RECV_END,1516299748861,104
852,PLAYER_SLEEPBEFORE_START,1516299748862,105
852,PLAYER_SLEEPBEFORE_END,1516299774239,105
852,WS_SEND_START,1516299774239,105
852,WS_SEND_END,1516299774239,105
852,WS_RECV_START,1516299774239,106
852,WS_RECV_END,1516299775866,106
852,PLAYER_SLEEPBEFORE_START,1516299775866,107
852,PLAYER_SLEEPBEFORE_END,1516299799290,107
852,WS_SEND_START,1516299799290,107
852,WS_SEND_END,1516299799290,107
852,WS_RECV_START,1516299799290,108
852,WS_RECV_END,1516299799800,108
852,PLAYER_SLEEPBEFORE_START,1516299799800,109
852,PLAYER_SLEEPBEFORE_END,1516299799809,109
852,WS_SEND_START,1516299799809,109
852,WS_SEND_END,1516299799809,109
852,WS_RECV_START,1516299799809,110
852,WS_RECV_END,1516299800346,110
852,PLAYER_SLEEPBEFORE_START,1516299800346,111
852,PLAYER_SLEEPBEFORE_END,1516299801305,111
852,WS_SEND_START,1516299801305,111
852,WS_SEND_END,1516299801305,111
852,WS_RECV_START,1516299801305,112
852,WS_RECV_END,1516299801776,112
852,PLAYER_SLEEPBEFORE_START,1516299801776,113
852,PLAYER_SLEEPBEFORE_END,1516299802338,113
852,WS_SEND_START,1516299802338,113
852,WS_SEND_END,1516299802338,113
852,WS_RECV_START,1516299802338,114
852,WS_RECV_END,1516299803588,114
852,PLAYER_SLEEPBEFORE_START,1516299803588,115
852,PLAYER_SLEEPBEFORE_END,1516299803597,115
852,WS_SEND_START,1516299803597,115
852,WS_SEND_END,1516299803597,115
852,WS_RECV_START,1516299803597,116
852,WS_RECV_END,1516299804271,116
852,PLAYER_SLEEPBEFORE_START,1516299804271,117
852,PLAYER_SLEEPBEFORE_END,1516299824631,117
852,WS_SEND_START,1516299824631,117
852,WS_SEND_END,1516299824631,117
852,PLAYER_SLEEPBEFORE_START,1516299824631,118
852,PLAYER_SLEEPBEFORE_END,1516299828383,118
852,WS_SEND_START,1516299828383,118
852,WS_SEND_END,1516299828383,118
852,WS_RECV_START,1516299828383,119
852,WS_RECV_END,1516299829092,119
852,PLAYER_SLEEPBEFORE_START,1516299829092,120
852,PLAYER_SLEEPBEFORE_END,1516299830080,120
852,WS_SEND_START,1516299830080,120
852,WS_SEND_END,1516299830080,120
852,WS_RECV_START,1516299830080,121
852,WS_RECV_END,1516299830398,121
852,PLAYER_SLEEPBEFORE_START,1516299830398,122
852,PLAYER_SLEEPBEFORE_END,1516299831583,122
852,WS_SEND_START,1516299831583,122
852,WS_SEND_END,1516299831583,122
852,WS_RECV_START,1516299831583,123
852,WS_RECV_END,1516299832402,123
852,PLAYER_SLEEPBEFORE_START,1516299832402,124
852,PLAYER_SLEEPBEFORE_END,1516299856807,124
852,WS_SEND_START,1516299856807,124
852,WS_SEND_END,1516299856807,124
852,WS_RECV_START,1516299856807,125
852,WS_RECV_END,1516299857571,125
852,PLAYER_SLEEPBEFORE_START,1516299857571,126
852,PLAYER_SLEEPBEFORE_END,1516299878084,126
852,WS_SEND_START,1516299878084,126
852,WS_SEND_END,1516299878084,126
852,PLAYER_SLEEPBEFORE_START,1516299878084,127
852,PLAYER_SLEEPBEFORE_END,1516299881138,127
852,WS_SEND_START,1516299881138,127
852,WS_SEND_END,1516299881138,127
852,WS_RECV_START,1516299881138,128
852,WS_RECV_END,1516299882327,128
852,PLAYER_SLEEPBEFORE_START,1516299882327,129
852,PLAYER_SLEEPBEFORE_END,1516299882347,129
852,WS_SEND_START,1516299882347,129
852,WS_SEND_END,1516299882347,129
852,WS_RECV_START,1516299882347,130
852,WS_RECV_END,1516299883966,130
852,PLAYER_SLEEPBEFORE_START,1516299883966,131
852,PLAYER_SLEEPBEFORE_END,1516299905590,131
852,WS_SEND_START,1516299905590,131
852,WS_SEND_END,1516299905590,131
852,PLAYER_SLEEPBEFORE_START,1516299905590,132
852,PLAYER_SLEEPBEFORE_END,1516299908670,132
852,WS_SEND_START,1516299908670,132
852,WS_SEND_END,1516299908670,132
852,WS_RECV_START,1516299908670,133
852,WS_RECV_END,1516299909649,133
852,PLAYER_SLEEPBEFORE_START,1516299909649,134
852,PLAYER_SLEEPBEFORE_END,1516299930866,134
852,WS_SEND_START,1516299930866,134
852,WS_SEND_END,1516299930866,134
852,PLAYER_SLEEPBEFORE_START,1516299930866,135
852,PLAYER_SLEEPBEFORE_END,1516299934056,135
852,WS_SEND_START,1516299934056,135
852,WS_SEND_END,1516299934057,135
852,WS_RECV_START,1516299934057,136
852,WS_RECV_END,1516299935654,136
852,PLAYER_SLEEPBEFORE_START,1516299935654,137
852,PLAYER_SLEEPBEFORE_END,1516299935661,137
852,WS_SEND_START,1516299935661,137
852,WS_SEND_END,1516299935661,137
852,WS_RECV_START,1516299935661,138
852,WS_RECV_END,1516299936530,138
852,PLAYER_SLEEPBEFORE_START,1516299936530,139
852,PLAYER_SLEEPBEFORE_END,1516299937220,139
852,WS_SEND_START,1516299937220,139
852,WS_SEND_END,1516299937220,139
852,WS_RECV_START,1516299937220,140
852,WS_RECV_END,1516299937609,140
852,PLAYER_SLEEPBEFORE_START,1516299937609,141
852,PLAYER_SLEEPBEFORE_END,1516299938264,141
852,WS_SEND_START,1516299938264,141
852,WS_SEND_END,1516299938264,141
852,WS_RECV_START,1516299938264,142
852,WS_RECV_END,1516299939147,142
852,PLAYER_SLEEPBEFORE_START,1516299939147,143
852,PLAYER_SLEEPBEFORE_END,1516299939204,143
852,WS_SEND_START,1516299939204,143
852,WS_SEND_END,1516299939204,143
852,WS_RECV_START,1516299939204,144
852,WS_RECV_END,1516299940704,144
852,PLAYER_SLEEPBEFORE_START,1516299940704,145
852,PLAYER_SLEEPBEFORE_END,1516299956766,145
852,REQ_START,1516299956766,145
852,REQ_END,1516299956775,145
852,PLAYER_SLEEPBEFORE_START,1516299956775,146
852,PLAYER_SLEEPBEFORE_END,1516299965652,146
852,WS_SEND_START,1516299965652,146
852,WS_SEND_END,1516299965652,146
852,WS_RECV_START,1516299965652,147
852,WS_RECV_END,1516299966363,147
852,PLAYER_SLEEPBEFORE_START,1516299966363,148
852,PLAYER_SLEEPBEFORE_END,1516299988285,148
852,WS_SEND_START,1516299988285,148
852,WS_SEND_END,1516299988285,148
852,PLAYER_SLEEPBEFORE_START,1516299988285,149
852,PLAYER_SLEEPBEFORE_END,1516299990713,149
852,WS_SEND_START,1516299990713,149
852,WS_SEND_END,1516299990713,149
852,WS_RECV_START,1516299990713,150
852,WS_RECV_END,1516299991572,150
852,PLAYER_SLEEPBEFORE_START,1516299991572,151
852,PLAYER_SLEEPBEFORE_END,1516299991782,151
852,WS_SEND_START,1516299991782,151
852,WS_SEND_END,1516299991782,151
852,WS_RECV_START,1516299991782,152
852,WS_RECV_END,1516299992615,152
852,PLAYER_SLEEPBEFORE_START,1516299992615,153
852,PLAYER_SLEEPBEFORE_END,1516300016543,153
852,WS_SEND_START,1516300016543,153
852,WS_SEND_END,1516300016543,153
852,WS_RECV_START,1516300016543,154
852,WS_RECV_END,1516300017808,154
852,PLAYER_SLEEPBEFORE_START,1516300017808,155
852,PLAYER_SLEEPBEFORE_END,1516300040366,155
852,WS_SEND_START,1516300040366,155
852,WS_SEND_END,1516300040366,155
852,PLAYER_SLEEPBEFORE_START,1516300040366,156
852,PLAYER_SLEEPBEFORE_END,1516300043640,156
852,WS_SEND_START,1516300043640,156
852,WS_SEND_END,1516300043640,156
852,WS_RECV_START,1516300043640,157
852,WS_RECV_END,1516300044284,157
852,PLAYER_SLEEPBEFORE_START,1516300044284,158
852,PLAYER_SLEEPBEFORE_END,1516300044294,158
852,WS_SEND_START,1516300044294,158
852,WS_SEND_END,1516300044294,158
852,WS_RECV_START,1516300044294,159
852,WS_RECV_END,1516300044761,159
852,PLAYER_SLEEPBEFORE_START,1516300044761,160
852,PLAYER_SLEEPBEFORE_END,1516300044937,160
852,WS_SEND_START,1516300044937,160
852,WS_SEND_END,1516300044937,160
852,WS_RECV_START,1516300044937,161
852,WS_RECV_END,1516300045203,161
852,PLAYER_SLEEPBEFORE_START,1516300045203,162
852,PLAYER_SLEEPBEFORE_END,1516300045228,162
852,WS_SEND_START,1516300045228,162
852,WS_SEND_END,1516300045228,162
852,WS_RECV_START,1516300045228,163
852,WS_RECV_END,1516300045777,163
852,PLAYER_SLEEPBEFORE_START,1516300045777,164
852,PLAYER_SLEEPBEFORE_END,1516300066589,164
852,WS_SEND_START,1516300066589,164
852,WS_SEND_END,1516300066589,164
852,WS_RECV_START,1516300066589,165
852,WS_RECV_END,1516300067843,165
852,PLAYER_SLEEPBEFORE_START,1516300067843,166
852,PLAYER_SLEEPBEFORE_END,1516300090299,166
852,WS_SEND_START,1516300090299,166
852,WS_SEND_END,1516300090299,166
852,WS_RECV_START,1516300090299,167
852,WS_RECV_END,1516300090499,167
852,PLAYER_SLEEPBEFORE_START,1516300090499,168
852,PLAYER_SLEEPBEFORE_END,1516300117856,168
852,WS_SEND_START,1516300117856,168
852,WS_SEND_END,1516300117856,168
852,WS_RECV_START,1516300117856,169
852,WS_RECV_END,1516300121852,169
852,PLAYER_SLEEPBEFORE_START,1516300121852,170
852,PLAYER_SLEEPBEFORE_END,1516300121861,170
852,WS_SEND_START,1516300121861,170
852,WS_SEND_END,1516300121861,170
852,WS_RECV_START,1516300121861,171
852,WS_RECV_END,1516300123166,171
852,PLAYER_SLEEPBEFORE_START,1516300123166,172
852,PLAYER_SLEEPBEFORE_END,1516300123535,172
852,WS_SEND_START,1516300123535,172
852,WS_SEND_END,1516300123535,172
852,WS_RECV_START,1516300123535,173
852,WS_RECV_END,1516300124525,173
852,PLAYER_SLEEPBEFORE_START,1516300124525,174
852,PLAYER_SLEEPBEFORE_END,1516300124566,174
852,WS_SEND_START,1516300124566,174
852,WS_SEND_END,1516300124566,174
852,WS_RECV_START,1516300124566,175
852,WS_RECV_END,1516300126300,175
852,PLAYER_SLEEPBEFORE_START,1516300126300,176
852,PLAYER_SLEEPBEFORE_END,1516300148061,176
852,WS_SEND_START,1516300148061,176
852,WS_SEND_END,1516300148061,176
852,PLAYER_SLEEPBEFORE_START,1516300148061,177
852,PLAYER_SLEEPBEFORE_END,1516300150579,177
852,WS_SEND_START,1516300150579,177
852,WS_SEND_END,1516300150579,177
852,WS_RECV_START,1516300150579,178
852,WS_RECV_END,1516300151685,178
852,PLAYER_SLEEPBEFORE_START,1516300151685,179
852,PLAYER_SLEEPBEFORE_END,1516300174025,179
852,WS_SEND_START,1516300174025,179
852,WS_SEND_END,1516300174025,179
852,WS_RECV_START,1516300174025,180
852,WS_RECV_END,1516300181113,180
852,PLAYER_SLEEPBEFORE_START,1516300181113,181
852,PLAYER_SLEEPBEFORE_END,1516300181557,181
852,WS_SEND_START,1516300181557,181
852,WS_SEND_END,1516300181557,181
852,WS_RECV_START,1516300181557,182
852,WS_RECV_END,1516300184936,182
852,PLAYER_SLEEPBEFORE_START,1516300184936,183
852,PLAYER_SLEEPBEFORE_END,1516300185459,183
852,WS_SEND_START,1516300185459,183
852,WS_SEND_END,1516300185459,183
852,WS_RECV_START,1516300185459,184
852,WS_RECV_END,1516300189103,184
852,PLAYER_SLEEPBEFORE_START,1516300189103,185
852,PLAYER_SLEEPBEFORE_END,1516300189371,185
852,WS_SEND_START,1516300189371,185
852,WS_SEND_END,1516300189371,185
852,WS_RECV_START,1516300189371,186
852,WS_RECV_END,1516300192216,186
852,PLAYER_SLEEPBEFORE_START,1516300192216,187
852,PLAYER_SLEEPBEFORE_END,1516300214716,187
852,WS_SEND_START,1516300214716,187
852,WS_SEND_END,1516300214716,187
852,WS_RECV_START,1516300214716,188
852,WS_RECV_END,1516300218403,188
852,PLAYER_SLEEPBEFORE_START,1516300218403,189
852,PLAYER_SLEEPBEFORE_END,1516300224643,189
852,WS_SEND_START,1516300224643,189
852,WS_SEND_END,1516300224643,189
852,WS_RECV_START,1516300224643,190
852,WS_RECV_END,1516300228734,190
852,PLAYER_SLEEPBEFORE_START,1516300228735,191
852,PLAYER_SLEEPBEFORE_END,1516300230650,191
852,WS_SEND_START,1516300230650,191
852,WS_SEND_END,1516300230650,191
852,WS_RECV_START,1516300230650,192
852,WS_RECV_END,1516300234573,192
852,PLAYER_SLEEPBEFORE_START,1516300234573,193
852,PLAYER_SLEEPBEFORE_END,1516300234701,193
852,WS_SEND_START,1516300234701,193
852,WS_SEND_END,1516300234701,193
852,WS_RECV_START,1516300234701,194
852,WS_RECV_END,1516300236102,194
852,PLAYER_SLEEPBEFORE_START,1516300236102,195
852,PLAYER_SLEEPBEFORE_END,1516300237857,195
852,WS_SEND_START,1516300237857,195
852,WS_SEND_END,1516300237857,195
852,WS_RECV_START,1516300237857,196
852,WS_RECV_END,1516300240442,196
852,PLAYER_SLEEPBEFORE_START,1516300240442,197
852,PLAYER_SLEEPBEFORE_END,1516300242246,197
852,WS_SEND_START,1516300242246,197
852,WS_SEND_END,1516300242246,197
852,WS_RECV_START,1516300242246,198
852,WS_RECV_END,1516300244012,198
852,PLAYER_SLEEPBEFORE_START,1516300244012,199
852,PLAYER_SLEEPBEFORE_END,1516300255866,199
852,WS_SEND_START,1516300255866,199
852,WS_SEND_END,1516300255866,199
852,PLAYER_SLEEPBEFORE_START,1516300255866,200
852,PLAYER_SLEEPBEFORE_END,1516300259954,200
852,WS_SEND_START,1516300259954,200
852,WS_SEND_END,1516300259954,200
852,WS_RECV_START,1516300259954,201
852,WS_RECV_END,1516300262242,201
852,PLAYER_SLEEPBEFORE_START,1516300262242,202
852,PLAYER_SLEEPBEFORE_END,1516300262256,202
852,WS_SEND_START,1516300262256,202
852,WS_SEND_END,1516300262257,202
852,WS_RECV_START,1516300262257,203
852,WS_RECV_END,1516300264285,203
852,PLAYER_SLEEPBEFORE_START,1516300264285,204
852,PLAYER_SLEEPBEFORE_END,1516300283934,204
852,WS_SEND_START,1516300283934,204
852,WS_SEND_END,1516300283934,204
852,PLAYER_SLEEPBEFORE_START,1516300283934,205
852,PLAYER_SLEEPBEFORE_END,1516300287832,205
852,WS_SEND_START,1516300287832,205
852,WS_SEND_END,1516300287832,205
852,WS_RECV_START,1516300287832,206
852,WS_RECV_END,1516300288307,206
852,PLAYER_SLEEPBEFORE_START,1516300288307,207
852,PLAYER_SLEEPBEFORE_END,1516300305238,207
852,REQ_START,1516300305238,207
852,REQ_END,1516300305246,207
852,PLAYER_SLEEPBEFORE_START,1516300305246,208
852,PLAYER_SLEEPBEFORE_END,1516300312098,208
852,WS_CLOSE_START,1516300312098,208
852,WS_CLOSE_END,1516300312098,208
852,PLAYER_DONE,1516300312098
