# --sessions 2700 --app-url=http://shinyloadtest.rstudioservices.com/cran_explorer --output-dir test2700 --overwrite-output --log-level warn --start-interval 100 15min.log
thread_id,event,timestamp,input_line_number,comment
932,PLAYER_SESSION_CREATE,1516299245754
932,PLAYER_START_INTERVAL_START,1516299245754
932,PLAYER_START_INTERVAL_END,1516299338954
932,REQ_HOME_START,1516299338954,2
932,REQ_HOME_END,1516299339151,2
932,REQ_START,1516299339151,3
932,REQ_END,1516299339256,3
932,REQ_START,1516299339256,4
932,REQ_END,1516299339322,4
932,REQ_START,1516299339322,5
932,REQ_END,1516299339391,5
932,REQ_START,1516299339391,6
932,REQ_END,1516299339543,6
932,REQ_START,1516299339543,7
932,REQ_END,1516299339579,7
932,REQ_START,1516299339579,8
932,REQ_END,1516299339633,8
932,REQ_START,1516299339633,9
932,REQ_END,1516299339684,9
932,REQ_START,1516299339684,10
932,REQ_END,1516299339695,10
932,REQ_START,1516299339695,11
932,REQ_END,1516299339736,11
932,REQ_START,1516299339736,12
932,REQ_END,1516299339777,12
932,REQ_START,1516299339777,13
932,REQ_END,1516299339831,13
932,REQ_START,1516299339831,14
932,REQ_END,1516299339842,14
932,REQ_START,1516299339842,15
932,REQ_END,1516299339883,15
932,REQ_TOK_START,1516299339883,16
932,REQ_TOK_END,1516299339888,16
932,REQ_SINF_START,1516299339888,17
932,REQ_SINF_END,1516299339892,17
932,WS_OPEN_START,1516299339892,18
932,WS_OPEN_END,1516299339895,18
932,REQ_START,1516299339895,19
932,REQ_END,1516299340081,19
932,WS_RECV_START,1516299340081,20
932,WS_RECV_END,1516299340081,20
932,PLAYER_SLEEPBEFORE_START,1516299340081,21
932,PLAYER_SLEEPBEFORE_END,1516299340086,21
932,WS_SEND_START,1516299340086,21
932,WS_SEND_END,1516299340086,21
932,PLAYER_SLEEPBEFORE_START,1516299340086,22
932,PLAYER_SLEEPBEFORE_END,1516299340087,22
932,WS_SEND_START,1516299340087,22
932,WS_SEND_END,1516299340087,22
932,WS_RECV_INIT_START,1516299340087,23
932,WS_RECV_INIT_END,1516299340136,23
932,WS_RECV_START,1516299340136,24
932,WS_RECV_END,1516299340192,24
932,PLAYER_SLEEPBEFORE_START,1516299340193,25
932,PLAYER_SLEEPBEFORE_END,1516299340200,25
932,REQ_START,1516299340200,25
932,REQ_END,1516299340351,25
932,PLAYER_SLEEPBEFORE_START,1516299340351,26
932,PLAYER_SLEEPBEFORE_END,1516299340352,26
932,REQ_START,1516299340352,26
932,REQ_END,1516299340410,26
932,PLAYER_SLEEPBEFORE_START,1516299340410,27
932,PLAYER_SLEEPBEFORE_END,1516299340413,27
932,REQ_START,1516299340413,27
932,REQ_END,1516299340474,27
932,PLAYER_SLEEPBEFORE_START,1516299340474,28
932,PLAYER_SLEEPBEFORE_END,1516299340760,28
932,REQ_START,1516299340760,28
932,REQ_END,1516299341044,28
932,PLAYER_SLEEPBEFORE_START,1516299341044,29
932,PLAYER_SLEEPBEFORE_END,1516299341219,29
932,WS_SEND_START,1516299341219,29
932,WS_SEND_END,1516299341219,29
932,WS_RECV_START,1516299341219,30
932,WS_RECV_END,1516299341534,30
932,PLAYER_SLEEPBEFORE_START,1516299341534,31
932,PLAYER_SLEEPBEFORE_END,1516299341546,31
932,REQ_START,1516299341546,31
932,REQ_END,1516299342060,31
932,PLAYER_SLEEPBEFORE_START,1516299342060,32
932,PLAYER_SLEEPBEFORE_END,1516299370287,32
932,WS_SEND_START,1516299370287,32
932,WS_SEND_END,1516299370287,32
932,WS_RECV_START,1516299370287,33
932,WS_RECV_END,1516299370411,33
932,PLAYER_SLEEPBEFORE_START,1516299370411,34
932,PLAYER_SLEEPBEFORE_END,1516299396322,34
932,WS_SEND_START,1516299396322,34
932,WS_SEND_END,1516299396322,34
932,WS_RECV_START,1516299396322,35
932,WS_RECV_END,1516299396375,35
932,PLAYER_SLEEPBEFORE_START,1516299396375,36
932,PLAYER_SLEEPBEFORE_END,1516299396384,36
932,WS_SEND_START,1516299396384,36
932,WS_SEND_END,1516299396384,36
932,WS_RECV_START,1516299396384,37
932,WS_RECV_END,1516299396453,37
932,PLAYER_SLEEPBEFORE_START,1516299396453,38
932,PLAYER_SLEEPBEFORE_END,1516299399648,38
932,WS_SEND_START,1516299399648,38
932,WS_SEND_END,1516299399648,38
932,WS_RECV_START,1516299399648,39
932,WS_RECV_END,1516299399855,39
932,PLAYER_SLEEPBEFORE_START,1516299399855,40
932,PLAYER_SLEEPBEFORE_END,1516299399901,40
932,WS_SEND_START,1516299399901,40
932,WS_SEND_END,1516299399901,40
932,WS_RECV_START,1516299399901,41
932,WS_RECV_END,1516299400105,41
932,PLAYER_SLEEPBEFORE_START,1516299400105,42
932,PLAYER_SLEEPBEFORE_END,1516299418241,42
932,WS_SEND_START,1516299418241,42
932,WS_SEND_END,1516299418241,42
932,WS_RECV_START,1516299418241,43
932,WS_RECV_END,1516299418281,43
932,PLAYER_SLEEPBEFORE_START,1516299418281,44
932,PLAYER_SLEEPBEFORE_END,1516299418293,44
932,WS_SEND_START,1516299418293,44
932,WS_SEND_END,1516299418293,44
932,WS_RECV_START,1516299418293,45
932,WS_RECV_END,1516299418337,45
932,PLAYER_SLEEPBEFORE_START,1516299418337,46
932,PLAYER_SLEEPBEFORE_END,1516299419598,46
932,WS_SEND_START,1516299419598,46
932,WS_SEND_END,1516299419598,46
932,WS_RECV_START,1516299419598,47
932,WS_RECV_END,1516299419717,47
932,PLAYER_SLEEPBEFORE_START,1516299419717,48
932,PLAYER_SLEEPBEFORE_END,1516299421037,48
932,WS_SEND_START,1516299421037,48
932,WS_SEND_END,1516299421037,48
932,WS_RECV_START,1516299421037,49
932,WS_RECV_END,1516299421172,49
932,PLAYER_SLEEPBEFORE_START,1516299421172,50
932,PLAYER_SLEEPBEFORE_END,1516299421196,50
932,WS_SEND_START,1516299421196,50
932,WS_SEND_END,1516299421196,50
932,WS_RECV_START,1516299421196,51
932,WS_RECV_END,1516299421522,51
932,PLAYER_SLEEPBEFORE_START,1516299421522,52
932,PLAYER_SLEEPBEFORE_END,1516299444086,52
932,WS_SEND_START,1516299444086,52
932,WS_SEND_END,1516299444086,52
932,WS_RECV_START,1516299444086,53
932,WS_RECV_END,1516299444411,53
932,PLAYER_SLEEPBEFORE_START,1516299444411,54
932,PLAYER_SLEEPBEFORE_END,1516299465714,54
932,WS_SEND_START,1516299465714,54
932,WS_SEND_END,1516299465714,54
932,PLAYER_SLEEPBEFORE_START,1516299465714,55
932,PLAYER_SLEEPBEFORE_END,1516299467655,55
932,WS_SEND_START,1516299467655,55
932,WS_SEND_END,1516299467655,55
932,WS_RECV_START,1516299467655,56
932,WS_RECV_END,1516299467741,56
932,PLAYER_SLEEPBEFORE_START,1516299467741,57
932,PLAYER_SLEEPBEFORE_END,1516299490613,57
932,WS_SEND_START,1516299490613,57
932,WS_SEND_END,1516299490614,57
932,WS_RECV_START,1516299490614,58
932,WS_RECV_END,1516299490766,58
932,PLAYER_SLEEPBEFORE_START,1516299490766,59
932,PLAYER_SLEEPBEFORE_END,1516299493093,59
932,WS_SEND_START,1516299493093,59
932,WS_SEND_END,1516299493093,59
932,WS_RECV_START,1516299493093,60
932,WS_RECV_END,1516299493771,60
932,PLAYER_SLEEPBEFORE_START,1516299493771,61
932,PLAYER_SLEEPBEFORE_END,1516299497362,61
932,WS_SEND_START,1516299497363,61
932,WS_SEND_END,1516299497363,61
932,WS_RECV_START,1516299497363,62
932,WS_RECV_END,1516299498167,62
932,PLAYER_SLEEPBEFORE_START,1516299498167,63
932,PLAYER_SLEEPBEFORE_END,1516299517429,63
932,WS_SEND_START,1516299517429,63
932,WS_SEND_END,1516299517429,63
932,WS_RECV_START,1516299517429,64
932,WS_RECV_END,1516299517982,64
932,PLAYER_SLEEPBEFORE_START,1516299517982,65
932,PLAYER_SLEEPBEFORE_END,1516299544799,65
932,WS_SEND_START,1516299544799,65
932,WS_SEND_END,1516299544799,65
932,WS_RECV_START,1516299544799,66
932,WS_RECV_END,1516299545778,66
932,PLAYER_SLEEPBEFORE_START,1516299545778,67
932,PLAYER_SLEEPBEFORE_END,1516299547285,67
932,WS_SEND_START,1516299547285,67
932,WS_SEND_END,1516299547285,67
932,WS_RECV_START,1516299547285,68
932,WS_RECV_END,1516299548704,68
932,PLAYER_SLEEPBEFORE_START,1516299548704,69
932,PLAYER_SLEEPBEFORE_END,1516299570703,69
932,WS_SEND_START,1516299570703,69
932,WS_SEND_END,1516299570703,69
932,WS_RECV_START,1516299570703,70
932,WS_RECV_END,1516299571838,70
932,PLAYER_SLEEPBEFORE_START,1516299571838,71
932,PLAYER_SLEEPBEFORE_END,1516299596613,71
932,WS_SEND_START,1516299596613,71
932,WS_SEND_END,1516299596613,71
932,PLAYER_SLEEPBEFORE_START,1516299596613,72
932,PLAYER_SLEEPBEFORE_END,1516299599220,72
932,WS_SEND_START,1516299599220,72
932,WS_SEND_END,1516299599220,72
932,WS_RECV_START,1516299599220,73
932,WS_RECV_END,1516299600531,73
932,PLAYER_SLEEPBEFORE_START,1516299600531,74
932,PLAYER_SLEEPBEFORE_END,1516299600540,74
932,WS_SEND_START,1516299600540,74
932,WS_SEND_END,1516299600540,74
932,WS_RECV_START,1516299600540,75
932,WS_RECV_END,1516299600869,75
932,PLAYER_SLEEPBEFORE_START,1516299600869,76
932,PLAYER_SLEEPBEFORE_END,1516299602375,76
932,WS_SEND_START,1516299602375,76
932,WS_SEND_END,1516299602375,76
932,WS_RECV_START,1516299602375,77
932,WS_RECV_END,1516299604769,77
932,PLAYER_SLEEPBEFORE_START,1516299604769,78
932,PLAYER_SLEEPBEFORE_END,1516299605637,78
932,WS_SEND_START,1516299605637,78
932,WS_SEND_END,1516299605637,78
932,WS_RECV_START,1516299605637,79
932,WS_RECV_END,1516299607148,79
932,PLAYER_SLEEPBEFORE_START,1516299607148,80
932,PLAYER_SLEEPBEFORE_END,1516299614814,80
932,WS_SEND_START,1516299614814,80
932,WS_SEND_END,1516299614814,80
932,WS_RECV_START,1516299614814,81
932,WS_RECV_END,1516299615453,81
932,PLAYER_SLEEPBEFORE_START,1516299615453,82
932,PLAYER_SLEEPBEFORE_END,1516299616555,82
932,WS_SEND_START,1516299616555,82
932,WS_SEND_END,1516299616555,82
932,WS_RECV_START,1516299616555,83
932,WS_RECV_END,1516299618193,83
932,PLAYER_SLEEPBEFORE_START,1516299618193,84
932,PLAYER_SLEEPBEFORE_END,1516299619140,84
932,WS_SEND_START,1516299619140,84
932,WS_SEND_END,1516299619140,84
932,WS_RECV_START,1516299619140,85
932,WS_RECV_END,1516299620167,85
932,PLAYER_SLEEPBEFORE_START,1516299620167,86
932,PLAYER_SLEEPBEFORE_END,1516299624339,86
932,WS_SEND_START,1516299624339,86
932,WS_SEND_END,1516299624339,86
932,WS_RECV_START,1516299624339,87
932,WS_RECV_END,1516299625233,87
932,PLAYER_SLEEPBEFORE_START,1516299625233,88
932,PLAYER_SLEEPBEFORE_END,1516299625241,88
932,WS_SEND_START,1516299625241,88
932,WS_SEND_END,1516299625241,88
932,WS_RECV_START,1516299625241,89
932,WS_RECV_END,1516299625537,89
932,PLAYER_SLEEPBEFORE_START,1516299625537,90
932,PLAYER_SLEEPBEFORE_END,1516299652734,90
932,REQ_START,1516299652734,90
932,REQ_END,1516299652760,90
932,PLAYER_SLEEPBEFORE_START,1516299652760,91
932,PLAYER_SLEEPBEFORE_END,1516299660649,91
932,WS_SEND_START,1516299660649,91
932,WS_SEND_END,1516299660649,91
932,WS_RECV_START,1516299660649,92
932,WS_RECV_END,1516299662223,92
932,PLAYER_SLEEPBEFORE_START,1516299662223,93
932,PLAYER_SLEEPBEFORE_END,1516299662239,93
932,WS_SEND_START,1516299662239,93
932,WS_SEND_END,1516299662239,93
932,WS_RECV_START,1516299662239,94
932,WS_RECV_END,1516299663321,94
932,PLAYER_SLEEPBEFORE_START,1516299663321,95
932,PLAYER_SLEEPBEFORE_END,1516299686876,95
932,WS_SEND_START,1516299686876,95
932,WS_SEND_END,1516299686876,95
932,WS_RECV_START,1516299686876,96
932,WS_RECV_END,1516299687369,96
932,PLAYER_SLEEPBEFORE_START,1516299687369,97
932,PLAYER_SLEEPBEFORE_END,1516299709809,97
932,WS_SEND_START,1516299709809,97
932,WS_SEND_END,1516299709809,97
932,WS_RECV_START,1516299709809,98
932,WS_RECV_END,1516299710531,98
932,PLAYER_SLEEPBEFORE_START,1516299710531,99
932,PLAYER_SLEEPBEFORE_END,1516299710552,99
932,WS_SEND_START,1516299710552,99
932,WS_SEND_END,1516299710552,99
932,WS_RECV_START,1516299710552,100
932,WS_RECV_END,1516299711230,100
932,PLAYER_SLEEPBEFORE_START,1516299711230,101
932,PLAYER_SLEEPBEFORE_END,1516299734789,101
932,WS_SEND_START,1516299734789,101
932,WS_SEND_END,1516299734789,101
932,WS_RECV_START,1516299734789,102
932,WS_RECV_END,1516299736493,102
932,PLAYER_SLEEPBEFORE_START,1516299736493,103
932,PLAYER_SLEEPBEFORE_END,1516299760118,103
932,WS_SEND_START,1516299760118,103
932,WS_SEND_END,1516299760118,103
932,WS_RECV_START,1516299760118,104
932,WS_RECV_END,1516299763933,104
932,PLAYER_SLEEPBEFORE_START,1516299763933,105
932,PLAYER_SLEEPBEFORE_END,1516299789311,105
932,WS_SEND_START,1516299789311,105
932,WS_SEND_END,1516299789311,105
932,WS_RECV_START,1516299789311,106
932,WS_RECV_END,1516299792927,106
932,PLAYER_SLEEPBEFORE_START,1516299792927,107
932,PLAYER_SLEEPBEFORE_END,1516299816350,107
932,WS_SEND_START,1516299816350,107
932,WS_SEND_END,1516299816350,107
932,WS_RECV_START,1516299816350,108
932,WS_RECV_END,1516299820640,108
932,PLAYER_SLEEPBEFORE_START,1516299820640,109
932,PLAYER_SLEEPBEFORE_END,1516299820649,109
932,WS_SEND_START,1516299820649,109
932,WS_SEND_END,1516299820649,109
932,WS_RECV_START,1516299820649,110
932,WS_RECV_END,1516299822629,110
932,PLAYER_SLEEPBEFORE_START,1516299822629,111
932,PLAYER_SLEEPBEFORE_END,1516299823588,111
932,WS_SEND_START,1516299823588,111
932,WS_SEND_END,1516299823588,111
932,WS_RECV_START,1516299823588,112
932,WS_RECV_END,1516299825905,112
932,PLAYER_SLEEPBEFORE_START,1516299825905,113
932,PLAYER_SLEEPBEFORE_END,1516299826467,113
932,WS_SEND_START,1516299826467,113
932,WS_SEND_END,1516299826467,113
932,WS_RECV_START,1516299826467,114
932,WS_RECV_END,1516299830624,114
932,PLAYER_SLEEPBEFORE_START,1516299830624,115
932,PLAYER_SLEEPBEFORE_END,1516299830633,115
932,WS_SEND_START,1516299830633,115
932,WS_SEND_END,1516299830633,115
932,WS_RECV_START,1516299830633,116
932,WS_RECV_END,1516299836123,116
932,PLAYER_SLEEPBEFORE_START,1516299836123,117
932,PLAYER_SLEEPBEFORE_END,1516299856483,117
932,WS_SEND_START,1516299856483,117
932,WS_SEND_END,1516299856483,117
932,PLAYER_SLEEPBEFORE_START,1516299856483,118
932,PLAYER_SLEEPBEFORE_END,1516299860235,118
932,WS_SEND_START,1516299860235,118
932,WS_SEND_END,1516299860235,118
932,WS_RECV_START,1516299860235,119
932,WS_RECV_END,1516299861479,119
932,PLAYER_SLEEPBEFORE_START,1516299861479,120
932,PLAYER_SLEEPBEFORE_END,1516299862468,120
932,WS_SEND_START,1516299862468,120
932,WS_SEND_END,1516299862468,120
932,WS_RECV_START,1516299862468,121
932,WS_RECV_END,1516299863490,121
932,PLAYER_SLEEPBEFORE_START,1516299863490,122
932,PLAYER_SLEEPBEFORE_END,1516299864675,122
932,WS_SEND_START,1516299864675,122
932,WS_SEND_END,1516299864675,122
932,WS_RECV_START,1516299864675,123
932,WS_RECV_END,1516299866136,123
932,PLAYER_SLEEPBEFORE_START,1516299866136,124
932,PLAYER_SLEEPBEFORE_END,1516299890542,124
932,WS_SEND_START,1516299890542,124
932,WS_SEND_END,1516299890542,124
932,WS_RECV_START,1516299890542,125
932,WS_RECV_END,1516299898182,125
932,PLAYER_SLEEPBEFORE_START,1516299898182,126
932,PLAYER_SLEEPBEFORE_END,1516299918694,126
932,WS_SEND_START,1516299918694,126
932,WS_SEND_END,1516299918694,126
932,PLAYER_SLEEPBEFORE_START,1516299918694,127
932,PLAYER_SLEEPBEFORE_END,1516299921749,127
932,WS_SEND_START,1516299921749,127
932,WS_SEND_END,1516299921749,127
932,WS_RECV_START,1516299921749,128
932,WS_RECV_END,1516299925800,128
932,PLAYER_SLEEPBEFORE_START,1516299925801,129
932,PLAYER_SLEEPBEFORE_END,1516299925821,129
932,WS_SEND_START,1516299925821,129
932,WS_SEND_END,1516299925821,129
932,WS_RECV_START,1516299925821,130
932,WS_RECV_END,1516299927176,130
932,PLAYER_SLEEPBEFORE_START,1516299927176,131
932,PLAYER_SLEEPBEFORE_END,1516299948800,131
932,WS_SEND_START,1516299948800,131
932,WS_SEND_END,1516299948800,131
932,PLAYER_SLEEPBEFORE_START,1516299948800,132
932,PLAYER_SLEEPBEFORE_END,1516299951880,132
932,WS_SEND_START,1516299951880,132
932,WS_SEND_END,1516299951880,132
932,WS_RECV_START,1516299951880,133
932,WS_RECV_END,1516299954165,133
932,PLAYER_SLEEPBEFORE_START,1516299954165,134
932,PLAYER_SLEEPBEFORE_END,1516299975382,134
932,WS_SEND_START,1516299975382,134
932,WS_SEND_END,1516299975383,134
932,PLAYER_SLEEPBEFORE_START,1516299975383,135
932,PLAYER_SLEEPBEFORE_END,1516299978573,135
932,WS_SEND_START,1516299978573,135
932,WS_SEND_END,1516299978573,135
932,WS_RECV_START,1516299978573,136
932,WS_RECV_END,1516299978798,136
932,PLAYER_SLEEPBEFORE_START,1516299978798,137
932,PLAYER_SLEEPBEFORE_END,1516299978805,137
932,WS_SEND_START,1516299978805,137
932,WS_SEND_END,1516299978805,137
932,WS_RECV_START,1516299978805,138
932,WS_RECV_END,1516299978921,138
932,PLAYER_SLEEPBEFORE_START,1516299978921,139
932,PLAYER_SLEEPBEFORE_END,1516299979611,139
932,WS_SEND_START,1516299979611,139
932,WS_SEND_END,1516299979611,139
932,WS_RECV_START,1516299979611,140
932,WS_RECV_END,1516299980145,140
932,PLAYER_SLEEPBEFORE_START,1516299980145,141
932,PLAYER_SLEEPBEFORE_END,1516299980800,141
932,WS_SEND_START,1516299980800,141
932,WS_SEND_END,1516299980800,141
932,WS_RECV_START,1516299980800,142
932,WS_RECV_END,1516299981931,142
932,PLAYER_SLEEPBEFORE_START,1516299981931,143
932,PLAYER_SLEEPBEFORE_END,1516299981988,143
932,WS_SEND_START,1516299981988,143
932,WS_SEND_END,1516299981988,143
932,WS_RECV_START,1516299981988,144
932,WS_RECV_END,1516299982615,144
932,PLAYER_SLEEPBEFORE_START,1516299982615,145
932,PLAYER_SLEEPBEFORE_END,1516299998677,145
932,REQ_START,1516299998677,145
932,REQ_END,1516299998682,145
932,PLAYER_SLEEPBEFORE_START,1516299998682,146
932,PLAYER_SLEEPBEFORE_END,1516300007559,146
932,WS_SEND_START,1516300007559,146
932,WS_SEND_END,1516300007559,146
932,WS_RECV_START,1516300007559,147
932,WS_RECV_END,1516300009364,147
932,PLAYER_SLEEPBEFORE_START,1516300009364,148
932,PLAYER_SLEEPBEFORE_END,1516300031286,148
932,WS_SEND_START,1516300031286,148
932,WS_SEND_END,1516300031286,148
932,PLAYER_SLEEPBEFORE_START,1516300031286,149
932,PLAYER_SLEEPBEFORE_END,1516300033714,149
932,WS_SEND_START,1516300033714,149
932,WS_SEND_END,1516300033714,149
932,WS_RECV_START,1516300033714,150
932,WS_RECV_END,1516300033897,150
932,PLAYER_SLEEPBEFORE_START,1516300033897,151
932,PLAYER_SLEEPBEFORE_END,1516300034108,151
932,WS_SEND_START,1516300034108,151
932,WS_SEND_END,1516300034108,151
932,WS_RECV_START,1516300034108,152
932,WS_RECV_END,1516300034319,152
932,PLAYER_SLEEPBEFORE_START,1516300034319,153
932,PLAYER_SLEEPBEFORE_END,1516300058246,153
932,WS_SEND_START,1516300058246,153
932,WS_SEND_END,1516300058246,153
932,WS_RECV_START,1516300058246,154
932,WS_RECV_END,1516300058878,154
932,PLAYER_SLEEPBEFORE_START,1516300058878,155
932,PLAYER_SLEEPBEFORE_END,1516300081446,155
932,WS_SEND_START,1516300081446,155
932,WS_SEND_END,1516300081446,155
932,PLAYER_SLEEPBEFORE_START,1516300081446,156
932,PLAYER_SLEEPBEFORE_END,1516300084720,156
932,WS_SEND_START,1516300084720,156
932,WS_SEND_END,1516300084720,156
932,WS_RECV_START,1516300084720,157
932,WS_RECV_END,1516300084881,157
932,PLAYER_SLEEPBEFORE_START,1516300084881,158
932,PLAYER_SLEEPBEFORE_END,1516300084891,158
932,WS_SEND_START,1516300084891,158
932,WS_SEND_END,1516300084891,158
932,WS_RECV_START,1516300084891,159
932,WS_RECV_END,1516300084961,159
932,PLAYER_SLEEPBEFORE_START,1516300084961,160
932,PLAYER_SLEEPBEFORE_END,1516300085136,160
932,WS_SEND_START,1516300085136,160
932,WS_SEND_END,1516300085136,160
932,WS_RECV_START,1516300085136,161
932,WS_RECV_END,1516300085466,161
932,PLAYER_SLEEPBEFORE_START,1516300085466,162
932,PLAYER_SLEEPBEFORE_END,1516300085492,162
932,WS_SEND_START,1516300085492,162
932,WS_SEND_END,1516300085492,162
932,WS_RECV_START,1516300085492,163
932,WS_RECV_END,1516300085754,163
932,PLAYER_SLEEPBEFORE_START,1516300085754,164
932,PLAYER_SLEEPBEFORE_END,1516300106566,164
932,WS_SEND_START,1516300106566,164
932,WS_SEND_END,1516300106566,164
932,WS_RECV_START,1516300106566,165
932,WS_RECV_END,1516300108013,165
932,PLAYER_SLEEPBEFORE_START,1516300108013,166
932,PLAYER_SLEEPBEFORE_END,1516300130468,166
932,WS_SEND_START,1516300130468,166
932,WS_SEND_END,1516300130468,166
932,WS_RECV_START,1516300130468,167
932,WS_RECV_END,1516300131972,167
932,PLAYER_SLEEPBEFORE_START,1516300131972,168
932,PLAYER_SLEEPBEFORE_END,1516300159329,168
932,WS_SEND_START,1516300159329,168
932,WS_SEND_END,1516300159329,168
932,WS_RECV_START,1516300159329,169
932,WS_RECV_END,1516300162028,169
932,PLAYER_SLEEPBEFORE_START,1516300162028,170
932,PLAYER_SLEEPBEFORE_END,1516300162037,170
932,WS_SEND_START,1516300162037,170
932,WS_SEND_END,1516300162037,170
932,WS_RECV_START,1516300162037,171
932,WS_RECV_END,1516300163689,171
932,PLAYER_SLEEPBEFORE_START,1516300163689,172
932,PLAYER_SLEEPBEFORE_END,1516300164058,172
932,WS_SEND_START,1516300164058,172
932,WS_SEND_END,1516300164058,172
932,WS_RECV_START,1516300164058,173
932,WS_RECV_END,1516300165296,173
932,PLAYER_SLEEPBEFORE_START,1516300165296,174
932,PLAYER_SLEEPBEFORE_END,1516300165337,174
932,WS_SEND_START,1516300165337,174
932,WS_SEND_END,1516300165337,174
932,WS_RECV_START,1516300165337,175
932,WS_RECV_END,1516300167270,175
932,PLAYER_SLEEPBEFORE_START,1516300167270,176
932,PLAYER_SLEEPBEFORE_END,1516300189031,176
932,WS_SEND_START,1516300189031,176
932,WS_SEND_END,1516300189031,176
932,PLAYER_SLEEPBEFORE_START,1516300189031,177
932,PLAYER_SLEEPBEFORE_END,1516300191549,177
932,WS_SEND_START,1516300191549,177
932,WS_SEND_END,1516300191549,177
932,WS_RECV_START,1516300191549,178
932,WS_RECV_END,1516300193097,178
932,PLAYER_SLEEPBEFORE_START,1516300193097,179
932,PLAYER_SLEEPBEFORE_END,1516300215438,179
932,WS_SEND_START,1516300215438,179
932,WS_SEND_END,1516300215438,179
932,WS_RECV_START,1516300215438,180
932,WS_RECV_END,1516300219108,180
932,PLAYER_SLEEPBEFORE_START,1516300219108,181
932,PLAYER_SLEEPBEFORE_END,1516300219552,181
932,WS_SEND_START,1516300219552,181
932,WS_SEND_END,1516300219552,181
932,WS_RECV_START,1516300219552,182
932,WS_RECV_END,1516300221453,182
932,PLAYER_SLEEPBEFORE_START,1516300221453,183
932,PLAYER_SLEEPBEFORE_END,1516300221976,183
932,WS_SEND_START,1516300221976,183
932,WS_SEND_END,1516300221976,183
932,WS_RECV_START,1516300221976,184
932,WS_RECV_END,1516300224821,184
932,PLAYER_SLEEPBEFORE_START,1516300224821,185
932,PLAYER_SLEEPBEFORE_END,1516300225089,185
932,WS_SEND_START,1516300225089,185
932,WS_SEND_END,1516300225089,185
932,WS_RECV_START,1516300225089,186
932,WS_RECV_END,1516300227419,186
932,PLAYER_SLEEPBEFORE_START,1516300227419,187
932,PLAYER_SLEEPBEFORE_END,1516300249920,187
932,WS_SEND_START,1516300249920,187
932,WS_SEND_END,1516300249920,187
932,WS_RECV_START,1516300249920,188
932,WS_RECV_END,1516300252069,188
932,PLAYER_SLEEPBEFORE_START,1516300252069,189
932,PLAYER_SLEEPBEFORE_END,1516300258308,189
932,WS_SEND_START,1516300258308,189
932,WS_SEND_END,1516300258308,189
932,WS_RECV_START,1516300258309,190
932,WS_RECV_END,1516300260661,190
932,PLAYER_SLEEPBEFORE_START,1516300260661,191
932,PLAYER_SLEEPBEFORE_END,1516300262576,191
932,WS_SEND_START,1516300262576,191
932,WS_SEND_END,1516300262576,191
932,WS_RECV_START,1516300262576,192
932,WS_RECV_END,1516300265566,192
932,PLAYER_SLEEPBEFORE_START,1516300265566,193
932,PLAYER_SLEEPBEFORE_END,1516300265694,193
932,WS_SEND_START,1516300265694,193
932,WS_SEND_END,1516300265694,193
932,WS_RECV_START,1516300265694,194
932,WS_RECV_END,1516300267940,194
932,PLAYER_SLEEPBEFORE_START,1516300267940,195
932,PLAYER_SLEEPBEFORE_END,1516300269695,195
932,WS_SEND_START,1516300269695,195
932,WS_SEND_END,1516300269695,195
932,WS_RECV_START,1516300269695,196
932,WS_RECV_END,1516300271638,196
932,PLAYER_SLEEPBEFORE_START,1516300271638,197
932,PLAYER_SLEEPBEFORE_END,1516300273442,197
932,WS_SEND_START,1516300273442,197
932,WS_SEND_END,1516300273442,197
932,WS_RECV_START,1516300273442,198
932,WS_RECV_END,1516300275582,198
932,PLAYER_SLEEPBEFORE_START,1516300275582,199
932,PLAYER_SLEEPBEFORE_END,1516300287437,199
932,WS_SEND_START,1516300287437,199
932,WS_SEND_END,1516300287437,199
932,PLAYER_SLEEPBEFORE_START,1516300287437,200
932,PLAYER_SLEEPBEFORE_END,1516300291525,200
932,WS_SEND_START,1516300291525,200
932,WS_SEND_END,1516300291525,200
932,WS_RECV_START,1516300291525,201
932,WS_RECV_END,1516300293291,201
932,PLAYER_SLEEPBEFORE_START,1516300293292,202
932,PLAYER_SLEEPBEFORE_END,1516300293306,202
932,WS_SEND_START,1516300293306,202
932,WS_SEND_END,1516300293306,202
932,WS_RECV_START,1516300293306,203
932,WS_RECV_END,1516300294489,203
932,PLAYER_SLEEPBEFORE_START,1516300294489,204
932,PLAYER_SLEEPBEFORE_END,1516300314138,204
932,WS_SEND_START,1516300314138,204
932,WS_SEND_END,1516300314138,204
932,PLAYER_SLEEPBEFORE_START,1516300314138,205
932,PLAYER_SLEEPBEFORE_END,1516300318036,205
932,WS_SEND_START,1516300318036,205
932,WS_SEND_END,1516300318036,205
932,WS_RECV_START,1516300318036,206
932,WS_RECV_END,1516300318671,206
932,PLAYER_SLEEPBEFORE_START,1516300318671,207
932,PLAYER_SLEEPBEFORE_END,1516300335602,207
932,REQ_START,1516300335602,207
932,REQ_END,1516300335607,207
932,PLAYER_SLEEPBEFORE_START,1516300335607,208
932,PLAYER_SLEEPBEFORE_END,1516300342459,208
932,WS_CLOSE_START,1516300342459,208
932,WS_CLOSE_END,1516300342459,208
932,PLAYER_DONE,1516300342459
