# --sessions 90 --app-url=http://shinyloadtest.rstudioservices.com/cran_explorer --output-dir test90 --overwrite-output --log-level warn --start-interval 500 15min.log
thread_id,event,timestamp,input_line_number,comment
67,PLAYER_SESSION_CREATE,1516213736119
67,PLAYER_START_INTERVAL_START,1516213736119
67,PLAYER_START_INTERVAL_END,1516213769619
67,REQ_HOME_START,1516213769619,2
67,REQ_HOME_END,1516213770440,2
67,REQ_START,1516213770440,3
67,REQ_END,1516213771716,3
67,REQ_START,1516213771716,4
67,REQ_END,1516213773074,4
67,REQ_START,1516213773074,5
67,REQ_END,1516213774274,5
67,REQ_START,1516213774274,6
67,REQ_END,1516213775674,6
67,REQ_START,1516213775674,7
67,REQ_END,1516213777149,7
67,REQ_START,1516213777149,8
67,REQ_END,1516213778662,8
67,REQ_START,1516213778662,9
67,REQ_END,1516213780129,9
67,REQ_START,1516213780130,10
67,REQ_END,1516213780139,10
67,REQ_START,1516213780139,11
67,REQ_END,1516213781721,11
67,REQ_START,1516213781721,12
67,REQ_END,1516213781733,12
67,REQ_START,1516213781733,13
67,REQ_END,1516213783107,13
67,REQ_START,1516213783107,14
67,REQ_END,1516213783125,14
67,REQ_START,1516213783125,15
67,REQ_END,1516213784636,15
67,REQ_TOK_START,1516213784636,16
67,REQ_TOK_END,1516213784664,16
67,REQ_SINF_START,1516213784664,17
67,REQ_SINF_END,1516213784671,17
67,WS_OPEN_START,1516213784672,18
67,WS_OPEN_END,1516213784679,18
67,REQ_START,1516213784679,19
67,REQ_END,1516213785802,19
67,WS_RECV_START,1516213785802,20
67,WS_RECV_END,1516213785802,20
67,PLAYER_SLEEPBEFORE_START,1516213785802,21
67,PLAYER_SLEEPBEFORE_END,1516213785807,21
67,WS_SEND_START,1516213785807,21
67,WS_SEND_END,1516213785807,21
67,PLAYER_SLEEPBEFORE_START,1516213785807,22
67,PLAYER_SLEEPBEFORE_END,1516213785809,22
67,WS_SEND_START,1516213785809,22
67,WS_SEND_END,1516213785809,22
67,WS_RECV_INIT_START,1516213785809,23
67,WS_RECV_INIT_END,1516213787071,23
67,WS_RECV_START,1516213787071,24
67,WS_RECV_END,1516213787310,24
67,PLAYER_SLEEPBEFORE_START,1516213787310,25
67,PLAYER_SLEEPBEFORE_END,1516213787317,25
67,REQ_START,1516213787317,25
67,REQ_END,1516213788509,25
67,PLAYER_SLEEPBEFORE_START,1516213788509,26
67,PLAYER_SLEEPBEFORE_END,1516213788510,26
67,REQ_START,1516213788510,26
67,REQ_END,1516213789845,26
67,PLAYER_SLEEPBEFORE_START,1516213789845,27
67,PLAYER_SLEEPBEFORE_END,1516213789849,27
67,REQ_START,1516213789849,27
67,REQ_END,1516213791206,27
67,PLAYER_SLEEPBEFORE_START,1516213791206,28
67,PLAYER_SLEEPBEFORE_END,1516213791491,28
67,REQ_START,1516213791491,28
67,REQ_END,1516213792457,28
67,PLAYER_SLEEPBEFORE_START,1516213792457,29
67,PLAYER_SLEEPBEFORE_END,1516213792632,29
67,WS_SEND_START,1516213792632,29
67,WS_SEND_END,1516213792632,29
67,WS_RECV_START,1516213792632,30
67,WS_RECV_END,1516213793299,30
67,PLAYER_SLEEPBEFORE_START,1516213793299,31
67,PLAYER_SLEEPBEFORE_END,1516213793310,31
67,REQ_START,1516213793310,31
67,REQ_END,1516213794510,31
67,PLAYER_SLEEPBEFORE_START,1516213794510,32
67,PLAYER_SLEEPBEFORE_END,1516213822655,32
67,WS_SEND_START,1516213822655,32
67,WS_SEND_END,1516213822655,32
67,WS_RECV_START,1516213822655,33
67,WS_RECV_END,1516213823058,33
67,PLAYER_SLEEPBEFORE_START,1516213823058,34
67,PLAYER_SLEEPBEFORE_END,1516213848969,34
67,WS_SEND_START,1516213848969,34
67,WS_SEND_END,1516213848969,34
67,WS_RECV_START,1516213848969,35
67,WS_RECV_END,1516213849731,35
67,PLAYER_SLEEPBEFORE_START,1516213849731,36
67,PLAYER_SLEEPBEFORE_END,1516213849740,36
67,WS_SEND_START,1516213849740,36
67,WS_SEND_END,1516213849740,36
67,WS_RECV_START,1516213849740,37
67,WS_RECV_END,1516213850185,37
67,PLAYER_SLEEPBEFORE_START,1516213850185,38
67,PLAYER_SLEEPBEFORE_END,1516213853381,38
67,WS_SEND_START,1516213853381,38
67,WS_SEND_END,1516213853381,38
67,WS_RECV_START,1516213853381,39
67,WS_RECV_END,1516213854632,39
67,PLAYER_SLEEPBEFORE_START,1516213854632,40
67,PLAYER_SLEEPBEFORE_END,1516213854678,40
67,WS_SEND_START,1516213854678,40
67,WS_SEND_END,1516213854678,40
67,WS_RECV_START,1516213854679,41
67,WS_RECV_END,1516213854961,41
67,PLAYER_SLEEPBEFORE_START,1516213854961,42
67,PLAYER_SLEEPBEFORE_END,1516213873096,42
67,WS_SEND_START,1516213873096,42
67,WS_SEND_END,1516213873096,42
67,WS_RECV_START,1516213873096,43
67,WS_RECV_END,1516213875112,43
67,PLAYER_SLEEPBEFORE_START,1516213875112,44
67,PLAYER_SLEEPBEFORE_END,1516213875124,44
67,WS_SEND_START,1516213875124,44
67,WS_SEND_END,1516213875124,44
67,WS_RECV_START,1516213875124,45
67,WS_RECV_END,1516213875637,45
67,PLAYER_SLEEPBEFORE_START,1516213875637,46
67,PLAYER_SLEEPBEFORE_END,1516213876897,46
67,WS_SEND_START,1516213876897,46
67,WS_SEND_END,1516213876897,46
67,WS_RECV_START,1516213876897,47
67,WS_RECV_END,1516213877684,47
67,PLAYER_SLEEPBEFORE_START,1516213877684,48
67,PLAYER_SLEEPBEFORE_END,1516213879004,48
67,WS_SEND_START,1516213879004,48
67,WS_SEND_END,1516213879004,48
67,WS_RECV_START,1516213879004,49
67,WS_RECV_END,1516213879691,49
67,PLAYER_SLEEPBEFORE_START,1516213879691,50
67,PLAYER_SLEEPBEFORE_END,1516213879715,50
67,WS_SEND_START,1516213879715,50
67,WS_SEND_END,1516213879716,50
67,WS_RECV_START,1516213879716,51
67,WS_RECV_END,1516213880905,51
67,PLAYER_SLEEPBEFORE_START,1516213880905,52
67,PLAYER_SLEEPBEFORE_END,1516213903469,52
67,WS_SEND_START,1516213903469,52
67,WS_SEND_END,1516213903469,52
67,WS_RECV_START,1516213903469,53
67,WS_RECV_END,1516213903837,53
67,PLAYER_SLEEPBEFORE_START,1516213903837,54
67,PLAYER_SLEEPBEFORE_END,1516213925140,54
67,WS_SEND_START,1516213925140,54
67,WS_SEND_END,1516213925140,54
67,PLAYER_SLEEPBEFORE_START,1516213925140,55
67,PLAYER_SLEEPBEFORE_END,1516213927081,55
67,WS_SEND_START,1516213927081,55
67,WS_SEND_END,1516213927081,55
67,WS_RECV_START,1516213927081,56
67,WS_RECV_END,1516213927262,56
67,PLAYER_SLEEPBEFORE_START,1516213927262,57
67,PLAYER_SLEEPBEFORE_END,1516213950134,57
67,WS_SEND_START,1516213950134,57
67,WS_SEND_END,1516213950134,57
67,WS_RECV_START,1516213950134,58
67,WS_RECV_END,1516213950421,58
67,PLAYER_SLEEPBEFORE_START,1516213950421,59
67,PLAYER_SLEEPBEFORE_END,1516213952748,59
67,WS_SEND_START,1516213952748,59
67,WS_SEND_END,1516213952748,59
67,WS_RECV_START,1516213952748,60
67,WS_RECV_END,1516213953034,60
67,PLAYER_SLEEPBEFORE_START,1516213953034,61
67,PLAYER_SLEEPBEFORE_END,1516213956625,61
67,WS_SEND_START,1516213956625,61
67,WS_SEND_END,1516213956625,61
67,WS_RECV_START,1516213956625,62
67,WS_RECV_END,1516213957167,62
67,PLAYER_SLEEPBEFORE_START,1516213957167,63
67,PLAYER_SLEEPBEFORE_END,1516213976429,63
67,WS_SEND_START,1516213976429,63
67,WS_SEND_END,1516213976429,63
67,WS_RECV_START,1516213976429,64
67,WS_RECV_END,1516213976621,64
67,PLAYER_SLEEPBEFORE_START,1516213976621,65
67,PLAYER_SLEEPBEFORE_END,1516214003438,65
67,WS_SEND_START,1516214003438,65
67,WS_SEND_END,1516214003439,65
67,WS_RECV_START,1516214003439,66
67,WS_RECV_END,1516214003643,66
67,PLAYER_SLEEPBEFORE_START,1516214003643,67
67,PLAYER_SLEEPBEFORE_END,1516214005150,67
67,WS_SEND_START,1516214005150,67
67,WS_SEND_END,1516214005150,67
67,WS_RECV_START,1516214005150,68
67,WS_RECV_END,1516214005641,68
67,PLAYER_SLEEPBEFORE_START,1516214005641,69
67,PLAYER_SLEEPBEFORE_END,1516214027640,69
67,WS_SEND_START,1516214027640,69
67,WS_SEND_END,1516214027640,69
67,WS_RECV_START,1516214027640,70
67,WS_RECV_END,1516214028670,70
67,PLAYER_SLEEPBEFORE_START,1516214028670,71
67,PLAYER_SLEEPBEFORE_END,1516214053445,71
67,WS_SEND_START,1516214053445,71
67,WS_SEND_END,1516214053445,71
67,PLAYER_SLEEPBEFORE_START,1516214053445,72
67,PLAYER_SLEEPBEFORE_END,1516214056052,72
67,WS_SEND_START,1516214056052,72
67,WS_SEND_END,1516214056052,72
67,WS_RECV_START,1516214056052,73
67,WS_RECV_END,1516214056457,73
67,PLAYER_SLEEPBEFORE_START,1516214056457,74
67,PLAYER_SLEEPBEFORE_END,1516214056466,74
67,WS_SEND_START,1516214056466,74
67,WS_SEND_END,1516214056466,74
67,WS_RECV_START,1516214056466,75
67,WS_RECV_END,1516214056736,75
67,PLAYER_SLEEPBEFORE_START,1516214056736,76
67,PLAYER_SLEEPBEFORE_END,1516214058242,76
67,WS_SEND_START,1516214058242,76
67,WS_SEND_END,1516214058243,76
67,WS_RECV_START,1516214058243,77
67,WS_RECV_END,1516214058783,77
67,PLAYER_SLEEPBEFORE_START,1516214058783,78
67,PLAYER_SLEEPBEFORE_END,1516214059651,78
67,WS_SEND_START,1516214059651,78
67,WS_SEND_END,1516214059651,78
67,WS_RECV_START,1516214059651,79
67,WS_RECV_END,1516214060159,79
67,PLAYER_SLEEPBEFORE_START,1516214060159,80
67,PLAYER_SLEEPBEFORE_END,1516214067825,80
67,WS_SEND_START,1516214067825,80
67,WS_SEND_END,1516214067825,80
67,WS_RECV_START,1516214067825,81
67,WS_RECV_END,1516214069220,81
67,PLAYER_SLEEPBEFORE_START,1516214069220,82
67,PLAYER_SLEEPBEFORE_END,1516214070322,82
67,WS_SEND_START,1516214070322,82
67,WS_SEND_END,1516214070322,82
67,WS_RECV_START,1516214070322,83
67,WS_RECV_END,1516214071865,83
67,PLAYER_SLEEPBEFORE_START,1516214071865,84
67,PLAYER_SLEEPBEFORE_END,1516214072812,84
67,WS_SEND_START,1516214072812,84
67,WS_SEND_END,1516214072812,84
67,WS_RECV_START,1516214072812,85
67,WS_RECV_END,1516214073946,85
67,PLAYER_SLEEPBEFORE_START,1516214073946,86
67,PLAYER_SLEEPBEFORE_END,1516214078118,86
67,WS_SEND_START,1516214078118,86
67,WS_SEND_END,1516214078118,86
67,WS_RECV_START,1516214078118,87
67,WS_RECV_END,1516214080745,87
67,PLAYER_SLEEPBEFORE_START,1516214080745,88
67,PLAYER_SLEEPBEFORE_END,1516214080753,88
67,WS_SEND_START,1516214080753,88
67,WS_SEND_END,1516214080753,88
67,WS_RECV_START,1516214080753,89
67,WS_RECV_END,1516214082330,89
67,PLAYER_SLEEPBEFORE_START,1516214082330,90
67,PLAYER_SLEEPBEFORE_END,1516214109527,90
67,REQ_START,1516214109527,90
67,REQ_END,1516214109535,90
67,PLAYER_SLEEPBEFORE_START,1516214109535,91
67,PLAYER_SLEEPBEFORE_END,1516214117424,91
67,WS_SEND_START,1516214117424,91
67,WS_SEND_END,1516214117424,91
67,WS_RECV_START,1516214117424,92
67,WS_RECV_END,1516214118587,92
67,PLAYER_SLEEPBEFORE_START,1516214118587,93
67,PLAYER_SLEEPBEFORE_END,1516214118603,93
67,WS_SEND_START,1516214118603,93
67,WS_SEND_END,1516214118603,93
67,WS_RECV_START,1516214118603,94
67,WS_RECV_END,1516214119976,94
67,PLAYER_SLEEPBEFORE_START,1516214119976,95
67,PLAYER_SLEEPBEFORE_END,1516214143531,95
67,WS_SEND_START,1516214143531,95
67,WS_SEND_END,1516214143531,95
67,WS_RECV_START,1516214143531,96
67,WS_RECV_END,1516214143691,96
67,PLAYER_SLEEPBEFORE_START,1516214143691,97
67,PLAYER_SLEEPBEFORE_END,1516214166131,97
67,WS_SEND_START,1516214166131,97
67,WS_SEND_END,1516214166131,97
67,WS_RECV_START,1516214166131,98
67,WS_RECV_END,1516214166799,98
67,PLAYER_SLEEPBEFORE_START,1516214166799,99
67,PLAYER_SLEEPBEFORE_END,1516214166820,99
67,WS_SEND_START,1516214166820,99
67,WS_SEND_END,1516214166820,99
67,WS_RECV_START,1516214166820,100
67,WS_RECV_END,1516214167057,100
67,PLAYER_SLEEPBEFORE_START,1516214167057,101
67,PLAYER_SLEEPBEFORE_END,1516214190616,101
67,WS_SEND_START,1516214190616,101
67,WS_SEND_END,1516214190616,101
67,WS_RECV_START,1516214190616,102
67,WS_RECV_END,1516214190746,102
67,PLAYER_SLEEPBEFORE_START,1516214190746,103
67,PLAYER_SLEEPBEFORE_END,1516214214371,103
67,WS_SEND_START,1516214214371,103
67,WS_SEND_END,1516214214371,103
67,WS_RECV_START,1516214214371,104
67,WS_RECV_END,1516214214710,104
67,PLAYER_SLEEPBEFORE_START,1516214214710,105
67,PLAYER_SLEEPBEFORE_END,1516214240087,105
67,WS_SEND_START,1516214240087,105
67,WS_SEND_END,1516214240087,105
67,WS_RECV_START,1516214240087,106
67,WS_RECV_END,1516214241460,106
67,PLAYER_SLEEPBEFORE_START,1516214241460,107
67,PLAYER_SLEEPBEFORE_END,1516214264883,107
67,WS_SEND_START,1516214264883,107
67,WS_SEND_END,1516214264883,107
67,WS_RECV_START,1516214264883,108
67,WS_RECV_END,1516214265947,108
67,PLAYER_SLEEPBEFORE_START,1516214265947,109
67,PLAYER_SLEEPBEFORE_END,1516214265956,109
67,WS_SEND_START,1516214265956,109
67,WS_SEND_END,1516214265956,109
67,WS_RECV_START,1516214265956,110
67,WS_RECV_END,1516214267936,110
67,PLAYER_SLEEPBEFORE_START,1516214267936,111
67,PLAYER_SLEEPBEFORE_END,1516214268895,111
67,WS_SEND_START,1516214268895,111
67,WS_SEND_END,1516214268895,111
67,WS_RECV_START,1516214268895,112
67,WS_RECV_END,1516214270075,112
67,PLAYER_SLEEPBEFORE_START,1516214270075,113
67,PLAYER_SLEEPBEFORE_END,1516214270637,113
67,WS_SEND_START,1516214270637,113
67,WS_SEND_END,1516214270637,113
67,WS_RECV_START,1516214270637,114
67,WS_RECV_END,1516214271513,114
67,PLAYER_SLEEPBEFORE_START,1516214271513,115
67,PLAYER_SLEEPBEFORE_END,1516214271522,115
67,WS_SEND_START,1516214271522,115
67,WS_SEND_END,1516214271522,115
67,WS_RECV_START,1516214271522,116
67,WS_RECV_END,1516214272128,116
67,PLAYER_SLEEPBEFORE_START,1516214272128,117
67,PLAYER_SLEEPBEFORE_END,1516214292489,117
67,WS_SEND_START,1516214292489,117
67,WS_SEND_END,1516214292489,117
67,PLAYER_SLEEPBEFORE_START,1516214292489,118
67,PLAYER_SLEEPBEFORE_END,1516214296241,118
67,WS_SEND_START,1516214296241,118
67,WS_SEND_END,1516214296241,118
67,WS_RECV_START,1516214296241,119
67,WS_RECV_END,1516214297244,119
67,PLAYER_SLEEPBEFORE_START,1516214297244,120
67,PLAYER_SLEEPBEFORE_END,1516214298233,120
67,WS_SEND_START,1516214298233,120
67,WS_SEND_END,1516214298233,120
67,WS_RECV_START,1516214298233,121
67,WS_RECV_END,1516214299383,121
67,PLAYER_SLEEPBEFORE_START,1516214299383,122
67,PLAYER_SLEEPBEFORE_END,1516214300568,122
67,WS_SEND_START,1516214300568,122
67,WS_SEND_END,1516214300568,122
67,WS_RECV_START,1516214300568,123
67,WS_RECV_END,1516214301601,123
67,PLAYER_SLEEPBEFORE_START,1516214301601,124
67,PLAYER_SLEEPBEFORE_END,1516214326006,124
67,WS_SEND_START,1516214326006,124
67,WS_SEND_END,1516214326006,124
67,WS_RECV_START,1516214326006,125
67,WS_RECV_END,1516214326202,125
67,PLAYER_SLEEPBEFORE_START,1516214326202,126
67,PLAYER_SLEEPBEFORE_END,1516214346714,126
67,WS_SEND_START,1516214346714,126
67,WS_SEND_END,1516214346714,126
67,PLAYER_SLEEPBEFORE_START,1516214346714,127
67,PLAYER_SLEEPBEFORE_END,1516214349768,127
67,WS_SEND_START,1516214349768,127
67,WS_SEND_END,1516214349768,127
67,WS_RECV_START,1516214349768,128
67,WS_RECV_END,1516214350494,128
67,PLAYER_SLEEPBEFORE_START,1516214350494,129
67,PLAYER_SLEEPBEFORE_END,1516214350514,129
67,WS_SEND_START,1516214350514,129
67,WS_SEND_END,1516214350514,129
67,WS_RECV_START,1516214350514,130
67,WS_RECV_END,1516214350842,130
67,PLAYER_SLEEPBEFORE_START,1516214350842,131
67,PLAYER_SLEEPBEFORE_END,1516214372466,131
67,WS_SEND_START,1516214372466,131
67,WS_SEND_END,1516214372466,131
67,PLAYER_SLEEPBEFORE_START,1516214372466,132
67,PLAYER_SLEEPBEFORE_END,1516214375547,132
67,WS_SEND_START,1516214375547,132
67,WS_SEND_END,1516214375547,132
67,WS_RECV_START,1516214375547,133
67,WS_RECV_END,1516214375902,133
67,PLAYER_SLEEPBEFORE_START,1516214375902,134
67,PLAYER_SLEEPBEFORE_END,1516214397119,134
67,WS_SEND_START,1516214397119,134
67,WS_SEND_END,1516214397119,134
67,PLAYER_SLEEPBEFORE_START,1516214397119,135
67,PLAYER_SLEEPBEFORE_END,1516214400309,135
67,WS_SEND_START,1516214400309,135
67,WS_SEND_END,1516214400309,135
67,WS_RECV_START,1516214400309,136
67,WS_RECV_END,1516214401006,136
67,PLAYER_SLEEPBEFORE_START,1516214401006,137
67,PLAYER_SLEEPBEFORE_END,1516214401013,137
67,WS_SEND_START,1516214401013,137
67,WS_SEND_END,1516214401013,137
67,WS_RECV_START,1516214401013,138
67,WS_RECV_END,1516214401287,138
67,PLAYER_SLEEPBEFORE_START,1516214401287,139
67,PLAYER_SLEEPBEFORE_END,1516214401977,139
67,WS_SEND_START,1516214401978,139
67,WS_SEND_END,1516214401978,139
67,WS_RECV_START,1516214401978,140
67,WS_RECV_END,1516214402612,140
67,PLAYER_SLEEPBEFORE_START,1516214402612,141
67,PLAYER_SLEEPBEFORE_END,1516214403267,141
67,WS_SEND_START,1516214403267,141
67,WS_SEND_END,1516214403267,141
67,WS_RECV_START,1516214403267,142
67,WS_RECV_END,1516214404589,142
67,PLAYER_SLEEPBEFORE_START,1516214404589,143
67,PLAYER_SLEEPBEFORE_END,1516214404646,143
67,WS_SEND_START,1516214404646,143
67,WS_SEND_END,1516214404646,143
67,WS_RECV_START,1516214404646,144
67,WS_RECV_END,1516214405250,144
67,PLAYER_SLEEPBEFORE_START,1516214405250,145
67,PLAYER_SLEEPBEFORE_END,1516214421312,145
67,REQ_START,1516214421312,145
67,REQ_END,1516214421322,145
67,PLAYER_SLEEPBEFORE_START,1516214421322,146
67,PLAYER_SLEEPBEFORE_END,1516214430199,146
67,WS_SEND_START,1516214430199,146
67,WS_SEND_END,1516214430199,146
67,WS_RECV_START,1516214430199,147
67,WS_RECV_END,1516214430354,147
67,PLAYER_SLEEPBEFORE_START,1516214430355,148
67,PLAYER_SLEEPBEFORE_END,1516214452277,148
67,WS_SEND_START,1516214452277,148
67,WS_SEND_END,1516214452277,148
67,PLAYER_SLEEPBEFORE_START,1516214452277,149
67,PLAYER_SLEEPBEFORE_END,1516214454705,149
67,WS_SEND_START,1516214454705,149
67,WS_SEND_END,1516214454705,149
67,WS_RECV_START,1516214454705,150
67,WS_RECV_END,1516214455113,150
67,PLAYER_SLEEPBEFORE_START,1516214455113,151
67,PLAYER_SLEEPBEFORE_END,1516214455323,151
67,WS_SEND_START,1516214455323,151
67,WS_SEND_END,1516214455323,151
67,WS_RECV_START,1516214455323,152
67,WS_RECV_END,1516214455689,152
67,PLAYER_SLEEPBEFORE_START,1516214455689,153
67,PLAYER_SLEEPBEFORE_END,1516214479616,153
67,WS_SEND_START,1516214479616,153
67,WS_SEND_END,1516214479616,153
67,WS_RECV_START,1516214479616,154
67,WS_RECV_END,1516214480419,154
67,PLAYER_SLEEPBEFORE_START,1516214480419,155
67,PLAYER_SLEEPBEFORE_END,1516214502977,155
67,WS_SEND_START,1516214502977,155
67,WS_SEND_END,1516214502977,155
67,PLAYER_SLEEPBEFORE_START,1516214502977,156
67,PLAYER_SLEEPBEFORE_END,1516214506251,156
67,WS_SEND_START,1516214506251,156
67,WS_SEND_END,1516214506251,156
67,WS_RECV_START,1516214506251,157
67,WS_RECV_END,1516214506561,157
67,PLAYER_SLEEPBEFORE_START,1516214506561,158
67,PLAYER_SLEEPBEFORE_END,1516214506571,158
67,WS_SEND_START,1516214506571,158
67,WS_SEND_END,1516214506571,158
67,WS_RECV_START,1516214506571,159
67,WS_RECV_END,1516214506779,159
67,PLAYER_SLEEPBEFORE_START,1516214506779,160
67,PLAYER_SLEEPBEFORE_END,1516214506955,160
67,WS_SEND_START,1516214506955,160
67,WS_SEND_END,1516214506955,160
67,WS_RECV_START,1516214506955,161
67,WS_RECV_END,1516214507288,161
67,PLAYER_SLEEPBEFORE_START,1516214507288,162
67,PLAYER_SLEEPBEFORE_END,1516214507313,162
67,WS_SEND_START,1516214507313,162
67,WS_SEND_END,1516214507313,162
67,WS_RECV_START,1516214507313,163
67,WS_RECV_END,1516214507912,163
67,PLAYER_SLEEPBEFORE_START,1516214507912,164
67,PLAYER_SLEEPBEFORE_END,1516214528724,164
67,WS_SEND_START,1516214528724,164
67,WS_SEND_END,1516214528724,164
67,WS_RECV_START,1516214528724,165
67,WS_RECV_END,1516214528959,165
67,PLAYER_SLEEPBEFORE_START,1516214528959,166
67,PLAYER_SLEEPBEFORE_END,1516214551414,166
67,WS_SEND_START,1516214551415,166
67,WS_SEND_END,1516214551415,166
67,WS_RECV_START,1516214551415,167
67,WS_RECV_END,1516214551805,167
67,PLAYER_SLEEPBEFORE_START,1516214551805,168
67,PLAYER_SLEEPBEFORE_END,1516214579162,168
67,WS_SEND_START,1516214579162,168
67,WS_SEND_END,1516214579162,168
67,WS_RECV_START,1516214579162,169
67,WS_RECV_END,1516214581192,169
67,PLAYER_SLEEPBEFORE_START,1516214581192,170
67,PLAYER_SLEEPBEFORE_END,1516214581201,170
67,WS_SEND_START,1516214581201,170
67,WS_SEND_END,1516214581201,170
67,WS_RECV_START,1516214581201,171
67,WS_RECV_END,1516214582155,171
67,PLAYER_SLEEPBEFORE_START,1516214582155,172
67,PLAYER_SLEEPBEFORE_END,1516214582524,172
67,WS_SEND_START,1516214582524,172
67,WS_SEND_END,1516214582524,172
67,WS_RECV_START,1516214582524,173
67,WS_RECV_END,1516214583682,173
67,PLAYER_SLEEPBEFORE_START,1516214583682,174
67,PLAYER_SLEEPBEFORE_END,1516214583724,174
67,WS_SEND_START,1516214583724,174
67,WS_SEND_END,1516214583724,174
67,WS_RECV_START,1516214583724,175
67,WS_RECV_END,1516214585288,175
67,PLAYER_SLEEPBEFORE_START,1516214585288,176
67,PLAYER_SLEEPBEFORE_END,1516214607049,176
67,WS_SEND_START,1516214607050,176
67,WS_SEND_END,1516214607050,176
67,PLAYER_SLEEPBEFORE_START,1516214607050,177
67,PLAYER_SLEEPBEFORE_END,1516214609568,177
67,WS_SEND_START,1516214609568,177
67,WS_SEND_END,1516214609568,177
67,WS_RECV_START,1516214609568,178
67,WS_RECV_END,1516214616570,178
67,PLAYER_SLEEPBEFORE_START,1516214616570,179
67,PLAYER_SLEEPBEFORE_END,1516214638910,179
67,WS_SEND_START,1516214638910,179
67,WS_SEND_END,1516214638910,179
67,WS_RECV_START,1516214638910,180
67,WS_RECV_END,1516214649559,180
67,PLAYER_SLEEPBEFORE_START,1516214649559,181
67,PLAYER_SLEEPBEFORE_END,1516214650004,181
67,WS_SEND_START,1516214650004,181
67,WS_SEND_END,1516214650004,181
67,WS_RECV_START,1516214650004,182
67,WS_RECV_END,1516214654934,182
67,PLAYER_SLEEPBEFORE_START,1516214654934,183
67,PLAYER_SLEEPBEFORE_END,1516214655457,183
67,WS_SEND_START,1516214655457,183
67,WS_SEND_END,1516214655457,183
67,WS_RECV_START,1516214655457,184
67,WS_RECV_END,1516214661032,184
67,PLAYER_SLEEPBEFORE_START,1516214661032,185
67,PLAYER_SLEEPBEFORE_END,1516214661300,185
67,WS_SEND_START,1516214661300,185
67,WS_SEND_END,1516214661300,185
67,WS_RECV_START,1516214661300,186
67,WS_RECV_END,1516214667609,186
67,PLAYER_SLEEPBEFORE_START,1516214667609,187
67,PLAYER_SLEEPBEFORE_END,1516214690109,187
67,WS_SEND_START,1516214690109,187
67,WS_SEND_END,1516214690109,187
67,WS_RECV_START,1516214690109,188
67,WS_RECV_END,1516214699278,188
67,PLAYER_SLEEPBEFORE_START,1516214699278,189
67,PLAYER_SLEEPBEFORE_END,1516214705517,189
67,WS_SEND_START,1516214705517,189
67,WS_SEND_END,1516214705517,189
67,WS_RECV_START,1516214705517,190
67,WS_RECV_END,1516214712035,190
67,PLAYER_SLEEPBEFORE_START,1516214712035,191
67,PLAYER_SLEEPBEFORE_END,1516214713951,191
67,WS_SEND_START,1516214713951,191
67,WS_SEND_END,1516214713951,191
67,WS_RECV_START,1516214713951,192
67,WS_RECV_END,1516214716815,192
67,PLAYER_SLEEPBEFORE_START,1516214716815,193
67,PLAYER_SLEEPBEFORE_END,1516214716943,193
67,WS_SEND_START,1516214716943,193
67,WS_SEND_END,1516214716943,193
67,WS_RECV_START,1516214716943,194
67,WS_RECV_END,1516214721027,194
67,PLAYER_SLEEPBEFORE_START,1516214721027,195
67,PLAYER_SLEEPBEFORE_END,1516214722782,195
67,WS_SEND_START,1516214722782,195
67,WS_SEND_END,1516214722782,195
67,WS_RECV_START,1516214722782,196
67,WS_RECV_END,1516214724875,196
67,PLAYER_SLEEPBEFORE_START,1516214724875,197
67,PLAYER_SLEEPBEFORE_END,1516214726679,197
67,WS_SEND_START,1516214726679,197
67,WS_SEND_END,1516214726679,197
67,WS_RECV_START,1516214726679,198
67,WS_RECV_END,1516214727992,198
67,PLAYER_SLEEPBEFORE_START,1516214727992,199
67,PLAYER_SLEEPBEFORE_END,1516214739846,199
67,WS_SEND_START,1516214739846,199
67,WS_SEND_END,1516214739846,199
67,PLAYER_SLEEPBEFORE_START,1516214739846,200
67,PLAYER_SLEEPBEFORE_END,1516214743934,200
67,WS_SEND_START,1516214743934,200
67,WS_SEND_END,1516214743934,200
67,WS_RECV_START,1516214743934,201
67,WS_RECV_END,1516214745288,201
67,PLAYER_SLEEPBEFORE_START,1516214745288,202
67,PLAYER_SLEEPBEFORE_END,1516214745302,202
67,WS_SEND_START,1516214745302,202
67,WS_SEND_END,1516214745302,202
67,WS_RECV_START,1516214745302,203
67,WS_RECV_END,1516214745907,203
67,PLAYER_SLEEPBEFORE_START,1516214745907,204
67,PLAYER_SLEEPBEFORE_END,1516214765556,204
67,WS_SEND_START,1516214765556,204
67,WS_SEND_END,1516214765556,204
67,PLAYER_SLEEPBEFORE_START,1516214765556,205
67,PLAYER_SLEEPBEFORE_END,1516214769454,205
67,WS_SEND_START,1516214769454,205
67,WS_SEND_END,1516214769454,205
67,WS_RECV_START,1516214769454,206
67,WS_RECV_END,1516214769633,206
67,PLAYER_SLEEPBEFORE_START,1516214769633,207
67,PLAYER_SLEEPBEFORE_END,1516214786565,207
67,REQ_START,1516214786565,207
67,REQ_END,1516214786572,207
67,PLAYER_SLEEPBEFORE_START,1516214786572,208
67,PLAYER_SLEEPBEFORE_END,1516214793424,208
67,WS_CLOSE_START,1516214793424,208
67,WS_CLOSE_END,1516214793424,208
67,PLAYER_DONE,1516214793424
